
========================================================================
RUN STARTED  2026-07-01 22:17:55
site_pipeline.py https://thequantuminsider.com/2020/01/19/daimler-ag-plugs-into-ibms-quantum-computer-to-boost-electric-vehicles/
========================================================================

[22:17:55 +0s | thequantuminsider_2020_01_19_daimler_ag_plugs_into_ibms_quantum_computer_to_boost_electri_cdc864f1] === 0 crawl site ===
[22:17:57 +1s | thequantuminsider_2020_01_19_daimler_ag_plugs_into_ibms_quantum_computer_to_boost_electri_cdc864f1] [INIT].... → Crawl4AI 0.8.6 
[22:17:59 +4s | thequantuminsider_2020_01_19_daimler_ag_plugs_into_ibms_quantum_computer_to_boost_electri_cdc864f1] [FETCH]... ↓ https://thequantuminsider.com/2020/01/19/daimler...bms-quantum-computer-to-boost-electric-vehicles/  | ✓ | ⏱: 2.62s 
[22:17:59 +4s | thequantuminsider_2020_01_19_daimler_ag_plugs_into_ibms_quantum_computer_to_boost_electri_cdc864f1] [SCRAPE].. ◆ https://thequantuminsider.com/2020/01/19/daimler...bms-quantum-computer-to-boost-electric-vehicles/  | ✓ | ⏱: 0.10s 
[22:17:59 +4s | thequantuminsider_2020_01_19_daimler_ag_plugs_into_ibms_quantum_computer_to_boost_electri_cdc864f1] [COMPLETE] ● https://thequantuminsider.com/2020/01/19/daimler...bms-quantum-computer-to-boost-electric-vehicles/  | ✓ | ⏱: 2.74s 
[22:17:59 +4s | thequantuminsider_2020_01_19_daimler_ag_plugs_into_ibms_quantum_computer_to_boost_electri_cdc864f1] Saved: crawl_output/21275d0574_thequantuminsider.com_2020_01_19_daimler-ag-plugs-into-ibms-quantum-computer-to-boost-electric-vehicles.json

[22:18:00 +4s | thequantuminsider_2020_01_19_daimler_ag_plugs_into_ibms_quantum_computer_to_boost_electri_cdc864f1] === 1 actor extraction ===
[22:18:00 +4s | thequantuminsider_2020_01_19_daimler_ag_plugs_into_ibms_quantum_computer_to_boost_electri_cdc864f1] Reading page (1/1): https://thequantuminsider.com/2020/01/19/daimler-ag-plugs-into-ibms-quantum-computer-to-boost-electric-vehicles
[22:18:00 +4s | thequantuminsider_2020_01_19_daimler_ag_plugs_into_ibms_quantum_computer_to_boost_electri_cdc864f1] Extracting actors: https://thequantuminsider.com/2020/01/19/daimler-ag-plugs-into-ibms-quantum-computer-to-boost-electric-vehicles (1/1), chunk 1/38
[22:18:07 +11s | thequantuminsider_2020_01_19_daimler_ag_plugs_into_ibms_quantum_computer_to_boost_electri_cdc864f1] Repaired malformed JSON.
[22:18:07 +11s | thequantuminsider_2020_01_19_daimler_ag_plugs_into_ibms_quantum_computer_to_boost_electri_cdc864f1] Extracting actors: https://thequantuminsider.com/2020/01/19/daimler-ag-plugs-into-ibms-quantum-computer-to-boost-electric-vehicles (1/1), chunk 2/38
[22:18:16 +17s | thequantuminsider_2020_01_19_daimler_ag_plugs_into_ibms_quantum_computer_to_boost_electri_cdc864f1] Repaired malformed JSON.
[22:18:16 +17s | thequantuminsider_2020_01_19_daimler_ag_plugs_into_ibms_quantum_computer_to_boost_electri_cdc864f1] Extracting actors: https://thequantuminsider.com/2020/01/19/daimler-ag-plugs-into-ibms-quantum-computer-to-boost-electric-vehicles (1/1), chunk 3/38
[22:18:25 +27s | thequantuminsider_2020_01_19_daimler_ag_plugs_into_ibms_quantum_computer_to_boost_electri_cdc864f1] Repaired malformed JSON.
[22:18:25 +27s | thequantuminsider_2020_01_19_daimler_ag_plugs_into_ibms_quantum_computer_to_boost_electri_cdc864f1] Extracting actors: https://thequantuminsider.com/2020/01/19/daimler-ag-plugs-into-ibms-quantum-computer-to-boost-electric-vehicles (1/1), chunk 4/38
[22:18:32 +34s | thequantuminsider_2020_01_19_daimler_ag_plugs_into_ibms_quantum_computer_to_boost_electri_cdc864f1] Repaired malformed JSON.
[22:18:32 +34s | thequantuminsider_2020_01_19_daimler_ag_plugs_into_ibms_quantum_computer_to_boost_electri_cdc864f1] Extracting actors: https://thequantuminsider.com/2020/01/19/daimler-ag-plugs-into-ibms-quantum-computer-to-boost-electric-vehicles (1/1), chunk 5/38
[22:18:40 +41s | thequantuminsider_2020_01_19_daimler_ag_plugs_into_ibms_quantum_computer_to_boost_electri_cdc864f1] Repaired malformed JSON.
[22:18:40 +41s | thequantuminsider_2020_01_19_daimler_ag_plugs_into_ibms_quantum_computer_to_boost_electri_cdc864f1] Extracting actors: https://thequantuminsider.com/2020/01/19/daimler-ag-plugs-into-ibms-quantum-computer-to-boost-electric-vehicles (1/1), chunk 6/38
[22:18:47 +48s | thequantuminsider_2020_01_19_daimler_ag_plugs_into_ibms_quantum_computer_to_boost_electri_cdc864f1] Repaired malformed JSON.
[22:18:47 +48s | thequantuminsider_2020_01_19_daimler_ag_plugs_into_ibms_quantum_computer_to_boost_electri_cdc864f1] Extracting actors: https://thequantuminsider.com/2020/01/19/daimler-ag-plugs-into-ibms-quantum-computer-to-boost-electric-vehicles (1/1), chunk 7/38
[22:18:57 +56s | thequantuminsider_2020_01_19_daimler_ag_plugs_into_ibms_quantum_computer_to_boost_electri_cdc864f1] Repaired malformed JSON.
[22:18:57 +56s | thequantuminsider_2020_01_19_daimler_ag_plugs_into_ibms_quantum_computer_to_boost_electri_cdc864f1] Extracting actors: https://thequantuminsider.com/2020/01/19/daimler-ag-plugs-into-ibms-quantum-computer-to-boost-electric-vehicles (1/1), chunk 8/38
[22:19:04 +1m 2s | thequantuminsider_2020_01_19_daimler_ag_plugs_into_ibms_quantum_computer_to_boost_electri_cdc864f1] Repaired malformed JSON.
[22:19:04 +1m 2s | thequantuminsider_2020_01_19_daimler_ag_plugs_into_ibms_quantum_computer_to_boost_electri_cdc864f1] Extracting actors: https://thequantuminsider.com/2020/01/19/daimler-ag-plugs-into-ibms-quantum-computer-to-boost-electric-vehicles (1/1), chunk 9/38
[22:19:11 +1m 10s | thequantuminsider_2020_01_19_daimler_ag_plugs_into_ibms_quantum_computer_to_boost_electri_cdc864f1] Repaired malformed JSON.
[22:19:11 +1m 10s | thequantuminsider_2020_01_19_daimler_ag_plugs_into_ibms_quantum_computer_to_boost_electri_cdc864f1] Extracting actors: https://thequantuminsider.com/2020/01/19/daimler-ag-plugs-into-ibms-quantum-computer-to-boost-electric-vehicles (1/1), chunk 10/38
[22:19:16 +1m 15s | thequantuminsider_2020_01_19_daimler_ag_plugs_into_ibms_quantum_computer_to_boost_electri_cdc864f1] Repaired malformed JSON.
[22:19:16 +1m 15s | thequantuminsider_2020_01_19_daimler_ag_plugs_into_ibms_quantum_computer_to_boost_electri_cdc864f1] Extracting actors: https://thequantuminsider.com/2020/01/19/daimler-ag-plugs-into-ibms-quantum-computer-to-boost-electric-vehicles (1/1), chunk 11/38
[22:19:29 +1m 25s | thequantuminsider_2020_01_19_daimler_ag_plugs_into_ibms_quantum_computer_to_boost_electri_cdc864f1] Repaired malformed JSON.
[22:19:29 +1m 25s | thequantuminsider_2020_01_19_daimler_ag_plugs_into_ibms_quantum_computer_to_boost_electri_cdc864f1] Extracting actors: https://thequantuminsider.com/2020/01/19/daimler-ag-plugs-into-ibms-quantum-computer-to-boost-electric-vehicles (1/1), chunk 12/38
[22:19:34 +1m 30s | thequantuminsider_2020_01_19_daimler_ag_plugs_into_ibms_quantum_computer_to_boost_electri_cdc864f1] Repaired malformed JSON.
[22:19:34 +1m 30s | thequantuminsider_2020_01_19_daimler_ag_plugs_into_ibms_quantum_computer_to_boost_electri_cdc864f1] Extracting actors: https://thequantuminsider.com/2020/01/19/daimler-ag-plugs-into-ibms-quantum-computer-to-boost-electric-vehicles (1/1), chunk 13/38
[22:19:43 +1m 39s | thequantuminsider_2020_01_19_daimler_ag_plugs_into_ibms_quantum_computer_to_boost_electri_cdc864f1] Repaired malformed JSON.
[22:19:43 +1m 39s | thequantuminsider_2020_01_19_daimler_ag_plugs_into_ibms_quantum_computer_to_boost_electri_cdc864f1] Extracting actors: https://thequantuminsider.com/2020/01/19/daimler-ag-plugs-into-ibms-quantum-computer-to-boost-electric-vehicles (1/1), chunk 14/38
[22:19:49 +1m 45s | thequantuminsider_2020_01_19_daimler_ag_plugs_into_ibms_quantum_computer_to_boost_electri_cdc864f1] Repaired malformed JSON.
[22:19:49 +1m 45s | thequantuminsider_2020_01_19_daimler_ag_plugs_into_ibms_quantum_computer_to_boost_electri_cdc864f1] Extracting actors: https://thequantuminsider.com/2020/01/19/daimler-ag-plugs-into-ibms-quantum-computer-to-boost-electric-vehicles (1/1), chunk 15/38
[22:19:57 +1m 52s | thequantuminsider_2020_01_19_daimler_ag_plugs_into_ibms_quantum_computer_to_boost_electri_cdc864f1] Repaired malformed JSON.
[22:19:57 +1m 52s | thequantuminsider_2020_01_19_daimler_ag_plugs_into_ibms_quantum_computer_to_boost_electri_cdc864f1] Extracting actors: https://thequantuminsider.com/2020/01/19/daimler-ag-plugs-into-ibms-quantum-computer-to-boost-electric-vehicles (1/1), chunk 16/38
[22:20:06 +1m 59s | thequantuminsider_2020_01_19_daimler_ag_plugs_into_ibms_quantum_computer_to_boost_electri_cdc864f1] Repaired malformed JSON.
[22:20:06 +1m 59s | thequantuminsider_2020_01_19_daimler_ag_plugs_into_ibms_quantum_computer_to_boost_electri_cdc864f1] Extracting actors: https://thequantuminsider.com/2020/01/19/daimler-ag-plugs-into-ibms-quantum-computer-to-boost-electric-vehicles (1/1), chunk 17/38
[22:20:13 +2m 6s | thequantuminsider_2020_01_19_daimler_ag_plugs_into_ibms_quantum_computer_to_boost_electri_cdc864f1] Repaired malformed JSON.
[22:20:13 +2m 6s | thequantuminsider_2020_01_19_daimler_ag_plugs_into_ibms_quantum_computer_to_boost_electri_cdc864f1] Extracting actors: https://thequantuminsider.com/2020/01/19/daimler-ag-plugs-into-ibms-quantum-computer-to-boost-electric-vehicles (1/1), chunk 18/38
[22:20:19 +2m 12s | thequantuminsider_2020_01_19_daimler_ag_plugs_into_ibms_quantum_computer_to_boost_electri_cdc864f1] Repaired malformed JSON.
[22:20:19 +2m 12s | thequantuminsider_2020_01_19_daimler_ag_plugs_into_ibms_quantum_computer_to_boost_electri_cdc864f1] Extracting actors: https://thequantuminsider.com/2020/01/19/daimler-ag-plugs-into-ibms-quantum-computer-to-boost-electric-vehicles (1/1), chunk 19/38
[22:20:28 +2m 20s | thequantuminsider_2020_01_19_daimler_ag_plugs_into_ibms_quantum_computer_to_boost_electri_cdc864f1] Repaired malformed JSON.
[22:20:28 +2m 20s | thequantuminsider_2020_01_19_daimler_ag_plugs_into_ibms_quantum_computer_to_boost_electri_cdc864f1] Extracting actors: https://thequantuminsider.com/2020/01/19/daimler-ag-plugs-into-ibms-quantum-computer-to-boost-electric-vehicles (1/1), chunk 20/38
[22:20:37 +2m 27s | thequantuminsider_2020_01_19_daimler_ag_plugs_into_ibms_quantum_computer_to_boost_electri_cdc864f1] Repaired malformed JSON.
[22:20:37 +2m 27s | thequantuminsider_2020_01_19_daimler_ag_plugs_into_ibms_quantum_computer_to_boost_electri_cdc864f1] Extracting actors: https://thequantuminsider.com/2020/01/19/daimler-ag-plugs-into-ibms-quantum-computer-to-boost-electric-vehicles (1/1), chunk 21/38
[22:20:45 +2m 35s | thequantuminsider_2020_01_19_daimler_ag_plugs_into_ibms_quantum_computer_to_boost_electri_cdc864f1] Repaired malformed JSON.
[22:20:45 +2m 35s | thequantuminsider_2020_01_19_daimler_ag_plugs_into_ibms_quantum_computer_to_boost_electri_cdc864f1] Extracting actors: https://thequantuminsider.com/2020/01/19/daimler-ag-plugs-into-ibms-quantum-computer-to-boost-electric-vehicles (1/1), chunk 22/38
[22:20:52 +2m 42s | thequantuminsider_2020_01_19_daimler_ag_plugs_into_ibms_quantum_computer_to_boost_electri_cdc864f1] Repaired malformed JSON.
[22:20:52 +2m 42s | thequantuminsider_2020_01_19_daimler_ag_plugs_into_ibms_quantum_computer_to_boost_electri_cdc864f1] Extracting actors: https://thequantuminsider.com/2020/01/19/daimler-ag-plugs-into-ibms-quantum-computer-to-boost-electric-vehicles (1/1), chunk 23/38
[22:21:00 +2m 50s | thequantuminsider_2020_01_19_daimler_ag_plugs_into_ibms_quantum_computer_to_boost_electri_cdc864f1] Repaired malformed JSON.
[22:21:00 +2m 50s | thequantuminsider_2020_01_19_daimler_ag_plugs_into_ibms_quantum_computer_to_boost_electri_cdc864f1] Extracting actors: https://thequantuminsider.com/2020/01/19/daimler-ag-plugs-into-ibms-quantum-computer-to-boost-electric-vehicles (1/1), chunk 24/38
[22:21:05 +2m 55s | thequantuminsider_2020_01_19_daimler_ag_plugs_into_ibms_quantum_computer_to_boost_electri_cdc864f1] Repaired malformed JSON.
[22:21:05 +2m 55s | thequantuminsider_2020_01_19_daimler_ag_plugs_into_ibms_quantum_computer_to_boost_electri_cdc864f1] Extracting actors: https://thequantuminsider.com/2020/01/19/daimler-ag-plugs-into-ibms-quantum-computer-to-boost-electric-vehicles (1/1), chunk 25/38
[22:21:16 +3m 3s | thequantuminsider_2020_01_19_daimler_ag_plugs_into_ibms_quantum_computer_to_boost_electri_cdc864f1] Repaired malformed JSON.
[22:21:16 +3m 3s | thequantuminsider_2020_01_19_daimler_ag_plugs_into_ibms_quantum_computer_to_boost_electri_cdc864f1] Extracting actors: https://thequantuminsider.com/2020/01/19/daimler-ag-plugs-into-ibms-quantum-computer-to-boost-electric-vehicles (1/1), chunk 26/38
[22:21:21 +3m 8s | thequantuminsider_2020_01_19_daimler_ag_plugs_into_ibms_quantum_computer_to_boost_electri_cdc864f1] Extracting actors: https://thequantuminsider.com/2020/01/19/daimler-ag-plugs-into-ibms-quantum-computer-to-boost-electric-vehicles (1/1), chunk 27/38
[22:21:28 +3m 15s | thequantuminsider_2020_01_19_daimler_ag_plugs_into_ibms_quantum_computer_to_boost_electri_cdc864f1] Repaired malformed JSON.
[22:21:28 +3m 15s | thequantuminsider_2020_01_19_daimler_ag_plugs_into_ibms_quantum_computer_to_boost_electri_cdc864f1] Extracting actors: https://thequantuminsider.com/2020/01/19/daimler-ag-plugs-into-ibms-quantum-computer-to-boost-electric-vehicles (1/1), chunk 28/38
[22:21:31 +3m 18s | thequantuminsider_2020_01_19_daimler_ag_plugs_into_ibms_quantum_computer_to_boost_electri_cdc864f1] Extracting actors: https://thequantuminsider.com/2020/01/19/daimler-ag-plugs-into-ibms-quantum-computer-to-boost-electric-vehicles (1/1), chunk 29/38
[22:21:38 +3m 25s | thequantuminsider_2020_01_19_daimler_ag_plugs_into_ibms_quantum_computer_to_boost_electri_cdc864f1] Repaired malformed JSON.
[22:21:38 +3m 25s | thequantuminsider_2020_01_19_daimler_ag_plugs_into_ibms_quantum_computer_to_boost_electri_cdc864f1] Extracting actors: https://thequantuminsider.com/2020/01/19/daimler-ag-plugs-into-ibms-quantum-computer-to-boost-electric-vehicles (1/1), chunk 30/38
[22:21:49 +3m 33s | thequantuminsider_2020_01_19_daimler_ag_plugs_into_ibms_quantum_computer_to_boost_electri_cdc864f1] Repaired malformed JSON.
[22:21:49 +3m 33s | thequantuminsider_2020_01_19_daimler_ag_plugs_into_ibms_quantum_computer_to_boost_electri_cdc864f1] Extracting actors: https://thequantuminsider.com/2020/01/19/daimler-ag-plugs-into-ibms-quantum-computer-to-boost-electric-vehicles (1/1), chunk 31/38
[22:21:57 +3m 41s | thequantuminsider_2020_01_19_daimler_ag_plugs_into_ibms_quantum_computer_to_boost_electri_cdc864f1] Repaired malformed JSON.
[22:21:57 +3m 41s | thequantuminsider_2020_01_19_daimler_ag_plugs_into_ibms_quantum_computer_to_boost_electri_cdc864f1] Extracting actors: https://thequantuminsider.com/2020/01/19/daimler-ag-plugs-into-ibms-quantum-computer-to-boost-electric-vehicles (1/1), chunk 32/38
[22:22:03 +3m 47s | thequantuminsider_2020_01_19_daimler_ag_plugs_into_ibms_quantum_computer_to_boost_electri_cdc864f1] Repaired malformed JSON.
[22:22:03 +3m 47s | thequantuminsider_2020_01_19_daimler_ag_plugs_into_ibms_quantum_computer_to_boost_electri_cdc864f1] Extracting actors: https://thequantuminsider.com/2020/01/19/daimler-ag-plugs-into-ibms-quantum-computer-to-boost-electric-vehicles (1/1), chunk 33/38
[22:22:12 +3m 56s | thequantuminsider_2020_01_19_daimler_ag_plugs_into_ibms_quantum_computer_to_boost_electri_cdc864f1] Repaired malformed JSON.
[22:22:12 +3m 56s | thequantuminsider_2020_01_19_daimler_ag_plugs_into_ibms_quantum_computer_to_boost_electri_cdc864f1] Extracting actors: https://thequantuminsider.com/2020/01/19/daimler-ag-plugs-into-ibms-quantum-computer-to-boost-electric-vehicles (1/1), chunk 34/38
[22:22:21 +4m 3s | thequantuminsider_2020_01_19_daimler_ag_plugs_into_ibms_quantum_computer_to_boost_electri_cdc864f1] Repaired malformed JSON.
[22:22:21 +4m 3s | thequantuminsider_2020_01_19_daimler_ag_plugs_into_ibms_quantum_computer_to_boost_electri_cdc864f1] Extracting actors: https://thequantuminsider.com/2020/01/19/daimler-ag-plugs-into-ibms-quantum-computer-to-boost-electric-vehicles (1/1), chunk 35/38
[22:22:29 +4m 10s | thequantuminsider_2020_01_19_daimler_ag_plugs_into_ibms_quantum_computer_to_boost_electri_cdc864f1] Repaired malformed JSON.
[22:22:29 +4m 10s | thequantuminsider_2020_01_19_daimler_ag_plugs_into_ibms_quantum_computer_to_boost_electri_cdc864f1] Extracting actors: https://thequantuminsider.com/2020/01/19/daimler-ag-plugs-into-ibms-quantum-computer-to-boost-electric-vehicles (1/1), chunk 36/38
[22:22:38 +4m 19s | thequantuminsider_2020_01_19_daimler_ag_plugs_into_ibms_quantum_computer_to_boost_electri_cdc864f1] Repaired malformed JSON.
[22:22:38 +4m 19s | thequantuminsider_2020_01_19_daimler_ag_plugs_into_ibms_quantum_computer_to_boost_electri_cdc864f1] Extracting actors: https://thequantuminsider.com/2020/01/19/daimler-ag-plugs-into-ibms-quantum-computer-to-boost-electric-vehicles (1/1), chunk 37/38
[22:22:43 +4m 25s | thequantuminsider_2020_01_19_daimler_ag_plugs_into_ibms_quantum_computer_to_boost_electri_cdc864f1] Repaired malformed JSON.
[22:22:43 +4m 25s | thequantuminsider_2020_01_19_daimler_ag_plugs_into_ibms_quantum_computer_to_boost_electri_cdc864f1] Extracting actors: https://thequantuminsider.com/2020/01/19/daimler-ag-plugs-into-ibms-quantum-computer-to-boost-electric-vehicles (1/1), chunk 38/38
[22:22:53 +4m 34s | thequantuminsider_2020_01_19_daimler_ag_plugs_into_ibms_quantum_computer_to_boost_electri_cdc864f1] Repaired malformed JSON.
[22:22:53 +4m 34s | thequantuminsider_2020_01_19_daimler_ag_plugs_into_ibms_quantum_computer_to_boost_electri_cdc864f1] Saved 1_actor_results.json with 72 extracted records

[22:22:53 +4m 34s | thequantuminsider_2020_01_19_daimler_ag_plugs_into_ibms_quantum_computer_to_boost_electri_cdc864f1] === 2 clean actors ===
[22:22:53 +4m 34s | thequantuminsider_2020_01_19_daimler_ag_plugs_into_ibms_quantum_computer_to_boost_electri_cdc864f1] Loaded 72 extracted records
[22:22:53 +4m 34s | thequantuminsider_2020_01_19_daimler_ag_plugs_into_ibms_quantum_computer_to_boost_electri_cdc864f1] Saved 2_actor_nodes.json with 18 canonical actor nodes

[22:22:53 +4m 34s | thequantuminsider_2020_01_19_daimler_ag_plugs_into_ibms_quantum_computer_to_boost_electri_cdc864f1] === 3 interaction extraction ===
[22:22:53 +4m 34s | thequantuminsider_2020_01_19_daimler_ag_plugs_into_ibms_quantum_computer_to_boost_electri_cdc864f1] Extracting interactions: https://thequantuminsider.com/2020/01/19/daimler-ag-plugs-into-ibms-quantum-computer-to-boost-electric-vehicles (1/1), chunk 11/38
[22:23:01 +4m 39s | thequantuminsider_2020_01_19_daimler_ag_plugs_into_ibms_quantum_computer_to_boost_electri_cdc864f1] Extracting interactions: https://thequantuminsider.com/2020/01/19/daimler-ag-plugs-into-ibms-quantum-computer-to-boost-electric-vehicles (1/1), chunk 12/38
[22:23:08 +4m 46s | thequantuminsider_2020_01_19_daimler_ag_plugs_into_ibms_quantum_computer_to_boost_electri_cdc864f1] Extracting interactions: https://thequantuminsider.com/2020/01/19/daimler-ag-plugs-into-ibms-quantum-computer-to-boost-electric-vehicles (1/1), chunk 13/38
[22:23:16 +4m 55s | thequantuminsider_2020_01_19_daimler_ag_plugs_into_ibms_quantum_computer_to_boost_electri_cdc864f1] Extracting interactions: https://thequantuminsider.com/2020/01/19/daimler-ag-plugs-into-ibms-quantum-computer-to-boost-electric-vehicles (1/1), chunk 14/38
[22:23:28 +5m 6s | thequantuminsider_2020_01_19_daimler_ag_plugs_into_ibms_quantum_computer_to_boost_electri_cdc864f1] Extracting interactions: https://thequantuminsider.com/2020/01/19/daimler-ag-plugs-into-ibms-quantum-computer-to-boost-electric-vehicles (1/1), chunk 15/38
[22:23:40 +5m 15s | thequantuminsider_2020_01_19_daimler_ag_plugs_into_ibms_quantum_computer_to_boost_electri_cdc864f1] Extracting interactions: https://thequantuminsider.com/2020/01/19/daimler-ag-plugs-into-ibms-quantum-computer-to-boost-electric-vehicles (1/1), chunk 16/38
[22:23:47 +5m 22s | thequantuminsider_2020_01_19_daimler_ag_plugs_into_ibms_quantum_computer_to_boost_electri_cdc864f1] Extracting interactions: https://thequantuminsider.com/2020/01/19/daimler-ag-plugs-into-ibms-quantum-computer-to-boost-electric-vehicles (1/1), chunk 17/38
[22:23:51 +5m 26s | thequantuminsider_2020_01_19_daimler_ag_plugs_into_ibms_quantum_computer_to_boost_electri_cdc864f1] Extracting interactions: https://thequantuminsider.com/2020/01/19/daimler-ag-plugs-into-ibms-quantum-computer-to-boost-electric-vehicles (1/1), chunk 18/38
[22:23:53 +5m 28s | thequantuminsider_2020_01_19_daimler_ag_plugs_into_ibms_quantum_computer_to_boost_electri_cdc864f1] Extracting interactions: https://thequantuminsider.com/2020/01/19/daimler-ag-plugs-into-ibms-quantum-computer-to-boost-electric-vehicles (1/1), chunk 19/38
[22:24:00 +5m 36s | thequantuminsider_2020_01_19_daimler_ag_plugs_into_ibms_quantum_computer_to_boost_electri_cdc864f1] Extracting interactions: https://thequantuminsider.com/2020/01/19/daimler-ag-plugs-into-ibms-quantum-computer-to-boost-electric-vehicles (1/1), chunk 20/38
[22:24:02 +5m 37s | thequantuminsider_2020_01_19_daimler_ag_plugs_into_ibms_quantum_computer_to_boost_electri_cdc864f1] Extracting interactions: https://thequantuminsider.com/2020/01/19/daimler-ag-plugs-into-ibms-quantum-computer-to-boost-electric-vehicles (1/1), chunk 21/38
[22:24:12 +5m 44s | thequantuminsider_2020_01_19_daimler_ag_plugs_into_ibms_quantum_computer_to_boost_electri_cdc864f1] Extracting interactions: https://thequantuminsider.com/2020/01/19/daimler-ag-plugs-into-ibms-quantum-computer-to-boost-electric-vehicles (1/1), chunk 22/38
[22:24:17 +5m 49s | thequantuminsider_2020_01_19_daimler_ag_plugs_into_ibms_quantum_computer_to_boost_electri_cdc864f1] Extracting interactions: https://thequantuminsider.com/2020/01/19/daimler-ag-plugs-into-ibms-quantum-computer-to-boost-electric-vehicles (1/1), chunk 23/38
[22:24:25 +5m 57s | thequantuminsider_2020_01_19_daimler_ag_plugs_into_ibms_quantum_computer_to_boost_electri_cdc864f1] Extracting interactions: https://thequantuminsider.com/2020/01/19/daimler-ag-plugs-into-ibms-quantum-computer-to-boost-electric-vehicles (1/1), chunk 24/38
[22:24:32 +6m 4s | thequantuminsider_2020_01_19_daimler_ag_plugs_into_ibms_quantum_computer_to_boost_electri_cdc864f1] Extracting interactions: https://thequantuminsider.com/2020/01/19/daimler-ag-plugs-into-ibms-quantum-computer-to-boost-electric-vehicles (1/1), chunk 27/38
[22:24:35 +6m 7s | thequantuminsider_2020_01_19_daimler_ag_plugs_into_ibms_quantum_computer_to_boost_electri_cdc864f1] Extracting interactions: https://thequantuminsider.com/2020/01/19/daimler-ag-plugs-into-ibms-quantum-computer-to-boost-electric-vehicles (1/1), chunk 28/38
[22:24:36 +6m 8s | thequantuminsider_2020_01_19_daimler_ag_plugs_into_ibms_quantum_computer_to_boost_electri_cdc864f1] Extracting interactions: https://thequantuminsider.com/2020/01/19/daimler-ag-plugs-into-ibms-quantum-computer-to-boost-electric-vehicles (1/1), chunk 29/38
[22:24:38 +6m 11s | thequantuminsider_2020_01_19_daimler_ag_plugs_into_ibms_quantum_computer_to_boost_electri_cdc864f1] Extracting interactions: https://thequantuminsider.com/2020/01/19/daimler-ag-plugs-into-ibms-quantum-computer-to-boost-electric-vehicles (1/1), chunk 31/38
[22:24:46 +6m 15s | thequantuminsider_2020_01_19_daimler_ag_plugs_into_ibms_quantum_computer_to_boost_electri_cdc864f1] Extracting interactions: https://thequantuminsider.com/2020/01/19/daimler-ag-plugs-into-ibms-quantum-computer-to-boost-electric-vehicles (1/1), chunk 32/38
[22:25:05 +6m 34s | thequantuminsider_2020_01_19_daimler_ag_plugs_into_ibms_quantum_computer_to_boost_electri_cdc864f1] Extracting interactions: https://thequantuminsider.com/2020/01/19/daimler-ag-plugs-into-ibms-quantum-computer-to-boost-electric-vehicles (1/1), chunk 33/38
[22:25:07 +6m 36s | thequantuminsider_2020_01_19_daimler_ag_plugs_into_ibms_quantum_computer_to_boost_electri_cdc864f1] Extracting interactions: https://thequantuminsider.com/2020/01/19/daimler-ag-plugs-into-ibms-quantum-computer-to-boost-electric-vehicles (1/1), chunk 34/38
[22:25:08 +6m 37s | thequantuminsider_2020_01_19_daimler_ag_plugs_into_ibms_quantum_computer_to_boost_electri_cdc864f1] Extracting interactions: https://thequantuminsider.com/2020/01/19/daimler-ag-plugs-into-ibms-quantum-computer-to-boost-electric-vehicles (1/1), chunk 35/38
[22:25:10 +6m 40s | thequantuminsider_2020_01_19_daimler_ag_plugs_into_ibms_quantum_computer_to_boost_electri_cdc864f1] Extracting interactions: https://thequantuminsider.com/2020/01/19/daimler-ag-plugs-into-ibms-quantum-computer-to-boost-electric-vehicles (1/1), chunk 36/38
[22:25:12 +6m 41s | thequantuminsider_2020_01_19_daimler_ag_plugs_into_ibms_quantum_computer_to_boost_electri_cdc864f1] Extracting interactions: https://thequantuminsider.com/2020/01/19/daimler-ag-plugs-into-ibms-quantum-computer-to-boost-electric-vehicles (1/1), chunk 37/38
[22:25:14 +6m 43s | thequantuminsider_2020_01_19_daimler_ag_plugs_into_ibms_quantum_computer_to_boost_electri_cdc864f1] Extracting interactions: https://thequantuminsider.com/2020/01/19/daimler-ag-plugs-into-ibms-quantum-computer-to-boost-electric-vehicles (1/1), chunk 38/38
[22:25:18 +6m 45s | thequantuminsider_2020_01_19_daimler_ag_plugs_into_ibms_quantum_computer_to_boost_electri_cdc864f1] Saved 3_interaction_results.json with 29 extracted interactions.

[22:25:19 +6m 45s | thequantuminsider_2020_01_19_daimler_ag_plugs_into_ibms_quantum_computer_to_boost_electri_cdc864f1] === 4 clean interactions ===
[22:25:19 +6m 45s | thequantuminsider_2020_01_19_daimler_ag_plugs_into_ibms_quantum_computer_to_boost_electri_cdc864f1] Saved 4_edges.json with 0 cleaned interactions.

[22:25:19 +6m 45s | thequantuminsider_2020_01_19_daimler_ag_plugs_into_ibms_quantum_computer_to_boost_electri_cdc864f1] === 5 helix enrichment ===
[22:25:19 +6m 46s | thequantuminsider_2020_01_19_daimler_ag_plugs_into_ibms_quantum_computer_to_boost_electri_cdc864f1] Wrote 5_nodes.json (18 actors)
[22:25:19 +6m 46s | thequantuminsider_2020_01_19_daimler_ag_plugs_into_ibms_quantum_computer_to_boost_electri_cdc864f1] Wrote 5_edges.json (0 interactions)
[22:25:19 +6m 46s | thequantuminsider_2020_01_19_daimler_ag_plugs_into_ibms_quantum_computer_to_boost_electri_cdc864f1] Actor helix counts: {'Academia': 1, 'Civil Society': 3, 'Government': 3, 'Industry': 4, 'Unknown': 7}
[22:25:19 +6m 46s | thequantuminsider_2020_01_19_daimler_ag_plugs_into_ibms_quantum_computer_to_boost_electri_cdc864f1] Functional-space counts: {}

[22:25:19 +6m 46s | thequantuminsider_2020_01_19_daimler_ag_plugs_into_ibms_quantum_computer_to_boost_electri_cdc864f1] === 6 network visualisation ===
[22:25:19 +6m 46s | thequantuminsider_2020_01_19_daimler_ag_plugs_into_ibms_quantum_computer_to_boost_electri_cdc864f1] Wrote quantum_network.html
[22:25:19 +6m 46s | thequantuminsider_2020_01_19_daimler_ag_plugs_into_ibms_quantum_computer_to_boost_electri_cdc864f1] Nodes: 18
[22:25:19 +6m 46s | thequantuminsider_2020_01_19_daimler_ag_plugs_into_ibms_quantum_computer_to_boost_electri_cdc864f1] Edges: 0

[22:25:20 +6m 46s | thequantuminsider_2020_01_19_daimler_ag_plugs_into_ibms_quantum_computer_to_boost_electri_cdc864f1] Done. Outputs written to: /home/lv/IDP/idpdeeptech/pipeline/news_outputs/thequantuminsider_2020_01_19_daimler_ag_plugs_into_ibms_quantum_computer_to_boost_electri_cdc864f1
[22:25:20 +6m 46s | thequantuminsider_2020_01_19_daimler_ag_plugs_into_ibms_quantum_computer_to_boost_electri_cdc864f1] Log: /home/lv/IDP/idpdeeptech/pipeline/news_outputs/thequantuminsider_2020_01_19_daimler_ag_plugs_into_ibms_quantum_computer_to_boost_electri_cdc864f1/run.log

========================================================================
RUN FINISHED 2026-07-01 22:25:20  (OK)
Started:     2026-07-01 22:17:55
Elapsed:     6m 46s
========================================================================
