
========================================================================
RUN STARTED  2026-07-02 06:32:16
site_pipeline.py https://thequantuminsider.com/2024/03/26/is-q-day-closer-than-we-think-ibm-researchers-say-hybrid-quantum-ai-may-poses-near-term-threats/
========================================================================

[06:32:16 +0s | thequantuminsider_2024_03_26_is_q_day_closer_than_we_think_ibm_researchers_say_hybrid_qua_e30372f9] === 0 crawl site ===
[06:32:17 +1s | thequantuminsider_2024_03_26_is_q_day_closer_than_we_think_ibm_researchers_say_hybrid_qua_e30372f9] [INIT].... → Crawl4AI 0.8.6 
[06:32:19 +3s | thequantuminsider_2024_03_26_is_q_day_closer_than_we_think_ibm_researchers_say_hybrid_qua_e30372f9] [FETCH]... ↓ https://thequantuminsider.com/2024/03/26/is-q-da...y-hybrid-quantum-ai-may-poses-near-term-threats/  | ✓ | ⏱: 1.98s 
[06:32:20 +3s | thequantuminsider_2024_03_26_is_q_day_closer_than_we_think_ibm_researchers_say_hybrid_qua_e30372f9] [SCRAPE].. ◆ https://thequantuminsider.com/2024/03/26/is-q-da...y-hybrid-quantum-ai-may-poses-near-term-threats/  | ✓ | ⏱: 0.10s 
[06:32:20 +3s | thequantuminsider_2024_03_26_is_q_day_closer_than_we_think_ibm_researchers_say_hybrid_qua_e30372f9] [COMPLETE] ● https://thequantuminsider.com/2024/03/26/is-q-da...y-hybrid-quantum-ai-may-poses-near-term-threats/  | ✓ | ⏱: 2.10s 
[06:32:20 +3s | thequantuminsider_2024_03_26_is_q_day_closer_than_we_think_ibm_researchers_say_hybrid_qua_e30372f9] Saved: crawl_output/1a3757fd12_thequantuminsider.com_2024_03_26_is-q-day-closer-than-we-think-ibm-researchers-say-hybrid-quantum-ai-may-poses-near-term-threats.json

[06:32:20 +4s | thequantuminsider_2024_03_26_is_q_day_closer_than_we_think_ibm_researchers_say_hybrid_qua_e30372f9] === 1 actor extraction ===
[06:32:20 +4s | thequantuminsider_2024_03_26_is_q_day_closer_than_we_think_ibm_researchers_say_hybrid_qua_e30372f9] Reading page (1/1): https://thequantuminsider.com/2024/03/26/is-q-day-closer-than-we-think-ibm-researchers-say-hybrid-quantum-ai-may-poses-near-term-threats
[06:32:20 +4s | thequantuminsider_2024_03_26_is_q_day_closer_than_we_think_ibm_researchers_say_hybrid_qua_e30372f9] Extracting actors: https://thequantuminsider.com/2024/03/26/is-q-day-closer-than-we-think-ibm-researchers-say-hybrid-quantum-ai-may-poses-near-term-threats (1/1), chunk 1/38
[06:32:24 +8s | thequantuminsider_2024_03_26_is_q_day_closer_than_we_think_ibm_researchers_say_hybrid_qua_e30372f9] Extracting actors: https://thequantuminsider.com/2024/03/26/is-q-day-closer-than-we-think-ibm-researchers-say-hybrid-quantum-ai-may-poses-near-term-threats (1/1), chunk 2/38
[06:32:29 +12s | thequantuminsider_2024_03_26_is_q_day_closer_than_we_think_ibm_researchers_say_hybrid_qua_e30372f9] Extracting actors: https://thequantuminsider.com/2024/03/26/is-q-day-closer-than-we-think-ibm-researchers-say-hybrid-quantum-ai-may-poses-near-term-threats (1/1), chunk 3/38
[06:32:34 +17s | thequantuminsider_2024_03_26_is_q_day_closer_than_we_think_ibm_researchers_say_hybrid_qua_e30372f9] Extracting actors: https://thequantuminsider.com/2024/03/26/is-q-day-closer-than-we-think-ibm-researchers-say-hybrid-quantum-ai-may-poses-near-term-threats (1/1), chunk 4/38
[06:32:38 +22s | thequantuminsider_2024_03_26_is_q_day_closer_than_we_think_ibm_researchers_say_hybrid_qua_e30372f9] Extracting actors: https://thequantuminsider.com/2024/03/26/is-q-day-closer-than-we-think-ibm-researchers-say-hybrid-quantum-ai-may-poses-near-term-threats (1/1), chunk 5/38
[06:32:44 +27s | thequantuminsider_2024_03_26_is_q_day_closer_than_we_think_ibm_researchers_say_hybrid_qua_e30372f9] Extracting actors: https://thequantuminsider.com/2024/03/26/is-q-day-closer-than-we-think-ibm-researchers-say-hybrid-quantum-ai-may-poses-near-term-threats (1/1), chunk 6/38
[06:32:48 +32s | thequantuminsider_2024_03_26_is_q_day_closer_than_we_think_ibm_researchers_say_hybrid_qua_e30372f9] Extracting actors: https://thequantuminsider.com/2024/03/26/is-q-day-closer-than-we-think-ibm-researchers-say-hybrid-quantum-ai-may-poses-near-term-threats (1/1), chunk 7/38
[06:32:53 +37s | thequantuminsider_2024_03_26_is_q_day_closer_than_we_think_ibm_researchers_say_hybrid_qua_e30372f9] Extracting actors: https://thequantuminsider.com/2024/03/26/is-q-day-closer-than-we-think-ibm-researchers-say-hybrid-quantum-ai-may-poses-near-term-threats (1/1), chunk 8/38
[06:32:58 +42s | thequantuminsider_2024_03_26_is_q_day_closer_than_we_think_ibm_researchers_say_hybrid_qua_e30372f9] Extracting actors: https://thequantuminsider.com/2024/03/26/is-q-day-closer-than-we-think-ibm-researchers-say-hybrid-quantum-ai-may-poses-near-term-threats (1/1), chunk 9/38
[06:33:02 +46s | thequantuminsider_2024_03_26_is_q_day_closer_than_we_think_ibm_researchers_say_hybrid_qua_e30372f9] Extracting actors: https://thequantuminsider.com/2024/03/26/is-q-day-closer-than-we-think-ibm-researchers-say-hybrid-quantum-ai-may-poses-near-term-threats (1/1), chunk 10/38
[06:33:07 +51s | thequantuminsider_2024_03_26_is_q_day_closer_than_we_think_ibm_researchers_say_hybrid_qua_e30372f9] Extracting actors: https://thequantuminsider.com/2024/03/26/is-q-day-closer-than-we-think-ibm-researchers-say-hybrid-quantum-ai-may-poses-near-term-threats (1/1), chunk 11/38
[06:33:12 +56s | thequantuminsider_2024_03_26_is_q_day_closer_than_we_think_ibm_researchers_say_hybrid_qua_e30372f9] Repaired malformed JSON.
[06:33:12 +56s | thequantuminsider_2024_03_26_is_q_day_closer_than_we_think_ibm_researchers_say_hybrid_qua_e30372f9] Extracting actors: https://thequantuminsider.com/2024/03/26/is-q-day-closer-than-we-think-ibm-researchers-say-hybrid-quantum-ai-may-poses-near-term-threats (1/1), chunk 12/38
[06:33:18 +1m 2s | thequantuminsider_2024_03_26_is_q_day_closer_than_we_think_ibm_researchers_say_hybrid_qua_e30372f9] Extracting actors: https://thequantuminsider.com/2024/03/26/is-q-day-closer-than-we-think-ibm-researchers-say-hybrid-quantum-ai-may-poses-near-term-threats (1/1), chunk 13/38
[06:33:26 +1m 9s | thequantuminsider_2024_03_26_is_q_day_closer_than_we_think_ibm_researchers_say_hybrid_qua_e30372f9] Repaired malformed JSON.
[06:33:26 +1m 9s | thequantuminsider_2024_03_26_is_q_day_closer_than_we_think_ibm_researchers_say_hybrid_qua_e30372f9] Extracting actors: https://thequantuminsider.com/2024/03/26/is-q-day-closer-than-we-think-ibm-researchers-say-hybrid-quantum-ai-may-poses-near-term-threats (1/1), chunk 14/38
[06:33:31 +1m 15s | thequantuminsider_2024_03_26_is_q_day_closer_than_we_think_ibm_researchers_say_hybrid_qua_e30372f9] Repaired malformed JSON.
[06:33:31 +1m 15s | thequantuminsider_2024_03_26_is_q_day_closer_than_we_think_ibm_researchers_say_hybrid_qua_e30372f9] Extracting actors: https://thequantuminsider.com/2024/03/26/is-q-day-closer-than-we-think-ibm-researchers-say-hybrid-quantum-ai-may-poses-near-term-threats (1/1), chunk 15/38
[06:33:38 +1m 22s | thequantuminsider_2024_03_26_is_q_day_closer_than_we_think_ibm_researchers_say_hybrid_qua_e30372f9] Repaired malformed JSON.
[06:33:38 +1m 22s | thequantuminsider_2024_03_26_is_q_day_closer_than_we_think_ibm_researchers_say_hybrid_qua_e30372f9] Extracting actors: https://thequantuminsider.com/2024/03/26/is-q-day-closer-than-we-think-ibm-researchers-say-hybrid-quantum-ai-may-poses-near-term-threats (1/1), chunk 16/38
[06:33:46 +1m 30s | thequantuminsider_2024_03_26_is_q_day_closer_than_we_think_ibm_researchers_say_hybrid_qua_e30372f9] Repaired malformed JSON.
[06:33:46 +1m 30s | thequantuminsider_2024_03_26_is_q_day_closer_than_we_think_ibm_researchers_say_hybrid_qua_e30372f9] Extracting actors: https://thequantuminsider.com/2024/03/26/is-q-day-closer-than-we-think-ibm-researchers-say-hybrid-quantum-ai-may-poses-near-term-threats (1/1), chunk 17/38
[06:33:54 +1m 38s | thequantuminsider_2024_03_26_is_q_day_closer_than_we_think_ibm_researchers_say_hybrid_qua_e30372f9] Repaired malformed JSON.
[06:33:54 +1m 38s | thequantuminsider_2024_03_26_is_q_day_closer_than_we_think_ibm_researchers_say_hybrid_qua_e30372f9] Extracting actors: https://thequantuminsider.com/2024/03/26/is-q-day-closer-than-we-think-ibm-researchers-say-hybrid-quantum-ai-may-poses-near-term-threats (1/1), chunk 18/38
[06:34:00 +1m 44s | thequantuminsider_2024_03_26_is_q_day_closer_than_we_think_ibm_researchers_say_hybrid_qua_e30372f9] Repaired malformed JSON.
[06:34:00 +1m 44s | thequantuminsider_2024_03_26_is_q_day_closer_than_we_think_ibm_researchers_say_hybrid_qua_e30372f9] Extracting actors: https://thequantuminsider.com/2024/03/26/is-q-day-closer-than-we-think-ibm-researchers-say-hybrid-quantum-ai-may-poses-near-term-threats (1/1), chunk 19/38
[06:34:07 +1m 51s | thequantuminsider_2024_03_26_is_q_day_closer_than_we_think_ibm_researchers_say_hybrid_qua_e30372f9] Repaired malformed JSON.
[06:34:07 +1m 51s | thequantuminsider_2024_03_26_is_q_day_closer_than_we_think_ibm_researchers_say_hybrid_qua_e30372f9] Extracting actors: https://thequantuminsider.com/2024/03/26/is-q-day-closer-than-we-think-ibm-researchers-say-hybrid-quantum-ai-may-poses-near-term-threats (1/1), chunk 20/38
[06:34:13 +1m 56s | thequantuminsider_2024_03_26_is_q_day_closer_than_we_think_ibm_researchers_say_hybrid_qua_e30372f9] Repaired malformed JSON.
[06:34:13 +1m 56s | thequantuminsider_2024_03_26_is_q_day_closer_than_we_think_ibm_researchers_say_hybrid_qua_e30372f9] Extracting actors: https://thequantuminsider.com/2024/03/26/is-q-day-closer-than-we-think-ibm-researchers-say-hybrid-quantum-ai-may-poses-near-term-threats (1/1), chunk 21/38
[06:34:18 +2m 2s | thequantuminsider_2024_03_26_is_q_day_closer_than_we_think_ibm_researchers_say_hybrid_qua_e30372f9] Repaired malformed JSON.
[06:34:18 +2m 2s | thequantuminsider_2024_03_26_is_q_day_closer_than_we_think_ibm_researchers_say_hybrid_qua_e30372f9] Extracting actors: https://thequantuminsider.com/2024/03/26/is-q-day-closer-than-we-think-ibm-researchers-say-hybrid-quantum-ai-may-poses-near-term-threats (1/1), chunk 22/38
[06:34:25 +2m 9s | thequantuminsider_2024_03_26_is_q_day_closer_than_we_think_ibm_researchers_say_hybrid_qua_e30372f9] Repaired malformed JSON.
[06:34:25 +2m 9s | thequantuminsider_2024_03_26_is_q_day_closer_than_we_think_ibm_researchers_say_hybrid_qua_e30372f9] Extracting actors: https://thequantuminsider.com/2024/03/26/is-q-day-closer-than-we-think-ibm-researchers-say-hybrid-quantum-ai-may-poses-near-term-threats (1/1), chunk 23/38
[06:34:32 +2m 16s | thequantuminsider_2024_03_26_is_q_day_closer_than_we_think_ibm_researchers_say_hybrid_qua_e30372f9] Repaired malformed JSON.
[06:34:32 +2m 16s | thequantuminsider_2024_03_26_is_q_day_closer_than_we_think_ibm_researchers_say_hybrid_qua_e30372f9] Extracting actors: https://thequantuminsider.com/2024/03/26/is-q-day-closer-than-we-think-ibm-researchers-say-hybrid-quantum-ai-may-poses-near-term-threats (1/1), chunk 24/38
[06:34:39 +2m 22s | thequantuminsider_2024_03_26_is_q_day_closer_than_we_think_ibm_researchers_say_hybrid_qua_e30372f9] Repaired malformed JSON.
[06:34:39 +2m 22s | thequantuminsider_2024_03_26_is_q_day_closer_than_we_think_ibm_researchers_say_hybrid_qua_e30372f9] Extracting actors: https://thequantuminsider.com/2024/03/26/is-q-day-closer-than-we-think-ibm-researchers-say-hybrid-quantum-ai-may-poses-near-term-threats (1/1), chunk 25/38
[06:34:44 +2m 28s | thequantuminsider_2024_03_26_is_q_day_closer_than_we_think_ibm_researchers_say_hybrid_qua_e30372f9] Repaired malformed JSON.
[06:34:44 +2m 28s | thequantuminsider_2024_03_26_is_q_day_closer_than_we_think_ibm_researchers_say_hybrid_qua_e30372f9] Extracting actors: https://thequantuminsider.com/2024/03/26/is-q-day-closer-than-we-think-ibm-researchers-say-hybrid-quantum-ai-may-poses-near-term-threats (1/1), chunk 26/38
[06:34:53 +2m 36s | thequantuminsider_2024_03_26_is_q_day_closer_than_we_think_ibm_researchers_say_hybrid_qua_e30372f9] Repaired malformed JSON.
[06:34:53 +2m 36s | thequantuminsider_2024_03_26_is_q_day_closer_than_we_think_ibm_researchers_say_hybrid_qua_e30372f9] Extracting actors: https://thequantuminsider.com/2024/03/26/is-q-day-closer-than-we-think-ibm-researchers-say-hybrid-quantum-ai-may-poses-near-term-threats (1/1), chunk 27/38
[06:35:00 +2m 44s | thequantuminsider_2024_03_26_is_q_day_closer_than_we_think_ibm_researchers_say_hybrid_qua_e30372f9] Repaired malformed JSON.
[06:35:00 +2m 44s | thequantuminsider_2024_03_26_is_q_day_closer_than_we_think_ibm_researchers_say_hybrid_qua_e30372f9] Extracting actors: https://thequantuminsider.com/2024/03/26/is-q-day-closer-than-we-think-ibm-researchers-say-hybrid-quantum-ai-may-poses-near-term-threats (1/1), chunk 28/38
[06:35:06 +2m 49s | thequantuminsider_2024_03_26_is_q_day_closer_than_we_think_ibm_researchers_say_hybrid_qua_e30372f9] Repaired malformed JSON.
[06:35:06 +2m 49s | thequantuminsider_2024_03_26_is_q_day_closer_than_we_think_ibm_researchers_say_hybrid_qua_e30372f9] Extracting actors: https://thequantuminsider.com/2024/03/26/is-q-day-closer-than-we-think-ibm-researchers-say-hybrid-quantum-ai-may-poses-near-term-threats (1/1), chunk 29/38
[06:35:11 +2m 55s | thequantuminsider_2024_03_26_is_q_day_closer_than_we_think_ibm_researchers_say_hybrid_qua_e30372f9] Extracting actors: https://thequantuminsider.com/2024/03/26/is-q-day-closer-than-we-think-ibm-researchers-say-hybrid-quantum-ai-may-poses-near-term-threats (1/1), chunk 30/38
[06:35:17 +3m 1s | thequantuminsider_2024_03_26_is_q_day_closer_than_we_think_ibm_researchers_say_hybrid_qua_e30372f9] Repaired malformed JSON.
[06:35:17 +3m 1s | thequantuminsider_2024_03_26_is_q_day_closer_than_we_think_ibm_researchers_say_hybrid_qua_e30372f9] Extracting actors: https://thequantuminsider.com/2024/03/26/is-q-day-closer-than-we-think-ibm-researchers-say-hybrid-quantum-ai-may-poses-near-term-threats (1/1), chunk 31/38
[06:35:28 +3m 11s | thequantuminsider_2024_03_26_is_q_day_closer_than_we_think_ibm_researchers_say_hybrid_qua_e30372f9] Repaired malformed JSON.
[06:35:28 +3m 11s | thequantuminsider_2024_03_26_is_q_day_closer_than_we_think_ibm_researchers_say_hybrid_qua_e30372f9] Extracting actors: https://thequantuminsider.com/2024/03/26/is-q-day-closer-than-we-think-ibm-researchers-say-hybrid-quantum-ai-may-poses-near-term-threats (1/1), chunk 32/38
[06:35:35 +3m 19s | thequantuminsider_2024_03_26_is_q_day_closer_than_we_think_ibm_researchers_say_hybrid_qua_e30372f9] Repaired malformed JSON.
[06:35:35 +3m 19s | thequantuminsider_2024_03_26_is_q_day_closer_than_we_think_ibm_researchers_say_hybrid_qua_e30372f9] Extracting actors: https://thequantuminsider.com/2024/03/26/is-q-day-closer-than-we-think-ibm-researchers-say-hybrid-quantum-ai-may-poses-near-term-threats (1/1), chunk 33/38
[06:35:40 +3m 23s | thequantuminsider_2024_03_26_is_q_day_closer_than_we_think_ibm_researchers_say_hybrid_qua_e30372f9] Extracting actors: https://thequantuminsider.com/2024/03/26/is-q-day-closer-than-we-think-ibm-researchers-say-hybrid-quantum-ai-may-poses-near-term-threats (1/1), chunk 34/38
[06:35:45 +3m 28s | thequantuminsider_2024_03_26_is_q_day_closer_than_we_think_ibm_researchers_say_hybrid_qua_e30372f9] Extracting actors: https://thequantuminsider.com/2024/03/26/is-q-day-closer-than-we-think-ibm-researchers-say-hybrid-quantum-ai-may-poses-near-term-threats (1/1), chunk 35/38
[06:35:51 +3m 34s | thequantuminsider_2024_03_26_is_q_day_closer_than_we_think_ibm_researchers_say_hybrid_qua_e30372f9] Extracting actors: https://thequantuminsider.com/2024/03/26/is-q-day-closer-than-we-think-ibm-researchers-say-hybrid-quantum-ai-may-poses-near-term-threats (1/1), chunk 36/38
[06:35:52 +3m 36s | thequantuminsider_2024_03_26_is_q_day_closer_than_we_think_ibm_researchers_say_hybrid_qua_e30372f9] Extracting actors: https://thequantuminsider.com/2024/03/26/is-q-day-closer-than-we-think-ibm-researchers-say-hybrid-quantum-ai-may-poses-near-term-threats (1/1), chunk 37/38
[06:35:59 +3m 43s | thequantuminsider_2024_03_26_is_q_day_closer_than_we_think_ibm_researchers_say_hybrid_qua_e30372f9] Repaired malformed JSON.
[06:35:59 +3m 43s | thequantuminsider_2024_03_26_is_q_day_closer_than_we_think_ibm_researchers_say_hybrid_qua_e30372f9] Extracting actors: https://thequantuminsider.com/2024/03/26/is-q-day-closer-than-we-think-ibm-researchers-say-hybrid-quantum-ai-may-poses-near-term-threats (1/1), chunk 38/38
[06:36:05 +3m 48s | thequantuminsider_2024_03_26_is_q_day_closer_than_we_think_ibm_researchers_say_hybrid_qua_e30372f9] Repaired malformed JSON.
[06:36:05 +3m 48s | thequantuminsider_2024_03_26_is_q_day_closer_than_we_think_ibm_researchers_say_hybrid_qua_e30372f9] Saved 1_actor_results.json with 58 extracted records

[06:36:05 +3m 48s | thequantuminsider_2024_03_26_is_q_day_closer_than_we_think_ibm_researchers_say_hybrid_qua_e30372f9] === 2 clean actors ===
[06:36:05 +3m 48s | thequantuminsider_2024_03_26_is_q_day_closer_than_we_think_ibm_researchers_say_hybrid_qua_e30372f9] Loaded 58 extracted records
[06:36:05 +3m 48s | thequantuminsider_2024_03_26_is_q_day_closer_than_we_think_ibm_researchers_say_hybrid_qua_e30372f9] Saved 2_actor_nodes.json with 15 canonical actor nodes

[06:36:05 +3m 48s | thequantuminsider_2024_03_26_is_q_day_closer_than_we_think_ibm_researchers_say_hybrid_qua_e30372f9] === 3 interaction extraction ===
[06:36:05 +3m 49s | thequantuminsider_2024_03_26_is_q_day_closer_than_we_think_ibm_researchers_say_hybrid_qua_e30372f9] Extracting interactions: https://thequantuminsider.com/2024/03/26/is-q-day-closer-than-we-think-ibm-researchers-say-hybrid-quantum-ai-may-poses-near-term-threats (1/1), chunk 11/38
[06:36:07 +3m 50s | thequantuminsider_2024_03_26_is_q_day_closer_than_we_think_ibm_researchers_say_hybrid_qua_e30372f9] Extracting interactions: https://thequantuminsider.com/2024/03/26/is-q-day-closer-than-we-think-ibm-researchers-say-hybrid-quantum-ai-may-poses-near-term-threats (1/1), chunk 14/38
[06:36:12 +3m 56s | thequantuminsider_2024_03_26_is_q_day_closer_than_we_think_ibm_researchers_say_hybrid_qua_e30372f9] Extracting interactions: https://thequantuminsider.com/2024/03/26/is-q-day-closer-than-we-think-ibm-researchers-say-hybrid-quantum-ai-may-poses-near-term-threats (1/1), chunk 15/38
[06:36:16 +4m 0s | thequantuminsider_2024_03_26_is_q_day_closer_than_we_think_ibm_researchers_say_hybrid_qua_e30372f9] Extracting interactions: https://thequantuminsider.com/2024/03/26/is-q-day-closer-than-we-think-ibm-researchers-say-hybrid-quantum-ai-may-poses-near-term-threats (1/1), chunk 16/38
[06:36:20 +4m 4s | thequantuminsider_2024_03_26_is_q_day_closer_than_we_think_ibm_researchers_say_hybrid_qua_e30372f9] Extracting interactions: https://thequantuminsider.com/2024/03/26/is-q-day-closer-than-we-think-ibm-researchers-say-hybrid-quantum-ai-may-poses-near-term-threats (1/1), chunk 17/38
[06:36:23 +4m 7s | thequantuminsider_2024_03_26_is_q_day_closer_than_we_think_ibm_researchers_say_hybrid_qua_e30372f9] Extracting interactions: https://thequantuminsider.com/2024/03/26/is-q-day-closer-than-we-think-ibm-researchers-say-hybrid-quantum-ai-may-poses-near-term-threats (1/1), chunk 18/38
[06:36:28 +4m 12s | thequantuminsider_2024_03_26_is_q_day_closer_than_we_think_ibm_researchers_say_hybrid_qua_e30372f9] Extracting interactions: https://thequantuminsider.com/2024/03/26/is-q-day-closer-than-we-think-ibm-researchers-say-hybrid-quantum-ai-may-poses-near-term-threats (1/1), chunk 19/38
[06:36:40 +4m 24s | thequantuminsider_2024_03_26_is_q_day_closer_than_we_think_ibm_researchers_say_hybrid_qua_e30372f9] Extracting interactions: https://thequantuminsider.com/2024/03/26/is-q-day-closer-than-we-think-ibm-researchers-say-hybrid-quantum-ai-may-poses-near-term-threats (1/1), chunk 20/38
[06:36:51 +4m 34s | thequantuminsider_2024_03_26_is_q_day_closer_than_we_think_ibm_researchers_say_hybrid_qua_e30372f9] Extracting interactions: https://thequantuminsider.com/2024/03/26/is-q-day-closer-than-we-think-ibm-researchers-say-hybrid-quantum-ai-may-poses-near-term-threats (1/1), chunk 21/38
[06:36:58 +4m 42s | thequantuminsider_2024_03_26_is_q_day_closer_than_we_think_ibm_researchers_say_hybrid_qua_e30372f9] Extracting interactions: https://thequantuminsider.com/2024/03/26/is-q-day-closer-than-we-think-ibm-researchers-say-hybrid-quantum-ai-may-poses-near-term-threats (1/1), chunk 22/38
[06:37:04 +4m 47s | thequantuminsider_2024_03_26_is_q_day_closer_than_we_think_ibm_researchers_say_hybrid_qua_e30372f9] Extracting interactions: https://thequantuminsider.com/2024/03/26/is-q-day-closer-than-we-think-ibm-researchers-say-hybrid-quantum-ai-may-poses-near-term-threats (1/1), chunk 23/38
[06:37:09 +4m 53s | thequantuminsider_2024_03_26_is_q_day_closer_than_we_think_ibm_researchers_say_hybrid_qua_e30372f9] Extracting interactions: https://thequantuminsider.com/2024/03/26/is-q-day-closer-than-we-think-ibm-researchers-say-hybrid-quantum-ai-may-poses-near-term-threats (1/1), chunk 24/38
[06:37:20 +5m 4s | thequantuminsider_2024_03_26_is_q_day_closer_than_we_think_ibm_researchers_say_hybrid_qua_e30372f9] Extracting interactions: https://thequantuminsider.com/2024/03/26/is-q-day-closer-than-we-think-ibm-researchers-say-hybrid-quantum-ai-may-poses-near-term-threats (1/1), chunk 27/38
[06:37:24 +5m 8s | thequantuminsider_2024_03_26_is_q_day_closer_than_we_think_ibm_researchers_say_hybrid_qua_e30372f9] Extracting interactions: https://thequantuminsider.com/2024/03/26/is-q-day-closer-than-we-think-ibm-researchers-say-hybrid-quantum-ai-may-poses-near-term-threats (1/1), chunk 28/38
[06:37:28 +5m 11s | thequantuminsider_2024_03_26_is_q_day_closer_than_we_think_ibm_researchers_say_hybrid_qua_e30372f9] Extracting interactions: https://thequantuminsider.com/2024/03/26/is-q-day-closer-than-we-think-ibm-researchers-say-hybrid-quantum-ai-may-poses-near-term-threats (1/1), chunk 29/38
[06:37:29 +5m 13s | thequantuminsider_2024_03_26_is_q_day_closer_than_we_think_ibm_researchers_say_hybrid_qua_e30372f9] Extracting interactions: https://thequantuminsider.com/2024/03/26/is-q-day-closer-than-we-think-ibm-researchers-say-hybrid-quantum-ai-may-poses-near-term-threats (1/1), chunk 30/38
[06:37:30 +5m 14s | thequantuminsider_2024_03_26_is_q_day_closer_than_we_think_ibm_researchers_say_hybrid_qua_e30372f9] Extracting interactions: https://thequantuminsider.com/2024/03/26/is-q-day-closer-than-we-think-ibm-researchers-say-hybrid-quantum-ai-may-poses-near-term-threats (1/1), chunk 31/38
[06:37:34 +5m 18s | thequantuminsider_2024_03_26_is_q_day_closer_than_we_think_ibm_researchers_say_hybrid_qua_e30372f9] Extracting interactions: https://thequantuminsider.com/2024/03/26/is-q-day-closer-than-we-think-ibm-researchers-say-hybrid-quantum-ai-may-poses-near-term-threats (1/1), chunk 32/38
[06:37:37 +5m 21s | thequantuminsider_2024_03_26_is_q_day_closer_than_we_think_ibm_researchers_say_hybrid_qua_e30372f9] Extracting interactions: https://thequantuminsider.com/2024/03/26/is-q-day-closer-than-we-think-ibm-researchers-say-hybrid-quantum-ai-may-poses-near-term-threats (1/1), chunk 33/38
[06:37:39 +5m 23s | thequantuminsider_2024_03_26_is_q_day_closer_than_we_think_ibm_researchers_say_hybrid_qua_e30372f9] Extracting interactions: https://thequantuminsider.com/2024/03/26/is-q-day-closer-than-we-think-ibm-researchers-say-hybrid-quantum-ai-may-poses-near-term-threats (1/1), chunk 34/38
[06:37:40 +5m 24s | thequantuminsider_2024_03_26_is_q_day_closer_than_we_think_ibm_researchers_say_hybrid_qua_e30372f9] Extracting interactions: https://thequantuminsider.com/2024/03/26/is-q-day-closer-than-we-think-ibm-researchers-say-hybrid-quantum-ai-may-poses-near-term-threats (1/1), chunk 35/38
[06:37:42 +5m 26s | thequantuminsider_2024_03_26_is_q_day_closer_than_we_think_ibm_researchers_say_hybrid_qua_e30372f9] Extracting interactions: https://thequantuminsider.com/2024/03/26/is-q-day-closer-than-we-think-ibm-researchers-say-hybrid-quantum-ai-may-poses-near-term-threats (1/1), chunk 36/38
[06:37:44 +5m 27s | thequantuminsider_2024_03_26_is_q_day_closer_than_we_think_ibm_researchers_say_hybrid_qua_e30372f9] Extracting interactions: https://thequantuminsider.com/2024/03/26/is-q-day-closer-than-we-think-ibm-researchers-say-hybrid-quantum-ai-may-poses-near-term-threats (1/1), chunk 37/38
[06:37:45 +5m 29s | thequantuminsider_2024_03_26_is_q_day_closer_than_we_think_ibm_researchers_say_hybrid_qua_e30372f9] Extracting interactions: https://thequantuminsider.com/2024/03/26/is-q-day-closer-than-we-think-ibm-researchers-say-hybrid-quantum-ai-may-poses-near-term-threats (1/1), chunk 38/38
[06:37:46 +5m 30s | thequantuminsider_2024_03_26_is_q_day_closer_than_we_think_ibm_researchers_say_hybrid_qua_e30372f9] Saved 3_interaction_results.json with 17 extracted interactions.

[06:37:46 +5m 30s | thequantuminsider_2024_03_26_is_q_day_closer_than_we_think_ibm_researchers_say_hybrid_qua_e30372f9] === 4 clean interactions ===
[06:37:46 +5m 30s | thequantuminsider_2024_03_26_is_q_day_closer_than_we_think_ibm_researchers_say_hybrid_qua_e30372f9] Saved 4_edges.json with 0 cleaned interactions.

[06:37:46 +5m 30s | thequantuminsider_2024_03_26_is_q_day_closer_than_we_think_ibm_researchers_say_hybrid_qua_e30372f9] === 5 helix enrichment ===
[06:37:46 +5m 30s | thequantuminsider_2024_03_26_is_q_day_closer_than_we_think_ibm_researchers_say_hybrid_qua_e30372f9] Wrote 5_nodes.json (15 actors)
[06:37:46 +5m 30s | thequantuminsider_2024_03_26_is_q_day_closer_than_we_think_ibm_researchers_say_hybrid_qua_e30372f9] Wrote 5_edges.json (0 interactions)
[06:37:46 +5m 30s | thequantuminsider_2024_03_26_is_q_day_closer_than_we_think_ibm_researchers_say_hybrid_qua_e30372f9] Actor helix counts: {'Academia': 1, 'Civil Society': 1, 'Government': 2, 'Industry': 4, 'Unknown': 7}
[06:37:46 +5m 30s | thequantuminsider_2024_03_26_is_q_day_closer_than_we_think_ibm_researchers_say_hybrid_qua_e30372f9] Functional-space counts: {}

[06:37:46 +5m 30s | thequantuminsider_2024_03_26_is_q_day_closer_than_we_think_ibm_researchers_say_hybrid_qua_e30372f9] === 6 network visualisation ===
[06:37:47 +5m 31s | thequantuminsider_2024_03_26_is_q_day_closer_than_we_think_ibm_researchers_say_hybrid_qua_e30372f9] Wrote quantum_network.html
[06:37:47 +5m 31s | thequantuminsider_2024_03_26_is_q_day_closer_than_we_think_ibm_researchers_say_hybrid_qua_e30372f9] Nodes: 15
[06:37:47 +5m 31s | thequantuminsider_2024_03_26_is_q_day_closer_than_we_think_ibm_researchers_say_hybrid_qua_e30372f9] Edges: 0

[06:37:47 +5m 31s | thequantuminsider_2024_03_26_is_q_day_closer_than_we_think_ibm_researchers_say_hybrid_qua_e30372f9] Done. Outputs written to: /home/lv/IDP/idpdeeptech/pipeline/news_outputs/thequantuminsider_2024_03_26_is_q_day_closer_than_we_think_ibm_researchers_say_hybrid_qua_e30372f9
[06:37:47 +5m 31s | thequantuminsider_2024_03_26_is_q_day_closer_than_we_think_ibm_researchers_say_hybrid_qua_e30372f9] Log: /home/lv/IDP/idpdeeptech/pipeline/news_outputs/thequantuminsider_2024_03_26_is_q_day_closer_than_we_think_ibm_researchers_say_hybrid_qua_e30372f9/run.log

========================================================================
RUN FINISHED 2026-07-02 06:37:47  (OK)
Started:     2026-07-02 06:32:16
Elapsed:     5m 31s
========================================================================
