
========================================================================
RUN STARTED  2026-07-01 23:49:42
site_pipeline.py https://thequantuminsider.com/2019/10/14/the-quantum-daily-weekly-digest-vol-1-quantum-world/
========================================================================

[23:49:42 +0s | thequantuminsider_2019_10_14_the_quantum_daily_weekly_digest_vol_1_quantum_world] === 0 crawl site ===
[23:49:43 +1s | thequantuminsider_2019_10_14_the_quantum_daily_weekly_digest_vol_1_quantum_world] [INIT].... → Crawl4AI 0.8.6 
[23:49:46 +4s | thequantuminsider_2019_10_14_the_quantum_daily_weekly_digest_vol_1_quantum_world] [FETCH]... ↓ https://thequantuminsider.com/2019/10/14/the-quantum-daily-weekly-digest-vol-1-quantum-world/        | ✓ | ⏱: 2.68s 
[23:49:46 +4s | thequantuminsider_2019_10_14_the_quantum_daily_weekly_digest_vol_1_quantum_world] [SCRAPE].. ◆ https://thequantuminsider.com/2019/10/14/the-quantum-daily-weekly-digest-vol-1-quantum-world/        | ✓ | ⏱: 0.10s 
[23:49:46 +4s | thequantuminsider_2019_10_14_the_quantum_daily_weekly_digest_vol_1_quantum_world] [COMPLETE] ● https://thequantuminsider.com/2019/10/14/the-quantum-daily-weekly-digest-vol-1-quantum-world/        | ✓ | ⏱: 2.80s 
[23:49:46 +4s | thequantuminsider_2019_10_14_the_quantum_daily_weekly_digest_vol_1_quantum_world] Saved: crawl_output/5a546fda78_thequantuminsider.com_2019_10_14_the-quantum-daily-weekly-digest-vol-1-quantum-world.json

[23:49:46 +4s | thequantuminsider_2019_10_14_the_quantum_daily_weekly_digest_vol_1_quantum_world] === 1 actor extraction ===
[23:49:46 +4s | thequantuminsider_2019_10_14_the_quantum_daily_weekly_digest_vol_1_quantum_world] Reading page (1/1): https://thequantuminsider.com/2019/10/14/the-quantum-daily-weekly-digest-vol-1-quantum-world
[23:49:46 +4s | thequantuminsider_2019_10_14_the_quantum_daily_weekly_digest_vol_1_quantum_world] Extracting actors: https://thequantuminsider.com/2019/10/14/the-quantum-daily-weekly-digest-vol-1-quantum-world (1/1), chunk 1/37
[23:49:52 +10s | thequantuminsider_2019_10_14_the_quantum_daily_weekly_digest_vol_1_quantum_world] Extracting actors: https://thequantuminsider.com/2019/10/14/the-quantum-daily-weekly-digest-vol-1-quantum-world (1/1), chunk 2/37
[23:50:02 +17s | thequantuminsider_2019_10_14_the_quantum_daily_weekly_digest_vol_1_quantum_world] Extracting actors: https://thequantuminsider.com/2019/10/14/the-quantum-daily-weekly-digest-vol-1-quantum-world (1/1), chunk 3/37
[23:50:07 +23s | thequantuminsider_2019_10_14_the_quantum_daily_weekly_digest_vol_1_quantum_world] Extracting actors: https://thequantuminsider.com/2019/10/14/the-quantum-daily-weekly-digest-vol-1-quantum-world (1/1), chunk 4/37
[23:50:11 +26s | thequantuminsider_2019_10_14_the_quantum_daily_weekly_digest_vol_1_quantum_world] Extracting actors: https://thequantuminsider.com/2019/10/14/the-quantum-daily-weekly-digest-vol-1-quantum-world (1/1), chunk 5/37
[23:50:16 +31s | thequantuminsider_2019_10_14_the_quantum_daily_weekly_digest_vol_1_quantum_world] Extracting actors: https://thequantuminsider.com/2019/10/14/the-quantum-daily-weekly-digest-vol-1-quantum-world (1/1), chunk 6/37
[23:50:22 +38s | thequantuminsider_2019_10_14_the_quantum_daily_weekly_digest_vol_1_quantum_world] Extracting actors: https://thequantuminsider.com/2019/10/14/the-quantum-daily-weekly-digest-vol-1-quantum-world (1/1), chunk 7/37
[23:50:27 +42s | thequantuminsider_2019_10_14_the_quantum_daily_weekly_digest_vol_1_quantum_world] Extracting actors: https://thequantuminsider.com/2019/10/14/the-quantum-daily-weekly-digest-vol-1-quantum-world (1/1), chunk 8/37
[23:50:35 +47s | thequantuminsider_2019_10_14_the_quantum_daily_weekly_digest_vol_1_quantum_world] Extracting actors: https://thequantuminsider.com/2019/10/14/the-quantum-daily-weekly-digest-vol-1-quantum-world (1/1), chunk 9/37
[23:50:39 +52s | thequantuminsider_2019_10_14_the_quantum_daily_weekly_digest_vol_1_quantum_world] Extracting actors: https://thequantuminsider.com/2019/10/14/the-quantum-daily-weekly-digest-vol-1-quantum-world (1/1), chunk 10/37
[23:50:44 +56s | thequantuminsider_2019_10_14_the_quantum_daily_weekly_digest_vol_1_quantum_world] Extracting actors: https://thequantuminsider.com/2019/10/14/the-quantum-daily-weekly-digest-vol-1-quantum-world (1/1), chunk 11/37
[23:50:48 +1m 0s | thequantuminsider_2019_10_14_the_quantum_daily_weekly_digest_vol_1_quantum_world] Extracting actors: https://thequantuminsider.com/2019/10/14/the-quantum-daily-weekly-digest-vol-1-quantum-world (1/1), chunk 12/37
[23:50:53 +1m 5s | thequantuminsider_2019_10_14_the_quantum_daily_weekly_digest_vol_1_quantum_world] Extracting actors: https://thequantuminsider.com/2019/10/14/the-quantum-daily-weekly-digest-vol-1-quantum-world (1/1), chunk 13/37
[23:51:01 +1m 13s | thequantuminsider_2019_10_14_the_quantum_daily_weekly_digest_vol_1_quantum_world] Repaired malformed JSON.
[23:51:01 +1m 13s | thequantuminsider_2019_10_14_the_quantum_daily_weekly_digest_vol_1_quantum_world] Extracting actors: https://thequantuminsider.com/2019/10/14/the-quantum-daily-weekly-digest-vol-1-quantum-world (1/1), chunk 14/37
[23:51:10 +1m 19s | thequantuminsider_2019_10_14_the_quantum_daily_weekly_digest_vol_1_quantum_world] Repaired malformed JSON.
[23:51:10 +1m 19s | thequantuminsider_2019_10_14_the_quantum_daily_weekly_digest_vol_1_quantum_world] Extracting actors: https://thequantuminsider.com/2019/10/14/the-quantum-daily-weekly-digest-vol-1-quantum-world (1/1), chunk 15/37
[23:51:17 +1m 26s | thequantuminsider_2019_10_14_the_quantum_daily_weekly_digest_vol_1_quantum_world] Repaired malformed JSON.
[23:51:17 +1m 26s | thequantuminsider_2019_10_14_the_quantum_daily_weekly_digest_vol_1_quantum_world] Extracting actors: https://thequantuminsider.com/2019/10/14/the-quantum-daily-weekly-digest-vol-1-quantum-world (1/1), chunk 16/37
[23:51:25 +1m 35s | thequantuminsider_2019_10_14_the_quantum_daily_weekly_digest_vol_1_quantum_world] Repaired malformed JSON.
[23:51:25 +1m 35s | thequantuminsider_2019_10_14_the_quantum_daily_weekly_digest_vol_1_quantum_world] Extracting actors: https://thequantuminsider.com/2019/10/14/the-quantum-daily-weekly-digest-vol-1-quantum-world (1/1), chunk 17/37
[23:51:34 +1m 44s | thequantuminsider_2019_10_14_the_quantum_daily_weekly_digest_vol_1_quantum_world] Repaired malformed JSON.
[23:51:34 +1m 44s | thequantuminsider_2019_10_14_the_quantum_daily_weekly_digest_vol_1_quantum_world] Extracting actors: https://thequantuminsider.com/2019/10/14/the-quantum-daily-weekly-digest-vol-1-quantum-world (1/1), chunk 18/37
[23:51:44 +1m 50s | thequantuminsider_2019_10_14_the_quantum_daily_weekly_digest_vol_1_quantum_world] Repaired malformed JSON.
[23:51:44 +1m 50s | thequantuminsider_2019_10_14_the_quantum_daily_weekly_digest_vol_1_quantum_world] Extracting actors: https://thequantuminsider.com/2019/10/14/the-quantum-daily-weekly-digest-vol-1-quantum-world (1/1), chunk 19/37
[23:51:51 +1m 58s | thequantuminsider_2019_10_14_the_quantum_daily_weekly_digest_vol_1_quantum_world] Repaired malformed JSON.
[23:51:51 +1m 58s | thequantuminsider_2019_10_14_the_quantum_daily_weekly_digest_vol_1_quantum_world] Extracting actors: https://thequantuminsider.com/2019/10/14/the-quantum-daily-weekly-digest-vol-1-quantum-world (1/1), chunk 20/37
[23:51:59 +2m 5s | thequantuminsider_2019_10_14_the_quantum_daily_weekly_digest_vol_1_quantum_world] Repaired malformed JSON.
[23:51:59 +2m 5s | thequantuminsider_2019_10_14_the_quantum_daily_weekly_digest_vol_1_quantum_world] Extracting actors: https://thequantuminsider.com/2019/10/14/the-quantum-daily-weekly-digest-vol-1-quantum-world (1/1), chunk 21/37
[23:52:04 +2m 11s | thequantuminsider_2019_10_14_the_quantum_daily_weekly_digest_vol_1_quantum_world] Repaired malformed JSON.
[23:52:04 +2m 11s | thequantuminsider_2019_10_14_the_quantum_daily_weekly_digest_vol_1_quantum_world] Extracting actors: https://thequantuminsider.com/2019/10/14/the-quantum-daily-weekly-digest-vol-1-quantum-world (1/1), chunk 22/37
[23:52:11 +2m 18s | thequantuminsider_2019_10_14_the_quantum_daily_weekly_digest_vol_1_quantum_world] Repaired malformed JSON.
[23:52:11 +2m 18s | thequantuminsider_2019_10_14_the_quantum_daily_weekly_digest_vol_1_quantum_world] Extracting actors: https://thequantuminsider.com/2019/10/14/the-quantum-daily-weekly-digest-vol-1-quantum-world (1/1), chunk 23/37
[23:52:20 +2m 24s | thequantuminsider_2019_10_14_the_quantum_daily_weekly_digest_vol_1_quantum_world] Repaired malformed JSON.
[23:52:20 +2m 24s | thequantuminsider_2019_10_14_the_quantum_daily_weekly_digest_vol_1_quantum_world] Extracting actors: https://thequantuminsider.com/2019/10/14/the-quantum-daily-weekly-digest-vol-1-quantum-world (1/1), chunk 24/37
[23:52:27 +2m 31s | thequantuminsider_2019_10_14_the_quantum_daily_weekly_digest_vol_1_quantum_world] Repaired malformed JSON.
[23:52:27 +2m 31s | thequantuminsider_2019_10_14_the_quantum_daily_weekly_digest_vol_1_quantum_world] Extracting actors: https://thequantuminsider.com/2019/10/14/the-quantum-daily-weekly-digest-vol-1-quantum-world (1/1), chunk 25/37
[23:52:31 +2m 35s | thequantuminsider_2019_10_14_the_quantum_daily_weekly_digest_vol_1_quantum_world] Extracting actors: https://thequantuminsider.com/2019/10/14/the-quantum-daily-weekly-digest-vol-1-quantum-world (1/1), chunk 26/37
[23:52:37 +2m 41s | thequantuminsider_2019_10_14_the_quantum_daily_weekly_digest_vol_1_quantum_world] Repaired malformed JSON.
[23:52:37 +2m 41s | thequantuminsider_2019_10_14_the_quantum_daily_weekly_digest_vol_1_quantum_world] Extracting actors: https://thequantuminsider.com/2019/10/14/the-quantum-daily-weekly-digest-vol-1-quantum-world (1/1), chunk 27/37
[23:52:44 +2m 48s | thequantuminsider_2019_10_14_the_quantum_daily_weekly_digest_vol_1_quantum_world] Repaired malformed JSON.
[23:52:44 +2m 48s | thequantuminsider_2019_10_14_the_quantum_daily_weekly_digest_vol_1_quantum_world] Extracting actors: https://thequantuminsider.com/2019/10/14/the-quantum-daily-weekly-digest-vol-1-quantum-world (1/1), chunk 28/37
[23:52:56 +2m 57s | thequantuminsider_2019_10_14_the_quantum_daily_weekly_digest_vol_1_quantum_world] Repaired malformed JSON.
[23:52:56 +2m 57s | thequantuminsider_2019_10_14_the_quantum_daily_weekly_digest_vol_1_quantum_world] Extracting actors: https://thequantuminsider.com/2019/10/14/the-quantum-daily-weekly-digest-vol-1-quantum-world (1/1), chunk 29/37
[23:53:03 +3m 4s | thequantuminsider_2019_10_14_the_quantum_daily_weekly_digest_vol_1_quantum_world] Repaired malformed JSON.
[23:53:03 +3m 4s | thequantuminsider_2019_10_14_the_quantum_daily_weekly_digest_vol_1_quantum_world] Extracting actors: https://thequantuminsider.com/2019/10/14/the-quantum-daily-weekly-digest-vol-1-quantum-world (1/1), chunk 30/37
[23:53:09 +3m 9s | thequantuminsider_2019_10_14_the_quantum_daily_weekly_digest_vol_1_quantum_world] Repaired malformed JSON.
[23:53:09 +3m 9s | thequantuminsider_2019_10_14_the_quantum_daily_weekly_digest_vol_1_quantum_world] Extracting actors: https://thequantuminsider.com/2019/10/14/the-quantum-daily-weekly-digest-vol-1-quantum-world (1/1), chunk 31/37
[23:53:16 +3m 16s | thequantuminsider_2019_10_14_the_quantum_daily_weekly_digest_vol_1_quantum_world] Repaired malformed JSON.
[23:53:16 +3m 16s | thequantuminsider_2019_10_14_the_quantum_daily_weekly_digest_vol_1_quantum_world] Extracting actors: https://thequantuminsider.com/2019/10/14/the-quantum-daily-weekly-digest-vol-1-quantum-world (1/1), chunk 32/37
[23:53:23 +3m 23s | thequantuminsider_2019_10_14_the_quantum_daily_weekly_digest_vol_1_quantum_world] Repaired malformed JSON.
[23:53:23 +3m 23s | thequantuminsider_2019_10_14_the_quantum_daily_weekly_digest_vol_1_quantum_world] Extracting actors: https://thequantuminsider.com/2019/10/14/the-quantum-daily-weekly-digest-vol-1-quantum-world (1/1), chunk 33/37
[23:53:33 +3m 31s | thequantuminsider_2019_10_14_the_quantum_daily_weekly_digest_vol_1_quantum_world] Repaired malformed JSON.
[23:53:33 +3m 31s | thequantuminsider_2019_10_14_the_quantum_daily_weekly_digest_vol_1_quantum_world] Extracting actors: https://thequantuminsider.com/2019/10/14/the-quantum-daily-weekly-digest-vol-1-quantum-world (1/1), chunk 34/37
[23:53:39 +3m 37s | thequantuminsider_2019_10_14_the_quantum_daily_weekly_digest_vol_1_quantum_world] Repaired malformed JSON.
[23:53:39 +3m 37s | thequantuminsider_2019_10_14_the_quantum_daily_weekly_digest_vol_1_quantum_world] Extracting actors: https://thequantuminsider.com/2019/10/14/the-quantum-daily-weekly-digest-vol-1-quantum-world (1/1), chunk 35/37
[23:53:47 +3m 44s | thequantuminsider_2019_10_14_the_quantum_daily_weekly_digest_vol_1_quantum_world] Repaired malformed JSON.
[23:53:47 +3m 44s | thequantuminsider_2019_10_14_the_quantum_daily_weekly_digest_vol_1_quantum_world] Extracting actors: https://thequantuminsider.com/2019/10/14/the-quantum-daily-weekly-digest-vol-1-quantum-world (1/1), chunk 36/37
[23:53:56 +3m 54s | thequantuminsider_2019_10_14_the_quantum_daily_weekly_digest_vol_1_quantum_world] Repaired malformed JSON.
[23:53:56 +3m 54s | thequantuminsider_2019_10_14_the_quantum_daily_weekly_digest_vol_1_quantum_world] Extracting actors: https://thequantuminsider.com/2019/10/14/the-quantum-daily-weekly-digest-vol-1-quantum-world (1/1), chunk 37/37
[23:54:07 +4m 1s | thequantuminsider_2019_10_14_the_quantum_daily_weekly_digest_vol_1_quantum_world] Repaired malformed JSON.
[23:54:07 +4m 1s | thequantuminsider_2019_10_14_the_quantum_daily_weekly_digest_vol_1_quantum_world] Saved 1_actor_results.json with 55 extracted records

[23:54:07 +4m 1s | thequantuminsider_2019_10_14_the_quantum_daily_weekly_digest_vol_1_quantum_world] === 2 clean actors ===
[23:54:07 +4m 1s | thequantuminsider_2019_10_14_the_quantum_daily_weekly_digest_vol_1_quantum_world] Loaded 55 extracted records
[23:54:07 +4m 1s | thequantuminsider_2019_10_14_the_quantum_daily_weekly_digest_vol_1_quantum_world] Saved 2_actor_nodes.json with 23 canonical actor nodes

[23:54:07 +4m 1s | thequantuminsider_2019_10_14_the_quantum_daily_weekly_digest_vol_1_quantum_world] === 3 interaction extraction ===
[23:54:07 +4m 2s | thequantuminsider_2019_10_14_the_quantum_daily_weekly_digest_vol_1_quantum_world] Extracting interactions: https://thequantuminsider.com/2019/10/14/the-quantum-daily-weekly-digest-vol-1-quantum-world (1/1), chunk 13/37
[23:54:14 +4m 8s | thequantuminsider_2019_10_14_the_quantum_daily_weekly_digest_vol_1_quantum_world] Extracting interactions: https://thequantuminsider.com/2019/10/14/the-quantum-daily-weekly-digest-vol-1-quantum-world (1/1), chunk 14/37
[23:54:17 +4m 12s | thequantuminsider_2019_10_14_the_quantum_daily_weekly_digest_vol_1_quantum_world] Extracting interactions: https://thequantuminsider.com/2019/10/14/the-quantum-daily-weekly-digest-vol-1-quantum-world (1/1), chunk 15/37
[23:54:21 +4m 16s | thequantuminsider_2019_10_14_the_quantum_daily_weekly_digest_vol_1_quantum_world] Extracting interactions: https://thequantuminsider.com/2019/10/14/the-quantum-daily-weekly-digest-vol-1-quantum-world (1/1), chunk 16/37
[23:54:28 +4m 22s | thequantuminsider_2019_10_14_the_quantum_daily_weekly_digest_vol_1_quantum_world] Extracting interactions: https://thequantuminsider.com/2019/10/14/the-quantum-daily-weekly-digest-vol-1-quantum-world (1/1), chunk 17/37
[23:54:32 +4m 27s | thequantuminsider_2019_10_14_the_quantum_daily_weekly_digest_vol_1_quantum_world] Extracting interactions: https://thequantuminsider.com/2019/10/14/the-quantum-daily-weekly-digest-vol-1-quantum-world (1/1), chunk 18/37
[23:54:42 +4m 34s | thequantuminsider_2019_10_14_the_quantum_daily_weekly_digest_vol_1_quantum_world] Extracting interactions: https://thequantuminsider.com/2019/10/14/the-quantum-daily-weekly-digest-vol-1-quantum-world (1/1), chunk 19/37
[23:55:00 +4m 52s | thequantuminsider_2019_10_14_the_quantum_daily_weekly_digest_vol_1_quantum_world] Extracting interactions: https://thequantuminsider.com/2019/10/14/the-quantum-daily-weekly-digest-vol-1-quantum-world (1/1), chunk 20/37
[23:55:13 +5m 2s | thequantuminsider_2019_10_14_the_quantum_daily_weekly_digest_vol_1_quantum_world] Extracting interactions: https://thequantuminsider.com/2019/10/14/the-quantum-daily-weekly-digest-vol-1-quantum-world (1/1), chunk 21/37
[23:55:20 +5m 9s | thequantuminsider_2019_10_14_the_quantum_daily_weekly_digest_vol_1_quantum_world] Extracting interactions: https://thequantuminsider.com/2019/10/14/the-quantum-daily-weekly-digest-vol-1-quantum-world (1/1), chunk 22/37
[23:55:31 +5m 20s | thequantuminsider_2019_10_14_the_quantum_daily_weekly_digest_vol_1_quantum_world] Extracting interactions: https://thequantuminsider.com/2019/10/14/the-quantum-daily-weekly-digest-vol-1-quantum-world (1/1), chunk 23/37
[23:55:38 +5m 27s | thequantuminsider_2019_10_14_the_quantum_daily_weekly_digest_vol_1_quantum_world] Extracting interactions: https://thequantuminsider.com/2019/10/14/the-quantum-daily-weekly-digest-vol-1-quantum-world (1/1), chunk 24/37
[23:55:39 +5m 28s | thequantuminsider_2019_10_14_the_quantum_daily_weekly_digest_vol_1_quantum_world] Extracting interactions: https://thequantuminsider.com/2019/10/14/the-quantum-daily-weekly-digest-vol-1-quantum-world (1/1), chunk 26/37
[23:55:44 +5m 33s | thequantuminsider_2019_10_14_the_quantum_daily_weekly_digest_vol_1_quantum_world] Extracting interactions: https://thequantuminsider.com/2019/10/14/the-quantum-daily-weekly-digest-vol-1-quantum-world (1/1), chunk 27/37
[23:55:51 +5m 37s | thequantuminsider_2019_10_14_the_quantum_daily_weekly_digest_vol_1_quantum_world] Extracting interactions: https://thequantuminsider.com/2019/10/14/the-quantum-daily-weekly-digest-vol-1-quantum-world (1/1), chunk 28/37
[23:55:57 +5m 43s | thequantuminsider_2019_10_14_the_quantum_daily_weekly_digest_vol_1_quantum_world] Extracting interactions: https://thequantuminsider.com/2019/10/14/the-quantum-daily-weekly-digest-vol-1-quantum-world (1/1), chunk 30/37
[23:55:58 +5m 44s | thequantuminsider_2019_10_14_the_quantum_daily_weekly_digest_vol_1_quantum_world] Extracting interactions: https://thequantuminsider.com/2019/10/14/the-quantum-daily-weekly-digest-vol-1-quantum-world (1/1), chunk 31/37
[23:56:00 +5m 46s | thequantuminsider_2019_10_14_the_quantum_daily_weekly_digest_vol_1_quantum_world] Extracting interactions: https://thequantuminsider.com/2019/10/14/the-quantum-daily-weekly-digest-vol-1-quantum-world (1/1), chunk 32/37
[23:56:01 +5m 47s | thequantuminsider_2019_10_14_the_quantum_daily_weekly_digest_vol_1_quantum_world] Extracting interactions: https://thequantuminsider.com/2019/10/14/the-quantum-daily-weekly-digest-vol-1-quantum-world (1/1), chunk 33/37
[23:56:03 +5m 49s | thequantuminsider_2019_10_14_the_quantum_daily_weekly_digest_vol_1_quantum_world] Extracting interactions: https://thequantuminsider.com/2019/10/14/the-quantum-daily-weekly-digest-vol-1-quantum-world (1/1), chunk 34/37
[23:56:04 +5m 50s | thequantuminsider_2019_10_14_the_quantum_daily_weekly_digest_vol_1_quantum_world] Extracting interactions: https://thequantuminsider.com/2019/10/14/the-quantum-daily-weekly-digest-vol-1-quantum-world (1/1), chunk 35/37
[23:56:06 +5m 51s | thequantuminsider_2019_10_14_the_quantum_daily_weekly_digest_vol_1_quantum_world] Extracting interactions: https://thequantuminsider.com/2019/10/14/the-quantum-daily-weekly-digest-vol-1-quantum-world (1/1), chunk 36/37
[23:56:07 +5m 53s | thequantuminsider_2019_10_14_the_quantum_daily_weekly_digest_vol_1_quantum_world] Extracting interactions: https://thequantuminsider.com/2019/10/14/the-quantum-daily-weekly-digest-vol-1-quantum-world (1/1), chunk 37/37
[23:56:09 +5m 55s | thequantuminsider_2019_10_14_the_quantum_daily_weekly_digest_vol_1_quantum_world] Saved 3_interaction_results.json with 19 extracted interactions.

[23:56:09 +5m 55s | thequantuminsider_2019_10_14_the_quantum_daily_weekly_digest_vol_1_quantum_world] === 4 clean interactions ===
[23:56:09 +5m 55s | thequantuminsider_2019_10_14_the_quantum_daily_weekly_digest_vol_1_quantum_world] Saved 4_edges.json with 1 cleaned interactions.

[23:56:09 +5m 55s | thequantuminsider_2019_10_14_the_quantum_daily_weekly_digest_vol_1_quantum_world] === 5 helix enrichment ===
[23:56:09 +5m 55s | thequantuminsider_2019_10_14_the_quantum_daily_weekly_digest_vol_1_quantum_world] Wrote 5_nodes.json (23 actors)
[23:56:09 +5m 55s | thequantuminsider_2019_10_14_the_quantum_daily_weekly_digest_vol_1_quantum_world] Wrote 5_edges.json (1 interactions)
[23:56:09 +5m 55s | thequantuminsider_2019_10_14_the_quantum_daily_weekly_digest_vol_1_quantum_world] Actor helix counts: {'Academia': 1, 'Civil Society': 5, 'Government': 3, 'Industry': 5, 'Unknown': 9}
[23:56:09 +5m 55s | thequantuminsider_2019_10_14_the_quantum_daily_weekly_digest_vol_1_quantum_world] Functional-space counts: {'Intra-helix / Not classified': 1}

[23:56:09 +5m 55s | thequantuminsider_2019_10_14_the_quantum_daily_weekly_digest_vol_1_quantum_world] === 6 network visualisation ===
[23:56:09 +5m 55s | thequantuminsider_2019_10_14_the_quantum_daily_weekly_digest_vol_1_quantum_world] Wrote quantum_network.html
[23:56:09 +5m 55s | thequantuminsider_2019_10_14_the_quantum_daily_weekly_digest_vol_1_quantum_world] Nodes: 23
[23:56:09 +5m 55s | thequantuminsider_2019_10_14_the_quantum_daily_weekly_digest_vol_1_quantum_world] Edges: 1

[23:56:09 +5m 55s | thequantuminsider_2019_10_14_the_quantum_daily_weekly_digest_vol_1_quantum_world] Done. Outputs written to: /home/lv/IDP/idpdeeptech/pipeline/news_outputs/thequantuminsider_2019_10_14_the_quantum_daily_weekly_digest_vol_1_quantum_world
[23:56:09 +5m 55s | thequantuminsider_2019_10_14_the_quantum_daily_weekly_digest_vol_1_quantum_world] Log: /home/lv/IDP/idpdeeptech/pipeline/news_outputs/thequantuminsider_2019_10_14_the_quantum_daily_weekly_digest_vol_1_quantum_world/run.log

========================================================================
RUN FINISHED 2026-07-01 23:56:09  (OK)
Started:     2026-07-01 23:49:42
Elapsed:     5m 55s
========================================================================
