
========================================================================
RUN STARTED  2026-07-02 12:58:59
site_pipeline.py https://thequantuminsider.com/2024/01/17/guest-post-the-unexaggerated-magic-of-quantum/
========================================================================

[12:58:59 +0s | thequantuminsider_2024_01_17_guest_post_the_unexaggerated_magic_of_quantum] === 0 crawl site ===
[12:59:00 +1s | thequantuminsider_2024_01_17_guest_post_the_unexaggerated_magic_of_quantum] [INIT].... → Crawl4AI 0.8.6 
[12:59:03 +4s | thequantuminsider_2024_01_17_guest_post_the_unexaggerated_magic_of_quantum] [FETCH]... ↓ https://thequantuminsider.com/2024/01/17/guest-post-the-unexaggerated-magic-of-quantum/              | ✓ | ⏱: 2.34s 
[12:59:03 +4s | thequantuminsider_2024_01_17_guest_post_the_unexaggerated_magic_of_quantum] [SCRAPE].. ◆ https://thequantuminsider.com/2024/01/17/guest-post-the-unexaggerated-magic-of-quantum/              | ✓ | ⏱: 0.13s 
[12:59:03 +4s | thequantuminsider_2024_01_17_guest_post_the_unexaggerated_magic_of_quantum] [COMPLETE] ● https://thequantuminsider.com/2024/01/17/guest-post-the-unexaggerated-magic-of-quantum/              | ✓ | ⏱: 2.49s 
[12:59:03 +4s | thequantuminsider_2024_01_17_guest_post_the_unexaggerated_magic_of_quantum] Saved: crawl_output/9159cc0f56_thequantuminsider.com_2024_01_17_guest-post-the-unexaggerated-magic-of-quantum.json

[12:59:03 +4s | thequantuminsider_2024_01_17_guest_post_the_unexaggerated_magic_of_quantum] === 1 actor extraction ===
[12:59:03 +5s | thequantuminsider_2024_01_17_guest_post_the_unexaggerated_magic_of_quantum] Reading page (1/1): https://thequantuminsider.com/2024/01/17/guest-post-the-unexaggerated-magic-of-quantum
[12:59:03 +5s | thequantuminsider_2024_01_17_guest_post_the_unexaggerated_magic_of_quantum] Extracting actors: https://thequantuminsider.com/2024/01/17/guest-post-the-unexaggerated-magic-of-quantum (1/1), chunk 1/42
[12:59:07 +8s | thequantuminsider_2024_01_17_guest_post_the_unexaggerated_magic_of_quantum] Extracting actors: https://thequantuminsider.com/2024/01/17/guest-post-the-unexaggerated-magic-of-quantum (1/1), chunk 2/42
[12:59:11 +12s | thequantuminsider_2024_01_17_guest_post_the_unexaggerated_magic_of_quantum] Extracting actors: https://thequantuminsider.com/2024/01/17/guest-post-the-unexaggerated-magic-of-quantum (1/1), chunk 3/42
[12:59:16 +17s | thequantuminsider_2024_01_17_guest_post_the_unexaggerated_magic_of_quantum] Extracting actors: https://thequantuminsider.com/2024/01/17/guest-post-the-unexaggerated-magic-of-quantum (1/1), chunk 4/42
[12:59:20 +22s | thequantuminsider_2024_01_17_guest_post_the_unexaggerated_magic_of_quantum] Extracting actors: https://thequantuminsider.com/2024/01/17/guest-post-the-unexaggerated-magic-of-quantum (1/1), chunk 5/42
[12:59:25 +26s | thequantuminsider_2024_01_17_guest_post_the_unexaggerated_magic_of_quantum] Extracting actors: https://thequantuminsider.com/2024/01/17/guest-post-the-unexaggerated-magic-of-quantum (1/1), chunk 6/42
[12:59:30 +31s | thequantuminsider_2024_01_17_guest_post_the_unexaggerated_magic_of_quantum] Extracting actors: https://thequantuminsider.com/2024/01/17/guest-post-the-unexaggerated-magic-of-quantum (1/1), chunk 7/42
[12:59:37 +38s | thequantuminsider_2024_01_17_guest_post_the_unexaggerated_magic_of_quantum] Extracting actors: https://thequantuminsider.com/2024/01/17/guest-post-the-unexaggerated-magic-of-quantum (1/1), chunk 8/42
[12:59:42 +43s | thequantuminsider_2024_01_17_guest_post_the_unexaggerated_magic_of_quantum] Extracting actors: https://thequantuminsider.com/2024/01/17/guest-post-the-unexaggerated-magic-of-quantum (1/1), chunk 9/42
[12:59:47 +48s | thequantuminsider_2024_01_17_guest_post_the_unexaggerated_magic_of_quantum] Extracting actors: https://thequantuminsider.com/2024/01/17/guest-post-the-unexaggerated-magic-of-quantum (1/1), chunk 10/42
[12:59:53 +54s | thequantuminsider_2024_01_17_guest_post_the_unexaggerated_magic_of_quantum] Extracting actors: https://thequantuminsider.com/2024/01/17/guest-post-the-unexaggerated-magic-of-quantum (1/1), chunk 11/42
[12:59:56 +58s | thequantuminsider_2024_01_17_guest_post_the_unexaggerated_magic_of_quantum] Extracting actors: https://thequantuminsider.com/2024/01/17/guest-post-the-unexaggerated-magic-of-quantum (1/1), chunk 12/42
[13:00:03 +1m 4s | thequantuminsider_2024_01_17_guest_post_the_unexaggerated_magic_of_quantum] Repaired malformed JSON.
[13:00:03 +1m 4s | thequantuminsider_2024_01_17_guest_post_the_unexaggerated_magic_of_quantum] Extracting actors: https://thequantuminsider.com/2024/01/17/guest-post-the-unexaggerated-magic-of-quantum (1/1), chunk 13/42
[13:00:09 +1m 10s | thequantuminsider_2024_01_17_guest_post_the_unexaggerated_magic_of_quantum] Repaired malformed JSON.
[13:00:09 +1m 10s | thequantuminsider_2024_01_17_guest_post_the_unexaggerated_magic_of_quantum] Extracting actors: https://thequantuminsider.com/2024/01/17/guest-post-the-unexaggerated-magic-of-quantum (1/1), chunk 14/42
[13:00:15 +1m 16s | thequantuminsider_2024_01_17_guest_post_the_unexaggerated_magic_of_quantum] Repaired malformed JSON.
[13:00:15 +1m 16s | thequantuminsider_2024_01_17_guest_post_the_unexaggerated_magic_of_quantum] Extracting actors: https://thequantuminsider.com/2024/01/17/guest-post-the-unexaggerated-magic-of-quantum (1/1), chunk 15/42
[13:00:21 +1m 22s | thequantuminsider_2024_01_17_guest_post_the_unexaggerated_magic_of_quantum] Extracting actors: https://thequantuminsider.com/2024/01/17/guest-post-the-unexaggerated-magic-of-quantum (1/1), chunk 16/42
[13:00:27 +1m 28s | thequantuminsider_2024_01_17_guest_post_the_unexaggerated_magic_of_quantum] Repaired malformed JSON.
[13:00:27 +1m 28s | thequantuminsider_2024_01_17_guest_post_the_unexaggerated_magic_of_quantum] Extracting actors: https://thequantuminsider.com/2024/01/17/guest-post-the-unexaggerated-magic-of-quantum (1/1), chunk 17/42
[13:00:34 +1m 35s | thequantuminsider_2024_01_17_guest_post_the_unexaggerated_magic_of_quantum] Repaired malformed JSON.
[13:00:34 +1m 35s | thequantuminsider_2024_01_17_guest_post_the_unexaggerated_magic_of_quantum] Extracting actors: https://thequantuminsider.com/2024/01/17/guest-post-the-unexaggerated-magic-of-quantum (1/1), chunk 18/42
[13:00:40 +1m 41s | thequantuminsider_2024_01_17_guest_post_the_unexaggerated_magic_of_quantum] Repaired malformed JSON.
[13:00:40 +1m 41s | thequantuminsider_2024_01_17_guest_post_the_unexaggerated_magic_of_quantum] Extracting actors: https://thequantuminsider.com/2024/01/17/guest-post-the-unexaggerated-magic-of-quantum (1/1), chunk 19/42
[13:00:48 +1m 49s | thequantuminsider_2024_01_17_guest_post_the_unexaggerated_magic_of_quantum] Repaired malformed JSON.
[13:00:48 +1m 49s | thequantuminsider_2024_01_17_guest_post_the_unexaggerated_magic_of_quantum] Extracting actors: https://thequantuminsider.com/2024/01/17/guest-post-the-unexaggerated-magic-of-quantum (1/1), chunk 20/42
[13:00:55 +1m 56s | thequantuminsider_2024_01_17_guest_post_the_unexaggerated_magic_of_quantum] Repaired malformed JSON.
[13:00:55 +1m 56s | thequantuminsider_2024_01_17_guest_post_the_unexaggerated_magic_of_quantum] Extracting actors: https://thequantuminsider.com/2024/01/17/guest-post-the-unexaggerated-magic-of-quantum (1/1), chunk 21/42
[13:01:03 +2m 4s | thequantuminsider_2024_01_17_guest_post_the_unexaggerated_magic_of_quantum] Repaired malformed JSON.
[13:01:03 +2m 4s | thequantuminsider_2024_01_17_guest_post_the_unexaggerated_magic_of_quantum] Extracting actors: https://thequantuminsider.com/2024/01/17/guest-post-the-unexaggerated-magic-of-quantum (1/1), chunk 22/42
[13:01:07 +2m 8s | thequantuminsider_2024_01_17_guest_post_the_unexaggerated_magic_of_quantum] Extracting actors: https://thequantuminsider.com/2024/01/17/guest-post-the-unexaggerated-magic-of-quantum (1/1), chunk 23/42
[13:01:12 +2m 13s | thequantuminsider_2024_01_17_guest_post_the_unexaggerated_magic_of_quantum] Repaired malformed JSON.
[13:01:12 +2m 13s | thequantuminsider_2024_01_17_guest_post_the_unexaggerated_magic_of_quantum] Extracting actors: https://thequantuminsider.com/2024/01/17/guest-post-the-unexaggerated-magic-of-quantum (1/1), chunk 24/42
[13:01:18 +2m 19s | thequantuminsider_2024_01_17_guest_post_the_unexaggerated_magic_of_quantum] Repaired malformed JSON.
[13:01:18 +2m 19s | thequantuminsider_2024_01_17_guest_post_the_unexaggerated_magic_of_quantum] Extracting actors: https://thequantuminsider.com/2024/01/17/guest-post-the-unexaggerated-magic-of-quantum (1/1), chunk 25/42
[13:01:24 +2m 25s | thequantuminsider_2024_01_17_guest_post_the_unexaggerated_magic_of_quantum] Repaired malformed JSON.
[13:01:24 +2m 25s | thequantuminsider_2024_01_17_guest_post_the_unexaggerated_magic_of_quantum] Extracting actors: https://thequantuminsider.com/2024/01/17/guest-post-the-unexaggerated-magic-of-quantum (1/1), chunk 26/42
[13:01:31 +2m 32s | thequantuminsider_2024_01_17_guest_post_the_unexaggerated_magic_of_quantum] Repaired malformed JSON.
[13:01:31 +2m 32s | thequantuminsider_2024_01_17_guest_post_the_unexaggerated_magic_of_quantum] Extracting actors: https://thequantuminsider.com/2024/01/17/guest-post-the-unexaggerated-magic-of-quantum (1/1), chunk 27/42
[13:01:39 +2m 40s | thequantuminsider_2024_01_17_guest_post_the_unexaggerated_magic_of_quantum] Repaired malformed JSON.
[13:01:39 +2m 40s | thequantuminsider_2024_01_17_guest_post_the_unexaggerated_magic_of_quantum] Extracting actors: https://thequantuminsider.com/2024/01/17/guest-post-the-unexaggerated-magic-of-quantum (1/1), chunk 28/42
[13:01:48 +2m 49s | thequantuminsider_2024_01_17_guest_post_the_unexaggerated_magic_of_quantum] Repaired malformed JSON.
[13:01:48 +2m 49s | thequantuminsider_2024_01_17_guest_post_the_unexaggerated_magic_of_quantum] Extracting actors: https://thequantuminsider.com/2024/01/17/guest-post-the-unexaggerated-magic-of-quantum (1/1), chunk 29/42
[13:01:54 +2m 55s | thequantuminsider_2024_01_17_guest_post_the_unexaggerated_magic_of_quantum] Repaired malformed JSON.
[13:01:54 +2m 55s | thequantuminsider_2024_01_17_guest_post_the_unexaggerated_magic_of_quantum] Extracting actors: https://thequantuminsider.com/2024/01/17/guest-post-the-unexaggerated-magic-of-quantum (1/1), chunk 30/42
[13:02:02 +3m 3s | thequantuminsider_2024_01_17_guest_post_the_unexaggerated_magic_of_quantum] Repaired malformed JSON.
[13:02:02 +3m 3s | thequantuminsider_2024_01_17_guest_post_the_unexaggerated_magic_of_quantum] Extracting actors: https://thequantuminsider.com/2024/01/17/guest-post-the-unexaggerated-magic-of-quantum (1/1), chunk 31/42
[13:02:08 +3m 9s | thequantuminsider_2024_01_17_guest_post_the_unexaggerated_magic_of_quantum] Repaired malformed JSON.
[13:02:08 +3m 9s | thequantuminsider_2024_01_17_guest_post_the_unexaggerated_magic_of_quantum] Extracting actors: https://thequantuminsider.com/2024/01/17/guest-post-the-unexaggerated-magic-of-quantum (1/1), chunk 32/42
[13:02:13 +3m 15s | thequantuminsider_2024_01_17_guest_post_the_unexaggerated_magic_of_quantum] Extracting actors: https://thequantuminsider.com/2024/01/17/guest-post-the-unexaggerated-magic-of-quantum (1/1), chunk 33/42
[13:02:25 +3m 26s | thequantuminsider_2024_01_17_guest_post_the_unexaggerated_magic_of_quantum] Repaired malformed JSON.
[13:02:25 +3m 26s | thequantuminsider_2024_01_17_guest_post_the_unexaggerated_magic_of_quantum] Extracting actors: https://thequantuminsider.com/2024/01/17/guest-post-the-unexaggerated-magic-of-quantum (1/1), chunk 34/42
[13:02:34 +3m 35s | thequantuminsider_2024_01_17_guest_post_the_unexaggerated_magic_of_quantum] Repaired malformed JSON.
[13:02:34 +3m 35s | thequantuminsider_2024_01_17_guest_post_the_unexaggerated_magic_of_quantum] Extracting actors: https://thequantuminsider.com/2024/01/17/guest-post-the-unexaggerated-magic-of-quantum (1/1), chunk 35/42
[13:02:41 +3m 42s | thequantuminsider_2024_01_17_guest_post_the_unexaggerated_magic_of_quantum] Repaired malformed JSON.
[13:02:41 +3m 42s | thequantuminsider_2024_01_17_guest_post_the_unexaggerated_magic_of_quantum] Extracting actors: https://thequantuminsider.com/2024/01/17/guest-post-the-unexaggerated-magic-of-quantum (1/1), chunk 36/42
[13:02:49 +3m 50s | thequantuminsider_2024_01_17_guest_post_the_unexaggerated_magic_of_quantum] Repaired malformed JSON.
[13:02:49 +3m 50s | thequantuminsider_2024_01_17_guest_post_the_unexaggerated_magic_of_quantum] Extracting actors: https://thequantuminsider.com/2024/01/17/guest-post-the-unexaggerated-magic-of-quantum (1/1), chunk 37/42
[13:02:56 +3m 57s | thequantuminsider_2024_01_17_guest_post_the_unexaggerated_magic_of_quantum] Repaired malformed JSON.
[13:02:56 +3m 57s | thequantuminsider_2024_01_17_guest_post_the_unexaggerated_magic_of_quantum] Extracting actors: https://thequantuminsider.com/2024/01/17/guest-post-the-unexaggerated-magic-of-quantum (1/1), chunk 38/42
[13:03:02 +4m 3s | thequantuminsider_2024_01_17_guest_post_the_unexaggerated_magic_of_quantum] Repaired malformed JSON.
[13:03:02 +4m 3s | thequantuminsider_2024_01_17_guest_post_the_unexaggerated_magic_of_quantum] Extracting actors: https://thequantuminsider.com/2024/01/17/guest-post-the-unexaggerated-magic-of-quantum (1/1), chunk 39/42
[13:03:08 +4m 10s | thequantuminsider_2024_01_17_guest_post_the_unexaggerated_magic_of_quantum] Repaired malformed JSON.
[13:03:08 +4m 10s | thequantuminsider_2024_01_17_guest_post_the_unexaggerated_magic_of_quantum] Extracting actors: https://thequantuminsider.com/2024/01/17/guest-post-the-unexaggerated-magic-of-quantum (1/1), chunk 40/42
[13:03:18 +4m 19s | thequantuminsider_2024_01_17_guest_post_the_unexaggerated_magic_of_quantum] Repaired malformed JSON.
[13:03:18 +4m 19s | thequantuminsider_2024_01_17_guest_post_the_unexaggerated_magic_of_quantum] Extracting actors: https://thequantuminsider.com/2024/01/17/guest-post-the-unexaggerated-magic-of-quantum (1/1), chunk 41/42
[13:03:27 +4m 28s | thequantuminsider_2024_01_17_guest_post_the_unexaggerated_magic_of_quantum] Repaired malformed JSON.
[13:03:27 +4m 28s | thequantuminsider_2024_01_17_guest_post_the_unexaggerated_magic_of_quantum] Extracting actors: https://thequantuminsider.com/2024/01/17/guest-post-the-unexaggerated-magic-of-quantum (1/1), chunk 42/42
[13:03:34 +4m 35s | thequantuminsider_2024_01_17_guest_post_the_unexaggerated_magic_of_quantum] Repaired malformed JSON.
[13:03:34 +4m 35s | thequantuminsider_2024_01_17_guest_post_the_unexaggerated_magic_of_quantum] Saved 1_actor_results.json with 67 extracted records

[13:03:35 +4m 36s | thequantuminsider_2024_01_17_guest_post_the_unexaggerated_magic_of_quantum] === 2 clean actors ===
[13:03:35 +4m 36s | thequantuminsider_2024_01_17_guest_post_the_unexaggerated_magic_of_quantum] Loaded 67 extracted records
[13:03:35 +4m 36s | thequantuminsider_2024_01_17_guest_post_the_unexaggerated_magic_of_quantum] Saved 2_actor_nodes.json with 29 canonical actor nodes

[13:03:35 +4m 36s | thequantuminsider_2024_01_17_guest_post_the_unexaggerated_magic_of_quantum] === 3 interaction extraction ===
[13:03:35 +4m 36s | thequantuminsider_2024_01_17_guest_post_the_unexaggerated_magic_of_quantum] Extracting interactions: https://thequantuminsider.com/2024/01/17/guest-post-the-unexaggerated-magic-of-quantum (1/1), chunk 12/42
[13:03:40 +4m 41s | thequantuminsider_2024_01_17_guest_post_the_unexaggerated_magic_of_quantum] Extracting interactions: https://thequantuminsider.com/2024/01/17/guest-post-the-unexaggerated-magic-of-quantum (1/1), chunk 13/42
[13:03:53 +4m 54s | thequantuminsider_2024_01_17_guest_post_the_unexaggerated_magic_of_quantum] Extracting interactions: https://thequantuminsider.com/2024/01/17/guest-post-the-unexaggerated-magic-of-quantum (1/1), chunk 14/42
[13:04:00 +5m 1s | thequantuminsider_2024_01_17_guest_post_the_unexaggerated_magic_of_quantum] Extracting interactions: https://thequantuminsider.com/2024/01/17/guest-post-the-unexaggerated-magic-of-quantum (1/1), chunk 16/42
[13:04:05 +5m 6s | thequantuminsider_2024_01_17_guest_post_the_unexaggerated_magic_of_quantum] Extracting interactions: https://thequantuminsider.com/2024/01/17/guest-post-the-unexaggerated-magic-of-quantum (1/1), chunk 17/42
[13:04:10 +5m 11s | thequantuminsider_2024_01_17_guest_post_the_unexaggerated_magic_of_quantum] Extracting interactions: https://thequantuminsider.com/2024/01/17/guest-post-the-unexaggerated-magic-of-quantum (1/1), chunk 18/42
[13:04:17 +5m 19s | thequantuminsider_2024_01_17_guest_post_the_unexaggerated_magic_of_quantum] Extracting interactions: https://thequantuminsider.com/2024/01/17/guest-post-the-unexaggerated-magic-of-quantum (1/1), chunk 19/42
[13:04:27 +5m 28s | thequantuminsider_2024_01_17_guest_post_the_unexaggerated_magic_of_quantum] Extracting interactions: https://thequantuminsider.com/2024/01/17/guest-post-the-unexaggerated-magic-of-quantum (1/1), chunk 20/42
[13:04:34 +5m 36s | thequantuminsider_2024_01_17_guest_post_the_unexaggerated_magic_of_quantum] Extracting interactions: https://thequantuminsider.com/2024/01/17/guest-post-the-unexaggerated-magic-of-quantum (1/1), chunk 23/42
[13:04:36 +5m 37s | thequantuminsider_2024_01_17_guest_post_the_unexaggerated_magic_of_quantum] Extracting interactions: https://thequantuminsider.com/2024/01/17/guest-post-the-unexaggerated-magic-of-quantum (1/1), chunk 24/42
[13:04:40 +5m 41s | thequantuminsider_2024_01_17_guest_post_the_unexaggerated_magic_of_quantum] Extracting interactions: https://thequantuminsider.com/2024/01/17/guest-post-the-unexaggerated-magic-of-quantum (1/1), chunk 25/42
[13:04:42 +5m 43s | thequantuminsider_2024_01_17_guest_post_the_unexaggerated_magic_of_quantum] Extracting interactions: https://thequantuminsider.com/2024/01/17/guest-post-the-unexaggerated-magic-of-quantum (1/1), chunk 26/42
[13:04:46 +5m 48s | thequantuminsider_2024_01_17_guest_post_the_unexaggerated_magic_of_quantum] Extracting interactions: https://thequantuminsider.com/2024/01/17/guest-post-the-unexaggerated-magic-of-quantum (1/1), chunk 27/42
[13:04:50 +5m 51s | thequantuminsider_2024_01_17_guest_post_the_unexaggerated_magic_of_quantum] Extracting interactions: https://thequantuminsider.com/2024/01/17/guest-post-the-unexaggerated-magic-of-quantum (1/1), chunk 28/42
[13:04:55 +5m 56s | thequantuminsider_2024_01_17_guest_post_the_unexaggerated_magic_of_quantum] Extracting interactions: https://thequantuminsider.com/2024/01/17/guest-post-the-unexaggerated-magic-of-quantum (1/1), chunk 29/42
[13:05:00 +6m 1s | thequantuminsider_2024_01_17_guest_post_the_unexaggerated_magic_of_quantum] Extracting interactions: https://thequantuminsider.com/2024/01/17/guest-post-the-unexaggerated-magic-of-quantum (1/1), chunk 31/42
[13:05:05 +6m 6s | thequantuminsider_2024_01_17_guest_post_the_unexaggerated_magic_of_quantum] Extracting interactions: https://thequantuminsider.com/2024/01/17/guest-post-the-unexaggerated-magic-of-quantum (1/1), chunk 32/42
[13:05:10 +6m 11s | thequantuminsider_2024_01_17_guest_post_the_unexaggerated_magic_of_quantum] Extracting interactions: https://thequantuminsider.com/2024/01/17/guest-post-the-unexaggerated-magic-of-quantum (1/1), chunk 33/42
[13:05:45 +6m 47s | thequantuminsider_2024_01_17_guest_post_the_unexaggerated_magic_of_quantum] Extracting interactions: https://thequantuminsider.com/2024/01/17/guest-post-the-unexaggerated-magic-of-quantum (1/1), chunk 34/42
[13:05:47 +6m 48s | thequantuminsider_2024_01_17_guest_post_the_unexaggerated_magic_of_quantum] Extracting interactions: https://thequantuminsider.com/2024/01/17/guest-post-the-unexaggerated-magic-of-quantum (1/1), chunk 35/42
[13:05:48 +6m 49s | thequantuminsider_2024_01_17_guest_post_the_unexaggerated_magic_of_quantum] Extracting interactions: https://thequantuminsider.com/2024/01/17/guest-post-the-unexaggerated-magic-of-quantum (1/1), chunk 36/42
[13:05:50 +6m 51s | thequantuminsider_2024_01_17_guest_post_the_unexaggerated_magic_of_quantum] Extracting interactions: https://thequantuminsider.com/2024/01/17/guest-post-the-unexaggerated-magic-of-quantum (1/1), chunk 37/42
[13:05:51 +6m 52s | thequantuminsider_2024_01_17_guest_post_the_unexaggerated_magic_of_quantum] Extracting interactions: https://thequantuminsider.com/2024/01/17/guest-post-the-unexaggerated-magic-of-quantum (1/1), chunk 38/42
[13:05:53 +6m 55s | thequantuminsider_2024_01_17_guest_post_the_unexaggerated_magic_of_quantum] Extracting interactions: https://thequantuminsider.com/2024/01/17/guest-post-the-unexaggerated-magic-of-quantum (1/1), chunk 39/42
[13:05:55 +6m 56s | thequantuminsider_2024_01_17_guest_post_the_unexaggerated_magic_of_quantum] Extracting interactions: https://thequantuminsider.com/2024/01/17/guest-post-the-unexaggerated-magic-of-quantum (1/1), chunk 40/42
[13:05:56 +6m 58s | thequantuminsider_2024_01_17_guest_post_the_unexaggerated_magic_of_quantum] Extracting interactions: https://thequantuminsider.com/2024/01/17/guest-post-the-unexaggerated-magic-of-quantum (1/1), chunk 41/42
[13:05:58 +6m 59s | thequantuminsider_2024_01_17_guest_post_the_unexaggerated_magic_of_quantum] Extracting interactions: https://thequantuminsider.com/2024/01/17/guest-post-the-unexaggerated-magic-of-quantum (1/1), chunk 42/42
[13:05:59 +7m 0s | thequantuminsider_2024_01_17_guest_post_the_unexaggerated_magic_of_quantum] Saved 3_interaction_results.json with 23 extracted interactions.

[13:06:00 +7m 1s | thequantuminsider_2024_01_17_guest_post_the_unexaggerated_magic_of_quantum] === 4 clean interactions ===
[13:06:00 +7m 1s | thequantuminsider_2024_01_17_guest_post_the_unexaggerated_magic_of_quantum] Saved 4_edges.json with 7 cleaned interactions.

[13:06:00 +7m 1s | thequantuminsider_2024_01_17_guest_post_the_unexaggerated_magic_of_quantum] === 5 helix enrichment ===
[13:06:00 +7m 1s | thequantuminsider_2024_01_17_guest_post_the_unexaggerated_magic_of_quantum] Wrote 5_nodes.json (29 actors)
[13:06:00 +7m 1s | thequantuminsider_2024_01_17_guest_post_the_unexaggerated_magic_of_quantum] Wrote 5_edges.json (7 interactions)
[13:06:00 +7m 1s | thequantuminsider_2024_01_17_guest_post_the_unexaggerated_magic_of_quantum] Actor helix counts: {'Civil Society': 5, 'Industry': 8, 'Unknown': 16}
[13:06:00 +7m 1s | thequantuminsider_2024_01_17_guest_post_the_unexaggerated_magic_of_quantum] Functional-space counts: {'Intra-helix / Not classified': 7}

[13:06:00 +7m 1s | thequantuminsider_2024_01_17_guest_post_the_unexaggerated_magic_of_quantum] === 6 network visualisation ===
[13:06:00 +7m 1s | thequantuminsider_2024_01_17_guest_post_the_unexaggerated_magic_of_quantum] Wrote quantum_network.html
[13:06:00 +7m 1s | thequantuminsider_2024_01_17_guest_post_the_unexaggerated_magic_of_quantum] Nodes: 29
[13:06:00 +7m 1s | thequantuminsider_2024_01_17_guest_post_the_unexaggerated_magic_of_quantum] Edges: 3

[13:06:01 +7m 2s | thequantuminsider_2024_01_17_guest_post_the_unexaggerated_magic_of_quantum] Done. Outputs written to: /home/lv/IDP/idpdeeptech/pipeline/news_outputs/thequantuminsider_2024_01_17_guest_post_the_unexaggerated_magic_of_quantum
[13:06:01 +7m 2s | thequantuminsider_2024_01_17_guest_post_the_unexaggerated_magic_of_quantum] Log: /home/lv/IDP/idpdeeptech/pipeline/news_outputs/thequantuminsider_2024_01_17_guest_post_the_unexaggerated_magic_of_quantum/run.log

========================================================================
RUN FINISHED 2026-07-02 13:06:01  (OK)
Started:     2026-07-02 12:58:59
Elapsed:     7m 2s
========================================================================
