
========================================================================
RUN STARTED  2026-07-01 21:57:14
site_pipeline.py https://thequantuminsider.com/2020/08/19/quantum-computing-now-podcast-episode-19-interview-with-dr-zlatko-minev/
========================================================================

[21:57:14 +0s | thequantuminsider_2020_08_19_quantum_computing_now_podcast_episode_19_interview_with_dr_z_b69cdf46] === 0 crawl site ===
[21:57:15 +1s | thequantuminsider_2020_08_19_quantum_computing_now_podcast_episode_19_interview_with_dr_z_b69cdf46] [INIT].... → Crawl4AI 0.8.6 
[21:57:18 +4s | thequantuminsider_2020_08_19_quantum_computing_now_podcast_episode_19_interview_with_dr_z_b69cdf46] [FETCH]... ↓ https://thequantuminsider.com/2020/08/19/quantum...dcast-episode-19-interview-with-dr-zlatko-minev/  | ✓ | ⏱: 2.85s 
[21:57:18 +4s | thequantuminsider_2020_08_19_quantum_computing_now_podcast_episode_19_interview_with_dr_z_b69cdf46] [SCRAPE].. ◆ https://thequantuminsider.com/2020/08/19/quantum...dcast-episode-19-interview-with-dr-zlatko-minev/  | ✓ | ⏱: 0.10s 
[21:57:18 +4s | thequantuminsider_2020_08_19_quantum_computing_now_podcast_episode_19_interview_with_dr_z_b69cdf46] [COMPLETE] ● https://thequantuminsider.com/2020/08/19/quantum...dcast-episode-19-interview-with-dr-zlatko-minev/  | ✓ | ⏱: 2.97s 
[21:57:18 +4s | thequantuminsider_2020_08_19_quantum_computing_now_podcast_episode_19_interview_with_dr_z_b69cdf46] Saved: crawl_output/d20278aca3_thequantuminsider.com_2020_08_19_quantum-computing-now-podcast-episode-19-interview-with-dr-zlatko-minev.json

[21:57:18 +4s | thequantuminsider_2020_08_19_quantum_computing_now_podcast_episode_19_interview_with_dr_z_b69cdf46] === 1 actor extraction ===
[21:57:18 +4s | thequantuminsider_2020_08_19_quantum_computing_now_podcast_episode_19_interview_with_dr_z_b69cdf46] Reading page (1/1): https://thequantuminsider.com/2020/08/19/quantum-computing-now-podcast-episode-19-interview-with-dr-zlatko-minev
[21:57:18 +4s | thequantuminsider_2020_08_19_quantum_computing_now_podcast_episode_19_interview_with_dr_z_b69cdf46] Extracting actors: https://thequantuminsider.com/2020/08/19/quantum-computing-now-podcast-episode-19-interview-with-dr-zlatko-minev (1/1), chunk 1/36
[21:57:24 +10s | thequantuminsider_2020_08_19_quantum_computing_now_podcast_episode_19_interview_with_dr_z_b69cdf46] Extracting actors: https://thequantuminsider.com/2020/08/19/quantum-computing-now-podcast-episode-19-interview-with-dr-zlatko-minev (1/1), chunk 2/36
[21:57:28 +14s | thequantuminsider_2020_08_19_quantum_computing_now_podcast_episode_19_interview_with_dr_z_b69cdf46] Extracting actors: https://thequantuminsider.com/2020/08/19/quantum-computing-now-podcast-episode-19-interview-with-dr-zlatko-minev (1/1), chunk 3/36
[21:57:37 +24s | thequantuminsider_2020_08_19_quantum_computing_now_podcast_episode_19_interview_with_dr_z_b69cdf46] Repaired malformed JSON.
[21:57:37 +24s | thequantuminsider_2020_08_19_quantum_computing_now_podcast_episode_19_interview_with_dr_z_b69cdf46] Extracting actors: https://thequantuminsider.com/2020/08/19/quantum-computing-now-podcast-episode-19-interview-with-dr-zlatko-minev (1/1), chunk 4/36
[21:57:46 +29s | thequantuminsider_2020_08_19_quantum_computing_now_podcast_episode_19_interview_with_dr_z_b69cdf46] Extracting actors: https://thequantuminsider.com/2020/08/19/quantum-computing-now-podcast-episode-19-interview-with-dr-zlatko-minev (1/1), chunk 5/36
[21:57:52 +35s | thequantuminsider_2020_08_19_quantum_computing_now_podcast_episode_19_interview_with_dr_z_b69cdf46] Extracting actors: https://thequantuminsider.com/2020/08/19/quantum-computing-now-podcast-episode-19-interview-with-dr-zlatko-minev (1/1), chunk 6/36
[21:57:56 +39s | thequantuminsider_2020_08_19_quantum_computing_now_podcast_episode_19_interview_with_dr_z_b69cdf46] Extracting actors: https://thequantuminsider.com/2020/08/19/quantum-computing-now-podcast-episode-19-interview-with-dr-zlatko-minev (1/1), chunk 7/36
[21:58:01 +44s | thequantuminsider_2020_08_19_quantum_computing_now_podcast_episode_19_interview_with_dr_z_b69cdf46] Extracting actors: https://thequantuminsider.com/2020/08/19/quantum-computing-now-podcast-episode-19-interview-with-dr-zlatko-minev (1/1), chunk 8/36
[21:58:07 +50s | thequantuminsider_2020_08_19_quantum_computing_now_podcast_episode_19_interview_with_dr_z_b69cdf46] Extracting actors: https://thequantuminsider.com/2020/08/19/quantum-computing-now-podcast-episode-19-interview-with-dr-zlatko-minev (1/1), chunk 9/36
[21:58:19 +59s | thequantuminsider_2020_08_19_quantum_computing_now_podcast_episode_19_interview_with_dr_z_b69cdf46] Extracting actors: https://thequantuminsider.com/2020/08/19/quantum-computing-now-podcast-episode-19-interview-with-dr-zlatko-minev (1/1), chunk 10/36
[21:58:26 +1m 7s | thequantuminsider_2020_08_19_quantum_computing_now_podcast_episode_19_interview_with_dr_z_b69cdf46] Repaired malformed JSON.
[21:58:26 +1m 7s | thequantuminsider_2020_08_19_quantum_computing_now_podcast_episode_19_interview_with_dr_z_b69cdf46] Extracting actors: https://thequantuminsider.com/2020/08/19/quantum-computing-now-podcast-episode-19-interview-with-dr-zlatko-minev (1/1), chunk 11/36
[21:58:34 +1m 14s | thequantuminsider_2020_08_19_quantum_computing_now_podcast_episode_19_interview_with_dr_z_b69cdf46] Repaired malformed JSON.
[21:58:34 +1m 14s | thequantuminsider_2020_08_19_quantum_computing_now_podcast_episode_19_interview_with_dr_z_b69cdf46] Extracting actors: https://thequantuminsider.com/2020/08/19/quantum-computing-now-podcast-episode-19-interview-with-dr-zlatko-minev (1/1), chunk 12/36
[21:58:43 +1m 24s | thequantuminsider_2020_08_19_quantum_computing_now_podcast_episode_19_interview_with_dr_z_b69cdf46] Repaired malformed JSON.
[21:58:43 +1m 24s | thequantuminsider_2020_08_19_quantum_computing_now_podcast_episode_19_interview_with_dr_z_b69cdf46] Extracting actors: https://thequantuminsider.com/2020/08/19/quantum-computing-now-podcast-episode-19-interview-with-dr-zlatko-minev (1/1), chunk 13/36
[21:58:54 +1m 31s | thequantuminsider_2020_08_19_quantum_computing_now_podcast_episode_19_interview_with_dr_z_b69cdf46] Repaired malformed JSON.
[21:58:54 +1m 31s | thequantuminsider_2020_08_19_quantum_computing_now_podcast_episode_19_interview_with_dr_z_b69cdf46] Extracting actors: https://thequantuminsider.com/2020/08/19/quantum-computing-now-podcast-episode-19-interview-with-dr-zlatko-minev (1/1), chunk 14/36
[21:59:00 +1m 38s | thequantuminsider_2020_08_19_quantum_computing_now_podcast_episode_19_interview_with_dr_z_b69cdf46] Repaired malformed JSON.
[21:59:00 +1m 38s | thequantuminsider_2020_08_19_quantum_computing_now_podcast_episode_19_interview_with_dr_z_b69cdf46] Extracting actors: https://thequantuminsider.com/2020/08/19/quantum-computing-now-podcast-episode-19-interview-with-dr-zlatko-minev (1/1), chunk 15/36
[21:59:08 +1m 45s | thequantuminsider_2020_08_19_quantum_computing_now_podcast_episode_19_interview_with_dr_z_b69cdf46] Repaired malformed JSON.
[21:59:08 +1m 45s | thequantuminsider_2020_08_19_quantum_computing_now_podcast_episode_19_interview_with_dr_z_b69cdf46] Extracting actors: https://thequantuminsider.com/2020/08/19/quantum-computing-now-podcast-episode-19-interview-with-dr-zlatko-minev (1/1), chunk 16/36
[21:59:16 +1m 54s | thequantuminsider_2020_08_19_quantum_computing_now_podcast_episode_19_interview_with_dr_z_b69cdf46] Repaired malformed JSON.
[21:59:16 +1m 54s | thequantuminsider_2020_08_19_quantum_computing_now_podcast_episode_19_interview_with_dr_z_b69cdf46] Extracting actors: https://thequantuminsider.com/2020/08/19/quantum-computing-now-podcast-episode-19-interview-with-dr-zlatko-minev (1/1), chunk 17/36
[21:59:22 +2m 0s | thequantuminsider_2020_08_19_quantum_computing_now_podcast_episode_19_interview_with_dr_z_b69cdf46] Repaired malformed JSON.
[21:59:22 +2m 0s | thequantuminsider_2020_08_19_quantum_computing_now_podcast_episode_19_interview_with_dr_z_b69cdf46] Extracting actors: https://thequantuminsider.com/2020/08/19/quantum-computing-now-podcast-episode-19-interview-with-dr-zlatko-minev (1/1), chunk 18/36
[21:59:30 +2m 5s | thequantuminsider_2020_08_19_quantum_computing_now_podcast_episode_19_interview_with_dr_z_b69cdf46] Repaired malformed JSON.
[21:59:30 +2m 5s | thequantuminsider_2020_08_19_quantum_computing_now_podcast_episode_19_interview_with_dr_z_b69cdf46] Extracting actors: https://thequantuminsider.com/2020/08/19/quantum-computing-now-podcast-episode-19-interview-with-dr-zlatko-minev (1/1), chunk 19/36
[21:59:39 +2m 13s | thequantuminsider_2020_08_19_quantum_computing_now_podcast_episode_19_interview_with_dr_z_b69cdf46] Repaired malformed JSON.
[21:59:39 +2m 13s | thequantuminsider_2020_08_19_quantum_computing_now_podcast_episode_19_interview_with_dr_z_b69cdf46] Extracting actors: https://thequantuminsider.com/2020/08/19/quantum-computing-now-podcast-episode-19-interview-with-dr-zlatko-minev (1/1), chunk 20/36
