
========================================================================
RUN STARTED  2026-07-01 23:26:28
site_pipeline.py https://thequantuminsider.com/2020/02/01/the-quantum-weekly-digest-making-it-big-in-quantum-computing/
========================================================================

[23:26:28 +0s | thequantuminsider_2020_02_01_the_quantum_weekly_digest_making_it_big_in_quantum_computing] === 0 crawl site ===
[23:26:29 +1s | thequantuminsider_2020_02_01_the_quantum_weekly_digest_making_it_big_in_quantum_computing] [INIT].... → Crawl4AI 0.8.6 
[23:26:36 +7s | thequantuminsider_2020_02_01_the_quantum_weekly_digest_making_it_big_in_quantum_computing] [FETCH]... ↓ https://thequantuminsider.com/2020/02/01/the-qua...eekly-digest-making-it-big-in-quantum-computing/  | ✓ | ⏱: 6.21s 
[23:26:36 +7s | thequantuminsider_2020_02_01_the_quantum_weekly_digest_making_it_big_in_quantum_computing] [SCRAPE].. ◆ https://thequantuminsider.com/2020/02/01/the-qua...eekly-digest-making-it-big-in-quantum-computing/  | ✓ | ⏱: 0.10s 
[23:26:36 +7s | thequantuminsider_2020_02_01_the_quantum_weekly_digest_making_it_big_in_quantum_computing] [COMPLETE] ● https://thequantuminsider.com/2020/02/01/the-qua...eekly-digest-making-it-big-in-quantum-computing/  | ✓ | ⏱: 6.33s 
[23:26:36 +7s | thequantuminsider_2020_02_01_the_quantum_weekly_digest_making_it_big_in_quantum_computing] Saved: crawl_output/cda5f4696e_thequantuminsider.com_2020_02_01_the-quantum-weekly-digest-making-it-big-in-quantum-computing.json

[23:26:36 +8s | thequantuminsider_2020_02_01_the_quantum_weekly_digest_making_it_big_in_quantum_computing] === 1 actor extraction ===
[23:26:36 +8s | thequantuminsider_2020_02_01_the_quantum_weekly_digest_making_it_big_in_quantum_computing] Reading page (1/1): https://thequantuminsider.com/2020/02/01/the-quantum-weekly-digest-making-it-big-in-quantum-computing
[23:26:36 +8s | thequantuminsider_2020_02_01_the_quantum_weekly_digest_making_it_big_in_quantum_computing] Extracting actors: https://thequantuminsider.com/2020/02/01/the-quantum-weekly-digest-making-it-big-in-quantum-computing (1/1), chunk 1/38
[23:26:41 +13s | thequantuminsider_2020_02_01_the_quantum_weekly_digest_making_it_big_in_quantum_computing] Extracting actors: https://thequantuminsider.com/2020/02/01/the-quantum-weekly-digest-making-it-big-in-quantum-computing (1/1), chunk 2/38
[23:26:45 +17s | thequantuminsider_2020_02_01_the_quantum_weekly_digest_making_it_big_in_quantum_computing] Extracting actors: https://thequantuminsider.com/2020/02/01/the-quantum-weekly-digest-making-it-big-in-quantum-computing (1/1), chunk 3/38
[23:26:49 +21s | thequantuminsider_2020_02_01_the_quantum_weekly_digest_making_it_big_in_quantum_computing] Extracting actors: https://thequantuminsider.com/2020/02/01/the-quantum-weekly-digest-making-it-big-in-quantum-computing (1/1), chunk 4/38
[23:26:53 +25s | thequantuminsider_2020_02_01_the_quantum_weekly_digest_making_it_big_in_quantum_computing] Extracting actors: https://thequantuminsider.com/2020/02/01/the-quantum-weekly-digest-making-it-big-in-quantum-computing (1/1), chunk 5/38
[23:26:57 +29s | thequantuminsider_2020_02_01_the_quantum_weekly_digest_making_it_big_in_quantum_computing] Extracting actors: https://thequantuminsider.com/2020/02/01/the-quantum-weekly-digest-making-it-big-in-quantum-computing (1/1), chunk 6/38
[23:27:07 +36s | thequantuminsider_2020_02_01_the_quantum_weekly_digest_making_it_big_in_quantum_computing] Extracting actors: https://thequantuminsider.com/2020/02/01/the-quantum-weekly-digest-making-it-big-in-quantum-computing (1/1), chunk 7/38
[23:27:11 +39s | thequantuminsider_2020_02_01_the_quantum_weekly_digest_making_it_big_in_quantum_computing] Extracting actors: https://thequantuminsider.com/2020/02/01/the-quantum-weekly-digest-making-it-big-in-quantum-computing (1/1), chunk 8/38
[23:27:15 +44s | thequantuminsider_2020_02_01_the_quantum_weekly_digest_making_it_big_in_quantum_computing] Extracting actors: https://thequantuminsider.com/2020/02/01/the-quantum-weekly-digest-making-it-big-in-quantum-computing (1/1), chunk 9/38
[23:27:19 +48s | thequantuminsider_2020_02_01_the_quantum_weekly_digest_making_it_big_in_quantum_computing] Extracting actors: https://thequantuminsider.com/2020/02/01/the-quantum-weekly-digest-making-it-big-in-quantum-computing (1/1), chunk 10/38
[23:27:26 +55s | thequantuminsider_2020_02_01_the_quantum_weekly_digest_making_it_big_in_quantum_computing] Extracting actors: https://thequantuminsider.com/2020/02/01/the-quantum-weekly-digest-making-it-big-in-quantum-computing (1/1), chunk 11/38
[23:27:32 +1m 0s | thequantuminsider_2020_02_01_the_quantum_weekly_digest_making_it_big_in_quantum_computing] Extracting actors: https://thequantuminsider.com/2020/02/01/the-quantum-weekly-digest-making-it-big-in-quantum-computing (1/1), chunk 12/38
[23:27:41 +1m 7s | thequantuminsider_2020_02_01_the_quantum_weekly_digest_making_it_big_in_quantum_computing] Repaired malformed JSON.
[23:27:41 +1m 7s | thequantuminsider_2020_02_01_the_quantum_weekly_digest_making_it_big_in_quantum_computing] Extracting actors: https://thequantuminsider.com/2020/02/01/the-quantum-weekly-digest-making-it-big-in-quantum-computing (1/1), chunk 13/38
[23:27:47 +1m 13s | thequantuminsider_2020_02_01_the_quantum_weekly_digest_making_it_big_in_quantum_computing] Repaired malformed JSON.
[23:27:47 +1m 13s | thequantuminsider_2020_02_01_the_quantum_weekly_digest_making_it_big_in_quantum_computing] Extracting actors: https://thequantuminsider.com/2020/02/01/the-quantum-weekly-digest-making-it-big-in-quantum-computing (1/1), chunk 14/38
[23:27:55 +1m 21s | thequantuminsider_2020_02_01_the_quantum_weekly_digest_making_it_big_in_quantum_computing] Repaired malformed JSON.
[23:27:55 +1m 21s | thequantuminsider_2020_02_01_the_quantum_weekly_digest_making_it_big_in_quantum_computing] Extracting actors: https://thequantuminsider.com/2020/02/01/the-quantum-weekly-digest-making-it-big-in-quantum-computing (1/1), chunk 15/38
[23:28:02 +1m 28s | thequantuminsider_2020_02_01_the_quantum_weekly_digest_making_it_big_in_quantum_computing] Repaired malformed JSON.
[23:28:02 +1m 28s | thequantuminsider_2020_02_01_the_quantum_weekly_digest_making_it_big_in_quantum_computing] Extracting actors: https://thequantuminsider.com/2020/02/01/the-quantum-weekly-digest-making-it-big-in-quantum-computing (1/1), chunk 16/38
[23:28:08 +1m 34s | thequantuminsider_2020_02_01_the_quantum_weekly_digest_making_it_big_in_quantum_computing] Repaired malformed JSON.
[23:28:08 +1m 34s | thequantuminsider_2020_02_01_the_quantum_weekly_digest_making_it_big_in_quantum_computing] Extracting actors: https://thequantuminsider.com/2020/02/01/the-quantum-weekly-digest-making-it-big-in-quantum-computing (1/1), chunk 17/38
[23:28:17 +1m 40s | thequantuminsider_2020_02_01_the_quantum_weekly_digest_making_it_big_in_quantum_computing] Repaired malformed JSON.
[23:28:17 +1m 40s | thequantuminsider_2020_02_01_the_quantum_weekly_digest_making_it_big_in_quantum_computing] Extracting actors: https://thequantuminsider.com/2020/02/01/the-quantum-weekly-digest-making-it-big-in-quantum-computing (1/1), chunk 18/38
[23:28:26 +1m 48s | thequantuminsider_2020_02_01_the_quantum_weekly_digest_making_it_big_in_quantum_computing] Repaired malformed JSON.
[23:28:26 +1m 48s | thequantuminsider_2020_02_01_the_quantum_weekly_digest_making_it_big_in_quantum_computing] Extracting actors: https://thequantuminsider.com/2020/02/01/the-quantum-weekly-digest-making-it-big-in-quantum-computing (1/1), chunk 19/38
[23:28:33 +1m 56s | thequantuminsider_2020_02_01_the_quantum_weekly_digest_making_it_big_in_quantum_computing] Repaired malformed JSON.
[23:28:33 +1m 56s | thequantuminsider_2020_02_01_the_quantum_weekly_digest_making_it_big_in_quantum_computing] Extracting actors: https://thequantuminsider.com/2020/02/01/the-quantum-weekly-digest-making-it-big-in-quantum-computing (1/1), chunk 20/38
[23:28:42 +2m 5s | thequantuminsider_2020_02_01_the_quantum_weekly_digest_making_it_big_in_quantum_computing] Repaired malformed JSON.
[23:28:42 +2m 5s | thequantuminsider_2020_02_01_the_quantum_weekly_digest_making_it_big_in_quantum_computing] Extracting actors: https://thequantuminsider.com/2020/02/01/the-quantum-weekly-digest-making-it-big-in-quantum-computing (1/1), chunk 21/38
[23:28:52 +2m 12s | thequantuminsider_2020_02_01_the_quantum_weekly_digest_making_it_big_in_quantum_computing] Repaired malformed JSON.
[23:28:52 +2m 12s | thequantuminsider_2020_02_01_the_quantum_weekly_digest_making_it_big_in_quantum_computing] Extracting actors: https://thequantuminsider.com/2020/02/01/the-quantum-weekly-digest-making-it-big-in-quantum-computing (1/1), chunk 22/38
[23:29:01 +2m 21s | thequantuminsider_2020_02_01_the_quantum_weekly_digest_making_it_big_in_quantum_computing] Repaired malformed JSON.
[23:29:01 +2m 21s | thequantuminsider_2020_02_01_the_quantum_weekly_digest_making_it_big_in_quantum_computing] Extracting actors: https://thequantuminsider.com/2020/02/01/the-quantum-weekly-digest-making-it-big-in-quantum-computing (1/1), chunk 23/38
[23:29:10 +2m 30s | thequantuminsider_2020_02_01_the_quantum_weekly_digest_making_it_big_in_quantum_computing] Repaired malformed JSON.
[23:29:10 +2m 30s | thequantuminsider_2020_02_01_the_quantum_weekly_digest_making_it_big_in_quantum_computing] Extracting actors: https://thequantuminsider.com/2020/02/01/the-quantum-weekly-digest-making-it-big-in-quantum-computing (1/1), chunk 24/38
[23:29:17 +2m 37s | thequantuminsider_2020_02_01_the_quantum_weekly_digest_making_it_big_in_quantum_computing] Repaired malformed JSON.
[23:29:17 +2m 37s | thequantuminsider_2020_02_01_the_quantum_weekly_digest_making_it_big_in_quantum_computing] Extracting actors: https://thequantuminsider.com/2020/02/01/the-quantum-weekly-digest-making-it-big-in-quantum-computing (1/1), chunk 25/38
[23:29:28 +2m 45s | thequantuminsider_2020_02_01_the_quantum_weekly_digest_making_it_big_in_quantum_computing] Repaired malformed JSON.
[23:29:28 +2m 45s | thequantuminsider_2020_02_01_the_quantum_weekly_digest_making_it_big_in_quantum_computing] Extracting actors: https://thequantuminsider.com/2020/02/01/the-quantum-weekly-digest-making-it-big-in-quantum-computing (1/1), chunk 26/38
[23:29:34 +2m 51s | thequantuminsider_2020_02_01_the_quantum_weekly_digest_making_it_big_in_quantum_computing] Extracting actors: https://thequantuminsider.com/2020/02/01/the-quantum-weekly-digest-making-it-big-in-quantum-computing (1/1), chunk 27/38
[23:29:39 +2m 56s | thequantuminsider_2020_02_01_the_quantum_weekly_digest_making_it_big_in_quantum_computing] Repaired malformed JSON.
[23:29:39 +2m 56s | thequantuminsider_2020_02_01_the_quantum_weekly_digest_making_it_big_in_quantum_computing] Extracting actors: https://thequantuminsider.com/2020/02/01/the-quantum-weekly-digest-making-it-big-in-quantum-computing (1/1), chunk 28/38
[23:29:45 +3m 3s | thequantuminsider_2020_02_01_the_quantum_weekly_digest_making_it_big_in_quantum_computing] Extracting actors: https://thequantuminsider.com/2020/02/01/the-quantum-weekly-digest-making-it-big-in-quantum-computing (1/1), chunk 29/38
[23:29:50 +3m 7s | thequantuminsider_2020_02_01_the_quantum_weekly_digest_making_it_big_in_quantum_computing] Extracting actors: https://thequantuminsider.com/2020/02/01/the-quantum-weekly-digest-making-it-big-in-quantum-computing (1/1), chunk 30/38
[23:29:52 +3m 9s | thequantuminsider_2020_02_01_the_quantum_weekly_digest_making_it_big_in_quantum_computing] Extracting actors: https://thequantuminsider.com/2020/02/01/the-quantum-weekly-digest-making-it-big-in-quantum-computing (1/1), chunk 31/38
[23:30:03 +3m 17s | thequantuminsider_2020_02_01_the_quantum_weekly_digest_making_it_big_in_quantum_computing] Repaired malformed JSON.
[23:30:03 +3m 17s | thequantuminsider_2020_02_01_the_quantum_weekly_digest_making_it_big_in_quantum_computing] Extracting actors: https://thequantuminsider.com/2020/02/01/the-quantum-weekly-digest-making-it-big-in-quantum-computing (1/1), chunk 32/38
[23:30:11 +3m 25s | thequantuminsider_2020_02_01_the_quantum_weekly_digest_making_it_big_in_quantum_computing] Repaired malformed JSON.
[23:30:11 +3m 25s | thequantuminsider_2020_02_01_the_quantum_weekly_digest_making_it_big_in_quantum_computing] Extracting actors: https://thequantuminsider.com/2020/02/01/the-quantum-weekly-digest-making-it-big-in-quantum-computing (1/1), chunk 33/38
[23:30:18 +3m 32s | thequantuminsider_2020_02_01_the_quantum_weekly_digest_making_it_big_in_quantum_computing] Repaired malformed JSON.
[23:30:18 +3m 32s | thequantuminsider_2020_02_01_the_quantum_weekly_digest_making_it_big_in_quantum_computing] Extracting actors: https://thequantuminsider.com/2020/02/01/the-quantum-weekly-digest-making-it-big-in-quantum-computing (1/1), chunk 34/38
[23:30:27 +3m 41s | thequantuminsider_2020_02_01_the_quantum_weekly_digest_making_it_big_in_quantum_computing] Repaired malformed JSON.
[23:30:27 +3m 41s | thequantuminsider_2020_02_01_the_quantum_weekly_digest_making_it_big_in_quantum_computing] Extracting actors: https://thequantuminsider.com/2020/02/01/the-quantum-weekly-digest-making-it-big-in-quantum-computing (1/1), chunk 35/38
[23:30:38 +3m 49s | thequantuminsider_2020_02_01_the_quantum_weekly_digest_making_it_big_in_quantum_computing] Repaired malformed JSON.
[23:30:38 +3m 49s | thequantuminsider_2020_02_01_the_quantum_weekly_digest_making_it_big_in_quantum_computing] Extracting actors: https://thequantuminsider.com/2020/02/01/the-quantum-weekly-digest-making-it-big-in-quantum-computing (1/1), chunk 36/38
[23:30:45 +3m 56s | thequantuminsider_2020_02_01_the_quantum_weekly_digest_making_it_big_in_quantum_computing] Repaired malformed JSON.
[23:30:45 +3m 56s | thequantuminsider_2020_02_01_the_quantum_weekly_digest_making_it_big_in_quantum_computing] Extracting actors: https://thequantuminsider.com/2020/02/01/the-quantum-weekly-digest-making-it-big-in-quantum-computing (1/1), chunk 37/38
[23:30:53 +4m 5s | thequantuminsider_2020_02_01_the_quantum_weekly_digest_making_it_big_in_quantum_computing] Repaired malformed JSON.
[23:30:53 +4m 5s | thequantuminsider_2020_02_01_the_quantum_weekly_digest_making_it_big_in_quantum_computing] Extracting actors: https://thequantuminsider.com/2020/02/01/the-quantum-weekly-digest-making-it-big-in-quantum-computing (1/1), chunk 38/38
[23:31:02 +4m 14s | thequantuminsider_2020_02_01_the_quantum_weekly_digest_making_it_big_in_quantum_computing] Repaired malformed JSON.
[23:31:02 +4m 14s | thequantuminsider_2020_02_01_the_quantum_weekly_digest_making_it_big_in_quantum_computing] Saved 1_actor_results.json with 55 extracted records

[23:31:03 +4m 14s | thequantuminsider_2020_02_01_the_quantum_weekly_digest_making_it_big_in_quantum_computing] === 2 clean actors ===
[23:31:03 +4m 14s | thequantuminsider_2020_02_01_the_quantum_weekly_digest_making_it_big_in_quantum_computing] Loaded 55 extracted records
[23:31:03 +4m 14s | thequantuminsider_2020_02_01_the_quantum_weekly_digest_making_it_big_in_quantum_computing] Saved 2_actor_nodes.json with 24 canonical actor nodes

[23:31:03 +4m 14s | thequantuminsider_2020_02_01_the_quantum_weekly_digest_making_it_big_in_quantum_computing] === 3 interaction extraction ===
[23:31:03 +4m 14s | thequantuminsider_2020_02_01_the_quantum_weekly_digest_making_it_big_in_quantum_computing] Extracting interactions: https://thequantuminsider.com/2020/02/01/the-quantum-weekly-digest-making-it-big-in-quantum-computing (1/1), chunk 12/38
[23:31:06 +4m 17s | thequantuminsider_2020_02_01_the_quantum_weekly_digest_making_it_big_in_quantum_computing] Extracting interactions: https://thequantuminsider.com/2020/02/01/the-quantum-weekly-digest-making-it-big-in-quantum-computing (1/1), chunk 13/38
[23:31:18 +4m 26s | thequantuminsider_2020_02_01_the_quantum_weekly_digest_making_it_big_in_quantum_computing] Extracting interactions: https://thequantuminsider.com/2020/02/01/the-quantum-weekly-digest-making-it-big-in-quantum-computing (1/1), chunk 14/38
[23:31:19 +4m 27s | thequantuminsider_2020_02_01_the_quantum_weekly_digest_making_it_big_in_quantum_computing] Extracting interactions: https://thequantuminsider.com/2020/02/01/the-quantum-weekly-digest-making-it-big-in-quantum-computing (1/1), chunk 15/38
[23:31:23 +4m 31s | thequantuminsider_2020_02_01_the_quantum_weekly_digest_making_it_big_in_quantum_computing] Extracting interactions: https://thequantuminsider.com/2020/02/01/the-quantum-weekly-digest-making-it-big-in-quantum-computing (1/1), chunk 16/38
[23:31:28 +4m 36s | thequantuminsider_2020_02_01_the_quantum_weekly_digest_making_it_big_in_quantum_computing] Extracting interactions: https://thequantuminsider.com/2020/02/01/the-quantum-weekly-digest-making-it-big-in-quantum-computing (1/1), chunk 17/38
[23:31:33 +4m 41s | thequantuminsider_2020_02_01_the_quantum_weekly_digest_making_it_big_in_quantum_computing] Extracting interactions: https://thequantuminsider.com/2020/02/01/the-quantum-weekly-digest-making-it-big-in-quantum-computing (1/1), chunk 18/38
[23:31:39 +4m 47s | thequantuminsider_2020_02_01_the_quantum_weekly_digest_making_it_big_in_quantum_computing] Extracting interactions: https://thequantuminsider.com/2020/02/01/the-quantum-weekly-digest-making-it-big-in-quantum-computing (1/1), chunk 19/38
[23:31:50 +4m 55s | thequantuminsider_2020_02_01_the_quantum_weekly_digest_making_it_big_in_quantum_computing] Extracting interactions: https://thequantuminsider.com/2020/02/01/the-quantum-weekly-digest-making-it-big-in-quantum-computing (1/1), chunk 20/38
[23:32:15 +5m 20s | thequantuminsider_2020_02_01_the_quantum_weekly_digest_making_it_big_in_quantum_computing] Extracting interactions: https://thequantuminsider.com/2020/02/01/the-quantum-weekly-digest-making-it-big-in-quantum-computing (1/1), chunk 21/38
[23:32:32 +5m 34s | thequantuminsider_2020_02_01_the_quantum_weekly_digest_making_it_big_in_quantum_computing] Extracting interactions: https://thequantuminsider.com/2020/02/01/the-quantum-weekly-digest-making-it-big-in-quantum-computing (1/1), chunk 22/38
[23:32:40 +5m 42s | thequantuminsider_2020_02_01_the_quantum_weekly_digest_making_it_big_in_quantum_computing] Extracting interactions: https://thequantuminsider.com/2020/02/01/the-quantum-weekly-digest-making-it-big-in-quantum-computing (1/1), chunk 23/38
[23:32:49 +5m 51s | thequantuminsider_2020_02_01_the_quantum_weekly_digest_making_it_big_in_quantum_computing] Extracting interactions: https://thequantuminsider.com/2020/02/01/the-quantum-weekly-digest-making-it-big-in-quantum-computing (1/1), chunk 24/38
[23:32:53 +5m 55s | thequantuminsider_2020_02_01_the_quantum_weekly_digest_making_it_big_in_quantum_computing] Extracting interactions: https://thequantuminsider.com/2020/02/01/the-quantum-weekly-digest-making-it-big-in-quantum-computing (1/1), chunk 25/38
[23:32:58 +5m 57s | thequantuminsider_2020_02_01_the_quantum_weekly_digest_making_it_big_in_quantum_computing] Extracting interactions: https://thequantuminsider.com/2020/02/01/the-quantum-weekly-digest-making-it-big-in-quantum-computing (1/1), chunk 27/38
[23:33:02 +6m 1s | thequantuminsider_2020_02_01_the_quantum_weekly_digest_making_it_big_in_quantum_computing] Extracting interactions: https://thequantuminsider.com/2020/02/01/the-quantum-weekly-digest-making-it-big-in-quantum-computing (1/1), chunk 28/38
[23:33:05 +6m 5s | thequantuminsider_2020_02_01_the_quantum_weekly_digest_making_it_big_in_quantum_computing] Extracting interactions: https://thequantuminsider.com/2020/02/01/the-quantum-weekly-digest-making-it-big-in-quantum-computing (1/1), chunk 29/38
[23:33:43 +6m 40s | thequantuminsider_2020_02_01_the_quantum_weekly_digest_making_it_big_in_quantum_computing] Extracting interactions: https://thequantuminsider.com/2020/02/01/the-quantum-weekly-digest-making-it-big-in-quantum-computing (1/1), chunk 31/38
[23:33:45 +6m 41s | thequantuminsider_2020_02_01_the_quantum_weekly_digest_making_it_big_in_quantum_computing] Extracting interactions: https://thequantuminsider.com/2020/02/01/the-quantum-weekly-digest-making-it-big-in-quantum-computing (1/1), chunk 32/38
[23:33:46 +6m 43s | thequantuminsider_2020_02_01_the_quantum_weekly_digest_making_it_big_in_quantum_computing] Extracting interactions: https://thequantuminsider.com/2020/02/01/the-quantum-weekly-digest-making-it-big-in-quantum-computing (1/1), chunk 33/38
[23:33:48 +6m 44s | thequantuminsider_2020_02_01_the_quantum_weekly_digest_making_it_big_in_quantum_computing] Extracting interactions: https://thequantuminsider.com/2020/02/01/the-quantum-weekly-digest-making-it-big-in-quantum-computing (1/1), chunk 34/38
[23:33:49 +6m 45s | thequantuminsider_2020_02_01_the_quantum_weekly_digest_making_it_big_in_quantum_computing] Extracting interactions: https://thequantuminsider.com/2020/02/01/the-quantum-weekly-digest-making-it-big-in-quantum-computing (1/1), chunk 35/38
[23:33:50 +6m 47s | thequantuminsider_2020_02_01_the_quantum_weekly_digest_making_it_big_in_quantum_computing] Extracting interactions: https://thequantuminsider.com/2020/02/01/the-quantum-weekly-digest-making-it-big-in-quantum-computing (1/1), chunk 36/38
[23:33:52 +6m 48s | thequantuminsider_2020_02_01_the_quantum_weekly_digest_making_it_big_in_quantum_computing] Extracting interactions: https://thequantuminsider.com/2020/02/01/the-quantum-weekly-digest-making-it-big-in-quantum-computing (1/1), chunk 37/38
[23:33:53 +6m 50s | thequantuminsider_2020_02_01_the_quantum_weekly_digest_making_it_big_in_quantum_computing] Extracting interactions: https://thequantuminsider.com/2020/02/01/the-quantum-weekly-digest-making-it-big-in-quantum-computing (1/1), chunk 38/38
[23:33:55 +6m 52s | thequantuminsider_2020_02_01_the_quantum_weekly_digest_making_it_big_in_quantum_computing] Saved 3_interaction_results.json with 24 extracted interactions.

[23:33:55 +6m 52s | thequantuminsider_2020_02_01_the_quantum_weekly_digest_making_it_big_in_quantum_computing] === 4 clean interactions ===
[23:33:55 +6m 52s | thequantuminsider_2020_02_01_the_quantum_weekly_digest_making_it_big_in_quantum_computing] Saved 4_edges.json with 1 cleaned interactions.

[23:33:55 +6m 52s | thequantuminsider_2020_02_01_the_quantum_weekly_digest_making_it_big_in_quantum_computing] === 5 helix enrichment ===
[23:33:55 +6m 52s | thequantuminsider_2020_02_01_the_quantum_weekly_digest_making_it_big_in_quantum_computing] Wrote 5_nodes.json (24 actors)
[23:33:55 +6m 52s | thequantuminsider_2020_02_01_the_quantum_weekly_digest_making_it_big_in_quantum_computing] Wrote 5_edges.json (1 interactions)
[23:33:55 +6m 52s | thequantuminsider_2020_02_01_the_quantum_weekly_digest_making_it_big_in_quantum_computing] Actor helix counts: {'Academia': 1, 'Civil Society': 5, 'Government': 3, 'Industry': 6, 'Unknown': 9}
[23:33:55 +6m 52s | thequantuminsider_2020_02_01_the_quantum_weekly_digest_making_it_big_in_quantum_computing] Functional-space counts: {'Intra-helix / Not classified': 1}

[23:33:55 +6m 52s | thequantuminsider_2020_02_01_the_quantum_weekly_digest_making_it_big_in_quantum_computing] === 6 network visualisation ===
[23:33:56 +6m 52s | thequantuminsider_2020_02_01_the_quantum_weekly_digest_making_it_big_in_quantum_computing] Wrote quantum_network.html
[23:33:56 +6m 52s | thequantuminsider_2020_02_01_the_quantum_weekly_digest_making_it_big_in_quantum_computing] Nodes: 24
[23:33:56 +6m 52s | thequantuminsider_2020_02_01_the_quantum_weekly_digest_making_it_big_in_quantum_computing] Edges: 1

[23:33:56 +6m 52s | thequantuminsider_2020_02_01_the_quantum_weekly_digest_making_it_big_in_quantum_computing] Done. Outputs written to: /home/lv/IDP/idpdeeptech/pipeline/news_outputs/thequantuminsider_2020_02_01_the_quantum_weekly_digest_making_it_big_in_quantum_computing
[23:33:56 +6m 52s | thequantuminsider_2020_02_01_the_quantum_weekly_digest_making_it_big_in_quantum_computing] Log: /home/lv/IDP/idpdeeptech/pipeline/news_outputs/thequantuminsider_2020_02_01_the_quantum_weekly_digest_making_it_big_in_quantum_computing/run.log

========================================================================
RUN FINISHED 2026-07-01 23:33:56  (OK)
Started:     2026-07-01 23:26:28
Elapsed:     6m 52s
========================================================================
