
========================================================================
RUN STARTED  2026-07-01 19:51:44
site_pipeline.py https://thequantuminsider.com/2020/06/22/hqss-quantum-assisted-design-toolbox-aimed-at-unlocking-currently-impossible-simulation-capabilities/
========================================================================

[19:51:44 +0s | thequantuminsider_2020_06_22_hqss_quantum_assisted_design_toolbox_aimed_at_unlocking_curr_a208f10e] === 0 crawl site ===
[19:51:45 +1s | thequantuminsider_2020_06_22_hqss_quantum_assisted_design_toolbox_aimed_at_unlocking_curr_a208f10e] [INIT].... → Crawl4AI 0.8.6 
[19:51:48 +4s | thequantuminsider_2020_06_22_hqss_quantum_assisted_design_toolbox_aimed_at_unlocking_curr_a208f10e] [FETCH]... ↓ https://thequantuminsider.com/2020/06/22/hqss-qu...ng-currently-impossible-simulation-capabilities/  | ✓ | ⏱: 2.61s 
[19:51:48 +4s | thequantuminsider_2020_06_22_hqss_quantum_assisted_design_toolbox_aimed_at_unlocking_curr_a208f10e] [SCRAPE].. ◆ https://thequantuminsider.com/2020/06/22/hqss-qu...ng-currently-impossible-simulation-capabilities/  | ✓ | ⏱: 0.09s 
[19:51:48 +4s | thequantuminsider_2020_06_22_hqss_quantum_assisted_design_toolbox_aimed_at_unlocking_curr_a208f10e] [COMPLETE] ● https://thequantuminsider.com/2020/06/22/hqss-qu...ng-currently-impossible-simulation-capabilities/  | ✓ | ⏱: 2.72s 
[19:51:48 +4s | thequantuminsider_2020_06_22_hqss_quantum_assisted_design_toolbox_aimed_at_unlocking_curr_a208f10e] Saved: crawl_output/5c2cd9812b_thequantuminsider.com_2020_06_22_hqss-quantum-assisted-design-toolbox-aimed-at-unlocking-currently-impossible-simulation-capabilities.json

[19:51:48 +4s | thequantuminsider_2020_06_22_hqss_quantum_assisted_design_toolbox_aimed_at_unlocking_curr_a208f10e] === 1 actor extraction ===
[19:51:49 +4s | thequantuminsider_2020_06_22_hqss_quantum_assisted_design_toolbox_aimed_at_unlocking_curr_a208f10e] Reading page (1/1): https://thequantuminsider.com/2020/06/22/hqss-quantum-assisted-design-toolbox-aimed-at-unlocking-currently-impossible-simulation-capabilities
[19:51:49 +4s | thequantuminsider_2020_06_22_hqss_quantum_assisted_design_toolbox_aimed_at_unlocking_curr_a208f10e] Extracting actors: https://thequantuminsider.com/2020/06/22/hqss-quantum-assisted-design-toolbox-aimed-at-unlocking-currently-impossible-simulation-capabilities (1/1), chunk 1/39
[19:51:53 +9s | thequantuminsider_2020_06_22_hqss_quantum_assisted_design_toolbox_aimed_at_unlocking_curr_a208f10e] Extracting actors: https://thequantuminsider.com/2020/06/22/hqss-quantum-assisted-design-toolbox-aimed-at-unlocking-currently-impossible-simulation-capabilities (1/1), chunk 2/39
[19:51:57 +13s | thequantuminsider_2020_06_22_hqss_quantum_assisted_design_toolbox_aimed_at_unlocking_curr_a208f10e] Extracting actors: https://thequantuminsider.com/2020/06/22/hqss-quantum-assisted-design-toolbox-aimed-at-unlocking-currently-impossible-simulation-capabilities (1/1), chunk 3/39
[19:52:03 +19s | thequantuminsider_2020_06_22_hqss_quantum_assisted_design_toolbox_aimed_at_unlocking_curr_a208f10e] Extracting actors: https://thequantuminsider.com/2020/06/22/hqss-quantum-assisted-design-toolbox-aimed-at-unlocking-currently-impossible-simulation-capabilities (1/1), chunk 4/39
[19:52:09 +25s | thequantuminsider_2020_06_22_hqss_quantum_assisted_design_toolbox_aimed_at_unlocking_curr_a208f10e] Extracting actors: https://thequantuminsider.com/2020/06/22/hqss-quantum-assisted-design-toolbox-aimed-at-unlocking-currently-impossible-simulation-capabilities (1/1), chunk 5/39
[19:52:17 +29s | thequantuminsider_2020_06_22_hqss_quantum_assisted_design_toolbox_aimed_at_unlocking_curr_a208f10e] Extracting actors: https://thequantuminsider.com/2020/06/22/hqss-quantum-assisted-design-toolbox-aimed-at-unlocking-currently-impossible-simulation-capabilities (1/1), chunk 6/39
[19:52:23 +36s | thequantuminsider_2020_06_22_hqss_quantum_assisted_design_toolbox_aimed_at_unlocking_curr_a208f10e] Extracting actors: https://thequantuminsider.com/2020/06/22/hqss-quantum-assisted-design-toolbox-aimed-at-unlocking-currently-impossible-simulation-capabilities (1/1), chunk 7/39
[19:52:29 +42s | thequantuminsider_2020_06_22_hqss_quantum_assisted_design_toolbox_aimed_at_unlocking_curr_a208f10e] Extracting actors: https://thequantuminsider.com/2020/06/22/hqss-quantum-assisted-design-toolbox-aimed-at-unlocking-currently-impossible-simulation-capabilities (1/1), chunk 8/39
[19:52:35 +48s | thequantuminsider_2020_06_22_hqss_quantum_assisted_design_toolbox_aimed_at_unlocking_curr_a208f10e] Extracting actors: https://thequantuminsider.com/2020/06/22/hqss-quantum-assisted-design-toolbox-aimed-at-unlocking-currently-impossible-simulation-capabilities (1/1), chunk 9/39
[19:52:39 +51s | thequantuminsider_2020_06_22_hqss_quantum_assisted_design_toolbox_aimed_at_unlocking_curr_a208f10e] Extracting actors: https://thequantuminsider.com/2020/06/22/hqss-quantum-assisted-design-toolbox-aimed-at-unlocking-currently-impossible-simulation-capabilities (1/1), chunk 10/39
[19:52:44 +57s | thequantuminsider_2020_06_22_hqss_quantum_assisted_design_toolbox_aimed_at_unlocking_curr_a208f10e] Extracting actors: https://thequantuminsider.com/2020/06/22/hqss-quantum-assisted-design-toolbox-aimed-at-unlocking-currently-impossible-simulation-capabilities (1/1), chunk 11/39
[19:52:48 +1m 0s | thequantuminsider_2020_06_22_hqss_quantum_assisted_design_toolbox_aimed_at_unlocking_curr_a208f10e] Extracting actors: https://thequantuminsider.com/2020/06/22/hqss-quantum-assisted-design-toolbox-aimed-at-unlocking-currently-impossible-simulation-capabilities (1/1), chunk 12/39
[19:52:59 +1m 9s | thequantuminsider_2020_06_22_hqss_quantum_assisted_design_toolbox_aimed_at_unlocking_curr_a208f10e] Extracting actors: https://thequantuminsider.com/2020/06/22/hqss-quantum-assisted-design-toolbox-aimed-at-unlocking-currently-impossible-simulation-capabilities (1/1), chunk 13/39
[19:53:05 +1m 15s | thequantuminsider_2020_06_22_hqss_quantum_assisted_design_toolbox_aimed_at_unlocking_curr_a208f10e] Repaired malformed JSON.
[19:53:05 +1m 15s | thequantuminsider_2020_06_22_hqss_quantum_assisted_design_toolbox_aimed_at_unlocking_curr_a208f10e] Extracting actors: https://thequantuminsider.com/2020/06/22/hqss-quantum-assisted-design-toolbox-aimed-at-unlocking-currently-impossible-simulation-capabilities (1/1), chunk 14/39
[19:53:14 +1m 24s | thequantuminsider_2020_06_22_hqss_quantum_assisted_design_toolbox_aimed_at_unlocking_curr_a208f10e] Repaired malformed JSON.
[19:53:14 +1m 24s | thequantuminsider_2020_06_22_hqss_quantum_assisted_design_toolbox_aimed_at_unlocking_curr_a208f10e] Extracting actors: https://thequantuminsider.com/2020/06/22/hqss-quantum-assisted-design-toolbox-aimed-at-unlocking-currently-impossible-simulation-capabilities (1/1), chunk 15/39
[19:53:20 +1m 29s | thequantuminsider_2020_06_22_hqss_quantum_assisted_design_toolbox_aimed_at_unlocking_curr_a208f10e] Repaired malformed JSON.
[19:53:20 +1m 29s | thequantuminsider_2020_06_22_hqss_quantum_assisted_design_toolbox_aimed_at_unlocking_curr_a208f10e] Extracting actors: https://thequantuminsider.com/2020/06/22/hqss-quantum-assisted-design-toolbox-aimed-at-unlocking-currently-impossible-simulation-capabilities (1/1), chunk 16/39
[19:53:31 +1m 38s | thequantuminsider_2020_06_22_hqss_quantum_assisted_design_toolbox_aimed_at_unlocking_curr_a208f10e] Repaired malformed JSON.
[19:53:31 +1m 38s | thequantuminsider_2020_06_22_hqss_quantum_assisted_design_toolbox_aimed_at_unlocking_curr_a208f10e] Extracting actors: https://thequantuminsider.com/2020/06/22/hqss-quantum-assisted-design-toolbox-aimed-at-unlocking-currently-impossible-simulation-capabilities (1/1), chunk 17/39
[19:53:39 +1m 46s | thequantuminsider_2020_06_22_hqss_quantum_assisted_design_toolbox_aimed_at_unlocking_curr_a208f10e] Repaired malformed JSON.
[19:53:39 +1m 46s | thequantuminsider_2020_06_22_hqss_quantum_assisted_design_toolbox_aimed_at_unlocking_curr_a208f10e] Extracting actors: https://thequantuminsider.com/2020/06/22/hqss-quantum-assisted-design-toolbox-aimed-at-unlocking-currently-impossible-simulation-capabilities (1/1), chunk 18/39
[19:53:45 +1m 52s | thequantuminsider_2020_06_22_hqss_quantum_assisted_design_toolbox_aimed_at_unlocking_curr_a208f10e] Repaired malformed JSON.
[19:53:45 +1m 52s | thequantuminsider_2020_06_22_hqss_quantum_assisted_design_toolbox_aimed_at_unlocking_curr_a208f10e] Extracting actors: https://thequantuminsider.com/2020/06/22/hqss-quantum-assisted-design-toolbox-aimed-at-unlocking-currently-impossible-simulation-capabilities (1/1), chunk 19/39
[19:53:53 +2m 0s | thequantuminsider_2020_06_22_hqss_quantum_assisted_design_toolbox_aimed_at_unlocking_curr_a208f10e] Repaired malformed JSON.
[19:53:53 +2m 0s | thequantuminsider_2020_06_22_hqss_quantum_assisted_design_toolbox_aimed_at_unlocking_curr_a208f10e] Extracting actors: https://thequantuminsider.com/2020/06/22/hqss-quantum-assisted-design-toolbox-aimed-at-unlocking-currently-impossible-simulation-capabilities (1/1), chunk 20/39
[19:54:03 +2m 6s | thequantuminsider_2020_06_22_hqss_quantum_assisted_design_toolbox_aimed_at_unlocking_curr_a208f10e] Repaired malformed JSON.
[19:54:03 +2m 6s | thequantuminsider_2020_06_22_hqss_quantum_assisted_design_toolbox_aimed_at_unlocking_curr_a208f10e] Extracting actors: https://thequantuminsider.com/2020/06/22/hqss-quantum-assisted-design-toolbox-aimed-at-unlocking-currently-impossible-simulation-capabilities (1/1), chunk 21/39
[19:54:09 +2m 13s | thequantuminsider_2020_06_22_hqss_quantum_assisted_design_toolbox_aimed_at_unlocking_curr_a208f10e] Repaired malformed JSON.
[19:54:09 +2m 13s | thequantuminsider_2020_06_22_hqss_quantum_assisted_design_toolbox_aimed_at_unlocking_curr_a208f10e] Extracting actors: https://thequantuminsider.com/2020/06/22/hqss-quantum-assisted-design-toolbox-aimed-at-unlocking-currently-impossible-simulation-capabilities (1/1), chunk 22/39
[19:54:15 +2m 19s | thequantuminsider_2020_06_22_hqss_quantum_assisted_design_toolbox_aimed_at_unlocking_curr_a208f10e] Repaired malformed JSON.
[19:54:15 +2m 19s | thequantuminsider_2020_06_22_hqss_quantum_assisted_design_toolbox_aimed_at_unlocking_curr_a208f10e] Extracting actors: https://thequantuminsider.com/2020/06/22/hqss-quantum-assisted-design-toolbox-aimed-at-unlocking-currently-impossible-simulation-capabilities (1/1), chunk 23/39
[19:54:22 +2m 26s | thequantuminsider_2020_06_22_hqss_quantum_assisted_design_toolbox_aimed_at_unlocking_curr_a208f10e] Repaired malformed JSON.
[19:54:22 +2m 26s | thequantuminsider_2020_06_22_hqss_quantum_assisted_design_toolbox_aimed_at_unlocking_curr_a208f10e] Extracting actors: https://thequantuminsider.com/2020/06/22/hqss-quantum-assisted-design-toolbox-aimed-at-unlocking-currently-impossible-simulation-capabilities (1/1), chunk 24/39
[19:54:30 +2m 34s | thequantuminsider_2020_06_22_hqss_quantum_assisted_design_toolbox_aimed_at_unlocking_curr_a208f10e] Repaired malformed JSON.
[19:54:30 +2m 34s | thequantuminsider_2020_06_22_hqss_quantum_assisted_design_toolbox_aimed_at_unlocking_curr_a208f10e] Extracting actors: https://thequantuminsider.com/2020/06/22/hqss-quantum-assisted-design-toolbox-aimed-at-unlocking-currently-impossible-simulation-capabilities (1/1), chunk 25/39
[19:54:39 +2m 40s | thequantuminsider_2020_06_22_hqss_quantum_assisted_design_toolbox_aimed_at_unlocking_curr_a208f10e] Repaired malformed JSON.
[19:54:39 +2m 40s | thequantuminsider_2020_06_22_hqss_quantum_assisted_design_toolbox_aimed_at_unlocking_curr_a208f10e] Extracting actors: https://thequantuminsider.com/2020/06/22/hqss-quantum-assisted-design-toolbox-aimed-at-unlocking-currently-impossible-simulation-capabilities (1/1), chunk 26/39
[19:54:44 +2m 45s | thequantuminsider_2020_06_22_hqss_quantum_assisted_design_toolbox_aimed_at_unlocking_curr_a208f10e] Repaired malformed JSON.
[19:54:44 +2m 45s | thequantuminsider_2020_06_22_hqss_quantum_assisted_design_toolbox_aimed_at_unlocking_curr_a208f10e] Extracting actors: https://thequantuminsider.com/2020/06/22/hqss-quantum-assisted-design-toolbox-aimed-at-unlocking-currently-impossible-simulation-capabilities (1/1), chunk 27/39
[19:54:49 +2m 50s | thequantuminsider_2020_06_22_hqss_quantum_assisted_design_toolbox_aimed_at_unlocking_curr_a208f10e] Extracting actors: https://thequantuminsider.com/2020/06/22/hqss-quantum-assisted-design-toolbox-aimed-at-unlocking-currently-impossible-simulation-capabilities (1/1), chunk 28/39
[19:54:56 +2m 57s | thequantuminsider_2020_06_22_hqss_quantum_assisted_design_toolbox_aimed_at_unlocking_curr_a208f10e] Repaired malformed JSON.
[19:54:56 +2m 57s | thequantuminsider_2020_06_22_hqss_quantum_assisted_design_toolbox_aimed_at_unlocking_curr_a208f10e] Extracting actors: https://thequantuminsider.com/2020/06/22/hqss-quantum-assisted-design-toolbox-aimed-at-unlocking-currently-impossible-simulation-capabilities (1/1), chunk 29/39
[19:55:00 +3m 1s | thequantuminsider_2020_06_22_hqss_quantum_assisted_design_toolbox_aimed_at_unlocking_curr_a208f10e] Extracting actors: https://thequantuminsider.com/2020/06/22/hqss-quantum-assisted-design-toolbox-aimed-at-unlocking-currently-impossible-simulation-capabilities (1/1), chunk 30/39
[19:55:05 +3m 5s | thequantuminsider_2020_06_22_hqss_quantum_assisted_design_toolbox_aimed_at_unlocking_curr_a208f10e] Extracting actors: https://thequantuminsider.com/2020/06/22/hqss-quantum-assisted-design-toolbox-aimed-at-unlocking-currently-impossible-simulation-capabilities (1/1), chunk 31/39
[19:55:14 +3m 12s | thequantuminsider_2020_06_22_hqss_quantum_assisted_design_toolbox_aimed_at_unlocking_curr_a208f10e] Repaired malformed JSON.
[19:55:14 +3m 12s | thequantuminsider_2020_06_22_hqss_quantum_assisted_design_toolbox_aimed_at_unlocking_curr_a208f10e] Extracting actors: https://thequantuminsider.com/2020/06/22/hqss-quantum-assisted-design-toolbox-aimed-at-unlocking-currently-impossible-simulation-capabilities (1/1), chunk 32/39
[19:55:23 +3m 21s | thequantuminsider_2020_06_22_hqss_quantum_assisted_design_toolbox_aimed_at_unlocking_curr_a208f10e] Repaired malformed JSON.
[19:55:23 +3m 21s | thequantuminsider_2020_06_22_hqss_quantum_assisted_design_toolbox_aimed_at_unlocking_curr_a208f10e] Extracting actors: https://thequantuminsider.com/2020/06/22/hqss-quantum-assisted-design-toolbox-aimed-at-unlocking-currently-impossible-simulation-capabilities (1/1), chunk 33/39
[19:55:31 +3m 29s | thequantuminsider_2020_06_22_hqss_quantum_assisted_design_toolbox_aimed_at_unlocking_curr_a208f10e] Repaired malformed JSON.
[19:55:31 +3m 29s | thequantuminsider_2020_06_22_hqss_quantum_assisted_design_toolbox_aimed_at_unlocking_curr_a208f10e] Extracting actors: https://thequantuminsider.com/2020/06/22/hqss-quantum-assisted-design-toolbox-aimed-at-unlocking-currently-impossible-simulation-capabilities (1/1), chunk 34/39
[19:55:37 +3m 35s | thequantuminsider_2020_06_22_hqss_quantum_assisted_design_toolbox_aimed_at_unlocking_curr_a208f10e] Repaired malformed JSON.
[19:55:37 +3m 35s | thequantuminsider_2020_06_22_hqss_quantum_assisted_design_toolbox_aimed_at_unlocking_curr_a208f10e] Extracting actors: https://thequantuminsider.com/2020/06/22/hqss-quantum-assisted-design-toolbox-aimed-at-unlocking-currently-impossible-simulation-capabilities (1/1), chunk 35/39
[19:55:43 +3m 41s | thequantuminsider_2020_06_22_hqss_quantum_assisted_design_toolbox_aimed_at_unlocking_curr_a208f10e] Repaired malformed JSON.
[19:55:43 +3m 41s | thequantuminsider_2020_06_22_hqss_quantum_assisted_design_toolbox_aimed_at_unlocking_curr_a208f10e] Extracting actors: https://thequantuminsider.com/2020/06/22/hqss-quantum-assisted-design-toolbox-aimed-at-unlocking-currently-impossible-simulation-capabilities (1/1), chunk 36/39
[19:55:52 +3m 47s | thequantuminsider_2020_06_22_hqss_quantum_assisted_design_toolbox_aimed_at_unlocking_curr_a208f10e] Repaired malformed JSON.
[19:55:52 +3m 47s | thequantuminsider_2020_06_22_hqss_quantum_assisted_design_toolbox_aimed_at_unlocking_curr_a208f10e] Extracting actors: https://thequantuminsider.com/2020/06/22/hqss-quantum-assisted-design-toolbox-aimed-at-unlocking-currently-impossible-simulation-capabilities (1/1), chunk 37/39
[19:56:00 +3m 55s | thequantuminsider_2020_06_22_hqss_quantum_assisted_design_toolbox_aimed_at_unlocking_curr_a208f10e] Repaired malformed JSON.
[19:56:00 +3m 55s | thequantuminsider_2020_06_22_hqss_quantum_assisted_design_toolbox_aimed_at_unlocking_curr_a208f10e] Extracting actors: https://thequantuminsider.com/2020/06/22/hqss-quantum-assisted-design-toolbox-aimed-at-unlocking-currently-impossible-simulation-capabilities (1/1), chunk 38/39
[19:56:07 +4m 2s | thequantuminsider_2020_06_22_hqss_quantum_assisted_design_toolbox_aimed_at_unlocking_curr_a208f10e] Repaired malformed JSON.
[19:56:07 +4m 2s | thequantuminsider_2020_06_22_hqss_quantum_assisted_design_toolbox_aimed_at_unlocking_curr_a208f10e] Extracting actors: https://thequantuminsider.com/2020/06/22/hqss-quantum-assisted-design-toolbox-aimed-at-unlocking-currently-impossible-simulation-capabilities (1/1), chunk 39/39
[19:56:12 +4m 7s | thequantuminsider_2020_06_22_hqss_quantum_assisted_design_toolbox_aimed_at_unlocking_curr_a208f10e] Repaired malformed JSON.
[19:56:12 +4m 7s | thequantuminsider_2020_06_22_hqss_quantum_assisted_design_toolbox_aimed_at_unlocking_curr_a208f10e] Saved 1_actor_results.json with 59 extracted records

[19:56:12 +4m 7s | thequantuminsider_2020_06_22_hqss_quantum_assisted_design_toolbox_aimed_at_unlocking_curr_a208f10e] === 2 clean actors ===
[19:56:12 +4m 7s | thequantuminsider_2020_06_22_hqss_quantum_assisted_design_toolbox_aimed_at_unlocking_curr_a208f10e] Loaded 59 extracted records
[19:56:12 +4m 7s | thequantuminsider_2020_06_22_hqss_quantum_assisted_design_toolbox_aimed_at_unlocking_curr_a208f10e] Saved 2_actor_nodes.json with 21 canonical actor nodes

[19:56:12 +4m 7s | thequantuminsider_2020_06_22_hqss_quantum_assisted_design_toolbox_aimed_at_unlocking_curr_a208f10e] === 3 interaction extraction ===
[19:56:12 +4m 7s | thequantuminsider_2020_06_22_hqss_quantum_assisted_design_toolbox_aimed_at_unlocking_curr_a208f10e] Extracting interactions: https://thequantuminsider.com/2020/06/22/hqss-quantum-assisted-design-toolbox-aimed-at-unlocking-currently-impossible-simulation-capabilities (1/1), chunk 13/39
[19:56:17 +4m 12s | thequantuminsider_2020_06_22_hqss_quantum_assisted_design_toolbox_aimed_at_unlocking_curr_a208f10e] Extracting interactions: https://thequantuminsider.com/2020/06/22/hqss-quantum-assisted-design-toolbox-aimed-at-unlocking-currently-impossible-simulation-capabilities (1/1), chunk 14/39
[19:56:31 +4m 24s | thequantuminsider_2020_06_22_hqss_quantum_assisted_design_toolbox_aimed_at_unlocking_curr_a208f10e] Extracting interactions: https://thequantuminsider.com/2020/06/22/hqss-quantum-assisted-design-toolbox-aimed-at-unlocking-currently-impossible-simulation-capabilities (1/1), chunk 15/39
[19:56:41 +4m 33s | thequantuminsider_2020_06_22_hqss_quantum_assisted_design_toolbox_aimed_at_unlocking_curr_a208f10e] Extracting interactions: https://thequantuminsider.com/2020/06/22/hqss-quantum-assisted-design-toolbox-aimed-at-unlocking-currently-impossible-simulation-capabilities (1/1), chunk 17/39
[19:56:46 +4m 38s | thequantuminsider_2020_06_22_hqss_quantum_assisted_design_toolbox_aimed_at_unlocking_curr_a208f10e] Extracting interactions: https://thequantuminsider.com/2020/06/22/hqss-quantum-assisted-design-toolbox-aimed-at-unlocking-currently-impossible-simulation-capabilities (1/1), chunk 18/39
[19:56:50 +4m 42s | thequantuminsider_2020_06_22_hqss_quantum_assisted_design_toolbox_aimed_at_unlocking_curr_a208f10e] Extracting interactions: https://thequantuminsider.com/2020/06/22/hqss-quantum-assisted-design-toolbox-aimed-at-unlocking-currently-impossible-simulation-capabilities (1/1), chunk 19/39
[19:56:51 +4m 44s | thequantuminsider_2020_06_22_hqss_quantum_assisted_design_toolbox_aimed_at_unlocking_curr_a208f10e] Extracting interactions: https://thequantuminsider.com/2020/06/22/hqss-quantum-assisted-design-toolbox-aimed-at-unlocking-currently-impossible-simulation-capabilities (1/1), chunk 20/39
[19:57:00 +4m 49s | thequantuminsider_2020_06_22_hqss_quantum_assisted_design_toolbox_aimed_at_unlocking_curr_a208f10e] Extracting interactions: https://thequantuminsider.com/2020/06/22/hqss-quantum-assisted-design-toolbox-aimed-at-unlocking-currently-impossible-simulation-capabilities (1/1), chunk 21/39
[19:57:18 +5m 7s | thequantuminsider_2020_06_22_hqss_quantum_assisted_design_toolbox_aimed_at_unlocking_curr_a208f10e] Extracting interactions: https://thequantuminsider.com/2020/06/22/hqss-quantum-assisted-design-toolbox-aimed-at-unlocking-currently-impossible-simulation-capabilities (1/1), chunk 22/39
[19:57:25 +5m 14s | thequantuminsider_2020_06_22_hqss_quantum_assisted_design_toolbox_aimed_at_unlocking_curr_a208f10e] Extracting interactions: https://thequantuminsider.com/2020/06/22/hqss-quantum-assisted-design-toolbox-aimed-at-unlocking-currently-impossible-simulation-capabilities (1/1), chunk 23/39
[19:57:37 +5m 24s | thequantuminsider_2020_06_22_hqss_quantum_assisted_design_toolbox_aimed_at_unlocking_curr_a208f10e] Extracting interactions: https://thequantuminsider.com/2020/06/22/hqss-quantum-assisted-design-toolbox-aimed-at-unlocking-currently-impossible-simulation-capabilities (1/1), chunk 24/39
[19:57:46 +5m 32s | thequantuminsider_2020_06_22_hqss_quantum_assisted_design_toolbox_aimed_at_unlocking_curr_a208f10e] Extracting interactions: https://thequantuminsider.com/2020/06/22/hqss-quantum-assisted-design-toolbox-aimed-at-unlocking-currently-impossible-simulation-capabilities (1/1), chunk 25/39
[19:57:50 +5m 36s | thequantuminsider_2020_06_22_hqss_quantum_assisted_design_toolbox_aimed_at_unlocking_curr_a208f10e] Extracting interactions: https://thequantuminsider.com/2020/06/22/hqss-quantum-assisted-design-toolbox-aimed-at-unlocking-currently-impossible-simulation-capabilities (1/1), chunk 26/39
[19:57:52 +5m 38s | thequantuminsider_2020_06_22_hqss_quantum_assisted_design_toolbox_aimed_at_unlocking_curr_a208f10e] Extracting interactions: https://thequantuminsider.com/2020/06/22/hqss-quantum-assisted-design-toolbox-aimed-at-unlocking-currently-impossible-simulation-capabilities (1/1), chunk 28/39
[19:58:00 +5m 46s | thequantuminsider_2020_06_22_hqss_quantum_assisted_design_toolbox_aimed_at_unlocking_curr_a208f10e] Extracting interactions: https://thequantuminsider.com/2020/06/22/hqss-quantum-assisted-design-toolbox-aimed-at-unlocking-currently-impossible-simulation-capabilities (1/1), chunk 29/39
[19:58:03 +5m 50s | thequantuminsider_2020_06_22_hqss_quantum_assisted_design_toolbox_aimed_at_unlocking_curr_a208f10e] Extracting interactions: https://thequantuminsider.com/2020/06/22/hqss-quantum-assisted-design-toolbox-aimed-at-unlocking-currently-impossible-simulation-capabilities (1/1), chunk 30/39
[19:58:09 +5m 52s | thequantuminsider_2020_06_22_hqss_quantum_assisted_design_toolbox_aimed_at_unlocking_curr_a208f10e] Extracting interactions: https://thequantuminsider.com/2020/06/22/hqss-quantum-assisted-design-toolbox-aimed-at-unlocking-currently-impossible-simulation-capabilities (1/1), chunk 32/39
[19:58:10 +5m 54s | thequantuminsider_2020_06_22_hqss_quantum_assisted_design_toolbox_aimed_at_unlocking_curr_a208f10e] Extracting interactions: https://thequantuminsider.com/2020/06/22/hqss-quantum-assisted-design-toolbox-aimed-at-unlocking-currently-impossible-simulation-capabilities (1/1), chunk 33/39
[19:58:12 +5m 55s | thequantuminsider_2020_06_22_hqss_quantum_assisted_design_toolbox_aimed_at_unlocking_curr_a208f10e] Extracting interactions: https://thequantuminsider.com/2020/06/22/hqss-quantum-assisted-design-toolbox-aimed-at-unlocking-currently-impossible-simulation-capabilities (1/1), chunk 34/39
[19:58:13 +5m 56s | thequantuminsider_2020_06_22_hqss_quantum_assisted_design_toolbox_aimed_at_unlocking_curr_a208f10e] Extracting interactions: https://thequantuminsider.com/2020/06/22/hqss-quantum-assisted-design-toolbox-aimed-at-unlocking-currently-impossible-simulation-capabilities (1/1), chunk 35/39
[19:58:15 +5m 58s | thequantuminsider_2020_06_22_hqss_quantum_assisted_design_toolbox_aimed_at_unlocking_curr_a208f10e] Extracting interactions: https://thequantuminsider.com/2020/06/22/hqss-quantum-assisted-design-toolbox-aimed-at-unlocking-currently-impossible-simulation-capabilities (1/1), chunk 36/39
[19:58:17 +6m 0s | thequantuminsider_2020_06_22_hqss_quantum_assisted_design_toolbox_aimed_at_unlocking_curr_a208f10e] Extracting interactions: https://thequantuminsider.com/2020/06/22/hqss-quantum-assisted-design-toolbox-aimed-at-unlocking-currently-impossible-simulation-capabilities (1/1), chunk 37/39
[19:58:18 +6m 2s | thequantuminsider_2020_06_22_hqss_quantum_assisted_design_toolbox_aimed_at_unlocking_curr_a208f10e] Extracting interactions: https://thequantuminsider.com/2020/06/22/hqss-quantum-assisted-design-toolbox-aimed-at-unlocking-currently-impossible-simulation-capabilities (1/1), chunk 38/39
[19:58:20 +6m 3s | thequantuminsider_2020_06_22_hqss_quantum_assisted_design_toolbox_aimed_at_unlocking_curr_a208f10e] Extracting interactions: https://thequantuminsider.com/2020/06/22/hqss-quantum-assisted-design-toolbox-aimed-at-unlocking-currently-impossible-simulation-capabilities (1/1), chunk 39/39
[19:58:21 +6m 5s | thequantuminsider_2020_06_22_hqss_quantum_assisted_design_toolbox_aimed_at_unlocking_curr_a208f10e] Saved 3_interaction_results.json with 23 extracted interactions.

[19:58:21 +6m 5s | thequantuminsider_2020_06_22_hqss_quantum_assisted_design_toolbox_aimed_at_unlocking_curr_a208f10e] === 4 clean interactions ===
[19:58:21 +6m 5s | thequantuminsider_2020_06_22_hqss_quantum_assisted_design_toolbox_aimed_at_unlocking_curr_a208f10e] Saved 4_edges.json with 1 cleaned interactions.

[19:58:21 +6m 5s | thequantuminsider_2020_06_22_hqss_quantum_assisted_design_toolbox_aimed_at_unlocking_curr_a208f10e] === 5 helix enrichment ===
[19:58:21 +6m 5s | thequantuminsider_2020_06_22_hqss_quantum_assisted_design_toolbox_aimed_at_unlocking_curr_a208f10e] Wrote 5_nodes.json (21 actors)
[19:58:21 +6m 5s | thequantuminsider_2020_06_22_hqss_quantum_assisted_design_toolbox_aimed_at_unlocking_curr_a208f10e] Wrote 5_edges.json (1 interactions)
[19:58:21 +6m 5s | thequantuminsider_2020_06_22_hqss_quantum_assisted_design_toolbox_aimed_at_unlocking_curr_a208f10e] Actor helix counts: {'Academia': 1, 'Civil Society': 2, 'Government': 3, 'Industry': 7, 'Unknown': 8}
[19:58:21 +6m 5s | thequantuminsider_2020_06_22_hqss_quantum_assisted_design_toolbox_aimed_at_unlocking_curr_a208f10e] Functional-space counts: {'Intra-helix / Not classified': 1}

[19:58:21 +6m 5s | thequantuminsider_2020_06_22_hqss_quantum_assisted_design_toolbox_aimed_at_unlocking_curr_a208f10e] === 6 network visualisation ===
[19:58:22 +6m 5s | thequantuminsider_2020_06_22_hqss_quantum_assisted_design_toolbox_aimed_at_unlocking_curr_a208f10e] Wrote quantum_network.html
[19:58:22 +6m 5s | thequantuminsider_2020_06_22_hqss_quantum_assisted_design_toolbox_aimed_at_unlocking_curr_a208f10e] Nodes: 21
[19:58:22 +6m 5s | thequantuminsider_2020_06_22_hqss_quantum_assisted_design_toolbox_aimed_at_unlocking_curr_a208f10e] Edges: 1

[19:58:22 +6m 6s | thequantuminsider_2020_06_22_hqss_quantum_assisted_design_toolbox_aimed_at_unlocking_curr_a208f10e] Done. Outputs written to: /home/lv/IDP/idpdeeptech/pipeline/news_outputs/thequantuminsider_2020_06_22_hqss_quantum_assisted_design_toolbox_aimed_at_unlocking_curr_a208f10e
[19:58:22 +6m 6s | thequantuminsider_2020_06_22_hqss_quantum_assisted_design_toolbox_aimed_at_unlocking_curr_a208f10e] Log: /home/lv/IDP/idpdeeptech/pipeline/news_outputs/thequantuminsider_2020_06_22_hqss_quantum_assisted_design_toolbox_aimed_at_unlocking_curr_a208f10e/run.log

========================================================================
RUN FINISHED 2026-07-01 19:58:22  (OK)
Started:     2026-07-01 19:51:44
Elapsed:     6m 6s
========================================================================
