
========================================================================
RUN STARTED  2026-07-01 19:01:32
site_pipeline.py https://thequantuminsider.com/2020/04/23/university-of-arizona-researchers-hone-in-on-quantum-gps-new-technologies/
========================================================================

[19:01:32 +0s | thequantuminsider_2020_04_23_university_of_arizona_researchers_hone_in_on_quantum_gps_new_e9735bb5] === 0 crawl site ===
[19:01:33 +1s | thequantuminsider_2020_04_23_university_of_arizona_researchers_hone_in_on_quantum_gps_new_e9735bb5] [INIT].... → Crawl4AI 0.8.6 
[19:01:37 +6s | thequantuminsider_2020_04_23_university_of_arizona_researchers_hone_in_on_quantum_gps_new_e9735bb5] [FETCH]... ↓ https://thequantuminsider.com/2020/04/23/univers...archers-hone-in-on-quantum-gps-new-technologies/  | ✓ | ⏱: 4.43s 
[19:01:37 +6s | thequantuminsider_2020_04_23_university_of_arizona_researchers_hone_in_on_quantum_gps_new_e9735bb5] [SCRAPE].. ◆ https://thequantuminsider.com/2020/04/23/univers...archers-hone-in-on-quantum-gps-new-technologies/  | ✓ | ⏱: 0.13s 
[19:01:37 +6s | thequantuminsider_2020_04_23_university_of_arizona_researchers_hone_in_on_quantum_gps_new_e9735bb5] [COMPLETE] ● https://thequantuminsider.com/2020/04/23/univers...archers-hone-in-on-quantum-gps-new-technologies/  | ✓ | ⏱: 4.58s 
[19:01:37 +6s | thequantuminsider_2020_04_23_university_of_arizona_researchers_hone_in_on_quantum_gps_new_e9735bb5] Saved: crawl_output/d1b7dd06d1_thequantuminsider.com_2020_04_23_university-of-arizona-researchers-hone-in-on-quantum-gps-new-technologies.json

[19:01:38 +6s | thequantuminsider_2020_04_23_university_of_arizona_researchers_hone_in_on_quantum_gps_new_e9735bb5] === 1 actor extraction ===
[19:01:38 +7s | thequantuminsider_2020_04_23_university_of_arizona_researchers_hone_in_on_quantum_gps_new_e9735bb5] Reading page (1/1): https://thequantuminsider.com/2020/04/23/university-of-arizona-researchers-hone-in-on-quantum-gps-new-technologies
[19:01:38 +7s | thequantuminsider_2020_04_23_university_of_arizona_researchers_hone_in_on_quantum_gps_new_e9735bb5] Extracting actors: https://thequantuminsider.com/2020/04/23/university-of-arizona-researchers-hone-in-on-quantum-gps-new-technologies (1/1), chunk 1/42
[19:01:44 +12s | thequantuminsider_2020_04_23_university_of_arizona_researchers_hone_in_on_quantum_gps_new_e9735bb5] Extracting actors: https://thequantuminsider.com/2020/04/23/university-of-arizona-researchers-hone-in-on-quantum-gps-new-technologies (1/1), chunk 2/42
[19:01:48 +16s | thequantuminsider_2020_04_23_university_of_arizona_researchers_hone_in_on_quantum_gps_new_e9735bb5] Extracting actors: https://thequantuminsider.com/2020/04/23/university-of-arizona-researchers-hone-in-on-quantum-gps-new-technologies (1/1), chunk 3/42
[19:01:55 +21s | thequantuminsider_2020_04_23_university_of_arizona_researchers_hone_in_on_quantum_gps_new_e9735bb5] Extracting actors: https://thequantuminsider.com/2020/04/23/university-of-arizona-researchers-hone-in-on-quantum-gps-new-technologies (1/1), chunk 4/42
[19:02:02 +27s | thequantuminsider_2020_04_23_university_of_arizona_researchers_hone_in_on_quantum_gps_new_e9735bb5] Extracting actors: https://thequantuminsider.com/2020/04/23/university-of-arizona-researchers-hone-in-on-quantum-gps-new-technologies (1/1), chunk 5/42
[19:02:05 +31s | thequantuminsider_2020_04_23_university_of_arizona_researchers_hone_in_on_quantum_gps_new_e9735bb5] Extracting actors: https://thequantuminsider.com/2020/04/23/university-of-arizona-researchers-hone-in-on-quantum-gps-new-technologies (1/1), chunk 6/42
[19:02:10 +35s | thequantuminsider_2020_04_23_university_of_arizona_researchers_hone_in_on_quantum_gps_new_e9735bb5] Extracting actors: https://thequantuminsider.com/2020/04/23/university-of-arizona-researchers-hone-in-on-quantum-gps-new-technologies (1/1), chunk 7/42
[19:02:17 +42s | thequantuminsider_2020_04_23_university_of_arizona_researchers_hone_in_on_quantum_gps_new_e9735bb5] Extracting actors: https://thequantuminsider.com/2020/04/23/university-of-arizona-researchers-hone-in-on-quantum-gps-new-technologies (1/1), chunk 8/42
[19:02:22 +48s | thequantuminsider_2020_04_23_university_of_arizona_researchers_hone_in_on_quantum_gps_new_e9735bb5] Extracting actors: https://thequantuminsider.com/2020/04/23/university-of-arizona-researchers-hone-in-on-quantum-gps-new-technologies (1/1), chunk 9/42
[19:02:33 +55s | thequantuminsider_2020_04_23_university_of_arizona_researchers_hone_in_on_quantum_gps_new_e9735bb5] Extracting actors: https://thequantuminsider.com/2020/04/23/university-of-arizona-researchers-hone-in-on-quantum-gps-new-technologies (1/1), chunk 10/42
[19:02:38 +1m 0s | thequantuminsider_2020_04_23_university_of_arizona_researchers_hone_in_on_quantum_gps_new_e9735bb5] Extracting actors: https://thequantuminsider.com/2020/04/23/university-of-arizona-researchers-hone-in-on-quantum-gps-new-technologies (1/1), chunk 11/42
[19:02:45 +1m 7s | thequantuminsider_2020_04_23_university_of_arizona_researchers_hone_in_on_quantum_gps_new_e9735bb5] Repaired malformed JSON.
[19:02:45 +1m 7s | thequantuminsider_2020_04_23_university_of_arizona_researchers_hone_in_on_quantum_gps_new_e9735bb5] Extracting actors: https://thequantuminsider.com/2020/04/23/university-of-arizona-researchers-hone-in-on-quantum-gps-new-technologies (1/1), chunk 12/42
[19:02:50 +1m 13s | thequantuminsider_2020_04_23_university_of_arizona_researchers_hone_in_on_quantum_gps_new_e9735bb5] Repaired malformed JSON.
[19:02:50 +1m 13s | thequantuminsider_2020_04_23_university_of_arizona_researchers_hone_in_on_quantum_gps_new_e9735bb5] Extracting actors: https://thequantuminsider.com/2020/04/23/university-of-arizona-researchers-hone-in-on-quantum-gps-new-technologies (1/1), chunk 13/42
[19:02:59 +1m 21s | thequantuminsider_2020_04_23_university_of_arizona_researchers_hone_in_on_quantum_gps_new_e9735bb5] Repaired malformed JSON.
[19:02:59 +1m 21s | thequantuminsider_2020_04_23_university_of_arizona_researchers_hone_in_on_quantum_gps_new_e9735bb5] Extracting actors: https://thequantuminsider.com/2020/04/23/university-of-arizona-researchers-hone-in-on-quantum-gps-new-technologies (1/1), chunk 14/42
[19:03:10 +1m 29s | thequantuminsider_2020_04_23_university_of_arizona_researchers_hone_in_on_quantum_gps_new_e9735bb5] Repaired malformed JSON.
[19:03:10 +1m 29s | thequantuminsider_2020_04_23_university_of_arizona_researchers_hone_in_on_quantum_gps_new_e9735bb5] Extracting actors: https://thequantuminsider.com/2020/04/23/university-of-arizona-researchers-hone-in-on-quantum-gps-new-technologies (1/1), chunk 15/42
[19:03:18 +1m 37s | thequantuminsider_2020_04_23_university_of_arizona_researchers_hone_in_on_quantum_gps_new_e9735bb5] Repaired malformed JSON.
[19:03:18 +1m 37s | thequantuminsider_2020_04_23_university_of_arizona_researchers_hone_in_on_quantum_gps_new_e9735bb5] Extracting actors: https://thequantuminsider.com/2020/04/23/university-of-arizona-researchers-hone-in-on-quantum-gps-new-technologies (1/1), chunk 16/42
[19:03:24 +1m 44s | thequantuminsider_2020_04_23_university_of_arizona_researchers_hone_in_on_quantum_gps_new_e9735bb5] Repaired malformed JSON.
[19:03:24 +1m 44s | thequantuminsider_2020_04_23_university_of_arizona_researchers_hone_in_on_quantum_gps_new_e9735bb5] Extracting actors: https://thequantuminsider.com/2020/04/23/university-of-arizona-researchers-hone-in-on-quantum-gps-new-technologies (1/1), chunk 17/42
[19:03:29 +1m 49s | thequantuminsider_2020_04_23_university_of_arizona_researchers_hone_in_on_quantum_gps_new_e9735bb5] Repaired malformed JSON.
[19:03:29 +1m 49s | thequantuminsider_2020_04_23_university_of_arizona_researchers_hone_in_on_quantum_gps_new_e9735bb5] Extracting actors: https://thequantuminsider.com/2020/04/23/university-of-arizona-researchers-hone-in-on-quantum-gps-new-technologies (1/1), chunk 18/42
[19:03:38 +1m 54s | thequantuminsider_2020_04_23_university_of_arizona_researchers_hone_in_on_quantum_gps_new_e9735bb5] Repaired malformed JSON.
[19:03:38 +1m 54s | thequantuminsider_2020_04_23_university_of_arizona_researchers_hone_in_on_quantum_gps_new_e9735bb5] Extracting actors: https://thequantuminsider.com/2020/04/23/university-of-arizona-researchers-hone-in-on-quantum-gps-new-technologies (1/1), chunk 19/42
[19:03:44 +2m 1s | thequantuminsider_2020_04_23_university_of_arizona_researchers_hone_in_on_quantum_gps_new_e9735bb5] Repaired malformed JSON.
[19:03:44 +2m 1s | thequantuminsider_2020_04_23_university_of_arizona_researchers_hone_in_on_quantum_gps_new_e9735bb5] Extracting actors: https://thequantuminsider.com/2020/04/23/university-of-arizona-researchers-hone-in-on-quantum-gps-new-technologies (1/1), chunk 20/42
[19:03:50 +2m 7s | thequantuminsider_2020_04_23_university_of_arizona_researchers_hone_in_on_quantum_gps_new_e9735bb5] Repaired malformed JSON.
[19:03:50 +2m 7s | thequantuminsider_2020_04_23_university_of_arizona_researchers_hone_in_on_quantum_gps_new_e9735bb5] Extracting actors: https://thequantuminsider.com/2020/04/23/university-of-arizona-researchers-hone-in-on-quantum-gps-new-technologies (1/1), chunk 21/42
[19:03:58 +2m 15s | thequantuminsider_2020_04_23_university_of_arizona_researchers_hone_in_on_quantum_gps_new_e9735bb5] Repaired malformed JSON.
[19:03:58 +2m 15s | thequantuminsider_2020_04_23_university_of_arizona_researchers_hone_in_on_quantum_gps_new_e9735bb5] Extracting actors: https://thequantuminsider.com/2020/04/23/university-of-arizona-researchers-hone-in-on-quantum-gps-new-technologies (1/1), chunk 22/42
[19:04:05 +2m 22s | thequantuminsider_2020_04_23_university_of_arizona_researchers_hone_in_on_quantum_gps_new_e9735bb5] Repaired malformed JSON.
[19:04:05 +2m 22s | thequantuminsider_2020_04_23_university_of_arizona_researchers_hone_in_on_quantum_gps_new_e9735bb5] Extracting actors: https://thequantuminsider.com/2020/04/23/university-of-arizona-researchers-hone-in-on-quantum-gps-new-technologies (1/1), chunk 23/42
[19:04:14 +2m 28s | thequantuminsider_2020_04_23_university_of_arizona_researchers_hone_in_on_quantum_gps_new_e9735bb5] Repaired malformed JSON.
[19:04:14 +2m 28s | thequantuminsider_2020_04_23_university_of_arizona_researchers_hone_in_on_quantum_gps_new_e9735bb5] Extracting actors: https://thequantuminsider.com/2020/04/23/university-of-arizona-researchers-hone-in-on-quantum-gps-new-technologies (1/1), chunk 24/42
[19:04:21 +2m 35s | thequantuminsider_2020_04_23_university_of_arizona_researchers_hone_in_on_quantum_gps_new_e9735bb5] Repaired malformed JSON.
[19:04:21 +2m 35s | thequantuminsider_2020_04_23_university_of_arizona_researchers_hone_in_on_quantum_gps_new_e9735bb5] Extracting actors: https://thequantuminsider.com/2020/04/23/university-of-arizona-researchers-hone-in-on-quantum-gps-new-technologies (1/1), chunk 25/42
[19:04:28 +2m 41s | thequantuminsider_2020_04_23_university_of_arizona_researchers_hone_in_on_quantum_gps_new_e9735bb5] Repaired malformed JSON.
[19:04:28 +2m 41s | thequantuminsider_2020_04_23_university_of_arizona_researchers_hone_in_on_quantum_gps_new_e9735bb5] Extracting actors: https://thequantuminsider.com/2020/04/23/university-of-arizona-researchers-hone-in-on-quantum-gps-new-technologies (1/1), chunk 26/42
[19:04:34 +2m 47s | thequantuminsider_2020_04_23_university_of_arizona_researchers_hone_in_on_quantum_gps_new_e9735bb5] Repaired malformed JSON.
[19:04:34 +2m 47s | thequantuminsider_2020_04_23_university_of_arizona_researchers_hone_in_on_quantum_gps_new_e9735bb5] Extracting actors: https://thequantuminsider.com/2020/04/23/university-of-arizona-researchers-hone-in-on-quantum-gps-new-technologies (1/1), chunk 27/42
[19:04:38 +2m 52s | thequantuminsider_2020_04_23_university_of_arizona_researchers_hone_in_on_quantum_gps_new_e9735bb5] Extracting actors: https://thequantuminsider.com/2020/04/23/university-of-arizona-researchers-hone-in-on-quantum-gps-new-technologies (1/1), chunk 28/42
[19:04:50 +3m 1s | thequantuminsider_2020_04_23_university_of_arizona_researchers_hone_in_on_quantum_gps_new_e9735bb5] Repaired malformed JSON.
[19:04:50 +3m 1s | thequantuminsider_2020_04_23_university_of_arizona_researchers_hone_in_on_quantum_gps_new_e9735bb5] Extracting actors: https://thequantuminsider.com/2020/04/23/university-of-arizona-researchers-hone-in-on-quantum-gps-new-technologies (1/1), chunk 29/42
[19:04:57 +3m 7s | thequantuminsider_2020_04_23_university_of_arizona_researchers_hone_in_on_quantum_gps_new_e9735bb5] Repaired malformed JSON.
[19:04:57 +3m 7s | thequantuminsider_2020_04_23_university_of_arizona_researchers_hone_in_on_quantum_gps_new_e9735bb5] Extracting actors: https://thequantuminsider.com/2020/04/23/university-of-arizona-researchers-hone-in-on-quantum-gps-new-technologies (1/1), chunk 30/42
[19:05:02 +3m 13s | thequantuminsider_2020_04_23_university_of_arizona_researchers_hone_in_on_quantum_gps_new_e9735bb5] Repaired malformed JSON.
[19:05:02 +3m 13s | thequantuminsider_2020_04_23_university_of_arizona_researchers_hone_in_on_quantum_gps_new_e9735bb5] Extracting actors: https://thequantuminsider.com/2020/04/23/university-of-arizona-researchers-hone-in-on-quantum-gps-new-technologies (1/1), chunk 31/42
[19:05:09 +3m 20s | thequantuminsider_2020_04_23_university_of_arizona_researchers_hone_in_on_quantum_gps_new_e9735bb5] Extracting actors: https://thequantuminsider.com/2020/04/23/university-of-arizona-researchers-hone-in-on-quantum-gps-new-technologies (1/1), chunk 32/42
[19:05:17 +3m 28s | thequantuminsider_2020_04_23_university_of_arizona_researchers_hone_in_on_quantum_gps_new_e9735bb5] Repaired malformed JSON.
[19:05:17 +3m 28s | thequantuminsider_2020_04_23_university_of_arizona_researchers_hone_in_on_quantum_gps_new_e9735bb5] Extracting actors: https://thequantuminsider.com/2020/04/23/university-of-arizona-researchers-hone-in-on-quantum-gps-new-technologies (1/1), chunk 33/42
[19:05:26 +3m 34s | thequantuminsider_2020_04_23_university_of_arizona_researchers_hone_in_on_quantum_gps_new_e9735bb5] Repaired malformed JSON.
[19:05:26 +3m 34s | thequantuminsider_2020_04_23_university_of_arizona_researchers_hone_in_on_quantum_gps_new_e9735bb5] Extracting actors: https://thequantuminsider.com/2020/04/23/university-of-arizona-researchers-hone-in-on-quantum-gps-new-technologies (1/1), chunk 34/42
[19:05:32 +3m 40s | thequantuminsider_2020_04_23_university_of_arizona_researchers_hone_in_on_quantum_gps_new_e9735bb5] Repaired malformed JSON.
[19:05:32 +3m 40s | thequantuminsider_2020_04_23_university_of_arizona_researchers_hone_in_on_quantum_gps_new_e9735bb5] Extracting actors: https://thequantuminsider.com/2020/04/23/university-of-arizona-researchers-hone-in-on-quantum-gps-new-technologies (1/1), chunk 35/42
[19:05:38 +3m 45s | thequantuminsider_2020_04_23_university_of_arizona_researchers_hone_in_on_quantum_gps_new_e9735bb5] Extracting actors: https://thequantuminsider.com/2020/04/23/university-of-arizona-researchers-hone-in-on-quantum-gps-new-technologies (1/1), chunk 36/42
[19:05:44 +3m 52s | thequantuminsider_2020_04_23_university_of_arizona_researchers_hone_in_on_quantum_gps_new_e9735bb5] Repaired malformed JSON.
[19:05:44 +3m 52s | thequantuminsider_2020_04_23_university_of_arizona_researchers_hone_in_on_quantum_gps_new_e9735bb5] Extracting actors: https://thequantuminsider.com/2020/04/23/university-of-arizona-researchers-hone-in-on-quantum-gps-new-technologies (1/1), chunk 37/42
[19:05:51 +3m 59s | thequantuminsider_2020_04_23_university_of_arizona_researchers_hone_in_on_quantum_gps_new_e9735bb5] Repaired malformed JSON.
[19:05:51 +3m 59s | thequantuminsider_2020_04_23_university_of_arizona_researchers_hone_in_on_quantum_gps_new_e9735bb5] Extracting actors: https://thequantuminsider.com/2020/04/23/university-of-arizona-researchers-hone-in-on-quantum-gps-new-technologies (1/1), chunk 38/42
[19:06:01 +4m 6s | thequantuminsider_2020_04_23_university_of_arizona_researchers_hone_in_on_quantum_gps_new_e9735bb5] Repaired malformed JSON.
[19:06:01 +4m 6s | thequantuminsider_2020_04_23_university_of_arizona_researchers_hone_in_on_quantum_gps_new_e9735bb5] Extracting actors: https://thequantuminsider.com/2020/04/23/university-of-arizona-researchers-hone-in-on-quantum-gps-new-technologies (1/1), chunk 39/42
[19:06:07 +4m 12s | thequantuminsider_2020_04_23_university_of_arizona_researchers_hone_in_on_quantum_gps_new_e9735bb5] Repaired malformed JSON.
[19:06:07 +4m 12s | thequantuminsider_2020_04_23_university_of_arizona_researchers_hone_in_on_quantum_gps_new_e9735bb5] Extracting actors: https://thequantuminsider.com/2020/04/23/university-of-arizona-researchers-hone-in-on-quantum-gps-new-technologies (1/1), chunk 40/42
[19:06:11 +4m 16s | thequantuminsider_2020_04_23_university_of_arizona_researchers_hone_in_on_quantum_gps_new_e9735bb5] Extracting actors: https://thequantuminsider.com/2020/04/23/university-of-arizona-researchers-hone-in-on-quantum-gps-new-technologies (1/1), chunk 41/42
[19:06:20 +4m 25s | thequantuminsider_2020_04_23_university_of_arizona_researchers_hone_in_on_quantum_gps_new_e9735bb5] Repaired malformed JSON.
[19:06:20 +4m 25s | thequantuminsider_2020_04_23_university_of_arizona_researchers_hone_in_on_quantum_gps_new_e9735bb5] Extracting actors: https://thequantuminsider.com/2020/04/23/university-of-arizona-researchers-hone-in-on-quantum-gps-new-technologies (1/1), chunk 42/42
[19:06:26 +4m 31s | thequantuminsider_2020_04_23_university_of_arizona_researchers_hone_in_on_quantum_gps_new_e9735bb5] Saved 1_actor_results.json with 66 extracted records

[19:06:26 +4m 31s | thequantuminsider_2020_04_23_university_of_arizona_researchers_hone_in_on_quantum_gps_new_e9735bb5] === 2 clean actors ===
[19:06:26 +4m 31s | thequantuminsider_2020_04_23_university_of_arizona_researchers_hone_in_on_quantum_gps_new_e9735bb5] Loaded 66 extracted records
[19:06:26 +4m 31s | thequantuminsider_2020_04_23_university_of_arizona_researchers_hone_in_on_quantum_gps_new_e9735bb5] Saved 2_actor_nodes.json with 20 canonical actor nodes

[19:06:26 +4m 31s | thequantuminsider_2020_04_23_university_of_arizona_researchers_hone_in_on_quantum_gps_new_e9735bb5] === 3 interaction extraction ===
[19:06:26 +4m 31s | thequantuminsider_2020_04_23_university_of_arizona_researchers_hone_in_on_quantum_gps_new_e9735bb5] Extracting interactions: https://thequantuminsider.com/2020/04/23/university-of-arizona-researchers-hone-in-on-quantum-gps-new-technologies (1/1), chunk 11/42
[19:06:34 +4m 36s | thequantuminsider_2020_04_23_university_of_arizona_researchers_hone_in_on_quantum_gps_new_e9735bb5] Extracting interactions: https://thequantuminsider.com/2020/04/23/university-of-arizona-researchers-hone-in-on-quantum-gps-new-technologies (1/1), chunk 12/42
[19:06:39 +4m 41s | thequantuminsider_2020_04_23_university_of_arizona_researchers_hone_in_on_quantum_gps_new_e9735bb5] Extracting interactions: https://thequantuminsider.com/2020/04/23/university-of-arizona-researchers-hone-in-on-quantum-gps-new-technologies (1/1), chunk 13/42
[19:06:45 +4m 47s | thequantuminsider_2020_04_23_university_of_arizona_researchers_hone_in_on_quantum_gps_new_e9735bb5] Extracting interactions: https://thequantuminsider.com/2020/04/23/university-of-arizona-researchers-hone-in-on-quantum-gps-new-technologies (1/1), chunk 16/42
[19:06:50 +4m 52s | thequantuminsider_2020_04_23_university_of_arizona_researchers_hone_in_on_quantum_gps_new_e9735bb5] Extracting interactions: https://thequantuminsider.com/2020/04/23/university-of-arizona-researchers-hone-in-on-quantum-gps-new-technologies (1/1), chunk 17/42
[19:07:09 +5m 8s | thequantuminsider_2020_04_23_university_of_arizona_researchers_hone_in_on_quantum_gps_new_e9735bb5] Extracting interactions: https://thequantuminsider.com/2020/04/23/university-of-arizona-researchers-hone-in-on-quantum-gps-new-technologies (1/1), chunk 18/42
[19:07:39 +5m 39s | thequantuminsider_2020_04_23_university_of_arizona_researchers_hone_in_on_quantum_gps_new_e9735bb5] Extracting interactions: https://thequantuminsider.com/2020/04/23/university-of-arizona-researchers-hone-in-on-quantum-gps-new-technologies (1/1), chunk 19/42
[19:07:46 +5m 42s | thequantuminsider_2020_04_23_university_of_arizona_researchers_hone_in_on_quantum_gps_new_e9735bb5] Extracting interactions: https://thequantuminsider.com/2020/04/23/university-of-arizona-researchers-hone-in-on-quantum-gps-new-technologies (1/1), chunk 20/42
[19:07:47 +5m 43s | thequantuminsider_2020_04_23_university_of_arizona_researchers_hone_in_on_quantum_gps_new_e9735bb5] Extracting interactions: https://thequantuminsider.com/2020/04/23/university-of-arizona-researchers-hone-in-on-quantum-gps-new-technologies (1/1), chunk 21/42
[19:07:59 +5m 55s | thequantuminsider_2020_04_23_university_of_arizona_researchers_hone_in_on_quantum_gps_new_e9735bb5] Extracting interactions: https://thequantuminsider.com/2020/04/23/university-of-arizona-researchers-hone-in-on-quantum-gps-new-technologies (1/1), chunk 22/42
[19:08:09 +6m 5s | thequantuminsider_2020_04_23_university_of_arizona_researchers_hone_in_on_quantum_gps_new_e9735bb5] Extracting interactions: https://thequantuminsider.com/2020/04/23/university-of-arizona-researchers-hone-in-on-quantum-gps-new-technologies (1/1), chunk 23/42
[19:08:15 +6m 11s | thequantuminsider_2020_04_23_university_of_arizona_researchers_hone_in_on_quantum_gps_new_e9735bb5] Extracting interactions: https://thequantuminsider.com/2020/04/23/university-of-arizona-researchers-hone-in-on-quantum-gps-new-technologies (1/1), chunk 24/42
[19:08:23 +6m 17s | thequantuminsider_2020_04_23_university_of_arizona_researchers_hone_in_on_quantum_gps_new_e9735bb5] Extracting interactions: https://thequantuminsider.com/2020/04/23/university-of-arizona-researchers-hone-in-on-quantum-gps-new-technologies (1/1), chunk 25/42
[19:08:30 +6m 23s | thequantuminsider_2020_04_23_university_of_arizona_researchers_hone_in_on_quantum_gps_new_e9735bb5] Extracting interactions: https://thequantuminsider.com/2020/04/23/university-of-arizona-researchers-hone-in-on-quantum-gps-new-technologies (1/1), chunk 26/42
[19:08:33 +6m 27s | thequantuminsider_2020_04_23_university_of_arizona_researchers_hone_in_on_quantum_gps_new_e9735bb5] Extracting interactions: https://thequantuminsider.com/2020/04/23/university-of-arizona-researchers-hone-in-on-quantum-gps-new-technologies (1/1), chunk 29/42
[19:08:37 +6m 30s | thequantuminsider_2020_04_23_university_of_arizona_researchers_hone_in_on_quantum_gps_new_e9735bb5] Extracting interactions: https://thequantuminsider.com/2020/04/23/university-of-arizona-researchers-hone-in-on-quantum-gps-new-technologies (1/1), chunk 30/42
[19:09:14 +7m 4s | thequantuminsider_2020_04_23_university_of_arizona_researchers_hone_in_on_quantum_gps_new_e9735bb5] Extracting interactions: https://thequantuminsider.com/2020/04/23/university-of-arizona-researchers-hone-in-on-quantum-gps-new-technologies (1/1), chunk 31/42
[19:09:16 +7m 7s | thequantuminsider_2020_04_23_university_of_arizona_researchers_hone_in_on_quantum_gps_new_e9735bb5] Extracting interactions: https://thequantuminsider.com/2020/04/23/university-of-arizona-researchers-hone-in-on-quantum-gps-new-technologies (1/1), chunk 33/42
[19:09:18 +7m 8s | thequantuminsider_2020_04_23_university_of_arizona_researchers_hone_in_on_quantum_gps_new_e9735bb5] Extracting interactions: https://thequantuminsider.com/2020/04/23/university-of-arizona-researchers-hone-in-on-quantum-gps-new-technologies (1/1), chunk 34/42
[19:09:20 +7m 10s | thequantuminsider_2020_04_23_university_of_arizona_researchers_hone_in_on_quantum_gps_new_e9735bb5] Extracting interactions: https://thequantuminsider.com/2020/04/23/university-of-arizona-researchers-hone-in-on-quantum-gps-new-technologies (1/1), chunk 35/42
[19:09:22 +7m 12s | thequantuminsider_2020_04_23_university_of_arizona_researchers_hone_in_on_quantum_gps_new_e9735bb5] Extracting interactions: https://thequantuminsider.com/2020/04/23/university-of-arizona-researchers-hone-in-on-quantum-gps-new-technologies (1/1), chunk 36/42
[19:09:23 +7m 13s | thequantuminsider_2020_04_23_university_of_arizona_researchers_hone_in_on_quantum_gps_new_e9735bb5] Extracting interactions: https://thequantuminsider.com/2020/04/23/university-of-arizona-researchers-hone-in-on-quantum-gps-new-technologies (1/1), chunk 37/42
[19:09:45 +7m 32s | thequantuminsider_2020_04_23_university_of_arizona_researchers_hone_in_on_quantum_gps_new_e9735bb5] Extracting interactions: https://thequantuminsider.com/2020/04/23/university-of-arizona-researchers-hone-in-on-quantum-gps-new-technologies (1/1), chunk 38/42
[19:09:47 +7m 34s | thequantuminsider_2020_04_23_university_of_arizona_researchers_hone_in_on_quantum_gps_new_e9735bb5] Extracting interactions: https://thequantuminsider.com/2020/04/23/university-of-arizona-researchers-hone-in-on-quantum-gps-new-technologies (1/1), chunk 39/42
[19:09:48 +7m 36s | thequantuminsider_2020_04_23_university_of_arizona_researchers_hone_in_on_quantum_gps_new_e9735bb5] Extracting interactions: https://thequantuminsider.com/2020/04/23/university-of-arizona-researchers-hone-in-on-quantum-gps-new-technologies (1/1), chunk 40/42
[19:09:50 +7m 37s | thequantuminsider_2020_04_23_university_of_arizona_researchers_hone_in_on_quantum_gps_new_e9735bb5] Extracting interactions: https://thequantuminsider.com/2020/04/23/university-of-arizona-researchers-hone-in-on-quantum-gps-new-technologies (1/1), chunk 41/42
[19:09:51 +7m 39s | thequantuminsider_2020_04_23_university_of_arizona_researchers_hone_in_on_quantum_gps_new_e9735bb5] Saved 3_interaction_results.json with 30 extracted interactions.

[19:09:51 +7m 39s | thequantuminsider_2020_04_23_university_of_arizona_researchers_hone_in_on_quantum_gps_new_e9735bb5] === 4 clean interactions ===
[19:09:51 +7m 39s | thequantuminsider_2020_04_23_university_of_arizona_researchers_hone_in_on_quantum_gps_new_e9735bb5] Saved 4_edges.json with 2 cleaned interactions.

[19:09:51 +7m 39s | thequantuminsider_2020_04_23_university_of_arizona_researchers_hone_in_on_quantum_gps_new_e9735bb5] === 5 helix enrichment ===
[19:09:51 +7m 39s | thequantuminsider_2020_04_23_university_of_arizona_researchers_hone_in_on_quantum_gps_new_e9735bb5] Wrote 5_nodes.json (20 actors)
[19:09:51 +7m 39s | thequantuminsider_2020_04_23_university_of_arizona_researchers_hone_in_on_quantum_gps_new_e9735bb5] Wrote 5_edges.json (2 interactions)
[19:09:51 +7m 39s | thequantuminsider_2020_04_23_university_of_arizona_researchers_hone_in_on_quantum_gps_new_e9735bb5] Actor helix counts: {'Academia': 2, 'Civil Society': 1, 'Government': 4, 'Industry': 3, 'Unknown': 10}
[19:09:51 +7m 39s | thequantuminsider_2020_04_23_university_of_arizona_researchers_hone_in_on_quantum_gps_new_e9735bb5] Functional-space counts: {'Innovation': 2}

[19:09:51 +7m 39s | thequantuminsider_2020_04_23_university_of_arizona_researchers_hone_in_on_quantum_gps_new_e9735bb5] === 6 network visualisation ===
[19:09:52 +7m 39s | thequantuminsider_2020_04_23_university_of_arizona_researchers_hone_in_on_quantum_gps_new_e9735bb5] Wrote quantum_network.html
[19:09:52 +7m 39s | thequantuminsider_2020_04_23_university_of_arizona_researchers_hone_in_on_quantum_gps_new_e9735bb5] Nodes: 20
[19:09:52 +7m 39s | thequantuminsider_2020_04_23_university_of_arizona_researchers_hone_in_on_quantum_gps_new_e9735bb5] Edges: 1

[19:09:52 +7m 39s | thequantuminsider_2020_04_23_university_of_arizona_researchers_hone_in_on_quantum_gps_new_e9735bb5] Done. Outputs written to: /home/lv/IDP/idpdeeptech/pipeline/news_outputs/thequantuminsider_2020_04_23_university_of_arizona_researchers_hone_in_on_quantum_gps_new_e9735bb5
[19:09:52 +7m 39s | thequantuminsider_2020_04_23_university_of_arizona_researchers_hone_in_on_quantum_gps_new_e9735bb5] Log: /home/lv/IDP/idpdeeptech/pipeline/news_outputs/thequantuminsider_2020_04_23_university_of_arizona_researchers_hone_in_on_quantum_gps_new_e9735bb5/run.log

========================================================================
RUN FINISHED 2026-07-01 19:09:52  (OK)
Started:     2026-07-01 19:01:32
Elapsed:     7m 39s
========================================================================
