
========================================================================
RUN STARTED  2026-07-02 04:31:05
site_pipeline.py https://thequantuminsider.com/2023/08/15/toshiba-outlines-how-its-building-a-quantum-secure-future/
========================================================================

[04:31:05 +0s | thequantuminsider_2023_08_15_toshiba_outlines_how_its_building_a_quantum_secure_future] === 0 crawl site ===
[04:31:07 +1s | thequantuminsider_2023_08_15_toshiba_outlines_how_its_building_a_quantum_secure_future] [INIT].... → Crawl4AI 0.8.6 
[04:31:09 +3s | thequantuminsider_2023_08_15_toshiba_outlines_how_its_building_a_quantum_secure_future] [FETCH]... ↓ https://thequantuminsider.com/2023/08/15/toshiba-outlines-how-its-building-a-quantum-secure-future/  | ✓ | ⏱: 2.14s 
[04:31:09 +3s | thequantuminsider_2023_08_15_toshiba_outlines_how_its_building_a_quantum_secure_future] [SCRAPE].. ◆ https://thequantuminsider.com/2023/08/15/toshiba-outlines-how-its-building-a-quantum-secure-future/  | ✓ | ⏱: 0.09s 
[04:31:09 +3s | thequantuminsider_2023_08_15_toshiba_outlines_how_its_building_a_quantum_secure_future] [COMPLETE] ● https://thequantuminsider.com/2023/08/15/toshiba-outlines-how-its-building-a-quantum-secure-future/  | ✓ | ⏱: 2.25s 
[04:31:09 +3s | thequantuminsider_2023_08_15_toshiba_outlines_how_its_building_a_quantum_secure_future] Saved: crawl_output/d9f727664b_thequantuminsider.com_2023_08_15_toshiba-outlines-how-its-building-a-quantum-secure-future.json

[04:31:09 +4s | thequantuminsider_2023_08_15_toshiba_outlines_how_its_building_a_quantum_secure_future] === 1 actor extraction ===
[04:31:09 +4s | thequantuminsider_2023_08_15_toshiba_outlines_how_its_building_a_quantum_secure_future] Reading page (1/1): https://thequantuminsider.com/2023/08/15/toshiba-outlines-how-its-building-a-quantum-secure-future
[04:31:09 +4s | thequantuminsider_2023_08_15_toshiba_outlines_how_its_building_a_quantum_secure_future] Extracting actors: https://thequantuminsider.com/2023/08/15/toshiba-outlines-how-its-building-a-quantum-secure-future (1/1), chunk 1/36
[04:31:15 +9s | thequantuminsider_2023_08_15_toshiba_outlines_how_its_building_a_quantum_secure_future] Extracting actors: https://thequantuminsider.com/2023/08/15/toshiba-outlines-how-its-building-a-quantum-secure-future (1/1), chunk 2/36
[04:31:20 +15s | thequantuminsider_2023_08_15_toshiba_outlines_how_its_building_a_quantum_secure_future] Extracting actors: https://thequantuminsider.com/2023/08/15/toshiba-outlines-how-its-building-a-quantum-secure-future (1/1), chunk 3/36
[04:31:23 +17s | thequantuminsider_2023_08_15_toshiba_outlines_how_its_building_a_quantum_secure_future] Extracting actors: https://thequantuminsider.com/2023/08/15/toshiba-outlines-how-its-building-a-quantum-secure-future (1/1), chunk 4/36
[04:31:26 +21s | thequantuminsider_2023_08_15_toshiba_outlines_how_its_building_a_quantum_secure_future] Extracting actors: https://thequantuminsider.com/2023/08/15/toshiba-outlines-how-its-building-a-quantum-secure-future (1/1), chunk 5/36
[04:31:31 +26s | thequantuminsider_2023_08_15_toshiba_outlines_how_its_building_a_quantum_secure_future] Extracting actors: https://thequantuminsider.com/2023/08/15/toshiba-outlines-how-its-building-a-quantum-secure-future (1/1), chunk 6/36
[04:31:42 +34s | thequantuminsider_2023_08_15_toshiba_outlines_how_its_building_a_quantum_secure_future] Repaired malformed JSON.
[04:31:42 +34s | thequantuminsider_2023_08_15_toshiba_outlines_how_its_building_a_quantum_secure_future] Extracting actors: https://thequantuminsider.com/2023/08/15/toshiba-outlines-how-its-building-a-quantum-secure-future (1/1), chunk 7/36
[04:31:48 +40s | thequantuminsider_2023_08_15_toshiba_outlines_how_its_building_a_quantum_secure_future] Extracting actors: https://thequantuminsider.com/2023/08/15/toshiba-outlines-how-its-building-a-quantum-secure-future (1/1), chunk 8/36
[04:31:53 +44s | thequantuminsider_2023_08_15_toshiba_outlines_how_its_building_a_quantum_secure_future] Extracting actors: https://thequantuminsider.com/2023/08/15/toshiba-outlines-how-its-building-a-quantum-secure-future (1/1), chunk 9/36
[04:31:57 +48s | thequantuminsider_2023_08_15_toshiba_outlines_how_its_building_a_quantum_secure_future] Extracting actors: https://thequantuminsider.com/2023/08/15/toshiba-outlines-how-its-building-a-quantum-secure-future (1/1), chunk 10/36
[04:32:00 +52s | thequantuminsider_2023_08_15_toshiba_outlines_how_its_building_a_quantum_secure_future] Extracting actors: https://thequantuminsider.com/2023/08/15/toshiba-outlines-how-its-building-a-quantum-secure-future (1/1), chunk 11/36
[04:32:05 +57s | thequantuminsider_2023_08_15_toshiba_outlines_how_its_building_a_quantum_secure_future] Repaired malformed JSON.
[04:32:05 +57s | thequantuminsider_2023_08_15_toshiba_outlines_how_its_building_a_quantum_secure_future] Extracting actors: https://thequantuminsider.com/2023/08/15/toshiba-outlines-how-its-building-a-quantum-secure-future (1/1), chunk 12/36
[04:32:13 +1m 2s | thequantuminsider_2023_08_15_toshiba_outlines_how_its_building_a_quantum_secure_future] Repaired malformed JSON.
[04:32:13 +1m 2s | thequantuminsider_2023_08_15_toshiba_outlines_how_its_building_a_quantum_secure_future] Extracting actors: https://thequantuminsider.com/2023/08/15/toshiba-outlines-how-its-building-a-quantum-secure-future (1/1), chunk 13/36
[04:32:22 +1m 11s | thequantuminsider_2023_08_15_toshiba_outlines_how_its_building_a_quantum_secure_future] Repaired malformed JSON.
[04:32:22 +1m 11s | thequantuminsider_2023_08_15_toshiba_outlines_how_its_building_a_quantum_secure_future] Extracting actors: https://thequantuminsider.com/2023/08/15/toshiba-outlines-how-its-building-a-quantum-secure-future (1/1), chunk 14/36
[04:32:27 +1m 16s | thequantuminsider_2023_08_15_toshiba_outlines_how_its_building_a_quantum_secure_future] Repaired malformed JSON.
[04:32:27 +1m 16s | thequantuminsider_2023_08_15_toshiba_outlines_how_its_building_a_quantum_secure_future] Extracting actors: https://thequantuminsider.com/2023/08/15/toshiba-outlines-how-its-building-a-quantum-secure-future (1/1), chunk 15/36
[04:32:32 +1m 21s | thequantuminsider_2023_08_15_toshiba_outlines_how_its_building_a_quantum_secure_future] Repaired malformed JSON.
[04:32:32 +1m 21s | thequantuminsider_2023_08_15_toshiba_outlines_how_its_building_a_quantum_secure_future] Extracting actors: https://thequantuminsider.com/2023/08/15/toshiba-outlines-how-its-building-a-quantum-secure-future (1/1), chunk 16/36
[04:32:37 +1m 26s | thequantuminsider_2023_08_15_toshiba_outlines_how_its_building_a_quantum_secure_future] Repaired malformed JSON.
[04:32:37 +1m 26s | thequantuminsider_2023_08_15_toshiba_outlines_how_its_building_a_quantum_secure_future] Extracting actors: https://thequantuminsider.com/2023/08/15/toshiba-outlines-how-its-building-a-quantum-secure-future (1/1), chunk 17/36
[04:32:46 +1m 32s | thequantuminsider_2023_08_15_toshiba_outlines_how_its_building_a_quantum_secure_future] Repaired malformed JSON.
[04:32:46 +1m 32s | thequantuminsider_2023_08_15_toshiba_outlines_how_its_building_a_quantum_secure_future] Extracting actors: https://thequantuminsider.com/2023/08/15/toshiba-outlines-how-its-building-a-quantum-secure-future (1/1), chunk 18/36
[04:32:51 +1m 37s | thequantuminsider_2023_08_15_toshiba_outlines_how_its_building_a_quantum_secure_future] Repaired malformed JSON.
[04:32:51 +1m 37s | thequantuminsider_2023_08_15_toshiba_outlines_how_its_building_a_quantum_secure_future] Extracting actors: https://thequantuminsider.com/2023/08/15/toshiba-outlines-how-its-building-a-quantum-secure-future (1/1), chunk 19/36
[04:32:57 +1m 43s | thequantuminsider_2023_08_15_toshiba_outlines_how_its_building_a_quantum_secure_future] Repaired malformed JSON.
[04:32:57 +1m 43s | thequantuminsider_2023_08_15_toshiba_outlines_how_its_building_a_quantum_secure_future] Extracting actors: https://thequantuminsider.com/2023/08/15/toshiba-outlines-how-its-building-a-quantum-secure-future (1/1), chunk 20/36
[04:33:03 +1m 49s | thequantuminsider_2023_08_15_toshiba_outlines_how_its_building_a_quantum_secure_future] Repaired malformed JSON.
[04:33:03 +1m 49s | thequantuminsider_2023_08_15_toshiba_outlines_how_its_building_a_quantum_secure_future] Extracting actors: https://thequantuminsider.com/2023/08/15/toshiba-outlines-how-its-building-a-quantum-secure-future (1/1), chunk 21/36
[04:33:11 +1m 57s | thequantuminsider_2023_08_15_toshiba_outlines_how_its_building_a_quantum_secure_future] Repaired malformed JSON.
[04:33:11 +1m 57s | thequantuminsider_2023_08_15_toshiba_outlines_how_its_building_a_quantum_secure_future] Extracting actors: https://thequantuminsider.com/2023/08/15/toshiba-outlines-how-its-building-a-quantum-secure-future (1/1), chunk 22/36
[04:33:17 +2m 3s | thequantuminsider_2023_08_15_toshiba_outlines_how_its_building_a_quantum_secure_future] Repaired malformed JSON.
[04:33:17 +2m 3s | thequantuminsider_2023_08_15_toshiba_outlines_how_its_building_a_quantum_secure_future] Extracting actors: https://thequantuminsider.com/2023/08/15/toshiba-outlines-how-its-building-a-quantum-secure-future (1/1), chunk 23/36
[04:33:25 +2m 8s | thequantuminsider_2023_08_15_toshiba_outlines_how_its_building_a_quantum_secure_future] Repaired malformed JSON.
[04:33:25 +2m 8s | thequantuminsider_2023_08_15_toshiba_outlines_how_its_building_a_quantum_secure_future] Extracting actors: https://thequantuminsider.com/2023/08/15/toshiba-outlines-how-its-building-a-quantum-secure-future (1/1), chunk 24/36
[04:33:31 +2m 14s | thequantuminsider_2023_08_15_toshiba_outlines_how_its_building_a_quantum_secure_future] Extracting actors: https://thequantuminsider.com/2023/08/15/toshiba-outlines-how-its-building-a-quantum-secure-future (1/1), chunk 25/36
[04:33:39 +2m 22s | thequantuminsider_2023_08_15_toshiba_outlines_how_its_building_a_quantum_secure_future] Repaired malformed JSON.
[04:33:39 +2m 22s | thequantuminsider_2023_08_15_toshiba_outlines_how_its_building_a_quantum_secure_future] Extracting actors: https://thequantuminsider.com/2023/08/15/toshiba-outlines-how-its-building-a-quantum-secure-future (1/1), chunk 26/36
[04:33:40 +2m 23s | thequantuminsider_2023_08_15_toshiba_outlines_how_its_building_a_quantum_secure_future] Extracting actors: https://thequantuminsider.com/2023/08/15/toshiba-outlines-how-its-building-a-quantum-secure-future (1/1), chunk 27/36
[04:33:44 +2m 27s | thequantuminsider_2023_08_15_toshiba_outlines_how_its_building_a_quantum_secure_future] Extracting actors: https://thequantuminsider.com/2023/08/15/toshiba-outlines-how-its-building-a-quantum-secure-future (1/1), chunk 28/36
[04:33:51 +2m 34s | thequantuminsider_2023_08_15_toshiba_outlines_how_its_building_a_quantum_secure_future] Repaired malformed JSON.
[04:33:51 +2m 34s | thequantuminsider_2023_08_15_toshiba_outlines_how_its_building_a_quantum_secure_future] Extracting actors: https://thequantuminsider.com/2023/08/15/toshiba-outlines-how-its-building-a-quantum-secure-future (1/1), chunk 29/36
[04:34:01 +2m 41s | thequantuminsider_2023_08_15_toshiba_outlines_how_its_building_a_quantum_secure_future] Repaired malformed JSON.
[04:34:01 +2m 41s | thequantuminsider_2023_08_15_toshiba_outlines_how_its_building_a_quantum_secure_future] Extracting actors: https://thequantuminsider.com/2023/08/15/toshiba-outlines-how-its-building-a-quantum-secure-future (1/1), chunk 30/36
[04:34:07 +2m 47s | thequantuminsider_2023_08_15_toshiba_outlines_how_its_building_a_quantum_secure_future] Repaired malformed JSON.
[04:34:07 +2m 47s | thequantuminsider_2023_08_15_toshiba_outlines_how_its_building_a_quantum_secure_future] Extracting actors: https://thequantuminsider.com/2023/08/15/toshiba-outlines-how-its-building-a-quantum-secure-future (1/1), chunk 31/36
[04:34:13 +2m 53s | thequantuminsider_2023_08_15_toshiba_outlines_how_its_building_a_quantum_secure_future] Extracting actors: https://thequantuminsider.com/2023/08/15/toshiba-outlines-how-its-building-a-quantum-secure-future (1/1), chunk 32/36
[04:34:19 +2m 59s | thequantuminsider_2023_08_15_toshiba_outlines_how_its_building_a_quantum_secure_future] Repaired malformed JSON.
[04:34:19 +2m 59s | thequantuminsider_2023_08_15_toshiba_outlines_how_its_building_a_quantum_secure_future] Extracting actors: https://thequantuminsider.com/2023/08/15/toshiba-outlines-how-its-building-a-quantum-secure-future (1/1), chunk 33/36
[04:34:25 +3m 5s | thequantuminsider_2023_08_15_toshiba_outlines_how_its_building_a_quantum_secure_future] Repaired malformed JSON.
[04:34:25 +3m 5s | thequantuminsider_2023_08_15_toshiba_outlines_how_its_building_a_quantum_secure_future] Extracting actors: https://thequantuminsider.com/2023/08/15/toshiba-outlines-how-its-building-a-quantum-secure-future (1/1), chunk 34/36
[04:34:35 +3m 12s | thequantuminsider_2023_08_15_toshiba_outlines_how_its_building_a_quantum_secure_future] Repaired malformed JSON.
[04:34:35 +3m 12s | thequantuminsider_2023_08_15_toshiba_outlines_how_its_building_a_quantum_secure_future] Extracting actors: https://thequantuminsider.com/2023/08/15/toshiba-outlines-how-its-building-a-quantum-secure-future (1/1), chunk 35/36
[04:34:40 +3m 17s | thequantuminsider_2023_08_15_toshiba_outlines_how_its_building_a_quantum_secure_future] Repaired malformed JSON.
[04:34:40 +3m 17s | thequantuminsider_2023_08_15_toshiba_outlines_how_its_building_a_quantum_secure_future] Extracting actors: https://thequantuminsider.com/2023/08/15/toshiba-outlines-how-its-building-a-quantum-secure-future (1/1), chunk 36/36
[04:34:45 +3m 22s | thequantuminsider_2023_08_15_toshiba_outlines_how_its_building_a_quantum_secure_future] Repaired malformed JSON.
[04:34:45 +3m 22s | thequantuminsider_2023_08_15_toshiba_outlines_how_its_building_a_quantum_secure_future] Saved 1_actor_results.json with 54 extracted records

[04:34:45 +3m 22s | thequantuminsider_2023_08_15_toshiba_outlines_how_its_building_a_quantum_secure_future] === 2 clean actors ===
[04:34:45 +3m 22s | thequantuminsider_2023_08_15_toshiba_outlines_how_its_building_a_quantum_secure_future] Loaded 54 extracted records
[04:34:45 +3m 22s | thequantuminsider_2023_08_15_toshiba_outlines_how_its_building_a_quantum_secure_future] Saved 2_actor_nodes.json with 18 canonical actor nodes

[04:34:45 +3m 22s | thequantuminsider_2023_08_15_toshiba_outlines_how_its_building_a_quantum_secure_future] === 3 interaction extraction ===
[04:34:45 +3m 22s | thequantuminsider_2023_08_15_toshiba_outlines_how_its_building_a_quantum_secure_future] Extracting interactions: https://thequantuminsider.com/2023/08/15/toshiba-outlines-how-its-building-a-quantum-secure-future (1/1), chunk 11/36
[04:34:51 +3m 28s | thequantuminsider_2023_08_15_toshiba_outlines_how_its_building_a_quantum_secure_future] Extracting interactions: https://thequantuminsider.com/2023/08/15/toshiba-outlines-how-its-building-a-quantum-secure-future (1/1), chunk 12/36
[04:35:00 +3m 37s | thequantuminsider_2023_08_15_toshiba_outlines_how_its_building_a_quantum_secure_future] Extracting interactions: https://thequantuminsider.com/2023/08/15/toshiba-outlines-how-its-building-a-quantum-secure-future (1/1), chunk 13/36
[04:35:07 +3m 42s | thequantuminsider_2023_08_15_toshiba_outlines_how_its_building_a_quantum_secure_future] Extracting interactions: https://thequantuminsider.com/2023/08/15/toshiba-outlines-how-its-building-a-quantum-secure-future (1/1), chunk 14/36
[04:35:26 +4m 0s | thequantuminsider_2023_08_15_toshiba_outlines_how_its_building_a_quantum_secure_future] Extracting interactions: https://thequantuminsider.com/2023/08/15/toshiba-outlines-how-its-building-a-quantum-secure-future (1/1), chunk 15/36
[04:35:31 +4m 5s | thequantuminsider_2023_08_15_toshiba_outlines_how_its_building_a_quantum_secure_future] Extracting interactions: https://thequantuminsider.com/2023/08/15/toshiba-outlines-how-its-building-a-quantum-secure-future (1/1), chunk 16/36
[04:35:42 +4m 16s | thequantuminsider_2023_08_15_toshiba_outlines_how_its_building_a_quantum_secure_future] Extracting interactions: https://thequantuminsider.com/2023/08/15/toshiba-outlines-how-its-building-a-quantum-secure-future (1/1), chunk 17/36
[04:35:47 +4m 22s | thequantuminsider_2023_08_15_toshiba_outlines_how_its_building_a_quantum_secure_future] Extracting interactions: https://thequantuminsider.com/2023/08/15/toshiba-outlines-how-its-building-a-quantum-secure-future (1/1), chunk 18/36
[04:36:05 +4m 40s | thequantuminsider_2023_08_15_toshiba_outlines_how_its_building_a_quantum_secure_future] Extracting interactions: https://thequantuminsider.com/2023/08/15/toshiba-outlines-how-its-building-a-quantum-secure-future (1/1), chunk 19/36
[04:36:11 +4m 46s | thequantuminsider_2023_08_15_toshiba_outlines_how_its_building_a_quantum_secure_future] Extracting interactions: https://thequantuminsider.com/2023/08/15/toshiba-outlines-how-its-building-a-quantum-secure-future (1/1), chunk 20/36
[04:36:22 +4m 56s | thequantuminsider_2023_08_15_toshiba_outlines_how_its_building_a_quantum_secure_future] Extracting interactions: https://thequantuminsider.com/2023/08/15/toshiba-outlines-how-its-building-a-quantum-secure-future (1/1), chunk 21/36
[04:36:33 +5m 7s | thequantuminsider_2023_08_15_toshiba_outlines_how_its_building_a_quantum_secure_future] Extracting interactions: https://thequantuminsider.com/2023/08/15/toshiba-outlines-how-its-building-a-quantum-secure-future (1/1), chunk 22/36
[04:36:41 +5m 16s | thequantuminsider_2023_08_15_toshiba_outlines_how_its_building_a_quantum_secure_future] Extracting interactions: https://thequantuminsider.com/2023/08/15/toshiba-outlines-how-its-building-a-quantum-secure-future (1/1), chunk 25/36
[04:36:45 +5m 19s | thequantuminsider_2023_08_15_toshiba_outlines_how_its_building_a_quantum_secure_future] Extracting interactions: https://thequantuminsider.com/2023/08/15/toshiba-outlines-how-its-building-a-quantum-secure-future (1/1), chunk 26/36
[04:36:46 +5m 21s | thequantuminsider_2023_08_15_toshiba_outlines_how_its_building_a_quantum_secure_future] Extracting interactions: https://thequantuminsider.com/2023/08/15/toshiba-outlines-how-its-building-a-quantum-secure-future (1/1), chunk 27/36
[04:36:47 +5m 22s | thequantuminsider_2023_08_15_toshiba_outlines_how_its_building_a_quantum_secure_future] Extracting interactions: https://thequantuminsider.com/2023/08/15/toshiba-outlines-how-its-building-a-quantum-secure-future (1/1), chunk 28/36
[04:36:49 +5m 23s | thequantuminsider_2023_08_15_toshiba_outlines_how_its_building_a_quantum_secure_future] Extracting interactions: https://thequantuminsider.com/2023/08/15/toshiba-outlines-how-its-building-a-quantum-secure-future (1/1), chunk 29/36
[04:36:50 +5m 25s | thequantuminsider_2023_08_15_toshiba_outlines_how_its_building_a_quantum_secure_future] Extracting interactions: https://thequantuminsider.com/2023/08/15/toshiba-outlines-how-its-building-a-quantum-secure-future (1/1), chunk 30/36
[04:36:52 +5m 26s | thequantuminsider_2023_08_15_toshiba_outlines_how_its_building_a_quantum_secure_future] Extracting interactions: https://thequantuminsider.com/2023/08/15/toshiba-outlines-how-its-building-a-quantum-secure-future (1/1), chunk 31/36
[04:37:01 +5m 36s | thequantuminsider_2023_08_15_toshiba_outlines_how_its_building_a_quantum_secure_future] Extracting interactions: https://thequantuminsider.com/2023/08/15/toshiba-outlines-how-its-building-a-quantum-secure-future (1/1), chunk 32/36
[04:37:03 +5m 37s | thequantuminsider_2023_08_15_toshiba_outlines_how_its_building_a_quantum_secure_future] Extracting interactions: https://thequantuminsider.com/2023/08/15/toshiba-outlines-how-its-building-a-quantum-secure-future (1/1), chunk 33/36
[04:37:05 +5m 39s | thequantuminsider_2023_08_15_toshiba_outlines_how_its_building_a_quantum_secure_future] Extracting interactions: https://thequantuminsider.com/2023/08/15/toshiba-outlines-how-its-building-a-quantum-secure-future (1/1), chunk 34/36
[04:37:06 +5m 41s | thequantuminsider_2023_08_15_toshiba_outlines_how_its_building_a_quantum_secure_future] Extracting interactions: https://thequantuminsider.com/2023/08/15/toshiba-outlines-how-its-building-a-quantum-secure-future (1/1), chunk 35/36
[04:37:08 +5m 42s | thequantuminsider_2023_08_15_toshiba_outlines_how_its_building_a_quantum_secure_future] Extracting interactions: https://thequantuminsider.com/2023/08/15/toshiba-outlines-how-its-building-a-quantum-secure-future (1/1), chunk 36/36
[04:37:09 +5m 43s | thequantuminsider_2023_08_15_toshiba_outlines_how_its_building_a_quantum_secure_future] Saved 3_interaction_results.json with 27 extracted interactions.

[04:37:09 +5m 43s | thequantuminsider_2023_08_15_toshiba_outlines_how_its_building_a_quantum_secure_future] === 4 clean interactions ===
[04:37:09 +5m 43s | thequantuminsider_2023_08_15_toshiba_outlines_how_its_building_a_quantum_secure_future] Saved 4_edges.json with 5 cleaned interactions.

[04:37:09 +5m 43s | thequantuminsider_2023_08_15_toshiba_outlines_how_its_building_a_quantum_secure_future] === 5 helix enrichment ===
[04:37:09 +5m 44s | thequantuminsider_2023_08_15_toshiba_outlines_how_its_building_a_quantum_secure_future] Wrote 5_nodes.json (18 actors)
[04:37:09 +5m 44s | thequantuminsider_2023_08_15_toshiba_outlines_how_its_building_a_quantum_secure_future] Wrote 5_edges.json (5 interactions)
[04:37:09 +5m 44s | thequantuminsider_2023_08_15_toshiba_outlines_how_its_building_a_quantum_secure_future] Actor helix counts: {'Academia': 1, 'Civil Society': 2, 'Government': 3, 'Industry': 4, 'Intermediary': 1, 'Unknown': 7}
[04:37:09 +5m 44s | thequantuminsider_2023_08_15_toshiba_outlines_how_its_building_a_quantum_secure_future] Functional-space counts: {'Intra-helix / Not classified': 4, 'Unknown': 1}

[04:37:09 +5m 44s | thequantuminsider_2023_08_15_toshiba_outlines_how_its_building_a_quantum_secure_future] === 6 network visualisation ===
[04:37:09 +5m 44s | thequantuminsider_2023_08_15_toshiba_outlines_how_its_building_a_quantum_secure_future] Wrote quantum_network.html
[04:37:09 +5m 44s | thequantuminsider_2023_08_15_toshiba_outlines_how_its_building_a_quantum_secure_future] Nodes: 18
[04:37:09 +5m 44s | thequantuminsider_2023_08_15_toshiba_outlines_how_its_building_a_quantum_secure_future] Edges: 2

[04:37:09 +5m 44s | thequantuminsider_2023_08_15_toshiba_outlines_how_its_building_a_quantum_secure_future] Done. Outputs written to: /home/lv/IDP/idpdeeptech/pipeline/news_outputs/thequantuminsider_2023_08_15_toshiba_outlines_how_its_building_a_quantum_secure_future
[04:37:09 +5m 44s | thequantuminsider_2023_08_15_toshiba_outlines_how_its_building_a_quantum_secure_future] Log: /home/lv/IDP/idpdeeptech/pipeline/news_outputs/thequantuminsider_2023_08_15_toshiba_outlines_how_its_building_a_quantum_secure_future/run.log

========================================================================
RUN FINISHED 2026-07-02 04:37:09  (OK)
Started:     2026-07-02 04:31:05
Elapsed:     5m 44s
========================================================================
