
========================================================================
RUN STARTED  2026-07-01 22:25:07
site_pipeline.py https://thequantuminsider.com/2020/01/26/princeton-building-partnerships-establishing-foundation-to-be-world-leader-in-quantum-computing/
========================================================================

[22:25:07 +0s | thequantuminsider_2020_01_26_princeton_building_partnerships_establishing_foundation_to_b_108cd4ea] === 0 crawl site ===
[22:25:10 +3s | thequantuminsider_2020_01_26_princeton_building_partnerships_establishing_foundation_to_b_108cd4ea] [INIT].... → Crawl4AI 0.8.6 
[22:25:17 +7s | thequantuminsider_2020_01_26_princeton_building_partnerships_establishing_foundation_to_b_108cd4ea] [FETCH]... ↓ https://thequantuminsider.com/2020/01/26/princet...ndation-to-be-world-leader-in-quantum-computing/  | ✓ | ⏱: 4.08s 
[22:25:17 +7s | thequantuminsider_2020_01_26_princeton_building_partnerships_establishing_foundation_to_b_108cd4ea] [SCRAPE].. ◆ https://thequantuminsider.com/2020/01/26/princet...ndation-to-be-world-leader-in-quantum-computing/  | ✓ | ⏱: 0.11s 
[22:25:17 +7s | thequantuminsider_2020_01_26_princeton_building_partnerships_establishing_foundation_to_b_108cd4ea] [COMPLETE] ● https://thequantuminsider.com/2020/01/26/princet...ndation-to-be-world-leader-in-quantum-computing/  | ✓ | ⏱: 4.20s 
[22:25:17 +7s | thequantuminsider_2020_01_26_princeton_building_partnerships_establishing_foundation_to_b_108cd4ea] Saved: crawl_output/b8211638b4_thequantuminsider.com_2020_01_26_princeton-building-partnerships-establishing-foundation-to-be-world-leader-in-quantum-computing.json

[22:25:18 +8s | thequantuminsider_2020_01_26_princeton_building_partnerships_establishing_foundation_to_b_108cd4ea] === 1 actor extraction ===
[22:25:18 +8s | thequantuminsider_2020_01_26_princeton_building_partnerships_establishing_foundation_to_b_108cd4ea] Reading page (1/1): https://thequantuminsider.com/2020/01/26/princeton-building-partnerships-establishing-foundation-to-be-world-leader-in-quantum-computing
[22:25:18 +8s | thequantuminsider_2020_01_26_princeton_building_partnerships_establishing_foundation_to_b_108cd4ea] Extracting actors: https://thequantuminsider.com/2020/01/26/princeton-building-partnerships-establishing-foundation-to-be-world-leader-in-quantum-computing (1/1), chunk 1/39
[22:25:22 +12s | thequantuminsider_2020_01_26_princeton_building_partnerships_establishing_foundation_to_b_108cd4ea] Extracting actors: https://thequantuminsider.com/2020/01/26/princeton-building-partnerships-establishing-foundation-to-be-world-leader-in-quantum-computing (1/1), chunk 2/39
[22:25:29 +19s | thequantuminsider_2020_01_26_princeton_building_partnerships_establishing_foundation_to_b_108cd4ea] Extracting actors: https://thequantuminsider.com/2020/01/26/princeton-building-partnerships-establishing-foundation-to-be-world-leader-in-quantum-computing (1/1), chunk 3/39
[22:25:33 +23s | thequantuminsider_2020_01_26_princeton_building_partnerships_establishing_foundation_to_b_108cd4ea] Extracting actors: https://thequantuminsider.com/2020/01/26/princeton-building-partnerships-establishing-foundation-to-be-world-leader-in-quantum-computing (1/1), chunk 4/39
[22:25:38 +28s | thequantuminsider_2020_01_26_princeton_building_partnerships_establishing_foundation_to_b_108cd4ea] Extracting actors: https://thequantuminsider.com/2020/01/26/princeton-building-partnerships-establishing-foundation-to-be-world-leader-in-quantum-computing (1/1), chunk 5/39
[22:25:42 +32s | thequantuminsider_2020_01_26_princeton_building_partnerships_establishing_foundation_to_b_108cd4ea] Extracting actors: https://thequantuminsider.com/2020/01/26/princeton-building-partnerships-establishing-foundation-to-be-world-leader-in-quantum-computing (1/1), chunk 6/39
[22:25:46 +36s | thequantuminsider_2020_01_26_princeton_building_partnerships_establishing_foundation_to_b_108cd4ea] Extracting actors: https://thequantuminsider.com/2020/01/26/princeton-building-partnerships-establishing-foundation-to-be-world-leader-in-quantum-computing (1/1), chunk 7/39
[22:25:53 +40s | thequantuminsider_2020_01_26_princeton_building_partnerships_establishing_foundation_to_b_108cd4ea] Extracting actors: https://thequantuminsider.com/2020/01/26/princeton-building-partnerships-establishing-foundation-to-be-world-leader-in-quantum-computing (1/1), chunk 8/39
[22:25:58 +45s | thequantuminsider_2020_01_26_princeton_building_partnerships_establishing_foundation_to_b_108cd4ea] Extracting actors: https://thequantuminsider.com/2020/01/26/princeton-building-partnerships-establishing-foundation-to-be-world-leader-in-quantum-computing (1/1), chunk 9/39
[22:26:04 +51s | thequantuminsider_2020_01_26_princeton_building_partnerships_establishing_foundation_to_b_108cd4ea] Extracting actors: https://thequantuminsider.com/2020/01/26/princeton-building-partnerships-establishing-foundation-to-be-world-leader-in-quantum-computing (1/1), chunk 10/39
[22:26:08 +55s | thequantuminsider_2020_01_26_princeton_building_partnerships_establishing_foundation_to_b_108cd4ea] Extracting actors: https://thequantuminsider.com/2020/01/26/princeton-building-partnerships-establishing-foundation-to-be-world-leader-in-quantum-computing (1/1), chunk 11/39
[22:26:14 +1m 1s | thequantuminsider_2020_01_26_princeton_building_partnerships_establishing_foundation_to_b_108cd4ea] Repaired malformed JSON.
[22:26:14 +1m 1s | thequantuminsider_2020_01_26_princeton_building_partnerships_establishing_foundation_to_b_108cd4ea] Extracting actors: https://thequantuminsider.com/2020/01/26/princeton-building-partnerships-establishing-foundation-to-be-world-leader-in-quantum-computing (1/1), chunk 12/39
[22:26:19 +1m 6s | thequantuminsider_2020_01_26_princeton_building_partnerships_establishing_foundation_to_b_108cd4ea] Repaired malformed JSON.
[22:26:19 +1m 6s | thequantuminsider_2020_01_26_princeton_building_partnerships_establishing_foundation_to_b_108cd4ea] Extracting actors: https://thequantuminsider.com/2020/01/26/princeton-building-partnerships-establishing-foundation-to-be-world-leader-in-quantum-computing (1/1), chunk 13/39
[22:26:29 +1m 13s | thequantuminsider_2020_01_26_princeton_building_partnerships_establishing_foundation_to_b_108cd4ea] Repaired malformed JSON.
[22:26:29 +1m 13s | thequantuminsider_2020_01_26_princeton_building_partnerships_establishing_foundation_to_b_108cd4ea] Extracting actors: https://thequantuminsider.com/2020/01/26/princeton-building-partnerships-establishing-foundation-to-be-world-leader-in-quantum-computing (1/1), chunk 14/39
[22:26:35 +1m 19s | thequantuminsider_2020_01_26_princeton_building_partnerships_establishing_foundation_to_b_108cd4ea] Repaired malformed JSON.
[22:26:35 +1m 19s | thequantuminsider_2020_01_26_princeton_building_partnerships_establishing_foundation_to_b_108cd4ea] Extracting actors: https://thequantuminsider.com/2020/01/26/princeton-building-partnerships-establishing-foundation-to-be-world-leader-in-quantum-computing (1/1), chunk 15/39
[22:26:42 +1m 26s | thequantuminsider_2020_01_26_princeton_building_partnerships_establishing_foundation_to_b_108cd4ea] Repaired malformed JSON.
[22:26:42 +1m 26s | thequantuminsider_2020_01_26_princeton_building_partnerships_establishing_foundation_to_b_108cd4ea] Extracting actors: https://thequantuminsider.com/2020/01/26/princeton-building-partnerships-establishing-foundation-to-be-world-leader-in-quantum-computing (1/1), chunk 16/39
[22:26:50 +1m 34s | thequantuminsider_2020_01_26_princeton_building_partnerships_establishing_foundation_to_b_108cd4ea] Repaired malformed JSON.
[22:26:50 +1m 34s | thequantuminsider_2020_01_26_princeton_building_partnerships_establishing_foundation_to_b_108cd4ea] Extracting actors: https://thequantuminsider.com/2020/01/26/princeton-building-partnerships-establishing-foundation-to-be-world-leader-in-quantum-computing (1/1), chunk 17/39
[22:26:57 +1m 41s | thequantuminsider_2020_01_26_princeton_building_partnerships_establishing_foundation_to_b_108cd4ea] Repaired malformed JSON.
[22:26:57 +1m 41s | thequantuminsider_2020_01_26_princeton_building_partnerships_establishing_foundation_to_b_108cd4ea] Extracting actors: https://thequantuminsider.com/2020/01/26/princeton-building-partnerships-establishing-foundation-to-be-world-leader-in-quantum-computing (1/1), chunk 18/39
[22:27:05 +1m 46s | thequantuminsider_2020_01_26_princeton_building_partnerships_establishing_foundation_to_b_108cd4ea] Repaired malformed JSON.
[22:27:05 +1m 46s | thequantuminsider_2020_01_26_princeton_building_partnerships_establishing_foundation_to_b_108cd4ea] Extracting actors: https://thequantuminsider.com/2020/01/26/princeton-building-partnerships-establishing-foundation-to-be-world-leader-in-quantum-computing (1/1), chunk 19/39
[22:27:12 +1m 53s | thequantuminsider_2020_01_26_princeton_building_partnerships_establishing_foundation_to_b_108cd4ea] Repaired malformed JSON.
[22:27:12 +1m 53s | thequantuminsider_2020_01_26_princeton_building_partnerships_establishing_foundation_to_b_108cd4ea] Extracting actors: https://thequantuminsider.com/2020/01/26/princeton-building-partnerships-establishing-foundation-to-be-world-leader-in-quantum-computing (1/1), chunk 20/39
[22:27:19 +2m 0s | thequantuminsider_2020_01_26_princeton_building_partnerships_establishing_foundation_to_b_108cd4ea] Repaired malformed JSON.
[22:27:19 +2m 0s | thequantuminsider_2020_01_26_princeton_building_partnerships_establishing_foundation_to_b_108cd4ea] Extracting actors: https://thequantuminsider.com/2020/01/26/princeton-building-partnerships-establishing-foundation-to-be-world-leader-in-quantum-computing (1/1), chunk 21/39
[22:27:24 +2m 6s | thequantuminsider_2020_01_26_princeton_building_partnerships_establishing_foundation_to_b_108cd4ea] Repaired malformed JSON.
[22:27:24 +2m 6s | thequantuminsider_2020_01_26_princeton_building_partnerships_establishing_foundation_to_b_108cd4ea] Extracting actors: https://thequantuminsider.com/2020/01/26/princeton-building-partnerships-establishing-foundation-to-be-world-leader-in-quantum-computing (1/1), chunk 22/39
[22:27:34 +2m 15s | thequantuminsider_2020_01_26_princeton_building_partnerships_establishing_foundation_to_b_108cd4ea] Repaired malformed JSON.
[22:27:34 +2m 15s | thequantuminsider_2020_01_26_princeton_building_partnerships_establishing_foundation_to_b_108cd4ea] Extracting actors: https://thequantuminsider.com/2020/01/26/princeton-building-partnerships-establishing-foundation-to-be-world-leader-in-quantum-computing (1/1), chunk 23/39
[22:27:45 +2m 23s | thequantuminsider_2020_01_26_princeton_building_partnerships_establishing_foundation_to_b_108cd4ea] Repaired malformed JSON.
[22:27:45 +2m 23s | thequantuminsider_2020_01_26_princeton_building_partnerships_establishing_foundation_to_b_108cd4ea] Extracting actors: https://thequantuminsider.com/2020/01/26/princeton-building-partnerships-establishing-foundation-to-be-world-leader-in-quantum-computing (1/1), chunk 24/39
[22:27:52 +2m 30s | thequantuminsider_2020_01_26_princeton_building_partnerships_establishing_foundation_to_b_108cd4ea] Repaired malformed JSON.
[22:27:52 +2m 30s | thequantuminsider_2020_01_26_princeton_building_partnerships_establishing_foundation_to_b_108cd4ea] Extracting actors: https://thequantuminsider.com/2020/01/26/princeton-building-partnerships-establishing-foundation-to-be-world-leader-in-quantum-computing (1/1), chunk 25/39
[22:27:58 +2m 36s | thequantuminsider_2020_01_26_princeton_building_partnerships_establishing_foundation_to_b_108cd4ea] Repaired malformed JSON.
[22:27:58 +2m 36s | thequantuminsider_2020_01_26_princeton_building_partnerships_establishing_foundation_to_b_108cd4ea] Extracting actors: https://thequantuminsider.com/2020/01/26/princeton-building-partnerships-establishing-foundation-to-be-world-leader-in-quantum-computing (1/1), chunk 26/39
[22:28:04 +2m 42s | thequantuminsider_2020_01_26_princeton_building_partnerships_establishing_foundation_to_b_108cd4ea] Repaired malformed JSON.
[22:28:04 +2m 42s | thequantuminsider_2020_01_26_princeton_building_partnerships_establishing_foundation_to_b_108cd4ea] Extracting actors: https://thequantuminsider.com/2020/01/26/princeton-building-partnerships-establishing-foundation-to-be-world-leader-in-quantum-computing (1/1), chunk 27/39
[22:28:14 +2m 50s | thequantuminsider_2020_01_26_princeton_building_partnerships_establishing_foundation_to_b_108cd4ea] Extracting actors: https://thequantuminsider.com/2020/01/26/princeton-building-partnerships-establishing-foundation-to-be-world-leader-in-quantum-computing (1/1), chunk 28/39
[22:28:20 +2m 55s | thequantuminsider_2020_01_26_princeton_building_partnerships_establishing_foundation_to_b_108cd4ea] Repaired malformed JSON.
[22:28:20 +2m 55s | thequantuminsider_2020_01_26_princeton_building_partnerships_establishing_foundation_to_b_108cd4ea] Extracting actors: https://thequantuminsider.com/2020/01/26/princeton-building-partnerships-establishing-foundation-to-be-world-leader-in-quantum-computing (1/1), chunk 29/39
[22:28:22 +2m 57s | thequantuminsider_2020_01_26_princeton_building_partnerships_establishing_foundation_to_b_108cd4ea] Extracting actors: https://thequantuminsider.com/2020/01/26/princeton-building-partnerships-establishing-foundation-to-be-world-leader-in-quantum-computing (1/1), chunk 30/39
[22:28:27 +3m 2s | thequantuminsider_2020_01_26_princeton_building_partnerships_establishing_foundation_to_b_108cd4ea] Extracting actors: https://thequantuminsider.com/2020/01/26/princeton-building-partnerships-establishing-foundation-to-be-world-leader-in-quantum-computing (1/1), chunk 31/39
[22:28:33 +3m 9s | thequantuminsider_2020_01_26_princeton_building_partnerships_establishing_foundation_to_b_108cd4ea] Repaired malformed JSON.
[22:28:33 +3m 9s | thequantuminsider_2020_01_26_princeton_building_partnerships_establishing_foundation_to_b_108cd4ea] Extracting actors: https://thequantuminsider.com/2020/01/26/princeton-building-partnerships-establishing-foundation-to-be-world-leader-in-quantum-computing (1/1), chunk 32/39
[22:28:39 +3m 14s | thequantuminsider_2020_01_26_princeton_building_partnerships_establishing_foundation_to_b_108cd4ea] Repaired malformed JSON.
[22:28:39 +3m 14s | thequantuminsider_2020_01_26_princeton_building_partnerships_establishing_foundation_to_b_108cd4ea] Extracting actors: https://thequantuminsider.com/2020/01/26/princeton-building-partnerships-establishing-foundation-to-be-world-leader-in-quantum-computing (1/1), chunk 33/39
[22:28:49 +3m 21s | thequantuminsider_2020_01_26_princeton_building_partnerships_establishing_foundation_to_b_108cd4ea] Repaired malformed JSON.
[22:28:49 +3m 21s | thequantuminsider_2020_01_26_princeton_building_partnerships_establishing_foundation_to_b_108cd4ea] Extracting actors: https://thequantuminsider.com/2020/01/26/princeton-building-partnerships-establishing-foundation-to-be-world-leader-in-quantum-computing (1/1), chunk 34/39
[22:28:55 +3m 27s | thequantuminsider_2020_01_26_princeton_building_partnerships_establishing_foundation_to_b_108cd4ea] Extracting actors: https://thequantuminsider.com/2020/01/26/princeton-building-partnerships-establishing-foundation-to-be-world-leader-in-quantum-computing (1/1), chunk 35/39
[22:29:02 +3m 34s | thequantuminsider_2020_01_26_princeton_building_partnerships_establishing_foundation_to_b_108cd4ea] Repaired malformed JSON.
[22:29:02 +3m 34s | thequantuminsider_2020_01_26_princeton_building_partnerships_establishing_foundation_to_b_108cd4ea] Extracting actors: https://thequantuminsider.com/2020/01/26/princeton-building-partnerships-establishing-foundation-to-be-world-leader-in-quantum-computing (1/1), chunk 36/39
[22:29:11 +3m 43s | thequantuminsider_2020_01_26_princeton_building_partnerships_establishing_foundation_to_b_108cd4ea] Repaired malformed JSON.
[22:29:11 +3m 43s | thequantuminsider_2020_01_26_princeton_building_partnerships_establishing_foundation_to_b_108cd4ea] Extracting actors: https://thequantuminsider.com/2020/01/26/princeton-building-partnerships-establishing-foundation-to-be-world-leader-in-quantum-computing (1/1), chunk 37/39
[22:29:16 +3m 48s | thequantuminsider_2020_01_26_princeton_building_partnerships_establishing_foundation_to_b_108cd4ea] Repaired malformed JSON.
[22:29:16 +3m 48s | thequantuminsider_2020_01_26_princeton_building_partnerships_establishing_foundation_to_b_108cd4ea] Extracting actors: https://thequantuminsider.com/2020/01/26/princeton-building-partnerships-establishing-foundation-to-be-world-leader-in-quantum-computing (1/1), chunk 38/39
[22:29:27 +3m 57s | thequantuminsider_2020_01_26_princeton_building_partnerships_establishing_foundation_to_b_108cd4ea] Repaired malformed JSON.
[22:29:27 +3m 57s | thequantuminsider_2020_01_26_princeton_building_partnerships_establishing_foundation_to_b_108cd4ea] Extracting actors: https://thequantuminsider.com/2020/01/26/princeton-building-partnerships-establishing-foundation-to-be-world-leader-in-quantum-computing (1/1), chunk 39/39
[22:29:32 +4m 1s | thequantuminsider_2020_01_26_princeton_building_partnerships_establishing_foundation_to_b_108cd4ea] Saved 1_actor_results.json with 58 extracted records

[22:29:32 +4m 2s | thequantuminsider_2020_01_26_princeton_building_partnerships_establishing_foundation_to_b_108cd4ea] === 2 clean actors ===
[22:29:32 +4m 2s | thequantuminsider_2020_01_26_princeton_building_partnerships_establishing_foundation_to_b_108cd4ea] Loaded 58 extracted records
[22:29:32 +4m 2s | thequantuminsider_2020_01_26_princeton_building_partnerships_establishing_foundation_to_b_108cd4ea] Saved 2_actor_nodes.json with 21 canonical actor nodes

[22:29:32 +4m 2s | thequantuminsider_2020_01_26_princeton_building_partnerships_establishing_foundation_to_b_108cd4ea] === 3 interaction extraction ===
[22:29:33 +4m 2s | thequantuminsider_2020_01_26_princeton_building_partnerships_establishing_foundation_to_b_108cd4ea] Extracting interactions: https://thequantuminsider.com/2020/01/26/princeton-building-partnerships-establishing-foundation-to-be-world-leader-in-quantum-computing (1/1), chunk 11/39
[22:29:37 +4m 7s | thequantuminsider_2020_01_26_princeton_building_partnerships_establishing_foundation_to_b_108cd4ea] Extracting interactions: https://thequantuminsider.com/2020/01/26/princeton-building-partnerships-establishing-foundation-to-be-world-leader-in-quantum-computing (1/1), chunk 12/39
[22:29:47 +4m 16s | thequantuminsider_2020_01_26_princeton_building_partnerships_establishing_foundation_to_b_108cd4ea] Extracting interactions: https://thequantuminsider.com/2020/01/26/princeton-building-partnerships-establishing-foundation-to-be-world-leader-in-quantum-computing (1/1), chunk 13/39
[22:29:55 +4m 24s | thequantuminsider_2020_01_26_princeton_building_partnerships_establishing_foundation_to_b_108cd4ea] Extracting interactions: https://thequantuminsider.com/2020/01/26/princeton-building-partnerships-establishing-foundation-to-be-world-leader-in-quantum-computing (1/1), chunk 14/39
[22:30:02 +4m 28s | thequantuminsider_2020_01_26_princeton_building_partnerships_establishing_foundation_to_b_108cd4ea] Extracting interactions: https://thequantuminsider.com/2020/01/26/princeton-building-partnerships-establishing-foundation-to-be-world-leader-in-quantum-computing (1/1), chunk 15/39
[22:30:06 +4m 32s | thequantuminsider_2020_01_26_princeton_building_partnerships_establishing_foundation_to_b_108cd4ea] Extracting interactions: https://thequantuminsider.com/2020/01/26/princeton-building-partnerships-establishing-foundation-to-be-world-leader-in-quantum-computing (1/1), chunk 16/39
[22:30:12 +4m 38s | thequantuminsider_2020_01_26_princeton_building_partnerships_establishing_foundation_to_b_108cd4ea] Extracting interactions: https://thequantuminsider.com/2020/01/26/princeton-building-partnerships-establishing-foundation-to-be-world-leader-in-quantum-computing (1/1), chunk 17/39
[22:30:23 +4m 49s | thequantuminsider_2020_01_26_princeton_building_partnerships_establishing_foundation_to_b_108cd4ea] Extracting interactions: https://thequantuminsider.com/2020/01/26/princeton-building-partnerships-establishing-foundation-to-be-world-leader-in-quantum-computing (1/1), chunk 18/39
[22:30:29 +4m 55s | thequantuminsider_2020_01_26_princeton_building_partnerships_establishing_foundation_to_b_108cd4ea] Extracting interactions: https://thequantuminsider.com/2020/01/26/princeton-building-partnerships-establishing-foundation-to-be-world-leader-in-quantum-computing (1/1), chunk 19/39
[22:30:34 +4m 57s | thequantuminsider_2020_01_26_princeton_building_partnerships_establishing_foundation_to_b_108cd4ea] Extracting interactions: https://thequantuminsider.com/2020/01/26/princeton-building-partnerships-establishing-foundation-to-be-world-leader-in-quantum-computing (1/1), chunk 20/39
[22:30:44 +5m 7s | thequantuminsider_2020_01_26_princeton_building_partnerships_establishing_foundation_to_b_108cd4ea] Extracting interactions: https://thequantuminsider.com/2020/01/26/princeton-building-partnerships-establishing-foundation-to-be-world-leader-in-quantum-computing (1/1), chunk 21/39
[22:30:53 +5m 16s | thequantuminsider_2020_01_26_princeton_building_partnerships_establishing_foundation_to_b_108cd4ea] Extracting interactions: https://thequantuminsider.com/2020/01/26/princeton-building-partnerships-establishing-foundation-to-be-world-leader-in-quantum-computing (1/1), chunk 22/39
[22:31:00 +5m 24s | thequantuminsider_2020_01_26_princeton_building_partnerships_establishing_foundation_to_b_108cd4ea] Extracting interactions: https://thequantuminsider.com/2020/01/26/princeton-building-partnerships-establishing-foundation-to-be-world-leader-in-quantum-computing (1/1), chunk 23/39
[22:31:05 +5m 29s | thequantuminsider_2020_01_26_princeton_building_partnerships_establishing_foundation_to_b_108cd4ea] Extracting interactions: https://thequantuminsider.com/2020/01/26/princeton-building-partnerships-establishing-foundation-to-be-world-leader-in-quantum-computing (1/1), chunk 24/39
[22:31:20 +5m 40s | thequantuminsider_2020_01_26_princeton_building_partnerships_establishing_foundation_to_b_108cd4ea] Extracting interactions: https://thequantuminsider.com/2020/01/26/princeton-building-partnerships-establishing-foundation-to-be-world-leader-in-quantum-computing (1/1), chunk 25/39
[22:31:25 +5m 46s | thequantuminsider_2020_01_26_princeton_building_partnerships_establishing_foundation_to_b_108cd4ea] Extracting interactions: https://thequantuminsider.com/2020/01/26/princeton-building-partnerships-establishing-foundation-to-be-world-leader-in-quantum-computing (1/1), chunk 28/39
[22:31:29 +5m 50s | thequantuminsider_2020_01_26_princeton_building_partnerships_establishing_foundation_to_b_108cd4ea] Extracting interactions: https://thequantuminsider.com/2020/01/26/princeton-building-partnerships-establishing-foundation-to-be-world-leader-in-quantum-computing (1/1), chunk 29/39
[22:31:31 +5m 52s | thequantuminsider_2020_01_26_princeton_building_partnerships_establishing_foundation_to_b_108cd4ea] Extracting interactions: https://thequantuminsider.com/2020/01/26/princeton-building-partnerships-establishing-foundation-to-be-world-leader-in-quantum-computing (1/1), chunk 30/39
[22:31:34 +5m 54s | thequantuminsider_2020_01_26_princeton_building_partnerships_establishing_foundation_to_b_108cd4ea] Extracting interactions: https://thequantuminsider.com/2020/01/26/princeton-building-partnerships-establishing-foundation-to-be-world-leader-in-quantum-computing (1/1), chunk 32/39
[22:31:35 +5m 56s | thequantuminsider_2020_01_26_princeton_building_partnerships_establishing_foundation_to_b_108cd4ea] Extracting interactions: https://thequantuminsider.com/2020/01/26/princeton-building-partnerships-establishing-foundation-to-be-world-leader-in-quantum-computing (1/1), chunk 33/39
[22:31:37 +5m 57s | thequantuminsider_2020_01_26_princeton_building_partnerships_establishing_foundation_to_b_108cd4ea] Extracting interactions: https://thequantuminsider.com/2020/01/26/princeton-building-partnerships-establishing-foundation-to-be-world-leader-in-quantum-computing (1/1), chunk 34/39
[22:31:39 +5m 59s | thequantuminsider_2020_01_26_princeton_building_partnerships_establishing_foundation_to_b_108cd4ea] Extracting interactions: https://thequantuminsider.com/2020/01/26/princeton-building-partnerships-establishing-foundation-to-be-world-leader-in-quantum-computing (1/1), chunk 35/39
[22:31:40 +6m 1s | thequantuminsider_2020_01_26_princeton_building_partnerships_establishing_foundation_to_b_108cd4ea] Extracting interactions: https://thequantuminsider.com/2020/01/26/princeton-building-partnerships-establishing-foundation-to-be-world-leader-in-quantum-computing (1/1), chunk 37/39
[22:31:45 +6m 3s | thequantuminsider_2020_01_26_princeton_building_partnerships_establishing_foundation_to_b_108cd4ea] Extracting interactions: https://thequantuminsider.com/2020/01/26/princeton-building-partnerships-establishing-foundation-to-be-world-leader-in-quantum-computing (1/1), chunk 38/39
[22:31:47 +6m 5s | thequantuminsider_2020_01_26_princeton_building_partnerships_establishing_foundation_to_b_108cd4ea] Saved 3_interaction_results.json with 25 extracted interactions.

[22:31:47 +6m 5s | thequantuminsider_2020_01_26_princeton_building_partnerships_establishing_foundation_to_b_108cd4ea] === 4 clean interactions ===
[22:31:47 +6m 5s | thequantuminsider_2020_01_26_princeton_building_partnerships_establishing_foundation_to_b_108cd4ea] Saved 4_edges.json with 2 cleaned interactions.

[22:31:47 +6m 5s | thequantuminsider_2020_01_26_princeton_building_partnerships_establishing_foundation_to_b_108cd4ea] === 5 helix enrichment ===
[22:31:47 +6m 5s | thequantuminsider_2020_01_26_princeton_building_partnerships_establishing_foundation_to_b_108cd4ea] Wrote 5_nodes.json (21 actors)
[22:31:47 +6m 5s | thequantuminsider_2020_01_26_princeton_building_partnerships_establishing_foundation_to_b_108cd4ea] Wrote 5_edges.json (2 interactions)
[22:31:47 +6m 5s | thequantuminsider_2020_01_26_princeton_building_partnerships_establishing_foundation_to_b_108cd4ea] Actor helix counts: {'Academia': 4, 'Civil Society': 2, 'Government': 3, 'Industry': 4, 'Unknown': 8}
[22:31:47 +6m 5s | thequantuminsider_2020_01_26_princeton_building_partnerships_establishing_foundation_to_b_108cd4ea] Functional-space counts: {'Intra-helix / Not classified': 2}

[22:31:47 +6m 5s | thequantuminsider_2020_01_26_princeton_building_partnerships_establishing_foundation_to_b_108cd4ea] === 6 network visualisation ===
[22:31:48 +6m 5s | thequantuminsider_2020_01_26_princeton_building_partnerships_establishing_foundation_to_b_108cd4ea] Wrote quantum_network.html
[22:31:48 +6m 5s | thequantuminsider_2020_01_26_princeton_building_partnerships_establishing_foundation_to_b_108cd4ea] Nodes: 21
[22:31:48 +6m 5s | thequantuminsider_2020_01_26_princeton_building_partnerships_establishing_foundation_to_b_108cd4ea] Edges: 2

[22:31:48 +6m 5s | thequantuminsider_2020_01_26_princeton_building_partnerships_establishing_foundation_to_b_108cd4ea] Done. Outputs written to: /home/lv/IDP/idpdeeptech/pipeline/news_outputs/thequantuminsider_2020_01_26_princeton_building_partnerships_establishing_foundation_to_b_108cd4ea
[22:31:48 +6m 5s | thequantuminsider_2020_01_26_princeton_building_partnerships_establishing_foundation_to_b_108cd4ea] Log: /home/lv/IDP/idpdeeptech/pipeline/news_outputs/thequantuminsider_2020_01_26_princeton_building_partnerships_establishing_foundation_to_b_108cd4ea/run.log

========================================================================
RUN FINISHED 2026-07-01 22:31:48  (OK)
Started:     2026-07-01 22:25:07
Elapsed:     6m 5s
========================================================================
