
========================================================================
RUN STARTED  2026-07-01 20:02:08
site_pipeline.py https://thequantuminsider.com/2020/06/28/john-preskill-joins-amazon-to-advance-quantum-computing/
========================================================================

[20:02:08 +0s | thequantuminsider_2020_06_28_john_preskill_joins_amazon_to_advance_quantum_computing] === 0 crawl site ===
[20:02:11 +3s | thequantuminsider_2020_06_28_john_preskill_joins_amazon_to_advance_quantum_computing] [INIT].... → Crawl4AI 0.8.6 
[20:02:17 +6s | thequantuminsider_2020_06_28_john_preskill_joins_amazon_to_advance_quantum_computing] [FETCH]... ↓ https://thequantuminsider.com/2020/06/28/john-preskill-joins-amazon-to-advance-quantum-computing/    | ✓ | ⏱: 2.72s 
[20:02:17 +6s | thequantuminsider_2020_06_28_john_preskill_joins_amazon_to_advance_quantum_computing] [SCRAPE].. ◆ https://thequantuminsider.com/2020/06/28/john-preskill-joins-amazon-to-advance-quantum-computing/    | ✓ | ⏱: 0.12s 
[20:02:17 +6s | thequantuminsider_2020_06_28_john_preskill_joins_amazon_to_advance_quantum_computing] [COMPLETE] ● https://thequantuminsider.com/2020/06/28/john-preskill-joins-amazon-to-advance-quantum-computing/    | ✓ | ⏱: 2.86s 
[20:02:17 +6s | thequantuminsider_2020_06_28_john_preskill_joins_amazon_to_advance_quantum_computing] Saved: crawl_output/f090a570e8_thequantuminsider.com_2020_06_28_john-preskill-joins-amazon-to-advance-quantum-computing.json

[20:02:17 +6s | thequantuminsider_2020_06_28_john_preskill_joins_amazon_to_advance_quantum_computing] === 1 actor extraction ===
[20:02:17 +6s | thequantuminsider_2020_06_28_john_preskill_joins_amazon_to_advance_quantum_computing] Reading page (1/1): https://thequantuminsider.com/2020/06/28/john-preskill-joins-amazon-to-advance-quantum-computing
[20:02:17 +6s | thequantuminsider_2020_06_28_john_preskill_joins_amazon_to_advance_quantum_computing] Extracting actors: https://thequantuminsider.com/2020/06/28/john-preskill-joins-amazon-to-advance-quantum-computing (1/1), chunk 1/38
[20:02:26 +15s | thequantuminsider_2020_06_28_john_preskill_joins_amazon_to_advance_quantum_computing] Repaired malformed JSON.
[20:02:26 +15s | thequantuminsider_2020_06_28_john_preskill_joins_amazon_to_advance_quantum_computing] Extracting actors: https://thequantuminsider.com/2020/06/28/john-preskill-joins-amazon-to-advance-quantum-computing (1/1), chunk 2/38
[20:02:33 +22s | thequantuminsider_2020_06_28_john_preskill_joins_amazon_to_advance_quantum_computing] Repaired malformed JSON.
[20:02:33 +22s | thequantuminsider_2020_06_28_john_preskill_joins_amazon_to_advance_quantum_computing] Extracting actors: https://thequantuminsider.com/2020/06/28/john-preskill-joins-amazon-to-advance-quantum-computing (1/1), chunk 3/38
[20:02:40 +29s | thequantuminsider_2020_06_28_john_preskill_joins_amazon_to_advance_quantum_computing] Repaired malformed JSON.
[20:02:40 +29s | thequantuminsider_2020_06_28_john_preskill_joins_amazon_to_advance_quantum_computing] Extracting actors: https://thequantuminsider.com/2020/06/28/john-preskill-joins-amazon-to-advance-quantum-computing (1/1), chunk 4/38
[20:02:46 +35s | thequantuminsider_2020_06_28_john_preskill_joins_amazon_to_advance_quantum_computing] Repaired malformed JSON.
[20:02:46 +35s | thequantuminsider_2020_06_28_john_preskill_joins_amazon_to_advance_quantum_computing] Extracting actors: https://thequantuminsider.com/2020/06/28/john-preskill-joins-amazon-to-advance-quantum-computing (1/1), chunk 5/38
[20:02:55 +41s | thequantuminsider_2020_06_28_john_preskill_joins_amazon_to_advance_quantum_computing] Repaired malformed JSON.
[20:02:55 +41s | thequantuminsider_2020_06_28_john_preskill_joins_amazon_to_advance_quantum_computing] Extracting actors: https://thequantuminsider.com/2020/06/28/john-preskill-joins-amazon-to-advance-quantum-computing (1/1), chunk 6/38
[20:03:00 +46s | thequantuminsider_2020_06_28_john_preskill_joins_amazon_to_advance_quantum_computing] Repaired malformed JSON.
[20:03:00 +46s | thequantuminsider_2020_06_28_john_preskill_joins_amazon_to_advance_quantum_computing] Extracting actors: https://thequantuminsider.com/2020/06/28/john-preskill-joins-amazon-to-advance-quantum-computing (1/1), chunk 7/38
[20:03:07 +53s | thequantuminsider_2020_06_28_john_preskill_joins_amazon_to_advance_quantum_computing] Repaired malformed JSON.
[20:03:07 +53s | thequantuminsider_2020_06_28_john_preskill_joins_amazon_to_advance_quantum_computing] Extracting actors: https://thequantuminsider.com/2020/06/28/john-preskill-joins-amazon-to-advance-quantum-computing (1/1), chunk 8/38
[20:03:15 +1m 1s | thequantuminsider_2020_06_28_john_preskill_joins_amazon_to_advance_quantum_computing] Repaired malformed JSON.
[20:03:15 +1m 1s | thequantuminsider_2020_06_28_john_preskill_joins_amazon_to_advance_quantum_computing] Extracting actors: https://thequantuminsider.com/2020/06/28/john-preskill-joins-amazon-to-advance-quantum-computing (1/1), chunk 9/38
[20:03:25 +1m 9s | thequantuminsider_2020_06_28_john_preskill_joins_amazon_to_advance_quantum_computing] Repaired malformed JSON.
[20:03:25 +1m 9s | thequantuminsider_2020_06_28_john_preskill_joins_amazon_to_advance_quantum_computing] Extracting actors: https://thequantuminsider.com/2020/06/28/john-preskill-joins-amazon-to-advance-quantum-computing (1/1), chunk 10/38
[20:03:31 +1m 14s | thequantuminsider_2020_06_28_john_preskill_joins_amazon_to_advance_quantum_computing] Repaired malformed JSON.
[20:03:31 +1m 14s | thequantuminsider_2020_06_28_john_preskill_joins_amazon_to_advance_quantum_computing] Extracting actors: https://thequantuminsider.com/2020/06/28/john-preskill-joins-amazon-to-advance-quantum-computing (1/1), chunk 11/38
[20:03:39 +1m 23s | thequantuminsider_2020_06_28_john_preskill_joins_amazon_to_advance_quantum_computing] Repaired malformed JSON.
[20:03:39 +1m 23s | thequantuminsider_2020_06_28_john_preskill_joins_amazon_to_advance_quantum_computing] Extracting actors: https://thequantuminsider.com/2020/06/28/john-preskill-joins-amazon-to-advance-quantum-computing (1/1), chunk 12/38
[20:03:47 +1m 30s | thequantuminsider_2020_06_28_john_preskill_joins_amazon_to_advance_quantum_computing] Repaired malformed JSON.
[20:03:47 +1m 30s | thequantuminsider_2020_06_28_john_preskill_joins_amazon_to_advance_quantum_computing] Extracting actors: https://thequantuminsider.com/2020/06/28/john-preskill-joins-amazon-to-advance-quantum-computing (1/1), chunk 13/38
[20:03:56 +1m 40s | thequantuminsider_2020_06_28_john_preskill_joins_amazon_to_advance_quantum_computing] Repaired malformed JSON.
[20:03:56 +1m 40s | thequantuminsider_2020_06_28_john_preskill_joins_amazon_to_advance_quantum_computing] Extracting actors: https://thequantuminsider.com/2020/06/28/john-preskill-joins-amazon-to-advance-quantum-computing (1/1), chunk 14/38
[20:04:07 +1m 47s | thequantuminsider_2020_06_28_john_preskill_joins_amazon_to_advance_quantum_computing] Repaired malformed JSON.
[20:04:07 +1m 47s | thequantuminsider_2020_06_28_john_preskill_joins_amazon_to_advance_quantum_computing] Extracting actors: https://thequantuminsider.com/2020/06/28/john-preskill-joins-amazon-to-advance-quantum-computing (1/1), chunk 15/38
[20:04:13 +1m 53s | thequantuminsider_2020_06_28_john_preskill_joins_amazon_to_advance_quantum_computing] Repaired malformed JSON.
[20:04:13 +1m 53s | thequantuminsider_2020_06_28_john_preskill_joins_amazon_to_advance_quantum_computing] Extracting actors: https://thequantuminsider.com/2020/06/28/john-preskill-joins-amazon-to-advance-quantum-computing (1/1), chunk 16/38
[20:04:22 +2m 3s | thequantuminsider_2020_06_28_john_preskill_joins_amazon_to_advance_quantum_computing] Repaired malformed JSON.
[20:04:22 +2m 3s | thequantuminsider_2020_06_28_john_preskill_joins_amazon_to_advance_quantum_computing] Extracting actors: https://thequantuminsider.com/2020/06/28/john-preskill-joins-amazon-to-advance-quantum-computing (1/1), chunk 17/38
[20:04:30 +2m 10s | thequantuminsider_2020_06_28_john_preskill_joins_amazon_to_advance_quantum_computing] Repaired malformed JSON.
[20:04:30 +2m 10s | thequantuminsider_2020_06_28_john_preskill_joins_amazon_to_advance_quantum_computing] Extracting actors: https://thequantuminsider.com/2020/06/28/john-preskill-joins-amazon-to-advance-quantum-computing (1/1), chunk 18/38
[20:04:40 +2m 17s | thequantuminsider_2020_06_28_john_preskill_joins_amazon_to_advance_quantum_computing] Repaired malformed JSON.
[20:04:40 +2m 17s | thequantuminsider_2020_06_28_john_preskill_joins_amazon_to_advance_quantum_computing] Extracting actors: https://thequantuminsider.com/2020/06/28/john-preskill-joins-amazon-to-advance-quantum-computing (1/1), chunk 19/38
[20:04:47 +2m 24s | thequantuminsider_2020_06_28_john_preskill_joins_amazon_to_advance_quantum_computing] Repaired malformed JSON.
[20:04:47 +2m 24s | thequantuminsider_2020_06_28_john_preskill_joins_amazon_to_advance_quantum_computing] Extracting actors: https://thequantuminsider.com/2020/06/28/john-preskill-joins-amazon-to-advance-quantum-computing (1/1), chunk 20/38
[20:04:56 +2m 33s | thequantuminsider_2020_06_28_john_preskill_joins_amazon_to_advance_quantum_computing] Repaired malformed JSON.
[20:04:56 +2m 33s | thequantuminsider_2020_06_28_john_preskill_joins_amazon_to_advance_quantum_computing] Extracting actors: https://thequantuminsider.com/2020/06/28/john-preskill-joins-amazon-to-advance-quantum-computing (1/1), chunk 21/38
[20:05:02 +2m 39s | thequantuminsider_2020_06_28_john_preskill_joins_amazon_to_advance_quantum_computing] Repaired malformed JSON.
[20:05:02 +2m 39s | thequantuminsider_2020_06_28_john_preskill_joins_amazon_to_advance_quantum_computing] Extracting actors: https://thequantuminsider.com/2020/06/28/john-preskill-joins-amazon-to-advance-quantum-computing (1/1), chunk 22/38
[20:05:12 +2m 46s | thequantuminsider_2020_06_28_john_preskill_joins_amazon_to_advance_quantum_computing] Repaired malformed JSON.
[20:05:12 +2m 46s | thequantuminsider_2020_06_28_john_preskill_joins_amazon_to_advance_quantum_computing] Extracting actors: https://thequantuminsider.com/2020/06/28/john-preskill-joins-amazon-to-advance-quantum-computing (1/1), chunk 23/38
[20:05:17 +2m 51s | thequantuminsider_2020_06_28_john_preskill_joins_amazon_to_advance_quantum_computing] Repaired malformed JSON.
[20:05:17 +2m 51s | thequantuminsider_2020_06_28_john_preskill_joins_amazon_to_advance_quantum_computing] Extracting actors: https://thequantuminsider.com/2020/06/28/john-preskill-joins-amazon-to-advance-quantum-computing (1/1), chunk 24/38
[20:05:25 +3m 0s | thequantuminsider_2020_06_28_john_preskill_joins_amazon_to_advance_quantum_computing] Repaired malformed JSON.
[20:05:25 +3m 0s | thequantuminsider_2020_06_28_john_preskill_joins_amazon_to_advance_quantum_computing] Extracting actors: https://thequantuminsider.com/2020/06/28/john-preskill-joins-amazon-to-advance-quantum-computing (1/1), chunk 25/38
[20:05:32 +3m 7s | thequantuminsider_2020_06_28_john_preskill_joins_amazon_to_advance_quantum_computing] Repaired malformed JSON.
[20:05:32 +3m 7s | thequantuminsider_2020_06_28_john_preskill_joins_amazon_to_advance_quantum_computing] Extracting actors: https://thequantuminsider.com/2020/06/28/john-preskill-joins-amazon-to-advance-quantum-computing (1/1), chunk 26/38
[20:05:41 +3m 15s | thequantuminsider_2020_06_28_john_preskill_joins_amazon_to_advance_quantum_computing] Repaired malformed JSON.
[20:05:41 +3m 15s | thequantuminsider_2020_06_28_john_preskill_joins_amazon_to_advance_quantum_computing] Extracting actors: https://thequantuminsider.com/2020/06/28/john-preskill-joins-amazon-to-advance-quantum-computing (1/1), chunk 27/38
[20:05:53 +3m 24s | thequantuminsider_2020_06_28_john_preskill_joins_amazon_to_advance_quantum_computing] Repaired malformed JSON.
[20:05:53 +3m 24s | thequantuminsider_2020_06_28_john_preskill_joins_amazon_to_advance_quantum_computing] Extracting actors: https://thequantuminsider.com/2020/06/28/john-preskill-joins-amazon-to-advance-quantum-computing (1/1), chunk 28/38
[20:05:55 +3m 26s | thequantuminsider_2020_06_28_john_preskill_joins_amazon_to_advance_quantum_computing] Extracting actors: https://thequantuminsider.com/2020/06/28/john-preskill-joins-amazon-to-advance-quantum-computing (1/1), chunk 29/38
[20:06:01 +3m 32s | thequantuminsider_2020_06_28_john_preskill_joins_amazon_to_advance_quantum_computing] Repaired malformed JSON.
[20:06:01 +3m 32s | thequantuminsider_2020_06_28_john_preskill_joins_amazon_to_advance_quantum_computing] Extracting actors: https://thequantuminsider.com/2020/06/28/john-preskill-joins-amazon-to-advance-quantum-computing (1/1), chunk 30/38
[20:06:08 +3m 39s | thequantuminsider_2020_06_28_john_preskill_joins_amazon_to_advance_quantum_computing] Repaired malformed JSON.
[20:06:08 +3m 39s | thequantuminsider_2020_06_28_john_preskill_joins_amazon_to_advance_quantum_computing] Extracting actors: https://thequantuminsider.com/2020/06/28/john-preskill-joins-amazon-to-advance-quantum-computing (1/1), chunk 31/38
[20:06:14 +3m 45s | thequantuminsider_2020_06_28_john_preskill_joins_amazon_to_advance_quantum_computing] Repaired malformed JSON.
[20:06:14 +3m 45s | thequantuminsider_2020_06_28_john_preskill_joins_amazon_to_advance_quantum_computing] Extracting actors: https://thequantuminsider.com/2020/06/28/john-preskill-joins-amazon-to-advance-quantum-computing (1/1), chunk 32/38
[20:06:25 +3m 54s | thequantuminsider_2020_06_28_john_preskill_joins_amazon_to_advance_quantum_computing] Repaired malformed JSON.
[20:06:25 +3m 54s | thequantuminsider_2020_06_28_john_preskill_joins_amazon_to_advance_quantum_computing] Extracting actors: https://thequantuminsider.com/2020/06/28/john-preskill-joins-amazon-to-advance-quantum-computing (1/1), chunk 33/38
[20:06:33 +4m 1s | thequantuminsider_2020_06_28_john_preskill_joins_amazon_to_advance_quantum_computing] Repaired malformed JSON.
[20:06:33 +4m 1s | thequantuminsider_2020_06_28_john_preskill_joins_amazon_to_advance_quantum_computing] Extracting actors: https://thequantuminsider.com/2020/06/28/john-preskill-joins-amazon-to-advance-quantum-computing (1/1), chunk 34/38
[20:06:42 +4m 11s | thequantuminsider_2020_06_28_john_preskill_joins_amazon_to_advance_quantum_computing] Repaired malformed JSON.
[20:06:42 +4m 11s | thequantuminsider_2020_06_28_john_preskill_joins_amazon_to_advance_quantum_computing] Extracting actors: https://thequantuminsider.com/2020/06/28/john-preskill-joins-amazon-to-advance-quantum-computing (1/1), chunk 35/38
[20:06:48 +4m 16s | thequantuminsider_2020_06_28_john_preskill_joins_amazon_to_advance_quantum_computing] Repaired malformed JSON.
[20:06:48 +4m 16s | thequantuminsider_2020_06_28_john_preskill_joins_amazon_to_advance_quantum_computing] Extracting actors: https://thequantuminsider.com/2020/06/28/john-preskill-joins-amazon-to-advance-quantum-computing (1/1), chunk 36/38
[20:06:58 +4m 23s | thequantuminsider_2020_06_28_john_preskill_joins_amazon_to_advance_quantum_computing] Repaired malformed JSON.
[20:06:58 +4m 23s | thequantuminsider_2020_06_28_john_preskill_joins_amazon_to_advance_quantum_computing] Extracting actors: https://thequantuminsider.com/2020/06/28/john-preskill-joins-amazon-to-advance-quantum-computing (1/1), chunk 37/38
[20:07:04 +4m 30s | thequantuminsider_2020_06_28_john_preskill_joins_amazon_to_advance_quantum_computing] Repaired malformed JSON.
[20:07:04 +4m 30s | thequantuminsider_2020_06_28_john_preskill_joins_amazon_to_advance_quantum_computing] Extracting actors: https://thequantuminsider.com/2020/06/28/john-preskill-joins-amazon-to-advance-quantum-computing (1/1), chunk 38/38
[20:07:36 +4m 59s | thequantuminsider_2020_06_28_john_preskill_joins_amazon_to_advance_quantum_computing] Repaired malformed JSON.
[20:07:36 +4m 59s | thequantuminsider_2020_06_28_john_preskill_joins_amazon_to_advance_quantum_computing] Saved 1_actor_results.json with 73 extracted records

[20:07:36 +4m 59s | thequantuminsider_2020_06_28_john_preskill_joins_amazon_to_advance_quantum_computing] === 2 clean actors ===
[20:07:36 +4m 59s | thequantuminsider_2020_06_28_john_preskill_joins_amazon_to_advance_quantum_computing] Loaded 73 extracted records
[20:07:36 +4m 59s | thequantuminsider_2020_06_28_john_preskill_joins_amazon_to_advance_quantum_computing] Saved 2_actor_nodes.json with 16 canonical actor nodes

[20:07:36 +4m 59s | thequantuminsider_2020_06_28_john_preskill_joins_amazon_to_advance_quantum_computing] === 3 interaction extraction ===
[20:07:37 +4m 59s | thequantuminsider_2020_06_28_john_preskill_joins_amazon_to_advance_quantum_computing] Extracting interactions: https://thequantuminsider.com/2020/06/28/john-preskill-joins-amazon-to-advance-quantum-computing (1/1), chunk 11/38
[20:07:45 +5m 8s | thequantuminsider_2020_06_28_john_preskill_joins_amazon_to_advance_quantum_computing] Extracting interactions: https://thequantuminsider.com/2020/06/28/john-preskill-joins-amazon-to-advance-quantum-computing (1/1), chunk 12/38
[20:07:55 +5m 17s | thequantuminsider_2020_06_28_john_preskill_joins_amazon_to_advance_quantum_computing] Extracting interactions: https://thequantuminsider.com/2020/06/28/john-preskill-joins-amazon-to-advance-quantum-computing (1/1), chunk 13/38
[20:08:11 +5m 31s | thequantuminsider_2020_06_28_john_preskill_joins_amazon_to_advance_quantum_computing] Extracting interactions: https://thequantuminsider.com/2020/06/28/john-preskill-joins-amazon-to-advance-quantum-computing (1/1), chunk 14/38
[20:08:18 +5m 38s | thequantuminsider_2020_06_28_john_preskill_joins_amazon_to_advance_quantum_computing] Extracting interactions: https://thequantuminsider.com/2020/06/28/john-preskill-joins-amazon-to-advance-quantum-computing (1/1), chunk 15/38
[20:08:23 +5m 42s | thequantuminsider_2020_06_28_john_preskill_joins_amazon_to_advance_quantum_computing] Extracting interactions: https://thequantuminsider.com/2020/06/28/john-preskill-joins-amazon-to-advance-quantum-computing (1/1), chunk 16/38
[20:08:27 +5m 47s | thequantuminsider_2020_06_28_john_preskill_joins_amazon_to_advance_quantum_computing] Extracting interactions: https://thequantuminsider.com/2020/06/28/john-preskill-joins-amazon-to-advance-quantum-computing (1/1), chunk 17/38
[20:08:38 +5m 58s | thequantuminsider_2020_06_28_john_preskill_joins_amazon_to_advance_quantum_computing] Extracting interactions: https://thequantuminsider.com/2020/06/28/john-preskill-joins-amazon-to-advance-quantum-computing (1/1), chunk 18/38
[20:08:47 +6m 3s | thequantuminsider_2020_06_28_john_preskill_joins_amazon_to_advance_quantum_computing] Extracting interactions: https://thequantuminsider.com/2020/06/28/john-preskill-joins-amazon-to-advance-quantum-computing (1/1), chunk 19/38
[20:08:54 +6m 10s | thequantuminsider_2020_06_28_john_preskill_joins_amazon_to_advance_quantum_computing] Extracting interactions: https://thequantuminsider.com/2020/06/28/john-preskill-joins-amazon-to-advance-quantum-computing (1/1), chunk 20/38
[20:09:02 +6m 18s | thequantuminsider_2020_06_28_john_preskill_joins_amazon_to_advance_quantum_computing] Extracting interactions: https://thequantuminsider.com/2020/06/28/john-preskill-joins-amazon-to-advance-quantum-computing (1/1), chunk 21/38
[20:09:12 +6m 28s | thequantuminsider_2020_06_28_john_preskill_joins_amazon_to_advance_quantum_computing] Extracting interactions: https://thequantuminsider.com/2020/06/28/john-preskill-joins-amazon-to-advance-quantum-computing (1/1), chunk 22/38
[20:09:15 +6m 31s | thequantuminsider_2020_06_28_john_preskill_joins_amazon_to_advance_quantum_computing] Extracting interactions: https://thequantuminsider.com/2020/06/28/john-preskill-joins-amazon-to-advance-quantum-computing (1/1), chunk 24/38
[20:09:19 +6m 33s | thequantuminsider_2020_06_28_john_preskill_joins_amazon_to_advance_quantum_computing] Extracting interactions: https://thequantuminsider.com/2020/06/28/john-preskill-joins-amazon-to-advance-quantum-computing (1/1), chunk 25/38
[20:09:27 +6m 41s | thequantuminsider_2020_06_28_john_preskill_joins_amazon_to_advance_quantum_computing] Extracting interactions: https://thequantuminsider.com/2020/06/28/john-preskill-joins-amazon-to-advance-quantum-computing (1/1), chunk 26/38
[20:09:29 +6m 42s | thequantuminsider_2020_06_28_john_preskill_joins_amazon_to_advance_quantum_computing] Extracting interactions: https://thequantuminsider.com/2020/06/28/john-preskill-joins-amazon-to-advance-quantum-computing (1/1), chunk 29/38
[20:09:30 +6m 44s | thequantuminsider_2020_06_28_john_preskill_joins_amazon_to_advance_quantum_computing] Extracting interactions: https://thequantuminsider.com/2020/06/28/john-preskill-joins-amazon-to-advance-quantum-computing (1/1), chunk 30/38
[20:09:32 +6m 46s | thequantuminsider_2020_06_28_john_preskill_joins_amazon_to_advance_quantum_computing] Extracting interactions: https://thequantuminsider.com/2020/06/28/john-preskill-joins-amazon-to-advance-quantum-computing (1/1), chunk 31/38
[20:09:35 +6m 49s | thequantuminsider_2020_06_28_john_preskill_joins_amazon_to_advance_quantum_computing] Extracting interactions: https://thequantuminsider.com/2020/06/28/john-preskill-joins-amazon-to-advance-quantum-computing (1/1), chunk 32/38
[20:09:37 +6m 50s | thequantuminsider_2020_06_28_john_preskill_joins_amazon_to_advance_quantum_computing] Extracting interactions: https://thequantuminsider.com/2020/06/28/john-preskill-joins-amazon-to-advance-quantum-computing (1/1), chunk 34/38
[20:09:42 +6m 55s | thequantuminsider_2020_06_28_john_preskill_joins_amazon_to_advance_quantum_computing] Extracting interactions: https://thequantuminsider.com/2020/06/28/john-preskill-joins-amazon-to-advance-quantum-computing (1/1), chunk 35/38
[20:09:43 +6m 57s | thequantuminsider_2020_06_28_john_preskill_joins_amazon_to_advance_quantum_computing] Saved 3_interaction_results.json with 20 extracted interactions.

[20:09:43 +6m 57s | thequantuminsider_2020_06_28_john_preskill_joins_amazon_to_advance_quantum_computing] === 4 clean interactions ===
[20:09:43 +6m 57s | thequantuminsider_2020_06_28_john_preskill_joins_amazon_to_advance_quantum_computing] Saved 4_edges.json with 2 cleaned interactions.

[20:09:43 +6m 57s | thequantuminsider_2020_06_28_john_preskill_joins_amazon_to_advance_quantum_computing] === 5 helix enrichment ===
[20:09:43 +6m 57s | thequantuminsider_2020_06_28_john_preskill_joins_amazon_to_advance_quantum_computing] Wrote 5_nodes.json (16 actors)
[20:09:43 +6m 57s | thequantuminsider_2020_06_28_john_preskill_joins_amazon_to_advance_quantum_computing] Wrote 5_edges.json (2 interactions)
[20:09:43 +6m 57s | thequantuminsider_2020_06_28_john_preskill_joins_amazon_to_advance_quantum_computing] Actor helix counts: {'Academia': 2, 'Civil Society': 4, 'Government': 2, 'Industry': 3, 'Unknown': 5}
[20:09:43 +6m 57s | thequantuminsider_2020_06_28_john_preskill_joins_amazon_to_advance_quantum_computing] Functional-space counts: {'Innovation': 2}

[20:09:43 +6m 57s | thequantuminsider_2020_06_28_john_preskill_joins_amazon_to_advance_quantum_computing] === 6 network visualisation ===
[20:09:44 +6m 57s | thequantuminsider_2020_06_28_john_preskill_joins_amazon_to_advance_quantum_computing] Wrote quantum_network.html
[20:09:44 +6m 57s | thequantuminsider_2020_06_28_john_preskill_joins_amazon_to_advance_quantum_computing] Nodes: 16
[20:09:44 +6m 57s | thequantuminsider_2020_06_28_john_preskill_joins_amazon_to_advance_quantum_computing] Edges: 1

[20:09:44 +6m 57s | thequantuminsider_2020_06_28_john_preskill_joins_amazon_to_advance_quantum_computing] Done. Outputs written to: /home/lv/IDP/idpdeeptech/pipeline/news_outputs/thequantuminsider_2020_06_28_john_preskill_joins_amazon_to_advance_quantum_computing
[20:09:44 +6m 57s | thequantuminsider_2020_06_28_john_preskill_joins_amazon_to_advance_quantum_computing] Log: /home/lv/IDP/idpdeeptech/pipeline/news_outputs/thequantuminsider_2020_06_28_john_preskill_joins_amazon_to_advance_quantum_computing/run.log

========================================================================
RUN FINISHED 2026-07-01 20:09:44  (OK)
Started:     2026-07-01 20:02:08
Elapsed:     6m 57s
========================================================================
