
========================================================================
RUN STARTED  2026-07-01 21:00:45
site_pipeline.py https://thequantuminsider.com/2020/08/27/intel-collaborates-with-argonne-national-laboratory-doe-in-q-next-quantum-computing-research/
========================================================================

[21:00:45 +0s | thequantuminsider_2020_08_27_intel_collaborates_with_argonne_national_laboratory_doe_in_q_6fd03609] === 0 crawl site ===
[21:00:46 +1s | thequantuminsider_2020_08_27_intel_collaborates_with_argonne_national_laboratory_doe_in_q_6fd03609] [INIT].... → Crawl4AI 0.8.6 
[21:00:52 +4s | thequantuminsider_2020_08_27_intel_collaborates_with_argonne_national_laboratory_doe_in_q_6fd03609] [FETCH]... ↓ https://thequantuminsider.com/2020/08/27/intel-c...ratory-doe-in-q-next-quantum-computing-research/  | ✓ | ⏱: 2.74s 
[21:00:52 +4s | thequantuminsider_2020_08_27_intel_collaborates_with_argonne_national_laboratory_doe_in_q_6fd03609] [SCRAPE].. ◆ https://thequantuminsider.com/2020/08/27/intel-c...ratory-doe-in-q-next-quantum-computing-research/  | ✓ | ⏱: 0.10s 
[21:00:52 +4s | thequantuminsider_2020_08_27_intel_collaborates_with_argonne_national_laboratory_doe_in_q_6fd03609] [COMPLETE] ● https://thequantuminsider.com/2020/08/27/intel-c...ratory-doe-in-q-next-quantum-computing-research/  | ✓ | ⏱: 2.86s 
[21:00:52 +4s | thequantuminsider_2020_08_27_intel_collaborates_with_argonne_national_laboratory_doe_in_q_6fd03609] Saved: crawl_output/a053d79487_thequantuminsider.com_2020_08_27_intel-collaborates-with-argonne-national-laboratory-doe-in-q-next-quantum-computing-research.json

[21:00:52 +4s | thequantuminsider_2020_08_27_intel_collaborates_with_argonne_national_laboratory_doe_in_q_6fd03609] === 1 actor extraction ===
[21:00:52 +4s | thequantuminsider_2020_08_27_intel_collaborates_with_argonne_national_laboratory_doe_in_q_6fd03609] Reading page (1/1): https://thequantuminsider.com/2020/08/27/intel-collaborates-with-argonne-national-laboratory-doe-in-q-next-quantum-computing-research
[21:00:52 +4s | thequantuminsider_2020_08_27_intel_collaborates_with_argonne_national_laboratory_doe_in_q_6fd03609] Extracting actors: https://thequantuminsider.com/2020/08/27/intel-collaborates-with-argonne-national-laboratory-doe-in-q-next-quantum-computing-research (1/1), chunk 1/39
[21:00:59 +11s | thequantuminsider_2020_08_27_intel_collaborates_with_argonne_national_laboratory_doe_in_q_6fd03609] Repaired malformed JSON.
[21:00:59 +11s | thequantuminsider_2020_08_27_intel_collaborates_with_argonne_national_laboratory_doe_in_q_6fd03609] Extracting actors: https://thequantuminsider.com/2020/08/27/intel-collaborates-with-argonne-national-laboratory-doe-in-q-next-quantum-computing-research (1/1), chunk 2/39
[21:01:06 +18s | thequantuminsider_2020_08_27_intel_collaborates_with_argonne_national_laboratory_doe_in_q_6fd03609] Repaired malformed JSON.
[21:01:06 +18s | thequantuminsider_2020_08_27_intel_collaborates_with_argonne_national_laboratory_doe_in_q_6fd03609] Extracting actors: https://thequantuminsider.com/2020/08/27/intel-collaborates-with-argonne-national-laboratory-doe-in-q-next-quantum-computing-research (1/1), chunk 3/39
[21:01:15 +28s | thequantuminsider_2020_08_27_intel_collaborates_with_argonne_national_laboratory_doe_in_q_6fd03609] Repaired malformed JSON.
[21:01:15 +28s | thequantuminsider_2020_08_27_intel_collaborates_with_argonne_national_laboratory_doe_in_q_6fd03609] Extracting actors: https://thequantuminsider.com/2020/08/27/intel-collaborates-with-argonne-national-laboratory-doe-in-q-next-quantum-computing-research (1/1), chunk 4/39
[21:01:27 +37s | thequantuminsider_2020_08_27_intel_collaborates_with_argonne_national_laboratory_doe_in_q_6fd03609] Repaired malformed JSON.
[21:01:27 +37s | thequantuminsider_2020_08_27_intel_collaborates_with_argonne_national_laboratory_doe_in_q_6fd03609] Extracting actors: https://thequantuminsider.com/2020/08/27/intel-collaborates-with-argonne-national-laboratory-doe-in-q-next-quantum-computing-research (1/1), chunk 5/39
[21:01:36 +45s | thequantuminsider_2020_08_27_intel_collaborates_with_argonne_national_laboratory_doe_in_q_6fd03609] Repaired malformed JSON.
[21:01:36 +45s | thequantuminsider_2020_08_27_intel_collaborates_with_argonne_national_laboratory_doe_in_q_6fd03609] Extracting actors: https://thequantuminsider.com/2020/08/27/intel-collaborates-with-argonne-national-laboratory-doe-in-q-next-quantum-computing-research (1/1), chunk 6/39
[21:01:41 +50s | thequantuminsider_2020_08_27_intel_collaborates_with_argonne_national_laboratory_doe_in_q_6fd03609] Repaired malformed JSON.
[21:01:41 +50s | thequantuminsider_2020_08_27_intel_collaborates_with_argonne_national_laboratory_doe_in_q_6fd03609] Extracting actors: https://thequantuminsider.com/2020/08/27/intel-collaborates-with-argonne-national-laboratory-doe-in-q-next-quantum-computing-research (1/1), chunk 7/39
[21:01:48 +57s | thequantuminsider_2020_08_27_intel_collaborates_with_argonne_national_laboratory_doe_in_q_6fd03609] Repaired malformed JSON.
[21:01:48 +57s | thequantuminsider_2020_08_27_intel_collaborates_with_argonne_national_laboratory_doe_in_q_6fd03609] Extracting actors: https://thequantuminsider.com/2020/08/27/intel-collaborates-with-argonne-national-laboratory-doe-in-q-next-quantum-computing-research (1/1), chunk 8/39
[21:01:55 +1m 5s | thequantuminsider_2020_08_27_intel_collaborates_with_argonne_national_laboratory_doe_in_q_6fd03609] Repaired malformed JSON.
[21:01:55 +1m 5s | thequantuminsider_2020_08_27_intel_collaborates_with_argonne_national_laboratory_doe_in_q_6fd03609] Extracting actors: https://thequantuminsider.com/2020/08/27/intel-collaborates-with-argonne-national-laboratory-doe-in-q-next-quantum-computing-research (1/1), chunk 9/39
[21:02:04 +1m 10s | thequantuminsider_2020_08_27_intel_collaborates_with_argonne_national_laboratory_doe_in_q_6fd03609] Repaired malformed JSON.
[21:02:04 +1m 10s | thequantuminsider_2020_08_27_intel_collaborates_with_argonne_national_laboratory_doe_in_q_6fd03609] Extracting actors: https://thequantuminsider.com/2020/08/27/intel-collaborates-with-argonne-national-laboratory-doe-in-q-next-quantum-computing-research (1/1), chunk 10/39
[21:02:12 +1m 18s | thequantuminsider_2020_08_27_intel_collaborates_with_argonne_national_laboratory_doe_in_q_6fd03609] Repaired malformed JSON.
[21:02:12 +1m 18s | thequantuminsider_2020_08_27_intel_collaborates_with_argonne_national_laboratory_doe_in_q_6fd03609] Extracting actors: https://thequantuminsider.com/2020/08/27/intel-collaborates-with-argonne-national-laboratory-doe-in-q-next-quantum-computing-research (1/1), chunk 11/39
[21:02:19 +1m 25s | thequantuminsider_2020_08_27_intel_collaborates_with_argonne_national_laboratory_doe_in_q_6fd03609] Repaired malformed JSON.
[21:02:19 +1m 25s | thequantuminsider_2020_08_27_intel_collaborates_with_argonne_national_laboratory_doe_in_q_6fd03609] Extracting actors: https://thequantuminsider.com/2020/08/27/intel-collaborates-with-argonne-national-laboratory-doe-in-q-next-quantum-computing-research (1/1), chunk 12/39
[21:02:28 +1m 34s | thequantuminsider_2020_08_27_intel_collaborates_with_argonne_national_laboratory_doe_in_q_6fd03609] Repaired malformed JSON.
[21:02:28 +1m 34s | thequantuminsider_2020_08_27_intel_collaborates_with_argonne_national_laboratory_doe_in_q_6fd03609] Extracting actors: https://thequantuminsider.com/2020/08/27/intel-collaborates-with-argonne-national-laboratory-doe-in-q-next-quantum-computing-research (1/1), chunk 13/39
[21:02:38 +1m 42s | thequantuminsider_2020_08_27_intel_collaborates_with_argonne_national_laboratory_doe_in_q_6fd03609] Repaired malformed JSON.
[21:02:38 +1m 42s | thequantuminsider_2020_08_27_intel_collaborates_with_argonne_national_laboratory_doe_in_q_6fd03609] Extracting actors: https://thequantuminsider.com/2020/08/27/intel-collaborates-with-argonne-national-laboratory-doe-in-q-next-quantum-computing-research (1/1), chunk 14/39
[21:02:45 +1m 48s | thequantuminsider_2020_08_27_intel_collaborates_with_argonne_national_laboratory_doe_in_q_6fd03609] Repaired malformed JSON.
[21:02:45 +1m 48s | thequantuminsider_2020_08_27_intel_collaborates_with_argonne_national_laboratory_doe_in_q_6fd03609] Extracting actors: https://thequantuminsider.com/2020/08/27/intel-collaborates-with-argonne-national-laboratory-doe-in-q-next-quantum-computing-research (1/1), chunk 15/39
[21:02:53 +1m 56s | thequantuminsider_2020_08_27_intel_collaborates_with_argonne_national_laboratory_doe_in_q_6fd03609] Repaired malformed JSON.
[21:02:53 +1m 56s | thequantuminsider_2020_08_27_intel_collaborates_with_argonne_national_laboratory_doe_in_q_6fd03609] Extracting actors: https://thequantuminsider.com/2020/08/27/intel-collaborates-with-argonne-national-laboratory-doe-in-q-next-quantum-computing-research (1/1), chunk 16/39
[21:03:02 +2m 5s | thequantuminsider_2020_08_27_intel_collaborates_with_argonne_national_laboratory_doe_in_q_6fd03609] Repaired malformed JSON.
[21:03:02 +2m 5s | thequantuminsider_2020_08_27_intel_collaborates_with_argonne_national_laboratory_doe_in_q_6fd03609] Extracting actors: https://thequantuminsider.com/2020/08/27/intel-collaborates-with-argonne-national-laboratory-doe-in-q-next-quantum-computing-research (1/1), chunk 17/39
[21:03:11 +2m 12s | thequantuminsider_2020_08_27_intel_collaborates_with_argonne_national_laboratory_doe_in_q_6fd03609] Repaired malformed JSON.
[21:03:11 +2m 12s | thequantuminsider_2020_08_27_intel_collaborates_with_argonne_national_laboratory_doe_in_q_6fd03609] Extracting actors: https://thequantuminsider.com/2020/08/27/intel-collaborates-with-argonne-national-laboratory-doe-in-q-next-quantum-computing-research (1/1), chunk 18/39
[21:03:17 +2m 17s | thequantuminsider_2020_08_27_intel_collaborates_with_argonne_national_laboratory_doe_in_q_6fd03609] Repaired malformed JSON.
[21:03:17 +2m 17s | thequantuminsider_2020_08_27_intel_collaborates_with_argonne_national_laboratory_doe_in_q_6fd03609] Extracting actors: https://thequantuminsider.com/2020/08/27/intel-collaborates-with-argonne-national-laboratory-doe-in-q-next-quantum-computing-research (1/1), chunk 19/39
[21:03:23 +2m 24s | thequantuminsider_2020_08_27_intel_collaborates_with_argonne_national_laboratory_doe_in_q_6fd03609] Repaired malformed JSON.
[21:03:23 +2m 24s | thequantuminsider_2020_08_27_intel_collaborates_with_argonne_national_laboratory_doe_in_q_6fd03609] Extracting actors: https://thequantuminsider.com/2020/08/27/intel-collaborates-with-argonne-national-laboratory-doe-in-q-next-quantum-computing-research (1/1), chunk 20/39
[21:03:31 +2m 32s | thequantuminsider_2020_08_27_intel_collaborates_with_argonne_national_laboratory_doe_in_q_6fd03609] Repaired malformed JSON.
[21:03:31 +2m 32s | thequantuminsider_2020_08_27_intel_collaborates_with_argonne_national_laboratory_doe_in_q_6fd03609] Extracting actors: https://thequantuminsider.com/2020/08/27/intel-collaborates-with-argonne-national-laboratory-doe-in-q-next-quantum-computing-research (1/1), chunk 21/39
[21:03:38 +2m 38s | thequantuminsider_2020_08_27_intel_collaborates_with_argonne_national_laboratory_doe_in_q_6fd03609] Repaired malformed JSON.
[21:03:38 +2m 38s | thequantuminsider_2020_08_27_intel_collaborates_with_argonne_national_laboratory_doe_in_q_6fd03609] Extracting actors: https://thequantuminsider.com/2020/08/27/intel-collaborates-with-argonne-national-laboratory-doe-in-q-next-quantum-computing-research (1/1), chunk 22/39
[21:03:47 +2m 45s | thequantuminsider_2020_08_27_intel_collaborates_with_argonne_national_laboratory_doe_in_q_6fd03609] Repaired malformed JSON.
[21:03:47 +2m 45s | thequantuminsider_2020_08_27_intel_collaborates_with_argonne_national_laboratory_doe_in_q_6fd03609] Extracting actors: https://thequantuminsider.com/2020/08/27/intel-collaborates-with-argonne-national-laboratory-doe-in-q-next-quantum-computing-research (1/1), chunk 23/39
[21:03:55 +2m 52s | thequantuminsider_2020_08_27_intel_collaborates_with_argonne_national_laboratory_doe_in_q_6fd03609] Repaired malformed JSON.
[21:03:55 +2m 52s | thequantuminsider_2020_08_27_intel_collaborates_with_argonne_national_laboratory_doe_in_q_6fd03609] Extracting actors: https://thequantuminsider.com/2020/08/27/intel-collaborates-with-argonne-national-laboratory-doe-in-q-next-quantum-computing-research (1/1), chunk 24/39
[21:04:01 +2m 59s | thequantuminsider_2020_08_27_intel_collaborates_with_argonne_national_laboratory_doe_in_q_6fd03609] Repaired malformed JSON.
[21:04:01 +2m 59s | thequantuminsider_2020_08_27_intel_collaborates_with_argonne_national_laboratory_doe_in_q_6fd03609] Extracting actors: https://thequantuminsider.com/2020/08/27/intel-collaborates-with-argonne-national-laboratory-doe-in-q-next-quantum-computing-research (1/1), chunk 25/39
[21:04:07 +3m 4s | thequantuminsider_2020_08_27_intel_collaborates_with_argonne_national_laboratory_doe_in_q_6fd03609] Repaired malformed JSON.
[21:04:07 +3m 4s | thequantuminsider_2020_08_27_intel_collaborates_with_argonne_national_laboratory_doe_in_q_6fd03609] Extracting actors: https://thequantuminsider.com/2020/08/27/intel-collaborates-with-argonne-national-laboratory-doe-in-q-next-quantum-computing-research (1/1), chunk 26/39
[21:04:13 +3m 11s | thequantuminsider_2020_08_27_intel_collaborates_with_argonne_national_laboratory_doe_in_q_6fd03609] Repaired malformed JSON.
[21:04:13 +3m 11s | thequantuminsider_2020_08_27_intel_collaborates_with_argonne_national_laboratory_doe_in_q_6fd03609] Extracting actors: https://thequantuminsider.com/2020/08/27/intel-collaborates-with-argonne-national-laboratory-doe-in-q-next-quantum-computing-research (1/1), chunk 27/39
[21:04:22 +3m 17s | thequantuminsider_2020_08_27_intel_collaborates_with_argonne_national_laboratory_doe_in_q_6fd03609] Extracting actors: https://thequantuminsider.com/2020/08/27/intel-collaborates-with-argonne-national-laboratory-doe-in-q-next-quantum-computing-research (1/1), chunk 28/39
[21:04:30 +3m 24s | thequantuminsider_2020_08_27_intel_collaborates_with_argonne_national_laboratory_doe_in_q_6fd03609] Repaired malformed JSON.
[21:04:30 +3m 24s | thequantuminsider_2020_08_27_intel_collaborates_with_argonne_national_laboratory_doe_in_q_6fd03609] Extracting actors: https://thequantuminsider.com/2020/08/27/intel-collaborates-with-argonne-national-laboratory-doe-in-q-next-quantum-computing-research (1/1), chunk 29/39
[21:04:36 +3m 30s | thequantuminsider_2020_08_27_intel_collaborates_with_argonne_national_laboratory_doe_in_q_6fd03609] Repaired malformed JSON.
[21:04:36 +3m 30s | thequantuminsider_2020_08_27_intel_collaborates_with_argonne_national_laboratory_doe_in_q_6fd03609] Extracting actors: https://thequantuminsider.com/2020/08/27/intel-collaborates-with-argonne-national-laboratory-doe-in-q-next-quantum-computing-research (1/1), chunk 30/39
[21:04:42 +3m 36s | thequantuminsider_2020_08_27_intel_collaborates_with_argonne_national_laboratory_doe_in_q_6fd03609] Repaired malformed JSON.
[21:04:42 +3m 36s | thequantuminsider_2020_08_27_intel_collaborates_with_argonne_national_laboratory_doe_in_q_6fd03609] Extracting actors: https://thequantuminsider.com/2020/08/27/intel-collaborates-with-argonne-national-laboratory-doe-in-q-next-quantum-computing-research (1/1), chunk 31/39
[21:04:44 +3m 39s | thequantuminsider_2020_08_27_intel_collaborates_with_argonne_national_laboratory_doe_in_q_6fd03609] Extracting actors: https://thequantuminsider.com/2020/08/27/intel-collaborates-with-argonne-national-laboratory-doe-in-q-next-quantum-computing-research (1/1), chunk 32/39
[21:04:56 +3m 48s | thequantuminsider_2020_08_27_intel_collaborates_with_argonne_national_laboratory_doe_in_q_6fd03609] Repaired malformed JSON.
[21:04:56 +3m 48s | thequantuminsider_2020_08_27_intel_collaborates_with_argonne_national_laboratory_doe_in_q_6fd03609] Extracting actors: https://thequantuminsider.com/2020/08/27/intel-collaborates-with-argonne-national-laboratory-doe-in-q-next-quantum-computing-research (1/1), chunk 33/39
[21:05:06 +3m 57s | thequantuminsider_2020_08_27_intel_collaborates_with_argonne_national_laboratory_doe_in_q_6fd03609] Repaired malformed JSON.
[21:05:06 +3m 57s | thequantuminsider_2020_08_27_intel_collaborates_with_argonne_national_laboratory_doe_in_q_6fd03609] Extracting actors: https://thequantuminsider.com/2020/08/27/intel-collaborates-with-argonne-national-laboratory-doe-in-q-next-quantum-computing-research (1/1), chunk 34/39
[21:05:12 +4m 4s | thequantuminsider_2020_08_27_intel_collaborates_with_argonne_national_laboratory_doe_in_q_6fd03609] Repaired malformed JSON.
[21:05:12 +4m 4s | thequantuminsider_2020_08_27_intel_collaborates_with_argonne_national_laboratory_doe_in_q_6fd03609] Extracting actors: https://thequantuminsider.com/2020/08/27/intel-collaborates-with-argonne-national-laboratory-doe-in-q-next-quantum-computing-research (1/1), chunk 35/39
[21:05:17 +4m 9s | thequantuminsider_2020_08_27_intel_collaborates_with_argonne_national_laboratory_doe_in_q_6fd03609] Repaired malformed JSON.
[21:05:17 +4m 9s | thequantuminsider_2020_08_27_intel_collaborates_with_argonne_national_laboratory_doe_in_q_6fd03609] Extracting actors: https://thequantuminsider.com/2020/08/27/intel-collaborates-with-argonne-national-laboratory-doe-in-q-next-quantum-computing-research (1/1), chunk 36/39
[21:05:25 +4m 16s | thequantuminsider_2020_08_27_intel_collaborates_with_argonne_national_laboratory_doe_in_q_6fd03609] Repaired malformed JSON.
[21:05:25 +4m 16s | thequantuminsider_2020_08_27_intel_collaborates_with_argonne_national_laboratory_doe_in_q_6fd03609] Extracting actors: https://thequantuminsider.com/2020/08/27/intel-collaborates-with-argonne-national-laboratory-doe-in-q-next-quantum-computing-research (1/1), chunk 37/39
[21:05:35 +4m 23s | thequantuminsider_2020_08_27_intel_collaborates_with_argonne_national_laboratory_doe_in_q_6fd03609] Repaired malformed JSON.
[21:05:35 +4m 23s | thequantuminsider_2020_08_27_intel_collaborates_with_argonne_national_laboratory_doe_in_q_6fd03609] Extracting actors: https://thequantuminsider.com/2020/08/27/intel-collaborates-with-argonne-national-laboratory-doe-in-q-next-quantum-computing-research (1/1), chunk 38/39
[21:05:42 +4m 30s | thequantuminsider_2020_08_27_intel_collaborates_with_argonne_national_laboratory_doe_in_q_6fd03609] Repaired malformed JSON.
[21:05:42 +4m 30s | thequantuminsider_2020_08_27_intel_collaborates_with_argonne_national_laboratory_doe_in_q_6fd03609] Extracting actors: https://thequantuminsider.com/2020/08/27/intel-collaborates-with-argonne-national-laboratory-doe-in-q-next-quantum-computing-research (1/1), chunk 39/39
[21:05:49 +4m 38s | thequantuminsider_2020_08_27_intel_collaborates_with_argonne_national_laboratory_doe_in_q_6fd03609] Repaired malformed JSON.
[21:05:49 +4m 38s | thequantuminsider_2020_08_27_intel_collaborates_with_argonne_national_laboratory_doe_in_q_6fd03609] Saved 1_actor_results.json with 75 extracted records

[21:05:49 +4m 38s | thequantuminsider_2020_08_27_intel_collaborates_with_argonne_national_laboratory_doe_in_q_6fd03609] === 2 clean actors ===
[21:05:49 +4m 38s | thequantuminsider_2020_08_27_intel_collaborates_with_argonne_national_laboratory_doe_in_q_6fd03609] Loaded 75 extracted records
[21:05:49 +4m 38s | thequantuminsider_2020_08_27_intel_collaborates_with_argonne_national_laboratory_doe_in_q_6fd03609] Saved 2_actor_nodes.json with 13 canonical actor nodes

[21:05:49 +4m 38s | thequantuminsider_2020_08_27_intel_collaborates_with_argonne_national_laboratory_doe_in_q_6fd03609] === 3 interaction extraction ===
[21:05:49 +4m 38s | thequantuminsider_2020_08_27_intel_collaborates_with_argonne_national_laboratory_doe_in_q_6fd03609] Extracting interactions: https://thequantuminsider.com/2020/08/27/intel-collaborates-with-argonne-national-laboratory-doe-in-q-next-quantum-computing-research (1/1), chunk 11/39
[21:05:55 +4m 44s | thequantuminsider_2020_08_27_intel_collaborates_with_argonne_national_laboratory_doe_in_q_6fd03609] Extracting interactions: https://thequantuminsider.com/2020/08/27/intel-collaborates-with-argonne-national-laboratory-doe-in-q-next-quantum-computing-research (1/1), chunk 12/39
[21:06:01 +4m 50s | thequantuminsider_2020_08_27_intel_collaborates_with_argonne_national_laboratory_doe_in_q_6fd03609] Extracting interactions: https://thequantuminsider.com/2020/08/27/intel-collaborates-with-argonne-national-laboratory-doe-in-q-next-quantum-computing-research (1/1), chunk 13/39
[21:06:08 +4m 54s | thequantuminsider_2020_08_27_intel_collaborates_with_argonne_national_laboratory_doe_in_q_6fd03609] Extracting interactions: https://thequantuminsider.com/2020/08/27/intel-collaborates-with-argonne-national-laboratory-doe-in-q-next-quantum-computing-research (1/1), chunk 14/39
[21:06:15 +5m 1s | thequantuminsider_2020_08_27_intel_collaborates_with_argonne_national_laboratory_doe_in_q_6fd03609] Extracting interactions: https://thequantuminsider.com/2020/08/27/intel-collaborates-with-argonne-national-laboratory-doe-in-q-next-quantum-computing-research (1/1), chunk 15/39
[21:06:22 +5m 8s | thequantuminsider_2020_08_27_intel_collaborates_with_argonne_national_laboratory_doe_in_q_6fd03609] Extracting interactions: https://thequantuminsider.com/2020/08/27/intel-collaborates-with-argonne-national-laboratory-doe-in-q-next-quantum-computing-research (1/1), chunk 16/39
[21:06:29 +5m 14s | thequantuminsider_2020_08_27_intel_collaborates_with_argonne_national_laboratory_doe_in_q_6fd03609] Extracting interactions: https://thequantuminsider.com/2020/08/27/intel-collaborates-with-argonne-national-laboratory-doe-in-q-next-quantum-computing-research (1/1), chunk 17/39
[21:06:35 +5m 21s | thequantuminsider_2020_08_27_intel_collaborates_with_argonne_national_laboratory_doe_in_q_6fd03609] Extracting interactions: https://thequantuminsider.com/2020/08/27/intel-collaborates-with-argonne-national-laboratory-doe-in-q-next-quantum-computing-research (1/1), chunk 18/39
[21:06:46 +5m 28s | thequantuminsider_2020_08_27_intel_collaborates_with_argonne_national_laboratory_doe_in_q_6fd03609] Extracting interactions: https://thequantuminsider.com/2020/08/27/intel-collaborates-with-argonne-national-laboratory-doe-in-q-next-quantum-computing-research (1/1), chunk 19/39
[21:06:47 +5m 30s | thequantuminsider_2020_08_27_intel_collaborates_with_argonne_national_laboratory_doe_in_q_6fd03609] Extracting interactions: https://thequantuminsider.com/2020/08/27/intel-collaborates-with-argonne-national-laboratory-doe-in-q-next-quantum-computing-research (1/1), chunk 20/39
[21:06:55 +5m 38s | thequantuminsider_2020_08_27_intel_collaborates_with_argonne_national_laboratory_doe_in_q_6fd03609] Extracting interactions: https://thequantuminsider.com/2020/08/27/intel-collaborates-with-argonne-national-laboratory-doe-in-q-next-quantum-computing-research (1/1), chunk 21/39
[21:06:56 +5m 39s | thequantuminsider_2020_08_27_intel_collaborates_with_argonne_national_laboratory_doe_in_q_6fd03609] Extracting interactions: https://thequantuminsider.com/2020/08/27/intel-collaborates-with-argonne-national-laboratory-doe-in-q-next-quantum-computing-research (1/1), chunk 22/39
[21:07:04 +5m 46s | thequantuminsider_2020_08_27_intel_collaborates_with_argonne_national_laboratory_doe_in_q_6fd03609] Extracting interactions: https://thequantuminsider.com/2020/08/27/intel-collaborates-with-argonne-national-laboratory-doe-in-q-next-quantum-computing-research (1/1), chunk 23/39
[21:07:08 +5m 51s | thequantuminsider_2020_08_27_intel_collaborates_with_argonne_national_laboratory_doe_in_q_6fd03609] Extracting interactions: https://thequantuminsider.com/2020/08/27/intel-collaborates-with-argonne-national-laboratory-doe-in-q-next-quantum-computing-research (1/1), chunk 24/39
[21:07:19 +5m 59s | thequantuminsider_2020_08_27_intel_collaborates_with_argonne_national_laboratory_doe_in_q_6fd03609] Extracting interactions: https://thequantuminsider.com/2020/08/27/intel-collaborates-with-argonne-national-laboratory-doe-in-q-next-quantum-computing-research (1/1), chunk 25/39
[21:07:22 +6m 2s | thequantuminsider_2020_08_27_intel_collaborates_with_argonne_national_laboratory_doe_in_q_6fd03609] Extracting interactions: https://thequantuminsider.com/2020/08/27/intel-collaborates-with-argonne-national-laboratory-doe-in-q-next-quantum-computing-research (1/1), chunk 28/39
[21:07:27 +6m 7s | thequantuminsider_2020_08_27_intel_collaborates_with_argonne_national_laboratory_doe_in_q_6fd03609] Extracting interactions: https://thequantuminsider.com/2020/08/27/intel-collaborates-with-argonne-national-laboratory-doe-in-q-next-quantum-computing-research (1/1), chunk 32/39
[21:07:31 +6m 11s | thequantuminsider_2020_08_27_intel_collaborates_with_argonne_national_laboratory_doe_in_q_6fd03609] Extracting interactions: https://thequantuminsider.com/2020/08/27/intel-collaborates-with-argonne-national-laboratory-doe-in-q-next-quantum-computing-research (1/1), chunk 33/39
[21:07:32 +6m 12s | thequantuminsider_2020_08_27_intel_collaborates_with_argonne_national_laboratory_doe_in_q_6fd03609] Extracting interactions: https://thequantuminsider.com/2020/08/27/intel-collaborates-with-argonne-national-laboratory-doe-in-q-next-quantum-computing-research (1/1), chunk 37/39
[21:07:34 +6m 14s | thequantuminsider_2020_08_27_intel_collaborates_with_argonne_national_laboratory_doe_in_q_6fd03609] Extracting interactions: https://thequantuminsider.com/2020/08/27/intel-collaborates-with-argonne-national-laboratory-doe-in-q-next-quantum-computing-research (1/1), chunk 38/39
[21:07:36 +6m 16s | thequantuminsider_2020_08_27_intel_collaborates_with_argonne_national_laboratory_doe_in_q_6fd03609] Saved 3_interaction_results.json with 18 extracted interactions.

[21:07:36 +6m 16s | thequantuminsider_2020_08_27_intel_collaborates_with_argonne_national_laboratory_doe_in_q_6fd03609] === 4 clean interactions ===
[21:07:36 +6m 16s | thequantuminsider_2020_08_27_intel_collaborates_with_argonne_national_laboratory_doe_in_q_6fd03609] Saved 4_edges.json with 2 cleaned interactions.

[21:07:36 +6m 16s | thequantuminsider_2020_08_27_intel_collaborates_with_argonne_national_laboratory_doe_in_q_6fd03609] === 5 helix enrichment ===
[21:07:36 +6m 16s | thequantuminsider_2020_08_27_intel_collaborates_with_argonne_national_laboratory_doe_in_q_6fd03609] Wrote 5_nodes.json (13 actors)
[21:07:36 +6m 16s | thequantuminsider_2020_08_27_intel_collaborates_with_argonne_national_laboratory_doe_in_q_6fd03609] Wrote 5_edges.json (2 interactions)
[21:07:36 +6m 16s | thequantuminsider_2020_08_27_intel_collaborates_with_argonne_national_laboratory_doe_in_q_6fd03609] Actor helix counts: {'Academia': 1, 'Civil Society': 3, 'Government': 4, 'Industry': 2, 'Unknown': 3}
[21:07:36 +6m 16s | thequantuminsider_2020_08_27_intel_collaborates_with_argonne_national_laboratory_doe_in_q_6fd03609] Functional-space counts: {'Consensus': 2}

[21:07:36 +6m 16s | thequantuminsider_2020_08_27_intel_collaborates_with_argonne_national_laboratory_doe_in_q_6fd03609] === 6 network visualisation ===
[21:07:36 +6m 16s | thequantuminsider_2020_08_27_intel_collaborates_with_argonne_national_laboratory_doe_in_q_6fd03609] Wrote quantum_network.html
[21:07:36 +6m 16s | thequantuminsider_2020_08_27_intel_collaborates_with_argonne_national_laboratory_doe_in_q_6fd03609] Nodes: 13
[21:07:36 +6m 16s | thequantuminsider_2020_08_27_intel_collaborates_with_argonne_national_laboratory_doe_in_q_6fd03609] Edges: 1

[21:07:36 +6m 16s | thequantuminsider_2020_08_27_intel_collaborates_with_argonne_national_laboratory_doe_in_q_6fd03609] Done. Outputs written to: /home/lv/IDP/idpdeeptech/pipeline/news_outputs/thequantuminsider_2020_08_27_intel_collaborates_with_argonne_national_laboratory_doe_in_q_6fd03609
[21:07:36 +6m 16s | thequantuminsider_2020_08_27_intel_collaborates_with_argonne_national_laboratory_doe_in_q_6fd03609] Log: /home/lv/IDP/idpdeeptech/pipeline/news_outputs/thequantuminsider_2020_08_27_intel_collaborates_with_argonne_national_laboratory_doe_in_q_6fd03609/run.log

========================================================================
RUN FINISHED 2026-07-01 21:07:36  (OK)
Started:     2026-07-01 21:00:45
Elapsed:     6m 16s
========================================================================
