
========================================================================
RUN STARTED  2026-07-02 03:12:10
site_pipeline.py https://thequantuminsider.com/2020/02/20/german-startup-avanetix-applies-qc-to-develop-supply-chain-solutions/
========================================================================

[03:12:10 +0s | thequantuminsider_2020_02_20_german_startup_avanetix_applies_qc_to_develop_supply_chain_solutions] === 0 crawl site ===
[03:12:11 +1s | thequantuminsider_2020_02_20_german_startup_avanetix_applies_qc_to_develop_supply_chain_solutions] [INIT].... → Crawl4AI 0.8.6 
[03:12:13 +3s | thequantuminsider_2020_02_20_german_startup_avanetix_applies_qc_to_develop_supply_chain_solutions] [FETCH]... ↓ https://thequantuminsider.com/2020/02/20/german-...ix-applies-qc-to-develop-supply-chain-solutions/  | ✓ | ⏱: 1.53s 
[03:12:13 +3s | thequantuminsider_2020_02_20_german_startup_avanetix_applies_qc_to_develop_supply_chain_solutions] [SCRAPE].. ◆ https://thequantuminsider.com/2020/02/20/german-...ix-applies-qc-to-develop-supply-chain-solutions/  | ✓ | ⏱: 0.10s 
[03:12:13 +3s | thequantuminsider_2020_02_20_german_startup_avanetix_applies_qc_to_develop_supply_chain_solutions] [COMPLETE] ● https://thequantuminsider.com/2020/02/20/german-...ix-applies-qc-to-develop-supply-chain-solutions/  | ✓ | ⏱: 1.65s 
[03:12:13 +3s | thequantuminsider_2020_02_20_german_startup_avanetix_applies_qc_to_develop_supply_chain_solutions] Saved: crawl_output/0016e15bd3_thequantuminsider.com_2020_02_20_german-startup-avanetix-applies-qc-to-develop-supply-chain-solutions.json

[03:12:13 +3s | thequantuminsider_2020_02_20_german_startup_avanetix_applies_qc_to_develop_supply_chain_solutions] === 1 actor extraction ===
[03:12:13 +3s | thequantuminsider_2020_02_20_german_startup_avanetix_applies_qc_to_develop_supply_chain_solutions] Reading page (1/1): https://thequantuminsider.com/2020/02/20/german-startup-avanetix-applies-qc-to-develop-supply-chain-solutions
[03:12:13 +3s | thequantuminsider_2020_02_20_german_startup_avanetix_applies_qc_to_develop_supply_chain_solutions] Extracting actors: https://thequantuminsider.com/2020/02/20/german-startup-avanetix-applies-qc-to-develop-supply-chain-solutions (1/1), chunk 1/37
[03:12:19 +8s | thequantuminsider_2020_02_20_german_startup_avanetix_applies_qc_to_develop_supply_chain_solutions] Extracting actors: https://thequantuminsider.com/2020/02/20/german-startup-avanetix-applies-qc-to-develop-supply-chain-solutions (1/1), chunk 2/37
[03:12:26 +13s | thequantuminsider_2020_02_20_german_startup_avanetix_applies_qc_to_develop_supply_chain_solutions] Extracting actors: https://thequantuminsider.com/2020/02/20/german-startup-avanetix-applies-qc-to-develop-supply-chain-solutions (1/1), chunk 3/37
[03:12:31 +18s | thequantuminsider_2020_02_20_german_startup_avanetix_applies_qc_to_develop_supply_chain_solutions] Extracting actors: https://thequantuminsider.com/2020/02/20/german-startup-avanetix-applies-qc-to-develop-supply-chain-solutions (1/1), chunk 4/37
[03:12:36 +23s | thequantuminsider_2020_02_20_german_startup_avanetix_applies_qc_to_develop_supply_chain_solutions] Extracting actors: https://thequantuminsider.com/2020/02/20/german-startup-avanetix-applies-qc-to-develop-supply-chain-solutions (1/1), chunk 5/37
[03:12:40 +27s | thequantuminsider_2020_02_20_german_startup_avanetix_applies_qc_to_develop_supply_chain_solutions] Extracting actors: https://thequantuminsider.com/2020/02/20/german-startup-avanetix-applies-qc-to-develop-supply-chain-solutions (1/1), chunk 6/37
[03:12:47 +34s | thequantuminsider_2020_02_20_german_startup_avanetix_applies_qc_to_develop_supply_chain_solutions] Repaired malformed JSON.
[03:12:47 +34s | thequantuminsider_2020_02_20_german_startup_avanetix_applies_qc_to_develop_supply_chain_solutions] Extracting actors: https://thequantuminsider.com/2020/02/20/german-startup-avanetix-applies-qc-to-develop-supply-chain-solutions (1/1), chunk 7/37
[03:12:51 +38s | thequantuminsider_2020_02_20_german_startup_avanetix_applies_qc_to_develop_supply_chain_solutions] Extracting actors: https://thequantuminsider.com/2020/02/20/german-startup-avanetix-applies-qc-to-develop-supply-chain-solutions (1/1), chunk 8/37
[03:12:55 +42s | thequantuminsider_2020_02_20_german_startup_avanetix_applies_qc_to_develop_supply_chain_solutions] Extracting actors: https://thequantuminsider.com/2020/02/20/german-startup-avanetix-applies-qc-to-develop-supply-chain-solutions (1/1), chunk 9/37
[03:13:03 +47s | thequantuminsider_2020_02_20_german_startup_avanetix_applies_qc_to_develop_supply_chain_solutions] Extracting actors: https://thequantuminsider.com/2020/02/20/german-startup-avanetix-applies-qc-to-develop-supply-chain-solutions (1/1), chunk 10/37
[03:13:07 +51s | thequantuminsider_2020_02_20_german_startup_avanetix_applies_qc_to_develop_supply_chain_solutions] Extracting actors: https://thequantuminsider.com/2020/02/20/german-startup-avanetix-applies-qc-to-develop-supply-chain-solutions (1/1), chunk 11/37
[03:13:14 +58s | thequantuminsider_2020_02_20_german_startup_avanetix_applies_qc_to_develop_supply_chain_solutions] Repaired malformed JSON.
[03:13:14 +58s | thequantuminsider_2020_02_20_german_startup_avanetix_applies_qc_to_develop_supply_chain_solutions] Extracting actors: https://thequantuminsider.com/2020/02/20/german-startup-avanetix-applies-qc-to-develop-supply-chain-solutions (1/1), chunk 12/37
[03:13:23 +1m 7s | thequantuminsider_2020_02_20_german_startup_avanetix_applies_qc_to_develop_supply_chain_solutions] Extracting actors: https://thequantuminsider.com/2020/02/20/german-startup-avanetix-applies-qc-to-develop-supply-chain-solutions (1/1), chunk 13/37
[03:13:31 +1m 15s | thequantuminsider_2020_02_20_german_startup_avanetix_applies_qc_to_develop_supply_chain_solutions] Repaired malformed JSON.
[03:13:31 +1m 15s | thequantuminsider_2020_02_20_german_startup_avanetix_applies_qc_to_develop_supply_chain_solutions] Extracting actors: https://thequantuminsider.com/2020/02/20/german-startup-avanetix-applies-qc-to-develop-supply-chain-solutions (1/1), chunk 14/37
[03:13:40 +1m 21s | thequantuminsider_2020_02_20_german_startup_avanetix_applies_qc_to_develop_supply_chain_solutions] Repaired malformed JSON.
[03:13:40 +1m 21s | thequantuminsider_2020_02_20_german_startup_avanetix_applies_qc_to_develop_supply_chain_solutions] Extracting actors: https://thequantuminsider.com/2020/02/20/german-startup-avanetix-applies-qc-to-develop-supply-chain-solutions (1/1), chunk 15/37
[03:13:47 +1m 28s | thequantuminsider_2020_02_20_german_startup_avanetix_applies_qc_to_develop_supply_chain_solutions] Repaired malformed JSON.
[03:13:47 +1m 28s | thequantuminsider_2020_02_20_german_startup_avanetix_applies_qc_to_develop_supply_chain_solutions] Extracting actors: https://thequantuminsider.com/2020/02/20/german-startup-avanetix-applies-qc-to-develop-supply-chain-solutions (1/1), chunk 16/37
[03:13:53 +1m 34s | thequantuminsider_2020_02_20_german_startup_avanetix_applies_qc_to_develop_supply_chain_solutions] Repaired malformed JSON.
[03:13:53 +1m 34s | thequantuminsider_2020_02_20_german_startup_avanetix_applies_qc_to_develop_supply_chain_solutions] Extracting actors: https://thequantuminsider.com/2020/02/20/german-startup-avanetix-applies-qc-to-develop-supply-chain-solutions (1/1), chunk 17/37
[03:13:59 +1m 40s | thequantuminsider_2020_02_20_german_startup_avanetix_applies_qc_to_develop_supply_chain_solutions] Repaired malformed JSON.
[03:13:59 +1m 40s | thequantuminsider_2020_02_20_german_startup_avanetix_applies_qc_to_develop_supply_chain_solutions] Extracting actors: https://thequantuminsider.com/2020/02/20/german-startup-avanetix-applies-qc-to-develop-supply-chain-solutions (1/1), chunk 18/37
[03:14:05 +1m 46s | thequantuminsider_2020_02_20_german_startup_avanetix_applies_qc_to_develop_supply_chain_solutions] Repaired malformed JSON.
[03:14:05 +1m 46s | thequantuminsider_2020_02_20_german_startup_avanetix_applies_qc_to_develop_supply_chain_solutions] Extracting actors: https://thequantuminsider.com/2020/02/20/german-startup-avanetix-applies-qc-to-develop-supply-chain-solutions (1/1), chunk 19/37
[03:14:16 +1m 54s | thequantuminsider_2020_02_20_german_startup_avanetix_applies_qc_to_develop_supply_chain_solutions] Repaired malformed JSON.
[03:14:16 +1m 54s | thequantuminsider_2020_02_20_german_startup_avanetix_applies_qc_to_develop_supply_chain_solutions] Extracting actors: https://thequantuminsider.com/2020/02/20/german-startup-avanetix-applies-qc-to-develop-supply-chain-solutions (1/1), chunk 20/37
[03:14:24 +2m 2s | thequantuminsider_2020_02_20_german_startup_avanetix_applies_qc_to_develop_supply_chain_solutions] Repaired malformed JSON.
[03:14:24 +2m 2s | thequantuminsider_2020_02_20_german_startup_avanetix_applies_qc_to_develop_supply_chain_solutions] Extracting actors: https://thequantuminsider.com/2020/02/20/german-startup-avanetix-applies-qc-to-develop-supply-chain-solutions (1/1), chunk 21/37
[03:14:29 +2m 7s | thequantuminsider_2020_02_20_german_startup_avanetix_applies_qc_to_develop_supply_chain_solutions] Repaired malformed JSON.
[03:14:29 +2m 7s | thequantuminsider_2020_02_20_german_startup_avanetix_applies_qc_to_develop_supply_chain_solutions] Extracting actors: https://thequantuminsider.com/2020/02/20/german-startup-avanetix-applies-qc-to-develop-supply-chain-solutions (1/1), chunk 22/37
[03:14:35 +2m 13s | thequantuminsider_2020_02_20_german_startup_avanetix_applies_qc_to_develop_supply_chain_solutions] Repaired malformed JSON.
[03:14:35 +2m 13s | thequantuminsider_2020_02_20_german_startup_avanetix_applies_qc_to_develop_supply_chain_solutions] Extracting actors: https://thequantuminsider.com/2020/02/20/german-startup-avanetix-applies-qc-to-develop-supply-chain-solutions (1/1), chunk 23/37
[03:14:41 +2m 20s | thequantuminsider_2020_02_20_german_startup_avanetix_applies_qc_to_develop_supply_chain_solutions] Repaired malformed JSON.
[03:14:41 +2m 20s | thequantuminsider_2020_02_20_german_startup_avanetix_applies_qc_to_develop_supply_chain_solutions] Extracting actors: https://thequantuminsider.com/2020/02/20/german-startup-avanetix-applies-qc-to-develop-supply-chain-solutions (1/1), chunk 24/37
[03:14:50 +2m 25s | thequantuminsider_2020_02_20_german_startup_avanetix_applies_qc_to_develop_supply_chain_solutions] Repaired malformed JSON.
[03:14:50 +2m 25s | thequantuminsider_2020_02_20_german_startup_avanetix_applies_qc_to_develop_supply_chain_solutions] Extracting actors: https://thequantuminsider.com/2020/02/20/german-startup-avanetix-applies-qc-to-develop-supply-chain-solutions (1/1), chunk 25/37
[03:14:55 +2m 30s | thequantuminsider_2020_02_20_german_startup_avanetix_applies_qc_to_develop_supply_chain_solutions] Extracting actors: https://thequantuminsider.com/2020/02/20/german-startup-avanetix-applies-qc-to-develop-supply-chain-solutions (1/1), chunk 26/37
[03:14:58 +2m 34s | thequantuminsider_2020_02_20_german_startup_avanetix_applies_qc_to_develop_supply_chain_solutions] Extracting actors: https://thequantuminsider.com/2020/02/20/german-startup-avanetix-applies-qc-to-develop-supply-chain-solutions (1/1), chunk 27/37
[03:15:04 +2m 39s | thequantuminsider_2020_02_20_german_startup_avanetix_applies_qc_to_develop_supply_chain_solutions] Repaired malformed JSON.
[03:15:04 +2m 39s | thequantuminsider_2020_02_20_german_startup_avanetix_applies_qc_to_develop_supply_chain_solutions] Extracting actors: https://thequantuminsider.com/2020/02/20/german-startup-avanetix-applies-qc-to-develop-supply-chain-solutions (1/1), chunk 28/37
[03:15:08 +2m 43s | thequantuminsider_2020_02_20_german_startup_avanetix_applies_qc_to_develop_supply_chain_solutions] Extracting actors: https://thequantuminsider.com/2020/02/20/german-startup-avanetix-applies-qc-to-develop-supply-chain-solutions (1/1), chunk 29/37
[03:15:09 +2m 44s | thequantuminsider_2020_02_20_german_startup_avanetix_applies_qc_to_develop_supply_chain_solutions] Extracting actors: https://thequantuminsider.com/2020/02/20/german-startup-avanetix-applies-qc-to-develop-supply-chain-solutions (1/1), chunk 30/37
[03:15:16 +2m 51s | thequantuminsider_2020_02_20_german_startup_avanetix_applies_qc_to_develop_supply_chain_solutions] Repaired malformed JSON.
[03:15:16 +2m 51s | thequantuminsider_2020_02_20_german_startup_avanetix_applies_qc_to_develop_supply_chain_solutions] Extracting actors: https://thequantuminsider.com/2020/02/20/german-startup-avanetix-applies-qc-to-develop-supply-chain-solutions (1/1), chunk 31/37
[03:15:24 +2m 56s | thequantuminsider_2020_02_20_german_startup_avanetix_applies_qc_to_develop_supply_chain_solutions] Repaired malformed JSON.
[03:15:24 +2m 56s | thequantuminsider_2020_02_20_german_startup_avanetix_applies_qc_to_develop_supply_chain_solutions] Extracting actors: https://thequantuminsider.com/2020/02/20/german-startup-avanetix-applies-qc-to-develop-supply-chain-solutions (1/1), chunk 32/37
[03:15:28 +3m 0s | thequantuminsider_2020_02_20_german_startup_avanetix_applies_qc_to_develop_supply_chain_solutions] Extracting actors: https://thequantuminsider.com/2020/02/20/german-startup-avanetix-applies-qc-to-develop-supply-chain-solutions (1/1), chunk 33/37
[03:15:35 +3m 7s | thequantuminsider_2020_02_20_german_startup_avanetix_applies_qc_to_develop_supply_chain_solutions] Repaired malformed JSON.
[03:15:35 +3m 7s | thequantuminsider_2020_02_20_german_startup_avanetix_applies_qc_to_develop_supply_chain_solutions] Extracting actors: https://thequantuminsider.com/2020/02/20/german-startup-avanetix-applies-qc-to-develop-supply-chain-solutions (1/1), chunk 34/37
[03:15:40 +3m 12s | thequantuminsider_2020_02_20_german_startup_avanetix_applies_qc_to_develop_supply_chain_solutions] Extracting actors: https://thequantuminsider.com/2020/02/20/german-startup-avanetix-applies-qc-to-develop-supply-chain-solutions (1/1), chunk 35/37
[03:15:41 +3m 13s | thequantuminsider_2020_02_20_german_startup_avanetix_applies_qc_to_develop_supply_chain_solutions] Extracting actors: https://thequantuminsider.com/2020/02/20/german-startup-avanetix-applies-qc-to-develop-supply-chain-solutions (1/1), chunk 36/37
[03:15:48 +3m 21s | thequantuminsider_2020_02_20_german_startup_avanetix_applies_qc_to_develop_supply_chain_solutions] Repaired malformed JSON.
[03:15:48 +3m 21s | thequantuminsider_2020_02_20_german_startup_avanetix_applies_qc_to_develop_supply_chain_solutions] Extracting actors: https://thequantuminsider.com/2020/02/20/german-startup-avanetix-applies-qc-to-develop-supply-chain-solutions (1/1), chunk 37/37
[03:16:00 +3m 30s | thequantuminsider_2020_02_20_german_startup_avanetix_applies_qc_to_develop_supply_chain_solutions] Repaired malformed JSON.
[03:16:00 +3m 30s | thequantuminsider_2020_02_20_german_startup_avanetix_applies_qc_to_develop_supply_chain_solutions] Saved 1_actor_results.json with 53 extracted records

[03:16:00 +3m 30s | thequantuminsider_2020_02_20_german_startup_avanetix_applies_qc_to_develop_supply_chain_solutions] === 2 clean actors ===
[03:16:00 +3m 30s | thequantuminsider_2020_02_20_german_startup_avanetix_applies_qc_to_develop_supply_chain_solutions] Loaded 53 extracted records
[03:16:00 +3m 30s | thequantuminsider_2020_02_20_german_startup_avanetix_applies_qc_to_develop_supply_chain_solutions] Saved 2_actor_nodes.json with 19 canonical actor nodes

[03:16:00 +3m 30s | thequantuminsider_2020_02_20_german_startup_avanetix_applies_qc_to_develop_supply_chain_solutions] === 3 interaction extraction ===
[03:16:01 +3m 30s | thequantuminsider_2020_02_20_german_startup_avanetix_applies_qc_to_develop_supply_chain_solutions] Extracting interactions: https://thequantuminsider.com/2020/02/20/german-startup-avanetix-applies-qc-to-develop-supply-chain-solutions (1/1), chunk 11/37
[03:16:06 +3m 35s | thequantuminsider_2020_02_20_german_startup_avanetix_applies_qc_to_develop_supply_chain_solutions] Extracting interactions: https://thequantuminsider.com/2020/02/20/german-startup-avanetix-applies-qc-to-develop-supply-chain-solutions (1/1), chunk 13/37
[03:16:13 +3m 42s | thequantuminsider_2020_02_20_german_startup_avanetix_applies_qc_to_develop_supply_chain_solutions] Extracting interactions: https://thequantuminsider.com/2020/02/20/german-startup-avanetix-applies-qc-to-develop-supply-chain-solutions (1/1), chunk 14/37
[03:16:20 +3m 49s | thequantuminsider_2020_02_20_german_startup_avanetix_applies_qc_to_develop_supply_chain_solutions] Extracting interactions: https://thequantuminsider.com/2020/02/20/german-startup-avanetix-applies-qc-to-develop-supply-chain-solutions (1/1), chunk 15/37
[03:16:26 +3m 55s | thequantuminsider_2020_02_20_german_startup_avanetix_applies_qc_to_develop_supply_chain_solutions] Extracting interactions: https://thequantuminsider.com/2020/02/20/german-startup-avanetix-applies-qc-to-develop-supply-chain-solutions (1/1), chunk 16/37
[03:16:32 +3m 59s | thequantuminsider_2020_02_20_german_startup_avanetix_applies_qc_to_develop_supply_chain_solutions] Extracting interactions: https://thequantuminsider.com/2020/02/20/german-startup-avanetix-applies-qc-to-develop-supply-chain-solutions (1/1), chunk 17/37
[03:16:35 +4m 1s | thequantuminsider_2020_02_20_german_startup_avanetix_applies_qc_to_develop_supply_chain_solutions] Extracting interactions: https://thequantuminsider.com/2020/02/20/german-startup-avanetix-applies-qc-to-develop-supply-chain-solutions (1/1), chunk 18/37
[03:16:41 +4m 7s | thequantuminsider_2020_02_20_german_startup_avanetix_applies_qc_to_develop_supply_chain_solutions] Extracting interactions: https://thequantuminsider.com/2020/02/20/german-startup-avanetix-applies-qc-to-develop-supply-chain-solutions (1/1), chunk 19/37
[03:16:44 +4m 10s | thequantuminsider_2020_02_20_german_startup_avanetix_applies_qc_to_develop_supply_chain_solutions] Extracting interactions: https://thequantuminsider.com/2020/02/20/german-startup-avanetix-applies-qc-to-develop-supply-chain-solutions (1/1), chunk 20/37
[03:16:55 +4m 21s | thequantuminsider_2020_02_20_german_startup_avanetix_applies_qc_to_develop_supply_chain_solutions] Extracting interactions: https://thequantuminsider.com/2020/02/20/german-startup-avanetix-applies-qc-to-develop-supply-chain-solutions (1/1), chunk 21/37
[03:17:10 +4m 33s | thequantuminsider_2020_02_20_german_startup_avanetix_applies_qc_to_develop_supply_chain_solutions] Extracting interactions: https://thequantuminsider.com/2020/02/20/german-startup-avanetix-applies-qc-to-develop-supply-chain-solutions (1/1), chunk 22/37
[03:17:15 +4m 39s | thequantuminsider_2020_02_20_german_startup_avanetix_applies_qc_to_develop_supply_chain_solutions] Extracting interactions: https://thequantuminsider.com/2020/02/20/german-startup-avanetix-applies-qc-to-develop-supply-chain-solutions (1/1), chunk 23/37
[03:17:20 +4m 43s | thequantuminsider_2020_02_20_german_startup_avanetix_applies_qc_to_develop_supply_chain_solutions] Extracting interactions: https://thequantuminsider.com/2020/02/20/german-startup-avanetix-applies-qc-to-develop-supply-chain-solutions (1/1), chunk 26/37
[03:17:27 +4m 51s | thequantuminsider_2020_02_20_german_startup_avanetix_applies_qc_to_develop_supply_chain_solutions] Extracting interactions: https://thequantuminsider.com/2020/02/20/german-startup-avanetix-applies-qc-to-develop-supply-chain-solutions (1/1), chunk 27/37
[03:17:39 +5m 3s | thequantuminsider_2020_02_20_german_startup_avanetix_applies_qc_to_develop_supply_chain_solutions] Extracting interactions: https://thequantuminsider.com/2020/02/20/german-startup-avanetix-applies-qc-to-develop-supply-chain-solutions (1/1), chunk 28/37
[03:17:44 +5m 4s | thequantuminsider_2020_02_20_german_startup_avanetix_applies_qc_to_develop_supply_chain_solutions] Extracting interactions: https://thequantuminsider.com/2020/02/20/german-startup-avanetix-applies-qc-to-develop-supply-chain-solutions (1/1), chunk 30/37
[03:17:45 +5m 6s | thequantuminsider_2020_02_20_german_startup_avanetix_applies_qc_to_develop_supply_chain_solutions] Extracting interactions: https://thequantuminsider.com/2020/02/20/german-startup-avanetix-applies-qc-to-develop-supply-chain-solutions (1/1), chunk 31/37
[03:17:47 +5m 7s | thequantuminsider_2020_02_20_german_startup_avanetix_applies_qc_to_develop_supply_chain_solutions] Extracting interactions: https://thequantuminsider.com/2020/02/20/german-startup-avanetix-applies-qc-to-develop-supply-chain-solutions (1/1), chunk 32/37
[03:17:48 +5m 9s | thequantuminsider_2020_02_20_german_startup_avanetix_applies_qc_to_develop_supply_chain_solutions] Extracting interactions: https://thequantuminsider.com/2020/02/20/german-startup-avanetix-applies-qc-to-develop-supply-chain-solutions (1/1), chunk 33/37
[03:17:50 +5m 10s | thequantuminsider_2020_02_20_german_startup_avanetix_applies_qc_to_develop_supply_chain_solutions] Extracting interactions: https://thequantuminsider.com/2020/02/20/german-startup-avanetix-applies-qc-to-develop-supply-chain-solutions (1/1), chunk 35/37
[03:18:04 +5m 24s | thequantuminsider_2020_02_20_german_startup_avanetix_applies_qc_to_develop_supply_chain_solutions] Extracting interactions: https://thequantuminsider.com/2020/02/20/german-startup-avanetix-applies-qc-to-develop-supply-chain-solutions (1/1), chunk 36/37
[03:18:20 +5m 38s | thequantuminsider_2020_02_20_german_startup_avanetix_applies_qc_to_develop_supply_chain_solutions] Extracting interactions: https://thequantuminsider.com/2020/02/20/german-startup-avanetix-applies-qc-to-develop-supply-chain-solutions (1/1), chunk 37/37
[03:18:21 +5m 39s | thequantuminsider_2020_02_20_german_startup_avanetix_applies_qc_to_develop_supply_chain_solutions] Saved 3_interaction_results.json with 25 extracted interactions.

[03:18:21 +5m 39s | thequantuminsider_2020_02_20_german_startup_avanetix_applies_qc_to_develop_supply_chain_solutions] === 4 clean interactions ===
[03:18:22 +5m 39s | thequantuminsider_2020_02_20_german_startup_avanetix_applies_qc_to_develop_supply_chain_solutions] Saved 4_edges.json with 0 cleaned interactions.

[03:18:22 +5m 39s | thequantuminsider_2020_02_20_german_startup_avanetix_applies_qc_to_develop_supply_chain_solutions] === 5 helix enrichment ===
[03:18:22 +5m 39s | thequantuminsider_2020_02_20_german_startup_avanetix_applies_qc_to_develop_supply_chain_solutions] Wrote 5_nodes.json (19 actors)
[03:18:22 +5m 39s | thequantuminsider_2020_02_20_german_startup_avanetix_applies_qc_to_develop_supply_chain_solutions] Wrote 5_edges.json (0 interactions)
[03:18:22 +5m 39s | thequantuminsider_2020_02_20_german_startup_avanetix_applies_qc_to_develop_supply_chain_solutions] Actor helix counts: {'Civil Society': 2, 'Government': 2, 'Industry': 5, 'Intermediary': 1, 'Unknown': 9}
[03:18:22 +5m 39s | thequantuminsider_2020_02_20_german_startup_avanetix_applies_qc_to_develop_supply_chain_solutions] Functional-space counts: {}

[03:18:22 +5m 39s | thequantuminsider_2020_02_20_german_startup_avanetix_applies_qc_to_develop_supply_chain_solutions] === 6 network visualisation ===
[03:18:22 +5m 39s | thequantuminsider_2020_02_20_german_startup_avanetix_applies_qc_to_develop_supply_chain_solutions] Wrote quantum_network.html
[03:18:22 +5m 39s | thequantuminsider_2020_02_20_german_startup_avanetix_applies_qc_to_develop_supply_chain_solutions] Nodes: 19
[03:18:22 +5m 39s | thequantuminsider_2020_02_20_german_startup_avanetix_applies_qc_to_develop_supply_chain_solutions] Edges: 0

[03:18:22 +5m 39s | thequantuminsider_2020_02_20_german_startup_avanetix_applies_qc_to_develop_supply_chain_solutions] Done. Outputs written to: /home/lv/IDP/idpdeeptech/pipeline/news_outputs/thequantuminsider_2020_02_20_german_startup_avanetix_applies_qc_to_develop_supply_chain_solutions
[03:18:22 +5m 39s | thequantuminsider_2020_02_20_german_startup_avanetix_applies_qc_to_develop_supply_chain_solutions] Log: /home/lv/IDP/idpdeeptech/pipeline/news_outputs/thequantuminsider_2020_02_20_german_startup_avanetix_applies_qc_to_develop_supply_chain_solutions/run.log

========================================================================
RUN FINISHED 2026-07-02 03:18:22  (OK)
Started:     2026-07-02 03:12:10
Elapsed:     5m 39s
========================================================================
