
========================================================================
RUN STARTED  2026-07-02 09:18:45
site_pipeline.py https://thequantuminsider.com/2024/02/26/mit-researchers-graphene-advances-could-lead-to-more-robust-quantum-computing/
========================================================================

[09:18:45 +0s | thequantuminsider_2024_02_26_mit_researchers_graphene_advances_could_lead_to_more_robust_fb027ab6] === 0 crawl site ===
[09:18:47 +2s | thequantuminsider_2024_02_26_mit_researchers_graphene_advances_could_lead_to_more_robust_fb027ab6] [INIT].... → Crawl4AI 0.8.6 
[09:18:50 +5s | thequantuminsider_2024_02_26_mit_researchers_graphene_advances_could_lead_to_more_robust_fb027ab6] [FETCH]... ↓ https://thequantuminsider.com/2024/02/26/mit-res...ces-could-lead-to-more-robust-quantum-computing/  | ✓ | ⏱: 3.08s 
[09:18:50 +5s | thequantuminsider_2024_02_26_mit_researchers_graphene_advances_could_lead_to_more_robust_fb027ab6] [SCRAPE].. ◆ https://thequantuminsider.com/2024/02/26/mit-res...ces-could-lead-to-more-robust-quantum-computing/  | ✓ | ⏱: 0.15s 
[09:18:50 +5s | thequantuminsider_2024_02_26_mit_researchers_graphene_advances_could_lead_to_more_robust_fb027ab6] [COMPLETE] ● https://thequantuminsider.com/2024/02/26/mit-res...ces-could-lead-to-more-robust-quantum-computing/  | ✓ | ⏱: 3.25s 
[09:18:50 +5s | thequantuminsider_2024_02_26_mit_researchers_graphene_advances_could_lead_to_more_robust_fb027ab6] Saved: crawl_output/efab820543_thequantuminsider.com_2024_02_26_mit-researchers-graphene-advances-could-lead-to-more-robust-quantum-computing.json

[09:18:50 +5s | thequantuminsider_2024_02_26_mit_researchers_graphene_advances_could_lead_to_more_robust_fb027ab6] === 1 actor extraction ===
[09:18:50 +5s | thequantuminsider_2024_02_26_mit_researchers_graphene_advances_could_lead_to_more_robust_fb027ab6] Reading page (1/1): https://thequantuminsider.com/2024/02/26/mit-researchers-graphene-advances-could-lead-to-more-robust-quantum-computing
[09:18:50 +5s | thequantuminsider_2024_02_26_mit_researchers_graphene_advances_could_lead_to_more_robust_fb027ab6] Extracting actors: https://thequantuminsider.com/2024/02/26/mit-researchers-graphene-advances-could-lead-to-more-robust-quantum-computing (1/1), chunk 1/41
[09:18:55 +10s | thequantuminsider_2024_02_26_mit_researchers_graphene_advances_could_lead_to_more_robust_fb027ab6] Extracting actors: https://thequantuminsider.com/2024/02/26/mit-researchers-graphene-advances-could-lead-to-more-robust-quantum-computing (1/1), chunk 2/41
[09:19:01 +16s | thequantuminsider_2024_02_26_mit_researchers_graphene_advances_could_lead_to_more_robust_fb027ab6] Extracting actors: https://thequantuminsider.com/2024/02/26/mit-researchers-graphene-advances-could-lead-to-more-robust-quantum-computing (1/1), chunk 3/41
[09:19:05 +20s | thequantuminsider_2024_02_26_mit_researchers_graphene_advances_could_lead_to_more_robust_fb027ab6] Extracting actors: https://thequantuminsider.com/2024/02/26/mit-researchers-graphene-advances-could-lead-to-more-robust-quantum-computing (1/1), chunk 4/41
[09:19:09 +24s | thequantuminsider_2024_02_26_mit_researchers_graphene_advances_could_lead_to_more_robust_fb027ab6] Extracting actors: https://thequantuminsider.com/2024/02/26/mit-researchers-graphene-advances-could-lead-to-more-robust-quantum-computing (1/1), chunk 5/41
[09:19:13 +28s | thequantuminsider_2024_02_26_mit_researchers_graphene_advances_could_lead_to_more_robust_fb027ab6] Extracting actors: https://thequantuminsider.com/2024/02/26/mit-researchers-graphene-advances-could-lead-to-more-robust-quantum-computing (1/1), chunk 6/41
[09:19:18 +33s | thequantuminsider_2024_02_26_mit_researchers_graphene_advances_could_lead_to_more_robust_fb027ab6] Extracting actors: https://thequantuminsider.com/2024/02/26/mit-researchers-graphene-advances-could-lead-to-more-robust-quantum-computing (1/1), chunk 7/41
[09:19:23 +38s | thequantuminsider_2024_02_26_mit_researchers_graphene_advances_could_lead_to_more_robust_fb027ab6] Extracting actors: https://thequantuminsider.com/2024/02/26/mit-researchers-graphene-advances-could-lead-to-more-robust-quantum-computing (1/1), chunk 8/41
[09:19:27 +42s | thequantuminsider_2024_02_26_mit_researchers_graphene_advances_could_lead_to_more_robust_fb027ab6] Extracting actors: https://thequantuminsider.com/2024/02/26/mit-researchers-graphene-advances-could-lead-to-more-robust-quantum-computing (1/1), chunk 9/41
[09:19:32 +46s | thequantuminsider_2024_02_26_mit_researchers_graphene_advances_could_lead_to_more_robust_fb027ab6] Extracting actors: https://thequantuminsider.com/2024/02/26/mit-researchers-graphene-advances-could-lead-to-more-robust-quantum-computing (1/1), chunk 10/41
[09:19:36 +51s | thequantuminsider_2024_02_26_mit_researchers_graphene_advances_could_lead_to_more_robust_fb027ab6] Extracting actors: https://thequantuminsider.com/2024/02/26/mit-researchers-graphene-advances-could-lead-to-more-robust-quantum-computing (1/1), chunk 11/41
[09:19:43 +58s | thequantuminsider_2024_02_26_mit_researchers_graphene_advances_could_lead_to_more_robust_fb027ab6] Repaired malformed JSON.
[09:19:43 +58s | thequantuminsider_2024_02_26_mit_researchers_graphene_advances_could_lead_to_more_robust_fb027ab6] Extracting actors: https://thequantuminsider.com/2024/02/26/mit-researchers-graphene-advances-could-lead-to-more-robust-quantum-computing (1/1), chunk 12/41
[09:19:50 +1m 5s | thequantuminsider_2024_02_26_mit_researchers_graphene_advances_could_lead_to_more_robust_fb027ab6] Repaired malformed JSON.
[09:19:50 +1m 5s | thequantuminsider_2024_02_26_mit_researchers_graphene_advances_could_lead_to_more_robust_fb027ab6] Extracting actors: https://thequantuminsider.com/2024/02/26/mit-researchers-graphene-advances-could-lead-to-more-robust-quantum-computing (1/1), chunk 13/41
[09:19:58 +1m 13s | thequantuminsider_2024_02_26_mit_researchers_graphene_advances_could_lead_to_more_robust_fb027ab6] Repaired malformed JSON.
[09:19:58 +1m 13s | thequantuminsider_2024_02_26_mit_researchers_graphene_advances_could_lead_to_more_robust_fb027ab6] Extracting actors: https://thequantuminsider.com/2024/02/26/mit-researchers-graphene-advances-could-lead-to-more-robust-quantum-computing (1/1), chunk 14/41
[09:20:05 +1m 20s | thequantuminsider_2024_02_26_mit_researchers_graphene_advances_could_lead_to_more_robust_fb027ab6] Repaired malformed JSON.
[09:20:05 +1m 20s | thequantuminsider_2024_02_26_mit_researchers_graphene_advances_could_lead_to_more_robust_fb027ab6] Extracting actors: https://thequantuminsider.com/2024/02/26/mit-researchers-graphene-advances-could-lead-to-more-robust-quantum-computing (1/1), chunk 15/41
[09:20:15 +1m 30s | thequantuminsider_2024_02_26_mit_researchers_graphene_advances_could_lead_to_more_robust_fb027ab6] Repaired malformed JSON.
[09:20:15 +1m 30s | thequantuminsider_2024_02_26_mit_researchers_graphene_advances_could_lead_to_more_robust_fb027ab6] Extracting actors: https://thequantuminsider.com/2024/02/26/mit-researchers-graphene-advances-could-lead-to-more-robust-quantum-computing (1/1), chunk 16/41
[09:20:21 +1m 36s | thequantuminsider_2024_02_26_mit_researchers_graphene_advances_could_lead_to_more_robust_fb027ab6] Repaired malformed JSON.
[09:20:21 +1m 36s | thequantuminsider_2024_02_26_mit_researchers_graphene_advances_could_lead_to_more_robust_fb027ab6] Extracting actors: https://thequantuminsider.com/2024/02/26/mit-researchers-graphene-advances-could-lead-to-more-robust-quantum-computing (1/1), chunk 17/41
[09:20:29 +1m 44s | thequantuminsider_2024_02_26_mit_researchers_graphene_advances_could_lead_to_more_robust_fb027ab6] Repaired malformed JSON.
[09:20:29 +1m 44s | thequantuminsider_2024_02_26_mit_researchers_graphene_advances_could_lead_to_more_robust_fb027ab6] Extracting actors: https://thequantuminsider.com/2024/02/26/mit-researchers-graphene-advances-could-lead-to-more-robust-quantum-computing (1/1), chunk 18/41
[09:20:35 +1m 50s | thequantuminsider_2024_02_26_mit_researchers_graphene_advances_could_lead_to_more_robust_fb027ab6] Repaired malformed JSON.
[09:20:35 +1m 50s | thequantuminsider_2024_02_26_mit_researchers_graphene_advances_could_lead_to_more_robust_fb027ab6] Extracting actors: https://thequantuminsider.com/2024/02/26/mit-researchers-graphene-advances-could-lead-to-more-robust-quantum-computing (1/1), chunk 19/41
[09:20:44 +1m 59s | thequantuminsider_2024_02_26_mit_researchers_graphene_advances_could_lead_to_more_robust_fb027ab6] Repaired malformed JSON.
[09:20:44 +1m 59s | thequantuminsider_2024_02_26_mit_researchers_graphene_advances_could_lead_to_more_robust_fb027ab6] Extracting actors: https://thequantuminsider.com/2024/02/26/mit-researchers-graphene-advances-could-lead-to-more-robust-quantum-computing (1/1), chunk 20/41
[09:20:51 +2m 6s | thequantuminsider_2024_02_26_mit_researchers_graphene_advances_could_lead_to_more_robust_fb027ab6] Repaired malformed JSON.
[09:20:51 +2m 6s | thequantuminsider_2024_02_26_mit_researchers_graphene_advances_could_lead_to_more_robust_fb027ab6] Extracting actors: https://thequantuminsider.com/2024/02/26/mit-researchers-graphene-advances-could-lead-to-more-robust-quantum-computing (1/1), chunk 21/41
[09:20:57 +2m 12s | thequantuminsider_2024_02_26_mit_researchers_graphene_advances_could_lead_to_more_robust_fb027ab6] Repaired malformed JSON.
[09:20:57 +2m 12s | thequantuminsider_2024_02_26_mit_researchers_graphene_advances_could_lead_to_more_robust_fb027ab6] Extracting actors: https://thequantuminsider.com/2024/02/26/mit-researchers-graphene-advances-could-lead-to-more-robust-quantum-computing (1/1), chunk 22/41
[09:21:03 +2m 18s | thequantuminsider_2024_02_26_mit_researchers_graphene_advances_could_lead_to_more_robust_fb027ab6] Repaired malformed JSON.
[09:21:03 +2m 18s | thequantuminsider_2024_02_26_mit_researchers_graphene_advances_could_lead_to_more_robust_fb027ab6] Extracting actors: https://thequantuminsider.com/2024/02/26/mit-researchers-graphene-advances-could-lead-to-more-robust-quantum-computing (1/1), chunk 23/41
[09:21:11 +2m 26s | thequantuminsider_2024_02_26_mit_researchers_graphene_advances_could_lead_to_more_robust_fb027ab6] Repaired malformed JSON.
[09:21:11 +2m 26s | thequantuminsider_2024_02_26_mit_researchers_graphene_advances_could_lead_to_more_robust_fb027ab6] Extracting actors: https://thequantuminsider.com/2024/02/26/mit-researchers-graphene-advances-could-lead-to-more-robust-quantum-computing (1/1), chunk 24/41
[09:21:21 +2m 36s | thequantuminsider_2024_02_26_mit_researchers_graphene_advances_could_lead_to_more_robust_fb027ab6] Repaired malformed JSON.
[09:21:21 +2m 36s | thequantuminsider_2024_02_26_mit_researchers_graphene_advances_could_lead_to_more_robust_fb027ab6] Extracting actors: https://thequantuminsider.com/2024/02/26/mit-researchers-graphene-advances-could-lead-to-more-robust-quantum-computing (1/1), chunk 25/41
[09:21:27 +2m 42s | thequantuminsider_2024_02_26_mit_researchers_graphene_advances_could_lead_to_more_robust_fb027ab6] Repaired malformed JSON.
[09:21:27 +2m 42s | thequantuminsider_2024_02_26_mit_researchers_graphene_advances_could_lead_to_more_robust_fb027ab6] Extracting actors: https://thequantuminsider.com/2024/02/26/mit-researchers-graphene-advances-could-lead-to-more-robust-quantum-computing (1/1), chunk 26/41
[09:21:34 +2m 49s | thequantuminsider_2024_02_26_mit_researchers_graphene_advances_could_lead_to_more_robust_fb027ab6] Repaired malformed JSON.
[09:21:34 +2m 49s | thequantuminsider_2024_02_26_mit_researchers_graphene_advances_could_lead_to_more_robust_fb027ab6] Extracting actors: https://thequantuminsider.com/2024/02/26/mit-researchers-graphene-advances-could-lead-to-more-robust-quantum-computing (1/1), chunk 27/41
[09:21:41 +2m 56s | thequantuminsider_2024_02_26_mit_researchers_graphene_advances_could_lead_to_more_robust_fb027ab6] Repaired malformed JSON.
[09:21:41 +2m 56s | thequantuminsider_2024_02_26_mit_researchers_graphene_advances_could_lead_to_more_robust_fb027ab6] Extracting actors: https://thequantuminsider.com/2024/02/26/mit-researchers-graphene-advances-could-lead-to-more-robust-quantum-computing (1/1), chunk 28/41
[09:21:45 +3m 0s | thequantuminsider_2024_02_26_mit_researchers_graphene_advances_could_lead_to_more_robust_fb027ab6] Extracting actors: https://thequantuminsider.com/2024/02/26/mit-researchers-graphene-advances-could-lead-to-more-robust-quantum-computing (1/1), chunk 29/41
[09:21:51 +3m 6s | thequantuminsider_2024_02_26_mit_researchers_graphene_advances_could_lead_to_more_robust_fb027ab6] Repaired malformed JSON.
[09:21:51 +3m 6s | thequantuminsider_2024_02_26_mit_researchers_graphene_advances_could_lead_to_more_robust_fb027ab6] Extracting actors: https://thequantuminsider.com/2024/02/26/mit-researchers-graphene-advances-could-lead-to-more-robust-quantum-computing (1/1), chunk 30/41
[09:21:57 +3m 12s | thequantuminsider_2024_02_26_mit_researchers_graphene_advances_could_lead_to_more_robust_fb027ab6] Repaired malformed JSON.
[09:21:57 +3m 12s | thequantuminsider_2024_02_26_mit_researchers_graphene_advances_could_lead_to_more_robust_fb027ab6] Extracting actors: https://thequantuminsider.com/2024/02/26/mit-researchers-graphene-advances-could-lead-to-more-robust-quantum-computing (1/1), chunk 31/41
[09:22:05 +3m 20s | thequantuminsider_2024_02_26_mit_researchers_graphene_advances_could_lead_to_more_robust_fb027ab6] Repaired malformed JSON.
[09:22:05 +3m 20s | thequantuminsider_2024_02_26_mit_researchers_graphene_advances_could_lead_to_more_robust_fb027ab6] Extracting actors: https://thequantuminsider.com/2024/02/26/mit-researchers-graphene-advances-could-lead-to-more-robust-quantum-computing (1/1), chunk 32/41
[09:22:09 +3m 24s | thequantuminsider_2024_02_26_mit_researchers_graphene_advances_could_lead_to_more_robust_fb027ab6] Extracting actors: https://thequantuminsider.com/2024/02/26/mit-researchers-graphene-advances-could-lead-to-more-robust-quantum-computing (1/1), chunk 33/41
[09:22:20 +3m 35s | thequantuminsider_2024_02_26_mit_researchers_graphene_advances_could_lead_to_more_robust_fb027ab6] Repaired malformed JSON.
[09:22:20 +3m 35s | thequantuminsider_2024_02_26_mit_researchers_graphene_advances_could_lead_to_more_robust_fb027ab6] Extracting actors: https://thequantuminsider.com/2024/02/26/mit-researchers-graphene-advances-could-lead-to-more-robust-quantum-computing (1/1), chunk 34/41
[09:22:28 +3m 43s | thequantuminsider_2024_02_26_mit_researchers_graphene_advances_could_lead_to_more_robust_fb027ab6] Repaired malformed JSON.
[09:22:28 +3m 43s | thequantuminsider_2024_02_26_mit_researchers_graphene_advances_could_lead_to_more_robust_fb027ab6] Extracting actors: https://thequantuminsider.com/2024/02/26/mit-researchers-graphene-advances-could-lead-to-more-robust-quantum-computing (1/1), chunk 35/41
[09:22:35 +3m 50s | thequantuminsider_2024_02_26_mit_researchers_graphene_advances_could_lead_to_more_robust_fb027ab6] Repaired malformed JSON.
[09:22:35 +3m 50s | thequantuminsider_2024_02_26_mit_researchers_graphene_advances_could_lead_to_more_robust_fb027ab6] Extracting actors: https://thequantuminsider.com/2024/02/26/mit-researchers-graphene-advances-could-lead-to-more-robust-quantum-computing (1/1), chunk 36/41
[09:22:39 +3m 54s | thequantuminsider_2024_02_26_mit_researchers_graphene_advances_could_lead_to_more_robust_fb027ab6] Extracting actors: https://thequantuminsider.com/2024/02/26/mit-researchers-graphene-advances-could-lead-to-more-robust-quantum-computing (1/1), chunk 37/41
[09:22:48 +4m 2s | thequantuminsider_2024_02_26_mit_researchers_graphene_advances_could_lead_to_more_robust_fb027ab6] Repaired malformed JSON.
[09:22:48 +4m 2s | thequantuminsider_2024_02_26_mit_researchers_graphene_advances_could_lead_to_more_robust_fb027ab6] Extracting actors: https://thequantuminsider.com/2024/02/26/mit-researchers-graphene-advances-could-lead-to-more-robust-quantum-computing (1/1), chunk 38/41
[09:22:59 +4m 14s | thequantuminsider_2024_02_26_mit_researchers_graphene_advances_could_lead_to_more_robust_fb027ab6] Extracting actors: https://thequantuminsider.com/2024/02/26/mit-researchers-graphene-advances-could-lead-to-more-robust-quantum-computing (1/1), chunk 39/41
[09:23:05 +4m 20s | thequantuminsider_2024_02_26_mit_researchers_graphene_advances_could_lead_to_more_robust_fb027ab6] Repaired malformed JSON.
[09:23:05 +4m 20s | thequantuminsider_2024_02_26_mit_researchers_graphene_advances_could_lead_to_more_robust_fb027ab6] Extracting actors: https://thequantuminsider.com/2024/02/26/mit-researchers-graphene-advances-could-lead-to-more-robust-quantum-computing (1/1), chunk 40/41
[09:23:14 +4m 29s | thequantuminsider_2024_02_26_mit_researchers_graphene_advances_could_lead_to_more_robust_fb027ab6] Repaired malformed JSON.
[09:23:14 +4m 29s | thequantuminsider_2024_02_26_mit_researchers_graphene_advances_could_lead_to_more_robust_fb027ab6] Extracting actors: https://thequantuminsider.com/2024/02/26/mit-researchers-graphene-advances-could-lead-to-more-robust-quantum-computing (1/1), chunk 41/41
[09:23:18 +4m 33s | thequantuminsider_2024_02_26_mit_researchers_graphene_advances_could_lead_to_more_robust_fb027ab6] Saved 1_actor_results.json with 66 extracted records

[09:23:18 +4m 33s | thequantuminsider_2024_02_26_mit_researchers_graphene_advances_could_lead_to_more_robust_fb027ab6] === 2 clean actors ===
[09:23:18 +4m 33s | thequantuminsider_2024_02_26_mit_researchers_graphene_advances_could_lead_to_more_robust_fb027ab6] Loaded 66 extracted records
[09:23:18 +4m 33s | thequantuminsider_2024_02_26_mit_researchers_graphene_advances_could_lead_to_more_robust_fb027ab6] Saved 2_actor_nodes.json with 19 canonical actor nodes

[09:23:18 +4m 33s | thequantuminsider_2024_02_26_mit_researchers_graphene_advances_could_lead_to_more_robust_fb027ab6] === 3 interaction extraction ===
[09:23:18 +4m 33s | thequantuminsider_2024_02_26_mit_researchers_graphene_advances_could_lead_to_more_robust_fb027ab6] Extracting interactions: https://thequantuminsider.com/2024/02/26/mit-researchers-graphene-advances-could-lead-to-more-robust-quantum-computing (1/1), chunk 11/41
[09:23:22 +4m 37s | thequantuminsider_2024_02_26_mit_researchers_graphene_advances_could_lead_to_more_robust_fb027ab6] Extracting interactions: https://thequantuminsider.com/2024/02/26/mit-researchers-graphene-advances-could-lead-to-more-robust-quantum-computing (1/1), chunk 12/41
[09:23:30 +4m 45s | thequantuminsider_2024_02_26_mit_researchers_graphene_advances_could_lead_to_more_robust_fb027ab6] Extracting interactions: https://thequantuminsider.com/2024/02/26/mit-researchers-graphene-advances-could-lead-to-more-robust-quantum-computing (1/1), chunk 13/41
[09:24:01 +5m 16s | thequantuminsider_2024_02_26_mit_researchers_graphene_advances_could_lead_to_more_robust_fb027ab6] Extracting interactions: https://thequantuminsider.com/2024/02/26/mit-researchers-graphene-advances-could-lead-to-more-robust-quantum-computing (1/1), chunk 14/41
[09:24:35 +5m 50s | thequantuminsider_2024_02_26_mit_researchers_graphene_advances_could_lead_to_more_robust_fb027ab6] Extracting interactions: https://thequantuminsider.com/2024/02/26/mit-researchers-graphene-advances-could-lead-to-more-robust-quantum-computing (1/1), chunk 15/41
[09:24:40 +5m 55s | thequantuminsider_2024_02_26_mit_researchers_graphene_advances_could_lead_to_more_robust_fb027ab6] Extracting interactions: https://thequantuminsider.com/2024/02/26/mit-researchers-graphene-advances-could-lead-to-more-robust-quantum-computing (1/1), chunk 16/41
[09:24:48 +6m 3s | thequantuminsider_2024_02_26_mit_researchers_graphene_advances_could_lead_to_more_robust_fb027ab6] Extracting interactions: https://thequantuminsider.com/2024/02/26/mit-researchers-graphene-advances-could-lead-to-more-robust-quantum-computing (1/1), chunk 17/41
[09:24:53 +6m 8s | thequantuminsider_2024_02_26_mit_researchers_graphene_advances_could_lead_to_more_robust_fb027ab6] Extracting interactions: https://thequantuminsider.com/2024/02/26/mit-researchers-graphene-advances-could-lead-to-more-robust-quantum-computing (1/1), chunk 18/41
[09:24:58 +6m 13s | thequantuminsider_2024_02_26_mit_researchers_graphene_advances_could_lead_to_more_robust_fb027ab6] Extracting interactions: https://thequantuminsider.com/2024/02/26/mit-researchers-graphene-advances-could-lead-to-more-robust-quantum-computing (1/1), chunk 19/41
[09:25:02 +6m 17s | thequantuminsider_2024_02_26_mit_researchers_graphene_advances_could_lead_to_more_robust_fb027ab6] Extracting interactions: https://thequantuminsider.com/2024/02/26/mit-researchers-graphene-advances-could-lead-to-more-robust-quantum-computing (1/1), chunk 20/41
[09:25:06 +6m 21s | thequantuminsider_2024_02_26_mit_researchers_graphene_advances_could_lead_to_more_robust_fb027ab6] Extracting interactions: https://thequantuminsider.com/2024/02/26/mit-researchers-graphene-advances-could-lead-to-more-robust-quantum-computing (1/1), chunk 21/41
[09:25:12 +6m 27s | thequantuminsider_2024_02_26_mit_researchers_graphene_advances_could_lead_to_more_robust_fb027ab6] Extracting interactions: https://thequantuminsider.com/2024/02/26/mit-researchers-graphene-advances-could-lead-to-more-robust-quantum-computing (1/1), chunk 22/41
[09:25:21 +6m 36s | thequantuminsider_2024_02_26_mit_researchers_graphene_advances_could_lead_to_more_robust_fb027ab6] Extracting interactions: https://thequantuminsider.com/2024/02/26/mit-researchers-graphene-advances-could-lead-to-more-robust-quantum-computing (1/1), chunk 23/41
[09:25:34 +6m 49s | thequantuminsider_2024_02_26_mit_researchers_graphene_advances_could_lead_to_more_robust_fb027ab6] Extracting interactions: https://thequantuminsider.com/2024/02/26/mit-researchers-graphene-advances-could-lead-to-more-robust-quantum-computing (1/1), chunk 24/41
[09:25:50 +7m 5s | thequantuminsider_2024_02_26_mit_researchers_graphene_advances_could_lead_to_more_robust_fb027ab6] Extracting interactions: https://thequantuminsider.com/2024/02/26/mit-researchers-graphene-advances-could-lead-to-more-robust-quantum-computing (1/1), chunk 25/41
[09:25:54 +7m 9s | thequantuminsider_2024_02_26_mit_researchers_graphene_advances_could_lead_to_more_robust_fb027ab6] Extracting interactions: https://thequantuminsider.com/2024/02/26/mit-researchers-graphene-advances-could-lead-to-more-robust-quantum-computing (1/1), chunk 26/41
[09:26:06 +7m 21s | thequantuminsider_2024_02_26_mit_researchers_graphene_advances_could_lead_to_more_robust_fb027ab6] Extracting interactions: https://thequantuminsider.com/2024/02/26/mit-researchers-graphene-advances-could-lead-to-more-robust-quantum-computing (1/1), chunk 27/41
[09:26:13 +7m 28s | thequantuminsider_2024_02_26_mit_researchers_graphene_advances_could_lead_to_more_robust_fb027ab6] Extracting interactions: https://thequantuminsider.com/2024/02/26/mit-researchers-graphene-advances-could-lead-to-more-robust-quantum-computing (1/1), chunk 30/41
[09:26:18 +7m 33s | thequantuminsider_2024_02_26_mit_researchers_graphene_advances_could_lead_to_more_robust_fb027ab6] Extracting interactions: https://thequantuminsider.com/2024/02/26/mit-researchers-graphene-advances-could-lead-to-more-robust-quantum-computing (1/1), chunk 31/41
[09:26:20 +7m 35s | thequantuminsider_2024_02_26_mit_researchers_graphene_advances_could_lead_to_more_robust_fb027ab6] Extracting interactions: https://thequantuminsider.com/2024/02/26/mit-researchers-graphene-advances-could-lead-to-more-robust-quantum-computing (1/1), chunk 32/41
[09:26:22 +7m 36s | thequantuminsider_2024_02_26_mit_researchers_graphene_advances_could_lead_to_more_robust_fb027ab6] Extracting interactions: https://thequantuminsider.com/2024/02/26/mit-researchers-graphene-advances-could-lead-to-more-robust-quantum-computing (1/1), chunk 34/41
[09:26:24 +7m 39s | thequantuminsider_2024_02_26_mit_researchers_graphene_advances_could_lead_to_more_robust_fb027ab6] Extracting interactions: https://thequantuminsider.com/2024/02/26/mit-researchers-graphene-advances-could-lead-to-more-robust-quantum-computing (1/1), chunk 35/41
[09:26:25 +7m 40s | thequantuminsider_2024_02_26_mit_researchers_graphene_advances_could_lead_to_more_robust_fb027ab6] Extracting interactions: https://thequantuminsider.com/2024/02/26/mit-researchers-graphene-advances-could-lead-to-more-robust-quantum-computing (1/1), chunk 36/41
[09:26:27 +7m 42s | thequantuminsider_2024_02_26_mit_researchers_graphene_advances_could_lead_to_more_robust_fb027ab6] Extracting interactions: https://thequantuminsider.com/2024/02/26/mit-researchers-graphene-advances-could-lead-to-more-robust-quantum-computing (1/1), chunk 37/41
[09:26:29 +7m 44s | thequantuminsider_2024_02_26_mit_researchers_graphene_advances_could_lead_to_more_robust_fb027ab6] Extracting interactions: https://thequantuminsider.com/2024/02/26/mit-researchers-graphene-advances-could-lead-to-more-robust-quantum-computing (1/1), chunk 39/41
[09:26:31 +7m 46s | thequantuminsider_2024_02_26_mit_researchers_graphene_advances_could_lead_to_more_robust_fb027ab6] Extracting interactions: https://thequantuminsider.com/2024/02/26/mit-researchers-graphene-advances-could-lead-to-more-robust-quantum-computing (1/1), chunk 40/41
[09:26:32 +7m 47s | thequantuminsider_2024_02_26_mit_researchers_graphene_advances_could_lead_to_more_robust_fb027ab6] Saved 3_interaction_results.json with 26 extracted interactions.

[09:26:32 +7m 47s | thequantuminsider_2024_02_26_mit_researchers_graphene_advances_could_lead_to_more_robust_fb027ab6] === 4 clean interactions ===
[09:26:32 +7m 47s | thequantuminsider_2024_02_26_mit_researchers_graphene_advances_could_lead_to_more_robust_fb027ab6] Saved 4_edges.json with 0 cleaned interactions.

[09:26:32 +7m 47s | thequantuminsider_2024_02_26_mit_researchers_graphene_advances_could_lead_to_more_robust_fb027ab6] === 5 helix enrichment ===
[09:26:33 +7m 47s | thequantuminsider_2024_02_26_mit_researchers_graphene_advances_could_lead_to_more_robust_fb027ab6] Wrote 5_nodes.json (19 actors)
[09:26:33 +7m 47s | thequantuminsider_2024_02_26_mit_researchers_graphene_advances_could_lead_to_more_robust_fb027ab6] Wrote 5_edges.json (0 interactions)
[09:26:33 +7m 47s | thequantuminsider_2024_02_26_mit_researchers_graphene_advances_could_lead_to_more_robust_fb027ab6] Actor helix counts: {'Academia': 4, 'Civil Society': 3, 'Government': 3, 'Industry': 1, 'Intermediary': 1, 'Unknown': 7}
[09:26:33 +7m 47s | thequantuminsider_2024_02_26_mit_researchers_graphene_advances_could_lead_to_more_robust_fb027ab6] Functional-space counts: {}

[09:26:33 +7m 47s | thequantuminsider_2024_02_26_mit_researchers_graphene_advances_could_lead_to_more_robust_fb027ab6] === 6 network visualisation ===
[09:26:33 +7m 48s | thequantuminsider_2024_02_26_mit_researchers_graphene_advances_could_lead_to_more_robust_fb027ab6] Wrote quantum_network.html
[09:26:33 +7m 48s | thequantuminsider_2024_02_26_mit_researchers_graphene_advances_could_lead_to_more_robust_fb027ab6] Nodes: 19
[09:26:33 +7m 48s | thequantuminsider_2024_02_26_mit_researchers_graphene_advances_could_lead_to_more_robust_fb027ab6] Edges: 0

[09:26:33 +7m 48s | thequantuminsider_2024_02_26_mit_researchers_graphene_advances_could_lead_to_more_robust_fb027ab6] Done. Outputs written to: /home/lv/IDP/idpdeeptech/pipeline/news_outputs/thequantuminsider_2024_02_26_mit_researchers_graphene_advances_could_lead_to_more_robust_fb027ab6
[09:26:33 +7m 48s | thequantuminsider_2024_02_26_mit_researchers_graphene_advances_could_lead_to_more_robust_fb027ab6] Log: /home/lv/IDP/idpdeeptech/pipeline/news_outputs/thequantuminsider_2024_02_26_mit_researchers_graphene_advances_could_lead_to_more_robust_fb027ab6/run.log

========================================================================
RUN FINISHED 2026-07-02 09:26:33  (OK)
Started:     2026-07-02 09:18:45
Elapsed:     7m 48s
========================================================================
