
========================================================================
RUN STARTED  2026-07-02 08:14:20
site_pipeline.py https://thequantuminsider.com/2024/03/07/vescent-announces-5-million-in-series-seed-funding-led-by-corporate-fuel/
========================================================================

[08:14:20 +0s | thequantuminsider_2024_03_07_vescent_announces_5_million_in_series_seed_funding_led_by_co_01c9258d] === 0 crawl site ===
[08:14:21 +1s | thequantuminsider_2024_03_07_vescent_announces_5_million_in_series_seed_funding_led_by_co_01c9258d] [INIT].... → Crawl4AI 0.8.6 
[08:14:37 +17s | thequantuminsider_2024_03_07_vescent_announces_5_million_in_series_seed_funding_led_by_co_01c9258d] [FETCH]... ↓ https://thequantuminsider.com/2024/03/07/vescent...on-in-series-seed-funding-led-by-corporate-fuel/  | ✓ | ⏱: 16.18s 
[08:14:37 +18s | thequantuminsider_2024_03_07_vescent_announces_5_million_in_series_seed_funding_led_by_co_01c9258d] [SCRAPE].. ◆ https://thequantuminsider.com/2024/03/07/vescent...on-in-series-seed-funding-led-by-corporate-fuel/  | ✓ | ⏱: 0.12s 
[08:14:37 +18s | thequantuminsider_2024_03_07_vescent_announces_5_million_in_series_seed_funding_led_by_co_01c9258d] [COMPLETE] ● https://thequantuminsider.com/2024/03/07/vescent...on-in-series-seed-funding-led-by-corporate-fuel/  | ✓ | ⏱: 16.32s 
[08:14:37 +18s | thequantuminsider_2024_03_07_vescent_announces_5_million_in_series_seed_funding_led_by_co_01c9258d] Saved: crawl_output/d96ab66d46_thequantuminsider.com_2024_03_07_vescent-announces-5-million-in-series-seed-funding-led-by-corporate-fuel.json

[08:14:37 +18s | thequantuminsider_2024_03_07_vescent_announces_5_million_in_series_seed_funding_led_by_co_01c9258d] === 1 actor extraction ===
[08:14:38 +18s | thequantuminsider_2024_03_07_vescent_announces_5_million_in_series_seed_funding_led_by_co_01c9258d] Reading page (1/1): https://thequantuminsider.com/2024/03/07/vescent-announces-5-million-in-series-seed-funding-led-by-corporate-fuel
[08:14:38 +18s | thequantuminsider_2024_03_07_vescent_announces_5_million_in_series_seed_funding_led_by_co_01c9258d] Extracting actors: https://thequantuminsider.com/2024/03/07/vescent-announces-5-million-in-series-seed-funding-led-by-corporate-fuel (1/1), chunk 1/37
[08:14:44 +24s | thequantuminsider_2024_03_07_vescent_announces_5_million_in_series_seed_funding_led_by_co_01c9258d] Repaired malformed JSON.
[08:14:44 +24s | thequantuminsider_2024_03_07_vescent_announces_5_million_in_series_seed_funding_led_by_co_01c9258d] Extracting actors: https://thequantuminsider.com/2024/03/07/vescent-announces-5-million-in-series-seed-funding-led-by-corporate-fuel (1/1), chunk 2/37
[08:14:51 +31s | thequantuminsider_2024_03_07_vescent_announces_5_million_in_series_seed_funding_led_by_co_01c9258d] Repaired malformed JSON.
[08:14:51 +31s | thequantuminsider_2024_03_07_vescent_announces_5_million_in_series_seed_funding_led_by_co_01c9258d] Extracting actors: https://thequantuminsider.com/2024/03/07/vescent-announces-5-million-in-series-seed-funding-led-by-corporate-fuel (1/1), chunk 3/37
[08:14:58 +39s | thequantuminsider_2024_03_07_vescent_announces_5_million_in_series_seed_funding_led_by_co_01c9258d] Repaired malformed JSON.
[08:14:58 +39s | thequantuminsider_2024_03_07_vescent_announces_5_million_in_series_seed_funding_led_by_co_01c9258d] Extracting actors: https://thequantuminsider.com/2024/03/07/vescent-announces-5-million-in-series-seed-funding-led-by-corporate-fuel (1/1), chunk 4/37
[08:15:08 +49s | thequantuminsider_2024_03_07_vescent_announces_5_million_in_series_seed_funding_led_by_co_01c9258d] Repaired malformed JSON.
[08:15:08 +49s | thequantuminsider_2024_03_07_vescent_announces_5_million_in_series_seed_funding_led_by_co_01c9258d] Extracting actors: https://thequantuminsider.com/2024/03/07/vescent-announces-5-million-in-series-seed-funding-led-by-corporate-fuel (1/1), chunk 5/37
[08:15:17 +58s | thequantuminsider_2024_03_07_vescent_announces_5_million_in_series_seed_funding_led_by_co_01c9258d] Repaired malformed JSON.
[08:15:17 +58s | thequantuminsider_2024_03_07_vescent_announces_5_million_in_series_seed_funding_led_by_co_01c9258d] Extracting actors: https://thequantuminsider.com/2024/03/07/vescent-announces-5-million-in-series-seed-funding-led-by-corporate-fuel (1/1), chunk 6/37
[08:15:26 +1m 6s | thequantuminsider_2024_03_07_vescent_announces_5_million_in_series_seed_funding_led_by_co_01c9258d] Repaired malformed JSON.
[08:15:26 +1m 6s | thequantuminsider_2024_03_07_vescent_announces_5_million_in_series_seed_funding_led_by_co_01c9258d] Extracting actors: https://thequantuminsider.com/2024/03/07/vescent-announces-5-million-in-series-seed-funding-led-by-corporate-fuel (1/1), chunk 7/37
[08:15:33 +1m 13s | thequantuminsider_2024_03_07_vescent_announces_5_million_in_series_seed_funding_led_by_co_01c9258d] Repaired malformed JSON.
[08:15:33 +1m 13s | thequantuminsider_2024_03_07_vescent_announces_5_million_in_series_seed_funding_led_by_co_01c9258d] Extracting actors: https://thequantuminsider.com/2024/03/07/vescent-announces-5-million-in-series-seed-funding-led-by-corporate-fuel (1/1), chunk 8/37
[08:15:39 +1m 20s | thequantuminsider_2024_03_07_vescent_announces_5_million_in_series_seed_funding_led_by_co_01c9258d] Repaired malformed JSON.
[08:15:39 +1m 20s | thequantuminsider_2024_03_07_vescent_announces_5_million_in_series_seed_funding_led_by_co_01c9258d] Extracting actors: https://thequantuminsider.com/2024/03/07/vescent-announces-5-million-in-series-seed-funding-led-by-corporate-fuel (1/1), chunk 9/37
[08:15:45 +1m 26s | thequantuminsider_2024_03_07_vescent_announces_5_million_in_series_seed_funding_led_by_co_01c9258d] Repaired malformed JSON.
[08:15:45 +1m 26s | thequantuminsider_2024_03_07_vescent_announces_5_million_in_series_seed_funding_led_by_co_01c9258d] Extracting actors: https://thequantuminsider.com/2024/03/07/vescent-announces-5-million-in-series-seed-funding-led-by-corporate-fuel (1/1), chunk 10/37
[08:15:51 +1m 32s | thequantuminsider_2024_03_07_vescent_announces_5_million_in_series_seed_funding_led_by_co_01c9258d] Extracting actors: https://thequantuminsider.com/2024/03/07/vescent-announces-5-million-in-series-seed-funding-led-by-corporate-fuel (1/1), chunk 11/37
[08:16:01 +1m 41s | thequantuminsider_2024_03_07_vescent_announces_5_million_in_series_seed_funding_led_by_co_01c9258d] Repaired malformed JSON.
[08:16:01 +1m 41s | thequantuminsider_2024_03_07_vescent_announces_5_million_in_series_seed_funding_led_by_co_01c9258d] Extracting actors: https://thequantuminsider.com/2024/03/07/vescent-announces-5-million-in-series-seed-funding-led-by-corporate-fuel (1/1), chunk 12/37
[08:16:06 +1m 47s | thequantuminsider_2024_03_07_vescent_announces_5_million_in_series_seed_funding_led_by_co_01c9258d] Repaired malformed JSON.
[08:16:06 +1m 47s | thequantuminsider_2024_03_07_vescent_announces_5_million_in_series_seed_funding_led_by_co_01c9258d] Extracting actors: https://thequantuminsider.com/2024/03/07/vescent-announces-5-million-in-series-seed-funding-led-by-corporate-fuel (1/1), chunk 13/37
[08:16:12 +1m 53s | thequantuminsider_2024_03_07_vescent_announces_5_million_in_series_seed_funding_led_by_co_01c9258d] Repaired malformed JSON.
[08:16:12 +1m 53s | thequantuminsider_2024_03_07_vescent_announces_5_million_in_series_seed_funding_led_by_co_01c9258d] Extracting actors: https://thequantuminsider.com/2024/03/07/vescent-announces-5-million-in-series-seed-funding-led-by-corporate-fuel (1/1), chunk 14/37
[08:16:19 +1m 59s | thequantuminsider_2024_03_07_vescent_announces_5_million_in_series_seed_funding_led_by_co_01c9258d] Repaired malformed JSON.
[08:16:19 +1m 59s | thequantuminsider_2024_03_07_vescent_announces_5_million_in_series_seed_funding_led_by_co_01c9258d] Extracting actors: https://thequantuminsider.com/2024/03/07/vescent-announces-5-million-in-series-seed-funding-led-by-corporate-fuel (1/1), chunk 15/37
[08:16:28 +2m 8s | thequantuminsider_2024_03_07_vescent_announces_5_million_in_series_seed_funding_led_by_co_01c9258d] Repaired malformed JSON.
[08:16:28 +2m 8s | thequantuminsider_2024_03_07_vescent_announces_5_million_in_series_seed_funding_led_by_co_01c9258d] Extracting actors: https://thequantuminsider.com/2024/03/07/vescent-announces-5-million-in-series-seed-funding-led-by-corporate-fuel (1/1), chunk 16/37
[08:16:37 +2m 17s | thequantuminsider_2024_03_07_vescent_announces_5_million_in_series_seed_funding_led_by_co_01c9258d] Repaired malformed JSON.
[08:16:37 +2m 17s | thequantuminsider_2024_03_07_vescent_announces_5_million_in_series_seed_funding_led_by_co_01c9258d] Extracting actors: https://thequantuminsider.com/2024/03/07/vescent-announces-5-million-in-series-seed-funding-led-by-corporate-fuel (1/1), chunk 17/37
[08:16:45 +2m 25s | thequantuminsider_2024_03_07_vescent_announces_5_million_in_series_seed_funding_led_by_co_01c9258d] Repaired malformed JSON.
[08:16:45 +2m 25s | thequantuminsider_2024_03_07_vescent_announces_5_million_in_series_seed_funding_led_by_co_01c9258d] Extracting actors: https://thequantuminsider.com/2024/03/07/vescent-announces-5-million-in-series-seed-funding-led-by-corporate-fuel (1/1), chunk 18/37
[08:16:51 +2m 32s | thequantuminsider_2024_03_07_vescent_announces_5_million_in_series_seed_funding_led_by_co_01c9258d] Repaired malformed JSON.
[08:16:51 +2m 32s | thequantuminsider_2024_03_07_vescent_announces_5_million_in_series_seed_funding_led_by_co_01c9258d] Extracting actors: https://thequantuminsider.com/2024/03/07/vescent-announces-5-million-in-series-seed-funding-led-by-corporate-fuel (1/1), chunk 19/37
[08:16:58 +2m 38s | thequantuminsider_2024_03_07_vescent_announces_5_million_in_series_seed_funding_led_by_co_01c9258d] Repaired malformed JSON.
[08:16:58 +2m 38s | thequantuminsider_2024_03_07_vescent_announces_5_million_in_series_seed_funding_led_by_co_01c9258d] Extracting actors: https://thequantuminsider.com/2024/03/07/vescent-announces-5-million-in-series-seed-funding-led-by-corporate-fuel (1/1), chunk 20/37
[08:17:05 +2m 46s | thequantuminsider_2024_03_07_vescent_announces_5_million_in_series_seed_funding_led_by_co_01c9258d] Repaired malformed JSON.
[08:17:05 +2m 46s | thequantuminsider_2024_03_07_vescent_announces_5_million_in_series_seed_funding_led_by_co_01c9258d] Extracting actors: https://thequantuminsider.com/2024/03/07/vescent-announces-5-million-in-series-seed-funding-led-by-corporate-fuel (1/1), chunk 21/37
[08:17:11 +2m 51s | thequantuminsider_2024_03_07_vescent_announces_5_million_in_series_seed_funding_led_by_co_01c9258d] Repaired malformed JSON.
[08:17:11 +2m 51s | thequantuminsider_2024_03_07_vescent_announces_5_million_in_series_seed_funding_led_by_co_01c9258d] Extracting actors: https://thequantuminsider.com/2024/03/07/vescent-announces-5-million-in-series-seed-funding-led-by-corporate-fuel (1/1), chunk 22/37
[08:17:17 +2m 57s | thequantuminsider_2024_03_07_vescent_announces_5_million_in_series_seed_funding_led_by_co_01c9258d] Repaired malformed JSON.
[08:17:17 +2m 57s | thequantuminsider_2024_03_07_vescent_announces_5_million_in_series_seed_funding_led_by_co_01c9258d] Extracting actors: https://thequantuminsider.com/2024/03/07/vescent-announces-5-million-in-series-seed-funding-led-by-corporate-fuel (1/1), chunk 23/37
[08:17:23 +3m 3s | thequantuminsider_2024_03_07_vescent_announces_5_million_in_series_seed_funding_led_by_co_01c9258d] Repaired malformed JSON.
[08:17:23 +3m 3s | thequantuminsider_2024_03_07_vescent_announces_5_million_in_series_seed_funding_led_by_co_01c9258d] Extracting actors: https://thequantuminsider.com/2024/03/07/vescent-announces-5-million-in-series-seed-funding-led-by-corporate-fuel (1/1), chunk 24/37
[08:17:28 +3m 9s | thequantuminsider_2024_03_07_vescent_announces_5_million_in_series_seed_funding_led_by_co_01c9258d] Repaired malformed JSON.
[08:17:28 +3m 9s | thequantuminsider_2024_03_07_vescent_announces_5_million_in_series_seed_funding_led_by_co_01c9258d] Extracting actors: https://thequantuminsider.com/2024/03/07/vescent-announces-5-million-in-series-seed-funding-led-by-corporate-fuel (1/1), chunk 25/37
[08:17:34 +3m 14s | thequantuminsider_2024_03_07_vescent_announces_5_million_in_series_seed_funding_led_by_co_01c9258d] Extracting actors: https://thequantuminsider.com/2024/03/07/vescent-announces-5-million-in-series-seed-funding-led-by-corporate-fuel (1/1), chunk 26/37
[08:17:41 +3m 21s | thequantuminsider_2024_03_07_vescent_announces_5_million_in_series_seed_funding_led_by_co_01c9258d] Repaired malformed JSON.
[08:17:41 +3m 21s | thequantuminsider_2024_03_07_vescent_announces_5_million_in_series_seed_funding_led_by_co_01c9258d] Extracting actors: https://thequantuminsider.com/2024/03/07/vescent-announces-5-million-in-series-seed-funding-led-by-corporate-fuel (1/1), chunk 27/37
[08:17:47 +3m 27s | thequantuminsider_2024_03_07_vescent_announces_5_million_in_series_seed_funding_led_by_co_01c9258d] Extracting actors: https://thequantuminsider.com/2024/03/07/vescent-announces-5-million-in-series-seed-funding-led-by-corporate-fuel (1/1), chunk 28/37
[08:17:51 +3m 31s | thequantuminsider_2024_03_07_vescent_announces_5_million_in_series_seed_funding_led_by_co_01c9258d] Extracting actors: https://thequantuminsider.com/2024/03/07/vescent-announces-5-million-in-series-seed-funding-led-by-corporate-fuel (1/1), chunk 29/37
[08:17:59 +3m 39s | thequantuminsider_2024_03_07_vescent_announces_5_million_in_series_seed_funding_led_by_co_01c9258d] Repaired malformed JSON.
[08:17:59 +3m 39s | thequantuminsider_2024_03_07_vescent_announces_5_million_in_series_seed_funding_led_by_co_01c9258d] Extracting actors: https://thequantuminsider.com/2024/03/07/vescent-announces-5-million-in-series-seed-funding-led-by-corporate-fuel (1/1), chunk 30/37
[08:18:09 +3m 49s | thequantuminsider_2024_03_07_vescent_announces_5_million_in_series_seed_funding_led_by_co_01c9258d] Repaired malformed JSON.
[08:18:09 +3m 49s | thequantuminsider_2024_03_07_vescent_announces_5_million_in_series_seed_funding_led_by_co_01c9258d] Extracting actors: https://thequantuminsider.com/2024/03/07/vescent-announces-5-million-in-series-seed-funding-led-by-corporate-fuel (1/1), chunk 31/37
[08:18:15 +3m 55s | thequantuminsider_2024_03_07_vescent_announces_5_million_in_series_seed_funding_led_by_co_01c9258d] Repaired malformed JSON.
[08:18:15 +3m 55s | thequantuminsider_2024_03_07_vescent_announces_5_million_in_series_seed_funding_led_by_co_01c9258d] Extracting actors: https://thequantuminsider.com/2024/03/07/vescent-announces-5-million-in-series-seed-funding-led-by-corporate-fuel (1/1), chunk 32/37
[08:18:21 +4m 1s | thequantuminsider_2024_03_07_vescent_announces_5_million_in_series_seed_funding_led_by_co_01c9258d] Repaired malformed JSON.
[08:18:21 +4m 1s | thequantuminsider_2024_03_07_vescent_announces_5_million_in_series_seed_funding_led_by_co_01c9258d] Extracting actors: https://thequantuminsider.com/2024/03/07/vescent-announces-5-million-in-series-seed-funding-led-by-corporate-fuel (1/1), chunk 33/37
[08:18:27 +4m 7s | thequantuminsider_2024_03_07_vescent_announces_5_million_in_series_seed_funding_led_by_co_01c9258d] Repaired malformed JSON.
[08:18:27 +4m 7s | thequantuminsider_2024_03_07_vescent_announces_5_million_in_series_seed_funding_led_by_co_01c9258d] Extracting actors: https://thequantuminsider.com/2024/03/07/vescent-announces-5-million-in-series-seed-funding-led-by-corporate-fuel (1/1), chunk 34/37
[08:18:34 +4m 14s | thequantuminsider_2024_03_07_vescent_announces_5_million_in_series_seed_funding_led_by_co_01c9258d] Repaired malformed JSON.
[08:18:34 +4m 14s | thequantuminsider_2024_03_07_vescent_announces_5_million_in_series_seed_funding_led_by_co_01c9258d] Extracting actors: https://thequantuminsider.com/2024/03/07/vescent-announces-5-million-in-series-seed-funding-led-by-corporate-fuel (1/1), chunk 35/37
[08:18:39 +4m 20s | thequantuminsider_2024_03_07_vescent_announces_5_million_in_series_seed_funding_led_by_co_01c9258d] Repaired malformed JSON.
[08:18:39 +4m 20s | thequantuminsider_2024_03_07_vescent_announces_5_million_in_series_seed_funding_led_by_co_01c9258d] Extracting actors: https://thequantuminsider.com/2024/03/07/vescent-announces-5-million-in-series-seed-funding-led-by-corporate-fuel (1/1), chunk 36/37
[08:18:47 +4m 28s | thequantuminsider_2024_03_07_vescent_announces_5_million_in_series_seed_funding_led_by_co_01c9258d] Repaired malformed JSON.
[08:18:47 +4m 28s | thequantuminsider_2024_03_07_vescent_announces_5_million_in_series_seed_funding_led_by_co_01c9258d] Extracting actors: https://thequantuminsider.com/2024/03/07/vescent-announces-5-million-in-series-seed-funding-led-by-corporate-fuel (1/1), chunk 37/37
[08:18:53 +4m 34s | thequantuminsider_2024_03_07_vescent_announces_5_million_in_series_seed_funding_led_by_co_01c9258d] Repaired malformed JSON.
[08:18:53 +4m 34s | thequantuminsider_2024_03_07_vescent_announces_5_million_in_series_seed_funding_led_by_co_01c9258d] Saved 1_actor_results.json with 66 extracted records

[08:18:54 +4m 34s | thequantuminsider_2024_03_07_vescent_announces_5_million_in_series_seed_funding_led_by_co_01c9258d] === 2 clean actors ===
[08:18:54 +4m 34s | thequantuminsider_2024_03_07_vescent_announces_5_million_in_series_seed_funding_led_by_co_01c9258d] Loaded 66 extracted records
[08:18:54 +4m 34s | thequantuminsider_2024_03_07_vescent_announces_5_million_in_series_seed_funding_led_by_co_01c9258d] Saved 2_actor_nodes.json with 17 canonical actor nodes

[08:18:54 +4m 34s | thequantuminsider_2024_03_07_vescent_announces_5_million_in_series_seed_funding_led_by_co_01c9258d] === 3 interaction extraction ===
[08:18:54 +4m 34s | thequantuminsider_2024_03_07_vescent_announces_5_million_in_series_seed_funding_led_by_co_01c9258d] Extracting interactions: https://thequantuminsider.com/2024/03/07/vescent-announces-5-million-in-series-seed-funding-led-by-corporate-fuel (1/1), chunk 11/37
[08:18:57 +4m 38s | thequantuminsider_2024_03_07_vescent_announces_5_million_in_series_seed_funding_led_by_co_01c9258d] Extracting interactions: https://thequantuminsider.com/2024/03/07/vescent-announces-5-million-in-series-seed-funding-led-by-corporate-fuel (1/1), chunk 12/37
[08:19:04 +4m 44s | thequantuminsider_2024_03_07_vescent_announces_5_million_in_series_seed_funding_led_by_co_01c9258d] Extracting interactions: https://thequantuminsider.com/2024/03/07/vescent-announces-5-million-in-series-seed-funding-led-by-corporate-fuel (1/1), chunk 13/37
[08:19:14 +4m 55s | thequantuminsider_2024_03_07_vescent_announces_5_million_in_series_seed_funding_led_by_co_01c9258d] Extracting interactions: https://thequantuminsider.com/2024/03/07/vescent-announces-5-million-in-series-seed-funding-led-by-corporate-fuel (1/1), chunk 14/37
[08:19:21 +5m 1s | thequantuminsider_2024_03_07_vescent_announces_5_million_in_series_seed_funding_led_by_co_01c9258d] Extracting interactions: https://thequantuminsider.com/2024/03/07/vescent-announces-5-million-in-series-seed-funding-led-by-corporate-fuel (1/1), chunk 15/37
[08:19:30 +5m 10s | thequantuminsider_2024_03_07_vescent_announces_5_million_in_series_seed_funding_led_by_co_01c9258d] Extracting interactions: https://thequantuminsider.com/2024/03/07/vescent-announces-5-million-in-series-seed-funding-led-by-corporate-fuel (1/1), chunk 16/37
[08:19:37 +5m 17s | thequantuminsider_2024_03_07_vescent_announces_5_million_in_series_seed_funding_led_by_co_01c9258d] Extracting interactions: https://thequantuminsider.com/2024/03/07/vescent-announces-5-million-in-series-seed-funding-led-by-corporate-fuel (1/1), chunk 17/37
[08:19:42 +5m 23s | thequantuminsider_2024_03_07_vescent_announces_5_million_in_series_seed_funding_led_by_co_01c9258d] Extracting interactions: https://thequantuminsider.com/2024/03/07/vescent-announces-5-million-in-series-seed-funding-led-by-corporate-fuel (1/1), chunk 18/37
[08:19:49 +5m 30s | thequantuminsider_2024_03_07_vescent_announces_5_million_in_series_seed_funding_led_by_co_01c9258d] Extracting interactions: https://thequantuminsider.com/2024/03/07/vescent-announces-5-million-in-series-seed-funding-led-by-corporate-fuel (1/1), chunk 19/37
[08:19:57 +5m 37s | thequantuminsider_2024_03_07_vescent_announces_5_million_in_series_seed_funding_led_by_co_01c9258d] Extracting interactions: https://thequantuminsider.com/2024/03/07/vescent-announces-5-million-in-series-seed-funding-led-by-corporate-fuel (1/1), chunk 20/37
[08:20:05 +5m 45s | thequantuminsider_2024_03_07_vescent_announces_5_million_in_series_seed_funding_led_by_co_01c9258d] Extracting interactions: https://thequantuminsider.com/2024/03/07/vescent-announces-5-million-in-series-seed-funding-led-by-corporate-fuel (1/1), chunk 21/37
[08:20:21 +6m 2s | thequantuminsider_2024_03_07_vescent_announces_5_million_in_series_seed_funding_led_by_co_01c9258d] Extracting interactions: https://thequantuminsider.com/2024/03/07/vescent-announces-5-million-in-series-seed-funding-led-by-corporate-fuel (1/1), chunk 22/37
[08:20:31 +6m 12s | thequantuminsider_2024_03_07_vescent_announces_5_million_in_series_seed_funding_led_by_co_01c9258d] Extracting interactions: https://thequantuminsider.com/2024/03/07/vescent-announces-5-million-in-series-seed-funding-led-by-corporate-fuel (1/1), chunk 23/37
[08:20:36 +6m 17s | thequantuminsider_2024_03_07_vescent_announces_5_million_in_series_seed_funding_led_by_co_01c9258d] Extracting interactions: https://thequantuminsider.com/2024/03/07/vescent-announces-5-million-in-series-seed-funding-led-by-corporate-fuel (1/1), chunk 26/37
[08:20:41 +6m 22s | thequantuminsider_2024_03_07_vescent_announces_5_million_in_series_seed_funding_led_by_co_01c9258d] Extracting interactions: https://thequantuminsider.com/2024/03/07/vescent-announces-5-million-in-series-seed-funding-led-by-corporate-fuel (1/1), chunk 27/37
[08:20:44 +6m 25s | thequantuminsider_2024_03_07_vescent_announces_5_million_in_series_seed_funding_led_by_co_01c9258d] Extracting interactions: https://thequantuminsider.com/2024/03/07/vescent-announces-5-million-in-series-seed-funding-led-by-corporate-fuel (1/1), chunk 28/37
[08:20:46 +6m 26s | thequantuminsider_2024_03_07_vescent_announces_5_million_in_series_seed_funding_led_by_co_01c9258d] Extracting interactions: https://thequantuminsider.com/2024/03/07/vescent-announces-5-million-in-series-seed-funding-led-by-corporate-fuel (1/1), chunk 30/37
[08:20:49 +6m 30s | thequantuminsider_2024_03_07_vescent_announces_5_million_in_series_seed_funding_led_by_co_01c9258d] Extracting interactions: https://thequantuminsider.com/2024/03/07/vescent-announces-5-million-in-series-seed-funding-led-by-corporate-fuel (1/1), chunk 31/37
[08:20:51 +6m 31s | thequantuminsider_2024_03_07_vescent_announces_5_million_in_series_seed_funding_led_by_co_01c9258d] Extracting interactions: https://thequantuminsider.com/2024/03/07/vescent-announces-5-million-in-series-seed-funding-led-by-corporate-fuel (1/1), chunk 32/37
[08:20:53 +6m 33s | thequantuminsider_2024_03_07_vescent_announces_5_million_in_series_seed_funding_led_by_co_01c9258d] Extracting interactions: https://thequantuminsider.com/2024/03/07/vescent-announces-5-million-in-series-seed-funding-led-by-corporate-fuel (1/1), chunk 33/37
[08:20:54 +6m 35s | thequantuminsider_2024_03_07_vescent_announces_5_million_in_series_seed_funding_led_by_co_01c9258d] Extracting interactions: https://thequantuminsider.com/2024/03/07/vescent-announces-5-million-in-series-seed-funding-led-by-corporate-fuel (1/1), chunk 35/37
[08:20:56 +6m 36s | thequantuminsider_2024_03_07_vescent_announces_5_million_in_series_seed_funding_led_by_co_01c9258d] Extracting interactions: https://thequantuminsider.com/2024/03/07/vescent-announces-5-million-in-series-seed-funding-led-by-corporate-fuel (1/1), chunk 36/37
[08:20:59 +6m 39s | thequantuminsider_2024_03_07_vescent_announces_5_million_in_series_seed_funding_led_by_co_01c9258d] Extracting interactions: https://thequantuminsider.com/2024/03/07/vescent-announces-5-million-in-series-seed-funding-led-by-corporate-fuel (1/1), chunk 37/37
[08:21:00 +6m 41s | thequantuminsider_2024_03_07_vescent_announces_5_million_in_series_seed_funding_led_by_co_01c9258d] Saved 3_interaction_results.json with 25 extracted interactions.

[08:21:01 +6m 41s | thequantuminsider_2024_03_07_vescent_announces_5_million_in_series_seed_funding_led_by_co_01c9258d] === 4 clean interactions ===
[08:21:01 +6m 41s | thequantuminsider_2024_03_07_vescent_announces_5_million_in_series_seed_funding_led_by_co_01c9258d] Saved 4_edges.json with 4 cleaned interactions.

[08:21:01 +6m 41s | thequantuminsider_2024_03_07_vescent_announces_5_million_in_series_seed_funding_led_by_co_01c9258d] === 5 helix enrichment ===
[08:21:01 +6m 41s | thequantuminsider_2024_03_07_vescent_announces_5_million_in_series_seed_funding_led_by_co_01c9258d] Wrote 5_nodes.json (17 actors)
[08:21:01 +6m 41s | thequantuminsider_2024_03_07_vescent_announces_5_million_in_series_seed_funding_led_by_co_01c9258d] Wrote 5_edges.json (4 interactions)
[08:21:01 +6m 41s | thequantuminsider_2024_03_07_vescent_announces_5_million_in_series_seed_funding_led_by_co_01c9258d] Actor helix counts: {'Academia': 1, 'Civil Society': 3, 'Government': 3, 'Industry': 3, 'Intermediary': 1, 'Unknown': 6}
[08:21:01 +6m 41s | thequantuminsider_2024_03_07_vescent_announces_5_million_in_series_seed_funding_led_by_co_01c9258d] Functional-space counts: {'Innovation': 4}

[08:21:01 +6m 41s | thequantuminsider_2024_03_07_vescent_announces_5_million_in_series_seed_funding_led_by_co_01c9258d] === 6 network visualisation ===
[08:21:01 +6m 41s | thequantuminsider_2024_03_07_vescent_announces_5_million_in_series_seed_funding_led_by_co_01c9258d] Wrote quantum_network.html
[08:21:01 +6m 41s | thequantuminsider_2024_03_07_vescent_announces_5_million_in_series_seed_funding_led_by_co_01c9258d] Nodes: 17
[08:21:01 +6m 41s | thequantuminsider_2024_03_07_vescent_announces_5_million_in_series_seed_funding_led_by_co_01c9258d] Edges: 1

[08:21:01 +6m 42s | thequantuminsider_2024_03_07_vescent_announces_5_million_in_series_seed_funding_led_by_co_01c9258d] Done. Outputs written to: /home/lv/IDP/idpdeeptech/pipeline/news_outputs/thequantuminsider_2024_03_07_vescent_announces_5_million_in_series_seed_funding_led_by_co_01c9258d
[08:21:01 +6m 42s | thequantuminsider_2024_03_07_vescent_announces_5_million_in_series_seed_funding_led_by_co_01c9258d] Log: /home/lv/IDP/idpdeeptech/pipeline/news_outputs/thequantuminsider_2024_03_07_vescent_announces_5_million_in_series_seed_funding_led_by_co_01c9258d/run.log

========================================================================
RUN FINISHED 2026-07-02 08:21:01  (OK)
Started:     2026-07-02 08:14:20
Elapsed:     6m 42s
========================================================================
