
========================================================================
RUN STARTED  2026-07-02 01:11:00
site_pipeline.py https://thequantuminsider.com/2020/03/20/quantum-machines-raises-17-5-million-in-venture-capital-funding/
========================================================================

[01:11:00 +0s | thequantuminsider_2020_03_20_quantum_machines_raises_17_5_million_in_venture_capital_funding] === 0 crawl site ===
[01:11:01 +1s | thequantuminsider_2020_03_20_quantum_machines_raises_17_5_million_in_venture_capital_funding] [INIT].... → Crawl4AI 0.8.6 
[01:11:03 +3s | thequantuminsider_2020_03_20_quantum_machines_raises_17_5_million_in_venture_capital_funding] [FETCH]... ↓ https://thequantuminsider.com/2020/03/20/quantum...-raises-17-5-million-in-venture-capital-funding/  | ✓ | ⏱: 2.01s 
[01:11:03 +3s | thequantuminsider_2020_03_20_quantum_machines_raises_17_5_million_in_venture_capital_funding] [SCRAPE].. ◆ https://thequantuminsider.com/2020/03/20/quantum...-raises-17-5-million-in-venture-capital-funding/  | ✓ | ⏱: 0.10s 
[01:11:03 +3s | thequantuminsider_2020_03_20_quantum_machines_raises_17_5_million_in_venture_capital_funding] [COMPLETE] ● https://thequantuminsider.com/2020/03/20/quantum...-raises-17-5-million-in-venture-capital-funding/  | ✓ | ⏱: 2.13s 
[01:11:03 +3s | thequantuminsider_2020_03_20_quantum_machines_raises_17_5_million_in_venture_capital_funding] Saved: crawl_output/9d76882690_thequantuminsider.com_2020_03_20_quantum-machines-raises-17-5-million-in-venture-capital-funding.json

[01:11:04 +4s | thequantuminsider_2020_03_20_quantum_machines_raises_17_5_million_in_venture_capital_funding] === 1 actor extraction ===
[01:11:04 +4s | thequantuminsider_2020_03_20_quantum_machines_raises_17_5_million_in_venture_capital_funding] Reading page (1/1): https://thequantuminsider.com/2020/03/20/quantum-machines-raises-17-5-million-in-venture-capital-funding
[01:11:04 +4s | thequantuminsider_2020_03_20_quantum_machines_raises_17_5_million_in_venture_capital_funding] Extracting actors: https://thequantuminsider.com/2020/03/20/quantum-machines-raises-17-5-million-in-venture-capital-funding (1/1), chunk 1/37
[01:11:09 +9s | thequantuminsider_2020_03_20_quantum_machines_raises_17_5_million_in_venture_capital_funding] Extracting actors: https://thequantuminsider.com/2020/03/20/quantum-machines-raises-17-5-million-in-venture-capital-funding (1/1), chunk 2/37
[01:11:13 +12s | thequantuminsider_2020_03_20_quantum_machines_raises_17_5_million_in_venture_capital_funding] Extracting actors: https://thequantuminsider.com/2020/03/20/quantum-machines-raises-17-5-million-in-venture-capital-funding (1/1), chunk 3/37
[01:11:18 +17s | thequantuminsider_2020_03_20_quantum_machines_raises_17_5_million_in_venture_capital_funding] Extracting actors: https://thequantuminsider.com/2020/03/20/quantum-machines-raises-17-5-million-in-venture-capital-funding (1/1), chunk 4/37
[01:11:22 +22s | thequantuminsider_2020_03_20_quantum_machines_raises_17_5_million_in_venture_capital_funding] Extracting actors: https://thequantuminsider.com/2020/03/20/quantum-machines-raises-17-5-million-in-venture-capital-funding (1/1), chunk 5/37
[01:11:29 +26s | thequantuminsider_2020_03_20_quantum_machines_raises_17_5_million_in_venture_capital_funding] Extracting actors: https://thequantuminsider.com/2020/03/20/quantum-machines-raises-17-5-million-in-venture-capital-funding (1/1), chunk 6/37
[01:11:34 +31s | thequantuminsider_2020_03_20_quantum_machines_raises_17_5_million_in_venture_capital_funding] Extracting actors: https://thequantuminsider.com/2020/03/20/quantum-machines-raises-17-5-million-in-venture-capital-funding (1/1), chunk 7/37
[01:11:39 +36s | thequantuminsider_2020_03_20_quantum_machines_raises_17_5_million_in_venture_capital_funding] Extracting actors: https://thequantuminsider.com/2020/03/20/quantum-machines-raises-17-5-million-in-venture-capital-funding (1/1), chunk 8/37
[01:11:46 +43s | thequantuminsider_2020_03_20_quantum_machines_raises_17_5_million_in_venture_capital_funding] Extracting actors: https://thequantuminsider.com/2020/03/20/quantum-machines-raises-17-5-million-in-venture-capital-funding (1/1), chunk 9/37
[01:11:51 +48s | thequantuminsider_2020_03_20_quantum_machines_raises_17_5_million_in_venture_capital_funding] Extracting actors: https://thequantuminsider.com/2020/03/20/quantum-machines-raises-17-5-million-in-venture-capital-funding (1/1), chunk 10/37
[01:11:56 +53s | thequantuminsider_2020_03_20_quantum_machines_raises_17_5_million_in_venture_capital_funding] Extracting actors: https://thequantuminsider.com/2020/03/20/quantum-machines-raises-17-5-million-in-venture-capital-funding (1/1), chunk 11/37
[01:12:05 +1m 0s | thequantuminsider_2020_03_20_quantum_machines_raises_17_5_million_in_venture_capital_funding] Repaired malformed JSON.
[01:12:05 +1m 0s | thequantuminsider_2020_03_20_quantum_machines_raises_17_5_million_in_venture_capital_funding] Extracting actors: https://thequantuminsider.com/2020/03/20/quantum-machines-raises-17-5-million-in-venture-capital-funding (1/1), chunk 12/37
[01:12:14 +1m 8s | thequantuminsider_2020_03_20_quantum_machines_raises_17_5_million_in_venture_capital_funding] Repaired malformed JSON.
[01:12:14 +1m 8s | thequantuminsider_2020_03_20_quantum_machines_raises_17_5_million_in_venture_capital_funding] Extracting actors: https://thequantuminsider.com/2020/03/20/quantum-machines-raises-17-5-million-in-venture-capital-funding (1/1), chunk 13/37
[01:12:20 +1m 14s | thequantuminsider_2020_03_20_quantum_machines_raises_17_5_million_in_venture_capital_funding] Repaired malformed JSON.
[01:12:20 +1m 14s | thequantuminsider_2020_03_20_quantum_machines_raises_17_5_million_in_venture_capital_funding] Extracting actors: https://thequantuminsider.com/2020/03/20/quantum-machines-raises-17-5-million-in-venture-capital-funding (1/1), chunk 14/37
[01:12:27 +1m 21s | thequantuminsider_2020_03_20_quantum_machines_raises_17_5_million_in_venture_capital_funding] Repaired malformed JSON.
[01:12:27 +1m 21s | thequantuminsider_2020_03_20_quantum_machines_raises_17_5_million_in_venture_capital_funding] Extracting actors: https://thequantuminsider.com/2020/03/20/quantum-machines-raises-17-5-million-in-venture-capital-funding (1/1), chunk 15/37
[01:12:38 +1m 29s | thequantuminsider_2020_03_20_quantum_machines_raises_17_5_million_in_venture_capital_funding] Repaired malformed JSON.
[01:12:38 +1m 29s | thequantuminsider_2020_03_20_quantum_machines_raises_17_5_million_in_venture_capital_funding] Extracting actors: https://thequantuminsider.com/2020/03/20/quantum-machines-raises-17-5-million-in-venture-capital-funding (1/1), chunk 16/37
[01:12:45 +1m 36s | thequantuminsider_2020_03_20_quantum_machines_raises_17_5_million_in_venture_capital_funding] Repaired malformed JSON.
[01:12:45 +1m 36s | thequantuminsider_2020_03_20_quantum_machines_raises_17_5_million_in_venture_capital_funding] Extracting actors: https://thequantuminsider.com/2020/03/20/quantum-machines-raises-17-5-million-in-venture-capital-funding (1/1), chunk 17/37
[01:12:52 +1m 43s | thequantuminsider_2020_03_20_quantum_machines_raises_17_5_million_in_venture_capital_funding] Repaired malformed JSON.
[01:12:52 +1m 43s | thequantuminsider_2020_03_20_quantum_machines_raises_17_5_million_in_venture_capital_funding] Extracting actors: https://thequantuminsider.com/2020/03/20/quantum-machines-raises-17-5-million-in-venture-capital-funding (1/1), chunk 18/37
[01:12:59 +1m 50s | thequantuminsider_2020_03_20_quantum_machines_raises_17_5_million_in_venture_capital_funding] Repaired malformed JSON.
[01:12:59 +1m 50s | thequantuminsider_2020_03_20_quantum_machines_raises_17_5_million_in_venture_capital_funding] Extracting actors: https://thequantuminsider.com/2020/03/20/quantum-machines-raises-17-5-million-in-venture-capital-funding (1/1), chunk 19/37
[01:13:07 +1m 58s | thequantuminsider_2020_03_20_quantum_machines_raises_17_5_million_in_venture_capital_funding] Repaired malformed JSON.
[01:13:07 +1m 58s | thequantuminsider_2020_03_20_quantum_machines_raises_17_5_million_in_venture_capital_funding] Extracting actors: https://thequantuminsider.com/2020/03/20/quantum-machines-raises-17-5-million-in-venture-capital-funding (1/1), chunk 20/37
[01:13:16 +2m 4s | thequantuminsider_2020_03_20_quantum_machines_raises_17_5_million_in_venture_capital_funding] Repaired malformed JSON.
[01:13:16 +2m 4s | thequantuminsider_2020_03_20_quantum_machines_raises_17_5_million_in_venture_capital_funding] Extracting actors: https://thequantuminsider.com/2020/03/20/quantum-machines-raises-17-5-million-in-venture-capital-funding (1/1), chunk 21/37
[01:13:24 +2m 12s | thequantuminsider_2020_03_20_quantum_machines_raises_17_5_million_in_venture_capital_funding] Repaired malformed JSON.
[01:13:24 +2m 12s | thequantuminsider_2020_03_20_quantum_machines_raises_17_5_million_in_venture_capital_funding] Extracting actors: https://thequantuminsider.com/2020/03/20/quantum-machines-raises-17-5-million-in-venture-capital-funding (1/1), chunk 22/37
[01:13:31 +2m 19s | thequantuminsider_2020_03_20_quantum_machines_raises_17_5_million_in_venture_capital_funding] Repaired malformed JSON.
[01:13:31 +2m 19s | thequantuminsider_2020_03_20_quantum_machines_raises_17_5_million_in_venture_capital_funding] Extracting actors: https://thequantuminsider.com/2020/03/20/quantum-machines-raises-17-5-million-in-venture-capital-funding (1/1), chunk 23/37
[01:13:39 +2m 27s | thequantuminsider_2020_03_20_quantum_machines_raises_17_5_million_in_venture_capital_funding] Repaired malformed JSON.
[01:13:39 +2m 27s | thequantuminsider_2020_03_20_quantum_machines_raises_17_5_million_in_venture_capital_funding] Extracting actors: https://thequantuminsider.com/2020/03/20/quantum-machines-raises-17-5-million-in-venture-capital-funding (1/1), chunk 24/37
[01:13:48 +2m 34s | thequantuminsider_2020_03_20_quantum_machines_raises_17_5_million_in_venture_capital_funding] Repaired malformed JSON.
[01:13:48 +2m 34s | thequantuminsider_2020_03_20_quantum_machines_raises_17_5_million_in_venture_capital_funding] Extracting actors: https://thequantuminsider.com/2020/03/20/quantum-machines-raises-17-5-million-in-venture-capital-funding (1/1), chunk 25/37
[01:13:55 +2m 41s | thequantuminsider_2020_03_20_quantum_machines_raises_17_5_million_in_venture_capital_funding] Extracting actors: https://thequantuminsider.com/2020/03/20/quantum-machines-raises-17-5-million-in-venture-capital-funding (1/1), chunk 26/37
[01:14:03 +2m 48s | thequantuminsider_2020_03_20_quantum_machines_raises_17_5_million_in_venture_capital_funding] Repaired malformed JSON.
[01:14:03 +2m 48s | thequantuminsider_2020_03_20_quantum_machines_raises_17_5_million_in_venture_capital_funding] Extracting actors: https://thequantuminsider.com/2020/03/20/quantum-machines-raises-17-5-million-in-venture-capital-funding (1/1), chunk 27/37
[01:14:08 +2m 54s | thequantuminsider_2020_03_20_quantum_machines_raises_17_5_million_in_venture_capital_funding] Extracting actors: https://thequantuminsider.com/2020/03/20/quantum-machines-raises-17-5-million-in-venture-capital-funding (1/1), chunk 28/37
[01:14:13 +2m 59s | thequantuminsider_2020_03_20_quantum_machines_raises_17_5_million_in_venture_capital_funding] Extracting actors: https://thequantuminsider.com/2020/03/20/quantum-machines-raises-17-5-million-in-venture-capital-funding (1/1), chunk 29/37
[01:14:22 +3m 5s | thequantuminsider_2020_03_20_quantum_machines_raises_17_5_million_in_venture_capital_funding] Repaired malformed JSON.
[01:14:22 +3m 5s | thequantuminsider_2020_03_20_quantum_machines_raises_17_5_million_in_venture_capital_funding] Extracting actors: https://thequantuminsider.com/2020/03/20/quantum-machines-raises-17-5-million-in-venture-capital-funding (1/1), chunk 30/37
[01:14:29 +3m 11s | thequantuminsider_2020_03_20_quantum_machines_raises_17_5_million_in_venture_capital_funding] Repaired malformed JSON.
[01:14:29 +3m 11s | thequantuminsider_2020_03_20_quantum_machines_raises_17_5_million_in_venture_capital_funding] Extracting actors: https://thequantuminsider.com/2020/03/20/quantum-machines-raises-17-5-million-in-venture-capital-funding (1/1), chunk 31/37
[01:14:34 +3m 16s | thequantuminsider_2020_03_20_quantum_machines_raises_17_5_million_in_venture_capital_funding] Repaired malformed JSON.
[01:14:34 +3m 16s | thequantuminsider_2020_03_20_quantum_machines_raises_17_5_million_in_venture_capital_funding] Extracting actors: https://thequantuminsider.com/2020/03/20/quantum-machines-raises-17-5-million-in-venture-capital-funding (1/1), chunk 32/37
[01:14:40 +3m 22s | thequantuminsider_2020_03_20_quantum_machines_raises_17_5_million_in_venture_capital_funding] Extracting actors: https://thequantuminsider.com/2020/03/20/quantum-machines-raises-17-5-million-in-venture-capital-funding (1/1), chunk 33/37
[01:14:47 +3m 29s | thequantuminsider_2020_03_20_quantum_machines_raises_17_5_million_in_venture_capital_funding] Repaired malformed JSON.
[01:14:47 +3m 29s | thequantuminsider_2020_03_20_quantum_machines_raises_17_5_million_in_venture_capital_funding] Extracting actors: https://thequantuminsider.com/2020/03/20/quantum-machines-raises-17-5-million-in-venture-capital-funding (1/1), chunk 34/37
[01:14:58 +3m 38s | thequantuminsider_2020_03_20_quantum_machines_raises_17_5_million_in_venture_capital_funding] Repaired malformed JSON.
[01:14:58 +3m 38s | thequantuminsider_2020_03_20_quantum_machines_raises_17_5_million_in_venture_capital_funding] Extracting actors: https://thequantuminsider.com/2020/03/20/quantum-machines-raises-17-5-million-in-venture-capital-funding (1/1), chunk 35/37
[01:15:04 +3m 44s | thequantuminsider_2020_03_20_quantum_machines_raises_17_5_million_in_venture_capital_funding] Repaired malformed JSON.
[01:15:04 +3m 44s | thequantuminsider_2020_03_20_quantum_machines_raises_17_5_million_in_venture_capital_funding] Extracting actors: https://thequantuminsider.com/2020/03/20/quantum-machines-raises-17-5-million-in-venture-capital-funding (1/1), chunk 36/37
[01:15:12 +3m 51s | thequantuminsider_2020_03_20_quantum_machines_raises_17_5_million_in_venture_capital_funding] Repaired malformed JSON.
[01:15:12 +3m 51s | thequantuminsider_2020_03_20_quantum_machines_raises_17_5_million_in_venture_capital_funding] Extracting actors: https://thequantuminsider.com/2020/03/20/quantum-machines-raises-17-5-million-in-venture-capital-funding (1/1), chunk 37/37
[01:15:19 +3m 58s | thequantuminsider_2020_03_20_quantum_machines_raises_17_5_million_in_venture_capital_funding] Repaired malformed JSON.
[01:15:19 +3m 58s | thequantuminsider_2020_03_20_quantum_machines_raises_17_5_million_in_venture_capital_funding] Saved 1_actor_results.json with 55 extracted records

[01:15:19 +3m 58s | thequantuminsider_2020_03_20_quantum_machines_raises_17_5_million_in_venture_capital_funding] === 2 clean actors ===
[01:15:19 +3m 58s | thequantuminsider_2020_03_20_quantum_machines_raises_17_5_million_in_venture_capital_funding] Loaded 55 extracted records
[01:15:19 +3m 58s | thequantuminsider_2020_03_20_quantum_machines_raises_17_5_million_in_venture_capital_funding] Saved 2_actor_nodes.json with 15 canonical actor nodes

[01:15:19 +3m 58s | thequantuminsider_2020_03_20_quantum_machines_raises_17_5_million_in_venture_capital_funding] === 3 interaction extraction ===
[01:15:19 +3m 58s | thequantuminsider_2020_03_20_quantum_machines_raises_17_5_million_in_venture_capital_funding] Extracting interactions: https://thequantuminsider.com/2020/03/20/quantum-machines-raises-17-5-million-in-venture-capital-funding (1/1), chunk 11/37
[01:15:23 +4m 2s | thequantuminsider_2020_03_20_quantum_machines_raises_17_5_million_in_venture_capital_funding] Extracting interactions: https://thequantuminsider.com/2020/03/20/quantum-machines-raises-17-5-million-in-venture-capital-funding (1/1), chunk 12/37
[01:15:26 +4m 5s | thequantuminsider_2020_03_20_quantum_machines_raises_17_5_million_in_venture_capital_funding] Extracting interactions: https://thequantuminsider.com/2020/03/20/quantum-machines-raises-17-5-million-in-venture-capital-funding (1/1), chunk 13/37
[01:15:36 +4m 12s | thequantuminsider_2020_03_20_quantum_machines_raises_17_5_million_in_venture_capital_funding] Extracting interactions: https://thequantuminsider.com/2020/03/20/quantum-machines-raises-17-5-million-in-venture-capital-funding (1/1), chunk 14/37
[01:15:39 +4m 15s | thequantuminsider_2020_03_20_quantum_machines_raises_17_5_million_in_venture_capital_funding] Extracting interactions: https://thequantuminsider.com/2020/03/20/quantum-machines-raises-17-5-million-in-venture-capital-funding (1/1), chunk 15/37
[01:15:46 +4m 23s | thequantuminsider_2020_03_20_quantum_machines_raises_17_5_million_in_venture_capital_funding] Extracting interactions: https://thequantuminsider.com/2020/03/20/quantum-machines-raises-17-5-million-in-venture-capital-funding (1/1), chunk 16/37
[01:15:51 +4m 28s | thequantuminsider_2020_03_20_quantum_machines_raises_17_5_million_in_venture_capital_funding] Extracting interactions: https://thequantuminsider.com/2020/03/20/quantum-machines-raises-17-5-million-in-venture-capital-funding (1/1), chunk 17/37
[01:15:53 +4m 30s | thequantuminsider_2020_03_20_quantum_machines_raises_17_5_million_in_venture_capital_funding] Extracting interactions: https://thequantuminsider.com/2020/03/20/quantum-machines-raises-17-5-million-in-venture-capital-funding (1/1), chunk 18/37
[01:16:04 +4m 40s | thequantuminsider_2020_03_20_quantum_machines_raises_17_5_million_in_venture_capital_funding] Extracting interactions: https://thequantuminsider.com/2020/03/20/quantum-machines-raises-17-5-million-in-venture-capital-funding (1/1), chunk 19/37
[01:16:16 +4m 50s | thequantuminsider_2020_03_20_quantum_machines_raises_17_5_million_in_venture_capital_funding] Extracting interactions: https://thequantuminsider.com/2020/03/20/quantum-machines-raises-17-5-million-in-venture-capital-funding (1/1), chunk 20/37
[01:16:24 +4m 57s | thequantuminsider_2020_03_20_quantum_machines_raises_17_5_million_in_venture_capital_funding] Extracting interactions: https://thequantuminsider.com/2020/03/20/quantum-machines-raises-17-5-million-in-venture-capital-funding (1/1), chunk 21/37
[01:16:29 +5m 3s | thequantuminsider_2020_03_20_quantum_machines_raises_17_5_million_in_venture_capital_funding] Extracting interactions: https://thequantuminsider.com/2020/03/20/quantum-machines-raises-17-5-million-in-venture-capital-funding (1/1), chunk 22/37
[01:16:37 +5m 11s | thequantuminsider_2020_03_20_quantum_machines_raises_17_5_million_in_venture_capital_funding] Extracting interactions: https://thequantuminsider.com/2020/03/20/quantum-machines-raises-17-5-million-in-venture-capital-funding (1/1), chunk 23/37
[01:16:43 +5m 14s | thequantuminsider_2020_03_20_quantum_machines_raises_17_5_million_in_venture_capital_funding] Extracting interactions: https://thequantuminsider.com/2020/03/20/quantum-machines-raises-17-5-million-in-venture-capital-funding (1/1), chunk 26/37
[01:16:49 +5m 20s | thequantuminsider_2020_03_20_quantum_machines_raises_17_5_million_in_venture_capital_funding] Extracting interactions: https://thequantuminsider.com/2020/03/20/quantum-machines-raises-17-5-million-in-venture-capital-funding (1/1), chunk 30/37
[01:16:55 +5m 26s | thequantuminsider_2020_03_20_quantum_machines_raises_17_5_million_in_venture_capital_funding] Extracting interactions: https://thequantuminsider.com/2020/03/20/quantum-machines-raises-17-5-million-in-venture-capital-funding (1/1), chunk 31/37
[01:16:57 +5m 27s | thequantuminsider_2020_03_20_quantum_machines_raises_17_5_million_in_venture_capital_funding] Extracting interactions: https://thequantuminsider.com/2020/03/20/quantum-machines-raises-17-5-million-in-venture-capital-funding (1/1), chunk 35/37
[01:16:58 +5m 29s | thequantuminsider_2020_03_20_quantum_machines_raises_17_5_million_in_venture_capital_funding] Extracting interactions: https://thequantuminsider.com/2020/03/20/quantum-machines-raises-17-5-million-in-venture-capital-funding (1/1), chunk 36/37
[01:17:02 +5m 33s | thequantuminsider_2020_03_20_quantum_machines_raises_17_5_million_in_venture_capital_funding] Saved 3_interaction_results.json with 20 extracted interactions.

[01:17:02 +5m 33s | thequantuminsider_2020_03_20_quantum_machines_raises_17_5_million_in_venture_capital_funding] === 4 clean interactions ===
[01:17:02 +5m 33s | thequantuminsider_2020_03_20_quantum_machines_raises_17_5_million_in_venture_capital_funding] Saved 4_edges.json with 0 cleaned interactions.

[01:17:02 +5m 33s | thequantuminsider_2020_03_20_quantum_machines_raises_17_5_million_in_venture_capital_funding] === 5 helix enrichment ===
[01:17:02 +5m 33s | thequantuminsider_2020_03_20_quantum_machines_raises_17_5_million_in_venture_capital_funding] Wrote 5_nodes.json (15 actors)
[01:17:02 +5m 33s | thequantuminsider_2020_03_20_quantum_machines_raises_17_5_million_in_venture_capital_funding] Wrote 5_edges.json (0 interactions)
[01:17:02 +5m 33s | thequantuminsider_2020_03_20_quantum_machines_raises_17_5_million_in_venture_capital_funding] Actor helix counts: {'Academia': 1, 'Civil Society': 2, 'Government': 2, 'Industry': 4, 'Intermediary': 1, 'Unknown': 5}
[01:17:02 +5m 33s | thequantuminsider_2020_03_20_quantum_machines_raises_17_5_million_in_venture_capital_funding] Functional-space counts: {}

[01:17:02 +5m 33s | thequantuminsider_2020_03_20_quantum_machines_raises_17_5_million_in_venture_capital_funding] === 6 network visualisation ===
[01:17:03 +5m 33s | thequantuminsider_2020_03_20_quantum_machines_raises_17_5_million_in_venture_capital_funding] Wrote quantum_network.html
[01:17:03 +5m 33s | thequantuminsider_2020_03_20_quantum_machines_raises_17_5_million_in_venture_capital_funding] Nodes: 15
[01:17:03 +5m 33s | thequantuminsider_2020_03_20_quantum_machines_raises_17_5_million_in_venture_capital_funding] Edges: 0

[01:17:03 +5m 33s | thequantuminsider_2020_03_20_quantum_machines_raises_17_5_million_in_venture_capital_funding] Done. Outputs written to: /home/lv/IDP/idpdeeptech/pipeline/news_outputs/thequantuminsider_2020_03_20_quantum_machines_raises_17_5_million_in_venture_capital_funding
[01:17:03 +5m 33s | thequantuminsider_2020_03_20_quantum_machines_raises_17_5_million_in_venture_capital_funding] Log: /home/lv/IDP/idpdeeptech/pipeline/news_outputs/thequantuminsider_2020_03_20_quantum_machines_raises_17_5_million_in_venture_capital_funding/run.log

========================================================================
RUN FINISHED 2026-07-02 01:17:03  (OK)
Started:     2026-07-02 01:11:00
Elapsed:     5m 33s
========================================================================
