
========================================================================
RUN STARTED  2026-07-01 19:03:53
site_pipeline.py https://thequantuminsider.com/2020/04/28/quantum-grants-more-than-a-100-million-in-funds-for-quantum-tech-education/
========================================================================

[19:03:53 +0s | thequantuminsider_2020_04_28_quantum_grants_more_than_a_100_million_in_funds_for_quantum_cb345658] === 0 crawl site ===
[19:03:54 +1s | thequantuminsider_2020_04_28_quantum_grants_more_than_a_100_million_in_funds_for_quantum_cb345658] [INIT].... → Crawl4AI 0.8.6 
[19:03:57 +4s | thequantuminsider_2020_04_28_quantum_grants_more_than_a_100_million_in_funds_for_quantum_cb345658] [FETCH]... ↓ https://thequantuminsider.com/2020/04/28/quantum...100-million-in-funds-for-quantum-tech-education/  | ✓ | ⏱: 2.57s 
[19:03:57 +4s | thequantuminsider_2020_04_28_quantum_grants_more_than_a_100_million_in_funds_for_quantum_cb345658] [SCRAPE].. ◆ https://thequantuminsider.com/2020/04/28/quantum...100-million-in-funds-for-quantum-tech-education/  | ✓ | ⏱: 0.12s 
[19:03:57 +4s | thequantuminsider_2020_04_28_quantum_grants_more_than_a_100_million_in_funds_for_quantum_cb345658] [COMPLETE] ● https://thequantuminsider.com/2020/04/28/quantum...100-million-in-funds-for-quantum-tech-education/  | ✓ | ⏱: 2.70s 
[19:03:57 +4s | thequantuminsider_2020_04_28_quantum_grants_more_than_a_100_million_in_funds_for_quantum_cb345658] Saved: crawl_output/27ff149056_thequantuminsider.com_2020_04_28_quantum-grants-more-than-a-100-million-in-funds-for-quantum-tech-education.json

[19:03:57 +4s | thequantuminsider_2020_04_28_quantum_grants_more_than_a_100_million_in_funds_for_quantum_cb345658] === 1 actor extraction ===
[19:03:57 +5s | thequantuminsider_2020_04_28_quantum_grants_more_than_a_100_million_in_funds_for_quantum_cb345658] Reading page (1/1): https://thequantuminsider.com/2020/04/28/quantum-grants-more-than-a-100-million-in-funds-for-quantum-tech-education
[19:03:57 +5s | thequantuminsider_2020_04_28_quantum_grants_more_than_a_100_million_in_funds_for_quantum_cb345658] Extracting actors: https://thequantuminsider.com/2020/04/28/quantum-grants-more-than-a-100-million-in-funds-for-quantum-tech-education (1/1), chunk 1/39
[19:04:01 +9s | thequantuminsider_2020_04_28_quantum_grants_more_than_a_100_million_in_funds_for_quantum_cb345658] Extracting actors: https://thequantuminsider.com/2020/04/28/quantum-grants-more-than-a-100-million-in-funds-for-quantum-tech-education (1/1), chunk 2/39
[19:04:08 +15s | thequantuminsider_2020_04_28_quantum_grants_more_than_a_100_million_in_funds_for_quantum_cb345658] Extracting actors: https://thequantuminsider.com/2020/04/28/quantum-grants-more-than-a-100-million-in-funds-for-quantum-tech-education (1/1), chunk 3/39
[19:04:16 +20s | thequantuminsider_2020_04_28_quantum_grants_more_than_a_100_million_in_funds_for_quantum_cb345658] Extracting actors: https://thequantuminsider.com/2020/04/28/quantum-grants-more-than-a-100-million-in-funds-for-quantum-tech-education (1/1), chunk 4/39
[19:04:20 +24s | thequantuminsider_2020_04_28_quantum_grants_more_than_a_100_million_in_funds_for_quantum_cb345658] Extracting actors: https://thequantuminsider.com/2020/04/28/quantum-grants-more-than-a-100-million-in-funds-for-quantum-tech-education (1/1), chunk 5/39
[19:04:23 +27s | thequantuminsider_2020_04_28_quantum_grants_more_than_a_100_million_in_funds_for_quantum_cb345658] Extracting actors: https://thequantuminsider.com/2020/04/28/quantum-grants-more-than-a-100-million-in-funds-for-quantum-tech-education (1/1), chunk 6/39
[19:04:31 +35s | thequantuminsider_2020_04_28_quantum_grants_more_than_a_100_million_in_funds_for_quantum_cb345658] Repaired malformed JSON.
[19:04:31 +35s | thequantuminsider_2020_04_28_quantum_grants_more_than_a_100_million_in_funds_for_quantum_cb345658] Extracting actors: https://thequantuminsider.com/2020/04/28/quantum-grants-more-than-a-100-million-in-funds-for-quantum-tech-education (1/1), chunk 7/39
[19:04:35 +39s | thequantuminsider_2020_04_28_quantum_grants_more_than_a_100_million_in_funds_for_quantum_cb345658] Extracting actors: https://thequantuminsider.com/2020/04/28/quantum-grants-more-than-a-100-million-in-funds-for-quantum-tech-education (1/1), chunk 8/39
[19:04:39 +43s | thequantuminsider_2020_04_28_quantum_grants_more_than_a_100_million_in_funds_for_quantum_cb345658] Extracting actors: https://thequantuminsider.com/2020/04/28/quantum-grants-more-than-a-100-million-in-funds-for-quantum-tech-education (1/1), chunk 9/39
[19:04:44 +48s | thequantuminsider_2020_04_28_quantum_grants_more_than_a_100_million_in_funds_for_quantum_cb345658] Extracting actors: https://thequantuminsider.com/2020/04/28/quantum-grants-more-than-a-100-million-in-funds-for-quantum-tech-education (1/1), chunk 10/39
[19:04:51 +53s | thequantuminsider_2020_04_28_quantum_grants_more_than_a_100_million_in_funds_for_quantum_cb345658] Extracting actors: https://thequantuminsider.com/2020/04/28/quantum-grants-more-than-a-100-million-in-funds-for-quantum-tech-education (1/1), chunk 11/39
[19:04:55 +56s | thequantuminsider_2020_04_28_quantum_grants_more_than_a_100_million_in_funds_for_quantum_cb345658] Extracting actors: https://thequantuminsider.com/2020/04/28/quantum-grants-more-than-a-100-million-in-funds-for-quantum-tech-education (1/1), chunk 12/39
[19:05:00 +1m 1s | thequantuminsider_2020_04_28_quantum_grants_more_than_a_100_million_in_funds_for_quantum_cb345658] Extracting actors: https://thequantuminsider.com/2020/04/28/quantum-grants-more-than-a-100-million-in-funds-for-quantum-tech-education (1/1), chunk 13/39
[19:05:07 +1m 9s | thequantuminsider_2020_04_28_quantum_grants_more_than_a_100_million_in_funds_for_quantum_cb345658] Repaired malformed JSON.
[19:05:07 +1m 9s | thequantuminsider_2020_04_28_quantum_grants_more_than_a_100_million_in_funds_for_quantum_cb345658] Extracting actors: https://thequantuminsider.com/2020/04/28/quantum-grants-more-than-a-100-million-in-funds-for-quantum-tech-education (1/1), chunk 14/39
[19:05:14 +1m 15s | thequantuminsider_2020_04_28_quantum_grants_more_than_a_100_million_in_funds_for_quantum_cb345658] Repaired malformed JSON.
[19:05:14 +1m 15s | thequantuminsider_2020_04_28_quantum_grants_more_than_a_100_million_in_funds_for_quantum_cb345658] Extracting actors: https://thequantuminsider.com/2020/04/28/quantum-grants-more-than-a-100-million-in-funds-for-quantum-tech-education (1/1), chunk 15/39
[19:05:20 +1m 21s | thequantuminsider_2020_04_28_quantum_grants_more_than_a_100_million_in_funds_for_quantum_cb345658] Repaired malformed JSON.
[19:05:20 +1m 21s | thequantuminsider_2020_04_28_quantum_grants_more_than_a_100_million_in_funds_for_quantum_cb345658] Extracting actors: https://thequantuminsider.com/2020/04/28/quantum-grants-more-than-a-100-million-in-funds-for-quantum-tech-education (1/1), chunk 16/39
[19:05:29 +1m 28s | thequantuminsider_2020_04_28_quantum_grants_more_than_a_100_million_in_funds_for_quantum_cb345658] Repaired malformed JSON.
[19:05:29 +1m 28s | thequantuminsider_2020_04_28_quantum_grants_more_than_a_100_million_in_funds_for_quantum_cb345658] Extracting actors: https://thequantuminsider.com/2020/04/28/quantum-grants-more-than-a-100-million-in-funds-for-quantum-tech-education (1/1), chunk 17/39
[19:05:35 +1m 34s | thequantuminsider_2020_04_28_quantum_grants_more_than_a_100_million_in_funds_for_quantum_cb345658] Repaired malformed JSON.
[19:05:35 +1m 34s | thequantuminsider_2020_04_28_quantum_grants_more_than_a_100_million_in_funds_for_quantum_cb345658] Extracting actors: https://thequantuminsider.com/2020/04/28/quantum-grants-more-than-a-100-million-in-funds-for-quantum-tech-education (1/1), chunk 18/39
[19:05:42 +1m 41s | thequantuminsider_2020_04_28_quantum_grants_more_than_a_100_million_in_funds_for_quantum_cb345658] Repaired malformed JSON.
[19:05:42 +1m 41s | thequantuminsider_2020_04_28_quantum_grants_more_than_a_100_million_in_funds_for_quantum_cb345658] Extracting actors: https://thequantuminsider.com/2020/04/28/quantum-grants-more-than-a-100-million-in-funds-for-quantum-tech-education (1/1), chunk 19/39
[19:05:48 +1m 47s | thequantuminsider_2020_04_28_quantum_grants_more_than_a_100_million_in_funds_for_quantum_cb345658] Repaired malformed JSON.
[19:05:48 +1m 47s | thequantuminsider_2020_04_28_quantum_grants_more_than_a_100_million_in_funds_for_quantum_cb345658] Extracting actors: https://thequantuminsider.com/2020/04/28/quantum-grants-more-than-a-100-million-in-funds-for-quantum-tech-education (1/1), chunk 20/39
[19:05:59 +1m 54s | thequantuminsider_2020_04_28_quantum_grants_more_than_a_100_million_in_funds_for_quantum_cb345658] Repaired malformed JSON.
[19:05:59 +1m 54s | thequantuminsider_2020_04_28_quantum_grants_more_than_a_100_million_in_funds_for_quantum_cb345658] Extracting actors: https://thequantuminsider.com/2020/04/28/quantum-grants-more-than-a-100-million-in-funds-for-quantum-tech-education (1/1), chunk 21/39
[19:06:05 +2m 1s | thequantuminsider_2020_04_28_quantum_grants_more_than_a_100_million_in_funds_for_quantum_cb345658] Repaired malformed JSON.
[19:06:05 +2m 1s | thequantuminsider_2020_04_28_quantum_grants_more_than_a_100_million_in_funds_for_quantum_cb345658] Extracting actors: https://thequantuminsider.com/2020/04/28/quantum-grants-more-than-a-100-million-in-funds-for-quantum-tech-education (1/1), chunk 22/39
[19:06:12 +2m 7s | thequantuminsider_2020_04_28_quantum_grants_more_than_a_100_million_in_funds_for_quantum_cb345658] Repaired malformed JSON.
[19:06:12 +2m 7s | thequantuminsider_2020_04_28_quantum_grants_more_than_a_100_million_in_funds_for_quantum_cb345658] Extracting actors: https://thequantuminsider.com/2020/04/28/quantum-grants-more-than-a-100-million-in-funds-for-quantum-tech-education (1/1), chunk 23/39
[19:06:18 +2m 13s | thequantuminsider_2020_04_28_quantum_grants_more_than_a_100_million_in_funds_for_quantum_cb345658] Repaired malformed JSON.
[19:06:18 +2m 13s | thequantuminsider_2020_04_28_quantum_grants_more_than_a_100_million_in_funds_for_quantum_cb345658] Extracting actors: https://thequantuminsider.com/2020/04/28/quantum-grants-more-than-a-100-million-in-funds-for-quantum-tech-education (1/1), chunk 24/39
[19:06:24 +2m 19s | thequantuminsider_2020_04_28_quantum_grants_more_than_a_100_million_in_funds_for_quantum_cb345658] Repaired malformed JSON.
[19:06:24 +2m 19s | thequantuminsider_2020_04_28_quantum_grants_more_than_a_100_million_in_funds_for_quantum_cb345658] Extracting actors: https://thequantuminsider.com/2020/04/28/quantum-grants-more-than-a-100-million-in-funds-for-quantum-tech-education (1/1), chunk 25/39
[19:06:33 +2m 26s | thequantuminsider_2020_04_28_quantum_grants_more_than_a_100_million_in_funds_for_quantum_cb345658] Repaired malformed JSON.
[19:06:33 +2m 26s | thequantuminsider_2020_04_28_quantum_grants_more_than_a_100_million_in_funds_for_quantum_cb345658] Extracting actors: https://thequantuminsider.com/2020/04/28/quantum-grants-more-than-a-100-million-in-funds-for-quantum-tech-education (1/1), chunk 26/39
[19:06:42 +2m 35s | thequantuminsider_2020_04_28_quantum_grants_more_than_a_100_million_in_funds_for_quantum_cb345658] Repaired malformed JSON.
[19:06:42 +2m 35s | thequantuminsider_2020_04_28_quantum_grants_more_than_a_100_million_in_funds_for_quantum_cb345658] Extracting actors: https://thequantuminsider.com/2020/04/28/quantum-grants-more-than-a-100-million-in-funds-for-quantum-tech-education (1/1), chunk 27/39
[19:06:49 +2m 41s | thequantuminsider_2020_04_28_quantum_grants_more_than_a_100_million_in_funds_for_quantum_cb345658] Extracting actors: https://thequantuminsider.com/2020/04/28/quantum-grants-more-than-a-100-million-in-funds-for-quantum-tech-education (1/1), chunk 28/39
[19:06:56 +2m 48s | thequantuminsider_2020_04_28_quantum_grants_more_than_a_100_million_in_funds_for_quantum_cb345658] Repaired malformed JSON.
[19:06:56 +2m 48s | thequantuminsider_2020_04_28_quantum_grants_more_than_a_100_million_in_funds_for_quantum_cb345658] Extracting actors: https://thequantuminsider.com/2020/04/28/quantum-grants-more-than-a-100-million-in-funds-for-quantum-tech-education (1/1), chunk 29/39
[19:07:00 +2m 53s | thequantuminsider_2020_04_28_quantum_grants_more_than_a_100_million_in_funds_for_quantum_cb345658] Extracting actors: https://thequantuminsider.com/2020/04/28/quantum-grants-more-than-a-100-million-in-funds-for-quantum-tech-education (1/1), chunk 30/39
[19:07:04 +2m 57s | thequantuminsider_2020_04_28_quantum_grants_more_than_a_100_million_in_funds_for_quantum_cb345658] Extracting actors: https://thequantuminsider.com/2020/04/28/quantum-grants-more-than-a-100-million-in-funds-for-quantum-tech-education (1/1), chunk 31/39
[19:07:16 +3m 5s | thequantuminsider_2020_04_28_quantum_grants_more_than_a_100_million_in_funds_for_quantum_cb345658] Repaired malformed JSON.
[19:07:16 +3m 5s | thequantuminsider_2020_04_28_quantum_grants_more_than_a_100_million_in_funds_for_quantum_cb345658] Extracting actors: https://thequantuminsider.com/2020/04/28/quantum-grants-more-than-a-100-million-in-funds-for-quantum-tech-education (1/1), chunk 32/39
[19:07:23 +3m 12s | thequantuminsider_2020_04_28_quantum_grants_more_than_a_100_million_in_funds_for_quantum_cb345658] Repaired malformed JSON.
[19:07:23 +3m 12s | thequantuminsider_2020_04_28_quantum_grants_more_than_a_100_million_in_funds_for_quantum_cb345658] Extracting actors: https://thequantuminsider.com/2020/04/28/quantum-grants-more-than-a-100-million-in-funds-for-quantum-tech-education (1/1), chunk 33/39
[19:07:29 +3m 18s | thequantuminsider_2020_04_28_quantum_grants_more_than_a_100_million_in_funds_for_quantum_cb345658] Repaired malformed JSON.
[19:07:29 +3m 18s | thequantuminsider_2020_04_28_quantum_grants_more_than_a_100_million_in_funds_for_quantum_cb345658] Extracting actors: https://thequantuminsider.com/2020/04/28/quantum-grants-more-than-a-100-million-in-funds-for-quantum-tech-education (1/1), chunk 34/39
[19:07:36 +3m 26s | thequantuminsider_2020_04_28_quantum_grants_more_than_a_100_million_in_funds_for_quantum_cb345658] Repaired malformed JSON.
[19:07:36 +3m 26s | thequantuminsider_2020_04_28_quantum_grants_more_than_a_100_million_in_funds_for_quantum_cb345658] Extracting actors: https://thequantuminsider.com/2020/04/28/quantum-grants-more-than-a-100-million-in-funds-for-quantum-tech-education (1/1), chunk 35/39
[19:07:46 +3m 32s | thequantuminsider_2020_04_28_quantum_grants_more_than_a_100_million_in_funds_for_quantum_cb345658] Repaired malformed JSON.
[19:07:46 +3m 32s | thequantuminsider_2020_04_28_quantum_grants_more_than_a_100_million_in_funds_for_quantum_cb345658] Extracting actors: https://thequantuminsider.com/2020/04/28/quantum-grants-more-than-a-100-million-in-funds-for-quantum-tech-education (1/1), chunk 36/39
[19:07:51 +3m 37s | thequantuminsider_2020_04_28_quantum_grants_more_than_a_100_million_in_funds_for_quantum_cb345658] Repaired malformed JSON.
[19:07:51 +3m 37s | thequantuminsider_2020_04_28_quantum_grants_more_than_a_100_million_in_funds_for_quantum_cb345658] Extracting actors: https://thequantuminsider.com/2020/04/28/quantum-grants-more-than-a-100-million-in-funds-for-quantum-tech-education (1/1), chunk 37/39
[19:07:57 +3m 44s | thequantuminsider_2020_04_28_quantum_grants_more_than_a_100_million_in_funds_for_quantum_cb345658] Repaired malformed JSON.
[19:07:57 +3m 44s | thequantuminsider_2020_04_28_quantum_grants_more_than_a_100_million_in_funds_for_quantum_cb345658] Extracting actors: https://thequantuminsider.com/2020/04/28/quantum-grants-more-than-a-100-million-in-funds-for-quantum-tech-education (1/1), chunk 38/39
[19:08:04 +3m 51s | thequantuminsider_2020_04_28_quantum_grants_more_than_a_100_million_in_funds_for_quantum_cb345658] Repaired malformed JSON.
[19:08:04 +3m 51s | thequantuminsider_2020_04_28_quantum_grants_more_than_a_100_million_in_funds_for_quantum_cb345658] Extracting actors: https://thequantuminsider.com/2020/04/28/quantum-grants-more-than-a-100-million-in-funds-for-quantum-tech-education (1/1), chunk 39/39
[19:08:10 +3m 57s | thequantuminsider_2020_04_28_quantum_grants_more_than_a_100_million_in_funds_for_quantum_cb345658] Repaired malformed JSON.
[19:08:10 +3m 57s | thequantuminsider_2020_04_28_quantum_grants_more_than_a_100_million_in_funds_for_quantum_cb345658] Saved 1_actor_results.json with 59 extracted records

[19:08:11 +3m 57s | thequantuminsider_2020_04_28_quantum_grants_more_than_a_100_million_in_funds_for_quantum_cb345658] === 2 clean actors ===
[19:08:11 +3m 57s | thequantuminsider_2020_04_28_quantum_grants_more_than_a_100_million_in_funds_for_quantum_cb345658] Loaded 59 extracted records
[19:08:11 +3m 57s | thequantuminsider_2020_04_28_quantum_grants_more_than_a_100_million_in_funds_for_quantum_cb345658] Saved 2_actor_nodes.json with 20 canonical actor nodes

[19:08:11 +3m 57s | thequantuminsider_2020_04_28_quantum_grants_more_than_a_100_million_in_funds_for_quantum_cb345658] === 3 interaction extraction ===
[19:08:11 +3m 57s | thequantuminsider_2020_04_28_quantum_grants_more_than_a_100_million_in_funds_for_quantum_cb345658] Extracting interactions: https://thequantuminsider.com/2020/04/28/quantum-grants-more-than-a-100-million-in-funds-for-quantum-tech-education (1/1), chunk 13/39
[19:08:25 +4m 9s | thequantuminsider_2020_04_28_quantum_grants_more_than_a_100_million_in_funds_for_quantum_cb345658] Extracting interactions: https://thequantuminsider.com/2020/04/28/quantum-grants-more-than-a-100-million-in-funds-for-quantum-tech-education (1/1), chunk 14/39
[19:08:37 +4m 21s | thequantuminsider_2020_04_28_quantum_grants_more_than_a_100_million_in_funds_for_quantum_cb345658] Extracting interactions: https://thequantuminsider.com/2020/04/28/quantum-grants-more-than-a-100-million-in-funds-for-quantum-tech-education (1/1), chunk 15/39
[19:08:59 +4m 40s | thequantuminsider_2020_04_28_quantum_grants_more_than_a_100_million_in_funds_for_quantum_cb345658] Extracting interactions: https://thequantuminsider.com/2020/04/28/quantum-grants-more-than-a-100-million-in-funds-for-quantum-tech-education (1/1), chunk 16/39
[19:09:04 +4m 45s | thequantuminsider_2020_04_28_quantum_grants_more_than_a_100_million_in_funds_for_quantum_cb345658] Extracting interactions: https://thequantuminsider.com/2020/04/28/quantum-grants-more-than-a-100-million-in-funds-for-quantum-tech-education (1/1), chunk 17/39
[19:09:14 +4m 54s | thequantuminsider_2020_04_28_quantum_grants_more_than_a_100_million_in_funds_for_quantum_cb345658] Extracting interactions: https://thequantuminsider.com/2020/04/28/quantum-grants-more-than-a-100-million-in-funds-for-quantum-tech-education (1/1), chunk 18/39
[19:09:17 +4m 58s | thequantuminsider_2020_04_28_quantum_grants_more_than_a_100_million_in_funds_for_quantum_cb345658] Extracting interactions: https://thequantuminsider.com/2020/04/28/quantum-grants-more-than-a-100-million-in-funds-for-quantum-tech-education (1/1), chunk 19/39
[19:09:23 +5m 3s | thequantuminsider_2020_04_28_quantum_grants_more_than_a_100_million_in_funds_for_quantum_cb345658] Extracting interactions: https://thequantuminsider.com/2020/04/28/quantum-grants-more-than-a-100-million-in-funds-for-quantum-tech-education (1/1), chunk 20/39
[19:09:33 +5m 11s | thequantuminsider_2020_04_28_quantum_grants_more_than_a_100_million_in_funds_for_quantum_cb345658] Extracting interactions: https://thequantuminsider.com/2020/04/28/quantum-grants-more-than-a-100-million-in-funds-for-quantum-tech-education (1/1), chunk 21/39
[19:09:39 +5m 17s | thequantuminsider_2020_04_28_quantum_grants_more_than_a_100_million_in_funds_for_quantum_cb345658] Extracting interactions: https://thequantuminsider.com/2020/04/28/quantum-grants-more-than-a-100-million-in-funds-for-quantum-tech-education (1/1), chunk 22/39
[19:09:54 +5m 32s | thequantuminsider_2020_04_28_quantum_grants_more_than_a_100_million_in_funds_for_quantum_cb345658] Extracting interactions: https://thequantuminsider.com/2020/04/28/quantum-grants-more-than-a-100-million-in-funds-for-quantum-tech-education (1/1), chunk 23/39
[19:10:00 +5m 38s | thequantuminsider_2020_04_28_quantum_grants_more_than_a_100_million_in_funds_for_quantum_cb345658] Extracting interactions: https://thequantuminsider.com/2020/04/28/quantum-grants-more-than-a-100-million-in-funds-for-quantum-tech-education (1/1), chunk 24/39
[19:10:08 +5m 43s | thequantuminsider_2020_04_28_quantum_grants_more_than_a_100_million_in_funds_for_quantum_cb345658] Extracting interactions: https://thequantuminsider.com/2020/04/28/quantum-grants-more-than-a-100-million-in-funds-for-quantum-tech-education (1/1), chunk 25/39
[19:10:13 +5m 48s | thequantuminsider_2020_04_28_quantum_grants_more_than_a_100_million_in_funds_for_quantum_cb345658] Extracting interactions: https://thequantuminsider.com/2020/04/28/quantum-grants-more-than-a-100-million-in-funds-for-quantum-tech-education (1/1), chunk 28/39
[19:10:21 +5m 56s | thequantuminsider_2020_04_28_quantum_grants_more_than_a_100_million_in_funds_for_quantum_cb345658] Extracting interactions: https://thequantuminsider.com/2020/04/28/quantum-grants-more-than-a-100-million-in-funds-for-quantum-tech-education (1/1), chunk 29/39
[19:10:23 +5m 58s | thequantuminsider_2020_04_28_quantum_grants_more_than_a_100_million_in_funds_for_quantum_cb345658] Extracting interactions: https://thequantuminsider.com/2020/04/28/quantum-grants-more-than-a-100-million-in-funds-for-quantum-tech-education (1/1), chunk 30/39
[19:10:25 +6m 0s | thequantuminsider_2020_04_28_quantum_grants_more_than_a_100_million_in_funds_for_quantum_cb345658] Extracting interactions: https://thequantuminsider.com/2020/04/28/quantum-grants-more-than-a-100-million-in-funds-for-quantum-tech-education (1/1), chunk 31/39
[19:10:26 +6m 1s | thequantuminsider_2020_04_28_quantum_grants_more_than_a_100_million_in_funds_for_quantum_cb345658] Extracting interactions: https://thequantuminsider.com/2020/04/28/quantum-grants-more-than-a-100-million-in-funds-for-quantum-tech-education (1/1), chunk 32/39
[19:10:28 +6m 3s | thequantuminsider_2020_04_28_quantum_grants_more_than_a_100_million_in_funds_for_quantum_cb345658] Extracting interactions: https://thequantuminsider.com/2020/04/28/quantum-grants-more-than-a-100-million-in-funds-for-quantum-tech-education (1/1), chunk 33/39
[19:10:29 +6m 4s | thequantuminsider_2020_04_28_quantum_grants_more_than_a_100_million_in_funds_for_quantum_cb345658] Extracting interactions: https://thequantuminsider.com/2020/04/28/quantum-grants-more-than-a-100-million-in-funds-for-quantum-tech-education (1/1), chunk 34/39
[19:10:31 +6m 6s | thequantuminsider_2020_04_28_quantum_grants_more_than_a_100_million_in_funds_for_quantum_cb345658] Extracting interactions: https://thequantuminsider.com/2020/04/28/quantum-grants-more-than-a-100-million-in-funds-for-quantum-tech-education (1/1), chunk 35/39
[19:10:33 +6m 7s | thequantuminsider_2020_04_28_quantum_grants_more_than_a_100_million_in_funds_for_quantum_cb345658] Extracting interactions: https://thequantuminsider.com/2020/04/28/quantum-grants-more-than-a-100-million-in-funds-for-quantum-tech-education (1/1), chunk 37/39
[19:10:34 +6m 9s | thequantuminsider_2020_04_28_quantum_grants_more_than_a_100_million_in_funds_for_quantum_cb345658] Extracting interactions: https://thequantuminsider.com/2020/04/28/quantum-grants-more-than-a-100-million-in-funds-for-quantum-tech-education (1/1), chunk 38/39
[19:10:50 +6m 22s | thequantuminsider_2020_04_28_quantum_grants_more_than_a_100_million_in_funds_for_quantum_cb345658] Extracting interactions: https://thequantuminsider.com/2020/04/28/quantum-grants-more-than-a-100-million-in-funds-for-quantum-tech-education (1/1), chunk 39/39
[19:10:52 +6m 24s | thequantuminsider_2020_04_28_quantum_grants_more_than_a_100_million_in_funds_for_quantum_cb345658] Saved 3_interaction_results.json with 24 extracted interactions.

[19:10:52 +6m 24s | thequantuminsider_2020_04_28_quantum_grants_more_than_a_100_million_in_funds_for_quantum_cb345658] === 4 clean interactions ===
[19:10:52 +6m 24s | thequantuminsider_2020_04_28_quantum_grants_more_than_a_100_million_in_funds_for_quantum_cb345658] Saved 4_edges.json with 0 cleaned interactions.

[19:10:52 +6m 24s | thequantuminsider_2020_04_28_quantum_grants_more_than_a_100_million_in_funds_for_quantum_cb345658] === 5 helix enrichment ===
[19:10:52 +6m 24s | thequantuminsider_2020_04_28_quantum_grants_more_than_a_100_million_in_funds_for_quantum_cb345658] Wrote 5_nodes.json (20 actors)
[19:10:52 +6m 24s | thequantuminsider_2020_04_28_quantum_grants_more_than_a_100_million_in_funds_for_quantum_cb345658] Wrote 5_edges.json (0 interactions)
[19:10:52 +6m 24s | thequantuminsider_2020_04_28_quantum_grants_more_than_a_100_million_in_funds_for_quantum_cb345658] Actor helix counts: {'Academia': 1, 'Civil Society': 4, 'Government': 7, 'Industry': 1, 'Intermediary': 1, 'Unknown': 6}
[19:10:52 +6m 24s | thequantuminsider_2020_04_28_quantum_grants_more_than_a_100_million_in_funds_for_quantum_cb345658] Functional-space counts: {}

[19:10:52 +6m 24s | thequantuminsider_2020_04_28_quantum_grants_more_than_a_100_million_in_funds_for_quantum_cb345658] === 6 network visualisation ===
[19:10:52 +6m 24s | thequantuminsider_2020_04_28_quantum_grants_more_than_a_100_million_in_funds_for_quantum_cb345658] Wrote quantum_network.html
[19:10:52 +6m 24s | thequantuminsider_2020_04_28_quantum_grants_more_than_a_100_million_in_funds_for_quantum_cb345658] Nodes: 20
[19:10:52 +6m 24s | thequantuminsider_2020_04_28_quantum_grants_more_than_a_100_million_in_funds_for_quantum_cb345658] Edges: 0

[19:10:52 +6m 24s | thequantuminsider_2020_04_28_quantum_grants_more_than_a_100_million_in_funds_for_quantum_cb345658] Done. Outputs written to: /home/lv/IDP/idpdeeptech/pipeline/news_outputs/thequantuminsider_2020_04_28_quantum_grants_more_than_a_100_million_in_funds_for_quantum_cb345658
[19:10:52 +6m 24s | thequantuminsider_2020_04_28_quantum_grants_more_than_a_100_million_in_funds_for_quantum_cb345658] Log: /home/lv/IDP/idpdeeptech/pipeline/news_outputs/thequantuminsider_2020_04_28_quantum_grants_more_than_a_100_million_in_funds_for_quantum_cb345658/run.log

========================================================================
RUN FINISHED 2026-07-01 19:10:52  (OK)
Started:     2026-07-01 19:03:53
Elapsed:     6m 24s
========================================================================
