
========================================================================
RUN STARTED  2026-07-02 05:33:42
site_pipeline.py https://thequantuminsider.com/2024/04/10/cnbc-to-air-special-on-colorados-emerging-quantum-ecosystems/
========================================================================

[05:33:42 +0s | thequantuminsider_2024_04_10_cnbc_to_air_special_on_colorados_emerging_quantum_ecosystems] === 0 crawl site ===
[05:33:43 +1s | thequantuminsider_2024_04_10_cnbc_to_air_special_on_colorados_emerging_quantum_ecosystems] [INIT].... → Crawl4AI 0.8.6 
[05:33:46 +4s | thequantuminsider_2024_04_10_cnbc_to_air_special_on_colorados_emerging_quantum_ecosystems] [FETCH]... ↓ https://thequantuminsider.com/2024/04/10/cnbc-to...pecial-on-colorados-emerging-quantum-ecosystems/  | ✓ | ⏱: 2.08s 
[05:33:46 +4s | thequantuminsider_2024_04_10_cnbc_to_air_special_on_colorados_emerging_quantum_ecosystems] [SCRAPE].. ◆ https://thequantuminsider.com/2024/04/10/cnbc-to...pecial-on-colorados-emerging-quantum-ecosystems/  | ✓ | ⏱: 0.11s 
[05:33:46 +4s | thequantuminsider_2024_04_10_cnbc_to_air_special_on_colorados_emerging_quantum_ecosystems] [COMPLETE] ● https://thequantuminsider.com/2024/04/10/cnbc-to...pecial-on-colorados-emerging-quantum-ecosystems/  | ✓ | ⏱: 2.21s 
[05:33:46 +4s | thequantuminsider_2024_04_10_cnbc_to_air_special_on_colorados_emerging_quantum_ecosystems] Saved: crawl_output/50059d05c9_thequantuminsider.com_2024_04_10_cnbc-to-air-special-on-colorados-emerging-quantum-ecosystems.json

[05:33:46 +4s | thequantuminsider_2024_04_10_cnbc_to_air_special_on_colorados_emerging_quantum_ecosystems] === 1 actor extraction ===
[05:33:46 +4s | thequantuminsider_2024_04_10_cnbc_to_air_special_on_colorados_emerging_quantum_ecosystems] Reading page (1/1): https://thequantuminsider.com/2024/04/10/cnbc-to-air-special-on-colorados-emerging-quantum-ecosystems
[05:33:46 +4s | thequantuminsider_2024_04_10_cnbc_to_air_special_on_colorados_emerging_quantum_ecosystems] Extracting actors: https://thequantuminsider.com/2024/04/10/cnbc-to-air-special-on-colorados-emerging-quantum-ecosystems (1/1), chunk 1/37
[05:33:52 +10s | thequantuminsider_2024_04_10_cnbc_to_air_special_on_colorados_emerging_quantum_ecosystems] Repaired malformed JSON.
[05:33:52 +10s | thequantuminsider_2024_04_10_cnbc_to_air_special_on_colorados_emerging_quantum_ecosystems] Extracting actors: https://thequantuminsider.com/2024/04/10/cnbc-to-air-special-on-colorados-emerging-quantum-ecosystems (1/1), chunk 2/37
[05:33:58 +16s | thequantuminsider_2024_04_10_cnbc_to_air_special_on_colorados_emerging_quantum_ecosystems] Repaired malformed JSON.
[05:33:58 +16s | thequantuminsider_2024_04_10_cnbc_to_air_special_on_colorados_emerging_quantum_ecosystems] Extracting actors: https://thequantuminsider.com/2024/04/10/cnbc-to-air-special-on-colorados-emerging-quantum-ecosystems (1/1), chunk 3/37
[05:34:03 +21s | thequantuminsider_2024_04_10_cnbc_to_air_special_on_colorados_emerging_quantum_ecosystems] Repaired malformed JSON.
[05:34:03 +21s | thequantuminsider_2024_04_10_cnbc_to_air_special_on_colorados_emerging_quantum_ecosystems] Extracting actors: https://thequantuminsider.com/2024/04/10/cnbc-to-air-special-on-colorados-emerging-quantum-ecosystems (1/1), chunk 4/37
[05:34:10 +28s | thequantuminsider_2024_04_10_cnbc_to_air_special_on_colorados_emerging_quantum_ecosystems] Repaired malformed JSON.
[05:34:10 +28s | thequantuminsider_2024_04_10_cnbc_to_air_special_on_colorados_emerging_quantum_ecosystems] Extracting actors: https://thequantuminsider.com/2024/04/10/cnbc-to-air-special-on-colorados-emerging-quantum-ecosystems (1/1), chunk 5/37
[05:34:17 +35s | thequantuminsider_2024_04_10_cnbc_to_air_special_on_colorados_emerging_quantum_ecosystems] Repaired malformed JSON.
[05:34:17 +35s | thequantuminsider_2024_04_10_cnbc_to_air_special_on_colorados_emerging_quantum_ecosystems] Extracting actors: https://thequantuminsider.com/2024/04/10/cnbc-to-air-special-on-colorados-emerging-quantum-ecosystems (1/1), chunk 6/37
[05:34:23 +41s | thequantuminsider_2024_04_10_cnbc_to_air_special_on_colorados_emerging_quantum_ecosystems] Repaired malformed JSON.
[05:34:23 +41s | thequantuminsider_2024_04_10_cnbc_to_air_special_on_colorados_emerging_quantum_ecosystems] Extracting actors: https://thequantuminsider.com/2024/04/10/cnbc-to-air-special-on-colorados-emerging-quantum-ecosystems (1/1), chunk 7/37
[05:34:33 +51s | thequantuminsider_2024_04_10_cnbc_to_air_special_on_colorados_emerging_quantum_ecosystems] Repaired malformed JSON.
[05:34:33 +51s | thequantuminsider_2024_04_10_cnbc_to_air_special_on_colorados_emerging_quantum_ecosystems] Extracting actors: https://thequantuminsider.com/2024/04/10/cnbc-to-air-special-on-colorados-emerging-quantum-ecosystems (1/1), chunk 8/37
[05:34:39 +57s | thequantuminsider_2024_04_10_cnbc_to_air_special_on_colorados_emerging_quantum_ecosystems] Repaired malformed JSON.
[05:34:39 +57s | thequantuminsider_2024_04_10_cnbc_to_air_special_on_colorados_emerging_quantum_ecosystems] Extracting actors: https://thequantuminsider.com/2024/04/10/cnbc-to-air-special-on-colorados-emerging-quantum-ecosystems (1/1), chunk 9/37
[05:34:46 +1m 4s | thequantuminsider_2024_04_10_cnbc_to_air_special_on_colorados_emerging_quantum_ecosystems] Repaired malformed JSON.
[05:34:46 +1m 4s | thequantuminsider_2024_04_10_cnbc_to_air_special_on_colorados_emerging_quantum_ecosystems] Extracting actors: https://thequantuminsider.com/2024/04/10/cnbc-to-air-special-on-colorados-emerging-quantum-ecosystems (1/1), chunk 10/37
[05:34:53 +1m 11s | thequantuminsider_2024_04_10_cnbc_to_air_special_on_colorados_emerging_quantum_ecosystems] Repaired malformed JSON.
[05:34:53 +1m 11s | thequantuminsider_2024_04_10_cnbc_to_air_special_on_colorados_emerging_quantum_ecosystems] Extracting actors: https://thequantuminsider.com/2024/04/10/cnbc-to-air-special-on-colorados-emerging-quantum-ecosystems (1/1), chunk 11/37
[05:35:00 +1m 18s | thequantuminsider_2024_04_10_cnbc_to_air_special_on_colorados_emerging_quantum_ecosystems] Repaired malformed JSON.
[05:35:00 +1m 18s | thequantuminsider_2024_04_10_cnbc_to_air_special_on_colorados_emerging_quantum_ecosystems] Extracting actors: https://thequantuminsider.com/2024/04/10/cnbc-to-air-special-on-colorados-emerging-quantum-ecosystems (1/1), chunk 12/37
[05:35:07 +1m 25s | thequantuminsider_2024_04_10_cnbc_to_air_special_on_colorados_emerging_quantum_ecosystems] Repaired malformed JSON.
[05:35:07 +1m 25s | thequantuminsider_2024_04_10_cnbc_to_air_special_on_colorados_emerging_quantum_ecosystems] Extracting actors: https://thequantuminsider.com/2024/04/10/cnbc-to-air-special-on-colorados-emerging-quantum-ecosystems (1/1), chunk 13/37
[05:35:14 +1m 32s | thequantuminsider_2024_04_10_cnbc_to_air_special_on_colorados_emerging_quantum_ecosystems] Repaired malformed JSON.
[05:35:14 +1m 32s | thequantuminsider_2024_04_10_cnbc_to_air_special_on_colorados_emerging_quantum_ecosystems] Extracting actors: https://thequantuminsider.com/2024/04/10/cnbc-to-air-special-on-colorados-emerging-quantum-ecosystems (1/1), chunk 14/37
[05:35:23 +1m 41s | thequantuminsider_2024_04_10_cnbc_to_air_special_on_colorados_emerging_quantum_ecosystems] Repaired malformed JSON.
[05:35:23 +1m 41s | thequantuminsider_2024_04_10_cnbc_to_air_special_on_colorados_emerging_quantum_ecosystems] Extracting actors: https://thequantuminsider.com/2024/04/10/cnbc-to-air-special-on-colorados-emerging-quantum-ecosystems (1/1), chunk 15/37
[05:35:32 +1m 50s | thequantuminsider_2024_04_10_cnbc_to_air_special_on_colorados_emerging_quantum_ecosystems] Repaired malformed JSON.
[05:35:32 +1m 50s | thequantuminsider_2024_04_10_cnbc_to_air_special_on_colorados_emerging_quantum_ecosystems] Extracting actors: https://thequantuminsider.com/2024/04/10/cnbc-to-air-special-on-colorados-emerging-quantum-ecosystems (1/1), chunk 16/37
[05:35:39 +1m 57s | thequantuminsider_2024_04_10_cnbc_to_air_special_on_colorados_emerging_quantum_ecosystems] Repaired malformed JSON.
[05:35:39 +1m 57s | thequantuminsider_2024_04_10_cnbc_to_air_special_on_colorados_emerging_quantum_ecosystems] Extracting actors: https://thequantuminsider.com/2024/04/10/cnbc-to-air-special-on-colorados-emerging-quantum-ecosystems (1/1), chunk 17/37
[05:35:47 +2m 5s | thequantuminsider_2024_04_10_cnbc_to_air_special_on_colorados_emerging_quantum_ecosystems] Repaired malformed JSON.
[05:35:47 +2m 5s | thequantuminsider_2024_04_10_cnbc_to_air_special_on_colorados_emerging_quantum_ecosystems] Extracting actors: https://thequantuminsider.com/2024/04/10/cnbc-to-air-special-on-colorados-emerging-quantum-ecosystems (1/1), chunk 18/37
[05:35:54 +2m 12s | thequantuminsider_2024_04_10_cnbc_to_air_special_on_colorados_emerging_quantum_ecosystems] Repaired malformed JSON.
[05:35:54 +2m 12s | thequantuminsider_2024_04_10_cnbc_to_air_special_on_colorados_emerging_quantum_ecosystems] Extracting actors: https://thequantuminsider.com/2024/04/10/cnbc-to-air-special-on-colorados-emerging-quantum-ecosystems (1/1), chunk 19/37
[05:36:00 +2m 18s | thequantuminsider_2024_04_10_cnbc_to_air_special_on_colorados_emerging_quantum_ecosystems] Repaired malformed JSON.
[05:36:00 +2m 18s | thequantuminsider_2024_04_10_cnbc_to_air_special_on_colorados_emerging_quantum_ecosystems] Extracting actors: https://thequantuminsider.com/2024/04/10/cnbc-to-air-special-on-colorados-emerging-quantum-ecosystems (1/1), chunk 20/37
[05:36:06 +2m 24s | thequantuminsider_2024_04_10_cnbc_to_air_special_on_colorados_emerging_quantum_ecosystems] Repaired malformed JSON.
[05:36:06 +2m 24s | thequantuminsider_2024_04_10_cnbc_to_air_special_on_colorados_emerging_quantum_ecosystems] Extracting actors: https://thequantuminsider.com/2024/04/10/cnbc-to-air-special-on-colorados-emerging-quantum-ecosystems (1/1), chunk 21/37
[05:36:16 +2m 34s | thequantuminsider_2024_04_10_cnbc_to_air_special_on_colorados_emerging_quantum_ecosystems] Repaired malformed JSON.
[05:36:16 +2m 34s | thequantuminsider_2024_04_10_cnbc_to_air_special_on_colorados_emerging_quantum_ecosystems] Extracting actors: https://thequantuminsider.com/2024/04/10/cnbc-to-air-special-on-colorados-emerging-quantum-ecosystems (1/1), chunk 22/37
[05:36:23 +2m 41s | thequantuminsider_2024_04_10_cnbc_to_air_special_on_colorados_emerging_quantum_ecosystems] Repaired malformed JSON.
[05:36:23 +2m 41s | thequantuminsider_2024_04_10_cnbc_to_air_special_on_colorados_emerging_quantum_ecosystems] Extracting actors: https://thequantuminsider.com/2024/04/10/cnbc-to-air-special-on-colorados-emerging-quantum-ecosystems (1/1), chunk 23/37
[05:36:31 +2m 49s | thequantuminsider_2024_04_10_cnbc_to_air_special_on_colorados_emerging_quantum_ecosystems] Repaired malformed JSON.
[05:36:31 +2m 49s | thequantuminsider_2024_04_10_cnbc_to_air_special_on_colorados_emerging_quantum_ecosystems] Extracting actors: https://thequantuminsider.com/2024/04/10/cnbc-to-air-special-on-colorados-emerging-quantum-ecosystems (1/1), chunk 24/37
[05:36:39 +2m 57s | thequantuminsider_2024_04_10_cnbc_to_air_special_on_colorados_emerging_quantum_ecosystems] Repaired malformed JSON.
[05:36:39 +2m 57s | thequantuminsider_2024_04_10_cnbc_to_air_special_on_colorados_emerging_quantum_ecosystems] Extracting actors: https://thequantuminsider.com/2024/04/10/cnbc-to-air-special-on-colorados-emerging-quantum-ecosystems (1/1), chunk 25/37
[05:36:44 +3m 2s | thequantuminsider_2024_04_10_cnbc_to_air_special_on_colorados_emerging_quantum_ecosystems] Extracting actors: https://thequantuminsider.com/2024/04/10/cnbc-to-air-special-on-colorados-emerging-quantum-ecosystems (1/1), chunk 26/37
[05:36:52 +3m 10s | thequantuminsider_2024_04_10_cnbc_to_air_special_on_colorados_emerging_quantum_ecosystems] Repaired malformed JSON.
[05:36:52 +3m 10s | thequantuminsider_2024_04_10_cnbc_to_air_special_on_colorados_emerging_quantum_ecosystems] Extracting actors: https://thequantuminsider.com/2024/04/10/cnbc-to-air-special-on-colorados-emerging-quantum-ecosystems (1/1), chunk 27/37
[05:36:53 +3m 11s | thequantuminsider_2024_04_10_cnbc_to_air_special_on_colorados_emerging_quantum_ecosystems] Extracting actors: https://thequantuminsider.com/2024/04/10/cnbc-to-air-special-on-colorados-emerging-quantum-ecosystems (1/1), chunk 28/37
[05:36:58 +3m 16s | thequantuminsider_2024_04_10_cnbc_to_air_special_on_colorados_emerging_quantum_ecosystems] Extracting actors: https://thequantuminsider.com/2024/04/10/cnbc-to-air-special-on-colorados-emerging-quantum-ecosystems (1/1), chunk 29/37
[05:37:03 +3m 21s | thequantuminsider_2024_04_10_cnbc_to_air_special_on_colorados_emerging_quantum_ecosystems] Repaired malformed JSON.
[05:37:03 +3m 21s | thequantuminsider_2024_04_10_cnbc_to_air_special_on_colorados_emerging_quantum_ecosystems] Extracting actors: https://thequantuminsider.com/2024/04/10/cnbc-to-air-special-on-colorados-emerging-quantum-ecosystems (1/1), chunk 30/37
[05:37:09 +3m 27s | thequantuminsider_2024_04_10_cnbc_to_air_special_on_colorados_emerging_quantum_ecosystems] Repaired malformed JSON.
[05:37:09 +3m 27s | thequantuminsider_2024_04_10_cnbc_to_air_special_on_colorados_emerging_quantum_ecosystems] Extracting actors: https://thequantuminsider.com/2024/04/10/cnbc-to-air-special-on-colorados-emerging-quantum-ecosystems (1/1), chunk 31/37
[05:37:15 +3m 33s | thequantuminsider_2024_04_10_cnbc_to_air_special_on_colorados_emerging_quantum_ecosystems] Repaired malformed JSON.
[05:37:15 +3m 33s | thequantuminsider_2024_04_10_cnbc_to_air_special_on_colorados_emerging_quantum_ecosystems] Extracting actors: https://thequantuminsider.com/2024/04/10/cnbc-to-air-special-on-colorados-emerging-quantum-ecosystems (1/1), chunk 32/37
[05:37:20 +3m 38s | thequantuminsider_2024_04_10_cnbc_to_air_special_on_colorados_emerging_quantum_ecosystems] Repaired malformed JSON.
[05:37:20 +3m 38s | thequantuminsider_2024_04_10_cnbc_to_air_special_on_colorados_emerging_quantum_ecosystems] Extracting actors: https://thequantuminsider.com/2024/04/10/cnbc-to-air-special-on-colorados-emerging-quantum-ecosystems (1/1), chunk 33/37
[05:37:29 +3m 47s | thequantuminsider_2024_04_10_cnbc_to_air_special_on_colorados_emerging_quantum_ecosystems] Repaired malformed JSON.
[05:37:29 +3m 47s | thequantuminsider_2024_04_10_cnbc_to_air_special_on_colorados_emerging_quantum_ecosystems] Extracting actors: https://thequantuminsider.com/2024/04/10/cnbc-to-air-special-on-colorados-emerging-quantum-ecosystems (1/1), chunk 34/37
[05:37:36 +3m 54s | thequantuminsider_2024_04_10_cnbc_to_air_special_on_colorados_emerging_quantum_ecosystems] Repaired malformed JSON.
[05:37:36 +3m 54s | thequantuminsider_2024_04_10_cnbc_to_air_special_on_colorados_emerging_quantum_ecosystems] Extracting actors: https://thequantuminsider.com/2024/04/10/cnbc-to-air-special-on-colorados-emerging-quantum-ecosystems (1/1), chunk 35/37
[05:37:43 +4m 1s | thequantuminsider_2024_04_10_cnbc_to_air_special_on_colorados_emerging_quantum_ecosystems] Repaired malformed JSON.
[05:37:43 +4m 1s | thequantuminsider_2024_04_10_cnbc_to_air_special_on_colorados_emerging_quantum_ecosystems] Extracting actors: https://thequantuminsider.com/2024/04/10/cnbc-to-air-special-on-colorados-emerging-quantum-ecosystems (1/1), chunk 36/37
[05:37:49 +4m 7s | thequantuminsider_2024_04_10_cnbc_to_air_special_on_colorados_emerging_quantum_ecosystems] Repaired malformed JSON.
[05:37:49 +4m 7s | thequantuminsider_2024_04_10_cnbc_to_air_special_on_colorados_emerging_quantum_ecosystems] Extracting actors: https://thequantuminsider.com/2024/04/10/cnbc-to-air-special-on-colorados-emerging-quantum-ecosystems (1/1), chunk 37/37
[05:37:56 +4m 14s | thequantuminsider_2024_04_10_cnbc_to_air_special_on_colorados_emerging_quantum_ecosystems] Repaired malformed JSON.
[05:37:56 +4m 14s | thequantuminsider_2024_04_10_cnbc_to_air_special_on_colorados_emerging_quantum_ecosystems] Saved 1_actor_results.json with 67 extracted records

[05:37:56 +4m 14s | thequantuminsider_2024_04_10_cnbc_to_air_special_on_colorados_emerging_quantum_ecosystems] === 2 clean actors ===
[05:37:56 +4m 14s | thequantuminsider_2024_04_10_cnbc_to_air_special_on_colorados_emerging_quantum_ecosystems] Loaded 67 extracted records
[05:37:56 +4m 14s | thequantuminsider_2024_04_10_cnbc_to_air_special_on_colorados_emerging_quantum_ecosystems] Saved 2_actor_nodes.json with 21 canonical actor nodes

[05:37:56 +4m 14s | thequantuminsider_2024_04_10_cnbc_to_air_special_on_colorados_emerging_quantum_ecosystems] === 3 interaction extraction ===
[05:37:56 +4m 14s | thequantuminsider_2024_04_10_cnbc_to_air_special_on_colorados_emerging_quantum_ecosystems] Extracting interactions: https://thequantuminsider.com/2024/04/10/cnbc-to-air-special-on-colorados-emerging-quantum-ecosystems (1/1), chunk 11/37
[05:38:02 +4m 20s | thequantuminsider_2024_04_10_cnbc_to_air_special_on_colorados_emerging_quantum_ecosystems] Extracting interactions: https://thequantuminsider.com/2024/04/10/cnbc-to-air-special-on-colorados-emerging-quantum-ecosystems (1/1), chunk 12/37
[05:38:10 +4m 28s | thequantuminsider_2024_04_10_cnbc_to_air_special_on_colorados_emerging_quantum_ecosystems] Extracting interactions: https://thequantuminsider.com/2024/04/10/cnbc-to-air-special-on-colorados-emerging-quantum-ecosystems (1/1), chunk 13/37
[05:38:25 +4m 43s | thequantuminsider_2024_04_10_cnbc_to_air_special_on_colorados_emerging_quantum_ecosystems] Extracting interactions: https://thequantuminsider.com/2024/04/10/cnbc-to-air-special-on-colorados-emerging-quantum-ecosystems (1/1), chunk 14/37
[05:38:37 +4m 55s | thequantuminsider_2024_04_10_cnbc_to_air_special_on_colorados_emerging_quantum_ecosystems] Extracting interactions: https://thequantuminsider.com/2024/04/10/cnbc-to-air-special-on-colorados-emerging-quantum-ecosystems (1/1), chunk 15/37
[05:38:44 +5m 1s | thequantuminsider_2024_04_10_cnbc_to_air_special_on_colorados_emerging_quantum_ecosystems] Extracting interactions: https://thequantuminsider.com/2024/04/10/cnbc-to-air-special-on-colorados-emerging-quantum-ecosystems (1/1), chunk 16/37
[05:38:48 +5m 6s | thequantuminsider_2024_04_10_cnbc_to_air_special_on_colorados_emerging_quantum_ecosystems] Extracting interactions: https://thequantuminsider.com/2024/04/10/cnbc-to-air-special-on-colorados-emerging-quantum-ecosystems (1/1), chunk 17/37
[05:38:52 +5m 9s | thequantuminsider_2024_04_10_cnbc_to_air_special_on_colorados_emerging_quantum_ecosystems] Extracting interactions: https://thequantuminsider.com/2024/04/10/cnbc-to-air-special-on-colorados-emerging-quantum-ecosystems (1/1), chunk 18/37
[05:38:58 +5m 16s | thequantuminsider_2024_04_10_cnbc_to_air_special_on_colorados_emerging_quantum_ecosystems] Extracting interactions: https://thequantuminsider.com/2024/04/10/cnbc-to-air-special-on-colorados-emerging-quantum-ecosystems (1/1), chunk 19/37
[05:39:18 +5m 36s | thequantuminsider_2024_04_10_cnbc_to_air_special_on_colorados_emerging_quantum_ecosystems] Extracting interactions: https://thequantuminsider.com/2024/04/10/cnbc-to-air-special-on-colorados-emerging-quantum-ecosystems (1/1), chunk 20/37
[05:39:31 +5m 49s | thequantuminsider_2024_04_10_cnbc_to_air_special_on_colorados_emerging_quantum_ecosystems] Extracting interactions: https://thequantuminsider.com/2024/04/10/cnbc-to-air-special-on-colorados-emerging-quantum-ecosystems (1/1), chunk 21/37
[05:39:41 +5m 59s | thequantuminsider_2024_04_10_cnbc_to_air_special_on_colorados_emerging_quantum_ecosystems] Extracting interactions: https://thequantuminsider.com/2024/04/10/cnbc-to-air-special-on-colorados-emerging-quantum-ecosystems (1/1), chunk 22/37
[05:39:53 +6m 11s | thequantuminsider_2024_04_10_cnbc_to_air_special_on_colorados_emerging_quantum_ecosystems] Extracting interactions: https://thequantuminsider.com/2024/04/10/cnbc-to-air-special-on-colorados-emerging-quantum-ecosystems (1/1), chunk 23/37
[05:39:59 +6m 17s | thequantuminsider_2024_04_10_cnbc_to_air_special_on_colorados_emerging_quantum_ecosystems] Extracting interactions: https://thequantuminsider.com/2024/04/10/cnbc-to-air-special-on-colorados-emerging-quantum-ecosystems (1/1), chunk 27/37
[05:40:00 +6m 18s | thequantuminsider_2024_04_10_cnbc_to_air_special_on_colorados_emerging_quantum_ecosystems] Extracting interactions: https://thequantuminsider.com/2024/04/10/cnbc-to-air-special-on-colorados-emerging-quantum-ecosystems (1/1), chunk 28/37
[05:40:02 +6m 20s | thequantuminsider_2024_04_10_cnbc_to_air_special_on_colorados_emerging_quantum_ecosystems] Extracting interactions: https://thequantuminsider.com/2024/04/10/cnbc-to-air-special-on-colorados-emerging-quantum-ecosystems (1/1), chunk 30/37
[05:40:33 +6m 51s | thequantuminsider_2024_04_10_cnbc_to_air_special_on_colorados_emerging_quantum_ecosystems] Extracting interactions: https://thequantuminsider.com/2024/04/10/cnbc-to-air-special-on-colorados-emerging-quantum-ecosystems (1/1), chunk 31/37
[05:40:35 +6m 53s | thequantuminsider_2024_04_10_cnbc_to_air_special_on_colorados_emerging_quantum_ecosystems] Extracting interactions: https://thequantuminsider.com/2024/04/10/cnbc-to-air-special-on-colorados-emerging-quantum-ecosystems (1/1), chunk 32/37
[05:40:36 +6m 54s | thequantuminsider_2024_04_10_cnbc_to_air_special_on_colorados_emerging_quantum_ecosystems] Extracting interactions: https://thequantuminsider.com/2024/04/10/cnbc-to-air-special-on-colorados-emerging-quantum-ecosystems (1/1), chunk 33/37
[05:40:38 +6m 56s | thequantuminsider_2024_04_10_cnbc_to_air_special_on_colorados_emerging_quantum_ecosystems] Extracting interactions: https://thequantuminsider.com/2024/04/10/cnbc-to-air-special-on-colorados-emerging-quantum-ecosystems (1/1), chunk 34/37
[05:40:39 +6m 57s | thequantuminsider_2024_04_10_cnbc_to_air_special_on_colorados_emerging_quantum_ecosystems] Extracting interactions: https://thequantuminsider.com/2024/04/10/cnbc-to-air-special-on-colorados-emerging-quantum-ecosystems (1/1), chunk 35/37
[05:40:41 +6m 59s | thequantuminsider_2024_04_10_cnbc_to_air_special_on_colorados_emerging_quantum_ecosystems] Extracting interactions: https://thequantuminsider.com/2024/04/10/cnbc-to-air-special-on-colorados-emerging-quantum-ecosystems (1/1), chunk 36/37
[05:40:43 +7m 1s | thequantuminsider_2024_04_10_cnbc_to_air_special_on_colorados_emerging_quantum_ecosystems] Saved 3_interaction_results.json with 32 extracted interactions.

[05:40:43 +7m 1s | thequantuminsider_2024_04_10_cnbc_to_air_special_on_colorados_emerging_quantum_ecosystems] === 4 clean interactions ===
[05:40:43 +7m 1s | thequantuminsider_2024_04_10_cnbc_to_air_special_on_colorados_emerging_quantum_ecosystems] Saved 4_edges.json with 1 cleaned interactions.

[05:40:43 +7m 1s | thequantuminsider_2024_04_10_cnbc_to_air_special_on_colorados_emerging_quantum_ecosystems] === 5 helix enrichment ===
[05:40:43 +7m 1s | thequantuminsider_2024_04_10_cnbc_to_air_special_on_colorados_emerging_quantum_ecosystems] Wrote 5_nodes.json (21 actors)
[05:40:43 +7m 1s | thequantuminsider_2024_04_10_cnbc_to_air_special_on_colorados_emerging_quantum_ecosystems] Wrote 5_edges.json (1 interactions)
[05:40:43 +7m 1s | thequantuminsider_2024_04_10_cnbc_to_air_special_on_colorados_emerging_quantum_ecosystems] Actor helix counts: {'Academia': 1, 'Civil Society': 2, 'Government': 5, 'Industry': 4, 'Unknown': 9}
[05:40:43 +7m 1s | thequantuminsider_2024_04_10_cnbc_to_air_special_on_colorados_emerging_quantum_ecosystems] Functional-space counts: {'Unknown': 1}

[05:40:43 +7m 1s | thequantuminsider_2024_04_10_cnbc_to_air_special_on_colorados_emerging_quantum_ecosystems] === 6 network visualisation ===
[05:40:43 +7m 1s | thequantuminsider_2024_04_10_cnbc_to_air_special_on_colorados_emerging_quantum_ecosystems] Wrote quantum_network.html
[05:40:43 +7m 1s | thequantuminsider_2024_04_10_cnbc_to_air_special_on_colorados_emerging_quantum_ecosystems] Nodes: 21
[05:40:43 +7m 1s | thequantuminsider_2024_04_10_cnbc_to_air_special_on_colorados_emerging_quantum_ecosystems] Edges: 1

[05:40:43 +7m 1s | thequantuminsider_2024_04_10_cnbc_to_air_special_on_colorados_emerging_quantum_ecosystems] Done. Outputs written to: /home/lv/IDP/idpdeeptech/pipeline/news_outputs/thequantuminsider_2024_04_10_cnbc_to_air_special_on_colorados_emerging_quantum_ecosystems
[05:40:43 +7m 1s | thequantuminsider_2024_04_10_cnbc_to_air_special_on_colorados_emerging_quantum_ecosystems] Log: /home/lv/IDP/idpdeeptech/pipeline/news_outputs/thequantuminsider_2024_04_10_cnbc_to_air_special_on_colorados_emerging_quantum_ecosystems/run.log

========================================================================
RUN FINISHED 2026-07-02 05:40:43  (OK)
Started:     2026-07-02 05:33:42
Elapsed:     7m 1s
========================================================================
