
========================================================================
RUN STARTED  2026-07-01 21:13:49
site_pipeline.py https://thequantuminsider.com/2020/09/08/innovare-advancement-center-announces-18-teams-qualified-for-1-million-in-basic-research-funding-awards-from-the-million-dollar-international-quantum-u-tech-accelerator/
========================================================================

[21:13:49 +0s | thequantuminsider_2020_09_08_innovare_advancement_center_announces_18_teams_qualified_for_1bb059c1] === 0 crawl site ===
[21:13:50 +1s | thequantuminsider_2020_09_08_innovare_advancement_center_announces_18_teams_qualified_for_1bb059c1] [INIT].... → Crawl4AI 0.8.6 
[21:13:53 +4s | thequantuminsider_2020_09_08_innovare_advancement_center_announces_18_teams_qualified_for_1bb059c1] [FETCH]... ↓ https://thequantuminsider.com/2020/09/08/innovar...dollar-international-quantum-u-tech-accelerator/  | ✓ | ⏱: 2.69s 
[21:13:53 +4s | thequantuminsider_2020_09_08_innovare_advancement_center_announces_18_teams_qualified_for_1bb059c1] [SCRAPE].. ◆ https://thequantuminsider.com/2020/09/08/innovar...dollar-international-quantum-u-tech-accelerator/  | ✓ | ⏱: 0.13s 
[21:13:53 +4s | thequantuminsider_2020_09_08_innovare_advancement_center_announces_18_teams_qualified_for_1bb059c1] [COMPLETE] ● https://thequantuminsider.com/2020/09/08/innovar...dollar-international-quantum-u-tech-accelerator/  | ✓ | ⏱: 2.83s 
[21:13:53 +4s | thequantuminsider_2020_09_08_innovare_advancement_center_announces_18_teams_qualified_for_1bb059c1] Saved: crawl_output/70185313d4_thequantuminsider.com_2020_09_08_innovare-advancement-center-announces-18-teams-qualified-for-1-million-in-basic-research-funding-awards-from-the-million-dollar-international-quantum-u-tech-accelerator.json

[21:13:53 +4s | thequantuminsider_2020_09_08_innovare_advancement_center_announces_18_teams_qualified_for_1bb059c1] === 1 actor extraction ===
[21:13:54 +5s | thequantuminsider_2020_09_08_innovare_advancement_center_announces_18_teams_qualified_for_1bb059c1] Reading page (1/1): https://thequantuminsider.com/2020/09/08/innovare-advancement-center-announces-18-teams-qualified-for-1-million-in-basic-research-funding-awards-from-the-million-dollar-international-quantum-u-tech-accelerator
[21:13:54 +5s | thequantuminsider_2020_09_08_innovare_advancement_center_announces_18_teams_qualified_for_1bb059c1] Extracting actors: https://thequantuminsider.com/2020/09/08/innovare-advancement-center-announces-18-teams-qualified-for-1-million-in-basic-research-funding-awards-from-the-million-dollar-international-quantum-u-tech-accelerator (1/1), chunk 1/44
[21:14:02 +13s | thequantuminsider_2020_09_08_innovare_advancement_center_announces_18_teams_qualified_for_1bb059c1] Repaired malformed JSON.
[21:14:02 +13s | thequantuminsider_2020_09_08_innovare_advancement_center_announces_18_teams_qualified_for_1bb059c1] Extracting actors: https://thequantuminsider.com/2020/09/08/innovare-advancement-center-announces-18-teams-qualified-for-1-million-in-basic-research-funding-awards-from-the-million-dollar-international-quantum-u-tech-accelerator (1/1), chunk 2/44
[21:14:07 +18s | thequantuminsider_2020_09_08_innovare_advancement_center_announces_18_teams_qualified_for_1bb059c1] Repaired malformed JSON.
[21:14:07 +18s | thequantuminsider_2020_09_08_innovare_advancement_center_announces_18_teams_qualified_for_1bb059c1] Extracting actors: https://thequantuminsider.com/2020/09/08/innovare-advancement-center-announces-18-teams-qualified-for-1-million-in-basic-research-funding-awards-from-the-million-dollar-international-quantum-u-tech-accelerator (1/1), chunk 3/44
[21:14:15 +26s | thequantuminsider_2020_09_08_innovare_advancement_center_announces_18_teams_qualified_for_1bb059c1] Repaired malformed JSON.
[21:14:15 +26s | thequantuminsider_2020_09_08_innovare_advancement_center_announces_18_teams_qualified_for_1bb059c1] Extracting actors: https://thequantuminsider.com/2020/09/08/innovare-advancement-center-announces-18-teams-qualified-for-1-million-in-basic-research-funding-awards-from-the-million-dollar-international-quantum-u-tech-accelerator (1/1), chunk 4/44
[21:14:23 +31s | thequantuminsider_2020_09_08_innovare_advancement_center_announces_18_teams_qualified_for_1bb059c1] Repaired malformed JSON.
[21:14:23 +31s | thequantuminsider_2020_09_08_innovare_advancement_center_announces_18_teams_qualified_for_1bb059c1] Extracting actors: https://thequantuminsider.com/2020/09/08/innovare-advancement-center-announces-18-teams-qualified-for-1-million-in-basic-research-funding-awards-from-the-million-dollar-international-quantum-u-tech-accelerator (1/1), chunk 5/44
[21:14:29 +37s | thequantuminsider_2020_09_08_innovare_advancement_center_announces_18_teams_qualified_for_1bb059c1] Repaired malformed JSON.
[21:14:29 +37s | thequantuminsider_2020_09_08_innovare_advancement_center_announces_18_teams_qualified_for_1bb059c1] Extracting actors: https://thequantuminsider.com/2020/09/08/innovare-advancement-center-announces-18-teams-qualified-for-1-million-in-basic-research-funding-awards-from-the-million-dollar-international-quantum-u-tech-accelerator (1/1), chunk 6/44
[21:14:36 +44s | thequantuminsider_2020_09_08_innovare_advancement_center_announces_18_teams_qualified_for_1bb059c1] Repaired malformed JSON.
[21:14:36 +44s | thequantuminsider_2020_09_08_innovare_advancement_center_announces_18_teams_qualified_for_1bb059c1] Extracting actors: https://thequantuminsider.com/2020/09/08/innovare-advancement-center-announces-18-teams-qualified-for-1-million-in-basic-research-funding-awards-from-the-million-dollar-international-quantum-u-tech-accelerator (1/1), chunk 7/44
[21:14:43 +51s | thequantuminsider_2020_09_08_innovare_advancement_center_announces_18_teams_qualified_for_1bb059c1] Repaired malformed JSON.
[21:14:43 +51s | thequantuminsider_2020_09_08_innovare_advancement_center_announces_18_teams_qualified_for_1bb059c1] Extracting actors: https://thequantuminsider.com/2020/09/08/innovare-advancement-center-announces-18-teams-qualified-for-1-million-in-basic-research-funding-awards-from-the-million-dollar-international-quantum-u-tech-accelerator (1/1), chunk 8/44
[21:14:54 +1m 0s | thequantuminsider_2020_09_08_innovare_advancement_center_announces_18_teams_qualified_for_1bb059c1] Repaired malformed JSON.
[21:14:54 +1m 0s | thequantuminsider_2020_09_08_innovare_advancement_center_announces_18_teams_qualified_for_1bb059c1] Extracting actors: https://thequantuminsider.com/2020/09/08/innovare-advancement-center-announces-18-teams-qualified-for-1-million-in-basic-research-funding-awards-from-the-million-dollar-international-quantum-u-tech-accelerator (1/1), chunk 9/44
[21:15:04 +1m 9s | thequantuminsider_2020_09_08_innovare_advancement_center_announces_18_teams_qualified_for_1bb059c1] Repaired malformed JSON.
[21:15:04 +1m 9s | thequantuminsider_2020_09_08_innovare_advancement_center_announces_18_teams_qualified_for_1bb059c1] Extracting actors: https://thequantuminsider.com/2020/09/08/innovare-advancement-center-announces-18-teams-qualified-for-1-million-in-basic-research-funding-awards-from-the-million-dollar-international-quantum-u-tech-accelerator (1/1), chunk 10/44
[21:15:12 +1m 17s | thequantuminsider_2020_09_08_innovare_advancement_center_announces_18_teams_qualified_for_1bb059c1] Repaired malformed JSON.
[21:15:12 +1m 17s | thequantuminsider_2020_09_08_innovare_advancement_center_announces_18_teams_qualified_for_1bb059c1] Extracting actors: https://thequantuminsider.com/2020/09/08/innovare-advancement-center-announces-18-teams-qualified-for-1-million-in-basic-research-funding-awards-from-the-million-dollar-international-quantum-u-tech-accelerator (1/1), chunk 11/44
[21:15:19 +1m 24s | thequantuminsider_2020_09_08_innovare_advancement_center_announces_18_teams_qualified_for_1bb059c1] Repaired malformed JSON.
[21:15:19 +1m 24s | thequantuminsider_2020_09_08_innovare_advancement_center_announces_18_teams_qualified_for_1bb059c1] Extracting actors: https://thequantuminsider.com/2020/09/08/innovare-advancement-center-announces-18-teams-qualified-for-1-million-in-basic-research-funding-awards-from-the-million-dollar-international-quantum-u-tech-accelerator (1/1), chunk 12/44
[21:15:30 +1m 32s | thequantuminsider_2020_09_08_innovare_advancement_center_announces_18_teams_qualified_for_1bb059c1] Repaired malformed JSON.
[21:15:30 +1m 32s | thequantuminsider_2020_09_08_innovare_advancement_center_announces_18_teams_qualified_for_1bb059c1] Extracting actors: https://thequantuminsider.com/2020/09/08/innovare-advancement-center-announces-18-teams-qualified-for-1-million-in-basic-research-funding-awards-from-the-million-dollar-international-quantum-u-tech-accelerator (1/1), chunk 13/44
[21:15:36 +1m 38s | thequantuminsider_2020_09_08_innovare_advancement_center_announces_18_teams_qualified_for_1bb059c1] Repaired malformed JSON.
[21:15:36 +1m 38s | thequantuminsider_2020_09_08_innovare_advancement_center_announces_18_teams_qualified_for_1bb059c1] Extracting actors: https://thequantuminsider.com/2020/09/08/innovare-advancement-center-announces-18-teams-qualified-for-1-million-in-basic-research-funding-awards-from-the-million-dollar-international-quantum-u-tech-accelerator (1/1), chunk 14/44
[21:15:43 +1m 46s | thequantuminsider_2020_09_08_innovare_advancement_center_announces_18_teams_qualified_for_1bb059c1] Repaired malformed JSON.
[21:15:43 +1m 46s | thequantuminsider_2020_09_08_innovare_advancement_center_announces_18_teams_qualified_for_1bb059c1] Extracting actors: https://thequantuminsider.com/2020/09/08/innovare-advancement-center-announces-18-teams-qualified-for-1-million-in-basic-research-funding-awards-from-the-million-dollar-international-quantum-u-tech-accelerator (1/1), chunk 15/44
[21:15:50 +1m 52s | thequantuminsider_2020_09_08_innovare_advancement_center_announces_18_teams_qualified_for_1bb059c1] Repaired malformed JSON.
[21:15:50 +1m 52s | thequantuminsider_2020_09_08_innovare_advancement_center_announces_18_teams_qualified_for_1bb059c1] Extracting actors: https://thequantuminsider.com/2020/09/08/innovare-advancement-center-announces-18-teams-qualified-for-1-million-in-basic-research-funding-awards-from-the-million-dollar-international-quantum-u-tech-accelerator (1/1), chunk 16/44
[21:15:56 +1m 58s | thequantuminsider_2020_09_08_innovare_advancement_center_announces_18_teams_qualified_for_1bb059c1] Repaired malformed JSON.
[21:15:56 +1m 58s | thequantuminsider_2020_09_08_innovare_advancement_center_announces_18_teams_qualified_for_1bb059c1] Extracting actors: https://thequantuminsider.com/2020/09/08/innovare-advancement-center-announces-18-teams-qualified-for-1-million-in-basic-research-funding-awards-from-the-million-dollar-international-quantum-u-tech-accelerator (1/1), chunk 17/44
[21:16:01 +2m 3s | thequantuminsider_2020_09_08_innovare_advancement_center_announces_18_teams_qualified_for_1bb059c1] Repaired malformed JSON.
[21:16:01 +2m 3s | thequantuminsider_2020_09_08_innovare_advancement_center_announces_18_teams_qualified_for_1bb059c1] Extracting actors: https://thequantuminsider.com/2020/09/08/innovare-advancement-center-announces-18-teams-qualified-for-1-million-in-basic-research-funding-awards-from-the-million-dollar-international-quantum-u-tech-accelerator (1/1), chunk 18/44
[21:16:12 +2m 11s | thequantuminsider_2020_09_08_innovare_advancement_center_announces_18_teams_qualified_for_1bb059c1] Repaired malformed JSON.
[21:16:12 +2m 11s | thequantuminsider_2020_09_08_innovare_advancement_center_announces_18_teams_qualified_for_1bb059c1] Extracting actors: https://thequantuminsider.com/2020/09/08/innovare-advancement-center-announces-18-teams-qualified-for-1-million-in-basic-research-funding-awards-from-the-million-dollar-international-quantum-u-tech-accelerator (1/1), chunk 19/44
[21:16:19 +2m 18s | thequantuminsider_2020_09_08_innovare_advancement_center_announces_18_teams_qualified_for_1bb059c1] Repaired malformed JSON.
[21:16:19 +2m 18s | thequantuminsider_2020_09_08_innovare_advancement_center_announces_18_teams_qualified_for_1bb059c1] Extracting actors: https://thequantuminsider.com/2020/09/08/innovare-advancement-center-announces-18-teams-qualified-for-1-million-in-basic-research-funding-awards-from-the-million-dollar-international-quantum-u-tech-accelerator (1/1), chunk 20/44
[21:16:27 +2m 26s | thequantuminsider_2020_09_08_innovare_advancement_center_announces_18_teams_qualified_for_1bb059c1] Repaired malformed JSON.
[21:16:27 +2m 26s | thequantuminsider_2020_09_08_innovare_advancement_center_announces_18_teams_qualified_for_1bb059c1] Extracting actors: https://thequantuminsider.com/2020/09/08/innovare-advancement-center-announces-18-teams-qualified-for-1-million-in-basic-research-funding-awards-from-the-million-dollar-international-quantum-u-tech-accelerator (1/1), chunk 21/44
[21:16:33 +2m 32s | thequantuminsider_2020_09_08_innovare_advancement_center_announces_18_teams_qualified_for_1bb059c1] Repaired malformed JSON.
[21:16:33 +2m 32s | thequantuminsider_2020_09_08_innovare_advancement_center_announces_18_teams_qualified_for_1bb059c1] Extracting actors: https://thequantuminsider.com/2020/09/08/innovare-advancement-center-announces-18-teams-qualified-for-1-million-in-basic-research-funding-awards-from-the-million-dollar-international-quantum-u-tech-accelerator (1/1), chunk 22/44
[21:16:45 +2m 41s | thequantuminsider_2020_09_08_innovare_advancement_center_announces_18_teams_qualified_for_1bb059c1] Repaired malformed JSON.
[21:16:45 +2m 41s | thequantuminsider_2020_09_08_innovare_advancement_center_announces_18_teams_qualified_for_1bb059c1] Extracting actors: https://thequantuminsider.com/2020/09/08/innovare-advancement-center-announces-18-teams-qualified-for-1-million-in-basic-research-funding-awards-from-the-million-dollar-international-quantum-u-tech-accelerator (1/1), chunk 23/44
[21:16:51 +2m 47s | thequantuminsider_2020_09_08_innovare_advancement_center_announces_18_teams_qualified_for_1bb059c1] Repaired malformed JSON.
[21:16:51 +2m 47s | thequantuminsider_2020_09_08_innovare_advancement_center_announces_18_teams_qualified_for_1bb059c1] Extracting actors: https://thequantuminsider.com/2020/09/08/innovare-advancement-center-announces-18-teams-qualified-for-1-million-in-basic-research-funding-awards-from-the-million-dollar-international-quantum-u-tech-accelerator (1/1), chunk 24/44
[21:16:57 +2m 53s | thequantuminsider_2020_09_08_innovare_advancement_center_announces_18_teams_qualified_for_1bb059c1] Repaired malformed JSON.
[21:16:57 +2m 53s | thequantuminsider_2020_09_08_innovare_advancement_center_announces_18_teams_qualified_for_1bb059c1] Extracting actors: https://thequantuminsider.com/2020/09/08/innovare-advancement-center-announces-18-teams-qualified-for-1-million-in-basic-research-funding-awards-from-the-million-dollar-international-quantum-u-tech-accelerator (1/1), chunk 25/44
[21:17:03 +2m 59s | thequantuminsider_2020_09_08_innovare_advancement_center_announces_18_teams_qualified_for_1bb059c1] Repaired malformed JSON.
[21:17:03 +2m 59s | thequantuminsider_2020_09_08_innovare_advancement_center_announces_18_teams_qualified_for_1bb059c1] Extracting actors: https://thequantuminsider.com/2020/09/08/innovare-advancement-center-announces-18-teams-qualified-for-1-million-in-basic-research-funding-awards-from-the-million-dollar-international-quantum-u-tech-accelerator (1/1), chunk 26/44
[21:17:10 +3m 6s | thequantuminsider_2020_09_08_innovare_advancement_center_announces_18_teams_qualified_for_1bb059c1] Repaired malformed JSON.
[21:17:10 +3m 6s | thequantuminsider_2020_09_08_innovare_advancement_center_announces_18_teams_qualified_for_1bb059c1] Extracting actors: https://thequantuminsider.com/2020/09/08/innovare-advancement-center-announces-18-teams-qualified-for-1-million-in-basic-research-funding-awards-from-the-million-dollar-international-quantum-u-tech-accelerator (1/1), chunk 27/44
[21:17:19 +3m 12s | thequantuminsider_2020_09_08_innovare_advancement_center_announces_18_teams_qualified_for_1bb059c1] Repaired malformed JSON.
[21:17:19 +3m 12s | thequantuminsider_2020_09_08_innovare_advancement_center_announces_18_teams_qualified_for_1bb059c1] Extracting actors: https://thequantuminsider.com/2020/09/08/innovare-advancement-center-announces-18-teams-qualified-for-1-million-in-basic-research-funding-awards-from-the-million-dollar-international-quantum-u-tech-accelerator (1/1), chunk 28/44
[21:17:24 +3m 18s | thequantuminsider_2020_09_08_innovare_advancement_center_announces_18_teams_qualified_for_1bb059c1] Repaired malformed JSON.
[21:17:24 +3m 18s | thequantuminsider_2020_09_08_innovare_advancement_center_announces_18_teams_qualified_for_1bb059c1] Extracting actors: https://thequantuminsider.com/2020/09/08/innovare-advancement-center-announces-18-teams-qualified-for-1-million-in-basic-research-funding-awards-from-the-million-dollar-international-quantum-u-tech-accelerator (1/1), chunk 29/44
[21:17:33 +3m 26s | thequantuminsider_2020_09_08_innovare_advancement_center_announces_18_teams_qualified_for_1bb059c1] Repaired malformed JSON.
[21:17:33 +3m 26s | thequantuminsider_2020_09_08_innovare_advancement_center_announces_18_teams_qualified_for_1bb059c1] Extracting actors: https://thequantuminsider.com/2020/09/08/innovare-advancement-center-announces-18-teams-qualified-for-1-million-in-basic-research-funding-awards-from-the-million-dollar-international-quantum-u-tech-accelerator (1/1), chunk 30/44
[21:17:39 +3m 32s | thequantuminsider_2020_09_08_innovare_advancement_center_announces_18_teams_qualified_for_1bb059c1] Repaired malformed JSON.
[21:17:39 +3m 32s | thequantuminsider_2020_09_08_innovare_advancement_center_announces_18_teams_qualified_for_1bb059c1] Extracting actors: https://thequantuminsider.com/2020/09/08/innovare-advancement-center-announces-18-teams-qualified-for-1-million-in-basic-research-funding-awards-from-the-million-dollar-international-quantum-u-tech-accelerator (1/1), chunk 31/44
[21:17:46 +3m 39s | thequantuminsider_2020_09_08_innovare_advancement_center_announces_18_teams_qualified_for_1bb059c1] Repaired malformed JSON.
[21:17:46 +3m 39s | thequantuminsider_2020_09_08_innovare_advancement_center_announces_18_teams_qualified_for_1bb059c1] Extracting actors: https://thequantuminsider.com/2020/09/08/innovare-advancement-center-announces-18-teams-qualified-for-1-million-in-basic-research-funding-awards-from-the-million-dollar-international-quantum-u-tech-accelerator (1/1), chunk 32/44
[21:17:54 +3m 44s | thequantuminsider_2020_09_08_innovare_advancement_center_announces_18_teams_qualified_for_1bb059c1] Extracting actors: https://thequantuminsider.com/2020/09/08/innovare-advancement-center-announces-18-teams-qualified-for-1-million-in-basic-research-funding-awards-from-the-million-dollar-international-quantum-u-tech-accelerator (1/1), chunk 33/44
[21:18:02 +3m 52s | thequantuminsider_2020_09_08_innovare_advancement_center_announces_18_teams_qualified_for_1bb059c1] Repaired malformed JSON.
[21:18:02 +3m 52s | thequantuminsider_2020_09_08_innovare_advancement_center_announces_18_teams_qualified_for_1bb059c1] Extracting actors: https://thequantuminsider.com/2020/09/08/innovare-advancement-center-announces-18-teams-qualified-for-1-million-in-basic-research-funding-awards-from-the-million-dollar-international-quantum-u-tech-accelerator (1/1), chunk 34/44
[21:18:07 +3m 57s | thequantuminsider_2020_09_08_innovare_advancement_center_announces_18_teams_qualified_for_1bb059c1] Extracting actors: https://thequantuminsider.com/2020/09/08/innovare-advancement-center-announces-18-teams-qualified-for-1-million-in-basic-research-funding-awards-from-the-million-dollar-international-quantum-u-tech-accelerator (1/1), chunk 35/44
[21:18:09 +3m 59s | thequantuminsider_2020_09_08_innovare_advancement_center_announces_18_teams_qualified_for_1bb059c1] Extracting actors: https://thequantuminsider.com/2020/09/08/innovare-advancement-center-announces-18-teams-qualified-for-1-million-in-basic-research-funding-awards-from-the-million-dollar-international-quantum-u-tech-accelerator (1/1), chunk 36/44
[21:18:10 +4m 1s | thequantuminsider_2020_09_08_innovare_advancement_center_announces_18_teams_qualified_for_1bb059c1] Extracting actors: https://thequantuminsider.com/2020/09/08/innovare-advancement-center-announces-18-teams-qualified-for-1-million-in-basic-research-funding-awards-from-the-million-dollar-international-quantum-u-tech-accelerator (1/1), chunk 37/44
[21:18:20 +4m 10s | thequantuminsider_2020_09_08_innovare_advancement_center_announces_18_teams_qualified_for_1bb059c1] Repaired malformed JSON.
[21:18:20 +4m 10s | thequantuminsider_2020_09_08_innovare_advancement_center_announces_18_teams_qualified_for_1bb059c1] Extracting actors: https://thequantuminsider.com/2020/09/08/innovare-advancement-center-announces-18-teams-qualified-for-1-million-in-basic-research-funding-awards-from-the-million-dollar-international-quantum-u-tech-accelerator (1/1), chunk 38/44
[21:18:28 +4m 15s | thequantuminsider_2020_09_08_innovare_advancement_center_announces_18_teams_qualified_for_1bb059c1] Repaired malformed JSON.
[21:18:28 +4m 15s | thequantuminsider_2020_09_08_innovare_advancement_center_announces_18_teams_qualified_for_1bb059c1] Extracting actors: https://thequantuminsider.com/2020/09/08/innovare-advancement-center-announces-18-teams-qualified-for-1-million-in-basic-research-funding-awards-from-the-million-dollar-international-quantum-u-tech-accelerator (1/1), chunk 39/44
[21:18:34 +4m 22s | thequantuminsider_2020_09_08_innovare_advancement_center_announces_18_teams_qualified_for_1bb059c1] Repaired malformed JSON.
[21:18:34 +4m 22s | thequantuminsider_2020_09_08_innovare_advancement_center_announces_18_teams_qualified_for_1bb059c1] Extracting actors: https://thequantuminsider.com/2020/09/08/innovare-advancement-center-announces-18-teams-qualified-for-1-million-in-basic-research-funding-awards-from-the-million-dollar-international-quantum-u-tech-accelerator (1/1), chunk 40/44
[21:18:41 +4m 28s | thequantuminsider_2020_09_08_innovare_advancement_center_announces_18_teams_qualified_for_1bb059c1] Repaired malformed JSON.
[21:18:41 +4m 28s | thequantuminsider_2020_09_08_innovare_advancement_center_announces_18_teams_qualified_for_1bb059c1] Extracting actors: https://thequantuminsider.com/2020/09/08/innovare-advancement-center-announces-18-teams-qualified-for-1-million-in-basic-research-funding-awards-from-the-million-dollar-international-quantum-u-tech-accelerator (1/1), chunk 41/44
[21:18:49 +4m 36s | thequantuminsider_2020_09_08_innovare_advancement_center_announces_18_teams_qualified_for_1bb059c1] Repaired malformed JSON.
[21:18:49 +4m 36s | thequantuminsider_2020_09_08_innovare_advancement_center_announces_18_teams_qualified_for_1bb059c1] Extracting actors: https://thequantuminsider.com/2020/09/08/innovare-advancement-center-announces-18-teams-qualified-for-1-million-in-basic-research-funding-awards-from-the-million-dollar-international-quantum-u-tech-accelerator (1/1), chunk 42/44
[21:18:56 +4m 43s | thequantuminsider_2020_09_08_innovare_advancement_center_announces_18_teams_qualified_for_1bb059c1] Repaired malformed JSON.
[21:18:56 +4m 43s | thequantuminsider_2020_09_08_innovare_advancement_center_announces_18_teams_qualified_for_1bb059c1] Extracting actors: https://thequantuminsider.com/2020/09/08/innovare-advancement-center-announces-18-teams-qualified-for-1-million-in-basic-research-funding-awards-from-the-million-dollar-international-quantum-u-tech-accelerator (1/1), chunk 43/44
[21:19:04 +4m 49s | thequantuminsider_2020_09_08_innovare_advancement_center_announces_18_teams_qualified_for_1bb059c1] Repaired malformed JSON.
[21:19:04 +4m 49s | thequantuminsider_2020_09_08_innovare_advancement_center_announces_18_teams_qualified_for_1bb059c1] Extracting actors: https://thequantuminsider.com/2020/09/08/innovare-advancement-center-announces-18-teams-qualified-for-1-million-in-basic-research-funding-awards-from-the-million-dollar-international-quantum-u-tech-accelerator (1/1), chunk 44/44
[21:19:13 +4m 58s | thequantuminsider_2020_09_08_innovare_advancement_center_announces_18_teams_qualified_for_1bb059c1] Repaired malformed JSON.
[21:19:13 +4m 58s | thequantuminsider_2020_09_08_innovare_advancement_center_announces_18_teams_qualified_for_1bb059c1] Saved 1_actor_results.json with 76 extracted records

[21:19:13 +4m 58s | thequantuminsider_2020_09_08_innovare_advancement_center_announces_18_teams_qualified_for_1bb059c1] === 2 clean actors ===
[21:19:13 +4m 58s | thequantuminsider_2020_09_08_innovare_advancement_center_announces_18_teams_qualified_for_1bb059c1] Loaded 76 extracted records
[21:19:13 +4m 58s | thequantuminsider_2020_09_08_innovare_advancement_center_announces_18_teams_qualified_for_1bb059c1] Saved 2_actor_nodes.json with 28 canonical actor nodes

[21:19:13 +4m 58s | thequantuminsider_2020_09_08_innovare_advancement_center_announces_18_teams_qualified_for_1bb059c1] === 3 interaction extraction ===
[21:19:13 +4m 58s | thequantuminsider_2020_09_08_innovare_advancement_center_announces_18_teams_qualified_for_1bb059c1] Extracting interactions: https://thequantuminsider.com/2020/09/08/innovare-advancement-center-announces-18-teams-qualified-for-1-million-in-basic-research-funding-awards-from-the-million-dollar-international-quantum-u-tech-accelerator (1/1), chunk 7/44
[21:19:17 +5m 2s | thequantuminsider_2020_09_08_innovare_advancement_center_announces_18_teams_qualified_for_1bb059c1] Extracting interactions: https://thequantuminsider.com/2020/09/08/innovare-advancement-center-announces-18-teams-qualified-for-1-million-in-basic-research-funding-awards-from-the-million-dollar-international-quantum-u-tech-accelerator (1/1), chunk 9/44
[21:19:24 +5m 8s | thequantuminsider_2020_09_08_innovare_advancement_center_announces_18_teams_qualified_for_1bb059c1] Extracting interactions: https://thequantuminsider.com/2020/09/08/innovare-advancement-center-announces-18-teams-qualified-for-1-million-in-basic-research-funding-awards-from-the-million-dollar-international-quantum-u-tech-accelerator (1/1), chunk 11/44
[21:19:36 +5m 18s | thequantuminsider_2020_09_08_innovare_advancement_center_announces_18_teams_qualified_for_1bb059c1] Extracting interactions: https://thequantuminsider.com/2020/09/08/innovare-advancement-center-announces-18-teams-qualified-for-1-million-in-basic-research-funding-awards-from-the-million-dollar-international-quantum-u-tech-accelerator (1/1), chunk 12/44
[21:19:47 +5m 29s | thequantuminsider_2020_09_08_innovare_advancement_center_announces_18_teams_qualified_for_1bb059c1] Extracting interactions: https://thequantuminsider.com/2020/09/08/innovare-advancement-center-announces-18-teams-qualified-for-1-million-in-basic-research-funding-awards-from-the-million-dollar-international-quantum-u-tech-accelerator (1/1), chunk 13/44
[21:20:20 +5m 58s | thequantuminsider_2020_09_08_innovare_advancement_center_announces_18_teams_qualified_for_1bb059c1] Extracting interactions: https://thequantuminsider.com/2020/09/08/innovare-advancement-center-announces-18-teams-qualified-for-1-million-in-basic-research-funding-awards-from-the-million-dollar-international-quantum-u-tech-accelerator (1/1), chunk 14/44
[21:20:24 +6m 3s | thequantuminsider_2020_09_08_innovare_advancement_center_announces_18_teams_qualified_for_1bb059c1] Extracting interactions: https://thequantuminsider.com/2020/09/08/innovare-advancement-center-announces-18-teams-qualified-for-1-million-in-basic-research-funding-awards-from-the-million-dollar-international-quantum-u-tech-accelerator (1/1), chunk 15/44
[21:20:36 +6m 14s | thequantuminsider_2020_09_08_innovare_advancement_center_announces_18_teams_qualified_for_1bb059c1] Extracting interactions: https://thequantuminsider.com/2020/09/08/innovare-advancement-center-announces-18-teams-qualified-for-1-million-in-basic-research-funding-awards-from-the-million-dollar-international-quantum-u-tech-accelerator (1/1), chunk 16/44
[21:20:52 +6m 27s | thequantuminsider_2020_09_08_innovare_advancement_center_announces_18_teams_qualified_for_1bb059c1] Extracting interactions: https://thequantuminsider.com/2020/09/08/innovare-advancement-center-announces-18-teams-qualified-for-1-million-in-basic-research-funding-awards-from-the-million-dollar-international-quantum-u-tech-accelerator (1/1), chunk 17/44
[21:21:09 +6m 44s | thequantuminsider_2020_09_08_innovare_advancement_center_announces_18_teams_qualified_for_1bb059c1] Extracting interactions: https://thequantuminsider.com/2020/09/08/innovare-advancement-center-announces-18-teams-qualified-for-1-million-in-basic-research-funding-awards-from-the-million-dollar-international-quantum-u-tech-accelerator (1/1), chunk 18/44
[21:21:47 +7m 20s | thequantuminsider_2020_09_08_innovare_advancement_center_announces_18_teams_qualified_for_1bb059c1] Extracting interactions: https://thequantuminsider.com/2020/09/08/innovare-advancement-center-announces-18-teams-qualified-for-1-million-in-basic-research-funding-awards-from-the-million-dollar-international-quantum-u-tech-accelerator (1/1), chunk 19/44
[21:22:22 +7m 52s | thequantuminsider_2020_09_08_innovare_advancement_center_announces_18_teams_qualified_for_1bb059c1] Extracting interactions: https://thequantuminsider.com/2020/09/08/innovare-advancement-center-announces-18-teams-qualified-for-1-million-in-basic-research-funding-awards-from-the-million-dollar-international-quantum-u-tech-accelerator (1/1), chunk 20/44
[21:22:23 +7m 53s | thequantuminsider_2020_09_08_innovare_advancement_center_announces_18_teams_qualified_for_1bb059c1] Extracting interactions: https://thequantuminsider.com/2020/09/08/innovare-advancement-center-announces-18-teams-qualified-for-1-million-in-basic-research-funding-awards-from-the-million-dollar-international-quantum-u-tech-accelerator (1/1), chunk 21/44
[21:22:33 +8m 0s | thequantuminsider_2020_09_08_innovare_advancement_center_announces_18_teams_qualified_for_1bb059c1] Extracting interactions: https://thequantuminsider.com/2020/09/08/innovare-advancement-center-announces-18-teams-qualified-for-1-million-in-basic-research-funding-awards-from-the-million-dollar-international-quantum-u-tech-accelerator (1/1), chunk 22/44
[21:22:36 +8m 3s | thequantuminsider_2020_09_08_innovare_advancement_center_announces_18_teams_qualified_for_1bb059c1] Extracting interactions: https://thequantuminsider.com/2020/09/08/innovare-advancement-center-announces-18-teams-qualified-for-1-million-in-basic-research-funding-awards-from-the-million-dollar-international-quantum-u-tech-accelerator (1/1), chunk 23/44
[21:22:41 +8m 8s | thequantuminsider_2020_09_08_innovare_advancement_center_announces_18_teams_qualified_for_1bb059c1] Extracting interactions: https://thequantuminsider.com/2020/09/08/innovare-advancement-center-announces-18-teams-qualified-for-1-million-in-basic-research-funding-awards-from-the-million-dollar-international-quantum-u-tech-accelerator (1/1), chunk 24/44
[21:22:53 +8m 20s | thequantuminsider_2020_09_08_innovare_advancement_center_announces_18_teams_qualified_for_1bb059c1] Extracting interactions: https://thequantuminsider.com/2020/09/08/innovare-advancement-center-announces-18-teams-qualified-for-1-million-in-basic-research-funding-awards-from-the-million-dollar-international-quantum-u-tech-accelerator (1/1), chunk 25/44
[21:23:01 +8m 28s | thequantuminsider_2020_09_08_innovare_advancement_center_announces_18_teams_qualified_for_1bb059c1] Extracting interactions: https://thequantuminsider.com/2020/09/08/innovare-advancement-center-announces-18-teams-qualified-for-1-million-in-basic-research-funding-awards-from-the-million-dollar-international-quantum-u-tech-accelerator (1/1), chunk 26/44
[21:23:16 +8m 40s | thequantuminsider_2020_09_08_innovare_advancement_center_announces_18_teams_qualified_for_1bb059c1] Extracting interactions: https://thequantuminsider.com/2020/09/08/innovare-advancement-center-announces-18-teams-qualified-for-1-million-in-basic-research-funding-awards-from-the-million-dollar-international-quantum-u-tech-accelerator (1/1), chunk 27/44
[21:23:25 +8m 49s | thequantuminsider_2020_09_08_innovare_advancement_center_announces_18_teams_qualified_for_1bb059c1] Extracting interactions: https://thequantuminsider.com/2020/09/08/innovare-advancement-center-announces-18-teams-qualified-for-1-million-in-basic-research-funding-awards-from-the-million-dollar-international-quantum-u-tech-accelerator (1/1), chunk 28/44
[21:23:35 +8m 59s | thequantuminsider_2020_09_08_innovare_advancement_center_announces_18_teams_qualified_for_1bb059c1] Extracting interactions: https://thequantuminsider.com/2020/09/08/innovare-advancement-center-announces-18-teams-qualified-for-1-million-in-basic-research-funding-awards-from-the-million-dollar-international-quantum-u-tech-accelerator (1/1), chunk 29/44
[21:23:57 +9m 18s | thequantuminsider_2020_09_08_innovare_advancement_center_announces_18_teams_qualified_for_1bb059c1] Extracting interactions: https://thequantuminsider.com/2020/09/08/innovare-advancement-center-announces-18-teams-qualified-for-1-million-in-basic-research-funding-awards-from-the-million-dollar-international-quantum-u-tech-accelerator (1/1), chunk 30/44
[21:24:01 +9m 23s | thequantuminsider_2020_09_08_innovare_advancement_center_announces_18_teams_qualified_for_1bb059c1] Extracting interactions: https://thequantuminsider.com/2020/09/08/innovare-advancement-center-announces-18-teams-qualified-for-1-million-in-basic-research-funding-awards-from-the-million-dollar-international-quantum-u-tech-accelerator (1/1), chunk 33/44
[21:24:06 +9m 27s | thequantuminsider_2020_09_08_innovare_advancement_center_announces_18_teams_qualified_for_1bb059c1] Extracting interactions: https://thequantuminsider.com/2020/09/08/innovare-advancement-center-announces-18-teams-qualified-for-1-million-in-basic-research-funding-awards-from-the-million-dollar-international-quantum-u-tech-accelerator (1/1), chunk 34/44
[21:24:07 +9m 28s | thequantuminsider_2020_09_08_innovare_advancement_center_announces_18_teams_qualified_for_1bb059c1] Extracting interactions: https://thequantuminsider.com/2020/09/08/innovare-advancement-center-announces-18-teams-qualified-for-1-million-in-basic-research-funding-awards-from-the-million-dollar-international-quantum-u-tech-accelerator (1/1), chunk 35/44
[21:24:09 +9m 30s | thequantuminsider_2020_09_08_innovare_advancement_center_announces_18_teams_qualified_for_1bb059c1] Extracting interactions: https://thequantuminsider.com/2020/09/08/innovare-advancement-center-announces-18-teams-qualified-for-1-million-in-basic-research-funding-awards-from-the-million-dollar-international-quantum-u-tech-accelerator (1/1), chunk 37/44
[21:24:19 +9m 37s | thequantuminsider_2020_09_08_innovare_advancement_center_announces_18_teams_qualified_for_1bb059c1] Extracting interactions: https://thequantuminsider.com/2020/09/08/innovare-advancement-center-announces-18-teams-qualified-for-1-million-in-basic-research-funding-awards-from-the-million-dollar-international-quantum-u-tech-accelerator (1/1), chunk 38/44
[21:24:35 +9m 53s | thequantuminsider_2020_09_08_innovare_advancement_center_announces_18_teams_qualified_for_1bb059c1] Extracting interactions: https://thequantuminsider.com/2020/09/08/innovare-advancement-center-announces-18-teams-qualified-for-1-million-in-basic-research-funding-awards-from-the-million-dollar-international-quantum-u-tech-accelerator (1/1), chunk 39/44
[21:24:36 +9m 55s | thequantuminsider_2020_09_08_innovare_advancement_center_announces_18_teams_qualified_for_1bb059c1] Extracting interactions: https://thequantuminsider.com/2020/09/08/innovare-advancement-center-announces-18-teams-qualified-for-1-million-in-basic-research-funding-awards-from-the-million-dollar-international-quantum-u-tech-accelerator (1/1), chunk 40/44
[21:24:38 +9m 56s | thequantuminsider_2020_09_08_innovare_advancement_center_announces_18_teams_qualified_for_1bb059c1] Extracting interactions: https://thequantuminsider.com/2020/09/08/innovare-advancement-center-announces-18-teams-qualified-for-1-million-in-basic-research-funding-awards-from-the-million-dollar-international-quantum-u-tech-accelerator (1/1), chunk 42/44
[21:24:40 +9m 58s | thequantuminsider_2020_09_08_innovare_advancement_center_announces_18_teams_qualified_for_1bb059c1] Extracting interactions: https://thequantuminsider.com/2020/09/08/innovare-advancement-center-announces-18-teams-qualified-for-1-million-in-basic-research-funding-awards-from-the-million-dollar-international-quantum-u-tech-accelerator (1/1), chunk 43/44
[21:25:18 +10m 34s | thequantuminsider_2020_09_08_innovare_advancement_center_announces_18_teams_qualified_for_1bb059c1] Extracting interactions: https://thequantuminsider.com/2020/09/08/innovare-advancement-center-announces-18-teams-qualified-for-1-million-in-basic-research-funding-awards-from-the-million-dollar-international-quantum-u-tech-accelerator (1/1), chunk 44/44
[21:25:20 +10m 35s | thequantuminsider_2020_09_08_innovare_advancement_center_announces_18_teams_qualified_for_1bb059c1] Saved 3_interaction_results.json with 45 extracted interactions.

[21:25:20 +10m 35s | thequantuminsider_2020_09_08_innovare_advancement_center_announces_18_teams_qualified_for_1bb059c1] === 4 clean interactions ===
[21:25:20 +10m 35s | thequantuminsider_2020_09_08_innovare_advancement_center_announces_18_teams_qualified_for_1bb059c1] Saved 4_edges.json with 1 cleaned interactions.

[21:25:20 +10m 35s | thequantuminsider_2020_09_08_innovare_advancement_center_announces_18_teams_qualified_for_1bb059c1] === 5 helix enrichment ===
[21:25:20 +10m 35s | thequantuminsider_2020_09_08_innovare_advancement_center_announces_18_teams_qualified_for_1bb059c1] Wrote 5_nodes.json (28 actors)
[21:25:20 +10m 35s | thequantuminsider_2020_09_08_innovare_advancement_center_announces_18_teams_qualified_for_1bb059c1] Wrote 5_edges.json (1 interactions)
[21:25:20 +10m 35s | thequantuminsider_2020_09_08_innovare_advancement_center_announces_18_teams_qualified_for_1bb059c1] Actor helix counts: {'Academia': 4, 'Civil Society': 3, 'Government': 3, 'Industry': 2, 'Intermediary': 4, 'Unknown': 12}
[21:25:20 +10m 35s | thequantuminsider_2020_09_08_innovare_advancement_center_announces_18_teams_qualified_for_1bb059c1] Functional-space counts: {'Consensus': 1}

[21:25:20 +10m 35s | thequantuminsider_2020_09_08_innovare_advancement_center_announces_18_teams_qualified_for_1bb059c1] === 6 network visualisation ===
[21:25:20 +10m 35s | thequantuminsider_2020_09_08_innovare_advancement_center_announces_18_teams_qualified_for_1bb059c1] Wrote quantum_network.html
[21:25:20 +10m 35s | thequantuminsider_2020_09_08_innovare_advancement_center_announces_18_teams_qualified_for_1bb059c1] Nodes: 28
[21:25:20 +10m 35s | thequantuminsider_2020_09_08_innovare_advancement_center_announces_18_teams_qualified_for_1bb059c1] Edges: 1

[21:25:20 +10m 36s | thequantuminsider_2020_09_08_innovare_advancement_center_announces_18_teams_qualified_for_1bb059c1] Done. Outputs written to: /home/lv/IDP/idpdeeptech/pipeline/news_outputs/thequantuminsider_2020_09_08_innovare_advancement_center_announces_18_teams_qualified_for_1bb059c1
[21:25:20 +10m 36s | thequantuminsider_2020_09_08_innovare_advancement_center_announces_18_teams_qualified_for_1bb059c1] Log: /home/lv/IDP/idpdeeptech/pipeline/news_outputs/thequantuminsider_2020_09_08_innovare_advancement_center_announces_18_teams_qualified_for_1bb059c1/run.log

========================================================================
RUN FINISHED 2026-07-01 21:25:20  (OK)
Started:     2026-07-01 21:13:49
Elapsed:     10m 36s
========================================================================
