
========================================================================
RUN STARTED  2026-07-01 21:22:09
site_pipeline.py https://thequantuminsider.com/2020/08/09/quantum-computing-now-podcast-episode-16-interview-with-johan-vos/
========================================================================

[21:22:09 +0s | thequantuminsider_2020_08_09_quantum_computing_now_podcast_episode_16_interview_with_johan_vos] === 0 crawl site ===
[21:22:10 +1s | thequantuminsider_2020_08_09_quantum_computing_now_podcast_episode_16_interview_with_johan_vos] [INIT].... → Crawl4AI 0.8.6 
[21:22:13 +3s | thequantuminsider_2020_08_09_quantum_computing_now_podcast_episode_16_interview_with_johan_vos] [FETCH]... ↓ https://thequantuminsider.com/2020/08/09/quantum...now-podcast-episode-16-interview-with-johan-vos/  | ✓ | ⏱: 2.19s 
[21:22:13 +3s | thequantuminsider_2020_08_09_quantum_computing_now_podcast_episode_16_interview_with_johan_vos] [SCRAPE].. ◆ https://thequantuminsider.com/2020/08/09/quantum...now-podcast-episode-16-interview-with-johan-vos/  | ✓ | ⏱: 0.07s 
[21:22:13 +4s | thequantuminsider_2020_08_09_quantum_computing_now_podcast_episode_16_interview_with_johan_vos] [COMPLETE] ● https://thequantuminsider.com/2020/08/09/quantum...now-podcast-episode-16-interview-with-johan-vos/  | ✓ | ⏱: 2.27s 
[21:22:13 +4s | thequantuminsider_2020_08_09_quantum_computing_now_podcast_episode_16_interview_with_johan_vos] Saved: crawl_output/10e707bbbb_thequantuminsider.com_2020_08_09_quantum-computing-now-podcast-episode-16-interview-with-johan-vos.json

[21:22:13 +4s | thequantuminsider_2020_08_09_quantum_computing_now_podcast_episode_16_interview_with_johan_vos] === 1 actor extraction ===
[21:22:13 +4s | thequantuminsider_2020_08_09_quantum_computing_now_podcast_episode_16_interview_with_johan_vos] Reading page (1/1): https://thequantuminsider.com/2020/08/09/quantum-computing-now-podcast-episode-16-interview-with-johan-vos
[21:22:13 +4s | thequantuminsider_2020_08_09_quantum_computing_now_podcast_episode_16_interview_with_johan_vos] Extracting actors: https://thequantuminsider.com/2020/08/09/quantum-computing-now-podcast-episode-16-interview-with-johan-vos (1/1), chunk 1/24
[21:22:21 +12s | thequantuminsider_2020_08_09_quantum_computing_now_podcast_episode_16_interview_with_johan_vos] Repaired malformed JSON.
[21:22:21 +12s | thequantuminsider_2020_08_09_quantum_computing_now_podcast_episode_16_interview_with_johan_vos] Extracting actors: https://thequantuminsider.com/2020/08/09/quantum-computing-now-podcast-episode-16-interview-with-johan-vos (1/1), chunk 2/24
[21:22:32 +20s | thequantuminsider_2020_08_09_quantum_computing_now_podcast_episode_16_interview_with_johan_vos] Repaired malformed JSON.
[21:22:32 +20s | thequantuminsider_2020_08_09_quantum_computing_now_podcast_episode_16_interview_with_johan_vos] Extracting actors: https://thequantuminsider.com/2020/08/09/quantum-computing-now-podcast-episode-16-interview-with-johan-vos (1/1), chunk 3/24
[21:22:38 +26s | thequantuminsider_2020_08_09_quantum_computing_now_podcast_episode_16_interview_with_johan_vos] Repaired malformed JSON.
[21:22:38 +26s | thequantuminsider_2020_08_09_quantum_computing_now_podcast_episode_16_interview_with_johan_vos] Extracting actors: https://thequantuminsider.com/2020/08/09/quantum-computing-now-podcast-episode-16-interview-with-johan-vos (1/1), chunk 4/24
[21:22:43 +31s | thequantuminsider_2020_08_09_quantum_computing_now_podcast_episode_16_interview_with_johan_vos] Extracting actors: https://thequantuminsider.com/2020/08/09/quantum-computing-now-podcast-episode-16-interview-with-johan-vos (1/1), chunk 5/24
[21:22:49 +37s | thequantuminsider_2020_08_09_quantum_computing_now_podcast_episode_16_interview_with_johan_vos] Repaired malformed JSON.
[21:22:49 +37s | thequantuminsider_2020_08_09_quantum_computing_now_podcast_episode_16_interview_with_johan_vos] Extracting actors: https://thequantuminsider.com/2020/08/09/quantum-computing-now-podcast-episode-16-interview-with-johan-vos (1/1), chunk 6/24
[21:22:54 +42s | thequantuminsider_2020_08_09_quantum_computing_now_podcast_episode_16_interview_with_johan_vos] Extracting actors: https://thequantuminsider.com/2020/08/09/quantum-computing-now-podcast-episode-16-interview-with-johan-vos (1/1), chunk 7/24
[21:22:59 +47s | thequantuminsider_2020_08_09_quantum_computing_now_podcast_episode_16_interview_with_johan_vos] Extracting actors: https://thequantuminsider.com/2020/08/09/quantum-computing-now-podcast-episode-16-interview-with-johan-vos (1/1), chunk 8/24
[21:23:03 +51s | thequantuminsider_2020_08_09_quantum_computing_now_podcast_episode_16_interview_with_johan_vos] Extracting actors: https://thequantuminsider.com/2020/08/09/quantum-computing-now-podcast-episode-16-interview-with-johan-vos (1/1), chunk 9/24
[21:23:12 +57s | thequantuminsider_2020_08_09_quantum_computing_now_podcast_episode_16_interview_with_johan_vos] Repaired malformed JSON.
[21:23:12 +57s | thequantuminsider_2020_08_09_quantum_computing_now_podcast_episode_16_interview_with_johan_vos] Extracting actors: https://thequantuminsider.com/2020/08/09/quantum-computing-now-podcast-episode-16-interview-with-johan-vos (1/1), chunk 10/24
[21:23:20 +1m 5s | thequantuminsider_2020_08_09_quantum_computing_now_podcast_episode_16_interview_with_johan_vos] Repaired malformed JSON.
[21:23:20 +1m 5s | thequantuminsider_2020_08_09_quantum_computing_now_podcast_episode_16_interview_with_johan_vos] Extracting actors: https://thequantuminsider.com/2020/08/09/quantum-computing-now-podcast-episode-16-interview-with-johan-vos (1/1), chunk 11/24
[21:23:25 +1m 10s | thequantuminsider_2020_08_09_quantum_computing_now_podcast_episode_16_interview_with_johan_vos] Repaired malformed JSON.
[21:23:25 +1m 10s | thequantuminsider_2020_08_09_quantum_computing_now_podcast_episode_16_interview_with_johan_vos] Extracting actors: https://thequantuminsider.com/2020/08/09/quantum-computing-now-podcast-episode-16-interview-with-johan-vos (1/1), chunk 12/24
[21:23:31 +1m 16s | thequantuminsider_2020_08_09_quantum_computing_now_podcast_episode_16_interview_with_johan_vos] Repaired malformed JSON.
[21:23:31 +1m 16s | thequantuminsider_2020_08_09_quantum_computing_now_podcast_episode_16_interview_with_johan_vos] Extracting actors: https://thequantuminsider.com/2020/08/09/quantum-computing-now-podcast-episode-16-interview-with-johan-vos (1/1), chunk 13/24
[21:23:42 +1m 24s | thequantuminsider_2020_08_09_quantum_computing_now_podcast_episode_16_interview_with_johan_vos] Repaired malformed JSON.
[21:23:42 +1m 24s | thequantuminsider_2020_08_09_quantum_computing_now_podcast_episode_16_interview_with_johan_vos] Extracting actors: https://thequantuminsider.com/2020/08/09/quantum-computing-now-podcast-episode-16-interview-with-johan-vos (1/1), chunk 14/24
[21:23:50 +1m 32s | thequantuminsider_2020_08_09_quantum_computing_now_podcast_episode_16_interview_with_johan_vos] Repaired malformed JSON.
[21:23:50 +1m 32s | thequantuminsider_2020_08_09_quantum_computing_now_podcast_episode_16_interview_with_johan_vos] Extracting actors: https://thequantuminsider.com/2020/08/09/quantum-computing-now-podcast-episode-16-interview-with-johan-vos (1/1), chunk 15/24
[21:23:59 +1m 41s | thequantuminsider_2020_08_09_quantum_computing_now_podcast_episode_16_interview_with_johan_vos] Repaired malformed JSON.
[21:23:59 +1m 41s | thequantuminsider_2020_08_09_quantum_computing_now_podcast_episode_16_interview_with_johan_vos] Extracting actors: https://thequantuminsider.com/2020/08/09/quantum-computing-now-podcast-episode-16-interview-with-johan-vos (1/1), chunk 16/24
[21:24:06 +1m 48s | thequantuminsider_2020_08_09_quantum_computing_now_podcast_episode_16_interview_with_johan_vos] Repaired malformed JSON.
[21:24:06 +1m 48s | thequantuminsider_2020_08_09_quantum_computing_now_podcast_episode_16_interview_with_johan_vos] Extracting actors: https://thequantuminsider.com/2020/08/09/quantum-computing-now-podcast-episode-16-interview-with-johan-vos (1/1), chunk 17/24
[21:24:12 +1m 54s | thequantuminsider_2020_08_09_quantum_computing_now_podcast_episode_16_interview_with_johan_vos] Repaired malformed JSON.
[21:24:12 +1m 54s | thequantuminsider_2020_08_09_quantum_computing_now_podcast_episode_16_interview_with_johan_vos] Extracting actors: https://thequantuminsider.com/2020/08/09/quantum-computing-now-podcast-episode-16-interview-with-johan-vos (1/1), chunk 18/24
[21:24:21 +2m 0s | thequantuminsider_2020_08_09_quantum_computing_now_podcast_episode_16_interview_with_johan_vos] Repaired malformed JSON.
[21:24:21 +2m 0s | thequantuminsider_2020_08_09_quantum_computing_now_podcast_episode_16_interview_with_johan_vos] Extracting actors: https://thequantuminsider.com/2020/08/09/quantum-computing-now-podcast-episode-16-interview-with-johan-vos (1/1), chunk 19/24
[21:24:28 +2m 7s | thequantuminsider_2020_08_09_quantum_computing_now_podcast_episode_16_interview_with_johan_vos] Repaired malformed JSON.
[21:24:28 +2m 7s | thequantuminsider_2020_08_09_quantum_computing_now_podcast_episode_16_interview_with_johan_vos] Extracting actors: https://thequantuminsider.com/2020/08/09/quantum-computing-now-podcast-episode-16-interview-with-johan-vos (1/1), chunk 20/24
[21:24:34 +2m 13s | thequantuminsider_2020_08_09_quantum_computing_now_podcast_episode_16_interview_with_johan_vos] Repaired malformed JSON.
[21:24:34 +2m 13s | thequantuminsider_2020_08_09_quantum_computing_now_podcast_episode_16_interview_with_johan_vos] Extracting actors: https://thequantuminsider.com/2020/08/09/quantum-computing-now-podcast-episode-16-interview-with-johan-vos (1/1), chunk 21/24
[21:24:41 +2m 20s | thequantuminsider_2020_08_09_quantum_computing_now_podcast_episode_16_interview_with_johan_vos] Repaired malformed JSON.
[21:24:41 +2m 20s | thequantuminsider_2020_08_09_quantum_computing_now_podcast_episode_16_interview_with_johan_vos] Extracting actors: https://thequantuminsider.com/2020/08/09/quantum-computing-now-podcast-episode-16-interview-with-johan-vos (1/1), chunk 22/24
[21:24:47 +2m 26s | thequantuminsider_2020_08_09_quantum_computing_now_podcast_episode_16_interview_with_johan_vos] Extracting actors: https://thequantuminsider.com/2020/08/09/quantum-computing-now-podcast-episode-16-interview-with-johan-vos (1/1), chunk 23/24
[21:24:57 +2m 34s | thequantuminsider_2020_08_09_quantum_computing_now_podcast_episode_16_interview_with_johan_vos] Repaired malformed JSON.
[21:24:57 +2m 34s | thequantuminsider_2020_08_09_quantum_computing_now_podcast_episode_16_interview_with_johan_vos] Extracting actors: https://thequantuminsider.com/2020/08/09/quantum-computing-now-podcast-episode-16-interview-with-johan-vos (1/1), chunk 24/24
[21:25:02 +2m 39s | thequantuminsider_2020_08_09_quantum_computing_now_podcast_episode_16_interview_with_johan_vos] Saved 1_actor_results.json with 41 extracted records

[21:25:03 +2m 39s | thequantuminsider_2020_08_09_quantum_computing_now_podcast_episode_16_interview_with_johan_vos] === 2 clean actors ===
[21:25:03 +2m 39s | thequantuminsider_2020_08_09_quantum_computing_now_podcast_episode_16_interview_with_johan_vos] Loaded 41 extracted records
[21:25:03 +2m 39s | thequantuminsider_2020_08_09_quantum_computing_now_podcast_episode_16_interview_with_johan_vos] Saved 2_actor_nodes.json with 13 canonical actor nodes

[21:25:03 +2m 39s | thequantuminsider_2020_08_09_quantum_computing_now_podcast_episode_16_interview_with_johan_vos] === 3 interaction extraction ===
[21:25:03 +2m 39s | thequantuminsider_2020_08_09_quantum_computing_now_podcast_episode_16_interview_with_johan_vos] Extracting interactions: https://thequantuminsider.com/2020/08/09/quantum-computing-now-podcast-episode-16-interview-with-johan-vos (1/1), chunk 11/24
[21:25:07 +2m 43s | thequantuminsider_2020_08_09_quantum_computing_now_podcast_episode_16_interview_with_johan_vos] Extracting interactions: https://thequantuminsider.com/2020/08/09/quantum-computing-now-podcast-episode-16-interview-with-johan-vos (1/1), chunk 12/24
[21:25:11 +2m 47s | thequantuminsider_2020_08_09_quantum_computing_now_podcast_episode_16_interview_with_johan_vos] Extracting interactions: https://thequantuminsider.com/2020/08/09/quantum-computing-now-podcast-episode-16-interview-with-johan-vos (1/1), chunk 13/24
[21:25:18 +2m 54s | thequantuminsider_2020_08_09_quantum_computing_now_podcast_episode_16_interview_with_johan_vos] Extracting interactions: https://thequantuminsider.com/2020/08/09/quantum-computing-now-podcast-episode-16-interview-with-johan-vos (1/1), chunk 14/24
[21:25:22 +2m 58s | thequantuminsider_2020_08_09_quantum_computing_now_podcast_episode_16_interview_with_johan_vos] Extracting interactions: https://thequantuminsider.com/2020/08/09/quantum-computing-now-podcast-episode-16-interview-with-johan-vos (1/1), chunk 15/24
[21:25:38 +3m 11s | thequantuminsider_2020_08_09_quantum_computing_now_podcast_episode_16_interview_with_johan_vos] Extracting interactions: https://thequantuminsider.com/2020/08/09/quantum-computing-now-podcast-episode-16-interview-with-johan-vos (1/1), chunk 16/24
[21:25:43 +3m 16s | thequantuminsider_2020_08_09_quantum_computing_now_podcast_episode_16_interview_with_johan_vos] Extracting interactions: https://thequantuminsider.com/2020/08/09/quantum-computing-now-podcast-episode-16-interview-with-johan-vos (1/1), chunk 17/24
[21:25:54 +3m 27s | thequantuminsider_2020_08_09_quantum_computing_now_podcast_episode_16_interview_with_johan_vos] Extracting interactions: https://thequantuminsider.com/2020/08/09/quantum-computing-now-podcast-episode-16-interview-with-johan-vos (1/1), chunk 18/24
[21:26:08 +3m 38s | thequantuminsider_2020_08_09_quantum_computing_now_podcast_episode_16_interview_with_johan_vos] Extracting interactions: https://thequantuminsider.com/2020/08/09/quantum-computing-now-podcast-episode-16-interview-with-johan-vos (1/1), chunk 19/24
[21:26:15 +3m 46s | thequantuminsider_2020_08_09_quantum_computing_now_podcast_episode_16_interview_with_johan_vos] Extracting interactions: https://thequantuminsider.com/2020/08/09/quantum-computing-now-podcast-episode-16-interview-with-johan-vos (1/1), chunk 20/24
[21:26:30 +4m 0s | thequantuminsider_2020_08_09_quantum_computing_now_podcast_episode_16_interview_with_johan_vos] Saved 3_interaction_results.json with 13 extracted interactions.

[21:26:30 +4m 0s | thequantuminsider_2020_08_09_quantum_computing_now_podcast_episode_16_interview_with_johan_vos] === 4 clean interactions ===
[21:26:30 +4m 0s | thequantuminsider_2020_08_09_quantum_computing_now_podcast_episode_16_interview_with_johan_vos] Saved 4_edges.json with 0 cleaned interactions.

[21:26:30 +4m 0s | thequantuminsider_2020_08_09_quantum_computing_now_podcast_episode_16_interview_with_johan_vos] === 5 helix enrichment ===
[21:26:30 +4m 0s | thequantuminsider_2020_08_09_quantum_computing_now_podcast_episode_16_interview_with_johan_vos] Wrote 5_nodes.json (13 actors)
[21:26:30 +4m 0s | thequantuminsider_2020_08_09_quantum_computing_now_podcast_episode_16_interview_with_johan_vos] Wrote 5_edges.json (0 interactions)
[21:26:30 +4m 0s | thequantuminsider_2020_08_09_quantum_computing_now_podcast_episode_16_interview_with_johan_vos] Actor helix counts: {'Civil Society': 2, 'Government': 2, 'Industry': 4, 'Intermediary': 1, 'Unknown': 4}
[21:26:30 +4m 0s | thequantuminsider_2020_08_09_quantum_computing_now_podcast_episode_16_interview_with_johan_vos] Functional-space counts: {}

[21:26:30 +4m 0s | thequantuminsider_2020_08_09_quantum_computing_now_podcast_episode_16_interview_with_johan_vos] === 6 network visualisation ===
[21:26:30 +4m 0s | thequantuminsider_2020_08_09_quantum_computing_now_podcast_episode_16_interview_with_johan_vos] Wrote quantum_network.html
[21:26:30 +4m 0s | thequantuminsider_2020_08_09_quantum_computing_now_podcast_episode_16_interview_with_johan_vos] Nodes: 13
[21:26:30 +4m 0s | thequantuminsider_2020_08_09_quantum_computing_now_podcast_episode_16_interview_with_johan_vos] Edges: 0

[21:26:30 +4m 1s | thequantuminsider_2020_08_09_quantum_computing_now_podcast_episode_16_interview_with_johan_vos] Done. Outputs written to: /home/lv/IDP/idpdeeptech/pipeline/news_outputs/thequantuminsider_2020_08_09_quantum_computing_now_podcast_episode_16_interview_with_johan_vos
[21:26:30 +4m 1s | thequantuminsider_2020_08_09_quantum_computing_now_podcast_episode_16_interview_with_johan_vos] Log: /home/lv/IDP/idpdeeptech/pipeline/news_outputs/thequantuminsider_2020_08_09_quantum_computing_now_podcast_episode_16_interview_with_johan_vos/run.log

========================================================================
RUN FINISHED 2026-07-01 21:26:30  (OK)
Started:     2026-07-01 21:22:09
Elapsed:     4m 1s
========================================================================
