
========================================================================
RUN STARTED  2026-07-02 01:23:53
site_pipeline.py https://thequantuminsider.com/2020/04/16/will-africa-miss-the-next-computational-revolution/
========================================================================

[01:23:53 +0s | thequantuminsider_2020_04_16_will_africa_miss_the_next_computational_revolution] === 0 crawl site ===
[01:23:54 +1s | thequantuminsider_2020_04_16_will_africa_miss_the_next_computational_revolution] [INIT].... → Crawl4AI 0.8.6 
[01:23:56 +3s | thequantuminsider_2020_04_16_will_africa_miss_the_next_computational_revolution] [FETCH]... ↓ https://thequantuminsider.com/2020/04/16/will-africa-miss-the-next-computational-revolution/         | ✓ | ⏱: 2.10s 
[01:23:56 +3s | thequantuminsider_2020_04_16_will_africa_miss_the_next_computational_revolution] [SCRAPE].. ◆ https://thequantuminsider.com/2020/04/16/will-africa-miss-the-next-computational-revolution/         | ✓ | ⏱: 0.11s 
[01:23:56 +3s | thequantuminsider_2020_04_16_will_africa_miss_the_next_computational_revolution] [COMPLETE] ● https://thequantuminsider.com/2020/04/16/will-africa-miss-the-next-computational-revolution/         | ✓ | ⏱: 2.22s 
[01:23:56 +3s | thequantuminsider_2020_04_16_will_africa_miss_the_next_computational_revolution] Saved: crawl_output/5f25920cbf_thequantuminsider.com_2020_04_16_will-africa-miss-the-next-computational-revolution.json

[01:23:56 +4s | thequantuminsider_2020_04_16_will_africa_miss_the_next_computational_revolution] === 1 actor extraction ===
[01:23:56 +4s | thequantuminsider_2020_04_16_will_africa_miss_the_next_computational_revolution] Reading page (1/1): https://thequantuminsider.com/2020/04/16/will-africa-miss-the-next-computational-revolution
[01:23:56 +4s | thequantuminsider_2020_04_16_will_africa_miss_the_next_computational_revolution] Extracting actors: https://thequantuminsider.com/2020/04/16/will-africa-miss-the-next-computational-revolution (1/1), chunk 1/40
[01:24:01 +8s | thequantuminsider_2020_04_16_will_africa_miss_the_next_computational_revolution] Extracting actors: https://thequantuminsider.com/2020/04/16/will-africa-miss-the-next-computational-revolution (1/1), chunk 2/40
[01:24:07 +14s | thequantuminsider_2020_04_16_will_africa_miss_the_next_computational_revolution] Extracting actors: https://thequantuminsider.com/2020/04/16/will-africa-miss-the-next-computational-revolution (1/1), chunk 3/40
[01:24:11 +19s | thequantuminsider_2020_04_16_will_africa_miss_the_next_computational_revolution] Extracting actors: https://thequantuminsider.com/2020/04/16/will-africa-miss-the-next-computational-revolution (1/1), chunk 4/40
[01:24:15 +23s | thequantuminsider_2020_04_16_will_africa_miss_the_next_computational_revolution] Extracting actors: https://thequantuminsider.com/2020/04/16/will-africa-miss-the-next-computational-revolution (1/1), chunk 5/40
[01:24:22 +27s | thequantuminsider_2020_04_16_will_africa_miss_the_next_computational_revolution] Extracting actors: https://thequantuminsider.com/2020/04/16/will-africa-miss-the-next-computational-revolution (1/1), chunk 6/40
[01:24:28 +32s | thequantuminsider_2020_04_16_will_africa_miss_the_next_computational_revolution] Repaired malformed JSON.
[01:24:28 +32s | thequantuminsider_2020_04_16_will_africa_miss_the_next_computational_revolution] Extracting actors: https://thequantuminsider.com/2020/04/16/will-africa-miss-the-next-computational-revolution (1/1), chunk 7/40
[01:24:31 +35s | thequantuminsider_2020_04_16_will_africa_miss_the_next_computational_revolution] Extracting actors: https://thequantuminsider.com/2020/04/16/will-africa-miss-the-next-computational-revolution (1/1), chunk 8/40
[01:24:34 +39s | thequantuminsider_2020_04_16_will_africa_miss_the_next_computational_revolution] Extracting actors: https://thequantuminsider.com/2020/04/16/will-africa-miss-the-next-computational-revolution (1/1), chunk 9/40
[01:24:40 +44s | thequantuminsider_2020_04_16_will_africa_miss_the_next_computational_revolution] Extracting actors: https://thequantuminsider.com/2020/04/16/will-africa-miss-the-next-computational-revolution (1/1), chunk 10/40
[01:24:45 +49s | thequantuminsider_2020_04_16_will_africa_miss_the_next_computational_revolution] Extracting actors: https://thequantuminsider.com/2020/04/16/will-africa-miss-the-next-computational-revolution (1/1), chunk 11/40
[01:24:49 +54s | thequantuminsider_2020_04_16_will_africa_miss_the_next_computational_revolution] Extracting actors: https://thequantuminsider.com/2020/04/16/will-africa-miss-the-next-computational-revolution (1/1), chunk 12/40
[01:24:58 +59s | thequantuminsider_2020_04_16_will_africa_miss_the_next_computational_revolution] Extracting actors: https://thequantuminsider.com/2020/04/16/will-africa-miss-the-next-computational-revolution (1/1), chunk 13/40
[01:25:05 +1m 6s | thequantuminsider_2020_04_16_will_africa_miss_the_next_computational_revolution] Repaired malformed JSON.
[01:25:05 +1m 6s | thequantuminsider_2020_04_16_will_africa_miss_the_next_computational_revolution] Extracting actors: https://thequantuminsider.com/2020/04/16/will-africa-miss-the-next-computational-revolution (1/1), chunk 14/40
[01:25:10 +1m 12s | thequantuminsider_2020_04_16_will_africa_miss_the_next_computational_revolution] Repaired malformed JSON.
[01:25:10 +1m 12s | thequantuminsider_2020_04_16_will_africa_miss_the_next_computational_revolution] Extracting actors: https://thequantuminsider.com/2020/04/16/will-africa-miss-the-next-computational-revolution (1/1), chunk 15/40
[01:25:20 +1m 21s | thequantuminsider_2020_04_16_will_africa_miss_the_next_computational_revolution] Repaired malformed JSON.
[01:25:20 +1m 21s | thequantuminsider_2020_04_16_will_africa_miss_the_next_computational_revolution] Extracting actors: https://thequantuminsider.com/2020/04/16/will-africa-miss-the-next-computational-revolution (1/1), chunk 16/40
[01:25:27 +1m 28s | thequantuminsider_2020_04_16_will_africa_miss_the_next_computational_revolution] Repaired malformed JSON.
[01:25:27 +1m 28s | thequantuminsider_2020_04_16_will_africa_miss_the_next_computational_revolution] Extracting actors: https://thequantuminsider.com/2020/04/16/will-africa-miss-the-next-computational-revolution (1/1), chunk 17/40
[01:25:36 +1m 34s | thequantuminsider_2020_04_16_will_africa_miss_the_next_computational_revolution] Repaired malformed JSON.
[01:25:36 +1m 34s | thequantuminsider_2020_04_16_will_africa_miss_the_next_computational_revolution] Extracting actors: https://thequantuminsider.com/2020/04/16/will-africa-miss-the-next-computational-revolution (1/1), chunk 18/40
[01:25:44 +1m 42s | thequantuminsider_2020_04_16_will_africa_miss_the_next_computational_revolution] Repaired malformed JSON.
[01:25:44 +1m 42s | thequantuminsider_2020_04_16_will_africa_miss_the_next_computational_revolution] Extracting actors: https://thequantuminsider.com/2020/04/16/will-africa-miss-the-next-computational-revolution (1/1), chunk 19/40
[01:25:50 +1m 48s | thequantuminsider_2020_04_16_will_africa_miss_the_next_computational_revolution] Repaired malformed JSON.
[01:25:50 +1m 48s | thequantuminsider_2020_04_16_will_africa_miss_the_next_computational_revolution] Extracting actors: https://thequantuminsider.com/2020/04/16/will-africa-miss-the-next-computational-revolution (1/1), chunk 20/40
[01:25:56 +1m 55s | thequantuminsider_2020_04_16_will_africa_miss_the_next_computational_revolution] Repaired malformed JSON.
[01:25:56 +1m 55s | thequantuminsider_2020_04_16_will_africa_miss_the_next_computational_revolution] Extracting actors: https://thequantuminsider.com/2020/04/16/will-africa-miss-the-next-computational-revolution (1/1), chunk 21/40
[01:26:06 +2m 2s | thequantuminsider_2020_04_16_will_africa_miss_the_next_computational_revolution] Repaired malformed JSON.
[01:26:06 +2m 2s | thequantuminsider_2020_04_16_will_africa_miss_the_next_computational_revolution] Extracting actors: https://thequantuminsider.com/2020/04/16/will-africa-miss-the-next-computational-revolution (1/1), chunk 22/40
[01:26:12 +2m 7s | thequantuminsider_2020_04_16_will_africa_miss_the_next_computational_revolution] Repaired malformed JSON.
[01:26:12 +2m 7s | thequantuminsider_2020_04_16_will_africa_miss_the_next_computational_revolution] Extracting actors: https://thequantuminsider.com/2020/04/16/will-africa-miss-the-next-computational-revolution (1/1), chunk 23/40
[01:26:17 +2m 13s | thequantuminsider_2020_04_16_will_africa_miss_the_next_computational_revolution] Repaired malformed JSON.
[01:26:17 +2m 13s | thequantuminsider_2020_04_16_will_africa_miss_the_next_computational_revolution] Extracting actors: https://thequantuminsider.com/2020/04/16/will-africa-miss-the-next-computational-revolution (1/1), chunk 24/40
[01:26:24 +2m 19s | thequantuminsider_2020_04_16_will_africa_miss_the_next_computational_revolution] Repaired malformed JSON.
[01:26:24 +2m 19s | thequantuminsider_2020_04_16_will_africa_miss_the_next_computational_revolution] Extracting actors: https://thequantuminsider.com/2020/04/16/will-africa-miss-the-next-computational-revolution (1/1), chunk 25/40
[01:26:32 +2m 28s | thequantuminsider_2020_04_16_will_africa_miss_the_next_computational_revolution] Repaired malformed JSON.
[01:26:32 +2m 28s | thequantuminsider_2020_04_16_will_africa_miss_the_next_computational_revolution] Extracting actors: https://thequantuminsider.com/2020/04/16/will-africa-miss-the-next-computational-revolution (1/1), chunk 26/40
[01:26:37 +2m 33s | thequantuminsider_2020_04_16_will_africa_miss_the_next_computational_revolution] Repaired malformed JSON.
[01:26:37 +2m 33s | thequantuminsider_2020_04_16_will_africa_miss_the_next_computational_revolution] Extracting actors: https://thequantuminsider.com/2020/04/16/will-africa-miss-the-next-computational-revolution (1/1), chunk 27/40
[01:26:46 +2m 39s | thequantuminsider_2020_04_16_will_africa_miss_the_next_computational_revolution] Repaired malformed JSON.
[01:26:46 +2m 39s | thequantuminsider_2020_04_16_will_africa_miss_the_next_computational_revolution] Extracting actors: https://thequantuminsider.com/2020/04/16/will-africa-miss-the-next-computational-revolution (1/1), chunk 28/40
[01:26:51 +2m 43s | thequantuminsider_2020_04_16_will_africa_miss_the_next_computational_revolution] Extracting actors: https://thequantuminsider.com/2020/04/16/will-africa-miss-the-next-computational-revolution (1/1), chunk 29/40
[01:26:55 +2m 48s | thequantuminsider_2020_04_16_will_africa_miss_the_next_computational_revolution] Extracting actors: https://thequantuminsider.com/2020/04/16/will-africa-miss-the-next-computational-revolution (1/1), chunk 30/40
[01:27:03 +2m 55s | thequantuminsider_2020_04_16_will_africa_miss_the_next_computational_revolution] Repaired malformed JSON.
[01:27:03 +2m 55s | thequantuminsider_2020_04_16_will_africa_miss_the_next_computational_revolution] Extracting actors: https://thequantuminsider.com/2020/04/16/will-africa-miss-the-next-computational-revolution (1/1), chunk 31/40
[01:27:10 +3m 2s | thequantuminsider_2020_04_16_will_africa_miss_the_next_computational_revolution] Repaired malformed JSON.
[01:27:10 +3m 2s | thequantuminsider_2020_04_16_will_africa_miss_the_next_computational_revolution] Extracting actors: https://thequantuminsider.com/2020/04/16/will-africa-miss-the-next-computational-revolution (1/1), chunk 32/40
[01:27:18 +3m 8s | thequantuminsider_2020_04_16_will_africa_miss_the_next_computational_revolution] Repaired malformed JSON.
[01:27:18 +3m 8s | thequantuminsider_2020_04_16_will_africa_miss_the_next_computational_revolution] Extracting actors: https://thequantuminsider.com/2020/04/16/will-africa-miss-the-next-computational-revolution (1/1), chunk 33/40
[01:27:24 +3m 14s | thequantuminsider_2020_04_16_will_africa_miss_the_next_computational_revolution] Repaired malformed JSON.
[01:27:24 +3m 14s | thequantuminsider_2020_04_16_will_africa_miss_the_next_computational_revolution] Extracting actors: https://thequantuminsider.com/2020/04/16/will-africa-miss-the-next-computational-revolution (1/1), chunk 34/40
[01:27:29 +3m 19s | thequantuminsider_2020_04_16_will_africa_miss_the_next_computational_revolution] Repaired malformed JSON.
[01:27:29 +3m 19s | thequantuminsider_2020_04_16_will_africa_miss_the_next_computational_revolution] Extracting actors: https://thequantuminsider.com/2020/04/16/will-africa-miss-the-next-computational-revolution (1/1), chunk 35/40
[01:27:36 +3m 26s | thequantuminsider_2020_04_16_will_africa_miss_the_next_computational_revolution] Repaired malformed JSON.
[01:27:36 +3m 26s | thequantuminsider_2020_04_16_will_africa_miss_the_next_computational_revolution] Extracting actors: https://thequantuminsider.com/2020/04/16/will-africa-miss-the-next-computational-revolution (1/1), chunk 36/40
[01:27:42 +3m 32s | thequantuminsider_2020_04_16_will_africa_miss_the_next_computational_revolution] Repaired malformed JSON.
[01:27:42 +3m 32s | thequantuminsider_2020_04_16_will_africa_miss_the_next_computational_revolution] Extracting actors: https://thequantuminsider.com/2020/04/16/will-africa-miss-the-next-computational-revolution (1/1), chunk 37/40
[01:27:47 +3m 37s | thequantuminsider_2020_04_16_will_africa_miss_the_next_computational_revolution] Repaired malformed JSON.
[01:27:47 +3m 37s | thequantuminsider_2020_04_16_will_africa_miss_the_next_computational_revolution] Extracting actors: https://thequantuminsider.com/2020/04/16/will-africa-miss-the-next-computational-revolution (1/1), chunk 38/40
[01:27:55 +3m 42s | thequantuminsider_2020_04_16_will_africa_miss_the_next_computational_revolution] Repaired malformed JSON.
[01:27:55 +3m 42s | thequantuminsider_2020_04_16_will_africa_miss_the_next_computational_revolution] Extracting actors: https://thequantuminsider.com/2020/04/16/will-africa-miss-the-next-computational-revolution (1/1), chunk 39/40
[01:28:00 +3m 47s | thequantuminsider_2020_04_16_will_africa_miss_the_next_computational_revolution] Repaired malformed JSON.
[01:28:00 +3m 47s | thequantuminsider_2020_04_16_will_africa_miss_the_next_computational_revolution] Extracting actors: https://thequantuminsider.com/2020/04/16/will-africa-miss-the-next-computational-revolution (1/1), chunk 40/40
[01:28:06 +3m 53s | thequantuminsider_2020_04_16_will_africa_miss_the_next_computational_revolution] Repaired malformed JSON.
[01:28:06 +3m 53s | thequantuminsider_2020_04_16_will_africa_miss_the_next_computational_revolution] Saved 1_actor_results.json with 63 extracted records

[01:28:06 +3m 53s | thequantuminsider_2020_04_16_will_africa_miss_the_next_computational_revolution] === 2 clean actors ===
[01:28:06 +3m 53s | thequantuminsider_2020_04_16_will_africa_miss_the_next_computational_revolution] Loaded 63 extracted records
[01:28:06 +3m 53s | thequantuminsider_2020_04_16_will_africa_miss_the_next_computational_revolution] Saved 2_actor_nodes.json with 29 canonical actor nodes

[01:28:06 +3m 53s | thequantuminsider_2020_04_16_will_africa_miss_the_next_computational_revolution] === 3 interaction extraction ===
[01:28:06 +3m 53s | thequantuminsider_2020_04_16_will_africa_miss_the_next_computational_revolution] Extracting interactions: https://thequantuminsider.com/2020/04/16/will-africa-miss-the-next-computational-revolution (1/1), chunk 11/40
[01:28:09 +3m 56s | thequantuminsider_2020_04_16_will_africa_miss_the_next_computational_revolution] Extracting interactions: https://thequantuminsider.com/2020/04/16/will-africa-miss-the-next-computational-revolution (1/1), chunk 14/40
[01:28:20 +4m 6s | thequantuminsider_2020_04_16_will_africa_miss_the_next_computational_revolution] Extracting interactions: https://thequantuminsider.com/2020/04/16/will-africa-miss-the-next-computational-revolution (1/1), chunk 15/40
[01:28:38 +4m 22s | thequantuminsider_2020_04_16_will_africa_miss_the_next_computational_revolution] Extracting interactions: https://thequantuminsider.com/2020/04/16/will-africa-miss-the-next-computational-revolution (1/1), chunk 16/40
[01:28:55 +4m 38s | thequantuminsider_2020_04_16_will_africa_miss_the_next_computational_revolution] Extracting interactions: https://thequantuminsider.com/2020/04/16/will-africa-miss-the-next-computational-revolution (1/1), chunk 17/40
[01:29:03 +4m 44s | thequantuminsider_2020_04_16_will_africa_miss_the_next_computational_revolution] Extracting interactions: https://thequantuminsider.com/2020/04/16/will-africa-miss-the-next-computational-revolution (1/1), chunk 18/40
[01:29:07 +4m 48s | thequantuminsider_2020_04_16_will_africa_miss_the_next_computational_revolution] Extracting interactions: https://thequantuminsider.com/2020/04/16/will-africa-miss-the-next-computational-revolution (1/1), chunk 19/40
[01:29:14 +4m 55s | thequantuminsider_2020_04_16_will_africa_miss_the_next_computational_revolution] Extracting interactions: https://thequantuminsider.com/2020/04/16/will-africa-miss-the-next-computational-revolution (1/1), chunk 20/40
[01:29:18 +4m 59s | thequantuminsider_2020_04_16_will_africa_miss_the_next_computational_revolution] Extracting interactions: https://thequantuminsider.com/2020/04/16/will-africa-miss-the-next-computational-revolution (1/1), chunk 21/40
[01:29:23 +5m 4s | thequantuminsider_2020_04_16_will_africa_miss_the_next_computational_revolution] Extracting interactions: https://thequantuminsider.com/2020/04/16/will-africa-miss-the-next-computational-revolution (1/1), chunk 22/40
[01:29:27 +5m 8s | thequantuminsider_2020_04_16_will_africa_miss_the_next_computational_revolution] Extracting interactions: https://thequantuminsider.com/2020/04/16/will-africa-miss-the-next-computational-revolution (1/1), chunk 23/40
[01:29:44 +5m 22s | thequantuminsider_2020_04_16_will_africa_miss_the_next_computational_revolution] Extracting interactions: https://thequantuminsider.com/2020/04/16/will-africa-miss-the-next-computational-revolution (1/1), chunk 24/40
[01:29:50 +5m 28s | thequantuminsider_2020_04_16_will_africa_miss_the_next_computational_revolution] Extracting interactions: https://thequantuminsider.com/2020/04/16/will-africa-miss-the-next-computational-revolution (1/1), chunk 25/40
[01:29:57 +5m 35s | thequantuminsider_2020_04_16_will_africa_miss_the_next_computational_revolution] Extracting interactions: https://thequantuminsider.com/2020/04/16/will-africa-miss-the-next-computational-revolution (1/1), chunk 26/40
[01:30:02 +5m 40s | thequantuminsider_2020_04_16_will_africa_miss_the_next_computational_revolution] Extracting interactions: https://thequantuminsider.com/2020/04/16/will-africa-miss-the-next-computational-revolution (1/1), chunk 27/40
[01:30:03 +5m 41s | thequantuminsider_2020_04_16_will_africa_miss_the_next_computational_revolution] Extracting interactions: https://thequantuminsider.com/2020/04/16/will-africa-miss-the-next-computational-revolution (1/1), chunk 29/40
[01:30:06 +5m 44s | thequantuminsider_2020_04_16_will_africa_miss_the_next_computational_revolution] Extracting interactions: https://thequantuminsider.com/2020/04/16/will-africa-miss-the-next-computational-revolution (1/1), chunk 30/40
[01:30:14 +5m 49s | thequantuminsider_2020_04_16_will_africa_miss_the_next_computational_revolution] Extracting interactions: https://thequantuminsider.com/2020/04/16/will-africa-miss-the-next-computational-revolution (1/1), chunk 31/40
[01:30:16 +5m 51s | thequantuminsider_2020_04_16_will_africa_miss_the_next_computational_revolution] Extracting interactions: https://thequantuminsider.com/2020/04/16/will-africa-miss-the-next-computational-revolution (1/1), chunk 32/40
[01:30:55 +6m 27s | thequantuminsider_2020_04_16_will_africa_miss_the_next_computational_revolution] Extracting interactions: https://thequantuminsider.com/2020/04/16/will-africa-miss-the-next-computational-revolution (1/1), chunk 33/40
[01:30:56 +6m 28s | thequantuminsider_2020_04_16_will_africa_miss_the_next_computational_revolution] Extracting interactions: https://thequantuminsider.com/2020/04/16/will-africa-miss-the-next-computational-revolution (1/1), chunk 34/40
[01:30:58 +6m 30s | thequantuminsider_2020_04_16_will_africa_miss_the_next_computational_revolution] Extracting interactions: https://thequantuminsider.com/2020/04/16/will-africa-miss-the-next-computational-revolution (1/1), chunk 35/40
[01:30:59 +6m 31s | thequantuminsider_2020_04_16_will_africa_miss_the_next_computational_revolution] Extracting interactions: https://thequantuminsider.com/2020/04/16/will-africa-miss-the-next-computational-revolution (1/1), chunk 36/40
[01:31:01 +6m 33s | thequantuminsider_2020_04_16_will_africa_miss_the_next_computational_revolution] Extracting interactions: https://thequantuminsider.com/2020/04/16/will-africa-miss-the-next-computational-revolution (1/1), chunk 37/40
[01:31:02 +6m 35s | thequantuminsider_2020_04_16_will_africa_miss_the_next_computational_revolution] Extracting interactions: https://thequantuminsider.com/2020/04/16/will-africa-miss-the-next-computational-revolution (1/1), chunk 38/40
[01:31:04 +6m 36s | thequantuminsider_2020_04_16_will_africa_miss_the_next_computational_revolution] Extracting interactions: https://thequantuminsider.com/2020/04/16/will-africa-miss-the-next-computational-revolution (1/1), chunk 39/40
[01:31:06 +6m 38s | thequantuminsider_2020_04_16_will_africa_miss_the_next_computational_revolution] Extracting interactions: https://thequantuminsider.com/2020/04/16/will-africa-miss-the-next-computational-revolution (1/1), chunk 40/40
[01:31:07 +6m 39s | thequantuminsider_2020_04_16_will_africa_miss_the_next_computational_revolution] Saved 3_interaction_results.json with 34 extracted interactions.

[01:31:07 +6m 39s | thequantuminsider_2020_04_16_will_africa_miss_the_next_computational_revolution] === 4 clean interactions ===
[01:31:07 +6m 39s | thequantuminsider_2020_04_16_will_africa_miss_the_next_computational_revolution] Saved 4_edges.json with 10 cleaned interactions.

[01:31:07 +6m 39s | thequantuminsider_2020_04_16_will_africa_miss_the_next_computational_revolution] === 5 helix enrichment ===
[01:31:07 +6m 39s | thequantuminsider_2020_04_16_will_africa_miss_the_next_computational_revolution] Wrote 5_nodes.json (29 actors)
[01:31:07 +6m 39s | thequantuminsider_2020_04_16_will_africa_miss_the_next_computational_revolution] Wrote 5_edges.json (10 interactions)
[01:31:07 +6m 39s | thequantuminsider_2020_04_16_will_africa_miss_the_next_computational_revolution] Actor helix counts: {'Academia': 4, 'Civil Society': 3, 'Government': 2, 'Industry': 7, 'Intermediary': 1, 'Unknown': 12}
[01:31:07 +6m 39s | thequantuminsider_2020_04_16_will_africa_miss_the_next_computational_revolution] Functional-space counts: {'Innovation': 4, 'Intra-helix / Not classified': 6}

[01:31:07 +6m 39s | thequantuminsider_2020_04_16_will_africa_miss_the_next_computational_revolution] === 6 network visualisation ===
[01:31:07 +6m 40s | thequantuminsider_2020_04_16_will_africa_miss_the_next_computational_revolution] Wrote quantum_network.html
[01:31:07 +6m 40s | thequantuminsider_2020_04_16_will_africa_miss_the_next_computational_revolution] Nodes: 29
[01:31:07 +6m 40s | thequantuminsider_2020_04_16_will_africa_miss_the_next_computational_revolution] Edges: 5

[01:31:07 +6m 40s | thequantuminsider_2020_04_16_will_africa_miss_the_next_computational_revolution] Done. Outputs written to: /home/lv/IDP/idpdeeptech/pipeline/news_outputs/thequantuminsider_2020_04_16_will_africa_miss_the_next_computational_revolution
[01:31:07 +6m 40s | thequantuminsider_2020_04_16_will_africa_miss_the_next_computational_revolution] Log: /home/lv/IDP/idpdeeptech/pipeline/news_outputs/thequantuminsider_2020_04_16_will_africa_miss_the_next_computational_revolution/run.log

========================================================================
RUN FINISHED 2026-07-02 01:31:07  (OK)
Started:     2026-07-02 01:23:53
Elapsed:     6m 40s
========================================================================
