
========================================================================
RUN STARTED  2026-07-01 20:18:05
site_pipeline.py https://thequantuminsider.com/2020/07/23/tqd-exclusive-interview-quantum-pioneer-john-martinis-still-wants-to-build-quantum-computers-and-make-them-more-powerful/
========================================================================

[20:18:05 +0s | thequantuminsider_2020_07_23_tqd_exclusive_interview_quantum_pioneer_john_martinis_still_10fda915] === 0 crawl site ===
[20:18:07 +1s | thequantuminsider_2020_07_23_tqd_exclusive_interview_quantum_pioneer_john_martinis_still_10fda915] [INIT].... → Crawl4AI 0.8.6 
[20:18:10 +5s | thequantuminsider_2020_07_23_tqd_exclusive_interview_quantum_pioneer_john_martinis_still_10fda915] [FETCH]... ↓ https://thequantuminsider.com/2020/07/23/tqd-exc...d-quantum-computers-and-make-them-more-powerful/  | ✓ | ⏱: 3.56s 
[20:18:10 +5s | thequantuminsider_2020_07_23_tqd_exclusive_interview_quantum_pioneer_john_martinis_still_10fda915] [SCRAPE].. ◆ https://thequantuminsider.com/2020/07/23/tqd-exc...d-quantum-computers-and-make-them-more-powerful/  | ✓ | ⏱: 0.12s 
[20:18:10 +5s | thequantuminsider_2020_07_23_tqd_exclusive_interview_quantum_pioneer_john_martinis_still_10fda915] [COMPLETE] ● https://thequantuminsider.com/2020/07/23/tqd-exc...d-quantum-computers-and-make-them-more-powerful/  | ✓ | ⏱: 3.71s 
[20:18:10 +5s | thequantuminsider_2020_07_23_tqd_exclusive_interview_quantum_pioneer_john_martinis_still_10fda915] Saved: crawl_output/7b938af442_thequantuminsider.com_2020_07_23_tqd-exclusive-interview-quantum-pioneer-john-martinis-still-wants-to-build-quantum-computers-and-make-them-more-powerful.json

[20:18:11 +6s | thequantuminsider_2020_07_23_tqd_exclusive_interview_quantum_pioneer_john_martinis_still_10fda915] === 1 actor extraction ===
[20:18:11 +6s | thequantuminsider_2020_07_23_tqd_exclusive_interview_quantum_pioneer_john_martinis_still_10fda915] Reading page (1/1): https://thequantuminsider.com/2020/07/23/tqd-exclusive-interview-quantum-pioneer-john-martinis-still-wants-to-build-quantum-computers-and-make-them-more-powerful
[20:18:11 +6s | thequantuminsider_2020_07_23_tqd_exclusive_interview_quantum_pioneer_john_martinis_still_10fda915] Extracting actors: https://thequantuminsider.com/2020/07/23/tqd-exclusive-interview-quantum-pioneer-john-martinis-still-wants-to-build-quantum-computers-and-make-them-more-powerful (1/1), chunk 1/44
[20:18:18 +12s | thequantuminsider_2020_07_23_tqd_exclusive_interview_quantum_pioneer_john_martinis_still_10fda915] Extracting actors: https://thequantuminsider.com/2020/07/23/tqd-exclusive-interview-quantum-pioneer-john-martinis-still-wants-to-build-quantum-computers-and-make-them-more-powerful (1/1), chunk 2/44
[20:18:25 +20s | thequantuminsider_2020_07_23_tqd_exclusive_interview_quantum_pioneer_john_martinis_still_10fda915] Extracting actors: https://thequantuminsider.com/2020/07/23/tqd-exclusive-interview-quantum-pioneer-john-martinis-still-wants-to-build-quantum-computers-and-make-them-more-powerful (1/1), chunk 3/44
[20:18:29 +24s | thequantuminsider_2020_07_23_tqd_exclusive_interview_quantum_pioneer_john_martinis_still_10fda915] Extracting actors: https://thequantuminsider.com/2020/07/23/tqd-exclusive-interview-quantum-pioneer-john-martinis-still-wants-to-build-quantum-computers-and-make-them-more-powerful (1/1), chunk 4/44
[20:18:35 +31s | thequantuminsider_2020_07_23_tqd_exclusive_interview_quantum_pioneer_john_martinis_still_10fda915] Extracting actors: https://thequantuminsider.com/2020/07/23/tqd-exclusive-interview-quantum-pioneer-john-martinis-still-wants-to-build-quantum-computers-and-make-them-more-powerful (1/1), chunk 5/44
[20:18:40 +36s | thequantuminsider_2020_07_23_tqd_exclusive_interview_quantum_pioneer_john_martinis_still_10fda915] Extracting actors: https://thequantuminsider.com/2020/07/23/tqd-exclusive-interview-quantum-pioneer-john-martinis-still-wants-to-build-quantum-computers-and-make-them-more-powerful (1/1), chunk 6/44
[20:19:01 +57s | thequantuminsider_2020_07_23_tqd_exclusive_interview_quantum_pioneer_john_martinis_still_10fda915] Model call failed for https://thequantuminsider.com/2020/07/23/tqd-exclusive-interview-quantum-pioneer-john-martinis-still-wants-to-build-quantum-computers-and-make-them-more-powerful chunk 6: Server disconnected
[20:19:01 +57s | thequantuminsider_2020_07_23_tqd_exclusive_interview_quantum_pioneer_john_martinis_still_10fda915] Extracting actors: https://thequantuminsider.com/2020/07/23/tqd-exclusive-interview-quantum-pioneer-john-martinis-still-wants-to-build-quantum-computers-and-make-them-more-powerful (1/1), chunk 7/44
[20:19:14 +1m 7s | thequantuminsider_2020_07_23_tqd_exclusive_interview_quantum_pioneer_john_martinis_still_10fda915] Extracting actors: https://thequantuminsider.com/2020/07/23/tqd-exclusive-interview-quantum-pioneer-john-martinis-still-wants-to-build-quantum-computers-and-make-them-more-powerful (1/1), chunk 8/44
[20:19:24 +1m 17s | thequantuminsider_2020_07_23_tqd_exclusive_interview_quantum_pioneer_john_martinis_still_10fda915] Extracting actors: https://thequantuminsider.com/2020/07/23/tqd-exclusive-interview-quantum-pioneer-john-martinis-still-wants-to-build-quantum-computers-and-make-them-more-powerful (1/1), chunk 9/44
[20:19:29 +1m 22s | thequantuminsider_2020_07_23_tqd_exclusive_interview_quantum_pioneer_john_martinis_still_10fda915] Extracting actors: https://thequantuminsider.com/2020/07/23/tqd-exclusive-interview-quantum-pioneer-john-martinis-still-wants-to-build-quantum-computers-and-make-them-more-powerful (1/1), chunk 10/44
[20:19:40 +1m 33s | thequantuminsider_2020_07_23_tqd_exclusive_interview_quantum_pioneer_john_martinis_still_10fda915] Extracting actors: https://thequantuminsider.com/2020/07/23/tqd-exclusive-interview-quantum-pioneer-john-martinis-still-wants-to-build-quantum-computers-and-make-them-more-powerful (1/1), chunk 11/44
[20:19:55 +1m 45s | thequantuminsider_2020_07_23_tqd_exclusive_interview_quantum_pioneer_john_martinis_still_10fda915] Repaired malformed JSON.
[20:19:55 +1m 45s | thequantuminsider_2020_07_23_tqd_exclusive_interview_quantum_pioneer_john_martinis_still_10fda915] Extracting actors: https://thequantuminsider.com/2020/07/23/tqd-exclusive-interview-quantum-pioneer-john-martinis-still-wants-to-build-quantum-computers-and-make-them-more-powerful (1/1), chunk 12/44
[20:20:04 +1m 55s | thequantuminsider_2020_07_23_tqd_exclusive_interview_quantum_pioneer_john_martinis_still_10fda915] Repaired malformed JSON.
[20:20:04 +1m 55s | thequantuminsider_2020_07_23_tqd_exclusive_interview_quantum_pioneer_john_martinis_still_10fda915] Extracting actors: https://thequantuminsider.com/2020/07/23/tqd-exclusive-interview-quantum-pioneer-john-martinis-still-wants-to-build-quantum-computers-and-make-them-more-powerful (1/1), chunk 13/44
[20:20:11 +2m 1s | thequantuminsider_2020_07_23_tqd_exclusive_interview_quantum_pioneer_john_martinis_still_10fda915] Repaired malformed JSON.
[20:20:11 +2m 1s | thequantuminsider_2020_07_23_tqd_exclusive_interview_quantum_pioneer_john_martinis_still_10fda915] Extracting actors: https://thequantuminsider.com/2020/07/23/tqd-exclusive-interview-quantum-pioneer-john-martinis-still-wants-to-build-quantum-computers-and-make-them-more-powerful (1/1), chunk 14/44
[20:20:18 +2m 8s | thequantuminsider_2020_07_23_tqd_exclusive_interview_quantum_pioneer_john_martinis_still_10fda915] Repaired malformed JSON.
[20:20:18 +2m 8s | thequantuminsider_2020_07_23_tqd_exclusive_interview_quantum_pioneer_john_martinis_still_10fda915] Extracting actors: https://thequantuminsider.com/2020/07/23/tqd-exclusive-interview-quantum-pioneer-john-martinis-still-wants-to-build-quantum-computers-and-make-them-more-powerful (1/1), chunk 15/44
[20:20:33 +2m 20s | thequantuminsider_2020_07_23_tqd_exclusive_interview_quantum_pioneer_john_martinis_still_10fda915] Repaired malformed JSON.
[20:20:33 +2m 20s | thequantuminsider_2020_07_23_tqd_exclusive_interview_quantum_pioneer_john_martinis_still_10fda915] Extracting actors: https://thequantuminsider.com/2020/07/23/tqd-exclusive-interview-quantum-pioneer-john-martinis-still-wants-to-build-quantum-computers-and-make-them-more-powerful (1/1), chunk 16/44
[20:20:42 +2m 29s | thequantuminsider_2020_07_23_tqd_exclusive_interview_quantum_pioneer_john_martinis_still_10fda915] Repaired malformed JSON.
[20:20:42 +2m 29s | thequantuminsider_2020_07_23_tqd_exclusive_interview_quantum_pioneer_john_martinis_still_10fda915] Extracting actors: https://thequantuminsider.com/2020/07/23/tqd-exclusive-interview-quantum-pioneer-john-martinis-still-wants-to-build-quantum-computers-and-make-them-more-powerful (1/1), chunk 17/44
[20:20:53 +2m 40s | thequantuminsider_2020_07_23_tqd_exclusive_interview_quantum_pioneer_john_martinis_still_10fda915] Repaired malformed JSON.
[20:20:53 +2m 40s | thequantuminsider_2020_07_23_tqd_exclusive_interview_quantum_pioneer_john_martinis_still_10fda915] Extracting actors: https://thequantuminsider.com/2020/07/23/tqd-exclusive-interview-quantum-pioneer-john-martinis-still-wants-to-build-quantum-computers-and-make-them-more-powerful (1/1), chunk 18/44
[20:21:02 +2m 47s | thequantuminsider_2020_07_23_tqd_exclusive_interview_quantum_pioneer_john_martinis_still_10fda915] Repaired malformed JSON.
[20:21:02 +2m 47s | thequantuminsider_2020_07_23_tqd_exclusive_interview_quantum_pioneer_john_martinis_still_10fda915] Extracting actors: https://thequantuminsider.com/2020/07/23/tqd-exclusive-interview-quantum-pioneer-john-martinis-still-wants-to-build-quantum-computers-and-make-them-more-powerful (1/1), chunk 19/44
[20:21:09 +2m 55s | thequantuminsider_2020_07_23_tqd_exclusive_interview_quantum_pioneer_john_martinis_still_10fda915] Repaired malformed JSON.
[20:21:09 +2m 55s | thequantuminsider_2020_07_23_tqd_exclusive_interview_quantum_pioneer_john_martinis_still_10fda915] Extracting actors: https://thequantuminsider.com/2020/07/23/tqd-exclusive-interview-quantum-pioneer-john-martinis-still-wants-to-build-quantum-computers-and-make-them-more-powerful (1/1), chunk 20/44
[20:21:15 +3m 0s | thequantuminsider_2020_07_23_tqd_exclusive_interview_quantum_pioneer_john_martinis_still_10fda915] Repaired malformed JSON.
[20:21:15 +3m 0s | thequantuminsider_2020_07_23_tqd_exclusive_interview_quantum_pioneer_john_martinis_still_10fda915] Extracting actors: https://thequantuminsider.com/2020/07/23/tqd-exclusive-interview-quantum-pioneer-john-martinis-still-wants-to-build-quantum-computers-and-make-them-more-powerful (1/1), chunk 21/44
[20:21:24 +3m 9s | thequantuminsider_2020_07_23_tqd_exclusive_interview_quantum_pioneer_john_martinis_still_10fda915] Repaired malformed JSON.
[20:21:24 +3m 9s | thequantuminsider_2020_07_23_tqd_exclusive_interview_quantum_pioneer_john_martinis_still_10fda915] Extracting actors: https://thequantuminsider.com/2020/07/23/tqd-exclusive-interview-quantum-pioneer-john-martinis-still-wants-to-build-quantum-computers-and-make-them-more-powerful (1/1), chunk 22/44
[20:21:29 +3m 15s | thequantuminsider_2020_07_23_tqd_exclusive_interview_quantum_pioneer_john_martinis_still_10fda915] Repaired malformed JSON.
[20:21:29 +3m 15s | thequantuminsider_2020_07_23_tqd_exclusive_interview_quantum_pioneer_john_martinis_still_10fda915] Extracting actors: https://thequantuminsider.com/2020/07/23/tqd-exclusive-interview-quantum-pioneer-john-martinis-still-wants-to-build-quantum-computers-and-make-them-more-powerful (1/1), chunk 23/44
[20:21:38 +3m 22s | thequantuminsider_2020_07_23_tqd_exclusive_interview_quantum_pioneer_john_martinis_still_10fda915] Repaired malformed JSON.
[20:21:38 +3m 22s | thequantuminsider_2020_07_23_tqd_exclusive_interview_quantum_pioneer_john_martinis_still_10fda915] Extracting actors: https://thequantuminsider.com/2020/07/23/tqd-exclusive-interview-quantum-pioneer-john-martinis-still-wants-to-build-quantum-computers-and-make-them-more-powerful (1/1), chunk 24/44
[20:21:44 +3m 27s | thequantuminsider_2020_07_23_tqd_exclusive_interview_quantum_pioneer_john_martinis_still_10fda915] Repaired malformed JSON.
[20:21:44 +3m 27s | thequantuminsider_2020_07_23_tqd_exclusive_interview_quantum_pioneer_john_martinis_still_10fda915] Extracting actors: https://thequantuminsider.com/2020/07/23/tqd-exclusive-interview-quantum-pioneer-john-martinis-still-wants-to-build-quantum-computers-and-make-them-more-powerful (1/1), chunk 25/44
[20:21:49 +3m 33s | thequantuminsider_2020_07_23_tqd_exclusive_interview_quantum_pioneer_john_martinis_still_10fda915] Repaired malformed JSON.
[20:21:49 +3m 33s | thequantuminsider_2020_07_23_tqd_exclusive_interview_quantum_pioneer_john_martinis_still_10fda915] Extracting actors: https://thequantuminsider.com/2020/07/23/tqd-exclusive-interview-quantum-pioneer-john-martinis-still-wants-to-build-quantum-computers-and-make-them-more-powerful (1/1), chunk 26/44
[20:21:58 +3m 41s | thequantuminsider_2020_07_23_tqd_exclusive_interview_quantum_pioneer_john_martinis_still_10fda915] Repaired malformed JSON.
[20:21:58 +3m 41s | thequantuminsider_2020_07_23_tqd_exclusive_interview_quantum_pioneer_john_martinis_still_10fda915] Extracting actors: https://thequantuminsider.com/2020/07/23/tqd-exclusive-interview-quantum-pioneer-john-martinis-still-wants-to-build-quantum-computers-and-make-them-more-powerful (1/1), chunk 27/44
[20:22:07 +3m 48s | thequantuminsider_2020_07_23_tqd_exclusive_interview_quantum_pioneer_john_martinis_still_10fda915] Repaired malformed JSON.
[20:22:07 +3m 48s | thequantuminsider_2020_07_23_tqd_exclusive_interview_quantum_pioneer_john_martinis_still_10fda915] Extracting actors: https://thequantuminsider.com/2020/07/23/tqd-exclusive-interview-quantum-pioneer-john-martinis-still-wants-to-build-quantum-computers-and-make-them-more-powerful (1/1), chunk 28/44
[20:22:13 +3m 54s | thequantuminsider_2020_07_23_tqd_exclusive_interview_quantum_pioneer_john_martinis_still_10fda915] Repaired malformed JSON.
[20:22:13 +3m 54s | thequantuminsider_2020_07_23_tqd_exclusive_interview_quantum_pioneer_john_martinis_still_10fda915] Extracting actors: https://thequantuminsider.com/2020/07/23/tqd-exclusive-interview-quantum-pioneer-john-martinis-still-wants-to-build-quantum-computers-and-make-them-more-powerful (1/1), chunk 29/44
[20:22:19 +3m 59s | thequantuminsider_2020_07_23_tqd_exclusive_interview_quantum_pioneer_john_martinis_still_10fda915] Extracting actors: https://thequantuminsider.com/2020/07/23/tqd-exclusive-interview-quantum-pioneer-john-martinis-still-wants-to-build-quantum-computers-and-make-them-more-powerful (1/1), chunk 30/44
[20:22:26 +4m 6s | thequantuminsider_2020_07_23_tqd_exclusive_interview_quantum_pioneer_john_martinis_still_10fda915] Repaired malformed JSON.
[20:22:26 +4m 6s | thequantuminsider_2020_07_23_tqd_exclusive_interview_quantum_pioneer_john_martinis_still_10fda915] Extracting actors: https://thequantuminsider.com/2020/07/23/tqd-exclusive-interview-quantum-pioneer-john-martinis-still-wants-to-build-quantum-computers-and-make-them-more-powerful (1/1), chunk 31/44
[20:22:33 +4m 14s | thequantuminsider_2020_07_23_tqd_exclusive_interview_quantum_pioneer_john_martinis_still_10fda915] Repaired malformed JSON.
[20:22:33 +4m 14s | thequantuminsider_2020_07_23_tqd_exclusive_interview_quantum_pioneer_john_martinis_still_10fda915] Extracting actors: https://thequantuminsider.com/2020/07/23/tqd-exclusive-interview-quantum-pioneer-john-martinis-still-wants-to-build-quantum-computers-and-make-them-more-powerful (1/1), chunk 32/44
[20:22:40 +4m 20s | thequantuminsider_2020_07_23_tqd_exclusive_interview_quantum_pioneer_john_martinis_still_10fda915] Extracting actors: https://thequantuminsider.com/2020/07/23/tqd-exclusive-interview-quantum-pioneer-john-martinis-still-wants-to-build-quantum-computers-and-make-them-more-powerful (1/1), chunk 33/44
[20:22:47 +4m 25s | thequantuminsider_2020_07_23_tqd_exclusive_interview_quantum_pioneer_john_martinis_still_10fda915] Extracting actors: https://thequantuminsider.com/2020/07/23/tqd-exclusive-interview-quantum-pioneer-john-martinis-still-wants-to-build-quantum-computers-and-make-them-more-powerful (1/1), chunk 34/44
[20:22:54 +4m 32s | thequantuminsider_2020_07_23_tqd_exclusive_interview_quantum_pioneer_john_martinis_still_10fda915] Repaired malformed JSON.
[20:22:54 +4m 32s | thequantuminsider_2020_07_23_tqd_exclusive_interview_quantum_pioneer_john_martinis_still_10fda915] Extracting actors: https://thequantuminsider.com/2020/07/23/tqd-exclusive-interview-quantum-pioneer-john-martinis-still-wants-to-build-quantum-computers-and-make-them-more-powerful (1/1), chunk 35/44
[20:23:02 +4m 39s | thequantuminsider_2020_07_23_tqd_exclusive_interview_quantum_pioneer_john_martinis_still_10fda915] Repaired malformed JSON.
[20:23:02 +4m 39s | thequantuminsider_2020_07_23_tqd_exclusive_interview_quantum_pioneer_john_martinis_still_10fda915] Extracting actors: https://thequantuminsider.com/2020/07/23/tqd-exclusive-interview-quantum-pioneer-john-martinis-still-wants-to-build-quantum-computers-and-make-them-more-powerful (1/1), chunk 36/44
[20:23:09 +4m 46s | thequantuminsider_2020_07_23_tqd_exclusive_interview_quantum_pioneer_john_martinis_still_10fda915] Repaired malformed JSON.
[20:23:09 +4m 46s | thequantuminsider_2020_07_23_tqd_exclusive_interview_quantum_pioneer_john_martinis_still_10fda915] Extracting actors: https://thequantuminsider.com/2020/07/23/tqd-exclusive-interview-quantum-pioneer-john-martinis-still-wants-to-build-quantum-computers-and-make-them-more-powerful (1/1), chunk 37/44
[20:23:13 +4m 50s | thequantuminsider_2020_07_23_tqd_exclusive_interview_quantum_pioneer_john_martinis_still_10fda915] Extracting actors: https://thequantuminsider.com/2020/07/23/tqd-exclusive-interview-quantum-pioneer-john-martinis-still-wants-to-build-quantum-computers-and-make-them-more-powerful (1/1), chunk 38/44
[20:23:25 +5m 0s | thequantuminsider_2020_07_23_tqd_exclusive_interview_quantum_pioneer_john_martinis_still_10fda915] Repaired malformed JSON.
[20:23:25 +5m 0s | thequantuminsider_2020_07_23_tqd_exclusive_interview_quantum_pioneer_john_martinis_still_10fda915] Extracting actors: https://thequantuminsider.com/2020/07/23/tqd-exclusive-interview-quantum-pioneer-john-martinis-still-wants-to-build-quantum-computers-and-make-them-more-powerful (1/1), chunk 39/44
[20:23:32 +5m 6s | thequantuminsider_2020_07_23_tqd_exclusive_interview_quantum_pioneer_john_martinis_still_10fda915] Repaired malformed JSON.
[20:23:32 +5m 6s | thequantuminsider_2020_07_23_tqd_exclusive_interview_quantum_pioneer_john_martinis_still_10fda915] Extracting actors: https://thequantuminsider.com/2020/07/23/tqd-exclusive-interview-quantum-pioneer-john-martinis-still-wants-to-build-quantum-computers-and-make-them-more-powerful (1/1), chunk 40/44
[20:23:41 +5m 15s | thequantuminsider_2020_07_23_tqd_exclusive_interview_quantum_pioneer_john_martinis_still_10fda915] Repaired malformed JSON.
[20:23:41 +5m 15s | thequantuminsider_2020_07_23_tqd_exclusive_interview_quantum_pioneer_john_martinis_still_10fda915] Extracting actors: https://thequantuminsider.com/2020/07/23/tqd-exclusive-interview-quantum-pioneer-john-martinis-still-wants-to-build-quantum-computers-and-make-them-more-powerful (1/1), chunk 41/44
[20:23:48 +5m 23s | thequantuminsider_2020_07_23_tqd_exclusive_interview_quantum_pioneer_john_martinis_still_10fda915] Repaired malformed JSON.
[20:23:48 +5m 23s | thequantuminsider_2020_07_23_tqd_exclusive_interview_quantum_pioneer_john_martinis_still_10fda915] Extracting actors: https://thequantuminsider.com/2020/07/23/tqd-exclusive-interview-quantum-pioneer-john-martinis-still-wants-to-build-quantum-computers-and-make-them-more-powerful (1/1), chunk 42/44
[20:23:58 +5m 29s | thequantuminsider_2020_07_23_tqd_exclusive_interview_quantum_pioneer_john_martinis_still_10fda915] Extracting actors: https://thequantuminsider.com/2020/07/23/tqd-exclusive-interview-quantum-pioneer-john-martinis-still-wants-to-build-quantum-computers-and-make-them-more-powerful (1/1), chunk 43/44
[20:24:05 +5m 37s | thequantuminsider_2020_07_23_tqd_exclusive_interview_quantum_pioneer_john_martinis_still_10fda915] Repaired malformed JSON.
[20:24:05 +5m 37s | thequantuminsider_2020_07_23_tqd_exclusive_interview_quantum_pioneer_john_martinis_still_10fda915] Extracting actors: https://thequantuminsider.com/2020/07/23/tqd-exclusive-interview-quantum-pioneer-john-martinis-still-wants-to-build-quantum-computers-and-make-them-more-powerful (1/1), chunk 44/44
[20:24:11 +5m 43s | thequantuminsider_2020_07_23_tqd_exclusive_interview_quantum_pioneer_john_martinis_still_10fda915] Saved 1_actor_results.json with 67 extracted records

[20:24:11 +5m 43s | thequantuminsider_2020_07_23_tqd_exclusive_interview_quantum_pioneer_john_martinis_still_10fda915] === 2 clean actors ===
[20:24:11 +5m 43s | thequantuminsider_2020_07_23_tqd_exclusive_interview_quantum_pioneer_john_martinis_still_10fda915] Loaded 67 extracted records
[20:24:11 +5m 43s | thequantuminsider_2020_07_23_tqd_exclusive_interview_quantum_pioneer_john_martinis_still_10fda915] Saved 2_actor_nodes.json with 20 canonical actor nodes

[20:24:11 +5m 43s | thequantuminsider_2020_07_23_tqd_exclusive_interview_quantum_pioneer_john_martinis_still_10fda915] === 3 interaction extraction ===
[20:24:12 +5m 43s | thequantuminsider_2020_07_23_tqd_exclusive_interview_quantum_pioneer_john_martinis_still_10fda915] Extracting interactions: https://thequantuminsider.com/2020/07/23/tqd-exclusive-interview-quantum-pioneer-john-martinis-still-wants-to-build-quantum-computers-and-make-them-more-powerful (1/1), chunk 11/44
[20:24:15 +5m 47s | thequantuminsider_2020_07_23_tqd_exclusive_interview_quantum_pioneer_john_martinis_still_10fda915] Extracting interactions: https://thequantuminsider.com/2020/07/23/tqd-exclusive-interview-quantum-pioneer-john-martinis-still-wants-to-build-quantum-computers-and-make-them-more-powerful (1/1), chunk 12/44
[20:24:22 +5m 54s | thequantuminsider_2020_07_23_tqd_exclusive_interview_quantum_pioneer_john_martinis_still_10fda915] Extracting interactions: https://thequantuminsider.com/2020/07/23/tqd-exclusive-interview-quantum-pioneer-john-martinis-still-wants-to-build-quantum-computers-and-make-them-more-powerful (1/1), chunk 13/44
[20:24:37 +6m 6s | thequantuminsider_2020_07_23_tqd_exclusive_interview_quantum_pioneer_john_martinis_still_10fda915] Extracting interactions: https://thequantuminsider.com/2020/07/23/tqd-exclusive-interview-quantum-pioneer-john-martinis-still-wants-to-build-quantum-computers-and-make-them-more-powerful (1/1), chunk 17/44
[20:24:43 +6m 11s | thequantuminsider_2020_07_23_tqd_exclusive_interview_quantum_pioneer_john_martinis_still_10fda915] Extracting interactions: https://thequantuminsider.com/2020/07/23/tqd-exclusive-interview-quantum-pioneer-john-martinis-still-wants-to-build-quantum-computers-and-make-them-more-powerful (1/1), chunk 19/44
[20:24:44 +6m 13s | thequantuminsider_2020_07_23_tqd_exclusive_interview_quantum_pioneer_john_martinis_still_10fda915] Extracting interactions: https://thequantuminsider.com/2020/07/23/tqd-exclusive-interview-quantum-pioneer-john-martinis-still-wants-to-build-quantum-computers-and-make-them-more-powerful (1/1), chunk 20/44
[20:24:51 +6m 19s | thequantuminsider_2020_07_23_tqd_exclusive_interview_quantum_pioneer_john_martinis_still_10fda915] Extracting interactions: https://thequantuminsider.com/2020/07/23/tqd-exclusive-interview-quantum-pioneer-john-martinis-still-wants-to-build-quantum-computers-and-make-them-more-powerful (1/1), chunk 21/44
[20:24:56 +6m 24s | thequantuminsider_2020_07_23_tqd_exclusive_interview_quantum_pioneer_john_martinis_still_10fda915] Extracting interactions: https://thequantuminsider.com/2020/07/23/tqd-exclusive-interview-quantum-pioneer-john-martinis-still-wants-to-build-quantum-computers-and-make-them-more-powerful (1/1), chunk 22/44
[20:25:00 +6m 28s | thequantuminsider_2020_07_23_tqd_exclusive_interview_quantum_pioneer_john_martinis_still_10fda915] Extracting interactions: https://thequantuminsider.com/2020/07/23/tqd-exclusive-interview-quantum-pioneer-john-martinis-still-wants-to-build-quantum-computers-and-make-them-more-powerful (1/1), chunk 23/44
[20:25:12 +6m 38s | thequantuminsider_2020_07_23_tqd_exclusive_interview_quantum_pioneer_john_martinis_still_10fda915] Extracting interactions: https://thequantuminsider.com/2020/07/23/tqd-exclusive-interview-quantum-pioneer-john-martinis-still-wants-to-build-quantum-computers-and-make-them-more-powerful (1/1), chunk 24/44
[20:25:25 +6m 51s | thequantuminsider_2020_07_23_tqd_exclusive_interview_quantum_pioneer_john_martinis_still_10fda915] Extracting interactions: https://thequantuminsider.com/2020/07/23/tqd-exclusive-interview-quantum-pioneer-john-martinis-still-wants-to-build-quantum-computers-and-make-them-more-powerful (1/1), chunk 25/44
[20:25:41 +7m 4s | thequantuminsider_2020_07_23_tqd_exclusive_interview_quantum_pioneer_john_martinis_still_10fda915] Extracting interactions: https://thequantuminsider.com/2020/07/23/tqd-exclusive-interview-quantum-pioneer-john-martinis-still-wants-to-build-quantum-computers-and-make-them-more-powerful (1/1), chunk 26/44
[20:25:50 +7m 13s | thequantuminsider_2020_07_23_tqd_exclusive_interview_quantum_pioneer_john_martinis_still_10fda915] Extracting interactions: https://thequantuminsider.com/2020/07/23/tqd-exclusive-interview-quantum-pioneer-john-martinis-still-wants-to-build-quantum-computers-and-make-them-more-powerful (1/1), chunk 27/44
[20:26:06 +7m 29s | thequantuminsider_2020_07_23_tqd_exclusive_interview_quantum_pioneer_john_martinis_still_10fda915] Extracting interactions: https://thequantuminsider.com/2020/07/23/tqd-exclusive-interview-quantum-pioneer-john-martinis-still-wants-to-build-quantum-computers-and-make-them-more-powerful (1/1), chunk 28/44
[20:26:11 +7m 34s | thequantuminsider_2020_07_23_tqd_exclusive_interview_quantum_pioneer_john_martinis_still_10fda915] Extracting interactions: https://thequantuminsider.com/2020/07/23/tqd-exclusive-interview-quantum-pioneer-john-martinis-still-wants-to-build-quantum-computers-and-make-them-more-powerful (1/1), chunk 30/44
[20:26:22 +7m 42s | thequantuminsider_2020_07_23_tqd_exclusive_interview_quantum_pioneer_john_martinis_still_10fda915] Extracting interactions: https://thequantuminsider.com/2020/07/23/tqd-exclusive-interview-quantum-pioneer-john-martinis-still-wants-to-build-quantum-computers-and-make-them-more-powerful (1/1), chunk 31/44
[20:26:26 +7m 45s | thequantuminsider_2020_07_23_tqd_exclusive_interview_quantum_pioneer_john_martinis_still_10fda915] Extracting interactions: https://thequantuminsider.com/2020/07/23/tqd-exclusive-interview-quantum-pioneer-john-martinis-still-wants-to-build-quantum-computers-and-make-them-more-powerful (1/1), chunk 32/44
[20:26:28 +7m 48s | thequantuminsider_2020_07_23_tqd_exclusive_interview_quantum_pioneer_john_martinis_still_10fda915] Extracting interactions: https://thequantuminsider.com/2020/07/23/tqd-exclusive-interview-quantum-pioneer-john-martinis-still-wants-to-build-quantum-computers-and-make-them-more-powerful (1/1), chunk 33/44
[20:26:30 +7m 50s | thequantuminsider_2020_07_23_tqd_exclusive_interview_quantum_pioneer_john_martinis_still_10fda915] Extracting interactions: https://thequantuminsider.com/2020/07/23/tqd-exclusive-interview-quantum-pioneer-john-martinis-still-wants-to-build-quantum-computers-and-make-them-more-powerful (1/1), chunk 35/44
[20:26:31 +7m 51s | thequantuminsider_2020_07_23_tqd_exclusive_interview_quantum_pioneer_john_martinis_still_10fda915] Extracting interactions: https://thequantuminsider.com/2020/07/23/tqd-exclusive-interview-quantum-pioneer-john-martinis-still-wants-to-build-quantum-computers-and-make-them-more-powerful (1/1), chunk 36/44
[20:26:33 +7m 52s | thequantuminsider_2020_07_23_tqd_exclusive_interview_quantum_pioneer_john_martinis_still_10fda915] Extracting interactions: https://thequantuminsider.com/2020/07/23/tqd-exclusive-interview-quantum-pioneer-john-martinis-still-wants-to-build-quantum-computers-and-make-them-more-powerful (1/1), chunk 37/44
[20:26:34 +7m 54s | thequantuminsider_2020_07_23_tqd_exclusive_interview_quantum_pioneer_john_martinis_still_10fda915] Extracting interactions: https://thequantuminsider.com/2020/07/23/tqd-exclusive-interview-quantum-pioneer-john-martinis-still-wants-to-build-quantum-computers-and-make-them-more-powerful (1/1), chunk 38/44
[20:26:36 +7m 56s | thequantuminsider_2020_07_23_tqd_exclusive_interview_quantum_pioneer_john_martinis_still_10fda915] Extracting interactions: https://thequantuminsider.com/2020/07/23/tqd-exclusive-interview-quantum-pioneer-john-martinis-still-wants-to-build-quantum-computers-and-make-them-more-powerful (1/1), chunk 40/44
[20:26:38 +7m 57s | thequantuminsider_2020_07_23_tqd_exclusive_interview_quantum_pioneer_john_martinis_still_10fda915] Extracting interactions: https://thequantuminsider.com/2020/07/23/tqd-exclusive-interview-quantum-pioneer-john-martinis-still-wants-to-build-quantum-computers-and-make-them-more-powerful (1/1), chunk 41/44
[20:26:39 +7m 59s | thequantuminsider_2020_07_23_tqd_exclusive_interview_quantum_pioneer_john_martinis_still_10fda915] Extracting interactions: https://thequantuminsider.com/2020/07/23/tqd-exclusive-interview-quantum-pioneer-john-martinis-still-wants-to-build-quantum-computers-and-make-them-more-powerful (1/1), chunk 42/44
[20:26:41 +8m 1s | thequantuminsider_2020_07_23_tqd_exclusive_interview_quantum_pioneer_john_martinis_still_10fda915] Extracting interactions: https://thequantuminsider.com/2020/07/23/tqd-exclusive-interview-quantum-pioneer-john-martinis-still-wants-to-build-quantum-computers-and-make-them-more-powerful (1/1), chunk 43/44
[20:26:44 +8m 3s | thequantuminsider_2020_07_23_tqd_exclusive_interview_quantum_pioneer_john_martinis_still_10fda915] Saved 3_interaction_results.json with 27 extracted interactions.

[20:26:44 +8m 3s | thequantuminsider_2020_07_23_tqd_exclusive_interview_quantum_pioneer_john_martinis_still_10fda915] === 4 clean interactions ===
[20:26:44 +8m 3s | thequantuminsider_2020_07_23_tqd_exclusive_interview_quantum_pioneer_john_martinis_still_10fda915] Saved 4_edges.json with 0 cleaned interactions.

[20:26:44 +8m 3s | thequantuminsider_2020_07_23_tqd_exclusive_interview_quantum_pioneer_john_martinis_still_10fda915] === 5 helix enrichment ===
[20:26:44 +8m 3s | thequantuminsider_2020_07_23_tqd_exclusive_interview_quantum_pioneer_john_martinis_still_10fda915] Wrote 5_nodes.json (20 actors)
[20:26:44 +8m 3s | thequantuminsider_2020_07_23_tqd_exclusive_interview_quantum_pioneer_john_martinis_still_10fda915] Wrote 5_edges.json (0 interactions)
[20:26:44 +8m 3s | thequantuminsider_2020_07_23_tqd_exclusive_interview_quantum_pioneer_john_martinis_still_10fda915] Actor helix counts: {'Academia': 3, 'Civil Society': 4, 'Government': 3, 'Industry': 2, 'Unknown': 8}
[20:26:44 +8m 3s | thequantuminsider_2020_07_23_tqd_exclusive_interview_quantum_pioneer_john_martinis_still_10fda915] Functional-space counts: {}

[20:26:44 +8m 3s | thequantuminsider_2020_07_23_tqd_exclusive_interview_quantum_pioneer_john_martinis_still_10fda915] === 6 network visualisation ===
[20:26:44 +8m 4s | thequantuminsider_2020_07_23_tqd_exclusive_interview_quantum_pioneer_john_martinis_still_10fda915] Wrote quantum_network.html
[20:26:44 +8m 4s | thequantuminsider_2020_07_23_tqd_exclusive_interview_quantum_pioneer_john_martinis_still_10fda915] Nodes: 20
[20:26:44 +8m 4s | thequantuminsider_2020_07_23_tqd_exclusive_interview_quantum_pioneer_john_martinis_still_10fda915] Edges: 0

[20:26:45 +8m 4s | thequantuminsider_2020_07_23_tqd_exclusive_interview_quantum_pioneer_john_martinis_still_10fda915] Done. Outputs written to: /home/lv/IDP/idpdeeptech/pipeline/news_outputs/thequantuminsider_2020_07_23_tqd_exclusive_interview_quantum_pioneer_john_martinis_still_10fda915
[20:26:45 +8m 4s | thequantuminsider_2020_07_23_tqd_exclusive_interview_quantum_pioneer_john_martinis_still_10fda915] Log: /home/lv/IDP/idpdeeptech/pipeline/news_outputs/thequantuminsider_2020_07_23_tqd_exclusive_interview_quantum_pioneer_john_martinis_still_10fda915/run.log

========================================================================
RUN FINISHED 2026-07-01 20:26:45  (OK)
Started:     2026-07-01 20:18:05
Elapsed:     8m 4s
========================================================================
