
========================================================================
RUN STARTED  2026-07-02 02:47:02
site_pipeline.py https://thequantuminsider.com/2020/05/19/tqd-exclusive-ki3-photonics-is-paving-the-path-for-the-quantum-era/
========================================================================

[02:47:02 +0s | thequantuminsider_2020_05_19_tqd_exclusive_ki3_photonics_is_paving_the_path_for_the_quantum_era] === 0 crawl site ===
[02:47:03 +1s | thequantuminsider_2020_05_19_tqd_exclusive_ki3_photonics_is_paving_the_path_for_the_quantum_era] [INIT].... → Crawl4AI 0.8.6 
[02:47:06 +5s | thequantuminsider_2020_05_19_tqd_exclusive_ki3_photonics_is_paving_the_path_for_the_quantum_era] [FETCH]... ↓ https://thequantuminsider.com/2020/05/19/tqd-exc...hotonics-is-paving-the-path-for-the-quantum-era/  | ✓ | ⏱: 3.50s 
[02:47:07 +5s | thequantuminsider_2020_05_19_tqd_exclusive_ki3_photonics_is_paving_the_path_for_the_quantum_era] [SCRAPE].. ◆ https://thequantuminsider.com/2020/05/19/tqd-exc...hotonics-is-paving-the-path-for-the-quantum-era/  | ✓ | ⏱: 0.10s 
[02:47:07 +5s | thequantuminsider_2020_05_19_tqd_exclusive_ki3_photonics_is_paving_the_path_for_the_quantum_era] [COMPLETE] ● https://thequantuminsider.com/2020/05/19/tqd-exc...hotonics-is-paving-the-path-for-the-quantum-era/  | ✓ | ⏱: 3.62s 
[02:47:07 +5s | thequantuminsider_2020_05_19_tqd_exclusive_ki3_photonics_is_paving_the_path_for_the_quantum_era] Saved: crawl_output/23944a85f3_thequantuminsider.com_2020_05_19_tqd-exclusive-ki3-photonics-is-paving-the-path-for-the-quantum-era.json

[02:47:07 +5s | thequantuminsider_2020_05_19_tqd_exclusive_ki3_photonics_is_paving_the_path_for_the_quantum_era] === 1 actor extraction ===
[02:47:07 +5s | thequantuminsider_2020_05_19_tqd_exclusive_ki3_photonics_is_paving_the_path_for_the_quantum_era] Reading page (1/1): https://thequantuminsider.com/2020/05/19/tqd-exclusive-ki3-photonics-is-paving-the-path-for-the-quantum-era
[02:47:07 +5s | thequantuminsider_2020_05_19_tqd_exclusive_ki3_photonics_is_paving_the_path_for_the_quantum_era] Extracting actors: https://thequantuminsider.com/2020/05/19/tqd-exclusive-ki3-photonics-is-paving-the-path-for-the-quantum-era (1/1), chunk 1/40
[02:47:15 +10s | thequantuminsider_2020_05_19_tqd_exclusive_ki3_photonics_is_paving_the_path_for_the_quantum_era] Extracting actors: https://thequantuminsider.com/2020/05/19/tqd-exclusive-ki3-photonics-is-paving-the-path-for-the-quantum-era (1/1), chunk 2/40
[02:47:19 +14s | thequantuminsider_2020_05_19_tqd_exclusive_ki3_photonics_is_paving_the_path_for_the_quantum_era] Extracting actors: https://thequantuminsider.com/2020/05/19/tqd-exclusive-ki3-photonics-is-paving-the-path-for-the-quantum-era (1/1), chunk 3/40
[02:47:23 +19s | thequantuminsider_2020_05_19_tqd_exclusive_ki3_photonics_is_paving_the_path_for_the_quantum_era] Extracting actors: https://thequantuminsider.com/2020/05/19/tqd-exclusive-ki3-photonics-is-paving-the-path-for-the-quantum-era (1/1), chunk 4/40
[02:47:28 +23s | thequantuminsider_2020_05_19_tqd_exclusive_ki3_photonics_is_paving_the_path_for_the_quantum_era] Extracting actors: https://thequantuminsider.com/2020/05/19/tqd-exclusive-ki3-photonics-is-paving-the-path-for-the-quantum-era (1/1), chunk 5/40
[02:47:31 +27s | thequantuminsider_2020_05_19_tqd_exclusive_ki3_photonics_is_paving_the_path_for_the_quantum_era] Extracting actors: https://thequantuminsider.com/2020/05/19/tqd-exclusive-ki3-photonics-is-paving-the-path-for-the-quantum-era (1/1), chunk 6/40
[02:47:37 +33s | thequantuminsider_2020_05_19_tqd_exclusive_ki3_photonics_is_paving_the_path_for_the_quantum_era] Extracting actors: https://thequantuminsider.com/2020/05/19/tqd-exclusive-ki3-photonics-is-paving-the-path-for-the-quantum-era (1/1), chunk 7/40
[02:47:41 +37s | thequantuminsider_2020_05_19_tqd_exclusive_ki3_photonics_is_paving_the_path_for_the_quantum_era] Extracting actors: https://thequantuminsider.com/2020/05/19/tqd-exclusive-ki3-photonics-is-paving-the-path-for-the-quantum-era (1/1), chunk 8/40
[02:47:49 +41s | thequantuminsider_2020_05_19_tqd_exclusive_ki3_photonics_is_paving_the_path_for_the_quantum_era] Extracting actors: https://thequantuminsider.com/2020/05/19/tqd-exclusive-ki3-photonics-is-paving-the-path-for-the-quantum-era (1/1), chunk 9/40
[02:47:55 +47s | thequantuminsider_2020_05_19_tqd_exclusive_ki3_photonics_is_paving_the_path_for_the_quantum_era] Extracting actors: https://thequantuminsider.com/2020/05/19/tqd-exclusive-ki3-photonics-is-paving-the-path-for-the-quantum-era (1/1), chunk 10/40
[02:47:59 +51s | thequantuminsider_2020_05_19_tqd_exclusive_ki3_photonics_is_paving_the_path_for_the_quantum_era] Extracting actors: https://thequantuminsider.com/2020/05/19/tqd-exclusive-ki3-photonics-is-paving-the-path-for-the-quantum-era (1/1), chunk 11/40
[02:48:04 +56s | thequantuminsider_2020_05_19_tqd_exclusive_ki3_photonics_is_paving_the_path_for_the_quantum_era] Repaired malformed JSON.
[02:48:04 +56s | thequantuminsider_2020_05_19_tqd_exclusive_ki3_photonics_is_paving_the_path_for_the_quantum_era] Extracting actors: https://thequantuminsider.com/2020/05/19/tqd-exclusive-ki3-photonics-is-paving-the-path-for-the-quantum-era (1/1), chunk 12/40
[02:48:09 +1m 1s | thequantuminsider_2020_05_19_tqd_exclusive_ki3_photonics_is_paving_the_path_for_the_quantum_era] Repaired malformed JSON.
[02:48:09 +1m 1s | thequantuminsider_2020_05_19_tqd_exclusive_ki3_photonics_is_paving_the_path_for_the_quantum_era] Extracting actors: https://thequantuminsider.com/2020/05/19/tqd-exclusive-ki3-photonics-is-paving-the-path-for-the-quantum-era (1/1), chunk 13/40
[02:48:14 +1m 6s | thequantuminsider_2020_05_19_tqd_exclusive_ki3_photonics_is_paving_the_path_for_the_quantum_era] Repaired malformed JSON.
[02:48:14 +1m 6s | thequantuminsider_2020_05_19_tqd_exclusive_ki3_photonics_is_paving_the_path_for_the_quantum_era] Extracting actors: https://thequantuminsider.com/2020/05/19/tqd-exclusive-ki3-photonics-is-paving-the-path-for-the-quantum-era (1/1), chunk 14/40
[02:48:24 +1m 13s | thequantuminsider_2020_05_19_tqd_exclusive_ki3_photonics_is_paving_the_path_for_the_quantum_era] Repaired malformed JSON.
[02:48:24 +1m 13s | thequantuminsider_2020_05_19_tqd_exclusive_ki3_photonics_is_paving_the_path_for_the_quantum_era] Extracting actors: https://thequantuminsider.com/2020/05/19/tqd-exclusive-ki3-photonics-is-paving-the-path-for-the-quantum-era (1/1), chunk 15/40
[02:48:31 +1m 21s | thequantuminsider_2020_05_19_tqd_exclusive_ki3_photonics_is_paving_the_path_for_the_quantum_era] Repaired malformed JSON.
[02:48:31 +1m 21s | thequantuminsider_2020_05_19_tqd_exclusive_ki3_photonics_is_paving_the_path_for_the_quantum_era] Extracting actors: https://thequantuminsider.com/2020/05/19/tqd-exclusive-ki3-photonics-is-paving-the-path-for-the-quantum-era (1/1), chunk 16/40
[02:48:37 +1m 27s | thequantuminsider_2020_05_19_tqd_exclusive_ki3_photonics_is_paving_the_path_for_the_quantum_era] Repaired malformed JSON.
[02:48:37 +1m 27s | thequantuminsider_2020_05_19_tqd_exclusive_ki3_photonics_is_paving_the_path_for_the_quantum_era] Extracting actors: https://thequantuminsider.com/2020/05/19/tqd-exclusive-ki3-photonics-is-paving-the-path-for-the-quantum-era (1/1), chunk 17/40
[02:48:44 +1m 34s | thequantuminsider_2020_05_19_tqd_exclusive_ki3_photonics_is_paving_the_path_for_the_quantum_era] Repaired malformed JSON.
[02:48:44 +1m 34s | thequantuminsider_2020_05_19_tqd_exclusive_ki3_photonics_is_paving_the_path_for_the_quantum_era] Extracting actors: https://thequantuminsider.com/2020/05/19/tqd-exclusive-ki3-photonics-is-paving-the-path-for-the-quantum-era (1/1), chunk 18/40
[02:48:50 +1m 40s | thequantuminsider_2020_05_19_tqd_exclusive_ki3_photonics_is_paving_the_path_for_the_quantum_era] Repaired malformed JSON.
[02:48:50 +1m 40s | thequantuminsider_2020_05_19_tqd_exclusive_ki3_photonics_is_paving_the_path_for_the_quantum_era] Extracting actors: https://thequantuminsider.com/2020/05/19/tqd-exclusive-ki3-photonics-is-paving-the-path-for-the-quantum-era (1/1), chunk 19/40
[02:49:02 +1m 49s | thequantuminsider_2020_05_19_tqd_exclusive_ki3_photonics_is_paving_the_path_for_the_quantum_era] Repaired malformed JSON.
[02:49:02 +1m 49s | thequantuminsider_2020_05_19_tqd_exclusive_ki3_photonics_is_paving_the_path_for_the_quantum_era] Extracting actors: https://thequantuminsider.com/2020/05/19/tqd-exclusive-ki3-photonics-is-paving-the-path-for-the-quantum-era (1/1), chunk 20/40
[02:49:09 +1m 55s | thequantuminsider_2020_05_19_tqd_exclusive_ki3_photonics_is_paving_the_path_for_the_quantum_era] Repaired malformed JSON.
[02:49:09 +1m 55s | thequantuminsider_2020_05_19_tqd_exclusive_ki3_photonics_is_paving_the_path_for_the_quantum_era] Extracting actors: https://thequantuminsider.com/2020/05/19/tqd-exclusive-ki3-photonics-is-paving-the-path-for-the-quantum-era (1/1), chunk 21/40
[02:49:16 +2m 2s | thequantuminsider_2020_05_19_tqd_exclusive_ki3_photonics_is_paving_the_path_for_the_quantum_era] Repaired malformed JSON.
[02:49:16 +2m 2s | thequantuminsider_2020_05_19_tqd_exclusive_ki3_photonics_is_paving_the_path_for_the_quantum_era] Extracting actors: https://thequantuminsider.com/2020/05/19/tqd-exclusive-ki3-photonics-is-paving-the-path-for-the-quantum-era (1/1), chunk 22/40
[02:49:22 +2m 8s | thequantuminsider_2020_05_19_tqd_exclusive_ki3_photonics_is_paving_the_path_for_the_quantum_era] Repaired malformed JSON.
[02:49:22 +2m 8s | thequantuminsider_2020_05_19_tqd_exclusive_ki3_photonics_is_paving_the_path_for_the_quantum_era] Extracting actors: https://thequantuminsider.com/2020/05/19/tqd-exclusive-ki3-photonics-is-paving-the-path-for-the-quantum-era (1/1), chunk 23/40
[02:49:28 +2m 14s | thequantuminsider_2020_05_19_tqd_exclusive_ki3_photonics_is_paving_the_path_for_the_quantum_era] Repaired malformed JSON.
[02:49:28 +2m 14s | thequantuminsider_2020_05_19_tqd_exclusive_ki3_photonics_is_paving_the_path_for_the_quantum_era] Extracting actors: https://thequantuminsider.com/2020/05/19/tqd-exclusive-ki3-photonics-is-paving-the-path-for-the-quantum-era (1/1), chunk 24/40
[02:49:37 +2m 21s | thequantuminsider_2020_05_19_tqd_exclusive_ki3_photonics_is_paving_the_path_for_the_quantum_era] Repaired malformed JSON.
[02:49:37 +2m 21s | thequantuminsider_2020_05_19_tqd_exclusive_ki3_photonics_is_paving_the_path_for_the_quantum_era] Extracting actors: https://thequantuminsider.com/2020/05/19/tqd-exclusive-ki3-photonics-is-paving-the-path-for-the-quantum-era (1/1), chunk 25/40
[02:49:45 +2m 29s | thequantuminsider_2020_05_19_tqd_exclusive_ki3_photonics_is_paving_the_path_for_the_quantum_era] Repaired malformed JSON.
[02:49:45 +2m 29s | thequantuminsider_2020_05_19_tqd_exclusive_ki3_photonics_is_paving_the_path_for_the_quantum_era] Extracting actors: https://thequantuminsider.com/2020/05/19/tqd-exclusive-ki3-photonics-is-paving-the-path-for-the-quantum-era (1/1), chunk 26/40
[02:49:53 +2m 37s | thequantuminsider_2020_05_19_tqd_exclusive_ki3_photonics_is_paving_the_path_for_the_quantum_era] Repaired malformed JSON.
[02:49:53 +2m 37s | thequantuminsider_2020_05_19_tqd_exclusive_ki3_photonics_is_paving_the_path_for_the_quantum_era] Extracting actors: https://thequantuminsider.com/2020/05/19/tqd-exclusive-ki3-photonics-is-paving-the-path-for-the-quantum-era (1/1), chunk 27/40
[02:50:00 +2m 44s | thequantuminsider_2020_05_19_tqd_exclusive_ki3_photonics_is_paving_the_path_for_the_quantum_era] Repaired malformed JSON.
[02:50:00 +2m 44s | thequantuminsider_2020_05_19_tqd_exclusive_ki3_photonics_is_paving_the_path_for_the_quantum_era] Extracting actors: https://thequantuminsider.com/2020/05/19/tqd-exclusive-ki3-photonics-is-paving-the-path-for-the-quantum-era (1/1), chunk 28/40
[02:50:05 +2m 49s | thequantuminsider_2020_05_19_tqd_exclusive_ki3_photonics_is_paving_the_path_for_the_quantum_era] Extracting actors: https://thequantuminsider.com/2020/05/19/tqd-exclusive-ki3-photonics-is-paving-the-path-for-the-quantum-era (1/1), chunk 29/40
[02:50:14 +2m 55s | thequantuminsider_2020_05_19_tqd_exclusive_ki3_photonics_is_paving_the_path_for_the_quantum_era] Repaired malformed JSON.
[02:50:14 +2m 55s | thequantuminsider_2020_05_19_tqd_exclusive_ki3_photonics_is_paving_the_path_for_the_quantum_era] Extracting actors: https://thequantuminsider.com/2020/05/19/tqd-exclusive-ki3-photonics-is-paving-the-path-for-the-quantum-era (1/1), chunk 30/40
[02:50:21 +3m 2s | thequantuminsider_2020_05_19_tqd_exclusive_ki3_photonics_is_paving_the_path_for_the_quantum_era] Extracting actors: https://thequantuminsider.com/2020/05/19/tqd-exclusive-ki3-photonics-is-paving-the-path-for-the-quantum-era (1/1), chunk 31/40
[02:50:25 +3m 6s | thequantuminsider_2020_05_19_tqd_exclusive_ki3_photonics_is_paving_the_path_for_the_quantum_era] Extracting actors: https://thequantuminsider.com/2020/05/19/tqd-exclusive-ki3-photonics-is-paving-the-path-for-the-quantum-era (1/1), chunk 32/40
[02:50:26 +3m 7s | thequantuminsider_2020_05_19_tqd_exclusive_ki3_photonics_is_paving_the_path_for_the_quantum_era] Extracting actors: https://thequantuminsider.com/2020/05/19/tqd-exclusive-ki3-photonics-is-paving-the-path-for-the-quantum-era (1/1), chunk 33/40
[02:50:33 +3m 13s | thequantuminsider_2020_05_19_tqd_exclusive_ki3_photonics_is_paving_the_path_for_the_quantum_era] Repaired malformed JSON.
[02:50:33 +3m 13s | thequantuminsider_2020_05_19_tqd_exclusive_ki3_photonics_is_paving_the_path_for_the_quantum_era] Extracting actors: https://thequantuminsider.com/2020/05/19/tqd-exclusive-ki3-photonics-is-paving-the-path-for-the-quantum-era (1/1), chunk 34/40
[02:50:45 +3m 22s | thequantuminsider_2020_05_19_tqd_exclusive_ki3_photonics_is_paving_the_path_for_the_quantum_era] Repaired malformed JSON.
[02:50:45 +3m 22s | thequantuminsider_2020_05_19_tqd_exclusive_ki3_photonics_is_paving_the_path_for_the_quantum_era] Extracting actors: https://thequantuminsider.com/2020/05/19/tqd-exclusive-ki3-photonics-is-paving-the-path-for-the-quantum-era (1/1), chunk 35/40
[02:50:49 +3m 26s | thequantuminsider_2020_05_19_tqd_exclusive_ki3_photonics_is_paving_the_path_for_the_quantum_era] Extracting actors: https://thequantuminsider.com/2020/05/19/tqd-exclusive-ki3-photonics-is-paving-the-path-for-the-quantum-era (1/1), chunk 36/40
[02:50:55 +3m 33s | thequantuminsider_2020_05_19_tqd_exclusive_ki3_photonics_is_paving_the_path_for_the_quantum_era] Repaired malformed JSON.
[02:50:55 +3m 33s | thequantuminsider_2020_05_19_tqd_exclusive_ki3_photonics_is_paving_the_path_for_the_quantum_era] Extracting actors: https://thequantuminsider.com/2020/05/19/tqd-exclusive-ki3-photonics-is-paving-the-path-for-the-quantum-era (1/1), chunk 37/40
[02:51:02 +3m 40s | thequantuminsider_2020_05_19_tqd_exclusive_ki3_photonics_is_paving_the_path_for_the_quantum_era] Repaired malformed JSON.
[02:51:02 +3m 40s | thequantuminsider_2020_05_19_tqd_exclusive_ki3_photonics_is_paving_the_path_for_the_quantum_era] Extracting actors: https://thequantuminsider.com/2020/05/19/tqd-exclusive-ki3-photonics-is-paving-the-path-for-the-quantum-era (1/1), chunk 38/40
[02:51:08 +3m 45s | thequantuminsider_2020_05_19_tqd_exclusive_ki3_photonics_is_paving_the_path_for_the_quantum_era] Repaired malformed JSON.
[02:51:08 +3m 45s | thequantuminsider_2020_05_19_tqd_exclusive_ki3_photonics_is_paving_the_path_for_the_quantum_era] Extracting actors: https://thequantuminsider.com/2020/05/19/tqd-exclusive-ki3-photonics-is-paving-the-path-for-the-quantum-era (1/1), chunk 39/40
[02:51:14 +3m 52s | thequantuminsider_2020_05_19_tqd_exclusive_ki3_photonics_is_paving_the_path_for_the_quantum_era] Repaired malformed JSON.
[02:51:14 +3m 52s | thequantuminsider_2020_05_19_tqd_exclusive_ki3_photonics_is_paving_the_path_for_the_quantum_era] Extracting actors: https://thequantuminsider.com/2020/05/19/tqd-exclusive-ki3-photonics-is-paving-the-path-for-the-quantum-era (1/1), chunk 40/40
[02:51:23 +3m 58s | thequantuminsider_2020_05_19_tqd_exclusive_ki3_photonics_is_paving_the_path_for_the_quantum_era] Repaired malformed JSON.
[02:51:23 +3m 58s | thequantuminsider_2020_05_19_tqd_exclusive_ki3_photonics_is_paving_the_path_for_the_quantum_era] Saved 1_actor_results.json with 61 extracted records

[02:51:23 +3m 58s | thequantuminsider_2020_05_19_tqd_exclusive_ki3_photonics_is_paving_the_path_for_the_quantum_era] === 2 clean actors ===
[02:51:23 +3m 58s | thequantuminsider_2020_05_19_tqd_exclusive_ki3_photonics_is_paving_the_path_for_the_quantum_era] Loaded 61 extracted records
[02:51:23 +3m 58s | thequantuminsider_2020_05_19_tqd_exclusive_ki3_photonics_is_paving_the_path_for_the_quantum_era] Saved 2_actor_nodes.json with 19 canonical actor nodes

[02:51:23 +3m 58s | thequantuminsider_2020_05_19_tqd_exclusive_ki3_photonics_is_paving_the_path_for_the_quantum_era] === 3 interaction extraction ===
[02:51:23 +3m 58s | thequantuminsider_2020_05_19_tqd_exclusive_ki3_photonics_is_paving_the_path_for_the_quantum_era] Extracting interactions: https://thequantuminsider.com/2020/05/19/tqd-exclusive-ki3-photonics-is-paving-the-path-for-the-quantum-era (1/1), chunk 11/40
[02:51:25 +3m 59s | thequantuminsider_2020_05_19_tqd_exclusive_ki3_photonics_is_paving_the_path_for_the_quantum_era] Extracting interactions: https://thequantuminsider.com/2020/05/19/tqd-exclusive-ki3-photonics-is-paving-the-path-for-the-quantum-era (1/1), chunk 12/40
[02:51:28 +4m 3s | thequantuminsider_2020_05_19_tqd_exclusive_ki3_photonics_is_paving_the_path_for_the_quantum_era] Extracting interactions: https://thequantuminsider.com/2020/05/19/tqd-exclusive-ki3-photonics-is-paving-the-path-for-the-quantum-era (1/1), chunk 13/40
[02:51:38 +4m 12s | thequantuminsider_2020_05_19_tqd_exclusive_ki3_photonics_is_paving_the_path_for_the_quantum_era] Extracting interactions: https://thequantuminsider.com/2020/05/19/tqd-exclusive-ki3-photonics-is-paving-the-path-for-the-quantum-era (1/1), chunk 14/40
[02:51:57 +4m 29s | thequantuminsider_2020_05_19_tqd_exclusive_ki3_photonics_is_paving_the_path_for_the_quantum_era] Extracting interactions: https://thequantuminsider.com/2020/05/19/tqd-exclusive-ki3-photonics-is-paving-the-path-for-the-quantum-era (1/1), chunk 15/40
[02:52:13 +4m 45s | thequantuminsider_2020_05_19_tqd_exclusive_ki3_photonics_is_paving_the_path_for_the_quantum_era] Extracting interactions: https://thequantuminsider.com/2020/05/19/tqd-exclusive-ki3-photonics-is-paving-the-path-for-the-quantum-era (1/1), chunk 16/40
[02:52:20 +4m 51s | thequantuminsider_2020_05_19_tqd_exclusive_ki3_photonics_is_paving_the_path_for_the_quantum_era] Extracting interactions: https://thequantuminsider.com/2020/05/19/tqd-exclusive-ki3-photonics-is-paving-the-path-for-the-quantum-era (1/1), chunk 17/40
[02:52:26 +4m 58s | thequantuminsider_2020_05_19_tqd_exclusive_ki3_photonics_is_paving_the_path_for_the_quantum_era] Extracting interactions: https://thequantuminsider.com/2020/05/19/tqd-exclusive-ki3-photonics-is-paving-the-path-for-the-quantum-era (1/1), chunk 18/40
[02:52:36 +5m 5s | thequantuminsider_2020_05_19_tqd_exclusive_ki3_photonics_is_paving_the_path_for_the_quantum_era] Extracting interactions: https://thequantuminsider.com/2020/05/19/tqd-exclusive-ki3-photonics-is-paving-the-path-for-the-quantum-era (1/1), chunk 19/40
[02:52:38 +5m 7s | thequantuminsider_2020_05_19_tqd_exclusive_ki3_photonics_is_paving_the_path_for_the_quantum_era] Extracting interactions: https://thequantuminsider.com/2020/05/19/tqd-exclusive-ki3-photonics-is-paving-the-path-for-the-quantum-era (1/1), chunk 20/40
[02:52:43 +5m 12s | thequantuminsider_2020_05_19_tqd_exclusive_ki3_photonics_is_paving_the_path_for_the_quantum_era] Extracting interactions: https://thequantuminsider.com/2020/05/19/tqd-exclusive-ki3-photonics-is-paving-the-path-for-the-quantum-era (1/1), chunk 21/40
[02:52:52 +5m 21s | thequantuminsider_2020_05_19_tqd_exclusive_ki3_photonics_is_paving_the_path_for_the_quantum_era] Extracting interactions: https://thequantuminsider.com/2020/05/19/tqd-exclusive-ki3-photonics-is-paving-the-path-for-the-quantum-era (1/1), chunk 22/40
[02:52:58 +5m 27s | thequantuminsider_2020_05_19_tqd_exclusive_ki3_photonics_is_paving_the_path_for_the_quantum_era] Extracting interactions: https://thequantuminsider.com/2020/05/19/tqd-exclusive-ki3-photonics-is-paving-the-path-for-the-quantum-era (1/1), chunk 23/40
[02:53:07 +5m 33s | thequantuminsider_2020_05_19_tqd_exclusive_ki3_photonics_is_paving_the_path_for_the_quantum_era] Extracting interactions: https://thequantuminsider.com/2020/05/19/tqd-exclusive-ki3-photonics-is-paving-the-path-for-the-quantum-era (1/1), chunk 24/40
[02:53:12 +5m 37s | thequantuminsider_2020_05_19_tqd_exclusive_ki3_photonics_is_paving_the_path_for_the_quantum_era] Extracting interactions: https://thequantuminsider.com/2020/05/19/tqd-exclusive-ki3-photonics-is-paving-the-path-for-the-quantum-era (1/1), chunk 25/40
[02:53:20 +5m 46s | thequantuminsider_2020_05_19_tqd_exclusive_ki3_photonics_is_paving_the_path_for_the_quantum_era] Extracting interactions: https://thequantuminsider.com/2020/05/19/tqd-exclusive-ki3-photonics-is-paving-the-path-for-the-quantum-era (1/1), chunk 26/40
[02:53:26 +5m 52s | thequantuminsider_2020_05_19_tqd_exclusive_ki3_photonics_is_paving_the_path_for_the_quantum_era] Extracting interactions: https://thequantuminsider.com/2020/05/19/tqd-exclusive-ki3-photonics-is-paving-the-path-for-the-quantum-era (1/1), chunk 29/40
[02:53:31 +5m 57s | thequantuminsider_2020_05_19_tqd_exclusive_ki3_photonics_is_paving_the_path_for_the_quantum_era] Extracting interactions: https://thequantuminsider.com/2020/05/19/tqd-exclusive-ki3-photonics-is-paving-the-path-for-the-quantum-era (1/1), chunk 30/40
[02:53:33 +5m 59s | thequantuminsider_2020_05_19_tqd_exclusive_ki3_photonics_is_paving_the_path_for_the_quantum_era] Extracting interactions: https://thequantuminsider.com/2020/05/19/tqd-exclusive-ki3-photonics-is-paving-the-path-for-the-quantum-era (1/1), chunk 31/40
[02:53:35 +6m 0s | thequantuminsider_2020_05_19_tqd_exclusive_ki3_photonics_is_paving_the_path_for_the_quantum_era] Extracting interactions: https://thequantuminsider.com/2020/05/19/tqd-exclusive-ki3-photonics-is-paving-the-path-for-the-quantum-era (1/1), chunk 33/40
[02:53:36 +6m 2s | thequantuminsider_2020_05_19_tqd_exclusive_ki3_photonics_is_paving_the_path_for_the_quantum_era] Extracting interactions: https://thequantuminsider.com/2020/05/19/tqd-exclusive-ki3-photonics-is-paving-the-path-for-the-quantum-era (1/1), chunk 34/40
[02:53:41 +6m 4s | thequantuminsider_2020_05_19_tqd_exclusive_ki3_photonics_is_paving_the_path_for_the_quantum_era] Extracting interactions: https://thequantuminsider.com/2020/05/19/tqd-exclusive-ki3-photonics-is-paving-the-path-for-the-quantum-era (1/1), chunk 35/40
[02:53:42 +6m 5s | thequantuminsider_2020_05_19_tqd_exclusive_ki3_photonics_is_paving_the_path_for_the_quantum_era] Extracting interactions: https://thequantuminsider.com/2020/05/19/tqd-exclusive-ki3-photonics-is-paving-the-path-for-the-quantum-era (1/1), chunk 36/40
[02:53:46 +6m 9s | thequantuminsider_2020_05_19_tqd_exclusive_ki3_photonics_is_paving_the_path_for_the_quantum_era] Extracting interactions: https://thequantuminsider.com/2020/05/19/tqd-exclusive-ki3-photonics-is-paving-the-path-for-the-quantum-era (1/1), chunk 38/40
[02:53:47 +6m 10s | thequantuminsider_2020_05_19_tqd_exclusive_ki3_photonics_is_paving_the_path_for_the_quantum_era] Extracting interactions: https://thequantuminsider.com/2020/05/19/tqd-exclusive-ki3-photonics-is-paving-the-path-for-the-quantum-era (1/1), chunk 39/40
[02:53:49 +6m 12s | thequantuminsider_2020_05_19_tqd_exclusive_ki3_photonics_is_paving_the_path_for_the_quantum_era] Extracting interactions: https://thequantuminsider.com/2020/05/19/tqd-exclusive-ki3-photonics-is-paving-the-path-for-the-quantum-era (1/1), chunk 40/40
[02:53:50 +6m 13s | thequantuminsider_2020_05_19_tqd_exclusive_ki3_photonics_is_paving_the_path_for_the_quantum_era] Saved 3_interaction_results.json with 32 extracted interactions.

[02:53:50 +6m 13s | thequantuminsider_2020_05_19_tqd_exclusive_ki3_photonics_is_paving_the_path_for_the_quantum_era] === 4 clean interactions ===
[02:53:50 +6m 13s | thequantuminsider_2020_05_19_tqd_exclusive_ki3_photonics_is_paving_the_path_for_the_quantum_era] Saved 4_edges.json with 2 cleaned interactions.

[02:53:50 +6m 13s | thequantuminsider_2020_05_19_tqd_exclusive_ki3_photonics_is_paving_the_path_for_the_quantum_era] === 5 helix enrichment ===
[02:53:50 +6m 13s | thequantuminsider_2020_05_19_tqd_exclusive_ki3_photonics_is_paving_the_path_for_the_quantum_era] Wrote 5_nodes.json (19 actors)
[02:53:50 +6m 13s | thequantuminsider_2020_05_19_tqd_exclusive_ki3_photonics_is_paving_the_path_for_the_quantum_era] Wrote 5_edges.json (2 interactions)
[02:53:50 +6m 13s | thequantuminsider_2020_05_19_tqd_exclusive_ki3_photonics_is_paving_the_path_for_the_quantum_era] Actor helix counts: {'Academia': 2, 'Civil Society': 2, 'Government': 4, 'Industry': 2, 'Intermediary': 2, 'Unknown': 7}
[02:53:50 +6m 13s | thequantuminsider_2020_05_19_tqd_exclusive_ki3_photonics_is_paving_the_path_for_the_quantum_era] Functional-space counts: {'Unknown': 2}

[02:53:50 +6m 13s | thequantuminsider_2020_05_19_tqd_exclusive_ki3_photonics_is_paving_the_path_for_the_quantum_era] === 6 network visualisation ===
[02:53:51 +6m 14s | thequantuminsider_2020_05_19_tqd_exclusive_ki3_photonics_is_paving_the_path_for_the_quantum_era] Wrote quantum_network.html
[02:53:51 +6m 14s | thequantuminsider_2020_05_19_tqd_exclusive_ki3_photonics_is_paving_the_path_for_the_quantum_era] Nodes: 19
[02:53:51 +6m 14s | thequantuminsider_2020_05_19_tqd_exclusive_ki3_photonics_is_paving_the_path_for_the_quantum_era] Edges: 2

[02:53:51 +6m 14s | thequantuminsider_2020_05_19_tqd_exclusive_ki3_photonics_is_paving_the_path_for_the_quantum_era] Done. Outputs written to: /home/lv/IDP/idpdeeptech/pipeline/news_outputs/thequantuminsider_2020_05_19_tqd_exclusive_ki3_photonics_is_paving_the_path_for_the_quantum_era
[02:53:51 +6m 14s | thequantuminsider_2020_05_19_tqd_exclusive_ki3_photonics_is_paving_the_path_for_the_quantum_era] Log: /home/lv/IDP/idpdeeptech/pipeline/news_outputs/thequantuminsider_2020_05_19_tqd_exclusive_ki3_photonics_is_paving_the_path_for_the_quantum_era/run.log

========================================================================
RUN FINISHED 2026-07-02 02:53:51  (OK)
Started:     2026-07-02 02:47:02
Elapsed:     6m 14s
========================================================================
