
========================================================================
RUN STARTED  2026-07-02 01:04:13
site_pipeline.py https://thequantuminsider.com/2020/04/17/entree-capital-announces-100m-for-quantum-computing-deep-tech/
========================================================================

[01:04:13 +0s | thequantuminsider_2020_04_17_entree_capital_announces_100m_for_quantum_computing_deep_tech] === 0 crawl site ===
[01:04:14 +1s | thequantuminsider_2020_04_17_entree_capital_announces_100m_for_quantum_computing_deep_tech] [INIT].... → Crawl4AI 0.8.6 
[01:04:16 +3s | thequantuminsider_2020_04_17_entree_capital_announces_100m_for_quantum_computing_deep_tech] [FETCH]... ↓ https://thequantuminsider.com/2020/04/17/entree-...-announces-100m-for-quantum-computing-deep-tech/  | ✓ | ⏱: 1.45s 
[01:04:16 +3s | thequantuminsider_2020_04_17_entree_capital_announces_100m_for_quantum_computing_deep_tech] [SCRAPE].. ◆ https://thequantuminsider.com/2020/04/17/entree-...-announces-100m-for-quantum-computing-deep-tech/  | ✓ | ⏱: 0.06s 
[01:04:16 +3s | thequantuminsider_2020_04_17_entree_capital_announces_100m_for_quantum_computing_deep_tech] [COMPLETE] ● https://thequantuminsider.com/2020/04/17/entree-...-announces-100m-for-quantum-computing-deep-tech/  | ✓ | ⏱: 1.52s 
[01:04:16 +3s | thequantuminsider_2020_04_17_entree_capital_announces_100m_for_quantum_computing_deep_tech] Saved: crawl_output/624cc21939_thequantuminsider.com_2020_04_17_entree-capital-announces-100m-for-quantum-computing-deep-tech.json

[01:04:16 +3s | thequantuminsider_2020_04_17_entree_capital_announces_100m_for_quantum_computing_deep_tech] === 1 actor extraction ===
[01:04:16 +3s | thequantuminsider_2020_04_17_entree_capital_announces_100m_for_quantum_computing_deep_tech] Reading page (1/1): https://thequantuminsider.com/2020/04/17/entree-capital-announces-100m-for-quantum-computing-deep-tech
[01:04:16 +3s | thequantuminsider_2020_04_17_entree_capital_announces_100m_for_quantum_computing_deep_tech] Extracting actors: https://thequantuminsider.com/2020/04/17/entree-capital-announces-100m-for-quantum-computing-deep-tech (1/1), chunk 1/27
[01:04:25 +9s | thequantuminsider_2020_04_17_entree_capital_announces_100m_for_quantum_computing_deep_tech] Extracting actors: https://thequantuminsider.com/2020/04/17/entree-capital-announces-100m-for-quantum-computing-deep-tech (1/1), chunk 2/27
[01:04:29 +13s | thequantuminsider_2020_04_17_entree_capital_announces_100m_for_quantum_computing_deep_tech] Extracting actors: https://thequantuminsider.com/2020/04/17/entree-capital-announces-100m-for-quantum-computing-deep-tech (1/1), chunk 3/27
[01:04:33 +17s | thequantuminsider_2020_04_17_entree_capital_announces_100m_for_quantum_computing_deep_tech] Extracting actors: https://thequantuminsider.com/2020/04/17/entree-capital-announces-100m-for-quantum-computing-deep-tech (1/1), chunk 4/27
[01:04:39 +23s | thequantuminsider_2020_04_17_entree_capital_announces_100m_for_quantum_computing_deep_tech] Extracting actors: https://thequantuminsider.com/2020/04/17/entree-capital-announces-100m-for-quantum-computing-deep-tech (1/1), chunk 5/27
[01:04:45 +29s | thequantuminsider_2020_04_17_entree_capital_announces_100m_for_quantum_computing_deep_tech] Extracting actors: https://thequantuminsider.com/2020/04/17/entree-capital-announces-100m-for-quantum-computing-deep-tech (1/1), chunk 6/27
[01:04:49 +33s | thequantuminsider_2020_04_17_entree_capital_announces_100m_for_quantum_computing_deep_tech] Extracting actors: https://thequantuminsider.com/2020/04/17/entree-capital-announces-100m-for-quantum-computing-deep-tech (1/1), chunk 7/27
[01:04:53 +37s | thequantuminsider_2020_04_17_entree_capital_announces_100m_for_quantum_computing_deep_tech] Extracting actors: https://thequantuminsider.com/2020/04/17/entree-capital-announces-100m-for-quantum-computing-deep-tech (1/1), chunk 8/27
[01:05:01 +42s | thequantuminsider_2020_04_17_entree_capital_announces_100m_for_quantum_computing_deep_tech] Extracting actors: https://thequantuminsider.com/2020/04/17/entree-capital-announces-100m-for-quantum-computing-deep-tech (1/1), chunk 9/27
[01:05:07 +49s | thequantuminsider_2020_04_17_entree_capital_announces_100m_for_quantum_computing_deep_tech] Repaired malformed JSON.
[01:05:07 +49s | thequantuminsider_2020_04_17_entree_capital_announces_100m_for_quantum_computing_deep_tech] Extracting actors: https://thequantuminsider.com/2020/04/17/entree-capital-announces-100m-for-quantum-computing-deep-tech (1/1), chunk 10/27
[01:05:11 +52s | thequantuminsider_2020_04_17_entree_capital_announces_100m_for_quantum_computing_deep_tech] Extracting actors: https://thequantuminsider.com/2020/04/17/entree-capital-announces-100m-for-quantum-computing-deep-tech (1/1), chunk 11/27
[01:05:19 +1m 0s | thequantuminsider_2020_04_17_entree_capital_announces_100m_for_quantum_computing_deep_tech] Repaired malformed JSON.
[01:05:19 +1m 0s | thequantuminsider_2020_04_17_entree_capital_announces_100m_for_quantum_computing_deep_tech] Extracting actors: https://thequantuminsider.com/2020/04/17/entree-capital-announces-100m-for-quantum-computing-deep-tech (1/1), chunk 12/27
[01:05:25 +1m 6s | thequantuminsider_2020_04_17_entree_capital_announces_100m_for_quantum_computing_deep_tech] Repaired malformed JSON.
[01:05:25 +1m 6s | thequantuminsider_2020_04_17_entree_capital_announces_100m_for_quantum_computing_deep_tech] Extracting actors: https://thequantuminsider.com/2020/04/17/entree-capital-announces-100m-for-quantum-computing-deep-tech (1/1), chunk 13/27
[01:05:31 +1m 12s | thequantuminsider_2020_04_17_entree_capital_announces_100m_for_quantum_computing_deep_tech] Repaired malformed JSON.
[01:05:31 +1m 12s | thequantuminsider_2020_04_17_entree_capital_announces_100m_for_quantum_computing_deep_tech] Extracting actors: https://thequantuminsider.com/2020/04/17/entree-capital-announces-100m-for-quantum-computing-deep-tech (1/1), chunk 14/27
[01:05:39 +1m 17s | thequantuminsider_2020_04_17_entree_capital_announces_100m_for_quantum_computing_deep_tech] Repaired malformed JSON.
[01:05:39 +1m 17s | thequantuminsider_2020_04_17_entree_capital_announces_100m_for_quantum_computing_deep_tech] Extracting actors: https://thequantuminsider.com/2020/04/17/entree-capital-announces-100m-for-quantum-computing-deep-tech (1/1), chunk 15/27
[01:05:47 +1m 25s | thequantuminsider_2020_04_17_entree_capital_announces_100m_for_quantum_computing_deep_tech] Repaired malformed JSON.
[01:05:47 +1m 25s | thequantuminsider_2020_04_17_entree_capital_announces_100m_for_quantum_computing_deep_tech] Extracting actors: https://thequantuminsider.com/2020/04/17/entree-capital-announces-100m-for-quantum-computing-deep-tech (1/1), chunk 16/27
[01:05:56 +1m 34s | thequantuminsider_2020_04_17_entree_capital_announces_100m_for_quantum_computing_deep_tech] Repaired malformed JSON.
[01:05:56 +1m 34s | thequantuminsider_2020_04_17_entree_capital_announces_100m_for_quantum_computing_deep_tech] Extracting actors: https://thequantuminsider.com/2020/04/17/entree-capital-announces-100m-for-quantum-computing-deep-tech (1/1), chunk 17/27
[01:06:02 +1m 40s | thequantuminsider_2020_04_17_entree_capital_announces_100m_for_quantum_computing_deep_tech] Repaired malformed JSON.
[01:06:02 +1m 40s | thequantuminsider_2020_04_17_entree_capital_announces_100m_for_quantum_computing_deep_tech] Extracting actors: https://thequantuminsider.com/2020/04/17/entree-capital-announces-100m-for-quantum-computing-deep-tech (1/1), chunk 18/27
[01:06:13 +1m 48s | thequantuminsider_2020_04_17_entree_capital_announces_100m_for_quantum_computing_deep_tech] Repaired malformed JSON.
[01:06:13 +1m 48s | thequantuminsider_2020_04_17_entree_capital_announces_100m_for_quantum_computing_deep_tech] Extracting actors: https://thequantuminsider.com/2020/04/17/entree-capital-announces-100m-for-quantum-computing-deep-tech (1/1), chunk 19/27
[01:06:22 +1m 57s | thequantuminsider_2020_04_17_entree_capital_announces_100m_for_quantum_computing_deep_tech] Repaired malformed JSON.
[01:06:22 +1m 57s | thequantuminsider_2020_04_17_entree_capital_announces_100m_for_quantum_computing_deep_tech] Extracting actors: https://thequantuminsider.com/2020/04/17/entree-capital-announces-100m-for-quantum-computing-deep-tech (1/1), chunk 20/27
[01:06:29 +2m 4s | thequantuminsider_2020_04_17_entree_capital_announces_100m_for_quantum_computing_deep_tech] Repaired malformed JSON.
[01:06:29 +2m 4s | thequantuminsider_2020_04_17_entree_capital_announces_100m_for_quantum_computing_deep_tech] Extracting actors: https://thequantuminsider.com/2020/04/17/entree-capital-announces-100m-for-quantum-computing-deep-tech (1/1), chunk 21/27
[01:06:35 +2m 10s | thequantuminsider_2020_04_17_entree_capital_announces_100m_for_quantum_computing_deep_tech] Repaired malformed JSON.
[01:06:35 +2m 10s | thequantuminsider_2020_04_17_entree_capital_announces_100m_for_quantum_computing_deep_tech] Extracting actors: https://thequantuminsider.com/2020/04/17/entree-capital-announces-100m-for-quantum-computing-deep-tech (1/1), chunk 22/27
[01:06:41 +2m 16s | thequantuminsider_2020_04_17_entree_capital_announces_100m_for_quantum_computing_deep_tech] Repaired malformed JSON.
[01:06:41 +2m 16s | thequantuminsider_2020_04_17_entree_capital_announces_100m_for_quantum_computing_deep_tech] Extracting actors: https://thequantuminsider.com/2020/04/17/entree-capital-announces-100m-for-quantum-computing-deep-tech (1/1), chunk 23/27
[01:06:51 +2m 23s | thequantuminsider_2020_04_17_entree_capital_announces_100m_for_quantum_computing_deep_tech] Repaired malformed JSON.
[01:06:51 +2m 23s | thequantuminsider_2020_04_17_entree_capital_announces_100m_for_quantum_computing_deep_tech] Extracting actors: https://thequantuminsider.com/2020/04/17/entree-capital-announces-100m-for-quantum-computing-deep-tech (1/1), chunk 24/27
[01:06:57 +2m 30s | thequantuminsider_2020_04_17_entree_capital_announces_100m_for_quantum_computing_deep_tech] Repaired malformed JSON.
[01:06:57 +2m 30s | thequantuminsider_2020_04_17_entree_capital_announces_100m_for_quantum_computing_deep_tech] Extracting actors: https://thequantuminsider.com/2020/04/17/entree-capital-announces-100m-for-quantum-computing-deep-tech (1/1), chunk 25/27
[01:07:02 +2m 34s | thequantuminsider_2020_04_17_entree_capital_announces_100m_for_quantum_computing_deep_tech] Extracting actors: https://thequantuminsider.com/2020/04/17/entree-capital-announces-100m-for-quantum-computing-deep-tech (1/1), chunk 26/27
[01:07:08 +2m 40s | thequantuminsider_2020_04_17_entree_capital_announces_100m_for_quantum_computing_deep_tech] Repaired malformed JSON.
[01:07:08 +2m 40s | thequantuminsider_2020_04_17_entree_capital_announces_100m_for_quantum_computing_deep_tech] Extracting actors: https://thequantuminsider.com/2020/04/17/entree-capital-announces-100m-for-quantum-computing-deep-tech (1/1), chunk 27/27
[01:07:12 +2m 44s | thequantuminsider_2020_04_17_entree_capital_announces_100m_for_quantum_computing_deep_tech] Saved 1_actor_results.json with 43 extracted records

[01:07:12 +2m 44s | thequantuminsider_2020_04_17_entree_capital_announces_100m_for_quantum_computing_deep_tech] === 2 clean actors ===
[01:07:12 +2m 44s | thequantuminsider_2020_04_17_entree_capital_announces_100m_for_quantum_computing_deep_tech] Loaded 43 extracted records
[01:07:12 +2m 44s | thequantuminsider_2020_04_17_entree_capital_announces_100m_for_quantum_computing_deep_tech] Saved 2_actor_nodes.json with 12 canonical actor nodes

[01:07:12 +2m 44s | thequantuminsider_2020_04_17_entree_capital_announces_100m_for_quantum_computing_deep_tech] === 3 interaction extraction ===
[01:07:12 +2m 44s | thequantuminsider_2020_04_17_entree_capital_announces_100m_for_quantum_computing_deep_tech] Extracting interactions: https://thequantuminsider.com/2020/04/17/entree-capital-announces-100m-for-quantum-computing-deep-tech (1/1), chunk 11/27
[01:07:13 +2m 46s | thequantuminsider_2020_04_17_entree_capital_announces_100m_for_quantum_computing_deep_tech] Extracting interactions: https://thequantuminsider.com/2020/04/17/entree-capital-announces-100m-for-quantum-computing-deep-tech (1/1), chunk 12/27
[01:07:21 +2m 50s | thequantuminsider_2020_04_17_entree_capital_announces_100m_for_quantum_computing_deep_tech] Extracting interactions: https://thequantuminsider.com/2020/04/17/entree-capital-announces-100m-for-quantum-computing-deep-tech (1/1), chunk 13/27
[01:07:25 +2m 54s | thequantuminsider_2020_04_17_entree_capital_announces_100m_for_quantum_computing_deep_tech] Extracting interactions: https://thequantuminsider.com/2020/04/17/entree-capital-announces-100m-for-quantum-computing-deep-tech (1/1), chunk 14/27
[01:07:29 +2m 58s | thequantuminsider_2020_04_17_entree_capital_announces_100m_for_quantum_computing_deep_tech] Extracting interactions: https://thequantuminsider.com/2020/04/17/entree-capital-announces-100m-for-quantum-computing-deep-tech (1/1), chunk 15/27
[01:07:32 +3m 2s | thequantuminsider_2020_04_17_entree_capital_announces_100m_for_quantum_computing_deep_tech] Extracting interactions: https://thequantuminsider.com/2020/04/17/entree-capital-announces-100m-for-quantum-computing-deep-tech (1/1), chunk 16/27
[01:07:36 +3m 6s | thequantuminsider_2020_04_17_entree_capital_announces_100m_for_quantum_computing_deep_tech] Extracting interactions: https://thequantuminsider.com/2020/04/17/entree-capital-announces-100m-for-quantum-computing-deep-tech (1/1), chunk 17/27
[01:07:41 +3m 10s | thequantuminsider_2020_04_17_entree_capital_announces_100m_for_quantum_computing_deep_tech] Extracting interactions: https://thequantuminsider.com/2020/04/17/entree-capital-announces-100m-for-quantum-computing-deep-tech (1/1), chunk 18/27
[01:07:48 +3m 18s | thequantuminsider_2020_04_17_entree_capital_announces_100m_for_quantum_computing_deep_tech] Extracting interactions: https://thequantuminsider.com/2020/04/17/entree-capital-announces-100m-for-quantum-computing-deep-tech (1/1), chunk 19/27
[01:08:00 +3m 27s | thequantuminsider_2020_04_17_entree_capital_announces_100m_for_quantum_computing_deep_tech] Extracting interactions: https://thequantuminsider.com/2020/04/17/entree-capital-announces-100m-for-quantum-computing-deep-tech (1/1), chunk 20/27
[01:08:08 +3m 35s | thequantuminsider_2020_04_17_entree_capital_announces_100m_for_quantum_computing_deep_tech] Extracting interactions: https://thequantuminsider.com/2020/04/17/entree-capital-announces-100m-for-quantum-computing-deep-tech (1/1), chunk 21/27
[01:08:13 +3m 40s | thequantuminsider_2020_04_17_entree_capital_announces_100m_for_quantum_computing_deep_tech] Extracting interactions: https://thequantuminsider.com/2020/04/17/entree-capital-announces-100m-for-quantum-computing-deep-tech (1/1), chunk 22/27
[01:08:17 +3m 43s | thequantuminsider_2020_04_17_entree_capital_announces_100m_for_quantum_computing_deep_tech] Extracting interactions: https://thequantuminsider.com/2020/04/17/entree-capital-announces-100m-for-quantum-computing-deep-tech (1/1), chunk 23/27
[01:08:25 +3m 51s | thequantuminsider_2020_04_17_entree_capital_announces_100m_for_quantum_computing_deep_tech] Saved 3_interaction_results.json with 15 extracted interactions.

[01:08:25 +3m 51s | thequantuminsider_2020_04_17_entree_capital_announces_100m_for_quantum_computing_deep_tech] === 4 clean interactions ===
[01:08:25 +3m 51s | thequantuminsider_2020_04_17_entree_capital_announces_100m_for_quantum_computing_deep_tech] Saved 4_edges.json with 0 cleaned interactions.

[01:08:25 +3m 51s | thequantuminsider_2020_04_17_entree_capital_announces_100m_for_quantum_computing_deep_tech] === 5 helix enrichment ===
[01:08:25 +3m 51s | thequantuminsider_2020_04_17_entree_capital_announces_100m_for_quantum_computing_deep_tech] Wrote 5_nodes.json (12 actors)
[01:08:25 +3m 51s | thequantuminsider_2020_04_17_entree_capital_announces_100m_for_quantum_computing_deep_tech] Wrote 5_edges.json (0 interactions)
[01:08:25 +3m 51s | thequantuminsider_2020_04_17_entree_capital_announces_100m_for_quantum_computing_deep_tech] Actor helix counts: {'Academia': 1, 'Civil Society': 2, 'Government': 3, 'Industry': 3, 'Intermediary': 2, 'Unknown': 1}
[01:08:25 +3m 51s | thequantuminsider_2020_04_17_entree_capital_announces_100m_for_quantum_computing_deep_tech] Functional-space counts: {}

[01:08:25 +3m 51s | thequantuminsider_2020_04_17_entree_capital_announces_100m_for_quantum_computing_deep_tech] === 6 network visualisation ===
[01:08:25 +3m 52s | thequantuminsider_2020_04_17_entree_capital_announces_100m_for_quantum_computing_deep_tech] Wrote quantum_network.html
[01:08:25 +3m 52s | thequantuminsider_2020_04_17_entree_capital_announces_100m_for_quantum_computing_deep_tech] Nodes: 12
[01:08:25 +3m 52s | thequantuminsider_2020_04_17_entree_capital_announces_100m_for_quantum_computing_deep_tech] Edges: 0

[01:08:25 +3m 52s | thequantuminsider_2020_04_17_entree_capital_announces_100m_for_quantum_computing_deep_tech] Done. Outputs written to: /home/lv/IDP/idpdeeptech/pipeline/news_outputs/thequantuminsider_2020_04_17_entree_capital_announces_100m_for_quantum_computing_deep_tech
[01:08:25 +3m 52s | thequantuminsider_2020_04_17_entree_capital_announces_100m_for_quantum_computing_deep_tech] Log: /home/lv/IDP/idpdeeptech/pipeline/news_outputs/thequantuminsider_2020_04_17_entree_capital_announces_100m_for_quantum_computing_deep_tech/run.log

========================================================================
RUN FINISHED 2026-07-02 01:08:25  (OK)
Started:     2026-07-02 01:04:13
Elapsed:     3m 52s
========================================================================
