
========================================================================
RUN STARTED  2026-05-31 00:46:15
pdf_pipeline.py Luis_Czechia25.pdf
========================================================================

[00:46:15 +0s] === 1 actor extraction ===

========================================================================
RUN FINISHED 2026-05-31 00:46:16  (INTERRUPTED)
Elapsed:     1s
========================================================================

========================================================================
RUN STARTED  2026-05-31 00:53:29
pdf_pipeline.py Luis_Czechia25.pdf
========================================================================

[00:53:29 +0s] === 1 actor extraction ===

========================================================================
RUN FINISHED 2026-05-31 00:53:29  (INTERRUPTED)
Elapsed:     0s
========================================================================

========================================================================
RUN STARTED  2026-06-16 02:01:04
pdf_pipeline.py Luis_Czechia25.pdf
========================================================================

[02:01:04 +0s | Luis_Czechia25] === 1 actor extraction ===
[02:01:04 +0s | Luis_Czechia25] Reading PDF: Luis_Czechia25.pdf
[02:01:05 +0s | Luis_Czechia25] Extracting: Luis_Czechia25.pdf, page 1/51, chunk 1/1
[02:01:08 +4s | Luis_Czechia25] Extracting: Luis_Czechia25.pdf, page 2/51, chunk 1/1
[02:01:14 +9s | Luis_Czechia25] Extracting: Luis_Czechia25.pdf, page 3/51, chunk 1/1
[02:01:20 +15s | Luis_Czechia25] Repaired malformed JSON.
[02:01:20 +15s | Luis_Czechia25] Extracting: Luis_Czechia25.pdf, page 4/51, chunk 1/1
[02:01:26 +22s | Luis_Czechia25] Repaired malformed JSON.
[02:01:26 +22s | Luis_Czechia25] Extracting: Luis_Czechia25.pdf, page 5/51, chunk 1/1
[02:01:38 +31s | Luis_Czechia25] Extracting: Luis_Czechia25.pdf, page 6/51, chunk 1/1
[02:01:46 +39s | Luis_Czechia25] Repaired malformed JSON.
[02:01:46 +39s | Luis_Czechia25] Extracting: Luis_Czechia25.pdf, page 7/51, chunk 1/1
[02:01:52 +45s | Luis_Czechia25] Repaired malformed JSON.
[02:01:52 +45s | Luis_Czechia25] Extracting: Luis_Czechia25.pdf, page 8/51, chunk 1/1
[02:01:58 +52s | Luis_Czechia25] Repaired malformed JSON.
[02:01:58 +52s | Luis_Czechia25] Extracting: Luis_Czechia25.pdf, page 9/51, chunk 1/1
[02:02:07 +1m 1s | Luis_Czechia25] Repaired malformed JSON.
[02:02:07 +1m 1s | Luis_Czechia25] Extracting: Luis_Czechia25.pdf, page 10/51, chunk 1/1
[02:02:17 +1m 8s | Luis_Czechia25] Repaired malformed JSON.
[02:02:17 +1m 8s | Luis_Czechia25] Extracting: Luis_Czechia25.pdf, page 11/51, chunk 1/1
[02:02:25 +1m 17s | Luis_Czechia25] Repaired malformed JSON.
[02:02:25 +1m 17s | Luis_Czechia25] Extracting: Luis_Czechia25.pdf, page 12/51, chunk 1/1
[02:02:34 +1m 25s | Luis_Czechia25] Extracting: Luis_Czechia25.pdf, page 13/51, chunk 1/1
[02:02:40 +1m 31s | Luis_Czechia25] Repaired malformed JSON.
[02:02:40 +1m 31s | Luis_Czechia25] Extracting: Luis_Czechia25.pdf, page 14/51, chunk 1/1
[02:02:47 +1m 36s | Luis_Czechia25] Repaired malformed JSON.
[02:02:47 +1m 36s | Luis_Czechia25] Extracting: Luis_Czechia25.pdf, page 15/51, chunk 1/1
[02:02:56 +1m 45s | Luis_Czechia25] Repaired malformed JSON.
[02:02:56 +1m 45s | Luis_Czechia25] Extracting: Luis_Czechia25.pdf, page 16/51, chunk 1/1
[02:03:01 +1m 50s | Luis_Czechia25] Repaired malformed JSON.
[02:03:01 +1m 50s | Luis_Czechia25] Extracting: Luis_Czechia25.pdf, page 17/51, chunk 1/1
[02:03:10 +1m 59s | Luis_Czechia25] Repaired malformed JSON.
[02:03:10 +1m 59s | Luis_Czechia25] Extracting: Luis_Czechia25.pdf, page 18/51, chunk 1/1
[02:03:21 +2m 8s | Luis_Czechia25] Repaired malformed JSON.
[02:03:21 +2m 8s | Luis_Czechia25] Extracting: Luis_Czechia25.pdf, page 19/51, chunk 1/1
[02:03:26 +2m 13s | Luis_Czechia25] Extracting: Luis_Czechia25.pdf, page 20/51, chunk 1/1
[02:03:32 +2m 19s | Luis_Czechia25] Extracting: Luis_Czechia25.pdf, page 21/51, chunk 1/1
[02:03:41 +2m 27s | Luis_Czechia25] Repaired malformed JSON.
[02:03:41 +2m 27s | Luis_Czechia25] Extracting: Luis_Czechia25.pdf, page 22/51, chunk 1/1
[02:03:48 +2m 35s | Luis_Czechia25] Repaired malformed JSON.
[02:03:48 +2m 35s | Luis_Czechia25] Extracting: Luis_Czechia25.pdf, page 23/51, chunk 1/1
[02:03:56 +2m 41s | Luis_Czechia25] Repaired malformed JSON.
[02:03:56 +2m 41s | Luis_Czechia25] Extracting: Luis_Czechia25.pdf, page 24/51, chunk 1/1
[02:04:03 +2m 48s | Luis_Czechia25] Repaired malformed JSON.
[02:04:03 +2m 48s | Luis_Czechia25] Extracting: Luis_Czechia25.pdf, page 25/51, chunk 1/1
[02:04:08 +2m 53s | Luis_Czechia25] Extracting: Luis_Czechia25.pdf, page 26/51, chunk 1/1
[02:04:17 +3m 2s | Luis_Czechia25] Repaired malformed JSON.
[02:04:17 +3m 2s | Luis_Czechia25] Extracting: Luis_Czechia25.pdf, page 27/51, chunk 1/1
[02:04:22 +3m 7s | Luis_Czechia25] Repaired malformed JSON.
[02:04:22 +3m 7s | Luis_Czechia25] Extracting: Luis_Czechia25.pdf, page 28/51, chunk 1/1
[02:04:33 +3m 15s | Luis_Czechia25] Repaired malformed JSON.
[02:04:33 +3m 15s | Luis_Czechia25] Extracting: Luis_Czechia25.pdf, page 29/51, chunk 1/1
[02:04:39 +3m 21s | Luis_Czechia25] Extracting: Luis_Czechia25.pdf, page 30/51, chunk 1/1
[02:04:45 +3m 27s | Luis_Czechia25] Repaired malformed JSON.
[02:04:45 +3m 27s | Luis_Czechia25] Extracting: Luis_Czechia25.pdf, page 31/51, chunk 1/1
[02:04:51 +3m 33s | Luis_Czechia25] Repaired malformed JSON.
[02:04:51 +3m 33s | Luis_Czechia25] Extracting: Luis_Czechia25.pdf, page 32/51, chunk 1/1
[02:04:58 +3m 40s | Luis_Czechia25] Repaired malformed JSON.
[02:04:58 +3m 40s | Luis_Czechia25] Extracting: Luis_Czechia25.pdf, page 33/51, chunk 1/1
[02:05:06 +3m 46s | Luis_Czechia25] Repaired malformed JSON.
[02:05:06 +3m 46s | Luis_Czechia25] Extracting: Luis_Czechia25.pdf, page 34/51, chunk 1/1
[02:05:12 +3m 52s | Luis_Czechia25] Repaired malformed JSON.
[02:05:12 +3m 52s | Luis_Czechia25] Extracting: Luis_Czechia25.pdf, page 35/51, chunk 1/1
[02:05:19 +4m 0s | Luis_Czechia25] Repaired malformed JSON.
[02:05:19 +4m 0s | Luis_Czechia25] Extracting: Luis_Czechia25.pdf, page 36/51, chunk 1/1
[02:05:26 +4m 7s | Luis_Czechia25] Repaired malformed JSON.
[02:05:26 +4m 7s | Luis_Czechia25] Extracting: Luis_Czechia25.pdf, page 37/51, chunk 1/1
[02:05:34 +4m 14s | Luis_Czechia25] Repaired malformed JSON.
[02:05:34 +4m 14s | Luis_Czechia25] Extracting: Luis_Czechia25.pdf, page 38/51, chunk 1/1
[02:05:45 +4m 23s | Luis_Czechia25] Repaired malformed JSON.
[02:05:45 +4m 23s | Luis_Czechia25] Extracting: Luis_Czechia25.pdf, page 39/51, chunk 1/1
[02:05:52 +4m 30s | Luis_Czechia25] Extracting: Luis_Czechia25.pdf, page 40/51, chunk 1/1
[02:06:02 +4m 40s | Luis_Czechia25] Repaired malformed JSON.
[02:06:02 +4m 40s | Luis_Czechia25] Extracting: Luis_Czechia25.pdf, page 41/51, chunk 1/1
[02:06:12 +4m 48s | Luis_Czechia25] Repaired malformed JSON.
[02:06:12 +4m 48s | Luis_Czechia25] Extracting: Luis_Czechia25.pdf, page 42/51, chunk 1/1
[02:06:17 +4m 53s | Luis_Czechia25] Repaired malformed JSON.
[02:06:17 +4m 53s | Luis_Czechia25] Extracting: Luis_Czechia25.pdf, page 43/51, chunk 1/1
[02:06:23 +4m 59s | Luis_Czechia25] Repaired malformed JSON.
[02:06:23 +4m 59s | Luis_Czechia25] Extracting: Luis_Czechia25.pdf, page 44/51, chunk 1/1
[02:06:30 +5m 6s | Luis_Czechia25] Repaired malformed JSON.
[02:06:30 +5m 6s | Luis_Czechia25] Extracting: Luis_Czechia25.pdf, page 45/51, chunk 1/1
[02:06:37 +5m 13s | Luis_Czechia25] Extracting: Luis_Czechia25.pdf, page 46/51, chunk 1/1
[02:06:47 +5m 20s | Luis_Czechia25] Repaired malformed JSON.
[02:06:47 +5m 20s | Luis_Czechia25] Extracting: Luis_Czechia25.pdf, page 47/51, chunk 1/1
[02:06:52 +5m 26s | Luis_Czechia25] Repaired malformed JSON.
[02:06:52 +5m 26s | Luis_Czechia25] Extracting: Luis_Czechia25.pdf, page 48/51, chunk 1/1
[02:07:01 +5m 35s | Luis_Czechia25] Extracting: Luis_Czechia25.pdf, page 49/51, chunk 1/1
[02:07:08 +5m 42s | Luis_Czechia25] Repaired malformed JSON.
[02:07:08 +5m 42s | Luis_Czechia25] Extracting: Luis_Czechia25.pdf, page 50/51, chunk 1/1
[02:07:17 +5m 51s | Luis_Czechia25] Repaired malformed JSON.
[02:07:17 +5m 51s | Luis_Czechia25] Extracting: Luis_Czechia25.pdf, page 51/51, chunk 1/1
[02:07:27 +5m 58s | Luis_Czechia25] Repaired malformed JSON.
[02:07:27 +5m 58s | Luis_Czechia25] Saved 1_actor_results.json with 119 clean actors

[02:07:27 +5m 58s | Luis_Czechia25] === 2 clean actors ===
[02:07:27 +5m 58s | Luis_Czechia25] Loaded 119 extracted records
[02:07:27 +5m 58s | Luis_Czechia25] Saved 2_actor_nodes.json with 24 canonical actor nodes

[02:07:27 +5m 58s | Luis_Czechia25] === 3 interaction extraction ===
[02:07:27 +5m 59s | Luis_Czechia25] Processing interactions for: Luis_Czechia25.pdf
[02:07:27 +5m 59s | Luis_Czechia25] Extracting interactions: Luis_Czechia25.pdf, page 2/51, chunk 1/1
[02:07:30 +6m 2s | Luis_Czechia25] Extracting interactions: Luis_Czechia25.pdf, page 3/51, chunk 1/1
[02:07:38 +6m 10s | Luis_Czechia25] Extracting interactions: Luis_Czechia25.pdf, page 4/51, chunk 1/1
[02:07:51 +6m 23s | Luis_Czechia25] Extracting interactions: Luis_Czechia25.pdf, page 5/51, chunk 1/1
[02:07:56 +6m 26s | Luis_Czechia25] Extracting interactions: Luis_Czechia25.pdf, page 6/51, chunk 1/1
[02:08:07 +6m 37s | Luis_Czechia25] Extracting interactions: Luis_Czechia25.pdf, page 7/51, chunk 1/1
[02:08:44 +7m 11s | Luis_Czechia25] Extracting interactions: Luis_Czechia25.pdf, page 8/51, chunk 1/1
[02:08:58 +7m 26s | Luis_Czechia25] Extracting interactions: Luis_Czechia25.pdf, page 9/51, chunk 1/1
[02:09:40 +8m 5s | Luis_Czechia25] Extracting interactions: Luis_Czechia25.pdf, page 10/51, chunk 1/1
[02:09:49 +8m 13s | Luis_Czechia25] Extracting interactions: Luis_Czechia25.pdf, page 11/51, chunk 1/1
[02:09:59 +8m 20s | Luis_Czechia25] Extracting interactions: Luis_Czechia25.pdf, page 12/51, chunk 1/1
[02:10:01 +8m 23s | Luis_Czechia25] Extracting interactions: Luis_Czechia25.pdf, page 13/51, chunk 1/1
[02:10:06 +8m 27s | Luis_Czechia25] Extracting interactions: Luis_Czechia25.pdf, page 14/51, chunk 1/1
[02:10:24 +8m 45s | Luis_Czechia25] Extracting interactions: Luis_Czechia25.pdf, page 15/51, chunk 1/1
[02:10:57 +9m 16s | Luis_Czechia25] Extracting interactions: Luis_Czechia25.pdf, page 16/51, chunk 1/1
[02:11:13 +9m 30s | Luis_Czechia25] Extracting interactions: Luis_Czechia25.pdf, page 17/51, chunk 1/1
[02:11:28 +9m 45s | Luis_Czechia25] Extracting interactions: Luis_Czechia25.pdf, page 18/51, chunk 1/1
[02:11:35 +9m 52s | Luis_Czechia25] Extracting interactions: Luis_Czechia25.pdf, page 19/51, chunk 1/1
[02:11:40 +9m 55s | Luis_Czechia25] Extracting interactions: Luis_Czechia25.pdf, page 20/51, chunk 1/1
[02:11:43 +9m 58s | Luis_Czechia25] Extracting interactions: Luis_Czechia25.pdf, page 21/51, chunk 1/1
[02:11:46 +10m 0s | Luis_Czechia25] Extracting interactions: Luis_Czechia25.pdf, page 22/51, chunk 1/1
[02:11:51 +10m 5s | Luis_Czechia25] Extracting interactions: Luis_Czechia25.pdf, page 23/51, chunk 1/1
[02:12:27 +10m 39s | Luis_Czechia25] Extracting interactions: Luis_Czechia25.pdf, page 24/51, chunk 1/1
[02:12:36 +10m 48s | Luis_Czechia25] Extracting interactions: Luis_Czechia25.pdf, page 25/51, chunk 1/1
[02:12:39 +10m 51s | Luis_Czechia25] Extracting interactions: Luis_Czechia25.pdf, page 26/51, chunk 1/1
[02:12:44 +10m 56s | Luis_Czechia25] Extracting interactions: Luis_Czechia25.pdf, page 27/51, chunk 1/1
[02:12:53 +11m 2s | Luis_Czechia25] Extracting interactions: Luis_Czechia25.pdf, page 28/51, chunk 1/1
[02:13:05 +11m 14s | Luis_Czechia25] Extracting interactions: Luis_Czechia25.pdf, page 29/51, chunk 1/1
[02:13:10 +11m 19s | Luis_Czechia25] Extracting interactions: Luis_Czechia25.pdf, page 30/51, chunk 1/1
[02:13:25 +11m 31s | Luis_Czechia25] Extracting interactions: Luis_Czechia25.pdf, page 31/51, chunk 1/1
[02:13:35 +11m 41s | Luis_Czechia25] Extracting interactions: Luis_Czechia25.pdf, page 32/51, chunk 1/1
[02:13:41 +11m 47s | Luis_Czechia25] Extracting interactions: Luis_Czechia25.pdf, page 33/51, chunk 1/1
[02:13:49 +11m 55s | Luis_Czechia25] Extracting interactions: Luis_Czechia25.pdf, page 34/51, chunk 1/1
[02:14:06 +12m 9s | Luis_Czechia25] Extracting interactions: Luis_Czechia25.pdf, page 35/51, chunk 1/1
[02:14:14 +12m 17s | Luis_Czechia25] Extracting interactions: Luis_Czechia25.pdf, page 36/51, chunk 1/1
[02:14:17 +12m 21s | Luis_Czechia25] Extracting interactions: Luis_Czechia25.pdf, page 37/51, chunk 1/1
[02:14:40 +12m 40s | Luis_Czechia25] Extracting interactions: Luis_Czechia25.pdf, page 38/51, chunk 1/1
[02:14:59 +12m 59s | Luis_Czechia25] Extracting interactions: Luis_Czechia25.pdf, page 39/51, chunk 1/1
[02:15:07 +13m 6s | Luis_Czechia25] Extracting interactions: Luis_Czechia25.pdf, page 40/51, chunk 1/1
[02:15:21 +13m 20s | Luis_Czechia25] Extracting interactions: Luis_Czechia25.pdf, page 41/51, chunk 1/1
[02:15:30 +13m 29s | Luis_Czechia25] Extracting interactions: Luis_Czechia25.pdf, page 42/51, chunk 1/1
[02:15:35 +13m 34s | Luis_Czechia25] Extracting interactions: Luis_Czechia25.pdf, page 43/51, chunk 1/1
[02:15:44 +13m 40s | Luis_Czechia25] Extracting interactions: Luis_Czechia25.pdf, page 44/51, chunk 1/1
[02:15:51 +13m 47s | Luis_Czechia25] Extracting interactions: Luis_Czechia25.pdf, page 45/51, chunk 1/1
[02:15:55 +13m 51s | Luis_Czechia25] Extracting interactions: Luis_Czechia25.pdf, page 46/51, chunk 1/1
[02:16:04 +14m 0s | Luis_Czechia25] Extracting interactions: Luis_Czechia25.pdf, page 47/51, chunk 1/1
[02:16:28 +14m 22s | Luis_Czechia25] Extracting interactions: Luis_Czechia25.pdf, page 48/51, chunk 1/1
[02:16:34 +14m 28s | Luis_Czechia25] Extracting interactions: Luis_Czechia25.pdf, page 49/51, chunk 1/1
[02:16:40 +14m 34s | Luis_Czechia25] Extracting interactions: Luis_Czechia25.pdf, page 50/51, chunk 1/1
[02:17:10 +15m 1s | Luis_Czechia25] Extracting interactions: Luis_Czechia25.pdf, page 51/51, chunk 1/1
[02:17:12 +15m 3s | Luis_Czechia25] Saved 3_interaction_results.json with 147 extracted interactions.

[02:17:12 +15m 3s | Luis_Czechia25] === 4 clean interactions ===
[02:17:12 +15m 3s | Luis_Czechia25] Saved 4_edges.json with 21 cleaned interactions.

[02:17:12 +15m 3s | Luis_Czechia25] === 5 helix enrichment ===
[02:17:12 +15m 3s | Luis_Czechia25] Wrote 5_nodes.json (24 actors)
[02:17:12 +15m 3s | Luis_Czechia25] Wrote 5_edges.json (21 interactions)
[02:17:12 +15m 3s | Luis_Czechia25] Actor helix counts: {'Academia': 6, 'Government': 11, 'Industry': 1, 'Intermediary': 2, 'Unknown': 4}
[02:17:12 +15m 3s | Luis_Czechia25] Functional-space counts: {'Consensus': 6, 'Innovation': 3, 'Intra-helix / Not classified': 8, 'Knowledge': 1, 'Unknown': 3}

[02:17:12 +15m 3s | Luis_Czechia25] === 6 network visualisation ===
[02:17:12 +15m 3s | Luis_Czechia25] Wrote quantum_network.html
[02:17:12 +15m 3s | Luis_Czechia25] Nodes: 24
[02:17:12 +15m 3s | Luis_Czechia25] Edges: 16

[02:17:12 +15m 4s | Luis_Czechia25] Done. Outputs written to: /home/lv/IDP/idpdeeptech/pipeline/pdf_outputs/Luis_Czechia25
[02:17:12 +15m 4s | Luis_Czechia25] Log: /home/lv/IDP/idpdeeptech/pipeline/pdf_outputs/Luis_Czechia25/run.log

========================================================================
RUN FINISHED 2026-06-16 02:17:12  (OK)
Started:     2026-06-16 02:01:04
Elapsed:     15m 4s
========================================================================
