
========================================================================
RUN STARTED  2026-07-01 18:14:50
site_pipeline.py https://thequantuminsider.com/2020/03/04/how-quantum-computers-could/
========================================================================

[18:14:50 +0s | thequantuminsider_2020_03_04_how_quantum_computers_could] === 0 crawl site ===
[18:14:51 +1s | thequantuminsider_2020_03_04_how_quantum_computers_could] [INIT].... → Crawl4AI 0.8.6 
[18:14:56 +3s | thequantuminsider_2020_03_04_how_quantum_computers_could] [FETCH]... ↓ https://thequantuminsider.com/2020/03/04/how-quantum-computers-could/                                | ✓ | ⏱: 2.42s 
[18:14:56 +4s | thequantuminsider_2020_03_04_how_quantum_computers_could] [SCRAPE].. ◆ https://thequantuminsider.com/2020/03/04/how-quantum-computers-could/                                | ✓ | ⏱: 0.10s 
[18:14:56 +4s | thequantuminsider_2020_03_04_how_quantum_computers_could] [COMPLETE] ● https://thequantuminsider.com/2020/03/04/how-quantum-computers-could/                                | ✓ | ⏱: 2.54s 
[18:14:56 +4s | thequantuminsider_2020_03_04_how_quantum_computers_could] Saved: crawl_output/8fe67e1e6e_thequantuminsider.com_2020_03_04_how-quantum-computers-could.json

[18:14:56 +4s | thequantuminsider_2020_03_04_how_quantum_computers_could] === 1 actor extraction ===
[18:14:57 +4s | thequantuminsider_2020_03_04_how_quantum_computers_could] Reading page (1/1): https://thequantuminsider.com/2020/03/04/how-quantum-computers-could
[18:14:57 +4s | thequantuminsider_2020_03_04_how_quantum_computers_could] Extracting actors: https://thequantuminsider.com/2020/03/04/how-quantum-computers-could (1/1), chunk 1/39
[18:15:03 +10s | thequantuminsider_2020_03_04_how_quantum_computers_could] Extracting actors: https://thequantuminsider.com/2020/03/04/how-quantum-computers-could (1/1), chunk 2/39
[18:15:06 +14s | thequantuminsider_2020_03_04_how_quantum_computers_could] Extracting actors: https://thequantuminsider.com/2020/03/04/how-quantum-computers-could (1/1), chunk 3/39
[18:15:12 +19s | thequantuminsider_2020_03_04_how_quantum_computers_could] Extracting actors: https://thequantuminsider.com/2020/03/04/how-quantum-computers-could (1/1), chunk 4/39
[18:15:16 +23s | thequantuminsider_2020_03_04_how_quantum_computers_could] Extracting actors: https://thequantuminsider.com/2020/03/04/how-quantum-computers-could (1/1), chunk 5/39
[18:15:19 +27s | thequantuminsider_2020_03_04_how_quantum_computers_could] Extracting actors: https://thequantuminsider.com/2020/03/04/how-quantum-computers-could (1/1), chunk 6/39
[18:15:24 +32s | thequantuminsider_2020_03_04_how_quantum_computers_could] Extracting actors: https://thequantuminsider.com/2020/03/04/how-quantum-computers-could (1/1), chunk 7/39
[18:15:30 +35s | thequantuminsider_2020_03_04_how_quantum_computers_could] Extracting actors: https://thequantuminsider.com/2020/03/04/how-quantum-computers-could (1/1), chunk 8/39
[18:15:36 +40s | thequantuminsider_2020_03_04_how_quantum_computers_could] Extracting actors: https://thequantuminsider.com/2020/03/04/how-quantum-computers-could (1/1), chunk 9/39
[18:15:41 +46s | thequantuminsider_2020_03_04_how_quantum_computers_could] Extracting actors: https://thequantuminsider.com/2020/03/04/how-quantum-computers-could (1/1), chunk 10/39
[18:15:44 +49s | thequantuminsider_2020_03_04_how_quantum_computers_could] Extracting actors: https://thequantuminsider.com/2020/03/04/how-quantum-computers-could (1/1), chunk 11/39
[18:15:50 +55s | thequantuminsider_2020_03_04_how_quantum_computers_could] Extracting actors: https://thequantuminsider.com/2020/03/04/how-quantum-computers-could (1/1), chunk 12/39
[18:15:58 +1m 3s | thequantuminsider_2020_03_04_how_quantum_computers_could] Repaired malformed JSON.
[18:15:58 +1m 3s | thequantuminsider_2020_03_04_how_quantum_computers_could] Extracting actors: https://thequantuminsider.com/2020/03/04/how-quantum-computers-could (1/1), chunk 13/39
[18:16:08 +1m 9s | thequantuminsider_2020_03_04_how_quantum_computers_could] Repaired malformed JSON.
[18:16:08 +1m 9s | thequantuminsider_2020_03_04_how_quantum_computers_could] Extracting actors: https://thequantuminsider.com/2020/03/04/how-quantum-computers-could (1/1), chunk 14/39
[18:16:15 +1m 16s | thequantuminsider_2020_03_04_how_quantum_computers_could] Repaired malformed JSON.
[18:16:15 +1m 16s | thequantuminsider_2020_03_04_how_quantum_computers_could] Extracting actors: https://thequantuminsider.com/2020/03/04/how-quantum-computers-could (1/1), chunk 15/39
[18:16:21 +1m 23s | thequantuminsider_2020_03_04_how_quantum_computers_could] Repaired malformed JSON.
[18:16:21 +1m 23s | thequantuminsider_2020_03_04_how_quantum_computers_could] Extracting actors: https://thequantuminsider.com/2020/03/04/how-quantum-computers-could (1/1), chunk 16/39
[18:16:25 +1m 27s | thequantuminsider_2020_03_04_how_quantum_computers_could] Extracting actors: https://thequantuminsider.com/2020/03/04/how-quantum-computers-could (1/1), chunk 17/39
[18:16:29 +1m 31s | thequantuminsider_2020_03_04_how_quantum_computers_could] Extracting actors: https://thequantuminsider.com/2020/03/04/how-quantum-computers-could (1/1), chunk 18/39
[18:16:35 +1m 36s | thequantuminsider_2020_03_04_how_quantum_computers_could] Repaired malformed JSON.
[18:16:35 +1m 36s | thequantuminsider_2020_03_04_how_quantum_computers_could] Extracting actors: https://thequantuminsider.com/2020/03/04/how-quantum-computers-could (1/1), chunk 19/39
[18:16:43 +1m 42s | thequantuminsider_2020_03_04_how_quantum_computers_could] Repaired malformed JSON.
[18:16:43 +1m 42s | thequantuminsider_2020_03_04_how_quantum_computers_could] Extracting actors: https://thequantuminsider.com/2020/03/04/how-quantum-computers-could (1/1), chunk 20/39
[18:16:49 +1m 47s | thequantuminsider_2020_03_04_how_quantum_computers_could] Repaired malformed JSON.
[18:16:49 +1m 47s | thequantuminsider_2020_03_04_how_quantum_computers_could] Extracting actors: https://thequantuminsider.com/2020/03/04/how-quantum-computers-could (1/1), chunk 21/39
[18:16:57 +1m 56s | thequantuminsider_2020_03_04_how_quantum_computers_could] Repaired malformed JSON.
[18:16:57 +1m 56s | thequantuminsider_2020_03_04_how_quantum_computers_could] Extracting actors: https://thequantuminsider.com/2020/03/04/how-quantum-computers-could (1/1), chunk 22/39
[18:17:07 +2m 5s | thequantuminsider_2020_03_04_how_quantum_computers_could] Repaired malformed JSON.
[18:17:07 +2m 5s | thequantuminsider_2020_03_04_how_quantum_computers_could] Extracting actors: https://thequantuminsider.com/2020/03/04/how-quantum-computers-could (1/1), chunk 23/39
[18:17:16 +2m 11s | thequantuminsider_2020_03_04_how_quantum_computers_could] Repaired malformed JSON.
[18:17:16 +2m 11s | thequantuminsider_2020_03_04_how_quantum_computers_could] Extracting actors: https://thequantuminsider.com/2020/03/04/how-quantum-computers-could (1/1), chunk 24/39
[18:17:23 +2m 18s | thequantuminsider_2020_03_04_how_quantum_computers_could] Repaired malformed JSON.
[18:17:23 +2m 18s | thequantuminsider_2020_03_04_how_quantum_computers_could] Extracting actors: https://thequantuminsider.com/2020/03/04/how-quantum-computers-could (1/1), chunk 25/39
[18:17:31 +2m 26s | thequantuminsider_2020_03_04_how_quantum_computers_could] Repaired malformed JSON.
[18:17:31 +2m 26s | thequantuminsider_2020_03_04_how_quantum_computers_could] Extracting actors: https://thequantuminsider.com/2020/03/04/how-quantum-computers-could (1/1), chunk 26/39
[18:17:37 +2m 32s | thequantuminsider_2020_03_04_how_quantum_computers_could] Repaired malformed JSON.
[18:17:37 +2m 32s | thequantuminsider_2020_03_04_how_quantum_computers_could] Extracting actors: https://thequantuminsider.com/2020/03/04/how-quantum-computers-could (1/1), chunk 27/39
[18:17:43 +2m 39s | thequantuminsider_2020_03_04_how_quantum_computers_could] Extracting actors: https://thequantuminsider.com/2020/03/04/how-quantum-computers-could (1/1), chunk 28/39
[18:17:51 +2m 44s | thequantuminsider_2020_03_04_how_quantum_computers_could] Repaired malformed JSON.
[18:17:51 +2m 44s | thequantuminsider_2020_03_04_how_quantum_computers_could] Extracting actors: https://thequantuminsider.com/2020/03/04/how-quantum-computers-could (1/1), chunk 29/39
[18:17:56 +2m 49s | thequantuminsider_2020_03_04_how_quantum_computers_could] Extracting actors: https://thequantuminsider.com/2020/03/04/how-quantum-computers-could (1/1), chunk 30/39
[18:18:01 +2m 53s | thequantuminsider_2020_03_04_how_quantum_computers_could] Extracting actors: https://thequantuminsider.com/2020/03/04/how-quantum-computers-could (1/1), chunk 31/39
[18:18:02 +2m 55s | thequantuminsider_2020_03_04_how_quantum_computers_could] Extracting actors: https://thequantuminsider.com/2020/03/04/how-quantum-computers-could (1/1), chunk 32/39
[18:18:10 +3m 2s | thequantuminsider_2020_03_04_how_quantum_computers_could] Repaired malformed JSON.
[18:18:10 +3m 2s | thequantuminsider_2020_03_04_how_quantum_computers_could] Extracting actors: https://thequantuminsider.com/2020/03/04/how-quantum-computers-could (1/1), chunk 33/39
[18:18:15 +3m 7s | thequantuminsider_2020_03_04_how_quantum_computers_could] Repaired malformed JSON.
[18:18:15 +3m 7s | thequantuminsider_2020_03_04_how_quantum_computers_could] Extracting actors: https://thequantuminsider.com/2020/03/04/how-quantum-computers-could (1/1), chunk 34/39
[18:18:21 +3m 14s | thequantuminsider_2020_03_04_how_quantum_computers_could] Repaired malformed JSON.
[18:18:21 +3m 14s | thequantuminsider_2020_03_04_how_quantum_computers_could] Extracting actors: https://thequantuminsider.com/2020/03/04/how-quantum-computers-could (1/1), chunk 35/39
[18:18:31 +3m 20s | thequantuminsider_2020_03_04_how_quantum_computers_could] Repaired malformed JSON.
[18:18:31 +3m 20s | thequantuminsider_2020_03_04_how_quantum_computers_could] Extracting actors: https://thequantuminsider.com/2020/03/04/how-quantum-computers-could (1/1), chunk 36/39
[18:18:34 +3m 24s | thequantuminsider_2020_03_04_how_quantum_computers_could] Extracting actors: https://thequantuminsider.com/2020/03/04/how-quantum-computers-could (1/1), chunk 37/39
[18:18:40 +3m 30s | thequantuminsider_2020_03_04_how_quantum_computers_could] Repaired malformed JSON.
[18:18:40 +3m 30s | thequantuminsider_2020_03_04_how_quantum_computers_could] Extracting actors: https://thequantuminsider.com/2020/03/04/how-quantum-computers-could (1/1), chunk 38/39
[18:18:48 +3m 37s | thequantuminsider_2020_03_04_how_quantum_computers_could] Repaired malformed JSON.
[18:18:48 +3m 37s | thequantuminsider_2020_03_04_how_quantum_computers_could] Extracting actors: https://thequantuminsider.com/2020/03/04/how-quantum-computers-could (1/1), chunk 39/39
[18:18:55 +3m 44s | thequantuminsider_2020_03_04_how_quantum_computers_could] Repaired malformed JSON.
[18:18:55 +3m 45s | thequantuminsider_2020_03_04_how_quantum_computers_could] Saved 1_actor_results.json with 58 extracted records

[18:18:55 +3m 45s | thequantuminsider_2020_03_04_how_quantum_computers_could] === 2 clean actors ===
[18:18:55 +3m 45s | thequantuminsider_2020_03_04_how_quantum_computers_could] Loaded 58 extracted records
[18:18:55 +3m 45s | thequantuminsider_2020_03_04_how_quantum_computers_could] Saved 2_actor_nodes.json with 24 canonical actor nodes

[18:18:55 +3m 45s | thequantuminsider_2020_03_04_how_quantum_computers_could] === 3 interaction extraction ===
[18:18:55 +3m 45s | thequantuminsider_2020_03_04_how_quantum_computers_could] Extracting interactions: https://thequantuminsider.com/2020/03/04/how-quantum-computers-could (1/1), chunk 13/39
[18:19:04 +3m 51s | thequantuminsider_2020_03_04_how_quantum_computers_could] Extracting interactions: https://thequantuminsider.com/2020/03/04/how-quantum-computers-could (1/1), chunk 14/39
[18:19:09 +3m 56s | thequantuminsider_2020_03_04_how_quantum_computers_could] Extracting interactions: https://thequantuminsider.com/2020/03/04/how-quantum-computers-could (1/1), chunk 15/39
[18:19:12 +3m 59s | thequantuminsider_2020_03_04_how_quantum_computers_could] Extracting interactions: https://thequantuminsider.com/2020/03/04/how-quantum-computers-could (1/1), chunk 17/39
[18:19:17 +4m 4s | thequantuminsider_2020_03_04_how_quantum_computers_could] Extracting interactions: https://thequantuminsider.com/2020/03/04/how-quantum-computers-could (1/1), chunk 18/39
[18:19:22 +4m 9s | thequantuminsider_2020_03_04_how_quantum_computers_could] Extracting interactions: https://thequantuminsider.com/2020/03/04/how-quantum-computers-could (1/1), chunk 19/39
[18:19:25 +4m 12s | thequantuminsider_2020_03_04_how_quantum_computers_could] Extracting interactions: https://thequantuminsider.com/2020/03/04/how-quantum-computers-could (1/1), chunk 20/39
[18:19:33 +4m 19s | thequantuminsider_2020_03_04_how_quantum_computers_could] Extracting interactions: https://thequantuminsider.com/2020/03/04/how-quantum-computers-could (1/1), chunk 21/39
[18:19:51 +4m 35s | thequantuminsider_2020_03_04_how_quantum_computers_could] Extracting interactions: https://thequantuminsider.com/2020/03/04/how-quantum-computers-could (1/1), chunk 22/39
[18:20:00 +4m 44s | thequantuminsider_2020_03_04_how_quantum_computers_could] Extracting interactions: https://thequantuminsider.com/2020/03/04/how-quantum-computers-could (1/1), chunk 23/39
[18:20:16 +4m 57s | thequantuminsider_2020_03_04_how_quantum_computers_could] Extracting interactions: https://thequantuminsider.com/2020/03/04/how-quantum-computers-could (1/1), chunk 24/39
[18:20:23 +5m 4s | thequantuminsider_2020_03_04_how_quantum_computers_could] Extracting interactions: https://thequantuminsider.com/2020/03/04/how-quantum-computers-could (1/1), chunk 25/39
[18:20:27 +5m 8s | thequantuminsider_2020_03_04_how_quantum_computers_could] Extracting interactions: https://thequantuminsider.com/2020/03/04/how-quantum-computers-could (1/1), chunk 26/39
[18:20:29 +5m 10s | thequantuminsider_2020_03_04_how_quantum_computers_could] Extracting interactions: https://thequantuminsider.com/2020/03/04/how-quantum-computers-could (1/1), chunk 27/39
[18:20:31 +5m 12s | thequantuminsider_2020_03_04_how_quantum_computers_could] Extracting interactions: https://thequantuminsider.com/2020/03/04/how-quantum-computers-could (1/1), chunk 28/39
[18:20:38 +5m 19s | thequantuminsider_2020_03_04_how_quantum_computers_could] Extracting interactions: https://thequantuminsider.com/2020/03/04/how-quantum-computers-could (1/1), chunk 29/39
[18:20:41 +5m 22s | thequantuminsider_2020_03_04_how_quantum_computers_could] Extracting interactions: https://thequantuminsider.com/2020/03/04/how-quantum-computers-could (1/1), chunk 30/39
[18:20:42 +5m 23s | thequantuminsider_2020_03_04_how_quantum_computers_could] Extracting interactions: https://thequantuminsider.com/2020/03/04/how-quantum-computers-could (1/1), chunk 31/39
[18:20:47 +5m 25s | thequantuminsider_2020_03_04_how_quantum_computers_could] Extracting interactions: https://thequantuminsider.com/2020/03/04/how-quantum-computers-could (1/1), chunk 32/39
[18:20:48 +5m 27s | thequantuminsider_2020_03_04_how_quantum_computers_could] Extracting interactions: https://thequantuminsider.com/2020/03/04/how-quantum-computers-could (1/1), chunk 33/39
[18:20:50 +5m 28s | thequantuminsider_2020_03_04_how_quantum_computers_could] Extracting interactions: https://thequantuminsider.com/2020/03/04/how-quantum-computers-could (1/1), chunk 34/39
[18:20:51 +5m 30s | thequantuminsider_2020_03_04_how_quantum_computers_could] Extracting interactions: https://thequantuminsider.com/2020/03/04/how-quantum-computers-could (1/1), chunk 35/39
[18:20:53 +5m 31s | thequantuminsider_2020_03_04_how_quantum_computers_could] Extracting interactions: https://thequantuminsider.com/2020/03/04/how-quantum-computers-could (1/1), chunk 36/39
[18:20:54 +5m 32s | thequantuminsider_2020_03_04_how_quantum_computers_could] Extracting interactions: https://thequantuminsider.com/2020/03/04/how-quantum-computers-could (1/1), chunk 37/39
[18:20:56 +5m 34s | thequantuminsider_2020_03_04_how_quantum_computers_could] Extracting interactions: https://thequantuminsider.com/2020/03/04/how-quantum-computers-could (1/1), chunk 38/39
[18:20:58 +5m 36s | thequantuminsider_2020_03_04_how_quantum_computers_could] Extracting interactions: https://thequantuminsider.com/2020/03/04/how-quantum-computers-could (1/1), chunk 39/39
[18:20:59 +5m 37s | thequantuminsider_2020_03_04_how_quantum_computers_could] Saved 3_interaction_results.json with 26 extracted interactions.

[18:20:59 +5m 37s | thequantuminsider_2020_03_04_how_quantum_computers_could] === 4 clean interactions ===
[18:20:59 +5m 37s | thequantuminsider_2020_03_04_how_quantum_computers_could] Saved 4_edges.json with 1 cleaned interactions.

[18:20:59 +5m 37s | thequantuminsider_2020_03_04_how_quantum_computers_could] === 5 helix enrichment ===
[18:20:59 +5m 37s | thequantuminsider_2020_03_04_how_quantum_computers_could] Wrote 5_nodes.json (24 actors)
[18:20:59 +5m 37s | thequantuminsider_2020_03_04_how_quantum_computers_could] Wrote 5_edges.json (1 interactions)
[18:20:59 +5m 37s | thequantuminsider_2020_03_04_how_quantum_computers_could] Actor helix counts: {'Academia': 3, 'Civil Society': 3, 'Government': 3, 'Industry': 4, 'Intermediary': 2, 'Unknown': 9}
[18:20:59 +5m 37s | thequantuminsider_2020_03_04_how_quantum_computers_could] Functional-space counts: {'Unknown': 1}

[18:20:59 +5m 37s | thequantuminsider_2020_03_04_how_quantum_computers_could] === 6 network visualisation ===
[18:20:59 +5m 38s | thequantuminsider_2020_03_04_how_quantum_computers_could] Wrote quantum_network.html
[18:20:59 +5m 38s | thequantuminsider_2020_03_04_how_quantum_computers_could] Nodes: 24
[18:20:59 +5m 38s | thequantuminsider_2020_03_04_how_quantum_computers_could] Edges: 1

[18:21:00 +5m 38s | thequantuminsider_2020_03_04_how_quantum_computers_could] Done. Outputs written to: /home/lv/IDP/idpdeeptech/pipeline/news_outputs/thequantuminsider_2020_03_04_how_quantum_computers_could
[18:21:00 +5m 38s | thequantuminsider_2020_03_04_how_quantum_computers_could] Log: /home/lv/IDP/idpdeeptech/pipeline/news_outputs/thequantuminsider_2020_03_04_how_quantum_computers_could/run.log

========================================================================
RUN FINISHED 2026-07-01 18:21:00  (OK)
Started:     2026-07-01 18:14:50
Elapsed:     5m 38s
========================================================================
