
========================================================================
RUN STARTED  2026-07-01 21:40:56
site_pipeline.py https://thequantuminsider.com/2021/10/14/prof-robert-wille-design-automation-through-the-ages-the-qubit-guys-podcast-episode-4/
========================================================================

[21:40:56 +0s | thequantuminsider_2021_10_14_prof_robert_wille_design_automation_through_the_ages_the_qub_c48a1cca] === 0 crawl site ===
[21:40:58 +1s | thequantuminsider_2021_10_14_prof_robert_wille_design_automation_through_the_ages_the_qub_c48a1cca] [INIT].... → Crawl4AI 0.8.6 
[21:41:00 +3s | thequantuminsider_2021_10_14_prof_robert_wille_design_automation_through_the_ages_the_qub_c48a1cca] [FETCH]... ↓ https://thequantuminsider.com/2021/10/14/prof-ro...rough-the-ages-the-qubit-guys-podcast-episode-4/  | ✓ | ⏱: 2.09s 
[21:41:00 +4s | thequantuminsider_2021_10_14_prof_robert_wille_design_automation_through_the_ages_the_qub_c48a1cca] [SCRAPE].. ◆ https://thequantuminsider.com/2021/10/14/prof-ro...rough-the-ages-the-qubit-guys-podcast-episode-4/  | ✓ | ⏱: 0.09s 
[21:41:00 +4s | thequantuminsider_2021_10_14_prof_robert_wille_design_automation_through_the_ages_the_qub_c48a1cca] [COMPLETE] ● https://thequantuminsider.com/2021/10/14/prof-ro...rough-the-ages-the-qubit-guys-podcast-episode-4/  | ✓ | ⏱: 2.20s 
[21:41:00 +4s | thequantuminsider_2021_10_14_prof_robert_wille_design_automation_through_the_ages_the_qub_c48a1cca] Saved: crawl_output/4cd9598003_thequantuminsider.com_2021_10_14_prof-robert-wille-design-automation-through-the-ages-the-qubit-guys-podcast-episode-4.json

[21:41:00 +4s | thequantuminsider_2021_10_14_prof_robert_wille_design_automation_through_the_ages_the_qub_c48a1cca] === 1 actor extraction ===
[21:41:00 +4s | thequantuminsider_2021_10_14_prof_robert_wille_design_automation_through_the_ages_the_qub_c48a1cca] Reading page (1/1): https://thequantuminsider.com/2021/10/14/prof-robert-wille-design-automation-through-the-ages-the-qubit-guys-podcast-episode-4
[21:41:00 +4s | thequantuminsider_2021_10_14_prof_robert_wille_design_automation_through_the_ages_the_qub_c48a1cca] Extracting actors: https://thequantuminsider.com/2021/10/14/prof-robert-wille-design-automation-through-the-ages-the-qubit-guys-podcast-episode-4 (1/1), chunk 1/34
[21:41:06 +10s | thequantuminsider_2021_10_14_prof_robert_wille_design_automation_through_the_ages_the_qub_c48a1cca] Repaired malformed JSON.
[21:41:06 +10s | thequantuminsider_2021_10_14_prof_robert_wille_design_automation_through_the_ages_the_qub_c48a1cca] Extracting actors: https://thequantuminsider.com/2021/10/14/prof-robert-wille-design-automation-through-the-ages-the-qubit-guys-podcast-episode-4 (1/1), chunk 2/34
[21:41:12 +16s | thequantuminsider_2021_10_14_prof_robert_wille_design_automation_through_the_ages_the_qub_c48a1cca] Repaired malformed JSON.
[21:41:12 +16s | thequantuminsider_2021_10_14_prof_robert_wille_design_automation_through_the_ages_the_qub_c48a1cca] Extracting actors: https://thequantuminsider.com/2021/10/14/prof-robert-wille-design-automation-through-the-ages-the-qubit-guys-podcast-episode-4 (1/1), chunk 3/34
[21:41:21 +22s | thequantuminsider_2021_10_14_prof_robert_wille_design_automation_through_the_ages_the_qub_c48a1cca] Extracting actors: https://thequantuminsider.com/2021/10/14/prof-robert-wille-design-automation-through-the-ages-the-qubit-guys-podcast-episode-4 (1/1), chunk 4/34
[21:41:27 +28s | thequantuminsider_2021_10_14_prof_robert_wille_design_automation_through_the_ages_the_qub_c48a1cca] Repaired malformed JSON.
[21:41:27 +28s | thequantuminsider_2021_10_14_prof_robert_wille_design_automation_through_the_ages_the_qub_c48a1cca] Extracting actors: https://thequantuminsider.com/2021/10/14/prof-robert-wille-design-automation-through-the-ages-the-qubit-guys-podcast-episode-4 (1/1), chunk 5/34
[21:41:34 +35s | thequantuminsider_2021_10_14_prof_robert_wille_design_automation_through_the_ages_the_qub_c48a1cca] Repaired malformed JSON.
[21:41:34 +35s | thequantuminsider_2021_10_14_prof_robert_wille_design_automation_through_the_ages_the_qub_c48a1cca] Extracting actors: https://thequantuminsider.com/2021/10/14/prof-robert-wille-design-automation-through-the-ages-the-qubit-guys-podcast-episode-4 (1/1), chunk 6/34
[21:41:39 +40s | thequantuminsider_2021_10_14_prof_robert_wille_design_automation_through_the_ages_the_qub_c48a1cca] Extracting actors: https://thequantuminsider.com/2021/10/14/prof-robert-wille-design-automation-through-the-ages-the-qubit-guys-podcast-episode-4 (1/1), chunk 7/34
[21:41:43 +44s | thequantuminsider_2021_10_14_prof_robert_wille_design_automation_through_the_ages_the_qub_c48a1cca] Extracting actors: https://thequantuminsider.com/2021/10/14/prof-robert-wille-design-automation-through-the-ages-the-qubit-guys-podcast-episode-4 (1/1), chunk 8/34
[21:41:49 +49s | thequantuminsider_2021_10_14_prof_robert_wille_design_automation_through_the_ages_the_qub_c48a1cca] Repaired malformed JSON.
[21:41:49 +49s | thequantuminsider_2021_10_14_prof_robert_wille_design_automation_through_the_ages_the_qub_c48a1cca] Extracting actors: https://thequantuminsider.com/2021/10/14/prof-robert-wille-design-automation-through-the-ages-the-qubit-guys-podcast-episode-4 (1/1), chunk 9/34
[21:41:56 +54s | thequantuminsider_2021_10_14_prof_robert_wille_design_automation_through_the_ages_the_qub_c48a1cca] Extracting actors: https://thequantuminsider.com/2021/10/14/prof-robert-wille-design-automation-through-the-ages-the-qubit-guys-podcast-episode-4 (1/1), chunk 10/34
[21:42:02 +1m 0s | thequantuminsider_2021_10_14_prof_robert_wille_design_automation_through_the_ages_the_qub_c48a1cca] Extracting actors: https://thequantuminsider.com/2021/10/14/prof-robert-wille-design-automation-through-the-ages-the-qubit-guys-podcast-episode-4 (1/1), chunk 11/34
[21:42:10 +1m 8s | thequantuminsider_2021_10_14_prof_robert_wille_design_automation_through_the_ages_the_qub_c48a1cca] Repaired malformed JSON.
[21:42:10 +1m 8s | thequantuminsider_2021_10_14_prof_robert_wille_design_automation_through_the_ages_the_qub_c48a1cca] Extracting actors: https://thequantuminsider.com/2021/10/14/prof-robert-wille-design-automation-through-the-ages-the-qubit-guys-podcast-episode-4 (1/1), chunk 12/34
[21:42:18 +1m 16s | thequantuminsider_2021_10_14_prof_robert_wille_design_automation_through_the_ages_the_qub_c48a1cca] Repaired malformed JSON.
[21:42:18 +1m 16s | thequantuminsider_2021_10_14_prof_robert_wille_design_automation_through_the_ages_the_qub_c48a1cca] Extracting actors: https://thequantuminsider.com/2021/10/14/prof-robert-wille-design-automation-through-the-ages-the-qubit-guys-podcast-episode-4 (1/1), chunk 13/34
[21:42:23 +1m 21s | thequantuminsider_2021_10_14_prof_robert_wille_design_automation_through_the_ages_the_qub_c48a1cca] Repaired malformed JSON.
[21:42:23 +1m 21s | thequantuminsider_2021_10_14_prof_robert_wille_design_automation_through_the_ages_the_qub_c48a1cca] Extracting actors: https://thequantuminsider.com/2021/10/14/prof-robert-wille-design-automation-through-the-ages-the-qubit-guys-podcast-episode-4 (1/1), chunk 14/34
[21:42:33 +1m 28s | thequantuminsider_2021_10_14_prof_robert_wille_design_automation_through_the_ages_the_qub_c48a1cca] Repaired malformed JSON.
[21:42:33 +1m 28s | thequantuminsider_2021_10_14_prof_robert_wille_design_automation_through_the_ages_the_qub_c48a1cca] Extracting actors: https://thequantuminsider.com/2021/10/14/prof-robert-wille-design-automation-through-the-ages-the-qubit-guys-podcast-episode-4 (1/1), chunk 15/34
[21:42:39 +1m 34s | thequantuminsider_2021_10_14_prof_robert_wille_design_automation_through_the_ages_the_qub_c48a1cca] Repaired malformed JSON.
[21:42:39 +1m 34s | thequantuminsider_2021_10_14_prof_robert_wille_design_automation_through_the_ages_the_qub_c48a1cca] Extracting actors: https://thequantuminsider.com/2021/10/14/prof-robert-wille-design-automation-through-the-ages-the-qubit-guys-podcast-episode-4 (1/1), chunk 16/34
[21:42:47 +1m 41s | thequantuminsider_2021_10_14_prof_robert_wille_design_automation_through_the_ages_the_qub_c48a1cca] Repaired malformed JSON.
[21:42:47 +1m 41s | thequantuminsider_2021_10_14_prof_robert_wille_design_automation_through_the_ages_the_qub_c48a1cca] Extracting actors: https://thequantuminsider.com/2021/10/14/prof-robert-wille-design-automation-through-the-ages-the-qubit-guys-podcast-episode-4 (1/1), chunk 17/34
[21:42:54 +1m 49s | thequantuminsider_2021_10_14_prof_robert_wille_design_automation_through_the_ages_the_qub_c48a1cca] Repaired malformed JSON.
[21:42:54 +1m 49s | thequantuminsider_2021_10_14_prof_robert_wille_design_automation_through_the_ages_the_qub_c48a1cca] Extracting actors: https://thequantuminsider.com/2021/10/14/prof-robert-wille-design-automation-through-the-ages-the-qubit-guys-podcast-episode-4 (1/1), chunk 18/34
[21:43:06 +1m 58s | thequantuminsider_2021_10_14_prof_robert_wille_design_automation_through_the_ages_the_qub_c48a1cca] Repaired malformed JSON.
[21:43:06 +1m 58s | thequantuminsider_2021_10_14_prof_robert_wille_design_automation_through_the_ages_the_qub_c48a1cca] Extracting actors: https://thequantuminsider.com/2021/10/14/prof-robert-wille-design-automation-through-the-ages-the-qubit-guys-podcast-episode-4 (1/1), chunk 19/34
[21:43:11 +2m 3s | thequantuminsider_2021_10_14_prof_robert_wille_design_automation_through_the_ages_the_qub_c48a1cca] Repaired malformed JSON.
[21:43:11 +2m 3s | thequantuminsider_2021_10_14_prof_robert_wille_design_automation_through_the_ages_the_qub_c48a1cca] Extracting actors: https://thequantuminsider.com/2021/10/14/prof-robert-wille-design-automation-through-the-ages-the-qubit-guys-podcast-episode-4 (1/1), chunk 20/34
[21:43:18 +2m 10s | thequantuminsider_2021_10_14_prof_robert_wille_design_automation_through_the_ages_the_qub_c48a1cca] Repaired malformed JSON.
[21:43:18 +2m 10s | thequantuminsider_2021_10_14_prof_robert_wille_design_automation_through_the_ages_the_qub_c48a1cca] Extracting actors: https://thequantuminsider.com/2021/10/14/prof-robert-wille-design-automation-through-the-ages-the-qubit-guys-podcast-episode-4 (1/1), chunk 21/34
[21:43:26 +2m 18s | thequantuminsider_2021_10_14_prof_robert_wille_design_automation_through_the_ages_the_qub_c48a1cca] Repaired malformed JSON.
[21:43:26 +2m 18s | thequantuminsider_2021_10_14_prof_robert_wille_design_automation_through_the_ages_the_qub_c48a1cca] Extracting actors: https://thequantuminsider.com/2021/10/14/prof-robert-wille-design-automation-through-the-ages-the-qubit-guys-podcast-episode-4 (1/1), chunk 22/34
[21:43:30 +2m 22s | thequantuminsider_2021_10_14_prof_robert_wille_design_automation_through_the_ages_the_qub_c48a1cca] Extracting actors: https://thequantuminsider.com/2021/10/14/prof-robert-wille-design-automation-through-the-ages-the-qubit-guys-podcast-episode-4 (1/1), chunk 23/34
[21:43:42 +2m 31s | thequantuminsider_2021_10_14_prof_robert_wille_design_automation_through_the_ages_the_qub_c48a1cca] Repaired malformed JSON.
[21:43:42 +2m 31s | thequantuminsider_2021_10_14_prof_robert_wille_design_automation_through_the_ages_the_qub_c48a1cca] Extracting actors: https://thequantuminsider.com/2021/10/14/prof-robert-wille-design-automation-through-the-ages-the-qubit-guys-podcast-episode-4 (1/1), chunk 24/34
[21:43:48 +2m 37s | thequantuminsider_2021_10_14_prof_robert_wille_design_automation_through_the_ages_the_qub_c48a1cca] Extracting actors: https://thequantuminsider.com/2021/10/14/prof-robert-wille-design-automation-through-the-ages-the-qubit-guys-podcast-episode-4 (1/1), chunk 25/34
[21:43:50 +2m 39s | thequantuminsider_2021_10_14_prof_robert_wille_design_automation_through_the_ages_the_qub_c48a1cca] Extracting actors: https://thequantuminsider.com/2021/10/14/prof-robert-wille-design-automation-through-the-ages-the-qubit-guys-podcast-episode-4 (1/1), chunk 26/34
[21:43:56 +2m 45s | thequantuminsider_2021_10_14_prof_robert_wille_design_automation_through_the_ages_the_qub_c48a1cca] Repaired malformed JSON.
[21:43:56 +2m 45s | thequantuminsider_2021_10_14_prof_robert_wille_design_automation_through_the_ages_the_qub_c48a1cca] Extracting actors: https://thequantuminsider.com/2021/10/14/prof-robert-wille-design-automation-through-the-ages-the-qubit-guys-podcast-episode-4 (1/1), chunk 27/34
[21:44:05 +2m 54s | thequantuminsider_2021_10_14_prof_robert_wille_design_automation_through_the_ages_the_qub_c48a1cca] Repaired malformed JSON.
[21:44:05 +2m 54s | thequantuminsider_2021_10_14_prof_robert_wille_design_automation_through_the_ages_the_qub_c48a1cca] Extracting actors: https://thequantuminsider.com/2021/10/14/prof-robert-wille-design-automation-through-the-ages-the-qubit-guys-podcast-episode-4 (1/1), chunk 28/34
[21:44:13 +3m 0s | thequantuminsider_2021_10_14_prof_robert_wille_design_automation_through_the_ages_the_qub_c48a1cca] Repaired malformed JSON.
[21:44:13 +3m 0s | thequantuminsider_2021_10_14_prof_robert_wille_design_automation_through_the_ages_the_qub_c48a1cca] Extracting actors: https://thequantuminsider.com/2021/10/14/prof-robert-wille-design-automation-through-the-ages-the-qubit-guys-podcast-episode-4 (1/1), chunk 29/34
[21:44:21 +3m 7s | thequantuminsider_2021_10_14_prof_robert_wille_design_automation_through_the_ages_the_qub_c48a1cca] Repaired malformed JSON.
[21:44:21 +3m 7s | thequantuminsider_2021_10_14_prof_robert_wille_design_automation_through_the_ages_the_qub_c48a1cca] Extracting actors: https://thequantuminsider.com/2021/10/14/prof-robert-wille-design-automation-through-the-ages-the-qubit-guys-podcast-episode-4 (1/1), chunk 30/34
[21:44:27 +3m 13s | thequantuminsider_2021_10_14_prof_robert_wille_design_automation_through_the_ages_the_qub_c48a1cca] Repaired malformed JSON.
[21:44:27 +3m 13s | thequantuminsider_2021_10_14_prof_robert_wille_design_automation_through_the_ages_the_qub_c48a1cca] Extracting actors: https://thequantuminsider.com/2021/10/14/prof-robert-wille-design-automation-through-the-ages-the-qubit-guys-podcast-episode-4 (1/1), chunk 31/34
[21:44:33 +3m 19s | thequantuminsider_2021_10_14_prof_robert_wille_design_automation_through_the_ages_the_qub_c48a1cca] Repaired malformed JSON.
[21:44:33 +3m 19s | thequantuminsider_2021_10_14_prof_robert_wille_design_automation_through_the_ages_the_qub_c48a1cca] Extracting actors: https://thequantuminsider.com/2021/10/14/prof-robert-wille-design-automation-through-the-ages-the-qubit-guys-podcast-episode-4 (1/1), chunk 32/34
[21:44:41 +3m 27s | thequantuminsider_2021_10_14_prof_robert_wille_design_automation_through_the_ages_the_qub_c48a1cca] Repaired malformed JSON.
[21:44:41 +3m 27s | thequantuminsider_2021_10_14_prof_robert_wille_design_automation_through_the_ages_the_qub_c48a1cca] Extracting actors: https://thequantuminsider.com/2021/10/14/prof-robert-wille-design-automation-through-the-ages-the-qubit-guys-podcast-episode-4 (1/1), chunk 33/34
[21:44:49 +3m 32s | thequantuminsider_2021_10_14_prof_robert_wille_design_automation_through_the_ages_the_qub_c48a1cca] Repaired malformed JSON.
[21:44:49 +3m 32s | thequantuminsider_2021_10_14_prof_robert_wille_design_automation_through_the_ages_the_qub_c48a1cca] Extracting actors: https://thequantuminsider.com/2021/10/14/prof-robert-wille-design-automation-through-the-ages-the-qubit-guys-podcast-episode-4 (1/1), chunk 34/34
[21:44:54 +3m 38s | thequantuminsider_2021_10_14_prof_robert_wille_design_automation_through_the_ages_the_qub_c48a1cca] Repaired malformed JSON.
[21:44:54 +3m 38s | thequantuminsider_2021_10_14_prof_robert_wille_design_automation_through_the_ages_the_qub_c48a1cca] Saved 1_actor_results.json with 54 extracted records

[21:44:54 +3m 38s | thequantuminsider_2021_10_14_prof_robert_wille_design_automation_through_the_ages_the_qub_c48a1cca] === 2 clean actors ===
[21:44:54 +3m 38s | thequantuminsider_2021_10_14_prof_robert_wille_design_automation_through_the_ages_the_qub_c48a1cca] Loaded 54 extracted records
[21:44:54 +3m 38s | thequantuminsider_2021_10_14_prof_robert_wille_design_automation_through_the_ages_the_qub_c48a1cca] Saved 2_actor_nodes.json with 22 canonical actor nodes

[21:44:55 +3m 38s | thequantuminsider_2021_10_14_prof_robert_wille_design_automation_through_the_ages_the_qub_c48a1cca] === 3 interaction extraction ===
[21:44:55 +3m 38s | thequantuminsider_2021_10_14_prof_robert_wille_design_automation_through_the_ages_the_qub_c48a1cca] Extracting interactions: https://thequantuminsider.com/2021/10/14/prof-robert-wille-design-automation-through-the-ages-the-qubit-guys-podcast-episode-4 (1/1), chunk 11/34
[21:44:56 +3m 40s | thequantuminsider_2021_10_14_prof_robert_wille_design_automation_through_the_ages_the_qub_c48a1cca] Extracting interactions: https://thequantuminsider.com/2021/10/14/prof-robert-wille-design-automation-through-the-ages-the-qubit-guys-podcast-episode-4 (1/1), chunk 12/34
[21:45:03 +3m 46s | thequantuminsider_2021_10_14_prof_robert_wille_design_automation_through_the_ages_the_qub_c48a1cca] Extracting interactions: https://thequantuminsider.com/2021/10/14/prof-robert-wille-design-automation-through-the-ages-the-qubit-guys-podcast-episode-4 (1/1), chunk 13/34
[21:45:08 +3m 52s | thequantuminsider_2021_10_14_prof_robert_wille_design_automation_through_the_ages_the_qub_c48a1cca] Extracting interactions: https://thequantuminsider.com/2021/10/14/prof-robert-wille-design-automation-through-the-ages-the-qubit-guys-podcast-episode-4 (1/1), chunk 14/34
[21:45:16 +3m 59s | thequantuminsider_2021_10_14_prof_robert_wille_design_automation_through_the_ages_the_qub_c48a1cca] Extracting interactions: https://thequantuminsider.com/2021/10/14/prof-robert-wille-design-automation-through-the-ages-the-qubit-guys-podcast-episode-4 (1/1), chunk 15/34
[21:45:33 +4m 13s | thequantuminsider_2021_10_14_prof_robert_wille_design_automation_through_the_ages_the_qub_c48a1cca] Extracting interactions: https://thequantuminsider.com/2021/10/14/prof-robert-wille-design-automation-through-the-ages-the-qubit-guys-podcast-episode-4 (1/1), chunk 16/34
[21:45:45 +4m 26s | thequantuminsider_2021_10_14_prof_robert_wille_design_automation_through_the_ages_the_qub_c48a1cca] Extracting interactions: https://thequantuminsider.com/2021/10/14/prof-robert-wille-design-automation-through-the-ages-the-qubit-guys-podcast-episode-4 (1/1), chunk 17/34
[21:45:59 +4m 37s | thequantuminsider_2021_10_14_prof_robert_wille_design_automation_through_the_ages_the_qub_c48a1cca] Extracting interactions: https://thequantuminsider.com/2021/10/14/prof-robert-wille-design-automation-through-the-ages-the-qubit-guys-podcast-episode-4 (1/1), chunk 18/34
[21:46:10 +4m 47s | thequantuminsider_2021_10_14_prof_robert_wille_design_automation_through_the_ages_the_qub_c48a1cca] Extracting interactions: https://thequantuminsider.com/2021/10/14/prof-robert-wille-design-automation-through-the-ages-the-qubit-guys-podcast-episode-4 (1/1), chunk 19/34
[21:46:25 +5m 3s | thequantuminsider_2021_10_14_prof_robert_wille_design_automation_through_the_ages_the_qub_c48a1cca] Extracting interactions: https://thequantuminsider.com/2021/10/14/prof-robert-wille-design-automation-through-the-ages-the-qubit-guys-podcast-episode-4 (1/1), chunk 20/34
[21:46:29 +5m 7s | thequantuminsider_2021_10_14_prof_robert_wille_design_automation_through_the_ages_the_qub_c48a1cca] Extracting interactions: https://thequantuminsider.com/2021/10/14/prof-robert-wille-design-automation-through-the-ages-the-qubit-guys-podcast-episode-4 (1/1), chunk 23/34
[21:46:38 +5m 12s | thequantuminsider_2021_10_14_prof_robert_wille_design_automation_through_the_ages_the_qub_c48a1cca] Extracting interactions: https://thequantuminsider.com/2021/10/14/prof-robert-wille-design-automation-through-the-ages-the-qubit-guys-podcast-episode-4 (1/1), chunk 24/34
[21:46:40 +5m 14s | thequantuminsider_2021_10_14_prof_robert_wille_design_automation_through_the_ages_the_qub_c48a1cca] Extracting interactions: https://thequantuminsider.com/2021/10/14/prof-robert-wille-design-automation-through-the-ages-the-qubit-guys-podcast-episode-4 (1/1), chunk 25/34
[21:46:42 +5m 16s | thequantuminsider_2021_10_14_prof_robert_wille_design_automation_through_the_ages_the_qub_c48a1cca] Extracting interactions: https://thequantuminsider.com/2021/10/14/prof-robert-wille-design-automation-through-the-ages-the-qubit-guys-podcast-episode-4 (1/1), chunk 26/34
[21:46:43 +5m 17s | thequantuminsider_2021_10_14_prof_robert_wille_design_automation_through_the_ages_the_qub_c48a1cca] Extracting interactions: https://thequantuminsider.com/2021/10/14/prof-robert-wille-design-automation-through-the-ages-the-qubit-guys-podcast-episode-4 (1/1), chunk 27/34
[21:46:44 +5m 19s | thequantuminsider_2021_10_14_prof_robert_wille_design_automation_through_the_ages_the_qub_c48a1cca] Extracting interactions: https://thequantuminsider.com/2021/10/14/prof-robert-wille-design-automation-through-the-ages-the-qubit-guys-podcast-episode-4 (1/1), chunk 28/34
[21:47:11 +5m 43s | thequantuminsider_2021_10_14_prof_robert_wille_design_automation_through_the_ages_the_qub_c48a1cca] Extracting interactions: https://thequantuminsider.com/2021/10/14/prof-robert-wille-design-automation-through-the-ages-the-qubit-guys-podcast-episode-4 (1/1), chunk 29/34
[21:47:13 +5m 44s | thequantuminsider_2021_10_14_prof_robert_wille_design_automation_through_the_ages_the_qub_c48a1cca] Extracting interactions: https://thequantuminsider.com/2021/10/14/prof-robert-wille-design-automation-through-the-ages-the-qubit-guys-podcast-episode-4 (1/1), chunk 30/34
[21:47:14 +5m 46s | thequantuminsider_2021_10_14_prof_robert_wille_design_automation_through_the_ages_the_qub_c48a1cca] Extracting interactions: https://thequantuminsider.com/2021/10/14/prof-robert-wille-design-automation-through-the-ages-the-qubit-guys-podcast-episode-4 (1/1), chunk 31/34
[21:47:16 +5m 47s | thequantuminsider_2021_10_14_prof_robert_wille_design_automation_through_the_ages_the_qub_c48a1cca] Extracting interactions: https://thequantuminsider.com/2021/10/14/prof-robert-wille-design-automation-through-the-ages-the-qubit-guys-podcast-episode-4 (1/1), chunk 32/34
[21:47:17 +5m 49s | thequantuminsider_2021_10_14_prof_robert_wille_design_automation_through_the_ages_the_qub_c48a1cca] Extracting interactions: https://thequantuminsider.com/2021/10/14/prof-robert-wille-design-automation-through-the-ages-the-qubit-guys-podcast-episode-4 (1/1), chunk 33/34
[21:47:19 +5m 50s | thequantuminsider_2021_10_14_prof_robert_wille_design_automation_through_the_ages_the_qub_c48a1cca] Extracting interactions: https://thequantuminsider.com/2021/10/14/prof-robert-wille-design-automation-through-the-ages-the-qubit-guys-podcast-episode-4 (1/1), chunk 34/34
[21:47:20 +5m 52s | thequantuminsider_2021_10_14_prof_robert_wille_design_automation_through_the_ages_the_qub_c48a1cca] Saved 3_interaction_results.json with 23 extracted interactions.

[21:47:20 +5m 52s | thequantuminsider_2021_10_14_prof_robert_wille_design_automation_through_the_ages_the_qub_c48a1cca] === 4 clean interactions ===
[21:47:20 +5m 52s | thequantuminsider_2021_10_14_prof_robert_wille_design_automation_through_the_ages_the_qub_c48a1cca] Saved 4_edges.json with 0 cleaned interactions.

[21:47:20 +5m 52s | thequantuminsider_2021_10_14_prof_robert_wille_design_automation_through_the_ages_the_qub_c48a1cca] === 5 helix enrichment ===
[21:47:20 +5m 52s | thequantuminsider_2021_10_14_prof_robert_wille_design_automation_through_the_ages_the_qub_c48a1cca] Wrote 5_nodes.json (22 actors)
[21:47:20 +5m 52s | thequantuminsider_2021_10_14_prof_robert_wille_design_automation_through_the_ages_the_qub_c48a1cca] Wrote 5_edges.json (0 interactions)
[21:47:20 +5m 52s | thequantuminsider_2021_10_14_prof_robert_wille_design_automation_through_the_ages_the_qub_c48a1cca] Actor helix counts: {'Civil Society': 3, 'Government': 3, 'Industry': 4, 'Unknown': 12}
[21:47:20 +5m 52s | thequantuminsider_2021_10_14_prof_robert_wille_design_automation_through_the_ages_the_qub_c48a1cca] Functional-space counts: {}

[21:47:20 +5m 52s | thequantuminsider_2021_10_14_prof_robert_wille_design_automation_through_the_ages_the_qub_c48a1cca] === 6 network visualisation ===
[21:47:21 +5m 52s | thequantuminsider_2021_10_14_prof_robert_wille_design_automation_through_the_ages_the_qub_c48a1cca] Wrote quantum_network.html
[21:47:21 +5m 52s | thequantuminsider_2021_10_14_prof_robert_wille_design_automation_through_the_ages_the_qub_c48a1cca] Nodes: 22
[21:47:21 +5m 52s | thequantuminsider_2021_10_14_prof_robert_wille_design_automation_through_the_ages_the_qub_c48a1cca] Edges: 0

[21:47:21 +5m 52s | thequantuminsider_2021_10_14_prof_robert_wille_design_automation_through_the_ages_the_qub_c48a1cca] Done. Outputs written to: /home/lv/IDP/idpdeeptech/pipeline/news_outputs/thequantuminsider_2021_10_14_prof_robert_wille_design_automation_through_the_ages_the_qub_c48a1cca
[21:47:21 +5m 52s | thequantuminsider_2021_10_14_prof_robert_wille_design_automation_through_the_ages_the_qub_c48a1cca] Log: /home/lv/IDP/idpdeeptech/pipeline/news_outputs/thequantuminsider_2021_10_14_prof_robert_wille_design_automation_through_the_ages_the_qub_c48a1cca/run.log

========================================================================
RUN FINISHED 2026-07-01 21:47:21  (OK)
Started:     2026-07-01 21:40:56
Elapsed:     5m 52s
========================================================================
