
========================================================================
RUN STARTED  2026-07-02 07:04:33
site_pipeline.py https://thequantuminsider.com/2024/03/19/university-of-strathclyde-to-host-applied-quantum-technologies-training-center/
========================================================================

[07:04:33 +0s | thequantuminsider_2024_03_19_university_of_strathclyde_to_host_applied_quantum_technologi_0fb59c47] === 0 crawl site ===
[07:04:35 +1s | thequantuminsider_2024_03_19_university_of_strathclyde_to_host_applied_quantum_technologi_0fb59c47] [INIT].... → Crawl4AI 0.8.6 
[07:04:37 +4s | thequantuminsider_2024_03_19_university_of_strathclyde_to_host_applied_quantum_technologi_0fb59c47] [FETCH]... ↓ https://thequantuminsider.com/2024/03/19/univers...st-applied-quantum-technologies-training-center/  | ✓ | ⏱: 2.89s 
[07:04:38 +4s | thequantuminsider_2024_03_19_university_of_strathclyde_to_host_applied_quantum_technologi_0fb59c47] [SCRAPE].. ◆ https://thequantuminsider.com/2024/03/19/univers...st-applied-quantum-technologies-training-center/  | ✓ | ⏱: 0.11s 
[07:04:38 +4s | thequantuminsider_2024_03_19_university_of_strathclyde_to_host_applied_quantum_technologi_0fb59c47] [COMPLETE] ● https://thequantuminsider.com/2024/03/19/univers...st-applied-quantum-technologies-training-center/  | ✓ | ⏱: 3.02s 
[07:04:38 +4s | thequantuminsider_2024_03_19_university_of_strathclyde_to_host_applied_quantum_technologi_0fb59c47] Saved: crawl_output/dcfa92af7f_thequantuminsider.com_2024_03_19_university-of-strathclyde-to-host-applied-quantum-technologies-training-center.json

[07:04:38 +5s | thequantuminsider_2024_03_19_university_of_strathclyde_to_host_applied_quantum_technologi_0fb59c47] === 1 actor extraction ===
[07:04:38 +5s | thequantuminsider_2024_03_19_university_of_strathclyde_to_host_applied_quantum_technologi_0fb59c47] Reading page (1/1): https://thequantuminsider.com/2024/03/19/university-of-strathclyde-to-host-applied-quantum-technologies-training-center
[07:04:38 +5s | thequantuminsider_2024_03_19_university_of_strathclyde_to_host_applied_quantum_technologi_0fb59c47] Extracting actors: https://thequantuminsider.com/2024/03/19/university-of-strathclyde-to-host-applied-quantum-technologies-training-center (1/1), chunk 1/37
[07:04:44 +11s | thequantuminsider_2024_03_19_university_of_strathclyde_to_host_applied_quantum_technologi_0fb59c47] Extracting actors: https://thequantuminsider.com/2024/03/19/university-of-strathclyde-to-host-applied-quantum-technologies-training-center (1/1), chunk 2/37
[07:04:48 +15s | thequantuminsider_2024_03_19_university_of_strathclyde_to_host_applied_quantum_technologi_0fb59c47] Extracting actors: https://thequantuminsider.com/2024/03/19/university-of-strathclyde-to-host-applied-quantum-technologies-training-center (1/1), chunk 3/37
[07:04:52 +19s | thequantuminsider_2024_03_19_university_of_strathclyde_to_host_applied_quantum_technologi_0fb59c47] Extracting actors: https://thequantuminsider.com/2024/03/19/university-of-strathclyde-to-host-applied-quantum-technologies-training-center (1/1), chunk 4/37
[07:04:58 +25s | thequantuminsider_2024_03_19_university_of_strathclyde_to_host_applied_quantum_technologi_0fb59c47] Extracting actors: https://thequantuminsider.com/2024/03/19/university-of-strathclyde-to-host-applied-quantum-technologies-training-center (1/1), chunk 5/37
[07:05:02 +29s | thequantuminsider_2024_03_19_university_of_strathclyde_to_host_applied_quantum_technologi_0fb59c47] Extracting actors: https://thequantuminsider.com/2024/03/19/university-of-strathclyde-to-host-applied-quantum-technologies-training-center (1/1), chunk 6/37
[07:05:10 +36s | thequantuminsider_2024_03_19_university_of_strathclyde_to_host_applied_quantum_technologi_0fb59c47] Extracting actors: https://thequantuminsider.com/2024/03/19/university-of-strathclyde-to-host-applied-quantum-technologies-training-center (1/1), chunk 7/37
[07:05:15 +42s | thequantuminsider_2024_03_19_university_of_strathclyde_to_host_applied_quantum_technologi_0fb59c47] Extracting actors: https://thequantuminsider.com/2024/03/19/university-of-strathclyde-to-host-applied-quantum-technologies-training-center (1/1), chunk 8/37
[07:05:21 +47s | thequantuminsider_2024_03_19_university_of_strathclyde_to_host_applied_quantum_technologi_0fb59c47] Extracting actors: https://thequantuminsider.com/2024/03/19/university-of-strathclyde-to-host-applied-quantum-technologies-training-center (1/1), chunk 9/37
[07:05:25 +52s | thequantuminsider_2024_03_19_university_of_strathclyde_to_host_applied_quantum_technologi_0fb59c47] Extracting actors: https://thequantuminsider.com/2024/03/19/university-of-strathclyde-to-host-applied-quantum-technologies-training-center (1/1), chunk 10/37
[07:05:31 +58s | thequantuminsider_2024_03_19_university_of_strathclyde_to_host_applied_quantum_technologi_0fb59c47] Extracting actors: https://thequantuminsider.com/2024/03/19/university-of-strathclyde-to-host-applied-quantum-technologies-training-center (1/1), chunk 11/37
[07:05:39 +1m 6s | thequantuminsider_2024_03_19_university_of_strathclyde_to_host_applied_quantum_technologi_0fb59c47] Repaired malformed JSON.
[07:05:39 +1m 6s | thequantuminsider_2024_03_19_university_of_strathclyde_to_host_applied_quantum_technologi_0fb59c47] Extracting actors: https://thequantuminsider.com/2024/03/19/university-of-strathclyde-to-host-applied-quantum-technologies-training-center (1/1), chunk 12/37
[07:05:44 +1m 11s | thequantuminsider_2024_03_19_university_of_strathclyde_to_host_applied_quantum_technologi_0fb59c47] Repaired malformed JSON.
[07:05:44 +1m 11s | thequantuminsider_2024_03_19_university_of_strathclyde_to_host_applied_quantum_technologi_0fb59c47] Extracting actors: https://thequantuminsider.com/2024/03/19/university-of-strathclyde-to-host-applied-quantum-technologies-training-center (1/1), chunk 13/37
[07:05:51 +1m 18s | thequantuminsider_2024_03_19_university_of_strathclyde_to_host_applied_quantum_technologi_0fb59c47] Repaired malformed JSON.
[07:05:51 +1m 18s | thequantuminsider_2024_03_19_university_of_strathclyde_to_host_applied_quantum_technologi_0fb59c47] Extracting actors: https://thequantuminsider.com/2024/03/19/university-of-strathclyde-to-host-applied-quantum-technologies-training-center (1/1), chunk 14/37
[07:05:57 +1m 24s | thequantuminsider_2024_03_19_university_of_strathclyde_to_host_applied_quantum_technologi_0fb59c47] Repaired malformed JSON.
[07:05:57 +1m 24s | thequantuminsider_2024_03_19_university_of_strathclyde_to_host_applied_quantum_technologi_0fb59c47] Extracting actors: https://thequantuminsider.com/2024/03/19/university-of-strathclyde-to-host-applied-quantum-technologies-training-center (1/1), chunk 15/37
[07:06:05 +1m 31s | thequantuminsider_2024_03_19_university_of_strathclyde_to_host_applied_quantum_technologi_0fb59c47] Repaired malformed JSON.
[07:06:05 +1m 31s | thequantuminsider_2024_03_19_university_of_strathclyde_to_host_applied_quantum_technologi_0fb59c47] Extracting actors: https://thequantuminsider.com/2024/03/19/university-of-strathclyde-to-host-applied-quantum-technologies-training-center (1/1), chunk 16/37
[07:06:12 +1m 39s | thequantuminsider_2024_03_19_university_of_strathclyde_to_host_applied_quantum_technologi_0fb59c47] Repaired malformed JSON.
[07:06:12 +1m 39s | thequantuminsider_2024_03_19_university_of_strathclyde_to_host_applied_quantum_technologi_0fb59c47] Extracting actors: https://thequantuminsider.com/2024/03/19/university-of-strathclyde-to-host-applied-quantum-technologies-training-center (1/1), chunk 17/37
[07:06:18 +1m 45s | thequantuminsider_2024_03_19_university_of_strathclyde_to_host_applied_quantum_technologi_0fb59c47] Repaired malformed JSON.
[07:06:18 +1m 45s | thequantuminsider_2024_03_19_university_of_strathclyde_to_host_applied_quantum_technologi_0fb59c47] Extracting actors: https://thequantuminsider.com/2024/03/19/university-of-strathclyde-to-host-applied-quantum-technologies-training-center (1/1), chunk 18/37
[07:06:24 +1m 50s | thequantuminsider_2024_03_19_university_of_strathclyde_to_host_applied_quantum_technologi_0fb59c47] Repaired malformed JSON.
[07:06:24 +1m 50s | thequantuminsider_2024_03_19_university_of_strathclyde_to_host_applied_quantum_technologi_0fb59c47] Extracting actors: https://thequantuminsider.com/2024/03/19/university-of-strathclyde-to-host-applied-quantum-technologies-training-center (1/1), chunk 19/37
[07:06:31 +1m 57s | thequantuminsider_2024_03_19_university_of_strathclyde_to_host_applied_quantum_technologi_0fb59c47] Repaired malformed JSON.
[07:06:31 +1m 57s | thequantuminsider_2024_03_19_university_of_strathclyde_to_host_applied_quantum_technologi_0fb59c47] Extracting actors: https://thequantuminsider.com/2024/03/19/university-of-strathclyde-to-host-applied-quantum-technologies-training-center (1/1), chunk 20/37
[07:06:38 +2m 4s | thequantuminsider_2024_03_19_university_of_strathclyde_to_host_applied_quantum_technologi_0fb59c47] Repaired malformed JSON.
[07:06:38 +2m 4s | thequantuminsider_2024_03_19_university_of_strathclyde_to_host_applied_quantum_technologi_0fb59c47] Extracting actors: https://thequantuminsider.com/2024/03/19/university-of-strathclyde-to-host-applied-quantum-technologies-training-center (1/1), chunk 21/37
[07:06:46 +2m 13s | thequantuminsider_2024_03_19_university_of_strathclyde_to_host_applied_quantum_technologi_0fb59c47] Repaired malformed JSON.
[07:06:46 +2m 13s | thequantuminsider_2024_03_19_university_of_strathclyde_to_host_applied_quantum_technologi_0fb59c47] Extracting actors: https://thequantuminsider.com/2024/03/19/university-of-strathclyde-to-host-applied-quantum-technologies-training-center (1/1), chunk 22/37
[07:06:53 +2m 19s | thequantuminsider_2024_03_19_university_of_strathclyde_to_host_applied_quantum_technologi_0fb59c47] Repaired malformed JSON.
[07:06:53 +2m 19s | thequantuminsider_2024_03_19_university_of_strathclyde_to_host_applied_quantum_technologi_0fb59c47] Extracting actors: https://thequantuminsider.com/2024/03/19/university-of-strathclyde-to-host-applied-quantum-technologies-training-center (1/1), chunk 23/37
[07:06:58 +2m 25s | thequantuminsider_2024_03_19_university_of_strathclyde_to_host_applied_quantum_technologi_0fb59c47] Repaired malformed JSON.
[07:06:58 +2m 25s | thequantuminsider_2024_03_19_university_of_strathclyde_to_host_applied_quantum_technologi_0fb59c47] Extracting actors: https://thequantuminsider.com/2024/03/19/university-of-strathclyde-to-host-applied-quantum-technologies-training-center (1/1), chunk 24/37
[07:07:06 +2m 33s | thequantuminsider_2024_03_19_university_of_strathclyde_to_host_applied_quantum_technologi_0fb59c47] Repaired malformed JSON.
[07:07:06 +2m 33s | thequantuminsider_2024_03_19_university_of_strathclyde_to_host_applied_quantum_technologi_0fb59c47] Extracting actors: https://thequantuminsider.com/2024/03/19/university-of-strathclyde-to-host-applied-quantum-technologies-training-center (1/1), chunk 25/37
[07:07:12 +2m 38s | thequantuminsider_2024_03_19_university_of_strathclyde_to_host_applied_quantum_technologi_0fb59c47] Extracting actors: https://thequantuminsider.com/2024/03/19/university-of-strathclyde-to-host-applied-quantum-technologies-training-center (1/1), chunk 26/37
[07:07:20 +2m 46s | thequantuminsider_2024_03_19_university_of_strathclyde_to_host_applied_quantum_technologi_0fb59c47] Repaired malformed JSON.
[07:07:20 +2m 46s | thequantuminsider_2024_03_19_university_of_strathclyde_to_host_applied_quantum_technologi_0fb59c47] Extracting actors: https://thequantuminsider.com/2024/03/19/university-of-strathclyde-to-host-applied-quantum-technologies-training-center (1/1), chunk 27/37
[07:07:28 +2m 54s | thequantuminsider_2024_03_19_university_of_strathclyde_to_host_applied_quantum_technologi_0fb59c47] Repaired malformed JSON.
[07:07:28 +2m 54s | thequantuminsider_2024_03_19_university_of_strathclyde_to_host_applied_quantum_technologi_0fb59c47] Extracting actors: https://thequantuminsider.com/2024/03/19/university-of-strathclyde-to-host-applied-quantum-technologies-training-center (1/1), chunk 28/37
[07:07:33 +3m 0s | thequantuminsider_2024_03_19_university_of_strathclyde_to_host_applied_quantum_technologi_0fb59c47] Extracting actors: https://thequantuminsider.com/2024/03/19/university-of-strathclyde-to-host-applied-quantum-technologies-training-center (1/1), chunk 29/37
[07:07:40 +3m 7s | thequantuminsider_2024_03_19_university_of_strathclyde_to_host_applied_quantum_technologi_0fb59c47] Repaired malformed JSON.
[07:07:40 +3m 7s | thequantuminsider_2024_03_19_university_of_strathclyde_to_host_applied_quantum_technologi_0fb59c47] Extracting actors: https://thequantuminsider.com/2024/03/19/university-of-strathclyde-to-host-applied-quantum-technologies-training-center (1/1), chunk 30/37
[07:07:48 +3m 14s | thequantuminsider_2024_03_19_university_of_strathclyde_to_host_applied_quantum_technologi_0fb59c47] Repaired malformed JSON.
[07:07:48 +3m 14s | thequantuminsider_2024_03_19_university_of_strathclyde_to_host_applied_quantum_technologi_0fb59c47] Extracting actors: https://thequantuminsider.com/2024/03/19/university-of-strathclyde-to-host-applied-quantum-technologies-training-center (1/1), chunk 31/37
[07:07:53 +3m 20s | thequantuminsider_2024_03_19_university_of_strathclyde_to_host_applied_quantum_technologi_0fb59c47] Repaired malformed JSON.
[07:07:53 +3m 20s | thequantuminsider_2024_03_19_university_of_strathclyde_to_host_applied_quantum_technologi_0fb59c47] Extracting actors: https://thequantuminsider.com/2024/03/19/university-of-strathclyde-to-host-applied-quantum-technologies-training-center (1/1), chunk 32/37
[07:07:59 +3m 26s | thequantuminsider_2024_03_19_university_of_strathclyde_to_host_applied_quantum_technologi_0fb59c47] Extracting actors: https://thequantuminsider.com/2024/03/19/university-of-strathclyde-to-host-applied-quantum-technologies-training-center (1/1), chunk 33/37
[07:08:07 +3m 34s | thequantuminsider_2024_03_19_university_of_strathclyde_to_host_applied_quantum_technologi_0fb59c47] Repaired malformed JSON.
[07:08:07 +3m 34s | thequantuminsider_2024_03_19_university_of_strathclyde_to_host_applied_quantum_technologi_0fb59c47] Extracting actors: https://thequantuminsider.com/2024/03/19/university-of-strathclyde-to-host-applied-quantum-technologies-training-center (1/1), chunk 34/37
[07:08:14 +3m 41s | thequantuminsider_2024_03_19_university_of_strathclyde_to_host_applied_quantum_technologi_0fb59c47] Repaired malformed JSON.
[07:08:14 +3m 41s | thequantuminsider_2024_03_19_university_of_strathclyde_to_host_applied_quantum_technologi_0fb59c47] Extracting actors: https://thequantuminsider.com/2024/03/19/university-of-strathclyde-to-host-applied-quantum-technologies-training-center (1/1), chunk 35/37
[07:08:22 +3m 49s | thequantuminsider_2024_03_19_university_of_strathclyde_to_host_applied_quantum_technologi_0fb59c47] Repaired malformed JSON.
[07:08:22 +3m 49s | thequantuminsider_2024_03_19_university_of_strathclyde_to_host_applied_quantum_technologi_0fb59c47] Extracting actors: https://thequantuminsider.com/2024/03/19/university-of-strathclyde-to-host-applied-quantum-technologies-training-center (1/1), chunk 36/37
[07:08:28 +3m 55s | thequantuminsider_2024_03_19_university_of_strathclyde_to_host_applied_quantum_technologi_0fb59c47] Repaired malformed JSON.
[07:08:28 +3m 55s | thequantuminsider_2024_03_19_university_of_strathclyde_to_host_applied_quantum_technologi_0fb59c47] Extracting actors: https://thequantuminsider.com/2024/03/19/university-of-strathclyde-to-host-applied-quantum-technologies-training-center (1/1), chunk 37/37
[07:08:32 +3m 59s | thequantuminsider_2024_03_19_university_of_strathclyde_to_host_applied_quantum_technologi_0fb59c47] Saved 1_actor_results.json with 58 extracted records

[07:08:33 +3m 59s | thequantuminsider_2024_03_19_university_of_strathclyde_to_host_applied_quantum_technologi_0fb59c47] === 2 clean actors ===
[07:08:33 +3m 59s | thequantuminsider_2024_03_19_university_of_strathclyde_to_host_applied_quantum_technologi_0fb59c47] Loaded 58 extracted records
[07:08:33 +3m 59s | thequantuminsider_2024_03_19_university_of_strathclyde_to_host_applied_quantum_technologi_0fb59c47] Saved 2_actor_nodes.json with 15 canonical actor nodes

[07:08:33 +3m 59s | thequantuminsider_2024_03_19_university_of_strathclyde_to_host_applied_quantum_technologi_0fb59c47] === 3 interaction extraction ===
[07:08:33 +4m 0s | thequantuminsider_2024_03_19_university_of_strathclyde_to_host_applied_quantum_technologi_0fb59c47] Extracting interactions: https://thequantuminsider.com/2024/03/19/university-of-strathclyde-to-host-applied-quantum-technologies-training-center (1/1), chunk 11/37
[07:08:39 +4m 6s | thequantuminsider_2024_03_19_university_of_strathclyde_to_host_applied_quantum_technologi_0fb59c47] Extracting interactions: https://thequantuminsider.com/2024/03/19/university-of-strathclyde-to-host-applied-quantum-technologies-training-center (1/1), chunk 15/37
[07:08:48 +4m 15s | thequantuminsider_2024_03_19_university_of_strathclyde_to_host_applied_quantum_technologi_0fb59c47] Extracting interactions: https://thequantuminsider.com/2024/03/19/university-of-strathclyde-to-host-applied-quantum-technologies-training-center (1/1), chunk 16/37
[07:08:55 +4m 22s | thequantuminsider_2024_03_19_university_of_strathclyde_to_host_applied_quantum_technologi_0fb59c47] Extracting interactions: https://thequantuminsider.com/2024/03/19/university-of-strathclyde-to-host-applied-quantum-technologies-training-center (1/1), chunk 17/37
[07:08:57 +4m 23s | thequantuminsider_2024_03_19_university_of_strathclyde_to_host_applied_quantum_technologi_0fb59c47] Extracting interactions: https://thequantuminsider.com/2024/03/19/university-of-strathclyde-to-host-applied-quantum-technologies-training-center (1/1), chunk 18/37
[07:09:07 +4m 34s | thequantuminsider_2024_03_19_university_of_strathclyde_to_host_applied_quantum_technologi_0fb59c47] Extracting interactions: https://thequantuminsider.com/2024/03/19/university-of-strathclyde-to-host-applied-quantum-technologies-training-center (1/1), chunk 19/37
[07:09:23 +4m 49s | thequantuminsider_2024_03_19_university_of_strathclyde_to_host_applied_quantum_technologi_0fb59c47] Extracting interactions: https://thequantuminsider.com/2024/03/19/university-of-strathclyde-to-host-applied-quantum-technologies-training-center (1/1), chunk 20/37
[07:09:33 +4m 59s | thequantuminsider_2024_03_19_university_of_strathclyde_to_host_applied_quantum_technologi_0fb59c47] Extracting interactions: https://thequantuminsider.com/2024/03/19/university-of-strathclyde-to-host-applied-quantum-technologies-training-center (1/1), chunk 21/37
[07:09:37 +5m 3s | thequantuminsider_2024_03_19_university_of_strathclyde_to_host_applied_quantum_technologi_0fb59c47] Extracting interactions: https://thequantuminsider.com/2024/03/19/university-of-strathclyde-to-host-applied-quantum-technologies-training-center (1/1), chunk 22/37
[07:09:45 +5m 12s | thequantuminsider_2024_03_19_university_of_strathclyde_to_host_applied_quantum_technologi_0fb59c47] Extracting interactions: https://thequantuminsider.com/2024/03/19/university-of-strathclyde-to-host-applied-quantum-technologies-training-center (1/1), chunk 23/37
[07:09:51 +5m 18s | thequantuminsider_2024_03_19_university_of_strathclyde_to_host_applied_quantum_technologi_0fb59c47] Extracting interactions: https://thequantuminsider.com/2024/03/19/university-of-strathclyde-to-host-applied-quantum-technologies-training-center (1/1), chunk 26/37
[07:09:55 +5m 22s | thequantuminsider_2024_03_19_university_of_strathclyde_to_host_applied_quantum_technologi_0fb59c47] Extracting interactions: https://thequantuminsider.com/2024/03/19/university-of-strathclyde-to-host-applied-quantum-technologies-training-center (1/1), chunk 27/37
[07:09:58 +5m 25s | thequantuminsider_2024_03_19_university_of_strathclyde_to_host_applied_quantum_technologi_0fb59c47] Extracting interactions: https://thequantuminsider.com/2024/03/19/university-of-strathclyde-to-host-applied-quantum-technologies-training-center (1/1), chunk 30/37
[07:10:06 +5m 33s | thequantuminsider_2024_03_19_university_of_strathclyde_to_host_applied_quantum_technologi_0fb59c47] Extracting interactions: https://thequantuminsider.com/2024/03/19/university-of-strathclyde-to-host-applied-quantum-technologies-training-center (1/1), chunk 31/37
[07:10:08 +5m 35s | thequantuminsider_2024_03_19_university_of_strathclyde_to_host_applied_quantum_technologi_0fb59c47] Extracting interactions: https://thequantuminsider.com/2024/03/19/university-of-strathclyde-to-host-applied-quantum-technologies-training-center (1/1), chunk 33/37
[07:10:10 +5m 36s | thequantuminsider_2024_03_19_university_of_strathclyde_to_host_applied_quantum_technologi_0fb59c47] Extracting interactions: https://thequantuminsider.com/2024/03/19/university-of-strathclyde-to-host-applied-quantum-technologies-training-center (1/1), chunk 35/37
[07:10:19 +5m 46s | thequantuminsider_2024_03_19_university_of_strathclyde_to_host_applied_quantum_technologi_0fb59c47] Extracting interactions: https://thequantuminsider.com/2024/03/19/university-of-strathclyde-to-host-applied-quantum-technologies-training-center (1/1), chunk 36/37
[07:10:20 +5m 47s | thequantuminsider_2024_03_19_university_of_strathclyde_to_host_applied_quantum_technologi_0fb59c47] Saved 3_interaction_results.json with 26 extracted interactions.

[07:10:21 +5m 47s | thequantuminsider_2024_03_19_university_of_strathclyde_to_host_applied_quantum_technologi_0fb59c47] === 4 clean interactions ===
[07:10:21 +5m 47s | thequantuminsider_2024_03_19_university_of_strathclyde_to_host_applied_quantum_technologi_0fb59c47] Saved 4_edges.json with 0 cleaned interactions.

[07:10:21 +5m 47s | thequantuminsider_2024_03_19_university_of_strathclyde_to_host_applied_quantum_technologi_0fb59c47] === 5 helix enrichment ===
[07:10:21 +5m 47s | thequantuminsider_2024_03_19_university_of_strathclyde_to_host_applied_quantum_technologi_0fb59c47] Wrote 5_nodes.json (15 actors)
[07:10:21 +5m 47s | thequantuminsider_2024_03_19_university_of_strathclyde_to_host_applied_quantum_technologi_0fb59c47] Wrote 5_edges.json (0 interactions)
[07:10:21 +5m 47s | thequantuminsider_2024_03_19_university_of_strathclyde_to_host_applied_quantum_technologi_0fb59c47] Actor helix counts: {'Academia': 4, 'Civil Society': 1, 'Government': 3, 'Industry': 3, 'Unknown': 4}
[07:10:21 +5m 47s | thequantuminsider_2024_03_19_university_of_strathclyde_to_host_applied_quantum_technologi_0fb59c47] Functional-space counts: {}

[07:10:21 +5m 47s | thequantuminsider_2024_03_19_university_of_strathclyde_to_host_applied_quantum_technologi_0fb59c47] === 6 network visualisation ===
[07:10:21 +5m 48s | thequantuminsider_2024_03_19_university_of_strathclyde_to_host_applied_quantum_technologi_0fb59c47] Wrote quantum_network.html
[07:10:21 +5m 48s | thequantuminsider_2024_03_19_university_of_strathclyde_to_host_applied_quantum_technologi_0fb59c47] Nodes: 15
[07:10:21 +5m 48s | thequantuminsider_2024_03_19_university_of_strathclyde_to_host_applied_quantum_technologi_0fb59c47] Edges: 0

[07:10:21 +5m 48s | thequantuminsider_2024_03_19_university_of_strathclyde_to_host_applied_quantum_technologi_0fb59c47] Done. Outputs written to: /home/lv/IDP/idpdeeptech/pipeline/news_outputs/thequantuminsider_2024_03_19_university_of_strathclyde_to_host_applied_quantum_technologi_0fb59c47
[07:10:21 +5m 48s | thequantuminsider_2024_03_19_university_of_strathclyde_to_host_applied_quantum_technologi_0fb59c47] Log: /home/lv/IDP/idpdeeptech/pipeline/news_outputs/thequantuminsider_2024_03_19_university_of_strathclyde_to_host_applied_quantum_technologi_0fb59c47/run.log

========================================================================
RUN FINISHED 2026-07-02 07:10:21  (OK)
Started:     2026-07-02 07:04:33
Elapsed:     5m 48s
========================================================================
