
========================================================================
RUN STARTED  2026-07-02 00:23:07
site_pipeline.py https://thequantuminsider.com/2019/11/03/introduction-to-qubits-part-2/
========================================================================

[00:23:07 +0s | thequantuminsider_2019_11_03_introduction_to_qubits_part_2] === 0 crawl site ===
[00:23:08 +1s | thequantuminsider_2019_11_03_introduction_to_qubits_part_2] [INIT].... → Crawl4AI 0.8.6 
[00:23:10 +3s | thequantuminsider_2019_11_03_introduction_to_qubits_part_2] [FETCH]... ↓ https://thequantuminsider.com/2019/11/03/introduction-to-qubits-part-2/                              | ✓ | ⏱: 1.70s 
[00:23:10 +3s | thequantuminsider_2019_11_03_introduction_to_qubits_part_2] [SCRAPE].. ◆ https://thequantuminsider.com/2019/11/03/introduction-to-qubits-part-2/                              | ✓ | ⏱: 0.10s 
[00:23:10 +3s | thequantuminsider_2019_11_03_introduction_to_qubits_part_2] [COMPLETE] ● https://thequantuminsider.com/2019/11/03/introduction-to-qubits-part-2/                              | ✓ | ⏱: 1.81s 
[00:23:10 +3s | thequantuminsider_2019_11_03_introduction_to_qubits_part_2] Saved: crawl_output/af39207b33_thequantuminsider.com_2019_11_03_introduction-to-qubits-part-2.json

[00:23:10 +3s | thequantuminsider_2019_11_03_introduction_to_qubits_part_2] === 1 actor extraction ===
[00:23:11 +3s | thequantuminsider_2019_11_03_introduction_to_qubits_part_2] Reading page (1/1): https://thequantuminsider.com/2019/11/03/introduction-to-qubits-part-2
[00:23:11 +3s | thequantuminsider_2019_11_03_introduction_to_qubits_part_2] Extracting actors: https://thequantuminsider.com/2019/11/03/introduction-to-qubits-part-2 (1/1), chunk 1/38
[00:23:16 +9s | thequantuminsider_2019_11_03_introduction_to_qubits_part_2] Extracting actors: https://thequantuminsider.com/2019/11/03/introduction-to-qubits-part-2 (1/1), chunk 2/38
[00:23:23 +13s | thequantuminsider_2019_11_03_introduction_to_qubits_part_2] Extracting actors: https://thequantuminsider.com/2019/11/03/introduction-to-qubits-part-2 (1/1), chunk 3/38
[00:23:27 +16s | thequantuminsider_2019_11_03_introduction_to_qubits_part_2] Extracting actors: https://thequantuminsider.com/2019/11/03/introduction-to-qubits-part-2 (1/1), chunk 4/38
[00:23:31 +21s | thequantuminsider_2019_11_03_introduction_to_qubits_part_2] Extracting actors: https://thequantuminsider.com/2019/11/03/introduction-to-qubits-part-2 (1/1), chunk 5/38
[00:23:34 +24s | thequantuminsider_2019_11_03_introduction_to_qubits_part_2] Extracting actors: https://thequantuminsider.com/2019/11/03/introduction-to-qubits-part-2 (1/1), chunk 6/38
[00:23:39 +29s | thequantuminsider_2019_11_03_introduction_to_qubits_part_2] Extracting actors: https://thequantuminsider.com/2019/11/03/introduction-to-qubits-part-2 (1/1), chunk 7/38
[00:23:43 +33s | thequantuminsider_2019_11_03_introduction_to_qubits_part_2] Extracting actors: https://thequantuminsider.com/2019/11/03/introduction-to-qubits-part-2 (1/1), chunk 8/38
[00:23:47 +37s | thequantuminsider_2019_11_03_introduction_to_qubits_part_2] Extracting actors: https://thequantuminsider.com/2019/11/03/introduction-to-qubits-part-2 (1/1), chunk 9/38
[00:23:52 +42s | thequantuminsider_2019_11_03_introduction_to_qubits_part_2] Extracting actors: https://thequantuminsider.com/2019/11/03/introduction-to-qubits-part-2 (1/1), chunk 10/38
[00:23:59 +45s | thequantuminsider_2019_11_03_introduction_to_qubits_part_2] Extracting actors: https://thequantuminsider.com/2019/11/03/introduction-to-qubits-part-2 (1/1), chunk 11/38
[00:24:02 +49s | thequantuminsider_2019_11_03_introduction_to_qubits_part_2] Extracting actors: https://thequantuminsider.com/2019/11/03/introduction-to-qubits-part-2 (1/1), chunk 12/38
[00:24:10 +57s | thequantuminsider_2019_11_03_introduction_to_qubits_part_2] Repaired malformed JSON.
[00:24:10 +57s | thequantuminsider_2019_11_03_introduction_to_qubits_part_2] Extracting actors: https://thequantuminsider.com/2019/11/03/introduction-to-qubits-part-2 (1/1), chunk 13/38
[00:24:16 +1m 3s | thequantuminsider_2019_11_03_introduction_to_qubits_part_2] Repaired malformed JSON.
[00:24:16 +1m 3s | thequantuminsider_2019_11_03_introduction_to_qubits_part_2] Extracting actors: https://thequantuminsider.com/2019/11/03/introduction-to-qubits-part-2 (1/1), chunk 14/38
[00:24:22 +1m 9s | thequantuminsider_2019_11_03_introduction_to_qubits_part_2] Repaired malformed JSON.
[00:24:22 +1m 9s | thequantuminsider_2019_11_03_introduction_to_qubits_part_2] Extracting actors: https://thequantuminsider.com/2019/11/03/introduction-to-qubits-part-2 (1/1), chunk 15/38
[00:24:28 +1m 15s | thequantuminsider_2019_11_03_introduction_to_qubits_part_2] Repaired malformed JSON.
[00:24:28 +1m 15s | thequantuminsider_2019_11_03_introduction_to_qubits_part_2] Extracting actors: https://thequantuminsider.com/2019/11/03/introduction-to-qubits-part-2 (1/1), chunk 16/38
[00:24:35 +1m 19s | thequantuminsider_2019_11_03_introduction_to_qubits_part_2] Extracting actors: https://thequantuminsider.com/2019/11/03/introduction-to-qubits-part-2 (1/1), chunk 17/38
[00:24:41 +1m 25s | thequantuminsider_2019_11_03_introduction_to_qubits_part_2] Repaired malformed JSON.
[00:24:41 +1m 25s | thequantuminsider_2019_11_03_introduction_to_qubits_part_2] Extracting actors: https://thequantuminsider.com/2019/11/03/introduction-to-qubits-part-2 (1/1), chunk 18/38
[00:24:48 +1m 32s | thequantuminsider_2019_11_03_introduction_to_qubits_part_2] Repaired malformed JSON.
[00:24:48 +1m 32s | thequantuminsider_2019_11_03_introduction_to_qubits_part_2] Extracting actors: https://thequantuminsider.com/2019/11/03/introduction-to-qubits-part-2 (1/1), chunk 19/38
[00:24:53 +1m 37s | thequantuminsider_2019_11_03_introduction_to_qubits_part_2] Repaired malformed JSON.
[00:24:53 +1m 37s | thequantuminsider_2019_11_03_introduction_to_qubits_part_2] Extracting actors: https://thequantuminsider.com/2019/11/03/introduction-to-qubits-part-2 (1/1), chunk 20/38
[00:24:59 +1m 43s | thequantuminsider_2019_11_03_introduction_to_qubits_part_2] Repaired malformed JSON.
[00:24:59 +1m 43s | thequantuminsider_2019_11_03_introduction_to_qubits_part_2] Extracting actors: https://thequantuminsider.com/2019/11/03/introduction-to-qubits-part-2 (1/1), chunk 21/38
[00:25:11 +1m 52s | thequantuminsider_2019_11_03_introduction_to_qubits_part_2] Repaired malformed JSON.
[00:25:11 +1m 52s | thequantuminsider_2019_11_03_introduction_to_qubits_part_2] Extracting actors: https://thequantuminsider.com/2019/11/03/introduction-to-qubits-part-2 (1/1), chunk 22/38
[00:25:18 +1m 59s | thequantuminsider_2019_11_03_introduction_to_qubits_part_2] Repaired malformed JSON.
[00:25:18 +1m 59s | thequantuminsider_2019_11_03_introduction_to_qubits_part_2] Extracting actors: https://thequantuminsider.com/2019/11/03/introduction-to-qubits-part-2 (1/1), chunk 23/38
[00:25:25 +2m 6s | thequantuminsider_2019_11_03_introduction_to_qubits_part_2] Repaired malformed JSON.
[00:25:25 +2m 6s | thequantuminsider_2019_11_03_introduction_to_qubits_part_2] Extracting actors: https://thequantuminsider.com/2019/11/03/introduction-to-qubits-part-2 (1/1), chunk 24/38
[00:25:33 +2m 14s | thequantuminsider_2019_11_03_introduction_to_qubits_part_2] Repaired malformed JSON.
[00:25:33 +2m 14s | thequantuminsider_2019_11_03_introduction_to_qubits_part_2] Extracting actors: https://thequantuminsider.com/2019/11/03/introduction-to-qubits-part-2 (1/1), chunk 25/38
[00:25:39 +2m 20s | thequantuminsider_2019_11_03_introduction_to_qubits_part_2] Repaired malformed JSON.
[00:25:39 +2m 20s | thequantuminsider_2019_11_03_introduction_to_qubits_part_2] Extracting actors: https://thequantuminsider.com/2019/11/03/introduction-to-qubits-part-2 (1/1), chunk 26/38
[00:25:46 +2m 24s | thequantuminsider_2019_11_03_introduction_to_qubits_part_2] Extracting actors: https://thequantuminsider.com/2019/11/03/introduction-to-qubits-part-2 (1/1), chunk 27/38
[00:25:51 +2m 29s | thequantuminsider_2019_11_03_introduction_to_qubits_part_2] Repaired malformed JSON.
[00:25:51 +2m 29s | thequantuminsider_2019_11_03_introduction_to_qubits_part_2] Extracting actors: https://thequantuminsider.com/2019/11/03/introduction-to-qubits-part-2 (1/1), chunk 28/38
[00:25:55 +2m 33s | thequantuminsider_2019_11_03_introduction_to_qubits_part_2] Extracting actors: https://thequantuminsider.com/2019/11/03/introduction-to-qubits-part-2 (1/1), chunk 29/38
[00:25:58 +2m 36s | thequantuminsider_2019_11_03_introduction_to_qubits_part_2] Extracting actors: https://thequantuminsider.com/2019/11/03/introduction-to-qubits-part-2 (1/1), chunk 30/38
[00:26:04 +2m 42s | thequantuminsider_2019_11_03_introduction_to_qubits_part_2] Repaired malformed JSON.
[00:26:04 +2m 42s | thequantuminsider_2019_11_03_introduction_to_qubits_part_2] Extracting actors: https://thequantuminsider.com/2019/11/03/introduction-to-qubits-part-2 (1/1), chunk 31/38
[00:26:11 +2m 49s | thequantuminsider_2019_11_03_introduction_to_qubits_part_2] Repaired malformed JSON.
[00:26:11 +2m 49s | thequantuminsider_2019_11_03_introduction_to_qubits_part_2] Extracting actors: https://thequantuminsider.com/2019/11/03/introduction-to-qubits-part-2 (1/1), chunk 32/38
[00:26:19 +2m 55s | thequantuminsider_2019_11_03_introduction_to_qubits_part_2] Repaired malformed JSON.
[00:26:19 +2m 55s | thequantuminsider_2019_11_03_introduction_to_qubits_part_2] Extracting actors: https://thequantuminsider.com/2019/11/03/introduction-to-qubits-part-2 (1/1), chunk 33/38
[00:26:25 +3m 0s | thequantuminsider_2019_11_03_introduction_to_qubits_part_2] Repaired malformed JSON.
[00:26:25 +3m 0s | thequantuminsider_2019_11_03_introduction_to_qubits_part_2] Extracting actors: https://thequantuminsider.com/2019/11/03/introduction-to-qubits-part-2 (1/1), chunk 34/38
[00:26:31 +3m 7s | thequantuminsider_2019_11_03_introduction_to_qubits_part_2] Repaired malformed JSON.
[00:26:31 +3m 7s | thequantuminsider_2019_11_03_introduction_to_qubits_part_2] Extracting actors: https://thequantuminsider.com/2019/11/03/introduction-to-qubits-part-2 (1/1), chunk 35/38
[00:26:38 +3m 14s | thequantuminsider_2019_11_03_introduction_to_qubits_part_2] Repaired malformed JSON.
[00:26:38 +3m 14s | thequantuminsider_2019_11_03_introduction_to_qubits_part_2] Extracting actors: https://thequantuminsider.com/2019/11/03/introduction-to-qubits-part-2 (1/1), chunk 36/38
[00:26:47 +3m 22s | thequantuminsider_2019_11_03_introduction_to_qubits_part_2] Repaired malformed JSON.
[00:26:47 +3m 22s | thequantuminsider_2019_11_03_introduction_to_qubits_part_2] Extracting actors: https://thequantuminsider.com/2019/11/03/introduction-to-qubits-part-2 (1/1), chunk 37/38
[00:26:56 +3m 29s | thequantuminsider_2019_11_03_introduction_to_qubits_part_2] Repaired malformed JSON.
[00:26:56 +3m 29s | thequantuminsider_2019_11_03_introduction_to_qubits_part_2] Extracting actors: https://thequantuminsider.com/2019/11/03/introduction-to-qubits-part-2 (1/1), chunk 38/38
[00:27:03 +3m 36s | thequantuminsider_2019_11_03_introduction_to_qubits_part_2] Repaired malformed JSON.
[00:27:03 +3m 36s | thequantuminsider_2019_11_03_introduction_to_qubits_part_2] Saved 1_actor_results.json with 56 extracted records

[00:27:03 +3m 36s | thequantuminsider_2019_11_03_introduction_to_qubits_part_2] === 2 clean actors ===
[00:27:03 +3m 36s | thequantuminsider_2019_11_03_introduction_to_qubits_part_2] Loaded 56 extracted records
[00:27:03 +3m 36s | thequantuminsider_2019_11_03_introduction_to_qubits_part_2] Saved 2_actor_nodes.json with 22 canonical actor nodes

[00:27:03 +3m 36s | thequantuminsider_2019_11_03_introduction_to_qubits_part_2] === 3 interaction extraction ===
[00:27:04 +3m 36s | thequantuminsider_2019_11_03_introduction_to_qubits_part_2] Extracting interactions: https://thequantuminsider.com/2019/11/03/introduction-to-qubits-part-2 (1/1), chunk 12/38
[00:27:10 +3m 43s | thequantuminsider_2019_11_03_introduction_to_qubits_part_2] Extracting interactions: https://thequantuminsider.com/2019/11/03/introduction-to-qubits-part-2 (1/1), chunk 13/38
[00:27:15 +3m 47s | thequantuminsider_2019_11_03_introduction_to_qubits_part_2] Extracting interactions: https://thequantuminsider.com/2019/11/03/introduction-to-qubits-part-2 (1/1), chunk 17/38
[00:27:17 +3m 49s | thequantuminsider_2019_11_03_introduction_to_qubits_part_2] Extracting interactions: https://thequantuminsider.com/2019/11/03/introduction-to-qubits-part-2 (1/1), chunk 18/38
[00:27:20 +3m 52s | thequantuminsider_2019_11_03_introduction_to_qubits_part_2] Extracting interactions: https://thequantuminsider.com/2019/11/03/introduction-to-qubits-part-2 (1/1), chunk 19/38
[00:27:34 +4m 3s | thequantuminsider_2019_11_03_introduction_to_qubits_part_2] Extracting interactions: https://thequantuminsider.com/2019/11/03/introduction-to-qubits-part-2 (1/1), chunk 20/38
[00:27:38 +4m 8s | thequantuminsider_2019_11_03_introduction_to_qubits_part_2] Extracting interactions: https://thequantuminsider.com/2019/11/03/introduction-to-qubits-part-2 (1/1), chunk 21/38
[00:27:54 +4m 23s | thequantuminsider_2019_11_03_introduction_to_qubits_part_2] Extracting interactions: https://thequantuminsider.com/2019/11/03/introduction-to-qubits-part-2 (1/1), chunk 22/38
[00:28:04 +4m 30s | thequantuminsider_2019_11_03_introduction_to_qubits_part_2] Extracting interactions: https://thequantuminsider.com/2019/11/03/introduction-to-qubits-part-2 (1/1), chunk 23/38
[00:28:09 +4m 36s | thequantuminsider_2019_11_03_introduction_to_qubits_part_2] Extracting interactions: https://thequantuminsider.com/2019/11/03/introduction-to-qubits-part-2 (1/1), chunk 24/38
[00:28:15 +4m 42s | thequantuminsider_2019_11_03_introduction_to_qubits_part_2] Extracting interactions: https://thequantuminsider.com/2019/11/03/introduction-to-qubits-part-2 (1/1), chunk 25/38
[00:28:17 +4m 43s | thequantuminsider_2019_11_03_introduction_to_qubits_part_2] Extracting interactions: https://thequantuminsider.com/2019/11/03/introduction-to-qubits-part-2 (1/1), chunk 27/38
[00:28:24 +4m 50s | thequantuminsider_2019_11_03_introduction_to_qubits_part_2] Extracting interactions: https://thequantuminsider.com/2019/11/03/introduction-to-qubits-part-2 (1/1), chunk 28/38
[00:28:28 +4m 55s | thequantuminsider_2019_11_03_introduction_to_qubits_part_2] Extracting interactions: https://thequantuminsider.com/2019/11/03/introduction-to-qubits-part-2 (1/1), chunk 29/38
[00:28:29 +4m 56s | thequantuminsider_2019_11_03_introduction_to_qubits_part_2] Extracting interactions: https://thequantuminsider.com/2019/11/03/introduction-to-qubits-part-2 (1/1), chunk 30/38
[00:28:31 +4m 58s | thequantuminsider_2019_11_03_introduction_to_qubits_part_2] Extracting interactions: https://thequantuminsider.com/2019/11/03/introduction-to-qubits-part-2 (1/1), chunk 31/38
[00:28:33 +4m 59s | thequantuminsider_2019_11_03_introduction_to_qubits_part_2] Extracting interactions: https://thequantuminsider.com/2019/11/03/introduction-to-qubits-part-2 (1/1), chunk 32/38
[00:28:34 +5m 1s | thequantuminsider_2019_11_03_introduction_to_qubits_part_2] Extracting interactions: https://thequantuminsider.com/2019/11/03/introduction-to-qubits-part-2 (1/1), chunk 33/38
[00:28:39 +5m 3s | thequantuminsider_2019_11_03_introduction_to_qubits_part_2] Extracting interactions: https://thequantuminsider.com/2019/11/03/introduction-to-qubits-part-2 (1/1), chunk 34/38
[00:28:41 +5m 4s | thequantuminsider_2019_11_03_introduction_to_qubits_part_2] Extracting interactions: https://thequantuminsider.com/2019/11/03/introduction-to-qubits-part-2 (1/1), chunk 36/38
[00:28:42 +5m 5s | thequantuminsider_2019_11_03_introduction_to_qubits_part_2] Extracting interactions: https://thequantuminsider.com/2019/11/03/introduction-to-qubits-part-2 (1/1), chunk 37/38
[00:28:43 +5m 7s | thequantuminsider_2019_11_03_introduction_to_qubits_part_2] Extracting interactions: https://thequantuminsider.com/2019/11/03/introduction-to-qubits-part-2 (1/1), chunk 38/38
[00:28:45 +5m 8s | thequantuminsider_2019_11_03_introduction_to_qubits_part_2] Saved 3_interaction_results.json with 18 extracted interactions.

[00:28:45 +5m 8s | thequantuminsider_2019_11_03_introduction_to_qubits_part_2] === 4 clean interactions ===
[00:28:45 +5m 8s | thequantuminsider_2019_11_03_introduction_to_qubits_part_2] Saved 4_edges.json with 1 cleaned interactions.

[00:28:45 +5m 8s | thequantuminsider_2019_11_03_introduction_to_qubits_part_2] === 5 helix enrichment ===
[00:28:45 +5m 8s | thequantuminsider_2019_11_03_introduction_to_qubits_part_2] Wrote 5_nodes.json (22 actors)
[00:28:45 +5m 8s | thequantuminsider_2019_11_03_introduction_to_qubits_part_2] Wrote 5_edges.json (1 interactions)
[00:28:45 +5m 8s | thequantuminsider_2019_11_03_introduction_to_qubits_part_2] Actor helix counts: {'Civil Society': 4, 'Government': 2, 'Industry': 8, 'Unknown': 8}
[00:28:45 +5m 8s | thequantuminsider_2019_11_03_introduction_to_qubits_part_2] Functional-space counts: {'Intra-helix / Not classified': 1}

[00:28:45 +5m 8s | thequantuminsider_2019_11_03_introduction_to_qubits_part_2] === 6 network visualisation ===
[00:28:45 +5m 9s | thequantuminsider_2019_11_03_introduction_to_qubits_part_2] Wrote quantum_network.html
[00:28:45 +5m 9s | thequantuminsider_2019_11_03_introduction_to_qubits_part_2] Nodes: 22
[00:28:45 +5m 9s | thequantuminsider_2019_11_03_introduction_to_qubits_part_2] Edges: 1

[00:28:45 +5m 9s | thequantuminsider_2019_11_03_introduction_to_qubits_part_2] Done. Outputs written to: /home/lv/IDP/idpdeeptech/pipeline/news_outputs/thequantuminsider_2019_11_03_introduction_to_qubits_part_2
[00:28:45 +5m 9s | thequantuminsider_2019_11_03_introduction_to_qubits_part_2] Log: /home/lv/IDP/idpdeeptech/pipeline/news_outputs/thequantuminsider_2019_11_03_introduction_to_qubits_part_2/run.log

========================================================================
RUN FINISHED 2026-07-02 00:28:45  (OK)
Started:     2026-07-02 00:23:07
Elapsed:     5m 9s
========================================================================
