
========================================================================
RUN STARTED  2026-06-17 07:04:14
site_pipeline.py https://www.quantum-dice.com/
========================================================================

[07:04:14 +0s | quantum_dice] === 0 crawl site ===

========================================================================
RUN FINISHED 2026-06-17 07:04:14  (INTERRUPTED)
Started:     2026-06-17 07:04:14
Elapsed:     0s
========================================================================

========================================================================
RUN STARTED  2026-06-17 09:08:19
site_pipeline.py https://www.quantum-dice.com/
========================================================================

[09:08:19 +0s | quantum_dice] === 0 crawl site ===

========================================================================
RUN FINISHED 2026-06-17 09:08:23  (INTERRUPTED)
Started:     2026-06-17 09:08:19
Elapsed:     4s
========================================================================

========================================================================
RUN STARTED  2026-06-17 09:19:04
site_pipeline.py https://www.quantum-dice.com/
========================================================================

[09:19:04 +0s | quantum_dice] === 0 crawl site ===
[09:19:08 +4s | quantum_dice] [INIT].... → Crawl4AI 0.8.6 
[09:19:09 +6s | quantum_dice] [FETCH]... ↓ https://www.quantum-dice.com/                                                                        | ✓ | ⏱: 1.51s 
[09:19:10 +6s | quantum_dice] [SCRAPE].. ◆ https://www.quantum-dice.com/                                                                        | ✓ | ⏱: 0.11s 
[09:19:10 +6s | quantum_dice] [COMPLETE] ● https://www.quantum-dice.com/                                                                        | ✓ | ⏱: 1.65s 
[09:19:11 +7s | quantum_dice] [FETCH]... ↓ https://quantum-dice.com/                                                                            | ✓ | ⏱: 1.06s 
[09:19:11 +7s | quantum_dice] [SCRAPE].. ◆ https://quantum-dice.com/                                                                            | ✓ | ⏱: 0.04s 
[09:19:11 +7s | quantum_dice] [COMPLETE] ● https://quantum-dice.com/                                                                            | ✓ | ⏱: 1.13s 
[09:19:11 +7s | quantum_dice] [FETCH]... ↓ https://quantum-dice.com/resources                                                                   | ✓ | ⏱: 0.96s 
[09:19:11 +7s | quantum_dice] [SCRAPE].. ◆ https://quantum-dice.com/resources                                                                   | ✓ | ⏱: 0.00s 
[09:19:11 +7s | quantum_dice] [COMPLETE] ● https://quantum-dice.com/resources                                                                   | ✓ | ⏱: 0.99s 
[09:19:11 +7s | quantum_dice] [FETCH]... ↓ https://quantum-dice.com/technology/overview                                                         | ✓ | ⏱: 1.08s 
[09:19:11 +7s | quantum_dice] [SCRAPE].. ◆ https://quantum-dice.com/technology/overview                                                         | ✓ | ⏱: 0.03s 
[09:19:11 +8s | quantum_dice] [COMPLETE] ● https://quantum-dice.com/technology/overview                                                         | ✓ | ⏱: 1.14s 
[09:19:11 +8s | quantum_dice] [FETCH]... ↓ https://quantum-dice.com/products/orbit-processors                                                   | ✓ | ⏱: 1.24s 
[09:19:11 +8s | quantum_dice] [SCRAPE].. ◆ https://quantum-dice.com/products/orbit-processors                                                   | ✓ | ⏱: 0.02s 
[09:19:11 +8s | quantum_dice] [COMPLETE] ● https://quantum-dice.com/products/orbit-processors                                                   | ✓ | ⏱: 1.28s 
[09:19:12 +8s | quantum_dice] [FETCH]... ↓ https://quantum-dice.com/contact                                                                     | ✓ | ⏱: 1.56s 
[09:19:12 +8s | quantum_dice] [SCRAPE].. ◆ https://quantum-dice.com/contact                                                                     | ✓ | ⏱: 0.03s 
[09:19:12 +8s | quantum_dice] [COMPLETE] ● https://quantum-dice.com/contact                                                                     | ✓ | ⏱: 1.61s 
[09:19:12 +8s | quantum_dice] [FETCH]... ↓ https://quantum-dice.com/resources?category=White+Papers                                             | ✓ | ⏱: 1.64s 
[09:19:12 +8s | quantum_dice] [SCRAPE].. ◆ https://quantum-dice.com/resources?category=White+Papers                                             | ✓ | ⏱: 0.01s 
[09:19:12 +8s | quantum_dice] [COMPLETE] ● https://quantum-dice.com/resources?category=White+Papers                                             | ✓ | ⏱: 1.67s 
[09:19:12 +8s | quantum_dice] [FETCH]... ↓ https://quantum-dice.com/careers                                                                     | ✓ | ⏱: 1.73s 
[09:19:12 +8s | quantum_dice] [SCRAPE].. ◆ https://quantum-dice.com/careers                                                                     | ✓ | ⏱: 0.03s 
[09:19:12 +8s | quantum_dice] [COMPLETE] ● https://quantum-dice.com/careers                                                                     | ✓ | ⏱: 1.78s 
[09:19:12 +8s | quantum_dice] [FETCH]... ↓ https://quantum-dice.com/about                                                                       | ✓ | ⏱: 1.82s 
[09:19:12 +8s | quantum_dice] [SCRAPE].. ◆ https://quantum-dice.com/about                                                                       | ✓ | ⏱: 0.05s 
[09:19:12 +8s | quantum_dice] [COMPLETE] ● https://quantum-dice.com/about                                                                       | ✓ | ⏱: 1.90s 
[09:19:12 +8s | quantum_dice] [FETCH]... ↓ https://quantum-dice.com/resources?category=Blog                                                     | ✓ | ⏱: 1.95s 
[09:19:12 +8s | quantum_dice] [SCRAPE].. ◆ https://quantum-dice.com/resources?category=Blog                                                     | ✓ | ⏱: 0.01s 
[09:19:12 +8s | quantum_dice] [COMPLETE] ● https://quantum-dice.com/resources?category=Blog                                                     | ✓ | ⏱: 1.98s 
[09:19:12 +8s | quantum_dice] [FETCH]... ↓ https://quantum-dice.com/technology/applications                                                     | ✓ | ⏱: 2.06s 
[09:19:12 +8s | quantum_dice] [SCRAPE].. ◆ https://quantum-dice.com/technology/applications                                                     | ✓ | ⏱: 0.04s 
[09:19:12 +9s | quantum_dice] [COMPLETE] ● https://quantum-dice.com/technology/applications                                                     | ✓ | ⏱: 2.13s 
[09:19:12 +9s | quantum_dice] [FETCH]... ↓ https://quantum-dice.com/resources?category=Research                                                 | ✓ | ⏱: 2.18s 
[09:19:12 +9s | quantum_dice] [SCRAPE].. ◆ https://quantum-dice.com/resources?category=Research                                                 | ✓ | ⏱: 0.01s 
[09:19:12 +9s | quantum_dice] [COMPLETE] ● https://quantum-dice.com/resources?category=Research                                                 | ✓ | ⏱: 2.22s 
[09:19:12 +9s | quantum_dice] [FETCH]... ↓ https://quantum-dice.com/technology                                                                  | ✓ | ⏱: 2.38s 
[09:19:12 +9s | quantum_dice] [SCRAPE].. ◆ https://quantum-dice.com/technology                                                                  | ✓ | ⏱: 0.04s 
[09:19:12 +9s | quantum_dice] [COMPLETE] ● https://quantum-dice.com/technology                                                                  | ✓ | ⏱: 2.45s 
[09:19:13 +9s | quantum_dice] [FETCH]... ↓ https://quantum-dice.com/products                                                                    | ✓ | ⏱: 2.72s 
[09:19:13 +9s | quantum_dice] [SCRAPE].. ◆ https://quantum-dice.com/products                                                                    | ✓ | ⏱: 0.03s 
[09:19:13 +9s | quantum_dice] [COMPLETE] ● https://quantum-dice.com/products                                                                    | ✓ | ⏱: 2.78s 
[09:19:13 +9s | quantum_dice] [FETCH]... ↓ https://quantum-dice.com/resources/eic-accelerator-grant                                             | ✓ | ⏱: 2.85s 
[09:19:13 +9s | quantum_dice] [SCRAPE].. ◆ https://quantum-dice.com/resources/eic-accelerator-grant                                             | ✓ | ⏱: 0.05s 
[09:19:13 +9s | quantum_dice] [COMPLETE] ● https://quantum-dice.com/resources/eic-accelerator-grant                                             | ✓ | ⏱: 2.93s 
[09:19:13 +9s | quantum_dice] [FETCH]... ↓ https://quantum-dice.com/resources/quantum-dice-...vance-oxfordshire-s-global-innovation-leadership  | ✓ | ⏱: 3.11s 
[09:19:13 +9s | quantum_dice] [SCRAPE].. ◆ https://quantum-dice.com/resources/quantum-dice-...vance-oxfordshire-s-global-innovation-leadership  | ✓ | ⏱: 0.02s 
[09:19:13 +9s | quantum_dice] [COMPLETE] ● https://quantum-dice.com/resources/quantum-dice-...vance-oxfordshire-s-global-innovation-leadership  | ✓ | ⏱: 3.16s 
[09:19:13 +10s | quantum_dice] [FETCH]... ↓ https://quantum-dice.com/trust-center                                                                | ✓ | ⏱: 3.14s 
[09:19:13 +10s | quantum_dice] [SCRAPE].. ◆ https://quantum-dice.com/trust-center                                                                | ✓ | ⏱: 0.03s 
[09:19:13 +10s | quantum_dice] [COMPLETE] ● https://quantum-dice.com/trust-center                                                                | ✓ | ⏱: 3.20s 
[09:19:13 +10s | quantum_dice] [FETCH]... ↓ https://quantum-dice.com/resources/quantum-dice-...obabilistic-computing-for-air-traffic-management  | ✓ | ⏱: 3.39s 
[09:19:13 +10s | quantum_dice] [SCRAPE].. ◆ https://quantum-dice.com/resources/quantum-dice-...obabilistic-computing-for-air-traffic-management  | ✓ | ⏱: 0.02s 
[09:19:13 +10s | quantum_dice] [COMPLETE] ● https://quantum-dice.com/resources/quantum-dice-...obabilistic-computing-for-air-traffic-management  | ✓ | ⏱: 3.44s 
[09:19:14 +10s | quantum_dice] [FETCH]... ↓ https://quantum-dice.com/products/qrng                                                               | ✓ | ⏱: 3.51s 
[09:19:14 +10s | quantum_dice] [SCRAPE].. ◆ https://quantum-dice.com/products/qrng                                                               | ✓ | ⏱: 0.35s 
[09:19:14 +10s | quantum_dice] [COMPLETE] ● https://quantum-dice.com/products/qrng                                                               | ✓ | ⏱: 3.90s 
[09:19:15 +11s | quantum_dice] [FETCH]... ↓ https://www.quantum-dice.com/                                                                        | ✓ | ⏱: 0.74s 
[09:19:15 +11s | quantum_dice] [SCRAPE].. ◆ https://www.quantum-dice.com/                                                                        | ✓ | ⏱: 0.04s 
[09:19:15 +11s | quantum_dice] [COMPLETE] ● https://www.quantum-dice.com/                                                                        | ✓ | ⏱: 0.80s 
[09:19:15 +11s | quantum_dice] [FETCH]... ↓ https://quantum-dice.com/docs/disc-explainer.pdf                                                     | ✓ | ⏱: 0.83s 
[09:19:15 +11s | quantum_dice] [SCRAPE].. ◆ https://quantum-dice.com/docs/disc-explainer.pdf                                                     | ✓ | ⏱: 0.01s 
[09:19:15 +11s | quantum_dice] [COMPLETE] ● https://quantum-dice.com/docs/disc-explainer.pdf                                                     | ✓ | ⏱: 0.86s 
[09:19:15 +11s | quantum_dice] Saved: crawl_output/be7795f5da_www.quantum-dice.com.json
[09:19:15 +11s | quantum_dice] Saved: crawl_output/40828932bc_quantum-dice.com.json
[09:19:15 +11s | quantum_dice] Saved: crawl_output/362f6d8484_quantum-dice.com_resources.json
[09:19:15 +11s | quantum_dice] Saved: crawl_output/d07adade28_quantum-dice.com_technology_overview.json
[09:19:15 +11s | quantum_dice] Saved: crawl_output/7156b75e0c_quantum-dice.com_products_orbit-processors.json
[09:19:15 +11s | quantum_dice] Saved: crawl_output/a610ff70d9_quantum-dice.com_contact.json
[09:19:15 +11s | quantum_dice] Duplicate skipped: https://quantum-dice.com/resources
[09:19:15 +11s | quantum_dice] Saved: crawl_output/4bc9b35491_quantum-dice.com_careers.json
[09:19:15 +11s | quantum_dice] Saved: crawl_output/25cc907d43_quantum-dice.com_about.json
[09:19:15 +11s | quantum_dice] Duplicate skipped: https://quantum-dice.com/resources
[09:19:15 +11s | quantum_dice] Saved: crawl_output/7cca31ed57_quantum-dice.com_technology_applications.json
[09:19:15 +11s | quantum_dice] Duplicate skipped: https://quantum-dice.com/resources
[09:19:15 +11s | quantum_dice] Saved: crawl_output/8e8c9d0709_quantum-dice.com_technology.json
[09:19:15 +11s | quantum_dice] Saved: crawl_output/ce55ea06b4_quantum-dice.com_products.json
[09:19:15 +11s | quantum_dice] Saved: crawl_output/c8fc5d1660_quantum-dice.com_resources_eic-accelerator-grant.json
[09:19:15 +11s | quantum_dice] Saved: crawl_output/1f83f894c4_quantum-dice.com_resources_quantum-dice-joins-equinox-charter-to-advance-oxfordshire-s-global-innovation-leadership.json
[09:19:15 +11s | quantum_dice] Saved: crawl_output/b4e174fa66_quantum-dice.com_trust-center.json
[09:19:15 +11s | quantum_dice] Saved: crawl_output/568c863570_quantum-dice.com_resources_quantum-dice-and-nats-to-collaborate-on-exploring-probabilistic-computing-for-air-traffic-management.json
[09:19:15 +11s | quantum_dice] Saved: crawl_output/81217ed63d_quantum-dice.com_products_qrng.json
[09:19:15 +11s | quantum_dice] Duplicate skipped: https://www.quantum-dice.com
[09:19:15 +11s | quantum_dice] Saved: crawl_output/ab28c9a076_quantum-dice.com_docs_disc-explainer.pdf.json

[09:19:15 +12s | quantum_dice] === 1 actor extraction ===
[09:19:16 +12s | quantum_dice] Reading page (1/17): https://quantum-dice.com/resources/quantum-dice-joins-equinox-charter-to-advance-oxfordshire-s-global-innovation-leadership
[09:19:16 +12s | quantum_dice] Extracting: https://quantum-dice.com/resources/quantum-dice-joins-equinox-charter-to-advance-oxfordshire-s-global-innovation-leadership (1/17), chunk 1/4
[09:19:24 +20s | quantum_dice] Repaired malformed JSON.
[09:19:24 +20s | quantum_dice] Extracting: https://quantum-dice.com/resources/quantum-dice-joins-equinox-charter-to-advance-oxfordshire-s-global-innovation-leadership (1/17), chunk 2/4
[09:19:31 +27s | quantum_dice] Repaired malformed JSON.
[09:19:31 +27s | quantum_dice] Extracting: https://quantum-dice.com/resources/quantum-dice-joins-equinox-charter-to-advance-oxfordshire-s-global-innovation-leadership (1/17), chunk 3/4
[09:19:37 +33s | quantum_dice] Repaired malformed JSON.
[09:19:37 +33s | quantum_dice] Extracting: https://quantum-dice.com/resources/quantum-dice-joins-equinox-charter-to-advance-oxfordshire-s-global-innovation-leadership (1/17), chunk 4/4
[09:19:46 +43s | quantum_dice] Repaired malformed JSON.
[09:19:46 +43s | quantum_dice] Reading page (2/17): https://quantum-dice.com/about
[09:19:46 +43s | quantum_dice] Extracting: https://quantum-dice.com/about (2/17), chunk 1/7
[09:19:54 +50s | quantum_dice] Repaired malformed JSON.
[09:19:54 +50s | quantum_dice] Extracting: https://quantum-dice.com/about (2/17), chunk 2/7
[09:20:02 +58s | quantum_dice] Repaired malformed JSON.
[09:20:02 +58s | quantum_dice] Extracting: https://quantum-dice.com/about (2/17), chunk 3/7
[09:20:09 +1m 5s | quantum_dice] Repaired malformed JSON.
[09:20:09 +1m 5s | quantum_dice] Extracting: https://quantum-dice.com/about (2/17), chunk 4/7
[09:20:15 +1m 11s | quantum_dice] Repaired malformed JSON.
[09:20:15 +1m 11s | quantum_dice] Extracting: https://quantum-dice.com/about (2/17), chunk 5/7
[09:20:23 +1m 19s | quantum_dice] Repaired malformed JSON.
[09:20:23 +1m 19s | quantum_dice] Extracting: https://quantum-dice.com/about (2/17), chunk 6/7
[09:20:29 +1m 25s | quantum_dice] Repaired malformed JSON.
[09:20:29 +1m 25s | quantum_dice] Extracting: https://quantum-dice.com/about (2/17), chunk 7/7
[09:20:34 +1m 30s | quantum_dice] Reading page (3/17): https://quantum-dice.com/resources
[09:20:34 +1m 30s | quantum_dice] Extracting: https://quantum-dice.com/resources (3/17), chunk 1/1
[09:20:35 +1m 32s | quantum_dice] Reading page (4/17): https://quantum-dice.com
[09:20:35 +1m 32s | quantum_dice] Extracting: https://quantum-dice.com (4/17), chunk 1/8
[09:20:42 +1m 39s | quantum_dice] Repaired malformed JSON.
[09:20:42 +1m 39s | quantum_dice] Extracting: https://quantum-dice.com (4/17), chunk 2/8
[09:20:51 +1m 47s | quantum_dice] Repaired malformed JSON.
[09:20:51 +1m 47s | quantum_dice] Extracting: https://quantum-dice.com (4/17), chunk 3/8
[09:20:58 +1m 54s | quantum_dice] Repaired malformed JSON.
[09:20:58 +1m 54s | quantum_dice] Extracting: https://quantum-dice.com (4/17), chunk 4/8
[09:21:03 +2m 0s | quantum_dice] Repaired malformed JSON.
[09:21:03 +2m 0s | quantum_dice] Extracting: https://quantum-dice.com (4/17), chunk 5/8
[09:21:10 +2m 7s | quantum_dice] Repaired malformed JSON.
[09:21:10 +2m 7s | quantum_dice] Extracting: https://quantum-dice.com (4/17), chunk 6/8
[09:21:17 +2m 13s | quantum_dice] Repaired malformed JSON.
[09:21:17 +2m 13s | quantum_dice] Extracting: https://quantum-dice.com (4/17), chunk 7/8
[09:21:23 +2m 20s | quantum_dice] Repaired malformed JSON.
[09:21:23 +2m 20s | quantum_dice] Extracting: https://quantum-dice.com (4/17), chunk 8/8
[09:21:30 +2m 26s | quantum_dice] Reading page (5/17): https://quantum-dice.com/careers
[09:21:30 +2m 26s | quantum_dice] Extracting: https://quantum-dice.com/careers (5/17), chunk 1/3
[09:21:36 +2m 33s | quantum_dice] Extracting: https://quantum-dice.com/careers (5/17), chunk 2/3
[09:21:43 +2m 39s | quantum_dice] Extracting: https://quantum-dice.com/careers (5/17), chunk 3/3
[09:21:48 +2m 44s | quantum_dice] Reading page (6/17): https://quantum-dice.com/resources/quantum-dice-and-nats-to-collaborate-on-exploring-probabilistic-computing-for-air-traffic-management
[09:21:48 +2m 44s | quantum_dice] Extracting: https://quantum-dice.com/resources/quantum-dice-and-nats-to-collaborate-on-exploring-probabilistic-computing-for-air-traffic-management (6/17), chunk 1/5
[09:21:55 +2m 51s | quantum_dice] Repaired malformed JSON.
[09:21:55 +2m 51s | quantum_dice] Extracting: https://quantum-dice.com/resources/quantum-dice-and-nats-to-collaborate-on-exploring-probabilistic-computing-for-air-traffic-management (6/17), chunk 2/5
[09:22:01 +2m 57s | quantum_dice] Repaired malformed JSON.
[09:22:01 +2m 57s | quantum_dice] Extracting: https://quantum-dice.com/resources/quantum-dice-and-nats-to-collaborate-on-exploring-probabilistic-computing-for-air-traffic-management (6/17), chunk 3/5
[09:22:08 +3m 4s | quantum_dice] Repaired malformed JSON.
[09:22:08 +3m 4s | quantum_dice] Extracting: https://quantum-dice.com/resources/quantum-dice-and-nats-to-collaborate-on-exploring-probabilistic-computing-for-air-traffic-management (6/17), chunk 4/5
[09:22:13 +3m 9s | quantum_dice] Repaired malformed JSON.
[09:22:13 +3m 9s | quantum_dice] Extracting: https://quantum-dice.com/resources/quantum-dice-and-nats-to-collaborate-on-exploring-probabilistic-computing-for-air-traffic-management (6/17), chunk 5/5
[09:22:19 +3m 16s | quantum_dice] Repaired malformed JSON.
[09:22:20 +3m 16s | quantum_dice] Reading page (7/17): https://quantum-dice.com/products/orbit-processors
[09:22:20 +3m 16s | quantum_dice] Extracting: https://quantum-dice.com/products/orbit-processors (7/17), chunk 1/1
[09:22:23 +3m 19s | quantum_dice] Reading page (8/17): https://quantum-dice.com/technology/applications
[09:22:23 +3m 19s | quantum_dice] Extracting: https://quantum-dice.com/technology/applications (8/17), chunk 1/6
[09:22:27 +3m 23s | quantum_dice] Extracting: https://quantum-dice.com/technology/applications (8/17), chunk 2/6
[09:22:31 +3m 27s | quantum_dice] Extracting: https://quantum-dice.com/technology/applications (8/17), chunk 3/6
[09:22:38 +3m 34s | quantum_dice] Repaired malformed JSON.
[09:22:38 +3m 34s | quantum_dice] Extracting: https://quantum-dice.com/technology/applications (8/17), chunk 4/6
[09:22:45 +3m 42s | quantum_dice] Repaired malformed JSON.
[09:22:45 +3m 42s | quantum_dice] Extracting: https://quantum-dice.com/technology/applications (8/17), chunk 5/6
[09:22:49 +3m 45s | quantum_dice] Extracting: https://quantum-dice.com/technology/applications (8/17), chunk 6/6
[09:22:53 +3m 49s | quantum_dice] Reading page (9/17): https://quantum-dice.com/products/qrng
[09:22:53 +3m 49s | quantum_dice] Extracting: https://quantum-dice.com/products/qrng (9/17), chunk 1/3
[09:22:58 +3m 54s | quantum_dice] Extracting: https://quantum-dice.com/products/qrng (9/17), chunk 2/3
[09:23:04 +4m 0s | quantum_dice] Extracting: https://quantum-dice.com/products/qrng (9/17), chunk 3/3
[09:23:07 +4m 3s | quantum_dice] Reading page (10/17): https://quantum-dice.com/technology
[09:23:07 +4m 3s | quantum_dice] Extracting: https://quantum-dice.com/technology (10/17), chunk 1/5
[09:23:13 +4m 9s | quantum_dice] Extracting: https://quantum-dice.com/technology (10/17), chunk 2/5
[09:23:18 +4m 15s | quantum_dice] Extracting: https://quantum-dice.com/technology (10/17), chunk 3/5
[09:23:24 +4m 20s | quantum_dice] Extracting: https://quantum-dice.com/technology (10/17), chunk 4/5
[09:23:32 +4m 28s | quantum_dice] Extracting: https://quantum-dice.com/technology (10/17), chunk 5/5
[09:23:36 +4m 32s | quantum_dice] Reading page (11/17): https://quantum-dice.com/contact
[09:23:36 +4m 32s | quantum_dice] Extracting: https://quantum-dice.com/contact (11/17), chunk 1/2
[09:23:42 +4m 38s | quantum_dice] Extracting: https://quantum-dice.com/contact (11/17), chunk 2/2
[09:23:47 +4m 43s | quantum_dice] Reading page (12/17): https://quantum-dice.com/docs/disc-explainer.pdf
[09:23:47 +4m 43s | quantum_dice] Extracting: https://quantum-dice.com/docs/disc-explainer.pdf (12/17), chunk 1/2
[09:23:50 +4m 47s | quantum_dice] Extracting: https://quantum-dice.com/docs/disc-explainer.pdf (12/17), chunk 2/2
[09:23:55 +4m 51s | quantum_dice] Reading page (13/17): https://quantum-dice.com/trust-center
[09:23:55 +4m 51s | quantum_dice] Extracting: https://quantum-dice.com/trust-center (13/17), chunk 1/4
[09:23:59 +4m 55s | quantum_dice] Extracting: https://quantum-dice.com/trust-center (13/17), chunk 2/4
[09:24:06 +5m 2s | quantum_dice] Repaired malformed JSON.
[09:24:06 +5m 2s | quantum_dice] Extracting: https://quantum-dice.com/trust-center (13/17), chunk 3/4
[09:24:11 +5m 8s | quantum_dice] Repaired malformed JSON.
[09:24:11 +5m 8s | quantum_dice] Extracting: https://quantum-dice.com/trust-center (13/17), chunk 4/4
[09:24:15 +5m 12s | quantum_dice] Reading page (14/17): https://www.quantum-dice.com
[09:24:15 +5m 12s | quantum_dice] Extracting: https://www.quantum-dice.com (14/17), chunk 1/8
[09:24:24 +5m 20s | quantum_dice] Repaired malformed JSON.
[09:24:24 +5m 20s | quantum_dice] Extracting: https://www.quantum-dice.com (14/17), chunk 2/8
[09:24:31 +5m 27s | quantum_dice] Repaired malformed JSON.
[09:24:31 +5m 27s | quantum_dice] Extracting: https://www.quantum-dice.com (14/17), chunk 3/8
[09:24:39 +5m 35s | quantum_dice] Repaired malformed JSON.
[09:24:39 +5m 35s | quantum_dice] Extracting: https://www.quantum-dice.com (14/17), chunk 4/8
[09:24:46 +5m 42s | quantum_dice] Repaired malformed JSON.
[09:24:46 +5m 42s | quantum_dice] Extracting: https://www.quantum-dice.com (14/17), chunk 5/8
[09:24:55 +5m 51s | quantum_dice] Repaired malformed JSON.
[09:24:55 +5m 51s | quantum_dice] Extracting: https://www.quantum-dice.com (14/17), chunk 6/8
[09:25:00 +5m 57s | quantum_dice] Repaired malformed JSON.
[09:25:00 +5m 57s | quantum_dice] Extracting: https://www.quantum-dice.com (14/17), chunk 7/8
[09:25:09 +6m 6s | quantum_dice] Repaired malformed JSON.
[09:25:09 +6m 6s | quantum_dice] Extracting: https://www.quantum-dice.com (14/17), chunk 8/8
[09:25:13 +6m 10s | quantum_dice] Reading page (15/17): https://quantum-dice.com/resources/eic-accelerator-grant
[09:25:13 +6m 10s | quantum_dice] Extracting: https://quantum-dice.com/resources/eic-accelerator-grant (15/17), chunk 1/6
[09:25:20 +6m 17s | quantum_dice] Repaired malformed JSON.
[09:25:20 +6m 17s | quantum_dice] Extracting: https://quantum-dice.com/resources/eic-accelerator-grant (15/17), chunk 2/6
[09:25:26 +6m 22s | quantum_dice] Repaired malformed JSON.
[09:25:26 +6m 22s | quantum_dice] Extracting: https://quantum-dice.com/resources/eic-accelerator-grant (15/17), chunk 3/6
[09:25:32 +6m 29s | quantum_dice] Repaired malformed JSON.
[09:25:32 +6m 29s | quantum_dice] Extracting: https://quantum-dice.com/resources/eic-accelerator-grant (15/17), chunk 4/6
[09:25:40 +6m 36s | quantum_dice] Repaired malformed JSON.
[09:25:40 +6m 36s | quantum_dice] Extracting: https://quantum-dice.com/resources/eic-accelerator-grant (15/17), chunk 5/6
[09:25:47 +6m 43s | quantum_dice] Repaired malformed JSON.
[09:25:47 +6m 43s | quantum_dice] Extracting: https://quantum-dice.com/resources/eic-accelerator-grant (15/17), chunk 6/6
[09:25:52 +6m 48s | quantum_dice] Reading page (16/17): https://quantum-dice.com/products
[09:25:52 +6m 48s | quantum_dice] Extracting: https://quantum-dice.com/products (16/17), chunk 1/1
[09:26:05 +7m 2s | quantum_dice] Reading page (17/17): https://quantum-dice.com/technology/overview
[09:26:05 +7m 2s | quantum_dice] Extracting: https://quantum-dice.com/technology/overview (17/17), chunk 1/5
[09:26:09 +7m 5s | quantum_dice] Extracting: https://quantum-dice.com/technology/overview (17/17), chunk 2/5
[09:26:15 +7m 11s | quantum_dice] Extracting: https://quantum-dice.com/technology/overview (17/17), chunk 3/5
[09:26:18 +7m 15s | quantum_dice] Extracting: https://quantum-dice.com/technology/overview (17/17), chunk 4/5
[09:26:22 +7m 18s | quantum_dice] Extracting: https://quantum-dice.com/technology/overview (17/17), chunk 5/5
[09:26:27 +7m 23s | quantum_dice] Saved 1_actor_results.json with 114 extracted records

[09:26:28 +7m 24s | quantum_dice] === 2 clean actors ===
[09:26:28 +7m 25s | quantum_dice] Loaded 114 extracted records
[09:26:28 +7m 25s | quantum_dice] Saved 2_actor_nodes.json with 18 canonical actor nodes

[09:26:28 +7m 25s | quantum_dice] === 3 interaction extraction ===
[09:26:29 +7m 26s | quantum_dice] Extracting interactions: https://quantum-dice.com/resources/quantum-dice-joins-equinox-charter-to-advance-oxfordshire-s-global-innovation-leadership (1/17), chunk 1/4
[09:26:44 +7m 40s | quantum_dice] Extracting interactions: https://quantum-dice.com/resources/quantum-dice-joins-equinox-charter-to-advance-oxfordshire-s-global-innovation-leadership (1/17), chunk 2/4
[09:27:02 +7m 58s | quantum_dice] Extracting interactions: https://quantum-dice.com/resources/quantum-dice-joins-equinox-charter-to-advance-oxfordshire-s-global-innovation-leadership (1/17), chunk 3/4
[09:27:10 +8m 7s | quantum_dice] Extracting interactions: https://quantum-dice.com/about (2/17), chunk 1/7
[09:27:15 +8m 12s | quantum_dice] Extracting interactions: https://quantum-dice.com/about (2/17), chunk 2/7
[09:27:21 +8m 17s | quantum_dice] Extracting interactions: https://quantum-dice.com/about (2/17), chunk 3/7
[09:27:33 +8m 29s | quantum_dice] Extracting interactions: https://quantum-dice.com/about (2/17), chunk 4/7
[09:27:47 +8m 43s | quantum_dice] Extracting interactions: https://quantum-dice.com/about (2/17), chunk 5/7
[09:27:51 +8m 47s | quantum_dice] Extracting interactions: https://quantum-dice.com/about (2/17), chunk 6/7
[09:28:00 +8m 56s | quantum_dice] Extracting interactions: https://quantum-dice.com (4/17), chunk 2/8
[09:28:06 +9m 2s | quantum_dice] Extracting interactions: https://quantum-dice.com (4/17), chunk 3/8
[09:28:15 +9m 12s | quantum_dice] Extracting interactions: https://quantum-dice.com (4/17), chunk 4/8
[09:28:29 +9m 25s | quantum_dice] Extracting interactions: https://quantum-dice.com (4/17), chunk 5/8
[09:28:30 +9m 27s | quantum_dice] Extracting interactions: https://quantum-dice.com (4/17), chunk 6/8
[09:28:33 +9m 29s | quantum_dice] Extracting interactions: https://quantum-dice.com (4/17), chunk 7/8
[09:28:38 +9m 35s | quantum_dice] Extracting interactions: https://quantum-dice.com/careers (5/17), chunk 1/3
[09:28:42 +9m 38s | quantum_dice] Extracting interactions: https://quantum-dice.com/careers (5/17), chunk 2/3
[09:28:45 +9m 41s | quantum_dice] Extracting interactions: https://quantum-dice.com/careers (5/17), chunk 3/3
[09:28:48 +9m 44s | quantum_dice] Extracting interactions: https://quantum-dice.com/resources/quantum-dice-and-nats-to-collaborate-on-exploring-probabilistic-computing-for-air-traffic-management (6/17), chunk 1/5
[09:28:53 +9m 50s | quantum_dice] Extracting interactions: https://quantum-dice.com/resources/quantum-dice-and-nats-to-collaborate-on-exploring-probabilistic-computing-for-air-traffic-management (6/17), chunk 2/5
[09:29:01 +9m 57s | quantum_dice] Extracting interactions: https://quantum-dice.com/resources/quantum-dice-and-nats-to-collaborate-on-exploring-probabilistic-computing-for-air-traffic-management (6/17), chunk 3/5
[09:29:10 +10m 6s | quantum_dice] Extracting interactions: https://quantum-dice.com/resources/quantum-dice-and-nats-to-collaborate-on-exploring-probabilistic-computing-for-air-traffic-management (6/17), chunk 4/5
[09:29:27 +10m 24s | quantum_dice] Extracting interactions: https://quantum-dice.com/resources/quantum-dice-and-nats-to-collaborate-on-exploring-probabilistic-computing-for-air-traffic-management (6/17), chunk 5/5
[09:29:32 +10m 29s | quantum_dice] Extracting interactions: https://quantum-dice.com/products/orbit-processors (7/17), chunk 1/1
[09:29:34 +10m 30s | quantum_dice] Extracting interactions: https://quantum-dice.com/technology/applications (8/17), chunk 5/6
[09:29:37 +10m 33s | quantum_dice] Extracting interactions: https://quantum-dice.com/technology/applications (8/17), chunk 6/6
[09:29:40 +10m 37s | quantum_dice] Extracting interactions: https://quantum-dice.com/products/qrng (9/17), chunk 2/3
[09:29:43 +10m 40s | quantum_dice] Extracting interactions: https://quantum-dice.com/products/qrng (9/17), chunk 3/3
[09:29:50 +10m 46s | quantum_dice] Extracting interactions: https://quantum-dice.com/technology (10/17), chunk 3/5
[09:29:53 +10m 50s | quantum_dice] Extracting interactions: https://quantum-dice.com/technology (10/17), chunk 4/5
[09:29:57 +10m 54s | quantum_dice] Extracting interactions: https://quantum-dice.com/contact (11/17), chunk 1/2
[09:30:03 +10m 59s | quantum_dice] Extracting interactions: https://quantum-dice.com/docs/disc-explainer.pdf (12/17), chunk 1/2
[09:30:05 +11m 1s | quantum_dice] Extracting interactions: https://quantum-dice.com/trust-center (13/17), chunk 1/4
[09:30:08 +11m 4s | quantum_dice] Extracting interactions: https://quantum-dice.com/trust-center (13/17), chunk 2/4
[09:30:15 +11m 11s | quantum_dice] Extracting interactions: https://quantum-dice.com/trust-center (13/17), chunk 3/4
[09:30:16 +11m 13s | quantum_dice] Extracting interactions: https://www.quantum-dice.com (14/17), chunk 2/8
[09:30:23 +11m 19s | quantum_dice] Extracting interactions: https://www.quantum-dice.com (14/17), chunk 3/8
[09:30:36 +11m 33s | quantum_dice] Extracting interactions: https://www.quantum-dice.com (14/17), chunk 4/8
[09:30:56 +11m 52s | quantum_dice] Extracting interactions: https://www.quantum-dice.com (14/17), chunk 5/8
[09:30:57 +11m 53s | quantum_dice] Extracting interactions: https://www.quantum-dice.com (14/17), chunk 6/8
[09:31:01 +11m 57s | quantum_dice] Extracting interactions: https://www.quantum-dice.com (14/17), chunk 7/8
[09:31:07 +12m 3s | quantum_dice] Extracting interactions: https://quantum-dice.com/resources/eic-accelerator-grant (15/17), chunk 1/6
[09:31:12 +12m 8s | quantum_dice] Extracting interactions: https://quantum-dice.com/resources/eic-accelerator-grant (15/17), chunk 2/6
[09:31:20 +12m 16s | quantum_dice] Extracting interactions: https://quantum-dice.com/resources/eic-accelerator-grant (15/17), chunk 3/6
[09:31:26 +12m 23s | quantum_dice] Extracting interactions: https://quantum-dice.com/resources/eic-accelerator-grant (15/17), chunk 4/6
[09:31:31 +12m 27s | quantum_dice] Extracting interactions: https://quantum-dice.com/resources/eic-accelerator-grant (15/17), chunk 5/6
[09:31:39 +12m 35s | quantum_dice] Extracting interactions: https://quantum-dice.com/products (16/17), chunk 1/1
[09:31:41 +12m 38s | quantum_dice] Extracting interactions: https://quantum-dice.com/technology/overview (17/17), chunk 3/5
[09:31:44 +12m 41s | quantum_dice] Extracting interactions: https://quantum-dice.com/technology/overview (17/17), chunk 4/5
[09:31:48 +12m 44s | quantum_dice] Saved 3_interaction_results.json with 99 extracted interactions.

[09:31:49 +12m 45s | quantum_dice] === 4 clean interactions ===
[09:31:49 +12m 46s | quantum_dice] Saved 4_edges.json with 30 cleaned interactions.

[09:31:49 +12m 46s | quantum_dice] === 5 helix enrichment ===
[09:31:49 +12m 46s | quantum_dice] Wrote 5_nodes.json (18 actors)
[09:31:49 +12m 46s | quantum_dice] Wrote 5_edges.json (30 interactions)
[09:31:49 +12m 46s | quantum_dice] Actor helix counts: {'Academia': 4, 'Government': 2, 'Industry': 6, 'Intermediary': 5, 'Unknown': 1}
[09:31:49 +12m 46s | quantum_dice] Functional-space counts: {'Consensus': 5, 'Innovation': 19, 'Intra-helix / Not classified': 2, 'Unknown': 4}

[09:31:49 +12m 46s | quantum_dice] === 6 network visualisation ===
[09:31:51 +12m 47s | quantum_dice] Wrote quantum_network.html
[09:31:51 +12m 47s | quantum_dice] Nodes: 18
[09:31:51 +12m 47s | quantum_dice] Edges: 10

[09:31:51 +12m 48s | quantum_dice] Done. Outputs written to: /home/lv/IDP/idpdeeptech/pipeline/site_outputs/quantum_dice
[09:31:51 +12m 48s | quantum_dice] Log: /home/lv/IDP/idpdeeptech/pipeline/site_outputs/quantum_dice/run.log

========================================================================
RUN FINISHED 2026-06-17 09:31:51  (OK)
Started:     2026-06-17 09:19:04
Elapsed:     12m 48s
========================================================================
