
========================================================================
RUN STARTED  2026-07-02 05:34:33
site_pipeline.py https://thequantuminsider.com/2024/04/09/anthony-laing-of-duality-quantum-photonics-on-navigating-qcs-frontiers-ethical-innovation/
========================================================================

[05:34:33 +0s | thequantuminsider_2024_04_09_anthony_laing_of_duality_quantum_photonics_on_navigating_qcs_b2dff77c] === 0 crawl site ===
[05:34:35 +1s | thequantuminsider_2024_04_09_anthony_laing_of_duality_quantum_photonics_on_navigating_qcs_b2dff77c] [INIT].... → Crawl4AI 0.8.6 
[05:34:37 +4s | thequantuminsider_2024_04_09_anthony_laing_of_duality_quantum_photonics_on_navigating_qcs_b2dff77c] [FETCH]... ↓ https://thequantuminsider.com/2024/04/09/anthony...-on-navigating-qcs-frontiers-ethical-innovation/  | ✓ | ⏱: 2.35s 
[05:34:37 +4s | thequantuminsider_2024_04_09_anthony_laing_of_duality_quantum_photonics_on_navigating_qcs_b2dff77c] [SCRAPE].. ◆ https://thequantuminsider.com/2024/04/09/anthony...-on-navigating-qcs-frontiers-ethical-innovation/  | ✓ | ⏱: 0.13s 
[05:34:37 +4s | thequantuminsider_2024_04_09_anthony_laing_of_duality_quantum_photonics_on_navigating_qcs_b2dff77c] [COMPLETE] ● https://thequantuminsider.com/2024/04/09/anthony...-on-navigating-qcs-frontiers-ethical-innovation/  | ✓ | ⏱: 2.50s 
[05:34:37 +4s | thequantuminsider_2024_04_09_anthony_laing_of_duality_quantum_photonics_on_navigating_qcs_b2dff77c] Saved: crawl_output/0d924f0679_thequantuminsider.com_2024_04_09_anthony-laing-of-duality-quantum-photonics-on-navigating-qcs-frontiers-ethical-innovation.json

[05:34:38 +4s | thequantuminsider_2024_04_09_anthony_laing_of_duality_quantum_photonics_on_navigating_qcs_b2dff77c] === 1 actor extraction ===
[05:34:38 +4s | thequantuminsider_2024_04_09_anthony_laing_of_duality_quantum_photonics_on_navigating_qcs_b2dff77c] Reading page (1/1): https://thequantuminsider.com/2024/04/09/anthony-laing-of-duality-quantum-photonics-on-navigating-qcs-frontiers-ethical-innovation
[05:34:38 +4s | thequantuminsider_2024_04_09_anthony_laing_of_duality_quantum_photonics_on_navigating_qcs_b2dff77c] Extracting actors: https://thequantuminsider.com/2024/04/09/anthony-laing-of-duality-quantum-photonics-on-navigating-qcs-frontiers-ethical-innovation (1/1), chunk 1/37
[05:34:43 +10s | thequantuminsider_2024_04_09_anthony_laing_of_duality_quantum_photonics_on_navigating_qcs_b2dff77c] Repaired malformed JSON.
[05:34:43 +10s | thequantuminsider_2024_04_09_anthony_laing_of_duality_quantum_photonics_on_navigating_qcs_b2dff77c] Extracting actors: https://thequantuminsider.com/2024/04/09/anthony-laing-of-duality-quantum-photonics-on-navigating-qcs-frontiers-ethical-innovation (1/1), chunk 2/37
[05:34:50 +17s | thequantuminsider_2024_04_09_anthony_laing_of_duality_quantum_photonics_on_navigating_qcs_b2dff77c] Repaired malformed JSON.
[05:34:50 +17s | thequantuminsider_2024_04_09_anthony_laing_of_duality_quantum_photonics_on_navigating_qcs_b2dff77c] Extracting actors: https://thequantuminsider.com/2024/04/09/anthony-laing-of-duality-quantum-photonics-on-navigating-qcs-frontiers-ethical-innovation (1/1), chunk 3/37
[05:34:56 +22s | thequantuminsider_2024_04_09_anthony_laing_of_duality_quantum_photonics_on_navigating_qcs_b2dff77c] Repaired malformed JSON.
[05:34:56 +22s | thequantuminsider_2024_04_09_anthony_laing_of_duality_quantum_photonics_on_navigating_qcs_b2dff77c] Extracting actors: https://thequantuminsider.com/2024/04/09/anthony-laing-of-duality-quantum-photonics-on-navigating-qcs-frontiers-ethical-innovation (1/1), chunk 4/37
[05:35:04 +31s | thequantuminsider_2024_04_09_anthony_laing_of_duality_quantum_photonics_on_navigating_qcs_b2dff77c] Repaired malformed JSON.
[05:35:04 +31s | thequantuminsider_2024_04_09_anthony_laing_of_duality_quantum_photonics_on_navigating_qcs_b2dff77c] Extracting actors: https://thequantuminsider.com/2024/04/09/anthony-laing-of-duality-quantum-photonics-on-navigating-qcs-frontiers-ethical-innovation (1/1), chunk 5/37
[05:35:13 +39s | thequantuminsider_2024_04_09_anthony_laing_of_duality_quantum_photonics_on_navigating_qcs_b2dff77c] Repaired malformed JSON.
[05:35:13 +39s | thequantuminsider_2024_04_09_anthony_laing_of_duality_quantum_photonics_on_navigating_qcs_b2dff77c] Extracting actors: https://thequantuminsider.com/2024/04/09/anthony-laing-of-duality-quantum-photonics-on-navigating-qcs-frontiers-ethical-innovation (1/1), chunk 6/37
[05:35:20 +47s | thequantuminsider_2024_04_09_anthony_laing_of_duality_quantum_photonics_on_navigating_qcs_b2dff77c] Repaired malformed JSON.
[05:35:20 +47s | thequantuminsider_2024_04_09_anthony_laing_of_duality_quantum_photonics_on_navigating_qcs_b2dff77c] Extracting actors: https://thequantuminsider.com/2024/04/09/anthony-laing-of-duality-quantum-photonics-on-navigating-qcs-frontiers-ethical-innovation (1/1), chunk 7/37
[05:35:28 +55s | thequantuminsider_2024_04_09_anthony_laing_of_duality_quantum_photonics_on_navigating_qcs_b2dff77c] Repaired malformed JSON.
[05:35:28 +55s | thequantuminsider_2024_04_09_anthony_laing_of_duality_quantum_photonics_on_navigating_qcs_b2dff77c] Extracting actors: https://thequantuminsider.com/2024/04/09/anthony-laing-of-duality-quantum-photonics-on-navigating-qcs-frontiers-ethical-innovation (1/1), chunk 8/37
[05:35:35 +1m 2s | thequantuminsider_2024_04_09_anthony_laing_of_duality_quantum_photonics_on_navigating_qcs_b2dff77c] Repaired malformed JSON.
[05:35:35 +1m 2s | thequantuminsider_2024_04_09_anthony_laing_of_duality_quantum_photonics_on_navigating_qcs_b2dff77c] Extracting actors: https://thequantuminsider.com/2024/04/09/anthony-laing-of-duality-quantum-photonics-on-navigating-qcs-frontiers-ethical-innovation (1/1), chunk 9/37
[05:35:42 +1m 9s | thequantuminsider_2024_04_09_anthony_laing_of_duality_quantum_photonics_on_navigating_qcs_b2dff77c] Repaired malformed JSON.
[05:35:42 +1m 9s | thequantuminsider_2024_04_09_anthony_laing_of_duality_quantum_photonics_on_navigating_qcs_b2dff77c] Extracting actors: https://thequantuminsider.com/2024/04/09/anthony-laing-of-duality-quantum-photonics-on-navigating-qcs-frontiers-ethical-innovation (1/1), chunk 10/37
[05:35:48 +1m 14s | thequantuminsider_2024_04_09_anthony_laing_of_duality_quantum_photonics_on_navigating_qcs_b2dff77c] Extracting actors: https://thequantuminsider.com/2024/04/09/anthony-laing-of-duality-quantum-photonics-on-navigating-qcs-frontiers-ethical-innovation (1/1), chunk 11/37
[05:35:54 +1m 21s | thequantuminsider_2024_04_09_anthony_laing_of_duality_quantum_photonics_on_navigating_qcs_b2dff77c] Repaired malformed JSON.
[05:35:54 +1m 21s | thequantuminsider_2024_04_09_anthony_laing_of_duality_quantum_photonics_on_navigating_qcs_b2dff77c] Extracting actors: https://thequantuminsider.com/2024/04/09/anthony-laing-of-duality-quantum-photonics-on-navigating-qcs-frontiers-ethical-innovation (1/1), chunk 12/37
[05:36:00 +1m 26s | thequantuminsider_2024_04_09_anthony_laing_of_duality_quantum_photonics_on_navigating_qcs_b2dff77c] Repaired malformed JSON.
[05:36:00 +1m 26s | thequantuminsider_2024_04_09_anthony_laing_of_duality_quantum_photonics_on_navigating_qcs_b2dff77c] Extracting actors: https://thequantuminsider.com/2024/04/09/anthony-laing-of-duality-quantum-photonics-on-navigating-qcs-frontiers-ethical-innovation (1/1), chunk 13/37
[05:36:07 +1m 34s | thequantuminsider_2024_04_09_anthony_laing_of_duality_quantum_photonics_on_navigating_qcs_b2dff77c] Repaired malformed JSON.
[05:36:07 +1m 34s | thequantuminsider_2024_04_09_anthony_laing_of_duality_quantum_photonics_on_navigating_qcs_b2dff77c] Extracting actors: https://thequantuminsider.com/2024/04/09/anthony-laing-of-duality-quantum-photonics-on-navigating-qcs-frontiers-ethical-innovation (1/1), chunk 14/37
[05:36:14 +1m 41s | thequantuminsider_2024_04_09_anthony_laing_of_duality_quantum_photonics_on_navigating_qcs_b2dff77c] Repaired malformed JSON.
[05:36:14 +1m 41s | thequantuminsider_2024_04_09_anthony_laing_of_duality_quantum_photonics_on_navigating_qcs_b2dff77c] Extracting actors: https://thequantuminsider.com/2024/04/09/anthony-laing-of-duality-quantum-photonics-on-navigating-qcs-frontiers-ethical-innovation (1/1), chunk 15/37
[05:36:20 +1m 47s | thequantuminsider_2024_04_09_anthony_laing_of_duality_quantum_photonics_on_navigating_qcs_b2dff77c] Repaired malformed JSON.
[05:36:20 +1m 47s | thequantuminsider_2024_04_09_anthony_laing_of_duality_quantum_photonics_on_navigating_qcs_b2dff77c] Extracting actors: https://thequantuminsider.com/2024/04/09/anthony-laing-of-duality-quantum-photonics-on-navigating-qcs-frontiers-ethical-innovation (1/1), chunk 16/37
[05:36:26 +1m 53s | thequantuminsider_2024_04_09_anthony_laing_of_duality_quantum_photonics_on_navigating_qcs_b2dff77c] Repaired malformed JSON.
[05:36:26 +1m 53s | thequantuminsider_2024_04_09_anthony_laing_of_duality_quantum_photonics_on_navigating_qcs_b2dff77c] Extracting actors: https://thequantuminsider.com/2024/04/09/anthony-laing-of-duality-quantum-photonics-on-navigating-qcs-frontiers-ethical-innovation (1/1), chunk 17/37
[05:36:35 +2m 2s | thequantuminsider_2024_04_09_anthony_laing_of_duality_quantum_photonics_on_navigating_qcs_b2dff77c] Repaired malformed JSON.
[05:36:35 +2m 2s | thequantuminsider_2024_04_09_anthony_laing_of_duality_quantum_photonics_on_navigating_qcs_b2dff77c] Extracting actors: https://thequantuminsider.com/2024/04/09/anthony-laing-of-duality-quantum-photonics-on-navigating-qcs-frontiers-ethical-innovation (1/1), chunk 18/37
[05:36:43 +2m 10s | thequantuminsider_2024_04_09_anthony_laing_of_duality_quantum_photonics_on_navigating_qcs_b2dff77c] Repaired malformed JSON.
[05:36:43 +2m 10s | thequantuminsider_2024_04_09_anthony_laing_of_duality_quantum_photonics_on_navigating_qcs_b2dff77c] Extracting actors: https://thequantuminsider.com/2024/04/09/anthony-laing-of-duality-quantum-photonics-on-navigating-qcs-frontiers-ethical-innovation (1/1), chunk 19/37
[05:36:51 +2m 18s | thequantuminsider_2024_04_09_anthony_laing_of_duality_quantum_photonics_on_navigating_qcs_b2dff77c] Repaired malformed JSON.
[05:36:51 +2m 18s | thequantuminsider_2024_04_09_anthony_laing_of_duality_quantum_photonics_on_navigating_qcs_b2dff77c] Extracting actors: https://thequantuminsider.com/2024/04/09/anthony-laing-of-duality-quantum-photonics-on-navigating-qcs-frontiers-ethical-innovation (1/1), chunk 20/37
[05:36:57 +2m 23s | thequantuminsider_2024_04_09_anthony_laing_of_duality_quantum_photonics_on_navigating_qcs_b2dff77c] Repaired malformed JSON.
[05:36:57 +2m 23s | thequantuminsider_2024_04_09_anthony_laing_of_duality_quantum_photonics_on_navigating_qcs_b2dff77c] Extracting actors: https://thequantuminsider.com/2024/04/09/anthony-laing-of-duality-quantum-photonics-on-navigating-qcs-frontiers-ethical-innovation (1/1), chunk 21/37
[05:37:05 +2m 32s | thequantuminsider_2024_04_09_anthony_laing_of_duality_quantum_photonics_on_navigating_qcs_b2dff77c] Repaired malformed JSON.
[05:37:05 +2m 32s | thequantuminsider_2024_04_09_anthony_laing_of_duality_quantum_photonics_on_navigating_qcs_b2dff77c] Extracting actors: https://thequantuminsider.com/2024/04/09/anthony-laing-of-duality-quantum-photonics-on-navigating-qcs-frontiers-ethical-innovation (1/1), chunk 22/37
[05:37:11 +2m 38s | thequantuminsider_2024_04_09_anthony_laing_of_duality_quantum_photonics_on_navigating_qcs_b2dff77c] Repaired malformed JSON.
[05:37:11 +2m 38s | thequantuminsider_2024_04_09_anthony_laing_of_duality_quantum_photonics_on_navigating_qcs_b2dff77c] Extracting actors: https://thequantuminsider.com/2024/04/09/anthony-laing-of-duality-quantum-photonics-on-navigating-qcs-frontiers-ethical-innovation (1/1), chunk 23/37
[05:37:19 +2m 45s | thequantuminsider_2024_04_09_anthony_laing_of_duality_quantum_photonics_on_navigating_qcs_b2dff77c] Repaired malformed JSON.
[05:37:19 +2m 45s | thequantuminsider_2024_04_09_anthony_laing_of_duality_quantum_photonics_on_navigating_qcs_b2dff77c] Extracting actors: https://thequantuminsider.com/2024/04/09/anthony-laing-of-duality-quantum-photonics-on-navigating-qcs-frontiers-ethical-innovation (1/1), chunk 24/37
[05:37:24 +2m 51s | thequantuminsider_2024_04_09_anthony_laing_of_duality_quantum_photonics_on_navigating_qcs_b2dff77c] Repaired malformed JSON.
[05:37:24 +2m 51s | thequantuminsider_2024_04_09_anthony_laing_of_duality_quantum_photonics_on_navigating_qcs_b2dff77c] Extracting actors: https://thequantuminsider.com/2024/04/09/anthony-laing-of-duality-quantum-photonics-on-navigating-qcs-frontiers-ethical-innovation (1/1), chunk 25/37
[05:37:29 +2m 55s | thequantuminsider_2024_04_09_anthony_laing_of_duality_quantum_photonics_on_navigating_qcs_b2dff77c] Extracting actors: https://thequantuminsider.com/2024/04/09/anthony-laing-of-duality-quantum-photonics-on-navigating-qcs-frontiers-ethical-innovation (1/1), chunk 26/37
[05:37:36 +3m 3s | thequantuminsider_2024_04_09_anthony_laing_of_duality_quantum_photonics_on_navigating_qcs_b2dff77c] Repaired malformed JSON.
[05:37:36 +3m 3s | thequantuminsider_2024_04_09_anthony_laing_of_duality_quantum_photonics_on_navigating_qcs_b2dff77c] Extracting actors: https://thequantuminsider.com/2024/04/09/anthony-laing-of-duality-quantum-photonics-on-navigating-qcs-frontiers-ethical-innovation (1/1), chunk 27/37
[05:37:43 +3m 10s | thequantuminsider_2024_04_09_anthony_laing_of_duality_quantum_photonics_on_navigating_qcs_b2dff77c] Repaired malformed JSON.
[05:37:43 +3m 10s | thequantuminsider_2024_04_09_anthony_laing_of_duality_quantum_photonics_on_navigating_qcs_b2dff77c] Extracting actors: https://thequantuminsider.com/2024/04/09/anthony-laing-of-duality-quantum-photonics-on-navigating-qcs-frontiers-ethical-innovation (1/1), chunk 28/37
[05:37:49 +3m 15s | thequantuminsider_2024_04_09_anthony_laing_of_duality_quantum_photonics_on_navigating_qcs_b2dff77c] Repaired malformed JSON.
[05:37:49 +3m 15s | thequantuminsider_2024_04_09_anthony_laing_of_duality_quantum_photonics_on_navigating_qcs_b2dff77c] Extracting actors: https://thequantuminsider.com/2024/04/09/anthony-laing-of-duality-quantum-photonics-on-navigating-qcs-frontiers-ethical-innovation (1/1), chunk 29/37
[05:37:57 +3m 24s | thequantuminsider_2024_04_09_anthony_laing_of_duality_quantum_photonics_on_navigating_qcs_b2dff77c] Repaired malformed JSON.
[05:37:57 +3m 24s | thequantuminsider_2024_04_09_anthony_laing_of_duality_quantum_photonics_on_navigating_qcs_b2dff77c] Extracting actors: https://thequantuminsider.com/2024/04/09/anthony-laing-of-duality-quantum-photonics-on-navigating-qcs-frontiers-ethical-innovation (1/1), chunk 30/37
[05:38:03 +3m 30s | thequantuminsider_2024_04_09_anthony_laing_of_duality_quantum_photonics_on_navigating_qcs_b2dff77c] Repaired malformed JSON.
[05:38:03 +3m 30s | thequantuminsider_2024_04_09_anthony_laing_of_duality_quantum_photonics_on_navigating_qcs_b2dff77c] Extracting actors: https://thequantuminsider.com/2024/04/09/anthony-laing-of-duality-quantum-photonics-on-navigating-qcs-frontiers-ethical-innovation (1/1), chunk 31/37
[05:38:09 +3m 36s | thequantuminsider_2024_04_09_anthony_laing_of_duality_quantum_photonics_on_navigating_qcs_b2dff77c] Repaired malformed JSON.
[05:38:09 +3m 36s | thequantuminsider_2024_04_09_anthony_laing_of_duality_quantum_photonics_on_navigating_qcs_b2dff77c] Extracting actors: https://thequantuminsider.com/2024/04/09/anthony-laing-of-duality-quantum-photonics-on-navigating-qcs-frontiers-ethical-innovation (1/1), chunk 32/37
[05:38:16 +3m 43s | thequantuminsider_2024_04_09_anthony_laing_of_duality_quantum_photonics_on_navigating_qcs_b2dff77c] Repaired malformed JSON.
[05:38:16 +3m 43s | thequantuminsider_2024_04_09_anthony_laing_of_duality_quantum_photonics_on_navigating_qcs_b2dff77c] Extracting actors: https://thequantuminsider.com/2024/04/09/anthony-laing-of-duality-quantum-photonics-on-navigating-qcs-frontiers-ethical-innovation (1/1), chunk 33/37
[05:38:22 +3m 49s | thequantuminsider_2024_04_09_anthony_laing_of_duality_quantum_photonics_on_navigating_qcs_b2dff77c] Repaired malformed JSON.
[05:38:22 +3m 49s | thequantuminsider_2024_04_09_anthony_laing_of_duality_quantum_photonics_on_navigating_qcs_b2dff77c] Extracting actors: https://thequantuminsider.com/2024/04/09/anthony-laing-of-duality-quantum-photonics-on-navigating-qcs-frontiers-ethical-innovation (1/1), chunk 34/37
[05:38:29 +3m 56s | thequantuminsider_2024_04_09_anthony_laing_of_duality_quantum_photonics_on_navigating_qcs_b2dff77c] Repaired malformed JSON.
[05:38:29 +3m 56s | thequantuminsider_2024_04_09_anthony_laing_of_duality_quantum_photonics_on_navigating_qcs_b2dff77c] Extracting actors: https://thequantuminsider.com/2024/04/09/anthony-laing-of-duality-quantum-photonics-on-navigating-qcs-frontiers-ethical-innovation (1/1), chunk 35/37
[05:38:37 +4m 4s | thequantuminsider_2024_04_09_anthony_laing_of_duality_quantum_photonics_on_navigating_qcs_b2dff77c] Repaired malformed JSON.
[05:38:37 +4m 4s | thequantuminsider_2024_04_09_anthony_laing_of_duality_quantum_photonics_on_navigating_qcs_b2dff77c] Extracting actors: https://thequantuminsider.com/2024/04/09/anthony-laing-of-duality-quantum-photonics-on-navigating-qcs-frontiers-ethical-innovation (1/1), chunk 36/37
[05:38:42 +4m 9s | thequantuminsider_2024_04_09_anthony_laing_of_duality_quantum_photonics_on_navigating_qcs_b2dff77c] Repaired malformed JSON.
[05:38:42 +4m 9s | thequantuminsider_2024_04_09_anthony_laing_of_duality_quantum_photonics_on_navigating_qcs_b2dff77c] Extracting actors: https://thequantuminsider.com/2024/04/09/anthony-laing-of-duality-quantum-photonics-on-navigating-qcs-frontiers-ethical-innovation (1/1), chunk 37/37
[05:38:48 +4m 15s | thequantuminsider_2024_04_09_anthony_laing_of_duality_quantum_photonics_on_navigating_qcs_b2dff77c] Repaired malformed JSON.
[05:38:48 +4m 15s | thequantuminsider_2024_04_09_anthony_laing_of_duality_quantum_photonics_on_navigating_qcs_b2dff77c] Saved 1_actor_results.json with 70 extracted records

[05:38:48 +4m 15s | thequantuminsider_2024_04_09_anthony_laing_of_duality_quantum_photonics_on_navigating_qcs_b2dff77c] === 2 clean actors ===
[05:38:48 +4m 15s | thequantuminsider_2024_04_09_anthony_laing_of_duality_quantum_photonics_on_navigating_qcs_b2dff77c] Loaded 70 extracted records
[05:38:48 +4m 15s | thequantuminsider_2024_04_09_anthony_laing_of_duality_quantum_photonics_on_navigating_qcs_b2dff77c] Saved 2_actor_nodes.json with 18 canonical actor nodes

[05:38:48 +4m 15s | thequantuminsider_2024_04_09_anthony_laing_of_duality_quantum_photonics_on_navigating_qcs_b2dff77c] === 3 interaction extraction ===
[05:38:48 +4m 15s | thequantuminsider_2024_04_09_anthony_laing_of_duality_quantum_photonics_on_navigating_qcs_b2dff77c] Extracting interactions: https://thequantuminsider.com/2024/04/09/anthony-laing-of-duality-quantum-photonics-on-navigating-qcs-frontiers-ethical-innovation (1/1), chunk 11/37
[05:38:52 +4m 18s | thequantuminsider_2024_04_09_anthony_laing_of_duality_quantum_photonics_on_navigating_qcs_b2dff77c] Extracting interactions: https://thequantuminsider.com/2024/04/09/anthony-laing-of-duality-quantum-photonics-on-navigating-qcs-frontiers-ethical-innovation (1/1), chunk 12/37
[05:38:56 +4m 23s | thequantuminsider_2024_04_09_anthony_laing_of_duality_quantum_photonics_on_navigating_qcs_b2dff77c] Extracting interactions: https://thequantuminsider.com/2024/04/09/anthony-laing-of-duality-quantum-photonics-on-navigating-qcs-frontiers-ethical-innovation (1/1), chunk 13/37
[05:39:03 +4m 29s | thequantuminsider_2024_04_09_anthony_laing_of_duality_quantum_photonics_on_navigating_qcs_b2dff77c] Extracting interactions: https://thequantuminsider.com/2024/04/09/anthony-laing-of-duality-quantum-photonics-on-navigating-qcs-frontiers-ethical-innovation (1/1), chunk 14/37
[05:39:08 +4m 34s | thequantuminsider_2024_04_09_anthony_laing_of_duality_quantum_photonics_on_navigating_qcs_b2dff77c] Extracting interactions: https://thequantuminsider.com/2024/04/09/anthony-laing-of-duality-quantum-photonics-on-navigating-qcs-frontiers-ethical-innovation (1/1), chunk 15/37
[05:39:16 +4m 43s | thequantuminsider_2024_04_09_anthony_laing_of_duality_quantum_photonics_on_navigating_qcs_b2dff77c] Extracting interactions: https://thequantuminsider.com/2024/04/09/anthony-laing-of-duality-quantum-photonics-on-navigating-qcs-frontiers-ethical-innovation (1/1), chunk 16/37
[05:39:18 +4m 44s | thequantuminsider_2024_04_09_anthony_laing_of_duality_quantum_photonics_on_navigating_qcs_b2dff77c] Extracting interactions: https://thequantuminsider.com/2024/04/09/anthony-laing-of-duality-quantum-photonics-on-navigating-qcs-frontiers-ethical-innovation (1/1), chunk 17/37
[05:39:22 +4m 49s | thequantuminsider_2024_04_09_anthony_laing_of_duality_quantum_photonics_on_navigating_qcs_b2dff77c] Extracting interactions: https://thequantuminsider.com/2024/04/09/anthony-laing-of-duality-quantum-photonics-on-navigating-qcs-frontiers-ethical-innovation (1/1), chunk 18/37
[05:39:35 +5m 1s | thequantuminsider_2024_04_09_anthony_laing_of_duality_quantum_photonics_on_navigating_qcs_b2dff77c] Extracting interactions: https://thequantuminsider.com/2024/04/09/anthony-laing-of-duality-quantum-photonics-on-navigating-qcs-frontiers-ethical-innovation (1/1), chunk 19/37
[05:39:39 +5m 5s | thequantuminsider_2024_04_09_anthony_laing_of_duality_quantum_photonics_on_navigating_qcs_b2dff77c] Extracting interactions: https://thequantuminsider.com/2024/04/09/anthony-laing-of-duality-quantum-photonics-on-navigating-qcs-frontiers-ethical-innovation (1/1), chunk 20/37
[05:39:51 +5m 18s | thequantuminsider_2024_04_09_anthony_laing_of_duality_quantum_photonics_on_navigating_qcs_b2dff77c] Extracting interactions: https://thequantuminsider.com/2024/04/09/anthony-laing-of-duality-quantum-photonics-on-navigating-qcs-frontiers-ethical-innovation (1/1), chunk 21/37
[05:40:02 +5m 28s | thequantuminsider_2024_04_09_anthony_laing_of_duality_quantum_photonics_on_navigating_qcs_b2dff77c] Extracting interactions: https://thequantuminsider.com/2024/04/09/anthony-laing-of-duality-quantum-photonics-on-navigating-qcs-frontiers-ethical-innovation (1/1), chunk 22/37
[05:40:14 +5m 41s | thequantuminsider_2024_04_09_anthony_laing_of_duality_quantum_photonics_on_navigating_qcs_b2dff77c] Extracting interactions: https://thequantuminsider.com/2024/04/09/anthony-laing-of-duality-quantum-photonics-on-navigating-qcs-frontiers-ethical-innovation (1/1), chunk 23/37
[05:40:25 +5m 52s | thequantuminsider_2024_04_09_anthony_laing_of_duality_quantum_photonics_on_navigating_qcs_b2dff77c] Extracting interactions: https://thequantuminsider.com/2024/04/09/anthony-laing-of-duality-quantum-photonics-on-navigating-qcs-frontiers-ethical-innovation (1/1), chunk 26/37
[05:40:29 +5m 55s | thequantuminsider_2024_04_09_anthony_laing_of_duality_quantum_photonics_on_navigating_qcs_b2dff77c] Extracting interactions: https://thequantuminsider.com/2024/04/09/anthony-laing-of-duality-quantum-photonics-on-navigating-qcs-frontiers-ethical-innovation (1/1), chunk 27/37
[05:40:30 +5m 57s | thequantuminsider_2024_04_09_anthony_laing_of_duality_quantum_photonics_on_navigating_qcs_b2dff77c] Extracting interactions: https://thequantuminsider.com/2024/04/09/anthony-laing-of-duality-quantum-photonics-on-navigating-qcs-frontiers-ethical-innovation (1/1), chunk 30/37
[05:40:32 +5m 59s | thequantuminsider_2024_04_09_anthony_laing_of_duality_quantum_photonics_on_navigating_qcs_b2dff77c] Extracting interactions: https://thequantuminsider.com/2024/04/09/anthony-laing-of-duality-quantum-photonics-on-navigating-qcs-frontiers-ethical-innovation (1/1), chunk 31/37
[05:40:34 +6m 0s | thequantuminsider_2024_04_09_anthony_laing_of_duality_quantum_photonics_on_navigating_qcs_b2dff77c] Extracting interactions: https://thequantuminsider.com/2024/04/09/anthony-laing-of-duality-quantum-photonics-on-navigating-qcs-frontiers-ethical-innovation (1/1), chunk 33/37
[05:40:35 +6m 2s | thequantuminsider_2024_04_09_anthony_laing_of_duality_quantum_photonics_on_navigating_qcs_b2dff77c] Extracting interactions: https://thequantuminsider.com/2024/04/09/anthony-laing-of-duality-quantum-photonics-on-navigating-qcs-frontiers-ethical-innovation (1/1), chunk 35/37
[05:40:45 +6m 12s | thequantuminsider_2024_04_09_anthony_laing_of_duality_quantum_photonics_on_navigating_qcs_b2dff77c] Extracting interactions: https://thequantuminsider.com/2024/04/09/anthony-laing-of-duality-quantum-photonics-on-navigating-qcs-frontiers-ethical-innovation (1/1), chunk 36/37
[05:40:46 +6m 13s | thequantuminsider_2024_04_09_anthony_laing_of_duality_quantum_photonics_on_navigating_qcs_b2dff77c] Saved 3_interaction_results.json with 21 extracted interactions.

[05:40:46 +6m 13s | thequantuminsider_2024_04_09_anthony_laing_of_duality_quantum_photonics_on_navigating_qcs_b2dff77c] === 4 clean interactions ===
[05:40:46 +6m 13s | thequantuminsider_2024_04_09_anthony_laing_of_duality_quantum_photonics_on_navigating_qcs_b2dff77c] Saved 4_edges.json with 0 cleaned interactions.

[05:40:46 +6m 13s | thequantuminsider_2024_04_09_anthony_laing_of_duality_quantum_photonics_on_navigating_qcs_b2dff77c] === 5 helix enrichment ===
[05:40:46 +6m 13s | thequantuminsider_2024_04_09_anthony_laing_of_duality_quantum_photonics_on_navigating_qcs_b2dff77c] Wrote 5_nodes.json (18 actors)
[05:40:46 +6m 13s | thequantuminsider_2024_04_09_anthony_laing_of_duality_quantum_photonics_on_navigating_qcs_b2dff77c] Wrote 5_edges.json (0 interactions)
[05:40:46 +6m 13s | thequantuminsider_2024_04_09_anthony_laing_of_duality_quantum_photonics_on_navigating_qcs_b2dff77c] Actor helix counts: {'Civil Society': 2, 'Government': 4, 'Industry': 4, 'Intermediary': 2, 'Unknown': 6}
[05:40:46 +6m 13s | thequantuminsider_2024_04_09_anthony_laing_of_duality_quantum_photonics_on_navigating_qcs_b2dff77c] Functional-space counts: {}

[05:40:46 +6m 13s | thequantuminsider_2024_04_09_anthony_laing_of_duality_quantum_photonics_on_navigating_qcs_b2dff77c] === 6 network visualisation ===
[05:40:47 +6m 14s | thequantuminsider_2024_04_09_anthony_laing_of_duality_quantum_photonics_on_navigating_qcs_b2dff77c] Wrote quantum_network.html
[05:40:47 +6m 14s | thequantuminsider_2024_04_09_anthony_laing_of_duality_quantum_photonics_on_navigating_qcs_b2dff77c] Nodes: 18
[05:40:47 +6m 14s | thequantuminsider_2024_04_09_anthony_laing_of_duality_quantum_photonics_on_navigating_qcs_b2dff77c] Edges: 0

[05:40:47 +6m 14s | thequantuminsider_2024_04_09_anthony_laing_of_duality_quantum_photonics_on_navigating_qcs_b2dff77c] Done. Outputs written to: /home/lv/IDP/idpdeeptech/pipeline/news_outputs/thequantuminsider_2024_04_09_anthony_laing_of_duality_quantum_photonics_on_navigating_qcs_b2dff77c
[05:40:47 +6m 14s | thequantuminsider_2024_04_09_anthony_laing_of_duality_quantum_photonics_on_navigating_qcs_b2dff77c] Log: /home/lv/IDP/idpdeeptech/pipeline/news_outputs/thequantuminsider_2024_04_09_anthony_laing_of_duality_quantum_photonics_on_navigating_qcs_b2dff77c/run.log

========================================================================
RUN FINISHED 2026-07-02 05:40:47  (OK)
Started:     2026-07-02 05:34:33
Elapsed:     6m 14s
========================================================================
