
========================================================================
RUN STARTED  2026-07-02 08:48:14
site_pipeline.py https://thequantuminsider.com/2024/02/29/quantum-circuits-appoints-ray-smets-as-president-and-ceo/
========================================================================

[08:48:14 +0s | thequantuminsider_2024_02_29_quantum_circuits_appoints_ray_smets_as_president_and_ceo] === 0 crawl site ===
[08:48:17 +3s | thequantuminsider_2024_02_29_quantum_circuits_appoints_ray_smets_as_president_and_ceo] [INIT].... → Crawl4AI 0.8.6 
[08:48:19 +5s | thequantuminsider_2024_02_29_quantum_circuits_appoints_ray_smets_as_president_and_ceo] [FETCH]... ↓ https://thequantuminsider.com/2024/02/29/quantum-circuits-appoints-ray-smets-as-president-and-ceo/   | ✓ | ⏱: 2.65s 
[08:48:19 +5s | thequantuminsider_2024_02_29_quantum_circuits_appoints_ray_smets_as_president_and_ceo] [SCRAPE].. ◆ https://thequantuminsider.com/2024/02/29/quantum-circuits-appoints-ray-smets-as-president-and-ceo/   | ✓ | ⏱: 0.09s 
[08:48:19 +5s | thequantuminsider_2024_02_29_quantum_circuits_appoints_ray_smets_as_president_and_ceo] [COMPLETE] ● https://thequantuminsider.com/2024/02/29/quantum-circuits-appoints-ray-smets-as-president-and-ceo/   | ✓ | ⏱: 2.76s 
[08:48:19 +5s | thequantuminsider_2024_02_29_quantum_circuits_appoints_ray_smets_as_president_and_ceo] Saved: crawl_output/05d9661c56_thequantuminsider.com_2024_02_29_quantum-circuits-appoints-ray-smets-as-president-and-ceo.json

[08:48:20 +6s | thequantuminsider_2024_02_29_quantum_circuits_appoints_ray_smets_as_president_and_ceo] === 1 actor extraction ===
[08:48:20 +6s | thequantuminsider_2024_02_29_quantum_circuits_appoints_ray_smets_as_president_and_ceo] Reading page (1/1): https://thequantuminsider.com/2024/02/29/quantum-circuits-appoints-ray-smets-as-president-and-ceo
[08:48:20 +6s | thequantuminsider_2024_02_29_quantum_circuits_appoints_ray_smets_as_president_and_ceo] Extracting actors: https://thequantuminsider.com/2024/02/29/quantum-circuits-appoints-ray-smets-as-president-and-ceo (1/1), chunk 1/31
[08:48:28 +14s | thequantuminsider_2024_02_29_quantum_circuits_appoints_ray_smets_as_president_and_ceo] Repaired malformed JSON.
[08:48:28 +14s | thequantuminsider_2024_02_29_quantum_circuits_appoints_ray_smets_as_president_and_ceo] Extracting actors: https://thequantuminsider.com/2024/02/29/quantum-circuits-appoints-ray-smets-as-president-and-ceo (1/1), chunk 2/31
[08:48:34 +21s | thequantuminsider_2024_02_29_quantum_circuits_appoints_ray_smets_as_president_and_ceo] Repaired malformed JSON.
[08:48:34 +21s | thequantuminsider_2024_02_29_quantum_circuits_appoints_ray_smets_as_president_and_ceo] Extracting actors: https://thequantuminsider.com/2024/02/29/quantum-circuits-appoints-ray-smets-as-president-and-ceo (1/1), chunk 3/31
[08:48:42 +28s | thequantuminsider_2024_02_29_quantum_circuits_appoints_ray_smets_as_president_and_ceo] Repaired malformed JSON.
[08:48:42 +28s | thequantuminsider_2024_02_29_quantum_circuits_appoints_ray_smets_as_president_and_ceo] Extracting actors: https://thequantuminsider.com/2024/02/29/quantum-circuits-appoints-ray-smets-as-president-and-ceo (1/1), chunk 4/31
[08:48:49 +35s | thequantuminsider_2024_02_29_quantum_circuits_appoints_ray_smets_as_president_and_ceo] Repaired malformed JSON.
[08:48:49 +35s | thequantuminsider_2024_02_29_quantum_circuits_appoints_ray_smets_as_president_and_ceo] Extracting actors: https://thequantuminsider.com/2024/02/29/quantum-circuits-appoints-ray-smets-as-president-and-ceo (1/1), chunk 5/31
[08:48:57 +43s | thequantuminsider_2024_02_29_quantum_circuits_appoints_ray_smets_as_president_and_ceo] Repaired malformed JSON.
[08:48:57 +43s | thequantuminsider_2024_02_29_quantum_circuits_appoints_ray_smets_as_president_and_ceo] Extracting actors: https://thequantuminsider.com/2024/02/29/quantum-circuits-appoints-ray-smets-as-president-and-ceo (1/1), chunk 6/31
[08:49:03 +49s | thequantuminsider_2024_02_29_quantum_circuits_appoints_ray_smets_as_president_and_ceo] Repaired malformed JSON.
[08:49:03 +49s | thequantuminsider_2024_02_29_quantum_circuits_appoints_ray_smets_as_president_and_ceo] Extracting actors: https://thequantuminsider.com/2024/02/29/quantum-circuits-appoints-ray-smets-as-president-and-ceo (1/1), chunk 7/31
[08:49:13 +59s | thequantuminsider_2024_02_29_quantum_circuits_appoints_ray_smets_as_president_and_ceo] Repaired malformed JSON.
[08:49:13 +59s | thequantuminsider_2024_02_29_quantum_circuits_appoints_ray_smets_as_president_and_ceo] Extracting actors: https://thequantuminsider.com/2024/02/29/quantum-circuits-appoints-ray-smets-as-president-and-ceo (1/1), chunk 8/31
[08:49:21 +1m 7s | thequantuminsider_2024_02_29_quantum_circuits_appoints_ray_smets_as_president_and_ceo] Repaired malformed JSON.
[08:49:21 +1m 7s | thequantuminsider_2024_02_29_quantum_circuits_appoints_ray_smets_as_president_and_ceo] Extracting actors: https://thequantuminsider.com/2024/02/29/quantum-circuits-appoints-ray-smets-as-president-and-ceo (1/1), chunk 9/31
[08:49:28 +1m 14s | thequantuminsider_2024_02_29_quantum_circuits_appoints_ray_smets_as_president_and_ceo] Repaired malformed JSON.
[08:49:28 +1m 14s | thequantuminsider_2024_02_29_quantum_circuits_appoints_ray_smets_as_president_and_ceo] Extracting actors: https://thequantuminsider.com/2024/02/29/quantum-circuits-appoints-ray-smets-as-president-and-ceo (1/1), chunk 10/31
[08:49:35 +1m 21s | thequantuminsider_2024_02_29_quantum_circuits_appoints_ray_smets_as_president_and_ceo] Repaired malformed JSON.
[08:49:35 +1m 21s | thequantuminsider_2024_02_29_quantum_circuits_appoints_ray_smets_as_president_and_ceo] Extracting actors: https://thequantuminsider.com/2024/02/29/quantum-circuits-appoints-ray-smets-as-president-and-ceo (1/1), chunk 11/31
[08:49:42 +1m 28s | thequantuminsider_2024_02_29_quantum_circuits_appoints_ray_smets_as_president_and_ceo] Repaired malformed JSON.
[08:49:42 +1m 28s | thequantuminsider_2024_02_29_quantum_circuits_appoints_ray_smets_as_president_and_ceo] Extracting actors: https://thequantuminsider.com/2024/02/29/quantum-circuits-appoints-ray-smets-as-president-and-ceo (1/1), chunk 12/31
[08:49:49 +1m 35s | thequantuminsider_2024_02_29_quantum_circuits_appoints_ray_smets_as_president_and_ceo] Repaired malformed JSON.
[08:49:49 +1m 35s | thequantuminsider_2024_02_29_quantum_circuits_appoints_ray_smets_as_president_and_ceo] Extracting actors: https://thequantuminsider.com/2024/02/29/quantum-circuits-appoints-ray-smets-as-president-and-ceo (1/1), chunk 13/31
[08:49:55 +1m 41s | thequantuminsider_2024_02_29_quantum_circuits_appoints_ray_smets_as_president_and_ceo] Repaired malformed JSON.
[08:49:55 +1m 41s | thequantuminsider_2024_02_29_quantum_circuits_appoints_ray_smets_as_president_and_ceo] Extracting actors: https://thequantuminsider.com/2024/02/29/quantum-circuits-appoints-ray-smets-as-president-and-ceo (1/1), chunk 14/31
[08:50:02 +1m 48s | thequantuminsider_2024_02_29_quantum_circuits_appoints_ray_smets_as_president_and_ceo] Repaired malformed JSON.
[08:50:02 +1m 48s | thequantuminsider_2024_02_29_quantum_circuits_appoints_ray_smets_as_president_and_ceo] Extracting actors: https://thequantuminsider.com/2024/02/29/quantum-circuits-appoints-ray-smets-as-president-and-ceo (1/1), chunk 15/31
[08:50:09 +1m 55s | thequantuminsider_2024_02_29_quantum_circuits_appoints_ray_smets_as_president_and_ceo] Repaired malformed JSON.
[08:50:09 +1m 55s | thequantuminsider_2024_02_29_quantum_circuits_appoints_ray_smets_as_president_and_ceo] Extracting actors: https://thequantuminsider.com/2024/02/29/quantum-circuits-appoints-ray-smets-as-president-and-ceo (1/1), chunk 16/31
[08:50:16 +2m 2s | thequantuminsider_2024_02_29_quantum_circuits_appoints_ray_smets_as_president_and_ceo] Repaired malformed JSON.
[08:50:16 +2m 2s | thequantuminsider_2024_02_29_quantum_circuits_appoints_ray_smets_as_president_and_ceo] Extracting actors: https://thequantuminsider.com/2024/02/29/quantum-circuits-appoints-ray-smets-as-president-and-ceo (1/1), chunk 17/31
[08:50:24 +2m 10s | thequantuminsider_2024_02_29_quantum_circuits_appoints_ray_smets_as_president_and_ceo] Repaired malformed JSON.
[08:50:24 +2m 10s | thequantuminsider_2024_02_29_quantum_circuits_appoints_ray_smets_as_president_and_ceo] Extracting actors: https://thequantuminsider.com/2024/02/29/quantum-circuits-appoints-ray-smets-as-president-and-ceo (1/1), chunk 18/31
[08:50:32 +2m 18s | thequantuminsider_2024_02_29_quantum_circuits_appoints_ray_smets_as_president_and_ceo] Repaired malformed JSON.
[08:50:32 +2m 18s | thequantuminsider_2024_02_29_quantum_circuits_appoints_ray_smets_as_president_and_ceo] Extracting actors: https://thequantuminsider.com/2024/02/29/quantum-circuits-appoints-ray-smets-as-president-and-ceo (1/1), chunk 19/31
[08:50:39 +2m 25s | thequantuminsider_2024_02_29_quantum_circuits_appoints_ray_smets_as_president_and_ceo] Repaired malformed JSON.
[08:50:39 +2m 25s | thequantuminsider_2024_02_29_quantum_circuits_appoints_ray_smets_as_president_and_ceo] Extracting actors: https://thequantuminsider.com/2024/02/29/quantum-circuits-appoints-ray-smets-as-president-and-ceo (1/1), chunk 20/31
[08:50:46 +2m 32s | thequantuminsider_2024_02_29_quantum_circuits_appoints_ray_smets_as_president_and_ceo] Repaired malformed JSON.
[08:50:46 +2m 32s | thequantuminsider_2024_02_29_quantum_circuits_appoints_ray_smets_as_president_and_ceo] Extracting actors: https://thequantuminsider.com/2024/02/29/quantum-circuits-appoints-ray-smets-as-president-and-ceo (1/1), chunk 21/31
[08:50:54 +2m 40s | thequantuminsider_2024_02_29_quantum_circuits_appoints_ray_smets_as_president_and_ceo] Repaired malformed JSON.
[08:50:54 +2m 40s | thequantuminsider_2024_02_29_quantum_circuits_appoints_ray_smets_as_president_and_ceo] Extracting actors: https://thequantuminsider.com/2024/02/29/quantum-circuits-appoints-ray-smets-as-president-and-ceo (1/1), chunk 22/31
[08:51:00 +2m 46s | thequantuminsider_2024_02_29_quantum_circuits_appoints_ray_smets_as_president_and_ceo] Repaired malformed JSON.
[08:51:00 +2m 46s | thequantuminsider_2024_02_29_quantum_circuits_appoints_ray_smets_as_president_and_ceo] Extracting actors: https://thequantuminsider.com/2024/02/29/quantum-circuits-appoints-ray-smets-as-president-and-ceo (1/1), chunk 23/31
[08:51:06 +2m 52s | thequantuminsider_2024_02_29_quantum_circuits_appoints_ray_smets_as_president_and_ceo] Repaired malformed JSON.
[08:51:06 +2m 52s | thequantuminsider_2024_02_29_quantum_circuits_appoints_ray_smets_as_president_and_ceo] Extracting actors: https://thequantuminsider.com/2024/02/29/quantum-circuits-appoints-ray-smets-as-president-and-ceo (1/1), chunk 24/31
[08:51:13 +2m 59s | thequantuminsider_2024_02_29_quantum_circuits_appoints_ray_smets_as_president_and_ceo] Repaired malformed JSON.
[08:51:13 +2m 59s | thequantuminsider_2024_02_29_quantum_circuits_appoints_ray_smets_as_president_and_ceo] Extracting actors: https://thequantuminsider.com/2024/02/29/quantum-circuits-appoints-ray-smets-as-president-and-ceo (1/1), chunk 25/31
[08:51:19 +3m 5s | thequantuminsider_2024_02_29_quantum_circuits_appoints_ray_smets_as_president_and_ceo] Repaired malformed JSON.
[08:51:19 +3m 5s | thequantuminsider_2024_02_29_quantum_circuits_appoints_ray_smets_as_president_and_ceo] Extracting actors: https://thequantuminsider.com/2024/02/29/quantum-circuits-appoints-ray-smets-as-president-and-ceo (1/1), chunk 26/31
[08:51:25 +3m 11s | thequantuminsider_2024_02_29_quantum_circuits_appoints_ray_smets_as_president_and_ceo] Extracting actors: https://thequantuminsider.com/2024/02/29/quantum-circuits-appoints-ray-smets-as-president-and-ceo (1/1), chunk 27/31
[08:51:33 +3m 19s | thequantuminsider_2024_02_29_quantum_circuits_appoints_ray_smets_as_president_and_ceo] Repaired malformed JSON.
[08:51:33 +3m 19s | thequantuminsider_2024_02_29_quantum_circuits_appoints_ray_smets_as_president_and_ceo] Extracting actors: https://thequantuminsider.com/2024/02/29/quantum-circuits-appoints-ray-smets-as-president-and-ceo (1/1), chunk 28/31
[08:51:35 +3m 21s | thequantuminsider_2024_02_29_quantum_circuits_appoints_ray_smets_as_president_and_ceo] Extracting actors: https://thequantuminsider.com/2024/02/29/quantum-circuits-appoints-ray-smets-as-president-and-ceo (1/1), chunk 29/31
[08:51:43 +3m 29s | thequantuminsider_2024_02_29_quantum_circuits_appoints_ray_smets_as_president_and_ceo] Repaired malformed JSON.
[08:51:43 +3m 29s | thequantuminsider_2024_02_29_quantum_circuits_appoints_ray_smets_as_president_and_ceo] Extracting actors: https://thequantuminsider.com/2024/02/29/quantum-circuits-appoints-ray-smets-as-president-and-ceo (1/1), chunk 30/31
[08:51:50 +3m 36s | thequantuminsider_2024_02_29_quantum_circuits_appoints_ray_smets_as_president_and_ceo] Repaired malformed JSON.
[08:51:50 +3m 36s | thequantuminsider_2024_02_29_quantum_circuits_appoints_ray_smets_as_president_and_ceo] Extracting actors: https://thequantuminsider.com/2024/02/29/quantum-circuits-appoints-ray-smets-as-president-and-ceo (1/1), chunk 31/31
[08:51:57 +3m 43s | thequantuminsider_2024_02_29_quantum_circuits_appoints_ray_smets_as_president_and_ceo] Repaired malformed JSON.
[08:51:57 +3m 43s | thequantuminsider_2024_02_29_quantum_circuits_appoints_ray_smets_as_president_and_ceo] Saved 1_actor_results.json with 59 extracted records

[08:51:57 +3m 43s | thequantuminsider_2024_02_29_quantum_circuits_appoints_ray_smets_as_president_and_ceo] === 2 clean actors ===
[08:51:57 +3m 44s | thequantuminsider_2024_02_29_quantum_circuits_appoints_ray_smets_as_president_and_ceo] Loaded 59 extracted records
[08:51:57 +3m 44s | thequantuminsider_2024_02_29_quantum_circuits_appoints_ray_smets_as_president_and_ceo] Saved 2_actor_nodes.json with 13 canonical actor nodes

[08:51:57 +3m 44s | thequantuminsider_2024_02_29_quantum_circuits_appoints_ray_smets_as_president_and_ceo] === 3 interaction extraction ===
[08:51:58 +3m 44s | thequantuminsider_2024_02_29_quantum_circuits_appoints_ray_smets_as_president_and_ceo] Extracting interactions: https://thequantuminsider.com/2024/02/29/quantum-circuits-appoints-ray-smets-as-president-and-ceo (1/1), chunk 11/31
[08:52:01 +3m 47s | thequantuminsider_2024_02_29_quantum_circuits_appoints_ray_smets_as_president_and_ceo] Extracting interactions: https://thequantuminsider.com/2024/02/29/quantum-circuits-appoints-ray-smets-as-president-and-ceo (1/1), chunk 12/31
[08:52:17 +4m 3s | thequantuminsider_2024_02_29_quantum_circuits_appoints_ray_smets_as_president_and_ceo] Extracting interactions: https://thequantuminsider.com/2024/02/29/quantum-circuits-appoints-ray-smets-as-president-and-ceo (1/1), chunk 13/31
[08:52:25 +4m 11s | thequantuminsider_2024_02_29_quantum_circuits_appoints_ray_smets_as_president_and_ceo] Extracting interactions: https://thequantuminsider.com/2024/02/29/quantum-circuits-appoints-ray-smets-as-president-and-ceo (1/1), chunk 14/31
[08:52:34 +4m 20s | thequantuminsider_2024_02_29_quantum_circuits_appoints_ray_smets_as_president_and_ceo] Extracting interactions: https://thequantuminsider.com/2024/02/29/quantum-circuits-appoints-ray-smets-as-president-and-ceo (1/1), chunk 15/31
[08:52:37 +4m 23s | thequantuminsider_2024_02_29_quantum_circuits_appoints_ray_smets_as_president_and_ceo] Extracting interactions: https://thequantuminsider.com/2024/02/29/quantum-circuits-appoints-ray-smets-as-president-and-ceo (1/1), chunk 16/31
[08:52:43 +4m 29s | thequantuminsider_2024_02_29_quantum_circuits_appoints_ray_smets_as_president_and_ceo] Extracting interactions: https://thequantuminsider.com/2024/02/29/quantum-circuits-appoints-ray-smets-as-president-and-ceo (1/1), chunk 17/31
[08:52:51 +4m 38s | thequantuminsider_2024_02_29_quantum_circuits_appoints_ray_smets_as_president_and_ceo] Extracting interactions: https://thequantuminsider.com/2024/02/29/quantum-circuits-appoints-ray-smets-as-president-and-ceo (1/1), chunk 18/31
[08:53:07 +4m 53s | thequantuminsider_2024_02_29_quantum_circuits_appoints_ray_smets_as_president_and_ceo] Extracting interactions: https://thequantuminsider.com/2024/02/29/quantum-circuits-appoints-ray-smets-as-president-and-ceo (1/1), chunk 19/31
[08:53:18 +5m 4s | thequantuminsider_2024_02_29_quantum_circuits_appoints_ray_smets_as_president_and_ceo] Extracting interactions: https://thequantuminsider.com/2024/02/29/quantum-circuits-appoints-ray-smets-as-president-and-ceo (1/1), chunk 20/31
[08:53:26 +5m 12s | thequantuminsider_2024_02_29_quantum_circuits_appoints_ray_smets_as_president_and_ceo] Extracting interactions: https://thequantuminsider.com/2024/02/29/quantum-circuits-appoints-ray-smets-as-president-and-ceo (1/1), chunk 21/31
[08:53:32 +5m 18s | thequantuminsider_2024_02_29_quantum_circuits_appoints_ray_smets_as_president_and_ceo] Extracting interactions: https://thequantuminsider.com/2024/02/29/quantum-circuits-appoints-ray-smets-as-president-and-ceo (1/1), chunk 22/31
[08:53:38 +5m 24s | thequantuminsider_2024_02_29_quantum_circuits_appoints_ray_smets_as_president_and_ceo] Extracting interactions: https://thequantuminsider.com/2024/02/29/quantum-circuits-appoints-ray-smets-as-president-and-ceo (1/1), chunk 25/31
[08:53:46 +5m 32s | thequantuminsider_2024_02_29_quantum_circuits_appoints_ray_smets_as_president_and_ceo] Saved 3_interaction_results.json with 26 extracted interactions.

[08:53:46 +5m 32s | thequantuminsider_2024_02_29_quantum_circuits_appoints_ray_smets_as_president_and_ceo] === 4 clean interactions ===
[08:53:46 +5m 32s | thequantuminsider_2024_02_29_quantum_circuits_appoints_ray_smets_as_president_and_ceo] Saved 4_edges.json with 4 cleaned interactions.

[08:53:46 +5m 32s | thequantuminsider_2024_02_29_quantum_circuits_appoints_ray_smets_as_president_and_ceo] === 5 helix enrichment ===
[08:53:46 +5m 32s | thequantuminsider_2024_02_29_quantum_circuits_appoints_ray_smets_as_president_and_ceo] Wrote 5_nodes.json (13 actors)
[08:53:46 +5m 32s | thequantuminsider_2024_02_29_quantum_circuits_appoints_ray_smets_as_president_and_ceo] Wrote 5_edges.json (4 interactions)
[08:53:46 +5m 32s | thequantuminsider_2024_02_29_quantum_circuits_appoints_ray_smets_as_president_and_ceo] Actor helix counts: {'Academia': 1, 'Civil Society': 2, 'Government': 3, 'Industry': 4, 'Intermediary': 1, 'Unknown': 2}
[08:53:46 +5m 32s | thequantuminsider_2024_02_29_quantum_circuits_appoints_ray_smets_as_president_and_ceo] Functional-space counts: {'Unknown': 4}

[08:53:46 +5m 32s | thequantuminsider_2024_02_29_quantum_circuits_appoints_ray_smets_as_president_and_ceo] === 6 network visualisation ===
[08:53:47 +5m 33s | thequantuminsider_2024_02_29_quantum_circuits_appoints_ray_smets_as_president_and_ceo] Wrote quantum_network.html
[08:53:47 +5m 33s | thequantuminsider_2024_02_29_quantum_circuits_appoints_ray_smets_as_president_and_ceo] Nodes: 13
[08:53:47 +5m 33s | thequantuminsider_2024_02_29_quantum_circuits_appoints_ray_smets_as_president_and_ceo] Edges: 2

[08:53:47 +5m 33s | thequantuminsider_2024_02_29_quantum_circuits_appoints_ray_smets_as_president_and_ceo] Done. Outputs written to: /home/lv/IDP/idpdeeptech/pipeline/news_outputs/thequantuminsider_2024_02_29_quantum_circuits_appoints_ray_smets_as_president_and_ceo
[08:53:47 +5m 33s | thequantuminsider_2024_02_29_quantum_circuits_appoints_ray_smets_as_president_and_ceo] Log: /home/lv/IDP/idpdeeptech/pipeline/news_outputs/thequantuminsider_2024_02_29_quantum_circuits_appoints_ray_smets_as_president_and_ceo/run.log

========================================================================
RUN FINISHED 2026-07-02 08:53:47  (OK)
Started:     2026-07-02 08:48:14
Elapsed:     5m 33s
========================================================================
