
========================================================================
RUN STARTED  2026-07-01 23:48:25
site_pipeline.py https://thequantuminsider.com/2019/10/18/weekly-quantum-digest-einsteins-quantum-twin-spin-and-more/
========================================================================

[23:48:25 +0s | thequantuminsider_2019_10_18_weekly_quantum_digest_einsteins_quantum_twin_spin_and_more] === 0 crawl site ===
[23:48:26 +1s | thequantuminsider_2019_10_18_weekly_quantum_digest_einsteins_quantum_twin_spin_and_more] [INIT].... → Crawl4AI 0.8.6 
[23:48:29 +3s | thequantuminsider_2019_10_18_weekly_quantum_digest_einsteins_quantum_twin_spin_and_more] [FETCH]... ↓ https://thequantuminsider.com/2019/10/18/weekly-quantum-digest-einsteins-quantum-twin-spin-and-more/ | ✓ | ⏱: 2.19s 
[23:48:29 +3s | thequantuminsider_2019_10_18_weekly_quantum_digest_einsteins_quantum_twin_spin_and_more] [SCRAPE].. ◆ https://thequantuminsider.com/2019/10/18/weekly-quantum-digest-einsteins-quantum-twin-spin-and-more/ | ✓ | ⏱: 0.11s 
[23:48:29 +3s | thequantuminsider_2019_10_18_weekly_quantum_digest_einsteins_quantum_twin_spin_and_more] [COMPLETE] ● https://thequantuminsider.com/2019/10/18/weekly-quantum-digest-einsteins-quantum-twin-spin-and-more/ | ✓ | ⏱: 2.32s 
[23:48:29 +3s | thequantuminsider_2019_10_18_weekly_quantum_digest_einsteins_quantum_twin_spin_and_more] Saved: crawl_output/2cbb143f54_thequantuminsider.com_2019_10_18_weekly-quantum-digest-einsteins-quantum-twin-spin-and-more.json

[23:48:29 +4s | thequantuminsider_2019_10_18_weekly_quantum_digest_einsteins_quantum_twin_spin_and_more] === 1 actor extraction ===
[23:48:29 +4s | thequantuminsider_2019_10_18_weekly_quantum_digest_einsteins_quantum_twin_spin_and_more] Reading page (1/1): https://thequantuminsider.com/2019/10/18/weekly-quantum-digest-einsteins-quantum-twin-spin-and-more
[23:48:29 +4s | thequantuminsider_2019_10_18_weekly_quantum_digest_einsteins_quantum_twin_spin_and_more] Extracting actors: https://thequantuminsider.com/2019/10/18/weekly-quantum-digest-einsteins-quantum-twin-spin-and-more (1/1), chunk 1/37
[23:48:35 +10s | thequantuminsider_2019_10_18_weekly_quantum_digest_einsteins_quantum_twin_spin_and_more] Extracting actors: https://thequantuminsider.com/2019/10/18/weekly-quantum-digest-einsteins-quantum-twin-spin-and-more (1/1), chunk 2/37
[23:48:40 +14s | thequantuminsider_2019_10_18_weekly_quantum_digest_einsteins_quantum_twin_spin_and_more] Extracting actors: https://thequantuminsider.com/2019/10/18/weekly-quantum-digest-einsteins-quantum-twin-spin-and-more (1/1), chunk 3/37
[23:48:47 +19s | thequantuminsider_2019_10_18_weekly_quantum_digest_einsteins_quantum_twin_spin_and_more] Extracting actors: https://thequantuminsider.com/2019/10/18/weekly-quantum-digest-einsteins-quantum-twin-spin-and-more (1/1), chunk 4/37
[23:48:53 +25s | thequantuminsider_2019_10_18_weekly_quantum_digest_einsteins_quantum_twin_spin_and_more] Extracting actors: https://thequantuminsider.com/2019/10/18/weekly-quantum-digest-einsteins-quantum-twin-spin-and-more (1/1), chunk 5/37
[23:48:59 +31s | thequantuminsider_2019_10_18_weekly_quantum_digest_einsteins_quantum_twin_spin_and_more] Extracting actors: https://thequantuminsider.com/2019/10/18/weekly-quantum-digest-einsteins-quantum-twin-spin-and-more (1/1), chunk 6/37
[23:49:04 +36s | thequantuminsider_2019_10_18_weekly_quantum_digest_einsteins_quantum_twin_spin_and_more] Extracting actors: https://thequantuminsider.com/2019/10/18/weekly-quantum-digest-einsteins-quantum-twin-spin-and-more (1/1), chunk 7/37
[23:49:09 +41s | thequantuminsider_2019_10_18_weekly_quantum_digest_einsteins_quantum_twin_spin_and_more] Extracting actors: https://thequantuminsider.com/2019/10/18/weekly-quantum-digest-einsteins-quantum-twin-spin-and-more (1/1), chunk 8/37
[23:49:15 +47s | thequantuminsider_2019_10_18_weekly_quantum_digest_einsteins_quantum_twin_spin_and_more] Extracting actors: https://thequantuminsider.com/2019/10/18/weekly-quantum-digest-einsteins-quantum-twin-spin-and-more (1/1), chunk 9/37
[23:49:23 +52s | thequantuminsider_2019_10_18_weekly_quantum_digest_einsteins_quantum_twin_spin_and_more] Extracting actors: https://thequantuminsider.com/2019/10/18/weekly-quantum-digest-einsteins-quantum-twin-spin-and-more (1/1), chunk 10/37
[23:49:29 +58s | thequantuminsider_2019_10_18_weekly_quantum_digest_einsteins_quantum_twin_spin_and_more] Extracting actors: https://thequantuminsider.com/2019/10/18/weekly-quantum-digest-einsteins-quantum-twin-spin-and-more (1/1), chunk 11/37
[23:49:34 +1m 3s | thequantuminsider_2019_10_18_weekly_quantum_digest_einsteins_quantum_twin_spin_and_more] Repaired malformed JSON.
[23:49:34 +1m 3s | thequantuminsider_2019_10_18_weekly_quantum_digest_einsteins_quantum_twin_spin_and_more] Extracting actors: https://thequantuminsider.com/2019/10/18/weekly-quantum-digest-einsteins-quantum-twin-spin-and-more (1/1), chunk 12/37
[23:49:41 +1m 10s | thequantuminsider_2019_10_18_weekly_quantum_digest_einsteins_quantum_twin_spin_and_more] Repaired malformed JSON.
[23:49:41 +1m 10s | thequantuminsider_2019_10_18_weekly_quantum_digest_einsteins_quantum_twin_spin_and_more] Extracting actors: https://thequantuminsider.com/2019/10/18/weekly-quantum-digest-einsteins-quantum-twin-spin-and-more (1/1), chunk 13/37
[23:49:47 +1m 16s | thequantuminsider_2019_10_18_weekly_quantum_digest_einsteins_quantum_twin_spin_and_more] Repaired malformed JSON.
[23:49:47 +1m 16s | thequantuminsider_2019_10_18_weekly_quantum_digest_einsteins_quantum_twin_spin_and_more] Extracting actors: https://thequantuminsider.com/2019/10/18/weekly-quantum-digest-einsteins-quantum-twin-spin-and-more (1/1), chunk 14/37
[23:49:53 +1m 21s | thequantuminsider_2019_10_18_weekly_quantum_digest_einsteins_quantum_twin_spin_and_more] Repaired malformed JSON.
[23:49:53 +1m 21s | thequantuminsider_2019_10_18_weekly_quantum_digest_einsteins_quantum_twin_spin_and_more] Extracting actors: https://thequantuminsider.com/2019/10/18/weekly-quantum-digest-einsteins-quantum-twin-spin-and-more (1/1), chunk 15/37
[23:50:04 +1m 29s | thequantuminsider_2019_10_18_weekly_quantum_digest_einsteins_quantum_twin_spin_and_more] Repaired malformed JSON.
[23:50:04 +1m 29s | thequantuminsider_2019_10_18_weekly_quantum_digest_einsteins_quantum_twin_spin_and_more] Extracting actors: https://thequantuminsider.com/2019/10/18/weekly-quantum-digest-einsteins-quantum-twin-spin-and-more (1/1), chunk 16/37
[23:50:11 +1m 37s | thequantuminsider_2019_10_18_weekly_quantum_digest_einsteins_quantum_twin_spin_and_more] Repaired malformed JSON.
[23:50:11 +1m 37s | thequantuminsider_2019_10_18_weekly_quantum_digest_einsteins_quantum_twin_spin_and_more] Extracting actors: https://thequantuminsider.com/2019/10/18/weekly-quantum-digest-einsteins-quantum-twin-spin-and-more (1/1), chunk 17/37
[23:50:18 +1m 44s | thequantuminsider_2019_10_18_weekly_quantum_digest_einsteins_quantum_twin_spin_and_more] Repaired malformed JSON.
[23:50:18 +1m 44s | thequantuminsider_2019_10_18_weekly_quantum_digest_einsteins_quantum_twin_spin_and_more] Extracting actors: https://thequantuminsider.com/2019/10/18/weekly-quantum-digest-einsteins-quantum-twin-spin-and-more (1/1), chunk 18/37
[23:50:24 +1m 50s | thequantuminsider_2019_10_18_weekly_quantum_digest_einsteins_quantum_twin_spin_and_more] Repaired malformed JSON.
[23:50:24 +1m 50s | thequantuminsider_2019_10_18_weekly_quantum_digest_einsteins_quantum_twin_spin_and_more] Extracting actors: https://thequantuminsider.com/2019/10/18/weekly-quantum-digest-einsteins-quantum-twin-spin-and-more (1/1), chunk 19/37
[23:50:33 +1m 56s | thequantuminsider_2019_10_18_weekly_quantum_digest_einsteins_quantum_twin_spin_and_more] Repaired malformed JSON.
[23:50:33 +1m 56s | thequantuminsider_2019_10_18_weekly_quantum_digest_einsteins_quantum_twin_spin_and_more] Extracting actors: https://thequantuminsider.com/2019/10/18/weekly-quantum-digest-einsteins-quantum-twin-spin-and-more (1/1), chunk 20/37
[23:50:42 +2m 5s | thequantuminsider_2019_10_18_weekly_quantum_digest_einsteins_quantum_twin_spin_and_more] Repaired malformed JSON.
[23:50:42 +2m 5s | thequantuminsider_2019_10_18_weekly_quantum_digest_einsteins_quantum_twin_spin_and_more] Extracting actors: https://thequantuminsider.com/2019/10/18/weekly-quantum-digest-einsteins-quantum-twin-spin-and-more (1/1), chunk 21/37
[23:50:48 +2m 11s | thequantuminsider_2019_10_18_weekly_quantum_digest_einsteins_quantum_twin_spin_and_more] Repaired malformed JSON.
[23:50:48 +2m 11s | thequantuminsider_2019_10_18_weekly_quantum_digest_einsteins_quantum_twin_spin_and_more] Extracting actors: https://thequantuminsider.com/2019/10/18/weekly-quantum-digest-einsteins-quantum-twin-spin-and-more (1/1), chunk 22/37
[23:50:56 +2m 19s | thequantuminsider_2019_10_18_weekly_quantum_digest_einsteins_quantum_twin_spin_and_more] Repaired malformed JSON.
[23:50:56 +2m 19s | thequantuminsider_2019_10_18_weekly_quantum_digest_einsteins_quantum_twin_spin_and_more] Extracting actors: https://thequantuminsider.com/2019/10/18/weekly-quantum-digest-einsteins-quantum-twin-spin-and-more (1/1), chunk 23/37
[23:51:07 +2m 27s | thequantuminsider_2019_10_18_weekly_quantum_digest_einsteins_quantum_twin_spin_and_more] Repaired malformed JSON.
[23:51:07 +2m 27s | thequantuminsider_2019_10_18_weekly_quantum_digest_einsteins_quantum_twin_spin_and_more] Extracting actors: https://thequantuminsider.com/2019/10/18/weekly-quantum-digest-einsteins-quantum-twin-spin-and-more (1/1), chunk 24/37
[23:51:15 +2m 35s | thequantuminsider_2019_10_18_weekly_quantum_digest_einsteins_quantum_twin_spin_and_more] Repaired malformed JSON.
[23:51:15 +2m 35s | thequantuminsider_2019_10_18_weekly_quantum_digest_einsteins_quantum_twin_spin_and_more] Extracting actors: https://thequantuminsider.com/2019/10/18/weekly-quantum-digest-einsteins-quantum-twin-spin-and-more (1/1), chunk 25/37
[23:51:21 +2m 41s | thequantuminsider_2019_10_18_weekly_quantum_digest_einsteins_quantum_twin_spin_and_more] Extracting actors: https://thequantuminsider.com/2019/10/18/weekly-quantum-digest-einsteins-quantum-twin-spin-and-more (1/1), chunk 26/37
[23:51:26 +2m 47s | thequantuminsider_2019_10_18_weekly_quantum_digest_einsteins_quantum_twin_spin_and_more] Repaired malformed JSON.
[23:51:26 +2m 47s | thequantuminsider_2019_10_18_weekly_quantum_digest_einsteins_quantum_twin_spin_and_more] Extracting actors: https://thequantuminsider.com/2019/10/18/weekly-quantum-digest-einsteins-quantum-twin-spin-and-more (1/1), chunk 27/37
[23:51:32 +2m 52s | thequantuminsider_2019_10_18_weekly_quantum_digest_einsteins_quantum_twin_spin_and_more] Repaired malformed JSON.
[23:51:32 +2m 52s | thequantuminsider_2019_10_18_weekly_quantum_digest_einsteins_quantum_twin_spin_and_more] Extracting actors: https://thequantuminsider.com/2019/10/18/weekly-quantum-digest-einsteins-quantum-twin-spin-and-more (1/1), chunk 28/37
[23:51:42 +2m 59s | thequantuminsider_2019_10_18_weekly_quantum_digest_einsteins_quantum_twin_spin_and_more] Repaired malformed JSON.
[23:51:42 +2m 59s | thequantuminsider_2019_10_18_weekly_quantum_digest_einsteins_quantum_twin_spin_and_more] Extracting actors: https://thequantuminsider.com/2019/10/18/weekly-quantum-digest-einsteins-quantum-twin-spin-and-more (1/1), chunk 29/37
[23:51:49 +3m 6s | thequantuminsider_2019_10_18_weekly_quantum_digest_einsteins_quantum_twin_spin_and_more] Repaired malformed JSON.
[23:51:49 +3m 6s | thequantuminsider_2019_10_18_weekly_quantum_digest_einsteins_quantum_twin_spin_and_more] Extracting actors: https://thequantuminsider.com/2019/10/18/weekly-quantum-digest-einsteins-quantum-twin-spin-and-more (1/1), chunk 30/37
[23:51:55 +3m 12s | thequantuminsider_2019_10_18_weekly_quantum_digest_einsteins_quantum_twin_spin_and_more] Repaired malformed JSON.
[23:51:55 +3m 12s | thequantuminsider_2019_10_18_weekly_quantum_digest_einsteins_quantum_twin_spin_and_more] Extracting actors: https://thequantuminsider.com/2019/10/18/weekly-quantum-digest-einsteins-quantum-twin-spin-and-more (1/1), chunk 31/37
[23:52:03 +3m 21s | thequantuminsider_2019_10_18_weekly_quantum_digest_einsteins_quantum_twin_spin_and_more] Repaired malformed JSON.
[23:52:03 +3m 21s | thequantuminsider_2019_10_18_weekly_quantum_digest_einsteins_quantum_twin_spin_and_more] Extracting actors: https://thequantuminsider.com/2019/10/18/weekly-quantum-digest-einsteins-quantum-twin-spin-and-more (1/1), chunk 32/37
[23:52:10 +3m 27s | thequantuminsider_2019_10_18_weekly_quantum_digest_einsteins_quantum_twin_spin_and_more] Repaired malformed JSON.
[23:52:10 +3m 27s | thequantuminsider_2019_10_18_weekly_quantum_digest_einsteins_quantum_twin_spin_and_more] Extracting actors: https://thequantuminsider.com/2019/10/18/weekly-quantum-digest-einsteins-quantum-twin-spin-and-more (1/1), chunk 33/37
[23:52:19 +3m 33s | thequantuminsider_2019_10_18_weekly_quantum_digest_einsteins_quantum_twin_spin_and_more] Repaired malformed JSON.
[23:52:19 +3m 33s | thequantuminsider_2019_10_18_weekly_quantum_digest_einsteins_quantum_twin_spin_and_more] Extracting actors: https://thequantuminsider.com/2019/10/18/weekly-quantum-digest-einsteins-quantum-twin-spin-and-more (1/1), chunk 34/37
[23:52:26 +3m 40s | thequantuminsider_2019_10_18_weekly_quantum_digest_einsteins_quantum_twin_spin_and_more] Repaired malformed JSON.
[23:52:26 +3m 40s | thequantuminsider_2019_10_18_weekly_quantum_digest_einsteins_quantum_twin_spin_and_more] Extracting actors: https://thequantuminsider.com/2019/10/18/weekly-quantum-digest-einsteins-quantum-twin-spin-and-more (1/1), chunk 35/37
[23:52:32 +3m 46s | thequantuminsider_2019_10_18_weekly_quantum_digest_einsteins_quantum_twin_spin_and_more] Repaired malformed JSON.
[23:52:32 +3m 46s | thequantuminsider_2019_10_18_weekly_quantum_digest_einsteins_quantum_twin_spin_and_more] Extracting actors: https://thequantuminsider.com/2019/10/18/weekly-quantum-digest-einsteins-quantum-twin-spin-and-more (1/1), chunk 36/37
[23:52:39 +3m 53s | thequantuminsider_2019_10_18_weekly_quantum_digest_einsteins_quantum_twin_spin_and_more] Repaired malformed JSON.
[23:52:39 +3m 53s | thequantuminsider_2019_10_18_weekly_quantum_digest_einsteins_quantum_twin_spin_and_more] Extracting actors: https://thequantuminsider.com/2019/10/18/weekly-quantum-digest-einsteins-quantum-twin-spin-and-more (1/1), chunk 37/37
[23:52:46 +4m 0s | thequantuminsider_2019_10_18_weekly_quantum_digest_einsteins_quantum_twin_spin_and_more] Repaired malformed JSON.
[23:52:46 +4m 0s | thequantuminsider_2019_10_18_weekly_quantum_digest_einsteins_quantum_twin_spin_and_more] Saved 1_actor_results.json with 56 extracted records

[23:52:46 +4m 0s | thequantuminsider_2019_10_18_weekly_quantum_digest_einsteins_quantum_twin_spin_and_more] === 2 clean actors ===
[23:52:46 +4m 1s | thequantuminsider_2019_10_18_weekly_quantum_digest_einsteins_quantum_twin_spin_and_more] Loaded 56 extracted records
[23:52:46 +4m 1s | thequantuminsider_2019_10_18_weekly_quantum_digest_einsteins_quantum_twin_spin_and_more] Saved 2_actor_nodes.json with 24 canonical actor nodes

[23:52:46 +4m 1s | thequantuminsider_2019_10_18_weekly_quantum_digest_einsteins_quantum_twin_spin_and_more] === 3 interaction extraction ===
[23:52:47 +4m 1s | thequantuminsider_2019_10_18_weekly_quantum_digest_einsteins_quantum_twin_spin_and_more] Extracting interactions: https://thequantuminsider.com/2019/10/18/weekly-quantum-digest-einsteins-quantum-twin-spin-and-more (1/1), chunk 11/37
[23:52:54 +4m 6s | thequantuminsider_2019_10_18_weekly_quantum_digest_einsteins_quantum_twin_spin_and_more] Extracting interactions: https://thequantuminsider.com/2019/10/18/weekly-quantum-digest-einsteins-quantum-twin-spin-and-more (1/1), chunk 12/37
[23:52:58 +4m 10s | thequantuminsider_2019_10_18_weekly_quantum_digest_einsteins_quantum_twin_spin_and_more] Extracting interactions: https://thequantuminsider.com/2019/10/18/weekly-quantum-digest-einsteins-quantum-twin-spin-and-more (1/1), chunk 13/37
[23:53:07 +4m 18s | thequantuminsider_2019_10_18_weekly_quantum_digest_einsteins_quantum_twin_spin_and_more] Extracting interactions: https://thequantuminsider.com/2019/10/18/weekly-quantum-digest-einsteins-quantum-twin-spin-and-more (1/1), chunk 14/37
[23:53:11 +4m 22s | thequantuminsider_2019_10_18_weekly_quantum_digest_einsteins_quantum_twin_spin_and_more] Extracting interactions: https://thequantuminsider.com/2019/10/18/weekly-quantum-digest-einsteins-quantum-twin-spin-and-more (1/1), chunk 15/37
[23:53:15 +4m 26s | thequantuminsider_2019_10_18_weekly_quantum_digest_einsteins_quantum_twin_spin_and_more] Extracting interactions: https://thequantuminsider.com/2019/10/18/weekly-quantum-digest-einsteins-quantum-twin-spin-and-more (1/1), chunk 16/37
[23:53:20 +4m 31s | thequantuminsider_2019_10_18_weekly_quantum_digest_einsteins_quantum_twin_spin_and_more] Extracting interactions: https://thequantuminsider.com/2019/10/18/weekly-quantum-digest-einsteins-quantum-twin-spin-and-more (1/1), chunk 17/37
[23:53:31 +4m 39s | thequantuminsider_2019_10_18_weekly_quantum_digest_einsteins_quantum_twin_spin_and_more] Extracting interactions: https://thequantuminsider.com/2019/10/18/weekly-quantum-digest-einsteins-quantum-twin-spin-and-more (1/1), chunk 18/37
[23:53:38 +4m 46s | thequantuminsider_2019_10_18_weekly_quantum_digest_einsteins_quantum_twin_spin_and_more] Extracting interactions: https://thequantuminsider.com/2019/10/18/weekly-quantum-digest-einsteins-quantum-twin-spin-and-more (1/1), chunk 19/37
[23:53:56 +5m 4s | thequantuminsider_2019_10_18_weekly_quantum_digest_einsteins_quantum_twin_spin_and_more] Extracting interactions: https://thequantuminsider.com/2019/10/18/weekly-quantum-digest-einsteins-quantum-twin-spin-and-more (1/1), chunk 20/37
[23:54:10 +5m 16s | thequantuminsider_2019_10_18_weekly_quantum_digest_einsteins_quantum_twin_spin_and_more] Extracting interactions: https://thequantuminsider.com/2019/10/18/weekly-quantum-digest-einsteins-quantum-twin-spin-and-more (1/1), chunk 21/37
[23:54:15 +5m 20s | thequantuminsider_2019_10_18_weekly_quantum_digest_einsteins_quantum_twin_spin_and_more] Extracting interactions: https://thequantuminsider.com/2019/10/18/weekly-quantum-digest-einsteins-quantum-twin-spin-and-more (1/1), chunk 22/37
[23:54:28 +5m 34s | thequantuminsider_2019_10_18_weekly_quantum_digest_einsteins_quantum_twin_spin_and_more] Extracting interactions: https://thequantuminsider.com/2019/10/18/weekly-quantum-digest-einsteins-quantum-twin-spin-and-more (1/1), chunk 23/37
[23:54:33 +5m 38s | thequantuminsider_2019_10_18_weekly_quantum_digest_einsteins_quantum_twin_spin_and_more] Extracting interactions: https://thequantuminsider.com/2019/10/18/weekly-quantum-digest-einsteins-quantum-twin-spin-and-more (1/1), chunk 24/37
[23:54:34 +5m 40s | thequantuminsider_2019_10_18_weekly_quantum_digest_einsteins_quantum_twin_spin_and_more] Extracting interactions: https://thequantuminsider.com/2019/10/18/weekly-quantum-digest-einsteins-quantum-twin-spin-and-more (1/1), chunk 26/37
[23:54:40 +5m 43s | thequantuminsider_2019_10_18_weekly_quantum_digest_einsteins_quantum_twin_spin_and_more] Extracting interactions: https://thequantuminsider.com/2019/10/18/weekly-quantum-digest-einsteins-quantum-twin-spin-and-more (1/1), chunk 27/37
[23:54:44 +5m 47s | thequantuminsider_2019_10_18_weekly_quantum_digest_einsteins_quantum_twin_spin_and_more] Extracting interactions: https://thequantuminsider.com/2019/10/18/weekly-quantum-digest-einsteins-quantum-twin-spin-and-more (1/1), chunk 28/37
[23:54:47 +5m 49s | thequantuminsider_2019_10_18_weekly_quantum_digest_einsteins_quantum_twin_spin_and_more] Extracting interactions: https://thequantuminsider.com/2019/10/18/weekly-quantum-digest-einsteins-quantum-twin-spin-and-more (1/1), chunk 29/37
[23:54:48 +5m 51s | thequantuminsider_2019_10_18_weekly_quantum_digest_einsteins_quantum_twin_spin_and_more] Extracting interactions: https://thequantuminsider.com/2019/10/18/weekly-quantum-digest-einsteins-quantum-twin-spin-and-more (1/1), chunk 30/37
[23:54:50 +5m 52s | thequantuminsider_2019_10_18_weekly_quantum_digest_einsteins_quantum_twin_spin_and_more] Extracting interactions: https://thequantuminsider.com/2019/10/18/weekly-quantum-digest-einsteins-quantum-twin-spin-and-more (1/1), chunk 31/37
[23:54:51 +5m 54s | thequantuminsider_2019_10_18_weekly_quantum_digest_einsteins_quantum_twin_spin_and_more] Extracting interactions: https://thequantuminsider.com/2019/10/18/weekly-quantum-digest-einsteins-quantum-twin-spin-and-more (1/1), chunk 32/37
[23:55:01 +6m 4s | thequantuminsider_2019_10_18_weekly_quantum_digest_einsteins_quantum_twin_spin_and_more] Extracting interactions: https://thequantuminsider.com/2019/10/18/weekly-quantum-digest-einsteins-quantum-twin-spin-and-more (1/1), chunk 33/37
[23:55:03 +6m 5s | thequantuminsider_2019_10_18_weekly_quantum_digest_einsteins_quantum_twin_spin_and_more] Extracting interactions: https://thequantuminsider.com/2019/10/18/weekly-quantum-digest-einsteins-quantum-twin-spin-and-more (1/1), chunk 34/37
[23:55:04 +6m 7s | thequantuminsider_2019_10_18_weekly_quantum_digest_einsteins_quantum_twin_spin_and_more] Extracting interactions: https://thequantuminsider.com/2019/10/18/weekly-quantum-digest-einsteins-quantum-twin-spin-and-more (1/1), chunk 35/37
[23:55:05 +6m 8s | thequantuminsider_2019_10_18_weekly_quantum_digest_einsteins_quantum_twin_spin_and_more] Extracting interactions: https://thequantuminsider.com/2019/10/18/weekly-quantum-digest-einsteins-quantum-twin-spin-and-more (1/1), chunk 36/37
[23:55:42 +6m 42s | thequantuminsider_2019_10_18_weekly_quantum_digest_einsteins_quantum_twin_spin_and_more] Extracting interactions: https://thequantuminsider.com/2019/10/18/weekly-quantum-digest-einsteins-quantum-twin-spin-and-more (1/1), chunk 37/37
[23:55:44 +6m 43s | thequantuminsider_2019_10_18_weekly_quantum_digest_einsteins_quantum_twin_spin_and_more] Saved 3_interaction_results.json with 31 extracted interactions.

[23:55:44 +6m 43s | thequantuminsider_2019_10_18_weekly_quantum_digest_einsteins_quantum_twin_spin_and_more] === 4 clean interactions ===
[23:55:44 +6m 43s | thequantuminsider_2019_10_18_weekly_quantum_digest_einsteins_quantum_twin_spin_and_more] Saved 4_edges.json with 1 cleaned interactions.

[23:55:44 +6m 43s | thequantuminsider_2019_10_18_weekly_quantum_digest_einsteins_quantum_twin_spin_and_more] === 5 helix enrichment ===
[23:55:44 +6m 43s | thequantuminsider_2019_10_18_weekly_quantum_digest_einsteins_quantum_twin_spin_and_more] Wrote 5_nodes.json (24 actors)
[23:55:44 +6m 43s | thequantuminsider_2019_10_18_weekly_quantum_digest_einsteins_quantum_twin_spin_and_more] Wrote 5_edges.json (1 interactions)
[23:55:44 +6m 43s | thequantuminsider_2019_10_18_weekly_quantum_digest_einsteins_quantum_twin_spin_and_more] Actor helix counts: {'Academia': 2, 'Civil Society': 5, 'Government': 3, 'Industry': 6, 'Unknown': 8}
[23:55:44 +6m 43s | thequantuminsider_2019_10_18_weekly_quantum_digest_einsteins_quantum_twin_spin_and_more] Functional-space counts: {'Intra-helix / Not classified': 1}

[23:55:44 +6m 43s | thequantuminsider_2019_10_18_weekly_quantum_digest_einsteins_quantum_twin_spin_and_more] === 6 network visualisation ===
[23:55:44 +6m 44s | thequantuminsider_2019_10_18_weekly_quantum_digest_einsteins_quantum_twin_spin_and_more] Wrote quantum_network.html
[23:55:44 +6m 44s | thequantuminsider_2019_10_18_weekly_quantum_digest_einsteins_quantum_twin_spin_and_more] Nodes: 24
[23:55:44 +6m 44s | thequantuminsider_2019_10_18_weekly_quantum_digest_einsteins_quantum_twin_spin_and_more] Edges: 1

[23:55:44 +6m 44s | thequantuminsider_2019_10_18_weekly_quantum_digest_einsteins_quantum_twin_spin_and_more] Done. Outputs written to: /home/lv/IDP/idpdeeptech/pipeline/news_outputs/thequantuminsider_2019_10_18_weekly_quantum_digest_einsteins_quantum_twin_spin_and_more
[23:55:44 +6m 44s | thequantuminsider_2019_10_18_weekly_quantum_digest_einsteins_quantum_twin_spin_and_more] Log: /home/lv/IDP/idpdeeptech/pipeline/news_outputs/thequantuminsider_2019_10_18_weekly_quantum_digest_einsteins_quantum_twin_spin_and_more/run.log

========================================================================
RUN FINISHED 2026-07-01 23:55:44  (OK)
Started:     2026-07-01 23:48:25
Elapsed:     6m 44s
========================================================================
