
========================================================================
RUN STARTED  2026-07-01 23:15:00
site_pipeline.py https://thequantuminsider.com/2020/04/04/the-quantum-weekly-quantum-computing-resources-for-researchers/
========================================================================

[23:15:00 +0s | thequantuminsider_2020_04_04_the_quantum_weekly_quantum_computing_resources_for_researchers] === 0 crawl site ===
[23:15:01 +1s | thequantuminsider_2020_04_04_the_quantum_weekly_quantum_computing_resources_for_researchers] [INIT].... → Crawl4AI 0.8.6 
[23:15:04 +3s | thequantuminsider_2020_04_04_the_quantum_weekly_quantum_computing_resources_for_researchers] [FETCH]... ↓ https://thequantuminsider.com/2020/04/04/the-qua...kly-quantum-computing-resources-for-researchers/  | ✓ | ⏱: 2.35s 
[23:15:04 +4s | thequantuminsider_2020_04_04_the_quantum_weekly_quantum_computing_resources_for_researchers] [SCRAPE].. ◆ https://thequantuminsider.com/2020/04/04/the-qua...kly-quantum-computing-resources-for-researchers/  | ✓ | ⏱: 0.15s 
[23:15:04 +4s | thequantuminsider_2020_04_04_the_quantum_weekly_quantum_computing_resources_for_researchers] [COMPLETE] ● https://thequantuminsider.com/2020/04/04/the-qua...kly-quantum-computing-resources-for-researchers/  | ✓ | ⏱: 2.52s 
[23:15:04 +4s | thequantuminsider_2020_04_04_the_quantum_weekly_quantum_computing_resources_for_researchers] Saved: crawl_output/c8942dcb1f_thequantuminsider.com_2020_04_04_the-quantum-weekly-quantum-computing-resources-for-researchers.json

[23:15:07 +4s | thequantuminsider_2020_04_04_the_quantum_weekly_quantum_computing_resources_for_researchers] === 1 actor extraction ===
[23:15:08 +5s | thequantuminsider_2020_04_04_the_quantum_weekly_quantum_computing_resources_for_researchers] Reading page (1/1): https://thequantuminsider.com/2020/04/04/the-quantum-weekly-quantum-computing-resources-for-researchers
[23:15:08 +5s | thequantuminsider_2020_04_04_the_quantum_weekly_quantum_computing_resources_for_researchers] Extracting actors: https://thequantuminsider.com/2020/04/04/the-quantum-weekly-quantum-computing-resources-for-researchers (1/1), chunk 1/39
[23:15:12 +8s | thequantuminsider_2020_04_04_the_quantum_weekly_quantum_computing_resources_for_researchers] Extracting actors: https://thequantuminsider.com/2020/04/04/the-quantum-weekly-quantum-computing-resources-for-researchers (1/1), chunk 2/39
[23:15:16 +13s | thequantuminsider_2020_04_04_the_quantum_weekly_quantum_computing_resources_for_researchers] Extracting actors: https://thequantuminsider.com/2020/04/04/the-quantum-weekly-quantum-computing-resources-for-researchers (1/1), chunk 3/39
[23:15:21 +18s | thequantuminsider_2020_04_04_the_quantum_weekly_quantum_computing_resources_for_researchers] Extracting actors: https://thequantuminsider.com/2020/04/04/the-quantum-weekly-quantum-computing-resources-for-researchers (1/1), chunk 4/39
[23:15:28 +25s | thequantuminsider_2020_04_04_the_quantum_weekly_quantum_computing_resources_for_researchers] Extracting actors: https://thequantuminsider.com/2020/04/04/the-quantum-weekly-quantum-computing-resources-for-researchers (1/1), chunk 5/39
[23:15:36 +32s | thequantuminsider_2020_04_04_the_quantum_weekly_quantum_computing_resources_for_researchers] Extracting actors: https://thequantuminsider.com/2020/04/04/the-quantum-weekly-quantum-computing-resources-for-researchers (1/1), chunk 6/39
[23:15:45 +39s | thequantuminsider_2020_04_04_the_quantum_weekly_quantum_computing_resources_for_researchers] Repaired malformed JSON.
[23:15:45 +39s | thequantuminsider_2020_04_04_the_quantum_weekly_quantum_computing_resources_for_researchers] Extracting actors: https://thequantuminsider.com/2020/04/04/the-quantum-weekly-quantum-computing-resources-for-researchers (1/1), chunk 7/39
[23:15:51 +45s | thequantuminsider_2020_04_04_the_quantum_weekly_quantum_computing_resources_for_researchers] Extracting actors: https://thequantuminsider.com/2020/04/04/the-quantum-weekly-quantum-computing-resources-for-researchers (1/1), chunk 8/39
[23:15:57 +51s | thequantuminsider_2020_04_04_the_quantum_weekly_quantum_computing_resources_for_researchers] Extracting actors: https://thequantuminsider.com/2020/04/04/the-quantum-weekly-quantum-computing-resources-for-researchers (1/1), chunk 9/39
[23:16:02 +56s | thequantuminsider_2020_04_04_the_quantum_weekly_quantum_computing_resources_for_researchers] Extracting actors: https://thequantuminsider.com/2020/04/04/the-quantum-weekly-quantum-computing-resources-for-researchers (1/1), chunk 10/39
[23:16:05 +59s | thequantuminsider_2020_04_04_the_quantum_weekly_quantum_computing_resources_for_researchers] Extracting actors: https://thequantuminsider.com/2020/04/04/the-quantum-weekly-quantum-computing-resources-for-researchers (1/1), chunk 11/39
[23:16:09 +1m 3s | thequantuminsider_2020_04_04_the_quantum_weekly_quantum_computing_resources_for_researchers] Extracting actors: https://thequantuminsider.com/2020/04/04/the-quantum-weekly-quantum-computing-resources-for-researchers (1/1), chunk 12/39
[23:16:19 +1m 10s | thequantuminsider_2020_04_04_the_quantum_weekly_quantum_computing_resources_for_researchers] Repaired malformed JSON.
[23:16:19 +1m 10s | thequantuminsider_2020_04_04_the_quantum_weekly_quantum_computing_resources_for_researchers] Extracting actors: https://thequantuminsider.com/2020/04/04/the-quantum-weekly-quantum-computing-resources-for-researchers (1/1), chunk 13/39
[23:16:25 +1m 16s | thequantuminsider_2020_04_04_the_quantum_weekly_quantum_computing_resources_for_researchers] Repaired malformed JSON.
[23:16:25 +1m 16s | thequantuminsider_2020_04_04_the_quantum_weekly_quantum_computing_resources_for_researchers] Extracting actors: https://thequantuminsider.com/2020/04/04/the-quantum-weekly-quantum-computing-resources-for-researchers (1/1), chunk 14/39
[23:16:32 +1m 23s | thequantuminsider_2020_04_04_the_quantum_weekly_quantum_computing_resources_for_researchers] Repaired malformed JSON.
[23:16:32 +1m 23s | thequantuminsider_2020_04_04_the_quantum_weekly_quantum_computing_resources_for_researchers] Extracting actors: https://thequantuminsider.com/2020/04/04/the-quantum-weekly-quantum-computing-resources-for-researchers (1/1), chunk 15/39
[23:16:38 +1m 29s | thequantuminsider_2020_04_04_the_quantum_weekly_quantum_computing_resources_for_researchers] Repaired malformed JSON.
[23:16:38 +1m 29s | thequantuminsider_2020_04_04_the_quantum_weekly_quantum_computing_resources_for_researchers] Extracting actors: https://thequantuminsider.com/2020/04/04/the-quantum-weekly-quantum-computing-resources-for-researchers (1/1), chunk 16/39
[23:16:44 +1m 35s | thequantuminsider_2020_04_04_the_quantum_weekly_quantum_computing_resources_for_researchers] Repaired malformed JSON.
[23:16:44 +1m 35s | thequantuminsider_2020_04_04_the_quantum_weekly_quantum_computing_resources_for_researchers] Extracting actors: https://thequantuminsider.com/2020/04/04/the-quantum-weekly-quantum-computing-resources-for-researchers (1/1), chunk 17/39
[23:16:53 +1m 42s | thequantuminsider_2020_04_04_the_quantum_weekly_quantum_computing_resources_for_researchers] Extracting actors: https://thequantuminsider.com/2020/04/04/the-quantum-weekly-quantum-computing-resources-for-researchers (1/1), chunk 18/39
[23:17:01 +1m 49s | thequantuminsider_2020_04_04_the_quantum_weekly_quantum_computing_resources_for_researchers] Repaired malformed JSON.
[23:17:01 +1m 49s | thequantuminsider_2020_04_04_the_quantum_weekly_quantum_computing_resources_for_researchers] Extracting actors: https://thequantuminsider.com/2020/04/04/the-quantum-weekly-quantum-computing-resources-for-researchers (1/1), chunk 19/39
[23:17:09 +1m 57s | thequantuminsider_2020_04_04_the_quantum_weekly_quantum_computing_resources_for_researchers] Repaired malformed JSON.
[23:17:09 +1m 57s | thequantuminsider_2020_04_04_the_quantum_weekly_quantum_computing_resources_for_researchers] Extracting actors: https://thequantuminsider.com/2020/04/04/the-quantum-weekly-quantum-computing-resources-for-researchers (1/1), chunk 20/39
[23:17:15 +2m 4s | thequantuminsider_2020_04_04_the_quantum_weekly_quantum_computing_resources_for_researchers] Repaired malformed JSON.
[23:17:15 +2m 4s | thequantuminsider_2020_04_04_the_quantum_weekly_quantum_computing_resources_for_researchers] Extracting actors: https://thequantuminsider.com/2020/04/04/the-quantum-weekly-quantum-computing-resources-for-researchers (1/1), chunk 21/39
[23:17:22 +2m 10s | thequantuminsider_2020_04_04_the_quantum_weekly_quantum_computing_resources_for_researchers] Repaired malformed JSON.
[23:17:22 +2m 10s | thequantuminsider_2020_04_04_the_quantum_weekly_quantum_computing_resources_for_researchers] Extracting actors: https://thequantuminsider.com/2020/04/04/the-quantum-weekly-quantum-computing-resources-for-researchers (1/1), chunk 22/39
[23:17:32 +2m 17s | thequantuminsider_2020_04_04_the_quantum_weekly_quantum_computing_resources_for_researchers] Repaired malformed JSON.
[23:17:32 +2m 17s | thequantuminsider_2020_04_04_the_quantum_weekly_quantum_computing_resources_for_researchers] Extracting actors: https://thequantuminsider.com/2020/04/04/the-quantum-weekly-quantum-computing-resources-for-researchers (1/1), chunk 23/39
[23:17:39 +2m 25s | thequantuminsider_2020_04_04_the_quantum_weekly_quantum_computing_resources_for_researchers] Repaired malformed JSON.
[23:17:39 +2m 25s | thequantuminsider_2020_04_04_the_quantum_weekly_quantum_computing_resources_for_researchers] Extracting actors: https://thequantuminsider.com/2020/04/04/the-quantum-weekly-quantum-computing-resources-for-researchers (1/1), chunk 24/39
[23:17:48 +2m 33s | thequantuminsider_2020_04_04_the_quantum_weekly_quantum_computing_resources_for_researchers] Repaired malformed JSON.
[23:17:48 +2m 33s | thequantuminsider_2020_04_04_the_quantum_weekly_quantum_computing_resources_for_researchers] Extracting actors: https://thequantuminsider.com/2020/04/04/the-quantum-weekly-quantum-computing-resources-for-researchers (1/1), chunk 25/39
[23:17:53 +2m 38s | thequantuminsider_2020_04_04_the_quantum_weekly_quantum_computing_resources_for_researchers] Repaired malformed JSON.
[23:17:53 +2m 38s | thequantuminsider_2020_04_04_the_quantum_weekly_quantum_computing_resources_for_researchers] Extracting actors: https://thequantuminsider.com/2020/04/04/the-quantum-weekly-quantum-computing-resources-for-researchers (1/1), chunk 26/39
[23:18:03 +2m 46s | thequantuminsider_2020_04_04_the_quantum_weekly_quantum_computing_resources_for_researchers] Repaired malformed JSON.
[23:18:03 +2m 46s | thequantuminsider_2020_04_04_the_quantum_weekly_quantum_computing_resources_for_researchers] Extracting actors: https://thequantuminsider.com/2020/04/04/the-quantum-weekly-quantum-computing-resources-for-researchers (1/1), chunk 27/39
[23:18:10 +2m 52s | thequantuminsider_2020_04_04_the_quantum_weekly_quantum_computing_resources_for_researchers] Extracting actors: https://thequantuminsider.com/2020/04/04/the-quantum-weekly-quantum-computing-resources-for-researchers (1/1), chunk 28/39
[23:18:15 +2m 58s | thequantuminsider_2020_04_04_the_quantum_weekly_quantum_computing_resources_for_researchers] Extracting actors: https://thequantuminsider.com/2020/04/04/the-quantum-weekly-quantum-computing-resources-for-researchers (1/1), chunk 29/39
[23:18:20 +3m 2s | thequantuminsider_2020_04_04_the_quantum_weekly_quantum_computing_resources_for_researchers] Extracting actors: https://thequantuminsider.com/2020/04/04/the-quantum-weekly-quantum-computing-resources-for-researchers (1/1), chunk 30/39
[23:18:27 +3m 10s | thequantuminsider_2020_04_04_the_quantum_weekly_quantum_computing_resources_for_researchers] Repaired malformed JSON.
[23:18:27 +3m 10s | thequantuminsider_2020_04_04_the_quantum_weekly_quantum_computing_resources_for_researchers] Extracting actors: https://thequantuminsider.com/2020/04/04/the-quantum-weekly-quantum-computing-resources-for-researchers (1/1), chunk 31/39
[23:18:39 +3m 19s | thequantuminsider_2020_04_04_the_quantum_weekly_quantum_computing_resources_for_researchers] Repaired malformed JSON.
[23:18:39 +3m 19s | thequantuminsider_2020_04_04_the_quantum_weekly_quantum_computing_resources_for_researchers] Extracting actors: https://thequantuminsider.com/2020/04/04/the-quantum-weekly-quantum-computing-resources-for-researchers (1/1), chunk 32/39
[23:18:45 +3m 24s | thequantuminsider_2020_04_04_the_quantum_weekly_quantum_computing_resources_for_researchers] Repaired malformed JSON.
[23:18:45 +3m 24s | thequantuminsider_2020_04_04_the_quantum_weekly_quantum_computing_resources_for_researchers] Extracting actors: https://thequantuminsider.com/2020/04/04/the-quantum-weekly-quantum-computing-resources-for-researchers (1/1), chunk 33/39
[23:18:51 +3m 31s | thequantuminsider_2020_04_04_the_quantum_weekly_quantum_computing_resources_for_researchers] Repaired malformed JSON.
[23:18:51 +3m 31s | thequantuminsider_2020_04_04_the_quantum_weekly_quantum_computing_resources_for_researchers] Extracting actors: https://thequantuminsider.com/2020/04/04/the-quantum-weekly-quantum-computing-resources-for-researchers (1/1), chunk 34/39
[23:19:00 +3m 39s | thequantuminsider_2020_04_04_the_quantum_weekly_quantum_computing_resources_for_researchers] Repaired malformed JSON.
[23:19:00 +3m 39s | thequantuminsider_2020_04_04_the_quantum_weekly_quantum_computing_resources_for_researchers] Extracting actors: https://thequantuminsider.com/2020/04/04/the-quantum-weekly-quantum-computing-resources-for-researchers (1/1), chunk 35/39
[23:19:08 +3m 48s | thequantuminsider_2020_04_04_the_quantum_weekly_quantum_computing_resources_for_researchers] Repaired malformed JSON.
[23:19:08 +3m 48s | thequantuminsider_2020_04_04_the_quantum_weekly_quantum_computing_resources_for_researchers] Extracting actors: https://thequantuminsider.com/2020/04/04/the-quantum-weekly-quantum-computing-resources-for-researchers (1/1), chunk 36/39
[23:19:20 +3m 57s | thequantuminsider_2020_04_04_the_quantum_weekly_quantum_computing_resources_for_researchers] Repaired malformed JSON.
[23:19:20 +3m 57s | thequantuminsider_2020_04_04_the_quantum_weekly_quantum_computing_resources_for_researchers] Extracting actors: https://thequantuminsider.com/2020/04/04/the-quantum-weekly-quantum-computing-resources-for-researchers (1/1), chunk 37/39
[23:19:27 +4m 3s | thequantuminsider_2020_04_04_the_quantum_weekly_quantum_computing_resources_for_researchers] Repaired malformed JSON.
[23:19:27 +4m 3s | thequantuminsider_2020_04_04_the_quantum_weekly_quantum_computing_resources_for_researchers] Extracting actors: https://thequantuminsider.com/2020/04/04/the-quantum-weekly-quantum-computing-resources-for-researchers (1/1), chunk 38/39
[23:19:33 +4m 10s | thequantuminsider_2020_04_04_the_quantum_weekly_quantum_computing_resources_for_researchers] Repaired malformed JSON.
[23:19:33 +4m 10s | thequantuminsider_2020_04_04_the_quantum_weekly_quantum_computing_resources_for_researchers] Extracting actors: https://thequantuminsider.com/2020/04/04/the-quantum-weekly-quantum-computing-resources-for-researchers (1/1), chunk 39/39
[23:19:41 +4m 17s | thequantuminsider_2020_04_04_the_quantum_weekly_quantum_computing_resources_for_researchers] Repaired malformed JSON.
[23:19:41 +4m 17s | thequantuminsider_2020_04_04_the_quantum_weekly_quantum_computing_resources_for_researchers] Saved 1_actor_results.json with 59 extracted records

[23:19:41 +4m 17s | thequantuminsider_2020_04_04_the_quantum_weekly_quantum_computing_resources_for_researchers] === 2 clean actors ===
[23:19:41 +4m 17s | thequantuminsider_2020_04_04_the_quantum_weekly_quantum_computing_resources_for_researchers] Loaded 59 extracted records
[23:19:41 +4m 17s | thequantuminsider_2020_04_04_the_quantum_weekly_quantum_computing_resources_for_researchers] Saved 2_actor_nodes.json with 27 canonical actor nodes

[23:19:41 +4m 17s | thequantuminsider_2020_04_04_the_quantum_weekly_quantum_computing_resources_for_researchers] === 3 interaction extraction ===
[23:19:41 +4m 18s | thequantuminsider_2020_04_04_the_quantum_weekly_quantum_computing_resources_for_researchers] Extracting interactions: https://thequantuminsider.com/2020/04/04/the-quantum-weekly-quantum-computing-resources-for-researchers (1/1), chunk 12/39
[23:19:45 +4m 21s | thequantuminsider_2020_04_04_the_quantum_weekly_quantum_computing_resources_for_researchers] Extracting interactions: https://thequantuminsider.com/2020/04/04/the-quantum-weekly-quantum-computing-resources-for-researchers (1/1), chunk 13/39
[23:19:54 +4m 27s | thequantuminsider_2020_04_04_the_quantum_weekly_quantum_computing_resources_for_researchers] Extracting interactions: https://thequantuminsider.com/2020/04/04/the-quantum-weekly-quantum-computing-resources-for-researchers (1/1), chunk 14/39
[23:19:59 +4m 32s | thequantuminsider_2020_04_04_the_quantum_weekly_quantum_computing_resources_for_researchers] Extracting interactions: https://thequantuminsider.com/2020/04/04/the-quantum-weekly-quantum-computing-resources-for-researchers (1/1), chunk 15/39
[23:20:25 +4m 56s | thequantuminsider_2020_04_04_the_quantum_weekly_quantum_computing_resources_for_researchers] Extracting interactions: https://thequantuminsider.com/2020/04/04/the-quantum-weekly-quantum-computing-resources-for-researchers (1/1), chunk 17/39
[23:20:29 +5m 0s | thequantuminsider_2020_04_04_the_quantum_weekly_quantum_computing_resources_for_researchers] Extracting interactions: https://thequantuminsider.com/2020/04/04/the-quantum-weekly-quantum-computing-resources-for-researchers (1/1), chunk 18/39
[23:20:33 +5m 3s | thequantuminsider_2020_04_04_the_quantum_weekly_quantum_computing_resources_for_researchers] Extracting interactions: https://thequantuminsider.com/2020/04/04/the-quantum-weekly-quantum-computing-resources-for-researchers (1/1), chunk 19/39
[23:20:38 +5m 9s | thequantuminsider_2020_04_04_the_quantum_weekly_quantum_computing_resources_for_researchers] Extracting interactions: https://thequantuminsider.com/2020/04/04/the-quantum-weekly-quantum-computing-resources-for-researchers (1/1), chunk 20/39
[23:20:46 +5m 17s | thequantuminsider_2020_04_04_the_quantum_weekly_quantum_computing_resources_for_researchers] Extracting interactions: https://thequantuminsider.com/2020/04/04/the-quantum-weekly-quantum-computing-resources-for-researchers (1/1), chunk 21/39
[23:21:08 +5m 35s | thequantuminsider_2020_04_04_the_quantum_weekly_quantum_computing_resources_for_researchers] Extracting interactions: https://thequantuminsider.com/2020/04/04/the-quantum-weekly-quantum-computing-resources-for-researchers (1/1), chunk 22/39
[23:21:18 +5m 45s | thequantuminsider_2020_04_04_the_quantum_weekly_quantum_computing_resources_for_researchers] Extracting interactions: https://thequantuminsider.com/2020/04/04/the-quantum-weekly-quantum-computing-resources-for-researchers (1/1), chunk 23/39
[23:21:28 +5m 55s | thequantuminsider_2020_04_04_the_quantum_weekly_quantum_computing_resources_for_researchers] Extracting interactions: https://thequantuminsider.com/2020/04/04/the-quantum-weekly-quantum-computing-resources-for-researchers (1/1), chunk 24/39
[23:21:39 +6m 3s | thequantuminsider_2020_04_04_the_quantum_weekly_quantum_computing_resources_for_researchers] Extracting interactions: https://thequantuminsider.com/2020/04/04/the-quantum-weekly-quantum-computing-resources-for-researchers (1/1), chunk 25/39
