
========================================================================
RUN STARTED  2026-07-02 06:39:49
site_pipeline.py https://thequantuminsider.com/2024/03/27/bluefors-makes-dilution-refrigerators-easier-to-use-with-new-software/
========================================================================

[06:39:49 +0s | thequantuminsider_2024_03_27_bluefors_makes_dilution_refrigerators_easier_to_use_with_new_software] === 0 crawl site ===
[06:39:50 +1s | thequantuminsider_2024_03_27_bluefors_makes_dilution_refrigerators_easier_to_use_with_new_software] [INIT].... → Crawl4AI 0.8.6 
[06:39:53 +4s | thequantuminsider_2024_03_27_bluefors_makes_dilution_refrigerators_easier_to_use_with_new_software] [FETCH]... ↓ https://thequantuminsider.com/2024/03/27/bluefor...n-refrigerators-easier-to-use-with-new-software/  | ✓ | ⏱: 2.46s 
[06:39:53 +4s | thequantuminsider_2024_03_27_bluefors_makes_dilution_refrigerators_easier_to_use_with_new_software] [SCRAPE].. ◆ https://thequantuminsider.com/2024/03/27/bluefor...n-refrigerators-easier-to-use-with-new-software/  | ✓ | ⏱: 0.12s 
[06:39:53 +4s | thequantuminsider_2024_03_27_bluefors_makes_dilution_refrigerators_easier_to_use_with_new_software] [COMPLETE] ● https://thequantuminsider.com/2024/03/27/bluefor...n-refrigerators-easier-to-use-with-new-software/  | ✓ | ⏱: 2.59s 
[06:39:53 +4s | thequantuminsider_2024_03_27_bluefors_makes_dilution_refrigerators_easier_to_use_with_new_software] Saved: crawl_output/2b74dc1b15_thequantuminsider.com_2024_03_27_bluefors-makes-dilution-refrigerators-easier-to-use-with-new-software.json

[06:39:53 +4s | thequantuminsider_2024_03_27_bluefors_makes_dilution_refrigerators_easier_to_use_with_new_software] === 1 actor extraction ===
[06:39:54 +4s | thequantuminsider_2024_03_27_bluefors_makes_dilution_refrigerators_easier_to_use_with_new_software] Reading page (1/1): https://thequantuminsider.com/2024/03/27/bluefors-makes-dilution-refrigerators-easier-to-use-with-new-software
[06:39:54 +4s | thequantuminsider_2024_03_27_bluefors_makes_dilution_refrigerators_easier_to_use_with_new_software] Extracting actors: https://thequantuminsider.com/2024/03/27/bluefors-makes-dilution-refrigerators-easier-to-use-with-new-software (1/1), chunk 1/37
[06:39:58 +9s | thequantuminsider_2024_03_27_bluefors_makes_dilution_refrigerators_easier_to_use_with_new_software] Extracting actors: https://thequantuminsider.com/2024/03/27/bluefors-makes-dilution-refrigerators-easier-to-use-with-new-software (1/1), chunk 2/37
[06:40:02 +13s | thequantuminsider_2024_03_27_bluefors_makes_dilution_refrigerators_easier_to_use_with_new_software] Extracting actors: https://thequantuminsider.com/2024/03/27/bluefors-makes-dilution-refrigerators-easier-to-use-with-new-software (1/1), chunk 3/37
[06:40:06 +17s | thequantuminsider_2024_03_27_bluefors_makes_dilution_refrigerators_easier_to_use_with_new_software] Extracting actors: https://thequantuminsider.com/2024/03/27/bluefors-makes-dilution-refrigerators-easier-to-use-with-new-software (1/1), chunk 4/37
[06:40:11 +21s | thequantuminsider_2024_03_27_bluefors_makes_dilution_refrigerators_easier_to_use_with_new_software] Extracting actors: https://thequantuminsider.com/2024/03/27/bluefors-makes-dilution-refrigerators-easier-to-use-with-new-software (1/1), chunk 5/37
[06:40:16 +27s | thequantuminsider_2024_03_27_bluefors_makes_dilution_refrigerators_easier_to_use_with_new_software] Extracting actors: https://thequantuminsider.com/2024/03/27/bluefors-makes-dilution-refrigerators-easier-to-use-with-new-software (1/1), chunk 6/37
[06:40:22 +33s | thequantuminsider_2024_03_27_bluefors_makes_dilution_refrigerators_easier_to_use_with_new_software] Repaired malformed JSON.
[06:40:22 +33s | thequantuminsider_2024_03_27_bluefors_makes_dilution_refrigerators_easier_to_use_with_new_software] Extracting actors: https://thequantuminsider.com/2024/03/27/bluefors-makes-dilution-refrigerators-easier-to-use-with-new-software (1/1), chunk 7/37
[06:40:26 +37s | thequantuminsider_2024_03_27_bluefors_makes_dilution_refrigerators_easier_to_use_with_new_software] Extracting actors: https://thequantuminsider.com/2024/03/27/bluefors-makes-dilution-refrigerators-easier-to-use-with-new-software (1/1), chunk 8/37
[06:40:32 +43s | thequantuminsider_2024_03_27_bluefors_makes_dilution_refrigerators_easier_to_use_with_new_software] Extracting actors: https://thequantuminsider.com/2024/03/27/bluefors-makes-dilution-refrigerators-easier-to-use-with-new-software (1/1), chunk 9/37
[06:40:36 +47s | thequantuminsider_2024_03_27_bluefors_makes_dilution_refrigerators_easier_to_use_with_new_software] Extracting actors: https://thequantuminsider.com/2024/03/27/bluefors-makes-dilution-refrigerators-easier-to-use-with-new-software (1/1), chunk 10/37
[06:40:42 +53s | thequantuminsider_2024_03_27_bluefors_makes_dilution_refrigerators_easier_to_use_with_new_software] Extracting actors: https://thequantuminsider.com/2024/03/27/bluefors-makes-dilution-refrigerators-easier-to-use-with-new-software (1/1), chunk 11/37
[06:40:50 +1m 1s | thequantuminsider_2024_03_27_bluefors_makes_dilution_refrigerators_easier_to_use_with_new_software] Repaired malformed JSON.
[06:40:50 +1m 1s | thequantuminsider_2024_03_27_bluefors_makes_dilution_refrigerators_easier_to_use_with_new_software] Extracting actors: https://thequantuminsider.com/2024/03/27/bluefors-makes-dilution-refrigerators-easier-to-use-with-new-software (1/1), chunk 12/37
[06:40:59 +1m 10s | thequantuminsider_2024_03_27_bluefors_makes_dilution_refrigerators_easier_to_use_with_new_software] Repaired malformed JSON.
[06:40:59 +1m 10s | thequantuminsider_2024_03_27_bluefors_makes_dilution_refrigerators_easier_to_use_with_new_software] Extracting actors: https://thequantuminsider.com/2024/03/27/bluefors-makes-dilution-refrigerators-easier-to-use-with-new-software (1/1), chunk 13/37
[06:41:08 +1m 19s | thequantuminsider_2024_03_27_bluefors_makes_dilution_refrigerators_easier_to_use_with_new_software] Repaired malformed JSON.
[06:41:08 +1m 19s | thequantuminsider_2024_03_27_bluefors_makes_dilution_refrigerators_easier_to_use_with_new_software] Extracting actors: https://thequantuminsider.com/2024/03/27/bluefors-makes-dilution-refrigerators-easier-to-use-with-new-software (1/1), chunk 14/37
[06:41:16 +1m 27s | thequantuminsider_2024_03_27_bluefors_makes_dilution_refrigerators_easier_to_use_with_new_software] Repaired malformed JSON.
[06:41:16 +1m 27s | thequantuminsider_2024_03_27_bluefors_makes_dilution_refrigerators_easier_to_use_with_new_software] Extracting actors: https://thequantuminsider.com/2024/03/27/bluefors-makes-dilution-refrigerators-easier-to-use-with-new-software (1/1), chunk 15/37
[06:41:22 +1m 32s | thequantuminsider_2024_03_27_bluefors_makes_dilution_refrigerators_easier_to_use_with_new_software] Repaired malformed JSON.
[06:41:22 +1m 32s | thequantuminsider_2024_03_27_bluefors_makes_dilution_refrigerators_easier_to_use_with_new_software] Extracting actors: https://thequantuminsider.com/2024/03/27/bluefors-makes-dilution-refrigerators-easier-to-use-with-new-software (1/1), chunk 16/37
[06:41:29 +1m 40s | thequantuminsider_2024_03_27_bluefors_makes_dilution_refrigerators_easier_to_use_with_new_software] Repaired malformed JSON.
[06:41:29 +1m 40s | thequantuminsider_2024_03_27_bluefors_makes_dilution_refrigerators_easier_to_use_with_new_software] Extracting actors: https://thequantuminsider.com/2024/03/27/bluefors-makes-dilution-refrigerators-easier-to-use-with-new-software (1/1), chunk 17/37
[06:41:39 +1m 50s | thequantuminsider_2024_03_27_bluefors_makes_dilution_refrigerators_easier_to_use_with_new_software] Repaired malformed JSON.
[06:41:39 +1m 50s | thequantuminsider_2024_03_27_bluefors_makes_dilution_refrigerators_easier_to_use_with_new_software] Extracting actors: https://thequantuminsider.com/2024/03/27/bluefors-makes-dilution-refrigerators-easier-to-use-with-new-software (1/1), chunk 18/37
[06:41:47 +1m 57s | thequantuminsider_2024_03_27_bluefors_makes_dilution_refrigerators_easier_to_use_with_new_software] Repaired malformed JSON.
[06:41:47 +1m 57s | thequantuminsider_2024_03_27_bluefors_makes_dilution_refrigerators_easier_to_use_with_new_software] Extracting actors: https://thequantuminsider.com/2024/03/27/bluefors-makes-dilution-refrigerators-easier-to-use-with-new-software (1/1), chunk 19/37
[06:41:53 +2m 3s | thequantuminsider_2024_03_27_bluefors_makes_dilution_refrigerators_easier_to_use_with_new_software] Repaired malformed JSON.
[06:41:53 +2m 3s | thequantuminsider_2024_03_27_bluefors_makes_dilution_refrigerators_easier_to_use_with_new_software] Extracting actors: https://thequantuminsider.com/2024/03/27/bluefors-makes-dilution-refrigerators-easier-to-use-with-new-software (1/1), chunk 20/37
[06:41:59 +2m 10s | thequantuminsider_2024_03_27_bluefors_makes_dilution_refrigerators_easier_to_use_with_new_software] Repaired malformed JSON.
[06:41:59 +2m 10s | thequantuminsider_2024_03_27_bluefors_makes_dilution_refrigerators_easier_to_use_with_new_software] Extracting actors: https://thequantuminsider.com/2024/03/27/bluefors-makes-dilution-refrigerators-easier-to-use-with-new-software (1/1), chunk 21/37
[06:42:05 +2m 16s | thequantuminsider_2024_03_27_bluefors_makes_dilution_refrigerators_easier_to_use_with_new_software] Repaired malformed JSON.
[06:42:05 +2m 16s | thequantuminsider_2024_03_27_bluefors_makes_dilution_refrigerators_easier_to_use_with_new_software] Extracting actors: https://thequantuminsider.com/2024/03/27/bluefors-makes-dilution-refrigerators-easier-to-use-with-new-software (1/1), chunk 22/37
[06:42:11 +2m 22s | thequantuminsider_2024_03_27_bluefors_makes_dilution_refrigerators_easier_to_use_with_new_software] Repaired malformed JSON.
[06:42:11 +2m 22s | thequantuminsider_2024_03_27_bluefors_makes_dilution_refrigerators_easier_to_use_with_new_software] Extracting actors: https://thequantuminsider.com/2024/03/27/bluefors-makes-dilution-refrigerators-easier-to-use-with-new-software (1/1), chunk 23/37
[06:42:17 +2m 28s | thequantuminsider_2024_03_27_bluefors_makes_dilution_refrigerators_easier_to_use_with_new_software] Repaired malformed JSON.
[06:42:17 +2m 28s | thequantuminsider_2024_03_27_bluefors_makes_dilution_refrigerators_easier_to_use_with_new_software] Extracting actors: https://thequantuminsider.com/2024/03/27/bluefors-makes-dilution-refrigerators-easier-to-use-with-new-software (1/1), chunk 24/37
[06:42:24 +2m 35s | thequantuminsider_2024_03_27_bluefors_makes_dilution_refrigerators_easier_to_use_with_new_software] Repaired malformed JSON.
[06:42:24 +2m 35s | thequantuminsider_2024_03_27_bluefors_makes_dilution_refrigerators_easier_to_use_with_new_software] Extracting actors: https://thequantuminsider.com/2024/03/27/bluefors-makes-dilution-refrigerators-easier-to-use-with-new-software (1/1), chunk 25/37
[06:42:33 +2m 44s | thequantuminsider_2024_03_27_bluefors_makes_dilution_refrigerators_easier_to_use_with_new_software] Repaired malformed JSON.
[06:42:33 +2m 44s | thequantuminsider_2024_03_27_bluefors_makes_dilution_refrigerators_easier_to_use_with_new_software] Extracting actors: https://thequantuminsider.com/2024/03/27/bluefors-makes-dilution-refrigerators-easier-to-use-with-new-software (1/1), chunk 26/37
[06:42:39 +2m 50s | thequantuminsider_2024_03_27_bluefors_makes_dilution_refrigerators_easier_to_use_with_new_software] Repaired malformed JSON.
[06:42:39 +2m 50s | thequantuminsider_2024_03_27_bluefors_makes_dilution_refrigerators_easier_to_use_with_new_software] Extracting actors: https://thequantuminsider.com/2024/03/27/bluefors-makes-dilution-refrigerators-easier-to-use-with-new-software (1/1), chunk 27/37
[06:42:44 +2m 55s | thequantuminsider_2024_03_27_bluefors_makes_dilution_refrigerators_easier_to_use_with_new_software] Extracting actors: https://thequantuminsider.com/2024/03/27/bluefors-makes-dilution-refrigerators-easier-to-use-with-new-software (1/1), chunk 28/37
[06:42:50 +3m 0s | thequantuminsider_2024_03_27_bluefors_makes_dilution_refrigerators_easier_to_use_with_new_software] Extracting actors: https://thequantuminsider.com/2024/03/27/bluefors-makes-dilution-refrigerators-easier-to-use-with-new-software (1/1), chunk 29/37
[06:42:51 +3m 2s | thequantuminsider_2024_03_27_bluefors_makes_dilution_refrigerators_easier_to_use_with_new_software] Extracting actors: https://thequantuminsider.com/2024/03/27/bluefors-makes-dilution-refrigerators-easier-to-use-with-new-software (1/1), chunk 30/37
[06:42:57 +3m 8s | thequantuminsider_2024_03_27_bluefors_makes_dilution_refrigerators_easier_to_use_with_new_software] Repaired malformed JSON.
[06:42:57 +3m 8s | thequantuminsider_2024_03_27_bluefors_makes_dilution_refrigerators_easier_to_use_with_new_software] Extracting actors: https://thequantuminsider.com/2024/03/27/bluefors-makes-dilution-refrigerators-easier-to-use-with-new-software (1/1), chunk 31/37
[06:43:06 +3m 17s | thequantuminsider_2024_03_27_bluefors_makes_dilution_refrigerators_easier_to_use_with_new_software] Repaired malformed JSON.
[06:43:06 +3m 17s | thequantuminsider_2024_03_27_bluefors_makes_dilution_refrigerators_easier_to_use_with_new_software] Extracting actors: https://thequantuminsider.com/2024/03/27/bluefors-makes-dilution-refrigerators-easier-to-use-with-new-software (1/1), chunk 32/37
[06:43:11 +3m 22s | thequantuminsider_2024_03_27_bluefors_makes_dilution_refrigerators_easier_to_use_with_new_software] Extracting actors: https://thequantuminsider.com/2024/03/27/bluefors-makes-dilution-refrigerators-easier-to-use-with-new-software (1/1), chunk 33/37
[06:43:21 +3m 31s | thequantuminsider_2024_03_27_bluefors_makes_dilution_refrigerators_easier_to_use_with_new_software] Repaired malformed JSON.
[06:43:21 +3m 31s | thequantuminsider_2024_03_27_bluefors_makes_dilution_refrigerators_easier_to_use_with_new_software] Extracting actors: https://thequantuminsider.com/2024/03/27/bluefors-makes-dilution-refrigerators-easier-to-use-with-new-software (1/1), chunk 34/37
[06:43:28 +3m 39s | thequantuminsider_2024_03_27_bluefors_makes_dilution_refrigerators_easier_to_use_with_new_software] Repaired malformed JSON.
[06:43:28 +3m 39s | thequantuminsider_2024_03_27_bluefors_makes_dilution_refrigerators_easier_to_use_with_new_software] Extracting actors: https://thequantuminsider.com/2024/03/27/bluefors-makes-dilution-refrigerators-easier-to-use-with-new-software (1/1), chunk 35/37
[06:43:33 +3m 44s | thequantuminsider_2024_03_27_bluefors_makes_dilution_refrigerators_easier_to_use_with_new_software] Repaired malformed JSON.
[06:43:33 +3m 44s | thequantuminsider_2024_03_27_bluefors_makes_dilution_refrigerators_easier_to_use_with_new_software] Extracting actors: https://thequantuminsider.com/2024/03/27/bluefors-makes-dilution-refrigerators-easier-to-use-with-new-software (1/1), chunk 36/37
[06:43:40 +3m 50s | thequantuminsider_2024_03_27_bluefors_makes_dilution_refrigerators_easier_to_use_with_new_software] Repaired malformed JSON.
[06:43:40 +3m 50s | thequantuminsider_2024_03_27_bluefors_makes_dilution_refrigerators_easier_to_use_with_new_software] Extracting actors: https://thequantuminsider.com/2024/03/27/bluefors-makes-dilution-refrigerators-easier-to-use-with-new-software (1/1), chunk 37/37
[06:43:47 +3m 57s | thequantuminsider_2024_03_27_bluefors_makes_dilution_refrigerators_easier_to_use_with_new_software] Repaired malformed JSON.
[06:43:47 +3m 57s | thequantuminsider_2024_03_27_bluefors_makes_dilution_refrigerators_easier_to_use_with_new_software] Saved 1_actor_results.json with 57 extracted records

[06:43:47 +3m 57s | thequantuminsider_2024_03_27_bluefors_makes_dilution_refrigerators_easier_to_use_with_new_software] === 2 clean actors ===
[06:43:47 +3m 58s | thequantuminsider_2024_03_27_bluefors_makes_dilution_refrigerators_easier_to_use_with_new_software] Loaded 57 extracted records
[06:43:47 +3m 58s | thequantuminsider_2024_03_27_bluefors_makes_dilution_refrigerators_easier_to_use_with_new_software] Saved 2_actor_nodes.json with 16 canonical actor nodes

[06:43:47 +3m 58s | thequantuminsider_2024_03_27_bluefors_makes_dilution_refrigerators_easier_to_use_with_new_software] === 3 interaction extraction ===
[06:43:47 +3m 58s | thequantuminsider_2024_03_27_bluefors_makes_dilution_refrigerators_easier_to_use_with_new_software] Extracting interactions: https://thequantuminsider.com/2024/03/27/bluefors-makes-dilution-refrigerators-easier-to-use-with-new-software (1/1), chunk 11/37
[06:43:50 +4m 1s | thequantuminsider_2024_03_27_bluefors_makes_dilution_refrigerators_easier_to_use_with_new_software] Extracting interactions: https://thequantuminsider.com/2024/03/27/bluefors-makes-dilution-refrigerators-easier-to-use-with-new-software (1/1), chunk 15/37
[06:43:55 +4m 6s | thequantuminsider_2024_03_27_bluefors_makes_dilution_refrigerators_easier_to_use_with_new_software] Extracting interactions: https://thequantuminsider.com/2024/03/27/bluefors-makes-dilution-refrigerators-easier-to-use-with-new-software (1/1), chunk 16/37
[06:44:02 +4m 13s | thequantuminsider_2024_03_27_bluefors_makes_dilution_refrigerators_easier_to_use_with_new_software] Extracting interactions: https://thequantuminsider.com/2024/03/27/bluefors-makes-dilution-refrigerators-easier-to-use-with-new-software (1/1), chunk 17/37
[06:44:03 +4m 14s | thequantuminsider_2024_03_27_bluefors_makes_dilution_refrigerators_easier_to_use_with_new_software] Extracting interactions: https://thequantuminsider.com/2024/03/27/bluefors-makes-dilution-refrigerators-easier-to-use-with-new-software (1/1), chunk 18/37
[06:44:22 +4m 32s | thequantuminsider_2024_03_27_bluefors_makes_dilution_refrigerators_easier_to_use_with_new_software] Extracting interactions: https://thequantuminsider.com/2024/03/27/bluefors-makes-dilution-refrigerators-easier-to-use-with-new-software (1/1), chunk 19/37
[06:44:33 +4m 44s | thequantuminsider_2024_03_27_bluefors_makes_dilution_refrigerators_easier_to_use_with_new_software] Extracting interactions: https://thequantuminsider.com/2024/03/27/bluefors-makes-dilution-refrigerators-easier-to-use-with-new-software (1/1), chunk 20/37
[06:44:42 +4m 53s | thequantuminsider_2024_03_27_bluefors_makes_dilution_refrigerators_easier_to_use_with_new_software] Extracting interactions: https://thequantuminsider.com/2024/03/27/bluefors-makes-dilution-refrigerators-easier-to-use-with-new-software (1/1), chunk 21/37
[06:44:47 +4m 58s | thequantuminsider_2024_03_27_bluefors_makes_dilution_refrigerators_easier_to_use_with_new_software] Extracting interactions: https://thequantuminsider.com/2024/03/27/bluefors-makes-dilution-refrigerators-easier-to-use-with-new-software (1/1), chunk 22/37
[06:44:56 +5m 7s | thequantuminsider_2024_03_27_bluefors_makes_dilution_refrigerators_easier_to_use_with_new_software] Extracting interactions: https://thequantuminsider.com/2024/03/27/bluefors-makes-dilution-refrigerators-easier-to-use-with-new-software (1/1), chunk 23/37
[06:45:03 +5m 14s | thequantuminsider_2024_03_27_bluefors_makes_dilution_refrigerators_easier_to_use_with_new_software] Extracting interactions: https://thequantuminsider.com/2024/03/27/bluefors-makes-dilution-refrigerators-easier-to-use-with-new-software (1/1), chunk 24/37
[06:45:04 +5m 15s | thequantuminsider_2024_03_27_bluefors_makes_dilution_refrigerators_easier_to_use_with_new_software] Extracting interactions: https://thequantuminsider.com/2024/03/27/bluefors-makes-dilution-refrigerators-easier-to-use-with-new-software (1/1), chunk 26/37
[06:45:13 +5m 23s | thequantuminsider_2024_03_27_bluefors_makes_dilution_refrigerators_easier_to_use_with_new_software] Extracting interactions: https://thequantuminsider.com/2024/03/27/bluefors-makes-dilution-refrigerators-easier-to-use-with-new-software (1/1), chunk 27/37
[06:45:14 +5m 25s | thequantuminsider_2024_03_27_bluefors_makes_dilution_refrigerators_easier_to_use_with_new_software] Extracting interactions: https://thequantuminsider.com/2024/03/27/bluefors-makes-dilution-refrigerators-easier-to-use-with-new-software (1/1), chunk 28/37
[06:45:16 +5m 26s | thequantuminsider_2024_03_27_bluefors_makes_dilution_refrigerators_easier_to_use_with_new_software] Extracting interactions: https://thequantuminsider.com/2024/03/27/bluefors-makes-dilution-refrigerators-easier-to-use-with-new-software (1/1), chunk 30/37
[06:45:18 +5m 28s | thequantuminsider_2024_03_27_bluefors_makes_dilution_refrigerators_easier_to_use_with_new_software] Extracting interactions: https://thequantuminsider.com/2024/03/27/bluefors-makes-dilution-refrigerators-easier-to-use-with-new-software (1/1), chunk 31/37
[06:45:19 +5m 30s | thequantuminsider_2024_03_27_bluefors_makes_dilution_refrigerators_easier_to_use_with_new_software] Extracting interactions: https://thequantuminsider.com/2024/03/27/bluefors-makes-dilution-refrigerators-easier-to-use-with-new-software (1/1), chunk 32/37
[06:45:20 +5m 31s | thequantuminsider_2024_03_27_bluefors_makes_dilution_refrigerators_easier_to_use_with_new_software] Extracting interactions: https://thequantuminsider.com/2024/03/27/bluefors-makes-dilution-refrigerators-easier-to-use-with-new-software (1/1), chunk 33/37
[06:45:22 +5m 33s | thequantuminsider_2024_03_27_bluefors_makes_dilution_refrigerators_easier_to_use_with_new_software] Extracting interactions: https://thequantuminsider.com/2024/03/27/bluefors-makes-dilution-refrigerators-easier-to-use-with-new-software (1/1), chunk 35/37
[06:45:23 +5m 34s | thequantuminsider_2024_03_27_bluefors_makes_dilution_refrigerators_easier_to_use_with_new_software] Extracting interactions: https://thequantuminsider.com/2024/03/27/bluefors-makes-dilution-refrigerators-easier-to-use-with-new-software (1/1), chunk 36/37
[06:45:25 +5m 36s | thequantuminsider_2024_03_27_bluefors_makes_dilution_refrigerators_easier_to_use_with_new_software] Extracting interactions: https://thequantuminsider.com/2024/03/27/bluefors-makes-dilution-refrigerators-easier-to-use-with-new-software (1/1), chunk 37/37
[06:45:26 +5m 37s | thequantuminsider_2024_03_27_bluefors_makes_dilution_refrigerators_easier_to_use_with_new_software] Saved 3_interaction_results.json with 18 extracted interactions.

[06:45:26 +5m 37s | thequantuminsider_2024_03_27_bluefors_makes_dilution_refrigerators_easier_to_use_with_new_software] === 4 clean interactions ===
[06:45:26 +5m 37s | thequantuminsider_2024_03_27_bluefors_makes_dilution_refrigerators_easier_to_use_with_new_software] Saved 4_edges.json with 1 cleaned interactions.

[06:45:26 +5m 37s | thequantuminsider_2024_03_27_bluefors_makes_dilution_refrigerators_easier_to_use_with_new_software] === 5 helix enrichment ===
[06:45:26 +5m 37s | thequantuminsider_2024_03_27_bluefors_makes_dilution_refrigerators_easier_to_use_with_new_software] Wrote 5_nodes.json (16 actors)
[06:45:26 +5m 37s | thequantuminsider_2024_03_27_bluefors_makes_dilution_refrigerators_easier_to_use_with_new_software] Wrote 5_edges.json (1 interactions)
[06:45:26 +5m 37s | thequantuminsider_2024_03_27_bluefors_makes_dilution_refrigerators_easier_to_use_with_new_software] Actor helix counts: {'Academia': 1, 'Civil Society': 3, 'Government': 3, 'Industry': 2, 'Intermediary': 1, 'Unknown': 6}
[06:45:26 +5m 37s | thequantuminsider_2024_03_27_bluefors_makes_dilution_refrigerators_easier_to_use_with_new_software] Functional-space counts: {'Unknown': 1}

[06:45:26 +5m 37s | thequantuminsider_2024_03_27_bluefors_makes_dilution_refrigerators_easier_to_use_with_new_software] === 6 network visualisation ===
[06:45:27 +5m 37s | thequantuminsider_2024_03_27_bluefors_makes_dilution_refrigerators_easier_to_use_with_new_software] Wrote quantum_network.html
[06:45:27 +5m 37s | thequantuminsider_2024_03_27_bluefors_makes_dilution_refrigerators_easier_to_use_with_new_software] Nodes: 16
[06:45:27 +5m 37s | thequantuminsider_2024_03_27_bluefors_makes_dilution_refrigerators_easier_to_use_with_new_software] Edges: 1

[06:45:27 +5m 38s | thequantuminsider_2024_03_27_bluefors_makes_dilution_refrigerators_easier_to_use_with_new_software] Done. Outputs written to: /home/lv/IDP/idpdeeptech/pipeline/news_outputs/thequantuminsider_2024_03_27_bluefors_makes_dilution_refrigerators_easier_to_use_with_new_software
[06:45:27 +5m 38s | thequantuminsider_2024_03_27_bluefors_makes_dilution_refrigerators_easier_to_use_with_new_software] Log: /home/lv/IDP/idpdeeptech/pipeline/news_outputs/thequantuminsider_2024_03_27_bluefors_makes_dilution_refrigerators_easier_to_use_with_new_software/run.log

========================================================================
RUN FINISHED 2026-07-02 06:45:27  (OK)
Started:     2026-07-02 06:39:49
Elapsed:     5m 38s
========================================================================
