
========================================================================
RUN STARTED  2026-07-01 22:25:20
site_pipeline.py https://thequantuminsider.com/2020/01/27/tweaking-existing-telecommunications-gear-could-help-quantum-communication-research/
========================================================================

[22:25:20 +0s | thequantuminsider_2020_01_27_tweaking_existing_telecommunications_gear_could_help_quantum_b3af7a67] === 0 crawl site ===
[22:25:21 +1s | thequantuminsider_2020_01_27_tweaking_existing_telecommunications_gear_could_help_quantum_b3af7a67] [INIT].... → Crawl4AI 0.8.6 
[22:25:23 +3s | thequantuminsider_2020_01_27_tweaking_existing_telecommunications_gear_could_help_quantum_b3af7a67] [FETCH]... ↓ https://thequantuminsider.com/2020/01/27/tweakin...-gear-could-help-quantum-communication-research/  | ✓ | ⏱: 1.71s 
[22:25:23 +3s | thequantuminsider_2020_01_27_tweaking_existing_telecommunications_gear_could_help_quantum_b3af7a67] [SCRAPE].. ◆ https://thequantuminsider.com/2020/01/27/tweakin...-gear-could-help-quantum-communication-research/  | ✓ | ⏱: 0.13s 
[22:25:23 +3s | thequantuminsider_2020_01_27_tweaking_existing_telecommunications_gear_could_help_quantum_b3af7a67] [COMPLETE] ● https://thequantuminsider.com/2020/01/27/tweakin...-gear-could-help-quantum-communication-research/  | ✓ | ⏱: 1.86s 
[22:25:23 +3s | thequantuminsider_2020_01_27_tweaking_existing_telecommunications_gear_could_help_quantum_b3af7a67] Saved: crawl_output/b6540ddee8_thequantuminsider.com_2020_01_27_tweaking-existing-telecommunications-gear-could-help-quantum-communication-research.json

[22:25:23 +3s | thequantuminsider_2020_01_27_tweaking_existing_telecommunications_gear_could_help_quantum_b3af7a67] === 1 actor extraction ===
[22:25:23 +3s | thequantuminsider_2020_01_27_tweaking_existing_telecommunications_gear_could_help_quantum_b3af7a67] Reading page (1/1): https://thequantuminsider.com/2020/01/27/tweaking-existing-telecommunications-gear-could-help-quantum-communication-research
[22:25:23 +3s | thequantuminsider_2020_01_27_tweaking_existing_telecommunications_gear_could_help_quantum_b3af7a67] Extracting actors: https://thequantuminsider.com/2020/01/27/tweaking-existing-telecommunications-gear-could-help-quantum-communication-research (1/1), chunk 1/40
[22:25:28 +8s | thequantuminsider_2020_01_27_tweaking_existing_telecommunications_gear_could_help_quantum_b3af7a67] Extracting actors: https://thequantuminsider.com/2020/01/27/tweaking-existing-telecommunications-gear-could-help-quantum-communication-research (1/1), chunk 2/40
[22:25:34 +14s | thequantuminsider_2020_01_27_tweaking_existing_telecommunications_gear_could_help_quantum_b3af7a67] Extracting actors: https://thequantuminsider.com/2020/01/27/tweaking-existing-telecommunications-gear-could-help-quantum-communication-research (1/1), chunk 3/40
[22:25:38 +18s | thequantuminsider_2020_01_27_tweaking_existing_telecommunications_gear_could_help_quantum_b3af7a67] Extracting actors: https://thequantuminsider.com/2020/01/27/tweaking-existing-telecommunications-gear-could-help-quantum-communication-research (1/1), chunk 4/40
[22:25:42 +22s | thequantuminsider_2020_01_27_tweaking_existing_telecommunications_gear_could_help_quantum_b3af7a67] Extracting actors: https://thequantuminsider.com/2020/01/27/tweaking-existing-telecommunications-gear-could-help-quantum-communication-research (1/1), chunk 5/40
[22:25:45 +25s | thequantuminsider_2020_01_27_tweaking_existing_telecommunications_gear_could_help_quantum_b3af7a67] Extracting actors: https://thequantuminsider.com/2020/01/27/tweaking-existing-telecommunications-gear-could-help-quantum-communication-research (1/1), chunk 6/40
[22:25:54 +32s | thequantuminsider_2020_01_27_tweaking_existing_telecommunications_gear_could_help_quantum_b3af7a67] Extracting actors: https://thequantuminsider.com/2020/01/27/tweaking-existing-telecommunications-gear-could-help-quantum-communication-research (1/1), chunk 7/40
[22:25:58 +35s | thequantuminsider_2020_01_27_tweaking_existing_telecommunications_gear_could_help_quantum_b3af7a67] Extracting actors: https://thequantuminsider.com/2020/01/27/tweaking-existing-telecommunications-gear-could-help-quantum-communication-research (1/1), chunk 8/40
[22:26:02 +40s | thequantuminsider_2020_01_27_tweaking_existing_telecommunications_gear_could_help_quantum_b3af7a67] Extracting actors: https://thequantuminsider.com/2020/01/27/tweaking-existing-telecommunications-gear-could-help-quantum-communication-research (1/1), chunk 9/40
[22:26:07 +44s | thequantuminsider_2020_01_27_tweaking_existing_telecommunications_gear_could_help_quantum_b3af7a67] Extracting actors: https://thequantuminsider.com/2020/01/27/tweaking-existing-telecommunications-gear-could-help-quantum-communication-research (1/1), chunk 10/40
[22:26:11 +49s | thequantuminsider_2020_01_27_tweaking_existing_telecommunications_gear_could_help_quantum_b3af7a67] Extracting actors: https://thequantuminsider.com/2020/01/27/tweaking-existing-telecommunications-gear-could-help-quantum-communication-research (1/1), chunk 11/40
[22:26:15 +52s | thequantuminsider_2020_01_27_tweaking_existing_telecommunications_gear_could_help_quantum_b3af7a67] Extracting actors: https://thequantuminsider.com/2020/01/27/tweaking-existing-telecommunications-gear-could-help-quantum-communication-research (1/1), chunk 12/40
[22:26:23 +1m 0s | thequantuminsider_2020_01_27_tweaking_existing_telecommunications_gear_could_help_quantum_b3af7a67] Repaired malformed JSON.
[22:26:23 +1m 0s | thequantuminsider_2020_01_27_tweaking_existing_telecommunications_gear_could_help_quantum_b3af7a67] Extracting actors: https://thequantuminsider.com/2020/01/27/tweaking-existing-telecommunications-gear-could-help-quantum-communication-research (1/1), chunk 13/40
[22:26:32 +1m 6s | thequantuminsider_2020_01_27_tweaking_existing_telecommunications_gear_could_help_quantum_b3af7a67] Repaired malformed JSON.
[22:26:32 +1m 6s | thequantuminsider_2020_01_27_tweaking_existing_telecommunications_gear_could_help_quantum_b3af7a67] Extracting actors: https://thequantuminsider.com/2020/01/27/tweaking-existing-telecommunications-gear-could-help-quantum-communication-research (1/1), chunk 14/40
[22:26:37 +1m 11s | thequantuminsider_2020_01_27_tweaking_existing_telecommunications_gear_could_help_quantum_b3af7a67] Repaired malformed JSON.
[22:26:37 +1m 11s | thequantuminsider_2020_01_27_tweaking_existing_telecommunications_gear_could_help_quantum_b3af7a67] Extracting actors: https://thequantuminsider.com/2020/01/27/tweaking-existing-telecommunications-gear-could-help-quantum-communication-research (1/1), chunk 15/40
[22:26:44 +1m 19s | thequantuminsider_2020_01_27_tweaking_existing_telecommunications_gear_could_help_quantum_b3af7a67] Repaired malformed JSON.
[22:26:44 +1m 19s | thequantuminsider_2020_01_27_tweaking_existing_telecommunications_gear_could_help_quantum_b3af7a67] Extracting actors: https://thequantuminsider.com/2020/01/27/tweaking-existing-telecommunications-gear-could-help-quantum-communication-research (1/1), chunk 16/40
[22:26:51 +1m 25s | thequantuminsider_2020_01_27_tweaking_existing_telecommunications_gear_could_help_quantum_b3af7a67] Repaired malformed JSON.
[22:26:51 +1m 25s | thequantuminsider_2020_01_27_tweaking_existing_telecommunications_gear_could_help_quantum_b3af7a67] Extracting actors: https://thequantuminsider.com/2020/01/27/tweaking-existing-telecommunications-gear-could-help-quantum-communication-research (1/1), chunk 17/40
[22:26:57 +1m 31s | thequantuminsider_2020_01_27_tweaking_existing_telecommunications_gear_could_help_quantum_b3af7a67] Repaired malformed JSON.
[22:26:57 +1m 31s | thequantuminsider_2020_01_27_tweaking_existing_telecommunications_gear_could_help_quantum_b3af7a67] Extracting actors: https://thequantuminsider.com/2020/01/27/tweaking-existing-telecommunications-gear-could-help-quantum-communication-research (1/1), chunk 18/40
[22:27:08 +1m 39s | thequantuminsider_2020_01_27_tweaking_existing_telecommunications_gear_could_help_quantum_b3af7a67] Repaired malformed JSON.
[22:27:08 +1m 39s | thequantuminsider_2020_01_27_tweaking_existing_telecommunications_gear_could_help_quantum_b3af7a67] Extracting actors: https://thequantuminsider.com/2020/01/27/tweaking-existing-telecommunications-gear-could-help-quantum-communication-research (1/1), chunk 19/40
[22:27:16 +1m 47s | thequantuminsider_2020_01_27_tweaking_existing_telecommunications_gear_could_help_quantum_b3af7a67] Repaired malformed JSON.
[22:27:16 +1m 47s | thequantuminsider_2020_01_27_tweaking_existing_telecommunications_gear_could_help_quantum_b3af7a67] Extracting actors: https://thequantuminsider.com/2020/01/27/tweaking-existing-telecommunications-gear-could-help-quantum-communication-research (1/1), chunk 20/40
[22:27:23 +1m 55s | thequantuminsider_2020_01_27_tweaking_existing_telecommunications_gear_could_help_quantum_b3af7a67] Repaired malformed JSON.
[22:27:23 +1m 55s | thequantuminsider_2020_01_27_tweaking_existing_telecommunications_gear_could_help_quantum_b3af7a67] Extracting actors: https://thequantuminsider.com/2020/01/27/tweaking-existing-telecommunications-gear-could-help-quantum-communication-research (1/1), chunk 21/40
[22:27:31 +2m 2s | thequantuminsider_2020_01_27_tweaking_existing_telecommunications_gear_could_help_quantum_b3af7a67] Repaired malformed JSON.
[22:27:31 +2m 2s | thequantuminsider_2020_01_27_tweaking_existing_telecommunications_gear_could_help_quantum_b3af7a67] Extracting actors: https://thequantuminsider.com/2020/01/27/tweaking-existing-telecommunications-gear-could-help-quantum-communication-research (1/1), chunk 22/40
[22:27:41 +2m 9s | thequantuminsider_2020_01_27_tweaking_existing_telecommunications_gear_could_help_quantum_b3af7a67] Repaired malformed JSON.
[22:27:41 +2m 9s | thequantuminsider_2020_01_27_tweaking_existing_telecommunications_gear_could_help_quantum_b3af7a67] Extracting actors: https://thequantuminsider.com/2020/01/27/tweaking-existing-telecommunications-gear-could-help-quantum-communication-research (1/1), chunk 23/40
[22:27:47 +2m 16s | thequantuminsider_2020_01_27_tweaking_existing_telecommunications_gear_could_help_quantum_b3af7a67] Repaired malformed JSON.
[22:27:47 +2m 16s | thequantuminsider_2020_01_27_tweaking_existing_telecommunications_gear_could_help_quantum_b3af7a67] Extracting actors: https://thequantuminsider.com/2020/01/27/tweaking-existing-telecommunications-gear-could-help-quantum-communication-research (1/1), chunk 24/40
[22:27:52 +2m 21s | thequantuminsider_2020_01_27_tweaking_existing_telecommunications_gear_could_help_quantum_b3af7a67] Repaired malformed JSON.
[22:27:52 +2m 21s | thequantuminsider_2020_01_27_tweaking_existing_telecommunications_gear_could_help_quantum_b3af7a67] Extracting actors: https://thequantuminsider.com/2020/01/27/tweaking-existing-telecommunications-gear-could-help-quantum-communication-research (1/1), chunk 25/40
[22:28:00 +2m 28s | thequantuminsider_2020_01_27_tweaking_existing_telecommunications_gear_could_help_quantum_b3af7a67] Repaired malformed JSON.
[22:28:00 +2m 28s | thequantuminsider_2020_01_27_tweaking_existing_telecommunications_gear_could_help_quantum_b3af7a67] Extracting actors: https://thequantuminsider.com/2020/01/27/tweaking-existing-telecommunications-gear-could-help-quantum-communication-research (1/1), chunk 26/40
[22:28:10 +2m 38s | thequantuminsider_2020_01_27_tweaking_existing_telecommunications_gear_could_help_quantum_b3af7a67] Repaired malformed JSON.
[22:28:10 +2m 38s | thequantuminsider_2020_01_27_tweaking_existing_telecommunications_gear_could_help_quantum_b3af7a67] Extracting actors: https://thequantuminsider.com/2020/01/27/tweaking-existing-telecommunications-gear-could-help-quantum-communication-research (1/1), chunk 27/40
[22:28:18 +2m 44s | thequantuminsider_2020_01_27_tweaking_existing_telecommunications_gear_could_help_quantum_b3af7a67] Repaired malformed JSON.
[22:28:18 +2m 44s | thequantuminsider_2020_01_27_tweaking_existing_telecommunications_gear_could_help_quantum_b3af7a67] Extracting actors: https://thequantuminsider.com/2020/01/27/tweaking-existing-telecommunications-gear-could-help-quantum-communication-research (1/1), chunk 28/40
[22:28:24 +2m 50s | thequantuminsider_2020_01_27_tweaking_existing_telecommunications_gear_could_help_quantum_b3af7a67] Extracting actors: https://thequantuminsider.com/2020/01/27/tweaking-existing-telecommunications-gear-could-help-quantum-communication-research (1/1), chunk 29/40
[22:28:31 +2m 56s | thequantuminsider_2020_01_27_tweaking_existing_telecommunications_gear_could_help_quantum_b3af7a67] Repaired malformed JSON.
[22:28:31 +2m 56s | thequantuminsider_2020_01_27_tweaking_existing_telecommunications_gear_could_help_quantum_b3af7a67] Extracting actors: https://thequantuminsider.com/2020/01/27/tweaking-existing-telecommunications-gear-could-help-quantum-communication-research (1/1), chunk 30/40
[22:28:32 +2m 58s | thequantuminsider_2020_01_27_tweaking_existing_telecommunications_gear_could_help_quantum_b3af7a67] Extracting actors: https://thequantuminsider.com/2020/01/27/tweaking-existing-telecommunications-gear-could-help-quantum-communication-research (1/1), chunk 31/40
[22:28:34 +3m 0s | thequantuminsider_2020_01_27_tweaking_existing_telecommunications_gear_could_help_quantum_b3af7a67] Extracting actors: https://thequantuminsider.com/2020/01/27/tweaking-existing-telecommunications-gear-could-help-quantum-communication-research (1/1), chunk 32/40
[22:28:40 +3m 5s | thequantuminsider_2020_01_27_tweaking_existing_telecommunications_gear_could_help_quantum_b3af7a67] Repaired malformed JSON.
[22:28:40 +3m 5s | thequantuminsider_2020_01_27_tweaking_existing_telecommunications_gear_could_help_quantum_b3af7a67] Extracting actors: https://thequantuminsider.com/2020/01/27/tweaking-existing-telecommunications-gear-could-help-quantum-communication-research (1/1), chunk 33/40
[22:28:50 +3m 13s | thequantuminsider_2020_01_27_tweaking_existing_telecommunications_gear_could_help_quantum_b3af7a67] Repaired malformed JSON.
[22:28:50 +3m 13s | thequantuminsider_2020_01_27_tweaking_existing_telecommunications_gear_could_help_quantum_b3af7a67] Extracting actors: https://thequantuminsider.com/2020/01/27/tweaking-existing-telecommunications-gear-could-help-quantum-communication-research (1/1), chunk 34/40
[22:28:59 +3m 21s | thequantuminsider_2020_01_27_tweaking_existing_telecommunications_gear_could_help_quantum_b3af7a67] Repaired malformed JSON.
[22:28:59 +3m 21s | thequantuminsider_2020_01_27_tweaking_existing_telecommunications_gear_could_help_quantum_b3af7a67] Extracting actors: https://thequantuminsider.com/2020/01/27/tweaking-existing-telecommunications-gear-could-help-quantum-communication-research (1/1), chunk 35/40
[22:29:04 +3m 26s | thequantuminsider_2020_01_27_tweaking_existing_telecommunications_gear_could_help_quantum_b3af7a67] Extracting actors: https://thequantuminsider.com/2020/01/27/tweaking-existing-telecommunications-gear-could-help-quantum-communication-research (1/1), chunk 36/40
[22:29:12 +3m 35s | thequantuminsider_2020_01_27_tweaking_existing_telecommunications_gear_could_help_quantum_b3af7a67] Repaired malformed JSON.
[22:29:12 +3m 35s | thequantuminsider_2020_01_27_tweaking_existing_telecommunications_gear_could_help_quantum_b3af7a67] Extracting actors: https://thequantuminsider.com/2020/01/27/tweaking-existing-telecommunications-gear-could-help-quantum-communication-research (1/1), chunk 37/40
[22:29:19 +3m 41s | thequantuminsider_2020_01_27_tweaking_existing_telecommunications_gear_could_help_quantum_b3af7a67] Repaired malformed JSON.
[22:29:19 +3m 41s | thequantuminsider_2020_01_27_tweaking_existing_telecommunications_gear_could_help_quantum_b3af7a67] Extracting actors: https://thequantuminsider.com/2020/01/27/tweaking-existing-telecommunications-gear-could-help-quantum-communication-research (1/1), chunk 38/40
[22:29:30 +3m 50s | thequantuminsider_2020_01_27_tweaking_existing_telecommunications_gear_could_help_quantum_b3af7a67] Repaired malformed JSON.
[22:29:30 +3m 50s | thequantuminsider_2020_01_27_tweaking_existing_telecommunications_gear_could_help_quantum_b3af7a67] Extracting actors: https://thequantuminsider.com/2020/01/27/tweaking-existing-telecommunications-gear-could-help-quantum-communication-research (1/1), chunk 39/40
[22:29:37 +3m 57s | thequantuminsider_2020_01_27_tweaking_existing_telecommunications_gear_could_help_quantum_b3af7a67] Repaired malformed JSON.
[22:29:37 +3m 57s | thequantuminsider_2020_01_27_tweaking_existing_telecommunications_gear_could_help_quantum_b3af7a67] Extracting actors: https://thequantuminsider.com/2020/01/27/tweaking-existing-telecommunications-gear-could-help-quantum-communication-research (1/1), chunk 40/40
[22:29:45 +4m 4s | thequantuminsider_2020_01_27_tweaking_existing_telecommunications_gear_could_help_quantum_b3af7a67] Repaired malformed JSON.
[22:29:45 +4m 4s | thequantuminsider_2020_01_27_tweaking_existing_telecommunications_gear_could_help_quantum_b3af7a67] Saved 1_actor_results.json with 57 extracted records

[22:29:45 +4m 5s | thequantuminsider_2020_01_27_tweaking_existing_telecommunications_gear_could_help_quantum_b3af7a67] === 2 clean actors ===
[22:29:45 +4m 5s | thequantuminsider_2020_01_27_tweaking_existing_telecommunications_gear_could_help_quantum_b3af7a67] Loaded 57 extracted records
[22:29:45 +4m 5s | thequantuminsider_2020_01_27_tweaking_existing_telecommunications_gear_could_help_quantum_b3af7a67] Saved 2_actor_nodes.json with 21 canonical actor nodes

[22:29:45 +4m 5s | thequantuminsider_2020_01_27_tweaking_existing_telecommunications_gear_could_help_quantum_b3af7a67] === 3 interaction extraction ===
[22:29:45 +4m 5s | thequantuminsider_2020_01_27_tweaking_existing_telecommunications_gear_could_help_quantum_b3af7a67] Extracting interactions: https://thequantuminsider.com/2020/01/27/tweaking-existing-telecommunications-gear-could-help-quantum-communication-research (1/1), chunk 12/40
[22:29:58 +4m 15s | thequantuminsider_2020_01_27_tweaking_existing_telecommunications_gear_could_help_quantum_b3af7a67] Extracting interactions: https://thequantuminsider.com/2020/01/27/tweaking-existing-telecommunications-gear-could-help-quantum-communication-research (1/1), chunk 13/40
[22:30:16 +4m 33s | thequantuminsider_2020_01_27_tweaking_existing_telecommunications_gear_could_help_quantum_b3af7a67] Extracting interactions: https://thequantuminsider.com/2020/01/27/tweaking-existing-telecommunications-gear-could-help-quantum-communication-research (1/1), chunk 14/40
[22:30:25 +4m 41s | thequantuminsider_2020_01_27_tweaking_existing_telecommunications_gear_could_help_quantum_b3af7a67] Extracting interactions: https://thequantuminsider.com/2020/01/27/tweaking-existing-telecommunications-gear-could-help-quantum-communication-research (1/1), chunk 15/40
[22:30:34 +4m 48s | thequantuminsider_2020_01_27_tweaking_existing_telecommunications_gear_could_help_quantum_b3af7a67] Extracting interactions: https://thequantuminsider.com/2020/01/27/tweaking-existing-telecommunications-gear-could-help-quantum-communication-research (1/1), chunk 16/40
[22:30:51 +5m 5s | thequantuminsider_2020_01_27_tweaking_existing_telecommunications_gear_could_help_quantum_b3af7a67] Extracting interactions: https://thequantuminsider.com/2020/01/27/tweaking-existing-telecommunications-gear-could-help-quantum-communication-research (1/1), chunk 17/40
[22:30:57 +5m 11s | thequantuminsider_2020_01_27_tweaking_existing_telecommunications_gear_could_help_quantum_b3af7a67] Extracting interactions: https://thequantuminsider.com/2020/01/27/tweaking-existing-telecommunications-gear-could-help-quantum-communication-research (1/1), chunk 18/40
[22:31:04 +5m 18s | thequantuminsider_2020_01_27_tweaking_existing_telecommunications_gear_could_help_quantum_b3af7a67] Extracting interactions: https://thequantuminsider.com/2020/01/27/tweaking-existing-telecommunications-gear-could-help-quantum-communication-research (1/1), chunk 19/40
[22:31:10 +5m 21s | thequantuminsider_2020_01_27_tweaking_existing_telecommunications_gear_could_help_quantum_b3af7a67] Extracting interactions: https://thequantuminsider.com/2020/01/27/tweaking-existing-telecommunications-gear-could-help-quantum-communication-research (1/1), chunk 20/40
[22:31:12 +5m 23s | thequantuminsider_2020_01_27_tweaking_existing_telecommunications_gear_could_help_quantum_b3af7a67] Extracting interactions: https://thequantuminsider.com/2020/01/27/tweaking-existing-telecommunications-gear-could-help-quantum-communication-research (1/1), chunk 21/40
[22:31:18 +5m 29s | thequantuminsider_2020_01_27_tweaking_existing_telecommunications_gear_could_help_quantum_b3af7a67] Extracting interactions: https://thequantuminsider.com/2020/01/27/tweaking-existing-telecommunications-gear-could-help-quantum-communication-research (1/1), chunk 22/40
[22:31:48 +5m 56s | thequantuminsider_2020_01_27_tweaking_existing_telecommunications_gear_could_help_quantum_b3af7a67] Extracting interactions: https://thequantuminsider.com/2020/01/27/tweaking-existing-telecommunications-gear-could-help-quantum-communication-research (1/1), chunk 23/40
[22:31:56 +6m 4s | thequantuminsider_2020_01_27_tweaking_existing_telecommunications_gear_could_help_quantum_b3af7a67] Extracting interactions: https://thequantuminsider.com/2020/01/27/tweaking-existing-telecommunications-gear-could-help-quantum-communication-research (1/1), chunk 24/40
[22:32:00 +6m 8s | thequantuminsider_2020_01_27_tweaking_existing_telecommunications_gear_could_help_quantum_b3af7a67] Extracting interactions: https://thequantuminsider.com/2020/01/27/tweaking-existing-telecommunications-gear-could-help-quantum-communication-research (1/1), chunk 25/40
[22:32:13 +6m 21s | thequantuminsider_2020_01_27_tweaking_existing_telecommunications_gear_could_help_quantum_b3af7a67] Extracting interactions: https://thequantuminsider.com/2020/01/27/tweaking-existing-telecommunications-gear-could-help-quantum-communication-research (1/1), chunk 26/40
[22:32:20 +6m 25s | thequantuminsider_2020_01_27_tweaking_existing_telecommunications_gear_could_help_quantum_b3af7a67] Extracting interactions: https://thequantuminsider.com/2020/01/27/tweaking-existing-telecommunications-gear-could-help-quantum-communication-research (1/1), chunk 29/40
[22:32:24 +6m 29s | thequantuminsider_2020_01_27_tweaking_existing_telecommunications_gear_could_help_quantum_b3af7a67] Extracting interactions: https://thequantuminsider.com/2020/01/27/tweaking-existing-telecommunications-gear-could-help-quantum-communication-research (1/1), chunk 30/40
[22:32:26 +6m 31s | thequantuminsider_2020_01_27_tweaking_existing_telecommunications_gear_could_help_quantum_b3af7a67] Extracting interactions: https://thequantuminsider.com/2020/01/27/tweaking-existing-telecommunications-gear-could-help-quantum-communication-research (1/1), chunk 31/40
[22:32:27 +6m 32s | thequantuminsider_2020_01_27_tweaking_existing_telecommunications_gear_could_help_quantum_b3af7a67] Extracting interactions: https://thequantuminsider.com/2020/01/27/tweaking-existing-telecommunications-gear-could-help-quantum-communication-research (1/1), chunk 32/40
[22:32:29 +6m 34s | thequantuminsider_2020_01_27_tweaking_existing_telecommunications_gear_could_help_quantum_b3af7a67] Extracting interactions: https://thequantuminsider.com/2020/01/27/tweaking-existing-telecommunications-gear-could-help-quantum-communication-research (1/1), chunk 33/40
[22:32:31 +6m 36s | thequantuminsider_2020_01_27_tweaking_existing_telecommunications_gear_could_help_quantum_b3af7a67] Extracting interactions: https://thequantuminsider.com/2020/01/27/tweaking-existing-telecommunications-gear-could-help-quantum-communication-research (1/1), chunk 34/40
[22:32:33 +6m 38s | thequantuminsider_2020_01_27_tweaking_existing_telecommunications_gear_could_help_quantum_b3af7a67] Extracting interactions: https://thequantuminsider.com/2020/01/27/tweaking-existing-telecommunications-gear-could-help-quantum-communication-research (1/1), chunk 35/40
[22:32:35 +6m 40s | thequantuminsider_2020_01_27_tweaking_existing_telecommunications_gear_could_help_quantum_b3af7a67] Extracting interactions: https://thequantuminsider.com/2020/01/27/tweaking-existing-telecommunications-gear-could-help-quantum-communication-research (1/1), chunk 36/40
[22:32:36 +6m 41s | thequantuminsider_2020_01_27_tweaking_existing_telecommunications_gear_could_help_quantum_b3af7a67] Extracting interactions: https://thequantuminsider.com/2020/01/27/tweaking-existing-telecommunications-gear-could-help-quantum-communication-research (1/1), chunk 38/40
[22:32:38 +6m 43s | thequantuminsider_2020_01_27_tweaking_existing_telecommunications_gear_could_help_quantum_b3af7a67] Extracting interactions: https://thequantuminsider.com/2020/01/27/tweaking-existing-telecommunications-gear-could-help-quantum-communication-research (1/1), chunk 39/40
[22:32:40 +6m 45s | thequantuminsider_2020_01_27_tweaking_existing_telecommunications_gear_could_help_quantum_b3af7a67] Extracting interactions: https://thequantuminsider.com/2020/01/27/tweaking-existing-telecommunications-gear-could-help-quantum-communication-research (1/1), chunk 40/40
[22:32:42 +6m 47s | thequantuminsider_2020_01_27_tweaking_existing_telecommunications_gear_could_help_quantum_b3af7a67] Saved 3_interaction_results.json with 33 extracted interactions.

[22:32:42 +6m 47s | thequantuminsider_2020_01_27_tweaking_existing_telecommunications_gear_could_help_quantum_b3af7a67] === 4 clean interactions ===
[22:32:42 +6m 47s | thequantuminsider_2020_01_27_tweaking_existing_telecommunications_gear_could_help_quantum_b3af7a67] Saved 4_edges.json with 0 cleaned interactions.

[22:32:42 +6m 47s | thequantuminsider_2020_01_27_tweaking_existing_telecommunications_gear_could_help_quantum_b3af7a67] === 5 helix enrichment ===
[22:32:42 +6m 47s | thequantuminsider_2020_01_27_tweaking_existing_telecommunications_gear_could_help_quantum_b3af7a67] Wrote 5_nodes.json (21 actors)
[22:32:42 +6m 47s | thequantuminsider_2020_01_27_tweaking_existing_telecommunications_gear_could_help_quantum_b3af7a67] Wrote 5_edges.json (0 interactions)
[22:32:42 +6m 47s | thequantuminsider_2020_01_27_tweaking_existing_telecommunications_gear_could_help_quantum_b3af7a67] Actor helix counts: {'Academia': 2, 'Civil Society': 3, 'Government': 5, 'Industry': 2, 'Intermediary': 1, 'Unknown': 8}
[22:32:42 +6m 47s | thequantuminsider_2020_01_27_tweaking_existing_telecommunications_gear_could_help_quantum_b3af7a67] Functional-space counts: {}

[22:32:42 +6m 47s | thequantuminsider_2020_01_27_tweaking_existing_telecommunications_gear_could_help_quantum_b3af7a67] === 6 network visualisation ===
[22:32:42 +6m 47s | thequantuminsider_2020_01_27_tweaking_existing_telecommunications_gear_could_help_quantum_b3af7a67] Wrote quantum_network.html
[22:32:42 +6m 47s | thequantuminsider_2020_01_27_tweaking_existing_telecommunications_gear_could_help_quantum_b3af7a67] Nodes: 21
[22:32:42 +6m 47s | thequantuminsider_2020_01_27_tweaking_existing_telecommunications_gear_could_help_quantum_b3af7a67] Edges: 0

[22:32:42 +6m 47s | thequantuminsider_2020_01_27_tweaking_existing_telecommunications_gear_could_help_quantum_b3af7a67] Done. Outputs written to: /home/lv/IDP/idpdeeptech/pipeline/news_outputs/thequantuminsider_2020_01_27_tweaking_existing_telecommunications_gear_could_help_quantum_b3af7a67
[22:32:42 +6m 47s | thequantuminsider_2020_01_27_tweaking_existing_telecommunications_gear_could_help_quantum_b3af7a67] Log: /home/lv/IDP/idpdeeptech/pipeline/news_outputs/thequantuminsider_2020_01_27_tweaking_existing_telecommunications_gear_could_help_quantum_b3af7a67/run.log

========================================================================
RUN FINISHED 2026-07-01 22:32:42  (OK)
Started:     2026-07-01 22:25:20
Elapsed:     6m 47s
========================================================================
