
========================================================================
RUN STARTED  2026-07-02 10:53:18
site_pipeline.py https://thequantuminsider.com/2024/02/08/researchers-deep-tech-needs-old-school-venture-capital/
========================================================================

[10:53:18 +0s | thequantuminsider_2024_02_08_researchers_deep_tech_needs_old_school_venture_capital] === 0 crawl site ===
[10:53:20 +2s | thequantuminsider_2024_02_08_researchers_deep_tech_needs_old_school_venture_capital] [INIT].... → Crawl4AI 0.8.6 
[10:53:22 +4s | thequantuminsider_2024_02_08_researchers_deep_tech_needs_old_school_venture_capital] [FETCH]... ↓ https://thequantuminsider.com/2024/02/08/researchers-deep-tech-needs-old-school-venture-capital/     | ✓ | ⏱: 2.54s 
[10:53:22 +4s | thequantuminsider_2024_02_08_researchers_deep_tech_needs_old_school_venture_capital] [SCRAPE].. ◆ https://thequantuminsider.com/2024/02/08/researchers-deep-tech-needs-old-school-venture-capital/     | ✓ | ⏱: 0.12s 
[10:53:22 +5s | thequantuminsider_2024_02_08_researchers_deep_tech_needs_old_school_venture_capital] [COMPLETE] ● https://thequantuminsider.com/2024/02/08/researchers-deep-tech-needs-old-school-venture-capital/     | ✓ | ⏱: 2.68s 
[10:53:22 +5s | thequantuminsider_2024_02_08_researchers_deep_tech_needs_old_school_venture_capital] Saved: crawl_output/ab1a979a21_thequantuminsider.com_2024_02_08_researchers-deep-tech-needs-old-school-venture-capital.json

[10:53:23 +5s | thequantuminsider_2024_02_08_researchers_deep_tech_needs_old_school_venture_capital] === 1 actor extraction ===
[10:53:23 +5s | thequantuminsider_2024_02_08_researchers_deep_tech_needs_old_school_venture_capital] Reading page (1/1): https://thequantuminsider.com/2024/02/08/researchers-deep-tech-needs-old-school-venture-capital
[10:53:23 +5s | thequantuminsider_2024_02_08_researchers_deep_tech_needs_old_school_venture_capital] Extracting actors: https://thequantuminsider.com/2024/02/08/researchers-deep-tech-needs-old-school-venture-capital (1/1), chunk 1/37
[10:53:26 +9s | thequantuminsider_2024_02_08_researchers_deep_tech_needs_old_school_venture_capital] Extracting actors: https://thequantuminsider.com/2024/02/08/researchers-deep-tech-needs-old-school-venture-capital (1/1), chunk 2/37
[10:53:31 +13s | thequantuminsider_2024_02_08_researchers_deep_tech_needs_old_school_venture_capital] Extracting actors: https://thequantuminsider.com/2024/02/08/researchers-deep-tech-needs-old-school-venture-capital (1/1), chunk 3/37
[10:53:36 +18s | thequantuminsider_2024_02_08_researchers_deep_tech_needs_old_school_venture_capital] Extracting actors: https://thequantuminsider.com/2024/02/08/researchers-deep-tech-needs-old-school-venture-capital (1/1), chunk 4/37
[10:53:39 +22s | thequantuminsider_2024_02_08_researchers_deep_tech_needs_old_school_venture_capital] Extracting actors: https://thequantuminsider.com/2024/02/08/researchers-deep-tech-needs-old-school-venture-capital (1/1), chunk 5/37
[10:53:44 +27s | thequantuminsider_2024_02_08_researchers_deep_tech_needs_old_school_venture_capital] Extracting actors: https://thequantuminsider.com/2024/02/08/researchers-deep-tech-needs-old-school-venture-capital (1/1), chunk 6/37
[10:53:50 +33s | thequantuminsider_2024_02_08_researchers_deep_tech_needs_old_school_venture_capital] Extracting actors: https://thequantuminsider.com/2024/02/08/researchers-deep-tech-needs-old-school-venture-capital (1/1), chunk 7/37
[10:53:55 +37s | thequantuminsider_2024_02_08_researchers_deep_tech_needs_old_school_venture_capital] Extracting actors: https://thequantuminsider.com/2024/02/08/researchers-deep-tech-needs-old-school-venture-capital (1/1), chunk 8/37
[10:53:59 +41s | thequantuminsider_2024_02_08_researchers_deep_tech_needs_old_school_venture_capital] Extracting actors: https://thequantuminsider.com/2024/02/08/researchers-deep-tech-needs-old-school-venture-capital (1/1), chunk 9/37
[10:54:03 +45s | thequantuminsider_2024_02_08_researchers_deep_tech_needs_old_school_venture_capital] Extracting actors: https://thequantuminsider.com/2024/02/08/researchers-deep-tech-needs-old-school-venture-capital (1/1), chunk 10/37
[10:54:06 +49s | thequantuminsider_2024_02_08_researchers_deep_tech_needs_old_school_venture_capital] Extracting actors: https://thequantuminsider.com/2024/02/08/researchers-deep-tech-needs-old-school-venture-capital (1/1), chunk 11/37
[10:54:13 +55s | thequantuminsider_2024_02_08_researchers_deep_tech_needs_old_school_venture_capital] Repaired malformed JSON.
[10:54:13 +55s | thequantuminsider_2024_02_08_researchers_deep_tech_needs_old_school_venture_capital] Extracting actors: https://thequantuminsider.com/2024/02/08/researchers-deep-tech-needs-old-school-venture-capital (1/1), chunk 12/37
[10:54:18 +1m 0s | thequantuminsider_2024_02_08_researchers_deep_tech_needs_old_school_venture_capital] Repaired malformed JSON.
[10:54:18 +1m 0s | thequantuminsider_2024_02_08_researchers_deep_tech_needs_old_school_venture_capital] Extracting actors: https://thequantuminsider.com/2024/02/08/researchers-deep-tech-needs-old-school-venture-capital (1/1), chunk 13/37
[10:54:28 +1m 10s | thequantuminsider_2024_02_08_researchers_deep_tech_needs_old_school_venture_capital] Repaired malformed JSON.
[10:54:28 +1m 10s | thequantuminsider_2024_02_08_researchers_deep_tech_needs_old_school_venture_capital] Extracting actors: https://thequantuminsider.com/2024/02/08/researchers-deep-tech-needs-old-school-venture-capital (1/1), chunk 14/37
[10:54:34 +1m 16s | thequantuminsider_2024_02_08_researchers_deep_tech_needs_old_school_venture_capital] Repaired malformed JSON.
[10:54:34 +1m 16s | thequantuminsider_2024_02_08_researchers_deep_tech_needs_old_school_venture_capital] Extracting actors: https://thequantuminsider.com/2024/02/08/researchers-deep-tech-needs-old-school-venture-capital (1/1), chunk 15/37
[10:54:40 +1m 23s | thequantuminsider_2024_02_08_researchers_deep_tech_needs_old_school_venture_capital] Repaired malformed JSON.
[10:54:40 +1m 23s | thequantuminsider_2024_02_08_researchers_deep_tech_needs_old_school_venture_capital] Extracting actors: https://thequantuminsider.com/2024/02/08/researchers-deep-tech-needs-old-school-venture-capital (1/1), chunk 16/37
[10:54:47 +1m 29s | thequantuminsider_2024_02_08_researchers_deep_tech_needs_old_school_venture_capital] Repaired malformed JSON.
[10:54:47 +1m 29s | thequantuminsider_2024_02_08_researchers_deep_tech_needs_old_school_venture_capital] Extracting actors: https://thequantuminsider.com/2024/02/08/researchers-deep-tech-needs-old-school-venture-capital (1/1), chunk 17/37
[10:54:54 +1m 37s | thequantuminsider_2024_02_08_researchers_deep_tech_needs_old_school_venture_capital] Repaired malformed JSON.
[10:54:54 +1m 37s | thequantuminsider_2024_02_08_researchers_deep_tech_needs_old_school_venture_capital] Extracting actors: https://thequantuminsider.com/2024/02/08/researchers-deep-tech-needs-old-school-venture-capital (1/1), chunk 18/37
[10:55:00 +1m 42s | thequantuminsider_2024_02_08_researchers_deep_tech_needs_old_school_venture_capital] Repaired malformed JSON.
[10:55:00 +1m 42s | thequantuminsider_2024_02_08_researchers_deep_tech_needs_old_school_venture_capital] Extracting actors: https://thequantuminsider.com/2024/02/08/researchers-deep-tech-needs-old-school-venture-capital (1/1), chunk 19/37
[10:55:06 +1m 48s | thequantuminsider_2024_02_08_researchers_deep_tech_needs_old_school_venture_capital] Repaired malformed JSON.
[10:55:06 +1m 48s | thequantuminsider_2024_02_08_researchers_deep_tech_needs_old_school_venture_capital] Extracting actors: https://thequantuminsider.com/2024/02/08/researchers-deep-tech-needs-old-school-venture-capital (1/1), chunk 20/37
[10:55:13 +1m 55s | thequantuminsider_2024_02_08_researchers_deep_tech_needs_old_school_venture_capital] Repaired malformed JSON.
[10:55:13 +1m 55s | thequantuminsider_2024_02_08_researchers_deep_tech_needs_old_school_venture_capital] Extracting actors: https://thequantuminsider.com/2024/02/08/researchers-deep-tech-needs-old-school-venture-capital (1/1), chunk 21/37
[10:55:20 +2m 2s | thequantuminsider_2024_02_08_researchers_deep_tech_needs_old_school_venture_capital] Repaired malformed JSON.
[10:55:20 +2m 2s | thequantuminsider_2024_02_08_researchers_deep_tech_needs_old_school_venture_capital] Extracting actors: https://thequantuminsider.com/2024/02/08/researchers-deep-tech-needs-old-school-venture-capital (1/1), chunk 22/37
[10:55:26 +2m 8s | thequantuminsider_2024_02_08_researchers_deep_tech_needs_old_school_venture_capital] Repaired malformed JSON.
[10:55:26 +2m 8s | thequantuminsider_2024_02_08_researchers_deep_tech_needs_old_school_venture_capital] Extracting actors: https://thequantuminsider.com/2024/02/08/researchers-deep-tech-needs-old-school-venture-capital (1/1), chunk 23/37
[10:55:33 +2m 16s | thequantuminsider_2024_02_08_researchers_deep_tech_needs_old_school_venture_capital] Repaired malformed JSON.
[10:55:33 +2m 16s | thequantuminsider_2024_02_08_researchers_deep_tech_needs_old_school_venture_capital] Extracting actors: https://thequantuminsider.com/2024/02/08/researchers-deep-tech-needs-old-school-venture-capital (1/1), chunk 24/37
[10:55:42 +2m 24s | thequantuminsider_2024_02_08_researchers_deep_tech_needs_old_school_venture_capital] Repaired malformed JSON.
[10:55:42 +2m 24s | thequantuminsider_2024_02_08_researchers_deep_tech_needs_old_school_venture_capital] Extracting actors: https://thequantuminsider.com/2024/02/08/researchers-deep-tech-needs-old-school-venture-capital (1/1), chunk 25/37
[10:55:47 +2m 30s | thequantuminsider_2024_02_08_researchers_deep_tech_needs_old_school_venture_capital] Extracting actors: https://thequantuminsider.com/2024/02/08/researchers-deep-tech-needs-old-school-venture-capital (1/1), chunk 26/37
[10:55:57 +2m 39s | thequantuminsider_2024_02_08_researchers_deep_tech_needs_old_school_venture_capital] Repaired malformed JSON.
[10:55:57 +2m 39s | thequantuminsider_2024_02_08_researchers_deep_tech_needs_old_school_venture_capital] Extracting actors: https://thequantuminsider.com/2024/02/08/researchers-deep-tech-needs-old-school-venture-capital (1/1), chunk 27/37
[10:55:59 +2m 41s | thequantuminsider_2024_02_08_researchers_deep_tech_needs_old_school_venture_capital] Extracting actors: https://thequantuminsider.com/2024/02/08/researchers-deep-tech-needs-old-school-venture-capital (1/1), chunk 28/37
[10:56:02 +2m 44s | thequantuminsider_2024_02_08_researchers_deep_tech_needs_old_school_venture_capital] Extracting actors: https://thequantuminsider.com/2024/02/08/researchers-deep-tech-needs-old-school-venture-capital (1/1), chunk 29/37
[10:56:04 +2m 46s | thequantuminsider_2024_02_08_researchers_deep_tech_needs_old_school_venture_capital] Extracting actors: https://thequantuminsider.com/2024/02/08/researchers-deep-tech-needs-old-school-venture-capital (1/1), chunk 30/37
[10:56:10 +2m 53s | thequantuminsider_2024_02_08_researchers_deep_tech_needs_old_school_venture_capital] Repaired malformed JSON.
[10:56:10 +2m 53s | thequantuminsider_2024_02_08_researchers_deep_tech_needs_old_school_venture_capital] Extracting actors: https://thequantuminsider.com/2024/02/08/researchers-deep-tech-needs-old-school-venture-capital (1/1), chunk 31/37
[10:56:18 +3m 0s | thequantuminsider_2024_02_08_researchers_deep_tech_needs_old_school_venture_capital] Repaired malformed JSON.
[10:56:18 +3m 0s | thequantuminsider_2024_02_08_researchers_deep_tech_needs_old_school_venture_capital] Extracting actors: https://thequantuminsider.com/2024/02/08/researchers-deep-tech-needs-old-school-venture-capital (1/1), chunk 32/37
[10:56:24 +3m 6s | thequantuminsider_2024_02_08_researchers_deep_tech_needs_old_school_venture_capital] Repaired malformed JSON.
[10:56:24 +3m 6s | thequantuminsider_2024_02_08_researchers_deep_tech_needs_old_school_venture_capital] Extracting actors: https://thequantuminsider.com/2024/02/08/researchers-deep-tech-needs-old-school-venture-capital (1/1), chunk 33/37
[10:56:29 +3m 11s | thequantuminsider_2024_02_08_researchers_deep_tech_needs_old_school_venture_capital] Repaired malformed JSON.
[10:56:29 +3m 11s | thequantuminsider_2024_02_08_researchers_deep_tech_needs_old_school_venture_capital] Extracting actors: https://thequantuminsider.com/2024/02/08/researchers-deep-tech-needs-old-school-venture-capital (1/1), chunk 34/37
[10:56:35 +3m 18s | thequantuminsider_2024_02_08_researchers_deep_tech_needs_old_school_venture_capital] Repaired malformed JSON.
[10:56:35 +3m 18s | thequantuminsider_2024_02_08_researchers_deep_tech_needs_old_school_venture_capital] Extracting actors: https://thequantuminsider.com/2024/02/08/researchers-deep-tech-needs-old-school-venture-capital (1/1), chunk 35/37
[10:56:44 +3m 26s | thequantuminsider_2024_02_08_researchers_deep_tech_needs_old_school_venture_capital] Repaired malformed JSON.
[10:56:44 +3m 26s | thequantuminsider_2024_02_08_researchers_deep_tech_needs_old_school_venture_capital] Extracting actors: https://thequantuminsider.com/2024/02/08/researchers-deep-tech-needs-old-school-venture-capital (1/1), chunk 36/37
[10:56:51 +3m 33s | thequantuminsider_2024_02_08_researchers_deep_tech_needs_old_school_venture_capital] Repaired malformed JSON.
[10:56:51 +3m 33s | thequantuminsider_2024_02_08_researchers_deep_tech_needs_old_school_venture_capital] Extracting actors: https://thequantuminsider.com/2024/02/08/researchers-deep-tech-needs-old-school-venture-capital (1/1), chunk 37/37
[10:56:56 +3m 39s | thequantuminsider_2024_02_08_researchers_deep_tech_needs_old_school_venture_capital] Repaired malformed JSON.
[10:56:56 +3m 39s | thequantuminsider_2024_02_08_researchers_deep_tech_needs_old_school_venture_capital] Saved 1_actor_results.json with 52 extracted records

[10:56:56 +3m 39s | thequantuminsider_2024_02_08_researchers_deep_tech_needs_old_school_venture_capital] === 2 clean actors ===
[10:56:56 +3m 39s | thequantuminsider_2024_02_08_researchers_deep_tech_needs_old_school_venture_capital] Loaded 52 extracted records
[10:56:56 +3m 39s | thequantuminsider_2024_02_08_researchers_deep_tech_needs_old_school_venture_capital] Saved 2_actor_nodes.json with 18 canonical actor nodes

[10:56:56 +3m 39s | thequantuminsider_2024_02_08_researchers_deep_tech_needs_old_school_venture_capital] === 3 interaction extraction ===
[10:56:57 +3m 39s | thequantuminsider_2024_02_08_researchers_deep_tech_needs_old_school_venture_capital] Extracting interactions: https://thequantuminsider.com/2024/02/08/researchers-deep-tech-needs-old-school-venture-capital (1/1), chunk 11/37
[10:57:00 +3m 43s | thequantuminsider_2024_02_08_researchers_deep_tech_needs_old_school_venture_capital] Extracting interactions: https://thequantuminsider.com/2024/02/08/researchers-deep-tech-needs-old-school-venture-capital (1/1), chunk 12/37
[10:57:07 +3m 49s | thequantuminsider_2024_02_08_researchers_deep_tech_needs_old_school_venture_capital] Extracting interactions: https://thequantuminsider.com/2024/02/08/researchers-deep-tech-needs-old-school-venture-capital (1/1), chunk 13/37
[10:57:11 +3m 54s | thequantuminsider_2024_02_08_researchers_deep_tech_needs_old_school_venture_capital] Extracting interactions: https://thequantuminsider.com/2024/02/08/researchers-deep-tech-needs-old-school-venture-capital (1/1), chunk 15/37
[10:57:16 +3m 58s | thequantuminsider_2024_02_08_researchers_deep_tech_needs_old_school_venture_capital] Extracting interactions: https://thequantuminsider.com/2024/02/08/researchers-deep-tech-needs-old-school-venture-capital (1/1), chunk 16/37
[10:57:22 +4m 4s | thequantuminsider_2024_02_08_researchers_deep_tech_needs_old_school_venture_capital] Extracting interactions: https://thequantuminsider.com/2024/02/08/researchers-deep-tech-needs-old-school-venture-capital (1/1), chunk 17/37
[10:57:28 +4m 10s | thequantuminsider_2024_02_08_researchers_deep_tech_needs_old_school_venture_capital] Extracting interactions: https://thequantuminsider.com/2024/02/08/researchers-deep-tech-needs-old-school-venture-capital (1/1), chunk 18/37
[10:57:31 +4m 13s | thequantuminsider_2024_02_08_researchers_deep_tech_needs_old_school_venture_capital] Extracting interactions: https://thequantuminsider.com/2024/02/08/researchers-deep-tech-needs-old-school-venture-capital (1/1), chunk 19/37
[10:57:36 +4m 19s | thequantuminsider_2024_02_08_researchers_deep_tech_needs_old_school_venture_capital] Extracting interactions: https://thequantuminsider.com/2024/02/08/researchers-deep-tech-needs-old-school-venture-capital (1/1), chunk 20/37
[10:57:46 +4m 28s | thequantuminsider_2024_02_08_researchers_deep_tech_needs_old_school_venture_capital] Extracting interactions: https://thequantuminsider.com/2024/02/08/researchers-deep-tech-needs-old-school-venture-capital (1/1), chunk 21/37
[10:57:52 +4m 34s | thequantuminsider_2024_02_08_researchers_deep_tech_needs_old_school_venture_capital] Extracting interactions: https://thequantuminsider.com/2024/02/08/researchers-deep-tech-needs-old-school-venture-capital (1/1), chunk 22/37
[10:57:55 +4m 37s | thequantuminsider_2024_02_08_researchers_deep_tech_needs_old_school_venture_capital] Extracting interactions: https://thequantuminsider.com/2024/02/08/researchers-deep-tech-needs-old-school-venture-capital (1/1), chunk 23/37
[10:57:59 +4m 41s | thequantuminsider_2024_02_08_researchers_deep_tech_needs_old_school_venture_capital] Extracting interactions: https://thequantuminsider.com/2024/02/08/researchers-deep-tech-needs-old-school-venture-capital (1/1), chunk 24/37
[10:58:01 +4m 43s | thequantuminsider_2024_02_08_researchers_deep_tech_needs_old_school_venture_capital] Extracting interactions: https://thequantuminsider.com/2024/02/08/researchers-deep-tech-needs-old-school-venture-capital (1/1), chunk 26/37
[10:58:07 +4m 49s | thequantuminsider_2024_02_08_researchers_deep_tech_needs_old_school_venture_capital] Extracting interactions: https://thequantuminsider.com/2024/02/08/researchers-deep-tech-needs-old-school-venture-capital (1/1), chunk 27/37
[10:58:09 +4m 51s | thequantuminsider_2024_02_08_researchers_deep_tech_needs_old_school_venture_capital] Extracting interactions: https://thequantuminsider.com/2024/02/08/researchers-deep-tech-needs-old-school-venture-capital (1/1), chunk 28/37
[10:58:10 +4m 52s | thequantuminsider_2024_02_08_researchers_deep_tech_needs_old_school_venture_capital] Extracting interactions: https://thequantuminsider.com/2024/02/08/researchers-deep-tech-needs-old-school-venture-capital (1/1), chunk 30/37
[10:58:11 +4m 54s | thequantuminsider_2024_02_08_researchers_deep_tech_needs_old_school_venture_capital] Extracting interactions: https://thequantuminsider.com/2024/02/08/researchers-deep-tech-needs-old-school-venture-capital (1/1), chunk 31/37
[10:58:13 +4m 55s | thequantuminsider_2024_02_08_researchers_deep_tech_needs_old_school_venture_capital] Extracting interactions: https://thequantuminsider.com/2024/02/08/researchers-deep-tech-needs-old-school-venture-capital (1/1), chunk 32/37
[10:58:14 +4m 57s | thequantuminsider_2024_02_08_researchers_deep_tech_needs_old_school_venture_capital] Extracting interactions: https://thequantuminsider.com/2024/02/08/researchers-deep-tech-needs-old-school-venture-capital (1/1), chunk 33/37
[10:58:16 +4m 58s | thequantuminsider_2024_02_08_researchers_deep_tech_needs_old_school_venture_capital] Extracting interactions: https://thequantuminsider.com/2024/02/08/researchers-deep-tech-needs-old-school-venture-capital (1/1), chunk 35/37
[10:58:23 +5m 6s | thequantuminsider_2024_02_08_researchers_deep_tech_needs_old_school_venture_capital] Extracting interactions: https://thequantuminsider.com/2024/02/08/researchers-deep-tech-needs-old-school-venture-capital (1/1), chunk 36/37
[10:58:25 +5m 7s | thequantuminsider_2024_02_08_researchers_deep_tech_needs_old_school_venture_capital] Extracting interactions: https://thequantuminsider.com/2024/02/08/researchers-deep-tech-needs-old-school-venture-capital (1/1), chunk 37/37
[10:58:27 +5m 9s | thequantuminsider_2024_02_08_researchers_deep_tech_needs_old_school_venture_capital] Saved 3_interaction_results.json with 19 extracted interactions.

[10:58:27 +5m 9s | thequantuminsider_2024_02_08_researchers_deep_tech_needs_old_school_venture_capital] === 4 clean interactions ===
[10:58:27 +5m 9s | thequantuminsider_2024_02_08_researchers_deep_tech_needs_old_school_venture_capital] Saved 4_edges.json with 1 cleaned interactions.

[10:58:27 +5m 9s | thequantuminsider_2024_02_08_researchers_deep_tech_needs_old_school_venture_capital] === 5 helix enrichment ===
[10:58:27 +5m 9s | thequantuminsider_2024_02_08_researchers_deep_tech_needs_old_school_venture_capital] Wrote 5_nodes.json (18 actors)
[10:58:27 +5m 9s | thequantuminsider_2024_02_08_researchers_deep_tech_needs_old_school_venture_capital] Wrote 5_edges.json (1 interactions)
[10:58:27 +5m 9s | thequantuminsider_2024_02_08_researchers_deep_tech_needs_old_school_venture_capital] Actor helix counts: {'Academia': 4, 'Civil Society': 2, 'Industry': 3, 'Intermediary': 1, 'Unknown': 8}
[10:58:27 +5m 9s | thequantuminsider_2024_02_08_researchers_deep_tech_needs_old_school_venture_capital] Functional-space counts: {'Unknown': 1}

[10:58:27 +5m 9s | thequantuminsider_2024_02_08_researchers_deep_tech_needs_old_school_venture_capital] === 6 network visualisation ===
[10:58:27 +5m 10s | thequantuminsider_2024_02_08_researchers_deep_tech_needs_old_school_venture_capital] Wrote quantum_network.html
[10:58:27 +5m 10s | thequantuminsider_2024_02_08_researchers_deep_tech_needs_old_school_venture_capital] Nodes: 18
[10:58:27 +5m 10s | thequantuminsider_2024_02_08_researchers_deep_tech_needs_old_school_venture_capital] Edges: 1

[10:58:27 +5m 10s | thequantuminsider_2024_02_08_researchers_deep_tech_needs_old_school_venture_capital] Done. Outputs written to: /home/lv/IDP/idpdeeptech/pipeline/news_outputs/thequantuminsider_2024_02_08_researchers_deep_tech_needs_old_school_venture_capital
[10:58:27 +5m 10s | thequantuminsider_2024_02_08_researchers_deep_tech_needs_old_school_venture_capital] Log: /home/lv/IDP/idpdeeptech/pipeline/news_outputs/thequantuminsider_2024_02_08_researchers_deep_tech_needs_old_school_venture_capital/run.log

========================================================================
RUN FINISHED 2026-07-02 10:58:27  (OK)
Started:     2026-07-02 10:53:18
Elapsed:     5m 10s
========================================================================
