
========================================================================
RUN STARTED  2026-07-01 19:30:39
site_pipeline.py https://thequantuminsider.com/2020/05/25/a-quantum-smartphone-samsung-and-sk-telecom-super-secured-by-id-quantiques-quantum-chip/
========================================================================

[19:30:39 +0s | thequantuminsider_2020_05_25_a_quantum_smartphone_samsung_and_sk_telecom_super_secured_by_85a753c5] === 0 crawl site ===
[19:30:40 +1s | thequantuminsider_2020_05_25_a_quantum_smartphone_samsung_and_sk_telecom_super_secured_by_85a753c5] [INIT].... → Crawl4AI 0.8.6 
[19:30:42 +4s | thequantuminsider_2020_05_25_a_quantum_smartphone_samsung_and_sk_telecom_super_secured_by_85a753c5] [FETCH]... ↓ https://thequantuminsider.com/2020/05/25/a-quant...com-super-secured-by-id-quantiques-quantum-chip/  | ✓ | ⏱: 2.54s 
[19:30:42 +4s | thequantuminsider_2020_05_25_a_quantum_smartphone_samsung_and_sk_telecom_super_secured_by_85a753c5] [SCRAPE].. ◆ https://thequantuminsider.com/2020/05/25/a-quant...com-super-secured-by-id-quantiques-quantum-chip/  | ✓ | ⏱: 0.11s 
[19:30:42 +4s | thequantuminsider_2020_05_25_a_quantum_smartphone_samsung_and_sk_telecom_super_secured_by_85a753c5] [COMPLETE] ● https://thequantuminsider.com/2020/05/25/a-quant...com-super-secured-by-id-quantiques-quantum-chip/  | ✓ | ⏱: 2.67s 
[19:30:42 +4s | thequantuminsider_2020_05_25_a_quantum_smartphone_samsung_and_sk_telecom_super_secured_by_85a753c5] Saved: crawl_output/6f03d26cc2_thequantuminsider.com_2020_05_25_a-quantum-smartphone-samsung-and-sk-telecom-super-secured-by-id-quantiques-quantum-chip.json

[19:30:43 +4s | thequantuminsider_2020_05_25_a_quantum_smartphone_samsung_and_sk_telecom_super_secured_by_85a753c5] === 1 actor extraction ===
[19:30:43 +4s | thequantuminsider_2020_05_25_a_quantum_smartphone_samsung_and_sk_telecom_super_secured_by_85a753c5] Reading page (1/1): https://thequantuminsider.com/2020/05/25/a-quantum-smartphone-samsung-and-sk-telecom-super-secured-by-id-quantiques-quantum-chip
[19:30:43 +4s | thequantuminsider_2020_05_25_a_quantum_smartphone_samsung_and_sk_telecom_super_secured_by_85a753c5] Extracting actors: https://thequantuminsider.com/2020/05/25/a-quantum-smartphone-samsung-and-sk-telecom-super-secured-by-id-quantiques-quantum-chip (1/1), chunk 1/39
[19:30:49 +10s | thequantuminsider_2020_05_25_a_quantum_smartphone_samsung_and_sk_telecom_super_secured_by_85a753c5] Repaired malformed JSON.
[19:30:49 +10s | thequantuminsider_2020_05_25_a_quantum_smartphone_samsung_and_sk_telecom_super_secured_by_85a753c5] Extracting actors: https://thequantuminsider.com/2020/05/25/a-quantum-smartphone-samsung-and-sk-telecom-super-secured-by-id-quantiques-quantum-chip (1/1), chunk 2/39
[19:30:54 +16s | thequantuminsider_2020_05_25_a_quantum_smartphone_samsung_and_sk_telecom_super_secured_by_85a753c5] Repaired malformed JSON.
[19:30:54 +16s | thequantuminsider_2020_05_25_a_quantum_smartphone_samsung_and_sk_telecom_super_secured_by_85a753c5] Extracting actors: https://thequantuminsider.com/2020/05/25/a-quantum-smartphone-samsung-and-sk-telecom-super-secured-by-id-quantiques-quantum-chip (1/1), chunk 3/39
[19:31:02 +23s | thequantuminsider_2020_05_25_a_quantum_smartphone_samsung_and_sk_telecom_super_secured_by_85a753c5] Repaired malformed JSON.
[19:31:02 +23s | thequantuminsider_2020_05_25_a_quantum_smartphone_samsung_and_sk_telecom_super_secured_by_85a753c5] Extracting actors: https://thequantuminsider.com/2020/05/25/a-quantum-smartphone-samsung-and-sk-telecom-super-secured-by-id-quantiques-quantum-chip (1/1), chunk 4/39
[19:31:11 +30s | thequantuminsider_2020_05_25_a_quantum_smartphone_samsung_and_sk_telecom_super_secured_by_85a753c5] Repaired malformed JSON.
[19:31:11 +30s | thequantuminsider_2020_05_25_a_quantum_smartphone_samsung_and_sk_telecom_super_secured_by_85a753c5] Extracting actors: https://thequantuminsider.com/2020/05/25/a-quantum-smartphone-samsung-and-sk-telecom-super-secured-by-id-quantiques-quantum-chip (1/1), chunk 5/39
[19:31:18 +37s | thequantuminsider_2020_05_25_a_quantum_smartphone_samsung_and_sk_telecom_super_secured_by_85a753c5] Repaired malformed JSON.
[19:31:18 +37s | thequantuminsider_2020_05_25_a_quantum_smartphone_samsung_and_sk_telecom_super_secured_by_85a753c5] Extracting actors: https://thequantuminsider.com/2020/05/25/a-quantum-smartphone-samsung-and-sk-telecom-super-secured-by-id-quantiques-quantum-chip (1/1), chunk 6/39
[19:31:24 +43s | thequantuminsider_2020_05_25_a_quantum_smartphone_samsung_and_sk_telecom_super_secured_by_85a753c5] Extracting actors: https://thequantuminsider.com/2020/05/25/a-quantum-smartphone-samsung-and-sk-telecom-super-secured-by-id-quantiques-quantum-chip (1/1), chunk 7/39
[19:31:32 +50s | thequantuminsider_2020_05_25_a_quantum_smartphone_samsung_and_sk_telecom_super_secured_by_85a753c5] Repaired malformed JSON.
[19:31:32 +50s | thequantuminsider_2020_05_25_a_quantum_smartphone_samsung_and_sk_telecom_super_secured_by_85a753c5] Extracting actors: https://thequantuminsider.com/2020/05/25/a-quantum-smartphone-samsung-and-sk-telecom-super-secured-by-id-quantiques-quantum-chip (1/1), chunk 8/39
[19:31:37 +56s | thequantuminsider_2020_05_25_a_quantum_smartphone_samsung_and_sk_telecom_super_secured_by_85a753c5] Repaired malformed JSON.
[19:31:37 +56s | thequantuminsider_2020_05_25_a_quantum_smartphone_samsung_and_sk_telecom_super_secured_by_85a753c5] Extracting actors: https://thequantuminsider.com/2020/05/25/a-quantum-smartphone-samsung-and-sk-telecom-super-secured-by-id-quantiques-quantum-chip (1/1), chunk 9/39
[19:31:48 +1m 4s | thequantuminsider_2020_05_25_a_quantum_smartphone_samsung_and_sk_telecom_super_secured_by_85a753c5] Repaired malformed JSON.
[19:31:48 +1m 4s | thequantuminsider_2020_05_25_a_quantum_smartphone_samsung_and_sk_telecom_super_secured_by_85a753c5] Extracting actors: https://thequantuminsider.com/2020/05/25/a-quantum-smartphone-samsung-and-sk-telecom-super-secured-by-id-quantiques-quantum-chip (1/1), chunk 10/39
[19:31:57 +1m 12s | thequantuminsider_2020_05_25_a_quantum_smartphone_samsung_and_sk_telecom_super_secured_by_85a753c5] Repaired malformed JSON.
[19:31:57 +1m 12s | thequantuminsider_2020_05_25_a_quantum_smartphone_samsung_and_sk_telecom_super_secured_by_85a753c5] Extracting actors: https://thequantuminsider.com/2020/05/25/a-quantum-smartphone-samsung-and-sk-telecom-super-secured-by-id-quantiques-quantum-chip (1/1), chunk 11/39
[19:32:03 +1m 18s | thequantuminsider_2020_05_25_a_quantum_smartphone_samsung_and_sk_telecom_super_secured_by_85a753c5] Repaired malformed JSON.
[19:32:03 +1m 18s | thequantuminsider_2020_05_25_a_quantum_smartphone_samsung_and_sk_telecom_super_secured_by_85a753c5] Extracting actors: https://thequantuminsider.com/2020/05/25/a-quantum-smartphone-samsung-and-sk-telecom-super-secured-by-id-quantiques-quantum-chip (1/1), chunk 12/39
[19:32:11 +1m 26s | thequantuminsider_2020_05_25_a_quantum_smartphone_samsung_and_sk_telecom_super_secured_by_85a753c5] Repaired malformed JSON.
[19:32:11 +1m 26s | thequantuminsider_2020_05_25_a_quantum_smartphone_samsung_and_sk_telecom_super_secured_by_85a753c5] Extracting actors: https://thequantuminsider.com/2020/05/25/a-quantum-smartphone-samsung-and-sk-telecom-super-secured-by-id-quantiques-quantum-chip (1/1), chunk 13/39
[19:32:17 +1m 32s | thequantuminsider_2020_05_25_a_quantum_smartphone_samsung_and_sk_telecom_super_secured_by_85a753c5] Repaired malformed JSON.
[19:32:17 +1m 32s | thequantuminsider_2020_05_25_a_quantum_smartphone_samsung_and_sk_telecom_super_secured_by_85a753c5] Extracting actors: https://thequantuminsider.com/2020/05/25/a-quantum-smartphone-samsung-and-sk-telecom-super-secured-by-id-quantiques-quantum-chip (1/1), chunk 14/39
[19:32:26 +1m 39s | thequantuminsider_2020_05_25_a_quantum_smartphone_samsung_and_sk_telecom_super_secured_by_85a753c5] Repaired malformed JSON.
[19:32:26 +1m 39s | thequantuminsider_2020_05_25_a_quantum_smartphone_samsung_and_sk_telecom_super_secured_by_85a753c5] Extracting actors: https://thequantuminsider.com/2020/05/25/a-quantum-smartphone-samsung-and-sk-telecom-super-secured-by-id-quantiques-quantum-chip (1/1), chunk 15/39
[19:32:34 +1m 46s | thequantuminsider_2020_05_25_a_quantum_smartphone_samsung_and_sk_telecom_super_secured_by_85a753c5] Repaired malformed JSON.
[19:32:34 +1m 46s | thequantuminsider_2020_05_25_a_quantum_smartphone_samsung_and_sk_telecom_super_secured_by_85a753c5] Extracting actors: https://thequantuminsider.com/2020/05/25/a-quantum-smartphone-samsung-and-sk-telecom-super-secured-by-id-quantiques-quantum-chip (1/1), chunk 16/39
[19:32:41 +1m 53s | thequantuminsider_2020_05_25_a_quantum_smartphone_samsung_and_sk_telecom_super_secured_by_85a753c5] Repaired malformed JSON.
[19:32:41 +1m 53s | thequantuminsider_2020_05_25_a_quantum_smartphone_samsung_and_sk_telecom_super_secured_by_85a753c5] Extracting actors: https://thequantuminsider.com/2020/05/25/a-quantum-smartphone-samsung-and-sk-telecom-super-secured-by-id-quantiques-quantum-chip (1/1), chunk 17/39
[19:32:47 +2m 0s | thequantuminsider_2020_05_25_a_quantum_smartphone_samsung_and_sk_telecom_super_secured_by_85a753c5] Repaired malformed JSON.
[19:32:47 +2m 0s | thequantuminsider_2020_05_25_a_quantum_smartphone_samsung_and_sk_telecom_super_secured_by_85a753c5] Extracting actors: https://thequantuminsider.com/2020/05/25/a-quantum-smartphone-samsung-and-sk-telecom-super-secured-by-id-quantiques-quantum-chip (1/1), chunk 18/39
[19:32:56 +2m 6s | thequantuminsider_2020_05_25_a_quantum_smartphone_samsung_and_sk_telecom_super_secured_by_85a753c5] Repaired malformed JSON.
[19:32:56 +2m 6s | thequantuminsider_2020_05_25_a_quantum_smartphone_samsung_and_sk_telecom_super_secured_by_85a753c5] Extracting actors: https://thequantuminsider.com/2020/05/25/a-quantum-smartphone-samsung-and-sk-telecom-super-secured-by-id-quantiques-quantum-chip (1/1), chunk 19/39
[19:33:03 +2m 13s | thequantuminsider_2020_05_25_a_quantum_smartphone_samsung_and_sk_telecom_super_secured_by_85a753c5] Repaired malformed JSON.
[19:33:03 +2m 13s | thequantuminsider_2020_05_25_a_quantum_smartphone_samsung_and_sk_telecom_super_secured_by_85a753c5] Extracting actors: https://thequantuminsider.com/2020/05/25/a-quantum-smartphone-samsung-and-sk-telecom-super-secured-by-id-quantiques-quantum-chip (1/1), chunk 20/39
[19:33:12 +2m 22s | thequantuminsider_2020_05_25_a_quantum_smartphone_samsung_and_sk_telecom_super_secured_by_85a753c5] Repaired malformed JSON.
[19:33:12 +2m 22s | thequantuminsider_2020_05_25_a_quantum_smartphone_samsung_and_sk_telecom_super_secured_by_85a753c5] Extracting actors: https://thequantuminsider.com/2020/05/25/a-quantum-smartphone-samsung-and-sk-telecom-super-secured-by-id-quantiques-quantum-chip (1/1), chunk 21/39
[19:33:19 +2m 29s | thequantuminsider_2020_05_25_a_quantum_smartphone_samsung_and_sk_telecom_super_secured_by_85a753c5] Repaired malformed JSON.
[19:33:19 +2m 29s | thequantuminsider_2020_05_25_a_quantum_smartphone_samsung_and_sk_telecom_super_secured_by_85a753c5] Extracting actors: https://thequantuminsider.com/2020/05/25/a-quantum-smartphone-samsung-and-sk-telecom-super-secured-by-id-quantiques-quantum-chip (1/1), chunk 22/39
[19:33:25 +2m 35s | thequantuminsider_2020_05_25_a_quantum_smartphone_samsung_and_sk_telecom_super_secured_by_85a753c5] Repaired malformed JSON.
[19:33:25 +2m 35s | thequantuminsider_2020_05_25_a_quantum_smartphone_samsung_and_sk_telecom_super_secured_by_85a753c5] Extracting actors: https://thequantuminsider.com/2020/05/25/a-quantum-smartphone-samsung-and-sk-telecom-super-secured-by-id-quantiques-quantum-chip (1/1), chunk 23/39
[19:33:33 +2m 40s | thequantuminsider_2020_05_25_a_quantum_smartphone_samsung_and_sk_telecom_super_secured_by_85a753c5] Repaired malformed JSON.
[19:33:33 +2m 40s | thequantuminsider_2020_05_25_a_quantum_smartphone_samsung_and_sk_telecom_super_secured_by_85a753c5] Extracting actors: https://thequantuminsider.com/2020/05/25/a-quantum-smartphone-samsung-and-sk-telecom-super-secured-by-id-quantiques-quantum-chip (1/1), chunk 24/39
[19:33:43 +2m 50s | thequantuminsider_2020_05_25_a_quantum_smartphone_samsung_and_sk_telecom_super_secured_by_85a753c5] Repaired malformed JSON.
[19:33:43 +2m 50s | thequantuminsider_2020_05_25_a_quantum_smartphone_samsung_and_sk_telecom_super_secured_by_85a753c5] Extracting actors: https://thequantuminsider.com/2020/05/25/a-quantum-smartphone-samsung-and-sk-telecom-super-secured-by-id-quantiques-quantum-chip (1/1), chunk 25/39
[19:33:51 +2m 57s | thequantuminsider_2020_05_25_a_quantum_smartphone_samsung_and_sk_telecom_super_secured_by_85a753c5] Extracting actors: https://thequantuminsider.com/2020/05/25/a-quantum-smartphone-samsung-and-sk-telecom-super-secured-by-id-quantiques-quantum-chip (1/1), chunk 26/39
[19:33:55 +3m 2s | thequantuminsider_2020_05_25_a_quantum_smartphone_samsung_and_sk_telecom_super_secured_by_85a753c5] Extracting actors: https://thequantuminsider.com/2020/05/25/a-quantum-smartphone-samsung-and-sk-telecom-super-secured-by-id-quantiques-quantum-chip (1/1), chunk 27/39
[19:33:59 +3m 5s | thequantuminsider_2020_05_25_a_quantum_smartphone_samsung_and_sk_telecom_super_secured_by_85a753c5] Extracting actors: https://thequantuminsider.com/2020/05/25/a-quantum-smartphone-samsung-and-sk-telecom-super-secured-by-id-quantiques-quantum-chip (1/1), chunk 28/39
[19:34:08 +3m 12s | thequantuminsider_2020_05_25_a_quantum_smartphone_samsung_and_sk_telecom_super_secured_by_85a753c5] Repaired malformed JSON.
[19:34:08 +3m 12s | thequantuminsider_2020_05_25_a_quantum_smartphone_samsung_and_sk_telecom_super_secured_by_85a753c5] Extracting actors: https://thequantuminsider.com/2020/05/25/a-quantum-smartphone-samsung-and-sk-telecom-super-secured-by-id-quantiques-quantum-chip (1/1), chunk 29/39
[19:34:14 +3m 18s | thequantuminsider_2020_05_25_a_quantum_smartphone_samsung_and_sk_telecom_super_secured_by_85a753c5] Repaired malformed JSON.
[19:34:14 +3m 18s | thequantuminsider_2020_05_25_a_quantum_smartphone_samsung_and_sk_telecom_super_secured_by_85a753c5] Extracting actors: https://thequantuminsider.com/2020/05/25/a-quantum-smartphone-samsung-and-sk-telecom-super-secured-by-id-quantiques-quantum-chip (1/1), chunk 30/39
[19:34:21 +3m 25s | thequantuminsider_2020_05_25_a_quantum_smartphone_samsung_and_sk_telecom_super_secured_by_85a753c5] Repaired malformed JSON.
[19:34:21 +3m 25s | thequantuminsider_2020_05_25_a_quantum_smartphone_samsung_and_sk_telecom_super_secured_by_85a753c5] Extracting actors: https://thequantuminsider.com/2020/05/25/a-quantum-smartphone-samsung-and-sk-telecom-super-secured-by-id-quantiques-quantum-chip (1/1), chunk 31/39
[19:34:29 +3m 33s | thequantuminsider_2020_05_25_a_quantum_smartphone_samsung_and_sk_telecom_super_secured_by_85a753c5] Repaired malformed JSON.
[19:34:29 +3m 33s | thequantuminsider_2020_05_25_a_quantum_smartphone_samsung_and_sk_telecom_super_secured_by_85a753c5] Extracting actors: https://thequantuminsider.com/2020/05/25/a-quantum-smartphone-samsung-and-sk-telecom-super-secured-by-id-quantiques-quantum-chip (1/1), chunk 32/39
[19:34:35 +3m 39s | thequantuminsider_2020_05_25_a_quantum_smartphone_samsung_and_sk_telecom_super_secured_by_85a753c5] Repaired malformed JSON.
[19:34:35 +3m 39s | thequantuminsider_2020_05_25_a_quantum_smartphone_samsung_and_sk_telecom_super_secured_by_85a753c5] Extracting actors: https://thequantuminsider.com/2020/05/25/a-quantum-smartphone-samsung-and-sk-telecom-super-secured-by-id-quantiques-quantum-chip (1/1), chunk 33/39
[19:34:46 +3m 47s | thequantuminsider_2020_05_25_a_quantum_smartphone_samsung_and_sk_telecom_super_secured_by_85a753c5] Repaired malformed JSON.
[19:34:46 +3m 47s | thequantuminsider_2020_05_25_a_quantum_smartphone_samsung_and_sk_telecom_super_secured_by_85a753c5] Extracting actors: https://thequantuminsider.com/2020/05/25/a-quantum-smartphone-samsung-and-sk-telecom-super-secured-by-id-quantiques-quantum-chip (1/1), chunk 34/39
[19:34:54 +3m 55s | thequantuminsider_2020_05_25_a_quantum_smartphone_samsung_and_sk_telecom_super_secured_by_85a753c5] Repaired malformed JSON.
[19:34:54 +3m 55s | thequantuminsider_2020_05_25_a_quantum_smartphone_samsung_and_sk_telecom_super_secured_by_85a753c5] Extracting actors: https://thequantuminsider.com/2020/05/25/a-quantum-smartphone-samsung-and-sk-telecom-super-secured-by-id-quantiques-quantum-chip (1/1), chunk 35/39
[19:35:03 +4m 4s | thequantuminsider_2020_05_25_a_quantum_smartphone_samsung_and_sk_telecom_super_secured_by_85a753c5] Repaired malformed JSON.
[19:35:03 +4m 4s | thequantuminsider_2020_05_25_a_quantum_smartphone_samsung_and_sk_telecom_super_secured_by_85a753c5] Extracting actors: https://thequantuminsider.com/2020/05/25/a-quantum-smartphone-samsung-and-sk-telecom-super-secured-by-id-quantiques-quantum-chip (1/1), chunk 36/39
[19:35:10 +4m 11s | thequantuminsider_2020_05_25_a_quantum_smartphone_samsung_and_sk_telecom_super_secured_by_85a753c5] Repaired malformed JSON.
[19:35:10 +4m 11s | thequantuminsider_2020_05_25_a_quantum_smartphone_samsung_and_sk_telecom_super_secured_by_85a753c5] Extracting actors: https://thequantuminsider.com/2020/05/25/a-quantum-smartphone-samsung-and-sk-telecom-super-secured-by-id-quantiques-quantum-chip (1/1), chunk 37/39
[19:35:19 +4m 17s | thequantuminsider_2020_05_25_a_quantum_smartphone_samsung_and_sk_telecom_super_secured_by_85a753c5] Repaired malformed JSON.
[19:35:19 +4m 17s | thequantuminsider_2020_05_25_a_quantum_smartphone_samsung_and_sk_telecom_super_secured_by_85a753c5] Extracting actors: https://thequantuminsider.com/2020/05/25/a-quantum-smartphone-samsung-and-sk-telecom-super-secured-by-id-quantiques-quantum-chip (1/1), chunk 38/39
[19:35:28 +4m 26s | thequantuminsider_2020_05_25_a_quantum_smartphone_samsung_and_sk_telecom_super_secured_by_85a753c5] Repaired malformed JSON.
[19:35:28 +4m 26s | thequantuminsider_2020_05_25_a_quantum_smartphone_samsung_and_sk_telecom_super_secured_by_85a753c5] Extracting actors: https://thequantuminsider.com/2020/05/25/a-quantum-smartphone-samsung-and-sk-telecom-super-secured-by-id-quantiques-quantum-chip (1/1), chunk 39/39
[19:35:35 +4m 33s | thequantuminsider_2020_05_25_a_quantum_smartphone_samsung_and_sk_telecom_super_secured_by_85a753c5] Repaired malformed JSON.
[19:35:35 +4m 33s | thequantuminsider_2020_05_25_a_quantum_smartphone_samsung_and_sk_telecom_super_secured_by_85a753c5] Saved 1_actor_results.json with 73 extracted records

[19:35:35 +4m 33s | thequantuminsider_2020_05_25_a_quantum_smartphone_samsung_and_sk_telecom_super_secured_by_85a753c5] === 2 clean actors ===
[19:35:35 +4m 33s | thequantuminsider_2020_05_25_a_quantum_smartphone_samsung_and_sk_telecom_super_secured_by_85a753c5] Loaded 73 extracted records
[19:35:35 +4m 33s | thequantuminsider_2020_05_25_a_quantum_smartphone_samsung_and_sk_telecom_super_secured_by_85a753c5] Saved 2_actor_nodes.json with 13 canonical actor nodes

[19:35:35 +4m 33s | thequantuminsider_2020_05_25_a_quantum_smartphone_samsung_and_sk_telecom_super_secured_by_85a753c5] === 3 interaction extraction ===
[19:35:36 +4m 34s | thequantuminsider_2020_05_25_a_quantum_smartphone_samsung_and_sk_telecom_super_secured_by_85a753c5] Extracting interactions: https://thequantuminsider.com/2020/05/25/a-quantum-smartphone-samsung-and-sk-telecom-super-secured-by-id-quantiques-quantum-chip (1/1), chunk 11/39
[19:35:44 +4m 42s | thequantuminsider_2020_05_25_a_quantum_smartphone_samsung_and_sk_telecom_super_secured_by_85a753c5] Extracting interactions: https://thequantuminsider.com/2020/05/25/a-quantum-smartphone-samsung-and-sk-telecom-super-secured-by-id-quantiques-quantum-chip (1/1), chunk 12/39
[19:35:52 +4m 48s | thequantuminsider_2020_05_25_a_quantum_smartphone_samsung_and_sk_telecom_super_secured_by_85a753c5] Extracting interactions: https://thequantuminsider.com/2020/05/25/a-quantum-smartphone-samsung-and-sk-telecom-super-secured-by-id-quantiques-quantum-chip (1/1), chunk 13/39
[19:36:06 +5m 1s | thequantuminsider_2020_05_25_a_quantum_smartphone_samsung_and_sk_telecom_super_secured_by_85a753c5] Extracting interactions: https://thequantuminsider.com/2020/05/25/a-quantum-smartphone-samsung-and-sk-telecom-super-secured-by-id-quantiques-quantum-chip (1/1), chunk 14/39
[19:36:16 +5m 11s | thequantuminsider_2020_05_25_a_quantum_smartphone_samsung_and_sk_telecom_super_secured_by_85a753c5] Extracting interactions: https://thequantuminsider.com/2020/05/25/a-quantum-smartphone-samsung-and-sk-telecom-super-secured-by-id-quantiques-quantum-chip (1/1), chunk 15/39
[19:36:22 +5m 17s | thequantuminsider_2020_05_25_a_quantum_smartphone_samsung_and_sk_telecom_super_secured_by_85a753c5] Extracting interactions: https://thequantuminsider.com/2020/05/25/a-quantum-smartphone-samsung-and-sk-telecom-super-secured-by-id-quantiques-quantum-chip (1/1), chunk 16/39
[19:36:27 +5m 19s | thequantuminsider_2020_05_25_a_quantum_smartphone_samsung_and_sk_telecom_super_secured_by_85a753c5] Extracting interactions: https://thequantuminsider.com/2020/05/25/a-quantum-smartphone-samsung-and-sk-telecom-super-secured-by-id-quantiques-quantum-chip (1/1), chunk 17/39
[19:36:29 +5m 21s | thequantuminsider_2020_05_25_a_quantum_smartphone_samsung_and_sk_telecom_super_secured_by_85a753c5] Extracting interactions: https://thequantuminsider.com/2020/05/25/a-quantum-smartphone-samsung-and-sk-telecom-super-secured-by-id-quantiques-quantum-chip (1/1), chunk 18/39
[19:36:37 +5m 30s | thequantuminsider_2020_05_25_a_quantum_smartphone_samsung_and_sk_telecom_super_secured_by_85a753c5] Extracting interactions: https://thequantuminsider.com/2020/05/25/a-quantum-smartphone-samsung-and-sk-telecom-super-secured-by-id-quantiques-quantum-chip (1/1), chunk 19/39
[19:36:40 +5m 32s | thequantuminsider_2020_05_25_a_quantum_smartphone_samsung_and_sk_telecom_super_secured_by_85a753c5] Extracting interactions: https://thequantuminsider.com/2020/05/25/a-quantum-smartphone-samsung-and-sk-telecom-super-secured-by-id-quantiques-quantum-chip (1/1), chunk 20/39
[19:36:46 +5m 38s | thequantuminsider_2020_05_25_a_quantum_smartphone_samsung_and_sk_telecom_super_secured_by_85a753c5] Extracting interactions: https://thequantuminsider.com/2020/05/25/a-quantum-smartphone-samsung-and-sk-telecom-super-secured-by-id-quantiques-quantum-chip (1/1), chunk 21/39
[19:36:52 +5m 44s | thequantuminsider_2020_05_25_a_quantum_smartphone_samsung_and_sk_telecom_super_secured_by_85a753c5] Extracting interactions: https://thequantuminsider.com/2020/05/25/a-quantum-smartphone-samsung-and-sk-telecom-super-secured-by-id-quantiques-quantum-chip (1/1), chunk 22/39
[19:37:03 +5m 53s | thequantuminsider_2020_05_25_a_quantum_smartphone_samsung_and_sk_telecom_super_secured_by_85a753c5] Extracting interactions: https://thequantuminsider.com/2020/05/25/a-quantum-smartphone-samsung-and-sk-telecom-super-secured-by-id-quantiques-quantum-chip (1/1), chunk 23/39
[19:37:10 +5m 59s | thequantuminsider_2020_05_25_a_quantum_smartphone_samsung_and_sk_telecom_super_secured_by_85a753c5] Extracting interactions: https://thequantuminsider.com/2020/05/25/a-quantum-smartphone-samsung-and-sk-telecom-super-secured-by-id-quantiques-quantum-chip (1/1), chunk 26/39
[19:37:13 +6m 3s | thequantuminsider_2020_05_25_a_quantum_smartphone_samsung_and_sk_telecom_super_secured_by_85a753c5] Extracting interactions: https://thequantuminsider.com/2020/05/25/a-quantum-smartphone-samsung-and-sk-telecom-super-secured-by-id-quantiques-quantum-chip (1/1), chunk 30/39
[19:37:15 +6m 4s | thequantuminsider_2020_05_25_a_quantum_smartphone_samsung_and_sk_telecom_super_secured_by_85a753c5] Extracting interactions: https://thequantuminsider.com/2020/05/25/a-quantum-smartphone-samsung-and-sk-telecom-super-secured-by-id-quantiques-quantum-chip (1/1), chunk 31/39
[19:37:17 +6m 6s | thequantuminsider_2020_05_25_a_quantum_smartphone_samsung_and_sk_telecom_super_secured_by_85a753c5] Extracting interactions: https://thequantuminsider.com/2020/05/25/a-quantum-smartphone-samsung-and-sk-telecom-super-secured-by-id-quantiques-quantum-chip (1/1), chunk 35/39
[19:37:18 +6m 7s | thequantuminsider_2020_05_25_a_quantum_smartphone_samsung_and_sk_telecom_super_secured_by_85a753c5] Extracting interactions: https://thequantuminsider.com/2020/05/25/a-quantum-smartphone-samsung-and-sk-telecom-super-secured-by-id-quantiques-quantum-chip (1/1), chunk 36/39
[19:37:20 +6m 9s | thequantuminsider_2020_05_25_a_quantum_smartphone_samsung_and_sk_telecom_super_secured_by_85a753c5] Saved 3_interaction_results.json with 20 extracted interactions.

[19:37:20 +6m 9s | thequantuminsider_2020_05_25_a_quantum_smartphone_samsung_and_sk_telecom_super_secured_by_85a753c5] === 4 clean interactions ===
[19:37:20 +6m 9s | thequantuminsider_2020_05_25_a_quantum_smartphone_samsung_and_sk_telecom_super_secured_by_85a753c5] Saved 4_edges.json with 0 cleaned interactions.

[19:37:20 +6m 9s | thequantuminsider_2020_05_25_a_quantum_smartphone_samsung_and_sk_telecom_super_secured_by_85a753c5] === 5 helix enrichment ===
[19:37:20 +6m 9s | thequantuminsider_2020_05_25_a_quantum_smartphone_samsung_and_sk_telecom_super_secured_by_85a753c5] Wrote 5_nodes.json (13 actors)
[19:37:20 +6m 9s | thequantuminsider_2020_05_25_a_quantum_smartphone_samsung_and_sk_telecom_super_secured_by_85a753c5] Wrote 5_edges.json (0 interactions)
[19:37:20 +6m 9s | thequantuminsider_2020_05_25_a_quantum_smartphone_samsung_and_sk_telecom_super_secured_by_85a753c5] Actor helix counts: {'Academia': 1, 'Civil Society': 2, 'Government': 3, 'Industry': 4, 'Unknown': 3}
[19:37:20 +6m 9s | thequantuminsider_2020_05_25_a_quantum_smartphone_samsung_and_sk_telecom_super_secured_by_85a753c5] Functional-space counts: {}

[19:37:20 +6m 9s | thequantuminsider_2020_05_25_a_quantum_smartphone_samsung_and_sk_telecom_super_secured_by_85a753c5] === 6 network visualisation ===
[19:37:20 +6m 9s | thequantuminsider_2020_05_25_a_quantum_smartphone_samsung_and_sk_telecom_super_secured_by_85a753c5] Wrote quantum_network.html
[19:37:20 +6m 9s | thequantuminsider_2020_05_25_a_quantum_smartphone_samsung_and_sk_telecom_super_secured_by_85a753c5] Nodes: 13
[19:37:20 +6m 9s | thequantuminsider_2020_05_25_a_quantum_smartphone_samsung_and_sk_telecom_super_secured_by_85a753c5] Edges: 0

[19:37:20 +6m 10s | thequantuminsider_2020_05_25_a_quantum_smartphone_samsung_and_sk_telecom_super_secured_by_85a753c5] Done. Outputs written to: /home/lv/IDP/idpdeeptech/pipeline/news_outputs/thequantuminsider_2020_05_25_a_quantum_smartphone_samsung_and_sk_telecom_super_secured_by_85a753c5
[19:37:20 +6m 10s | thequantuminsider_2020_05_25_a_quantum_smartphone_samsung_and_sk_telecom_super_secured_by_85a753c5] Log: /home/lv/IDP/idpdeeptech/pipeline/news_outputs/thequantuminsider_2020_05_25_a_quantum_smartphone_samsung_and_sk_telecom_super_secured_by_85a753c5/run.log

========================================================================
RUN FINISHED 2026-07-01 19:37:20  (OK)
Started:     2026-07-01 19:30:39
Elapsed:     6m 10s
========================================================================
