
========================================================================
RUN STARTED  2026-07-02 12:41:12
site_pipeline.py https://thequantuminsider.com/2024/01/17/bless-this-mess-qubits-can-last-in-cluttered-environments/
========================================================================

[12:41:12 +0s | thequantuminsider_2024_01_17_bless_this_mess_qubits_can_last_in_cluttered_environments] === 0 crawl site ===
[12:41:14 +2s | thequantuminsider_2024_01_17_bless_this_mess_qubits_can_last_in_cluttered_environments] [INIT].... → Crawl4AI 0.8.6 
[12:41:17 +5s | thequantuminsider_2024_01_17_bless_this_mess_qubits_can_last_in_cluttered_environments] [FETCH]... ↓ https://thequantuminsider.com/2024/01/17/bless-this-mess-qubits-can-last-in-cluttered-environments/  | ✓ | ⏱: 3.22s 
[12:41:17 +5s | thequantuminsider_2024_01_17_bless_this_mess_qubits_can_last_in_cluttered_environments] [SCRAPE].. ◆ https://thequantuminsider.com/2024/01/17/bless-this-mess-qubits-can-last-in-cluttered-environments/  | ✓ | ⏱: 0.14s 
[12:41:17 +5s | thequantuminsider_2024_01_17_bless_this_mess_qubits_can_last_in_cluttered_environments] [COMPLETE] ● https://thequantuminsider.com/2024/01/17/bless-this-mess-qubits-can-last-in-cluttered-environments/  | ✓ | ⏱: 3.37s 
[12:41:17 +5s | thequantuminsider_2024_01_17_bless_this_mess_qubits_can_last_in_cluttered_environments] Saved: crawl_output/ff7e87b5a9_thequantuminsider.com_2024_01_17_bless-this-mess-qubits-can-last-in-cluttered-environments.json

[12:41:18 +5s | thequantuminsider_2024_01_17_bless_this_mess_qubits_can_last_in_cluttered_environments] === 1 actor extraction ===
[12:41:18 +6s | thequantuminsider_2024_01_17_bless_this_mess_qubits_can_last_in_cluttered_environments] Reading page (1/1): https://thequantuminsider.com/2024/01/17/bless-this-mess-qubits-can-last-in-cluttered-environments
[12:41:18 +6s | thequantuminsider_2024_01_17_bless_this_mess_qubits_can_last_in_cluttered_environments] Extracting actors: https://thequantuminsider.com/2024/01/17/bless-this-mess-qubits-can-last-in-cluttered-environments (1/1), chunk 1/38
[12:41:22 +10s | thequantuminsider_2024_01_17_bless_this_mess_qubits_can_last_in_cluttered_environments] Extracting actors: https://thequantuminsider.com/2024/01/17/bless-this-mess-qubits-can-last-in-cluttered-environments (1/1), chunk 2/38
[12:41:29 +16s | thequantuminsider_2024_01_17_bless_this_mess_qubits_can_last_in_cluttered_environments] Extracting actors: https://thequantuminsider.com/2024/01/17/bless-this-mess-qubits-can-last-in-cluttered-environments (1/1), chunk 3/38
[12:41:34 +22s | thequantuminsider_2024_01_17_bless_this_mess_qubits_can_last_in_cluttered_environments] Extracting actors: https://thequantuminsider.com/2024/01/17/bless-this-mess-qubits-can-last-in-cluttered-environments (1/1), chunk 4/38
[12:41:38 +25s | thequantuminsider_2024_01_17_bless_this_mess_qubits_can_last_in_cluttered_environments] Extracting actors: https://thequantuminsider.com/2024/01/17/bless-this-mess-qubits-can-last-in-cluttered-environments (1/1), chunk 5/38
[12:41:42 +29s | thequantuminsider_2024_01_17_bless_this_mess_qubits_can_last_in_cluttered_environments] Extracting actors: https://thequantuminsider.com/2024/01/17/bless-this-mess-qubits-can-last-in-cluttered-environments (1/1), chunk 6/38
[12:41:46 +34s | thequantuminsider_2024_01_17_bless_this_mess_qubits_can_last_in_cluttered_environments] Extracting actors: https://thequantuminsider.com/2024/01/17/bless-this-mess-qubits-can-last-in-cluttered-environments (1/1), chunk 7/38
[12:41:50 +38s | thequantuminsider_2024_01_17_bless_this_mess_qubits_can_last_in_cluttered_environments] Extracting actors: https://thequantuminsider.com/2024/01/17/bless-this-mess-qubits-can-last-in-cluttered-environments (1/1), chunk 8/38
[12:41:54 +42s | thequantuminsider_2024_01_17_bless_this_mess_qubits_can_last_in_cluttered_environments] Extracting actors: https://thequantuminsider.com/2024/01/17/bless-this-mess-qubits-can-last-in-cluttered-environments (1/1), chunk 9/38
[12:41:58 +46s | thequantuminsider_2024_01_17_bless_this_mess_qubits_can_last_in_cluttered_environments] Extracting actors: https://thequantuminsider.com/2024/01/17/bless-this-mess-qubits-can-last-in-cluttered-environments (1/1), chunk 10/38
[12:42:04 +51s | thequantuminsider_2024_01_17_bless_this_mess_qubits_can_last_in_cluttered_environments] Extracting actors: https://thequantuminsider.com/2024/01/17/bless-this-mess-qubits-can-last-in-cluttered-environments (1/1), chunk 11/38
[12:42:09 +56s | thequantuminsider_2024_01_17_bless_this_mess_qubits_can_last_in_cluttered_environments] Extracting actors: https://thequantuminsider.com/2024/01/17/bless-this-mess-qubits-can-last-in-cluttered-environments (1/1), chunk 12/38
[12:42:17 +1m 4s | thequantuminsider_2024_01_17_bless_this_mess_qubits_can_last_in_cluttered_environments] Repaired malformed JSON.
[12:42:17 +1m 4s | thequantuminsider_2024_01_17_bless_this_mess_qubits_can_last_in_cluttered_environments] Extracting actors: https://thequantuminsider.com/2024/01/17/bless-this-mess-qubits-can-last-in-cluttered-environments (1/1), chunk 13/38
[12:42:25 +1m 12s | thequantuminsider_2024_01_17_bless_this_mess_qubits_can_last_in_cluttered_environments] Repaired malformed JSON.
[12:42:25 +1m 12s | thequantuminsider_2024_01_17_bless_this_mess_qubits_can_last_in_cluttered_environments] Extracting actors: https://thequantuminsider.com/2024/01/17/bless-this-mess-qubits-can-last-in-cluttered-environments (1/1), chunk 14/38
[12:42:31 +1m 19s | thequantuminsider_2024_01_17_bless_this_mess_qubits_can_last_in_cluttered_environments] Repaired malformed JSON.
[12:42:31 +1m 19s | thequantuminsider_2024_01_17_bless_this_mess_qubits_can_last_in_cluttered_environments] Extracting actors: https://thequantuminsider.com/2024/01/17/bless-this-mess-qubits-can-last-in-cluttered-environments (1/1), chunk 15/38
[12:42:38 +1m 25s | thequantuminsider_2024_01_17_bless_this_mess_qubits_can_last_in_cluttered_environments] Repaired malformed JSON.
[12:42:38 +1m 25s | thequantuminsider_2024_01_17_bless_this_mess_qubits_can_last_in_cluttered_environments] Extracting actors: https://thequantuminsider.com/2024/01/17/bless-this-mess-qubits-can-last-in-cluttered-environments (1/1), chunk 16/38
[12:42:45 +1m 33s | thequantuminsider_2024_01_17_bless_this_mess_qubits_can_last_in_cluttered_environments] Repaired malformed JSON.
[12:42:45 +1m 33s | thequantuminsider_2024_01_17_bless_this_mess_qubits_can_last_in_cluttered_environments] Extracting actors: https://thequantuminsider.com/2024/01/17/bless-this-mess-qubits-can-last-in-cluttered-environments (1/1), chunk 17/38
[12:42:52 +1m 40s | thequantuminsider_2024_01_17_bless_this_mess_qubits_can_last_in_cluttered_environments] Repaired malformed JSON.
[12:42:52 +1m 40s | thequantuminsider_2024_01_17_bless_this_mess_qubits_can_last_in_cluttered_environments] Extracting actors: https://thequantuminsider.com/2024/01/17/bless-this-mess-qubits-can-last-in-cluttered-environments (1/1), chunk 18/38
[12:42:59 +1m 46s | thequantuminsider_2024_01_17_bless_this_mess_qubits_can_last_in_cluttered_environments] Repaired malformed JSON.
[12:42:59 +1m 46s | thequantuminsider_2024_01_17_bless_this_mess_qubits_can_last_in_cluttered_environments] Extracting actors: https://thequantuminsider.com/2024/01/17/bless-this-mess-qubits-can-last-in-cluttered-environments (1/1), chunk 19/38
[12:43:06 +1m 53s | thequantuminsider_2024_01_17_bless_this_mess_qubits_can_last_in_cluttered_environments] Repaired malformed JSON.
[12:43:06 +1m 53s | thequantuminsider_2024_01_17_bless_this_mess_qubits_can_last_in_cluttered_environments] Extracting actors: https://thequantuminsider.com/2024/01/17/bless-this-mess-qubits-can-last-in-cluttered-environments (1/1), chunk 20/38
[12:43:11 +1m 58s | thequantuminsider_2024_01_17_bless_this_mess_qubits_can_last_in_cluttered_environments] Repaired malformed JSON.
[12:43:11 +1m 58s | thequantuminsider_2024_01_17_bless_this_mess_qubits_can_last_in_cluttered_environments] Extracting actors: https://thequantuminsider.com/2024/01/17/bless-this-mess-qubits-can-last-in-cluttered-environments (1/1), chunk 21/38
[12:43:20 +2m 8s | thequantuminsider_2024_01_17_bless_this_mess_qubits_can_last_in_cluttered_environments] Repaired malformed JSON.
[12:43:20 +2m 8s | thequantuminsider_2024_01_17_bless_this_mess_qubits_can_last_in_cluttered_environments] Extracting actors: https://thequantuminsider.com/2024/01/17/bless-this-mess-qubits-can-last-in-cluttered-environments (1/1), chunk 22/38
[12:43:28 +2m 15s | thequantuminsider_2024_01_17_bless_this_mess_qubits_can_last_in_cluttered_environments] Repaired malformed JSON.
[12:43:28 +2m 15s | thequantuminsider_2024_01_17_bless_this_mess_qubits_can_last_in_cluttered_environments] Extracting actors: https://thequantuminsider.com/2024/01/17/bless-this-mess-qubits-can-last-in-cluttered-environments (1/1), chunk 23/38
[12:43:33 +2m 21s | thequantuminsider_2024_01_17_bless_this_mess_qubits_can_last_in_cluttered_environments] Repaired malformed JSON.
[12:43:33 +2m 21s | thequantuminsider_2024_01_17_bless_this_mess_qubits_can_last_in_cluttered_environments] Extracting actors: https://thequantuminsider.com/2024/01/17/bless-this-mess-qubits-can-last-in-cluttered-environments (1/1), chunk 24/38
[12:43:40 +2m 27s | thequantuminsider_2024_01_17_bless_this_mess_qubits_can_last_in_cluttered_environments] Repaired malformed JSON.
[12:43:40 +2m 27s | thequantuminsider_2024_01_17_bless_this_mess_qubits_can_last_in_cluttered_environments] Extracting actors: https://thequantuminsider.com/2024/01/17/bless-this-mess-qubits-can-last-in-cluttered-environments (1/1), chunk 25/38
[12:43:47 +2m 34s | thequantuminsider_2024_01_17_bless_this_mess_qubits_can_last_in_cluttered_environments] Repaired malformed JSON.
[12:43:47 +2m 34s | thequantuminsider_2024_01_17_bless_this_mess_qubits_can_last_in_cluttered_environments] Extracting actors: https://thequantuminsider.com/2024/01/17/bless-this-mess-qubits-can-last-in-cluttered-environments (1/1), chunk 26/38
[12:43:52 +2m 39s | thequantuminsider_2024_01_17_bless_this_mess_qubits_can_last_in_cluttered_environments] Extracting actors: https://thequantuminsider.com/2024/01/17/bless-this-mess-qubits-can-last-in-cluttered-environments (1/1), chunk 27/38
[12:43:58 +2m 45s | thequantuminsider_2024_01_17_bless_this_mess_qubits_can_last_in_cluttered_environments] Repaired malformed JSON.
[12:43:58 +2m 45s | thequantuminsider_2024_01_17_bless_this_mess_qubits_can_last_in_cluttered_environments] Extracting actors: https://thequantuminsider.com/2024/01/17/bless-this-mess-qubits-can-last-in-cluttered-environments (1/1), chunk 28/38
[12:44:02 +2m 49s | thequantuminsider_2024_01_17_bless_this_mess_qubits_can_last_in_cluttered_environments] Extracting actors: https://thequantuminsider.com/2024/01/17/bless-this-mess-qubits-can-last-in-cluttered-environments (1/1), chunk 29/38
[12:44:03 +2m 51s | thequantuminsider_2024_01_17_bless_this_mess_qubits_can_last_in_cluttered_environments] Extracting actors: https://thequantuminsider.com/2024/01/17/bless-this-mess-qubits-can-last-in-cluttered-environments (1/1), chunk 30/38
[12:44:05 +2m 52s | thequantuminsider_2024_01_17_bless_this_mess_qubits_can_last_in_cluttered_environments] Extracting actors: https://thequantuminsider.com/2024/01/17/bless-this-mess-qubits-can-last-in-cluttered-environments (1/1), chunk 31/38
[12:44:11 +2m 59s | thequantuminsider_2024_01_17_bless_this_mess_qubits_can_last_in_cluttered_environments] Repaired malformed JSON.
[12:44:11 +2m 59s | thequantuminsider_2024_01_17_bless_this_mess_qubits_can_last_in_cluttered_environments] Extracting actors: https://thequantuminsider.com/2024/01/17/bless-this-mess-qubits-can-last-in-cluttered-environments (1/1), chunk 32/38
[12:44:18 +3m 5s | thequantuminsider_2024_01_17_bless_this_mess_qubits_can_last_in_cluttered_environments] Repaired malformed JSON.
[12:44:18 +3m 5s | thequantuminsider_2024_01_17_bless_this_mess_qubits_can_last_in_cluttered_environments] Extracting actors: https://thequantuminsider.com/2024/01/17/bless-this-mess-qubits-can-last-in-cluttered-environments (1/1), chunk 33/38
[12:44:26 +3m 13s | thequantuminsider_2024_01_17_bless_this_mess_qubits_can_last_in_cluttered_environments] Repaired malformed JSON.
[12:44:26 +3m 13s | thequantuminsider_2024_01_17_bless_this_mess_qubits_can_last_in_cluttered_environments] Extracting actors: https://thequantuminsider.com/2024/01/17/bless-this-mess-qubits-can-last-in-cluttered-environments (1/1), chunk 34/38
[12:44:32 +3m 19s | thequantuminsider_2024_01_17_bless_this_mess_qubits_can_last_in_cluttered_environments] Repaired malformed JSON.
[12:44:32 +3m 19s | thequantuminsider_2024_01_17_bless_this_mess_qubits_can_last_in_cluttered_environments] Extracting actors: https://thequantuminsider.com/2024/01/17/bless-this-mess-qubits-can-last-in-cluttered-environments (1/1), chunk 35/38
[12:44:40 +3m 27s | thequantuminsider_2024_01_17_bless_this_mess_qubits_can_last_in_cluttered_environments] Repaired malformed JSON.
[12:44:40 +3m 27s | thequantuminsider_2024_01_17_bless_this_mess_qubits_can_last_in_cluttered_environments] Extracting actors: https://thequantuminsider.com/2024/01/17/bless-this-mess-qubits-can-last-in-cluttered-environments (1/1), chunk 36/38
[12:44:45 +3m 32s | thequantuminsider_2024_01_17_bless_this_mess_qubits_can_last_in_cluttered_environments] Repaired malformed JSON.
[12:44:45 +3m 32s | thequantuminsider_2024_01_17_bless_this_mess_qubits_can_last_in_cluttered_environments] Extracting actors: https://thequantuminsider.com/2024/01/17/bless-this-mess-qubits-can-last-in-cluttered-environments (1/1), chunk 37/38
[12:44:50 +3m 38s | thequantuminsider_2024_01_17_bless_this_mess_qubits_can_last_in_cluttered_environments] Repaired malformed JSON.
[12:44:50 +3m 38s | thequantuminsider_2024_01_17_bless_this_mess_qubits_can_last_in_cluttered_environments] Extracting actors: https://thequantuminsider.com/2024/01/17/bless-this-mess-qubits-can-last-in-cluttered-environments (1/1), chunk 38/38
[12:44:59 +3m 47s | thequantuminsider_2024_01_17_bless_this_mess_qubits_can_last_in_cluttered_environments] Repaired malformed JSON.
[12:44:59 +3m 47s | thequantuminsider_2024_01_17_bless_this_mess_qubits_can_last_in_cluttered_environments] Saved 1_actor_results.json with 53 extracted records

[12:45:00 +3m 47s | thequantuminsider_2024_01_17_bless_this_mess_qubits_can_last_in_cluttered_environments] === 2 clean actors ===
[12:45:00 +3m 47s | thequantuminsider_2024_01_17_bless_this_mess_qubits_can_last_in_cluttered_environments] Loaded 53 extracted records
[12:45:00 +3m 47s | thequantuminsider_2024_01_17_bless_this_mess_qubits_can_last_in_cluttered_environments] Saved 2_actor_nodes.json with 20 canonical actor nodes

[12:45:00 +3m 47s | thequantuminsider_2024_01_17_bless_this_mess_qubits_can_last_in_cluttered_environments] === 3 interaction extraction ===
[12:45:00 +3m 48s | thequantuminsider_2024_01_17_bless_this_mess_qubits_can_last_in_cluttered_environments] Extracting interactions: https://thequantuminsider.com/2024/01/17/bless-this-mess-qubits-can-last-in-cluttered-environments (1/1), chunk 12/38
[12:45:12 +4m 0s | thequantuminsider_2024_01_17_bless_this_mess_qubits_can_last_in_cluttered_environments] Extracting interactions: https://thequantuminsider.com/2024/01/17/bless-this-mess-qubits-can-last-in-cluttered-environments (1/1), chunk 13/38
[12:45:37 +4m 25s | thequantuminsider_2024_01_17_bless_this_mess_qubits_can_last_in_cluttered_environments] Extracting interactions: https://thequantuminsider.com/2024/01/17/bless-this-mess-qubits-can-last-in-cluttered-environments (1/1), chunk 14/38
[12:46:01 +4m 48s | thequantuminsider_2024_01_17_bless_this_mess_qubits_can_last_in_cluttered_environments] Extracting interactions: https://thequantuminsider.com/2024/01/17/bless-this-mess-qubits-can-last-in-cluttered-environments (1/1), chunk 15/38
[12:46:11 +4m 59s | thequantuminsider_2024_01_17_bless_this_mess_qubits_can_last_in_cluttered_environments] Extracting interactions: https://thequantuminsider.com/2024/01/17/bless-this-mess-qubits-can-last-in-cluttered-environments (1/1), chunk 16/38
[12:46:15 +5m 3s | thequantuminsider_2024_01_17_bless_this_mess_qubits_can_last_in_cluttered_environments] Extracting interactions: https://thequantuminsider.com/2024/01/17/bless-this-mess-qubits-can-last-in-cluttered-environments (1/1), chunk 17/38
[12:46:20 +5m 7s | thequantuminsider_2024_01_17_bless_this_mess_qubits_can_last_in_cluttered_environments] Extracting interactions: https://thequantuminsider.com/2024/01/17/bless-this-mess-qubits-can-last-in-cluttered-environments (1/1), chunk 18/38
[12:46:25 +5m 12s | thequantuminsider_2024_01_17_bless_this_mess_qubits_can_last_in_cluttered_environments] Extracting interactions: https://thequantuminsider.com/2024/01/17/bless-this-mess-qubits-can-last-in-cluttered-environments (1/1), chunk 19/38
[12:46:32 +5m 19s | thequantuminsider_2024_01_17_bless_this_mess_qubits_can_last_in_cluttered_environments] Extracting interactions: https://thequantuminsider.com/2024/01/17/bless-this-mess-qubits-can-last-in-cluttered-environments (1/1), chunk 20/38
[12:46:36 +5m 24s | thequantuminsider_2024_01_17_bless_this_mess_qubits_can_last_in_cluttered_environments] Extracting interactions: https://thequantuminsider.com/2024/01/17/bless-this-mess-qubits-can-last-in-cluttered-environments (1/1), chunk 21/38
[12:46:39 +5m 27s | thequantuminsider_2024_01_17_bless_this_mess_qubits_can_last_in_cluttered_environments] Extracting interactions: https://thequantuminsider.com/2024/01/17/bless-this-mess-qubits-can-last-in-cluttered-environments (1/1), chunk 22/38
[12:46:45 +5m 33s | thequantuminsider_2024_01_17_bless_this_mess_qubits_can_last_in_cluttered_environments] Extracting interactions: https://thequantuminsider.com/2024/01/17/bless-this-mess-qubits-can-last-in-cluttered-environments (1/1), chunk 23/38
[12:46:51 +5m 39s | thequantuminsider_2024_01_17_bless_this_mess_qubits_can_last_in_cluttered_environments] Extracting interactions: https://thequantuminsider.com/2024/01/17/bless-this-mess-qubits-can-last-in-cluttered-environments (1/1), chunk 24/38
[12:46:57 +5m 44s | thequantuminsider_2024_01_17_bless_this_mess_qubits_can_last_in_cluttered_environments] Extracting interactions: https://thequantuminsider.com/2024/01/17/bless-this-mess-qubits-can-last-in-cluttered-environments (1/1), chunk 27/38
[12:47:04 +5m 51s | thequantuminsider_2024_01_17_bless_this_mess_qubits_can_last_in_cluttered_environments] Extracting interactions: https://thequantuminsider.com/2024/01/17/bless-this-mess-qubits-can-last-in-cluttered-environments (1/1), chunk 28/38
[12:47:05 +5m 53s | thequantuminsider_2024_01_17_bless_this_mess_qubits_can_last_in_cluttered_environments] Extracting interactions: https://thequantuminsider.com/2024/01/17/bless-this-mess-qubits-can-last-in-cluttered-environments (1/1), chunk 29/38
[12:47:07 +5m 54s | thequantuminsider_2024_01_17_bless_this_mess_qubits_can_last_in_cluttered_environments] Extracting interactions: https://thequantuminsider.com/2024/01/17/bless-this-mess-qubits-can-last-in-cluttered-environments (1/1), chunk 31/38
[12:47:09 +5m 57s | thequantuminsider_2024_01_17_bless_this_mess_qubits_can_last_in_cluttered_environments] Extracting interactions: https://thequantuminsider.com/2024/01/17/bless-this-mess-qubits-can-last-in-cluttered-environments (1/1), chunk 32/38
[12:47:43 +6m 31s | thequantuminsider_2024_01_17_bless_this_mess_qubits_can_last_in_cluttered_environments] Extracting interactions: https://thequantuminsider.com/2024/01/17/bless-this-mess-qubits-can-last-in-cluttered-environments (1/1), chunk 33/38
[12:47:45 +6m 32s | thequantuminsider_2024_01_17_bless_this_mess_qubits_can_last_in_cluttered_environments] Extracting interactions: https://thequantuminsider.com/2024/01/17/bless-this-mess-qubits-can-last-in-cluttered-environments (1/1), chunk 34/38
[12:47:46 +6m 34s | thequantuminsider_2024_01_17_bless_this_mess_qubits_can_last_in_cluttered_environments] Extracting interactions: https://thequantuminsider.com/2024/01/17/bless-this-mess-qubits-can-last-in-cluttered-environments (1/1), chunk 35/38
[12:47:48 +6m 35s | thequantuminsider_2024_01_17_bless_this_mess_qubits_can_last_in_cluttered_environments] Extracting interactions: https://thequantuminsider.com/2024/01/17/bless-this-mess-qubits-can-last-in-cluttered-environments (1/1), chunk 36/38
[12:47:49 +6m 37s | thequantuminsider_2024_01_17_bless_this_mess_qubits_can_last_in_cluttered_environments] Extracting interactions: https://thequantuminsider.com/2024/01/17/bless-this-mess-qubits-can-last-in-cluttered-environments (1/1), chunk 37/38
[12:47:50 +6m 38s | thequantuminsider_2024_01_17_bless_this_mess_qubits_can_last_in_cluttered_environments] Extracting interactions: https://thequantuminsider.com/2024/01/17/bless-this-mess-qubits-can-last-in-cluttered-environments (1/1), chunk 38/38
[12:47:52 +6m 39s | thequantuminsider_2024_01_17_bless_this_mess_qubits_can_last_in_cluttered_environments] Saved 3_interaction_results.json with 28 extracted interactions.

[12:47:52 +6m 40s | thequantuminsider_2024_01_17_bless_this_mess_qubits_can_last_in_cluttered_environments] === 4 clean interactions ===
[12:47:52 +6m 40s | thequantuminsider_2024_01_17_bless_this_mess_qubits_can_last_in_cluttered_environments] Saved 4_edges.json with 7 cleaned interactions.

[12:47:52 +6m 40s | thequantuminsider_2024_01_17_bless_this_mess_qubits_can_last_in_cluttered_environments] === 5 helix enrichment ===
[12:47:52 +6m 40s | thequantuminsider_2024_01_17_bless_this_mess_qubits_can_last_in_cluttered_environments] Wrote 5_nodes.json (20 actors)
[12:47:52 +6m 40s | thequantuminsider_2024_01_17_bless_this_mess_qubits_can_last_in_cluttered_environments] Wrote 5_edges.json (7 interactions)
[12:47:52 +6m 40s | thequantuminsider_2024_01_17_bless_this_mess_qubits_can_last_in_cluttered_environments] Actor helix counts: {'Academia': 4, 'Civil Society': 2, 'Industry': 3, 'Intermediary': 1, 'Unknown': 10}
[12:47:52 +6m 40s | thequantuminsider_2024_01_17_bless_this_mess_qubits_can_last_in_cluttered_environments] Functional-space counts: {'Intra-helix / Not classified': 7}

[12:47:52 +6m 40s | thequantuminsider_2024_01_17_bless_this_mess_qubits_can_last_in_cluttered_environments] === 6 network visualisation ===
[12:47:53 +6m 40s | thequantuminsider_2024_01_17_bless_this_mess_qubits_can_last_in_cluttered_environments] Wrote quantum_network.html
[12:47:53 +6m 40s | thequantuminsider_2024_01_17_bless_this_mess_qubits_can_last_in_cluttered_environments] Nodes: 20
[12:47:53 +6m 40s | thequantuminsider_2024_01_17_bless_this_mess_qubits_can_last_in_cluttered_environments] Edges: 2

[12:47:53 +6m 41s | thequantuminsider_2024_01_17_bless_this_mess_qubits_can_last_in_cluttered_environments] Done. Outputs written to: /home/lv/IDP/idpdeeptech/pipeline/news_outputs/thequantuminsider_2024_01_17_bless_this_mess_qubits_can_last_in_cluttered_environments
[12:47:53 +6m 41s | thequantuminsider_2024_01_17_bless_this_mess_qubits_can_last_in_cluttered_environments] Log: /home/lv/IDP/idpdeeptech/pipeline/news_outputs/thequantuminsider_2024_01_17_bless_this_mess_qubits_can_last_in_cluttered_environments/run.log

========================================================================
RUN FINISHED 2026-07-02 12:47:53  (OK)
Started:     2026-07-02 12:41:12
Elapsed:     6m 41s
========================================================================
