
========================================================================
RUN STARTED  2026-07-02 11:11:46
site_pipeline.py https://thequantuminsider.com/2024/02/02/aquarks-unique-technique-for-generating-cold-atoms-achieved-by-university-of-birmingham/
========================================================================

[11:11:46 +0s | thequantuminsider_2024_02_02_aquarks_unique_technique_for_generating_cold_atoms_achieved_6e80b008] === 0 crawl site ===
[11:11:47 +1s | thequantuminsider_2024_02_02_aquarks_unique_technique_for_generating_cold_atoms_achieved_6e80b008] [INIT].... → Crawl4AI 0.8.6 
[11:11:49 +3s | thequantuminsider_2024_02_02_aquarks_unique_technique_for_generating_cold_atoms_achieved_6e80b008] [FETCH]... ↓ https://thequantuminsider.com/2024/02/02/aquarks...cold-atoms-achieved-by-university-of-birmingham/  | ✓ | ⏱: 2.20s 
[11:11:50 +4s | thequantuminsider_2024_02_02_aquarks_unique_technique_for_generating_cold_atoms_achieved_6e80b008] [SCRAPE].. ◆ https://thequantuminsider.com/2024/02/02/aquarks...cold-atoms-achieved-by-university-of-birmingham/  | ✓ | ⏱: 0.10s 
[11:11:50 +4s | thequantuminsider_2024_02_02_aquarks_unique_technique_for_generating_cold_atoms_achieved_6e80b008] [COMPLETE] ● https://thequantuminsider.com/2024/02/02/aquarks...cold-atoms-achieved-by-university-of-birmingham/  | ✓ | ⏱: 2.32s 
[11:11:50 +4s | thequantuminsider_2024_02_02_aquarks_unique_technique_for_generating_cold_atoms_achieved_6e80b008] Saved: crawl_output/237b74dbd4_thequantuminsider.com_2024_02_02_aquarks-unique-technique-for-generating-cold-atoms-achieved-by-university-of-birmingham.json

[11:11:50 +4s | thequantuminsider_2024_02_02_aquarks_unique_technique_for_generating_cold_atoms_achieved_6e80b008] === 1 actor extraction ===
[11:11:50 +4s | thequantuminsider_2024_02_02_aquarks_unique_technique_for_generating_cold_atoms_achieved_6e80b008] Reading page (1/1): https://thequantuminsider.com/2024/02/02/aquarks-unique-technique-for-generating-cold-atoms-achieved-by-university-of-birmingham
[11:11:50 +4s | thequantuminsider_2024_02_02_aquarks_unique_technique_for_generating_cold_atoms_achieved_6e80b008] Extracting actors: https://thequantuminsider.com/2024/02/02/aquarks-unique-technique-for-generating-cold-atoms-achieved-by-university-of-birmingham (1/1), chunk 1/36
[11:11:55 +9s | thequantuminsider_2024_02_02_aquarks_unique_technique_for_generating_cold_atoms_achieved_6e80b008] Extracting actors: https://thequantuminsider.com/2024/02/02/aquarks-unique-technique-for-generating-cold-atoms-achieved-by-university-of-birmingham (1/1), chunk 2/36
[11:12:00 +14s | thequantuminsider_2024_02_02_aquarks_unique_technique_for_generating_cold_atoms_achieved_6e80b008] Extracting actors: https://thequantuminsider.com/2024/02/02/aquarks-unique-technique-for-generating-cold-atoms-achieved-by-university-of-birmingham (1/1), chunk 3/36
[11:12:05 +19s | thequantuminsider_2024_02_02_aquarks_unique_technique_for_generating_cold_atoms_achieved_6e80b008] Extracting actors: https://thequantuminsider.com/2024/02/02/aquarks-unique-technique-for-generating-cold-atoms-achieved-by-university-of-birmingham (1/1), chunk 4/36
[11:12:11 +25s | thequantuminsider_2024_02_02_aquarks_unique_technique_for_generating_cold_atoms_achieved_6e80b008] Extracting actors: https://thequantuminsider.com/2024/02/02/aquarks-unique-technique-for-generating-cold-atoms-achieved-by-university-of-birmingham (1/1), chunk 5/36
[11:12:16 +30s | thequantuminsider_2024_02_02_aquarks_unique_technique_for_generating_cold_atoms_achieved_6e80b008] Extracting actors: https://thequantuminsider.com/2024/02/02/aquarks-unique-technique-for-generating-cold-atoms-achieved-by-university-of-birmingham (1/1), chunk 6/36
[11:12:20 +34s | thequantuminsider_2024_02_02_aquarks_unique_technique_for_generating_cold_atoms_achieved_6e80b008] Extracting actors: https://thequantuminsider.com/2024/02/02/aquarks-unique-technique-for-generating-cold-atoms-achieved-by-university-of-birmingham (1/1), chunk 7/36
[11:12:25 +39s | thequantuminsider_2024_02_02_aquarks_unique_technique_for_generating_cold_atoms_achieved_6e80b008] Extracting actors: https://thequantuminsider.com/2024/02/02/aquarks-unique-technique-for-generating-cold-atoms-achieved-by-university-of-birmingham (1/1), chunk 8/36
[11:12:30 +44s | thequantuminsider_2024_02_02_aquarks_unique_technique_for_generating_cold_atoms_achieved_6e80b008] Extracting actors: https://thequantuminsider.com/2024/02/02/aquarks-unique-technique-for-generating-cold-atoms-achieved-by-university-of-birmingham (1/1), chunk 9/36
[11:12:35 +49s | thequantuminsider_2024_02_02_aquarks_unique_technique_for_generating_cold_atoms_achieved_6e80b008] Extracting actors: https://thequantuminsider.com/2024/02/02/aquarks-unique-technique-for-generating-cold-atoms-achieved-by-university-of-birmingham (1/1), chunk 10/36
[11:12:39 +53s | thequantuminsider_2024_02_02_aquarks_unique_technique_for_generating_cold_atoms_achieved_6e80b008] Extracting actors: https://thequantuminsider.com/2024/02/02/aquarks-unique-technique-for-generating-cold-atoms-achieved-by-university-of-birmingham (1/1), chunk 11/36
[11:12:44 +58s | thequantuminsider_2024_02_02_aquarks_unique_technique_for_generating_cold_atoms_achieved_6e80b008] Repaired malformed JSON.
[11:12:44 +58s | thequantuminsider_2024_02_02_aquarks_unique_technique_for_generating_cold_atoms_achieved_6e80b008] Extracting actors: https://thequantuminsider.com/2024/02/02/aquarks-unique-technique-for-generating-cold-atoms-achieved-by-university-of-birmingham (1/1), chunk 12/36
[11:12:50 +1m 4s | thequantuminsider_2024_02_02_aquarks_unique_technique_for_generating_cold_atoms_achieved_6e80b008] Repaired malformed JSON.
[11:12:50 +1m 4s | thequantuminsider_2024_02_02_aquarks_unique_technique_for_generating_cold_atoms_achieved_6e80b008] Extracting actors: https://thequantuminsider.com/2024/02/02/aquarks-unique-technique-for-generating-cold-atoms-achieved-by-university-of-birmingham (1/1), chunk 13/36
[11:12:56 +1m 10s | thequantuminsider_2024_02_02_aquarks_unique_technique_for_generating_cold_atoms_achieved_6e80b008] Repaired malformed JSON.
[11:12:56 +1m 10s | thequantuminsider_2024_02_02_aquarks_unique_technique_for_generating_cold_atoms_achieved_6e80b008] Extracting actors: https://thequantuminsider.com/2024/02/02/aquarks-unique-technique-for-generating-cold-atoms-achieved-by-university-of-birmingham (1/1), chunk 14/36
[11:13:02 +1m 16s | thequantuminsider_2024_02_02_aquarks_unique_technique_for_generating_cold_atoms_achieved_6e80b008] Repaired malformed JSON.
[11:13:02 +1m 16s | thequantuminsider_2024_02_02_aquarks_unique_technique_for_generating_cold_atoms_achieved_6e80b008] Extracting actors: https://thequantuminsider.com/2024/02/02/aquarks-unique-technique-for-generating-cold-atoms-achieved-by-university-of-birmingham (1/1), chunk 15/36
[11:13:08 +1m 22s | thequantuminsider_2024_02_02_aquarks_unique_technique_for_generating_cold_atoms_achieved_6e80b008] Repaired malformed JSON.
[11:13:08 +1m 22s | thequantuminsider_2024_02_02_aquarks_unique_technique_for_generating_cold_atoms_achieved_6e80b008] Extracting actors: https://thequantuminsider.com/2024/02/02/aquarks-unique-technique-for-generating-cold-atoms-achieved-by-university-of-birmingham (1/1), chunk 16/36
[11:13:15 +1m 29s | thequantuminsider_2024_02_02_aquarks_unique_technique_for_generating_cold_atoms_achieved_6e80b008] Repaired malformed JSON.
[11:13:15 +1m 29s | thequantuminsider_2024_02_02_aquarks_unique_technique_for_generating_cold_atoms_achieved_6e80b008] Extracting actors: https://thequantuminsider.com/2024/02/02/aquarks-unique-technique-for-generating-cold-atoms-achieved-by-university-of-birmingham (1/1), chunk 17/36
[11:13:22 +1m 36s | thequantuminsider_2024_02_02_aquarks_unique_technique_for_generating_cold_atoms_achieved_6e80b008] Repaired malformed JSON.
[11:13:22 +1m 36s | thequantuminsider_2024_02_02_aquarks_unique_technique_for_generating_cold_atoms_achieved_6e80b008] Extracting actors: https://thequantuminsider.com/2024/02/02/aquarks-unique-technique-for-generating-cold-atoms-achieved-by-university-of-birmingham (1/1), chunk 18/36
[11:13:29 +1m 43s | thequantuminsider_2024_02_02_aquarks_unique_technique_for_generating_cold_atoms_achieved_6e80b008] Repaired malformed JSON.
[11:13:29 +1m 43s | thequantuminsider_2024_02_02_aquarks_unique_technique_for_generating_cold_atoms_achieved_6e80b008] Extracting actors: https://thequantuminsider.com/2024/02/02/aquarks-unique-technique-for-generating-cold-atoms-achieved-by-university-of-birmingham (1/1), chunk 19/36
[11:13:36 +1m 50s | thequantuminsider_2024_02_02_aquarks_unique_technique_for_generating_cold_atoms_achieved_6e80b008] Repaired malformed JSON.
[11:13:36 +1m 50s | thequantuminsider_2024_02_02_aquarks_unique_technique_for_generating_cold_atoms_achieved_6e80b008] Extracting actors: https://thequantuminsider.com/2024/02/02/aquarks-unique-technique-for-generating-cold-atoms-achieved-by-university-of-birmingham (1/1), chunk 20/36
[11:13:42 +1m 56s | thequantuminsider_2024_02_02_aquarks_unique_technique_for_generating_cold_atoms_achieved_6e80b008] Repaired malformed JSON.
[11:13:42 +1m 56s | thequantuminsider_2024_02_02_aquarks_unique_technique_for_generating_cold_atoms_achieved_6e80b008] Extracting actors: https://thequantuminsider.com/2024/02/02/aquarks-unique-technique-for-generating-cold-atoms-achieved-by-university-of-birmingham (1/1), chunk 21/36
[11:13:48 +2m 2s | thequantuminsider_2024_02_02_aquarks_unique_technique_for_generating_cold_atoms_achieved_6e80b008] Repaired malformed JSON.
[11:13:48 +2m 2s | thequantuminsider_2024_02_02_aquarks_unique_technique_for_generating_cold_atoms_achieved_6e80b008] Extracting actors: https://thequantuminsider.com/2024/02/02/aquarks-unique-technique-for-generating-cold-atoms-achieved-by-university-of-birmingham (1/1), chunk 22/36
[11:13:55 +2m 9s | thequantuminsider_2024_02_02_aquarks_unique_technique_for_generating_cold_atoms_achieved_6e80b008] Repaired malformed JSON.
[11:13:55 +2m 9s | thequantuminsider_2024_02_02_aquarks_unique_technique_for_generating_cold_atoms_achieved_6e80b008] Extracting actors: https://thequantuminsider.com/2024/02/02/aquarks-unique-technique-for-generating-cold-atoms-achieved-by-university-of-birmingham (1/1), chunk 23/36
[11:14:03 +2m 17s | thequantuminsider_2024_02_02_aquarks_unique_technique_for_generating_cold_atoms_achieved_6e80b008] Repaired malformed JSON.
[11:14:03 +2m 17s | thequantuminsider_2024_02_02_aquarks_unique_technique_for_generating_cold_atoms_achieved_6e80b008] Extracting actors: https://thequantuminsider.com/2024/02/02/aquarks-unique-technique-for-generating-cold-atoms-achieved-by-university-of-birmingham (1/1), chunk 24/36
[11:14:09 +2m 22s | thequantuminsider_2024_02_02_aquarks_unique_technique_for_generating_cold_atoms_achieved_6e80b008] Repaired malformed JSON.
[11:14:09 +2m 22s | thequantuminsider_2024_02_02_aquarks_unique_technique_for_generating_cold_atoms_achieved_6e80b008] Extracting actors: https://thequantuminsider.com/2024/02/02/aquarks-unique-technique-for-generating-cold-atoms-achieved-by-university-of-birmingham (1/1), chunk 25/36
[11:14:16 +2m 30s | thequantuminsider_2024_02_02_aquarks_unique_technique_for_generating_cold_atoms_achieved_6e80b008] Repaired malformed JSON.
[11:14:16 +2m 30s | thequantuminsider_2024_02_02_aquarks_unique_technique_for_generating_cold_atoms_achieved_6e80b008] Extracting actors: https://thequantuminsider.com/2024/02/02/aquarks-unique-technique-for-generating-cold-atoms-achieved-by-university-of-birmingham (1/1), chunk 26/36
[11:14:23 +2m 36s | thequantuminsider_2024_02_02_aquarks_unique_technique_for_generating_cold_atoms_achieved_6e80b008] Extracting actors: https://thequantuminsider.com/2024/02/02/aquarks-unique-technique-for-generating-cold-atoms-achieved-by-university-of-birmingham (1/1), chunk 27/36
[11:14:29 +2m 42s | thequantuminsider_2024_02_02_aquarks_unique_technique_for_generating_cold_atoms_achieved_6e80b008] Extracting actors: https://thequantuminsider.com/2024/02/02/aquarks-unique-technique-for-generating-cold-atoms-achieved-by-university-of-birmingham (1/1), chunk 28/36
[11:14:33 +2m 47s | thequantuminsider_2024_02_02_aquarks_unique_technique_for_generating_cold_atoms_achieved_6e80b008] Extracting actors: https://thequantuminsider.com/2024/02/02/aquarks-unique-technique-for-generating-cold-atoms-achieved-by-university-of-birmingham (1/1), chunk 29/36
[11:14:38 +2m 52s | thequantuminsider_2024_02_02_aquarks_unique_technique_for_generating_cold_atoms_achieved_6e80b008] Extracting actors: https://thequantuminsider.com/2024/02/02/aquarks-unique-technique-for-generating-cold-atoms-achieved-by-university-of-birmingham (1/1), chunk 30/36
[11:14:42 +2m 56s | thequantuminsider_2024_02_02_aquarks_unique_technique_for_generating_cold_atoms_achieved_6e80b008] Extracting actors: https://thequantuminsider.com/2024/02/02/aquarks-unique-technique-for-generating-cold-atoms-achieved-by-university-of-birmingham (1/1), chunk 31/36
[11:14:46 +3m 0s | thequantuminsider_2024_02_02_aquarks_unique_technique_for_generating_cold_atoms_achieved_6e80b008] Extracting actors: https://thequantuminsider.com/2024/02/02/aquarks-unique-technique-for-generating-cold-atoms-achieved-by-university-of-birmingham (1/1), chunk 32/36
[11:14:50 +3m 4s | thequantuminsider_2024_02_02_aquarks_unique_technique_for_generating_cold_atoms_achieved_6e80b008] Extracting actors: https://thequantuminsider.com/2024/02/02/aquarks-unique-technique-for-generating-cold-atoms-achieved-by-university-of-birmingham (1/1), chunk 33/36
[11:14:54 +3m 8s | thequantuminsider_2024_02_02_aquarks_unique_technique_for_generating_cold_atoms_achieved_6e80b008] Extracting actors: https://thequantuminsider.com/2024/02/02/aquarks-unique-technique-for-generating-cold-atoms-achieved-by-university-of-birmingham (1/1), chunk 34/36
[11:14:58 +3m 12s | thequantuminsider_2024_02_02_aquarks_unique_technique_for_generating_cold_atoms_achieved_6e80b008] Extracting actors: https://thequantuminsider.com/2024/02/02/aquarks-unique-technique-for-generating-cold-atoms-achieved-by-university-of-birmingham (1/1), chunk 35/36
[11:15:03 +3m 17s | thequantuminsider_2024_02_02_aquarks_unique_technique_for_generating_cold_atoms_achieved_6e80b008] Repaired malformed JSON.
[11:15:03 +3m 17s | thequantuminsider_2024_02_02_aquarks_unique_technique_for_generating_cold_atoms_achieved_6e80b008] Extracting actors: https://thequantuminsider.com/2024/02/02/aquarks-unique-technique-for-generating-cold-atoms-achieved-by-university-of-birmingham (1/1), chunk 36/36
[11:15:09 +3m 23s | thequantuminsider_2024_02_02_aquarks_unique_technique_for_generating_cold_atoms_achieved_6e80b008] Saved 1_actor_results.json with 52 extracted records

[11:15:09 +3m 23s | thequantuminsider_2024_02_02_aquarks_unique_technique_for_generating_cold_atoms_achieved_6e80b008] === 2 clean actors ===
[11:15:09 +3m 23s | thequantuminsider_2024_02_02_aquarks_unique_technique_for_generating_cold_atoms_achieved_6e80b008] Loaded 52 extracted records
[11:15:09 +3m 23s | thequantuminsider_2024_02_02_aquarks_unique_technique_for_generating_cold_atoms_achieved_6e80b008] Saved 2_actor_nodes.json with 11 canonical actor nodes

[11:15:09 +3m 23s | thequantuminsider_2024_02_02_aquarks_unique_technique_for_generating_cold_atoms_achieved_6e80b008] === 3 interaction extraction ===
[11:15:10 +3m 23s | thequantuminsider_2024_02_02_aquarks_unique_technique_for_generating_cold_atoms_achieved_6e80b008] Extracting interactions: https://thequantuminsider.com/2024/02/02/aquarks-unique-technique-for-generating-cold-atoms-achieved-by-university-of-birmingham (1/1), chunk 11/36
[11:15:18 +3m 32s | thequantuminsider_2024_02_02_aquarks_unique_technique_for_generating_cold_atoms_achieved_6e80b008] Extracting interactions: https://thequantuminsider.com/2024/02/02/aquarks-unique-technique-for-generating-cold-atoms-achieved-by-university-of-birmingham (1/1), chunk 12/36
[11:15:30 +3m 44s | thequantuminsider_2024_02_02_aquarks_unique_technique_for_generating_cold_atoms_achieved_6e80b008] Extracting interactions: https://thequantuminsider.com/2024/02/02/aquarks-unique-technique-for-generating-cold-atoms-achieved-by-university-of-birmingham (1/1), chunk 13/36
[11:16:00 +4m 14s | thequantuminsider_2024_02_02_aquarks_unique_technique_for_generating_cold_atoms_achieved_6e80b008] Extracting interactions: https://thequantuminsider.com/2024/02/02/aquarks-unique-technique-for-generating-cold-atoms-achieved-by-university-of-birmingham (1/1), chunk 14/36
[11:16:09 +4m 23s | thequantuminsider_2024_02_02_aquarks_unique_technique_for_generating_cold_atoms_achieved_6e80b008] Extracting interactions: https://thequantuminsider.com/2024/02/02/aquarks-unique-technique-for-generating-cold-atoms-achieved-by-university-of-birmingham (1/1), chunk 15/36
[11:16:18 +4m 32s | thequantuminsider_2024_02_02_aquarks_unique_technique_for_generating_cold_atoms_achieved_6e80b008] Extracting interactions: https://thequantuminsider.com/2024/02/02/aquarks-unique-technique-for-generating-cold-atoms-achieved-by-university-of-birmingham (1/1), chunk 16/36
[11:16:25 +4m 39s | thequantuminsider_2024_02_02_aquarks_unique_technique_for_generating_cold_atoms_achieved_6e80b008] Extracting interactions: https://thequantuminsider.com/2024/02/02/aquarks-unique-technique-for-generating-cold-atoms-achieved-by-university-of-birmingham (1/1), chunk 17/36
[11:16:29 +4m 42s | thequantuminsider_2024_02_02_aquarks_unique_technique_for_generating_cold_atoms_achieved_6e80b008] Extracting interactions: https://thequantuminsider.com/2024/02/02/aquarks-unique-technique-for-generating-cold-atoms-achieved-by-university-of-birmingham (1/1), chunk 18/36
[11:16:33 +4m 47s | thequantuminsider_2024_02_02_aquarks_unique_technique_for_generating_cold_atoms_achieved_6e80b008] Extracting interactions: https://thequantuminsider.com/2024/02/02/aquarks-unique-technique-for-generating-cold-atoms-achieved-by-university-of-birmingham (1/1), chunk 19/36
[11:16:41 +4m 55s | thequantuminsider_2024_02_02_aquarks_unique_technique_for_generating_cold_atoms_achieved_6e80b008] Extracting interactions: https://thequantuminsider.com/2024/02/02/aquarks-unique-technique-for-generating-cold-atoms-achieved-by-university-of-birmingham (1/1), chunk 20/36
[11:16:51 +5m 5s | thequantuminsider_2024_02_02_aquarks_unique_technique_for_generating_cold_atoms_achieved_6e80b008] Extracting interactions: https://thequantuminsider.com/2024/02/02/aquarks-unique-technique-for-generating-cold-atoms-achieved-by-university-of-birmingham (1/1), chunk 21/36
[11:16:55 +5m 9s | thequantuminsider_2024_02_02_aquarks_unique_technique_for_generating_cold_atoms_achieved_6e80b008] Extracting interactions: https://thequantuminsider.com/2024/02/02/aquarks-unique-technique-for-generating-cold-atoms-achieved-by-university-of-birmingham (1/1), chunk 22/36
[11:17:00 +5m 14s | thequantuminsider_2024_02_02_aquarks_unique_technique_for_generating_cold_atoms_achieved_6e80b008] Extracting interactions: https://thequantuminsider.com/2024/02/02/aquarks-unique-technique-for-generating-cold-atoms-achieved-by-university-of-birmingham (1/1), chunk 25/36
[11:17:05 +5m 19s | thequantuminsider_2024_02_02_aquarks_unique_technique_for_generating_cold_atoms_achieved_6e80b008] Saved 3_interaction_results.json with 23 extracted interactions.

[11:17:05 +5m 19s | thequantuminsider_2024_02_02_aquarks_unique_technique_for_generating_cold_atoms_achieved_6e80b008] === 4 clean interactions ===
[11:17:05 +5m 19s | thequantuminsider_2024_02_02_aquarks_unique_technique_for_generating_cold_atoms_achieved_6e80b008] Saved 4_edges.json with 4 cleaned interactions.

[11:17:05 +5m 19s | thequantuminsider_2024_02_02_aquarks_unique_technique_for_generating_cold_atoms_achieved_6e80b008] === 5 helix enrichment ===
[11:17:05 +5m 19s | thequantuminsider_2024_02_02_aquarks_unique_technique_for_generating_cold_atoms_achieved_6e80b008] Wrote 5_nodes.json (11 actors)
[11:17:05 +5m 19s | thequantuminsider_2024_02_02_aquarks_unique_technique_for_generating_cold_atoms_achieved_6e80b008] Wrote 5_edges.json (4 interactions)
[11:17:05 +5m 19s | thequantuminsider_2024_02_02_aquarks_unique_technique_for_generating_cold_atoms_achieved_6e80b008] Actor helix counts: {'Academia': 3, 'Civil Society': 2, 'Government': 1, 'Industry': 3, 'Unknown': 2}
[11:17:05 +5m 19s | thequantuminsider_2024_02_02_aquarks_unique_technique_for_generating_cold_atoms_achieved_6e80b008] Functional-space counts: {'Innovation': 3, 'Knowledge': 1}

[11:17:05 +5m 19s | thequantuminsider_2024_02_02_aquarks_unique_technique_for_generating_cold_atoms_achieved_6e80b008] === 6 network visualisation ===
[11:17:06 +5m 20s | thequantuminsider_2024_02_02_aquarks_unique_technique_for_generating_cold_atoms_achieved_6e80b008] Wrote quantum_network.html
[11:17:06 +5m 20s | thequantuminsider_2024_02_02_aquarks_unique_technique_for_generating_cold_atoms_achieved_6e80b008] Nodes: 11
[11:17:06 +5m 20s | thequantuminsider_2024_02_02_aquarks_unique_technique_for_generating_cold_atoms_achieved_6e80b008] Edges: 2

[11:17:06 +5m 20s | thequantuminsider_2024_02_02_aquarks_unique_technique_for_generating_cold_atoms_achieved_6e80b008] Done. Outputs written to: /home/lv/IDP/idpdeeptech/pipeline/news_outputs/thequantuminsider_2024_02_02_aquarks_unique_technique_for_generating_cold_atoms_achieved_6e80b008
[11:17:06 +5m 20s | thequantuminsider_2024_02_02_aquarks_unique_technique_for_generating_cold_atoms_achieved_6e80b008] Log: /home/lv/IDP/idpdeeptech/pipeline/news_outputs/thequantuminsider_2024_02_02_aquarks_unique_technique_for_generating_cold_atoms_achieved_6e80b008/run.log

========================================================================
RUN FINISHED 2026-07-02 11:17:06  (OK)
Started:     2026-07-02 11:11:46
Elapsed:     5m 20s
========================================================================
