
========================================================================
RUN STARTED  2026-05-31 00:46:15
pdf_pipeline.py Luis_Canada22.pdf
========================================================================

[00:46:15 +0s] === 1 actor extraction ===

========================================================================
RUN FINISHED 2026-05-31 00:46:16  (INTERRUPTED)
Elapsed:     1s
========================================================================

========================================================================
RUN STARTED  2026-05-31 00:53:29
pdf_pipeline.py Luis_Canada22.pdf
========================================================================

[00:53:29 +0s] === 1 actor extraction ===

========================================================================
RUN FINISHED 2026-05-31 00:53:29  (INTERRUPTED)
Elapsed:     0s
========================================================================

========================================================================
RUN STARTED  2026-06-16 02:01:04
pdf_pipeline.py Luis_Canada22.pdf
========================================================================

[02:01:04 +0s | Luis_Canada22] === 1 actor extraction ===
[02:01:04 +0s | Luis_Canada22] Reading PDF: Luis_Canada22.pdf
[02:01:05 +0s | Luis_Canada22] Extracting: Luis_Canada22.pdf, page 1/35, chunk 1/1
[02:01:08 +4s | Luis_Canada22] Extracting: Luis_Canada22.pdf, page 2/35, chunk 1/1
[02:01:17 +13s | Luis_Canada22] Repaired malformed JSON.
[02:01:17 +13s | Luis_Canada22] Extracting: Luis_Canada22.pdf, page 3/35, chunk 1/1
[02:01:20 +16s | Luis_Canada22] Extracting: Luis_Canada22.pdf, page 4/35, chunk 1/1
[02:01:29 +25s | Luis_Canada22] Repaired malformed JSON.
[02:01:29 +25s | Luis_Canada22] Extracting: Luis_Canada22.pdf, page 5/35, chunk 1/1
[02:01:39 +33s | Luis_Canada22] Repaired malformed JSON.
[02:01:39 +33s | Luis_Canada22] Extracting: Luis_Canada22.pdf, page 6/35, chunk 1/1
[02:01:45 +39s | Luis_Canada22] Repaired malformed JSON.
[02:01:45 +39s | Luis_Canada22] Extracting: Luis_Canada22.pdf, page 7/35, chunk 1/1
[02:01:52 +46s | Luis_Canada22] Repaired malformed JSON.
[02:01:52 +46s | Luis_Canada22] Extracting: Luis_Canada22.pdf, page 8/35, chunk 1/1
[02:01:57 +51s | Luis_Canada22] Repaired malformed JSON.
[02:01:57 +51s | Luis_Canada22] Extracting: Luis_Canada22.pdf, page 9/35, chunk 1/1
[02:02:03 +56s | Luis_Canada22] Extracting: Luis_Canada22.pdf, page 10/35, chunk 1/1
[02:02:13 +1m 4s | Luis_Canada22] Repaired malformed JSON.
[02:02:13 +1m 4s | Luis_Canada22] Extracting: Luis_Canada22.pdf, page 11/35, chunk 1/1
[02:02:20 +1m 12s | Luis_Canada22] Repaired malformed JSON.
[02:02:20 +1m 12s | Luis_Canada22] Extracting: Luis_Canada22.pdf, page 12/35, chunk 1/1
[02:02:27 +1m 18s | Luis_Canada22] Repaired malformed JSON.
[02:02:27 +1m 18s | Luis_Canada22] Extracting: Luis_Canada22.pdf, page 13/35, chunk 1/1
[02:02:32 +1m 23s | Luis_Canada22] Repaired malformed JSON.
[02:02:32 +1m 23s | Luis_Canada22] Extracting: Luis_Canada22.pdf, page 14/35, chunk 1/1
[02:02:38 +1m 29s | Luis_Canada22] Repaired malformed JSON.
[02:02:38 +1m 29s | Luis_Canada22] Extracting: Luis_Canada22.pdf, page 15/35, chunk 1/1
[02:02:48 +1m 37s | Luis_Canada22] Repaired malformed JSON.
[02:02:48 +1m 37s | Luis_Canada22] Extracting: Luis_Canada22.pdf, page 16/35, chunk 1/1
[02:02:56 +1m 45s | Luis_Canada22] Repaired malformed JSON.
[02:02:56 +1m 45s | Luis_Canada22] Extracting: Luis_Canada22.pdf, page 17/35, chunk 1/1
[02:03:02 +1m 51s | Luis_Canada22] Repaired malformed JSON.
[02:03:02 +1m 51s | Luis_Canada22] Extracting: Luis_Canada22.pdf, page 18/35, chunk 1/1
[02:03:09 +1m 58s | Luis_Canada22] Repaired malformed JSON.
[02:03:09 +1m 58s | Luis_Canada22] Extracting: Luis_Canada22.pdf, page 19/35, chunk 1/1
[02:03:15 +2m 4s | Luis_Canada22] Repaired malformed JSON.
[02:03:15 +2m 4s | Luis_Canada22] Extracting: Luis_Canada22.pdf, page 20/35, chunk 1/1
[02:03:24 +2m 11s | Luis_Canada22] Repaired malformed JSON.
[02:03:24 +2m 11s | Luis_Canada22] Extracting: Luis_Canada22.pdf, page 21/35, chunk 1/1
[02:03:30 +2m 17s | Luis_Canada22] Repaired malformed JSON.
[02:03:30 +2m 17s | Luis_Canada22] Extracting: Luis_Canada22.pdf, page 22/35, chunk 1/1
[02:03:37 +2m 24s | Luis_Canada22] Repaired malformed JSON.
[02:03:37 +2m 24s | Luis_Canada22] Extracting: Luis_Canada22.pdf, page 23/35, chunk 1/1
[02:03:43 +2m 30s | Luis_Canada22] Repaired malformed JSON.
[02:03:43 +2m 30s | Luis_Canada22] Extracting: Luis_Canada22.pdf, page 24/35, chunk 1/1
[02:03:50 +2m 37s | Luis_Canada22] Repaired malformed JSON.
[02:03:50 +2m 37s | Luis_Canada22] Extracting: Luis_Canada22.pdf, page 25/35, chunk 1/1
[02:03:58 +2m 43s | Luis_Canada22] Repaired malformed JSON.
[02:03:58 +2m 43s | Luis_Canada22] Extracting: Luis_Canada22.pdf, page 26/35, chunk 1/1
[02:04:05 +2m 50s | Luis_Canada22] Repaired malformed JSON.
[02:04:05 +2m 50s | Luis_Canada22] Extracting: Luis_Canada22.pdf, page 27/35, chunk 1/1
[02:04:12 +2m 56s | Luis_Canada22] Repaired malformed JSON.
[02:04:12 +2m 56s | Luis_Canada22] Extracting: Luis_Canada22.pdf, page 28/35, chunk 1/1
[02:04:20 +3m 5s | Luis_Canada22] Repaired malformed JSON.
[02:04:20 +3m 5s | Luis_Canada22] Extracting: Luis_Canada22.pdf, page 29/35, chunk 1/1
[02:04:30 +3m 12s | Luis_Canada22] Repaired malformed JSON.
[02:04:30 +3m 12s | Luis_Canada22] Extracting: Luis_Canada22.pdf, page 30/35, chunk 1/1
[02:04:37 +3m 19s | Luis_Canada22] Repaired malformed JSON.
[02:04:37 +3m 19s | Luis_Canada22] Extracting: Luis_Canada22.pdf, page 31/35, chunk 1/1
[02:04:44 +3m 26s | Luis_Canada22] Repaired malformed JSON.
[02:04:44 +3m 26s | Luis_Canada22] Extracting: Luis_Canada22.pdf, page 32/35, chunk 1/1
[02:04:50 +3m 32s | Luis_Canada22] Repaired malformed JSON.
[02:04:50 +3m 32s | Luis_Canada22] Extracting: Luis_Canada22.pdf, page 33/35, chunk 1/1
[02:04:58 +3m 40s | Luis_Canada22] Repaired malformed JSON.
[02:04:58 +3m 40s | Luis_Canada22] Extracting: Luis_Canada22.pdf, page 34/35, chunk 1/2
[02:05:06 +3m 46s | Luis_Canada22] Repaired malformed JSON.
[02:05:06 +3m 46s | Luis_Canada22] Extracting: Luis_Canada22.pdf, page 34/35, chunk 2/2
[02:05:13 +3m 53s | Luis_Canada22] Repaired malformed JSON.
[02:05:13 +3m 53s | Luis_Canada22] Extracting: Luis_Canada22.pdf, page 35/35, chunk 1/1
[02:05:20 +4m 0s | Luis_Canada22] Repaired malformed JSON.
[02:05:20 +4m 0s | Luis_Canada22] Saved 1_actor_results.json with 74 clean actors

[02:05:20 +4m 0s | Luis_Canada22] === 2 clean actors ===
[02:05:20 +4m 0s | Luis_Canada22] Loaded 74 extracted records
[02:05:20 +4m 0s | Luis_Canada22] Saved 2_actor_nodes.json with 22 canonical actor nodes

[02:05:20 +4m 0s | Luis_Canada22] === 3 interaction extraction ===
[02:05:20 +4m 0s | Luis_Canada22] Processing interactions for: Luis_Canada22.pdf
[02:05:20 +4m 0s | Luis_Canada22] Extracting interactions: Luis_Canada22.pdf, page 2/35, chunk 1/1
[02:05:25 +4m 5s | Luis_Canada22] Extracting interactions: Luis_Canada22.pdf, page 5/35, chunk 1/1
[02:05:30 +4m 10s | Luis_Canada22] Extracting interactions: Luis_Canada22.pdf, page 6/35, chunk 1/1
[02:05:34 +4m 14s | Luis_Canada22] Extracting interactions: Luis_Canada22.pdf, page 7/35, chunk 1/1
[02:05:41 +4m 19s | Luis_Canada22] Extracting interactions: Luis_Canada22.pdf, page 8/35, chunk 1/1
[02:05:44 +4m 22s | Luis_Canada22] Extracting interactions: Luis_Canada22.pdf, page 10/35, chunk 1/1
[02:05:50 +4m 28s | Luis_Canada22] Extracting interactions: Luis_Canada22.pdf, page 11/35, chunk 1/1
[02:05:58 +4m 36s | Luis_Canada22] Extracting interactions: Luis_Canada22.pdf, page 12/35, chunk 1/1
[02:06:31 +5m 7s | Luis_Canada22] Extracting interactions: Luis_Canada22.pdf, page 13/35, chunk 1/1
[02:06:38 +5m 13s | Luis_Canada22] Extracting interactions: Luis_Canada22.pdf, page 14/35, chunk 1/1
[02:07:02 +5m 36s | Luis_Canada22] Extracting interactions: Luis_Canada22.pdf, page 15/35, chunk 1/1
[02:07:08 +5m 41s | Luis_Canada22] Extracting interactions: Luis_Canada22.pdf, page 16/35, chunk 1/1
[02:07:45 +6m 17s | Luis_Canada22] Extracting interactions: Luis_Canada22.pdf, page 17/35, chunk 1/1
[02:07:59 +6m 28s | Luis_Canada22] Extracting interactions: Luis_Canada22.pdf, page 18/35, chunk 1/1
[02:08:10 +6m 40s | Luis_Canada22] Extracting interactions: Luis_Canada22.pdf, page 19/35, chunk 1/1
[02:08:29 +6m 56s | Luis_Canada22] Extracting interactions: Luis_Canada22.pdf, page 20/35, chunk 1/1
[02:08:53 +7m 20s | Luis_Canada22] Extracting interactions: Luis_Canada22.pdf, page 21/35, chunk 1/1
[02:09:12 +7m 37s | Luis_Canada22] Extracting interactions: Luis_Canada22.pdf, page 22/35, chunk 1/1
[02:09:21 +7m 46s | Luis_Canada22] Extracting interactions: Luis_Canada22.pdf, page 23/35, chunk 1/1
[02:09:33 +7m 58s | Luis_Canada22] Extracting interactions: Luis_Canada22.pdf, page 24/35, chunk 1/1
[02:09:37 +8m 2s | Luis_Canada22] Extracting interactions: Luis_Canada22.pdf, page 25/35, chunk 1/1
[02:09:57 +8m 18s | Luis_Canada22] Extracting interactions: Luis_Canada22.pdf, page 26/35, chunk 1/1
[02:10:24 +8m 46s | Luis_Canada22] Extracting interactions: Luis_Canada22.pdf, page 27/35, chunk 1/1
[02:10:35 +8m 55s | Luis_Canada22] Extracting interactions: Luis_Canada22.pdf, page 28/35, chunk 1/1
[02:11:00 +9m 19s | Luis_Canada22] Extracting interactions: Luis_Canada22.pdf, page 29/35, chunk 1/1
[02:11:17 +9m 34s | Luis_Canada22] Extracting interactions: Luis_Canada22.pdf, page 30/35, chunk 1/1
[02:11:29 +9m 46s | Luis_Canada22] Extracting interactions: Luis_Canada22.pdf, page 31/35, chunk 1/1
[02:11:38 +9m 53s | Luis_Canada22] Extracting interactions: Luis_Canada22.pdf, page 32/35, chunk 1/1
[02:11:51 +10m 5s | Luis_Canada22] Extracting interactions: Luis_Canada22.pdf, page 33/35, chunk 1/1
[02:12:05 +10m 19s | Luis_Canada22] Extracting interactions: Luis_Canada22.pdf, page 34/35, chunk 1/2
[02:12:29 +10m 41s | Luis_Canada22] Extracting interactions: Luis_Canada22.pdf, page 34/35, chunk 2/2
[02:12:53 +11m 2s | Luis_Canada22] Extracting interactions: Luis_Canada22.pdf, page 35/35, chunk 1/1
[02:13:19 +11m 28s | Luis_Canada22] Saved 3_interaction_results.json with 118 extracted interactions.

[02:13:19 +11m 28s | Luis_Canada22] === 4 clean interactions ===
[02:13:19 +11m 28s | Luis_Canada22] Saved 4_edges.json with 20 cleaned interactions.

[02:13:19 +11m 28s | Luis_Canada22] === 5 helix enrichment ===
[02:13:19 +11m 28s | Luis_Canada22] Wrote 5_nodes.json (22 actors)
[02:13:19 +11m 28s | Luis_Canada22] Wrote 5_edges.json (20 interactions)
[02:13:19 +11m 28s | Luis_Canada22] Actor helix counts: {'Academia': 5, 'Government': 14, 'Intermediary': 2, 'Unknown': 1}
[02:13:19 +11m 28s | Luis_Canada22] Functional-space counts: {'Consensus': 2, 'Intra-helix / Not classified': 6, 'Knowledge': 1, 'Unknown': 11}

[02:13:19 +11m 28s | Luis_Canada22] === 6 network visualisation ===
[02:13:20 +11m 29s | Luis_Canada22] Wrote quantum_network.html
[02:13:20 +11m 29s | Luis_Canada22] Nodes: 22
[02:13:20 +11m 29s | Luis_Canada22] Edges: 10

[02:13:20 +11m 29s | Luis_Canada22] Done. Outputs written to: /home/lv/IDP/idpdeeptech/pipeline/pdf_outputs/Luis_Canada22
[02:13:20 +11m 29s | Luis_Canada22] Log: /home/lv/IDP/idpdeeptech/pipeline/pdf_outputs/Luis_Canada22/run.log

========================================================================
RUN FINISHED 2026-06-16 02:13:20  (OK)
Started:     2026-06-16 02:01:04
Elapsed:     11m 29s
========================================================================
