
========================================================================
RUN STARTED  2026-07-01 20:11:14
site_pipeline.py https://thequantuminsider.com/2020/07/14/standard-chartered-and-universities-space-research-association-partner-on-quantum-computing/
========================================================================

[20:11:14 +0s | thequantuminsider_2020_07_14_standard_chartered_and_universities_space_research_associati_602668ff] === 0 crawl site ===
[20:11:16 +2s | thequantuminsider_2020_07_14_standard_chartered_and_universities_space_research_associati_602668ff] [INIT].... → Crawl4AI 0.8.6 
[20:11:25 +11s | thequantuminsider_2020_07_14_standard_chartered_and_universities_space_research_associati_602668ff] [FETCH]... ↓ https://thequantuminsider.com/2020/07/14/standar...search-association-partner-on-quantum-computing/  | ✓ | ⏱: 8.69s 
[20:11:25 +11s | thequantuminsider_2020_07_14_standard_chartered_and_universities_space_research_associati_602668ff] [SCRAPE].. ◆ https://thequantuminsider.com/2020/07/14/standar...search-association-partner-on-quantum-computing/  | ✓ | ⏱: 0.11s 
[20:11:25 +11s | thequantuminsider_2020_07_14_standard_chartered_and_universities_space_research_associati_602668ff] [COMPLETE] ● https://thequantuminsider.com/2020/07/14/standar...search-association-partner-on-quantum-computing/  | ✓ | ⏱: 8.82s 
[20:11:25 +11s | thequantuminsider_2020_07_14_standard_chartered_and_universities_space_research_associati_602668ff] Saved: crawl_output/3036b269ee_thequantuminsider.com_2020_07_14_standard-chartered-and-universities-space-research-association-partner-on-quantum-computing.json

[20:11:25 +11s | thequantuminsider_2020_07_14_standard_chartered_and_universities_space_research_associati_602668ff] === 1 actor extraction ===
[20:11:25 +12s | thequantuminsider_2020_07_14_standard_chartered_and_universities_space_research_associati_602668ff] Reading page (1/1): https://thequantuminsider.com/2020/07/14/standard-chartered-and-universities-space-research-association-partner-on-quantum-computing
[20:11:25 +12s | thequantuminsider_2020_07_14_standard_chartered_and_universities_space_research_associati_602668ff] Extracting actors: https://thequantuminsider.com/2020/07/14/standard-chartered-and-universities-space-research-association-partner-on-quantum-computing (1/1), chunk 1/39
[20:11:32 +18s | thequantuminsider_2020_07_14_standard_chartered_and_universities_space_research_associati_602668ff] Repaired malformed JSON.
[20:11:32 +18s | thequantuminsider_2020_07_14_standard_chartered_and_universities_space_research_associati_602668ff] Extracting actors: https://thequantuminsider.com/2020/07/14/standard-chartered-and-universities-space-research-association-partner-on-quantum-computing (1/1), chunk 2/39
[20:11:43 +26s | thequantuminsider_2020_07_14_standard_chartered_and_universities_space_research_associati_602668ff] Repaired malformed JSON.
[20:11:43 +26s | thequantuminsider_2020_07_14_standard_chartered_and_universities_space_research_associati_602668ff] Extracting actors: https://thequantuminsider.com/2020/07/14/standard-chartered-and-universities-space-research-association-partner-on-quantum-computing (1/1), chunk 3/39
[20:11:50 +33s | thequantuminsider_2020_07_14_standard_chartered_and_universities_space_research_associati_602668ff] Repaired malformed JSON.
[20:11:50 +33s | thequantuminsider_2020_07_14_standard_chartered_and_universities_space_research_associati_602668ff] Extracting actors: https://thequantuminsider.com/2020/07/14/standard-chartered-and-universities-space-research-association-partner-on-quantum-computing (1/1), chunk 4/39
[20:11:59 +42s | thequantuminsider_2020_07_14_standard_chartered_and_universities_space_research_associati_602668ff] Repaired malformed JSON.
[20:11:59 +42s | thequantuminsider_2020_07_14_standard_chartered_and_universities_space_research_associati_602668ff] Extracting actors: https://thequantuminsider.com/2020/07/14/standard-chartered-and-universities-space-research-association-partner-on-quantum-computing (1/1), chunk 5/39
[20:12:05 +48s | thequantuminsider_2020_07_14_standard_chartered_and_universities_space_research_associati_602668ff] Repaired malformed JSON.
[20:12:05 +48s | thequantuminsider_2020_07_14_standard_chartered_and_universities_space_research_associati_602668ff] Extracting actors: https://thequantuminsider.com/2020/07/14/standard-chartered-and-universities-space-research-association-partner-on-quantum-computing (1/1), chunk 6/39
[20:12:15 +55s | thequantuminsider_2020_07_14_standard_chartered_and_universities_space_research_associati_602668ff] Repaired malformed JSON.
[20:12:15 +55s | thequantuminsider_2020_07_14_standard_chartered_and_universities_space_research_associati_602668ff] Extracting actors: https://thequantuminsider.com/2020/07/14/standard-chartered-and-universities-space-research-association-partner-on-quantum-computing (1/1), chunk 7/39
[20:12:24 +1m 4s | thequantuminsider_2020_07_14_standard_chartered_and_universities_space_research_associati_602668ff] Repaired malformed JSON.
[20:12:24 +1m 4s | thequantuminsider_2020_07_14_standard_chartered_and_universities_space_research_associati_602668ff] Extracting actors: https://thequantuminsider.com/2020/07/14/standard-chartered-and-universities-space-research-association-partner-on-quantum-computing (1/1), chunk 8/39
[20:12:31 +1m 11s | thequantuminsider_2020_07_14_standard_chartered_and_universities_space_research_associati_602668ff] Repaired malformed JSON.
[20:12:31 +1m 11s | thequantuminsider_2020_07_14_standard_chartered_and_universities_space_research_associati_602668ff] Extracting actors: https://thequantuminsider.com/2020/07/14/standard-chartered-and-universities-space-research-association-partner-on-quantum-computing (1/1), chunk 9/39
[20:12:38 +1m 18s | thequantuminsider_2020_07_14_standard_chartered_and_universities_space_research_associati_602668ff] Repaired malformed JSON.
[20:12:38 +1m 18s | thequantuminsider_2020_07_14_standard_chartered_and_universities_space_research_associati_602668ff] Extracting actors: https://thequantuminsider.com/2020/07/14/standard-chartered-and-universities-space-research-association-partner-on-quantum-computing (1/1), chunk 10/39
[20:12:50 +1m 27s | thequantuminsider_2020_07_14_standard_chartered_and_universities_space_research_associati_602668ff] Repaired malformed JSON.
[20:12:50 +1m 27s | thequantuminsider_2020_07_14_standard_chartered_and_universities_space_research_associati_602668ff] Extracting actors: https://thequantuminsider.com/2020/07/14/standard-chartered-and-universities-space-research-association-partner-on-quantum-computing (1/1), chunk 11/39
[20:12:57 +1m 34s | thequantuminsider_2020_07_14_standard_chartered_and_universities_space_research_associati_602668ff] Repaired malformed JSON.
[20:12:57 +1m 34s | thequantuminsider_2020_07_14_standard_chartered_and_universities_space_research_associati_602668ff] Extracting actors: https://thequantuminsider.com/2020/07/14/standard-chartered-and-universities-space-research-association-partner-on-quantum-computing (1/1), chunk 12/39
[20:13:04 +1m 41s | thequantuminsider_2020_07_14_standard_chartered_and_universities_space_research_associati_602668ff] Repaired malformed JSON.
[20:13:04 +1m 41s | thequantuminsider_2020_07_14_standard_chartered_and_universities_space_research_associati_602668ff] Extracting actors: https://thequantuminsider.com/2020/07/14/standard-chartered-and-universities-space-research-association-partner-on-quantum-computing (1/1), chunk 13/39
[20:13:10 +1m 47s | thequantuminsider_2020_07_14_standard_chartered_and_universities_space_research_associati_602668ff] Repaired malformed JSON.
[20:13:10 +1m 47s | thequantuminsider_2020_07_14_standard_chartered_and_universities_space_research_associati_602668ff] Extracting actors: https://thequantuminsider.com/2020/07/14/standard-chartered-and-universities-space-research-association-partner-on-quantum-computing (1/1), chunk 14/39
[20:13:15 +1m 52s | thequantuminsider_2020_07_14_standard_chartered_and_universities_space_research_associati_602668ff] Repaired malformed JSON.
[20:13:15 +1m 52s | thequantuminsider_2020_07_14_standard_chartered_and_universities_space_research_associati_602668ff] Extracting actors: https://thequantuminsider.com/2020/07/14/standard-chartered-and-universities-space-research-association-partner-on-quantum-computing (1/1), chunk 15/39
[20:13:26 +2m 1s | thequantuminsider_2020_07_14_standard_chartered_and_universities_space_research_associati_602668ff] Repaired malformed JSON.
[20:13:26 +2m 1s | thequantuminsider_2020_07_14_standard_chartered_and_universities_space_research_associati_602668ff] Extracting actors: https://thequantuminsider.com/2020/07/14/standard-chartered-and-universities-space-research-association-partner-on-quantum-computing (1/1), chunk 16/39
[20:13:33 +2m 8s | thequantuminsider_2020_07_14_standard_chartered_and_universities_space_research_associati_602668ff] Repaired malformed JSON.
[20:13:33 +2m 8s | thequantuminsider_2020_07_14_standard_chartered_and_universities_space_research_associati_602668ff] Extracting actors: https://thequantuminsider.com/2020/07/14/standard-chartered-and-universities-space-research-association-partner-on-quantum-computing (1/1), chunk 17/39
[20:13:40 +2m 14s | thequantuminsider_2020_07_14_standard_chartered_and_universities_space_research_associati_602668ff] Repaired malformed JSON.
[20:13:40 +2m 14s | thequantuminsider_2020_07_14_standard_chartered_and_universities_space_research_associati_602668ff] Extracting actors: https://thequantuminsider.com/2020/07/14/standard-chartered-and-universities-space-research-association-partner-on-quantum-computing (1/1), chunk 18/39
[20:13:48 +2m 22s | thequantuminsider_2020_07_14_standard_chartered_and_universities_space_research_associati_602668ff] Repaired malformed JSON.
[20:13:48 +2m 22s | thequantuminsider_2020_07_14_standard_chartered_and_universities_space_research_associati_602668ff] Extracting actors: https://thequantuminsider.com/2020/07/14/standard-chartered-and-universities-space-research-association-partner-on-quantum-computing (1/1), chunk 19/39
[20:13:55 +2m 30s | thequantuminsider_2020_07_14_standard_chartered_and_universities_space_research_associati_602668ff] Repaired malformed JSON.
[20:13:55 +2m 30s | thequantuminsider_2020_07_14_standard_chartered_and_universities_space_research_associati_602668ff] Extracting actors: https://thequantuminsider.com/2020/07/14/standard-chartered-and-universities-space-research-association-partner-on-quantum-computing (1/1), chunk 20/39
[20:14:05 +2m 36s | thequantuminsider_2020_07_14_standard_chartered_and_universities_space_research_associati_602668ff] Repaired malformed JSON.
[20:14:05 +2m 36s | thequantuminsider_2020_07_14_standard_chartered_and_universities_space_research_associati_602668ff] Extracting actors: https://thequantuminsider.com/2020/07/14/standard-chartered-and-universities-space-research-association-partner-on-quantum-computing (1/1), chunk 21/39
[20:14:12 +2m 44s | thequantuminsider_2020_07_14_standard_chartered_and_universities_space_research_associati_602668ff] Repaired malformed JSON.
[20:14:12 +2m 44s | thequantuminsider_2020_07_14_standard_chartered_and_universities_space_research_associati_602668ff] Extracting actors: https://thequantuminsider.com/2020/07/14/standard-chartered-and-universities-space-research-association-partner-on-quantum-computing (1/1), chunk 22/39
[20:14:20 +2m 51s | thequantuminsider_2020_07_14_standard_chartered_and_universities_space_research_associati_602668ff] Repaired malformed JSON.
[20:14:20 +2m 51s | thequantuminsider_2020_07_14_standard_chartered_and_universities_space_research_associati_602668ff] Extracting actors: https://thequantuminsider.com/2020/07/14/standard-chartered-and-universities-space-research-association-partner-on-quantum-computing (1/1), chunk 23/39
[20:14:28 +2m 59s | thequantuminsider_2020_07_14_standard_chartered_and_universities_space_research_associati_602668ff] Repaired malformed JSON.
[20:14:28 +2m 59s | thequantuminsider_2020_07_14_standard_chartered_and_universities_space_research_associati_602668ff] Extracting actors: https://thequantuminsider.com/2020/07/14/standard-chartered-and-universities-space-research-association-partner-on-quantum-computing (1/1), chunk 24/39
[20:14:39 +3m 7s | thequantuminsider_2020_07_14_standard_chartered_and_universities_space_research_associati_602668ff] Repaired malformed JSON.
[20:14:39 +3m 7s | thequantuminsider_2020_07_14_standard_chartered_and_universities_space_research_associati_602668ff] Extracting actors: https://thequantuminsider.com/2020/07/14/standard-chartered-and-universities-space-research-association-partner-on-quantum-computing (1/1), chunk 25/39
[20:14:45 +3m 14s | thequantuminsider_2020_07_14_standard_chartered_and_universities_space_research_associati_602668ff] Repaired malformed JSON.
[20:14:45 +3m 14s | thequantuminsider_2020_07_14_standard_chartered_and_universities_space_research_associati_602668ff] Extracting actors: https://thequantuminsider.com/2020/07/14/standard-chartered-and-universities-space-research-association-partner-on-quantum-computing (1/1), chunk 26/39
[20:14:51 +3m 20s | thequantuminsider_2020_07_14_standard_chartered_and_universities_space_research_associati_602668ff] Repaired malformed JSON.
[20:14:51 +3m 20s | thequantuminsider_2020_07_14_standard_chartered_and_universities_space_research_associati_602668ff] Extracting actors: https://thequantuminsider.com/2020/07/14/standard-chartered-and-universities-space-research-association-partner-on-quantum-computing (1/1), chunk 27/39
[20:14:57 +3m 26s | thequantuminsider_2020_07_14_standard_chartered_and_universities_space_research_associati_602668ff] Repaired malformed JSON.
[20:14:57 +3m 26s | thequantuminsider_2020_07_14_standard_chartered_and_universities_space_research_associati_602668ff] Extracting actors: https://thequantuminsider.com/2020/07/14/standard-chartered-and-universities-space-research-association-partner-on-quantum-computing (1/1), chunk 28/39
[20:15:03 +3m 32s | thequantuminsider_2020_07_14_standard_chartered_and_universities_space_research_associati_602668ff] Extracting actors: https://thequantuminsider.com/2020/07/14/standard-chartered-and-universities-space-research-association-partner-on-quantum-computing (1/1), chunk 29/39
[20:15:06 +3m 35s | thequantuminsider_2020_07_14_standard_chartered_and_universities_space_research_associati_602668ff] Extracting actors: https://thequantuminsider.com/2020/07/14/standard-chartered-and-universities-space-research-association-partner-on-quantum-computing (1/1), chunk 30/39
[20:15:16 +3m 42s | thequantuminsider_2020_07_14_standard_chartered_and_universities_space_research_associati_602668ff] Repaired malformed JSON.
[20:15:16 +3m 42s | thequantuminsider_2020_07_14_standard_chartered_and_universities_space_research_associati_602668ff] Extracting actors: https://thequantuminsider.com/2020/07/14/standard-chartered-and-universities-space-research-association-partner-on-quantum-computing (1/1), chunk 31/39
[20:15:23 +3m 49s | thequantuminsider_2020_07_14_standard_chartered_and_universities_space_research_associati_602668ff] Repaired malformed JSON.
[20:15:23 +3m 49s | thequantuminsider_2020_07_14_standard_chartered_and_universities_space_research_associati_602668ff] Extracting actors: https://thequantuminsider.com/2020/07/14/standard-chartered-and-universities-space-research-association-partner-on-quantum-computing (1/1), chunk 32/39
[20:15:30 +3m 56s | thequantuminsider_2020_07_14_standard_chartered_and_universities_space_research_associati_602668ff] Repaired malformed JSON.
[20:15:30 +3m 56s | thequantuminsider_2020_07_14_standard_chartered_and_universities_space_research_associati_602668ff] Extracting actors: https://thequantuminsider.com/2020/07/14/standard-chartered-and-universities-space-research-association-partner-on-quantum-computing (1/1), chunk 33/39
[20:15:36 +4m 1s | thequantuminsider_2020_07_14_standard_chartered_and_universities_space_research_associati_602668ff] Repaired malformed JSON.
[20:15:36 +4m 1s | thequantuminsider_2020_07_14_standard_chartered_and_universities_space_research_associati_602668ff] Extracting actors: https://thequantuminsider.com/2020/07/14/standard-chartered-and-universities-space-research-association-partner-on-quantum-computing (1/1), chunk 34/39
[20:15:47 +4m 9s | thequantuminsider_2020_07_14_standard_chartered_and_universities_space_research_associati_602668ff] Repaired malformed JSON.
[20:15:47 +4m 9s | thequantuminsider_2020_07_14_standard_chartered_and_universities_space_research_associati_602668ff] Extracting actors: https://thequantuminsider.com/2020/07/14/standard-chartered-and-universities-space-research-association-partner-on-quantum-computing (1/1), chunk 35/39
[20:15:54 +4m 17s | thequantuminsider_2020_07_14_standard_chartered_and_universities_space_research_associati_602668ff] Repaired malformed JSON.
[20:15:54 +4m 17s | thequantuminsider_2020_07_14_standard_chartered_and_universities_space_research_associati_602668ff] Extracting actors: https://thequantuminsider.com/2020/07/14/standard-chartered-and-universities-space-research-association-partner-on-quantum-computing (1/1), chunk 36/39
[20:16:01 +4m 24s | thequantuminsider_2020_07_14_standard_chartered_and_universities_space_research_associati_602668ff] Repaired malformed JSON.
[20:16:01 +4m 24s | thequantuminsider_2020_07_14_standard_chartered_and_universities_space_research_associati_602668ff] Extracting actors: https://thequantuminsider.com/2020/07/14/standard-chartered-and-universities-space-research-association-partner-on-quantum-computing (1/1), chunk 37/39
[20:16:10 +4m 33s | thequantuminsider_2020_07_14_standard_chartered_and_universities_space_research_associati_602668ff] Repaired malformed JSON.
[20:16:10 +4m 33s | thequantuminsider_2020_07_14_standard_chartered_and_universities_space_research_associati_602668ff] Extracting actors: https://thequantuminsider.com/2020/07/14/standard-chartered-and-universities-space-research-association-partner-on-quantum-computing (1/1), chunk 38/39
[20:16:21 +4m 41s | thequantuminsider_2020_07_14_standard_chartered_and_universities_space_research_associati_602668ff] Repaired malformed JSON.
[20:16:21 +4m 41s | thequantuminsider_2020_07_14_standard_chartered_and_universities_space_research_associati_602668ff] Extracting actors: https://thequantuminsider.com/2020/07/14/standard-chartered-and-universities-space-research-association-partner-on-quantum-computing (1/1), chunk 39/39
[20:16:28 +4m 48s | thequantuminsider_2020_07_14_standard_chartered_and_universities_space_research_associati_602668ff] Repaired malformed JSON.
[20:16:28 +4m 48s | thequantuminsider_2020_07_14_standard_chartered_and_universities_space_research_associati_602668ff] Saved 1_actor_results.json with 73 extracted records

[20:16:28 +4m 48s | thequantuminsider_2020_07_14_standard_chartered_and_universities_space_research_associati_602668ff] === 2 clean actors ===
[20:16:28 +4m 48s | thequantuminsider_2020_07_14_standard_chartered_and_universities_space_research_associati_602668ff] Loaded 73 extracted records
[20:16:28 +4m 48s | thequantuminsider_2020_07_14_standard_chartered_and_universities_space_research_associati_602668ff] Saved 2_actor_nodes.json with 15 canonical actor nodes

[20:16:28 +4m 48s | thequantuminsider_2020_07_14_standard_chartered_and_universities_space_research_associati_602668ff] === 3 interaction extraction ===
[20:16:28 +4m 48s | thequantuminsider_2020_07_14_standard_chartered_and_universities_space_research_associati_602668ff] Extracting interactions: https://thequantuminsider.com/2020/07/14/standard-chartered-and-universities-space-research-association-partner-on-quantum-computing (1/1), chunk 11/39
[20:17:05 +5m 21s | thequantuminsider_2020_07_14_standard_chartered_and_universities_space_research_associati_602668ff] Extracting interactions: https://thequantuminsider.com/2020/07/14/standard-chartered-and-universities-space-research-association-partner-on-quantum-computing (1/1), chunk 12/39
[20:17:12 +5m 28s | thequantuminsider_2020_07_14_standard_chartered_and_universities_space_research_associati_602668ff] Extracting interactions: https://thequantuminsider.com/2020/07/14/standard-chartered-and-universities-space-research-association-partner-on-quantum-computing (1/1), chunk 13/39
[20:18:15 +6m 22s | thequantuminsider_2020_07_14_standard_chartered_and_universities_space_research_associati_602668ff] Extracting interactions: https://thequantuminsider.com/2020/07/14/standard-chartered-and-universities-space-research-association-partner-on-quantum-computing (1/1), chunk 14/39
[20:18:30 +6m 38s | thequantuminsider_2020_07_14_standard_chartered_and_universities_space_research_associati_602668ff] Extracting interactions: https://thequantuminsider.com/2020/07/14/standard-chartered-and-universities-space-research-association-partner-on-quantum-computing (1/1), chunk 15/39
[20:18:47 +6m 55s | thequantuminsider_2020_07_14_standard_chartered_and_universities_space_research_associati_602668ff] Extracting interactions: https://thequantuminsider.com/2020/07/14/standard-chartered-and-universities-space-research-association-partner-on-quantum-computing (1/1), chunk 16/39
[20:18:56 +7m 4s | thequantuminsider_2020_07_14_standard_chartered_and_universities_space_research_associati_602668ff] Extracting interactions: https://thequantuminsider.com/2020/07/14/standard-chartered-and-universities-space-research-association-partner-on-quantum-computing (1/1), chunk 17/39
[20:19:13 +7m 19s | thequantuminsider_2020_07_14_standard_chartered_and_universities_space_research_associati_602668ff] Extracting interactions: https://thequantuminsider.com/2020/07/14/standard-chartered-and-universities-space-research-association-partner-on-quantum-computing (1/1), chunk 18/39
[20:19:17 +7m 23s | thequantuminsider_2020_07_14_standard_chartered_and_universities_space_research_associati_602668ff] Extracting interactions: https://thequantuminsider.com/2020/07/14/standard-chartered-and-universities-space-research-association-partner-on-quantum-computing (1/1), chunk 19/39
[20:19:19 +7m 25s | thequantuminsider_2020_07_14_standard_chartered_and_universities_space_research_associati_602668ff] Extracting interactions: https://thequantuminsider.com/2020/07/14/standard-chartered-and-universities-space-research-association-partner-on-quantum-computing (1/1), chunk 20/39
[20:19:29 +7m 35s | thequantuminsider_2020_07_14_standard_chartered_and_universities_space_research_associati_602668ff] Extracting interactions: https://thequantuminsider.com/2020/07/14/standard-chartered-and-universities-space-research-association-partner-on-quantum-computing (1/1), chunk 21/39
[20:19:39 +7m 45s | thequantuminsider_2020_07_14_standard_chartered_and_universities_space_research_associati_602668ff] Extracting interactions: https://thequantuminsider.com/2020/07/14/standard-chartered-and-universities-space-research-association-partner-on-quantum-computing (1/1), chunk 22/39
[20:19:55 +7m 58s | thequantuminsider_2020_07_14_standard_chartered_and_universities_space_research_associati_602668ff] Extracting interactions: https://thequantuminsider.com/2020/07/14/standard-chartered-and-universities-space-research-association-partner-on-quantum-computing (1/1), chunk 23/39
[20:20:00 +8m 3s | thequantuminsider_2020_07_14_standard_chartered_and_universities_space_research_associati_602668ff] Extracting interactions: https://thequantuminsider.com/2020/07/14/standard-chartered-and-universities-space-research-association-partner-on-quantum-computing (1/1), chunk 24/39
[20:20:10 +8m 13s | thequantuminsider_2020_07_14_standard_chartered_and_universities_space_research_associati_602668ff] Extracting interactions: https://thequantuminsider.com/2020/07/14/standard-chartered-and-universities-space-research-association-partner-on-quantum-computing (1/1), chunk 25/39
[20:20:18 +8m 21s | thequantuminsider_2020_07_14_standard_chartered_and_universities_space_research_associati_602668ff] Extracting interactions: https://thequantuminsider.com/2020/07/14/standard-chartered-and-universities-space-research-association-partner-on-quantum-computing (1/1), chunk 28/39
[20:20:30 +8m 29s | thequantuminsider_2020_07_14_standard_chartered_and_universities_space_research_associati_602668ff] Extracting interactions: https://thequantuminsider.com/2020/07/14/standard-chartered-and-universities-space-research-association-partner-on-quantum-computing (1/1), chunk 32/39
[20:20:31 +8m 31s | thequantuminsider_2020_07_14_standard_chartered_and_universities_space_research_associati_602668ff] Extracting interactions: https://thequantuminsider.com/2020/07/14/standard-chartered-and-universities-space-research-association-partner-on-quantum-computing (1/1), chunk 33/39
[20:20:39 +8m 39s | thequantuminsider_2020_07_14_standard_chartered_and_universities_space_research_associati_602668ff] Extracting interactions: https://thequantuminsider.com/2020/07/14/standard-chartered-and-universities-space-research-association-partner-on-quantum-computing (1/1), chunk 37/39
[20:20:51 +8m 51s | thequantuminsider_2020_07_14_standard_chartered_and_universities_space_research_associati_602668ff] Extracting interactions: https://thequantuminsider.com/2020/07/14/standard-chartered-and-universities-space-research-association-partner-on-quantum-computing (1/1), chunk 38/39
[20:20:58 +8m 57s | thequantuminsider_2020_07_14_standard_chartered_and_universities_space_research_associati_602668ff] Saved 3_interaction_results.json with 27 extracted interactions.

[20:20:59 +8m 57s | thequantuminsider_2020_07_14_standard_chartered_and_universities_space_research_associati_602668ff] === 4 clean interactions ===
[20:20:59 +8m 57s | thequantuminsider_2020_07_14_standard_chartered_and_universities_space_research_associati_602668ff] Saved 4_edges.json with 8 cleaned interactions.

[20:20:59 +8m 57s | thequantuminsider_2020_07_14_standard_chartered_and_universities_space_research_associati_602668ff] === 5 helix enrichment ===
[20:20:59 +8m 57s | thequantuminsider_2020_07_14_standard_chartered_and_universities_space_research_associati_602668ff] Wrote 5_nodes.json (15 actors)
[20:20:59 +8m 57s | thequantuminsider_2020_07_14_standard_chartered_and_universities_space_research_associati_602668ff] Wrote 5_edges.json (8 interactions)
[20:20:59 +8m 57s | thequantuminsider_2020_07_14_standard_chartered_and_universities_space_research_associati_602668ff] Actor helix counts: {'Academia': 2, 'Civil Society': 2, 'Government': 4, 'Industry': 3, 'Unknown': 4}
[20:20:59 +8m 57s | thequantuminsider_2020_07_14_standard_chartered_and_universities_space_research_associati_602668ff] Functional-space counts: {'Innovation': 8}

[20:20:59 +8m 57s | thequantuminsider_2020_07_14_standard_chartered_and_universities_space_research_associati_602668ff] === 6 network visualisation ===
[20:20:59 +8m 58s | thequantuminsider_2020_07_14_standard_chartered_and_universities_space_research_associati_602668ff] Wrote quantum_network.html
[20:20:59 +8m 58s | thequantuminsider_2020_07_14_standard_chartered_and_universities_space_research_associati_602668ff] Nodes: 15
[20:20:59 +8m 58s | thequantuminsider_2020_07_14_standard_chartered_and_universities_space_research_associati_602668ff] Edges: 2

[20:21:00 +8m 58s | thequantuminsider_2020_07_14_standard_chartered_and_universities_space_research_associati_602668ff] Done. Outputs written to: /home/lv/IDP/idpdeeptech/pipeline/news_outputs/thequantuminsider_2020_07_14_standard_chartered_and_universities_space_research_associati_602668ff
[20:21:00 +8m 58s | thequantuminsider_2020_07_14_standard_chartered_and_universities_space_research_associati_602668ff] Log: /home/lv/IDP/idpdeeptech/pipeline/news_outputs/thequantuminsider_2020_07_14_standard_chartered_and_universities_space_research_associati_602668ff/run.log

========================================================================
RUN FINISHED 2026-07-01 20:21:00  (OK)
Started:     2026-07-01 20:11:14
Elapsed:     8m 58s
========================================================================
