
========================================================================
RUN STARTED  2026-07-02 13:31:48
site_pipeline.py https://thequantuminsider.com/2024/01/09/quera-computing-roadmap-for-advanced-error-corrected-quantum-computers-pioneering-the-next-frontier-in-quantum-innovation/
========================================================================

[13:31:48 +0s | thequantuminsider_2024_01_09_quera_computing_roadmap_for_advanced_error_corrected_quantum_0f11f8da] === 0 crawl site ===
[13:31:51 +2s | thequantuminsider_2024_01_09_quera_computing_roadmap_for_advanced_error_corrected_quantum_0f11f8da] [INIT].... → Crawl4AI 0.8.6 
[13:31:54 +5s | thequantuminsider_2024_01_09_quera_computing_roadmap_for_advanced_error_corrected_quantum_0f11f8da] [FETCH]... ↓ https://thequantuminsider.com/2024/01/09/quera-c...neering-the-next-frontier-in-quantum-innovation/  | ✓ | ⏱: 2.89s 
[13:31:54 +5s | thequantuminsider_2024_01_09_quera_computing_roadmap_for_advanced_error_corrected_quantum_0f11f8da] [SCRAPE].. ◆ https://thequantuminsider.com/2024/01/09/quera-c...neering-the-next-frontier-in-quantum-innovation/  | ✓ | ⏱: 0.17s 
[13:31:54 +5s | thequantuminsider_2024_01_09_quera_computing_roadmap_for_advanced_error_corrected_quantum_0f11f8da] [COMPLETE] ● https://thequantuminsider.com/2024/01/09/quera-c...neering-the-next-frontier-in-quantum-innovation/  | ✓ | ⏱: 3.08s 
[13:31:54 +5s | thequantuminsider_2024_01_09_quera_computing_roadmap_for_advanced_error_corrected_quantum_0f11f8da] Saved: crawl_output/7ee872635b_thequantuminsider.com_2024_01_09_quera-computing-roadmap-for-advanced-error-corrected-quantum-computers-pioneering-the-next-frontier-in-quantum-innovation.json

[13:31:54 +6s | thequantuminsider_2024_01_09_quera_computing_roadmap_for_advanced_error_corrected_quantum_0f11f8da] === 1 actor extraction ===
[13:31:54 +6s | thequantuminsider_2024_01_09_quera_computing_roadmap_for_advanced_error_corrected_quantum_0f11f8da] Reading page (1/1): https://thequantuminsider.com/2024/01/09/quera-computing-roadmap-for-advanced-error-corrected-quantum-computers-pioneering-the-next-frontier-in-quantum-innovation
[13:31:54 +6s | thequantuminsider_2024_01_09_quera_computing_roadmap_for_advanced_error_corrected_quantum_0f11f8da] Extracting actors: https://thequantuminsider.com/2024/01/09/quera-computing-roadmap-for-advanced-error-corrected-quantum-computers-pioneering-the-next-frontier-in-quantum-innovation (1/1), chunk 1/40
[13:32:00 +11s | thequantuminsider_2024_01_09_quera_computing_roadmap_for_advanced_error_corrected_quantum_0f11f8da] Extracting actors: https://thequantuminsider.com/2024/01/09/quera-computing-roadmap-for-advanced-error-corrected-quantum-computers-pioneering-the-next-frontier-in-quantum-innovation (1/1), chunk 2/40
[13:32:05 +17s | thequantuminsider_2024_01_09_quera_computing_roadmap_for_advanced_error_corrected_quantum_0f11f8da] Extracting actors: https://thequantuminsider.com/2024/01/09/quera-computing-roadmap-for-advanced-error-corrected-quantum-computers-pioneering-the-next-frontier-in-quantum-innovation (1/1), chunk 3/40
[13:32:10 +22s | thequantuminsider_2024_01_09_quera_computing_roadmap_for_advanced_error_corrected_quantum_0f11f8da] Extracting actors: https://thequantuminsider.com/2024/01/09/quera-computing-roadmap-for-advanced-error-corrected-quantum-computers-pioneering-the-next-frontier-in-quantum-innovation (1/1), chunk 4/40
[13:32:16 +27s | thequantuminsider_2024_01_09_quera_computing_roadmap_for_advanced_error_corrected_quantum_0f11f8da] Extracting actors: https://thequantuminsider.com/2024/01/09/quera-computing-roadmap-for-advanced-error-corrected-quantum-computers-pioneering-the-next-frontier-in-quantum-innovation (1/1), chunk 5/40
[13:32:21 +33s | thequantuminsider_2024_01_09_quera_computing_roadmap_for_advanced_error_corrected_quantum_0f11f8da] Extracting actors: https://thequantuminsider.com/2024/01/09/quera-computing-roadmap-for-advanced-error-corrected-quantum-computers-pioneering-the-next-frontier-in-quantum-innovation (1/1), chunk 6/40
[13:32:26 +38s | thequantuminsider_2024_01_09_quera_computing_roadmap_for_advanced_error_corrected_quantum_0f11f8da] Extracting actors: https://thequantuminsider.com/2024/01/09/quera-computing-roadmap-for-advanced-error-corrected-quantum-computers-pioneering-the-next-frontier-in-quantum-innovation (1/1), chunk 7/40
[13:32:32 +43s | thequantuminsider_2024_01_09_quera_computing_roadmap_for_advanced_error_corrected_quantum_0f11f8da] Extracting actors: https://thequantuminsider.com/2024/01/09/quera-computing-roadmap-for-advanced-error-corrected-quantum-computers-pioneering-the-next-frontier-in-quantum-innovation (1/1), chunk 8/40
[13:32:37 +48s | thequantuminsider_2024_01_09_quera_computing_roadmap_for_advanced_error_corrected_quantum_0f11f8da] Extracting actors: https://thequantuminsider.com/2024/01/09/quera-computing-roadmap-for-advanced-error-corrected-quantum-computers-pioneering-the-next-frontier-in-quantum-innovation (1/1), chunk 9/40
[13:32:42 +54s | thequantuminsider_2024_01_09_quera_computing_roadmap_for_advanced_error_corrected_quantum_0f11f8da] Extracting actors: https://thequantuminsider.com/2024/01/09/quera-computing-roadmap-for-advanced-error-corrected-quantum-computers-pioneering-the-next-frontier-in-quantum-innovation (1/1), chunk 10/40
[13:32:46 +58s | thequantuminsider_2024_01_09_quera_computing_roadmap_for_advanced_error_corrected_quantum_0f11f8da] Extracting actors: https://thequantuminsider.com/2024/01/09/quera-computing-roadmap-for-advanced-error-corrected-quantum-computers-pioneering-the-next-frontier-in-quantum-innovation (1/1), chunk 11/40
[13:32:54 +1m 6s | thequantuminsider_2024_01_09_quera_computing_roadmap_for_advanced_error_corrected_quantum_0f11f8da] Repaired malformed JSON.
[13:32:54 +1m 6s | thequantuminsider_2024_01_09_quera_computing_roadmap_for_advanced_error_corrected_quantum_0f11f8da] Extracting actors: https://thequantuminsider.com/2024/01/09/quera-computing-roadmap-for-advanced-error-corrected-quantum-computers-pioneering-the-next-frontier-in-quantum-innovation (1/1), chunk 12/40
[13:33:00 +1m 12s | thequantuminsider_2024_01_09_quera_computing_roadmap_for_advanced_error_corrected_quantum_0f11f8da] Repaired malformed JSON.
[13:33:00 +1m 12s | thequantuminsider_2024_01_09_quera_computing_roadmap_for_advanced_error_corrected_quantum_0f11f8da] Extracting actors: https://thequantuminsider.com/2024/01/09/quera-computing-roadmap-for-advanced-error-corrected-quantum-computers-pioneering-the-next-frontier-in-quantum-innovation (1/1), chunk 13/40
[13:33:08 +1m 20s | thequantuminsider_2024_01_09_quera_computing_roadmap_for_advanced_error_corrected_quantum_0f11f8da] Repaired malformed JSON.
[13:33:08 +1m 20s | thequantuminsider_2024_01_09_quera_computing_roadmap_for_advanced_error_corrected_quantum_0f11f8da] Extracting actors: https://thequantuminsider.com/2024/01/09/quera-computing-roadmap-for-advanced-error-corrected-quantum-computers-pioneering-the-next-frontier-in-quantum-innovation (1/1), chunk 14/40
[13:33:14 +1m 26s | thequantuminsider_2024_01_09_quera_computing_roadmap_for_advanced_error_corrected_quantum_0f11f8da] Repaired malformed JSON.
[13:33:14 +1m 26s | thequantuminsider_2024_01_09_quera_computing_roadmap_for_advanced_error_corrected_quantum_0f11f8da] Extracting actors: https://thequantuminsider.com/2024/01/09/quera-computing-roadmap-for-advanced-error-corrected-quantum-computers-pioneering-the-next-frontier-in-quantum-innovation (1/1), chunk 15/40
