
========================================================================
RUN STARTED  2026-07-02 09:17:43
site_pipeline.py https://thequantuminsider.com/2024/02/27/phasecraft-wins-1-2-million-uk-government-contract-to-develop-quantum-algorithms-to-optimise-energy-grids/
========================================================================

[09:17:43 +0s | thequantuminsider_2024_02_27_phasecraft_wins_1_2_million_uk_government_contract_to_develo_fd6e62a3] === 0 crawl site ===
[09:17:44 +1s | thequantuminsider_2024_02_27_phasecraft_wins_1_2_million_uk_government_contract_to_develo_fd6e62a3] [INIT].... → Crawl4AI 0.8.6 
[09:17:47 +4s | thequantuminsider_2024_02_27_phasecraft_wins_1_2_million_uk_government_contract_to_develo_fd6e62a3] [FETCH]... ↓ https://thequantuminsider.com/2024/02/27/phasecr...lop-quantum-algorithms-to-optimise-energy-grids/  | ✓ | ⏱: 2.94s 
[09:17:47 +4s | thequantuminsider_2024_02_27_phasecraft_wins_1_2_million_uk_government_contract_to_develo_fd6e62a3] [SCRAPE].. ◆ https://thequantuminsider.com/2024/02/27/phasecr...lop-quantum-algorithms-to-optimise-energy-grids/  | ✓ | ⏱: 0.11s 
[09:17:47 +4s | thequantuminsider_2024_02_27_phasecraft_wins_1_2_million_uk_government_contract_to_develo_fd6e62a3] [COMPLETE] ● https://thequantuminsider.com/2024/02/27/phasecr...lop-quantum-algorithms-to-optimise-energy-grids/  | ✓ | ⏱: 3.07s 
[09:17:47 +4s | thequantuminsider_2024_02_27_phasecraft_wins_1_2_million_uk_government_contract_to_develo_fd6e62a3] Saved: crawl_output/746dc0291b_thequantuminsider.com_2024_02_27_phasecraft-wins-1-2-million-uk-government-contract-to-develop-quantum-algorithms-to-optimise-energy-grids.json

[09:17:48 +5s | thequantuminsider_2024_02_27_phasecraft_wins_1_2_million_uk_government_contract_to_develo_fd6e62a3] === 1 actor extraction ===
[09:17:48 +5s | thequantuminsider_2024_02_27_phasecraft_wins_1_2_million_uk_government_contract_to_develo_fd6e62a3] Reading page (1/1): https://thequantuminsider.com/2024/02/27/phasecraft-wins-1-2-million-uk-government-contract-to-develop-quantum-algorithms-to-optimise-energy-grids
[09:17:48 +5s | thequantuminsider_2024_02_27_phasecraft_wins_1_2_million_uk_government_contract_to_develo_fd6e62a3] Extracting actors: https://thequantuminsider.com/2024/02/27/phasecraft-wins-1-2-million-uk-government-contract-to-develop-quantum-algorithms-to-optimise-energy-grids (1/1), chunk 1/38
[09:17:55 +12s | thequantuminsider_2024_02_27_phasecraft_wins_1_2_million_uk_government_contract_to_develo_fd6e62a3] Repaired malformed JSON.
[09:17:55 +12s | thequantuminsider_2024_02_27_phasecraft_wins_1_2_million_uk_government_contract_to_develo_fd6e62a3] Extracting actors: https://thequantuminsider.com/2024/02/27/phasecraft-wins-1-2-million-uk-government-contract-to-develop-quantum-algorithms-to-optimise-energy-grids (1/1), chunk 2/38
[09:18:02 +19s | thequantuminsider_2024_02_27_phasecraft_wins_1_2_million_uk_government_contract_to_develo_fd6e62a3] Repaired malformed JSON.
[09:18:02 +19s | thequantuminsider_2024_02_27_phasecraft_wins_1_2_million_uk_government_contract_to_develo_fd6e62a3] Extracting actors: https://thequantuminsider.com/2024/02/27/phasecraft-wins-1-2-million-uk-government-contract-to-develop-quantum-algorithms-to-optimise-energy-grids (1/1), chunk 3/38
[09:18:08 +25s | thequantuminsider_2024_02_27_phasecraft_wins_1_2_million_uk_government_contract_to_develo_fd6e62a3] Extracting actors: https://thequantuminsider.com/2024/02/27/phasecraft-wins-1-2-million-uk-government-contract-to-develop-quantum-algorithms-to-optimise-energy-grids (1/1), chunk 4/38
[09:18:14 +31s | thequantuminsider_2024_02_27_phasecraft_wins_1_2_million_uk_government_contract_to_develo_fd6e62a3] Repaired malformed JSON.
[09:18:14 +31s | thequantuminsider_2024_02_27_phasecraft_wins_1_2_million_uk_government_contract_to_develo_fd6e62a3] Extracting actors: https://thequantuminsider.com/2024/02/27/phasecraft-wins-1-2-million-uk-government-contract-to-develop-quantum-algorithms-to-optimise-energy-grids (1/1), chunk 5/38
[09:18:21 +38s | thequantuminsider_2024_02_27_phasecraft_wins_1_2_million_uk_government_contract_to_develo_fd6e62a3] Repaired malformed JSON.
[09:18:21 +38s | thequantuminsider_2024_02_27_phasecraft_wins_1_2_million_uk_government_contract_to_develo_fd6e62a3] Extracting actors: https://thequantuminsider.com/2024/02/27/phasecraft-wins-1-2-million-uk-government-contract-to-develop-quantum-algorithms-to-optimise-energy-grids (1/1), chunk 6/38
[09:18:30 +47s | thequantuminsider_2024_02_27_phasecraft_wins_1_2_million_uk_government_contract_to_develo_fd6e62a3] Repaired malformed JSON.
[09:18:30 +47s | thequantuminsider_2024_02_27_phasecraft_wins_1_2_million_uk_government_contract_to_develo_fd6e62a3] Extracting actors: https://thequantuminsider.com/2024/02/27/phasecraft-wins-1-2-million-uk-government-contract-to-develop-quantum-algorithms-to-optimise-energy-grids (1/1), chunk 7/38
[09:18:36 +53s | thequantuminsider_2024_02_27_phasecraft_wins_1_2_million_uk_government_contract_to_develo_fd6e62a3] Repaired malformed JSON.
[09:18:36 +53s | thequantuminsider_2024_02_27_phasecraft_wins_1_2_million_uk_government_contract_to_develo_fd6e62a3] Extracting actors: https://thequantuminsider.com/2024/02/27/phasecraft-wins-1-2-million-uk-government-contract-to-develop-quantum-algorithms-to-optimise-energy-grids (1/1), chunk 8/38
[09:18:42 +59s | thequantuminsider_2024_02_27_phasecraft_wins_1_2_million_uk_government_contract_to_develo_fd6e62a3] Repaired malformed JSON.
[09:18:42 +59s | thequantuminsider_2024_02_27_phasecraft_wins_1_2_million_uk_government_contract_to_develo_fd6e62a3] Extracting actors: https://thequantuminsider.com/2024/02/27/phasecraft-wins-1-2-million-uk-government-contract-to-develop-quantum-algorithms-to-optimise-energy-grids (1/1), chunk 9/38
[09:18:50 +1m 7s | thequantuminsider_2024_02_27_phasecraft_wins_1_2_million_uk_government_contract_to_develo_fd6e62a3] Extracting actors: https://thequantuminsider.com/2024/02/27/phasecraft-wins-1-2-million-uk-government-contract-to-develop-quantum-algorithms-to-optimise-energy-grids (1/1), chunk 10/38
[09:18:57 +1m 14s | thequantuminsider_2024_02_27_phasecraft_wins_1_2_million_uk_government_contract_to_develo_fd6e62a3] Repaired malformed JSON.
[09:18:57 +1m 14s | thequantuminsider_2024_02_27_phasecraft_wins_1_2_million_uk_government_contract_to_develo_fd6e62a3] Extracting actors: https://thequantuminsider.com/2024/02/27/phasecraft-wins-1-2-million-uk-government-contract-to-develop-quantum-algorithms-to-optimise-energy-grids (1/1), chunk 11/38
[09:19:05 +1m 22s | thequantuminsider_2024_02_27_phasecraft_wins_1_2_million_uk_government_contract_to_develo_fd6e62a3] Repaired malformed JSON.
[09:19:05 +1m 22s | thequantuminsider_2024_02_27_phasecraft_wins_1_2_million_uk_government_contract_to_develo_fd6e62a3] Extracting actors: https://thequantuminsider.com/2024/02/27/phasecraft-wins-1-2-million-uk-government-contract-to-develop-quantum-algorithms-to-optimise-energy-grids (1/1), chunk 12/38
[09:19:12 +1m 29s | thequantuminsider_2024_02_27_phasecraft_wins_1_2_million_uk_government_contract_to_develo_fd6e62a3] Repaired malformed JSON.
[09:19:12 +1m 29s | thequantuminsider_2024_02_27_phasecraft_wins_1_2_million_uk_government_contract_to_develo_fd6e62a3] Extracting actors: https://thequantuminsider.com/2024/02/27/phasecraft-wins-1-2-million-uk-government-contract-to-develop-quantum-algorithms-to-optimise-energy-grids (1/1), chunk 13/38
[09:19:20 +1m 37s | thequantuminsider_2024_02_27_phasecraft_wins_1_2_million_uk_government_contract_to_develo_fd6e62a3] Repaired malformed JSON.
[09:19:20 +1m 37s | thequantuminsider_2024_02_27_phasecraft_wins_1_2_million_uk_government_contract_to_develo_fd6e62a3] Extracting actors: https://thequantuminsider.com/2024/02/27/phasecraft-wins-1-2-million-uk-government-contract-to-develop-quantum-algorithms-to-optimise-energy-grids (1/1), chunk 14/38
[09:19:27 +1m 44s | thequantuminsider_2024_02_27_phasecraft_wins_1_2_million_uk_government_contract_to_develo_fd6e62a3] Repaired malformed JSON.
[09:19:27 +1m 44s | thequantuminsider_2024_02_27_phasecraft_wins_1_2_million_uk_government_contract_to_develo_fd6e62a3] Extracting actors: https://thequantuminsider.com/2024/02/27/phasecraft-wins-1-2-million-uk-government-contract-to-develop-quantum-algorithms-to-optimise-energy-grids (1/1), chunk 15/38
[09:19:33 +1m 50s | thequantuminsider_2024_02_27_phasecraft_wins_1_2_million_uk_government_contract_to_develo_fd6e62a3] Repaired malformed JSON.
[09:19:33 +1m 50s | thequantuminsider_2024_02_27_phasecraft_wins_1_2_million_uk_government_contract_to_develo_fd6e62a3] Extracting actors: https://thequantuminsider.com/2024/02/27/phasecraft-wins-1-2-million-uk-government-contract-to-develop-quantum-algorithms-to-optimise-energy-grids (1/1), chunk 16/38
[09:19:40 +1m 57s | thequantuminsider_2024_02_27_phasecraft_wins_1_2_million_uk_government_contract_to_develo_fd6e62a3] Repaired malformed JSON.
[09:19:40 +1m 57s | thequantuminsider_2024_02_27_phasecraft_wins_1_2_million_uk_government_contract_to_develo_fd6e62a3] Extracting actors: https://thequantuminsider.com/2024/02/27/phasecraft-wins-1-2-million-uk-government-contract-to-develop-quantum-algorithms-to-optimise-energy-grids (1/1), chunk 17/38
[09:19:48 +2m 5s | thequantuminsider_2024_02_27_phasecraft_wins_1_2_million_uk_government_contract_to_develo_fd6e62a3] Repaired malformed JSON.
[09:19:48 +2m 5s | thequantuminsider_2024_02_27_phasecraft_wins_1_2_million_uk_government_contract_to_develo_fd6e62a3] Extracting actors: https://thequantuminsider.com/2024/02/27/phasecraft-wins-1-2-million-uk-government-contract-to-develop-quantum-algorithms-to-optimise-energy-grids (1/1), chunk 18/38
[09:19:56 +2m 13s | thequantuminsider_2024_02_27_phasecraft_wins_1_2_million_uk_government_contract_to_develo_fd6e62a3] Repaired malformed JSON.
[09:19:56 +2m 13s | thequantuminsider_2024_02_27_phasecraft_wins_1_2_million_uk_government_contract_to_develo_fd6e62a3] Extracting actors: https://thequantuminsider.com/2024/02/27/phasecraft-wins-1-2-million-uk-government-contract-to-develop-quantum-algorithms-to-optimise-energy-grids (1/1), chunk 19/38
[09:20:02 +2m 19s | thequantuminsider_2024_02_27_phasecraft_wins_1_2_million_uk_government_contract_to_develo_fd6e62a3] Repaired malformed JSON.
[09:20:02 +2m 19s | thequantuminsider_2024_02_27_phasecraft_wins_1_2_million_uk_government_contract_to_develo_fd6e62a3] Extracting actors: https://thequantuminsider.com/2024/02/27/phasecraft-wins-1-2-million-uk-government-contract-to-develop-quantum-algorithms-to-optimise-energy-grids (1/1), chunk 20/38
[09:20:09 +2m 26s | thequantuminsider_2024_02_27_phasecraft_wins_1_2_million_uk_government_contract_to_develo_fd6e62a3] Repaired malformed JSON.
[09:20:09 +2m 26s | thequantuminsider_2024_02_27_phasecraft_wins_1_2_million_uk_government_contract_to_develo_fd6e62a3] Extracting actors: https://thequantuminsider.com/2024/02/27/phasecraft-wins-1-2-million-uk-government-contract-to-develop-quantum-algorithms-to-optimise-energy-grids (1/1), chunk 21/38
[09:20:16 +2m 33s | thequantuminsider_2024_02_27_phasecraft_wins_1_2_million_uk_government_contract_to_develo_fd6e62a3] Repaired malformed JSON.
[09:20:16 +2m 33s | thequantuminsider_2024_02_27_phasecraft_wins_1_2_million_uk_government_contract_to_develo_fd6e62a3] Extracting actors: https://thequantuminsider.com/2024/02/27/phasecraft-wins-1-2-million-uk-government-contract-to-develop-quantum-algorithms-to-optimise-energy-grids (1/1), chunk 22/38
[09:20:24 +2m 41s | thequantuminsider_2024_02_27_phasecraft_wins_1_2_million_uk_government_contract_to_develo_fd6e62a3] Repaired malformed JSON.
[09:20:24 +2m 41s | thequantuminsider_2024_02_27_phasecraft_wins_1_2_million_uk_government_contract_to_develo_fd6e62a3] Extracting actors: https://thequantuminsider.com/2024/02/27/phasecraft-wins-1-2-million-uk-government-contract-to-develop-quantum-algorithms-to-optimise-energy-grids (1/1), chunk 23/38
[09:20:30 +2m 47s | thequantuminsider_2024_02_27_phasecraft_wins_1_2_million_uk_government_contract_to_develo_fd6e62a3] Repaired malformed JSON.
[09:20:30 +2m 47s | thequantuminsider_2024_02_27_phasecraft_wins_1_2_million_uk_government_contract_to_develo_fd6e62a3] Extracting actors: https://thequantuminsider.com/2024/02/27/phasecraft-wins-1-2-million-uk-government-contract-to-develop-quantum-algorithms-to-optimise-energy-grids (1/1), chunk 24/38
[09:20:36 +2m 53s | thequantuminsider_2024_02_27_phasecraft_wins_1_2_million_uk_government_contract_to_develo_fd6e62a3] Repaired malformed JSON.
[09:20:36 +2m 53s | thequantuminsider_2024_02_27_phasecraft_wins_1_2_million_uk_government_contract_to_develo_fd6e62a3] Extracting actors: https://thequantuminsider.com/2024/02/27/phasecraft-wins-1-2-million-uk-government-contract-to-develop-quantum-algorithms-to-optimise-energy-grids (1/1), chunk 25/38
[09:20:44 +3m 1s | thequantuminsider_2024_02_27_phasecraft_wins_1_2_million_uk_government_contract_to_develo_fd6e62a3] Repaired malformed JSON.
[09:20:44 +3m 1s | thequantuminsider_2024_02_27_phasecraft_wins_1_2_million_uk_government_contract_to_develo_fd6e62a3] Extracting actors: https://thequantuminsider.com/2024/02/27/phasecraft-wins-1-2-million-uk-government-contract-to-develop-quantum-algorithms-to-optimise-energy-grids (1/1), chunk 26/38
[09:20:49 +3m 6s | thequantuminsider_2024_02_27_phasecraft_wins_1_2_million_uk_government_contract_to_develo_fd6e62a3] Extracting actors: https://thequantuminsider.com/2024/02/27/phasecraft-wins-1-2-million-uk-government-contract-to-develop-quantum-algorithms-to-optimise-energy-grids (1/1), chunk 27/38
[09:20:55 +3m 12s | thequantuminsider_2024_02_27_phasecraft_wins_1_2_million_uk_government_contract_to_develo_fd6e62a3] Repaired malformed JSON.
[09:20:55 +3m 12s | thequantuminsider_2024_02_27_phasecraft_wins_1_2_million_uk_government_contract_to_develo_fd6e62a3] Extracting actors: https://thequantuminsider.com/2024/02/27/phasecraft-wins-1-2-million-uk-government-contract-to-develop-quantum-algorithms-to-optimise-energy-grids (1/1), chunk 28/38
[09:20:56 +3m 14s | thequantuminsider_2024_02_27_phasecraft_wins_1_2_million_uk_government_contract_to_develo_fd6e62a3] Extracting actors: https://thequantuminsider.com/2024/02/27/phasecraft-wins-1-2-million-uk-government-contract-to-develop-quantum-algorithms-to-optimise-energy-grids (1/1), chunk 29/38
[09:21:04 +3m 21s | thequantuminsider_2024_02_27_phasecraft_wins_1_2_million_uk_government_contract_to_develo_fd6e62a3] Repaired malformed JSON.
[09:21:04 +3m 21s | thequantuminsider_2024_02_27_phasecraft_wins_1_2_million_uk_government_contract_to_develo_fd6e62a3] Extracting actors: https://thequantuminsider.com/2024/02/27/phasecraft-wins-1-2-million-uk-government-contract-to-develop-quantum-algorithms-to-optimise-energy-grids (1/1), chunk 30/38
[09:21:11 +3m 28s | thequantuminsider_2024_02_27_phasecraft_wins_1_2_million_uk_government_contract_to_develo_fd6e62a3] Repaired malformed JSON.
[09:21:11 +3m 28s | thequantuminsider_2024_02_27_phasecraft_wins_1_2_million_uk_government_contract_to_develo_fd6e62a3] Extracting actors: https://thequantuminsider.com/2024/02/27/phasecraft-wins-1-2-million-uk-government-contract-to-develop-quantum-algorithms-to-optimise-energy-grids (1/1), chunk 31/38
[09:21:17 +3m 34s | thequantuminsider_2024_02_27_phasecraft_wins_1_2_million_uk_government_contract_to_develo_fd6e62a3] Extracting actors: https://thequantuminsider.com/2024/02/27/phasecraft-wins-1-2-million-uk-government-contract-to-develop-quantum-algorithms-to-optimise-energy-grids (1/1), chunk 32/38
[09:21:26 +3m 43s | thequantuminsider_2024_02_27_phasecraft_wins_1_2_million_uk_government_contract_to_develo_fd6e62a3] Repaired malformed JSON.
[09:21:26 +3m 43s | thequantuminsider_2024_02_27_phasecraft_wins_1_2_million_uk_government_contract_to_develo_fd6e62a3] Extracting actors: https://thequantuminsider.com/2024/02/27/phasecraft-wins-1-2-million-uk-government-contract-to-develop-quantum-algorithms-to-optimise-energy-grids (1/1), chunk 33/38
[09:21:33 +3m 50s | thequantuminsider_2024_02_27_phasecraft_wins_1_2_million_uk_government_contract_to_develo_fd6e62a3] Repaired malformed JSON.
[09:21:33 +3m 50s | thequantuminsider_2024_02_27_phasecraft_wins_1_2_million_uk_government_contract_to_develo_fd6e62a3] Extracting actors: https://thequantuminsider.com/2024/02/27/phasecraft-wins-1-2-million-uk-government-contract-to-develop-quantum-algorithms-to-optimise-energy-grids (1/1), chunk 34/38
[09:21:39 +3m 57s | thequantuminsider_2024_02_27_phasecraft_wins_1_2_million_uk_government_contract_to_develo_fd6e62a3] Repaired malformed JSON.
[09:21:39 +3m 57s | thequantuminsider_2024_02_27_phasecraft_wins_1_2_million_uk_government_contract_to_develo_fd6e62a3] Extracting actors: https://thequantuminsider.com/2024/02/27/phasecraft-wins-1-2-million-uk-government-contract-to-develop-quantum-algorithms-to-optimise-energy-grids (1/1), chunk 35/38
[09:21:46 +4m 3s | thequantuminsider_2024_02_27_phasecraft_wins_1_2_million_uk_government_contract_to_develo_fd6e62a3] Repaired malformed JSON.
[09:21:46 +4m 3s | thequantuminsider_2024_02_27_phasecraft_wins_1_2_million_uk_government_contract_to_develo_fd6e62a3] Extracting actors: https://thequantuminsider.com/2024/02/27/phasecraft-wins-1-2-million-uk-government-contract-to-develop-quantum-algorithms-to-optimise-energy-grids (1/1), chunk 36/38
[09:21:56 +4m 13s | thequantuminsider_2024_02_27_phasecraft_wins_1_2_million_uk_government_contract_to_develo_fd6e62a3] Repaired malformed JSON.
[09:21:56 +4m 13s | thequantuminsider_2024_02_27_phasecraft_wins_1_2_million_uk_government_contract_to_develo_fd6e62a3] Extracting actors: https://thequantuminsider.com/2024/02/27/phasecraft-wins-1-2-million-uk-government-contract-to-develop-quantum-algorithms-to-optimise-energy-grids (1/1), chunk 37/38
[09:22:03 +4m 21s | thequantuminsider_2024_02_27_phasecraft_wins_1_2_million_uk_government_contract_to_develo_fd6e62a3] Repaired malformed JSON.
[09:22:03 +4m 21s | thequantuminsider_2024_02_27_phasecraft_wins_1_2_million_uk_government_contract_to_develo_fd6e62a3] Extracting actors: https://thequantuminsider.com/2024/02/27/phasecraft-wins-1-2-million-uk-government-contract-to-develop-quantum-algorithms-to-optimise-energy-grids (1/1), chunk 38/38
[09:22:10 +4m 27s | thequantuminsider_2024_02_27_phasecraft_wins_1_2_million_uk_government_contract_to_develo_fd6e62a3] Repaired malformed JSON.
[09:22:10 +4m 27s | thequantuminsider_2024_02_27_phasecraft_wins_1_2_million_uk_government_contract_to_develo_fd6e62a3] Saved 1_actor_results.json with 69 extracted records

[09:22:10 +4m 27s | thequantuminsider_2024_02_27_phasecraft_wins_1_2_million_uk_government_contract_to_develo_fd6e62a3] === 2 clean actors ===
[09:22:10 +4m 27s | thequantuminsider_2024_02_27_phasecraft_wins_1_2_million_uk_government_contract_to_develo_fd6e62a3] Loaded 69 extracted records
[09:22:10 +4m 27s | thequantuminsider_2024_02_27_phasecraft_wins_1_2_million_uk_government_contract_to_develo_fd6e62a3] Saved 2_actor_nodes.json with 12 canonical actor nodes

[09:22:10 +4m 27s | thequantuminsider_2024_02_27_phasecraft_wins_1_2_million_uk_government_contract_to_develo_fd6e62a3] === 3 interaction extraction ===
[09:22:10 +4m 27s | thequantuminsider_2024_02_27_phasecraft_wins_1_2_million_uk_government_contract_to_develo_fd6e62a3] Extracting interactions: https://thequantuminsider.com/2024/02/27/phasecraft-wins-1-2-million-uk-government-contract-to-develop-quantum-algorithms-to-optimise-energy-grids (1/1), chunk 11/38
[09:22:14 +4m 31s | thequantuminsider_2024_02_27_phasecraft_wins_1_2_million_uk_government_contract_to_develo_fd6e62a3] Extracting interactions: https://thequantuminsider.com/2024/02/27/phasecraft-wins-1-2-million-uk-government-contract-to-develop-quantum-algorithms-to-optimise-energy-grids (1/1), chunk 12/38
[09:22:31 +4m 48s | thequantuminsider_2024_02_27_phasecraft_wins_1_2_million_uk_government_contract_to_develo_fd6e62a3] Extracting interactions: https://thequantuminsider.com/2024/02/27/phasecraft-wins-1-2-million-uk-government-contract-to-develop-quantum-algorithms-to-optimise-energy-grids (1/1), chunk 13/38
[09:22:37 +4m 54s | thequantuminsider_2024_02_27_phasecraft_wins_1_2_million_uk_government_contract_to_develo_fd6e62a3] Extracting interactions: https://thequantuminsider.com/2024/02/27/phasecraft-wins-1-2-million-uk-government-contract-to-develop-quantum-algorithms-to-optimise-energy-grids (1/1), chunk 14/38
[09:22:42 +4m 59s | thequantuminsider_2024_02_27_phasecraft_wins_1_2_million_uk_government_contract_to_develo_fd6e62a3] Extracting interactions: https://thequantuminsider.com/2024/02/27/phasecraft-wins-1-2-million-uk-government-contract-to-develop-quantum-algorithms-to-optimise-energy-grids (1/1), chunk 15/38
[09:22:52 +5m 9s | thequantuminsider_2024_02_27_phasecraft_wins_1_2_million_uk_government_contract_to_develo_fd6e62a3] Extracting interactions: https://thequantuminsider.com/2024/02/27/phasecraft-wins-1-2-million-uk-government-contract-to-develop-quantum-algorithms-to-optimise-energy-grids (1/1), chunk 16/38
[09:22:59 +5m 16s | thequantuminsider_2024_02_27_phasecraft_wins_1_2_million_uk_government_contract_to_develo_fd6e62a3] Extracting interactions: https://thequantuminsider.com/2024/02/27/phasecraft-wins-1-2-million-uk-government-contract-to-develop-quantum-algorithms-to-optimise-energy-grids (1/1), chunk 17/38
[09:23:04 +5m 21s | thequantuminsider_2024_02_27_phasecraft_wins_1_2_million_uk_government_contract_to_develo_fd6e62a3] Extracting interactions: https://thequantuminsider.com/2024/02/27/phasecraft-wins-1-2-million-uk-government-contract-to-develop-quantum-algorithms-to-optimise-energy-grids (1/1), chunk 18/38
[09:23:06 +5m 23s | thequantuminsider_2024_02_27_phasecraft_wins_1_2_million_uk_government_contract_to_develo_fd6e62a3] Extracting interactions: https://thequantuminsider.com/2024/02/27/phasecraft-wins-1-2-million-uk-government-contract-to-develop-quantum-algorithms-to-optimise-energy-grids (1/1), chunk 19/38
[09:23:12 +5m 30s | thequantuminsider_2024_02_27_phasecraft_wins_1_2_million_uk_government_contract_to_develo_fd6e62a3] Extracting interactions: https://thequantuminsider.com/2024/02/27/phasecraft-wins-1-2-million-uk-government-contract-to-develop-quantum-algorithms-to-optimise-energy-grids (1/1), chunk 20/38
[09:23:19 +5m 36s | thequantuminsider_2024_02_27_phasecraft_wins_1_2_million_uk_government_contract_to_develo_fd6e62a3] Extracting interactions: https://thequantuminsider.com/2024/02/27/phasecraft-wins-1-2-million-uk-government-contract-to-develop-quantum-algorithms-to-optimise-energy-grids (1/1), chunk 21/38
[09:23:26 +5m 44s | thequantuminsider_2024_02_27_phasecraft_wins_1_2_million_uk_government_contract_to_develo_fd6e62a3] Extracting interactions: https://thequantuminsider.com/2024/02/27/phasecraft-wins-1-2-million-uk-government-contract-to-develop-quantum-algorithms-to-optimise-energy-grids (1/1), chunk 22/38
[09:23:35 +5m 52s | thequantuminsider_2024_02_27_phasecraft_wins_1_2_million_uk_government_contract_to_develo_fd6e62a3] Extracting interactions: https://thequantuminsider.com/2024/02/27/phasecraft-wins-1-2-million-uk-government-contract-to-develop-quantum-algorithms-to-optimise-energy-grids (1/1), chunk 23/38
[09:23:44 +6m 1s | thequantuminsider_2024_02_27_phasecraft_wins_1_2_million_uk_government_contract_to_develo_fd6e62a3] Extracting interactions: https://thequantuminsider.com/2024/02/27/phasecraft-wins-1-2-million-uk-government-contract-to-develop-quantum-algorithms-to-optimise-energy-grids (1/1), chunk 24/38
[09:23:51 +6m 8s | thequantuminsider_2024_02_27_phasecraft_wins_1_2_million_uk_government_contract_to_develo_fd6e62a3] Extracting interactions: https://thequantuminsider.com/2024/02/27/phasecraft-wins-1-2-million-uk-government-contract-to-develop-quantum-algorithms-to-optimise-energy-grids (1/1), chunk 27/38
[09:23:54 +6m 12s | thequantuminsider_2024_02_27_phasecraft_wins_1_2_million_uk_government_contract_to_develo_fd6e62a3] Extracting interactions: https://thequantuminsider.com/2024/02/27/phasecraft-wins-1-2-million-uk-government-contract-to-develop-quantum-algorithms-to-optimise-energy-grids (1/1), chunk 31/38
[09:23:58 +6m 15s | thequantuminsider_2024_02_27_phasecraft_wins_1_2_million_uk_government_contract_to_develo_fd6e62a3] Extracting interactions: https://thequantuminsider.com/2024/02/27/phasecraft-wins-1-2-million-uk-government-contract-to-develop-quantum-algorithms-to-optimise-energy-grids (1/1), chunk 32/38
[09:24:04 +6m 21s | thequantuminsider_2024_02_27_phasecraft_wins_1_2_million_uk_government_contract_to_develo_fd6e62a3] Extracting interactions: https://thequantuminsider.com/2024/02/27/phasecraft-wins-1-2-million-uk-government-contract-to-develop-quantum-algorithms-to-optimise-energy-grids (1/1), chunk 36/38
[09:24:08 +6m 26s | thequantuminsider_2024_02_27_phasecraft_wins_1_2_million_uk_government_contract_to_develo_fd6e62a3] Extracting interactions: https://thequantuminsider.com/2024/02/27/phasecraft-wins-1-2-million-uk-government-contract-to-develop-quantum-algorithms-to-optimise-energy-grids (1/1), chunk 37/38
[09:24:15 +6m 32s | thequantuminsider_2024_02_27_phasecraft_wins_1_2_million_uk_government_contract_to_develo_fd6e62a3] Saved 3_interaction_results.json with 27 extracted interactions.

[09:24:15 +6m 32s | thequantuminsider_2024_02_27_phasecraft_wins_1_2_million_uk_government_contract_to_develo_fd6e62a3] === 4 clean interactions ===
[09:24:15 +6m 32s | thequantuminsider_2024_02_27_phasecraft_wins_1_2_million_uk_government_contract_to_develo_fd6e62a3] Saved 4_edges.json with 2 cleaned interactions.

[09:24:15 +6m 32s | thequantuminsider_2024_02_27_phasecraft_wins_1_2_million_uk_government_contract_to_develo_fd6e62a3] === 5 helix enrichment ===
[09:24:15 +6m 32s | thequantuminsider_2024_02_27_phasecraft_wins_1_2_million_uk_government_contract_to_develo_fd6e62a3] Wrote 5_nodes.json (12 actors)
[09:24:15 +6m 32s | thequantuminsider_2024_02_27_phasecraft_wins_1_2_million_uk_government_contract_to_develo_fd6e62a3] Wrote 5_edges.json (2 interactions)
[09:24:15 +6m 32s | thequantuminsider_2024_02_27_phasecraft_wins_1_2_million_uk_government_contract_to_develo_fd6e62a3] Actor helix counts: {'Academia': 1, 'Civil Society': 2, 'Government': 4, 'Industry': 2, 'Intermediary': 1, 'Unknown': 2}
[09:24:15 +6m 32s | thequantuminsider_2024_02_27_phasecraft_wins_1_2_million_uk_government_contract_to_develo_fd6e62a3] Functional-space counts: {'Consensus': 2}

[09:24:15 +6m 32s | thequantuminsider_2024_02_27_phasecraft_wins_1_2_million_uk_government_contract_to_develo_fd6e62a3] === 6 network visualisation ===
[09:24:16 +6m 33s | thequantuminsider_2024_02_27_phasecraft_wins_1_2_million_uk_government_contract_to_develo_fd6e62a3] Wrote quantum_network.html
[09:24:16 +6m 33s | thequantuminsider_2024_02_27_phasecraft_wins_1_2_million_uk_government_contract_to_develo_fd6e62a3] Nodes: 12
[09:24:16 +6m 33s | thequantuminsider_2024_02_27_phasecraft_wins_1_2_million_uk_government_contract_to_develo_fd6e62a3] Edges: 1

[09:24:16 +6m 33s | thequantuminsider_2024_02_27_phasecraft_wins_1_2_million_uk_government_contract_to_develo_fd6e62a3] Done. Outputs written to: /home/lv/IDP/idpdeeptech/pipeline/news_outputs/thequantuminsider_2024_02_27_phasecraft_wins_1_2_million_uk_government_contract_to_develo_fd6e62a3
[09:24:16 +6m 33s | thequantuminsider_2024_02_27_phasecraft_wins_1_2_million_uk_government_contract_to_develo_fd6e62a3] Log: /home/lv/IDP/idpdeeptech/pipeline/news_outputs/thequantuminsider_2024_02_27_phasecraft_wins_1_2_million_uk_government_contract_to_develo_fd6e62a3/run.log

========================================================================
RUN FINISHED 2026-07-02 09:24:16  (OK)
Started:     2026-07-02 09:17:43
Elapsed:     6m 33s
========================================================================
