
========================================================================
RUN STARTED  2026-07-01 18:24:47
site_pipeline.py https://thequantuminsider.com/2020/03/17/google-releases-tensorflow-quantum/
========================================================================

[18:24:47 +0s | thequantuminsider_2020_03_17_google_releases_tensorflow_quantum] === 0 crawl site ===
[18:24:49 +2s | thequantuminsider_2020_03_17_google_releases_tensorflow_quantum] [INIT].... → Crawl4AI 0.8.6 
[18:24:55 +5s | thequantuminsider_2020_03_17_google_releases_tensorflow_quantum] [FETCH]... ↓ https://thequantuminsider.com/2020/03/17/google-releases-tensorflow-quantum/                         | ✓ | ⏱: 2.79s 
[18:24:55 +5s | thequantuminsider_2020_03_17_google_releases_tensorflow_quantum] [SCRAPE].. ◆ https://thequantuminsider.com/2020/03/17/google-releases-tensorflow-quantum/                         | ✓ | ⏱: 0.11s 
[18:24:55 +5s | thequantuminsider_2020_03_17_google_releases_tensorflow_quantum] [COMPLETE] ● https://thequantuminsider.com/2020/03/17/google-releases-tensorflow-quantum/                         | ✓ | ⏱: 2.91s 
[18:24:55 +5s | thequantuminsider_2020_03_17_google_releases_tensorflow_quantum] Saved: crawl_output/ed1e2c0d80_thequantuminsider.com_2020_03_17_google-releases-tensorflow-quantum.json

[18:24:55 +5s | thequantuminsider_2020_03_17_google_releases_tensorflow_quantum] === 1 actor extraction ===
[18:24:55 +5s | thequantuminsider_2020_03_17_google_releases_tensorflow_quantum] Reading page (1/1): https://thequantuminsider.com/2020/03/17/google-releases-tensorflow-quantum
[18:24:55 +5s | thequantuminsider_2020_03_17_google_releases_tensorflow_quantum] Extracting actors: https://thequantuminsider.com/2020/03/17/google-releases-tensorflow-quantum (1/1), chunk 1/38
[18:25:00 +10s | thequantuminsider_2020_03_17_google_releases_tensorflow_quantum] Extracting actors: https://thequantuminsider.com/2020/03/17/google-releases-tensorflow-quantum (1/1), chunk 2/38
[18:25:04 +15s | thequantuminsider_2020_03_17_google_releases_tensorflow_quantum] Extracting actors: https://thequantuminsider.com/2020/03/17/google-releases-tensorflow-quantum (1/1), chunk 3/38
[18:25:09 +19s | thequantuminsider_2020_03_17_google_releases_tensorflow_quantum] Extracting actors: https://thequantuminsider.com/2020/03/17/google-releases-tensorflow-quantum (1/1), chunk 4/38
[18:25:13 +23s | thequantuminsider_2020_03_17_google_releases_tensorflow_quantum] Extracting actors: https://thequantuminsider.com/2020/03/17/google-releases-tensorflow-quantum (1/1), chunk 5/38
[18:25:21 +31s | thequantuminsider_2020_03_17_google_releases_tensorflow_quantum] Extracting actors: https://thequantuminsider.com/2020/03/17/google-releases-tensorflow-quantum (1/1), chunk 6/38
[18:25:32 +39s | thequantuminsider_2020_03_17_google_releases_tensorflow_quantum] Repaired malformed JSON.
[18:25:32 +39s | thequantuminsider_2020_03_17_google_releases_tensorflow_quantum] Extracting actors: https://thequantuminsider.com/2020/03/17/google-releases-tensorflow-quantum (1/1), chunk 7/38
[18:25:37 +44s | thequantuminsider_2020_03_17_google_releases_tensorflow_quantum] Extracting actors: https://thequantuminsider.com/2020/03/17/google-releases-tensorflow-quantum (1/1), chunk 8/38
[18:25:41 +49s | thequantuminsider_2020_03_17_google_releases_tensorflow_quantum] Extracting actors: https://thequantuminsider.com/2020/03/17/google-releases-tensorflow-quantum (1/1), chunk 9/38
[18:25:45 +53s | thequantuminsider_2020_03_17_google_releases_tensorflow_quantum] Extracting actors: https://thequantuminsider.com/2020/03/17/google-releases-tensorflow-quantum (1/1), chunk 10/38
[18:25:49 +57s | thequantuminsider_2020_03_17_google_releases_tensorflow_quantum] Extracting actors: https://thequantuminsider.com/2020/03/17/google-releases-tensorflow-quantum (1/1), chunk 11/38
[18:25:57 +1m 4s | thequantuminsider_2020_03_17_google_releases_tensorflow_quantum] Extracting actors: https://thequantuminsider.com/2020/03/17/google-releases-tensorflow-quantum (1/1), chunk 12/38
[18:26:08 +1m 13s | thequantuminsider_2020_03_17_google_releases_tensorflow_quantum] Repaired malformed JSON.
[18:26:08 +1m 13s | thequantuminsider_2020_03_17_google_releases_tensorflow_quantum] Extracting actors: https://thequantuminsider.com/2020/03/17/google-releases-tensorflow-quantum (1/1), chunk 13/38
[18:26:15 +1m 19s | thequantuminsider_2020_03_17_google_releases_tensorflow_quantum] Repaired malformed JSON.
[18:26:15 +1m 19s | thequantuminsider_2020_03_17_google_releases_tensorflow_quantum] Extracting actors: https://thequantuminsider.com/2020/03/17/google-releases-tensorflow-quantum (1/1), chunk 14/38
[18:26:22 +1m 26s | thequantuminsider_2020_03_17_google_releases_tensorflow_quantum] Repaired malformed JSON.
[18:26:22 +1m 26s | thequantuminsider_2020_03_17_google_releases_tensorflow_quantum] Extracting actors: https://thequantuminsider.com/2020/03/17/google-releases-tensorflow-quantum (1/1), chunk 15/38
[18:26:28 +1m 33s | thequantuminsider_2020_03_17_google_releases_tensorflow_quantum] Repaired malformed JSON.
[18:26:28 +1m 33s | thequantuminsider_2020_03_17_google_releases_tensorflow_quantum] Extracting actors: https://thequantuminsider.com/2020/03/17/google-releases-tensorflow-quantum (1/1), chunk 16/38
[18:26:34 +1m 38s | thequantuminsider_2020_03_17_google_releases_tensorflow_quantum] Repaired malformed JSON.
[18:26:34 +1m 38s | thequantuminsider_2020_03_17_google_releases_tensorflow_quantum] Extracting actors: https://thequantuminsider.com/2020/03/17/google-releases-tensorflow-quantum (1/1), chunk 17/38
[18:26:42 +1m 44s | thequantuminsider_2020_03_17_google_releases_tensorflow_quantum] Repaired malformed JSON.
[18:26:42 +1m 44s | thequantuminsider_2020_03_17_google_releases_tensorflow_quantum] Extracting actors: https://thequantuminsider.com/2020/03/17/google-releases-tensorflow-quantum (1/1), chunk 18/38
[18:26:48 +1m 49s | thequantuminsider_2020_03_17_google_releases_tensorflow_quantum] Repaired malformed JSON.
[18:26:48 +1m 49s | thequantuminsider_2020_03_17_google_releases_tensorflow_quantum] Extracting actors: https://thequantuminsider.com/2020/03/17/google-releases-tensorflow-quantum (1/1), chunk 19/38
[18:26:55 +1m 56s | thequantuminsider_2020_03_17_google_releases_tensorflow_quantum] Repaired malformed JSON.
[18:26:55 +1m 56s | thequantuminsider_2020_03_17_google_releases_tensorflow_quantum] Extracting actors: https://thequantuminsider.com/2020/03/17/google-releases-tensorflow-quantum (1/1), chunk 20/38
[18:27:04 +2m 6s | thequantuminsider_2020_03_17_google_releases_tensorflow_quantum] Repaired malformed JSON.
[18:27:04 +2m 6s | thequantuminsider_2020_03_17_google_releases_tensorflow_quantum] Extracting actors: https://thequantuminsider.com/2020/03/17/google-releases-tensorflow-quantum (1/1), chunk 21/38
[18:27:09 +2m 11s | thequantuminsider_2020_03_17_google_releases_tensorflow_quantum] Repaired malformed JSON.
[18:27:09 +2m 11s | thequantuminsider_2020_03_17_google_releases_tensorflow_quantum] Extracting actors: https://thequantuminsider.com/2020/03/17/google-releases-tensorflow-quantum (1/1), chunk 22/38
[18:27:19 +2m 18s | thequantuminsider_2020_03_17_google_releases_tensorflow_quantum] Repaired malformed JSON.
[18:27:19 +2m 18s | thequantuminsider_2020_03_17_google_releases_tensorflow_quantum] Extracting actors: https://thequantuminsider.com/2020/03/17/google-releases-tensorflow-quantum (1/1), chunk 23/38
[18:27:24 +2m 23s | thequantuminsider_2020_03_17_google_releases_tensorflow_quantum] Repaired malformed JSON.
[18:27:24 +2m 23s | thequantuminsider_2020_03_17_google_releases_tensorflow_quantum] Extracting actors: https://thequantuminsider.com/2020/03/17/google-releases-tensorflow-quantum (1/1), chunk 24/38
[18:27:30 +2m 29s | thequantuminsider_2020_03_17_google_releases_tensorflow_quantum] Repaired malformed JSON.
[18:27:30 +2m 29s | thequantuminsider_2020_03_17_google_releases_tensorflow_quantum] Extracting actors: https://thequantuminsider.com/2020/03/17/google-releases-tensorflow-quantum (1/1), chunk 25/38
[18:27:38 +2m 37s | thequantuminsider_2020_03_17_google_releases_tensorflow_quantum] Repaired malformed JSON.
[18:27:38 +2m 37s | thequantuminsider_2020_03_17_google_releases_tensorflow_quantum] Extracting actors: https://thequantuminsider.com/2020/03/17/google-releases-tensorflow-quantum (1/1), chunk 26/38
[18:27:44 +2m 43s | thequantuminsider_2020_03_17_google_releases_tensorflow_quantum] Extracting actors: https://thequantuminsider.com/2020/03/17/google-releases-tensorflow-quantum (1/1), chunk 27/38
[18:27:55 +2m 51s | thequantuminsider_2020_03_17_google_releases_tensorflow_quantum] Repaired malformed JSON.
[18:27:55 +2m 51s | thequantuminsider_2020_03_17_google_releases_tensorflow_quantum] Extracting actors: https://thequantuminsider.com/2020/03/17/google-releases-tensorflow-quantum (1/1), chunk 28/38
[18:28:03 +2m 58s | thequantuminsider_2020_03_17_google_releases_tensorflow_quantum] Extracting actors: https://thequantuminsider.com/2020/03/17/google-releases-tensorflow-quantum (1/1), chunk 29/38
[18:28:10 +3m 6s | thequantuminsider_2020_03_17_google_releases_tensorflow_quantum] Extracting actors: https://thequantuminsider.com/2020/03/17/google-releases-tensorflow-quantum (1/1), chunk 30/38
[18:28:12 +3m 8s | thequantuminsider_2020_03_17_google_releases_tensorflow_quantum] Extracting actors: https://thequantuminsider.com/2020/03/17/google-releases-tensorflow-quantum (1/1), chunk 31/38
[18:28:19 +3m 15s | thequantuminsider_2020_03_17_google_releases_tensorflow_quantum] Repaired malformed JSON.
[18:28:19 +3m 15s | thequantuminsider_2020_03_17_google_releases_tensorflow_quantum] Extracting actors: https://thequantuminsider.com/2020/03/17/google-releases-tensorflow-quantum (1/1), chunk 32/38
[18:28:29 +3m 22s | thequantuminsider_2020_03_17_google_releases_tensorflow_quantum] Repaired malformed JSON.
[18:28:29 +3m 22s | thequantuminsider_2020_03_17_google_releases_tensorflow_quantum] Extracting actors: https://thequantuminsider.com/2020/03/17/google-releases-tensorflow-quantum (1/1), chunk 33/38
[18:28:33 +3m 26s | thequantuminsider_2020_03_17_google_releases_tensorflow_quantum] Extracting actors: https://thequantuminsider.com/2020/03/17/google-releases-tensorflow-quantum (1/1), chunk 34/38
[18:28:41 +3m 33s | thequantuminsider_2020_03_17_google_releases_tensorflow_quantum] Repaired malformed JSON.
[18:28:41 +3m 33s | thequantuminsider_2020_03_17_google_releases_tensorflow_quantum] Extracting actors: https://thequantuminsider.com/2020/03/17/google-releases-tensorflow-quantum (1/1), chunk 35/38
[18:28:47 +3m 39s | thequantuminsider_2020_03_17_google_releases_tensorflow_quantum] Repaired malformed JSON.
[18:28:47 +3m 39s | thequantuminsider_2020_03_17_google_releases_tensorflow_quantum] Extracting actors: https://thequantuminsider.com/2020/03/17/google-releases-tensorflow-quantum (1/1), chunk 36/38
[18:28:54 +3m 46s | thequantuminsider_2020_03_17_google_releases_tensorflow_quantum] Repaired malformed JSON.
[18:28:54 +3m 46s | thequantuminsider_2020_03_17_google_releases_tensorflow_quantum] Extracting actors: https://thequantuminsider.com/2020/03/17/google-releases-tensorflow-quantum (1/1), chunk 37/38
[18:29:04 +3m 54s | thequantuminsider_2020_03_17_google_releases_tensorflow_quantum] Repaired malformed JSON.
[18:29:04 +3m 54s | thequantuminsider_2020_03_17_google_releases_tensorflow_quantum] Extracting actors: https://thequantuminsider.com/2020/03/17/google-releases-tensorflow-quantum (1/1), chunk 38/38
[18:29:12 +4m 2s | thequantuminsider_2020_03_17_google_releases_tensorflow_quantum] Repaired malformed JSON.
[18:29:12 +4m 2s | thequantuminsider_2020_03_17_google_releases_tensorflow_quantum] Saved 1_actor_results.json with 62 extracted records

[18:29:12 +4m 2s | thequantuminsider_2020_03_17_google_releases_tensorflow_quantum] === 2 clean actors ===
[18:29:12 +4m 2s | thequantuminsider_2020_03_17_google_releases_tensorflow_quantum] Loaded 62 extracted records
[18:29:12 +4m 2s | thequantuminsider_2020_03_17_google_releases_tensorflow_quantum] Saved 2_actor_nodes.json with 17 canonical actor nodes

[18:29:12 +4m 2s | thequantuminsider_2020_03_17_google_releases_tensorflow_quantum] === 3 interaction extraction ===
[18:29:12 +4m 2s | thequantuminsider_2020_03_17_google_releases_tensorflow_quantum] Extracting interactions: https://thequantuminsider.com/2020/03/17/google-releases-tensorflow-quantum (1/1), chunk 11/38
[18:29:15 +4m 5s | thequantuminsider_2020_03_17_google_releases_tensorflow_quantum] Extracting interactions: https://thequantuminsider.com/2020/03/17/google-releases-tensorflow-quantum (1/1), chunk 12/38
[18:29:18 +4m 8s | thequantuminsider_2020_03_17_google_releases_tensorflow_quantum] Extracting interactions: https://thequantuminsider.com/2020/03/17/google-releases-tensorflow-quantum (1/1), chunk 13/38
[18:29:21 +4m 11s | thequantuminsider_2020_03_17_google_releases_tensorflow_quantum] Extracting interactions: https://thequantuminsider.com/2020/03/17/google-releases-tensorflow-quantum (1/1), chunk 16/38
[18:29:35 +4m 21s | thequantuminsider_2020_03_17_google_releases_tensorflow_quantum] Extracting interactions: https://thequantuminsider.com/2020/03/17/google-releases-tensorflow-quantum (1/1), chunk 17/38
[18:29:39 +4m 26s | thequantuminsider_2020_03_17_google_releases_tensorflow_quantum] Extracting interactions: https://thequantuminsider.com/2020/03/17/google-releases-tensorflow-quantum (1/1), chunk 18/38
[18:29:47 +4m 34s | thequantuminsider_2020_03_17_google_releases_tensorflow_quantum] Extracting interactions: https://thequantuminsider.com/2020/03/17/google-releases-tensorflow-quantum (1/1), chunk 19/38
[18:30:00 +4m 47s | thequantuminsider_2020_03_17_google_releases_tensorflow_quantum] Extracting interactions: https://thequantuminsider.com/2020/03/17/google-releases-tensorflow-quantum (1/1), chunk 20/38
[18:30:17 +5m 1s | thequantuminsider_2020_03_17_google_releases_tensorflow_quantum] Extracting interactions: https://thequantuminsider.com/2020/03/17/google-releases-tensorflow-quantum (1/1), chunk 21/38
[18:30:26 +5m 10s | thequantuminsider_2020_03_17_google_releases_tensorflow_quantum] Extracting interactions: https://thequantuminsider.com/2020/03/17/google-releases-tensorflow-quantum (1/1), chunk 22/38
[18:30:32 +5m 16s | thequantuminsider_2020_03_17_google_releases_tensorflow_quantum] Extracting interactions: https://thequantuminsider.com/2020/03/17/google-releases-tensorflow-quantum (1/1), chunk 23/38
[18:30:39 +5m 23s | thequantuminsider_2020_03_17_google_releases_tensorflow_quantum] Extracting interactions: https://thequantuminsider.com/2020/03/17/google-releases-tensorflow-quantum (1/1), chunk 24/38
[18:30:47 +5m 28s | thequantuminsider_2020_03_17_google_releases_tensorflow_quantum] Extracting interactions: https://thequantuminsider.com/2020/03/17/google-releases-tensorflow-quantum (1/1), chunk 27/38
[18:30:53 +5m 34s | thequantuminsider_2020_03_17_google_releases_tensorflow_quantum] Extracting interactions: https://thequantuminsider.com/2020/03/17/google-releases-tensorflow-quantum (1/1), chunk 28/38
[18:30:57 +5m 38s | thequantuminsider_2020_03_17_google_releases_tensorflow_quantum] Extracting interactions: https://thequantuminsider.com/2020/03/17/google-releases-tensorflow-quantum (1/1), chunk 29/38
[18:30:58 +5m 39s | thequantuminsider_2020_03_17_google_releases_tensorflow_quantum] Extracting interactions: https://thequantuminsider.com/2020/03/17/google-releases-tensorflow-quantum (1/1), chunk 31/38
[18:31:01 +5m 42s | thequantuminsider_2020_03_17_google_releases_tensorflow_quantum] Extracting interactions: https://thequantuminsider.com/2020/03/17/google-releases-tensorflow-quantum (1/1), chunk 32/38
[18:31:03 +5m 44s | thequantuminsider_2020_03_17_google_releases_tensorflow_quantum] Extracting interactions: https://thequantuminsider.com/2020/03/17/google-releases-tensorflow-quantum (1/1), chunk 33/38
[18:31:05 +5m 45s | thequantuminsider_2020_03_17_google_releases_tensorflow_quantum] Extracting interactions: https://thequantuminsider.com/2020/03/17/google-releases-tensorflow-quantum (1/1), chunk 34/38
[18:31:06 +5m 47s | thequantuminsider_2020_03_17_google_releases_tensorflow_quantum] Extracting interactions: https://thequantuminsider.com/2020/03/17/google-releases-tensorflow-quantum (1/1), chunk 36/38
[18:31:09 +5m 50s | thequantuminsider_2020_03_17_google_releases_tensorflow_quantum] Extracting interactions: https://thequantuminsider.com/2020/03/17/google-releases-tensorflow-quantum (1/1), chunk 37/38
[18:31:11 +5m 52s | thequantuminsider_2020_03_17_google_releases_tensorflow_quantum] Extracting interactions: https://thequantuminsider.com/2020/03/17/google-releases-tensorflow-quantum (1/1), chunk 38/38
[18:31:15 +5m 56s | thequantuminsider_2020_03_17_google_releases_tensorflow_quantum] Saved 3_interaction_results.json with 21 extracted interactions.

[18:31:15 +5m 56s | thequantuminsider_2020_03_17_google_releases_tensorflow_quantum] === 4 clean interactions ===
[18:31:15 +5m 56s | thequantuminsider_2020_03_17_google_releases_tensorflow_quantum] Saved 4_edges.json with 1 cleaned interactions.

[18:31:15 +5m 56s | thequantuminsider_2020_03_17_google_releases_tensorflow_quantum] === 5 helix enrichment ===
[18:31:15 +5m 56s | thequantuminsider_2020_03_17_google_releases_tensorflow_quantum] Wrote 5_nodes.json (17 actors)
[18:31:15 +5m 56s | thequantuminsider_2020_03_17_google_releases_tensorflow_quantum] Wrote 5_edges.json (1 interactions)
[18:31:15 +5m 56s | thequantuminsider_2020_03_17_google_releases_tensorflow_quantum] Actor helix counts: {'Academia': 2, 'Civil Society': 2, 'Government': 3, 'Industry': 4, 'Unknown': 6}
[18:31:15 +5m 56s | thequantuminsider_2020_03_17_google_releases_tensorflow_quantum] Functional-space counts: {'Unknown': 1}

[18:31:15 +5m 56s | thequantuminsider_2020_03_17_google_releases_tensorflow_quantum] === 6 network visualisation ===
[18:31:16 +5m 56s | thequantuminsider_2020_03_17_google_releases_tensorflow_quantum] Wrote quantum_network.html
[18:31:16 +5m 56s | thequantuminsider_2020_03_17_google_releases_tensorflow_quantum] Nodes: 17
[18:31:16 +5m 56s | thequantuminsider_2020_03_17_google_releases_tensorflow_quantum] Edges: 1

[18:31:16 +5m 57s | thequantuminsider_2020_03_17_google_releases_tensorflow_quantum] Done. Outputs written to: /home/lv/IDP/idpdeeptech/pipeline/news_outputs/thequantuminsider_2020_03_17_google_releases_tensorflow_quantum
[18:31:16 +5m 57s | thequantuminsider_2020_03_17_google_releases_tensorflow_quantum] Log: /home/lv/IDP/idpdeeptech/pipeline/news_outputs/thequantuminsider_2020_03_17_google_releases_tensorflow_quantum/run.log

========================================================================
RUN FINISHED 2026-07-01 18:31:16  (OK)
Started:     2026-07-01 18:24:47
Elapsed:     5m 57s
========================================================================
