
========================================================================
RUN STARTED  2026-07-02 03:10:27
site_pipeline.py https://thequantuminsider.com/2020/02/27/can-quantum-computing-play-a-role-in-curing-outbreaks-like-coronavirus-at-least-one-startup-thinks-so/
========================================================================

[03:10:27 +0s | thequantuminsider_2020_02_27_can_quantum_computing_play_a_role_in_curing_outbreaks_like_c_8b701839] === 0 crawl site ===
[03:10:28 +1s | thequantuminsider_2020_02_27_can_quantum_computing_play_a_role_in_curing_outbreaks_like_c_8b701839] [INIT].... → Crawl4AI 0.8.6 
[03:10:30 +3s | thequantuminsider_2020_02_27_can_quantum_computing_play_a_role_in_curing_outbreaks_like_c_8b701839] [FETCH]... ↓ https://thequantuminsider.com/2020/02/27/can-qua...like-coronavirus-at-least-one-startup-thinks-so/  | ✓ | ⏱: 1.71s 
[03:10:30 +3s | thequantuminsider_2020_02_27_can_quantum_computing_play_a_role_in_curing_outbreaks_like_c_8b701839] [SCRAPE].. ◆ https://thequantuminsider.com/2020/02/27/can-qua...like-coronavirus-at-least-one-startup-thinks-so/  | ✓ | ⏱: 0.10s 
[03:10:30 +3s | thequantuminsider_2020_02_27_can_quantum_computing_play_a_role_in_curing_outbreaks_like_c_8b701839] [COMPLETE] ● https://thequantuminsider.com/2020/02/27/can-qua...like-coronavirus-at-least-one-startup-thinks-so/  | ✓ | ⏱: 1.83s 
[03:10:30 +3s | thequantuminsider_2020_02_27_can_quantum_computing_play_a_role_in_curing_outbreaks_like_c_8b701839] Saved: crawl_output/6021da9b77_thequantuminsider.com_2020_02_27_can-quantum-computing-play-a-role-in-curing-outbreaks-like-coronavirus-at-least-one-startup-thinks-so.json

[03:10:30 +3s | thequantuminsider_2020_02_27_can_quantum_computing_play_a_role_in_curing_outbreaks_like_c_8b701839] === 1 actor extraction ===
[03:10:30 +4s | thequantuminsider_2020_02_27_can_quantum_computing_play_a_role_in_curing_outbreaks_like_c_8b701839] Reading page (1/1): https://thequantuminsider.com/2020/02/27/can-quantum-computing-play-a-role-in-curing-outbreaks-like-coronavirus-at-least-one-startup-thinks-so
[03:10:30 +4s | thequantuminsider_2020_02_27_can_quantum_computing_play_a_role_in_curing_outbreaks_like_c_8b701839] Extracting actors: https://thequantuminsider.com/2020/02/27/can-quantum-computing-play-a-role-in-curing-outbreaks-like-coronavirus-at-least-one-startup-thinks-so (1/1), chunk 1/38
[03:10:35 +8s | thequantuminsider_2020_02_27_can_quantum_computing_play_a_role_in_curing_outbreaks_like_c_8b701839] Extracting actors: https://thequantuminsider.com/2020/02/27/can-quantum-computing-play-a-role-in-curing-outbreaks-like-coronavirus-at-least-one-startup-thinks-so (1/1), chunk 2/38
[03:10:44 +14s | thequantuminsider_2020_02_27_can_quantum_computing_play_a_role_in_curing_outbreaks_like_c_8b701839] Extracting actors: https://thequantuminsider.com/2020/02/27/can-quantum-computing-play-a-role-in-curing-outbreaks-like-coronavirus-at-least-one-startup-thinks-so (1/1), chunk 3/38
[03:10:49 +19s | thequantuminsider_2020_02_27_can_quantum_computing_play_a_role_in_curing_outbreaks_like_c_8b701839] Extracting actors: https://thequantuminsider.com/2020/02/27/can-quantum-computing-play-a-role-in-curing-outbreaks-like-coronavirus-at-least-one-startup-thinks-so (1/1), chunk 4/38
[03:10:56 +26s | thequantuminsider_2020_02_27_can_quantum_computing_play_a_role_in_curing_outbreaks_like_c_8b701839] Extracting actors: https://thequantuminsider.com/2020/02/27/can-quantum-computing-play-a-role-in-curing-outbreaks-like-coronavirus-at-least-one-startup-thinks-so (1/1), chunk 5/38
[03:11:00 +30s | thequantuminsider_2020_02_27_can_quantum_computing_play_a_role_in_curing_outbreaks_like_c_8b701839] Extracting actors: https://thequantuminsider.com/2020/02/27/can-quantum-computing-play-a-role-in-curing-outbreaks-like-coronavirus-at-least-one-startup-thinks-so (1/1), chunk 6/38
[03:11:05 +35s | thequantuminsider_2020_02_27_can_quantum_computing_play_a_role_in_curing_outbreaks_like_c_8b701839] Extracting actors: https://thequantuminsider.com/2020/02/27/can-quantum-computing-play-a-role-in-curing-outbreaks-like-coronavirus-at-least-one-startup-thinks-so (1/1), chunk 7/38
[03:11:09 +39s | thequantuminsider_2020_02_27_can_quantum_computing_play_a_role_in_curing_outbreaks_like_c_8b701839] Extracting actors: https://thequantuminsider.com/2020/02/27/can-quantum-computing-play-a-role-in-curing-outbreaks-like-coronavirus-at-least-one-startup-thinks-so (1/1), chunk 8/38
[03:11:17 +45s | thequantuminsider_2020_02_27_can_quantum_computing_play_a_role_in_curing_outbreaks_like_c_8b701839] Extracting actors: https://thequantuminsider.com/2020/02/27/can-quantum-computing-play-a-role-in-curing-outbreaks-like-coronavirus-at-least-one-startup-thinks-so (1/1), chunk 9/38
[03:11:22 +49s | thequantuminsider_2020_02_27_can_quantum_computing_play_a_role_in_curing_outbreaks_like_c_8b701839] Extracting actors: https://thequantuminsider.com/2020/02/27/can-quantum-computing-play-a-role-in-curing-outbreaks-like-coronavirus-at-least-one-startup-thinks-so (1/1), chunk 10/38
[03:11:27 +55s | thequantuminsider_2020_02_27_can_quantum_computing_play_a_role_in_curing_outbreaks_like_c_8b701839] Extracting actors: https://thequantuminsider.com/2020/02/27/can-quantum-computing-play-a-role-in-curing-outbreaks-like-coronavirus-at-least-one-startup-thinks-so (1/1), chunk 11/38
[03:11:32 +1m 0s | thequantuminsider_2020_02_27_can_quantum_computing_play_a_role_in_curing_outbreaks_like_c_8b701839] Extracting actors: https://thequantuminsider.com/2020/02/27/can-quantum-computing-play-a-role-in-curing-outbreaks-like-coronavirus-at-least-one-startup-thinks-so (1/1), chunk 12/38
[03:11:39 +1m 7s | thequantuminsider_2020_02_27_can_quantum_computing_play_a_role_in_curing_outbreaks_like_c_8b701839] Extracting actors: https://thequantuminsider.com/2020/02/27/can-quantum-computing-play-a-role-in-curing-outbreaks-like-coronavirus-at-least-one-startup-thinks-so (1/1), chunk 13/38
[03:11:46 +1m 14s | thequantuminsider_2020_02_27_can_quantum_computing_play_a_role_in_curing_outbreaks_like_c_8b701839] Repaired malformed JSON.
[03:11:46 +1m 14s | thequantuminsider_2020_02_27_can_quantum_computing_play_a_role_in_curing_outbreaks_like_c_8b701839] Extracting actors: https://thequantuminsider.com/2020/02/27/can-quantum-computing-play-a-role-in-curing-outbreaks-like-coronavirus-at-least-one-startup-thinks-so (1/1), chunk 14/38
[03:11:55 +1m 19s | thequantuminsider_2020_02_27_can_quantum_computing_play_a_role_in_curing_outbreaks_like_c_8b701839] Repaired malformed JSON.
[03:11:55 +1m 19s | thequantuminsider_2020_02_27_can_quantum_computing_play_a_role_in_curing_outbreaks_like_c_8b701839] Extracting actors: https://thequantuminsider.com/2020/02/27/can-quantum-computing-play-a-role-in-curing-outbreaks-like-coronavirus-at-least-one-startup-thinks-so (1/1), chunk 15/38
[03:12:02 +1m 26s | thequantuminsider_2020_02_27_can_quantum_computing_play_a_role_in_curing_outbreaks_like_c_8b701839] Repaired malformed JSON.
[03:12:02 +1m 26s | thequantuminsider_2020_02_27_can_quantum_computing_play_a_role_in_curing_outbreaks_like_c_8b701839] Extracting actors: https://thequantuminsider.com/2020/02/27/can-quantum-computing-play-a-role-in-curing-outbreaks-like-coronavirus-at-least-one-startup-thinks-so (1/1), chunk 16/38
[03:12:08 +1m 32s | thequantuminsider_2020_02_27_can_quantum_computing_play_a_role_in_curing_outbreaks_like_c_8b701839] Repaired malformed JSON.
[03:12:08 +1m 32s | thequantuminsider_2020_02_27_can_quantum_computing_play_a_role_in_curing_outbreaks_like_c_8b701839] Extracting actors: https://thequantuminsider.com/2020/02/27/can-quantum-computing-play-a-role-in-curing-outbreaks-like-coronavirus-at-least-one-startup-thinks-so (1/1), chunk 17/38
[03:12:15 +1m 40s | thequantuminsider_2020_02_27_can_quantum_computing_play_a_role_in_curing_outbreaks_like_c_8b701839] Repaired malformed JSON.
[03:12:15 +1m 40s | thequantuminsider_2020_02_27_can_quantum_computing_play_a_role_in_curing_outbreaks_like_c_8b701839] Extracting actors: https://thequantuminsider.com/2020/02/27/can-quantum-computing-play-a-role-in-curing-outbreaks-like-coronavirus-at-least-one-startup-thinks-so (1/1), chunk 18/38
[03:12:22 +1m 47s | thequantuminsider_2020_02_27_can_quantum_computing_play_a_role_in_curing_outbreaks_like_c_8b701839] Repaired malformed JSON.
[03:12:22 +1m 47s | thequantuminsider_2020_02_27_can_quantum_computing_play_a_role_in_curing_outbreaks_like_c_8b701839] Extracting actors: https://thequantuminsider.com/2020/02/27/can-quantum-computing-play-a-role-in-curing-outbreaks-like-coronavirus-at-least-one-startup-thinks-so (1/1), chunk 19/38
[03:12:34 +1m 56s | thequantuminsider_2020_02_27_can_quantum_computing_play_a_role_in_curing_outbreaks_like_c_8b701839] Repaired malformed JSON.
[03:12:34 +1m 56s | thequantuminsider_2020_02_27_can_quantum_computing_play_a_role_in_curing_outbreaks_like_c_8b701839] Extracting actors: https://thequantuminsider.com/2020/02/27/can-quantum-computing-play-a-role-in-curing-outbreaks-like-coronavirus-at-least-one-startup-thinks-so (1/1), chunk 20/38
[03:12:41 +2m 2s | thequantuminsider_2020_02_27_can_quantum_computing_play_a_role_in_curing_outbreaks_like_c_8b701839] Repaired malformed JSON.
[03:12:41 +2m 2s | thequantuminsider_2020_02_27_can_quantum_computing_play_a_role_in_curing_outbreaks_like_c_8b701839] Extracting actors: https://thequantuminsider.com/2020/02/27/can-quantum-computing-play-a-role-in-curing-outbreaks-like-coronavirus-at-least-one-startup-thinks-so (1/1), chunk 21/38
[03:12:48 +2m 9s | thequantuminsider_2020_02_27_can_quantum_computing_play_a_role_in_curing_outbreaks_like_c_8b701839] Repaired malformed JSON.
[03:12:48 +2m 9s | thequantuminsider_2020_02_27_can_quantum_computing_play_a_role_in_curing_outbreaks_like_c_8b701839] Extracting actors: https://thequantuminsider.com/2020/02/27/can-quantum-computing-play-a-role-in-curing-outbreaks-like-coronavirus-at-least-one-startup-thinks-so (1/1), chunk 22/38
[03:12:56 +2m 17s | thequantuminsider_2020_02_27_can_quantum_computing_play_a_role_in_curing_outbreaks_like_c_8b701839] Repaired malformed JSON.
[03:12:56 +2m 17s | thequantuminsider_2020_02_27_can_quantum_computing_play_a_role_in_curing_outbreaks_like_c_8b701839] Extracting actors: https://thequantuminsider.com/2020/02/27/can-quantum-computing-play-a-role-in-curing-outbreaks-like-coronavirus-at-least-one-startup-thinks-so (1/1), chunk 23/38
[03:13:05 +2m 23s | thequantuminsider_2020_02_27_can_quantum_computing_play_a_role_in_curing_outbreaks_like_c_8b701839] Repaired malformed JSON.
[03:13:05 +2m 23s | thequantuminsider_2020_02_27_can_quantum_computing_play_a_role_in_curing_outbreaks_like_c_8b701839] Extracting actors: https://thequantuminsider.com/2020/02/27/can-quantum-computing-play-a-role-in-curing-outbreaks-like-coronavirus-at-least-one-startup-thinks-so (1/1), chunk 24/38
[03:13:13 +2m 31s | thequantuminsider_2020_02_27_can_quantum_computing_play_a_role_in_curing_outbreaks_like_c_8b701839] Repaired malformed JSON.
[03:13:13 +2m 31s | thequantuminsider_2020_02_27_can_quantum_computing_play_a_role_in_curing_outbreaks_like_c_8b701839] Extracting actors: https://thequantuminsider.com/2020/02/27/can-quantum-computing-play-a-role-in-curing-outbreaks-like-coronavirus-at-least-one-startup-thinks-so (1/1), chunk 25/38
[03:13:19 +2m 37s | thequantuminsider_2020_02_27_can_quantum_computing_play_a_role_in_curing_outbreaks_like_c_8b701839] Repaired malformed JSON.
[03:13:19 +2m 37s | thequantuminsider_2020_02_27_can_quantum_computing_play_a_role_in_curing_outbreaks_like_c_8b701839] Extracting actors: https://thequantuminsider.com/2020/02/27/can-quantum-computing-play-a-role-in-curing-outbreaks-like-coronavirus-at-least-one-startup-thinks-so (1/1), chunk 26/38
[03:13:23 +2m 42s | thequantuminsider_2020_02_27_can_quantum_computing_play_a_role_in_curing_outbreaks_like_c_8b701839] Extracting actors: https://thequantuminsider.com/2020/02/27/can-quantum-computing-play-a-role-in-curing-outbreaks-like-coronavirus-at-least-one-startup-thinks-so (1/1), chunk 27/38
[03:13:30 +2m 48s | thequantuminsider_2020_02_27_can_quantum_computing_play_a_role_in_curing_outbreaks_like_c_8b701839] Repaired malformed JSON.
[03:13:30 +2m 48s | thequantuminsider_2020_02_27_can_quantum_computing_play_a_role_in_curing_outbreaks_like_c_8b701839] Extracting actors: https://thequantuminsider.com/2020/02/27/can-quantum-computing-play-a-role-in-curing-outbreaks-like-coronavirus-at-least-one-startup-thinks-so (1/1), chunk 28/38
[03:13:38 +2m 53s | thequantuminsider_2020_02_27_can_quantum_computing_play_a_role_in_curing_outbreaks_like_c_8b701839] Extracting actors: https://thequantuminsider.com/2020/02/27/can-quantum-computing-play-a-role-in-curing-outbreaks-like-coronavirus-at-least-one-startup-thinks-so (1/1), chunk 29/38
[03:13:41 +2m 57s | thequantuminsider_2020_02_27_can_quantum_computing_play_a_role_in_curing_outbreaks_like_c_8b701839] Extracting actors: https://thequantuminsider.com/2020/02/27/can-quantum-computing-play-a-role-in-curing-outbreaks-like-coronavirus-at-least-one-startup-thinks-so (1/1), chunk 30/38
[03:13:48 +3m 4s | thequantuminsider_2020_02_27_can_quantum_computing_play_a_role_in_curing_outbreaks_like_c_8b701839] Repaired malformed JSON.
[03:13:48 +3m 4s | thequantuminsider_2020_02_27_can_quantum_computing_play_a_role_in_curing_outbreaks_like_c_8b701839] Extracting actors: https://thequantuminsider.com/2020/02/27/can-quantum-computing-play-a-role-in-curing-outbreaks-like-coronavirus-at-least-one-startup-thinks-so (1/1), chunk 31/38
[03:13:55 +3m 11s | thequantuminsider_2020_02_27_can_quantum_computing_play_a_role_in_curing_outbreaks_like_c_8b701839] Repaired malformed JSON.
[03:13:55 +3m 11s | thequantuminsider_2020_02_27_can_quantum_computing_play_a_role_in_curing_outbreaks_like_c_8b701839] Extracting actors: https://thequantuminsider.com/2020/02/27/can-quantum-computing-play-a-role-in-curing-outbreaks-like-coronavirus-at-least-one-startup-thinks-so (1/1), chunk 32/38
[03:14:01 +3m 17s | thequantuminsider_2020_02_27_can_quantum_computing_play_a_role_in_curing_outbreaks_like_c_8b701839] Repaired malformed JSON.
[03:14:01 +3m 17s | thequantuminsider_2020_02_27_can_quantum_computing_play_a_role_in_curing_outbreaks_like_c_8b701839] Extracting actors: https://thequantuminsider.com/2020/02/27/can-quantum-computing-play-a-role-in-curing-outbreaks-like-coronavirus-at-least-one-startup-thinks-so (1/1), chunk 33/38
[03:14:06 +3m 22s | thequantuminsider_2020_02_27_can_quantum_computing_play_a_role_in_curing_outbreaks_like_c_8b701839] Repaired malformed JSON.
[03:14:06 +3m 22s | thequantuminsider_2020_02_27_can_quantum_computing_play_a_role_in_curing_outbreaks_like_c_8b701839] Extracting actors: https://thequantuminsider.com/2020/02/27/can-quantum-computing-play-a-role-in-curing-outbreaks-like-coronavirus-at-least-one-startup-thinks-so (1/1), chunk 34/38
[03:14:17 +3m 29s | thequantuminsider_2020_02_27_can_quantum_computing_play_a_role_in_curing_outbreaks_like_c_8b701839] Repaired malformed JSON.
[03:14:17 +3m 29s | thequantuminsider_2020_02_27_can_quantum_computing_play_a_role_in_curing_outbreaks_like_c_8b701839] Extracting actors: https://thequantuminsider.com/2020/02/27/can-quantum-computing-play-a-role-in-curing-outbreaks-like-coronavirus-at-least-one-startup-thinks-so (1/1), chunk 35/38
[03:14:20 +3m 33s | thequantuminsider_2020_02_27_can_quantum_computing_play_a_role_in_curing_outbreaks_like_c_8b701839] Extracting actors: https://thequantuminsider.com/2020/02/27/can-quantum-computing-play-a-role-in-curing-outbreaks-like-coronavirus-at-least-one-startup-thinks-so (1/1), chunk 36/38
[03:14:25 +3m 38s | thequantuminsider_2020_02_27_can_quantum_computing_play_a_role_in_curing_outbreaks_like_c_8b701839] Repaired malformed JSON.
[03:14:25 +3m 38s | thequantuminsider_2020_02_27_can_quantum_computing_play_a_role_in_curing_outbreaks_like_c_8b701839] Extracting actors: https://thequantuminsider.com/2020/02/27/can-quantum-computing-play-a-role-in-curing-outbreaks-like-coronavirus-at-least-one-startup-thinks-so (1/1), chunk 37/38
[03:14:27 +3m 40s | thequantuminsider_2020_02_27_can_quantum_computing_play_a_role_in_curing_outbreaks_like_c_8b701839] Extracting actors: https://thequantuminsider.com/2020/02/27/can-quantum-computing-play-a-role-in-curing-outbreaks-like-coronavirus-at-least-one-startup-thinks-so (1/1), chunk 38/38
[03:14:31 +3m 44s | thequantuminsider_2020_02_27_can_quantum_computing_play_a_role_in_curing_outbreaks_like_c_8b701839] Saved 1_actor_results.json with 53 extracted records

[03:14:31 +3m 44s | thequantuminsider_2020_02_27_can_quantum_computing_play_a_role_in_curing_outbreaks_like_c_8b701839] === 2 clean actors ===
[03:14:31 +3m 44s | thequantuminsider_2020_02_27_can_quantum_computing_play_a_role_in_curing_outbreaks_like_c_8b701839] Loaded 53 extracted records
[03:14:31 +3m 44s | thequantuminsider_2020_02_27_can_quantum_computing_play_a_role_in_curing_outbreaks_like_c_8b701839] Saved 2_actor_nodes.json with 23 canonical actor nodes

[03:14:31 +3m 44s | thequantuminsider_2020_02_27_can_quantum_computing_play_a_role_in_curing_outbreaks_like_c_8b701839] === 3 interaction extraction ===
[03:14:31 +3m 44s | thequantuminsider_2020_02_27_can_quantum_computing_play_a_role_in_curing_outbreaks_like_c_8b701839] Extracting interactions: https://thequantuminsider.com/2020/02/27/can-quantum-computing-play-a-role-in-curing-outbreaks-like-coronavirus-at-least-one-startup-thinks-so (1/1), chunk 13/38
[03:14:38 +3m 51s | thequantuminsider_2020_02_27_can_quantum_computing_play_a_role_in_curing_outbreaks_like_c_8b701839] Extracting interactions: https://thequantuminsider.com/2020/02/27/can-quantum-computing-play-a-role-in-curing-outbreaks-like-coronavirus-at-least-one-startup-thinks-so (1/1), chunk 14/38
[03:14:48 +3m 57s | thequantuminsider_2020_02_27_can_quantum_computing_play_a_role_in_curing_outbreaks_like_c_8b701839] Extracting interactions: https://thequantuminsider.com/2020/02/27/can-quantum-computing-play-a-role-in-curing-outbreaks-like-coronavirus-at-least-one-startup-thinks-so (1/1), chunk 15/38
[03:14:55 +4m 5s | thequantuminsider_2020_02_27_can_quantum_computing_play_a_role_in_curing_outbreaks_like_c_8b701839] Extracting interactions: https://thequantuminsider.com/2020/02/27/can-quantum-computing-play-a-role-in-curing-outbreaks-like-coronavirus-at-least-one-startup-thinks-so (1/1), chunk 16/38
[03:15:00 +4m 10s | thequantuminsider_2020_02_27_can_quantum_computing_play_a_role_in_curing_outbreaks_like_c_8b701839] Extracting interactions: https://thequantuminsider.com/2020/02/27/can-quantum-computing-play-a-role-in-curing-outbreaks-like-coronavirus-at-least-one-startup-thinks-so (1/1), chunk 17/38
[03:15:01 +4m 11s | thequantuminsider_2020_02_27_can_quantum_computing_play_a_role_in_curing_outbreaks_like_c_8b701839] Extracting interactions: https://thequantuminsider.com/2020/02/27/can-quantum-computing-play-a-role-in-curing-outbreaks-like-coronavirus-at-least-one-startup-thinks-so (1/1), chunk 18/38
[03:15:03 +4m 13s | thequantuminsider_2020_02_27_can_quantum_computing_play_a_role_in_curing_outbreaks_like_c_8b701839] Extracting interactions: https://thequantuminsider.com/2020/02/27/can-quantum-computing-play-a-role-in-curing-outbreaks-like-coronavirus-at-least-one-startup-thinks-so (1/1), chunk 19/38
[03:15:11 +4m 21s | thequantuminsider_2020_02_27_can_quantum_computing_play_a_role_in_curing_outbreaks_like_c_8b701839] Extracting interactions: https://thequantuminsider.com/2020/02/27/can-quantum-computing-play-a-role-in-curing-outbreaks-like-coronavirus-at-least-one-startup-thinks-so (1/1), chunk 20/38
[03:15:15 +4m 24s | thequantuminsider_2020_02_27_can_quantum_computing_play_a_role_in_curing_outbreaks_like_c_8b701839] Extracting interactions: https://thequantuminsider.com/2020/02/27/can-quantum-computing-play-a-role-in-curing-outbreaks-like-coronavirus-at-least-one-startup-thinks-so (1/1), chunk 21/38
[03:15:28 +4m 35s | thequantuminsider_2020_02_27_can_quantum_computing_play_a_role_in_curing_outbreaks_like_c_8b701839] Extracting interactions: https://thequantuminsider.com/2020/02/27/can-quantum-computing-play-a-role-in-curing-outbreaks-like-coronavirus-at-least-one-startup-thinks-so (1/1), chunk 22/38
[03:15:36 +4m 43s | thequantuminsider_2020_02_27_can_quantum_computing_play_a_role_in_curing_outbreaks_like_c_8b701839] Extracting interactions: https://thequantuminsider.com/2020/02/27/can-quantum-computing-play-a-role-in-curing-outbreaks-like-coronavirus-at-least-one-startup-thinks-so (1/1), chunk 23/38
[03:15:44 +4m 50s | thequantuminsider_2020_02_27_can_quantum_computing_play_a_role_in_curing_outbreaks_like_c_8b701839] Extracting interactions: https://thequantuminsider.com/2020/02/27/can-quantum-computing-play-a-role-in-curing-outbreaks-like-coronavirus-at-least-one-startup-thinks-so (1/1), chunk 24/38
[03:15:50 +4m 57s | thequantuminsider_2020_02_27_can_quantum_computing_play_a_role_in_curing_outbreaks_like_c_8b701839] Extracting interactions: https://thequantuminsider.com/2020/02/27/can-quantum-computing-play-a-role-in-curing-outbreaks-like-coronavirus-at-least-one-startup-thinks-so (1/1), chunk 25/38
[03:15:52 +4m 58s | thequantuminsider_2020_02_27_can_quantum_computing_play_a_role_in_curing_outbreaks_like_c_8b701839] Extracting interactions: https://thequantuminsider.com/2020/02/27/can-quantum-computing-play-a-role-in-curing-outbreaks-like-coronavirus-at-least-one-startup-thinks-so (1/1), chunk 27/38
[03:15:58 +5m 2s | thequantuminsider_2020_02_27_can_quantum_computing_play_a_role_in_curing_outbreaks_like_c_8b701839] Extracting interactions: https://thequantuminsider.com/2020/02/27/can-quantum-computing-play-a-role-in-curing-outbreaks-like-coronavirus-at-least-one-startup-thinks-so (1/1), chunk 28/38
[03:16:02 +5m 6s | thequantuminsider_2020_02_27_can_quantum_computing_play_a_role_in_curing_outbreaks_like_c_8b701839] Extracting interactions: https://thequantuminsider.com/2020/02/27/can-quantum-computing-play-a-role-in-curing-outbreaks-like-coronavirus-at-least-one-startup-thinks-so (1/1), chunk 29/38
[03:16:03 +5m 7s | thequantuminsider_2020_02_27_can_quantum_computing_play_a_role_in_curing_outbreaks_like_c_8b701839] Extracting interactions: https://thequantuminsider.com/2020/02/27/can-quantum-computing-play-a-role-in-curing-outbreaks-like-coronavirus-at-least-one-startup-thinks-so (1/1), chunk 30/38
[03:16:05 +5m 9s | thequantuminsider_2020_02_27_can_quantum_computing_play_a_role_in_curing_outbreaks_like_c_8b701839] Extracting interactions: https://thequantuminsider.com/2020/02/27/can-quantum-computing-play-a-role-in-curing-outbreaks-like-coronavirus-at-least-one-startup-thinks-so (1/1), chunk 31/38
[03:16:07 +5m 11s | thequantuminsider_2020_02_27_can_quantum_computing_play_a_role_in_curing_outbreaks_like_c_8b701839] Extracting interactions: https://thequantuminsider.com/2020/02/27/can-quantum-computing-play-a-role-in-curing-outbreaks-like-coronavirus-at-least-one-startup-thinks-so (1/1), chunk 32/38
[03:16:08 +5m 12s | thequantuminsider_2020_02_27_can_quantum_computing_play_a_role_in_curing_outbreaks_like_c_8b701839] Extracting interactions: https://thequantuminsider.com/2020/02/27/can-quantum-computing-play-a-role-in-curing-outbreaks-like-coronavirus-at-least-one-startup-thinks-so (1/1), chunk 33/38
[03:16:09 +5m 13s | thequantuminsider_2020_02_27_can_quantum_computing_play_a_role_in_curing_outbreaks_like_c_8b701839] Extracting interactions: https://thequantuminsider.com/2020/02/27/can-quantum-computing-play-a-role-in-curing-outbreaks-like-coronavirus-at-least-one-startup-thinks-so (1/1), chunk 34/38
[03:16:11 +5m 15s | thequantuminsider_2020_02_27_can_quantum_computing_play_a_role_in_curing_outbreaks_like_c_8b701839] Extracting interactions: https://thequantuminsider.com/2020/02/27/can-quantum-computing-play-a-role-in-curing-outbreaks-like-coronavirus-at-least-one-startup-thinks-so (1/1), chunk 35/38
[03:16:14 +5m 18s | thequantuminsider_2020_02_27_can_quantum_computing_play_a_role_in_curing_outbreaks_like_c_8b701839] Extracting interactions: https://thequantuminsider.com/2020/02/27/can-quantum-computing-play-a-role-in-curing-outbreaks-like-coronavirus-at-least-one-startup-thinks-so (1/1), chunk 36/38
[03:16:15 +5m 19s | thequantuminsider_2020_02_27_can_quantum_computing_play_a_role_in_curing_outbreaks_like_c_8b701839] Extracting interactions: https://thequantuminsider.com/2020/02/27/can-quantum-computing-play-a-role-in-curing-outbreaks-like-coronavirus-at-least-one-startup-thinks-so (1/1), chunk 37/38
[03:16:17 +5m 21s | thequantuminsider_2020_02_27_can_quantum_computing_play_a_role_in_curing_outbreaks_like_c_8b701839] Extracting interactions: https://thequantuminsider.com/2020/02/27/can-quantum-computing-play-a-role-in-curing-outbreaks-like-coronavirus-at-least-one-startup-thinks-so (1/1), chunk 38/38
[03:16:18 +5m 22s | thequantuminsider_2020_02_27_can_quantum_computing_play_a_role_in_curing_outbreaks_like_c_8b701839] Saved 3_interaction_results.json with 19 extracted interactions.

[03:16:19 +5m 23s | thequantuminsider_2020_02_27_can_quantum_computing_play_a_role_in_curing_outbreaks_like_c_8b701839] === 4 clean interactions ===
[03:16:19 +5m 23s | thequantuminsider_2020_02_27_can_quantum_computing_play_a_role_in_curing_outbreaks_like_c_8b701839] Saved 4_edges.json with 1 cleaned interactions.

[03:16:19 +5m 23s | thequantuminsider_2020_02_27_can_quantum_computing_play_a_role_in_curing_outbreaks_like_c_8b701839] === 5 helix enrichment ===
[03:16:19 +5m 23s | thequantuminsider_2020_02_27_can_quantum_computing_play_a_role_in_curing_outbreaks_like_c_8b701839] Wrote 5_nodes.json (23 actors)
[03:16:19 +5m 23s | thequantuminsider_2020_02_27_can_quantum_computing_play_a_role_in_curing_outbreaks_like_c_8b701839] Wrote 5_edges.json (1 interactions)
[03:16:19 +5m 23s | thequantuminsider_2020_02_27_can_quantum_computing_play_a_role_in_curing_outbreaks_like_c_8b701839] Actor helix counts: {'Academia': 1, 'Civil Society': 2, 'Government': 2, 'Industry': 8, 'Intermediary': 2, 'Unknown': 8}
[03:16:19 +5m 23s | thequantuminsider_2020_02_27_can_quantum_computing_play_a_role_in_curing_outbreaks_like_c_8b701839] Functional-space counts: {'Intra-helix / Not classified': 1}

[03:16:19 +5m 23s | thequantuminsider_2020_02_27_can_quantum_computing_play_a_role_in_curing_outbreaks_like_c_8b701839] === 6 network visualisation ===
[03:16:19 +5m 23s | thequantuminsider_2020_02_27_can_quantum_computing_play_a_role_in_curing_outbreaks_like_c_8b701839] Wrote quantum_network.html
[03:16:19 +5m 23s | thequantuminsider_2020_02_27_can_quantum_computing_play_a_role_in_curing_outbreaks_like_c_8b701839] Nodes: 23
[03:16:19 +5m 23s | thequantuminsider_2020_02_27_can_quantum_computing_play_a_role_in_curing_outbreaks_like_c_8b701839] Edges: 1

[03:16:19 +5m 23s | thequantuminsider_2020_02_27_can_quantum_computing_play_a_role_in_curing_outbreaks_like_c_8b701839] Done. Outputs written to: /home/lv/IDP/idpdeeptech/pipeline/news_outputs/thequantuminsider_2020_02_27_can_quantum_computing_play_a_role_in_curing_outbreaks_like_c_8b701839
[03:16:19 +5m 23s | thequantuminsider_2020_02_27_can_quantum_computing_play_a_role_in_curing_outbreaks_like_c_8b701839] Log: /home/lv/IDP/idpdeeptech/pipeline/news_outputs/thequantuminsider_2020_02_27_can_quantum_computing_play_a_role_in_curing_outbreaks_like_c_8b701839/run.log

========================================================================
RUN FINISHED 2026-07-02 03:16:19  (OK)
Started:     2026-07-02 03:10:27
Elapsed:     5m 23s
========================================================================
