
========================================================================
RUN STARTED  2026-07-01 20:47:31
site_pipeline.py https://thequantuminsider.com/2020/08/15/evolutionq-awarded-contribution-from-canada-space-agency-for-quantum-key-distribution-network-research-and-development/
========================================================================

[20:47:31 +0s | thequantuminsider_2020_08_15_evolutionq_awarded_contribution_from_canada_space_agency_for_4b3e58f9] === 0 crawl site ===
[20:47:32 +1s | thequantuminsider_2020_08_15_evolutionq_awarded_contribution_from_canada_space_agency_for_4b3e58f9] [INIT].... → Crawl4AI 0.8.6 
[20:47:33 +3s | thequantuminsider_2020_08_15_evolutionq_awarded_contribution_from_canada_space_agency_for_4b3e58f9] [FETCH]... ↓ https://thequantuminsider.com/2020/08/15/evoluti...y-distribution-network-research-and-development/  | ✓ | ⏱: 1.78s 
[20:47:34 +3s | thequantuminsider_2020_08_15_evolutionq_awarded_contribution_from_canada_space_agency_for_4b3e58f9] [SCRAPE].. ◆ https://thequantuminsider.com/2020/08/15/evoluti...y-distribution-network-research-and-development/  | ✓ | ⏱: 0.10s 
[20:47:34 +3s | thequantuminsider_2020_08_15_evolutionq_awarded_contribution_from_canada_space_agency_for_4b3e58f9] [COMPLETE] ● https://thequantuminsider.com/2020/08/15/evoluti...y-distribution-network-research-and-development/  | ✓ | ⏱: 1.90s 
[20:47:34 +3s | thequantuminsider_2020_08_15_evolutionq_awarded_contribution_from_canada_space_agency_for_4b3e58f9] Saved: crawl_output/9fe5566a84_thequantuminsider.com_2020_08_15_evolutionq-awarded-contribution-from-canada-space-agency-for-quantum-key-distribution-network-research-and-development.json

[20:47:34 +3s | thequantuminsider_2020_08_15_evolutionq_awarded_contribution_from_canada_space_agency_for_4b3e58f9] === 1 actor extraction ===
[20:47:34 +3s | thequantuminsider_2020_08_15_evolutionq_awarded_contribution_from_canada_space_agency_for_4b3e58f9] Reading page (1/1): https://thequantuminsider.com/2020/08/15/evolutionq-awarded-contribution-from-canada-space-agency-for-quantum-key-distribution-network-research-and-development
[20:47:34 +3s | thequantuminsider_2020_08_15_evolutionq_awarded_contribution_from_canada_space_agency_for_4b3e58f9] Extracting actors: https://thequantuminsider.com/2020/08/15/evolutionq-awarded-contribution-from-canada-space-agency-for-quantum-key-distribution-network-research-and-development (1/1), chunk 1/38
[20:47:41 +10s | thequantuminsider_2020_08_15_evolutionq_awarded_contribution_from_canada_space_agency_for_4b3e58f9] Repaired malformed JSON.
[20:47:41 +10s | thequantuminsider_2020_08_15_evolutionq_awarded_contribution_from_canada_space_agency_for_4b3e58f9] Extracting actors: https://thequantuminsider.com/2020/08/15/evolutionq-awarded-contribution-from-canada-space-agency-for-quantum-key-distribution-network-research-and-development (1/1), chunk 2/38
[20:47:47 +16s | thequantuminsider_2020_08_15_evolutionq_awarded_contribution_from_canada_space_agency_for_4b3e58f9] Repaired malformed JSON.
[20:47:47 +16s | thequantuminsider_2020_08_15_evolutionq_awarded_contribution_from_canada_space_agency_for_4b3e58f9] Extracting actors: https://thequantuminsider.com/2020/08/15/evolutionq-awarded-contribution-from-canada-space-agency-for-quantum-key-distribution-network-research-and-development (1/1), chunk 3/38
[20:47:57 +23s | thequantuminsider_2020_08_15_evolutionq_awarded_contribution_from_canada_space_agency_for_4b3e58f9] Repaired malformed JSON.
[20:47:57 +23s | thequantuminsider_2020_08_15_evolutionq_awarded_contribution_from_canada_space_agency_for_4b3e58f9] Extracting actors: https://thequantuminsider.com/2020/08/15/evolutionq-awarded-contribution-from-canada-space-agency-for-quantum-key-distribution-network-research-and-development (1/1), chunk 4/38
[20:48:05 +32s | thequantuminsider_2020_08_15_evolutionq_awarded_contribution_from_canada_space_agency_for_4b3e58f9] Repaired malformed JSON.
[20:48:05 +32s | thequantuminsider_2020_08_15_evolutionq_awarded_contribution_from_canada_space_agency_for_4b3e58f9] Extracting actors: https://thequantuminsider.com/2020/08/15/evolutionq-awarded-contribution-from-canada-space-agency-for-quantum-key-distribution-network-research-and-development (1/1), chunk 5/38
[20:48:13 +40s | thequantuminsider_2020_08_15_evolutionq_awarded_contribution_from_canada_space_agency_for_4b3e58f9] Repaired malformed JSON.
[20:48:13 +40s | thequantuminsider_2020_08_15_evolutionq_awarded_contribution_from_canada_space_agency_for_4b3e58f9] Extracting actors: https://thequantuminsider.com/2020/08/15/evolutionq-awarded-contribution-from-canada-space-agency-for-quantum-key-distribution-network-research-and-development (1/1), chunk 6/38
[20:48:20 +47s | thequantuminsider_2020_08_15_evolutionq_awarded_contribution_from_canada_space_agency_for_4b3e58f9] Repaired malformed JSON.
[20:48:20 +47s | thequantuminsider_2020_08_15_evolutionq_awarded_contribution_from_canada_space_agency_for_4b3e58f9] Extracting actors: https://thequantuminsider.com/2020/08/15/evolutionq-awarded-contribution-from-canada-space-agency-for-quantum-key-distribution-network-research-and-development (1/1), chunk 7/38
[20:48:31 +55s | thequantuminsider_2020_08_15_evolutionq_awarded_contribution_from_canada_space_agency_for_4b3e58f9] Repaired malformed JSON.
[20:48:31 +55s | thequantuminsider_2020_08_15_evolutionq_awarded_contribution_from_canada_space_agency_for_4b3e58f9] Extracting actors: https://thequantuminsider.com/2020/08/15/evolutionq-awarded-contribution-from-canada-space-agency-for-quantum-key-distribution-network-research-and-development (1/1), chunk 8/38
[20:48:41 +1m 5s | thequantuminsider_2020_08_15_evolutionq_awarded_contribution_from_canada_space_agency_for_4b3e58f9] Repaired malformed JSON.
[20:48:41 +1m 5s | thequantuminsider_2020_08_15_evolutionq_awarded_contribution_from_canada_space_agency_for_4b3e58f9] Extracting actors: https://thequantuminsider.com/2020/08/15/evolutionq-awarded-contribution-from-canada-space-agency-for-quantum-key-distribution-network-research-and-development (1/1), chunk 9/38
[20:48:49 +1m 12s | thequantuminsider_2020_08_15_evolutionq_awarded_contribution_from_canada_space_agency_for_4b3e58f9] Repaired malformed JSON.
[20:48:49 +1m 12s | thequantuminsider_2020_08_15_evolutionq_awarded_contribution_from_canada_space_agency_for_4b3e58f9] Extracting actors: https://thequantuminsider.com/2020/08/15/evolutionq-awarded-contribution-from-canada-space-agency-for-quantum-key-distribution-network-research-and-development (1/1), chunk 10/38
[20:48:55 +1m 18s | thequantuminsider_2020_08_15_evolutionq_awarded_contribution_from_canada_space_agency_for_4b3e58f9] Repaired malformed JSON.
[20:48:55 +1m 18s | thequantuminsider_2020_08_15_evolutionq_awarded_contribution_from_canada_space_agency_for_4b3e58f9] Extracting actors: https://thequantuminsider.com/2020/08/15/evolutionq-awarded-contribution-from-canada-space-agency-for-quantum-key-distribution-network-research-and-development (1/1), chunk 11/38
[20:49:03 +1m 27s | thequantuminsider_2020_08_15_evolutionq_awarded_contribution_from_canada_space_agency_for_4b3e58f9] Repaired malformed JSON.
[20:49:03 +1m 27s | thequantuminsider_2020_08_15_evolutionq_awarded_contribution_from_canada_space_agency_for_4b3e58f9] Extracting actors: https://thequantuminsider.com/2020/08/15/evolutionq-awarded-contribution-from-canada-space-agency-for-quantum-key-distribution-network-research-and-development (1/1), chunk 12/38
[20:49:14 +1m 35s | thequantuminsider_2020_08_15_evolutionq_awarded_contribution_from_canada_space_agency_for_4b3e58f9] Repaired malformed JSON.
[20:49:14 +1m 35s | thequantuminsider_2020_08_15_evolutionq_awarded_contribution_from_canada_space_agency_for_4b3e58f9] Extracting actors: https://thequantuminsider.com/2020/08/15/evolutionq-awarded-contribution-from-canada-space-agency-for-quantum-key-distribution-network-research-and-development (1/1), chunk 13/38
[20:49:22 +1m 43s | thequantuminsider_2020_08_15_evolutionq_awarded_contribution_from_canada_space_agency_for_4b3e58f9] Repaired malformed JSON.
[20:49:22 +1m 43s | thequantuminsider_2020_08_15_evolutionq_awarded_contribution_from_canada_space_agency_for_4b3e58f9] Extracting actors: https://thequantuminsider.com/2020/08/15/evolutionq-awarded-contribution-from-canada-space-agency-for-quantum-key-distribution-network-research-and-development (1/1), chunk 14/38
[20:49:28 +1m 49s | thequantuminsider_2020_08_15_evolutionq_awarded_contribution_from_canada_space_agency_for_4b3e58f9] Repaired malformed JSON.
[20:49:28 +1m 49s | thequantuminsider_2020_08_15_evolutionq_awarded_contribution_from_canada_space_agency_for_4b3e58f9] Extracting actors: https://thequantuminsider.com/2020/08/15/evolutionq-awarded-contribution-from-canada-space-agency-for-quantum-key-distribution-network-research-and-development (1/1), chunk 15/38
[20:49:37 +1m 57s | thequantuminsider_2020_08_15_evolutionq_awarded_contribution_from_canada_space_agency_for_4b3e58f9] Repaired malformed JSON.
[20:49:37 +1m 57s | thequantuminsider_2020_08_15_evolutionq_awarded_contribution_from_canada_space_agency_for_4b3e58f9] Extracting actors: https://thequantuminsider.com/2020/08/15/evolutionq-awarded-contribution-from-canada-space-agency-for-quantum-key-distribution-network-research-and-development (1/1), chunk 16/38
[20:49:48 +2m 6s | thequantuminsider_2020_08_15_evolutionq_awarded_contribution_from_canada_space_agency_for_4b3e58f9] Repaired malformed JSON.
[20:49:48 +2m 6s | thequantuminsider_2020_08_15_evolutionq_awarded_contribution_from_canada_space_agency_for_4b3e58f9] Extracting actors: https://thequantuminsider.com/2020/08/15/evolutionq-awarded-contribution-from-canada-space-agency-for-quantum-key-distribution-network-research-and-development (1/1), chunk 17/38
[20:49:55 +2m 13s | thequantuminsider_2020_08_15_evolutionq_awarded_contribution_from_canada_space_agency_for_4b3e58f9] Repaired malformed JSON.
[20:49:55 +2m 13s | thequantuminsider_2020_08_15_evolutionq_awarded_contribution_from_canada_space_agency_for_4b3e58f9] Extracting actors: https://thequantuminsider.com/2020/08/15/evolutionq-awarded-contribution-from-canada-space-agency-for-quantum-key-distribution-network-research-and-development (1/1), chunk 18/38
[20:50:04 +2m 21s | thequantuminsider_2020_08_15_evolutionq_awarded_contribution_from_canada_space_agency_for_4b3e58f9] Repaired malformed JSON.
[20:50:04 +2m 21s | thequantuminsider_2020_08_15_evolutionq_awarded_contribution_from_canada_space_agency_for_4b3e58f9] Extracting actors: https://thequantuminsider.com/2020/08/15/evolutionq-awarded-contribution-from-canada-space-agency-for-quantum-key-distribution-network-research-and-development (1/1), chunk 19/38
[20:50:09 +2m 27s | thequantuminsider_2020_08_15_evolutionq_awarded_contribution_from_canada_space_agency_for_4b3e58f9] Repaired malformed JSON.
[20:50:09 +2m 27s | thequantuminsider_2020_08_15_evolutionq_awarded_contribution_from_canada_space_agency_for_4b3e58f9] Extracting actors: https://thequantuminsider.com/2020/08/15/evolutionq-awarded-contribution-from-canada-space-agency-for-quantum-key-distribution-network-research-and-development (1/1), chunk 20/38
[20:50:18 +2m 33s | thequantuminsider_2020_08_15_evolutionq_awarded_contribution_from_canada_space_agency_for_4b3e58f9] Repaired malformed JSON.
[20:50:18 +2m 33s | thequantuminsider_2020_08_15_evolutionq_awarded_contribution_from_canada_space_agency_for_4b3e58f9] Extracting actors: https://thequantuminsider.com/2020/08/15/evolutionq-awarded-contribution-from-canada-space-agency-for-quantum-key-distribution-network-research-and-development (1/1), chunk 21/38
[20:50:24 +2m 39s | thequantuminsider_2020_08_15_evolutionq_awarded_contribution_from_canada_space_agency_for_4b3e58f9] Repaired malformed JSON.
[20:50:24 +2m 39s | thequantuminsider_2020_08_15_evolutionq_awarded_contribution_from_canada_space_agency_for_4b3e58f9] Extracting actors: https://thequantuminsider.com/2020/08/15/evolutionq-awarded-contribution-from-canada-space-agency-for-quantum-key-distribution-network-research-and-development (1/1), chunk 22/38
[20:50:32 +2m 46s | thequantuminsider_2020_08_15_evolutionq_awarded_contribution_from_canada_space_agency_for_4b3e58f9] Repaired malformed JSON.
[20:50:32 +2m 46s | thequantuminsider_2020_08_15_evolutionq_awarded_contribution_from_canada_space_agency_for_4b3e58f9] Extracting actors: https://thequantuminsider.com/2020/08/15/evolutionq-awarded-contribution-from-canada-space-agency-for-quantum-key-distribution-network-research-and-development (1/1), chunk 23/38
[20:50:38 +2m 53s | thequantuminsider_2020_08_15_evolutionq_awarded_contribution_from_canada_space_agency_for_4b3e58f9] Repaired malformed JSON.
[20:50:38 +2m 53s | thequantuminsider_2020_08_15_evolutionq_awarded_contribution_from_canada_space_agency_for_4b3e58f9] Extracting actors: https://thequantuminsider.com/2020/08/15/evolutionq-awarded-contribution-from-canada-space-agency-for-quantum-key-distribution-network-research-and-development (1/1), chunk 24/38
[20:50:44 +2m 59s | thequantuminsider_2020_08_15_evolutionq_awarded_contribution_from_canada_space_agency_for_4b3e58f9] Repaired malformed JSON.
[20:50:44 +2m 59s | thequantuminsider_2020_08_15_evolutionq_awarded_contribution_from_canada_space_agency_for_4b3e58f9] Extracting actors: https://thequantuminsider.com/2020/08/15/evolutionq-awarded-contribution-from-canada-space-agency-for-quantum-key-distribution-network-research-and-development (1/1), chunk 25/38
[20:50:55 +3m 7s | thequantuminsider_2020_08_15_evolutionq_awarded_contribution_from_canada_space_agency_for_4b3e58f9] Repaired malformed JSON.
[20:50:55 +3m 7s | thequantuminsider_2020_08_15_evolutionq_awarded_contribution_from_canada_space_agency_for_4b3e58f9] Extracting actors: https://thequantuminsider.com/2020/08/15/evolutionq-awarded-contribution-from-canada-space-agency-for-quantum-key-distribution-network-research-and-development (1/1), chunk 26/38
[20:51:01 +3m 12s | thequantuminsider_2020_08_15_evolutionq_awarded_contribution_from_canada_space_agency_for_4b3e58f9] Repaired malformed JSON.
[20:51:01 +3m 12s | thequantuminsider_2020_08_15_evolutionq_awarded_contribution_from_canada_space_agency_for_4b3e58f9] Extracting actors: https://thequantuminsider.com/2020/08/15/evolutionq-awarded-contribution-from-canada-space-agency-for-quantum-key-distribution-network-research-and-development (1/1), chunk 27/38
[20:51:09 +3m 21s | thequantuminsider_2020_08_15_evolutionq_awarded_contribution_from_canada_space_agency_for_4b3e58f9] Repaired malformed JSON.
[20:51:09 +3m 21s | thequantuminsider_2020_08_15_evolutionq_awarded_contribution_from_canada_space_agency_for_4b3e58f9] Extracting actors: https://thequantuminsider.com/2020/08/15/evolutionq-awarded-contribution-from-canada-space-agency-for-quantum-key-distribution-network-research-and-development (1/1), chunk 28/38
[20:51:15 +3m 27s | thequantuminsider_2020_08_15_evolutionq_awarded_contribution_from_canada_space_agency_for_4b3e58f9] Repaired malformed JSON.
[20:51:15 +3m 27s | thequantuminsider_2020_08_15_evolutionq_awarded_contribution_from_canada_space_agency_for_4b3e58f9] Extracting actors: https://thequantuminsider.com/2020/08/15/evolutionq-awarded-contribution-from-canada-space-agency-for-quantum-key-distribution-network-research-and-development (1/1), chunk 29/38
[20:51:23 +3m 35s | thequantuminsider_2020_08_15_evolutionq_awarded_contribution_from_canada_space_agency_for_4b3e58f9] Repaired malformed JSON.
[20:51:23 +3m 35s | thequantuminsider_2020_08_15_evolutionq_awarded_contribution_from_canada_space_agency_for_4b3e58f9] Extracting actors: https://thequantuminsider.com/2020/08/15/evolutionq-awarded-contribution-from-canada-space-agency-for-quantum-key-distribution-network-research-and-development (1/1), chunk 30/38
[20:51:34 +3m 43s | thequantuminsider_2020_08_15_evolutionq_awarded_contribution_from_canada_space_agency_for_4b3e58f9] Repaired malformed JSON.
[20:51:34 +3m 43s | thequantuminsider_2020_08_15_evolutionq_awarded_contribution_from_canada_space_agency_for_4b3e58f9] Extracting actors: https://thequantuminsider.com/2020/08/15/evolutionq-awarded-contribution-from-canada-space-agency-for-quantum-key-distribution-network-research-and-development (1/1), chunk 31/38
[20:51:40 +3m 49s | thequantuminsider_2020_08_15_evolutionq_awarded_contribution_from_canada_space_agency_for_4b3e58f9] Repaired malformed JSON.
[20:51:40 +3m 49s | thequantuminsider_2020_08_15_evolutionq_awarded_contribution_from_canada_space_agency_for_4b3e58f9] Extracting actors: https://thequantuminsider.com/2020/08/15/evolutionq-awarded-contribution-from-canada-space-agency-for-quantum-key-distribution-network-research-and-development (1/1), chunk 32/38
[20:51:47 +3m 56s | thequantuminsider_2020_08_15_evolutionq_awarded_contribution_from_canada_space_agency_for_4b3e58f9] Repaired malformed JSON.
[20:51:47 +3m 56s | thequantuminsider_2020_08_15_evolutionq_awarded_contribution_from_canada_space_agency_for_4b3e58f9] Extracting actors: https://thequantuminsider.com/2020/08/15/evolutionq-awarded-contribution-from-canada-space-agency-for-quantum-key-distribution-network-research-and-development (1/1), chunk 33/38
[20:51:55 +4m 4s | thequantuminsider_2020_08_15_evolutionq_awarded_contribution_from_canada_space_agency_for_4b3e58f9] Repaired malformed JSON.
[20:51:55 +4m 4s | thequantuminsider_2020_08_15_evolutionq_awarded_contribution_from_canada_space_agency_for_4b3e58f9] Extracting actors: https://thequantuminsider.com/2020/08/15/evolutionq-awarded-contribution-from-canada-space-agency-for-quantum-key-distribution-network-research-and-development (1/1), chunk 34/38
[20:52:06 +4m 12s | thequantuminsider_2020_08_15_evolutionq_awarded_contribution_from_canada_space_agency_for_4b3e58f9] Repaired malformed JSON.
[20:52:06 +4m 12s | thequantuminsider_2020_08_15_evolutionq_awarded_contribution_from_canada_space_agency_for_4b3e58f9] Extracting actors: https://thequantuminsider.com/2020/08/15/evolutionq-awarded-contribution-from-canada-space-agency-for-quantum-key-distribution-network-research-and-development (1/1), chunk 35/38
[20:52:13 +4m 19s | thequantuminsider_2020_08_15_evolutionq_awarded_contribution_from_canada_space_agency_for_4b3e58f9] Repaired malformed JSON.
[20:52:13 +4m 19s | thequantuminsider_2020_08_15_evolutionq_awarded_contribution_from_canada_space_agency_for_4b3e58f9] Extracting actors: https://thequantuminsider.com/2020/08/15/evolutionq-awarded-contribution-from-canada-space-agency-for-quantum-key-distribution-network-research-and-development (1/1), chunk 36/38
[20:52:18 +4m 24s | thequantuminsider_2020_08_15_evolutionq_awarded_contribution_from_canada_space_agency_for_4b3e58f9] Repaired malformed JSON.
[20:52:18 +4m 24s | thequantuminsider_2020_08_15_evolutionq_awarded_contribution_from_canada_space_agency_for_4b3e58f9] Extracting actors: https://thequantuminsider.com/2020/08/15/evolutionq-awarded-contribution-from-canada-space-agency-for-quantum-key-distribution-network-research-and-development (1/1), chunk 37/38
[20:52:26 +4m 32s | thequantuminsider_2020_08_15_evolutionq_awarded_contribution_from_canada_space_agency_for_4b3e58f9] Repaired malformed JSON.
[20:52:26 +4m 32s | thequantuminsider_2020_08_15_evolutionq_awarded_contribution_from_canada_space_agency_for_4b3e58f9] Extracting actors: https://thequantuminsider.com/2020/08/15/evolutionq-awarded-contribution-from-canada-space-agency-for-quantum-key-distribution-network-research-and-development (1/1), chunk 38/38
[20:52:34 +4m 40s | thequantuminsider_2020_08_15_evolutionq_awarded_contribution_from_canada_space_agency_for_4b3e58f9] Repaired malformed JSON.
[20:52:34 +4m 40s | thequantuminsider_2020_08_15_evolutionq_awarded_contribution_from_canada_space_agency_for_4b3e58f9] Saved 1_actor_results.json with 76 extracted records

[20:52:34 +4m 40s | thequantuminsider_2020_08_15_evolutionq_awarded_contribution_from_canada_space_agency_for_4b3e58f9] === 2 clean actors ===
[20:52:34 +4m 40s | thequantuminsider_2020_08_15_evolutionq_awarded_contribution_from_canada_space_agency_for_4b3e58f9] Loaded 76 extracted records
[20:52:34 +4m 40s | thequantuminsider_2020_08_15_evolutionq_awarded_contribution_from_canada_space_agency_for_4b3e58f9] Saved 2_actor_nodes.json with 11 canonical actor nodes

[20:52:34 +4m 40s | thequantuminsider_2020_08_15_evolutionq_awarded_contribution_from_canada_space_agency_for_4b3e58f9] === 3 interaction extraction ===
[20:52:37 +4m 40s | thequantuminsider_2020_08_15_evolutionq_awarded_contribution_from_canada_space_agency_for_4b3e58f9] Extracting interactions: https://thequantuminsider.com/2020/08/15/evolutionq-awarded-contribution-from-canada-space-agency-for-quantum-key-distribution-network-research-and-development (1/1), chunk 7/38
[20:52:44 +4m 47s | thequantuminsider_2020_08_15_evolutionq_awarded_contribution_from_canada_space_agency_for_4b3e58f9] Extracting interactions: https://thequantuminsider.com/2020/08/15/evolutionq-awarded-contribution-from-canada-space-agency-for-quantum-key-distribution-network-research-and-development (1/1), chunk 11/38
[20:52:50 +4m 53s | thequantuminsider_2020_08_15_evolutionq_awarded_contribution_from_canada_space_agency_for_4b3e58f9] Extracting interactions: https://thequantuminsider.com/2020/08/15/evolutionq-awarded-contribution-from-canada-space-agency-for-quantum-key-distribution-network-research-and-development (1/1), chunk 12/38
[20:52:56 +4m 59s | thequantuminsider_2020_08_15_evolutionq_awarded_contribution_from_canada_space_agency_for_4b3e58f9] Extracting interactions: https://thequantuminsider.com/2020/08/15/evolutionq-awarded-contribution-from-canada-space-agency-for-quantum-key-distribution-network-research-and-development (1/1), chunk 13/38
[20:53:04 +5m 7s | thequantuminsider_2020_08_15_evolutionq_awarded_contribution_from_canada_space_agency_for_4b3e58f9] Extracting interactions: https://thequantuminsider.com/2020/08/15/evolutionq-awarded-contribution-from-canada-space-agency-for-quantum-key-distribution-network-research-and-development (1/1), chunk 14/38
[20:53:09 +5m 12s | thequantuminsider_2020_08_15_evolutionq_awarded_contribution_from_canada_space_agency_for_4b3e58f9] Extracting interactions: https://thequantuminsider.com/2020/08/15/evolutionq-awarded-contribution-from-canada-space-agency-for-quantum-key-distribution-network-research-and-development (1/1), chunk 15/38
[20:53:19 +5m 19s | thequantuminsider_2020_08_15_evolutionq_awarded_contribution_from_canada_space_agency_for_4b3e58f9] Extracting interactions: https://thequantuminsider.com/2020/08/15/evolutionq-awarded-contribution-from-canada-space-agency-for-quantum-key-distribution-network-research-and-development (1/1), chunk 16/38
[20:53:25 +5m 25s | thequantuminsider_2020_08_15_evolutionq_awarded_contribution_from_canada_space_agency_for_4b3e58f9] Extracting interactions: https://thequantuminsider.com/2020/08/15/evolutionq-awarded-contribution-from-canada-space-agency-for-quantum-key-distribution-network-research-and-development (1/1), chunk 17/38
[20:53:30 +5m 30s | thequantuminsider_2020_08_15_evolutionq_awarded_contribution_from_canada_space_agency_for_4b3e58f9] Extracting interactions: https://thequantuminsider.com/2020/08/15/evolutionq-awarded-contribution-from-canada-space-agency-for-quantum-key-distribution-network-research-and-development (1/1), chunk 18/38
[20:53:34 +5m 34s | thequantuminsider_2020_08_15_evolutionq_awarded_contribution_from_canada_space_agency_for_4b3e58f9] Extracting interactions: https://thequantuminsider.com/2020/08/15/evolutionq-awarded-contribution-from-canada-space-agency-for-quantum-key-distribution-network-research-and-development (1/1), chunk 19/38
[20:53:43 +5m 43s | thequantuminsider_2020_08_15_evolutionq_awarded_contribution_from_canada_space_agency_for_4b3e58f9] Extracting interactions: https://thequantuminsider.com/2020/08/15/evolutionq-awarded-contribution-from-canada-space-agency-for-quantum-key-distribution-network-research-and-development (1/1), chunk 20/38
[20:53:55 +5m 52s | thequantuminsider_2020_08_15_evolutionq_awarded_contribution_from_canada_space_agency_for_4b3e58f9] Extracting interactions: https://thequantuminsider.com/2020/08/15/evolutionq-awarded-contribution-from-canada-space-agency-for-quantum-key-distribution-network-research-and-development (1/1), chunk 21/38
[20:54:03 +6m 0s | thequantuminsider_2020_08_15_evolutionq_awarded_contribution_from_canada_space_agency_for_4b3e58f9] Extracting interactions: https://thequantuminsider.com/2020/08/15/evolutionq-awarded-contribution-from-canada-space-agency-for-quantum-key-distribution-network-research-and-development (1/1), chunk 22/38
[20:54:06 +6m 3s | thequantuminsider_2020_08_15_evolutionq_awarded_contribution_from_canada_space_agency_for_4b3e58f9] Extracting interactions: https://thequantuminsider.com/2020/08/15/evolutionq-awarded-contribution-from-canada-space-agency-for-quantum-key-distribution-network-research-and-development (1/1), chunk 23/38
[20:54:11 +6m 9s | thequantuminsider_2020_08_15_evolutionq_awarded_contribution_from_canada_space_agency_for_4b3e58f9] Extracting interactions: https://thequantuminsider.com/2020/08/15/evolutionq-awarded-contribution-from-canada-space-agency-for-quantum-key-distribution-network-research-and-development (1/1), chunk 27/38
[20:54:15 +6m 12s | thequantuminsider_2020_08_15_evolutionq_awarded_contribution_from_canada_space_agency_for_4b3e58f9] Saved 3_interaction_results.json with 22 extracted interactions.

[20:54:15 +6m 12s | thequantuminsider_2020_08_15_evolutionq_awarded_contribution_from_canada_space_agency_for_4b3e58f9] === 4 clean interactions ===
[20:54:15 +6m 12s | thequantuminsider_2020_08_15_evolutionq_awarded_contribution_from_canada_space_agency_for_4b3e58f9] Saved 4_edges.json with 4 cleaned interactions.

[20:54:15 +6m 12s | thequantuminsider_2020_08_15_evolutionq_awarded_contribution_from_canada_space_agency_for_4b3e58f9] === 5 helix enrichment ===
[20:54:15 +6m 12s | thequantuminsider_2020_08_15_evolutionq_awarded_contribution_from_canada_space_agency_for_4b3e58f9] Wrote 5_nodes.json (11 actors)
[20:54:15 +6m 12s | thequantuminsider_2020_08_15_evolutionq_awarded_contribution_from_canada_space_agency_for_4b3e58f9] Wrote 5_edges.json (4 interactions)
[20:54:15 +6m 12s | thequantuminsider_2020_08_15_evolutionq_awarded_contribution_from_canada_space_agency_for_4b3e58f9] Actor helix counts: {'Academia': 1, 'Civil Society': 3, 'Government': 4, 'Industry': 1, 'Unknown': 2}
[20:54:15 +6m 12s | thequantuminsider_2020_08_15_evolutionq_awarded_contribution_from_canada_space_agency_for_4b3e58f9] Functional-space counts: {'Consensus': 4}

[20:54:15 +6m 12s | thequantuminsider_2020_08_15_evolutionq_awarded_contribution_from_canada_space_agency_for_4b3e58f9] === 6 network visualisation ===
[20:54:16 +6m 13s | thequantuminsider_2020_08_15_evolutionq_awarded_contribution_from_canada_space_agency_for_4b3e58f9] Wrote quantum_network.html
[20:54:16 +6m 13s | thequantuminsider_2020_08_15_evolutionq_awarded_contribution_from_canada_space_agency_for_4b3e58f9] Nodes: 11
[20:54:16 +6m 13s | thequantuminsider_2020_08_15_evolutionq_awarded_contribution_from_canada_space_agency_for_4b3e58f9] Edges: 2

[20:54:16 +6m 13s | thequantuminsider_2020_08_15_evolutionq_awarded_contribution_from_canada_space_agency_for_4b3e58f9] Done. Outputs written to: /home/lv/IDP/idpdeeptech/pipeline/news_outputs/thequantuminsider_2020_08_15_evolutionq_awarded_contribution_from_canada_space_agency_for_4b3e58f9
[20:54:16 +6m 13s | thequantuminsider_2020_08_15_evolutionq_awarded_contribution_from_canada_space_agency_for_4b3e58f9] Log: /home/lv/IDP/idpdeeptech/pipeline/news_outputs/thequantuminsider_2020_08_15_evolutionq_awarded_contribution_from_canada_space_agency_for_4b3e58f9/run.log

========================================================================
RUN FINISHED 2026-07-01 20:54:16  (OK)
Started:     2026-07-01 20:47:31
Elapsed:     6m 13s
========================================================================
