
========================================================================
RUN STARTED  2026-07-02 09:15:48
site_pipeline.py https://thequantuminsider.com/2024/02/27/too-many-quantum-cooks-why-the-pentagon-needs-a-quantum-czar/
========================================================================

[09:15:48 +0s | thequantuminsider_2024_02_27_too_many_quantum_cooks_why_the_pentagon_needs_a_quantum_czar] === 0 crawl site ===
[09:15:49 +1s | thequantuminsider_2024_02_27_too_many_quantum_cooks_why_the_pentagon_needs_a_quantum_czar] [INIT].... → Crawl4AI 0.8.6 
[09:15:52 +4s | thequantuminsider_2024_02_27_too_many_quantum_cooks_why_the_pentagon_needs_a_quantum_czar] [FETCH]... ↓ https://thequantuminsider.com/2024/02/27/too-man...tum-cooks-why-the-pentagon-needs-a-quantum-czar/  | ✓ | ⏱: 2.52s 
[09:15:52 +4s | thequantuminsider_2024_02_27_too_many_quantum_cooks_why_the_pentagon_needs_a_quantum_czar] [SCRAPE].. ◆ https://thequantuminsider.com/2024/02/27/too-man...tum-cooks-why-the-pentagon-needs-a-quantum-czar/  | ✓ | ⏱: 0.11s 
[09:15:52 +4s | thequantuminsider_2024_02_27_too_many_quantum_cooks_why_the_pentagon_needs_a_quantum_czar] [COMPLETE] ● https://thequantuminsider.com/2024/02/27/too-man...tum-cooks-why-the-pentagon-needs-a-quantum-czar/  | ✓ | ⏱: 2.65s 
[09:15:52 +4s | thequantuminsider_2024_02_27_too_many_quantum_cooks_why_the_pentagon_needs_a_quantum_czar] Saved: crawl_output/b836e6d818_thequantuminsider.com_2024_02_27_too-many-quantum-cooks-why-the-pentagon-needs-a-quantum-czar.json

[09:15:52 +5s | thequantuminsider_2024_02_27_too_many_quantum_cooks_why_the_pentagon_needs_a_quantum_czar] === 1 actor extraction ===
[09:15:52 +5s | thequantuminsider_2024_02_27_too_many_quantum_cooks_why_the_pentagon_needs_a_quantum_czar] Reading page (1/1): https://thequantuminsider.com/2024/02/27/too-many-quantum-cooks-why-the-pentagon-needs-a-quantum-czar
[09:15:52 +5s | thequantuminsider_2024_02_27_too_many_quantum_cooks_why_the_pentagon_needs_a_quantum_czar] Extracting actors: https://thequantuminsider.com/2024/02/27/too-many-quantum-cooks-why-the-pentagon-needs-a-quantum-czar (1/1), chunk 1/38
[09:15:57 +9s | thequantuminsider_2024_02_27_too_many_quantum_cooks_why_the_pentagon_needs_a_quantum_czar] Extracting actors: https://thequantuminsider.com/2024/02/27/too-many-quantum-cooks-why-the-pentagon-needs-a-quantum-czar (1/1), chunk 2/38
[09:16:04 +16s | thequantuminsider_2024_02_27_too_many_quantum_cooks_why_the_pentagon_needs_a_quantum_czar] Extracting actors: https://thequantuminsider.com/2024/02/27/too-many-quantum-cooks-why-the-pentagon-needs-a-quantum-czar (1/1), chunk 3/38
[09:16:10 +22s | thequantuminsider_2024_02_27_too_many_quantum_cooks_why_the_pentagon_needs_a_quantum_czar] Extracting actors: https://thequantuminsider.com/2024/02/27/too-many-quantum-cooks-why-the-pentagon-needs-a-quantum-czar (1/1), chunk 4/38
[09:16:15 +27s | thequantuminsider_2024_02_27_too_many_quantum_cooks_why_the_pentagon_needs_a_quantum_czar] Extracting actors: https://thequantuminsider.com/2024/02/27/too-many-quantum-cooks-why-the-pentagon-needs-a-quantum-czar (1/1), chunk 5/38
[09:16:19 +31s | thequantuminsider_2024_02_27_too_many_quantum_cooks_why_the_pentagon_needs_a_quantum_czar] Extracting actors: https://thequantuminsider.com/2024/02/27/too-many-quantum-cooks-why-the-pentagon-needs-a-quantum-czar (1/1), chunk 6/38
[09:16:24 +36s | thequantuminsider_2024_02_27_too_many_quantum_cooks_why_the_pentagon_needs_a_quantum_czar] Extracting actors: https://thequantuminsider.com/2024/02/27/too-many-quantum-cooks-why-the-pentagon-needs-a-quantum-czar (1/1), chunk 7/38
[09:16:28 +40s | thequantuminsider_2024_02_27_too_many_quantum_cooks_why_the_pentagon_needs_a_quantum_czar] Extracting actors: https://thequantuminsider.com/2024/02/27/too-many-quantum-cooks-why-the-pentagon-needs-a-quantum-czar (1/1), chunk 8/38
[09:16:33 +45s | thequantuminsider_2024_02_27_too_many_quantum_cooks_why_the_pentagon_needs_a_quantum_czar] Extracting actors: https://thequantuminsider.com/2024/02/27/too-many-quantum-cooks-why-the-pentagon-needs-a-quantum-czar (1/1), chunk 9/38
[09:16:38 +50s | thequantuminsider_2024_02_27_too_many_quantum_cooks_why_the_pentagon_needs_a_quantum_czar] Extracting actors: https://thequantuminsider.com/2024/02/27/too-many-quantum-cooks-why-the-pentagon-needs-a-quantum-czar (1/1), chunk 10/38
[09:16:44 +56s | thequantuminsider_2024_02_27_too_many_quantum_cooks_why_the_pentagon_needs_a_quantum_czar] Extracting actors: https://thequantuminsider.com/2024/02/27/too-many-quantum-cooks-why-the-pentagon-needs-a-quantum-czar (1/1), chunk 11/38
[09:16:50 +1m 2s | thequantuminsider_2024_02_27_too_many_quantum_cooks_why_the_pentagon_needs_a_quantum_czar] Repaired malformed JSON.
[09:16:50 +1m 2s | thequantuminsider_2024_02_27_too_many_quantum_cooks_why_the_pentagon_needs_a_quantum_czar] Extracting actors: https://thequantuminsider.com/2024/02/27/too-many-quantum-cooks-why-the-pentagon-needs-a-quantum-czar (1/1), chunk 12/38
[09:16:56 +1m 8s | thequantuminsider_2024_02_27_too_many_quantum_cooks_why_the_pentagon_needs_a_quantum_czar] Repaired malformed JSON.
[09:16:56 +1m 8s | thequantuminsider_2024_02_27_too_many_quantum_cooks_why_the_pentagon_needs_a_quantum_czar] Extracting actors: https://thequantuminsider.com/2024/02/27/too-many-quantum-cooks-why-the-pentagon-needs-a-quantum-czar (1/1), chunk 13/38
[09:17:03 +1m 15s | thequantuminsider_2024_02_27_too_many_quantum_cooks_why_the_pentagon_needs_a_quantum_czar] Repaired malformed JSON.
[09:17:03 +1m 15s | thequantuminsider_2024_02_27_too_many_quantum_cooks_why_the_pentagon_needs_a_quantum_czar] Extracting actors: https://thequantuminsider.com/2024/02/27/too-many-quantum-cooks-why-the-pentagon-needs-a-quantum-czar (1/1), chunk 14/38
[09:17:13 +1m 26s | thequantuminsider_2024_02_27_too_many_quantum_cooks_why_the_pentagon_needs_a_quantum_czar] Repaired malformed JSON.
[09:17:13 +1m 26s | thequantuminsider_2024_02_27_too_many_quantum_cooks_why_the_pentagon_needs_a_quantum_czar] Extracting actors: https://thequantuminsider.com/2024/02/27/too-many-quantum-cooks-why-the-pentagon-needs-a-quantum-czar (1/1), chunk 15/38
[09:17:19 +1m 31s | thequantuminsider_2024_02_27_too_many_quantum_cooks_why_the_pentagon_needs_a_quantum_czar] Repaired malformed JSON.
[09:17:19 +1m 31s | thequantuminsider_2024_02_27_too_many_quantum_cooks_why_the_pentagon_needs_a_quantum_czar] Extracting actors: https://thequantuminsider.com/2024/02/27/too-many-quantum-cooks-why-the-pentagon-needs-a-quantum-czar (1/1), chunk 16/38
[09:17:25 +1m 38s | thequantuminsider_2024_02_27_too_many_quantum_cooks_why_the_pentagon_needs_a_quantum_czar] Repaired malformed JSON.
[09:17:25 +1m 38s | thequantuminsider_2024_02_27_too_many_quantum_cooks_why_the_pentagon_needs_a_quantum_czar] Extracting actors: https://thequantuminsider.com/2024/02/27/too-many-quantum-cooks-why-the-pentagon-needs-a-quantum-czar (1/1), chunk 17/38
[09:17:31 +1m 43s | thequantuminsider_2024_02_27_too_many_quantum_cooks_why_the_pentagon_needs_a_quantum_czar] Repaired malformed JSON.
[09:17:31 +1m 43s | thequantuminsider_2024_02_27_too_many_quantum_cooks_why_the_pentagon_needs_a_quantum_czar] Extracting actors: https://thequantuminsider.com/2024/02/27/too-many-quantum-cooks-why-the-pentagon-needs-a-quantum-czar (1/1), chunk 18/38
[09:17:37 +1m 50s | thequantuminsider_2024_02_27_too_many_quantum_cooks_why_the_pentagon_needs_a_quantum_czar] Repaired malformed JSON.
[09:17:37 +1m 50s | thequantuminsider_2024_02_27_too_many_quantum_cooks_why_the_pentagon_needs_a_quantum_czar] Extracting actors: https://thequantuminsider.com/2024/02/27/too-many-quantum-cooks-why-the-pentagon-needs-a-quantum-czar (1/1), chunk 19/38
[09:17:43 +1m 55s | thequantuminsider_2024_02_27_too_many_quantum_cooks_why_the_pentagon_needs_a_quantum_czar] Repaired malformed JSON.
[09:17:43 +1m 55s | thequantuminsider_2024_02_27_too_many_quantum_cooks_why_the_pentagon_needs_a_quantum_czar] Extracting actors: https://thequantuminsider.com/2024/02/27/too-many-quantum-cooks-why-the-pentagon-needs-a-quantum-czar (1/1), chunk 20/38
[09:17:51 +2m 3s | thequantuminsider_2024_02_27_too_many_quantum_cooks_why_the_pentagon_needs_a_quantum_czar] Repaired malformed JSON.
[09:17:51 +2m 3s | thequantuminsider_2024_02_27_too_many_quantum_cooks_why_the_pentagon_needs_a_quantum_czar] Extracting actors: https://thequantuminsider.com/2024/02/27/too-many-quantum-cooks-why-the-pentagon-needs-a-quantum-czar (1/1), chunk 21/38
[09:17:57 +2m 9s | thequantuminsider_2024_02_27_too_many_quantum_cooks_why_the_pentagon_needs_a_quantum_czar] Repaired malformed JSON.
[09:17:57 +2m 9s | thequantuminsider_2024_02_27_too_many_quantum_cooks_why_the_pentagon_needs_a_quantum_czar] Extracting actors: https://thequantuminsider.com/2024/02/27/too-many-quantum-cooks-why-the-pentagon-needs-a-quantum-czar (1/1), chunk 22/38
[09:18:05 +2m 17s | thequantuminsider_2024_02_27_too_many_quantum_cooks_why_the_pentagon_needs_a_quantum_czar] Repaired malformed JSON.
[09:18:05 +2m 17s | thequantuminsider_2024_02_27_too_many_quantum_cooks_why_the_pentagon_needs_a_quantum_czar] Extracting actors: https://thequantuminsider.com/2024/02/27/too-many-quantum-cooks-why-the-pentagon-needs-a-quantum-czar (1/1), chunk 23/38
[09:18:10 +2m 23s | thequantuminsider_2024_02_27_too_many_quantum_cooks_why_the_pentagon_needs_a_quantum_czar] Repaired malformed JSON.
[09:18:10 +2m 23s | thequantuminsider_2024_02_27_too_many_quantum_cooks_why_the_pentagon_needs_a_quantum_czar] Extracting actors: https://thequantuminsider.com/2024/02/27/too-many-quantum-cooks-why-the-pentagon-needs-a-quantum-czar (1/1), chunk 24/38
[09:18:16 +2m 28s | thequantuminsider_2024_02_27_too_many_quantum_cooks_why_the_pentagon_needs_a_quantum_czar] Repaired malformed JSON.
[09:18:16 +2m 28s | thequantuminsider_2024_02_27_too_many_quantum_cooks_why_the_pentagon_needs_a_quantum_czar] Extracting actors: https://thequantuminsider.com/2024/02/27/too-many-quantum-cooks-why-the-pentagon-needs-a-quantum-czar (1/1), chunk 25/38
[09:18:24 +2m 36s | thequantuminsider_2024_02_27_too_many_quantum_cooks_why_the_pentagon_needs_a_quantum_czar] Repaired malformed JSON.
[09:18:24 +2m 36s | thequantuminsider_2024_02_27_too_many_quantum_cooks_why_the_pentagon_needs_a_quantum_czar] Extracting actors: https://thequantuminsider.com/2024/02/27/too-many-quantum-cooks-why-the-pentagon-needs-a-quantum-czar (1/1), chunk 26/38
[09:18:29 +2m 41s | thequantuminsider_2024_02_27_too_many_quantum_cooks_why_the_pentagon_needs_a_quantum_czar] Extracting actors: https://thequantuminsider.com/2024/02/27/too-many-quantum-cooks-why-the-pentagon-needs-a-quantum-czar (1/1), chunk 27/38
[09:18:35 +2m 47s | thequantuminsider_2024_02_27_too_many_quantum_cooks_why_the_pentagon_needs_a_quantum_czar] Repaired malformed JSON.
[09:18:35 +2m 47s | thequantuminsider_2024_02_27_too_many_quantum_cooks_why_the_pentagon_needs_a_quantum_czar] Extracting actors: https://thequantuminsider.com/2024/02/27/too-many-quantum-cooks-why-the-pentagon-needs-a-quantum-czar (1/1), chunk 28/38
[09:18:36 +2m 49s | thequantuminsider_2024_02_27_too_many_quantum_cooks_why_the_pentagon_needs_a_quantum_czar] Extracting actors: https://thequantuminsider.com/2024/02/27/too-many-quantum-cooks-why-the-pentagon-needs-a-quantum-czar (1/1), chunk 29/38
[09:18:42 +2m 54s | thequantuminsider_2024_02_27_too_many_quantum_cooks_why_the_pentagon_needs_a_quantum_czar] Extracting actors: https://thequantuminsider.com/2024/02/27/too-many-quantum-cooks-why-the-pentagon-needs-a-quantum-czar (1/1), chunk 30/38
[09:18:48 +3m 0s | thequantuminsider_2024_02_27_too_many_quantum_cooks_why_the_pentagon_needs_a_quantum_czar] Extracting actors: https://thequantuminsider.com/2024/02/27/too-many-quantum-cooks-why-the-pentagon-needs-a-quantum-czar (1/1), chunk 31/38
[09:18:54 +3m 6s | thequantuminsider_2024_02_27_too_many_quantum_cooks_why_the_pentagon_needs_a_quantum_czar] Repaired malformed JSON.
[09:18:54 +3m 6s | thequantuminsider_2024_02_27_too_many_quantum_cooks_why_the_pentagon_needs_a_quantum_czar] Extracting actors: https://thequantuminsider.com/2024/02/27/too-many-quantum-cooks-why-the-pentagon-needs-a-quantum-czar (1/1), chunk 32/38
[09:19:00 +3m 13s | thequantuminsider_2024_02_27_too_many_quantum_cooks_why_the_pentagon_needs_a_quantum_czar] Repaired malformed JSON.
[09:19:00 +3m 13s | thequantuminsider_2024_02_27_too_many_quantum_cooks_why_the_pentagon_needs_a_quantum_czar] Extracting actors: https://thequantuminsider.com/2024/02/27/too-many-quantum-cooks-why-the-pentagon-needs-a-quantum-czar (1/1), chunk 33/38
[09:19:06 +3m 18s | thequantuminsider_2024_02_27_too_many_quantum_cooks_why_the_pentagon_needs_a_quantum_czar] Extracting actors: https://thequantuminsider.com/2024/02/27/too-many-quantum-cooks-why-the-pentagon-needs-a-quantum-czar (1/1), chunk 34/38
[09:19:14 +3m 26s | thequantuminsider_2024_02_27_too_many_quantum_cooks_why_the_pentagon_needs_a_quantum_czar] Repaired malformed JSON.
[09:19:14 +3m 26s | thequantuminsider_2024_02_27_too_many_quantum_cooks_why_the_pentagon_needs_a_quantum_czar] Extracting actors: https://thequantuminsider.com/2024/02/27/too-many-quantum-cooks-why-the-pentagon-needs-a-quantum-czar (1/1), chunk 35/38
[09:19:18 +3m 30s | thequantuminsider_2024_02_27_too_many_quantum_cooks_why_the_pentagon_needs_a_quantum_czar] Extracting actors: https://thequantuminsider.com/2024/02/27/too-many-quantum-cooks-why-the-pentagon-needs-a-quantum-czar (1/1), chunk 36/38
[09:19:25 +3m 37s | thequantuminsider_2024_02_27_too_many_quantum_cooks_why_the_pentagon_needs_a_quantum_czar] Repaired malformed JSON.
[09:19:25 +3m 37s | thequantuminsider_2024_02_27_too_many_quantum_cooks_why_the_pentagon_needs_a_quantum_czar] Extracting actors: https://thequantuminsider.com/2024/02/27/too-many-quantum-cooks-why-the-pentagon-needs-a-quantum-czar (1/1), chunk 37/38
[09:19:33 +3m 45s | thequantuminsider_2024_02_27_too_many_quantum_cooks_why_the_pentagon_needs_a_quantum_czar] Repaired malformed JSON.
[09:19:33 +3m 45s | thequantuminsider_2024_02_27_too_many_quantum_cooks_why_the_pentagon_needs_a_quantum_czar] Extracting actors: https://thequantuminsider.com/2024/02/27/too-many-quantum-cooks-why-the-pentagon-needs-a-quantum-czar (1/1), chunk 38/38
[09:19:39 +3m 51s | thequantuminsider_2024_02_27_too_many_quantum_cooks_why_the_pentagon_needs_a_quantum_czar] Saved 1_actor_results.json with 55 extracted records

[09:19:39 +3m 51s | thequantuminsider_2024_02_27_too_many_quantum_cooks_why_the_pentagon_needs_a_quantum_czar] === 2 clean actors ===
[09:19:39 +3m 51s | thequantuminsider_2024_02_27_too_many_quantum_cooks_why_the_pentagon_needs_a_quantum_czar] Loaded 55 extracted records
[09:19:39 +3m 51s | thequantuminsider_2024_02_27_too_many_quantum_cooks_why_the_pentagon_needs_a_quantum_czar] Saved 2_actor_nodes.json with 19 canonical actor nodes

[09:19:39 +3m 51s | thequantuminsider_2024_02_27_too_many_quantum_cooks_why_the_pentagon_needs_a_quantum_czar] === 3 interaction extraction ===
[09:19:39 +3m 52s | thequantuminsider_2024_02_27_too_many_quantum_cooks_why_the_pentagon_needs_a_quantum_czar] Extracting interactions: https://thequantuminsider.com/2024/02/27/too-many-quantum-cooks-why-the-pentagon-needs-a-quantum-czar (1/1), chunk 11/38
[09:19:47 +3m 59s | thequantuminsider_2024_02_27_too_many_quantum_cooks_why_the_pentagon_needs_a_quantum_czar] Extracting interactions: https://thequantuminsider.com/2024/02/27/too-many-quantum-cooks-why-the-pentagon-needs-a-quantum-czar (1/1), chunk 12/38
[09:20:04 +4m 17s | thequantuminsider_2024_02_27_too_many_quantum_cooks_why_the_pentagon_needs_a_quantum_czar] Extracting interactions: https://thequantuminsider.com/2024/02/27/too-many-quantum-cooks-why-the-pentagon-needs-a-quantum-czar (1/1), chunk 13/38
[09:20:35 +4m 47s | thequantuminsider_2024_02_27_too_many_quantum_cooks_why_the_pentagon_needs_a_quantum_czar] Extracting interactions: https://thequantuminsider.com/2024/02/27/too-many-quantum-cooks-why-the-pentagon-needs-a-quantum-czar (1/1), chunk 14/38
[09:20:45 +4m 57s | thequantuminsider_2024_02_27_too_many_quantum_cooks_why_the_pentagon_needs_a_quantum_czar] Extracting interactions: https://thequantuminsider.com/2024/02/27/too-many-quantum-cooks-why-the-pentagon-needs-a-quantum-czar (1/1), chunk 15/38
[09:20:56 +5m 8s | thequantuminsider_2024_02_27_too_many_quantum_cooks_why_the_pentagon_needs_a_quantum_czar] Extracting interactions: https://thequantuminsider.com/2024/02/27/too-many-quantum-cooks-why-the-pentagon-needs-a-quantum-czar (1/1), chunk 16/38
[09:21:07 +5m 20s | thequantuminsider_2024_02_27_too_many_quantum_cooks_why_the_pentagon_needs_a_quantum_czar] Extracting interactions: https://thequantuminsider.com/2024/02/27/too-many-quantum-cooks-why-the-pentagon-needs-a-quantum-czar (1/1), chunk 17/38
[09:21:11 +5m 24s | thequantuminsider_2024_02_27_too_many_quantum_cooks_why_the_pentagon_needs_a_quantum_czar] Extracting interactions: https://thequantuminsider.com/2024/02/27/too-many-quantum-cooks-why-the-pentagon-needs-a-quantum-czar (1/1), chunk 18/38
[09:21:17 +5m 29s | thequantuminsider_2024_02_27_too_many_quantum_cooks_why_the_pentagon_needs_a_quantum_czar] Extracting interactions: https://thequantuminsider.com/2024/02/27/too-many-quantum-cooks-why-the-pentagon-needs-a-quantum-czar (1/1), chunk 19/38
[09:21:25 +5m 38s | thequantuminsider_2024_02_27_too_many_quantum_cooks_why_the_pentagon_needs_a_quantum_czar] Extracting interactions: https://thequantuminsider.com/2024/02/27/too-many-quantum-cooks-why-the-pentagon-needs-a-quantum-czar (1/1), chunk 20/38
[09:21:41 +5m 54s | thequantuminsider_2024_02_27_too_many_quantum_cooks_why_the_pentagon_needs_a_quantum_czar] Extracting interactions: https://thequantuminsider.com/2024/02/27/too-many-quantum-cooks-why-the-pentagon-needs-a-quantum-czar (1/1), chunk 21/38
[09:21:53 +6m 5s | thequantuminsider_2024_02_27_too_many_quantum_cooks_why_the_pentagon_needs_a_quantum_czar] Extracting interactions: https://thequantuminsider.com/2024/02/27/too-many-quantum-cooks-why-the-pentagon-needs-a-quantum-czar (1/1), chunk 22/38
[09:21:58 +6m 10s | thequantuminsider_2024_02_27_too_many_quantum_cooks_why_the_pentagon_needs_a_quantum_czar] Extracting interactions: https://thequantuminsider.com/2024/02/27/too-many-quantum-cooks-why-the-pentagon-needs-a-quantum-czar (1/1), chunk 23/38
[09:22:03 +6m 15s | thequantuminsider_2024_02_27_too_many_quantum_cooks_why_the_pentagon_needs_a_quantum_czar] Extracting interactions: https://thequantuminsider.com/2024/02/27/too-many-quantum-cooks-why-the-pentagon-needs-a-quantum-czar (1/1), chunk 24/38
[09:22:09 +6m 21s | thequantuminsider_2024_02_27_too_many_quantum_cooks_why_the_pentagon_needs_a_quantum_czar] Extracting interactions: https://thequantuminsider.com/2024/02/27/too-many-quantum-cooks-why-the-pentagon-needs-a-quantum-czar (1/1), chunk 27/38
[09:22:17 +6m 29s | thequantuminsider_2024_02_27_too_many_quantum_cooks_why_the_pentagon_needs_a_quantum_czar] Extracting interactions: https://thequantuminsider.com/2024/02/27/too-many-quantum-cooks-why-the-pentagon-needs-a-quantum-czar (1/1), chunk 28/38
[09:22:20 +6m 32s | thequantuminsider_2024_02_27_too_many_quantum_cooks_why_the_pentagon_needs_a_quantum_czar] Extracting interactions: https://thequantuminsider.com/2024/02/27/too-many-quantum-cooks-why-the-pentagon-needs-a-quantum-czar (1/1), chunk 31/38
[09:22:22 +6m 34s | thequantuminsider_2024_02_27_too_many_quantum_cooks_why_the_pentagon_needs_a_quantum_czar] Extracting interactions: https://thequantuminsider.com/2024/02/27/too-many-quantum-cooks-why-the-pentagon-needs-a-quantum-czar (1/1), chunk 32/38
[09:22:23 +6m 36s | thequantuminsider_2024_02_27_too_many_quantum_cooks_why_the_pentagon_needs_a_quantum_czar] Extracting interactions: https://thequantuminsider.com/2024/02/27/too-many-quantum-cooks-why-the-pentagon-needs-a-quantum-czar (1/1), chunk 33/38
[09:22:25 +6m 37s | thequantuminsider_2024_02_27_too_many_quantum_cooks_why_the_pentagon_needs_a_quantum_czar] Extracting interactions: https://thequantuminsider.com/2024/02/27/too-many-quantum-cooks-why-the-pentagon-needs-a-quantum-czar (1/1), chunk 34/38
[09:22:26 +6m 39s | thequantuminsider_2024_02_27_too_many_quantum_cooks_why_the_pentagon_needs_a_quantum_czar] Extracting interactions: https://thequantuminsider.com/2024/02/27/too-many-quantum-cooks-why-the-pentagon-needs-a-quantum-czar (1/1), chunk 36/38
[09:22:28 +6m 40s | thequantuminsider_2024_02_27_too_many_quantum_cooks_why_the_pentagon_needs_a_quantum_czar] Extracting interactions: https://thequantuminsider.com/2024/02/27/too-many-quantum-cooks-why-the-pentagon-needs-a-quantum-czar (1/1), chunk 37/38
[09:22:29 +6m 42s | thequantuminsider_2024_02_27_too_many_quantum_cooks_why_the_pentagon_needs_a_quantum_czar] Extracting interactions: https://thequantuminsider.com/2024/02/27/too-many-quantum-cooks-why-the-pentagon-needs-a-quantum-czar (1/1), chunk 38/38
[09:22:31 +6m 43s | thequantuminsider_2024_02_27_too_many_quantum_cooks_why_the_pentagon_needs_a_quantum_czar] Saved 3_interaction_results.json with 34 extracted interactions.

[09:22:31 +6m 43s | thequantuminsider_2024_02_27_too_many_quantum_cooks_why_the_pentagon_needs_a_quantum_czar] === 4 clean interactions ===
[09:22:31 +6m 43s | thequantuminsider_2024_02_27_too_many_quantum_cooks_why_the_pentagon_needs_a_quantum_czar] Saved 4_edges.json with 3 cleaned interactions.

[09:22:31 +6m 43s | thequantuminsider_2024_02_27_too_many_quantum_cooks_why_the_pentagon_needs_a_quantum_czar] === 5 helix enrichment ===
[09:22:31 +6m 43s | thequantuminsider_2024_02_27_too_many_quantum_cooks_why_the_pentagon_needs_a_quantum_czar] Wrote 5_nodes.json (19 actors)
[09:22:31 +6m 43s | thequantuminsider_2024_02_27_too_many_quantum_cooks_why_the_pentagon_needs_a_quantum_czar] Wrote 5_edges.json (3 interactions)
[09:22:31 +6m 43s | thequantuminsider_2024_02_27_too_many_quantum_cooks_why_the_pentagon_needs_a_quantum_czar] Actor helix counts: {'Academia': 2, 'Civil Society': 2, 'Government': 6, 'Industry': 1, 'Intermediary': 1, 'Unknown': 7}
[09:22:31 +6m 43s | thequantuminsider_2024_02_27_too_many_quantum_cooks_why_the_pentagon_needs_a_quantum_czar] Functional-space counts: {'Unknown': 3}

[09:22:31 +6m 43s | thequantuminsider_2024_02_27_too_many_quantum_cooks_why_the_pentagon_needs_a_quantum_czar] === 6 network visualisation ===
[09:22:31 +6m 44s | thequantuminsider_2024_02_27_too_many_quantum_cooks_why_the_pentagon_needs_a_quantum_czar] Wrote quantum_network.html
[09:22:31 +6m 44s | thequantuminsider_2024_02_27_too_many_quantum_cooks_why_the_pentagon_needs_a_quantum_czar] Nodes: 19
[09:22:31 +6m 44s | thequantuminsider_2024_02_27_too_many_quantum_cooks_why_the_pentagon_needs_a_quantum_czar] Edges: 2

[09:22:31 +6m 44s | thequantuminsider_2024_02_27_too_many_quantum_cooks_why_the_pentagon_needs_a_quantum_czar] Done. Outputs written to: /home/lv/IDP/idpdeeptech/pipeline/news_outputs/thequantuminsider_2024_02_27_too_many_quantum_cooks_why_the_pentagon_needs_a_quantum_czar
[09:22:31 +6m 44s | thequantuminsider_2024_02_27_too_many_quantum_cooks_why_the_pentagon_needs_a_quantum_czar] Log: /home/lv/IDP/idpdeeptech/pipeline/news_outputs/thequantuminsider_2024_02_27_too_many_quantum_cooks_why_the_pentagon_needs_a_quantum_czar/run.log

========================================================================
RUN FINISHED 2026-07-02 09:22:31  (OK)
Started:     2026-07-02 09:15:48
Elapsed:     6m 44s
========================================================================
