
========================================================================
RUN STARTED  2026-07-02 02:58:45
site_pipeline.py https://thequantuminsider.com/2020/04/16/1qbits-quantum-insights-network-arrives/
========================================================================

[02:58:45 +0s | thequantuminsider_2020_04_16_1qbits_quantum_insights_network_arrives] === 0 crawl site ===
[02:58:46 +1s | thequantuminsider_2020_04_16_1qbits_quantum_insights_network_arrives] [INIT].... → Crawl4AI 0.8.6 
[02:58:48 +3s | thequantuminsider_2020_04_16_1qbits_quantum_insights_network_arrives] [FETCH]... ↓ https://thequantuminsider.com/2020/04/16/1qbits-quantum-insights-network-arrives/                    | ✓ | ⏱: 1.81s 
[02:58:48 +3s | thequantuminsider_2020_04_16_1qbits_quantum_insights_network_arrives] [SCRAPE].. ◆ https://thequantuminsider.com/2020/04/16/1qbits-quantum-insights-network-arrives/                    | ✓ | ⏱: 0.10s 
[02:58:48 +3s | thequantuminsider_2020_04_16_1qbits_quantum_insights_network_arrives] [COMPLETE] ● https://thequantuminsider.com/2020/04/16/1qbits-quantum-insights-network-arrives/                    | ✓ | ⏱: 1.93s 
[02:58:48 +3s | thequantuminsider_2020_04_16_1qbits_quantum_insights_network_arrives] Saved: crawl_output/a89a883788_thequantuminsider.com_2020_04_16_1qbits-quantum-insights-network-arrives.json

[02:58:48 +3s | thequantuminsider_2020_04_16_1qbits_quantum_insights_network_arrives] === 1 actor extraction ===
[02:58:48 +3s | thequantuminsider_2020_04_16_1qbits_quantum_insights_network_arrives] Reading page (1/1): https://thequantuminsider.com/2020/04/16/1qbits-quantum-insights-network-arrives
[02:58:48 +3s | thequantuminsider_2020_04_16_1qbits_quantum_insights_network_arrives] Extracting actors: https://thequantuminsider.com/2020/04/16/1qbits-quantum-insights-network-arrives (1/1), chunk 1/35
[02:58:53 +8s | thequantuminsider_2020_04_16_1qbits_quantum_insights_network_arrives] Extracting actors: https://thequantuminsider.com/2020/04/16/1qbits-quantum-insights-network-arrives (1/1), chunk 2/35
[02:58:59 +12s | thequantuminsider_2020_04_16_1qbits_quantum_insights_network_arrives] Extracting actors: https://thequantuminsider.com/2020/04/16/1qbits-quantum-insights-network-arrives (1/1), chunk 3/35
[02:59:05 +18s | thequantuminsider_2020_04_16_1qbits_quantum_insights_network_arrives] Repaired malformed JSON.
[02:59:05 +18s | thequantuminsider_2020_04_16_1qbits_quantum_insights_network_arrives] Extracting actors: https://thequantuminsider.com/2020/04/16/1qbits-quantum-insights-network-arrives (1/1), chunk 4/35
[02:59:10 +22s | thequantuminsider_2020_04_16_1qbits_quantum_insights_network_arrives] Extracting actors: https://thequantuminsider.com/2020/04/16/1qbits-quantum-insights-network-arrives (1/1), chunk 5/35
[02:59:14 +26s | thequantuminsider_2020_04_16_1qbits_quantum_insights_network_arrives] Extracting actors: https://thequantuminsider.com/2020/04/16/1qbits-quantum-insights-network-arrives (1/1), chunk 6/35
[02:59:19 +31s | thequantuminsider_2020_04_16_1qbits_quantum_insights_network_arrives] Extracting actors: https://thequantuminsider.com/2020/04/16/1qbits-quantum-insights-network-arrives (1/1), chunk 7/35
[02:59:25 +37s | thequantuminsider_2020_04_16_1qbits_quantum_insights_network_arrives] Extracting actors: https://thequantuminsider.com/2020/04/16/1qbits-quantum-insights-network-arrives (1/1), chunk 8/35
[02:59:32 +42s | thequantuminsider_2020_04_16_1qbits_quantum_insights_network_arrives] Extracting actors: https://thequantuminsider.com/2020/04/16/1qbits-quantum-insights-network-arrives (1/1), chunk 9/35
[02:59:36 +46s | thequantuminsider_2020_04_16_1qbits_quantum_insights_network_arrives] Extracting actors: https://thequantuminsider.com/2020/04/16/1qbits-quantum-insights-network-arrives (1/1), chunk 10/35
[02:59:40 +49s | thequantuminsider_2020_04_16_1qbits_quantum_insights_network_arrives] Extracting actors: https://thequantuminsider.com/2020/04/16/1qbits-quantum-insights-network-arrives (1/1), chunk 11/35
[02:59:45 +55s | thequantuminsider_2020_04_16_1qbits_quantum_insights_network_arrives] Repaired malformed JSON.
[02:59:45 +55s | thequantuminsider_2020_04_16_1qbits_quantum_insights_network_arrives] Extracting actors: https://thequantuminsider.com/2020/04/16/1qbits-quantum-insights-network-arrives (1/1), chunk 12/35
[02:59:51 +1m 0s | thequantuminsider_2020_04_16_1qbits_quantum_insights_network_arrives] Repaired malformed JSON.
[02:59:51 +1m 0s | thequantuminsider_2020_04_16_1qbits_quantum_insights_network_arrives] Extracting actors: https://thequantuminsider.com/2020/04/16/1qbits-quantum-insights-network-arrives (1/1), chunk 13/35
[02:59:57 +1m 7s | thequantuminsider_2020_04_16_1qbits_quantum_insights_network_arrives] Repaired malformed JSON.
[02:59:57 +1m 7s | thequantuminsider_2020_04_16_1qbits_quantum_insights_network_arrives] Extracting actors: https://thequantuminsider.com/2020/04/16/1qbits-quantum-insights-network-arrives (1/1), chunk 14/35
[03:00:08 +1m 15s | thequantuminsider_2020_04_16_1qbits_quantum_insights_network_arrives] Repaired malformed JSON.
[03:00:08 +1m 15s | thequantuminsider_2020_04_16_1qbits_quantum_insights_network_arrives] Extracting actors: https://thequantuminsider.com/2020/04/16/1qbits-quantum-insights-network-arrives (1/1), chunk 15/35
[03:00:18 +1m 24s | thequantuminsider_2020_04_16_1qbits_quantum_insights_network_arrives] Repaired malformed JSON.
[03:00:18 +1m 24s | thequantuminsider_2020_04_16_1qbits_quantum_insights_network_arrives] Extracting actors: https://thequantuminsider.com/2020/04/16/1qbits-quantum-insights-network-arrives (1/1), chunk 16/35
[03:00:23 +1m 30s | thequantuminsider_2020_04_16_1qbits_quantum_insights_network_arrives] Repaired malformed JSON.
[03:00:23 +1m 30s | thequantuminsider_2020_04_16_1qbits_quantum_insights_network_arrives] Extracting actors: https://thequantuminsider.com/2020/04/16/1qbits-quantum-insights-network-arrives (1/1), chunk 17/35
[03:00:29 +1m 35s | thequantuminsider_2020_04_16_1qbits_quantum_insights_network_arrives] Extracting actors: https://thequantuminsider.com/2020/04/16/1qbits-quantum-insights-network-arrives (1/1), chunk 18/35
[03:00:36 +1m 42s | thequantuminsider_2020_04_16_1qbits_quantum_insights_network_arrives] Repaired malformed JSON.
[03:00:36 +1m 42s | thequantuminsider_2020_04_16_1qbits_quantum_insights_network_arrives] Extracting actors: https://thequantuminsider.com/2020/04/16/1qbits-quantum-insights-network-arrives (1/1), chunk 19/35
[03:00:44 +1m 47s | thequantuminsider_2020_04_16_1qbits_quantum_insights_network_arrives] Repaired malformed JSON.
[03:00:44 +1m 47s | thequantuminsider_2020_04_16_1qbits_quantum_insights_network_arrives] Extracting actors: https://thequantuminsider.com/2020/04/16/1qbits-quantum-insights-network-arrives (1/1), chunk 20/35
[03:00:50 +1m 53s | thequantuminsider_2020_04_16_1qbits_quantum_insights_network_arrives] Repaired malformed JSON.
[03:00:50 +1m 53s | thequantuminsider_2020_04_16_1qbits_quantum_insights_network_arrives] Extracting actors: https://thequantuminsider.com/2020/04/16/1qbits-quantum-insights-network-arrives (1/1), chunk 21/35
[03:00:56 +2m 0s | thequantuminsider_2020_04_16_1qbits_quantum_insights_network_arrives] Repaired malformed JSON.
[03:00:56 +2m 0s | thequantuminsider_2020_04_16_1qbits_quantum_insights_network_arrives] Extracting actors: https://thequantuminsider.com/2020/04/16/1qbits-quantum-insights-network-arrives (1/1), chunk 22/35
[03:01:01 +2m 5s | thequantuminsider_2020_04_16_1qbits_quantum_insights_network_arrives] Repaired malformed JSON.
[03:01:01 +2m 5s | thequantuminsider_2020_04_16_1qbits_quantum_insights_network_arrives] Extracting actors: https://thequantuminsider.com/2020/04/16/1qbits-quantum-insights-network-arrives (1/1), chunk 23/35
[03:01:06 +2m 9s | thequantuminsider_2020_04_16_1qbits_quantum_insights_network_arrives] Extracting actors: https://thequantuminsider.com/2020/04/16/1qbits-quantum-insights-network-arrives (1/1), chunk 24/35
[03:01:12 +2m 16s | thequantuminsider_2020_04_16_1qbits_quantum_insights_network_arrives] Repaired malformed JSON.
[03:01:12 +2m 16s | thequantuminsider_2020_04_16_1qbits_quantum_insights_network_arrives] Extracting actors: https://thequantuminsider.com/2020/04/16/1qbits-quantum-insights-network-arrives (1/1), chunk 25/35
[03:01:21 +2m 22s | thequantuminsider_2020_04_16_1qbits_quantum_insights_network_arrives] Extracting actors: https://thequantuminsider.com/2020/04/16/1qbits-quantum-insights-network-arrives (1/1), chunk 26/35
[03:01:26 +2m 26s | thequantuminsider_2020_04_16_1qbits_quantum_insights_network_arrives] Extracting actors: https://thequantuminsider.com/2020/04/16/1qbits-quantum-insights-network-arrives (1/1), chunk 27/35
[03:01:28 +2m 28s | thequantuminsider_2020_04_16_1qbits_quantum_insights_network_arrives] Extracting actors: https://thequantuminsider.com/2020/04/16/1qbits-quantum-insights-network-arrives (1/1), chunk 28/35
[03:01:35 +2m 36s | thequantuminsider_2020_04_16_1qbits_quantum_insights_network_arrives] Repaired malformed JSON.
[03:01:35 +2m 36s | thequantuminsider_2020_04_16_1qbits_quantum_insights_network_arrives] Extracting actors: https://thequantuminsider.com/2020/04/16/1qbits-quantum-insights-network-arrives (1/1), chunk 29/35
[03:01:37 +2m 38s | thequantuminsider_2020_04_16_1qbits_quantum_insights_network_arrives] Extracting actors: https://thequantuminsider.com/2020/04/16/1qbits-quantum-insights-network-arrives (1/1), chunk 30/35
[03:01:45 +2m 46s | thequantuminsider_2020_04_16_1qbits_quantum_insights_network_arrives] Repaired malformed JSON.
[03:01:45 +2m 46s | thequantuminsider_2020_04_16_1qbits_quantum_insights_network_arrives] Extracting actors: https://thequantuminsider.com/2020/04/16/1qbits-quantum-insights-network-arrives (1/1), chunk 31/35
[03:01:55 +2m 52s | thequantuminsider_2020_04_16_1qbits_quantum_insights_network_arrives] Repaired malformed JSON.
[03:01:55 +2m 52s | thequantuminsider_2020_04_16_1qbits_quantum_insights_network_arrives] Extracting actors: https://thequantuminsider.com/2020/04/16/1qbits-quantum-insights-network-arrives (1/1), chunk 32/35
[03:02:00 +2m 58s | thequantuminsider_2020_04_16_1qbits_quantum_insights_network_arrives] Repaired malformed JSON.
[03:02:00 +2m 58s | thequantuminsider_2020_04_16_1qbits_quantum_insights_network_arrives] Extracting actors: https://thequantuminsider.com/2020/04/16/1qbits-quantum-insights-network-arrives (1/1), chunk 33/35
[03:02:09 +3m 7s | thequantuminsider_2020_04_16_1qbits_quantum_insights_network_arrives] Repaired malformed JSON.
[03:02:09 +3m 7s | thequantuminsider_2020_04_16_1qbits_quantum_insights_network_arrives] Extracting actors: https://thequantuminsider.com/2020/04/16/1qbits-quantum-insights-network-arrives (1/1), chunk 34/35
[03:02:15 +3m 13s | thequantuminsider_2020_04_16_1qbits_quantum_insights_network_arrives] Repaired malformed JSON.
[03:02:15 +3m 13s | thequantuminsider_2020_04_16_1qbits_quantum_insights_network_arrives] Extracting actors: https://thequantuminsider.com/2020/04/16/1qbits-quantum-insights-network-arrives (1/1), chunk 35/35
[03:02:19 +3m 17s | thequantuminsider_2020_04_16_1qbits_quantum_insights_network_arrives] Saved 1_actor_results.json with 51 extracted records

[03:02:19 +3m 17s | thequantuminsider_2020_04_16_1qbits_quantum_insights_network_arrives] === 2 clean actors ===
[03:02:19 +3m 17s | thequantuminsider_2020_04_16_1qbits_quantum_insights_network_arrives] Loaded 51 extracted records
[03:02:19 +3m 17s | thequantuminsider_2020_04_16_1qbits_quantum_insights_network_arrives] Saved 2_actor_nodes.json with 18 canonical actor nodes

[03:02:19 +3m 17s | thequantuminsider_2020_04_16_1qbits_quantum_insights_network_arrives] === 3 interaction extraction ===
[03:02:19 +3m 17s | thequantuminsider_2020_04_16_1qbits_quantum_insights_network_arrives] Extracting interactions: https://thequantuminsider.com/2020/04/16/1qbits-quantum-insights-network-arrives (1/1), chunk 11/35
[03:02:23 +3m 20s | thequantuminsider_2020_04_16_1qbits_quantum_insights_network_arrives] Extracting interactions: https://thequantuminsider.com/2020/04/16/1qbits-quantum-insights-network-arrives (1/1), chunk 14/35
[03:02:33 +3m 28s | thequantuminsider_2020_04_16_1qbits_quantum_insights_network_arrives] Extracting interactions: https://thequantuminsider.com/2020/04/16/1qbits-quantum-insights-network-arrives (1/1), chunk 15/35
[03:02:37 +3m 31s | thequantuminsider_2020_04_16_1qbits_quantum_insights_network_arrives] Extracting interactions: https://thequantuminsider.com/2020/04/16/1qbits-quantum-insights-network-arrives (1/1), chunk 16/35
[03:02:43 +3m 38s | thequantuminsider_2020_04_16_1qbits_quantum_insights_network_arrives] Extracting interactions: https://thequantuminsider.com/2020/04/16/1qbits-quantum-insights-network-arrives (1/1), chunk 17/35
[03:02:46 +3m 41s | thequantuminsider_2020_04_16_1qbits_quantum_insights_network_arrives] Extracting interactions: https://thequantuminsider.com/2020/04/16/1qbits-quantum-insights-network-arrives (1/1), chunk 18/35
[03:02:54 +3m 48s | thequantuminsider_2020_04_16_1qbits_quantum_insights_network_arrives] Extracting interactions: https://thequantuminsider.com/2020/04/16/1qbits-quantum-insights-network-arrives (1/1), chunk 19/35
[03:02:57 +3m 52s | thequantuminsider_2020_04_16_1qbits_quantum_insights_network_arrives] Extracting interactions: https://thequantuminsider.com/2020/04/16/1qbits-quantum-insights-network-arrives (1/1), chunk 20/35
[03:03:06 +3m 58s | thequantuminsider_2020_04_16_1qbits_quantum_insights_network_arrives] Extracting interactions: https://thequantuminsider.com/2020/04/16/1qbits-quantum-insights-network-arrives (1/1), chunk 21/35
[03:03:10 +4m 2s | thequantuminsider_2020_04_16_1qbits_quantum_insights_network_arrives] Extracting interactions: https://thequantuminsider.com/2020/04/16/1qbits-quantum-insights-network-arrives (1/1), chunk 24/35
[03:03:17 +4m 9s | thequantuminsider_2020_04_16_1qbits_quantum_insights_network_arrives] Extracting interactions: https://thequantuminsider.com/2020/04/16/1qbits-quantum-insights-network-arrives (1/1), chunk 25/35
[03:03:21 +4m 13s | thequantuminsider_2020_04_16_1qbits_quantum_insights_network_arrives] Extracting interactions: https://thequantuminsider.com/2020/04/16/1qbits-quantum-insights-network-arrives (1/1), chunk 26/35
[03:03:23 +4m 15s | thequantuminsider_2020_04_16_1qbits_quantum_insights_network_arrives] Extracting interactions: https://thequantuminsider.com/2020/04/16/1qbits-quantum-insights-network-arrives (1/1), chunk 28/35
[03:03:24 +4m 16s | thequantuminsider_2020_04_16_1qbits_quantum_insights_network_arrives] Extracting interactions: https://thequantuminsider.com/2020/04/16/1qbits-quantum-insights-network-arrives (1/1), chunk 29/35
[03:03:26 +4m 18s | thequantuminsider_2020_04_16_1qbits_quantum_insights_network_arrives] Extracting interactions: https://thequantuminsider.com/2020/04/16/1qbits-quantum-insights-network-arrives (1/1), chunk 30/35
[03:03:27 +4m 19s | thequantuminsider_2020_04_16_1qbits_quantum_insights_network_arrives] Extracting interactions: https://thequantuminsider.com/2020/04/16/1qbits-quantum-insights-network-arrives (1/1), chunk 31/35
[03:03:28 +4m 20s | thequantuminsider_2020_04_16_1qbits_quantum_insights_network_arrives] Extracting interactions: https://thequantuminsider.com/2020/04/16/1qbits-quantum-insights-network-arrives (1/1), chunk 33/35
[03:03:30 +4m 22s | thequantuminsider_2020_04_16_1qbits_quantum_insights_network_arrives] Extracting interactions: https://thequantuminsider.com/2020/04/16/1qbits-quantum-insights-network-arrives (1/1), chunk 34/35
[03:03:31 +4m 23s | thequantuminsider_2020_04_16_1qbits_quantum_insights_network_arrives] Saved 3_interaction_results.json with 13 extracted interactions.

[03:03:32 +4m 23s | thequantuminsider_2020_04_16_1qbits_quantum_insights_network_arrives] === 4 clean interactions ===
[03:03:32 +4m 23s | thequantuminsider_2020_04_16_1qbits_quantum_insights_network_arrives] Saved 4_edges.json with 1 cleaned interactions.

[03:03:32 +4m 23s | thequantuminsider_2020_04_16_1qbits_quantum_insights_network_arrives] === 5 helix enrichment ===
[03:03:32 +4m 23s | thequantuminsider_2020_04_16_1qbits_quantum_insights_network_arrives] Wrote 5_nodes.json (18 actors)
[03:03:32 +4m 23s | thequantuminsider_2020_04_16_1qbits_quantum_insights_network_arrives] Wrote 5_edges.json (1 interactions)
[03:03:32 +4m 23s | thequantuminsider_2020_04_16_1qbits_quantum_insights_network_arrives] Actor helix counts: {'Civil Society': 2, 'Government': 2, 'Industry': 6, 'Unknown': 8}
[03:03:32 +4m 23s | thequantuminsider_2020_04_16_1qbits_quantum_insights_network_arrives] Functional-space counts: {'Unknown': 1}

[03:03:32 +4m 23s | thequantuminsider_2020_04_16_1qbits_quantum_insights_network_arrives] === 6 network visualisation ===
[03:03:32 +4m 24s | thequantuminsider_2020_04_16_1qbits_quantum_insights_network_arrives] Wrote quantum_network.html
[03:03:32 +4m 24s | thequantuminsider_2020_04_16_1qbits_quantum_insights_network_arrives] Nodes: 18
[03:03:32 +4m 24s | thequantuminsider_2020_04_16_1qbits_quantum_insights_network_arrives] Edges: 1

[03:03:32 +4m 24s | thequantuminsider_2020_04_16_1qbits_quantum_insights_network_arrives] Done. Outputs written to: /home/lv/IDP/idpdeeptech/pipeline/news_outputs/thequantuminsider_2020_04_16_1qbits_quantum_insights_network_arrives
[03:03:32 +4m 24s | thequantuminsider_2020_04_16_1qbits_quantum_insights_network_arrives] Log: /home/lv/IDP/idpdeeptech/pipeline/news_outputs/thequantuminsider_2020_04_16_1qbits_quantum_insights_network_arrives/run.log

========================================================================
RUN FINISHED 2026-07-02 03:03:32  (OK)
Started:     2026-07-02 02:58:45
Elapsed:     4m 24s
========================================================================
