
========================================================================
RUN STARTED  2026-07-02 00:58:20
site_pipeline.py https://thequantuminsider.com/2020/05/06/webinar-quantum-venture-capital-co-design-quantum-computers-quantum-networks/
========================================================================

[00:58:20 +0s | thequantuminsider_2020_05_06_webinar_quantum_venture_capital_co_design_quantum_computers_60cfe2a7] === 0 crawl site ===
[00:58:22 +1s | thequantuminsider_2020_05_06_webinar_quantum_venture_capital_co_design_quantum_computers_60cfe2a7] [INIT].... → Crawl4AI 0.8.6 
[00:58:23 +3s | thequantuminsider_2020_05_06_webinar_quantum_venture_capital_co_design_quantum_computers_60cfe2a7] [FETCH]... ↓ https://thequantuminsider.com/2020/05/06/webinar...al-co-design-quantum-computers-quantum-networks/  | ✓ | ⏱: 1.71s 
[00:58:23 +3s | thequantuminsider_2020_05_06_webinar_quantum_venture_capital_co_design_quantum_computers_60cfe2a7] [SCRAPE].. ◆ https://thequantuminsider.com/2020/05/06/webinar...al-co-design-quantum-computers-quantum-networks/  | ✓ | ⏱: 0.09s 
[00:58:23 +3s | thequantuminsider_2020_05_06_webinar_quantum_venture_capital_co_design_quantum_computers_60cfe2a7] [COMPLETE] ● https://thequantuminsider.com/2020/05/06/webinar...al-co-design-quantum-computers-quantum-networks/  | ✓ | ⏱: 1.82s 
[00:58:23 +3s | thequantuminsider_2020_05_06_webinar_quantum_venture_capital_co_design_quantum_computers_60cfe2a7] Saved: crawl_output/71dd462d4f_thequantuminsider.com_2020_05_06_webinar-quantum-venture-capital-co-design-quantum-computers-quantum-networks.json

[00:58:24 +3s | thequantuminsider_2020_05_06_webinar_quantum_venture_capital_co_design_quantum_computers_60cfe2a7] === 1 actor extraction ===
[00:58:24 +3s | thequantuminsider_2020_05_06_webinar_quantum_venture_capital_co_design_quantum_computers_60cfe2a7] Reading page (1/1): https://thequantuminsider.com/2020/05/06/webinar-quantum-venture-capital-co-design-quantum-computers-quantum-networks
[00:58:24 +3s | thequantuminsider_2020_05_06_webinar_quantum_venture_capital_co_design_quantum_computers_60cfe2a7] Extracting actors: https://thequantuminsider.com/2020/05/06/webinar-quantum-venture-capital-co-design-quantum-computers-quantum-networks (1/1), chunk 1/34
[00:58:27 +7s | thequantuminsider_2020_05_06_webinar_quantum_venture_capital_co_design_quantum_computers_60cfe2a7] Extracting actors: https://thequantuminsider.com/2020/05/06/webinar-quantum-venture-capital-co-design-quantum-computers-quantum-networks (1/1), chunk 2/34
[00:58:36 +12s | thequantuminsider_2020_05_06_webinar_quantum_venture_capital_co_design_quantum_computers_60cfe2a7] Extracting actors: https://thequantuminsider.com/2020/05/06/webinar-quantum-venture-capital-co-design-quantum-computers-quantum-networks (1/1), chunk 3/34
[00:58:40 +16s | thequantuminsider_2020_05_06_webinar_quantum_venture_capital_co_design_quantum_computers_60cfe2a7] Extracting actors: https://thequantuminsider.com/2020/05/06/webinar-quantum-venture-capital-co-design-quantum-computers-quantum-networks (1/1), chunk 4/34
[00:58:44 +20s | thequantuminsider_2020_05_06_webinar_quantum_venture_capital_co_design_quantum_computers_60cfe2a7] Extracting actors: https://thequantuminsider.com/2020/05/06/webinar-quantum-venture-capital-co-design-quantum-computers-quantum-networks (1/1), chunk 5/34
[00:58:47 +24s | thequantuminsider_2020_05_06_webinar_quantum_venture_capital_co_design_quantum_computers_60cfe2a7] Extracting actors: https://thequantuminsider.com/2020/05/06/webinar-quantum-venture-capital-co-design-quantum-computers-quantum-networks (1/1), chunk 6/34
[00:58:51 +28s | thequantuminsider_2020_05_06_webinar_quantum_venture_capital_co_design_quantum_computers_60cfe2a7] Extracting actors: https://thequantuminsider.com/2020/05/06/webinar-quantum-venture-capital-co-design-quantum-computers-quantum-networks (1/1), chunk 7/34
[00:58:57 +34s | thequantuminsider_2020_05_06_webinar_quantum_venture_capital_co_design_quantum_computers_60cfe2a7] Extracting actors: https://thequantuminsider.com/2020/05/06/webinar-quantum-venture-capital-co-design-quantum-computers-quantum-networks (1/1), chunk 8/34
[00:59:01 +38s | thequantuminsider_2020_05_06_webinar_quantum_venture_capital_co_design_quantum_computers_60cfe2a7] Extracting actors: https://thequantuminsider.com/2020/05/06/webinar-quantum-venture-capital-co-design-quantum-computers-quantum-networks (1/1), chunk 9/34
[00:59:09 +43s | thequantuminsider_2020_05_06_webinar_quantum_venture_capital_co_design_quantum_computers_60cfe2a7] Extracting actors: https://thequantuminsider.com/2020/05/06/webinar-quantum-venture-capital-co-design-quantum-computers-quantum-networks (1/1), chunk 10/34
[00:59:13 +47s | thequantuminsider_2020_05_06_webinar_quantum_venture_capital_co_design_quantum_computers_60cfe2a7] Extracting actors: https://thequantuminsider.com/2020/05/06/webinar-quantum-venture-capital-co-design-quantum-computers-quantum-networks (1/1), chunk 11/34
[00:59:20 +54s | thequantuminsider_2020_05_06_webinar_quantum_venture_capital_co_design_quantum_computers_60cfe2a7] Repaired malformed JSON.
[00:59:20 +54s | thequantuminsider_2020_05_06_webinar_quantum_venture_capital_co_design_quantum_computers_60cfe2a7] Extracting actors: https://thequantuminsider.com/2020/05/06/webinar-quantum-venture-capital-co-design-quantum-computers-quantum-networks (1/1), chunk 12/34
[00:59:25 +59s | thequantuminsider_2020_05_06_webinar_quantum_venture_capital_co_design_quantum_computers_60cfe2a7] Repaired malformed JSON.
[00:59:25 +59s | thequantuminsider_2020_05_06_webinar_quantum_venture_capital_co_design_quantum_computers_60cfe2a7] Extracting actors: https://thequantuminsider.com/2020/05/06/webinar-quantum-venture-capital-co-design-quantum-computers-quantum-networks (1/1), chunk 13/34
[00:59:31 +1m 5s | thequantuminsider_2020_05_06_webinar_quantum_venture_capital_co_design_quantum_computers_60cfe2a7] Repaired malformed JSON.
[00:59:31 +1m 5s | thequantuminsider_2020_05_06_webinar_quantum_venture_capital_co_design_quantum_computers_60cfe2a7] Extracting actors: https://thequantuminsider.com/2020/05/06/webinar-quantum-venture-capital-co-design-quantum-computers-quantum-networks (1/1), chunk 14/34
[00:59:38 +1m 12s | thequantuminsider_2020_05_06_webinar_quantum_venture_capital_co_design_quantum_computers_60cfe2a7] Repaired malformed JSON.
[00:59:38 +1m 12s | thequantuminsider_2020_05_06_webinar_quantum_venture_capital_co_design_quantum_computers_60cfe2a7] Extracting actors: https://thequantuminsider.com/2020/05/06/webinar-quantum-venture-capital-co-design-quantum-computers-quantum-networks (1/1), chunk 15/34
[00:59:47 +1m 18s | thequantuminsider_2020_05_06_webinar_quantum_venture_capital_co_design_quantum_computers_60cfe2a7] Repaired malformed JSON.
[00:59:47 +1m 18s | thequantuminsider_2020_05_06_webinar_quantum_venture_capital_co_design_quantum_computers_60cfe2a7] Extracting actors: https://thequantuminsider.com/2020/05/06/webinar-quantum-venture-capital-co-design-quantum-computers-quantum-networks (1/1), chunk 16/34
[00:59:55 +1m 26s | thequantuminsider_2020_05_06_webinar_quantum_venture_capital_co_design_quantum_computers_60cfe2a7] Repaired malformed JSON.
[00:59:55 +1m 26s | thequantuminsider_2020_05_06_webinar_quantum_venture_capital_co_design_quantum_computers_60cfe2a7] Extracting actors: https://thequantuminsider.com/2020/05/06/webinar-quantum-venture-capital-co-design-quantum-computers-quantum-networks (1/1), chunk 17/34
[01:00:03 +1m 34s | thequantuminsider_2020_05_06_webinar_quantum_venture_capital_co_design_quantum_computers_60cfe2a7] Repaired malformed JSON.
[01:00:03 +1m 34s | thequantuminsider_2020_05_06_webinar_quantum_venture_capital_co_design_quantum_computers_60cfe2a7] Extracting actors: https://thequantuminsider.com/2020/05/06/webinar-quantum-venture-capital-co-design-quantum-computers-quantum-networks (1/1), chunk 18/34
[01:00:11 +1m 41s | thequantuminsider_2020_05_06_webinar_quantum_venture_capital_co_design_quantum_computers_60cfe2a7] Repaired malformed JSON.
[01:00:11 +1m 41s | thequantuminsider_2020_05_06_webinar_quantum_venture_capital_co_design_quantum_computers_60cfe2a7] Extracting actors: https://thequantuminsider.com/2020/05/06/webinar-quantum-venture-capital-co-design-quantum-computers-quantum-networks (1/1), chunk 19/34
[01:00:20 +1m 48s | thequantuminsider_2020_05_06_webinar_quantum_venture_capital_co_design_quantum_computers_60cfe2a7] Repaired malformed JSON.
[01:00:20 +1m 48s | thequantuminsider_2020_05_06_webinar_quantum_venture_capital_co_design_quantum_computers_60cfe2a7] Extracting actors: https://thequantuminsider.com/2020/05/06/webinar-quantum-venture-capital-co-design-quantum-computers-quantum-networks (1/1), chunk 20/34
[01:00:26 +1m 54s | thequantuminsider_2020_05_06_webinar_quantum_venture_capital_co_design_quantum_computers_60cfe2a7] Repaired malformed JSON.
[01:00:26 +1m 54s | thequantuminsider_2020_05_06_webinar_quantum_venture_capital_co_design_quantum_computers_60cfe2a7] Extracting actors: https://thequantuminsider.com/2020/05/06/webinar-quantum-venture-capital-co-design-quantum-computers-quantum-networks (1/1), chunk 21/34
[01:00:34 +2m 2s | thequantuminsider_2020_05_06_webinar_quantum_venture_capital_co_design_quantum_computers_60cfe2a7] Repaired malformed JSON.
[01:00:34 +2m 2s | thequantuminsider_2020_05_06_webinar_quantum_venture_capital_co_design_quantum_computers_60cfe2a7] Extracting actors: https://thequantuminsider.com/2020/05/06/webinar-quantum-venture-capital-co-design-quantum-computers-quantum-networks (1/1), chunk 22/34
[01:00:38 +2m 6s | thequantuminsider_2020_05_06_webinar_quantum_venture_capital_co_design_quantum_computers_60cfe2a7] Extracting actors: https://thequantuminsider.com/2020/05/06/webinar-quantum-venture-capital-co-design-quantum-computers-quantum-networks (1/1), chunk 23/34
[01:00:45 +2m 13s | thequantuminsider_2020_05_06_webinar_quantum_venture_capital_co_design_quantum_computers_60cfe2a7] Repaired malformed JSON.
[01:00:45 +2m 13s | thequantuminsider_2020_05_06_webinar_quantum_venture_capital_co_design_quantum_computers_60cfe2a7] Extracting actors: https://thequantuminsider.com/2020/05/06/webinar-quantum-venture-capital-co-design-quantum-computers-quantum-networks (1/1), chunk 24/34
[01:00:49 +2m 17s | thequantuminsider_2020_05_06_webinar_quantum_venture_capital_co_design_quantum_computers_60cfe2a7] Extracting actors: https://thequantuminsider.com/2020/05/06/webinar-quantum-venture-capital-co-design-quantum-computers-quantum-networks (1/1), chunk 25/34
[01:00:56 +2m 21s | thequantuminsider_2020_05_06_webinar_quantum_venture_capital_co_design_quantum_computers_60cfe2a7] Extracting actors: https://thequantuminsider.com/2020/05/06/webinar-quantum-venture-capital-co-design-quantum-computers-quantum-networks (1/1), chunk 26/34
[01:00:58 +2m 23s | thequantuminsider_2020_05_06_webinar_quantum_venture_capital_co_design_quantum_computers_60cfe2a7] Extracting actors: https://thequantuminsider.com/2020/05/06/webinar-quantum-venture-capital-co-design-quantum-computers-quantum-networks (1/1), chunk 27/34
[01:01:04 +2m 29s | thequantuminsider_2020_05_06_webinar_quantum_venture_capital_co_design_quantum_computers_60cfe2a7] Repaired malformed JSON.
[01:01:04 +2m 29s | thequantuminsider_2020_05_06_webinar_quantum_venture_capital_co_design_quantum_computers_60cfe2a7] Extracting actors: https://thequantuminsider.com/2020/05/06/webinar-quantum-venture-capital-co-design-quantum-computers-quantum-networks (1/1), chunk 28/34
[01:01:09 +2m 34s | thequantuminsider_2020_05_06_webinar_quantum_venture_capital_co_design_quantum_computers_60cfe2a7] Repaired malformed JSON.
[01:01:09 +2m 34s | thequantuminsider_2020_05_06_webinar_quantum_venture_capital_co_design_quantum_computers_60cfe2a7] Extracting actors: https://thequantuminsider.com/2020/05/06/webinar-quantum-venture-capital-co-design-quantum-computers-quantum-networks (1/1), chunk 29/34
[01:01:12 +2m 37s | thequantuminsider_2020_05_06_webinar_quantum_venture_capital_co_design_quantum_computers_60cfe2a7] Extracting actors: https://thequantuminsider.com/2020/05/06/webinar-quantum-venture-capital-co-design-quantum-computers-quantum-networks (1/1), chunk 30/34
[01:01:19 +2m 44s | thequantuminsider_2020_05_06_webinar_quantum_venture_capital_co_design_quantum_computers_60cfe2a7] Repaired malformed JSON.
[01:01:19 +2m 44s | thequantuminsider_2020_05_06_webinar_quantum_venture_capital_co_design_quantum_computers_60cfe2a7] Extracting actors: https://thequantuminsider.com/2020/05/06/webinar-quantum-venture-capital-co-design-quantum-computers-quantum-networks (1/1), chunk 31/34
[01:01:25 +2m 50s | thequantuminsider_2020_05_06_webinar_quantum_venture_capital_co_design_quantum_computers_60cfe2a7] Repaired malformed JSON.
[01:01:25 +2m 50s | thequantuminsider_2020_05_06_webinar_quantum_venture_capital_co_design_quantum_computers_60cfe2a7] Extracting actors: https://thequantuminsider.com/2020/05/06/webinar-quantum-venture-capital-co-design-quantum-computers-quantum-networks (1/1), chunk 32/34
[01:01:34 +2m 56s | thequantuminsider_2020_05_06_webinar_quantum_venture_capital_co_design_quantum_computers_60cfe2a7] Repaired malformed JSON.
[01:01:34 +2m 56s | thequantuminsider_2020_05_06_webinar_quantum_venture_capital_co_design_quantum_computers_60cfe2a7] Extracting actors: https://thequantuminsider.com/2020/05/06/webinar-quantum-venture-capital-co-design-quantum-computers-quantum-networks (1/1), chunk 33/34
[01:01:41 +3m 3s | thequantuminsider_2020_05_06_webinar_quantum_venture_capital_co_design_quantum_computers_60cfe2a7] Repaired malformed JSON.
[01:01:41 +3m 3s | thequantuminsider_2020_05_06_webinar_quantum_venture_capital_co_design_quantum_computers_60cfe2a7] Extracting actors: https://thequantuminsider.com/2020/05/06/webinar-quantum-venture-capital-co-design-quantum-computers-quantum-networks (1/1), chunk 34/34
[01:01:48 +3m 10s | thequantuminsider_2020_05_06_webinar_quantum_venture_capital_co_design_quantum_computers_60cfe2a7] Repaired malformed JSON.
[01:01:48 +3m 10s | thequantuminsider_2020_05_06_webinar_quantum_venture_capital_co_design_quantum_computers_60cfe2a7] Saved 1_actor_results.json with 49 extracted records

[01:01:48 +3m 10s | thequantuminsider_2020_05_06_webinar_quantum_venture_capital_co_design_quantum_computers_60cfe2a7] === 2 clean actors ===
[01:01:48 +3m 10s | thequantuminsider_2020_05_06_webinar_quantum_venture_capital_co_design_quantum_computers_60cfe2a7] Loaded 49 extracted records
[01:01:48 +3m 10s | thequantuminsider_2020_05_06_webinar_quantum_venture_capital_co_design_quantum_computers_60cfe2a7] Saved 2_actor_nodes.json with 23 canonical actor nodes

[01:01:48 +3m 10s | thequantuminsider_2020_05_06_webinar_quantum_venture_capital_co_design_quantum_computers_60cfe2a7] === 3 interaction extraction ===
[01:01:48 +3m 10s | thequantuminsider_2020_05_06_webinar_quantum_venture_capital_co_design_quantum_computers_60cfe2a7] Extracting interactions: https://thequantuminsider.com/2020/05/06/webinar-quantum-venture-capital-co-design-quantum-computers-quantum-networks (1/1), chunk 11/34
[01:01:52 +3m 14s | thequantuminsider_2020_05_06_webinar_quantum_venture_capital_co_design_quantum_computers_60cfe2a7] Extracting interactions: https://thequantuminsider.com/2020/05/06/webinar-quantum-venture-capital-co-design-quantum-computers-quantum-networks (1/1), chunk 12/34
[01:02:07 +3m 26s | thequantuminsider_2020_05_06_webinar_quantum_venture_capital_co_design_quantum_computers_60cfe2a7] Extracting interactions: https://thequantuminsider.com/2020/05/06/webinar-quantum-venture-capital-co-design-quantum-computers-quantum-networks (1/1), chunk 13/34
[01:02:14 +3m 33s | thequantuminsider_2020_05_06_webinar_quantum_venture_capital_co_design_quantum_computers_60cfe2a7] Extracting interactions: https://thequantuminsider.com/2020/05/06/webinar-quantum-venture-capital-co-design-quantum-computers-quantum-networks (1/1), chunk 14/34
[01:02:21 +3m 41s | thequantuminsider_2020_05_06_webinar_quantum_venture_capital_co_design_quantum_computers_60cfe2a7] Extracting interactions: https://thequantuminsider.com/2020/05/06/webinar-quantum-venture-capital-co-design-quantum-computers-quantum-networks (1/1), chunk 15/34
[01:02:27 +3m 46s | thequantuminsider_2020_05_06_webinar_quantum_venture_capital_co_design_quantum_computers_60cfe2a7] Extracting interactions: https://thequantuminsider.com/2020/05/06/webinar-quantum-venture-capital-co-design-quantum-computers-quantum-networks (1/1), chunk 16/34
[01:02:30 +3m 49s | thequantuminsider_2020_05_06_webinar_quantum_venture_capital_co_design_quantum_computers_60cfe2a7] Extracting interactions: https://thequantuminsider.com/2020/05/06/webinar-quantum-venture-capital-co-design-quantum-computers-quantum-networks (1/1), chunk 17/34
[01:02:48 +4m 4s | thequantuminsider_2020_05_06_webinar_quantum_venture_capital_co_design_quantum_computers_60cfe2a7] Extracting interactions: https://thequantuminsider.com/2020/05/06/webinar-quantum-venture-capital-co-design-quantum-computers-quantum-networks (1/1), chunk 18/34
[01:02:55 +4m 11s | thequantuminsider_2020_05_06_webinar_quantum_venture_capital_co_design_quantum_computers_60cfe2a7] Extracting interactions: https://thequantuminsider.com/2020/05/06/webinar-quantum-venture-capital-co-design-quantum-computers-quantum-networks (1/1), chunk 19/34
[01:03:02 +4m 18s | thequantuminsider_2020_05_06_webinar_quantum_venture_capital_co_design_quantum_computers_60cfe2a7] Extracting interactions: https://thequantuminsider.com/2020/05/06/webinar-quantum-venture-capital-co-design-quantum-computers-quantum-networks (1/1), chunk 20/34
[01:03:06 +4m 22s | thequantuminsider_2020_05_06_webinar_quantum_venture_capital_co_design_quantum_computers_60cfe2a7] Extracting interactions: https://thequantuminsider.com/2020/05/06/webinar-quantum-venture-capital-co-design-quantum-computers-quantum-networks (1/1), chunk 21/34
[01:03:07 +4m 24s | thequantuminsider_2020_05_06_webinar_quantum_venture_capital_co_design_quantum_computers_60cfe2a7] Extracting interactions: https://thequantuminsider.com/2020/05/06/webinar-quantum-venture-capital-co-design-quantum-computers-quantum-networks (1/1), chunk 23/34
[01:03:16 +4m 29s | thequantuminsider_2020_05_06_webinar_quantum_venture_capital_co_design_quantum_computers_60cfe2a7] Extracting interactions: https://thequantuminsider.com/2020/05/06/webinar-quantum-venture-capital-co-design-quantum-computers-quantum-networks (1/1), chunk 24/34
[01:03:19 +4m 32s | thequantuminsider_2020_05_06_webinar_quantum_venture_capital_co_design_quantum_computers_60cfe2a7] Extracting interactions: https://thequantuminsider.com/2020/05/06/webinar-quantum-venture-capital-co-design-quantum-computers-quantum-networks (1/1), chunk 25/34
[01:03:20 +4m 33s | thequantuminsider_2020_05_06_webinar_quantum_venture_capital_co_design_quantum_computers_60cfe2a7] Extracting interactions: https://thequantuminsider.com/2020/05/06/webinar-quantum-venture-capital-co-design-quantum-computers-quantum-networks (1/1), chunk 27/34
[01:03:21 +4m 35s | thequantuminsider_2020_05_06_webinar_quantum_venture_capital_co_design_quantum_computers_60cfe2a7] Extracting interactions: https://thequantuminsider.com/2020/05/06/webinar-quantum-venture-capital-co-design-quantum-computers-quantum-networks (1/1), chunk 28/34
[01:03:23 +4m 36s | thequantuminsider_2020_05_06_webinar_quantum_venture_capital_co_design_quantum_computers_60cfe2a7] Extracting interactions: https://thequantuminsider.com/2020/05/06/webinar-quantum-venture-capital-co-design-quantum-computers-quantum-networks (1/1), chunk 29/34
[01:03:24 +4m 37s | thequantuminsider_2020_05_06_webinar_quantum_venture_capital_co_design_quantum_computers_60cfe2a7] Extracting interactions: https://thequantuminsider.com/2020/05/06/webinar-quantum-venture-capital-co-design-quantum-computers-quantum-networks (1/1), chunk 30/34
[01:03:26 +4m 39s | thequantuminsider_2020_05_06_webinar_quantum_venture_capital_co_design_quantum_computers_60cfe2a7] Extracting interactions: https://thequantuminsider.com/2020/05/06/webinar-quantum-venture-capital-co-design-quantum-computers-quantum-networks (1/1), chunk 31/34
[01:03:28 +4m 41s | thequantuminsider_2020_05_06_webinar_quantum_venture_capital_co_design_quantum_computers_60cfe2a7] Extracting interactions: https://thequantuminsider.com/2020/05/06/webinar-quantum-venture-capital-co-design-quantum-computers-quantum-networks (1/1), chunk 32/34
[01:03:44 +4m 58s | thequantuminsider_2020_05_06_webinar_quantum_venture_capital_co_design_quantum_computers_60cfe2a7] Extracting interactions: https://thequantuminsider.com/2020/05/06/webinar-quantum-venture-capital-co-design-quantum-computers-quantum-networks (1/1), chunk 33/34
[01:04:11 +5m 21s | thequantuminsider_2020_05_06_webinar_quantum_venture_capital_co_design_quantum_computers_60cfe2a7] Extracting interactions: https://thequantuminsider.com/2020/05/06/webinar-quantum-venture-capital-co-design-quantum-computers-quantum-networks (1/1), chunk 34/34
[01:04:12 +5m 23s | thequantuminsider_2020_05_06_webinar_quantum_venture_capital_co_design_quantum_computers_60cfe2a7] Saved 3_interaction_results.json with 29 extracted interactions.

[01:04:13 +5m 23s | thequantuminsider_2020_05_06_webinar_quantum_venture_capital_co_design_quantum_computers_60cfe2a7] === 4 clean interactions ===
[01:04:13 +5m 23s | thequantuminsider_2020_05_06_webinar_quantum_venture_capital_co_design_quantum_computers_60cfe2a7] Saved 4_edges.json with 5 cleaned interactions.

[01:04:13 +5m 23s | thequantuminsider_2020_05_06_webinar_quantum_venture_capital_co_design_quantum_computers_60cfe2a7] === 5 helix enrichment ===
[01:04:13 +5m 23s | thequantuminsider_2020_05_06_webinar_quantum_venture_capital_co_design_quantum_computers_60cfe2a7] Wrote 5_nodes.json (23 actors)
[01:04:13 +5m 23s | thequantuminsider_2020_05_06_webinar_quantum_venture_capital_co_design_quantum_computers_60cfe2a7] Wrote 5_edges.json (5 interactions)
[01:04:13 +5m 23s | thequantuminsider_2020_05_06_webinar_quantum_venture_capital_co_design_quantum_computers_60cfe2a7] Actor helix counts: {'Academia': 1, 'Civil Society': 3, 'Government': 2, 'Industry': 6, 'Intermediary': 3, 'Unknown': 8}
[01:04:13 +5m 23s | thequantuminsider_2020_05_06_webinar_quantum_venture_capital_co_design_quantum_computers_60cfe2a7] Functional-space counts: {'Innovation': 2, 'Intra-helix / Not classified': 1, 'Public': 2}

[01:04:13 +5m 23s | thequantuminsider_2020_05_06_webinar_quantum_venture_capital_co_design_quantum_computers_60cfe2a7] === 6 network visualisation ===
[01:04:13 +5m 23s | thequantuminsider_2020_05_06_webinar_quantum_venture_capital_co_design_quantum_computers_60cfe2a7] Wrote quantum_network.html
[01:04:13 +5m 23s | thequantuminsider_2020_05_06_webinar_quantum_venture_capital_co_design_quantum_computers_60cfe2a7] Nodes: 23
[01:04:13 +5m 23s | thequantuminsider_2020_05_06_webinar_quantum_venture_capital_co_design_quantum_computers_60cfe2a7] Edges: 3

[01:04:13 +5m 23s | thequantuminsider_2020_05_06_webinar_quantum_venture_capital_co_design_quantum_computers_60cfe2a7] Done. Outputs written to: /home/lv/IDP/idpdeeptech/pipeline/news_outputs/thequantuminsider_2020_05_06_webinar_quantum_venture_capital_co_design_quantum_computers_60cfe2a7
[01:04:13 +5m 23s | thequantuminsider_2020_05_06_webinar_quantum_venture_capital_co_design_quantum_computers_60cfe2a7] Log: /home/lv/IDP/idpdeeptech/pipeline/news_outputs/thequantuminsider_2020_05_06_webinar_quantum_venture_capital_co_design_quantum_computers_60cfe2a7/run.log

========================================================================
RUN FINISHED 2026-07-02 01:04:13  (OK)
Started:     2026-07-02 00:58:20
Elapsed:     5m 23s
========================================================================
