
========================================================================
RUN STARTED  2026-07-02 03:05:50
site_pipeline.py https://thequantuminsider.com/2020/03/03/tennessee-startups-wind-power-quantum-panacea/
========================================================================

[03:05:50 +0s | thequantuminsider_2020_03_03_tennessee_startups_wind_power_quantum_panacea] === 0 crawl site ===
[03:05:51 +1s | thequantuminsider_2020_03_03_tennessee_startups_wind_power_quantum_panacea] [INIT].... → Crawl4AI 0.8.6 
[03:05:53 +3s | thequantuminsider_2020_03_03_tennessee_startups_wind_power_quantum_panacea] [FETCH]... ↓ https://thequantuminsider.com/2020/03/03/tennessee-startups-wind-power-quantum-panacea/              | ✓ | ⏱: 1.77s 
[03:05:53 +3s | thequantuminsider_2020_03_03_tennessee_startups_wind_power_quantum_panacea] [SCRAPE].. ◆ https://thequantuminsider.com/2020/03/03/tennessee-startups-wind-power-quantum-panacea/              | ✓ | ⏱: 0.11s 
[03:05:53 +3s | thequantuminsider_2020_03_03_tennessee_startups_wind_power_quantum_panacea] [COMPLETE] ● https://thequantuminsider.com/2020/03/03/tennessee-startups-wind-power-quantum-panacea/              | ✓ | ⏱: 1.90s 
[03:05:53 +3s | thequantuminsider_2020_03_03_tennessee_startups_wind_power_quantum_panacea] Saved: crawl_output/7dd99e9366_thequantuminsider.com_2020_03_03_tennessee-startups-wind-power-quantum-panacea.json

[03:05:54 +3s | thequantuminsider_2020_03_03_tennessee_startups_wind_power_quantum_panacea] === 1 actor extraction ===
[03:05:54 +4s | thequantuminsider_2020_03_03_tennessee_startups_wind_power_quantum_panacea] Reading page (1/1): https://thequantuminsider.com/2020/03/03/tennessee-startups-wind-power-quantum-panacea
[03:05:54 +4s | thequantuminsider_2020_03_03_tennessee_startups_wind_power_quantum_panacea] Extracting actors: https://thequantuminsider.com/2020/03/03/tennessee-startups-wind-power-quantum-panacea (1/1), chunk 1/38
[03:06:04 +11s | thequantuminsider_2020_03_03_tennessee_startups_wind_power_quantum_panacea] Extracting actors: https://thequantuminsider.com/2020/03/03/tennessee-startups-wind-power-quantum-panacea (1/1), chunk 2/38
[03:06:08 +14s | thequantuminsider_2020_03_03_tennessee_startups_wind_power_quantum_panacea] Extracting actors: https://thequantuminsider.com/2020/03/03/tennessee-startups-wind-power-quantum-panacea (1/1), chunk 3/38
[03:06:11 +18s | thequantuminsider_2020_03_03_tennessee_startups_wind_power_quantum_panacea] Extracting actors: https://thequantuminsider.com/2020/03/03/tennessee-startups-wind-power-quantum-panacea (1/1), chunk 4/38
[03:06:15 +22s | thequantuminsider_2020_03_03_tennessee_startups_wind_power_quantum_panacea] Extracting actors: https://thequantuminsider.com/2020/03/03/tennessee-startups-wind-power-quantum-panacea (1/1), chunk 5/38
[03:06:18 +25s | thequantuminsider_2020_03_03_tennessee_startups_wind_power_quantum_panacea] Extracting actors: https://thequantuminsider.com/2020/03/03/tennessee-startups-wind-power-quantum-panacea (1/1), chunk 6/38
[03:06:22 +29s | thequantuminsider_2020_03_03_tennessee_startups_wind_power_quantum_panacea] Extracting actors: https://thequantuminsider.com/2020/03/03/tennessee-startups-wind-power-quantum-panacea (1/1), chunk 7/38
[03:06:28 +35s | thequantuminsider_2020_03_03_tennessee_startups_wind_power_quantum_panacea] Extracting actors: https://thequantuminsider.com/2020/03/03/tennessee-startups-wind-power-quantum-panacea (1/1), chunk 8/38
[03:06:36 +40s | thequantuminsider_2020_03_03_tennessee_startups_wind_power_quantum_panacea] Extracting actors: https://thequantuminsider.com/2020/03/03/tennessee-startups-wind-power-quantum-panacea (1/1), chunk 9/38
[03:06:42 +46s | thequantuminsider_2020_03_03_tennessee_startups_wind_power_quantum_panacea] Extracting actors: https://thequantuminsider.com/2020/03/03/tennessee-startups-wind-power-quantum-panacea (1/1), chunk 10/38
[03:06:47 +51s | thequantuminsider_2020_03_03_tennessee_startups_wind_power_quantum_panacea] Extracting actors: https://thequantuminsider.com/2020/03/03/tennessee-startups-wind-power-quantum-panacea (1/1), chunk 11/38
[03:06:51 +55s | thequantuminsider_2020_03_03_tennessee_startups_wind_power_quantum_panacea] Extracting actors: https://thequantuminsider.com/2020/03/03/tennessee-startups-wind-power-quantum-panacea (1/1), chunk 12/38
[03:06:58 +1m 2s | thequantuminsider_2020_03_03_tennessee_startups_wind_power_quantum_panacea] Extracting actors: https://thequantuminsider.com/2020/03/03/tennessee-startups-wind-power-quantum-panacea (1/1), chunk 13/38
[03:07:04 +1m 8s | thequantuminsider_2020_03_03_tennessee_startups_wind_power_quantum_panacea] Repaired malformed JSON.
[03:07:04 +1m 8s | thequantuminsider_2020_03_03_tennessee_startups_wind_power_quantum_panacea] Extracting actors: https://thequantuminsider.com/2020/03/03/tennessee-startups-wind-power-quantum-panacea (1/1), chunk 14/38
[03:07:13 +1m 14s | thequantuminsider_2020_03_03_tennessee_startups_wind_power_quantum_panacea] Repaired malformed JSON.
[03:07:13 +1m 14s | thequantuminsider_2020_03_03_tennessee_startups_wind_power_quantum_panacea] Extracting actors: https://thequantuminsider.com/2020/03/03/tennessee-startups-wind-power-quantum-panacea (1/1), chunk 15/38
[03:07:22 +1m 22s | thequantuminsider_2020_03_03_tennessee_startups_wind_power_quantum_panacea] Repaired malformed JSON.
[03:07:22 +1m 22s | thequantuminsider_2020_03_03_tennessee_startups_wind_power_quantum_panacea] Extracting actors: https://thequantuminsider.com/2020/03/03/tennessee-startups-wind-power-quantum-panacea (1/1), chunk 16/38
[03:07:28 +1m 29s | thequantuminsider_2020_03_03_tennessee_startups_wind_power_quantum_panacea] Repaired malformed JSON.
[03:07:28 +1m 29s | thequantuminsider_2020_03_03_tennessee_startups_wind_power_quantum_panacea] Extracting actors: https://thequantuminsider.com/2020/03/03/tennessee-startups-wind-power-quantum-panacea (1/1), chunk 17/38
[03:07:34 +1m 35s | thequantuminsider_2020_03_03_tennessee_startups_wind_power_quantum_panacea] Repaired malformed JSON.
[03:07:34 +1m 35s | thequantuminsider_2020_03_03_tennessee_startups_wind_power_quantum_panacea] Extracting actors: https://thequantuminsider.com/2020/03/03/tennessee-startups-wind-power-quantum-panacea (1/1), chunk 18/38
[03:07:40 +1m 41s | thequantuminsider_2020_03_03_tennessee_startups_wind_power_quantum_panacea] Repaired malformed JSON.
[03:07:40 +1m 41s | thequantuminsider_2020_03_03_tennessee_startups_wind_power_quantum_panacea] Extracting actors: https://thequantuminsider.com/2020/03/03/tennessee-startups-wind-power-quantum-panacea (1/1), chunk 19/38
[03:07:49 +1m 47s | thequantuminsider_2020_03_03_tennessee_startups_wind_power_quantum_panacea] Repaired malformed JSON.
[03:07:49 +1m 47s | thequantuminsider_2020_03_03_tennessee_startups_wind_power_quantum_panacea] Extracting actors: https://thequantuminsider.com/2020/03/03/tennessee-startups-wind-power-quantum-panacea (1/1), chunk 20/38
[03:07:57 +1m 55s | thequantuminsider_2020_03_03_tennessee_startups_wind_power_quantum_panacea] Repaired malformed JSON.
[03:07:57 +1m 55s | thequantuminsider_2020_03_03_tennessee_startups_wind_power_quantum_panacea] Extracting actors: https://thequantuminsider.com/2020/03/03/tennessee-startups-wind-power-quantum-panacea (1/1), chunk 21/38
[03:08:03 +2m 1s | thequantuminsider_2020_03_03_tennessee_startups_wind_power_quantum_panacea] Repaired malformed JSON.
[03:08:03 +2m 1s | thequantuminsider_2020_03_03_tennessee_startups_wind_power_quantum_panacea] Extracting actors: https://thequantuminsider.com/2020/03/03/tennessee-startups-wind-power-quantum-panacea (1/1), chunk 22/38
[03:08:11 +2m 9s | thequantuminsider_2020_03_03_tennessee_startups_wind_power_quantum_panacea] Repaired malformed JSON.
[03:08:11 +2m 9s | thequantuminsider_2020_03_03_tennessee_startups_wind_power_quantum_panacea] Extracting actors: https://thequantuminsider.com/2020/03/03/tennessee-startups-wind-power-quantum-panacea (1/1), chunk 23/38
[03:08:22 +2m 18s | thequantuminsider_2020_03_03_tennessee_startups_wind_power_quantum_panacea] Repaired malformed JSON.
[03:08:22 +2m 18s | thequantuminsider_2020_03_03_tennessee_startups_wind_power_quantum_panacea] Extracting actors: https://thequantuminsider.com/2020/03/03/tennessee-startups-wind-power-quantum-panacea (1/1), chunk 24/38
[03:08:30 +2m 25s | thequantuminsider_2020_03_03_tennessee_startups_wind_power_quantum_panacea] Repaired malformed JSON.
[03:08:30 +2m 25s | thequantuminsider_2020_03_03_tennessee_startups_wind_power_quantum_panacea] Extracting actors: https://thequantuminsider.com/2020/03/03/tennessee-startups-wind-power-quantum-panacea (1/1), chunk 25/38
[03:08:36 +2m 32s | thequantuminsider_2020_03_03_tennessee_startups_wind_power_quantum_panacea] Repaired malformed JSON.
[03:08:36 +2m 32s | thequantuminsider_2020_03_03_tennessee_startups_wind_power_quantum_panacea] Extracting actors: https://thequantuminsider.com/2020/03/03/tennessee-startups-wind-power-quantum-panacea (1/1), chunk 26/38
[03:08:44 +2m 39s | thequantuminsider_2020_03_03_tennessee_startups_wind_power_quantum_panacea] Extracting actors: https://thequantuminsider.com/2020/03/03/tennessee-startups-wind-power-quantum-panacea (1/1), chunk 27/38
[03:08:50 +2m 45s | thequantuminsider_2020_03_03_tennessee_startups_wind_power_quantum_panacea] Repaired malformed JSON.
[03:08:50 +2m 45s | thequantuminsider_2020_03_03_tennessee_startups_wind_power_quantum_panacea] Extracting actors: https://thequantuminsider.com/2020/03/03/tennessee-startups-wind-power-quantum-panacea (1/1), chunk 28/38
[03:08:57 +2m 49s | thequantuminsider_2020_03_03_tennessee_startups_wind_power_quantum_panacea] Extracting actors: https://thequantuminsider.com/2020/03/03/tennessee-startups-wind-power-quantum-panacea (1/1), chunk 29/38
[03:09:01 +2m 53s | thequantuminsider_2020_03_03_tennessee_startups_wind_power_quantum_panacea] Extracting actors: https://thequantuminsider.com/2020/03/03/tennessee-startups-wind-power-quantum-panacea (1/1), chunk 30/38
[03:09:07 +2m 59s | thequantuminsider_2020_03_03_tennessee_startups_wind_power_quantum_panacea] Repaired malformed JSON.
[03:09:07 +2m 59s | thequantuminsider_2020_03_03_tennessee_startups_wind_power_quantum_panacea] Extracting actors: https://thequantuminsider.com/2020/03/03/tennessee-startups-wind-power-quantum-panacea (1/1), chunk 31/38
[03:09:13 +3m 6s | thequantuminsider_2020_03_03_tennessee_startups_wind_power_quantum_panacea] Repaired malformed JSON.
[03:09:13 +3m 6s | thequantuminsider_2020_03_03_tennessee_startups_wind_power_quantum_panacea] Extracting actors: https://thequantuminsider.com/2020/03/03/tennessee-startups-wind-power-quantum-panacea (1/1), chunk 32/38
[03:09:21 +3m 13s | thequantuminsider_2020_03_03_tennessee_startups_wind_power_quantum_panacea] Repaired malformed JSON.
[03:09:21 +3m 13s | thequantuminsider_2020_03_03_tennessee_startups_wind_power_quantum_panacea] Extracting actors: https://thequantuminsider.com/2020/03/03/tennessee-startups-wind-power-quantum-panacea (1/1), chunk 33/38
[03:09:30 +3m 20s | thequantuminsider_2020_03_03_tennessee_startups_wind_power_quantum_panacea] Repaired malformed JSON.
[03:09:30 +3m 20s | thequantuminsider_2020_03_03_tennessee_startups_wind_power_quantum_panacea] Extracting actors: https://thequantuminsider.com/2020/03/03/tennessee-startups-wind-power-quantum-panacea (1/1), chunk 34/38
[03:09:36 +3m 25s | thequantuminsider_2020_03_03_tennessee_startups_wind_power_quantum_panacea] Repaired malformed JSON.
[03:09:36 +3m 25s | thequantuminsider_2020_03_03_tennessee_startups_wind_power_quantum_panacea] Extracting actors: https://thequantuminsider.com/2020/03/03/tennessee-startups-wind-power-quantum-panacea (1/1), chunk 35/38
[03:09:42 +3m 32s | thequantuminsider_2020_03_03_tennessee_startups_wind_power_quantum_panacea] Repaired malformed JSON.
[03:09:42 +3m 32s | thequantuminsider_2020_03_03_tennessee_startups_wind_power_quantum_panacea] Extracting actors: https://thequantuminsider.com/2020/03/03/tennessee-startups-wind-power-quantum-panacea (1/1), chunk 36/38
[03:09:49 +3m 38s | thequantuminsider_2020_03_03_tennessee_startups_wind_power_quantum_panacea] Repaired malformed JSON.
[03:09:49 +3m 38s | thequantuminsider_2020_03_03_tennessee_startups_wind_power_quantum_panacea] Extracting actors: https://thequantuminsider.com/2020/03/03/tennessee-startups-wind-power-quantum-panacea (1/1), chunk 37/38
[03:09:56 +3m 45s | thequantuminsider_2020_03_03_tennessee_startups_wind_power_quantum_panacea] Repaired malformed JSON.
[03:09:56 +3m 45s | thequantuminsider_2020_03_03_tennessee_startups_wind_power_quantum_panacea] Extracting actors: https://thequantuminsider.com/2020/03/03/tennessee-startups-wind-power-quantum-panacea (1/1), chunk 38/38
[03:09:59 +3m 49s | thequantuminsider_2020_03_03_tennessee_startups_wind_power_quantum_panacea] Saved 1_actor_results.json with 57 extracted records

[03:09:59 +3m 49s | thequantuminsider_2020_03_03_tennessee_startups_wind_power_quantum_panacea] === 2 clean actors ===
[03:10:00 +3m 49s | thequantuminsider_2020_03_03_tennessee_startups_wind_power_quantum_panacea] Loaded 57 extracted records
[03:10:00 +3m 49s | thequantuminsider_2020_03_03_tennessee_startups_wind_power_quantum_panacea] Saved 2_actor_nodes.json with 25 canonical actor nodes

[03:10:00 +3m 49s | thequantuminsider_2020_03_03_tennessee_startups_wind_power_quantum_panacea] === 3 interaction extraction ===
[03:10:00 +3m 49s | thequantuminsider_2020_03_03_tennessee_startups_wind_power_quantum_panacea] Extracting interactions: https://thequantuminsider.com/2020/03/03/tennessee-startups-wind-power-quantum-panacea (1/1), chunk 13/38
[03:10:01 +3m 50s | thequantuminsider_2020_03_03_tennessee_startups_wind_power_quantum_panacea] Extracting interactions: https://thequantuminsider.com/2020/03/03/tennessee-startups-wind-power-quantum-panacea (1/1), chunk 14/38
[03:10:10 +3m 56s | thequantuminsider_2020_03_03_tennessee_startups_wind_power_quantum_panacea] Extracting interactions: https://thequantuminsider.com/2020/03/03/tennessee-startups-wind-power-quantum-panacea (1/1), chunk 15/38
[03:10:21 +4m 7s | thequantuminsider_2020_03_03_tennessee_startups_wind_power_quantum_panacea] Extracting interactions: https://thequantuminsider.com/2020/03/03/tennessee-startups-wind-power-quantum-panacea (1/1), chunk 16/38
[03:10:27 +4m 13s | thequantuminsider_2020_03_03_tennessee_startups_wind_power_quantum_panacea] Extracting interactions: https://thequantuminsider.com/2020/03/03/tennessee-startups-wind-power-quantum-panacea (1/1), chunk 17/38
[03:10:40 +4m 24s | thequantuminsider_2020_03_03_tennessee_startups_wind_power_quantum_panacea] Extracting interactions: https://thequantuminsider.com/2020/03/03/tennessee-startups-wind-power-quantum-panacea (1/1), chunk 18/38
[03:10:44 +4m 27s | thequantuminsider_2020_03_03_tennessee_startups_wind_power_quantum_panacea] Extracting interactions: https://thequantuminsider.com/2020/03/03/tennessee-startups-wind-power-quantum-panacea (1/1), chunk 19/38
[03:10:56 +4m 39s | thequantuminsider_2020_03_03_tennessee_startups_wind_power_quantum_panacea] Extracting interactions: https://thequantuminsider.com/2020/03/03/tennessee-startups-wind-power-quantum-panacea (1/1), chunk 20/38
[03:10:59 +4m 42s | thequantuminsider_2020_03_03_tennessee_startups_wind_power_quantum_panacea] Extracting interactions: https://thequantuminsider.com/2020/03/03/tennessee-startups-wind-power-quantum-panacea (1/1), chunk 21/38
[03:11:16 +4m 56s | thequantuminsider_2020_03_03_tennessee_startups_wind_power_quantum_panacea] Extracting interactions: https://thequantuminsider.com/2020/03/03/tennessee-startups-wind-power-quantum-panacea (1/1), chunk 22/38
[03:11:26 +5m 6s | thequantuminsider_2020_03_03_tennessee_startups_wind_power_quantum_panacea] Extracting interactions: https://thequantuminsider.com/2020/03/03/tennessee-startups-wind-power-quantum-panacea (1/1), chunk 23/38
[03:11:34 +5m 14s | thequantuminsider_2020_03_03_tennessee_startups_wind_power_quantum_panacea] Extracting interactions: https://thequantuminsider.com/2020/03/03/tennessee-startups-wind-power-quantum-panacea (1/1), chunk 24/38
[03:11:45 +5m 25s | thequantuminsider_2020_03_03_tennessee_startups_wind_power_quantum_panacea] Extracting interactions: https://thequantuminsider.com/2020/03/03/tennessee-startups-wind-power-quantum-panacea (1/1), chunk 25/38
[03:11:47 +5m 27s | thequantuminsider_2020_03_03_tennessee_startups_wind_power_quantum_panacea] Extracting interactions: https://thequantuminsider.com/2020/03/03/tennessee-startups-wind-power-quantum-panacea (1/1), chunk 27/38
[03:11:53 +5m 30s | thequantuminsider_2020_03_03_tennessee_startups_wind_power_quantum_panacea] Extracting interactions: https://thequantuminsider.com/2020/03/03/tennessee-startups-wind-power-quantum-panacea (1/1), chunk 28/38
[03:11:56 +5m 33s | thequantuminsider_2020_03_03_tennessee_startups_wind_power_quantum_panacea] Extracting interactions: https://thequantuminsider.com/2020/03/03/tennessee-startups-wind-power-quantum-panacea (1/1), chunk 29/38
[03:12:01 +5m 38s | thequantuminsider_2020_03_03_tennessee_startups_wind_power_quantum_panacea] Extracting interactions: https://thequantuminsider.com/2020/03/03/tennessee-startups-wind-power-quantum-panacea (1/1), chunk 31/38
[03:12:02 +5m 39s | thequantuminsider_2020_03_03_tennessee_startups_wind_power_quantum_panacea] Extracting interactions: https://thequantuminsider.com/2020/03/03/tennessee-startups-wind-power-quantum-panacea (1/1), chunk 32/38
[03:12:03 +5m 41s | thequantuminsider_2020_03_03_tennessee_startups_wind_power_quantum_panacea] Extracting interactions: https://thequantuminsider.com/2020/03/03/tennessee-startups-wind-power-quantum-panacea (1/1), chunk 33/38
[03:12:05 +5m 42s | thequantuminsider_2020_03_03_tennessee_startups_wind_power_quantum_panacea] Extracting interactions: https://thequantuminsider.com/2020/03/03/tennessee-startups-wind-power-quantum-panacea (1/1), chunk 34/38
[03:12:06 +5m 44s | thequantuminsider_2020_03_03_tennessee_startups_wind_power_quantum_panacea] Extracting interactions: https://thequantuminsider.com/2020/03/03/tennessee-startups-wind-power-quantum-panacea (1/1), chunk 36/38
[03:12:08 +5m 45s | thequantuminsider_2020_03_03_tennessee_startups_wind_power_quantum_panacea] Extracting interactions: https://thequantuminsider.com/2020/03/03/tennessee-startups-wind-power-quantum-panacea (1/1), chunk 37/38
[03:12:10 +5m 47s | thequantuminsider_2020_03_03_tennessee_startups_wind_power_quantum_panacea] Saved 3_interaction_results.json with 21 extracted interactions.

[03:12:10 +5m 47s | thequantuminsider_2020_03_03_tennessee_startups_wind_power_quantum_panacea] === 4 clean interactions ===
[03:12:10 +5m 47s | thequantuminsider_2020_03_03_tennessee_startups_wind_power_quantum_panacea] Saved 4_edges.json with 2 cleaned interactions.

[03:12:10 +5m 47s | thequantuminsider_2020_03_03_tennessee_startups_wind_power_quantum_panacea] === 5 helix enrichment ===
[03:12:10 +5m 47s | thequantuminsider_2020_03_03_tennessee_startups_wind_power_quantum_panacea] Wrote 5_nodes.json (25 actors)
[03:12:10 +5m 47s | thequantuminsider_2020_03_03_tennessee_startups_wind_power_quantum_panacea] Wrote 5_edges.json (2 interactions)
[03:12:10 +5m 47s | thequantuminsider_2020_03_03_tennessee_startups_wind_power_quantum_panacea] Actor helix counts: {'Academia': 1, 'Civil Society': 3, 'Government': 2, 'Industry': 8, 'Intermediary': 1, 'Unknown': 10}
[03:12:10 +5m 47s | thequantuminsider_2020_03_03_tennessee_startups_wind_power_quantum_panacea] Functional-space counts: {'Intra-helix / Not classified': 2}

[03:12:10 +5m 47s | thequantuminsider_2020_03_03_tennessee_startups_wind_power_quantum_panacea] === 6 network visualisation ===
[03:12:10 +5m 48s | thequantuminsider_2020_03_03_tennessee_startups_wind_power_quantum_panacea] Wrote quantum_network.html
[03:12:10 +5m 48s | thequantuminsider_2020_03_03_tennessee_startups_wind_power_quantum_panacea] Nodes: 25
[03:12:10 +5m 48s | thequantuminsider_2020_03_03_tennessee_startups_wind_power_quantum_panacea] Edges: 2

[03:12:10 +5m 48s | thequantuminsider_2020_03_03_tennessee_startups_wind_power_quantum_panacea] Done. Outputs written to: /home/lv/IDP/idpdeeptech/pipeline/news_outputs/thequantuminsider_2020_03_03_tennessee_startups_wind_power_quantum_panacea
[03:12:10 +5m 48s | thequantuminsider_2020_03_03_tennessee_startups_wind_power_quantum_panacea] Log: /home/lv/IDP/idpdeeptech/pipeline/news_outputs/thequantuminsider_2020_03_03_tennessee_startups_wind_power_quantum_panacea/run.log

========================================================================
RUN FINISHED 2026-07-02 03:12:10  (OK)
Started:     2026-07-02 03:05:50
Elapsed:     5m 48s
========================================================================
