
========================================================================
RUN STARTED  2026-07-01 17:58:40
site_pipeline.py https://thequantuminsider.com/2020/02/05/googles-secret-quantum-project-team-x-working-on-something-special/
========================================================================

[17:58:40 +0s | thequantuminsider_2020_02_05_googles_secret_quantum_project_team_x_working_on_something_special] === 0 crawl site ===
[17:58:41 +1s | thequantuminsider_2020_02_05_googles_secret_quantum_project_team_x_working_on_something_special] [INIT].... → Crawl4AI 0.8.6 
[17:58:43 +4s | thequantuminsider_2020_02_05_googles_secret_quantum_project_team_x_working_on_something_special] [FETCH]... ↓ https://thequantuminsider.com/2020/02/05/googles...tum-project-team-x-working-on-something-special/  | ✓ | ⏱: 2.65s 
[17:58:43 +4s | thequantuminsider_2020_02_05_googles_secret_quantum_project_team_x_working_on_something_special] [SCRAPE].. ◆ https://thequantuminsider.com/2020/02/05/googles...tum-project-team-x-working-on-something-special/  | ✓ | ⏱: 0.11s 
[17:58:43 +4s | thequantuminsider_2020_02_05_googles_secret_quantum_project_team_x_working_on_something_special] [COMPLETE] ● https://thequantuminsider.com/2020/02/05/googles...tum-project-team-x-working-on-something-special/  | ✓ | ⏱: 2.78s 
[17:58:43 +4s | thequantuminsider_2020_02_05_googles_secret_quantum_project_team_x_working_on_something_special] Saved: crawl_output/3aa3b31c9a_thequantuminsider.com_2020_02_05_googles-secret-quantum-project-team-x-working-on-something-special.json

[17:58:44 +4s | thequantuminsider_2020_02_05_googles_secret_quantum_project_team_x_working_on_something_special] === 1 actor extraction ===
[17:58:44 +4s | thequantuminsider_2020_02_05_googles_secret_quantum_project_team_x_working_on_something_special] Reading page (1/1): https://thequantuminsider.com/2020/02/05/googles-secret-quantum-project-team-x-working-on-something-special
[17:58:44 +4s | thequantuminsider_2020_02_05_googles_secret_quantum_project_team_x_working_on_something_special] Extracting actors: https://thequantuminsider.com/2020/02/05/googles-secret-quantum-project-team-x-working-on-something-special (1/1), chunk 1/40
[17:58:49 +9s | thequantuminsider_2020_02_05_googles_secret_quantum_project_team_x_working_on_something_special] Repaired malformed JSON.
[17:58:49 +9s | thequantuminsider_2020_02_05_googles_secret_quantum_project_team_x_working_on_something_special] Extracting actors: https://thequantuminsider.com/2020/02/05/googles-secret-quantum-project-team-x-working-on-something-special (1/1), chunk 2/40
[17:58:57 +17s | thequantuminsider_2020_02_05_googles_secret_quantum_project_team_x_working_on_something_special] Repaired malformed JSON.
[17:58:57 +17s | thequantuminsider_2020_02_05_googles_secret_quantum_project_team_x_working_on_something_special] Extracting actors: https://thequantuminsider.com/2020/02/05/googles-secret-quantum-project-team-x-working-on-something-special (1/1), chunk 3/40
[17:59:03 +23s | thequantuminsider_2020_02_05_googles_secret_quantum_project_team_x_working_on_something_special] Repaired malformed JSON.
[17:59:03 +23s | thequantuminsider_2020_02_05_googles_secret_quantum_project_team_x_working_on_something_special] Extracting actors: https://thequantuminsider.com/2020/02/05/googles-secret-quantum-project-team-x-working-on-something-special (1/1), chunk 4/40
[17:59:12 +29s | thequantuminsider_2020_02_05_googles_secret_quantum_project_team_x_working_on_something_special] Repaired malformed JSON.
[17:59:12 +29s | thequantuminsider_2020_02_05_googles_secret_quantum_project_team_x_working_on_something_special] Extracting actors: https://thequantuminsider.com/2020/02/05/googles-secret-quantum-project-team-x-working-on-something-special (1/1), chunk 5/40
[17:59:18 +35s | thequantuminsider_2020_02_05_googles_secret_quantum_project_team_x_working_on_something_special] Repaired malformed JSON.
[17:59:18 +35s | thequantuminsider_2020_02_05_googles_secret_quantum_project_team_x_working_on_something_special] Extracting actors: https://thequantuminsider.com/2020/02/05/googles-secret-quantum-project-team-x-working-on-something-special (1/1), chunk 6/40
[17:59:22 +40s | thequantuminsider_2020_02_05_googles_secret_quantum_project_team_x_working_on_something_special] Extracting actors: https://thequantuminsider.com/2020/02/05/googles-secret-quantum-project-team-x-working-on-something-special (1/1), chunk 7/40
[17:59:27 +45s | thequantuminsider_2020_02_05_googles_secret_quantum_project_team_x_working_on_something_special] Repaired malformed JSON.
[17:59:27 +45s | thequantuminsider_2020_02_05_googles_secret_quantum_project_team_x_working_on_something_special] Extracting actors: https://thequantuminsider.com/2020/02/05/googles-secret-quantum-project-team-x-working-on-something-special (1/1), chunk 8/40
[17:59:34 +52s | thequantuminsider_2020_02_05_googles_secret_quantum_project_team_x_working_on_something_special] Repaired malformed JSON.
[17:59:34 +52s | thequantuminsider_2020_02_05_googles_secret_quantum_project_team_x_working_on_something_special] Extracting actors: https://thequantuminsider.com/2020/02/05/googles-secret-quantum-project-team-x-working-on-something-special (1/1), chunk 9/40
[17:59:43 +57s | thequantuminsider_2020_02_05_googles_secret_quantum_project_team_x_working_on_something_special] Extracting actors: https://thequantuminsider.com/2020/02/05/googles-secret-quantum-project-team-x-working-on-something-special (1/1), chunk 10/40
[17:59:49 +1m 4s | thequantuminsider_2020_02_05_googles_secret_quantum_project_team_x_working_on_something_special] Repaired malformed JSON.
[17:59:49 +1m 4s | thequantuminsider_2020_02_05_googles_secret_quantum_project_team_x_working_on_something_special] Extracting actors: https://thequantuminsider.com/2020/02/05/googles-secret-quantum-project-team-x-working-on-something-special (1/1), chunk 11/40
[17:59:56 +1m 11s | thequantuminsider_2020_02_05_googles_secret_quantum_project_team_x_working_on_something_special] Repaired malformed JSON.
[17:59:56 +1m 11s | thequantuminsider_2020_02_05_googles_secret_quantum_project_team_x_working_on_something_special] Extracting actors: https://thequantuminsider.com/2020/02/05/googles-secret-quantum-project-team-x-working-on-something-special (1/1), chunk 12/40
[18:00:03 +1m 18s | thequantuminsider_2020_02_05_googles_secret_quantum_project_team_x_working_on_something_special] Repaired malformed JSON.
[18:00:03 +1m 18s | thequantuminsider_2020_02_05_googles_secret_quantum_project_team_x_working_on_something_special] Extracting actors: https://thequantuminsider.com/2020/02/05/googles-secret-quantum-project-team-x-working-on-something-special (1/1), chunk 13/40
[18:00:12 +1m 26s | thequantuminsider_2020_02_05_googles_secret_quantum_project_team_x_working_on_something_special] Repaired malformed JSON.
[18:00:12 +1m 26s | thequantuminsider_2020_02_05_googles_secret_quantum_project_team_x_working_on_something_special] Extracting actors: https://thequantuminsider.com/2020/02/05/googles-secret-quantum-project-team-x-working-on-something-special (1/1), chunk 14/40
[18:00:22 +1m 34s | thequantuminsider_2020_02_05_googles_secret_quantum_project_team_x_working_on_something_special] Repaired malformed JSON.
[18:00:22 +1m 34s | thequantuminsider_2020_02_05_googles_secret_quantum_project_team_x_working_on_something_special] Extracting actors: https://thequantuminsider.com/2020/02/05/googles-secret-quantum-project-team-x-working-on-something-special (1/1), chunk 15/40
[18:00:32 +1m 43s | thequantuminsider_2020_02_05_googles_secret_quantum_project_team_x_working_on_something_special] Repaired malformed JSON.
[18:00:32 +1m 43s | thequantuminsider_2020_02_05_googles_secret_quantum_project_team_x_working_on_something_special] Extracting actors: https://thequantuminsider.com/2020/02/05/googles-secret-quantum-project-team-x-working-on-something-special (1/1), chunk 16/40
[18:00:38 +1m 49s | thequantuminsider_2020_02_05_googles_secret_quantum_project_team_x_working_on_something_special] Repaired malformed JSON.
[18:00:38 +1m 49s | thequantuminsider_2020_02_05_googles_secret_quantum_project_team_x_working_on_something_special] Extracting actors: https://thequantuminsider.com/2020/02/05/googles-secret-quantum-project-team-x-working-on-something-special (1/1), chunk 17/40
[18:00:44 +1m 56s | thequantuminsider_2020_02_05_googles_secret_quantum_project_team_x_working_on_something_special] Repaired malformed JSON.
[18:00:44 +1m 56s | thequantuminsider_2020_02_05_googles_secret_quantum_project_team_x_working_on_something_special] Extracting actors: https://thequantuminsider.com/2020/02/05/googles-secret-quantum-project-team-x-working-on-something-special (1/1), chunk 18/40
[18:00:57 +2m 5s | thequantuminsider_2020_02_05_googles_secret_quantum_project_team_x_working_on_something_special] Repaired malformed JSON.
[18:00:57 +2m 5s | thequantuminsider_2020_02_05_googles_secret_quantum_project_team_x_working_on_something_special] Extracting actors: https://thequantuminsider.com/2020/02/05/googles-secret-quantum-project-team-x-working-on-something-special (1/1), chunk 19/40
[18:01:06 +2m 14s | thequantuminsider_2020_02_05_googles_secret_quantum_project_team_x_working_on_something_special] Repaired malformed JSON.
[18:01:06 +2m 14s | thequantuminsider_2020_02_05_googles_secret_quantum_project_team_x_working_on_something_special] Extracting actors: https://thequantuminsider.com/2020/02/05/googles-secret-quantum-project-team-x-working-on-something-special (1/1), chunk 20/40
[18:01:12 +2m 21s | thequantuminsider_2020_02_05_googles_secret_quantum_project_team_x_working_on_something_special] Repaired malformed JSON.
[18:01:12 +2m 21s | thequantuminsider_2020_02_05_googles_secret_quantum_project_team_x_working_on_something_special] Extracting actors: https://thequantuminsider.com/2020/02/05/googles-secret-quantum-project-team-x-working-on-something-special (1/1), chunk 21/40
[18:01:18 +2m 27s | thequantuminsider_2020_02_05_googles_secret_quantum_project_team_x_working_on_something_special] Repaired malformed JSON.
[18:01:18 +2m 27s | thequantuminsider_2020_02_05_googles_secret_quantum_project_team_x_working_on_something_special] Extracting actors: https://thequantuminsider.com/2020/02/05/googles-secret-quantum-project-team-x-working-on-something-special (1/1), chunk 22/40
[18:01:28 +2m 34s | thequantuminsider_2020_02_05_googles_secret_quantum_project_team_x_working_on_something_special] Repaired malformed JSON.
[18:01:28 +2m 34s | thequantuminsider_2020_02_05_googles_secret_quantum_project_team_x_working_on_something_special] Extracting actors: https://thequantuminsider.com/2020/02/05/googles-secret-quantum-project-team-x-working-on-something-special (1/1), chunk 23/40
[18:01:35 +2m 40s | thequantuminsider_2020_02_05_googles_secret_quantum_project_team_x_working_on_something_special] Repaired malformed JSON.
[18:01:35 +2m 40s | thequantuminsider_2020_02_05_googles_secret_quantum_project_team_x_working_on_something_special] Extracting actors: https://thequantuminsider.com/2020/02/05/googles-secret-quantum-project-team-x-working-on-something-special (1/1), chunk 24/40
[18:01:43 +2m 49s | thequantuminsider_2020_02_05_googles_secret_quantum_project_team_x_working_on_something_special] Repaired malformed JSON.
[18:01:43 +2m 49s | thequantuminsider_2020_02_05_googles_secret_quantum_project_team_x_working_on_something_special] Extracting actors: https://thequantuminsider.com/2020/02/05/googles-secret-quantum-project-team-x-working-on-something-special (1/1), chunk 25/40
[18:01:48 +2m 54s | thequantuminsider_2020_02_05_googles_secret_quantum_project_team_x_working_on_something_special] Repaired malformed JSON.
[18:01:48 +2m 54s | thequantuminsider_2020_02_05_googles_secret_quantum_project_team_x_working_on_something_special] Extracting actors: https://thequantuminsider.com/2020/02/05/googles-secret-quantum-project-team-x-working-on-something-special (1/1), chunk 26/40
[18:01:54 +3m 0s | thequantuminsider_2020_02_05_googles_secret_quantum_project_team_x_working_on_something_special] Extracting actors: https://thequantuminsider.com/2020/02/05/googles-secret-quantum-project-team-x-working-on-something-special (1/1), chunk 27/40
[18:02:04 +3m 7s | thequantuminsider_2020_02_05_googles_secret_quantum_project_team_x_working_on_something_special] Repaired malformed JSON.
[18:02:04 +3m 7s | thequantuminsider_2020_02_05_googles_secret_quantum_project_team_x_working_on_something_special] Extracting actors: https://thequantuminsider.com/2020/02/05/googles-secret-quantum-project-team-x-working-on-something-special (1/1), chunk 28/40
[18:02:09 +3m 11s | thequantuminsider_2020_02_05_googles_secret_quantum_project_team_x_working_on_something_special] Extracting actors: https://thequantuminsider.com/2020/02/05/googles-secret-quantum-project-team-x-working-on-something-special (1/1), chunk 29/40
[18:02:10 +3m 13s | thequantuminsider_2020_02_05_googles_secret_quantum_project_team_x_working_on_something_special] Extracting actors: https://thequantuminsider.com/2020/02/05/googles-secret-quantum-project-team-x-working-on-something-special (1/1), chunk 30/40
[18:02:16 +3m 19s | thequantuminsider_2020_02_05_googles_secret_quantum_project_team_x_working_on_something_special] Repaired malformed JSON.
[18:02:16 +3m 19s | thequantuminsider_2020_02_05_googles_secret_quantum_project_team_x_working_on_something_special] Extracting actors: https://thequantuminsider.com/2020/02/05/googles-secret-quantum-project-team-x-working-on-something-special (1/1), chunk 31/40
[18:02:24 +3m 27s | thequantuminsider_2020_02_05_googles_secret_quantum_project_team_x_working_on_something_special] Repaired malformed JSON.
[18:02:24 +3m 27s | thequantuminsider_2020_02_05_googles_secret_quantum_project_team_x_working_on_something_special] Extracting actors: https://thequantuminsider.com/2020/02/05/googles-secret-quantum-project-team-x-working-on-something-special (1/1), chunk 32/40
[18:02:33 +3m 36s | thequantuminsider_2020_02_05_googles_secret_quantum_project_team_x_working_on_something_special] Repaired malformed JSON.
[18:02:33 +3m 36s | thequantuminsider_2020_02_05_googles_secret_quantum_project_team_x_working_on_something_special] Extracting actors: https://thequantuminsider.com/2020/02/05/googles-secret-quantum-project-team-x-working-on-something-special (1/1), chunk 33/40
[18:02:41 +3m 41s | thequantuminsider_2020_02_05_googles_secret_quantum_project_team_x_working_on_something_special] Repaired malformed JSON.
[18:02:41 +3m 41s | thequantuminsider_2020_02_05_googles_secret_quantum_project_team_x_working_on_something_special] Extracting actors: https://thequantuminsider.com/2020/02/05/googles-secret-quantum-project-team-x-working-on-something-special (1/1), chunk 34/40
[18:02:47 +3m 47s | thequantuminsider_2020_02_05_googles_secret_quantum_project_team_x_working_on_something_special] Repaired malformed JSON.
[18:02:47 +3m 47s | thequantuminsider_2020_02_05_googles_secret_quantum_project_team_x_working_on_something_special] Extracting actors: https://thequantuminsider.com/2020/02/05/googles-secret-quantum-project-team-x-working-on-something-special (1/1), chunk 35/40
[18:02:53 +3m 52s | thequantuminsider_2020_02_05_googles_secret_quantum_project_team_x_working_on_something_special] Repaired malformed JSON.
[18:02:53 +3m 52s | thequantuminsider_2020_02_05_googles_secret_quantum_project_team_x_working_on_something_special] Extracting actors: https://thequantuminsider.com/2020/02/05/googles-secret-quantum-project-team-x-working-on-something-special (1/1), chunk 36/40
[18:03:00 +3m 59s | thequantuminsider_2020_02_05_googles_secret_quantum_project_team_x_working_on_something_special] Repaired malformed JSON.
[18:03:00 +3m 59s | thequantuminsider_2020_02_05_googles_secret_quantum_project_team_x_working_on_something_special] Extracting actors: https://thequantuminsider.com/2020/02/05/googles-secret-quantum-project-team-x-working-on-something-special (1/1), chunk 37/40
[18:03:06 +4m 6s | thequantuminsider_2020_02_05_googles_secret_quantum_project_team_x_working_on_something_special] Repaired malformed JSON.
[18:03:06 +4m 6s | thequantuminsider_2020_02_05_googles_secret_quantum_project_team_x_working_on_something_special] Extracting actors: https://thequantuminsider.com/2020/02/05/googles-secret-quantum-project-team-x-working-on-something-special (1/1), chunk 38/40
[18:03:17 +4m 13s | thequantuminsider_2020_02_05_googles_secret_quantum_project_team_x_working_on_something_special] Repaired malformed JSON.
[18:03:17 +4m 13s | thequantuminsider_2020_02_05_googles_secret_quantum_project_team_x_working_on_something_special] Extracting actors: https://thequantuminsider.com/2020/02/05/googles-secret-quantum-project-team-x-working-on-something-special (1/1), chunk 39/40
[18:03:23 +4m 20s | thequantuminsider_2020_02_05_googles_secret_quantum_project_team_x_working_on_something_special] Repaired malformed JSON.
[18:03:23 +4m 20s | thequantuminsider_2020_02_05_googles_secret_quantum_project_team_x_working_on_something_special] Extracting actors: https://thequantuminsider.com/2020/02/05/googles-secret-quantum-project-team-x-working-on-something-special (1/1), chunk 40/40
[18:03:29 +4m 25s | thequantuminsider_2020_02_05_googles_secret_quantum_project_team_x_working_on_something_special] Repaired malformed JSON.
[18:03:29 +4m 25s | thequantuminsider_2020_02_05_googles_secret_quantum_project_team_x_working_on_something_special] Saved 1_actor_results.json with 71 extracted records

[18:03:29 +4m 26s | thequantuminsider_2020_02_05_googles_secret_quantum_project_team_x_working_on_something_special] === 2 clean actors ===
[18:03:29 +4m 26s | thequantuminsider_2020_02_05_googles_secret_quantum_project_team_x_working_on_something_special] Loaded 71 extracted records
[18:03:29 +4m 26s | thequantuminsider_2020_02_05_googles_secret_quantum_project_team_x_working_on_something_special] Saved 2_actor_nodes.json with 17 canonical actor nodes

[18:03:29 +4m 26s | thequantuminsider_2020_02_05_googles_secret_quantum_project_team_x_working_on_something_special] === 3 interaction extraction ===
[18:03:29 +4m 26s | thequantuminsider_2020_02_05_googles_secret_quantum_project_team_x_working_on_something_special] Extracting interactions: https://thequantuminsider.com/2020/02/05/googles-secret-quantum-project-team-x-working-on-something-special (1/1), chunk 11/40
[18:03:31 +4m 27s | thequantuminsider_2020_02_05_googles_secret_quantum_project_team_x_working_on_something_special] Extracting interactions: https://thequantuminsider.com/2020/02/05/googles-secret-quantum-project-team-x-working-on-something-special (1/1), chunk 12/40
[18:03:36 +4m 32s | thequantuminsider_2020_02_05_googles_secret_quantum_project_team_x_working_on_something_special] Extracting interactions: https://thequantuminsider.com/2020/02/05/googles-secret-quantum-project-team-x-working-on-something-special (1/1), chunk 13/40
[18:03:39 +4m 36s | thequantuminsider_2020_02_05_googles_secret_quantum_project_team_x_working_on_something_special] Extracting interactions: https://thequantuminsider.com/2020/02/05/googles-secret-quantum-project-team-x-working-on-something-special (1/1), chunk 14/40
[18:03:43 +4m 40s | thequantuminsider_2020_02_05_googles_secret_quantum_project_team_x_working_on_something_special] Extracting interactions: https://thequantuminsider.com/2020/02/05/googles-secret-quantum-project-team-x-working-on-something-special (1/1), chunk 15/40
[18:03:51 +4m 45s | thequantuminsider_2020_02_05_googles_secret_quantum_project_team_x_working_on_something_special] Extracting interactions: https://thequantuminsider.com/2020/02/05/googles-secret-quantum-project-team-x-working-on-something-special (1/1), chunk 16/40
[18:03:57 +4m 51s | thequantuminsider_2020_02_05_googles_secret_quantum_project_team_x_working_on_something_special] Extracting interactions: https://thequantuminsider.com/2020/02/05/googles-secret-quantum-project-team-x-working-on-something-special (1/1), chunk 17/40
[18:04:00 +4m 54s | thequantuminsider_2020_02_05_googles_secret_quantum_project_team_x_working_on_something_special] Extracting interactions: https://thequantuminsider.com/2020/02/05/googles-secret-quantum-project-team-x-working-on-something-special (1/1), chunk 18/40
[18:04:01 +4m 55s | thequantuminsider_2020_02_05_googles_secret_quantum_project_team_x_working_on_something_special] Extracting interactions: https://thequantuminsider.com/2020/02/05/googles-secret-quantum-project-team-x-working-on-something-special (1/1), chunk 19/40
[18:04:11 +5m 5s | thequantuminsider_2020_02_05_googles_secret_quantum_project_team_x_working_on_something_special] Extracting interactions: https://thequantuminsider.com/2020/02/05/googles-secret-quantum-project-team-x-working-on-something-special (1/1), chunk 20/40
[18:04:25 +5m 16s | thequantuminsider_2020_02_05_googles_secret_quantum_project_team_x_working_on_something_special] Extracting interactions: https://thequantuminsider.com/2020/02/05/googles-secret-quantum-project-team-x-working-on-something-special (1/1), chunk 21/40
[18:04:33 +5m 24s | thequantuminsider_2020_02_05_googles_secret_quantum_project_team_x_working_on_something_special] Extracting interactions: https://thequantuminsider.com/2020/02/05/googles-secret-quantum-project-team-x-working-on-something-special (1/1), chunk 22/40
[18:04:49 +5m 40s | thequantuminsider_2020_02_05_googles_secret_quantum_project_team_x_working_on_something_special] Extracting interactions: https://thequantuminsider.com/2020/02/05/googles-secret-quantum-project-team-x-working-on-something-special (1/1), chunk 23/40
[18:05:01 +5m 49s | thequantuminsider_2020_02_05_googles_secret_quantum_project_team_x_working_on_something_special] Extracting interactions: https://thequantuminsider.com/2020/02/05/googles-secret-quantum-project-team-x-working-on-something-special (1/1), chunk 24/40
[18:05:07 +5m 55s | thequantuminsider_2020_02_05_googles_secret_quantum_project_team_x_working_on_something_special] Extracting interactions: https://thequantuminsider.com/2020/02/05/googles-secret-quantum-project-team-x-working-on-something-special (1/1), chunk 27/40
[18:05:12 +6m 0s | thequantuminsider_2020_02_05_googles_secret_quantum_project_team_x_working_on_something_special] Extracting interactions: https://thequantuminsider.com/2020/02/05/googles-secret-quantum-project-team-x-working-on-something-special (1/1), chunk 28/40
[18:05:15 +6m 3s | thequantuminsider_2020_02_05_googles_secret_quantum_project_team_x_working_on_something_special] Extracting interactions: https://thequantuminsider.com/2020/02/05/googles-secret-quantum-project-team-x-working-on-something-special (1/1), chunk 29/40
[18:05:17 +6m 5s | thequantuminsider_2020_02_05_googles_secret_quantum_project_team_x_working_on_something_special] Extracting interactions: https://thequantuminsider.com/2020/02/05/googles-secret-quantum-project-team-x-working-on-something-special (1/1), chunk 31/40
[18:05:18 +6m 6s | thequantuminsider_2020_02_05_googles_secret_quantum_project_team_x_working_on_something_special] Extracting interactions: https://thequantuminsider.com/2020/02/05/googles-secret-quantum-project-team-x-working-on-something-special (1/1), chunk 32/40
[18:05:20 +6m 8s | thequantuminsider_2020_02_05_googles_secret_quantum_project_team_x_working_on_something_special] Extracting interactions: https://thequantuminsider.com/2020/02/05/googles-secret-quantum-project-team-x-working-on-something-special (1/1), chunk 33/40
[18:05:21 +6m 10s | thequantuminsider_2020_02_05_googles_secret_quantum_project_team_x_working_on_something_special] Extracting interactions: https://thequantuminsider.com/2020/02/05/googles-secret-quantum-project-team-x-working-on-something-special (1/1), chunk 34/40
[18:05:23 +6m 11s | thequantuminsider_2020_02_05_googles_secret_quantum_project_team_x_working_on_something_special] Extracting interactions: https://thequantuminsider.com/2020/02/05/googles-secret-quantum-project-team-x-working-on-something-special (1/1), chunk 36/40
[18:05:25 +6m 13s | thequantuminsider_2020_02_05_googles_secret_quantum_project_team_x_working_on_something_special] Extracting interactions: https://thequantuminsider.com/2020/02/05/googles-secret-quantum-project-team-x-working-on-something-special (1/1), chunk 37/40
[18:05:26 +6m 14s | thequantuminsider_2020_02_05_googles_secret_quantum_project_team_x_working_on_something_special] Saved 3_interaction_results.json with 17 extracted interactions.

[18:05:26 +6m 14s | thequantuminsider_2020_02_05_googles_secret_quantum_project_team_x_working_on_something_special] === 4 clean interactions ===
[18:05:26 +6m 14s | thequantuminsider_2020_02_05_googles_secret_quantum_project_team_x_working_on_something_special] Saved 4_edges.json with 0 cleaned interactions.

[18:05:26 +6m 14s | thequantuminsider_2020_02_05_googles_secret_quantum_project_team_x_working_on_something_special] === 5 helix enrichment ===
[18:05:26 +6m 14s | thequantuminsider_2020_02_05_googles_secret_quantum_project_team_x_working_on_something_special] Wrote 5_nodes.json (17 actors)
[18:05:26 +6m 14s | thequantuminsider_2020_02_05_googles_secret_quantum_project_team_x_working_on_something_special] Wrote 5_edges.json (0 interactions)
[18:05:26 +6m 14s | thequantuminsider_2020_02_05_googles_secret_quantum_project_team_x_working_on_something_special] Actor helix counts: {'Academia': 1, 'Civil Society': 3, 'Government': 3, 'Industry': 5, 'Unknown': 5}
[18:05:26 +6m 14s | thequantuminsider_2020_02_05_googles_secret_quantum_project_team_x_working_on_something_special] Functional-space counts: {}

[18:05:26 +6m 14s | thequantuminsider_2020_02_05_googles_secret_quantum_project_team_x_working_on_something_special] === 6 network visualisation ===
[18:05:27 +6m 15s | thequantuminsider_2020_02_05_googles_secret_quantum_project_team_x_working_on_something_special] Wrote quantum_network.html
[18:05:27 +6m 15s | thequantuminsider_2020_02_05_googles_secret_quantum_project_team_x_working_on_something_special] Nodes: 17
[18:05:27 +6m 15s | thequantuminsider_2020_02_05_googles_secret_quantum_project_team_x_working_on_something_special] Edges: 0

[18:05:27 +6m 15s | thequantuminsider_2020_02_05_googles_secret_quantum_project_team_x_working_on_something_special] Done. Outputs written to: /home/lv/IDP/idpdeeptech/pipeline/news_outputs/thequantuminsider_2020_02_05_googles_secret_quantum_project_team_x_working_on_something_special
[18:05:27 +6m 15s | thequantuminsider_2020_02_05_googles_secret_quantum_project_team_x_working_on_something_special] Log: /home/lv/IDP/idpdeeptech/pipeline/news_outputs/thequantuminsider_2020_02_05_googles_secret_quantum_project_team_x_working_on_something_special/run.log

========================================================================
RUN FINISHED 2026-07-01 18:05:27  (OK)
Started:     2026-07-01 17:58:40
Elapsed:     6m 15s
========================================================================
