
========================================================================
RUN STARTED  2026-07-02 00:15:52
site_pipeline.py https://thequantuminsider.com/2020/07/21/quantum-error-mitigation-boosts-accuracy-saves-on-qubits-compared-to-typical-error-correction-methods/
========================================================================

[00:15:52 +0s | thequantuminsider_2020_07_21_quantum_error_mitigation_boosts_accuracy_saves_on_qubits_com_65ac2f34] === 0 crawl site ===
[00:15:53 +1s | thequantuminsider_2020_07_21_quantum_error_mitigation_boosts_accuracy_saves_on_qubits_com_65ac2f34] [INIT].... → Crawl4AI 0.8.6 
[00:15:55 +3s | thequantuminsider_2020_07_21_quantum_error_mitigation_boosts_accuracy_saves_on_qubits_com_65ac2f34] [FETCH]... ↓ https://thequantuminsider.com/2020/07/21/quantum...ts-compared-to-typical-error-correction-methods/  | ✓ | ⏱: 1.69s 
[00:15:55 +3s | thequantuminsider_2020_07_21_quantum_error_mitigation_boosts_accuracy_saves_on_qubits_com_65ac2f34] [SCRAPE].. ◆ https://thequantuminsider.com/2020/07/21/quantum...ts-compared-to-typical-error-correction-methods/  | ✓ | ⏱: 0.10s 
[00:15:55 +3s | thequantuminsider_2020_07_21_quantum_error_mitigation_boosts_accuracy_saves_on_qubits_com_65ac2f34] [COMPLETE] ● https://thequantuminsider.com/2020/07/21/quantum...ts-compared-to-typical-error-correction-methods/  | ✓ | ⏱: 1.80s 
[00:15:55 +3s | thequantuminsider_2020_07_21_quantum_error_mitigation_boosts_accuracy_saves_on_qubits_com_65ac2f34] Saved: crawl_output/6f9eb94185_thequantuminsider.com_2020_07_21_quantum-error-mitigation-boosts-accuracy-saves-on-qubits-compared-to-typical-error-correction-methods.json

[00:15:55 +3s | thequantuminsider_2020_07_21_quantum_error_mitigation_boosts_accuracy_saves_on_qubits_com_65ac2f34] === 1 actor extraction ===
[00:15:56 +3s | thequantuminsider_2020_07_21_quantum_error_mitigation_boosts_accuracy_saves_on_qubits_com_65ac2f34] Reading page (1/1): https://thequantuminsider.com/2020/07/21/quantum-error-mitigation-boosts-accuracy-saves-on-qubits-compared-to-typical-error-correction-methods
[00:15:56 +3s | thequantuminsider_2020_07_21_quantum_error_mitigation_boosts_accuracy_saves_on_qubits_com_65ac2f34] Extracting actors: https://thequantuminsider.com/2020/07/21/quantum-error-mitigation-boosts-accuracy-saves-on-qubits-compared-to-typical-error-correction-methods (1/1), chunk 1/39
[00:16:01 +9s | thequantuminsider_2020_07_21_quantum_error_mitigation_boosts_accuracy_saves_on_qubits_com_65ac2f34] Extracting actors: https://thequantuminsider.com/2020/07/21/quantum-error-mitigation-boosts-accuracy-saves-on-qubits-compared-to-typical-error-correction-methods (1/1), chunk 2/39
[00:16:06 +14s | thequantuminsider_2020_07_21_quantum_error_mitigation_boosts_accuracy_saves_on_qubits_com_65ac2f34] Extracting actors: https://thequantuminsider.com/2020/07/21/quantum-error-mitigation-boosts-accuracy-saves-on-qubits-compared-to-typical-error-correction-methods (1/1), chunk 3/39
[00:16:13 +20s | thequantuminsider_2020_07_21_quantum_error_mitigation_boosts_accuracy_saves_on_qubits_com_65ac2f34] Extracting actors: https://thequantuminsider.com/2020/07/21/quantum-error-mitigation-boosts-accuracy-saves-on-qubits-compared-to-typical-error-correction-methods (1/1), chunk 4/39
[00:16:22 +27s | thequantuminsider_2020_07_21_quantum_error_mitigation_boosts_accuracy_saves_on_qubits_com_65ac2f34] Extracting actors: https://thequantuminsider.com/2020/07/21/quantum-error-mitigation-boosts-accuracy-saves-on-qubits-compared-to-typical-error-correction-methods (1/1), chunk 5/39
[00:16:29 +34s | thequantuminsider_2020_07_21_quantum_error_mitigation_boosts_accuracy_saves_on_qubits_com_65ac2f34] Extracting actors: https://thequantuminsider.com/2020/07/21/quantum-error-mitigation-boosts-accuracy-saves-on-qubits-compared-to-typical-error-correction-methods (1/1), chunk 6/39
[00:16:34 +39s | thequantuminsider_2020_07_21_quantum_error_mitigation_boosts_accuracy_saves_on_qubits_com_65ac2f34] Extracting actors: https://thequantuminsider.com/2020/07/21/quantum-error-mitigation-boosts-accuracy-saves-on-qubits-compared-to-typical-error-correction-methods (1/1), chunk 7/39
[00:16:38 +43s | thequantuminsider_2020_07_21_quantum_error_mitigation_boosts_accuracy_saves_on_qubits_com_65ac2f34] Extracting actors: https://thequantuminsider.com/2020/07/21/quantum-error-mitigation-boosts-accuracy-saves-on-qubits-compared-to-typical-error-correction-methods (1/1), chunk 8/39
[00:16:45 +50s | thequantuminsider_2020_07_21_quantum_error_mitigation_boosts_accuracy_saves_on_qubits_com_65ac2f34] Extracting actors: https://thequantuminsider.com/2020/07/21/quantum-error-mitigation-boosts-accuracy-saves-on-qubits-compared-to-typical-error-correction-methods (1/1), chunk 9/39
[00:16:51 +56s | thequantuminsider_2020_07_21_quantum_error_mitigation_boosts_accuracy_saves_on_qubits_com_65ac2f34] Extracting actors: https://thequantuminsider.com/2020/07/21/quantum-error-mitigation-boosts-accuracy-saves-on-qubits-compared-to-typical-error-correction-methods (1/1), chunk 10/39
[00:16:58 +1m 0s | thequantuminsider_2020_07_21_quantum_error_mitigation_boosts_accuracy_saves_on_qubits_com_65ac2f34] Extracting actors: https://thequantuminsider.com/2020/07/21/quantum-error-mitigation-boosts-accuracy-saves-on-qubits-compared-to-typical-error-correction-methods (1/1), chunk 11/39
[00:17:02 +1m 4s | thequantuminsider_2020_07_21_quantum_error_mitigation_boosts_accuracy_saves_on_qubits_com_65ac2f34] Extracting actors: https://thequantuminsider.com/2020/07/21/quantum-error-mitigation-boosts-accuracy-saves-on-qubits-compared-to-typical-error-correction-methods (1/1), chunk 12/39
[00:17:09 +1m 11s | thequantuminsider_2020_07_21_quantum_error_mitigation_boosts_accuracy_saves_on_qubits_com_65ac2f34] Repaired malformed JSON.
[00:17:09 +1m 11s | thequantuminsider_2020_07_21_quantum_error_mitigation_boosts_accuracy_saves_on_qubits_com_65ac2f34] Extracting actors: https://thequantuminsider.com/2020/07/21/quantum-error-mitigation-boosts-accuracy-saves-on-qubits-compared-to-typical-error-correction-methods (1/1), chunk 13/39
[00:17:15 +1m 17s | thequantuminsider_2020_07_21_quantum_error_mitigation_boosts_accuracy_saves_on_qubits_com_65ac2f34] Repaired malformed JSON.
[00:17:15 +1m 17s | thequantuminsider_2020_07_21_quantum_error_mitigation_boosts_accuracy_saves_on_qubits_com_65ac2f34] Extracting actors: https://thequantuminsider.com/2020/07/21/quantum-error-mitigation-boosts-accuracy-saves-on-qubits-compared-to-typical-error-correction-methods (1/1), chunk 14/39
[00:17:20 +1m 22s | thequantuminsider_2020_07_21_quantum_error_mitigation_boosts_accuracy_saves_on_qubits_com_65ac2f34] Repaired malformed JSON.
[00:17:20 +1m 22s | thequantuminsider_2020_07_21_quantum_error_mitigation_boosts_accuracy_saves_on_qubits_com_65ac2f34] Extracting actors: https://thequantuminsider.com/2020/07/21/quantum-error-mitigation-boosts-accuracy-saves-on-qubits-compared-to-typical-error-correction-methods (1/1), chunk 15/39
[00:17:31 +1m 30s | thequantuminsider_2020_07_21_quantum_error_mitigation_boosts_accuracy_saves_on_qubits_com_65ac2f34] Repaired malformed JSON.
[00:17:31 +1m 30s | thequantuminsider_2020_07_21_quantum_error_mitigation_boosts_accuracy_saves_on_qubits_com_65ac2f34] Extracting actors: https://thequantuminsider.com/2020/07/21/quantum-error-mitigation-boosts-accuracy-saves-on-qubits-compared-to-typical-error-correction-methods (1/1), chunk 16/39
[00:17:37 +1m 36s | thequantuminsider_2020_07_21_quantum_error_mitigation_boosts_accuracy_saves_on_qubits_com_65ac2f34] Repaired malformed JSON.
[00:17:37 +1m 36s | thequantuminsider_2020_07_21_quantum_error_mitigation_boosts_accuracy_saves_on_qubits_com_65ac2f34] Extracting actors: https://thequantuminsider.com/2020/07/21/quantum-error-mitigation-boosts-accuracy-saves-on-qubits-compared-to-typical-error-correction-methods (1/1), chunk 17/39
[00:17:42 +1m 41s | thequantuminsider_2020_07_21_quantum_error_mitigation_boosts_accuracy_saves_on_qubits_com_65ac2f34] Extracting actors: https://thequantuminsider.com/2020/07/21/quantum-error-mitigation-boosts-accuracy-saves-on-qubits-compared-to-typical-error-correction-methods (1/1), chunk 18/39
[00:17:51 +1m 50s | thequantuminsider_2020_07_21_quantum_error_mitigation_boosts_accuracy_saves_on_qubits_com_65ac2f34] Repaired malformed JSON.
[00:17:51 +1m 50s | thequantuminsider_2020_07_21_quantum_error_mitigation_boosts_accuracy_saves_on_qubits_com_65ac2f34] Extracting actors: https://thequantuminsider.com/2020/07/21/quantum-error-mitigation-boosts-accuracy-saves-on-qubits-compared-to-typical-error-correction-methods (1/1), chunk 19/39
[00:17:57 +1m 56s | thequantuminsider_2020_07_21_quantum_error_mitigation_boosts_accuracy_saves_on_qubits_com_65ac2f34] Repaired malformed JSON.
[00:17:57 +1m 56s | thequantuminsider_2020_07_21_quantum_error_mitigation_boosts_accuracy_saves_on_qubits_com_65ac2f34] Extracting actors: https://thequantuminsider.com/2020/07/21/quantum-error-mitigation-boosts-accuracy-saves-on-qubits-compared-to-typical-error-correction-methods (1/1), chunk 20/39
[00:18:06 +2m 2s | thequantuminsider_2020_07_21_quantum_error_mitigation_boosts_accuracy_saves_on_qubits_com_65ac2f34] Repaired malformed JSON.
[00:18:06 +2m 2s | thequantuminsider_2020_07_21_quantum_error_mitigation_boosts_accuracy_saves_on_qubits_com_65ac2f34] Extracting actors: https://thequantuminsider.com/2020/07/21/quantum-error-mitigation-boosts-accuracy-saves-on-qubits-compared-to-typical-error-correction-methods (1/1), chunk 21/39
[00:18:11 +2m 7s | thequantuminsider_2020_07_21_quantum_error_mitigation_boosts_accuracy_saves_on_qubits_com_65ac2f34] Repaired malformed JSON.
[00:18:11 +2m 7s | thequantuminsider_2020_07_21_quantum_error_mitigation_boosts_accuracy_saves_on_qubits_com_65ac2f34] Extracting actors: https://thequantuminsider.com/2020/07/21/quantum-error-mitigation-boosts-accuracy-saves-on-qubits-compared-to-typical-error-correction-methods (1/1), chunk 22/39
[00:18:17 +2m 13s | thequantuminsider_2020_07_21_quantum_error_mitigation_boosts_accuracy_saves_on_qubits_com_65ac2f34] Repaired malformed JSON.
[00:18:17 +2m 13s | thequantuminsider_2020_07_21_quantum_error_mitigation_boosts_accuracy_saves_on_qubits_com_65ac2f34] Extracting actors: https://thequantuminsider.com/2020/07/21/quantum-error-mitigation-boosts-accuracy-saves-on-qubits-compared-to-typical-error-correction-methods (1/1), chunk 23/39
[00:18:25 +2m 21s | thequantuminsider_2020_07_21_quantum_error_mitigation_boosts_accuracy_saves_on_qubits_com_65ac2f34] Repaired malformed JSON.
[00:18:25 +2m 21s | thequantuminsider_2020_07_21_quantum_error_mitigation_boosts_accuracy_saves_on_qubits_com_65ac2f34] Extracting actors: https://thequantuminsider.com/2020/07/21/quantum-error-mitigation-boosts-accuracy-saves-on-qubits-compared-to-typical-error-correction-methods (1/1), chunk 24/39
[00:18:32 +2m 28s | thequantuminsider_2020_07_21_quantum_error_mitigation_boosts_accuracy_saves_on_qubits_com_65ac2f34] Repaired malformed JSON.
[00:18:32 +2m 28s | thequantuminsider_2020_07_21_quantum_error_mitigation_boosts_accuracy_saves_on_qubits_com_65ac2f34] Extracting actors: https://thequantuminsider.com/2020/07/21/quantum-error-mitigation-boosts-accuracy-saves-on-qubits-compared-to-typical-error-correction-methods (1/1), chunk 25/39
[00:18:40 +2m 33s | thequantuminsider_2020_07_21_quantum_error_mitigation_boosts_accuracy_saves_on_qubits_com_65ac2f34] Repaired malformed JSON.
[00:18:40 +2m 33s | thequantuminsider_2020_07_21_quantum_error_mitigation_boosts_accuracy_saves_on_qubits_com_65ac2f34] Extracting actors: https://thequantuminsider.com/2020/07/21/quantum-error-mitigation-boosts-accuracy-saves-on-qubits-compared-to-typical-error-correction-methods (1/1), chunk 26/39
[00:18:47 +2m 41s | thequantuminsider_2020_07_21_quantum_error_mitigation_boosts_accuracy_saves_on_qubits_com_65ac2f34] Repaired malformed JSON.
[00:18:47 +2m 41s | thequantuminsider_2020_07_21_quantum_error_mitigation_boosts_accuracy_saves_on_qubits_com_65ac2f34] Extracting actors: https://thequantuminsider.com/2020/07/21/quantum-error-mitigation-boosts-accuracy-saves-on-qubits-compared-to-typical-error-correction-methods (1/1), chunk 27/39
[00:18:52 +2m 46s | thequantuminsider_2020_07_21_quantum_error_mitigation_boosts_accuracy_saves_on_qubits_com_65ac2f34] Extracting actors: https://thequantuminsider.com/2020/07/21/quantum-error-mitigation-boosts-accuracy-saves-on-qubits-compared-to-typical-error-correction-methods (1/1), chunk 28/39
[00:19:01 +2m 54s | thequantuminsider_2020_07_21_quantum_error_mitigation_boosts_accuracy_saves_on_qubits_com_65ac2f34] Repaired malformed JSON.
[00:19:01 +2m 54s | thequantuminsider_2020_07_21_quantum_error_mitigation_boosts_accuracy_saves_on_qubits_com_65ac2f34] Extracting actors: https://thequantuminsider.com/2020/07/21/quantum-error-mitigation-boosts-accuracy-saves-on-qubits-compared-to-typical-error-correction-methods (1/1), chunk 29/39
[00:19:07 +3m 0s | thequantuminsider_2020_07_21_quantum_error_mitigation_boosts_accuracy_saves_on_qubits_com_65ac2f34] Extracting actors: https://thequantuminsider.com/2020/07/21/quantum-error-mitigation-boosts-accuracy-saves-on-qubits-compared-to-typical-error-correction-methods (1/1), chunk 30/39
[00:19:11 +3m 4s | thequantuminsider_2020_07_21_quantum_error_mitigation_boosts_accuracy_saves_on_qubits_com_65ac2f34] Extracting actors: https://thequantuminsider.com/2020/07/21/quantum-error-mitigation-boosts-accuracy-saves-on-qubits-compared-to-typical-error-correction-methods (1/1), chunk 31/39
[00:19:21 +3m 11s | thequantuminsider_2020_07_21_quantum_error_mitigation_boosts_accuracy_saves_on_qubits_com_65ac2f34] Repaired malformed JSON.
[00:19:21 +3m 11s | thequantuminsider_2020_07_21_quantum_error_mitigation_boosts_accuracy_saves_on_qubits_com_65ac2f34] Extracting actors: https://thequantuminsider.com/2020/07/21/quantum-error-mitigation-boosts-accuracy-saves-on-qubits-compared-to-typical-error-correction-methods (1/1), chunk 32/39
[00:19:26 +3m 16s | thequantuminsider_2020_07_21_quantum_error_mitigation_boosts_accuracy_saves_on_qubits_com_65ac2f34] Repaired malformed JSON.
[00:19:26 +3m 16s | thequantuminsider_2020_07_21_quantum_error_mitigation_boosts_accuracy_saves_on_qubits_com_65ac2f34] Extracting actors: https://thequantuminsider.com/2020/07/21/quantum-error-mitigation-boosts-accuracy-saves-on-qubits-compared-to-typical-error-correction-methods (1/1), chunk 33/39
[00:19:34 +3m 24s | thequantuminsider_2020_07_21_quantum_error_mitigation_boosts_accuracy_saves_on_qubits_com_65ac2f34] Repaired malformed JSON.
[00:19:34 +3m 24s | thequantuminsider_2020_07_21_quantum_error_mitigation_boosts_accuracy_saves_on_qubits_com_65ac2f34] Extracting actors: https://thequantuminsider.com/2020/07/21/quantum-error-mitigation-boosts-accuracy-saves-on-qubits-compared-to-typical-error-correction-methods (1/1), chunk 34/39
[00:19:39 +3m 30s | thequantuminsider_2020_07_21_quantum_error_mitigation_boosts_accuracy_saves_on_qubits_com_65ac2f34] Repaired malformed JSON.
[00:19:39 +3m 30s | thequantuminsider_2020_07_21_quantum_error_mitigation_boosts_accuracy_saves_on_qubits_com_65ac2f34] Extracting actors: https://thequantuminsider.com/2020/07/21/quantum-error-mitigation-boosts-accuracy-saves-on-qubits-compared-to-typical-error-correction-methods (1/1), chunk 35/39
[00:19:50 +3m 38s | thequantuminsider_2020_07_21_quantum_error_mitigation_boosts_accuracy_saves_on_qubits_com_65ac2f34] Repaired malformed JSON.
[00:19:50 +3m 38s | thequantuminsider_2020_07_21_quantum_error_mitigation_boosts_accuracy_saves_on_qubits_com_65ac2f34] Extracting actors: https://thequantuminsider.com/2020/07/21/quantum-error-mitigation-boosts-accuracy-saves-on-qubits-compared-to-typical-error-correction-methods (1/1), chunk 36/39
[00:19:57 +3m 44s | thequantuminsider_2020_07_21_quantum_error_mitigation_boosts_accuracy_saves_on_qubits_com_65ac2f34] Repaired malformed JSON.
[00:19:57 +3m 44s | thequantuminsider_2020_07_21_quantum_error_mitigation_boosts_accuracy_saves_on_qubits_com_65ac2f34] Extracting actors: https://thequantuminsider.com/2020/07/21/quantum-error-mitigation-boosts-accuracy-saves-on-qubits-compared-to-typical-error-correction-methods (1/1), chunk 37/39
[00:20:03 +3m 50s | thequantuminsider_2020_07_21_quantum_error_mitigation_boosts_accuracy_saves_on_qubits_com_65ac2f34] Repaired malformed JSON.
[00:20:03 +3m 50s | thequantuminsider_2020_07_21_quantum_error_mitigation_boosts_accuracy_saves_on_qubits_com_65ac2f34] Extracting actors: https://thequantuminsider.com/2020/07/21/quantum-error-mitigation-boosts-accuracy-saves-on-qubits-compared-to-typical-error-correction-methods (1/1), chunk 38/39
[00:20:10 +3m 57s | thequantuminsider_2020_07_21_quantum_error_mitigation_boosts_accuracy_saves_on_qubits_com_65ac2f34] Repaired malformed JSON.
[00:20:10 +3m 57s | thequantuminsider_2020_07_21_quantum_error_mitigation_boosts_accuracy_saves_on_qubits_com_65ac2f34] Extracting actors: https://thequantuminsider.com/2020/07/21/quantum-error-mitigation-boosts-accuracy-saves-on-qubits-compared-to-typical-error-correction-methods (1/1), chunk 39/39
[00:20:14 +4m 2s | thequantuminsider_2020_07_21_quantum_error_mitigation_boosts_accuracy_saves_on_qubits_com_65ac2f34] Saved 1_actor_results.json with 59 extracted records

[00:20:14 +4m 2s | thequantuminsider_2020_07_21_quantum_error_mitigation_boosts_accuracy_saves_on_qubits_com_65ac2f34] === 2 clean actors ===
[00:20:14 +4m 2s | thequantuminsider_2020_07_21_quantum_error_mitigation_boosts_accuracy_saves_on_qubits_com_65ac2f34] Loaded 59 extracted records
[00:20:14 +4m 2s | thequantuminsider_2020_07_21_quantum_error_mitigation_boosts_accuracy_saves_on_qubits_com_65ac2f34] Saved 2_actor_nodes.json with 24 canonical actor nodes

[00:20:14 +4m 2s | thequantuminsider_2020_07_21_quantum_error_mitigation_boosts_accuracy_saves_on_qubits_com_65ac2f34] === 3 interaction extraction ===
[00:20:15 +4m 2s | thequantuminsider_2020_07_21_quantum_error_mitigation_boosts_accuracy_saves_on_qubits_com_65ac2f34] Extracting interactions: https://thequantuminsider.com/2020/07/21/quantum-error-mitigation-boosts-accuracy-saves-on-qubits-compared-to-typical-error-correction-methods (1/1), chunk 12/39
[00:20:21 +4m 8s | thequantuminsider_2020_07_21_quantum_error_mitigation_boosts_accuracy_saves_on_qubits_com_65ac2f34] Extracting interactions: https://thequantuminsider.com/2020/07/21/quantum-error-mitigation-boosts-accuracy-saves-on-qubits-compared-to-typical-error-correction-methods (1/1), chunk 13/39
[00:20:31 +4m 15s | thequantuminsider_2020_07_21_quantum_error_mitigation_boosts_accuracy_saves_on_qubits_com_65ac2f34] Extracting interactions: https://thequantuminsider.com/2020/07/21/quantum-error-mitigation-boosts-accuracy-saves-on-qubits-compared-to-typical-error-correction-methods (1/1), chunk 14/39
[00:20:41 +4m 26s | thequantuminsider_2020_07_21_quantum_error_mitigation_boosts_accuracy_saves_on_qubits_com_65ac2f34] Extracting interactions: https://thequantuminsider.com/2020/07/21/quantum-error-mitigation-boosts-accuracy-saves-on-qubits-compared-to-typical-error-correction-methods (1/1), chunk 15/39
[00:20:46 +4m 30s | thequantuminsider_2020_07_21_quantum_error_mitigation_boosts_accuracy_saves_on_qubits_com_65ac2f34] Extracting interactions: https://thequantuminsider.com/2020/07/21/quantum-error-mitigation-boosts-accuracy-saves-on-qubits-compared-to-typical-error-correction-methods (1/1), chunk 16/39
[00:20:51 +4m 35s | thequantuminsider_2020_07_21_quantum_error_mitigation_boosts_accuracy_saves_on_qubits_com_65ac2f34] Extracting interactions: https://thequantuminsider.com/2020/07/21/quantum-error-mitigation-boosts-accuracy-saves-on-qubits-compared-to-typical-error-correction-methods (1/1), chunk 17/39
[00:20:56 +4m 40s | thequantuminsider_2020_07_21_quantum_error_mitigation_boosts_accuracy_saves_on_qubits_com_65ac2f34] Extracting interactions: https://thequantuminsider.com/2020/07/21/quantum-error-mitigation-boosts-accuracy-saves-on-qubits-compared-to-typical-error-correction-methods (1/1), chunk 18/39
[00:21:04 +4m 45s | thequantuminsider_2020_07_21_quantum_error_mitigation_boosts_accuracy_saves_on_qubits_com_65ac2f34] Extracting interactions: https://thequantuminsider.com/2020/07/21/quantum-error-mitigation-boosts-accuracy-saves-on-qubits-compared-to-typical-error-correction-methods (1/1), chunk 19/39
[00:21:10 +4m 51s | thequantuminsider_2020_07_21_quantum_error_mitigation_boosts_accuracy_saves_on_qubits_com_65ac2f34] Extracting interactions: https://thequantuminsider.com/2020/07/21/quantum-error-mitigation-boosts-accuracy-saves-on-qubits-compared-to-typical-error-correction-methods (1/1), chunk 20/39
[00:21:16 +4m 57s | thequantuminsider_2020_07_21_quantum_error_mitigation_boosts_accuracy_saves_on_qubits_com_65ac2f34] Extracting interactions: https://thequantuminsider.com/2020/07/21/quantum-error-mitigation-boosts-accuracy-saves-on-qubits-compared-to-typical-error-correction-methods (1/1), chunk 21/39
[00:21:31 +5m 12s | thequantuminsider_2020_07_21_quantum_error_mitigation_boosts_accuracy_saves_on_qubits_com_65ac2f34] Extracting interactions: https://thequantuminsider.com/2020/07/21/quantum-error-mitigation-boosts-accuracy-saves-on-qubits-compared-to-typical-error-correction-methods (1/1), chunk 22/39
[00:21:48 +5m 27s | thequantuminsider_2020_07_21_quantum_error_mitigation_boosts_accuracy_saves_on_qubits_com_65ac2f34] Extracting interactions: https://thequantuminsider.com/2020/07/21/quantum-error-mitigation-boosts-accuracy-saves-on-qubits-compared-to-typical-error-correction-methods (1/1), chunk 23/39
[00:21:55 +5m 34s | thequantuminsider_2020_07_21_quantum_error_mitigation_boosts_accuracy_saves_on_qubits_com_65ac2f34] Extracting interactions: https://thequantuminsider.com/2020/07/21/quantum-error-mitigation-boosts-accuracy-saves-on-qubits-compared-to-typical-error-correction-methods (1/1), chunk 24/39
[00:22:07 +5m 45s | thequantuminsider_2020_07_21_quantum_error_mitigation_boosts_accuracy_saves_on_qubits_com_65ac2f34] Extracting interactions: https://thequantuminsider.com/2020/07/21/quantum-error-mitigation-boosts-accuracy-saves-on-qubits-compared-to-typical-error-correction-methods (1/1), chunk 25/39
[00:22:18 +5m 53s | thequantuminsider_2020_07_21_quantum_error_mitigation_boosts_accuracy_saves_on_qubits_com_65ac2f34] Extracting interactions: https://thequantuminsider.com/2020/07/21/quantum-error-mitigation-boosts-accuracy-saves-on-qubits-compared-to-typical-error-correction-methods (1/1), chunk 26/39
[00:22:19 +5m 55s | thequantuminsider_2020_07_21_quantum_error_mitigation_boosts_accuracy_saves_on_qubits_com_65ac2f34] Extracting interactions: https://thequantuminsider.com/2020/07/21/quantum-error-mitigation-boosts-accuracy-saves-on-qubits-compared-to-typical-error-correction-methods (1/1), chunk 28/39
[00:22:26 +6m 2s | thequantuminsider_2020_07_21_quantum_error_mitigation_boosts_accuracy_saves_on_qubits_com_65ac2f34] Extracting interactions: https://thequantuminsider.com/2020/07/21/quantum-error-mitigation-boosts-accuracy-saves-on-qubits-compared-to-typical-error-correction-methods (1/1), chunk 29/39
[00:22:31 +6m 7s | thequantuminsider_2020_07_21_quantum_error_mitigation_boosts_accuracy_saves_on_qubits_com_65ac2f34] Extracting interactions: https://thequantuminsider.com/2020/07/21/quantum-error-mitigation-boosts-accuracy-saves-on-qubits-compared-to-typical-error-correction-methods (1/1), chunk 30/39
[00:22:34 +6m 9s | thequantuminsider_2020_07_21_quantum_error_mitigation_boosts_accuracy_saves_on_qubits_com_65ac2f34] Extracting interactions: https://thequantuminsider.com/2020/07/21/quantum-error-mitigation-boosts-accuracy-saves-on-qubits-compared-to-typical-error-correction-methods (1/1), chunk 31/39
[00:22:35 +6m 11s | thequantuminsider_2020_07_21_quantum_error_mitigation_boosts_accuracy_saves_on_qubits_com_65ac2f34] Extracting interactions: https://thequantuminsider.com/2020/07/21/quantum-error-mitigation-boosts-accuracy-saves-on-qubits-compared-to-typical-error-correction-methods (1/1), chunk 32/39
[00:22:37 +6m 13s | thequantuminsider_2020_07_21_quantum_error_mitigation_boosts_accuracy_saves_on_qubits_com_65ac2f34] Extracting interactions: https://thequantuminsider.com/2020/07/21/quantum-error-mitigation-boosts-accuracy-saves-on-qubits-compared-to-typical-error-correction-methods (1/1), chunk 33/39
[00:22:59 +6m 31s | thequantuminsider_2020_07_21_quantum_error_mitigation_boosts_accuracy_saves_on_qubits_com_65ac2f34] Extracting interactions: https://thequantuminsider.com/2020/07/21/quantum-error-mitigation-boosts-accuracy-saves-on-qubits-compared-to-typical-error-correction-methods (1/1), chunk 34/39
[00:23:00 +6m 33s | thequantuminsider_2020_07_21_quantum_error_mitigation_boosts_accuracy_saves_on_qubits_com_65ac2f34] Extracting interactions: https://thequantuminsider.com/2020/07/21/quantum-error-mitigation-boosts-accuracy-saves-on-qubits-compared-to-typical-error-correction-methods (1/1), chunk 35/39
[00:23:02 +6m 35s | thequantuminsider_2020_07_21_quantum_error_mitigation_boosts_accuracy_saves_on_qubits_com_65ac2f34] Extracting interactions: https://thequantuminsider.com/2020/07/21/quantum-error-mitigation-boosts-accuracy-saves-on-qubits-compared-to-typical-error-correction-methods (1/1), chunk 37/39
[00:23:04 +6m 36s | thequantuminsider_2020_07_21_quantum_error_mitigation_boosts_accuracy_saves_on_qubits_com_65ac2f34] Extracting interactions: https://thequantuminsider.com/2020/07/21/quantum-error-mitigation-boosts-accuracy-saves-on-qubits-compared-to-typical-error-correction-methods (1/1), chunk 38/39
[00:23:05 +6m 38s | thequantuminsider_2020_07_21_quantum_error_mitigation_boosts_accuracy_saves_on_qubits_com_65ac2f34] Extracting interactions: https://thequantuminsider.com/2020/07/21/quantum-error-mitigation-boosts-accuracy-saves-on-qubits-compared-to-typical-error-correction-methods (1/1), chunk 39/39
[00:23:07 +6m 39s | thequantuminsider_2020_07_21_quantum_error_mitigation_boosts_accuracy_saves_on_qubits_com_65ac2f34] Saved 3_interaction_results.json with 29 extracted interactions.

[00:23:07 +6m 39s | thequantuminsider_2020_07_21_quantum_error_mitigation_boosts_accuracy_saves_on_qubits_com_65ac2f34] === 4 clean interactions ===
[00:23:07 +6m 39s | thequantuminsider_2020_07_21_quantum_error_mitigation_boosts_accuracy_saves_on_qubits_com_65ac2f34] Saved 4_edges.json with 4 cleaned interactions.

[00:23:07 +6m 39s | thequantuminsider_2020_07_21_quantum_error_mitigation_boosts_accuracy_saves_on_qubits_com_65ac2f34] === 5 helix enrichment ===
[00:23:07 +6m 39s | thequantuminsider_2020_07_21_quantum_error_mitigation_boosts_accuracy_saves_on_qubits_com_65ac2f34] Wrote 5_nodes.json (24 actors)
[00:23:07 +6m 39s | thequantuminsider_2020_07_21_quantum_error_mitigation_boosts_accuracy_saves_on_qubits_com_65ac2f34] Wrote 5_edges.json (4 interactions)
[00:23:07 +6m 39s | thequantuminsider_2020_07_21_quantum_error_mitigation_boosts_accuracy_saves_on_qubits_com_65ac2f34] Actor helix counts: {'Academia': 2, 'Civil Society': 3, 'Government': 3, 'Industry': 6, 'Unknown': 10}
[00:23:07 +6m 39s | thequantuminsider_2020_07_21_quantum_error_mitigation_boosts_accuracy_saves_on_qubits_com_65ac2f34] Functional-space counts: {'Intra-helix / Not classified': 1, 'Unknown': 3}

[00:23:07 +6m 39s | thequantuminsider_2020_07_21_quantum_error_mitigation_boosts_accuracy_saves_on_qubits_com_65ac2f34] === 6 network visualisation ===
[00:23:07 +6m 40s | thequantuminsider_2020_07_21_quantum_error_mitigation_boosts_accuracy_saves_on_qubits_com_65ac2f34] Wrote quantum_network.html
[00:23:07 +6m 40s | thequantuminsider_2020_07_21_quantum_error_mitigation_boosts_accuracy_saves_on_qubits_com_65ac2f34] Nodes: 24
[00:23:07 +6m 40s | thequantuminsider_2020_07_21_quantum_error_mitigation_boosts_accuracy_saves_on_qubits_com_65ac2f34] Edges: 3

[00:23:07 +6m 40s | thequantuminsider_2020_07_21_quantum_error_mitigation_boosts_accuracy_saves_on_qubits_com_65ac2f34] Done. Outputs written to: /home/lv/IDP/idpdeeptech/pipeline/news_outputs/thequantuminsider_2020_07_21_quantum_error_mitigation_boosts_accuracy_saves_on_qubits_com_65ac2f34
[00:23:07 +6m 40s | thequantuminsider_2020_07_21_quantum_error_mitigation_boosts_accuracy_saves_on_qubits_com_65ac2f34] Log: /home/lv/IDP/idpdeeptech/pipeline/news_outputs/thequantuminsider_2020_07_21_quantum_error_mitigation_boosts_accuracy_saves_on_qubits_com_65ac2f34/run.log

========================================================================
RUN FINISHED 2026-07-02 00:23:07  (OK)
Started:     2026-07-02 00:15:52
Elapsed:     6m 40s
========================================================================
