
========================================================================
RUN STARTED  2026-07-02 02:14:06
site_pipeline.py https://thequantuminsider.com/2020/09/07/tqd-exclusive-entropica-labs-ceo-says-quantum-teams-must-think-differently-engage-with-customers-honestly/
========================================================================

[02:14:06 +0s | thequantuminsider_2020_09_07_tqd_exclusive_entropica_labs_ceo_says_quantum_teams_must_thi_adafa9ed] === 0 crawl site ===
[02:14:07 +1s | thequantuminsider_2020_09_07_tqd_exclusive_entropica_labs_ceo_says_quantum_teams_must_thi_adafa9ed] [INIT].... → Crawl4AI 0.8.6 
[02:14:19 +14s | thequantuminsider_2020_09_07_tqd_exclusive_entropica_labs_ceo_says_quantum_teams_must_thi_adafa9ed] [FETCH]... ↓ https://thequantuminsider.com/2020/09/07/tqd-exc...hink-differently-engage-with-customers-honestly/  | ✓ | ⏱: 12.52s 
[02:14:19 +14s | thequantuminsider_2020_09_07_tqd_exclusive_entropica_labs_ceo_says_quantum_teams_must_thi_adafa9ed] [SCRAPE].. ◆ https://thequantuminsider.com/2020/09/07/tqd-exc...hink-differently-engage-with-customers-honestly/  | ✓ | ⏱: 0.12s 
[02:14:19 +14s | thequantuminsider_2020_09_07_tqd_exclusive_entropica_labs_ceo_says_quantum_teams_must_thi_adafa9ed] [COMPLETE] ● https://thequantuminsider.com/2020/09/07/tqd-exc...hink-differently-engage-with-customers-honestly/  | ✓ | ⏱: 12.66s 
[02:14:19 +14s | thequantuminsider_2020_09_07_tqd_exclusive_entropica_labs_ceo_says_quantum_teams_must_thi_adafa9ed] Saved: crawl_output/4f4ae1bfc3_thequantuminsider.com_2020_09_07_tqd-exclusive-entropica-labs-ceo-says-quantum-teams-must-think-differently-engage-with-customers-honestly.json

[02:14:20 +14s | thequantuminsider_2020_09_07_tqd_exclusive_entropica_labs_ceo_says_quantum_teams_must_thi_adafa9ed] === 1 actor extraction ===
[02:14:23 +14s | thequantuminsider_2020_09_07_tqd_exclusive_entropica_labs_ceo_says_quantum_teams_must_thi_adafa9ed] Reading page (1/1): https://thequantuminsider.com/2020/09/07/tqd-exclusive-entropica-labs-ceo-says-quantum-teams-must-think-differently-engage-with-customers-honestly
[02:14:23 +14s | thequantuminsider_2020_09_07_tqd_exclusive_entropica_labs_ceo_says_quantum_teams_must_thi_adafa9ed] Extracting actors: https://thequantuminsider.com/2020/09/07/tqd-exclusive-entropica-labs-ceo-says-quantum-teams-must-think-differently-engage-with-customers-honestly (1/1), chunk 1/41
[02:14:30 +21s | thequantuminsider_2020_09_07_tqd_exclusive_entropica_labs_ceo_says_quantum_teams_must_thi_adafa9ed] Extracting actors: https://thequantuminsider.com/2020/09/07/tqd-exclusive-entropica-labs-ceo-says-quantum-teams-must-think-differently-engage-with-customers-honestly (1/1), chunk 2/41
[02:14:35 +26s | thequantuminsider_2020_09_07_tqd_exclusive_entropica_labs_ceo_says_quantum_teams_must_thi_adafa9ed] Extracting actors: https://thequantuminsider.com/2020/09/07/tqd-exclusive-entropica-labs-ceo-says-quantum-teams-must-think-differently-engage-with-customers-honestly (1/1), chunk 3/41
[02:14:40 +31s | thequantuminsider_2020_09_07_tqd_exclusive_entropica_labs_ceo_says_quantum_teams_must_thi_adafa9ed] Repaired malformed JSON.
[02:14:40 +31s | thequantuminsider_2020_09_07_tqd_exclusive_entropica_labs_ceo_says_quantum_teams_must_thi_adafa9ed] Extracting actors: https://thequantuminsider.com/2020/09/07/tqd-exclusive-entropica-labs-ceo-says-quantum-teams-must-think-differently-engage-with-customers-honestly (1/1), chunk 4/41
[02:14:45 +36s | thequantuminsider_2020_09_07_tqd_exclusive_entropica_labs_ceo_says_quantum_teams_must_thi_adafa9ed] Extracting actors: https://thequantuminsider.com/2020/09/07/tqd-exclusive-entropica-labs-ceo-says-quantum-teams-must-think-differently-engage-with-customers-honestly (1/1), chunk 5/41
[02:14:50 +41s | thequantuminsider_2020_09_07_tqd_exclusive_entropica_labs_ceo_says_quantum_teams_must_thi_adafa9ed] Extracting actors: https://thequantuminsider.com/2020/09/07/tqd-exclusive-entropica-labs-ceo-says-quantum-teams-must-think-differently-engage-with-customers-honestly (1/1), chunk 6/41
[02:14:59 +48s | thequantuminsider_2020_09_07_tqd_exclusive_entropica_labs_ceo_says_quantum_teams_must_thi_adafa9ed] Repaired malformed JSON.
[02:14:59 +48s | thequantuminsider_2020_09_07_tqd_exclusive_entropica_labs_ceo_says_quantum_teams_must_thi_adafa9ed] Extracting actors: https://thequantuminsider.com/2020/09/07/tqd-exclusive-entropica-labs-ceo-says-quantum-teams-must-think-differently-engage-with-customers-honestly (1/1), chunk 7/41
[02:15:04 +52s | thequantuminsider_2020_09_07_tqd_exclusive_entropica_labs_ceo_says_quantum_teams_must_thi_adafa9ed] Extracting actors: https://thequantuminsider.com/2020/09/07/tqd-exclusive-entropica-labs-ceo-says-quantum-teams-must-think-differently-engage-with-customers-honestly (1/1), chunk 8/41
[02:15:08 +56s | thequantuminsider_2020_09_07_tqd_exclusive_entropica_labs_ceo_says_quantum_teams_must_thi_adafa9ed] Extracting actors: https://thequantuminsider.com/2020/09/07/tqd-exclusive-entropica-labs-ceo-says-quantum-teams-must-think-differently-engage-with-customers-honestly (1/1), chunk 9/41
[02:15:13 +1m 1s | thequantuminsider_2020_09_07_tqd_exclusive_entropica_labs_ceo_says_quantum_teams_must_thi_adafa9ed] Extracting actors: https://thequantuminsider.com/2020/09/07/tqd-exclusive-entropica-labs-ceo-says-quantum-teams-must-think-differently-engage-with-customers-honestly (1/1), chunk 10/41
[02:15:20 +1m 8s | thequantuminsider_2020_09_07_tqd_exclusive_entropica_labs_ceo_says_quantum_teams_must_thi_adafa9ed] Extracting actors: https://thequantuminsider.com/2020/09/07/tqd-exclusive-entropica-labs-ceo-says-quantum-teams-must-think-differently-engage-with-customers-honestly (1/1), chunk 11/41
[02:15:28 +1m 16s | thequantuminsider_2020_09_07_tqd_exclusive_entropica_labs_ceo_says_quantum_teams_must_thi_adafa9ed] Repaired malformed JSON.
[02:15:28 +1m 16s | thequantuminsider_2020_09_07_tqd_exclusive_entropica_labs_ceo_says_quantum_teams_must_thi_adafa9ed] Extracting actors: https://thequantuminsider.com/2020/09/07/tqd-exclusive-entropica-labs-ceo-says-quantum-teams-must-think-differently-engage-with-customers-honestly (1/1), chunk 12/41
[02:15:37 +1m 23s | thequantuminsider_2020_09_07_tqd_exclusive_entropica_labs_ceo_says_quantum_teams_must_thi_adafa9ed] Repaired malformed JSON.
[02:15:37 +1m 23s | thequantuminsider_2020_09_07_tqd_exclusive_entropica_labs_ceo_says_quantum_teams_must_thi_adafa9ed] Extracting actors: https://thequantuminsider.com/2020/09/07/tqd-exclusive-entropica-labs-ceo-says-quantum-teams-must-think-differently-engage-with-customers-honestly (1/1), chunk 13/41
[02:15:43 +1m 28s | thequantuminsider_2020_09_07_tqd_exclusive_entropica_labs_ceo_says_quantum_teams_must_thi_adafa9ed] Repaired malformed JSON.
[02:15:43 +1m 28s | thequantuminsider_2020_09_07_tqd_exclusive_entropica_labs_ceo_says_quantum_teams_must_thi_adafa9ed] Extracting actors: https://thequantuminsider.com/2020/09/07/tqd-exclusive-entropica-labs-ceo-says-quantum-teams-must-think-differently-engage-with-customers-honestly (1/1), chunk 14/41
[02:15:50 +1m 35s | thequantuminsider_2020_09_07_tqd_exclusive_entropica_labs_ceo_says_quantum_teams_must_thi_adafa9ed] Repaired malformed JSON.
[02:15:50 +1m 35s | thequantuminsider_2020_09_07_tqd_exclusive_entropica_labs_ceo_says_quantum_teams_must_thi_adafa9ed] Extracting actors: https://thequantuminsider.com/2020/09/07/tqd-exclusive-entropica-labs-ceo-says-quantum-teams-must-think-differently-engage-with-customers-honestly (1/1), chunk 15/41
[02:15:57 +1m 42s | thequantuminsider_2020_09_07_tqd_exclusive_entropica_labs_ceo_says_quantum_teams_must_thi_adafa9ed] Repaired malformed JSON.
[02:15:57 +1m 42s | thequantuminsider_2020_09_07_tqd_exclusive_entropica_labs_ceo_says_quantum_teams_must_thi_adafa9ed] Extracting actors: https://thequantuminsider.com/2020/09/07/tqd-exclusive-entropica-labs-ceo-says-quantum-teams-must-think-differently-engage-with-customers-honestly (1/1), chunk 16/41
[02:16:03 +1m 48s | thequantuminsider_2020_09_07_tqd_exclusive_entropica_labs_ceo_says_quantum_teams_must_thi_adafa9ed] Repaired malformed JSON.
[02:16:03 +1m 48s | thequantuminsider_2020_09_07_tqd_exclusive_entropica_labs_ceo_says_quantum_teams_must_thi_adafa9ed] Extracting actors: https://thequantuminsider.com/2020/09/07/tqd-exclusive-entropica-labs-ceo-says-quantum-teams-must-think-differently-engage-with-customers-honestly (1/1), chunk 17/41
[02:16:11 +1m 54s | thequantuminsider_2020_09_07_tqd_exclusive_entropica_labs_ceo_says_quantum_teams_must_thi_adafa9ed] Repaired malformed JSON.
[02:16:11 +1m 54s | thequantuminsider_2020_09_07_tqd_exclusive_entropica_labs_ceo_says_quantum_teams_must_thi_adafa9ed] Extracting actors: https://thequantuminsider.com/2020/09/07/tqd-exclusive-entropica-labs-ceo-says-quantum-teams-must-think-differently-engage-with-customers-honestly (1/1), chunk 18/41
[02:16:18 +2m 0s | thequantuminsider_2020_09_07_tqd_exclusive_entropica_labs_ceo_says_quantum_teams_must_thi_adafa9ed] Repaired malformed JSON.
[02:16:18 +2m 0s | thequantuminsider_2020_09_07_tqd_exclusive_entropica_labs_ceo_says_quantum_teams_must_thi_adafa9ed] Extracting actors: https://thequantuminsider.com/2020/09/07/tqd-exclusive-entropica-labs-ceo-says-quantum-teams-must-think-differently-engage-with-customers-honestly (1/1), chunk 19/41
[02:16:24 +2m 7s | thequantuminsider_2020_09_07_tqd_exclusive_entropica_labs_ceo_says_quantum_teams_must_thi_adafa9ed] Repaired malformed JSON.
[02:16:24 +2m 7s | thequantuminsider_2020_09_07_tqd_exclusive_entropica_labs_ceo_says_quantum_teams_must_thi_adafa9ed] Extracting actors: https://thequantuminsider.com/2020/09/07/tqd-exclusive-entropica-labs-ceo-says-quantum-teams-must-think-differently-engage-with-customers-honestly (1/1), chunk 20/41
[02:16:34 +2m 17s | thequantuminsider_2020_09_07_tqd_exclusive_entropica_labs_ceo_says_quantum_teams_must_thi_adafa9ed] Repaired malformed JSON.
[02:16:34 +2m 17s | thequantuminsider_2020_09_07_tqd_exclusive_entropica_labs_ceo_says_quantum_teams_must_thi_adafa9ed] Extracting actors: https://thequantuminsider.com/2020/09/07/tqd-exclusive-entropica-labs-ceo-says-quantum-teams-must-think-differently-engage-with-customers-honestly (1/1), chunk 21/41
[02:16:41 +2m 23s | thequantuminsider_2020_09_07_tqd_exclusive_entropica_labs_ceo_says_quantum_teams_must_thi_adafa9ed] Repaired malformed JSON.
[02:16:41 +2m 23s | thequantuminsider_2020_09_07_tqd_exclusive_entropica_labs_ceo_says_quantum_teams_must_thi_adafa9ed] Extracting actors: https://thequantuminsider.com/2020/09/07/tqd-exclusive-entropica-labs-ceo-says-quantum-teams-must-think-differently-engage-with-customers-honestly (1/1), chunk 22/41
[02:16:51 +2m 30s | thequantuminsider_2020_09_07_tqd_exclusive_entropica_labs_ceo_says_quantum_teams_must_thi_adafa9ed] Repaired malformed JSON.
[02:16:51 +2m 30s | thequantuminsider_2020_09_07_tqd_exclusive_entropica_labs_ceo_says_quantum_teams_must_thi_adafa9ed] Extracting actors: https://thequantuminsider.com/2020/09/07/tqd-exclusive-entropica-labs-ceo-says-quantum-teams-must-think-differently-engage-with-customers-honestly (1/1), chunk 23/41
[02:16:58 +2m 38s | thequantuminsider_2020_09_07_tqd_exclusive_entropica_labs_ceo_says_quantum_teams_must_thi_adafa9ed] Repaired malformed JSON.
[02:16:58 +2m 38s | thequantuminsider_2020_09_07_tqd_exclusive_entropica_labs_ceo_says_quantum_teams_must_thi_adafa9ed] Extracting actors: https://thequantuminsider.com/2020/09/07/tqd-exclusive-entropica-labs-ceo-says-quantum-teams-must-think-differently-engage-with-customers-honestly (1/1), chunk 24/41
[02:17:06 +2m 46s | thequantuminsider_2020_09_07_tqd_exclusive_entropica_labs_ceo_says_quantum_teams_must_thi_adafa9ed] Repaired malformed JSON.
[02:17:06 +2m 46s | thequantuminsider_2020_09_07_tqd_exclusive_entropica_labs_ceo_says_quantum_teams_must_thi_adafa9ed] Extracting actors: https://thequantuminsider.com/2020/09/07/tqd-exclusive-entropica-labs-ceo-says-quantum-teams-must-think-differently-engage-with-customers-honestly (1/1), chunk 25/41
[02:17:13 +2m 52s | thequantuminsider_2020_09_07_tqd_exclusive_entropica_labs_ceo_says_quantum_teams_must_thi_adafa9ed] Repaired malformed JSON.
[02:17:13 +2m 52s | thequantuminsider_2020_09_07_tqd_exclusive_entropica_labs_ceo_says_quantum_teams_must_thi_adafa9ed] Extracting actors: https://thequantuminsider.com/2020/09/07/tqd-exclusive-entropica-labs-ceo-says-quantum-teams-must-think-differently-engage-with-customers-honestly (1/1), chunk 26/41
[02:17:22 +2m 59s | thequantuminsider_2020_09_07_tqd_exclusive_entropica_labs_ceo_says_quantum_teams_must_thi_adafa9ed] Repaired malformed JSON.
[02:17:22 +2m 59s | thequantuminsider_2020_09_07_tqd_exclusive_entropica_labs_ceo_says_quantum_teams_must_thi_adafa9ed] Extracting actors: https://thequantuminsider.com/2020/09/07/tqd-exclusive-entropica-labs-ceo-says-quantum-teams-must-think-differently-engage-with-customers-honestly (1/1), chunk 27/41
[02:17:27 +3m 4s | thequantuminsider_2020_09_07_tqd_exclusive_entropica_labs_ceo_says_quantum_teams_must_thi_adafa9ed] Repaired malformed JSON.
[02:17:27 +3m 4s | thequantuminsider_2020_09_07_tqd_exclusive_entropica_labs_ceo_says_quantum_teams_must_thi_adafa9ed] Extracting actors: https://thequantuminsider.com/2020/09/07/tqd-exclusive-entropica-labs-ceo-says-quantum-teams-must-think-differently-engage-with-customers-honestly (1/1), chunk 28/41
[02:17:34 +3m 11s | thequantuminsider_2020_09_07_tqd_exclusive_entropica_labs_ceo_says_quantum_teams_must_thi_adafa9ed] Repaired malformed JSON.
[02:17:34 +3m 11s | thequantuminsider_2020_09_07_tqd_exclusive_entropica_labs_ceo_says_quantum_teams_must_thi_adafa9ed] Extracting actors: https://thequantuminsider.com/2020/09/07/tqd-exclusive-entropica-labs-ceo-says-quantum-teams-must-think-differently-engage-with-customers-honestly (1/1), chunk 29/41
[02:17:41 +3m 17s | thequantuminsider_2020_09_07_tqd_exclusive_entropica_labs_ceo_says_quantum_teams_must_thi_adafa9ed] Extracting actors: https://thequantuminsider.com/2020/09/07/tqd-exclusive-entropica-labs-ceo-says-quantum-teams-must-think-differently-engage-with-customers-honestly (1/1), chunk 30/41
[02:17:46 +3m 23s | thequantuminsider_2020_09_07_tqd_exclusive_entropica_labs_ceo_says_quantum_teams_must_thi_adafa9ed] Extracting actors: https://thequantuminsider.com/2020/09/07/tqd-exclusive-entropica-labs-ceo-says-quantum-teams-must-think-differently-engage-with-customers-honestly (1/1), chunk 31/41
[02:17:54 +3m 28s | thequantuminsider_2020_09_07_tqd_exclusive_entropica_labs_ceo_says_quantum_teams_must_thi_adafa9ed] Extracting actors: https://thequantuminsider.com/2020/09/07/tqd-exclusive-entropica-labs-ceo-says-quantum-teams-must-think-differently-engage-with-customers-honestly (1/1), chunk 32/41
[02:17:59 +3m 33s | thequantuminsider_2020_09_07_tqd_exclusive_entropica_labs_ceo_says_quantum_teams_must_thi_adafa9ed] Extracting actors: https://thequantuminsider.com/2020/09/07/tqd-exclusive-entropica-labs-ceo-says-quantum-teams-must-think-differently-engage-with-customers-honestly (1/1), chunk 33/41
[02:18:01 +3m 35s | thequantuminsider_2020_09_07_tqd_exclusive_entropica_labs_ceo_says_quantum_teams_must_thi_adafa9ed] Extracting actors: https://thequantuminsider.com/2020/09/07/tqd-exclusive-entropica-labs-ceo-says-quantum-teams-must-think-differently-engage-with-customers-honestly (1/1), chunk 34/41
[02:18:06 +3m 40s | thequantuminsider_2020_09_07_tqd_exclusive_entropica_labs_ceo_says_quantum_teams_must_thi_adafa9ed] Repaired malformed JSON.
[02:18:06 +3m 40s | thequantuminsider_2020_09_07_tqd_exclusive_entropica_labs_ceo_says_quantum_teams_must_thi_adafa9ed] Extracting actors: https://thequantuminsider.com/2020/09/07/tqd-exclusive-entropica-labs-ceo-says-quantum-teams-must-think-differently-engage-with-customers-honestly (1/1), chunk 35/41
[02:18:15 +3m 48s | thequantuminsider_2020_09_07_tqd_exclusive_entropica_labs_ceo_says_quantum_teams_must_thi_adafa9ed] Repaired malformed JSON.
[02:18:15 +3m 48s | thequantuminsider_2020_09_07_tqd_exclusive_entropica_labs_ceo_says_quantum_teams_must_thi_adafa9ed] Extracting actors: https://thequantuminsider.com/2020/09/07/tqd-exclusive-entropica-labs-ceo-says-quantum-teams-must-think-differently-engage-with-customers-honestly (1/1), chunk 36/41
[02:18:19 +3m 53s | thequantuminsider_2020_09_07_tqd_exclusive_entropica_labs_ceo_says_quantum_teams_must_thi_adafa9ed] Extracting actors: https://thequantuminsider.com/2020/09/07/tqd-exclusive-entropica-labs-ceo-says-quantum-teams-must-think-differently-engage-with-customers-honestly (1/1), chunk 37/41
[02:18:25 +3m 59s | thequantuminsider_2020_09_07_tqd_exclusive_entropica_labs_ceo_says_quantum_teams_must_thi_adafa9ed] Repaired malformed JSON.
[02:18:25 +3m 59s | thequantuminsider_2020_09_07_tqd_exclusive_entropica_labs_ceo_says_quantum_teams_must_thi_adafa9ed] Extracting actors: https://thequantuminsider.com/2020/09/07/tqd-exclusive-entropica-labs-ceo-says-quantum-teams-must-think-differently-engage-with-customers-honestly (1/1), chunk 38/41
[02:18:37 +4m 8s | thequantuminsider_2020_09_07_tqd_exclusive_entropica_labs_ceo_says_quantum_teams_must_thi_adafa9ed] Repaired malformed JSON.
[02:18:37 +4m 8s | thequantuminsider_2020_09_07_tqd_exclusive_entropica_labs_ceo_says_quantum_teams_must_thi_adafa9ed] Extracting actors: https://thequantuminsider.com/2020/09/07/tqd-exclusive-entropica-labs-ceo-says-quantum-teams-must-think-differently-engage-with-customers-honestly (1/1), chunk 39/41
[02:18:41 +4m 12s | thequantuminsider_2020_09_07_tqd_exclusive_entropica_labs_ceo_says_quantum_teams_must_thi_adafa9ed] Extracting actors: https://thequantuminsider.com/2020/09/07/tqd-exclusive-entropica-labs-ceo-says-quantum-teams-must-think-differently-engage-with-customers-honestly (1/1), chunk 40/41
[02:18:47 +4m 18s | thequantuminsider_2020_09_07_tqd_exclusive_entropica_labs_ceo_says_quantum_teams_must_thi_adafa9ed] Repaired malformed JSON.
[02:18:47 +4m 18s | thequantuminsider_2020_09_07_tqd_exclusive_entropica_labs_ceo_says_quantum_teams_must_thi_adafa9ed] Extracting actors: https://thequantuminsider.com/2020/09/07/tqd-exclusive-entropica-labs-ceo-says-quantum-teams-must-think-differently-engage-with-customers-honestly (1/1), chunk 41/41
[02:18:52 +4m 23s | thequantuminsider_2020_09_07_tqd_exclusive_entropica_labs_ceo_says_quantum_teams_must_thi_adafa9ed] Saved 1_actor_results.json with 64 extracted records

[02:18:52 +4m 23s | thequantuminsider_2020_09_07_tqd_exclusive_entropica_labs_ceo_says_quantum_teams_must_thi_adafa9ed] === 2 clean actors ===
[02:18:52 +4m 23s | thequantuminsider_2020_09_07_tqd_exclusive_entropica_labs_ceo_says_quantum_teams_must_thi_adafa9ed] Loaded 64 extracted records
[02:18:52 +4m 23s | thequantuminsider_2020_09_07_tqd_exclusive_entropica_labs_ceo_says_quantum_teams_must_thi_adafa9ed] Saved 2_actor_nodes.json with 21 canonical actor nodes

[02:18:52 +4m 23s | thequantuminsider_2020_09_07_tqd_exclusive_entropica_labs_ceo_says_quantum_teams_must_thi_adafa9ed] === 3 interaction extraction ===
[02:18:52 +4m 23s | thequantuminsider_2020_09_07_tqd_exclusive_entropica_labs_ceo_says_quantum_teams_must_thi_adafa9ed] Extracting interactions: https://thequantuminsider.com/2020/09/07/tqd-exclusive-entropica-labs-ceo-says-quantum-teams-must-think-differently-engage-with-customers-honestly (1/1), chunk 11/41
[02:18:56 +4m 27s | thequantuminsider_2020_09_07_tqd_exclusive_entropica_labs_ceo_says_quantum_teams_must_thi_adafa9ed] Extracting interactions: https://thequantuminsider.com/2020/09/07/tqd-exclusive-entropica-labs-ceo-says-quantum-teams-must-think-differently-engage-with-customers-honestly (1/1), chunk 12/41
[02:19:05 +4m 33s | thequantuminsider_2020_09_07_tqd_exclusive_entropica_labs_ceo_says_quantum_teams_must_thi_adafa9ed] Extracting interactions: https://thequantuminsider.com/2020/09/07/tqd-exclusive-entropica-labs-ceo-says-quantum-teams-must-think-differently-engage-with-customers-honestly (1/1), chunk 13/41
[02:19:17 +4m 45s | thequantuminsider_2020_09_07_tqd_exclusive_entropica_labs_ceo_says_quantum_teams_must_thi_adafa9ed] Extracting interactions: https://thequantuminsider.com/2020/09/07/tqd-exclusive-entropica-labs-ceo-says-quantum-teams-must-think-differently-engage-with-customers-honestly (1/1), chunk 14/41
[02:19:26 +4m 54s | thequantuminsider_2020_09_07_tqd_exclusive_entropica_labs_ceo_says_quantum_teams_must_thi_adafa9ed] Extracting interactions: https://thequantuminsider.com/2020/09/07/tqd-exclusive-entropica-labs-ceo-says-quantum-teams-must-think-differently-engage-with-customers-honestly (1/1), chunk 15/41
[02:19:32 +5m 0s | thequantuminsider_2020_09_07_tqd_exclusive_entropica_labs_ceo_says_quantum_teams_must_thi_adafa9ed] Extracting interactions: https://thequantuminsider.com/2020/09/07/tqd-exclusive-entropica-labs-ceo-says-quantum-teams-must-think-differently-engage-with-customers-honestly (1/1), chunk 16/41
[02:19:44 +5m 10s | thequantuminsider_2020_09_07_tqd_exclusive_entropica_labs_ceo_says_quantum_teams_must_thi_adafa9ed] Extracting interactions: https://thequantuminsider.com/2020/09/07/tqd-exclusive-entropica-labs-ceo-says-quantum-teams-must-think-differently-engage-with-customers-honestly (1/1), chunk 17/41
[02:19:49 +5m 14s | thequantuminsider_2020_09_07_tqd_exclusive_entropica_labs_ceo_says_quantum_teams_must_thi_adafa9ed] Extracting interactions: https://thequantuminsider.com/2020/09/07/tqd-exclusive-entropica-labs-ceo-says-quantum-teams-must-think-differently-engage-with-customers-honestly (1/1), chunk 18/41
[02:19:57 +5m 22s | thequantuminsider_2020_09_07_tqd_exclusive_entropica_labs_ceo_says_quantum_teams_must_thi_adafa9ed] Extracting interactions: https://thequantuminsider.com/2020/09/07/tqd-exclusive-entropica-labs-ceo-says-quantum-teams-must-think-differently-engage-with-customers-honestly (1/1), chunk 19/41
[02:20:01 +5m 27s | thequantuminsider_2020_09_07_tqd_exclusive_entropica_labs_ceo_says_quantum_teams_must_thi_adafa9ed] Extracting interactions: https://thequantuminsider.com/2020/09/07/tqd-exclusive-entropica-labs-ceo-says-quantum-teams-must-think-differently-engage-with-customers-honestly (1/1), chunk 20/41
[02:20:04 +5m 30s | thequantuminsider_2020_09_07_tqd_exclusive_entropica_labs_ceo_says_quantum_teams_must_thi_adafa9ed] Extracting interactions: https://thequantuminsider.com/2020/09/07/tqd-exclusive-entropica-labs-ceo-says-quantum-teams-must-think-differently-engage-with-customers-honestly (1/1), chunk 21/41
[02:20:16 +5m 38s | thequantuminsider_2020_09_07_tqd_exclusive_entropica_labs_ceo_says_quantum_teams_must_thi_adafa9ed] Extracting interactions: https://thequantuminsider.com/2020/09/07/tqd-exclusive-entropica-labs-ceo-says-quantum-teams-must-think-differently-engage-with-customers-honestly (1/1), chunk 22/41
[02:20:32 +5m 54s | thequantuminsider_2020_09_07_tqd_exclusive_entropica_labs_ceo_says_quantum_teams_must_thi_adafa9ed] Extracting interactions: https://thequantuminsider.com/2020/09/07/tqd-exclusive-entropica-labs-ceo-says-quantum-teams-must-think-differently-engage-with-customers-honestly (1/1), chunk 23/41
[02:20:41 +6m 3s | thequantuminsider_2020_09_07_tqd_exclusive_entropica_labs_ceo_says_quantum_teams_must_thi_adafa9ed] Extracting interactions: https://thequantuminsider.com/2020/09/07/tqd-exclusive-entropica-labs-ceo-says-quantum-teams-must-think-differently-engage-with-customers-honestly (1/1), chunk 24/41
[02:20:46 +6m 8s | thequantuminsider_2020_09_07_tqd_exclusive_entropica_labs_ceo_says_quantum_teams_must_thi_adafa9ed] Extracting interactions: https://thequantuminsider.com/2020/09/07/tqd-exclusive-entropica-labs-ceo-says-quantum-teams-must-think-differently-engage-with-customers-honestly (1/1), chunk 25/41
[02:21:01 +6m 20s | thequantuminsider_2020_09_07_tqd_exclusive_entropica_labs_ceo_says_quantum_teams_must_thi_adafa9ed] Extracting interactions: https://thequantuminsider.com/2020/09/07/tqd-exclusive-entropica-labs-ceo-says-quantum-teams-must-think-differently-engage-with-customers-honestly (1/1), chunk 26/41
[02:21:14 +6m 33s | thequantuminsider_2020_09_07_tqd_exclusive_entropica_labs_ceo_says_quantum_teams_must_thi_adafa9ed] Extracting interactions: https://thequantuminsider.com/2020/09/07/tqd-exclusive-entropica-labs-ceo-says-quantum-teams-must-think-differently-engage-with-customers-honestly (1/1), chunk 27/41
[02:21:18 +6m 37s | thequantuminsider_2020_09_07_tqd_exclusive_entropica_labs_ceo_says_quantum_teams_must_thi_adafa9ed] Extracting interactions: https://thequantuminsider.com/2020/09/07/tqd-exclusive-entropica-labs-ceo-says-quantum-teams-must-think-differently-engage-with-customers-honestly (1/1), chunk 30/41
[02:21:22 +6m 41s | thequantuminsider_2020_09_07_tqd_exclusive_entropica_labs_ceo_says_quantum_teams_must_thi_adafa9ed] Extracting interactions: https://thequantuminsider.com/2020/09/07/tqd-exclusive-entropica-labs-ceo-says-quantum-teams-must-think-differently-engage-with-customers-honestly (1/1), chunk 31/41
[02:21:26 +6m 42s | thequantuminsider_2020_09_07_tqd_exclusive_entropica_labs_ceo_says_quantum_teams_must_thi_adafa9ed] Extracting interactions: https://thequantuminsider.com/2020/09/07/tqd-exclusive-entropica-labs-ceo-says-quantum-teams-must-think-differently-engage-with-customers-honestly (1/1), chunk 34/41
[02:21:27 +6m 44s | thequantuminsider_2020_09_07_tqd_exclusive_entropica_labs_ceo_says_quantum_teams_must_thi_adafa9ed] Extracting interactions: https://thequantuminsider.com/2020/09/07/tqd-exclusive-entropica-labs-ceo-says-quantum-teams-must-think-differently-engage-with-customers-honestly (1/1), chunk 35/41
[02:21:29 +6m 45s | thequantuminsider_2020_09_07_tqd_exclusive_entropica_labs_ceo_says_quantum_teams_must_thi_adafa9ed] Extracting interactions: https://thequantuminsider.com/2020/09/07/tqd-exclusive-entropica-labs-ceo-says-quantum-teams-must-think-differently-engage-with-customers-honestly (1/1), chunk 36/41
[02:21:30 +6m 46s | thequantuminsider_2020_09_07_tqd_exclusive_entropica_labs_ceo_says_quantum_teams_must_thi_adafa9ed] Extracting interactions: https://thequantuminsider.com/2020/09/07/tqd-exclusive-entropica-labs-ceo-says-quantum-teams-must-think-differently-engage-with-customers-honestly (1/1), chunk 37/41
[02:21:33 +6m 49s | thequantuminsider_2020_09_07_tqd_exclusive_entropica_labs_ceo_says_quantum_teams_must_thi_adafa9ed] Extracting interactions: https://thequantuminsider.com/2020/09/07/tqd-exclusive-entropica-labs-ceo-says-quantum-teams-must-think-differently-engage-with-customers-honestly (1/1), chunk 39/41
[02:21:34 +6m 50s | thequantuminsider_2020_09_07_tqd_exclusive_entropica_labs_ceo_says_quantum_teams_must_thi_adafa9ed] Extracting interactions: https://thequantuminsider.com/2020/09/07/tqd-exclusive-entropica-labs-ceo-says-quantum-teams-must-think-differently-engage-with-customers-honestly (1/1), chunk 40/41
[02:21:56 +7m 13s | thequantuminsider_2020_09_07_tqd_exclusive_entropica_labs_ceo_says_quantum_teams_must_thi_adafa9ed] Extracting interactions: https://thequantuminsider.com/2020/09/07/tqd-exclusive-entropica-labs-ceo-says-quantum-teams-must-think-differently-engage-with-customers-honestly (1/1), chunk 41/41
[02:22:01 +7m 14s | thequantuminsider_2020_09_07_tqd_exclusive_entropica_labs_ceo_says_quantum_teams_must_thi_adafa9ed] Saved 3_interaction_results.json with 35 extracted interactions.

[02:22:01 +7m 14s | thequantuminsider_2020_09_07_tqd_exclusive_entropica_labs_ceo_says_quantum_teams_must_thi_adafa9ed] === 4 clean interactions ===
[02:22:01 +7m 14s | thequantuminsider_2020_09_07_tqd_exclusive_entropica_labs_ceo_says_quantum_teams_must_thi_adafa9ed] Saved 4_edges.json with 1 cleaned interactions.

[02:22:01 +7m 14s | thequantuminsider_2020_09_07_tqd_exclusive_entropica_labs_ceo_says_quantum_teams_must_thi_adafa9ed] === 5 helix enrichment ===
[02:22:01 +7m 14s | thequantuminsider_2020_09_07_tqd_exclusive_entropica_labs_ceo_says_quantum_teams_must_thi_adafa9ed] Wrote 5_nodes.json (21 actors)
[02:22:01 +7m 14s | thequantuminsider_2020_09_07_tqd_exclusive_entropica_labs_ceo_says_quantum_teams_must_thi_adafa9ed] Wrote 5_edges.json (1 interactions)
[02:22:01 +7m 14s | thequantuminsider_2020_09_07_tqd_exclusive_entropica_labs_ceo_says_quantum_teams_must_thi_adafa9ed] Actor helix counts: {'Academia': 1, 'Civil Society': 1, 'Government': 3, 'Industry': 7, 'Intermediary': 4, 'Unknown': 5}
[02:22:01 +7m 14s | thequantuminsider_2020_09_07_tqd_exclusive_entropica_labs_ceo_says_quantum_teams_must_thi_adafa9ed] Functional-space counts: {'Intra-helix / Not classified': 1}

[02:22:01 +7m 14s | thequantuminsider_2020_09_07_tqd_exclusive_entropica_labs_ceo_says_quantum_teams_must_thi_adafa9ed] === 6 network visualisation ===
[02:22:01 +7m 15s | thequantuminsider_2020_09_07_tqd_exclusive_entropica_labs_ceo_says_quantum_teams_must_thi_adafa9ed] Wrote quantum_network.html
[02:22:01 +7m 15s | thequantuminsider_2020_09_07_tqd_exclusive_entropica_labs_ceo_says_quantum_teams_must_thi_adafa9ed] Nodes: 21
[02:22:01 +7m 15s | thequantuminsider_2020_09_07_tqd_exclusive_entropica_labs_ceo_says_quantum_teams_must_thi_adafa9ed] Edges: 1

[02:22:01 +7m 15s | thequantuminsider_2020_09_07_tqd_exclusive_entropica_labs_ceo_says_quantum_teams_must_thi_adafa9ed] Done. Outputs written to: /home/lv/IDP/idpdeeptech/pipeline/news_outputs/thequantuminsider_2020_09_07_tqd_exclusive_entropica_labs_ceo_says_quantum_teams_must_thi_adafa9ed
[02:22:01 +7m 15s | thequantuminsider_2020_09_07_tqd_exclusive_entropica_labs_ceo_says_quantum_teams_must_thi_adafa9ed] Log: /home/lv/IDP/idpdeeptech/pipeline/news_outputs/thequantuminsider_2020_09_07_tqd_exclusive_entropica_labs_ceo_says_quantum_teams_must_thi_adafa9ed/run.log

========================================================================
RUN FINISHED 2026-07-02 02:22:01  (OK)
Started:     2026-07-02 02:14:06
Elapsed:     7m 15s
========================================================================
