
========================================================================
RUN STARTED  2026-07-02 09:02:42
site_pipeline.py https://thequantuminsider.com/2024/02/29/quantroloxs-quantum-edge-delivers-over-100x-speed-up/
========================================================================

[09:02:42 +0s | thequantuminsider_2024_02_29_quantroloxs_quantum_edge_delivers_over_100x_speed_up] === 0 crawl site ===
[09:02:43 +2s | thequantuminsider_2024_02_29_quantroloxs_quantum_edge_delivers_over_100x_speed_up] [INIT].... → Crawl4AI 0.8.6 
[09:03:04 +22s | thequantuminsider_2024_02_29_quantroloxs_quantum_edge_delivers_over_100x_speed_up] [FETCH]... ↓ https://thequantuminsider.com/2024/02/29/quantroloxs-quantum-edge-delivers-over-100x-speed-up/       | ✓ | ⏱: 20.70s 
[09:03:04 +22s | thequantuminsider_2024_02_29_quantroloxs_quantum_edge_delivers_over_100x_speed_up] [SCRAPE].. ◆ https://thequantuminsider.com/2024/02/29/quantroloxs-quantum-edge-delivers-over-100x-speed-up/       | ✓ | ⏱: 0.11s 
[09:03:04 +22s | thequantuminsider_2024_02_29_quantroloxs_quantum_edge_delivers_over_100x_speed_up] [COMPLETE] ● https://thequantuminsider.com/2024/02/29/quantroloxs-quantum-edge-delivers-over-100x-speed-up/       | ✓ | ⏱: 20.83s 
[09:03:04 +22s | thequantuminsider_2024_02_29_quantroloxs_quantum_edge_delivers_over_100x_speed_up] Saved: crawl_output/917b5113c8_thequantuminsider.com_2024_02_29_quantroloxs-quantum-edge-delivers-over-100x-speed-up.json

[09:03:04 +23s | thequantuminsider_2024_02_29_quantroloxs_quantum_edge_delivers_over_100x_speed_up] === 1 actor extraction ===
[09:03:04 +23s | thequantuminsider_2024_02_29_quantroloxs_quantum_edge_delivers_over_100x_speed_up] Reading page (1/1): https://thequantuminsider.com/2024/02/29/quantroloxs-quantum-edge-delivers-over-100x-speed-up
[09:03:04 +23s | thequantuminsider_2024_02_29_quantroloxs_quantum_edge_delivers_over_100x_speed_up] Extracting actors: https://thequantuminsider.com/2024/02/29/quantroloxs-quantum-edge-delivers-over-100x-speed-up (1/1), chunk 1/40
[09:03:08 +26s | thequantuminsider_2024_02_29_quantroloxs_quantum_edge_delivers_over_100x_speed_up] Extracting actors: https://thequantuminsider.com/2024/02/29/quantroloxs-quantum-edge-delivers-over-100x-speed-up (1/1), chunk 2/40
[09:03:13 +32s | thequantuminsider_2024_02_29_quantroloxs_quantum_edge_delivers_over_100x_speed_up] Extracting actors: https://thequantuminsider.com/2024/02/29/quantroloxs-quantum-edge-delivers-over-100x-speed-up (1/1), chunk 3/40
[09:03:17 +36s | thequantuminsider_2024_02_29_quantroloxs_quantum_edge_delivers_over_100x_speed_up] Extracting actors: https://thequantuminsider.com/2024/02/29/quantroloxs-quantum-edge-delivers-over-100x-speed-up (1/1), chunk 4/40
[09:03:21 +39s | thequantuminsider_2024_02_29_quantroloxs_quantum_edge_delivers_over_100x_speed_up] Extracting actors: https://thequantuminsider.com/2024/02/29/quantroloxs-quantum-edge-delivers-over-100x-speed-up (1/1), chunk 5/40
[09:03:25 +43s | thequantuminsider_2024_02_29_quantroloxs_quantum_edge_delivers_over_100x_speed_up] Extracting actors: https://thequantuminsider.com/2024/02/29/quantroloxs-quantum-edge-delivers-over-100x-speed-up (1/1), chunk 6/40
[09:03:30 +48s | thequantuminsider_2024_02_29_quantroloxs_quantum_edge_delivers_over_100x_speed_up] Extracting actors: https://thequantuminsider.com/2024/02/29/quantroloxs-quantum-edge-delivers-over-100x-speed-up (1/1), chunk 7/40
[09:03:34 +52s | thequantuminsider_2024_02_29_quantroloxs_quantum_edge_delivers_over_100x_speed_up] Extracting actors: https://thequantuminsider.com/2024/02/29/quantroloxs-quantum-edge-delivers-over-100x-speed-up (1/1), chunk 8/40
[09:03:38 +56s | thequantuminsider_2024_02_29_quantroloxs_quantum_edge_delivers_over_100x_speed_up] Extracting actors: https://thequantuminsider.com/2024/02/29/quantroloxs-quantum-edge-delivers-over-100x-speed-up (1/1), chunk 9/40
[09:03:42 +1m 1s | thequantuminsider_2024_02_29_quantroloxs_quantum_edge_delivers_over_100x_speed_up] Extracting actors: https://thequantuminsider.com/2024/02/29/quantroloxs-quantum-edge-delivers-over-100x-speed-up (1/1), chunk 10/40
[09:03:49 +1m 7s | thequantuminsider_2024_02_29_quantroloxs_quantum_edge_delivers_over_100x_speed_up] Extracting actors: https://thequantuminsider.com/2024/02/29/quantroloxs-quantum-edge-delivers-over-100x-speed-up (1/1), chunk 11/40
[09:03:57 +1m 15s | thequantuminsider_2024_02_29_quantroloxs_quantum_edge_delivers_over_100x_speed_up] Repaired malformed JSON.
[09:03:57 +1m 15s | thequantuminsider_2024_02_29_quantroloxs_quantum_edge_delivers_over_100x_speed_up] Extracting actors: https://thequantuminsider.com/2024/02/29/quantroloxs-quantum-edge-delivers-over-100x-speed-up (1/1), chunk 12/40
[09:04:01 +1m 19s | thequantuminsider_2024_02_29_quantroloxs_quantum_edge_delivers_over_100x_speed_up] Extracting actors: https://thequantuminsider.com/2024/02/29/quantroloxs-quantum-edge-delivers-over-100x-speed-up (1/1), chunk 13/40
[09:04:13 +1m 32s | thequantuminsider_2024_02_29_quantroloxs_quantum_edge_delivers_over_100x_speed_up] Extracting actors: https://thequantuminsider.com/2024/02/29/quantroloxs-quantum-edge-delivers-over-100x-speed-up (1/1), chunk 14/40
[09:04:22 +1m 41s | thequantuminsider_2024_02_29_quantroloxs_quantum_edge_delivers_over_100x_speed_up] Repaired malformed JSON.
[09:04:22 +1m 41s | thequantuminsider_2024_02_29_quantroloxs_quantum_edge_delivers_over_100x_speed_up] Extracting actors: https://thequantuminsider.com/2024/02/29/quantroloxs-quantum-edge-delivers-over-100x-speed-up (1/1), chunk 15/40
[09:04:28 +1m 46s | thequantuminsider_2024_02_29_quantroloxs_quantum_edge_delivers_over_100x_speed_up] Repaired malformed JSON.
[09:04:28 +1m 46s | thequantuminsider_2024_02_29_quantroloxs_quantum_edge_delivers_over_100x_speed_up] Extracting actors: https://thequantuminsider.com/2024/02/29/quantroloxs-quantum-edge-delivers-over-100x-speed-up (1/1), chunk 16/40
[09:04:34 +1m 53s | thequantuminsider_2024_02_29_quantroloxs_quantum_edge_delivers_over_100x_speed_up] Repaired malformed JSON.
[09:04:34 +1m 53s | thequantuminsider_2024_02_29_quantroloxs_quantum_edge_delivers_over_100x_speed_up] Extracting actors: https://thequantuminsider.com/2024/02/29/quantroloxs-quantum-edge-delivers-over-100x-speed-up (1/1), chunk 17/40
[09:04:43 +2m 1s | thequantuminsider_2024_02_29_quantroloxs_quantum_edge_delivers_over_100x_speed_up] Repaired malformed JSON.
[09:04:43 +2m 1s | thequantuminsider_2024_02_29_quantroloxs_quantum_edge_delivers_over_100x_speed_up] Extracting actors: https://thequantuminsider.com/2024/02/29/quantroloxs-quantum-edge-delivers-over-100x-speed-up (1/1), chunk 18/40
[09:04:50 +2m 8s | thequantuminsider_2024_02_29_quantroloxs_quantum_edge_delivers_over_100x_speed_up] Repaired malformed JSON.
[09:04:50 +2m 8s | thequantuminsider_2024_02_29_quantroloxs_quantum_edge_delivers_over_100x_speed_up] Extracting actors: https://thequantuminsider.com/2024/02/29/quantroloxs-quantum-edge-delivers-over-100x-speed-up (1/1), chunk 19/40
[09:04:58 +2m 16s | thequantuminsider_2024_02_29_quantroloxs_quantum_edge_delivers_over_100x_speed_up] Repaired malformed JSON.
[09:04:58 +2m 16s | thequantuminsider_2024_02_29_quantroloxs_quantum_edge_delivers_over_100x_speed_up] Extracting actors: https://thequantuminsider.com/2024/02/29/quantroloxs-quantum-edge-delivers-over-100x-speed-up (1/1), chunk 20/40
[09:05:05 +2m 24s | thequantuminsider_2024_02_29_quantroloxs_quantum_edge_delivers_over_100x_speed_up] Repaired malformed JSON.
[09:05:05 +2m 24s | thequantuminsider_2024_02_29_quantroloxs_quantum_edge_delivers_over_100x_speed_up] Extracting actors: https://thequantuminsider.com/2024/02/29/quantroloxs-quantum-edge-delivers-over-100x-speed-up (1/1), chunk 21/40
[09:05:11 +2m 29s | thequantuminsider_2024_02_29_quantroloxs_quantum_edge_delivers_over_100x_speed_up] Repaired malformed JSON.
[09:05:11 +2m 29s | thequantuminsider_2024_02_29_quantroloxs_quantum_edge_delivers_over_100x_speed_up] Extracting actors: https://thequantuminsider.com/2024/02/29/quantroloxs-quantum-edge-delivers-over-100x-speed-up (1/1), chunk 22/40
[09:05:20 +2m 39s | thequantuminsider_2024_02_29_quantroloxs_quantum_edge_delivers_over_100x_speed_up] Repaired malformed JSON.
[09:05:20 +2m 39s | thequantuminsider_2024_02_29_quantroloxs_quantum_edge_delivers_over_100x_speed_up] Extracting actors: https://thequantuminsider.com/2024/02/29/quantroloxs-quantum-edge-delivers-over-100x-speed-up (1/1), chunk 23/40
[09:05:27 +2m 45s | thequantuminsider_2024_02_29_quantroloxs_quantum_edge_delivers_over_100x_speed_up] Repaired malformed JSON.
[09:05:27 +2m 45s | thequantuminsider_2024_02_29_quantroloxs_quantum_edge_delivers_over_100x_speed_up] Extracting actors: https://thequantuminsider.com/2024/02/29/quantroloxs-quantum-edge-delivers-over-100x-speed-up (1/1), chunk 24/40
[09:05:34 +2m 53s | thequantuminsider_2024_02_29_quantroloxs_quantum_edge_delivers_over_100x_speed_up] Repaired malformed JSON.
[09:05:34 +2m 53s | thequantuminsider_2024_02_29_quantroloxs_quantum_edge_delivers_over_100x_speed_up] Extracting actors: https://thequantuminsider.com/2024/02/29/quantroloxs-quantum-edge-delivers-over-100x-speed-up (1/1), chunk 25/40
[09:05:43 +3m 1s | thequantuminsider_2024_02_29_quantroloxs_quantum_edge_delivers_over_100x_speed_up] Repaired malformed JSON.
[09:05:43 +3m 1s | thequantuminsider_2024_02_29_quantroloxs_quantum_edge_delivers_over_100x_speed_up] Extracting actors: https://thequantuminsider.com/2024/02/29/quantroloxs-quantum-edge-delivers-over-100x-speed-up (1/1), chunk 26/40
[09:05:47 +3m 6s | thequantuminsider_2024_02_29_quantroloxs_quantum_edge_delivers_over_100x_speed_up] Extracting actors: https://thequantuminsider.com/2024/02/29/quantroloxs-quantum-edge-delivers-over-100x-speed-up (1/1), chunk 27/40
[09:05:53 +3m 11s | thequantuminsider_2024_02_29_quantroloxs_quantum_edge_delivers_over_100x_speed_up] Repaired malformed JSON.
[09:05:53 +3m 11s | thequantuminsider_2024_02_29_quantroloxs_quantum_edge_delivers_over_100x_speed_up] Extracting actors: https://thequantuminsider.com/2024/02/29/quantroloxs-quantum-edge-delivers-over-100x-speed-up (1/1), chunk 28/40
[09:05:55 +3m 14s | thequantuminsider_2024_02_29_quantroloxs_quantum_edge_delivers_over_100x_speed_up] Extracting actors: https://thequantuminsider.com/2024/02/29/quantroloxs-quantum-edge-delivers-over-100x-speed-up (1/1), chunk 29/40
[09:06:01 +3m 20s | thequantuminsider_2024_02_29_quantroloxs_quantum_edge_delivers_over_100x_speed_up] Repaired malformed JSON.
[09:06:01 +3m 20s | thequantuminsider_2024_02_29_quantroloxs_quantum_edge_delivers_over_100x_speed_up] Extracting actors: https://thequantuminsider.com/2024/02/29/quantroloxs-quantum-edge-delivers-over-100x-speed-up (1/1), chunk 30/40
[09:06:10 +3m 29s | thequantuminsider_2024_02_29_quantroloxs_quantum_edge_delivers_over_100x_speed_up] Repaired malformed JSON.
[09:06:10 +3m 29s | thequantuminsider_2024_02_29_quantroloxs_quantum_edge_delivers_over_100x_speed_up] Extracting actors: https://thequantuminsider.com/2024/02/29/quantroloxs-quantum-edge-delivers-over-100x-speed-up (1/1), chunk 31/40
[09:06:17 +3m 36s | thequantuminsider_2024_02_29_quantroloxs_quantum_edge_delivers_over_100x_speed_up] Repaired malformed JSON.
[09:06:17 +3m 36s | thequantuminsider_2024_02_29_quantroloxs_quantum_edge_delivers_over_100x_speed_up] Extracting actors: https://thequantuminsider.com/2024/02/29/quantroloxs-quantum-edge-delivers-over-100x-speed-up (1/1), chunk 32/40
[09:06:23 +3m 41s | thequantuminsider_2024_02_29_quantroloxs_quantum_edge_delivers_over_100x_speed_up] Repaired malformed JSON.
[09:06:23 +3m 41s | thequantuminsider_2024_02_29_quantroloxs_quantum_edge_delivers_over_100x_speed_up] Extracting actors: https://thequantuminsider.com/2024/02/29/quantroloxs-quantum-edge-delivers-over-100x-speed-up (1/1), chunk 33/40
[09:06:28 +3m 46s | thequantuminsider_2024_02_29_quantroloxs_quantum_edge_delivers_over_100x_speed_up] Extracting actors: https://thequantuminsider.com/2024/02/29/quantroloxs-quantum-edge-delivers-over-100x-speed-up (1/1), chunk 34/40
[09:06:34 +3m 52s | thequantuminsider_2024_02_29_quantroloxs_quantum_edge_delivers_over_100x_speed_up] Repaired malformed JSON.
[09:06:34 +3m 52s | thequantuminsider_2024_02_29_quantroloxs_quantum_edge_delivers_over_100x_speed_up] Extracting actors: https://thequantuminsider.com/2024/02/29/quantroloxs-quantum-edge-delivers-over-100x-speed-up (1/1), chunk 35/40
[09:06:42 +4m 1s | thequantuminsider_2024_02_29_quantroloxs_quantum_edge_delivers_over_100x_speed_up] Repaired malformed JSON.
[09:06:42 +4m 1s | thequantuminsider_2024_02_29_quantroloxs_quantum_edge_delivers_over_100x_speed_up] Extracting actors: https://thequantuminsider.com/2024/02/29/quantroloxs-quantum-edge-delivers-over-100x-speed-up (1/1), chunk 36/40
[09:06:48 +4m 7s | thequantuminsider_2024_02_29_quantroloxs_quantum_edge_delivers_over_100x_speed_up] Repaired malformed JSON.
[09:06:48 +4m 7s | thequantuminsider_2024_02_29_quantroloxs_quantum_edge_delivers_over_100x_speed_up] Extracting actors: https://thequantuminsider.com/2024/02/29/quantroloxs-quantum-edge-delivers-over-100x-speed-up (1/1), chunk 37/40
[09:06:57 +4m 16s | thequantuminsider_2024_02_29_quantroloxs_quantum_edge_delivers_over_100x_speed_up] Repaired malformed JSON.
[09:06:57 +4m 16s | thequantuminsider_2024_02_29_quantroloxs_quantum_edge_delivers_over_100x_speed_up] Extracting actors: https://thequantuminsider.com/2024/02/29/quantroloxs-quantum-edge-delivers-over-100x-speed-up (1/1), chunk 38/40
[09:07:03 +4m 21s | thequantuminsider_2024_02_29_quantroloxs_quantum_edge_delivers_over_100x_speed_up] Repaired malformed JSON.
[09:07:03 +4m 21s | thequantuminsider_2024_02_29_quantroloxs_quantum_edge_delivers_over_100x_speed_up] Extracting actors: https://thequantuminsider.com/2024/02/29/quantroloxs-quantum-edge-delivers-over-100x-speed-up (1/1), chunk 39/40
[09:07:12 +4m 30s | thequantuminsider_2024_02_29_quantroloxs_quantum_edge_delivers_over_100x_speed_up] Repaired malformed JSON.
[09:07:12 +4m 30s | thequantuminsider_2024_02_29_quantroloxs_quantum_edge_delivers_over_100x_speed_up] Extracting actors: https://thequantuminsider.com/2024/02/29/quantroloxs-quantum-edge-delivers-over-100x-speed-up (1/1), chunk 40/40
[09:07:18 +4m 37s | thequantuminsider_2024_02_29_quantroloxs_quantum_edge_delivers_over_100x_speed_up] Repaired malformed JSON.
[09:07:18 +4m 37s | thequantuminsider_2024_02_29_quantroloxs_quantum_edge_delivers_over_100x_speed_up] Saved 1_actor_results.json with 63 extracted records

[09:07:18 +4m 37s | thequantuminsider_2024_02_29_quantroloxs_quantum_edge_delivers_over_100x_speed_up] === 2 clean actors ===
[09:07:18 +4m 37s | thequantuminsider_2024_02_29_quantroloxs_quantum_edge_delivers_over_100x_speed_up] Loaded 63 extracted records
[09:07:18 +4m 37s | thequantuminsider_2024_02_29_quantroloxs_quantum_edge_delivers_over_100x_speed_up] Saved 2_actor_nodes.json with 19 canonical actor nodes

[09:07:18 +4m 37s | thequantuminsider_2024_02_29_quantroloxs_quantum_edge_delivers_over_100x_speed_up] === 3 interaction extraction ===
[09:07:19 +4m 37s | thequantuminsider_2024_02_29_quantroloxs_quantum_edge_delivers_over_100x_speed_up] Extracting interactions: https://thequantuminsider.com/2024/02/29/quantroloxs-quantum-edge-delivers-over-100x-speed-up (1/1), chunk 11/40
[09:07:25 +4m 43s | thequantuminsider_2024_02_29_quantroloxs_quantum_edge_delivers_over_100x_speed_up] Extracting interactions: https://thequantuminsider.com/2024/02/29/quantroloxs-quantum-edge-delivers-over-100x-speed-up (1/1), chunk 14/40
[09:07:38 +4m 57s | thequantuminsider_2024_02_29_quantroloxs_quantum_edge_delivers_over_100x_speed_up] Extracting interactions: https://thequantuminsider.com/2024/02/29/quantroloxs-quantum-edge-delivers-over-100x-speed-up (1/1), chunk 15/40
[09:07:42 +5m 0s | thequantuminsider_2024_02_29_quantroloxs_quantum_edge_delivers_over_100x_speed_up] Extracting interactions: https://thequantuminsider.com/2024/02/29/quantroloxs-quantum-edge-delivers-over-100x-speed-up (1/1), chunk 16/40
[09:07:46 +5m 4s | thequantuminsider_2024_02_29_quantroloxs_quantum_edge_delivers_over_100x_speed_up] Extracting interactions: https://thequantuminsider.com/2024/02/29/quantroloxs-quantum-edge-delivers-over-100x-speed-up (1/1), chunk 17/40
[09:07:50 +5m 8s | thequantuminsider_2024_02_29_quantroloxs_quantum_edge_delivers_over_100x_speed_up] Extracting interactions: https://thequantuminsider.com/2024/02/29/quantroloxs-quantum-edge-delivers-over-100x-speed-up (1/1), chunk 18/40
[09:07:53 +5m 12s | thequantuminsider_2024_02_29_quantroloxs_quantum_edge_delivers_over_100x_speed_up] Extracting interactions: https://thequantuminsider.com/2024/02/29/quantroloxs-quantum-edge-delivers-over-100x-speed-up (1/1), chunk 19/40
[09:08:00 +5m 19s | thequantuminsider_2024_02_29_quantroloxs_quantum_edge_delivers_over_100x_speed_up] Extracting interactions: https://thequantuminsider.com/2024/02/29/quantroloxs-quantum-edge-delivers-over-100x-speed-up (1/1), chunk 20/40
[09:08:12 +5m 30s | thequantuminsider_2024_02_29_quantroloxs_quantum_edge_delivers_over_100x_speed_up] Extracting interactions: https://thequantuminsider.com/2024/02/29/quantroloxs-quantum-edge-delivers-over-100x-speed-up (1/1), chunk 21/40
[09:08:20 +5m 38s | thequantuminsider_2024_02_29_quantroloxs_quantum_edge_delivers_over_100x_speed_up] Extracting interactions: https://thequantuminsider.com/2024/02/29/quantroloxs-quantum-edge-delivers-over-100x-speed-up (1/1), chunk 22/40
[09:08:31 +5m 49s | thequantuminsider_2024_02_29_quantroloxs_quantum_edge_delivers_over_100x_speed_up] Extracting interactions: https://thequantuminsider.com/2024/02/29/quantroloxs-quantum-edge-delivers-over-100x-speed-up (1/1), chunk 23/40
[09:08:45 +6m 3s | thequantuminsider_2024_02_29_quantroloxs_quantum_edge_delivers_over_100x_speed_up] Extracting interactions: https://thequantuminsider.com/2024/02/29/quantroloxs-quantum-edge-delivers-over-100x-speed-up (1/1), chunk 24/40
[09:08:48 +6m 6s | thequantuminsider_2024_02_29_quantroloxs_quantum_edge_delivers_over_100x_speed_up] Extracting interactions: https://thequantuminsider.com/2024/02/29/quantroloxs-quantum-edge-delivers-over-100x-speed-up (1/1), chunk 25/40
[09:08:50 +6m 8s | thequantuminsider_2024_02_29_quantroloxs_quantum_edge_delivers_over_100x_speed_up] Extracting interactions: https://thequantuminsider.com/2024/02/29/quantroloxs-quantum-edge-delivers-over-100x-speed-up (1/1), chunk 27/40
[09:08:56 +6m 14s | thequantuminsider_2024_02_29_quantroloxs_quantum_edge_delivers_over_100x_speed_up] Extracting interactions: https://thequantuminsider.com/2024/02/29/quantroloxs-quantum-edge-delivers-over-100x-speed-up (1/1), chunk 28/40
[09:08:58 +6m 16s | thequantuminsider_2024_02_29_quantroloxs_quantum_edge_delivers_over_100x_speed_up] Extracting interactions: https://thequantuminsider.com/2024/02/29/quantroloxs-quantum-edge-delivers-over-100x-speed-up (1/1), chunk 29/40
[09:09:01 +6m 19s | thequantuminsider_2024_02_29_quantroloxs_quantum_edge_delivers_over_100x_speed_up] Extracting interactions: https://thequantuminsider.com/2024/02/29/quantroloxs-quantum-edge-delivers-over-100x-speed-up (1/1), chunk 30/40
[09:09:03 +6m 22s | thequantuminsider_2024_02_29_quantroloxs_quantum_edge_delivers_over_100x_speed_up] Extracting interactions: https://thequantuminsider.com/2024/02/29/quantroloxs-quantum-edge-delivers-over-100x-speed-up (1/1), chunk 31/40
[09:09:05 +6m 23s | thequantuminsider_2024_02_29_quantroloxs_quantum_edge_delivers_over_100x_speed_up] Extracting interactions: https://thequantuminsider.com/2024/02/29/quantroloxs-quantum-edge-delivers-over-100x-speed-up (1/1), chunk 32/40
[09:09:06 +6m 25s | thequantuminsider_2024_02_29_quantroloxs_quantum_edge_delivers_over_100x_speed_up] Extracting interactions: https://thequantuminsider.com/2024/02/29/quantroloxs-quantum-edge-delivers-over-100x-speed-up (1/1), chunk 33/40
[09:09:08 +6m 26s | thequantuminsider_2024_02_29_quantroloxs_quantum_edge_delivers_over_100x_speed_up] Extracting interactions: https://thequantuminsider.com/2024/02/29/quantroloxs-quantum-edge-delivers-over-100x-speed-up (1/1), chunk 34/40
[09:09:10 +6m 28s | thequantuminsider_2024_02_29_quantroloxs_quantum_edge_delivers_over_100x_speed_up] Extracting interactions: https://thequantuminsider.com/2024/02/29/quantroloxs-quantum-edge-delivers-over-100x-speed-up (1/1), chunk 36/40
[09:09:11 +6m 30s | thequantuminsider_2024_02_29_quantroloxs_quantum_edge_delivers_over_100x_speed_up] Extracting interactions: https://thequantuminsider.com/2024/02/29/quantroloxs-quantum-edge-delivers-over-100x-speed-up (1/1), chunk 37/40
[09:09:13 +6m 31s | thequantuminsider_2024_02_29_quantroloxs_quantum_edge_delivers_over_100x_speed_up] Extracting interactions: https://thequantuminsider.com/2024/02/29/quantroloxs-quantum-edge-delivers-over-100x-speed-up (1/1), chunk 38/40
[09:09:15 +6m 33s | thequantuminsider_2024_02_29_quantroloxs_quantum_edge_delivers_over_100x_speed_up] Extracting interactions: https://thequantuminsider.com/2024/02/29/quantroloxs-quantum-edge-delivers-over-100x-speed-up (1/1), chunk 39/40
[09:09:17 +6m 35s | thequantuminsider_2024_02_29_quantroloxs_quantum_edge_delivers_over_100x_speed_up] Saved 3_interaction_results.json with 17 extracted interactions.

[09:09:17 +6m 35s | thequantuminsider_2024_02_29_quantroloxs_quantum_edge_delivers_over_100x_speed_up] === 4 clean interactions ===
[09:09:17 +6m 35s | thequantuminsider_2024_02_29_quantroloxs_quantum_edge_delivers_over_100x_speed_up] Saved 4_edges.json with 0 cleaned interactions.

[09:09:17 +6m 35s | thequantuminsider_2024_02_29_quantroloxs_quantum_edge_delivers_over_100x_speed_up] === 5 helix enrichment ===
[09:09:17 +6m 35s | thequantuminsider_2024_02_29_quantroloxs_quantum_edge_delivers_over_100x_speed_up] Wrote 5_nodes.json (19 actors)
[09:09:17 +6m 35s | thequantuminsider_2024_02_29_quantroloxs_quantum_edge_delivers_over_100x_speed_up] Wrote 5_edges.json (0 interactions)
[09:09:17 +6m 35s | thequantuminsider_2024_02_29_quantroloxs_quantum_edge_delivers_over_100x_speed_up] Actor helix counts: {'Academia': 2, 'Civil Society': 2, 'Government': 3, 'Industry': 4, 'Intermediary': 1, 'Unknown': 7}
[09:09:17 +6m 35s | thequantuminsider_2024_02_29_quantroloxs_quantum_edge_delivers_over_100x_speed_up] Functional-space counts: {}

[09:09:17 +6m 35s | thequantuminsider_2024_02_29_quantroloxs_quantum_edge_delivers_over_100x_speed_up] === 6 network visualisation ===
[09:09:17 +6m 36s | thequantuminsider_2024_02_29_quantroloxs_quantum_edge_delivers_over_100x_speed_up] Wrote quantum_network.html
[09:09:17 +6m 36s | thequantuminsider_2024_02_29_quantroloxs_quantum_edge_delivers_over_100x_speed_up] Nodes: 19
[09:09:17 +6m 36s | thequantuminsider_2024_02_29_quantroloxs_quantum_edge_delivers_over_100x_speed_up] Edges: 0

[09:09:17 +6m 36s | thequantuminsider_2024_02_29_quantroloxs_quantum_edge_delivers_over_100x_speed_up] Done. Outputs written to: /home/lv/IDP/idpdeeptech/pipeline/news_outputs/thequantuminsider_2024_02_29_quantroloxs_quantum_edge_delivers_over_100x_speed_up
[09:09:17 +6m 36s | thequantuminsider_2024_02_29_quantroloxs_quantum_edge_delivers_over_100x_speed_up] Log: /home/lv/IDP/idpdeeptech/pipeline/news_outputs/thequantuminsider_2024_02_29_quantroloxs_quantum_edge_delivers_over_100x_speed_up/run.log

========================================================================
RUN FINISHED 2026-07-02 09:09:17  (OK)
Started:     2026-07-02 09:02:42
Elapsed:     6m 36s
========================================================================
