
========================================================================
RUN STARTED  2026-07-02 03:22:49
site_pipeline.py https://thequantuminsider.com/2019/12/06/french-startup-quandela-lights-up-the-qc-world/
========================================================================

[03:22:49 +0s | thequantuminsider_2019_12_06_french_startup_quandela_lights_up_the_qc_world] === 0 crawl site ===
[03:22:50 +1s | thequantuminsider_2019_12_06_french_startup_quandela_lights_up_the_qc_world] [INIT].... → Crawl4AI 0.8.6 
[03:22:52 +3s | thequantuminsider_2019_12_06_french_startup_quandela_lights_up_the_qc_world] [FETCH]... ↓ https://thequantuminsider.com/2019/12/06/french-startup-quandela-lights-up-the-qc-world/             | ✓ | ⏱: 1.52s 
[03:22:52 +3s | thequantuminsider_2019_12_06_french_startup_quandela_lights_up_the_qc_world] [SCRAPE].. ◆ https://thequantuminsider.com/2019/12/06/french-startup-quandela-lights-up-the-qc-world/             | ✓ | ⏱: 0.10s 
[03:22:52 +3s | thequantuminsider_2019_12_06_french_startup_quandela_lights_up_the_qc_world] [COMPLETE] ● https://thequantuminsider.com/2019/12/06/french-startup-quandela-lights-up-the-qc-world/             | ✓ | ⏱: 1.64s 
[03:22:52 +3s | thequantuminsider_2019_12_06_french_startup_quandela_lights_up_the_qc_world] Saved: crawl_output/e87c84f4d3_thequantuminsider.com_2019_12_06_french-startup-quandela-lights-up-the-qc-world.json

[03:22:52 +3s | thequantuminsider_2019_12_06_french_startup_quandela_lights_up_the_qc_world] === 1 actor extraction ===
[03:22:52 +3s | thequantuminsider_2019_12_06_french_startup_quandela_lights_up_the_qc_world] Reading page (1/1): https://thequantuminsider.com/2019/12/06/french-startup-quandela-lights-up-the-qc-world
[03:22:52 +3s | thequantuminsider_2019_12_06_french_startup_quandela_lights_up_the_qc_world] Extracting actors: https://thequantuminsider.com/2019/12/06/french-startup-quandela-lights-up-the-qc-world (1/1), chunk 1/36
[03:22:55 +7s | thequantuminsider_2019_12_06_french_startup_quandela_lights_up_the_qc_world] Extracting actors: https://thequantuminsider.com/2019/12/06/french-startup-quandela-lights-up-the-qc-world (1/1), chunk 2/36
[03:23:02 +10s | thequantuminsider_2019_12_06_french_startup_quandela_lights_up_the_qc_world] Extracting actors: https://thequantuminsider.com/2019/12/06/french-startup-quandela-lights-up-the-qc-world (1/1), chunk 3/36
[03:23:06 +14s | thequantuminsider_2019_12_06_french_startup_quandela_lights_up_the_qc_world] Extracting actors: https://thequantuminsider.com/2019/12/06/french-startup-quandela-lights-up-the-qc-world (1/1), chunk 4/36
[03:23:11 +19s | thequantuminsider_2019_12_06_french_startup_quandela_lights_up_the_qc_world] Extracting actors: https://thequantuminsider.com/2019/12/06/french-startup-quandela-lights-up-the-qc-world (1/1), chunk 5/36
[03:23:14 +22s | thequantuminsider_2019_12_06_french_startup_quandela_lights_up_the_qc_world] Extracting actors: https://thequantuminsider.com/2019/12/06/french-startup-quandela-lights-up-the-qc-world (1/1), chunk 6/36
[03:23:20 +28s | thequantuminsider_2019_12_06_french_startup_quandela_lights_up_the_qc_world] Repaired malformed JSON.
[03:23:20 +28s | thequantuminsider_2019_12_06_french_startup_quandela_lights_up_the_qc_world] Extracting actors: https://thequantuminsider.com/2019/12/06/french-startup-quandela-lights-up-the-qc-world (1/1), chunk 7/36
[03:23:26 +34s | thequantuminsider_2019_12_06_french_startup_quandela_lights_up_the_qc_world] Extracting actors: https://thequantuminsider.com/2019/12/06/french-startup-quandela-lights-up-the-qc-world (1/1), chunk 8/36
[03:23:30 +38s | thequantuminsider_2019_12_06_french_startup_quandela_lights_up_the_qc_world] Extracting actors: https://thequantuminsider.com/2019/12/06/french-startup-quandela-lights-up-the-qc-world (1/1), chunk 9/36
[03:23:37 +42s | thequantuminsider_2019_12_06_french_startup_quandela_lights_up_the_qc_world] Extracting actors: https://thequantuminsider.com/2019/12/06/french-startup-quandela-lights-up-the-qc-world (1/1), chunk 10/36
[03:23:41 +46s | thequantuminsider_2019_12_06_french_startup_quandela_lights_up_the_qc_world] Extracting actors: https://thequantuminsider.com/2019/12/06/french-startup-quandela-lights-up-the-qc-world (1/1), chunk 11/36
[03:23:49 +54s | thequantuminsider_2019_12_06_french_startup_quandela_lights_up_the_qc_world] Repaired malformed JSON.
[03:23:49 +54s | thequantuminsider_2019_12_06_french_startup_quandela_lights_up_the_qc_world] Extracting actors: https://thequantuminsider.com/2019/12/06/french-startup-quandela-lights-up-the-qc-world (1/1), chunk 12/36
[03:23:55 +1m 1s | thequantuminsider_2019_12_06_french_startup_quandela_lights_up_the_qc_world] Repaired malformed JSON.
[03:23:55 +1m 1s | thequantuminsider_2019_12_06_french_startup_quandela_lights_up_the_qc_world] Extracting actors: https://thequantuminsider.com/2019/12/06/french-startup-quandela-lights-up-the-qc-world (1/1), chunk 13/36
[03:24:02 +1m 7s | thequantuminsider_2019_12_06_french_startup_quandela_lights_up_the_qc_world] Repaired malformed JSON.
[03:24:02 +1m 7s | thequantuminsider_2019_12_06_french_startup_quandela_lights_up_the_qc_world] Extracting actors: https://thequantuminsider.com/2019/12/06/french-startup-quandela-lights-up-the-qc-world (1/1), chunk 14/36
[03:24:10 +1m 12s | thequantuminsider_2019_12_06_french_startup_quandela_lights_up_the_qc_world] Repaired malformed JSON.
[03:24:10 +1m 12s | thequantuminsider_2019_12_06_french_startup_quandela_lights_up_the_qc_world] Extracting actors: https://thequantuminsider.com/2019/12/06/french-startup-quandela-lights-up-the-qc-world (1/1), chunk 15/36
[03:24:17 +1m 19s | thequantuminsider_2019_12_06_french_startup_quandela_lights_up_the_qc_world] Repaired malformed JSON.
[03:24:17 +1m 19s | thequantuminsider_2019_12_06_french_startup_quandela_lights_up_the_qc_world] Extracting actors: https://thequantuminsider.com/2019/12/06/french-startup-quandela-lights-up-the-qc-world (1/1), chunk 16/36
[03:24:23 +1m 25s | thequantuminsider_2019_12_06_french_startup_quandela_lights_up_the_qc_world] Repaired malformed JSON.
[03:24:23 +1m 25s | thequantuminsider_2019_12_06_french_startup_quandela_lights_up_the_qc_world] Extracting actors: https://thequantuminsider.com/2019/12/06/french-startup-quandela-lights-up-the-qc-world (1/1), chunk 17/36
[03:24:29 +1m 32s | thequantuminsider_2019_12_06_french_startup_quandela_lights_up_the_qc_world] Repaired malformed JSON.
[03:24:29 +1m 32s | thequantuminsider_2019_12_06_french_startup_quandela_lights_up_the_qc_world] Extracting actors: https://thequantuminsider.com/2019/12/06/french-startup-quandela-lights-up-the-qc-world (1/1), chunk 18/36
[03:24:35 +1m 37s | thequantuminsider_2019_12_06_french_startup_quandela_lights_up_the_qc_world] Repaired malformed JSON.
[03:24:35 +1m 37s | thequantuminsider_2019_12_06_french_startup_quandela_lights_up_the_qc_world] Extracting actors: https://thequantuminsider.com/2019/12/06/french-startup-quandela-lights-up-the-qc-world (1/1), chunk 19/36
[03:24:42 +1m 44s | thequantuminsider_2019_12_06_french_startup_quandela_lights_up_the_qc_world] Repaired malformed JSON.
[03:24:42 +1m 44s | thequantuminsider_2019_12_06_french_startup_quandela_lights_up_the_qc_world] Extracting actors: https://thequantuminsider.com/2019/12/06/french-startup-quandela-lights-up-the-qc-world (1/1), chunk 20/36
[03:24:50 +1m 49s | thequantuminsider_2019_12_06_french_startup_quandela_lights_up_the_qc_world] Repaired malformed JSON.
[03:24:50 +1m 49s | thequantuminsider_2019_12_06_french_startup_quandela_lights_up_the_qc_world] Extracting actors: https://thequantuminsider.com/2019/12/06/french-startup-quandela-lights-up-the-qc-world (1/1), chunk 21/36
[03:24:56 +1m 56s | thequantuminsider_2019_12_06_french_startup_quandela_lights_up_the_qc_world] Repaired malformed JSON.
[03:24:56 +1m 56s | thequantuminsider_2019_12_06_french_startup_quandela_lights_up_the_qc_world] Extracting actors: https://thequantuminsider.com/2019/12/06/french-startup-quandela-lights-up-the-qc-world (1/1), chunk 22/36
[03:25:02 +2m 2s | thequantuminsider_2019_12_06_french_startup_quandela_lights_up_the_qc_world] Repaired malformed JSON.
[03:25:02 +2m 2s | thequantuminsider_2019_12_06_french_startup_quandela_lights_up_the_qc_world] Extracting actors: https://thequantuminsider.com/2019/12/06/french-startup-quandela-lights-up-the-qc-world (1/1), chunk 23/36
[03:25:12 +2m 11s | thequantuminsider_2019_12_06_french_startup_quandela_lights_up_the_qc_world] Repaired malformed JSON.
[03:25:12 +2m 11s | thequantuminsider_2019_12_06_french_startup_quandela_lights_up_the_qc_world] Extracting actors: https://thequantuminsider.com/2019/12/06/french-startup-quandela-lights-up-the-qc-world (1/1), chunk 24/36
[03:25:21 +2m 18s | thequantuminsider_2019_12_06_french_startup_quandela_lights_up_the_qc_world] Extracting actors: https://thequantuminsider.com/2019/12/06/french-startup-quandela-lights-up-the-qc-world (1/1), chunk 25/36
[03:25:27 +2m 24s | thequantuminsider_2019_12_06_french_startup_quandela_lights_up_the_qc_world] Repaired malformed JSON.
[03:25:27 +2m 24s | thequantuminsider_2019_12_06_french_startup_quandela_lights_up_the_qc_world] Extracting actors: https://thequantuminsider.com/2019/12/06/french-startup-quandela-lights-up-the-qc-world (1/1), chunk 26/36
[03:25:29 +2m 25s | thequantuminsider_2019_12_06_french_startup_quandela_lights_up_the_qc_world] Extracting actors: https://thequantuminsider.com/2019/12/06/french-startup-quandela-lights-up-the-qc-world (1/1), chunk 27/36
[03:25:37 +2m 33s | thequantuminsider_2019_12_06_french_startup_quandela_lights_up_the_qc_world] Repaired malformed JSON.
[03:25:37 +2m 33s | thequantuminsider_2019_12_06_french_startup_quandela_lights_up_the_qc_world] Extracting actors: https://thequantuminsider.com/2019/12/06/french-startup-quandela-lights-up-the-qc-world (1/1), chunk 28/36
[03:25:39 +2m 35s | thequantuminsider_2019_12_06_french_startup_quandela_lights_up_the_qc_world] Extracting actors: https://thequantuminsider.com/2019/12/06/french-startup-quandela-lights-up-the-qc-world (1/1), chunk 29/36
[03:25:46 +2m 42s | thequantuminsider_2019_12_06_french_startup_quandela_lights_up_the_qc_world] Repaired malformed JSON.
[03:25:46 +2m 42s | thequantuminsider_2019_12_06_french_startup_quandela_lights_up_the_qc_world] Extracting actors: https://thequantuminsider.com/2019/12/06/french-startup-quandela-lights-up-the-qc-world (1/1), chunk 30/36
[03:25:52 +2m 48s | thequantuminsider_2019_12_06_french_startup_quandela_lights_up_the_qc_world] Repaired malformed JSON.
[03:25:52 +2m 48s | thequantuminsider_2019_12_06_french_startup_quandela_lights_up_the_qc_world] Extracting actors: https://thequantuminsider.com/2019/12/06/french-startup-quandela-lights-up-the-qc-world (1/1), chunk 31/36
[03:26:01 +2m 54s | thequantuminsider_2019_12_06_french_startup_quandela_lights_up_the_qc_world] Repaired malformed JSON.
[03:26:01 +2m 54s | thequantuminsider_2019_12_06_french_startup_quandela_lights_up_the_qc_world] Extracting actors: https://thequantuminsider.com/2019/12/06/french-startup-quandela-lights-up-the-qc-world (1/1), chunk 32/36
[03:26:06 +2m 59s | thequantuminsider_2019_12_06_french_startup_quandela_lights_up_the_qc_world] Repaired malformed JSON.
[03:26:06 +2m 59s | thequantuminsider_2019_12_06_french_startup_quandela_lights_up_the_qc_world] Extracting actors: https://thequantuminsider.com/2019/12/06/french-startup-quandela-lights-up-the-qc-world (1/1), chunk 33/36
[03:26:09 +3m 3s | thequantuminsider_2019_12_06_french_startup_quandela_lights_up_the_qc_world] Extracting actors: https://thequantuminsider.com/2019/12/06/french-startup-quandela-lights-up-the-qc-world (1/1), chunk 34/36
[03:26:15 +3m 9s | thequantuminsider_2019_12_06_french_startup_quandela_lights_up_the_qc_world] Repaired malformed JSON.
[03:26:15 +3m 9s | thequantuminsider_2019_12_06_french_startup_quandela_lights_up_the_qc_world] Extracting actors: https://thequantuminsider.com/2019/12/06/french-startup-quandela-lights-up-the-qc-world (1/1), chunk 35/36
[03:26:23 +3m 16s | thequantuminsider_2019_12_06_french_startup_quandela_lights_up_the_qc_world] Repaired malformed JSON.
[03:26:23 +3m 16s | thequantuminsider_2019_12_06_french_startup_quandela_lights_up_the_qc_world] Extracting actors: https://thequantuminsider.com/2019/12/06/french-startup-quandela-lights-up-the-qc-world (1/1), chunk 36/36
[03:26:34 +3m 24s | thequantuminsider_2019_12_06_french_startup_quandela_lights_up_the_qc_world] Repaired malformed JSON.
[03:26:34 +3m 24s | thequantuminsider_2019_12_06_french_startup_quandela_lights_up_the_qc_world] Saved 1_actor_results.json with 58 extracted records

[03:26:34 +3m 24s | thequantuminsider_2019_12_06_french_startup_quandela_lights_up_the_qc_world] === 2 clean actors ===
[03:26:34 +3m 25s | thequantuminsider_2019_12_06_french_startup_quandela_lights_up_the_qc_world] Loaded 58 extracted records
[03:26:34 +3m 25s | thequantuminsider_2019_12_06_french_startup_quandela_lights_up_the_qc_world] Saved 2_actor_nodes.json with 19 canonical actor nodes

[03:26:34 +3m 25s | thequantuminsider_2019_12_06_french_startup_quandela_lights_up_the_qc_world] === 3 interaction extraction ===
[03:26:34 +3m 25s | thequantuminsider_2019_12_06_french_startup_quandela_lights_up_the_qc_world] Extracting interactions: https://thequantuminsider.com/2019/12/06/french-startup-quandela-lights-up-the-qc-world (1/1), chunk 11/36
[03:26:38 +3m 29s | thequantuminsider_2019_12_06_french_startup_quandela_lights_up_the_qc_world] Extracting interactions: https://thequantuminsider.com/2019/12/06/french-startup-quandela-lights-up-the-qc-world (1/1), chunk 12/36
[03:26:45 +3m 36s | thequantuminsider_2019_12_06_french_startup_quandela_lights_up_the_qc_world] Extracting interactions: https://thequantuminsider.com/2019/12/06/french-startup-quandela-lights-up-the-qc-world (1/1), chunk 13/36
[03:26:55 +3m 46s | thequantuminsider_2019_12_06_french_startup_quandela_lights_up_the_qc_world] Extracting interactions: https://thequantuminsider.com/2019/12/06/french-startup-quandela-lights-up-the-qc-world (1/1), chunk 14/36
[03:27:20 +4m 7s | thequantuminsider_2019_12_06_french_startup_quandela_lights_up_the_qc_world] Extracting interactions: https://thequantuminsider.com/2019/12/06/french-startup-quandela-lights-up-the-qc-world (1/1), chunk 15/36
[03:27:28 +4m 16s | thequantuminsider_2019_12_06_french_startup_quandela_lights_up_the_qc_world] Extracting interactions: https://thequantuminsider.com/2019/12/06/french-startup-quandela-lights-up-the-qc-world (1/1), chunk 16/36
[03:27:30 +4m 17s | thequantuminsider_2019_12_06_french_startup_quandela_lights_up_the_qc_world] Extracting interactions: https://thequantuminsider.com/2019/12/06/french-startup-quandela-lights-up-the-qc-world (1/1), chunk 17/36
[03:27:42 +4m 27s | thequantuminsider_2019_12_06_french_startup_quandela_lights_up_the_qc_world] Extracting interactions: https://thequantuminsider.com/2019/12/06/french-startup-quandela-lights-up-the-qc-world (1/1), chunk 18/36
[03:27:49 +4m 34s | thequantuminsider_2019_12_06_french_startup_quandela_lights_up_the_qc_world] Extracting interactions: https://thequantuminsider.com/2019/12/06/french-startup-quandela-lights-up-the-qc-world (1/1), chunk 19/36
[03:27:56 +4m 41s | thequantuminsider_2019_12_06_french_startup_quandela_lights_up_the_qc_world] Extracting interactions: https://thequantuminsider.com/2019/12/06/french-startup-quandela-lights-up-the-qc-world (1/1), chunk 20/36
[03:28:02 +4m 46s | thequantuminsider_2019_12_06_french_startup_quandela_lights_up_the_qc_world] Extracting interactions: https://thequantuminsider.com/2019/12/06/french-startup-quandela-lights-up-the-qc-world (1/1), chunk 21/36
[03:28:07 +4m 52s | thequantuminsider_2019_12_06_french_startup_quandela_lights_up_the_qc_world] Extracting interactions: https://thequantuminsider.com/2019/12/06/french-startup-quandela-lights-up-the-qc-world (1/1), chunk 22/36
[03:28:19 +5m 0s | thequantuminsider_2019_12_06_french_startup_quandela_lights_up_the_qc_world] Extracting interactions: https://thequantuminsider.com/2019/12/06/french-startup-quandela-lights-up-the-qc-world (1/1), chunk 26/36
[03:28:20 +5m 2s | thequantuminsider_2019_12_06_french_startup_quandela_lights_up_the_qc_world] Extracting interactions: https://thequantuminsider.com/2019/12/06/french-startup-quandela-lights-up-the-qc-world (1/1), chunk 27/36
[03:28:21 +5m 3s | thequantuminsider_2019_12_06_french_startup_quandela_lights_up_the_qc_world] Extracting interactions: https://thequantuminsider.com/2019/12/06/french-startup-quandela-lights-up-the-qc-world (1/1), chunk 29/36
[03:28:23 +5m 4s | thequantuminsider_2019_12_06_french_startup_quandela_lights_up_the_qc_world] Extracting interactions: https://thequantuminsider.com/2019/12/06/french-startup-quandela-lights-up-the-qc-world (1/1), chunk 30/36
[03:28:24 +5m 6s | thequantuminsider_2019_12_06_french_startup_quandela_lights_up_the_qc_world] Extracting interactions: https://thequantuminsider.com/2019/12/06/french-startup-quandela-lights-up-the-qc-world (1/1), chunk 31/36
[03:28:25 +5m 7s | thequantuminsider_2019_12_06_french_startup_quandela_lights_up_the_qc_world] Extracting interactions: https://thequantuminsider.com/2019/12/06/french-startup-quandela-lights-up-the-qc-world (1/1), chunk 32/36
[03:28:27 +5m 9s | thequantuminsider_2019_12_06_french_startup_quandela_lights_up_the_qc_world] Extracting interactions: https://thequantuminsider.com/2019/12/06/french-startup-quandela-lights-up-the-qc-world (1/1), chunk 34/36
[03:28:29 +5m 11s | thequantuminsider_2019_12_06_french_startup_quandela_lights_up_the_qc_world] Extracting interactions: https://thequantuminsider.com/2019/12/06/french-startup-quandela-lights-up-the-qc-world (1/1), chunk 35/36
[03:28:38 +5m 20s | thequantuminsider_2019_12_06_french_startup_quandela_lights_up_the_qc_world] Saved 3_interaction_results.json with 22 extracted interactions.

[03:28:38 +5m 20s | thequantuminsider_2019_12_06_french_startup_quandela_lights_up_the_qc_world] === 4 clean interactions ===
[03:28:38 +5m 20s | thequantuminsider_2019_12_06_french_startup_quandela_lights_up_the_qc_world] Saved 4_edges.json with 2 cleaned interactions.

[03:28:38 +5m 20s | thequantuminsider_2019_12_06_french_startup_quandela_lights_up_the_qc_world] === 5 helix enrichment ===
[03:28:38 +5m 20s | thequantuminsider_2019_12_06_french_startup_quandela_lights_up_the_qc_world] Wrote 5_nodes.json (19 actors)
[03:28:38 +5m 20s | thequantuminsider_2019_12_06_french_startup_quandela_lights_up_the_qc_world] Wrote 5_edges.json (2 interactions)
[03:28:38 +5m 20s | thequantuminsider_2019_12_06_french_startup_quandela_lights_up_the_qc_world] Actor helix counts: {'Civil Society': 2, 'Government': 3, 'Industry': 4, 'Intermediary': 1, 'Unknown': 9}
[03:28:38 +5m 20s | thequantuminsider_2019_12_06_french_startup_quandela_lights_up_the_qc_world] Functional-space counts: {'Unknown': 2}

[03:28:38 +5m 20s | thequantuminsider_2019_12_06_french_startup_quandela_lights_up_the_qc_world] === 6 network visualisation ===
[03:28:38 +5m 20s | thequantuminsider_2019_12_06_french_startup_quandela_lights_up_the_qc_world] Wrote quantum_network.html
[03:28:38 +5m 20s | thequantuminsider_2019_12_06_french_startup_quandela_lights_up_the_qc_world] Nodes: 19
[03:28:38 +5m 20s | thequantuminsider_2019_12_06_french_startup_quandela_lights_up_the_qc_world] Edges: 1

[03:28:38 +5m 20s | thequantuminsider_2019_12_06_french_startup_quandela_lights_up_the_qc_world] Done. Outputs written to: /home/lv/IDP/idpdeeptech/pipeline/news_outputs/thequantuminsider_2019_12_06_french_startup_quandela_lights_up_the_qc_world
[03:28:38 +5m 20s | thequantuminsider_2019_12_06_french_startup_quandela_lights_up_the_qc_world] Log: /home/lv/IDP/idpdeeptech/pipeline/news_outputs/thequantuminsider_2019_12_06_french_startup_quandela_lights_up_the_qc_world/run.log

========================================================================
RUN FINISHED 2026-07-02 03:28:38  (OK)
Started:     2026-07-02 03:22:49
Elapsed:     5m 20s
========================================================================
