
========================================================================
RUN STARTED  2026-07-01 23:59:13
site_pipeline.py https://thequantuminsider.com/2019/11/24/quantum-programming-101-d-waves-systems-programming-tutorial/
========================================================================

[23:59:13 +0s | thequantuminsider_2019_11_24_quantum_programming_101_d_waves_systems_programming_tutorial] === 0 crawl site ===
[23:59:14 +2s | thequantuminsider_2019_11_24_quantum_programming_101_d_waves_systems_programming_tutorial] [INIT].... → Crawl4AI 0.8.6 
[23:59:20 +4s | thequantuminsider_2019_11_24_quantum_programming_101_d_waves_systems_programming_tutorial] [FETCH]... ↓ https://thequantuminsider.com/2019/11/24/quantum...amming-101-d-waves-systems-programming-tutorial/  | ✓ | ⏱: 2.37s 
[23:59:20 +4s | thequantuminsider_2019_11_24_quantum_programming_101_d_waves_systems_programming_tutorial] [SCRAPE].. ◆ https://thequantuminsider.com/2019/11/24/quantum...amming-101-d-waves-systems-programming-tutorial/  | ✓ | ⏱: 0.10s 
[23:59:20 +4s | thequantuminsider_2019_11_24_quantum_programming_101_d_waves_systems_programming_tutorial] [COMPLETE] ● https://thequantuminsider.com/2019/11/24/quantum...amming-101-d-waves-systems-programming-tutorial/  | ✓ | ⏱: 2.48s 
[23:59:20 +4s | thequantuminsider_2019_11_24_quantum_programming_101_d_waves_systems_programming_tutorial] Saved: crawl_output/1934b75198_thequantuminsider.com_2019_11_24_quantum-programming-101-d-waves-systems-programming-tutorial.json

[23:59:20 +4s | thequantuminsider_2019_11_24_quantum_programming_101_d_waves_systems_programming_tutorial] === 1 actor extraction ===
[23:59:20 +5s | thequantuminsider_2019_11_24_quantum_programming_101_d_waves_systems_programming_tutorial] Reading page (1/1): https://thequantuminsider.com/2019/11/24/quantum-programming-101-d-waves-systems-programming-tutorial
[23:59:20 +5s | thequantuminsider_2019_11_24_quantum_programming_101_d_waves_systems_programming_tutorial] Extracting actors: https://thequantuminsider.com/2019/11/24/quantum-programming-101-d-waves-systems-programming-tutorial (1/1), chunk 1/34
[23:59:25 +10s | thequantuminsider_2019_11_24_quantum_programming_101_d_waves_systems_programming_tutorial] Extracting actors: https://thequantuminsider.com/2019/11/24/quantum-programming-101-d-waves-systems-programming-tutorial (1/1), chunk 2/34
[23:59:29 +14s | thequantuminsider_2019_11_24_quantum_programming_101_d_waves_systems_programming_tutorial] Extracting actors: https://thequantuminsider.com/2019/11/24/quantum-programming-101-d-waves-systems-programming-tutorial (1/1), chunk 3/34
[23:59:34 +18s | thequantuminsider_2019_11_24_quantum_programming_101_d_waves_systems_programming_tutorial] Extracting actors: https://thequantuminsider.com/2019/11/24/quantum-programming-101-d-waves-systems-programming-tutorial (1/1), chunk 4/34
[23:59:38 +22s | thequantuminsider_2019_11_24_quantum_programming_101_d_waves_systems_programming_tutorial] Extracting actors: https://thequantuminsider.com/2019/11/24/quantum-programming-101-d-waves-systems-programming-tutorial (1/1), chunk 5/34
[23:59:43 +27s | thequantuminsider_2019_11_24_quantum_programming_101_d_waves_systems_programming_tutorial] Extracting actors: https://thequantuminsider.com/2019/11/24/quantum-programming-101-d-waves-systems-programming-tutorial (1/1), chunk 6/34
[23:59:49 +33s | thequantuminsider_2019_11_24_quantum_programming_101_d_waves_systems_programming_tutorial] Repaired malformed JSON.
[23:59:49 +33s | thequantuminsider_2019_11_24_quantum_programming_101_d_waves_systems_programming_tutorial] Extracting actors: https://thequantuminsider.com/2019/11/24/quantum-programming-101-d-waves-systems-programming-tutorial (1/1), chunk 7/34
[23:59:57 +38s | thequantuminsider_2019_11_24_quantum_programming_101_d_waves_systems_programming_tutorial] Extracting actors: https://thequantuminsider.com/2019/11/24/quantum-programming-101-d-waves-systems-programming-tutorial (1/1), chunk 8/34
[00:00:01 +43s | thequantuminsider_2019_11_24_quantum_programming_101_d_waves_systems_programming_tutorial] Extracting actors: https://thequantuminsider.com/2019/11/24/quantum-programming-101-d-waves-systems-programming-tutorial (1/1), chunk 9/34
[00:00:08 +50s | thequantuminsider_2019_11_24_quantum_programming_101_d_waves_systems_programming_tutorial] Extracting actors: https://thequantuminsider.com/2019/11/24/quantum-programming-101-d-waves-systems-programming-tutorial (1/1), chunk 10/34
[00:00:12 +54s | thequantuminsider_2019_11_24_quantum_programming_101_d_waves_systems_programming_tutorial] Extracting actors: https://thequantuminsider.com/2019/11/24/quantum-programming-101-d-waves-systems-programming-tutorial (1/1), chunk 11/34
[00:00:18 +1m 0s | thequantuminsider_2019_11_24_quantum_programming_101_d_waves_systems_programming_tutorial] Repaired malformed JSON.
[00:00:18 +1m 0s | thequantuminsider_2019_11_24_quantum_programming_101_d_waves_systems_programming_tutorial] Extracting actors: https://thequantuminsider.com/2019/11/24/quantum-programming-101-d-waves-systems-programming-tutorial (1/1), chunk 12/34
[00:00:29 +1m 8s | thequantuminsider_2019_11_24_quantum_programming_101_d_waves_systems_programming_tutorial] Repaired malformed JSON.
[00:00:29 +1m 8s | thequantuminsider_2019_11_24_quantum_programming_101_d_waves_systems_programming_tutorial] Extracting actors: https://thequantuminsider.com/2019/11/24/quantum-programming-101-d-waves-systems-programming-tutorial (1/1), chunk 13/34
[00:00:38 +1m 17s | thequantuminsider_2019_11_24_quantum_programming_101_d_waves_systems_programming_tutorial] Repaired malformed JSON.
[00:00:38 +1m 17s | thequantuminsider_2019_11_24_quantum_programming_101_d_waves_systems_programming_tutorial] Extracting actors: https://thequantuminsider.com/2019/11/24/quantum-programming-101-d-waves-systems-programming-tutorial (1/1), chunk 14/34
[00:00:46 +1m 24s | thequantuminsider_2019_11_24_quantum_programming_101_d_waves_systems_programming_tutorial] Repaired malformed JSON.
[00:00:46 +1m 24s | thequantuminsider_2019_11_24_quantum_programming_101_d_waves_systems_programming_tutorial] Extracting actors: https://thequantuminsider.com/2019/11/24/quantum-programming-101-d-waves-systems-programming-tutorial (1/1), chunk 15/34
[00:00:47 +1m 26s | thequantuminsider_2019_11_24_quantum_programming_101_d_waves_systems_programming_tutorial] Extracting actors: https://thequantuminsider.com/2019/11/24/quantum-programming-101-d-waves-systems-programming-tutorial (1/1), chunk 16/34
[00:00:53 +1m 31s | thequantuminsider_2019_11_24_quantum_programming_101_d_waves_systems_programming_tutorial] Extracting actors: https://thequantuminsider.com/2019/11/24/quantum-programming-101-d-waves-systems-programming-tutorial (1/1), chunk 17/34
[00:01:01 +1m 39s | thequantuminsider_2019_11_24_quantum_programming_101_d_waves_systems_programming_tutorial] Repaired malformed JSON.
[00:01:01 +1m 39s | thequantuminsider_2019_11_24_quantum_programming_101_d_waves_systems_programming_tutorial] Extracting actors: https://thequantuminsider.com/2019/11/24/quantum-programming-101-d-waves-systems-programming-tutorial (1/1), chunk 18/34
[00:01:11 +1m 46s | thequantuminsider_2019_11_24_quantum_programming_101_d_waves_systems_programming_tutorial] Repaired malformed JSON.
[00:01:11 +1m 46s | thequantuminsider_2019_11_24_quantum_programming_101_d_waves_systems_programming_tutorial] Extracting actors: https://thequantuminsider.com/2019/11/24/quantum-programming-101-d-waves-systems-programming-tutorial (1/1), chunk 19/34
[00:01:17 +1m 53s | thequantuminsider_2019_11_24_quantum_programming_101_d_waves_systems_programming_tutorial] Repaired malformed JSON.
[00:01:17 +1m 53s | thequantuminsider_2019_11_24_quantum_programming_101_d_waves_systems_programming_tutorial] Extracting actors: https://thequantuminsider.com/2019/11/24/quantum-programming-101-d-waves-systems-programming-tutorial (1/1), chunk 20/34
[00:01:24 +1m 59s | thequantuminsider_2019_11_24_quantum_programming_101_d_waves_systems_programming_tutorial] Repaired malformed JSON.
[00:01:24 +1m 59s | thequantuminsider_2019_11_24_quantum_programming_101_d_waves_systems_programming_tutorial] Extracting actors: https://thequantuminsider.com/2019/11/24/quantum-programming-101-d-waves-systems-programming-tutorial (1/1), chunk 21/34
[00:01:30 +2m 5s | thequantuminsider_2019_11_24_quantum_programming_101_d_waves_systems_programming_tutorial] Repaired malformed JSON.
[00:01:30 +2m 5s | thequantuminsider_2019_11_24_quantum_programming_101_d_waves_systems_programming_tutorial] Extracting actors: https://thequantuminsider.com/2019/11/24/quantum-programming-101-d-waves-systems-programming-tutorial (1/1), chunk 22/34
[00:01:36 +2m 11s | thequantuminsider_2019_11_24_quantum_programming_101_d_waves_systems_programming_tutorial] Repaired malformed JSON.
[00:01:36 +2m 11s | thequantuminsider_2019_11_24_quantum_programming_101_d_waves_systems_programming_tutorial] Extracting actors: https://thequantuminsider.com/2019/11/24/quantum-programming-101-d-waves-systems-programming-tutorial (1/1), chunk 23/34
[00:01:45 +2m 18s | thequantuminsider_2019_11_24_quantum_programming_101_d_waves_systems_programming_tutorial] Repaired malformed JSON.
[00:01:45 +2m 18s | thequantuminsider_2019_11_24_quantum_programming_101_d_waves_systems_programming_tutorial] Extracting actors: https://thequantuminsider.com/2019/11/24/quantum-programming-101-d-waves-systems-programming-tutorial (1/1), chunk 24/34
[00:01:53 +2m 26s | thequantuminsider_2019_11_24_quantum_programming_101_d_waves_systems_programming_tutorial] Repaired malformed JSON.
[00:01:53 +2m 26s | thequantuminsider_2019_11_24_quantum_programming_101_d_waves_systems_programming_tutorial] Extracting actors: https://thequantuminsider.com/2019/11/24/quantum-programming-101-d-waves-systems-programming-tutorial (1/1), chunk 25/34
[00:01:59 +2m 32s | thequantuminsider_2019_11_24_quantum_programming_101_d_waves_systems_programming_tutorial] Repaired malformed JSON.
[00:01:59 +2m 32s | thequantuminsider_2019_11_24_quantum_programming_101_d_waves_systems_programming_tutorial] Extracting actors: https://thequantuminsider.com/2019/11/24/quantum-programming-101-d-waves-systems-programming-tutorial (1/1), chunk 26/34
[00:02:06 +2m 38s | thequantuminsider_2019_11_24_quantum_programming_101_d_waves_systems_programming_tutorial] Repaired malformed JSON.
[00:02:06 +2m 38s | thequantuminsider_2019_11_24_quantum_programming_101_d_waves_systems_programming_tutorial] Extracting actors: https://thequantuminsider.com/2019/11/24/quantum-programming-101-d-waves-systems-programming-tutorial (1/1), chunk 27/34
[00:02:15 +2m 45s | thequantuminsider_2019_11_24_quantum_programming_101_d_waves_systems_programming_tutorial] Extracting actors: https://thequantuminsider.com/2019/11/24/quantum-programming-101-d-waves-systems-programming-tutorial (1/1), chunk 28/34
[00:02:21 +2m 50s | thequantuminsider_2019_11_24_quantum_programming_101_d_waves_systems_programming_tutorial] Repaired malformed JSON.
[00:02:21 +2m 50s | thequantuminsider_2019_11_24_quantum_programming_101_d_waves_systems_programming_tutorial] Extracting actors: https://thequantuminsider.com/2019/11/24/quantum-programming-101-d-waves-systems-programming-tutorial (1/1), chunk 29/34
[00:02:25 +2m 55s | thequantuminsider_2019_11_24_quantum_programming_101_d_waves_systems_programming_tutorial] Extracting actors: https://thequantuminsider.com/2019/11/24/quantum-programming-101-d-waves-systems-programming-tutorial (1/1), chunk 30/34
[00:02:27 +2m 57s | thequantuminsider_2019_11_24_quantum_programming_101_d_waves_systems_programming_tutorial] Extracting actors: https://thequantuminsider.com/2019/11/24/quantum-programming-101-d-waves-systems-programming-tutorial (1/1), chunk 31/34
[00:02:33 +3m 2s | thequantuminsider_2019_11_24_quantum_programming_101_d_waves_systems_programming_tutorial] Repaired malformed JSON.
[00:02:33 +3m 2s | thequantuminsider_2019_11_24_quantum_programming_101_d_waves_systems_programming_tutorial] Extracting actors: https://thequantuminsider.com/2019/11/24/quantum-programming-101-d-waves-systems-programming-tutorial (1/1), chunk 32/34
[00:02:41 +3m 11s | thequantuminsider_2019_11_24_quantum_programming_101_d_waves_systems_programming_tutorial] Repaired malformed JSON.
[00:02:41 +3m 11s | thequantuminsider_2019_11_24_quantum_programming_101_d_waves_systems_programming_tutorial] Extracting actors: https://thequantuminsider.com/2019/11/24/quantum-programming-101-d-waves-systems-programming-tutorial (1/1), chunk 33/34
[00:02:50 +3m 17s | thequantuminsider_2019_11_24_quantum_programming_101_d_waves_systems_programming_tutorial] Repaired malformed JSON.
[00:02:50 +3m 17s | thequantuminsider_2019_11_24_quantum_programming_101_d_waves_systems_programming_tutorial] Extracting actors: https://thequantuminsider.com/2019/11/24/quantum-programming-101-d-waves-systems-programming-tutorial (1/1), chunk 34/34
[00:02:54 +3m 21s | thequantuminsider_2019_11_24_quantum_programming_101_d_waves_systems_programming_tutorial] Saved 1_actor_results.json with 48 extracted records

[00:02:54 +3m 21s | thequantuminsider_2019_11_24_quantum_programming_101_d_waves_systems_programming_tutorial] === 2 clean actors ===
[00:02:54 +3m 21s | thequantuminsider_2019_11_24_quantum_programming_101_d_waves_systems_programming_tutorial] Loaded 48 extracted records
[00:02:54 +3m 21s | thequantuminsider_2019_11_24_quantum_programming_101_d_waves_systems_programming_tutorial] Saved 2_actor_nodes.json with 18 canonical actor nodes

[00:02:54 +3m 21s | thequantuminsider_2019_11_24_quantum_programming_101_d_waves_systems_programming_tutorial] === 3 interaction extraction ===
[00:02:54 +3m 21s | thequantuminsider_2019_11_24_quantum_programming_101_d_waves_systems_programming_tutorial] Extracting interactions: https://thequantuminsider.com/2019/11/24/quantum-programming-101-d-waves-systems-programming-tutorial (1/1), chunk 11/34
[00:02:59 +3m 26s | thequantuminsider_2019_11_24_quantum_programming_101_d_waves_systems_programming_tutorial] Extracting interactions: https://thequantuminsider.com/2019/11/24/quantum-programming-101-d-waves-systems-programming-tutorial (1/1), chunk 12/34
[00:03:02 +3m 29s | thequantuminsider_2019_11_24_quantum_programming_101_d_waves_systems_programming_tutorial] Extracting interactions: https://thequantuminsider.com/2019/11/24/quantum-programming-101-d-waves-systems-programming-tutorial (1/1), chunk 13/34
[00:03:12 +3m 38s | thequantuminsider_2019_11_24_quantum_programming_101_d_waves_systems_programming_tutorial] Extracting interactions: https://thequantuminsider.com/2019/11/24/quantum-programming-101-d-waves-systems-programming-tutorial (1/1), chunk 14/34
[00:03:17 +3m 44s | thequantuminsider_2019_11_24_quantum_programming_101_d_waves_systems_programming_tutorial] Extracting interactions: https://thequantuminsider.com/2019/11/24/quantum-programming-101-d-waves-systems-programming-tutorial (1/1), chunk 17/34
[00:03:19 +3m 46s | thequantuminsider_2019_11_24_quantum_programming_101_d_waves_systems_programming_tutorial] Extracting interactions: https://thequantuminsider.com/2019/11/24/quantum-programming-101-d-waves-systems-programming-tutorial (1/1), chunk 18/34
[00:03:25 +3m 49s | thequantuminsider_2019_11_24_quantum_programming_101_d_waves_systems_programming_tutorial] Extracting interactions: https://thequantuminsider.com/2019/11/24/quantum-programming-101-d-waves-systems-programming-tutorial (1/1), chunk 19/34
[00:03:31 +3m 55s | thequantuminsider_2019_11_24_quantum_programming_101_d_waves_systems_programming_tutorial] Extracting interactions: https://thequantuminsider.com/2019/11/24/quantum-programming-101-d-waves-systems-programming-tutorial (1/1), chunk 20/34
[00:03:39 +4m 3s | thequantuminsider_2019_11_24_quantum_programming_101_d_waves_systems_programming_tutorial] Extracting interactions: https://thequantuminsider.com/2019/11/24/quantum-programming-101-d-waves-systems-programming-tutorial (1/1), chunk 21/34
[00:03:42 +4m 6s | thequantuminsider_2019_11_24_quantum_programming_101_d_waves_systems_programming_tutorial] Extracting interactions: https://thequantuminsider.com/2019/11/24/quantum-programming-101-d-waves-systems-programming-tutorial (1/1), chunk 22/34
[00:03:55 +4m 19s | thequantuminsider_2019_11_24_quantum_programming_101_d_waves_systems_programming_tutorial] Extracting interactions: https://thequantuminsider.com/2019/11/24/quantum-programming-101-d-waves-systems-programming-tutorial (1/1), chunk 23/34
[00:04:05 +4m 26s | thequantuminsider_2019_11_24_quantum_programming_101_d_waves_systems_programming_tutorial] Extracting interactions: https://thequantuminsider.com/2019/11/24/quantum-programming-101-d-waves-systems-programming-tutorial (1/1), chunk 24/34
[00:04:08 +4m 29s | thequantuminsider_2019_11_24_quantum_programming_101_d_waves_systems_programming_tutorial] Extracting interactions: https://thequantuminsider.com/2019/11/24/quantum-programming-101-d-waves-systems-programming-tutorial (1/1), chunk 25/34
[00:04:14 +4m 35s | thequantuminsider_2019_11_24_quantum_programming_101_d_waves_systems_programming_tutorial] Extracting interactions: https://thequantuminsider.com/2019/11/24/quantum-programming-101-d-waves-systems-programming-tutorial (1/1), chunk 28/34
[00:04:17 +4m 38s | thequantuminsider_2019_11_24_quantum_programming_101_d_waves_systems_programming_tutorial] Extracting interactions: https://thequantuminsider.com/2019/11/24/quantum-programming-101-d-waves-systems-programming-tutorial (1/1), chunk 32/34
[00:04:19 +4m 40s | thequantuminsider_2019_11_24_quantum_programming_101_d_waves_systems_programming_tutorial] Extracting interactions: https://thequantuminsider.com/2019/11/24/quantum-programming-101-d-waves-systems-programming-tutorial (1/1), chunk 33/34
[00:04:21 +4m 42s | thequantuminsider_2019_11_24_quantum_programming_101_d_waves_systems_programming_tutorial] Saved 3_interaction_results.json with 22 extracted interactions.

[00:04:21 +4m 42s | thequantuminsider_2019_11_24_quantum_programming_101_d_waves_systems_programming_tutorial] === 4 clean interactions ===
[00:04:21 +4m 42s | thequantuminsider_2019_11_24_quantum_programming_101_d_waves_systems_programming_tutorial] Saved 4_edges.json with 0 cleaned interactions.

[00:04:21 +4m 42s | thequantuminsider_2019_11_24_quantum_programming_101_d_waves_systems_programming_tutorial] === 5 helix enrichment ===
[00:04:21 +4m 42s | thequantuminsider_2019_11_24_quantum_programming_101_d_waves_systems_programming_tutorial] Wrote 5_nodes.json (18 actors)
[00:04:21 +4m 42s | thequantuminsider_2019_11_24_quantum_programming_101_d_waves_systems_programming_tutorial] Wrote 5_edges.json (0 interactions)
[00:04:21 +4m 42s | thequantuminsider_2019_11_24_quantum_programming_101_d_waves_systems_programming_tutorial] Actor helix counts: {'Civil Society': 1, 'Government': 2, 'Industry': 8, 'Intermediary': 1, 'Unknown': 6}
[00:04:21 +4m 42s | thequantuminsider_2019_11_24_quantum_programming_101_d_waves_systems_programming_tutorial] Functional-space counts: {}

[00:04:21 +4m 42s | thequantuminsider_2019_11_24_quantum_programming_101_d_waves_systems_programming_tutorial] === 6 network visualisation ===
[00:04:21 +4m 42s | thequantuminsider_2019_11_24_quantum_programming_101_d_waves_systems_programming_tutorial] Wrote quantum_network.html
[00:04:21 +4m 42s | thequantuminsider_2019_11_24_quantum_programming_101_d_waves_systems_programming_tutorial] Nodes: 18
[00:04:21 +4m 42s | thequantuminsider_2019_11_24_quantum_programming_101_d_waves_systems_programming_tutorial] Edges: 0

[00:04:21 +4m 42s | thequantuminsider_2019_11_24_quantum_programming_101_d_waves_systems_programming_tutorial] Done. Outputs written to: /home/lv/IDP/idpdeeptech/pipeline/news_outputs/thequantuminsider_2019_11_24_quantum_programming_101_d_waves_systems_programming_tutorial
[00:04:21 +4m 42s | thequantuminsider_2019_11_24_quantum_programming_101_d_waves_systems_programming_tutorial] Log: /home/lv/IDP/idpdeeptech/pipeline/news_outputs/thequantuminsider_2019_11_24_quantum_programming_101_d_waves_systems_programming_tutorial/run.log

========================================================================
RUN FINISHED 2026-07-02 00:04:21  (OK)
Started:     2026-07-01 23:59:13
Elapsed:     4m 42s
========================================================================
