
========================================================================
RUN STARTED  2026-07-02 00:49:38
site_pipeline.py https://thequantuminsider.com/2020/06/30/the-quantum-gold-rush-updated-2020-biggest-year-yet-for-investment/
========================================================================

[00:49:38 +0s | thequantuminsider_2020_06_30_the_quantum_gold_rush_updated_2020_biggest_year_yet_for_investment] === 0 crawl site ===
[00:49:40 +1s | thequantuminsider_2020_06_30_the_quantum_gold_rush_updated_2020_biggest_year_yet_for_investment] [INIT].... → Crawl4AI 0.8.6 
[00:49:41 +3s | thequantuminsider_2020_06_30_the_quantum_gold_rush_updated_2020_biggest_year_yet_for_investment] [FETCH]... ↓ https://thequantuminsider.com/2020/06/30/the-qua...sh-updated-2020-biggest-year-yet-for-investment/  | ✓ | ⏱: 1.55s 
[00:49:41 +3s | thequantuminsider_2020_06_30_the_quantum_gold_rush_updated_2020_biggest_year_yet_for_investment] [SCRAPE].. ◆ https://thequantuminsider.com/2020/06/30/the-qua...sh-updated-2020-biggest-year-yet-for-investment/  | ✓ | ⏱: 0.10s 
[00:49:41 +3s | thequantuminsider_2020_06_30_the_quantum_gold_rush_updated_2020_biggest_year_yet_for_investment] [COMPLETE] ● https://thequantuminsider.com/2020/06/30/the-qua...sh-updated-2020-biggest-year-yet-for-investment/  | ✓ | ⏱: 1.68s 
[00:49:41 +3s | thequantuminsider_2020_06_30_the_quantum_gold_rush_updated_2020_biggest_year_yet_for_investment] Saved: crawl_output/3d2594a5fd_thequantuminsider.com_2020_06_30_the-quantum-gold-rush-updated-2020-biggest-year-yet-for-investment.json

[00:49:45 +3s | thequantuminsider_2020_06_30_the_quantum_gold_rush_updated_2020_biggest_year_yet_for_investment] === 1 actor extraction ===
[00:49:45 +3s | thequantuminsider_2020_06_30_the_quantum_gold_rush_updated_2020_biggest_year_yet_for_investment] Reading page (1/1): https://thequantuminsider.com/2020/06/30/the-quantum-gold-rush-updated-2020-biggest-year-yet-for-investment
[00:49:45 +3s | thequantuminsider_2020_06_30_the_quantum_gold_rush_updated_2020_biggest_year_yet_for_investment] Extracting actors: https://thequantuminsider.com/2020/06/30/the-quantum-gold-rush-updated-2020-biggest-year-yet-for-investment (1/1), chunk 1/38
[00:49:50 +8s | thequantuminsider_2020_06_30_the_quantum_gold_rush_updated_2020_biggest_year_yet_for_investment] Extracting actors: https://thequantuminsider.com/2020/06/30/the-quantum-gold-rush-updated-2020-biggest-year-yet-for-investment (1/1), chunk 2/38
[00:49:53 +12s | thequantuminsider_2020_06_30_the_quantum_gold_rush_updated_2020_biggest_year_yet_for_investment] Extracting actors: https://thequantuminsider.com/2020/06/30/the-quantum-gold-rush-updated-2020-biggest-year-yet-for-investment (1/1), chunk 3/38
[00:49:58 +16s | thequantuminsider_2020_06_30_the_quantum_gold_rush_updated_2020_biggest_year_yet_for_investment] Extracting actors: https://thequantuminsider.com/2020/06/30/the-quantum-gold-rush-updated-2020-biggest-year-yet-for-investment (1/1), chunk 4/38
[00:50:04 +22s | thequantuminsider_2020_06_30_the_quantum_gold_rush_updated_2020_biggest_year_yet_for_investment] Extracting actors: https://thequantuminsider.com/2020/06/30/the-quantum-gold-rush-updated-2020-biggest-year-yet-for-investment (1/1), chunk 5/38
[00:50:08 +27s | thequantuminsider_2020_06_30_the_quantum_gold_rush_updated_2020_biggest_year_yet_for_investment] Extracting actors: https://thequantuminsider.com/2020/06/30/the-quantum-gold-rush-updated-2020-biggest-year-yet-for-investment (1/1), chunk 6/38
[00:50:12 +30s | thequantuminsider_2020_06_30_the_quantum_gold_rush_updated_2020_biggest_year_yet_for_investment] Extracting actors: https://thequantuminsider.com/2020/06/30/the-quantum-gold-rush-updated-2020-biggest-year-yet-for-investment (1/1), chunk 7/38
[00:50:16 +35s | thequantuminsider_2020_06_30_the_quantum_gold_rush_updated_2020_biggest_year_yet_for_investment] Extracting actors: https://thequantuminsider.com/2020/06/30/the-quantum-gold-rush-updated-2020-biggest-year-yet-for-investment (1/1), chunk 8/38
[00:50:24 +39s | thequantuminsider_2020_06_30_the_quantum_gold_rush_updated_2020_biggest_year_yet_for_investment] Extracting actors: https://thequantuminsider.com/2020/06/30/the-quantum-gold-rush-updated-2020-biggest-year-yet-for-investment (1/1), chunk 9/38
[00:50:31 +46s | thequantuminsider_2020_06_30_the_quantum_gold_rush_updated_2020_biggest_year_yet_for_investment] Extracting actors: https://thequantuminsider.com/2020/06/30/the-quantum-gold-rush-updated-2020-biggest-year-yet-for-investment (1/1), chunk 10/38
[00:50:36 +51s | thequantuminsider_2020_06_30_the_quantum_gold_rush_updated_2020_biggest_year_yet_for_investment] Extracting actors: https://thequantuminsider.com/2020/06/30/the-quantum-gold-rush-updated-2020-biggest-year-yet-for-investment (1/1), chunk 11/38
[00:50:39 +55s | thequantuminsider_2020_06_30_the_quantum_gold_rush_updated_2020_biggest_year_yet_for_investment] Extracting actors: https://thequantuminsider.com/2020/06/30/the-quantum-gold-rush-updated-2020-biggest-year-yet-for-investment (1/1), chunk 12/38
[00:50:46 +1m 1s | thequantuminsider_2020_06_30_the_quantum_gold_rush_updated_2020_biggest_year_yet_for_investment] Repaired malformed JSON.
[00:50:46 +1m 1s | thequantuminsider_2020_06_30_the_quantum_gold_rush_updated_2020_biggest_year_yet_for_investment] Extracting actors: https://thequantuminsider.com/2020/06/30/the-quantum-gold-rush-updated-2020-biggest-year-yet-for-investment (1/1), chunk 13/38
[00:50:55 +1m 8s | thequantuminsider_2020_06_30_the_quantum_gold_rush_updated_2020_biggest_year_yet_for_investment] Repaired malformed JSON.
[00:50:55 +1m 8s | thequantuminsider_2020_06_30_the_quantum_gold_rush_updated_2020_biggest_year_yet_for_investment] Extracting actors: https://thequantuminsider.com/2020/06/30/the-quantum-gold-rush-updated-2020-biggest-year-yet-for-investment (1/1), chunk 14/38
[00:51:00 +1m 13s | thequantuminsider_2020_06_30_the_quantum_gold_rush_updated_2020_biggest_year_yet_for_investment] Repaired malformed JSON.
[00:51:00 +1m 13s | thequantuminsider_2020_06_30_the_quantum_gold_rush_updated_2020_biggest_year_yet_for_investment] Extracting actors: https://thequantuminsider.com/2020/06/30/the-quantum-gold-rush-updated-2020-biggest-year-yet-for-investment (1/1), chunk 15/38
[00:51:06 +1m 19s | thequantuminsider_2020_06_30_the_quantum_gold_rush_updated_2020_biggest_year_yet_for_investment] Repaired malformed JSON.
[00:51:06 +1m 19s | thequantuminsider_2020_06_30_the_quantum_gold_rush_updated_2020_biggest_year_yet_for_investment] Extracting actors: https://thequantuminsider.com/2020/06/30/the-quantum-gold-rush-updated-2020-biggest-year-yet-for-investment (1/1), chunk 16/38
[00:51:15 +1m 27s | thequantuminsider_2020_06_30_the_quantum_gold_rush_updated_2020_biggest_year_yet_for_investment] Repaired malformed JSON.
[00:51:15 +1m 27s | thequantuminsider_2020_06_30_the_quantum_gold_rush_updated_2020_biggest_year_yet_for_investment] Extracting actors: https://thequantuminsider.com/2020/06/30/the-quantum-gold-rush-updated-2020-biggest-year-yet-for-investment (1/1), chunk 17/38
[00:51:23 +1m 36s | thequantuminsider_2020_06_30_the_quantum_gold_rush_updated_2020_biggest_year_yet_for_investment] Repaired malformed JSON.
[00:51:23 +1m 36s | thequantuminsider_2020_06_30_the_quantum_gold_rush_updated_2020_biggest_year_yet_for_investment] Extracting actors: https://thequantuminsider.com/2020/06/30/the-quantum-gold-rush-updated-2020-biggest-year-yet-for-investment (1/1), chunk 18/38
[00:51:33 +1m 43s | thequantuminsider_2020_06_30_the_quantum_gold_rush_updated_2020_biggest_year_yet_for_investment] Repaired malformed JSON.
[00:51:33 +1m 43s | thequantuminsider_2020_06_30_the_quantum_gold_rush_updated_2020_biggest_year_yet_for_investment] Extracting actors: https://thequantuminsider.com/2020/06/30/the-quantum-gold-rush-updated-2020-biggest-year-yet-for-investment (1/1), chunk 19/38
[00:51:40 +1m 49s | thequantuminsider_2020_06_30_the_quantum_gold_rush_updated_2020_biggest_year_yet_for_investment] Repaired malformed JSON.
[00:51:40 +1m 49s | thequantuminsider_2020_06_30_the_quantum_gold_rush_updated_2020_biggest_year_yet_for_investment] Extracting actors: https://thequantuminsider.com/2020/06/30/the-quantum-gold-rush-updated-2020-biggest-year-yet-for-investment (1/1), chunk 20/38
[00:51:45 +1m 55s | thequantuminsider_2020_06_30_the_quantum_gold_rush_updated_2020_biggest_year_yet_for_investment] Repaired malformed JSON.
[00:51:45 +1m 55s | thequantuminsider_2020_06_30_the_quantum_gold_rush_updated_2020_biggest_year_yet_for_investment] Extracting actors: https://thequantuminsider.com/2020/06/30/the-quantum-gold-rush-updated-2020-biggest-year-yet-for-investment (1/1), chunk 21/38
[00:51:51 +2m 0s | thequantuminsider_2020_06_30_the_quantum_gold_rush_updated_2020_biggest_year_yet_for_investment] Repaired malformed JSON.
[00:51:51 +2m 0s | thequantuminsider_2020_06_30_the_quantum_gold_rush_updated_2020_biggest_year_yet_for_investment] Extracting actors: https://thequantuminsider.com/2020/06/30/the-quantum-gold-rush-updated-2020-biggest-year-yet-for-investment (1/1), chunk 22/38
[00:51:56 +2m 6s | thequantuminsider_2020_06_30_the_quantum_gold_rush_updated_2020_biggest_year_yet_for_investment] Repaired malformed JSON.
[00:51:56 +2m 6s | thequantuminsider_2020_06_30_the_quantum_gold_rush_updated_2020_biggest_year_yet_for_investment] Extracting actors: https://thequantuminsider.com/2020/06/30/the-quantum-gold-rush-updated-2020-biggest-year-yet-for-investment (1/1), chunk 23/38
[00:52:05 +2m 12s | thequantuminsider_2020_06_30_the_quantum_gold_rush_updated_2020_biggest_year_yet_for_investment] Repaired malformed JSON.
[00:52:05 +2m 12s | thequantuminsider_2020_06_30_the_quantum_gold_rush_updated_2020_biggest_year_yet_for_investment] Extracting actors: https://thequantuminsider.com/2020/06/30/the-quantum-gold-rush-updated-2020-biggest-year-yet-for-investment (1/1), chunk 24/38
[00:52:10 +2m 17s | thequantuminsider_2020_06_30_the_quantum_gold_rush_updated_2020_biggest_year_yet_for_investment] Repaired malformed JSON.
[00:52:10 +2m 17s | thequantuminsider_2020_06_30_the_quantum_gold_rush_updated_2020_biggest_year_yet_for_investment] Extracting actors: https://thequantuminsider.com/2020/06/30/the-quantum-gold-rush-updated-2020-biggest-year-yet-for-investment (1/1), chunk 25/38
[00:52:16 +2m 23s | thequantuminsider_2020_06_30_the_quantum_gold_rush_updated_2020_biggest_year_yet_for_investment] Repaired malformed JSON.
[00:52:16 +2m 23s | thequantuminsider_2020_06_30_the_quantum_gold_rush_updated_2020_biggest_year_yet_for_investment] Extracting actors: https://thequantuminsider.com/2020/06/30/the-quantum-gold-rush-updated-2020-biggest-year-yet-for-investment (1/1), chunk 26/38
[00:52:20 +2m 27s | thequantuminsider_2020_06_30_the_quantum_gold_rush_updated_2020_biggest_year_yet_for_investment] Extracting actors: https://thequantuminsider.com/2020/06/30/the-quantum-gold-rush-updated-2020-biggest-year-yet-for-investment (1/1), chunk 27/38
[00:52:25 +2m 32s | thequantuminsider_2020_06_30_the_quantum_gold_rush_updated_2020_biggest_year_yet_for_investment] Repaired malformed JSON.
[00:52:25 +2m 32s | thequantuminsider_2020_06_30_the_quantum_gold_rush_updated_2020_biggest_year_yet_for_investment] Extracting actors: https://thequantuminsider.com/2020/06/30/the-quantum-gold-rush-updated-2020-biggest-year-yet-for-investment (1/1), chunk 28/38
[00:52:29 +2m 36s | thequantuminsider_2020_06_30_the_quantum_gold_rush_updated_2020_biggest_year_yet_for_investment] Extracting actors: https://thequantuminsider.com/2020/06/30/the-quantum-gold-rush-updated-2020-biggest-year-yet-for-investment (1/1), chunk 29/38
[00:52:31 +2m 37s | thequantuminsider_2020_06_30_the_quantum_gold_rush_updated_2020_biggest_year_yet_for_investment] Extracting actors: https://thequantuminsider.com/2020/06/30/the-quantum-gold-rush-updated-2020-biggest-year-yet-for-investment (1/1), chunk 30/38
[00:52:37 +2m 44s | thequantuminsider_2020_06_30_the_quantum_gold_rush_updated_2020_biggest_year_yet_for_investment] Repaired malformed JSON.
[00:52:37 +2m 44s | thequantuminsider_2020_06_30_the_quantum_gold_rush_updated_2020_biggest_year_yet_for_investment] Extracting actors: https://thequantuminsider.com/2020/06/30/the-quantum-gold-rush-updated-2020-biggest-year-yet-for-investment (1/1), chunk 31/38
[00:52:45 +2m 49s | thequantuminsider_2020_06_30_the_quantum_gold_rush_updated_2020_biggest_year_yet_for_investment] Repaired malformed JSON.
[00:52:45 +2m 49s | thequantuminsider_2020_06_30_the_quantum_gold_rush_updated_2020_biggest_year_yet_for_investment] Extracting actors: https://thequantuminsider.com/2020/06/30/the-quantum-gold-rush-updated-2020-biggest-year-yet-for-investment (1/1), chunk 32/38
[00:52:51 +2m 55s | thequantuminsider_2020_06_30_the_quantum_gold_rush_updated_2020_biggest_year_yet_for_investment] Repaired malformed JSON.
[00:52:51 +2m 55s | thequantuminsider_2020_06_30_the_quantum_gold_rush_updated_2020_biggest_year_yet_for_investment] Extracting actors: https://thequantuminsider.com/2020/06/30/the-quantum-gold-rush-updated-2020-biggest-year-yet-for-investment (1/1), chunk 33/38
[00:52:58 +3m 2s | thequantuminsider_2020_06_30_the_quantum_gold_rush_updated_2020_biggest_year_yet_for_investment] Repaired malformed JSON.
[00:52:58 +3m 2s | thequantuminsider_2020_06_30_the_quantum_gold_rush_updated_2020_biggest_year_yet_for_investment] Extracting actors: https://thequantuminsider.com/2020/06/30/the-quantum-gold-rush-updated-2020-biggest-year-yet-for-investment (1/1), chunk 34/38
[00:53:07 +3m 11s | thequantuminsider_2020_06_30_the_quantum_gold_rush_updated_2020_biggest_year_yet_for_investment] Repaired malformed JSON.
[00:53:07 +3m 11s | thequantuminsider_2020_06_30_the_quantum_gold_rush_updated_2020_biggest_year_yet_for_investment] Extracting actors: https://thequantuminsider.com/2020/06/30/the-quantum-gold-rush-updated-2020-biggest-year-yet-for-investment (1/1), chunk 35/38
[00:53:17 +3m 18s | thequantuminsider_2020_06_30_the_quantum_gold_rush_updated_2020_biggest_year_yet_for_investment] Repaired malformed JSON.
[00:53:17 +3m 18s | thequantuminsider_2020_06_30_the_quantum_gold_rush_updated_2020_biggest_year_yet_for_investment] Extracting actors: https://thequantuminsider.com/2020/06/30/the-quantum-gold-rush-updated-2020-biggest-year-yet-for-investment (1/1), chunk 36/38
[00:53:24 +3m 25s | thequantuminsider_2020_06_30_the_quantum_gold_rush_updated_2020_biggest_year_yet_for_investment] Repaired malformed JSON.
[00:53:24 +3m 25s | thequantuminsider_2020_06_30_the_quantum_gold_rush_updated_2020_biggest_year_yet_for_investment] Extracting actors: https://thequantuminsider.com/2020/06/30/the-quantum-gold-rush-updated-2020-biggest-year-yet-for-investment (1/1), chunk 37/38
[00:53:29 +3m 30s | thequantuminsider_2020_06_30_the_quantum_gold_rush_updated_2020_biggest_year_yet_for_investment] Repaired malformed JSON.
[00:53:29 +3m 30s | thequantuminsider_2020_06_30_the_quantum_gold_rush_updated_2020_biggest_year_yet_for_investment] Extracting actors: https://thequantuminsider.com/2020/06/30/the-quantum-gold-rush-updated-2020-biggest-year-yet-for-investment (1/1), chunk 38/38
[00:53:37 +3m 38s | thequantuminsider_2020_06_30_the_quantum_gold_rush_updated_2020_biggest_year_yet_for_investment] Repaired malformed JSON.
[00:53:37 +3m 38s | thequantuminsider_2020_06_30_the_quantum_gold_rush_updated_2020_biggest_year_yet_for_investment] Saved 1_actor_results.json with 55 extracted records

[00:53:37 +3m 38s | thequantuminsider_2020_06_30_the_quantum_gold_rush_updated_2020_biggest_year_yet_for_investment] === 2 clean actors ===
[00:53:37 +3m 38s | thequantuminsider_2020_06_30_the_quantum_gold_rush_updated_2020_biggest_year_yet_for_investment] Loaded 55 extracted records
[00:53:37 +3m 38s | thequantuminsider_2020_06_30_the_quantum_gold_rush_updated_2020_biggest_year_yet_for_investment] Saved 2_actor_nodes.json with 25 canonical actor nodes

[00:53:37 +3m 38s | thequantuminsider_2020_06_30_the_quantum_gold_rush_updated_2020_biggest_year_yet_for_investment] === 3 interaction extraction ===
[00:53:37 +3m 38s | thequantuminsider_2020_06_30_the_quantum_gold_rush_updated_2020_biggest_year_yet_for_investment] Extracting interactions: https://thequantuminsider.com/2020/06/30/the-quantum-gold-rush-updated-2020-biggest-year-yet-for-investment (1/1), chunk 12/38
[00:53:42 +3m 43s | thequantuminsider_2020_06_30_the_quantum_gold_rush_updated_2020_biggest_year_yet_for_investment] Extracting interactions: https://thequantuminsider.com/2020/06/30/the-quantum-gold-rush-updated-2020-biggest-year-yet-for-investment (1/1), chunk 13/38
[00:53:52 +3m 50s | thequantuminsider_2020_06_30_the_quantum_gold_rush_updated_2020_biggest_year_yet_for_investment] Extracting interactions: https://thequantuminsider.com/2020/06/30/the-quantum-gold-rush-updated-2020-biggest-year-yet-for-investment (1/1), chunk 14/38
[00:54:00 +3m 58s | thequantuminsider_2020_06_30_the_quantum_gold_rush_updated_2020_biggest_year_yet_for_investment] Extracting interactions: https://thequantuminsider.com/2020/06/30/the-quantum-gold-rush-updated-2020-biggest-year-yet-for-investment (1/1), chunk 17/38
[00:54:02 +4m 0s | thequantuminsider_2020_06_30_the_quantum_gold_rush_updated_2020_biggest_year_yet_for_investment] Extracting interactions: https://thequantuminsider.com/2020/06/30/the-quantum-gold-rush-updated-2020-biggest-year-yet-for-investment (1/1), chunk 18/38
[00:54:06 +4m 4s | thequantuminsider_2020_06_30_the_quantum_gold_rush_updated_2020_biggest_year_yet_for_investment] Extracting interactions: https://thequantuminsider.com/2020/06/30/the-quantum-gold-rush-updated-2020-biggest-year-yet-for-investment (1/1), chunk 19/38
[00:54:13 +4m 11s | thequantuminsider_2020_06_30_the_quantum_gold_rush_updated_2020_biggest_year_yet_for_investment] Extracting interactions: https://thequantuminsider.com/2020/06/30/the-quantum-gold-rush-updated-2020-biggest-year-yet-for-investment (1/1), chunk 20/38
[00:54:15 +4m 14s | thequantuminsider_2020_06_30_the_quantum_gold_rush_updated_2020_biggest_year_yet_for_investment] Extracting interactions: https://thequantuminsider.com/2020/06/30/the-quantum-gold-rush-updated-2020-biggest-year-yet-for-investment (1/1), chunk 21/38
[00:54:21 +4m 19s | thequantuminsider_2020_06_30_the_quantum_gold_rush_updated_2020_biggest_year_yet_for_investment] Extracting interactions: https://thequantuminsider.com/2020/06/30/the-quantum-gold-rush-updated-2020-biggest-year-yet-for-investment (1/1), chunk 22/38
[00:54:30 +4m 25s | thequantuminsider_2020_06_30_the_quantum_gold_rush_updated_2020_biggest_year_yet_for_investment] Extracting interactions: https://thequantuminsider.com/2020/06/30/the-quantum-gold-rush-updated-2020-biggest-year-yet-for-investment (1/1), chunk 23/38
[00:54:39 +4m 35s | thequantuminsider_2020_06_30_the_quantum_gold_rush_updated_2020_biggest_year_yet_for_investment] Extracting interactions: https://thequantuminsider.com/2020/06/30/the-quantum-gold-rush-updated-2020-biggest-year-yet-for-investment (1/1), chunk 24/38
[00:54:46 +4m 41s | thequantuminsider_2020_06_30_the_quantum_gold_rush_updated_2020_biggest_year_yet_for_investment] Extracting interactions: https://thequantuminsider.com/2020/06/30/the-quantum-gold-rush-updated-2020-biggest-year-yet-for-investment (1/1), chunk 25/38
[00:54:48 +4m 43s | thequantuminsider_2020_06_30_the_quantum_gold_rush_updated_2020_biggest_year_yet_for_investment] Extracting interactions: https://thequantuminsider.com/2020/06/30/the-quantum-gold-rush-updated-2020-biggest-year-yet-for-investment (1/1), chunk 27/38
[00:54:54 +4m 49s | thequantuminsider_2020_06_30_the_quantum_gold_rush_updated_2020_biggest_year_yet_for_investment] Extracting interactions: https://thequantuminsider.com/2020/06/30/the-quantum-gold-rush-updated-2020-biggest-year-yet-for-investment (1/1), chunk 28/38
[00:54:55 +4m 50s | thequantuminsider_2020_06_30_the_quantum_gold_rush_updated_2020_biggest_year_yet_for_investment] Extracting interactions: https://thequantuminsider.com/2020/06/30/the-quantum-gold-rush-updated-2020-biggest-year-yet-for-investment (1/1), chunk 29/38
[00:54:56 +4m 52s | thequantuminsider_2020_06_30_the_quantum_gold_rush_updated_2020_biggest_year_yet_for_investment] Extracting interactions: https://thequantuminsider.com/2020/06/30/the-quantum-gold-rush-updated-2020-biggest-year-yet-for-investment (1/1), chunk 30/38
[00:55:02 +4m 54s | thequantuminsider_2020_06_30_the_quantum_gold_rush_updated_2020_biggest_year_yet_for_investment] Extracting interactions: https://thequantuminsider.com/2020/06/30/the-quantum-gold-rush-updated-2020-biggest-year-yet-for-investment (1/1), chunk 31/38
[00:55:03 +4m 56s | thequantuminsider_2020_06_30_the_quantum_gold_rush_updated_2020_biggest_year_yet_for_investment] Extracting interactions: https://thequantuminsider.com/2020/06/30/the-quantum-gold-rush-updated-2020-biggest-year-yet-for-investment (1/1), chunk 32/38
[00:55:05 +4m 57s | thequantuminsider_2020_06_30_the_quantum_gold_rush_updated_2020_biggest_year_yet_for_investment] Extracting interactions: https://thequantuminsider.com/2020/06/30/the-quantum-gold-rush-updated-2020-biggest-year-yet-for-investment (1/1), chunk 33/38
[00:55:07 +4m 59s | thequantuminsider_2020_06_30_the_quantum_gold_rush_updated_2020_biggest_year_yet_for_investment] Extracting interactions: https://thequantuminsider.com/2020/06/30/the-quantum-gold-rush-updated-2020-biggest-year-yet-for-investment (1/1), chunk 34/38
[00:55:09 +5m 1s | thequantuminsider_2020_06_30_the_quantum_gold_rush_updated_2020_biggest_year_yet_for_investment] Extracting interactions: https://thequantuminsider.com/2020/06/30/the-quantum-gold-rush-updated-2020-biggest-year-yet-for-investment (1/1), chunk 35/38
[00:55:10 +5m 3s | thequantuminsider_2020_06_30_the_quantum_gold_rush_updated_2020_biggest_year_yet_for_investment] Extracting interactions: https://thequantuminsider.com/2020/06/30/the-quantum-gold-rush-updated-2020-biggest-year-yet-for-investment (1/1), chunk 36/38
[00:55:12 +5m 4s | thequantuminsider_2020_06_30_the_quantum_gold_rush_updated_2020_biggest_year_yet_for_investment] Extracting interactions: https://thequantuminsider.com/2020/06/30/the-quantum-gold-rush-updated-2020-biggest-year-yet-for-investment (1/1), chunk 37/38
[00:55:14 +5m 6s | thequantuminsider_2020_06_30_the_quantum_gold_rush_updated_2020_biggest_year_yet_for_investment] Extracting interactions: https://thequantuminsider.com/2020/06/30/the-quantum-gold-rush-updated-2020-biggest-year-yet-for-investment (1/1), chunk 38/38
[00:55:15 +5m 7s | thequantuminsider_2020_06_30_the_quantum_gold_rush_updated_2020_biggest_year_yet_for_investment] Saved 3_interaction_results.json with 14 extracted interactions.

[00:55:15 +5m 7s | thequantuminsider_2020_06_30_the_quantum_gold_rush_updated_2020_biggest_year_yet_for_investment] === 4 clean interactions ===
[00:55:15 +5m 7s | thequantuminsider_2020_06_30_the_quantum_gold_rush_updated_2020_biggest_year_yet_for_investment] Saved 4_edges.json with 1 cleaned interactions.

[00:55:15 +5m 7s | thequantuminsider_2020_06_30_the_quantum_gold_rush_updated_2020_biggest_year_yet_for_investment] === 5 helix enrichment ===
[00:55:15 +5m 7s | thequantuminsider_2020_06_30_the_quantum_gold_rush_updated_2020_biggest_year_yet_for_investment] Wrote 5_nodes.json (25 actors)
[00:55:15 +5m 7s | thequantuminsider_2020_06_30_the_quantum_gold_rush_updated_2020_biggest_year_yet_for_investment] Wrote 5_edges.json (1 interactions)
[00:55:15 +5m 7s | thequantuminsider_2020_06_30_the_quantum_gold_rush_updated_2020_biggest_year_yet_for_investment] Actor helix counts: {'Civil Society': 4, 'Government': 2, 'Industry': 7, 'Intermediary': 1, 'Unknown': 11}
[00:55:15 +5m 7s | thequantuminsider_2020_06_30_the_quantum_gold_rush_updated_2020_biggest_year_yet_for_investment] Functional-space counts: {'Innovation': 1}

[00:55:15 +5m 7s | thequantuminsider_2020_06_30_the_quantum_gold_rush_updated_2020_biggest_year_yet_for_investment] === 6 network visualisation ===
[00:55:15 +5m 8s | thequantuminsider_2020_06_30_the_quantum_gold_rush_updated_2020_biggest_year_yet_for_investment] Wrote quantum_network.html
[00:55:15 +5m 8s | thequantuminsider_2020_06_30_the_quantum_gold_rush_updated_2020_biggest_year_yet_for_investment] Nodes: 25
[00:55:15 +5m 8s | thequantuminsider_2020_06_30_the_quantum_gold_rush_updated_2020_biggest_year_yet_for_investment] Edges: 1

[00:55:16 +5m 8s | thequantuminsider_2020_06_30_the_quantum_gold_rush_updated_2020_biggest_year_yet_for_investment] Done. Outputs written to: /home/lv/IDP/idpdeeptech/pipeline/news_outputs/thequantuminsider_2020_06_30_the_quantum_gold_rush_updated_2020_biggest_year_yet_for_investment
[00:55:16 +5m 8s | thequantuminsider_2020_06_30_the_quantum_gold_rush_updated_2020_biggest_year_yet_for_investment] Log: /home/lv/IDP/idpdeeptech/pipeline/news_outputs/thequantuminsider_2020_06_30_the_quantum_gold_rush_updated_2020_biggest_year_yet_for_investment/run.log

========================================================================
RUN FINISHED 2026-07-02 00:55:16  (OK)
Started:     2026-07-02 00:49:38
Elapsed:     5m 8s
========================================================================
