
========================================================================
RUN STARTED  2026-07-02 12:35:32
site_pipeline.py https://thequantuminsider.com/2024/01/18/nato-ensures-quantum-ready-alliance-with-its-first-ever-quantum-strategy/
========================================================================

[12:35:32 +0s | thequantuminsider_2024_01_18_nato_ensures_quantum_ready_alliance_with_its_first_ever_quan_0528a906] === 0 crawl site ===
[12:35:34 +2s | thequantuminsider_2024_01_18_nato_ensures_quantum_ready_alliance_with_its_first_ever_quan_0528a906] [INIT].... → Crawl4AI 0.8.6 
[12:35:36 +4s | thequantuminsider_2024_01_18_nato_ensures_quantum_ready_alliance_with_its_first_ever_quan_0528a906] [FETCH]... ↓ https://thequantuminsider.com/2024/01/18/nato-en...y-alliance-with-its-first-ever-quantum-strategy/  | ✓ | ⏱: 2.33s 
[12:35:36 +4s | thequantuminsider_2024_01_18_nato_ensures_quantum_ready_alliance_with_its_first_ever_quan_0528a906] [SCRAPE].. ◆ https://thequantuminsider.com/2024/01/18/nato-en...y-alliance-with-its-first-ever-quantum-strategy/  | ✓ | ⏱: 0.12s 
[12:35:36 +4s | thequantuminsider_2024_01_18_nato_ensures_quantum_ready_alliance_with_its_first_ever_quan_0528a906] [COMPLETE] ● https://thequantuminsider.com/2024/01/18/nato-en...y-alliance-with-its-first-ever-quantum-strategy/  | ✓ | ⏱: 2.47s 
[12:35:36 +4s | thequantuminsider_2024_01_18_nato_ensures_quantum_ready_alliance_with_its_first_ever_quan_0528a906] Saved: crawl_output/066b98d134_thequantuminsider.com_2024_01_18_nato-ensures-quantum-ready-alliance-with-its-first-ever-quantum-strategy.json

[12:35:37 +5s | thequantuminsider_2024_01_18_nato_ensures_quantum_ready_alliance_with_its_first_ever_quan_0528a906] === 1 actor extraction ===
[12:35:37 +5s | thequantuminsider_2024_01_18_nato_ensures_quantum_ready_alliance_with_its_first_ever_quan_0528a906] Reading page (1/1): https://thequantuminsider.com/2024/01/18/nato-ensures-quantum-ready-alliance-with-its-first-ever-quantum-strategy
[12:35:37 +5s | thequantuminsider_2024_01_18_nato_ensures_quantum_ready_alliance_with_its_first_ever_quan_0528a906] Extracting actors: https://thequantuminsider.com/2024/01/18/nato-ensures-quantum-ready-alliance-with-its-first-ever-quantum-strategy (1/1), chunk 1/34
[12:35:43 +11s | thequantuminsider_2024_01_18_nato_ensures_quantum_ready_alliance_with_its_first_ever_quan_0528a906] Extracting actors: https://thequantuminsider.com/2024/01/18/nato-ensures-quantum-ready-alliance-with-its-first-ever-quantum-strategy (1/1), chunk 2/34
[12:35:47 +15s | thequantuminsider_2024_01_18_nato_ensures_quantum_ready_alliance_with_its_first_ever_quan_0528a906] Extracting actors: https://thequantuminsider.com/2024/01/18/nato-ensures-quantum-ready-alliance-with-its-first-ever-quantum-strategy (1/1), chunk 3/34
[12:35:52 +20s | thequantuminsider_2024_01_18_nato_ensures_quantum_ready_alliance_with_its_first_ever_quan_0528a906] Extracting actors: https://thequantuminsider.com/2024/01/18/nato-ensures-quantum-ready-alliance-with-its-first-ever-quantum-strategy (1/1), chunk 4/34
[12:35:56 +24s | thequantuminsider_2024_01_18_nato_ensures_quantum_ready_alliance_with_its_first_ever_quan_0528a906] Extracting actors: https://thequantuminsider.com/2024/01/18/nato-ensures-quantum-ready-alliance-with-its-first-ever-quantum-strategy (1/1), chunk 5/34
[12:36:02 +30s | thequantuminsider_2024_01_18_nato_ensures_quantum_ready_alliance_with_its_first_ever_quan_0528a906] Extracting actors: https://thequantuminsider.com/2024/01/18/nato-ensures-quantum-ready-alliance-with-its-first-ever-quantum-strategy (1/1), chunk 6/34
[12:36:07 +35s | thequantuminsider_2024_01_18_nato_ensures_quantum_ready_alliance_with_its_first_ever_quan_0528a906] Extracting actors: https://thequantuminsider.com/2024/01/18/nato-ensures-quantum-ready-alliance-with-its-first-ever-quantum-strategy (1/1), chunk 7/34
[12:36:11 +39s | thequantuminsider_2024_01_18_nato_ensures_quantum_ready_alliance_with_its_first_ever_quan_0528a906] Extracting actors: https://thequantuminsider.com/2024/01/18/nato-ensures-quantum-ready-alliance-with-its-first-ever-quantum-strategy (1/1), chunk 8/34
[12:36:17 +45s | thequantuminsider_2024_01_18_nato_ensures_quantum_ready_alliance_with_its_first_ever_quan_0528a906] Extracting actors: https://thequantuminsider.com/2024/01/18/nato-ensures-quantum-ready-alliance-with-its-first-ever-quantum-strategy (1/1), chunk 9/34
[12:36:25 +52s | thequantuminsider_2024_01_18_nato_ensures_quantum_ready_alliance_with_its_first_ever_quan_0528a906] Extracting actors: https://thequantuminsider.com/2024/01/18/nato-ensures-quantum-ready-alliance-with-its-first-ever-quantum-strategy (1/1), chunk 10/34
[12:36:30 +58s | thequantuminsider_2024_01_18_nato_ensures_quantum_ready_alliance_with_its_first_ever_quan_0528a906] Extracting actors: https://thequantuminsider.com/2024/01/18/nato-ensures-quantum-ready-alliance-with-its-first-ever-quantum-strategy (1/1), chunk 11/34
[12:36:36 +1m 4s | thequantuminsider_2024_01_18_nato_ensures_quantum_ready_alliance_with_its_first_ever_quan_0528a906] Repaired malformed JSON.
[12:36:36 +1m 4s | thequantuminsider_2024_01_18_nato_ensures_quantum_ready_alliance_with_its_first_ever_quan_0528a906] Extracting actors: https://thequantuminsider.com/2024/01/18/nato-ensures-quantum-ready-alliance-with-its-first-ever-quantum-strategy (1/1), chunk 12/34
[12:36:44 +1m 11s | thequantuminsider_2024_01_18_nato_ensures_quantum_ready_alliance_with_its_first_ever_quan_0528a906] Repaired malformed JSON.
[12:36:44 +1m 11s | thequantuminsider_2024_01_18_nato_ensures_quantum_ready_alliance_with_its_first_ever_quan_0528a906] Extracting actors: https://thequantuminsider.com/2024/01/18/nato-ensures-quantum-ready-alliance-with-its-first-ever-quantum-strategy (1/1), chunk 13/34
[12:36:50 +1m 18s | thequantuminsider_2024_01_18_nato_ensures_quantum_ready_alliance_with_its_first_ever_quan_0528a906] Repaired malformed JSON.
[12:36:50 +1m 18s | thequantuminsider_2024_01_18_nato_ensures_quantum_ready_alliance_with_its_first_ever_quan_0528a906] Extracting actors: https://thequantuminsider.com/2024/01/18/nato-ensures-quantum-ready-alliance-with-its-first-ever-quantum-strategy (1/1), chunk 14/34
[12:36:59 +1m 27s | thequantuminsider_2024_01_18_nato_ensures_quantum_ready_alliance_with_its_first_ever_quan_0528a906] Repaired malformed JSON.
[12:36:59 +1m 27s | thequantuminsider_2024_01_18_nato_ensures_quantum_ready_alliance_with_its_first_ever_quan_0528a906] Extracting actors: https://thequantuminsider.com/2024/01/18/nato-ensures-quantum-ready-alliance-with-its-first-ever-quantum-strategy (1/1), chunk 15/34
[12:37:06 +1m 34s | thequantuminsider_2024_01_18_nato_ensures_quantum_ready_alliance_with_its_first_ever_quan_0528a906] Repaired malformed JSON.
[12:37:06 +1m 34s | thequantuminsider_2024_01_18_nato_ensures_quantum_ready_alliance_with_its_first_ever_quan_0528a906] Extracting actors: https://thequantuminsider.com/2024/01/18/nato-ensures-quantum-ready-alliance-with-its-first-ever-quantum-strategy (1/1), chunk 16/34
[12:37:15 +1m 43s | thequantuminsider_2024_01_18_nato_ensures_quantum_ready_alliance_with_its_first_ever_quan_0528a906] Repaired malformed JSON.
[12:37:15 +1m 43s | thequantuminsider_2024_01_18_nato_ensures_quantum_ready_alliance_with_its_first_ever_quan_0528a906] Extracting actors: https://thequantuminsider.com/2024/01/18/nato-ensures-quantum-ready-alliance-with-its-first-ever-quantum-strategy (1/1), chunk 17/34
[12:37:22 +1m 49s | thequantuminsider_2024_01_18_nato_ensures_quantum_ready_alliance_with_its_first_ever_quan_0528a906] Repaired malformed JSON.
[12:37:22 +1m 49s | thequantuminsider_2024_01_18_nato_ensures_quantum_ready_alliance_with_its_first_ever_quan_0528a906] Extracting actors: https://thequantuminsider.com/2024/01/18/nato-ensures-quantum-ready-alliance-with-its-first-ever-quantum-strategy (1/1), chunk 18/34
[12:37:27 +1m 55s | thequantuminsider_2024_01_18_nato_ensures_quantum_ready_alliance_with_its_first_ever_quan_0528a906] Repaired malformed JSON.
[12:37:27 +1m 55s | thequantuminsider_2024_01_18_nato_ensures_quantum_ready_alliance_with_its_first_ever_quan_0528a906] Extracting actors: https://thequantuminsider.com/2024/01/18/nato-ensures-quantum-ready-alliance-with-its-first-ever-quantum-strategy (1/1), chunk 19/34
[12:37:35 +2m 3s | thequantuminsider_2024_01_18_nato_ensures_quantum_ready_alliance_with_its_first_ever_quan_0528a906] Repaired malformed JSON.
[12:37:35 +2m 3s | thequantuminsider_2024_01_18_nato_ensures_quantum_ready_alliance_with_its_first_ever_quan_0528a906] Extracting actors: https://thequantuminsider.com/2024/01/18/nato-ensures-quantum-ready-alliance-with-its-first-ever-quantum-strategy (1/1), chunk 20/34
[12:37:43 +2m 11s | thequantuminsider_2024_01_18_nato_ensures_quantum_ready_alliance_with_its_first_ever_quan_0528a906] Repaired malformed JSON.
[12:37:43 +2m 11s | thequantuminsider_2024_01_18_nato_ensures_quantum_ready_alliance_with_its_first_ever_quan_0528a906] Extracting actors: https://thequantuminsider.com/2024/01/18/nato-ensures-quantum-ready-alliance-with-its-first-ever-quantum-strategy (1/1), chunk 21/34
[12:37:52 +2m 20s | thequantuminsider_2024_01_18_nato_ensures_quantum_ready_alliance_with_its_first_ever_quan_0528a906] Repaired malformed JSON.
[12:37:52 +2m 20s | thequantuminsider_2024_01_18_nato_ensures_quantum_ready_alliance_with_its_first_ever_quan_0528a906] Extracting actors: https://thequantuminsider.com/2024/01/18/nato-ensures-quantum-ready-alliance-with-its-first-ever-quantum-strategy (1/1), chunk 22/34
[12:37:59 +2m 27s | thequantuminsider_2024_01_18_nato_ensures_quantum_ready_alliance_with_its_first_ever_quan_0528a906] Extracting actors: https://thequantuminsider.com/2024/01/18/nato-ensures-quantum-ready-alliance-with-its-first-ever-quantum-strategy (1/1), chunk 23/34
[12:38:06 +2m 33s | thequantuminsider_2024_01_18_nato_ensures_quantum_ready_alliance_with_its_first_ever_quan_0528a906] Repaired malformed JSON.
[12:38:06 +2m 33s | thequantuminsider_2024_01_18_nato_ensures_quantum_ready_alliance_with_its_first_ever_quan_0528a906] Extracting actors: https://thequantuminsider.com/2024/01/18/nato-ensures-quantum-ready-alliance-with-its-first-ever-quantum-strategy (1/1), chunk 24/34
[12:38:13 +2m 41s | thequantuminsider_2024_01_18_nato_ensures_quantum_ready_alliance_with_its_first_ever_quan_0528a906] Repaired malformed JSON.
[12:38:13 +2m 41s | thequantuminsider_2024_01_18_nato_ensures_quantum_ready_alliance_with_its_first_ever_quan_0528a906] Extracting actors: https://thequantuminsider.com/2024/01/18/nato-ensures-quantum-ready-alliance-with-its-first-ever-quantum-strategy (1/1), chunk 25/34
[12:38:18 +2m 46s | thequantuminsider_2024_01_18_nato_ensures_quantum_ready_alliance_with_its_first_ever_quan_0528a906] Extracting actors: https://thequantuminsider.com/2024/01/18/nato-ensures-quantum-ready-alliance-with-its-first-ever-quantum-strategy (1/1), chunk 26/34
[12:38:24 +2m 52s | thequantuminsider_2024_01_18_nato_ensures_quantum_ready_alliance_with_its_first_ever_quan_0528a906] Repaired malformed JSON.
[12:38:24 +2m 52s | thequantuminsider_2024_01_18_nato_ensures_quantum_ready_alliance_with_its_first_ever_quan_0528a906] Extracting actors: https://thequantuminsider.com/2024/01/18/nato-ensures-quantum-ready-alliance-with-its-first-ever-quantum-strategy (1/1), chunk 27/34
[12:38:30 +2m 58s | thequantuminsider_2024_01_18_nato_ensures_quantum_ready_alliance_with_its_first_ever_quan_0528a906] Repaired malformed JSON.
[12:38:30 +2m 58s | thequantuminsider_2024_01_18_nato_ensures_quantum_ready_alliance_with_its_first_ever_quan_0528a906] Extracting actors: https://thequantuminsider.com/2024/01/18/nato-ensures-quantum-ready-alliance-with-its-first-ever-quantum-strategy (1/1), chunk 28/34
[12:38:39 +3m 7s | thequantuminsider_2024_01_18_nato_ensures_quantum_ready_alliance_with_its_first_ever_quan_0528a906] Repaired malformed JSON.
[12:38:39 +3m 7s | thequantuminsider_2024_01_18_nato_ensures_quantum_ready_alliance_with_its_first_ever_quan_0528a906] Extracting actors: https://thequantuminsider.com/2024/01/18/nato-ensures-quantum-ready-alliance-with-its-first-ever-quantum-strategy (1/1), chunk 29/34
[12:38:43 +3m 11s | thequantuminsider_2024_01_18_nato_ensures_quantum_ready_alliance_with_its_first_ever_quan_0528a906] Extracting actors: https://thequantuminsider.com/2024/01/18/nato-ensures-quantum-ready-alliance-with-its-first-ever-quantum-strategy (1/1), chunk 30/34
[12:38:50 +3m 17s | thequantuminsider_2024_01_18_nato_ensures_quantum_ready_alliance_with_its_first_ever_quan_0528a906] Repaired malformed JSON.
[12:38:50 +3m 17s | thequantuminsider_2024_01_18_nato_ensures_quantum_ready_alliance_with_its_first_ever_quan_0528a906] Extracting actors: https://thequantuminsider.com/2024/01/18/nato-ensures-quantum-ready-alliance-with-its-first-ever-quantum-strategy (1/1), chunk 31/34
[12:38:57 +3m 25s | thequantuminsider_2024_01_18_nato_ensures_quantum_ready_alliance_with_its_first_ever_quan_0528a906] Extracting actors: https://thequantuminsider.com/2024/01/18/nato-ensures-quantum-ready-alliance-with-its-first-ever-quantum-strategy (1/1), chunk 32/34
[12:39:03 +3m 31s | thequantuminsider_2024_01_18_nato_ensures_quantum_ready_alliance_with_its_first_ever_quan_0528a906] Repaired malformed JSON.
[12:39:03 +3m 31s | thequantuminsider_2024_01_18_nato_ensures_quantum_ready_alliance_with_its_first_ever_quan_0528a906] Extracting actors: https://thequantuminsider.com/2024/01/18/nato-ensures-quantum-ready-alliance-with-its-first-ever-quantum-strategy (1/1), chunk 33/34
[12:39:09 +3m 37s | thequantuminsider_2024_01_18_nato_ensures_quantum_ready_alliance_with_its_first_ever_quan_0528a906] Repaired malformed JSON.
[12:39:09 +3m 37s | thequantuminsider_2024_01_18_nato_ensures_quantum_ready_alliance_with_its_first_ever_quan_0528a906] Extracting actors: https://thequantuminsider.com/2024/01/18/nato-ensures-quantum-ready-alliance-with-its-first-ever-quantum-strategy (1/1), chunk 34/34
[12:39:15 +3m 43s | thequantuminsider_2024_01_18_nato_ensures_quantum_ready_alliance_with_its_first_ever_quan_0528a906] Repaired malformed JSON.
[12:39:15 +3m 43s | thequantuminsider_2024_01_18_nato_ensures_quantum_ready_alliance_with_its_first_ever_quan_0528a906] Saved 1_actor_results.json with 52 extracted records

[12:39:15 +3m 43s | thequantuminsider_2024_01_18_nato_ensures_quantum_ready_alliance_with_its_first_ever_quan_0528a906] === 2 clean actors ===
[12:39:15 +3m 43s | thequantuminsider_2024_01_18_nato_ensures_quantum_ready_alliance_with_its_first_ever_quan_0528a906] Loaded 52 extracted records
[12:39:15 +3m 43s | thequantuminsider_2024_01_18_nato_ensures_quantum_ready_alliance_with_its_first_ever_quan_0528a906] Saved 2_actor_nodes.json with 14 canonical actor nodes

[12:39:15 +3m 43s | thequantuminsider_2024_01_18_nato_ensures_quantum_ready_alliance_with_its_first_ever_quan_0528a906] === 3 interaction extraction ===
[12:39:16 +3m 44s | thequantuminsider_2024_01_18_nato_ensures_quantum_ready_alliance_with_its_first_ever_quan_0528a906] Extracting interactions: https://thequantuminsider.com/2024/01/18/nato-ensures-quantum-ready-alliance-with-its-first-ever-quantum-strategy (1/1), chunk 11/34
[12:39:20 +3m 47s | thequantuminsider_2024_01_18_nato_ensures_quantum_ready_alliance_with_its_first_ever_quan_0528a906] Extracting interactions: https://thequantuminsider.com/2024/01/18/nato-ensures-quantum-ready-alliance-with-its-first-ever-quantum-strategy (1/1), chunk 13/34
[12:39:31 +3m 59s | thequantuminsider_2024_01_18_nato_ensures_quantum_ready_alliance_with_its_first_ever_quan_0528a906] Extracting interactions: https://thequantuminsider.com/2024/01/18/nato-ensures-quantum-ready-alliance-with-its-first-ever-quantum-strategy (1/1), chunk 14/34
[12:39:43 +4m 11s | thequantuminsider_2024_01_18_nato_ensures_quantum_ready_alliance_with_its_first_ever_quan_0528a906] Extracting interactions: https://thequantuminsider.com/2024/01/18/nato-ensures-quantum-ready-alliance-with-its-first-ever-quantum-strategy (1/1), chunk 15/34
[12:39:52 +4m 20s | thequantuminsider_2024_01_18_nato_ensures_quantum_ready_alliance_with_its_first_ever_quan_0528a906] Extracting interactions: https://thequantuminsider.com/2024/01/18/nato-ensures-quantum-ready-alliance-with-its-first-ever-quantum-strategy (1/1), chunk 16/34
[12:39:55 +4m 23s | thequantuminsider_2024_01_18_nato_ensures_quantum_ready_alliance_with_its_first_ever_quan_0528a906] Extracting interactions: https://thequantuminsider.com/2024/01/18/nato-ensures-quantum-ready-alliance-with-its-first-ever-quantum-strategy (1/1), chunk 17/34
[12:39:59 +4m 27s | thequantuminsider_2024_01_18_nato_ensures_quantum_ready_alliance_with_its_first_ever_quan_0528a906] Extracting interactions: https://thequantuminsider.com/2024/01/18/nato-ensures-quantum-ready-alliance-with-its-first-ever-quantum-strategy (1/1), chunk 18/34
[12:40:04 +4m 32s | thequantuminsider_2024_01_18_nato_ensures_quantum_ready_alliance_with_its_first_ever_quan_0528a906] Extracting interactions: https://thequantuminsider.com/2024/01/18/nato-ensures-quantum-ready-alliance-with-its-first-ever-quantum-strategy (1/1), chunk 19/34
[12:40:11 +4m 39s | thequantuminsider_2024_01_18_nato_ensures_quantum_ready_alliance_with_its_first_ever_quan_0528a906] Extracting interactions: https://thequantuminsider.com/2024/01/18/nato-ensures-quantum-ready-alliance-with-its-first-ever-quantum-strategy (1/1), chunk 20/34
[12:40:17 +4m 45s | thequantuminsider_2024_01_18_nato_ensures_quantum_ready_alliance_with_its_first_ever_quan_0528a906] Extracting interactions: https://thequantuminsider.com/2024/01/18/nato-ensures-quantum-ready-alliance-with-its-first-ever-quantum-strategy (1/1), chunk 23/34
[12:40:24 +4m 51s | thequantuminsider_2024_01_18_nato_ensures_quantum_ready_alliance_with_its_first_ever_quan_0528a906] Extracting interactions: https://thequantuminsider.com/2024/01/18/nato-ensures-quantum-ready-alliance-with-its-first-ever-quantum-strategy (1/1), chunk 24/34
[12:40:25 +4m 53s | thequantuminsider_2024_01_18_nato_ensures_quantum_ready_alliance_with_its_first_ever_quan_0528a906] Extracting interactions: https://thequantuminsider.com/2024/01/18/nato-ensures-quantum-ready-alliance-with-its-first-ever-quantum-strategy (1/1), chunk 25/34
[12:40:27 +4m 54s | thequantuminsider_2024_01_18_nato_ensures_quantum_ready_alliance_with_its_first_ever_quan_0528a906] Extracting interactions: https://thequantuminsider.com/2024/01/18/nato-ensures-quantum-ready-alliance-with-its-first-ever-quantum-strategy (1/1), chunk 26/34
[12:40:28 +4m 56s | thequantuminsider_2024_01_18_nato_ensures_quantum_ready_alliance_with_its_first_ever_quan_0528a906] Extracting interactions: https://thequantuminsider.com/2024/01/18/nato-ensures-quantum-ready-alliance-with-its-first-ever-quantum-strategy (1/1), chunk 27/34
[12:40:29 +4m 57s | thequantuminsider_2024_01_18_nato_ensures_quantum_ready_alliance_with_its_first_ever_quan_0528a906] Extracting interactions: https://thequantuminsider.com/2024/01/18/nato-ensures-quantum-ready-alliance-with-its-first-ever-quantum-strategy (1/1), chunk 28/34
[12:40:38 +5m 6s | thequantuminsider_2024_01_18_nato_ensures_quantum_ready_alliance_with_its_first_ever_quan_0528a906] Extracting interactions: https://thequantuminsider.com/2024/01/18/nato-ensures-quantum-ready-alliance-with-its-first-ever-quantum-strategy (1/1), chunk 29/34
[12:40:40 +5m 8s | thequantuminsider_2024_01_18_nato_ensures_quantum_ready_alliance_with_its_first_ever_quan_0528a906] Extracting interactions: https://thequantuminsider.com/2024/01/18/nato-ensures-quantum-ready-alliance-with-its-first-ever-quantum-strategy (1/1), chunk 30/34
[12:40:41 +5m 9s | thequantuminsider_2024_01_18_nato_ensures_quantum_ready_alliance_with_its_first_ever_quan_0528a906] Extracting interactions: https://thequantuminsider.com/2024/01/18/nato-ensures-quantum-ready-alliance-with-its-first-ever-quantum-strategy (1/1), chunk 32/34
[12:40:43 +5m 11s | thequantuminsider_2024_01_18_nato_ensures_quantum_ready_alliance_with_its_first_ever_quan_0528a906] Extracting interactions: https://thequantuminsider.com/2024/01/18/nato-ensures-quantum-ready-alliance-with-its-first-ever-quantum-strategy (1/1), chunk 33/34
[12:40:57 +5m 25s | thequantuminsider_2024_01_18_nato_ensures_quantum_ready_alliance_with_its_first_ever_quan_0528a906] Extracting interactions: https://thequantuminsider.com/2024/01/18/nato-ensures-quantum-ready-alliance-with-its-first-ever-quantum-strategy (1/1), chunk 34/34
[12:40:58 +5m 26s | thequantuminsider_2024_01_18_nato_ensures_quantum_ready_alliance_with_its_first_ever_quan_0528a906] Saved 3_interaction_results.json with 21 extracted interactions.

[12:40:59 +5m 27s | thequantuminsider_2024_01_18_nato_ensures_quantum_ready_alliance_with_its_first_ever_quan_0528a906] === 4 clean interactions ===
[12:40:59 +5m 27s | thequantuminsider_2024_01_18_nato_ensures_quantum_ready_alliance_with_its_first_ever_quan_0528a906] Saved 4_edges.json with 6 cleaned interactions.

[12:40:59 +5m 27s | thequantuminsider_2024_01_18_nato_ensures_quantum_ready_alliance_with_its_first_ever_quan_0528a906] === 5 helix enrichment ===
[12:40:59 +5m 27s | thequantuminsider_2024_01_18_nato_ensures_quantum_ready_alliance_with_its_first_ever_quan_0528a906] Wrote 5_nodes.json (14 actors)
[12:40:59 +5m 27s | thequantuminsider_2024_01_18_nato_ensures_quantum_ready_alliance_with_its_first_ever_quan_0528a906] Wrote 5_edges.json (6 interactions)
[12:40:59 +5m 27s | thequantuminsider_2024_01_18_nato_ensures_quantum_ready_alliance_with_its_first_ever_quan_0528a906] Actor helix counts: {'Academia': 1, 'Civil Society': 1, 'Government': 1, 'Industry': 3, 'Intermediary': 2, 'Unknown': 6}
[12:40:59 +5m 27s | thequantuminsider_2024_01_18_nato_ensures_quantum_ready_alliance_with_its_first_ever_quan_0528a906] Functional-space counts: {'Intra-helix / Not classified': 6}

[12:40:59 +5m 27s | thequantuminsider_2024_01_18_nato_ensures_quantum_ready_alliance_with_its_first_ever_quan_0528a906] === 6 network visualisation ===
[12:41:00 +5m 27s | thequantuminsider_2024_01_18_nato_ensures_quantum_ready_alliance_with_its_first_ever_quan_0528a906] Wrote quantum_network.html
[12:41:00 +5m 27s | thequantuminsider_2024_01_18_nato_ensures_quantum_ready_alliance_with_its_first_ever_quan_0528a906] Nodes: 14
[12:41:00 +5m 27s | thequantuminsider_2024_01_18_nato_ensures_quantum_ready_alliance_with_its_first_ever_quan_0528a906] Edges: 1

[12:41:00 +5m 28s | thequantuminsider_2024_01_18_nato_ensures_quantum_ready_alliance_with_its_first_ever_quan_0528a906] Done. Outputs written to: /home/lv/IDP/idpdeeptech/pipeline/news_outputs/thequantuminsider_2024_01_18_nato_ensures_quantum_ready_alliance_with_its_first_ever_quan_0528a906
[12:41:00 +5m 28s | thequantuminsider_2024_01_18_nato_ensures_quantum_ready_alliance_with_its_first_ever_quan_0528a906] Log: /home/lv/IDP/idpdeeptech/pipeline/news_outputs/thequantuminsider_2024_01_18_nato_ensures_quantum_ready_alliance_with_its_first_ever_quan_0528a906/run.log

========================================================================
RUN FINISHED 2026-07-02 12:41:00  (OK)
Started:     2026-07-02 12:35:32
Elapsed:     5m 28s
========================================================================
