
========================================================================
RUN STARTED  2026-07-01 17:40:22
site_pipeline.py https://thequantuminsider.com/2019/10/21/researchers-take-a-quantum-simulator-for-a-spin-through-spacetime/
========================================================================

[17:40:22 +0s | thequantuminsider_2019_10_21_researchers_take_a_quantum_simulator_for_a_spin_through_spacetime] === 0 crawl site ===
[17:40:23 +1s | thequantuminsider_2019_10_21_researchers_take_a_quantum_simulator_for_a_spin_through_spacetime] [INIT].... → Crawl4AI 0.8.6 
[17:40:29 +6s | thequantuminsider_2019_10_21_researchers_take_a_quantum_simulator_for_a_spin_through_spacetime] [FETCH]... ↓ https://thequantuminsider.com/2019/10/21/researc...-quantum-simulator-for-a-spin-through-spacetime/  | ✓ | ⏱: 5.37s 
[17:40:29 +7s | thequantuminsider_2019_10_21_researchers_take_a_quantum_simulator_for_a_spin_through_spacetime] [SCRAPE].. ◆ https://thequantuminsider.com/2019/10/21/researc...-quantum-simulator-for-a-spin-through-spacetime/  | ✓ | ⏱: 0.10s 
[17:40:29 +7s | thequantuminsider_2019_10_21_researchers_take_a_quantum_simulator_for_a_spin_through_spacetime] [COMPLETE] ● https://thequantuminsider.com/2019/10/21/researc...-quantum-simulator-for-a-spin-through-spacetime/  | ✓ | ⏱: 5.48s 
[17:40:29 +7s | thequantuminsider_2019_10_21_researchers_take_a_quantum_simulator_for_a_spin_through_spacetime] Saved: crawl_output/ac33dbe727_thequantuminsider.com_2019_10_21_researchers-take-a-quantum-simulator-for-a-spin-through-spacetime.json

[17:40:29 +7s | thequantuminsider_2019_10_21_researchers_take_a_quantum_simulator_for_a_spin_through_spacetime] === 1 actor extraction ===
[17:40:29 +7s | thequantuminsider_2019_10_21_researchers_take_a_quantum_simulator_for_a_spin_through_spacetime] Reading page (1/1): https://thequantuminsider.com/2019/10/21/researchers-take-a-quantum-simulator-for-a-spin-through-spacetime
[17:40:29 +7s | thequantuminsider_2019_10_21_researchers_take_a_quantum_simulator_for_a_spin_through_spacetime] Extracting actors: https://thequantuminsider.com/2019/10/21/researchers-take-a-quantum-simulator-for-a-spin-through-spacetime (1/1), chunk 1/37
[17:40:34 +12s | thequantuminsider_2019_10_21_researchers_take_a_quantum_simulator_for_a_spin_through_spacetime] Extracting actors: https://thequantuminsider.com/2019/10/21/researchers-take-a-quantum-simulator-for-a-spin-through-spacetime (1/1), chunk 2/37
[17:40:37 +15s | thequantuminsider_2019_10_21_researchers_take_a_quantum_simulator_for_a_spin_through_spacetime] Extracting actors: https://thequantuminsider.com/2019/10/21/researchers-take-a-quantum-simulator-for-a-spin-through-spacetime (1/1), chunk 3/37
[17:40:43 +21s | thequantuminsider_2019_10_21_researchers_take_a_quantum_simulator_for_a_spin_through_spacetime] Extracting actors: https://thequantuminsider.com/2019/10/21/researchers-take-a-quantum-simulator-for-a-spin-through-spacetime (1/1), chunk 4/37
[17:40:48 +26s | thequantuminsider_2019_10_21_researchers_take_a_quantum_simulator_for_a_spin_through_spacetime] Extracting actors: https://thequantuminsider.com/2019/10/21/researchers-take-a-quantum-simulator-for-a-spin-through-spacetime (1/1), chunk 5/37
[17:40:55 +29s | thequantuminsider_2019_10_21_researchers_take_a_quantum_simulator_for_a_spin_through_spacetime] Extracting actors: https://thequantuminsider.com/2019/10/21/researchers-take-a-quantum-simulator-for-a-spin-through-spacetime (1/1), chunk 6/37
[17:41:01 +36s | thequantuminsider_2019_10_21_researchers_take_a_quantum_simulator_for_a_spin_through_spacetime] Extracting actors: https://thequantuminsider.com/2019/10/21/researchers-take-a-quantum-simulator-for-a-spin-through-spacetime (1/1), chunk 7/37
[17:41:09 +44s | thequantuminsider_2019_10_21_researchers_take_a_quantum_simulator_for_a_spin_through_spacetime] Extracting actors: https://thequantuminsider.com/2019/10/21/researchers-take-a-quantum-simulator-for-a-spin-through-spacetime (1/1), chunk 8/37
[17:41:15 +50s | thequantuminsider_2019_10_21_researchers_take_a_quantum_simulator_for_a_spin_through_spacetime] Extracting actors: https://thequantuminsider.com/2019/10/21/researchers-take-a-quantum-simulator-for-a-spin-through-spacetime (1/1), chunk 9/37
[17:41:24 +58s | thequantuminsider_2019_10_21_researchers_take_a_quantum_simulator_for_a_spin_through_spacetime] Extracting actors: https://thequantuminsider.com/2019/10/21/researchers-take-a-quantum-simulator-for-a-spin-through-spacetime (1/1), chunk 10/37
[17:41:38 +1m 8s | thequantuminsider_2019_10_21_researchers_take_a_quantum_simulator_for_a_spin_through_spacetime] Extracting actors: https://thequantuminsider.com/2019/10/21/researchers-take-a-quantum-simulator-for-a-spin-through-spacetime (1/1), chunk 11/37
[17:41:43 +1m 13s | thequantuminsider_2019_10_21_researchers_take_a_quantum_simulator_for_a_spin_through_spacetime] Extracting actors: https://thequantuminsider.com/2019/10/21/researchers-take-a-quantum-simulator-for-a-spin-through-spacetime (1/1), chunk 12/37
[17:41:52 +1m 22s | thequantuminsider_2019_10_21_researchers_take_a_quantum_simulator_for_a_spin_through_spacetime] Repaired malformed JSON.
[17:41:52 +1m 22s | thequantuminsider_2019_10_21_researchers_take_a_quantum_simulator_for_a_spin_through_spacetime] Extracting actors: https://thequantuminsider.com/2019/10/21/researchers-take-a-quantum-simulator-for-a-spin-through-spacetime (1/1), chunk 13/37
[17:42:00 +1m 30s | thequantuminsider_2019_10_21_researchers_take_a_quantum_simulator_for_a_spin_through_spacetime] Repaired malformed JSON.
[17:42:00 +1m 30s | thequantuminsider_2019_10_21_researchers_take_a_quantum_simulator_for_a_spin_through_spacetime] Extracting actors: https://thequantuminsider.com/2019/10/21/researchers-take-a-quantum-simulator-for-a-spin-through-spacetime (1/1), chunk 14/37
[17:42:06 +1m 35s | thequantuminsider_2019_10_21_researchers_take_a_quantum_simulator_for_a_spin_through_spacetime] Extracting actors: https://thequantuminsider.com/2019/10/21/researchers-take-a-quantum-simulator-for-a-spin-through-spacetime (1/1), chunk 15/37
[17:42:13 +1m 42s | thequantuminsider_2019_10_21_researchers_take_a_quantum_simulator_for_a_spin_through_spacetime] Repaired malformed JSON.
[17:42:13 +1m 42s | thequantuminsider_2019_10_21_researchers_take_a_quantum_simulator_for_a_spin_through_spacetime] Extracting actors: https://thequantuminsider.com/2019/10/21/researchers-take-a-quantum-simulator-for-a-spin-through-spacetime (1/1), chunk 16/37
[17:42:22 +1m 50s | thequantuminsider_2019_10_21_researchers_take_a_quantum_simulator_for_a_spin_through_spacetime] Repaired malformed JSON.
[17:42:22 +1m 50s | thequantuminsider_2019_10_21_researchers_take_a_quantum_simulator_for_a_spin_through_spacetime] Extracting actors: https://thequantuminsider.com/2019/10/21/researchers-take-a-quantum-simulator-for-a-spin-through-spacetime (1/1), chunk 17/37
[17:42:27 +1m 56s | thequantuminsider_2019_10_21_researchers_take_a_quantum_simulator_for_a_spin_through_spacetime] Repaired malformed JSON.
[17:42:27 +1m 56s | thequantuminsider_2019_10_21_researchers_take_a_quantum_simulator_for_a_spin_through_spacetime] Extracting actors: https://thequantuminsider.com/2019/10/21/researchers-take-a-quantum-simulator-for-a-spin-through-spacetime (1/1), chunk 18/37
[17:42:33 +2m 2s | thequantuminsider_2019_10_21_researchers_take_a_quantum_simulator_for_a_spin_through_spacetime] Repaired malformed JSON.
[17:42:33 +2m 2s | thequantuminsider_2019_10_21_researchers_take_a_quantum_simulator_for_a_spin_through_spacetime] Extracting actors: https://thequantuminsider.com/2019/10/21/researchers-take-a-quantum-simulator-for-a-spin-through-spacetime (1/1), chunk 19/37
[17:42:44 +2m 9s | thequantuminsider_2019_10_21_researchers_take_a_quantum_simulator_for_a_spin_through_spacetime] Repaired malformed JSON.
[17:42:44 +2m 9s | thequantuminsider_2019_10_21_researchers_take_a_quantum_simulator_for_a_spin_through_spacetime] Extracting actors: https://thequantuminsider.com/2019/10/21/researchers-take-a-quantum-simulator-for-a-spin-through-spacetime (1/1), chunk 20/37
[17:42:50 +2m 16s | thequantuminsider_2019_10_21_researchers_take_a_quantum_simulator_for_a_spin_through_spacetime] Repaired malformed JSON.
[17:42:50 +2m 16s | thequantuminsider_2019_10_21_researchers_take_a_quantum_simulator_for_a_spin_through_spacetime] Extracting actors: https://thequantuminsider.com/2019/10/21/researchers-take-a-quantum-simulator-for-a-spin-through-spacetime (1/1), chunk 21/37
[17:42:59 +2m 24s | thequantuminsider_2019_10_21_researchers_take_a_quantum_simulator_for_a_spin_through_spacetime] Repaired malformed JSON.
[17:42:59 +2m 24s | thequantuminsider_2019_10_21_researchers_take_a_quantum_simulator_for_a_spin_through_spacetime] Extracting actors: https://thequantuminsider.com/2019/10/21/researchers-take-a-quantum-simulator-for-a-spin-through-spacetime (1/1), chunk 22/37
[17:43:07 +2m 33s | thequantuminsider_2019_10_21_researchers_take_a_quantum_simulator_for_a_spin_through_spacetime] Repaired malformed JSON.
[17:43:07 +2m 33s | thequantuminsider_2019_10_21_researchers_take_a_quantum_simulator_for_a_spin_through_spacetime] Extracting actors: https://thequantuminsider.com/2019/10/21/researchers-take-a-quantum-simulator-for-a-spin-through-spacetime (1/1), chunk 23/37
[17:43:17 +2m 40s | thequantuminsider_2019_10_21_researchers_take_a_quantum_simulator_for_a_spin_through_spacetime] Repaired malformed JSON.
[17:43:17 +2m 40s | thequantuminsider_2019_10_21_researchers_take_a_quantum_simulator_for_a_spin_through_spacetime] Extracting actors: https://thequantuminsider.com/2019/10/21/researchers-take-a-quantum-simulator-for-a-spin-through-spacetime (1/1), chunk 24/37
[17:43:23 +2m 46s | thequantuminsider_2019_10_21_researchers_take_a_quantum_simulator_for_a_spin_through_spacetime] Repaired malformed JSON.
[17:43:23 +2m 46s | thequantuminsider_2019_10_21_researchers_take_a_quantum_simulator_for_a_spin_through_spacetime] Extracting actors: https://thequantuminsider.com/2019/10/21/researchers-take-a-quantum-simulator-for-a-spin-through-spacetime (1/1), chunk 25/37
[17:43:27 +2m 50s | thequantuminsider_2019_10_21_researchers_take_a_quantum_simulator_for_a_spin_through_spacetime] Extracting actors: https://thequantuminsider.com/2019/10/21/researchers-take-a-quantum-simulator-for-a-spin-through-spacetime (1/1), chunk 26/37
[17:43:33 +2m 56s | thequantuminsider_2019_10_21_researchers_take_a_quantum_simulator_for_a_spin_through_spacetime] Repaired malformed JSON.
[17:43:33 +2m 56s | thequantuminsider_2019_10_21_researchers_take_a_quantum_simulator_for_a_spin_through_spacetime] Extracting actors: https://thequantuminsider.com/2019/10/21/researchers-take-a-quantum-simulator-for-a-spin-through-spacetime (1/1), chunk 27/37
[17:43:38 +3m 1s | thequantuminsider_2019_10_21_researchers_take_a_quantum_simulator_for_a_spin_through_spacetime] Extracting actors: https://thequantuminsider.com/2019/10/21/researchers-take-a-quantum-simulator-for-a-spin-through-spacetime (1/1), chunk 28/37
[17:43:40 +3m 3s | thequantuminsider_2019_10_21_researchers_take_a_quantum_simulator_for_a_spin_through_spacetime] Extracting actors: https://thequantuminsider.com/2019/10/21/researchers-take-a-quantum-simulator-for-a-spin-through-spacetime (1/1), chunk 29/37
[17:43:42 +3m 5s | thequantuminsider_2019_10_21_researchers_take_a_quantum_simulator_for_a_spin_through_spacetime] Extracting actors: https://thequantuminsider.com/2019/10/21/researchers-take-a-quantum-simulator-for-a-spin-through-spacetime (1/1), chunk 30/37
[17:43:48 +3m 11s | thequantuminsider_2019_10_21_researchers_take_a_quantum_simulator_for_a_spin_through_spacetime] Repaired malformed JSON.
[17:43:48 +3m 11s | thequantuminsider_2019_10_21_researchers_take_a_quantum_simulator_for_a_spin_through_spacetime] Extracting actors: https://thequantuminsider.com/2019/10/21/researchers-take-a-quantum-simulator-for-a-spin-through-spacetime (1/1), chunk 31/37
[17:43:57 +3m 17s | thequantuminsider_2019_10_21_researchers_take_a_quantum_simulator_for_a_spin_through_spacetime] Repaired malformed JSON.
[17:43:57 +3m 17s | thequantuminsider_2019_10_21_researchers_take_a_quantum_simulator_for_a_spin_through_spacetime] Extracting actors: https://thequantuminsider.com/2019/10/21/researchers-take-a-quantum-simulator-for-a-spin-through-spacetime (1/1), chunk 32/37
[17:44:03 +3m 23s | thequantuminsider_2019_10_21_researchers_take_a_quantum_simulator_for_a_spin_through_spacetime] Repaired malformed JSON.
[17:44:03 +3m 23s | thequantuminsider_2019_10_21_researchers_take_a_quantum_simulator_for_a_spin_through_spacetime] Extracting actors: https://thequantuminsider.com/2019/10/21/researchers-take-a-quantum-simulator-for-a-spin-through-spacetime (1/1), chunk 33/37
[17:44:10 +3m 30s | thequantuminsider_2019_10_21_researchers_take_a_quantum_simulator_for_a_spin_through_spacetime] Repaired malformed JSON.
[17:44:10 +3m 30s | thequantuminsider_2019_10_21_researchers_take_a_quantum_simulator_for_a_spin_through_spacetime] Extracting actors: https://thequantuminsider.com/2019/10/21/researchers-take-a-quantum-simulator-for-a-spin-through-spacetime (1/1), chunk 34/37
[17:44:19 +3m 39s | thequantuminsider_2019_10_21_researchers_take_a_quantum_simulator_for_a_spin_through_spacetime] Repaired malformed JSON.
[17:44:19 +3m 39s | thequantuminsider_2019_10_21_researchers_take_a_quantum_simulator_for_a_spin_through_spacetime] Extracting actors: https://thequantuminsider.com/2019/10/21/researchers-take-a-quantum-simulator-for-a-spin-through-spacetime (1/1), chunk 35/37
[17:44:28 +3m 45s | thequantuminsider_2019_10_21_researchers_take_a_quantum_simulator_for_a_spin_through_spacetime] Repaired malformed JSON.
[17:44:28 +3m 45s | thequantuminsider_2019_10_21_researchers_take_a_quantum_simulator_for_a_spin_through_spacetime] Extracting actors: https://thequantuminsider.com/2019/10/21/researchers-take-a-quantum-simulator-for-a-spin-through-spacetime (1/1), chunk 36/37
[17:44:34 +3m 51s | thequantuminsider_2019_10_21_researchers_take_a_quantum_simulator_for_a_spin_through_spacetime] Repaired malformed JSON.
[17:44:34 +3m 51s | thequantuminsider_2019_10_21_researchers_take_a_quantum_simulator_for_a_spin_through_spacetime] Extracting actors: https://thequantuminsider.com/2019/10/21/researchers-take-a-quantum-simulator-for-a-spin-through-spacetime (1/1), chunk 37/37
[17:44:41 +3m 58s | thequantuminsider_2019_10_21_researchers_take_a_quantum_simulator_for_a_spin_through_spacetime] Repaired malformed JSON.
[17:44:41 +3m 58s | thequantuminsider_2019_10_21_researchers_take_a_quantum_simulator_for_a_spin_through_spacetime] Saved 1_actor_results.json with 53 extracted records

[17:44:41 +3m 58s | thequantuminsider_2019_10_21_researchers_take_a_quantum_simulator_for_a_spin_through_spacetime] === 2 clean actors ===
[17:44:41 +3m 58s | thequantuminsider_2019_10_21_researchers_take_a_quantum_simulator_for_a_spin_through_spacetime] Loaded 53 extracted records
[17:44:41 +3m 58s | thequantuminsider_2019_10_21_researchers_take_a_quantum_simulator_for_a_spin_through_spacetime] Saved 2_actor_nodes.json with 18 canonical actor nodes

[17:44:41 +3m 58s | thequantuminsider_2019_10_21_researchers_take_a_quantum_simulator_for_a_spin_through_spacetime] === 3 interaction extraction ===
[17:44:42 +3m 58s | thequantuminsider_2019_10_21_researchers_take_a_quantum_simulator_for_a_spin_through_spacetime] Extracting interactions: https://thequantuminsider.com/2019/10/21/researchers-take-a-quantum-simulator-for-a-spin-through-spacetime (1/1), chunk 15/37
[17:44:49 +4m 6s | thequantuminsider_2019_10_21_researchers_take_a_quantum_simulator_for_a_spin_through_spacetime] Extracting interactions: https://thequantuminsider.com/2019/10/21/researchers-take-a-quantum-simulator-for-a-spin-through-spacetime (1/1), chunk 16/37
[17:44:55 +4m 11s | thequantuminsider_2019_10_21_researchers_take_a_quantum_simulator_for_a_spin_through_spacetime] Extracting interactions: https://thequantuminsider.com/2019/10/21/researchers-take-a-quantum-simulator-for-a-spin-through-spacetime (1/1), chunk 17/37
[17:45:03 +4m 17s | thequantuminsider_2019_10_21_researchers_take_a_quantum_simulator_for_a_spin_through_spacetime] Extracting interactions: https://thequantuminsider.com/2019/10/21/researchers-take-a-quantum-simulator-for-a-spin-through-spacetime (1/1), chunk 18/37
[17:45:08 +4m 22s | thequantuminsider_2019_10_21_researchers_take_a_quantum_simulator_for_a_spin_through_spacetime] Extracting interactions: https://thequantuminsider.com/2019/10/21/researchers-take-a-quantum-simulator-for-a-spin-through-spacetime (1/1), chunk 19/37
[17:45:21 +4m 35s | thequantuminsider_2019_10_21_researchers_take_a_quantum_simulator_for_a_spin_through_spacetime] Extracting interactions: https://thequantuminsider.com/2019/10/21/researchers-take-a-quantum-simulator-for-a-spin-through-spacetime (1/1), chunk 20/37
[17:45:27 +4m 41s | thequantuminsider_2019_10_21_researchers_take_a_quantum_simulator_for_a_spin_through_spacetime] Extracting interactions: https://thequantuminsider.com/2019/10/21/researchers-take-a-quantum-simulator-for-a-spin-through-spacetime (1/1), chunk 21/37
[17:45:31 +4m 45s | thequantuminsider_2019_10_21_researchers_take_a_quantum_simulator_for_a_spin_through_spacetime] Extracting interactions: https://thequantuminsider.com/2019/10/21/researchers-take-a-quantum-simulator-for-a-spin-through-spacetime (1/1), chunk 22/37
[17:45:45 +4m 56s | thequantuminsider_2019_10_21_researchers_take_a_quantum_simulator_for_a_spin_through_spacetime] Extracting interactions: https://thequantuminsider.com/2019/10/21/researchers-take-a-quantum-simulator-for-a-spin-through-spacetime (1/1), chunk 23/37
[17:45:50 +5m 1s | thequantuminsider_2019_10_21_researchers_take_a_quantum_simulator_for_a_spin_through_spacetime] Extracting interactions: https://thequantuminsider.com/2019/10/21/researchers-take-a-quantum-simulator-for-a-spin-through-spacetime (1/1), chunk 26/37
[17:45:53 +5m 4s | thequantuminsider_2019_10_21_researchers_take_a_quantum_simulator_for_a_spin_through_spacetime] Extracting interactions: https://thequantuminsider.com/2019/10/21/researchers-take-a-quantum-simulator-for-a-spin-through-spacetime (1/1), chunk 27/37
[17:45:55 +5m 6s | thequantuminsider_2019_10_21_researchers_take_a_quantum_simulator_for_a_spin_through_spacetime] Extracting interactions: https://thequantuminsider.com/2019/10/21/researchers-take-a-quantum-simulator-for-a-spin-through-spacetime (1/1), chunk 28/37
[17:45:56 +5m 7s | thequantuminsider_2019_10_21_researchers_take_a_quantum_simulator_for_a_spin_through_spacetime] Extracting interactions: https://thequantuminsider.com/2019/10/21/researchers-take-a-quantum-simulator-for-a-spin-through-spacetime (1/1), chunk 30/37
[17:45:58 +5m 9s | thequantuminsider_2019_10_21_researchers_take_a_quantum_simulator_for_a_spin_through_spacetime] Extracting interactions: https://thequantuminsider.com/2019/10/21/researchers-take-a-quantum-simulator-for-a-spin-through-spacetime (1/1), chunk 31/37
[17:45:59 +5m 10s | thequantuminsider_2019_10_21_researchers_take_a_quantum_simulator_for_a_spin_through_spacetime] Extracting interactions: https://thequantuminsider.com/2019/10/21/researchers-take-a-quantum-simulator-for-a-spin-through-spacetime (1/1), chunk 32/37
[17:46:18 +5m 26s | thequantuminsider_2019_10_21_researchers_take_a_quantum_simulator_for_a_spin_through_spacetime] Extracting interactions: https://thequantuminsider.com/2019/10/21/researchers-take-a-quantum-simulator-for-a-spin-through-spacetime (1/1), chunk 33/37
[17:46:21 +5m 29s | thequantuminsider_2019_10_21_researchers_take_a_quantum_simulator_for_a_spin_through_spacetime] Extracting interactions: https://thequantuminsider.com/2019/10/21/researchers-take-a-quantum-simulator-for-a-spin-through-spacetime (1/1), chunk 35/37
[17:46:23 +5m 31s | thequantuminsider_2019_10_21_researchers_take_a_quantum_simulator_for_a_spin_through_spacetime] Extracting interactions: https://thequantuminsider.com/2019/10/21/researchers-take-a-quantum-simulator-for-a-spin-through-spacetime (1/1), chunk 36/37
[17:46:24 +5m 32s | thequantuminsider_2019_10_21_researchers_take_a_quantum_simulator_for_a_spin_through_spacetime] Extracting interactions: https://thequantuminsider.com/2019/10/21/researchers-take-a-quantum-simulator-for-a-spin-through-spacetime (1/1), chunk 37/37
[17:46:26 +5m 34s | thequantuminsider_2019_10_21_researchers_take_a_quantum_simulator_for_a_spin_through_spacetime] Saved 3_interaction_results.json with 21 extracted interactions.

[17:46:26 +5m 34s | thequantuminsider_2019_10_21_researchers_take_a_quantum_simulator_for_a_spin_through_spacetime] === 4 clean interactions ===
[17:46:26 +5m 34s | thequantuminsider_2019_10_21_researchers_take_a_quantum_simulator_for_a_spin_through_spacetime] Saved 4_edges.json with 0 cleaned interactions.

[17:46:26 +5m 34s | thequantuminsider_2019_10_21_researchers_take_a_quantum_simulator_for_a_spin_through_spacetime] === 5 helix enrichment ===
[17:46:26 +5m 34s | thequantuminsider_2019_10_21_researchers_take_a_quantum_simulator_for_a_spin_through_spacetime] Wrote 5_nodes.json (18 actors)
[17:46:26 +5m 34s | thequantuminsider_2019_10_21_researchers_take_a_quantum_simulator_for_a_spin_through_spacetime] Wrote 5_edges.json (0 interactions)
[17:46:26 +5m 34s | thequantuminsider_2019_10_21_researchers_take_a_quantum_simulator_for_a_spin_through_spacetime] Actor helix counts: {'Academia': 2, 'Civil Society': 4, 'Government': 3, 'Industry': 2, 'Intermediary': 1, 'Unknown': 6}
[17:46:26 +5m 34s | thequantuminsider_2019_10_21_researchers_take_a_quantum_simulator_for_a_spin_through_spacetime] Functional-space counts: {}

[17:46:26 +5m 34s | thequantuminsider_2019_10_21_researchers_take_a_quantum_simulator_for_a_spin_through_spacetime] === 6 network visualisation ===
[17:46:26 +5m 34s | thequantuminsider_2019_10_21_researchers_take_a_quantum_simulator_for_a_spin_through_spacetime] Wrote quantum_network.html
[17:46:26 +5m 34s | thequantuminsider_2019_10_21_researchers_take_a_quantum_simulator_for_a_spin_through_spacetime] Nodes: 18
[17:46:26 +5m 34s | thequantuminsider_2019_10_21_researchers_take_a_quantum_simulator_for_a_spin_through_spacetime] Edges: 0

[17:46:26 +5m 34s | thequantuminsider_2019_10_21_researchers_take_a_quantum_simulator_for_a_spin_through_spacetime] Done. Outputs written to: /home/lv/IDP/idpdeeptech/pipeline/news_outputs/thequantuminsider_2019_10_21_researchers_take_a_quantum_simulator_for_a_spin_through_spacetime
[17:46:26 +5m 34s | thequantuminsider_2019_10_21_researchers_take_a_quantum_simulator_for_a_spin_through_spacetime] Log: /home/lv/IDP/idpdeeptech/pipeline/news_outputs/thequantuminsider_2019_10_21_researchers_take_a_quantum_simulator_for_a_spin_through_spacetime/run.log

========================================================================
RUN FINISHED 2026-07-01 17:46:26  (OK)
Started:     2026-07-01 17:40:22
Elapsed:     5m 34s
========================================================================
