
========================================================================
RUN STARTED  2026-07-02 04:03:58
site_pipeline.py https://thequantuminsider.com/2020/09/09/uk-start-up-aegiq-secures-1-4-million-to-develop-secure-quantum-communications/
========================================================================

[04:03:58 +0s | thequantuminsider_2020_09_09_uk_start_up_aegiq_secures_1_4_million_to_develop_secure_quan_defda27f] === 0 crawl site ===
[04:04:02 +1s | thequantuminsider_2020_09_09_uk_start_up_aegiq_secures_1_4_million_to_develop_secure_quan_defda27f] [INIT].... → Crawl4AI 0.8.6 
[04:04:04 +3s | thequantuminsider_2020_09_09_uk_start_up_aegiq_secures_1_4_million_to_develop_secure_quan_defda27f] [FETCH]... ↓ https://thequantuminsider.com/2020/09/09/uk-star...illion-to-develop-secure-quantum-communications/  | ✓ | ⏱: 2.01s 
[04:04:04 +3s | thequantuminsider_2020_09_09_uk_start_up_aegiq_secures_1_4_million_to_develop_secure_quan_defda27f] [SCRAPE].. ◆ https://thequantuminsider.com/2020/09/09/uk-star...illion-to-develop-secure-quantum-communications/  | ✓ | ⏱: 0.09s 
[04:04:04 +3s | thequantuminsider_2020_09_09_uk_start_up_aegiq_secures_1_4_million_to_develop_secure_quan_defda27f] [COMPLETE] ● https://thequantuminsider.com/2020/09/09/uk-star...illion-to-develop-secure-quantum-communications/  | ✓ | ⏱: 2.11s 
[04:04:04 +3s | thequantuminsider_2020_09_09_uk_start_up_aegiq_secures_1_4_million_to_develop_secure_quan_defda27f] Saved: crawl_output/1a969f3371_thequantuminsider.com_2020_09_09_uk-start-up-aegiq-secures-1-4-million-to-develop-secure-quantum-communications.json

[04:04:05 +4s | thequantuminsider_2020_09_09_uk_start_up_aegiq_secures_1_4_million_to_develop_secure_quan_defda27f] === 1 actor extraction ===
[04:04:05 +4s | thequantuminsider_2020_09_09_uk_start_up_aegiq_secures_1_4_million_to_develop_secure_quan_defda27f] Reading page (1/1): https://thequantuminsider.com/2020/09/09/uk-start-up-aegiq-secures-1-4-million-to-develop-secure-quantum-communications
[04:04:05 +4s | thequantuminsider_2020_09_09_uk_start_up_aegiq_secures_1_4_million_to_develop_secure_quan_defda27f] Extracting actors: https://thequantuminsider.com/2020/09/09/uk-start-up-aegiq-secures-1-4-million-to-develop-secure-quantum-communications (1/1), chunk 1/38
[04:04:09 +8s | thequantuminsider_2020_09_09_uk_start_up_aegiq_secures_1_4_million_to_develop_secure_quan_defda27f] Extracting actors: https://thequantuminsider.com/2020/09/09/uk-start-up-aegiq-secures-1-4-million-to-develop-secure-quantum-communications (1/1), chunk 2/38
[04:04:13 +12s | thequantuminsider_2020_09_09_uk_start_up_aegiq_secures_1_4_million_to_develop_secure_quan_defda27f] Extracting actors: https://thequantuminsider.com/2020/09/09/uk-start-up-aegiq-secures-1-4-million-to-develop-secure-quantum-communications (1/1), chunk 3/38
[04:04:18 +17s | thequantuminsider_2020_09_09_uk_start_up_aegiq_secures_1_4_million_to_develop_secure_quan_defda27f] Extracting actors: https://thequantuminsider.com/2020/09/09/uk-start-up-aegiq-secures-1-4-million-to-develop-secure-quantum-communications (1/1), chunk 4/38
[04:04:22 +21s | thequantuminsider_2020_09_09_uk_start_up_aegiq_secures_1_4_million_to_develop_secure_quan_defda27f] Extracting actors: https://thequantuminsider.com/2020/09/09/uk-start-up-aegiq-secures-1-4-million-to-develop-secure-quantum-communications (1/1), chunk 5/38
[04:04:27 +26s | thequantuminsider_2020_09_09_uk_start_up_aegiq_secures_1_4_million_to_develop_secure_quan_defda27f] Extracting actors: https://thequantuminsider.com/2020/09/09/uk-start-up-aegiq-secures-1-4-million-to-develop-secure-quantum-communications (1/1), chunk 6/38
[04:04:32 +31s | thequantuminsider_2020_09_09_uk_start_up_aegiq_secures_1_4_million_to_develop_secure_quan_defda27f] Extracting actors: https://thequantuminsider.com/2020/09/09/uk-start-up-aegiq-secures-1-4-million-to-develop-secure-quantum-communications (1/1), chunk 7/38
[04:04:38 +34s | thequantuminsider_2020_09_09_uk_start_up_aegiq_secures_1_4_million_to_develop_secure_quan_defda27f] Extracting actors: https://thequantuminsider.com/2020/09/09/uk-start-up-aegiq-secures-1-4-million-to-develop-secure-quantum-communications (1/1), chunk 8/38
[04:04:44 +40s | thequantuminsider_2020_09_09_uk_start_up_aegiq_secures_1_4_million_to_develop_secure_quan_defda27f] Extracting actors: https://thequantuminsider.com/2020/09/09/uk-start-up-aegiq-secures-1-4-million-to-develop-secure-quantum-communications (1/1), chunk 9/38
[04:04:48 +44s | thequantuminsider_2020_09_09_uk_start_up_aegiq_secures_1_4_million_to_develop_secure_quan_defda27f] Extracting actors: https://thequantuminsider.com/2020/09/09/uk-start-up-aegiq-secures-1-4-million-to-develop-secure-quantum-communications (1/1), chunk 10/38
[04:04:55 +51s | thequantuminsider_2020_09_09_uk_start_up_aegiq_secures_1_4_million_to_develop_secure_quan_defda27f] Repaired malformed JSON.
[04:04:55 +51s | thequantuminsider_2020_09_09_uk_start_up_aegiq_secures_1_4_million_to_develop_secure_quan_defda27f] Extracting actors: https://thequantuminsider.com/2020/09/09/uk-start-up-aegiq-secures-1-4-million-to-develop-secure-quantum-communications (1/1), chunk 11/38
[04:05:03 +59s | thequantuminsider_2020_09_09_uk_start_up_aegiq_secures_1_4_million_to_develop_secure_quan_defda27f] Repaired malformed JSON.
[04:05:03 +59s | thequantuminsider_2020_09_09_uk_start_up_aegiq_secures_1_4_million_to_develop_secure_quan_defda27f] Extracting actors: https://thequantuminsider.com/2020/09/09/uk-start-up-aegiq-secures-1-4-million-to-develop-secure-quantum-communications (1/1), chunk 12/38
[04:05:13 +1m 6s | thequantuminsider_2020_09_09_uk_start_up_aegiq_secures_1_4_million_to_develop_secure_quan_defda27f] Repaired malformed JSON.
[04:05:13 +1m 6s | thequantuminsider_2020_09_09_uk_start_up_aegiq_secures_1_4_million_to_develop_secure_quan_defda27f] Extracting actors: https://thequantuminsider.com/2020/09/09/uk-start-up-aegiq-secures-1-4-million-to-develop-secure-quantum-communications (1/1), chunk 13/38
[04:05:21 +1m 14s | thequantuminsider_2020_09_09_uk_start_up_aegiq_secures_1_4_million_to_develop_secure_quan_defda27f] Repaired malformed JSON.
[04:05:21 +1m 14s | thequantuminsider_2020_09_09_uk_start_up_aegiq_secures_1_4_million_to_develop_secure_quan_defda27f] Extracting actors: https://thequantuminsider.com/2020/09/09/uk-start-up-aegiq-secures-1-4-million-to-develop-secure-quantum-communications (1/1), chunk 14/38
[04:05:28 +1m 21s | thequantuminsider_2020_09_09_uk_start_up_aegiq_secures_1_4_million_to_develop_secure_quan_defda27f] Repaired malformed JSON.
[04:05:28 +1m 21s | thequantuminsider_2020_09_09_uk_start_up_aegiq_secures_1_4_million_to_develop_secure_quan_defda27f] Extracting actors: https://thequantuminsider.com/2020/09/09/uk-start-up-aegiq-secures-1-4-million-to-develop-secure-quantum-communications (1/1), chunk 15/38
[04:05:35 +1m 28s | thequantuminsider_2020_09_09_uk_start_up_aegiq_secures_1_4_million_to_develop_secure_quan_defda27f] Repaired malformed JSON.
[04:05:35 +1m 28s | thequantuminsider_2020_09_09_uk_start_up_aegiq_secures_1_4_million_to_develop_secure_quan_defda27f] Extracting actors: https://thequantuminsider.com/2020/09/09/uk-start-up-aegiq-secures-1-4-million-to-develop-secure-quantum-communications (1/1), chunk 16/38
[04:05:43 +1m 36s | thequantuminsider_2020_09_09_uk_start_up_aegiq_secures_1_4_million_to_develop_secure_quan_defda27f] Repaired malformed JSON.
[04:05:43 +1m 36s | thequantuminsider_2020_09_09_uk_start_up_aegiq_secures_1_4_million_to_develop_secure_quan_defda27f] Extracting actors: https://thequantuminsider.com/2020/09/09/uk-start-up-aegiq-secures-1-4-million-to-develop-secure-quantum-communications (1/1), chunk 17/38
[04:05:52 +1m 42s | thequantuminsider_2020_09_09_uk_start_up_aegiq_secures_1_4_million_to_develop_secure_quan_defda27f] Repaired malformed JSON.
[04:05:52 +1m 42s | thequantuminsider_2020_09_09_uk_start_up_aegiq_secures_1_4_million_to_develop_secure_quan_defda27f] Extracting actors: https://thequantuminsider.com/2020/09/09/uk-start-up-aegiq-secures-1-4-million-to-develop-secure-quantum-communications (1/1), chunk 18/38
[04:05:59 +1m 49s | thequantuminsider_2020_09_09_uk_start_up_aegiq_secures_1_4_million_to_develop_secure_quan_defda27f] Repaired malformed JSON.
[04:05:59 +1m 49s | thequantuminsider_2020_09_09_uk_start_up_aegiq_secures_1_4_million_to_develop_secure_quan_defda27f] Extracting actors: https://thequantuminsider.com/2020/09/09/uk-start-up-aegiq-secures-1-4-million-to-develop-secure-quantum-communications (1/1), chunk 19/38
[04:06:05 +1m 55s | thequantuminsider_2020_09_09_uk_start_up_aegiq_secures_1_4_million_to_develop_secure_quan_defda27f] Repaired malformed JSON.
[04:06:05 +1m 55s | thequantuminsider_2020_09_09_uk_start_up_aegiq_secures_1_4_million_to_develop_secure_quan_defda27f] Extracting actors: https://thequantuminsider.com/2020/09/09/uk-start-up-aegiq-secures-1-4-million-to-develop-secure-quantum-communications (1/1), chunk 20/38
[04:06:10 +2m 1s | thequantuminsider_2020_09_09_uk_start_up_aegiq_secures_1_4_million_to_develop_secure_quan_defda27f] Repaired malformed JSON.
[04:06:10 +2m 1s | thequantuminsider_2020_09_09_uk_start_up_aegiq_secures_1_4_million_to_develop_secure_quan_defda27f] Extracting actors: https://thequantuminsider.com/2020/09/09/uk-start-up-aegiq-secures-1-4-million-to-develop-secure-quantum-communications (1/1), chunk 21/38
[04:06:17 +2m 7s | thequantuminsider_2020_09_09_uk_start_up_aegiq_secures_1_4_million_to_develop_secure_quan_defda27f] Repaired malformed JSON.
[04:06:17 +2m 7s | thequantuminsider_2020_09_09_uk_start_up_aegiq_secures_1_4_million_to_develop_secure_quan_defda27f] Extracting actors: https://thequantuminsider.com/2020/09/09/uk-start-up-aegiq-secures-1-4-million-to-develop-secure-quantum-communications (1/1), chunk 22/38
[04:06:27 +2m 14s | thequantuminsider_2020_09_09_uk_start_up_aegiq_secures_1_4_million_to_develop_secure_quan_defda27f] Repaired malformed JSON.
[04:06:27 +2m 14s | thequantuminsider_2020_09_09_uk_start_up_aegiq_secures_1_4_million_to_develop_secure_quan_defda27f] Extracting actors: https://thequantuminsider.com/2020/09/09/uk-start-up-aegiq-secures-1-4-million-to-develop-secure-quantum-communications (1/1), chunk 23/38
[04:06:34 +2m 21s | thequantuminsider_2020_09_09_uk_start_up_aegiq_secures_1_4_million_to_develop_secure_quan_defda27f] Repaired malformed JSON.
[04:06:34 +2m 21s | thequantuminsider_2020_09_09_uk_start_up_aegiq_secures_1_4_million_to_develop_secure_quan_defda27f] Extracting actors: https://thequantuminsider.com/2020/09/09/uk-start-up-aegiq-secures-1-4-million-to-develop-secure-quantum-communications (1/1), chunk 24/38
[04:06:40 +2m 27s | thequantuminsider_2020_09_09_uk_start_up_aegiq_secures_1_4_million_to_develop_secure_quan_defda27f] Repaired malformed JSON.
[04:06:40 +2m 27s | thequantuminsider_2020_09_09_uk_start_up_aegiq_secures_1_4_million_to_develop_secure_quan_defda27f] Extracting actors: https://thequantuminsider.com/2020/09/09/uk-start-up-aegiq-secures-1-4-million-to-develop-secure-quantum-communications (1/1), chunk 25/38
[04:06:45 +2m 32s | thequantuminsider_2020_09_09_uk_start_up_aegiq_secures_1_4_million_to_develop_secure_quan_defda27f] Repaired malformed JSON.
[04:06:45 +2m 32s | thequantuminsider_2020_09_09_uk_start_up_aegiq_secures_1_4_million_to_develop_secure_quan_defda27f] Extracting actors: https://thequantuminsider.com/2020/09/09/uk-start-up-aegiq-secures-1-4-million-to-develop-secure-quantum-communications (1/1), chunk 26/38
[04:06:51 +2m 38s | thequantuminsider_2020_09_09_uk_start_up_aegiq_secures_1_4_million_to_develop_secure_quan_defda27f] Extracting actors: https://thequantuminsider.com/2020/09/09/uk-start-up-aegiq-secures-1-4-million-to-develop-secure-quantum-communications (1/1), chunk 27/38
[04:06:59 +2m 44s | thequantuminsider_2020_09_09_uk_start_up_aegiq_secures_1_4_million_to_develop_secure_quan_defda27f] Repaired malformed JSON.
[04:06:59 +2m 44s | thequantuminsider_2020_09_09_uk_start_up_aegiq_secures_1_4_million_to_develop_secure_quan_defda27f] Extracting actors: https://thequantuminsider.com/2020/09/09/uk-start-up-aegiq-secures-1-4-million-to-develop-secure-quantum-communications (1/1), chunk 28/38
[04:07:01 +2m 45s | thequantuminsider_2020_09_09_uk_start_up_aegiq_secures_1_4_million_to_develop_secure_quan_defda27f] Extracting actors: https://thequantuminsider.com/2020/09/09/uk-start-up-aegiq-secures-1-4-million-to-develop-secure-quantum-communications (1/1), chunk 29/38
[04:07:07 +2m 51s | thequantuminsider_2020_09_09_uk_start_up_aegiq_secures_1_4_million_to_develop_secure_quan_defda27f] Extracting actors: https://thequantuminsider.com/2020/09/09/uk-start-up-aegiq-secures-1-4-million-to-develop-secure-quantum-communications (1/1), chunk 30/38
[04:07:09 +2m 53s | thequantuminsider_2020_09_09_uk_start_up_aegiq_secures_1_4_million_to_develop_secure_quan_defda27f] Extracting actors: https://thequantuminsider.com/2020/09/09/uk-start-up-aegiq-secures-1-4-million-to-develop-secure-quantum-communications (1/1), chunk 31/38
[04:07:14 +2m 58s | thequantuminsider_2020_09_09_uk_start_up_aegiq_secures_1_4_million_to_develop_secure_quan_defda27f] Repaired malformed JSON.
[04:07:14 +2m 58s | thequantuminsider_2020_09_09_uk_start_up_aegiq_secures_1_4_million_to_develop_secure_quan_defda27f] Extracting actors: https://thequantuminsider.com/2020/09/09/uk-start-up-aegiq-secures-1-4-million-to-develop-secure-quantum-communications (1/1), chunk 32/38
[04:07:19 +3m 3s | thequantuminsider_2020_09_09_uk_start_up_aegiq_secures_1_4_million_to_develop_secure_quan_defda27f] Repaired malformed JSON.
[04:07:19 +3m 3s | thequantuminsider_2020_09_09_uk_start_up_aegiq_secures_1_4_million_to_develop_secure_quan_defda27f] Extracting actors: https://thequantuminsider.com/2020/09/09/uk-start-up-aegiq-secures-1-4-million-to-develop-secure-quantum-communications (1/1), chunk 33/38
[04:07:26 +3m 10s | thequantuminsider_2020_09_09_uk_start_up_aegiq_secures_1_4_million_to_develop_secure_quan_defda27f] Repaired malformed JSON.
[04:07:26 +3m 10s | thequantuminsider_2020_09_09_uk_start_up_aegiq_secures_1_4_million_to_develop_secure_quan_defda27f] Extracting actors: https://thequantuminsider.com/2020/09/09/uk-start-up-aegiq-secures-1-4-million-to-develop-secure-quantum-communications (1/1), chunk 34/38
[04:07:34 +3m 15s | thequantuminsider_2020_09_09_uk_start_up_aegiq_secures_1_4_million_to_develop_secure_quan_defda27f] Repaired malformed JSON.
[04:07:34 +3m 15s | thequantuminsider_2020_09_09_uk_start_up_aegiq_secures_1_4_million_to_develop_secure_quan_defda27f] Extracting actors: https://thequantuminsider.com/2020/09/09/uk-start-up-aegiq-secures-1-4-million-to-develop-secure-quantum-communications (1/1), chunk 35/38
[04:07:40 +3m 21s | thequantuminsider_2020_09_09_uk_start_up_aegiq_secures_1_4_million_to_develop_secure_quan_defda27f] Repaired malformed JSON.
[04:07:40 +3m 21s | thequantuminsider_2020_09_09_uk_start_up_aegiq_secures_1_4_million_to_develop_secure_quan_defda27f] Extracting actors: https://thequantuminsider.com/2020/09/09/uk-start-up-aegiq-secures-1-4-million-to-develop-secure-quantum-communications (1/1), chunk 36/38
[04:07:47 +3m 28s | thequantuminsider_2020_09_09_uk_start_up_aegiq_secures_1_4_million_to_develop_secure_quan_defda27f] Repaired malformed JSON.
[04:07:47 +3m 28s | thequantuminsider_2020_09_09_uk_start_up_aegiq_secures_1_4_million_to_develop_secure_quan_defda27f] Extracting actors: https://thequantuminsider.com/2020/09/09/uk-start-up-aegiq-secures-1-4-million-to-develop-secure-quantum-communications (1/1), chunk 37/38
[04:07:55 +3m 36s | thequantuminsider_2020_09_09_uk_start_up_aegiq_secures_1_4_million_to_develop_secure_quan_defda27f] Repaired malformed JSON.
[04:07:55 +3m 36s | thequantuminsider_2020_09_09_uk_start_up_aegiq_secures_1_4_million_to_develop_secure_quan_defda27f] Extracting actors: https://thequantuminsider.com/2020/09/09/uk-start-up-aegiq-secures-1-4-million-to-develop-secure-quantum-communications (1/1), chunk 38/38
[04:08:03 +3m 45s | thequantuminsider_2020_09_09_uk_start_up_aegiq_secures_1_4_million_to_develop_secure_quan_defda27f] Repaired malformed JSON.
[04:08:03 +3m 45s | thequantuminsider_2020_09_09_uk_start_up_aegiq_secures_1_4_million_to_develop_secure_quan_defda27f] Saved 1_actor_results.json with 59 extracted records

[04:08:03 +3m 45s | thequantuminsider_2020_09_09_uk_start_up_aegiq_secures_1_4_million_to_develop_secure_quan_defda27f] === 2 clean actors ===
[04:08:03 +3m 45s | thequantuminsider_2020_09_09_uk_start_up_aegiq_secures_1_4_million_to_develop_secure_quan_defda27f] Loaded 59 extracted records
[04:08:03 +3m 45s | thequantuminsider_2020_09_09_uk_start_up_aegiq_secures_1_4_million_to_develop_secure_quan_defda27f] Saved 2_actor_nodes.json with 13 canonical actor nodes

[04:08:03 +3m 45s | thequantuminsider_2020_09_09_uk_start_up_aegiq_secures_1_4_million_to_develop_secure_quan_defda27f] === 3 interaction extraction ===
[04:08:03 +3m 45s | thequantuminsider_2020_09_09_uk_start_up_aegiq_secures_1_4_million_to_develop_secure_quan_defda27f] Extracting interactions: https://thequantuminsider.com/2020/09/09/uk-start-up-aegiq-secures-1-4-million-to-develop-secure-quantum-communications (1/1), chunk 11/38
[04:08:10 +3m 48s | thequantuminsider_2020_09_09_uk_start_up_aegiq_secures_1_4_million_to_develop_secure_quan_defda27f] Extracting interactions: https://thequantuminsider.com/2020/09/09/uk-start-up-aegiq-secures-1-4-million-to-develop-secure-quantum-communications (1/1), chunk 12/38
[04:08:19 +3m 57s | thequantuminsider_2020_09_09_uk_start_up_aegiq_secures_1_4_million_to_develop_secure_quan_defda27f] Extracting interactions: https://thequantuminsider.com/2020/09/09/uk-start-up-aegiq-secures-1-4-million-to-develop-secure-quantum-communications (1/1), chunk 13/38
[04:08:31 +4m 9s | thequantuminsider_2020_09_09_uk_start_up_aegiq_secures_1_4_million_to_develop_secure_quan_defda27f] Extracting interactions: https://thequantuminsider.com/2020/09/09/uk-start-up-aegiq-secures-1-4-million-to-develop-secure-quantum-communications (1/1), chunk 14/38
[04:08:39 +4m 18s | thequantuminsider_2020_09_09_uk_start_up_aegiq_secures_1_4_million_to_develop_secure_quan_defda27f] Extracting interactions: https://thequantuminsider.com/2020/09/09/uk-start-up-aegiq-secures-1-4-million-to-develop-secure-quantum-communications (1/1), chunk 15/38
[04:08:46 +4m 21s | thequantuminsider_2020_09_09_uk_start_up_aegiq_secures_1_4_million_to_develop_secure_quan_defda27f] Extracting interactions: https://thequantuminsider.com/2020/09/09/uk-start-up-aegiq-secures-1-4-million-to-develop-secure-quantum-communications (1/1), chunk 16/38
[04:08:49 +4m 25s | thequantuminsider_2020_09_09_uk_start_up_aegiq_secures_1_4_million_to_develop_secure_quan_defda27f] Extracting interactions: https://thequantuminsider.com/2020/09/09/uk-start-up-aegiq-secures-1-4-million-to-develop-secure-quantum-communications (1/1), chunk 17/38
[04:08:53 +4m 29s | thequantuminsider_2020_09_09_uk_start_up_aegiq_secures_1_4_million_to_develop_secure_quan_defda27f] Extracting interactions: https://thequantuminsider.com/2020/09/09/uk-start-up-aegiq-secures-1-4-million-to-develop-secure-quantum-communications (1/1), chunk 18/38
[04:08:57 +4m 33s | thequantuminsider_2020_09_09_uk_start_up_aegiq_secures_1_4_million_to_develop_secure_quan_defda27f] Extracting interactions: https://thequantuminsider.com/2020/09/09/uk-start-up-aegiq-secures-1-4-million-to-develop-secure-quantum-communications (1/1), chunk 19/38
[04:09:01 +4m 36s | thequantuminsider_2020_09_09_uk_start_up_aegiq_secures_1_4_million_to_develop_secure_quan_defda27f] Extracting interactions: https://thequantuminsider.com/2020/09/09/uk-start-up-aegiq-secures-1-4-million-to-develop-secure-quantum-communications (1/1), chunk 20/38
[04:09:06 +4m 42s | thequantuminsider_2020_09_09_uk_start_up_aegiq_secures_1_4_million_to_develop_secure_quan_defda27f] Extracting interactions: https://thequantuminsider.com/2020/09/09/uk-start-up-aegiq-secures-1-4-million-to-develop-secure-quantum-communications (1/1), chunk 21/38
[04:09:13 +4m 49s | thequantuminsider_2020_09_09_uk_start_up_aegiq_secures_1_4_million_to_develop_secure_quan_defda27f] Extracting interactions: https://thequantuminsider.com/2020/09/09/uk-start-up-aegiq-secures-1-4-million-to-develop-secure-quantum-communications (1/1), chunk 22/38
[04:09:21 +4m 54s | thequantuminsider_2020_09_09_uk_start_up_aegiq_secures_1_4_million_to_develop_secure_quan_defda27f] Extracting interactions: https://thequantuminsider.com/2020/09/09/uk-start-up-aegiq-secures-1-4-million-to-develop-secure-quantum-communications (1/1), chunk 23/38
[04:09:24 +4m 57s | thequantuminsider_2020_09_09_uk_start_up_aegiq_secures_1_4_million_to_develop_secure_quan_defda27f] Extracting interactions: https://thequantuminsider.com/2020/09/09/uk-start-up-aegiq-secures-1-4-million-to-develop-secure-quantum-communications (1/1), chunk 27/38
[04:09:29 +5m 2s | thequantuminsider_2020_09_09_uk_start_up_aegiq_secures_1_4_million_to_develop_secure_quan_defda27f] Extracting interactions: https://thequantuminsider.com/2020/09/09/uk-start-up-aegiq-secures-1-4-million-to-develop-secure-quantum-communications (1/1), chunk 31/38
[04:09:31 +5m 3s | thequantuminsider_2020_09_09_uk_start_up_aegiq_secures_1_4_million_to_develop_secure_quan_defda27f] Extracting interactions: https://thequantuminsider.com/2020/09/09/uk-start-up-aegiq-secures-1-4-million-to-develop-secure-quantum-communications (1/1), chunk 32/38
[04:09:32 +5m 5s | thequantuminsider_2020_09_09_uk_start_up_aegiq_secures_1_4_million_to_develop_secure_quan_defda27f] Extracting interactions: https://thequantuminsider.com/2020/09/09/uk-start-up-aegiq-secures-1-4-million-to-develop-secure-quantum-communications (1/1), chunk 36/38
[04:09:34 +5m 6s | thequantuminsider_2020_09_09_uk_start_up_aegiq_secures_1_4_million_to_develop_secure_quan_defda27f] Extracting interactions: https://thequantuminsider.com/2020/09/09/uk-start-up-aegiq-secures-1-4-million-to-develop-secure-quantum-communications (1/1), chunk 37/38
[04:09:38 +5m 11s | thequantuminsider_2020_09_09_uk_start_up_aegiq_secures_1_4_million_to_develop_secure_quan_defda27f] Saved 3_interaction_results.json with 22 extracted interactions.

[04:09:38 +5m 11s | thequantuminsider_2020_09_09_uk_start_up_aegiq_secures_1_4_million_to_develop_secure_quan_defda27f] === 4 clean interactions ===
[04:09:38 +5m 11s | thequantuminsider_2020_09_09_uk_start_up_aegiq_secures_1_4_million_to_develop_secure_quan_defda27f] Saved 4_edges.json with 7 cleaned interactions.

[04:09:38 +5m 11s | thequantuminsider_2020_09_09_uk_start_up_aegiq_secures_1_4_million_to_develop_secure_quan_defda27f] === 5 helix enrichment ===
[04:09:38 +5m 11s | thequantuminsider_2020_09_09_uk_start_up_aegiq_secures_1_4_million_to_develop_secure_quan_defda27f] Wrote 5_nodes.json (13 actors)
[04:09:38 +5m 11s | thequantuminsider_2020_09_09_uk_start_up_aegiq_secures_1_4_million_to_develop_secure_quan_defda27f] Wrote 5_edges.json (7 interactions)
[04:09:38 +5m 11s | thequantuminsider_2020_09_09_uk_start_up_aegiq_secures_1_4_million_to_develop_secure_quan_defda27f] Actor helix counts: {'Academia': 1, 'Civil Society': 1, 'Government': 4, 'Industry': 1, 'Intermediary': 2, 'Unknown': 4}
[04:09:38 +5m 11s | thequantuminsider_2020_09_09_uk_start_up_aegiq_secures_1_4_million_to_develop_secure_quan_defda27f] Functional-space counts: {'Consensus': 5, 'Unknown': 2}

[04:09:38 +5m 11s | thequantuminsider_2020_09_09_uk_start_up_aegiq_secures_1_4_million_to_develop_secure_quan_defda27f] === 6 network visualisation ===
[04:09:39 +5m 11s | thequantuminsider_2020_09_09_uk_start_up_aegiq_secures_1_4_million_to_develop_secure_quan_defda27f] Wrote quantum_network.html
[04:09:39 +5m 11s | thequantuminsider_2020_09_09_uk_start_up_aegiq_secures_1_4_million_to_develop_secure_quan_defda27f] Nodes: 13
[04:09:39 +5m 11s | thequantuminsider_2020_09_09_uk_start_up_aegiq_secures_1_4_million_to_develop_secure_quan_defda27f] Edges: 2

[04:09:39 +5m 11s | thequantuminsider_2020_09_09_uk_start_up_aegiq_secures_1_4_million_to_develop_secure_quan_defda27f] Done. Outputs written to: /home/lv/IDP/idpdeeptech/pipeline/news_outputs/thequantuminsider_2020_09_09_uk_start_up_aegiq_secures_1_4_million_to_develop_secure_quan_defda27f
[04:09:39 +5m 11s | thequantuminsider_2020_09_09_uk_start_up_aegiq_secures_1_4_million_to_develop_secure_quan_defda27f] Log: /home/lv/IDP/idpdeeptech/pipeline/news_outputs/thequantuminsider_2020_09_09_uk_start_up_aegiq_secures_1_4_million_to_develop_secure_quan_defda27f/run.log

========================================================================
RUN FINISHED 2026-07-02 04:09:39  (OK)
Started:     2026-07-02 04:03:58
Elapsed:     5m 11s
========================================================================
