
========================================================================
RUN STARTED  2026-07-02 01:38:56
site_pipeline.py https://thequantuminsider.com/2020/09/07/the-maturing-of-quantum-organizations-the-case-for-a-board-of-directors/
========================================================================

[01:38:56 +0s | thequantuminsider_2020_09_07_the_maturing_of_quantum_organizations_the_case_for_a_board_o_28de32a4] === 0 crawl site ===
[01:38:58 +1s | thequantuminsider_2020_09_07_the_maturing_of_quantum_organizations_the_case_for_a_board_o_28de32a4] [INIT].... → Crawl4AI 0.8.6 
[01:38:59 +3s | thequantuminsider_2020_09_07_the_maturing_of_quantum_organizations_the_case_for_a_board_o_28de32a4] [FETCH]... ↓ https://thequantuminsider.com/2020/09/07/the-mat...organizations-the-case-for-a-board-of-directors/  | ✓ | ⏱: 1.65s 
[01:38:59 +3s | thequantuminsider_2020_09_07_the_maturing_of_quantum_organizations_the_case_for_a_board_o_28de32a4] [SCRAPE].. ◆ https://thequantuminsider.com/2020/09/07/the-mat...organizations-the-case-for-a-board-of-directors/  | ✓ | ⏱: 0.10s 
[01:38:59 +3s | thequantuminsider_2020_09_07_the_maturing_of_quantum_organizations_the_case_for_a_board_o_28de32a4] [COMPLETE] ● https://thequantuminsider.com/2020/09/07/the-mat...organizations-the-case-for-a-board-of-directors/  | ✓ | ⏱: 1.76s 
[01:38:59 +3s | thequantuminsider_2020_09_07_the_maturing_of_quantum_organizations_the_case_for_a_board_o_28de32a4] Saved: crawl_output/f0992e9919_thequantuminsider.com_2020_09_07_the-maturing-of-quantum-organizations-the-case-for-a-board-of-directors.json

[01:39:00 +3s | thequantuminsider_2020_09_07_the_maturing_of_quantum_organizations_the_case_for_a_board_o_28de32a4] === 1 actor extraction ===
[01:39:00 +3s | thequantuminsider_2020_09_07_the_maturing_of_quantum_organizations_the_case_for_a_board_o_28de32a4] Reading page (1/1): https://thequantuminsider.com/2020/09/07/the-maturing-of-quantum-organizations-the-case-for-a-board-of-directors
[01:39:00 +3s | thequantuminsider_2020_09_07_the_maturing_of_quantum_organizations_the_case_for_a_board_o_28de32a4] Extracting actors: https://thequantuminsider.com/2020/09/07/the-maturing-of-quantum-organizations-the-case-for-a-board-of-directors (1/1), chunk 1/38
[01:39:05 +8s | thequantuminsider_2020_09_07_the_maturing_of_quantum_organizations_the_case_for_a_board_o_28de32a4] Extracting actors: https://thequantuminsider.com/2020/09/07/the-maturing-of-quantum-organizations-the-case-for-a-board-of-directors (1/1), chunk 2/38
[01:39:12 +13s | thequantuminsider_2020_09_07_the_maturing_of_quantum_organizations_the_case_for_a_board_o_28de32a4] Extracting actors: https://thequantuminsider.com/2020/09/07/the-maturing-of-quantum-organizations-the-case-for-a-board-of-directors (1/1), chunk 3/38
[01:39:16 +17s | thequantuminsider_2020_09_07_the_maturing_of_quantum_organizations_the_case_for_a_board_o_28de32a4] Extracting actors: https://thequantuminsider.com/2020/09/07/the-maturing-of-quantum-organizations-the-case-for-a-board-of-directors (1/1), chunk 4/38
[01:39:20 +21s | thequantuminsider_2020_09_07_the_maturing_of_quantum_organizations_the_case_for_a_board_o_28de32a4] Extracting actors: https://thequantuminsider.com/2020/09/07/the-maturing-of-quantum-organizations-the-case-for-a-board-of-directors (1/1), chunk 5/38
[01:39:24 +25s | thequantuminsider_2020_09_07_the_maturing_of_quantum_organizations_the_case_for_a_board_o_28de32a4] Extracting actors: https://thequantuminsider.com/2020/09/07/the-maturing-of-quantum-organizations-the-case-for-a-board-of-directors (1/1), chunk 6/38
[01:39:29 +29s | thequantuminsider_2020_09_07_the_maturing_of_quantum_organizations_the_case_for_a_board_o_28de32a4] Extracting actors: https://thequantuminsider.com/2020/09/07/the-maturing-of-quantum-organizations-the-case-for-a-board-of-directors (1/1), chunk 7/38
[01:39:32 +33s | thequantuminsider_2020_09_07_the_maturing_of_quantum_organizations_the_case_for_a_board_o_28de32a4] Extracting actors: https://thequantuminsider.com/2020/09/07/the-maturing-of-quantum-organizations-the-case-for-a-board-of-directors (1/1), chunk 8/38
[01:39:39 +39s | thequantuminsider_2020_09_07_the_maturing_of_quantum_organizations_the_case_for_a_board_o_28de32a4] Extracting actors: https://thequantuminsider.com/2020/09/07/the-maturing-of-quantum-organizations-the-case-for-a-board-of-directors (1/1), chunk 9/38
[01:39:44 +44s | thequantuminsider_2020_09_07_the_maturing_of_quantum_organizations_the_case_for_a_board_o_28de32a4] Extracting actors: https://thequantuminsider.com/2020/09/07/the-maturing-of-quantum-organizations-the-case-for-a-board-of-directors (1/1), chunk 10/38
[01:39:51 +49s | thequantuminsider_2020_09_07_the_maturing_of_quantum_organizations_the_case_for_a_board_o_28de32a4] Extracting actors: https://thequantuminsider.com/2020/09/07/the-maturing-of-quantum-organizations-the-case-for-a-board-of-directors (1/1), chunk 11/38
[01:39:54 +52s | thequantuminsider_2020_09_07_the_maturing_of_quantum_organizations_the_case_for_a_board_o_28de32a4] Extracting actors: https://thequantuminsider.com/2020/09/07/the-maturing-of-quantum-organizations-the-case-for-a-board-of-directors (1/1), chunk 12/38
[01:40:00 +58s | thequantuminsider_2020_09_07_the_maturing_of_quantum_organizations_the_case_for_a_board_o_28de32a4] Repaired malformed JSON.
[01:40:00 +58s | thequantuminsider_2020_09_07_the_maturing_of_quantum_organizations_the_case_for_a_board_o_28de32a4] Extracting actors: https://thequantuminsider.com/2020/09/07/the-maturing-of-quantum-organizations-the-case-for-a-board-of-directors (1/1), chunk 13/38
[01:40:07 +1m 5s | thequantuminsider_2020_09_07_the_maturing_of_quantum_organizations_the_case_for_a_board_o_28de32a4] Repaired malformed JSON.
[01:40:07 +1m 5s | thequantuminsider_2020_09_07_the_maturing_of_quantum_organizations_the_case_for_a_board_o_28de32a4] Extracting actors: https://thequantuminsider.com/2020/09/07/the-maturing-of-quantum-organizations-the-case-for-a-board-of-directors (1/1), chunk 14/38
[01:40:14 +1m 11s | thequantuminsider_2020_09_07_the_maturing_of_quantum_organizations_the_case_for_a_board_o_28de32a4] Repaired malformed JSON.
[01:40:14 +1m 11s | thequantuminsider_2020_09_07_the_maturing_of_quantum_organizations_the_case_for_a_board_o_28de32a4] Extracting actors: https://thequantuminsider.com/2020/09/07/the-maturing-of-quantum-organizations-the-case-for-a-board-of-directors (1/1), chunk 15/38
[01:40:19 +1m 17s | thequantuminsider_2020_09_07_the_maturing_of_quantum_organizations_the_case_for_a_board_o_28de32a4] Repaired malformed JSON.
[01:40:19 +1m 17s | thequantuminsider_2020_09_07_the_maturing_of_quantum_organizations_the_case_for_a_board_o_28de32a4] Extracting actors: https://thequantuminsider.com/2020/09/07/the-maturing-of-quantum-organizations-the-case-for-a-board-of-directors (1/1), chunk 16/38
[01:40:28 +1m 23s | thequantuminsider_2020_09_07_the_maturing_of_quantum_organizations_the_case_for_a_board_o_28de32a4] Repaired malformed JSON.
[01:40:28 +1m 23s | thequantuminsider_2020_09_07_the_maturing_of_quantum_organizations_the_case_for_a_board_o_28de32a4] Extracting actors: https://thequantuminsider.com/2020/09/07/the-maturing-of-quantum-organizations-the-case-for-a-board-of-directors (1/1), chunk 17/38
[01:40:34 +1m 28s | thequantuminsider_2020_09_07_the_maturing_of_quantum_organizations_the_case_for_a_board_o_28de32a4] Repaired malformed JSON.
[01:40:34 +1m 28s | thequantuminsider_2020_09_07_the_maturing_of_quantum_organizations_the_case_for_a_board_o_28de32a4] Extracting actors: https://thequantuminsider.com/2020/09/07/the-maturing-of-quantum-organizations-the-case-for-a-board-of-directors (1/1), chunk 18/38
[01:40:40 +1m 35s | thequantuminsider_2020_09_07_the_maturing_of_quantum_organizations_the_case_for_a_board_o_28de32a4] Repaired malformed JSON.
[01:40:40 +1m 35s | thequantuminsider_2020_09_07_the_maturing_of_quantum_organizations_the_case_for_a_board_o_28de32a4] Extracting actors: https://thequantuminsider.com/2020/09/07/the-maturing-of-quantum-organizations-the-case-for-a-board-of-directors (1/1), chunk 19/38
[01:40:47 +1m 42s | thequantuminsider_2020_09_07_the_maturing_of_quantum_organizations_the_case_for_a_board_o_28de32a4] Repaired malformed JSON.
[01:40:47 +1m 42s | thequantuminsider_2020_09_07_the_maturing_of_quantum_organizations_the_case_for_a_board_o_28de32a4] Extracting actors: https://thequantuminsider.com/2020/09/07/the-maturing-of-quantum-organizations-the-case-for-a-board-of-directors (1/1), chunk 20/38
[01:40:53 +1m 48s | thequantuminsider_2020_09_07_the_maturing_of_quantum_organizations_the_case_for_a_board_o_28de32a4] Repaired malformed JSON.
[01:40:53 +1m 48s | thequantuminsider_2020_09_07_the_maturing_of_quantum_organizations_the_case_for_a_board_o_28de32a4] Extracting actors: https://thequantuminsider.com/2020/09/07/the-maturing-of-quantum-organizations-the-case-for-a-board-of-directors (1/1), chunk 21/38
[01:41:04 +1m 56s | thequantuminsider_2020_09_07_the_maturing_of_quantum_organizations_the_case_for_a_board_o_28de32a4] Repaired malformed JSON.
[01:41:04 +1m 56s | thequantuminsider_2020_09_07_the_maturing_of_quantum_organizations_the_case_for_a_board_o_28de32a4] Extracting actors: https://thequantuminsider.com/2020/09/07/the-maturing-of-quantum-organizations-the-case-for-a-board-of-directors (1/1), chunk 22/38
[01:41:09 +2m 1s | thequantuminsider_2020_09_07_the_maturing_of_quantum_organizations_the_case_for_a_board_o_28de32a4] Repaired malformed JSON.
[01:41:09 +2m 1s | thequantuminsider_2020_09_07_the_maturing_of_quantum_organizations_the_case_for_a_board_o_28de32a4] Extracting actors: https://thequantuminsider.com/2020/09/07/the-maturing-of-quantum-organizations-the-case-for-a-board-of-directors (1/1), chunk 23/38
[01:41:16 +2m 8s | thequantuminsider_2020_09_07_the_maturing_of_quantum_organizations_the_case_for_a_board_o_28de32a4] Repaired malformed JSON.
[01:41:16 +2m 8s | thequantuminsider_2020_09_07_the_maturing_of_quantum_organizations_the_case_for_a_board_o_28de32a4] Extracting actors: https://thequantuminsider.com/2020/09/07/the-maturing-of-quantum-organizations-the-case-for-a-board-of-directors (1/1), chunk 24/38
[01:41:21 +2m 13s | thequantuminsider_2020_09_07_the_maturing_of_quantum_organizations_the_case_for_a_board_o_28de32a4] Repaired malformed JSON.
[01:41:21 +2m 13s | thequantuminsider_2020_09_07_the_maturing_of_quantum_organizations_the_case_for_a_board_o_28de32a4] Extracting actors: https://thequantuminsider.com/2020/09/07/the-maturing-of-quantum-organizations-the-case-for-a-board-of-directors (1/1), chunk 25/38
[01:41:27 +2m 18s | thequantuminsider_2020_09_07_the_maturing_of_quantum_organizations_the_case_for_a_board_o_28de32a4] Repaired malformed JSON.
[01:41:27 +2m 18s | thequantuminsider_2020_09_07_the_maturing_of_quantum_organizations_the_case_for_a_board_o_28de32a4] Extracting actors: https://thequantuminsider.com/2020/09/07/the-maturing-of-quantum-organizations-the-case-for-a-board-of-directors (1/1), chunk 26/38
[01:41:37 +2m 26s | thequantuminsider_2020_09_07_the_maturing_of_quantum_organizations_the_case_for_a_board_o_28de32a4] Repaired malformed JSON.
[01:41:37 +2m 26s | thequantuminsider_2020_09_07_the_maturing_of_quantum_organizations_the_case_for_a_board_o_28de32a4] Extracting actors: https://thequantuminsider.com/2020/09/07/the-maturing-of-quantum-organizations-the-case-for-a-board-of-directors (1/1), chunk 27/38
[01:41:44 +2m 33s | thequantuminsider_2020_09_07_the_maturing_of_quantum_organizations_the_case_for_a_board_o_28de32a4] Repaired malformed JSON.
[01:41:44 +2m 33s | thequantuminsider_2020_09_07_the_maturing_of_quantum_organizations_the_case_for_a_board_o_28de32a4] Extracting actors: https://thequantuminsider.com/2020/09/07/the-maturing-of-quantum-organizations-the-case-for-a-board-of-directors (1/1), chunk 28/38
[01:41:48 +2m 37s | thequantuminsider_2020_09_07_the_maturing_of_quantum_organizations_the_case_for_a_board_o_28de32a4] Extracting actors: https://thequantuminsider.com/2020/09/07/the-maturing-of-quantum-organizations-the-case-for-a-board-of-directors (1/1), chunk 29/38
[01:41:56 +2m 45s | thequantuminsider_2020_09_07_the_maturing_of_quantum_organizations_the_case_for_a_board_o_28de32a4] Repaired malformed JSON.
[01:41:56 +2m 45s | thequantuminsider_2020_09_07_the_maturing_of_quantum_organizations_the_case_for_a_board_o_28de32a4] Extracting actors: https://thequantuminsider.com/2020/09/07/the-maturing-of-quantum-organizations-the-case-for-a-board-of-directors (1/1), chunk 30/38
[01:42:02 +2m 51s | thequantuminsider_2020_09_07_the_maturing_of_quantum_organizations_the_case_for_a_board_o_28de32a4] Repaired malformed JSON.
[01:42:02 +2m 51s | thequantuminsider_2020_09_07_the_maturing_of_quantum_organizations_the_case_for_a_board_o_28de32a4] Extracting actors: https://thequantuminsider.com/2020/09/07/the-maturing-of-quantum-organizations-the-case-for-a-board-of-directors (1/1), chunk 31/38
[01:42:12 +2m 58s | thequantuminsider_2020_09_07_the_maturing_of_quantum_organizations_the_case_for_a_board_o_28de32a4] Repaired malformed JSON.
[01:42:12 +2m 58s | thequantuminsider_2020_09_07_the_maturing_of_quantum_organizations_the_case_for_a_board_o_28de32a4] Extracting actors: https://thequantuminsider.com/2020/09/07/the-maturing-of-quantum-organizations-the-case-for-a-board-of-directors (1/1), chunk 32/38
[01:42:21 +3m 7s | thequantuminsider_2020_09_07_the_maturing_of_quantum_organizations_the_case_for_a_board_o_28de32a4] Repaired malformed JSON.
[01:42:21 +3m 7s | thequantuminsider_2020_09_07_the_maturing_of_quantum_organizations_the_case_for_a_board_o_28de32a4] Extracting actors: https://thequantuminsider.com/2020/09/07/the-maturing-of-quantum-organizations-the-case-for-a-board-of-directors (1/1), chunk 33/38
[01:42:26 +3m 13s | thequantuminsider_2020_09_07_the_maturing_of_quantum_organizations_the_case_for_a_board_o_28de32a4] Repaired malformed JSON.
[01:42:26 +3m 13s | thequantuminsider_2020_09_07_the_maturing_of_quantum_organizations_the_case_for_a_board_o_28de32a4] Extracting actors: https://thequantuminsider.com/2020/09/07/the-maturing-of-quantum-organizations-the-case-for-a-board-of-directors (1/1), chunk 34/38
[01:42:33 +3m 19s | thequantuminsider_2020_09_07_the_maturing_of_quantum_organizations_the_case_for_a_board_o_28de32a4] Repaired malformed JSON.
[01:42:33 +3m 19s | thequantuminsider_2020_09_07_the_maturing_of_quantum_organizations_the_case_for_a_board_o_28de32a4] Extracting actors: https://thequantuminsider.com/2020/09/07/the-maturing-of-quantum-organizations-the-case-for-a-board-of-directors (1/1), chunk 35/38
[01:42:44 +3m 27s | thequantuminsider_2020_09_07_the_maturing_of_quantum_organizations_the_case_for_a_board_o_28de32a4] Repaired malformed JSON.
[01:42:44 +3m 27s | thequantuminsider_2020_09_07_the_maturing_of_quantum_organizations_the_case_for_a_board_o_28de32a4] Extracting actors: https://thequantuminsider.com/2020/09/07/the-maturing-of-quantum-organizations-the-case-for-a-board-of-directors (1/1), chunk 36/38
[01:42:49 +3m 32s | thequantuminsider_2020_09_07_the_maturing_of_quantum_organizations_the_case_for_a_board_o_28de32a4] Repaired malformed JSON.
[01:42:49 +3m 32s | thequantuminsider_2020_09_07_the_maturing_of_quantum_organizations_the_case_for_a_board_o_28de32a4] Extracting actors: https://thequantuminsider.com/2020/09/07/the-maturing-of-quantum-organizations-the-case-for-a-board-of-directors (1/1), chunk 37/38
[01:42:54 +3m 37s | thequantuminsider_2020_09_07_the_maturing_of_quantum_organizations_the_case_for_a_board_o_28de32a4] Repaired malformed JSON.
[01:42:54 +3m 37s | thequantuminsider_2020_09_07_the_maturing_of_quantum_organizations_the_case_for_a_board_o_28de32a4] Extracting actors: https://thequantuminsider.com/2020/09/07/the-maturing-of-quantum-organizations-the-case-for-a-board-of-directors (1/1), chunk 38/38
[01:42:59 +3m 42s | thequantuminsider_2020_09_07_the_maturing_of_quantum_organizations_the_case_for_a_board_o_28de32a4] Repaired malformed JSON.
[01:42:59 +3m 42s | thequantuminsider_2020_09_07_the_maturing_of_quantum_organizations_the_case_for_a_board_o_28de32a4] Saved 1_actor_results.json with 60 extracted records

[01:42:59 +3m 42s | thequantuminsider_2020_09_07_the_maturing_of_quantum_organizations_the_case_for_a_board_o_28de32a4] === 2 clean actors ===
[01:42:59 +3m 42s | thequantuminsider_2020_09_07_the_maturing_of_quantum_organizations_the_case_for_a_board_o_28de32a4] Loaded 60 extracted records
[01:42:59 +3m 42s | thequantuminsider_2020_09_07_the_maturing_of_quantum_organizations_the_case_for_a_board_o_28de32a4] Saved 2_actor_nodes.json with 20 canonical actor nodes

[01:42:59 +3m 42s | thequantuminsider_2020_09_07_the_maturing_of_quantum_organizations_the_case_for_a_board_o_28de32a4] === 3 interaction extraction ===
[01:42:59 +3m 42s | thequantuminsider_2020_09_07_the_maturing_of_quantum_organizations_the_case_for_a_board_o_28de32a4] Extracting interactions: https://thequantuminsider.com/2020/09/07/the-maturing-of-quantum-organizations-the-case-for-a-board-of-directors (1/1), chunk 17/38
[01:43:04 +3m 47s | thequantuminsider_2020_09_07_the_maturing_of_quantum_organizations_the_case_for_a_board_o_28de32a4] Extracting interactions: https://thequantuminsider.com/2020/09/07/the-maturing-of-quantum-organizations-the-case-for-a-board-of-directors (1/1), chunk 18/38
[01:43:08 +3m 51s | thequantuminsider_2020_09_07_the_maturing_of_quantum_organizations_the_case_for_a_board_o_28de32a4] Extracting interactions: https://thequantuminsider.com/2020/09/07/the-maturing-of-quantum-organizations-the-case-for-a-board-of-directors (1/1), chunk 19/38
[01:43:15 +3m 58s | thequantuminsider_2020_09_07_the_maturing_of_quantum_organizations_the_case_for_a_board_o_28de32a4] Extracting interactions: https://thequantuminsider.com/2020/09/07/the-maturing-of-quantum-organizations-the-case-for-a-board-of-directors (1/1), chunk 20/38
[01:43:24 +4m 4s | thequantuminsider_2020_09_07_the_maturing_of_quantum_organizations_the_case_for_a_board_o_28de32a4] Extracting interactions: https://thequantuminsider.com/2020/09/07/the-maturing-of-quantum-organizations-the-case-for-a-board-of-directors (1/1), chunk 21/38
[01:43:37 +4m 17s | thequantuminsider_2020_09_07_the_maturing_of_quantum_organizations_the_case_for_a_board_o_28de32a4] Extracting interactions: https://thequantuminsider.com/2020/09/07/the-maturing-of-quantum-organizations-the-case-for-a-board-of-directors (1/1), chunk 22/38
[01:43:46 +4m 26s | thequantuminsider_2020_09_07_the_maturing_of_quantum_organizations_the_case_for_a_board_o_28de32a4] Extracting interactions: https://thequantuminsider.com/2020/09/07/the-maturing-of-quantum-organizations-the-case-for-a-board-of-directors (1/1), chunk 23/38
[01:43:59 +4m 36s | thequantuminsider_2020_09_07_the_maturing_of_quantum_organizations_the_case_for_a_board_o_28de32a4] Extracting interactions: https://thequantuminsider.com/2020/09/07/the-maturing-of-quantum-organizations-the-case-for-a-board-of-directors (1/1), chunk 24/38
[01:44:02 +4m 39s | thequantuminsider_2020_09_07_the_maturing_of_quantum_organizations_the_case_for_a_board_o_28de32a4] Extracting interactions: https://thequantuminsider.com/2020/09/07/the-maturing-of-quantum-organizations-the-case-for-a-board-of-directors (1/1), chunk 25/38
[01:44:03 +4m 41s | thequantuminsider_2020_09_07_the_maturing_of_quantum_organizations_the_case_for_a_board_o_28de32a4] Extracting interactions: https://thequantuminsider.com/2020/09/07/the-maturing-of-quantum-organizations-the-case-for-a-board-of-directors (1/1), chunk 26/38
[01:44:05 +4m 42s | thequantuminsider_2020_09_07_the_maturing_of_quantum_organizations_the_case_for_a_board_o_28de32a4] Extracting interactions: https://thequantuminsider.com/2020/09/07/the-maturing-of-quantum-organizations-the-case-for-a-board-of-directors (1/1), chunk 27/38
[01:44:09 +4m 47s | thequantuminsider_2020_09_07_the_maturing_of_quantum_organizations_the_case_for_a_board_o_28de32a4] Extracting interactions: https://thequantuminsider.com/2020/09/07/the-maturing-of-quantum-organizations-the-case-for-a-board-of-directors (1/1), chunk 28/38
[01:44:12 +4m 49s | thequantuminsider_2020_09_07_the_maturing_of_quantum_organizations_the_case_for_a_board_o_28de32a4] Extracting interactions: https://thequantuminsider.com/2020/09/07/the-maturing-of-quantum-organizations-the-case-for-a-board-of-directors (1/1), chunk 29/38
[01:44:13 +4m 50s | thequantuminsider_2020_09_07_the_maturing_of_quantum_organizations_the_case_for_a_board_o_28de32a4] Extracting interactions: https://thequantuminsider.com/2020/09/07/the-maturing-of-quantum-organizations-the-case-for-a-board-of-directors (1/1), chunk 30/38
[01:44:15 +4m 52s | thequantuminsider_2020_09_07_the_maturing_of_quantum_organizations_the_case_for_a_board_o_28de32a4] Extracting interactions: https://thequantuminsider.com/2020/09/07/the-maturing-of-quantum-organizations-the-case-for-a-board-of-directors (1/1), chunk 31/38
[01:44:16 +4m 53s | thequantuminsider_2020_09_07_the_maturing_of_quantum_organizations_the_case_for_a_board_o_28de32a4] Extracting interactions: https://thequantuminsider.com/2020/09/07/the-maturing-of-quantum-organizations-the-case-for-a-board-of-directors (1/1), chunk 32/38
[01:44:18 +4m 55s | thequantuminsider_2020_09_07_the_maturing_of_quantum_organizations_the_case_for_a_board_o_28de32a4] Extracting interactions: https://thequantuminsider.com/2020/09/07/the-maturing-of-quantum-organizations-the-case-for-a-board-of-directors (1/1), chunk 33/38
[01:44:20 +4m 57s | thequantuminsider_2020_09_07_the_maturing_of_quantum_organizations_the_case_for_a_board_o_28de32a4] Extracting interactions: https://thequantuminsider.com/2020/09/07/the-maturing-of-quantum-organizations-the-case-for-a-board-of-directors (1/1), chunk 34/38
[01:44:22 +4m 59s | thequantuminsider_2020_09_07_the_maturing_of_quantum_organizations_the_case_for_a_board_o_28de32a4] Extracting interactions: https://thequantuminsider.com/2020/09/07/the-maturing-of-quantum-organizations-the-case-for-a-board-of-directors (1/1), chunk 36/38
[01:44:23 +5m 0s | thequantuminsider_2020_09_07_the_maturing_of_quantum_organizations_the_case_for_a_board_o_28de32a4] Extracting interactions: https://thequantuminsider.com/2020/09/07/the-maturing-of-quantum-organizations-the-case-for-a-board-of-directors (1/1), chunk 37/38
[01:44:24 +5m 2s | thequantuminsider_2020_09_07_the_maturing_of_quantum_organizations_the_case_for_a_board_o_28de32a4] Extracting interactions: https://thequantuminsider.com/2020/09/07/the-maturing-of-quantum-organizations-the-case-for-a-board-of-directors (1/1), chunk 38/38
[01:44:29 +5m 3s | thequantuminsider_2020_09_07_the_maturing_of_quantum_organizations_the_case_for_a_board_o_28de32a4] Saved 3_interaction_results.json with 15 extracted interactions.

[01:44:29 +5m 3s | thequantuminsider_2020_09_07_the_maturing_of_quantum_organizations_the_case_for_a_board_o_28de32a4] === 4 clean interactions ===
[01:44:29 +5m 3s | thequantuminsider_2020_09_07_the_maturing_of_quantum_organizations_the_case_for_a_board_o_28de32a4] Saved 4_edges.json with 1 cleaned interactions.

[01:44:29 +5m 3s | thequantuminsider_2020_09_07_the_maturing_of_quantum_organizations_the_case_for_a_board_o_28de32a4] === 5 helix enrichment ===
[01:44:29 +5m 3s | thequantuminsider_2020_09_07_the_maturing_of_quantum_organizations_the_case_for_a_board_o_28de32a4] Wrote 5_nodes.json (20 actors)
[01:44:29 +5m 3s | thequantuminsider_2020_09_07_the_maturing_of_quantum_organizations_the_case_for_a_board_o_28de32a4] Wrote 5_edges.json (1 interactions)
[01:44:29 +5m 3s | thequantuminsider_2020_09_07_the_maturing_of_quantum_organizations_the_case_for_a_board_o_28de32a4] Actor helix counts: {'Civil Society': 3, 'Government': 2, 'Industry': 5, 'Intermediary': 1, 'Unknown': 9}
[01:44:29 +5m 3s | thequantuminsider_2020_09_07_the_maturing_of_quantum_organizations_the_case_for_a_board_o_28de32a4] Functional-space counts: {'Unknown': 1}

[01:44:29 +5m 3s | thequantuminsider_2020_09_07_the_maturing_of_quantum_organizations_the_case_for_a_board_o_28de32a4] === 6 network visualisation ===
[01:44:29 +5m 3s | thequantuminsider_2020_09_07_the_maturing_of_quantum_organizations_the_case_for_a_board_o_28de32a4] Wrote quantum_network.html
[01:44:29 +5m 3s | thequantuminsider_2020_09_07_the_maturing_of_quantum_organizations_the_case_for_a_board_o_28de32a4] Nodes: 20
[01:44:29 +5m 3s | thequantuminsider_2020_09_07_the_maturing_of_quantum_organizations_the_case_for_a_board_o_28de32a4] Edges: 1

[01:44:29 +5m 4s | thequantuminsider_2020_09_07_the_maturing_of_quantum_organizations_the_case_for_a_board_o_28de32a4] Done. Outputs written to: /home/lv/IDP/idpdeeptech/pipeline/news_outputs/thequantuminsider_2020_09_07_the_maturing_of_quantum_organizations_the_case_for_a_board_o_28de32a4
[01:44:29 +5m 4s | thequantuminsider_2020_09_07_the_maturing_of_quantum_organizations_the_case_for_a_board_o_28de32a4] Log: /home/lv/IDP/idpdeeptech/pipeline/news_outputs/thequantuminsider_2020_09_07_the_maturing_of_quantum_organizations_the_case_for_a_board_o_28de32a4/run.log

========================================================================
RUN FINISHED 2026-07-02 01:44:29  (OK)
Started:     2026-07-02 01:38:56
Elapsed:     5m 4s
========================================================================
