
========================================================================
RUN STARTED  2026-07-02 08:08:32
site_pipeline.py https://thequantuminsider.com/2024/03/11/qcentroid-and-quindata-io-join-forces-to-revolutionize-quantum-computing-for-businesses-in-the-benelux/
========================================================================

[08:08:32 +0s | thequantuminsider_2024_03_11_qcentroid_and_quindata_io_join_forces_to_revolutionize_quant_e6fdbd4d] === 0 crawl site ===
[08:08:33 +1s | thequantuminsider_2024_03_11_qcentroid_and_quindata_io_join_forces_to_revolutionize_quant_e6fdbd4d] [INIT].... → Crawl4AI 0.8.6 
[08:08:35 +4s | thequantuminsider_2024_03_11_qcentroid_and_quindata_io_join_forces_to_revolutionize_quant_e6fdbd4d] [FETCH]... ↓ https://thequantuminsider.com/2024/03/11/qcentro...quantum-computing-for-businesses-in-the-benelux/  | ✓ | ⏱: 2.32s 
[08:08:35 +4s | thequantuminsider_2024_03_11_qcentroid_and_quindata_io_join_forces_to_revolutionize_quant_e6fdbd4d] [SCRAPE].. ◆ https://thequantuminsider.com/2024/03/11/qcentro...quantum-computing-for-businesses-in-the-benelux/  | ✓ | ⏱: 0.10s 
[08:08:35 +4s | thequantuminsider_2024_03_11_qcentroid_and_quindata_io_join_forces_to_revolutionize_quant_e6fdbd4d] [COMPLETE] ● https://thequantuminsider.com/2024/03/11/qcentro...quantum-computing-for-businesses-in-the-benelux/  | ✓ | ⏱: 2.45s 
[08:08:35 +4s | thequantuminsider_2024_03_11_qcentroid_and_quindata_io_join_forces_to_revolutionize_quant_e6fdbd4d] Saved: crawl_output/95706c4bd7_thequantuminsider.com_2024_03_11_qcentroid-and-quindata-io-join-forces-to-revolutionize-quantum-computing-for-businesses-in-the-benelux.json

[08:08:36 +4s | thequantuminsider_2024_03_11_qcentroid_and_quindata_io_join_forces_to_revolutionize_quant_e6fdbd4d] === 1 actor extraction ===
[08:08:36 +4s | thequantuminsider_2024_03_11_qcentroid_and_quindata_io_join_forces_to_revolutionize_quant_e6fdbd4d] Reading page (1/1): https://thequantuminsider.com/2024/03/11/qcentroid-and-quindata-io-join-forces-to-revolutionize-quantum-computing-for-businesses-in-the-benelux
[08:08:36 +4s | thequantuminsider_2024_03_11_qcentroid_and_quindata_io_join_forces_to_revolutionize_quant_e6fdbd4d] Extracting actors: https://thequantuminsider.com/2024/03/11/qcentroid-and-quindata-io-join-forces-to-revolutionize-quantum-computing-for-businesses-in-the-benelux (1/1), chunk 1/37
[08:08:42 +10s | thequantuminsider_2024_03_11_qcentroid_and_quindata_io_join_forces_to_revolutionize_quant_e6fdbd4d] Repaired malformed JSON.
[08:08:42 +10s | thequantuminsider_2024_03_11_qcentroid_and_quindata_io_join_forces_to_revolutionize_quant_e6fdbd4d] Extracting actors: https://thequantuminsider.com/2024/03/11/qcentroid-and-quindata-io-join-forces-to-revolutionize-quantum-computing-for-businesses-in-the-benelux (1/1), chunk 2/37
[08:08:51 +19s | thequantuminsider_2024_03_11_qcentroid_and_quindata_io_join_forces_to_revolutionize_quant_e6fdbd4d] Repaired malformed JSON.
[08:08:51 +19s | thequantuminsider_2024_03_11_qcentroid_and_quindata_io_join_forces_to_revolutionize_quant_e6fdbd4d] Extracting actors: https://thequantuminsider.com/2024/03/11/qcentroid-and-quindata-io-join-forces-to-revolutionize-quantum-computing-for-businesses-in-the-benelux (1/1), chunk 3/37
[08:08:55 +24s | thequantuminsider_2024_03_11_qcentroid_and_quindata_io_join_forces_to_revolutionize_quant_e6fdbd4d] Extracting actors: https://thequantuminsider.com/2024/03/11/qcentroid-and-quindata-io-join-forces-to-revolutionize-quantum-computing-for-businesses-in-the-benelux (1/1), chunk 4/37
[08:09:01 +30s | thequantuminsider_2024_03_11_qcentroid_and_quindata_io_join_forces_to_revolutionize_quant_e6fdbd4d] Repaired malformed JSON.
[08:09:01 +30s | thequantuminsider_2024_03_11_qcentroid_and_quindata_io_join_forces_to_revolutionize_quant_e6fdbd4d] Extracting actors: https://thequantuminsider.com/2024/03/11/qcentroid-and-quindata-io-join-forces-to-revolutionize-quantum-computing-for-businesses-in-the-benelux (1/1), chunk 5/37
[08:09:08 +36s | thequantuminsider_2024_03_11_qcentroid_and_quindata_io_join_forces_to_revolutionize_quant_e6fdbd4d] Repaired malformed JSON.
[08:09:08 +36s | thequantuminsider_2024_03_11_qcentroid_and_quindata_io_join_forces_to_revolutionize_quant_e6fdbd4d] Extracting actors: https://thequantuminsider.com/2024/03/11/qcentroid-and-quindata-io-join-forces-to-revolutionize-quantum-computing-for-businesses-in-the-benelux (1/1), chunk 6/37
[08:09:16 +44s | thequantuminsider_2024_03_11_qcentroid_and_quindata_io_join_forces_to_revolutionize_quant_e6fdbd4d] Repaired malformed JSON.
[08:09:16 +44s | thequantuminsider_2024_03_11_qcentroid_and_quindata_io_join_forces_to_revolutionize_quant_e6fdbd4d] Extracting actors: https://thequantuminsider.com/2024/03/11/qcentroid-and-quindata-io-join-forces-to-revolutionize-quantum-computing-for-businesses-in-the-benelux (1/1), chunk 7/37
[08:09:24 +52s | thequantuminsider_2024_03_11_qcentroid_and_quindata_io_join_forces_to_revolutionize_quant_e6fdbd4d] Repaired malformed JSON.
[08:09:24 +52s | thequantuminsider_2024_03_11_qcentroid_and_quindata_io_join_forces_to_revolutionize_quant_e6fdbd4d] Extracting actors: https://thequantuminsider.com/2024/03/11/qcentroid-and-quindata-io-join-forces-to-revolutionize-quantum-computing-for-businesses-in-the-benelux (1/1), chunk 8/37
[08:09:32 +1m 0s | thequantuminsider_2024_03_11_qcentroid_and_quindata_io_join_forces_to_revolutionize_quant_e6fdbd4d] Repaired malformed JSON.
[08:09:32 +1m 0s | thequantuminsider_2024_03_11_qcentroid_and_quindata_io_join_forces_to_revolutionize_quant_e6fdbd4d] Extracting actors: https://thequantuminsider.com/2024/03/11/qcentroid-and-quindata-io-join-forces-to-revolutionize-quantum-computing-for-businesses-in-the-benelux (1/1), chunk 9/37
[08:09:38 +1m 7s | thequantuminsider_2024_03_11_qcentroid_and_quindata_io_join_forces_to_revolutionize_quant_e6fdbd4d] Extracting actors: https://thequantuminsider.com/2024/03/11/qcentroid-and-quindata-io-join-forces-to-revolutionize-quantum-computing-for-businesses-in-the-benelux (1/1), chunk 10/37
[08:09:44 +1m 12s | thequantuminsider_2024_03_11_qcentroid_and_quindata_io_join_forces_to_revolutionize_quant_e6fdbd4d] Extracting actors: https://thequantuminsider.com/2024/03/11/qcentroid-and-quindata-io-join-forces-to-revolutionize-quantum-computing-for-businesses-in-the-benelux (1/1), chunk 11/37
[08:09:51 +1m 19s | thequantuminsider_2024_03_11_qcentroid_and_quindata_io_join_forces_to_revolutionize_quant_e6fdbd4d] Repaired malformed JSON.
[08:09:51 +1m 19s | thequantuminsider_2024_03_11_qcentroid_and_quindata_io_join_forces_to_revolutionize_quant_e6fdbd4d] Extracting actors: https://thequantuminsider.com/2024/03/11/qcentroid-and-quindata-io-join-forces-to-revolutionize-quantum-computing-for-businesses-in-the-benelux (1/1), chunk 12/37
[08:09:57 +1m 25s | thequantuminsider_2024_03_11_qcentroid_and_quindata_io_join_forces_to_revolutionize_quant_e6fdbd4d] Repaired malformed JSON.
[08:09:57 +1m 25s | thequantuminsider_2024_03_11_qcentroid_and_quindata_io_join_forces_to_revolutionize_quant_e6fdbd4d] Extracting actors: https://thequantuminsider.com/2024/03/11/qcentroid-and-quindata-io-join-forces-to-revolutionize-quantum-computing-for-businesses-in-the-benelux (1/1), chunk 13/37
[08:10:04 +1m 32s | thequantuminsider_2024_03_11_qcentroid_and_quindata_io_join_forces_to_revolutionize_quant_e6fdbd4d] Repaired malformed JSON.
[08:10:04 +1m 32s | thequantuminsider_2024_03_11_qcentroid_and_quindata_io_join_forces_to_revolutionize_quant_e6fdbd4d] Extracting actors: https://thequantuminsider.com/2024/03/11/qcentroid-and-quindata-io-join-forces-to-revolutionize-quantum-computing-for-businesses-in-the-benelux (1/1), chunk 14/37
[08:10:12 +1m 40s | thequantuminsider_2024_03_11_qcentroid_and_quindata_io_join_forces_to_revolutionize_quant_e6fdbd4d] Repaired malformed JSON.
[08:10:12 +1m 40s | thequantuminsider_2024_03_11_qcentroid_and_quindata_io_join_forces_to_revolutionize_quant_e6fdbd4d] Extracting actors: https://thequantuminsider.com/2024/03/11/qcentroid-and-quindata-io-join-forces-to-revolutionize-quantum-computing-for-businesses-in-the-benelux (1/1), chunk 15/37
[08:10:19 +1m 47s | thequantuminsider_2024_03_11_qcentroid_and_quindata_io_join_forces_to_revolutionize_quant_e6fdbd4d] Repaired malformed JSON.
[08:10:19 +1m 47s | thequantuminsider_2024_03_11_qcentroid_and_quindata_io_join_forces_to_revolutionize_quant_e6fdbd4d] Extracting actors: https://thequantuminsider.com/2024/03/11/qcentroid-and-quindata-io-join-forces-to-revolutionize-quantum-computing-for-businesses-in-the-benelux (1/1), chunk 16/37
[08:10:25 +1m 54s | thequantuminsider_2024_03_11_qcentroid_and_quindata_io_join_forces_to_revolutionize_quant_e6fdbd4d] Repaired malformed JSON.
[08:10:25 +1m 54s | thequantuminsider_2024_03_11_qcentroid_and_quindata_io_join_forces_to_revolutionize_quant_e6fdbd4d] Extracting actors: https://thequantuminsider.com/2024/03/11/qcentroid-and-quindata-io-join-forces-to-revolutionize-quantum-computing-for-businesses-in-the-benelux (1/1), chunk 17/37
[08:10:31 +1m 59s | thequantuminsider_2024_03_11_qcentroid_and_quindata_io_join_forces_to_revolutionize_quant_e6fdbd4d] Repaired malformed JSON.
[08:10:31 +1m 59s | thequantuminsider_2024_03_11_qcentroid_and_quindata_io_join_forces_to_revolutionize_quant_e6fdbd4d] Extracting actors: https://thequantuminsider.com/2024/03/11/qcentroid-and-quindata-io-join-forces-to-revolutionize-quantum-computing-for-businesses-in-the-benelux (1/1), chunk 18/37
[08:10:39 +2m 7s | thequantuminsider_2024_03_11_qcentroid_and_quindata_io_join_forces_to_revolutionize_quant_e6fdbd4d] Repaired malformed JSON.
[08:10:39 +2m 7s | thequantuminsider_2024_03_11_qcentroid_and_quindata_io_join_forces_to_revolutionize_quant_e6fdbd4d] Extracting actors: https://thequantuminsider.com/2024/03/11/qcentroid-and-quindata-io-join-forces-to-revolutionize-quantum-computing-for-businesses-in-the-benelux (1/1), chunk 19/37
[08:10:49 +2m 17s | thequantuminsider_2024_03_11_qcentroid_and_quindata_io_join_forces_to_revolutionize_quant_e6fdbd4d] Repaired malformed JSON.
[08:10:49 +2m 17s | thequantuminsider_2024_03_11_qcentroid_and_quindata_io_join_forces_to_revolutionize_quant_e6fdbd4d] Extracting actors: https://thequantuminsider.com/2024/03/11/qcentroid-and-quindata-io-join-forces-to-revolutionize-quantum-computing-for-businesses-in-the-benelux (1/1), chunk 20/37
[08:10:55 +2m 24s | thequantuminsider_2024_03_11_qcentroid_and_quindata_io_join_forces_to_revolutionize_quant_e6fdbd4d] Repaired malformed JSON.
[08:10:55 +2m 24s | thequantuminsider_2024_03_11_qcentroid_and_quindata_io_join_forces_to_revolutionize_quant_e6fdbd4d] Extracting actors: https://thequantuminsider.com/2024/03/11/qcentroid-and-quindata-io-join-forces-to-revolutionize-quantum-computing-for-businesses-in-the-benelux (1/1), chunk 21/37
[08:11:04 +2m 32s | thequantuminsider_2024_03_11_qcentroid_and_quindata_io_join_forces_to_revolutionize_quant_e6fdbd4d] Repaired malformed JSON.
[08:11:04 +2m 32s | thequantuminsider_2024_03_11_qcentroid_and_quindata_io_join_forces_to_revolutionize_quant_e6fdbd4d] Extracting actors: https://thequantuminsider.com/2024/03/11/qcentroid-and-quindata-io-join-forces-to-revolutionize-quantum-computing-for-businesses-in-the-benelux (1/1), chunk 22/37
[08:11:10 +2m 38s | thequantuminsider_2024_03_11_qcentroid_and_quindata_io_join_forces_to_revolutionize_quant_e6fdbd4d] Repaired malformed JSON.
[08:11:10 +2m 38s | thequantuminsider_2024_03_11_qcentroid_and_quindata_io_join_forces_to_revolutionize_quant_e6fdbd4d] Extracting actors: https://thequantuminsider.com/2024/03/11/qcentroid-and-quindata-io-join-forces-to-revolutionize-quantum-computing-for-businesses-in-the-benelux (1/1), chunk 23/37
[08:11:16 +2m 44s | thequantuminsider_2024_03_11_qcentroid_and_quindata_io_join_forces_to_revolutionize_quant_e6fdbd4d] Repaired malformed JSON.
[08:11:16 +2m 44s | thequantuminsider_2024_03_11_qcentroid_and_quindata_io_join_forces_to_revolutionize_quant_e6fdbd4d] Extracting actors: https://thequantuminsider.com/2024/03/11/qcentroid-and-quindata-io-join-forces-to-revolutionize-quantum-computing-for-businesses-in-the-benelux (1/1), chunk 24/37
[08:11:22 +2m 50s | thequantuminsider_2024_03_11_qcentroid_and_quindata_io_join_forces_to_revolutionize_quant_e6fdbd4d] Repaired malformed JSON.
[08:11:22 +2m 50s | thequantuminsider_2024_03_11_qcentroid_and_quindata_io_join_forces_to_revolutionize_quant_e6fdbd4d] Extracting actors: https://thequantuminsider.com/2024/03/11/qcentroid-and-quindata-io-join-forces-to-revolutionize-quantum-computing-for-businesses-in-the-benelux (1/1), chunk 25/37
[08:11:28 +2m 56s | thequantuminsider_2024_03_11_qcentroid_and_quindata_io_join_forces_to_revolutionize_quant_e6fdbd4d] Extracting actors: https://thequantuminsider.com/2024/03/11/qcentroid-and-quindata-io-join-forces-to-revolutionize-quantum-computing-for-businesses-in-the-benelux (1/1), chunk 26/37
[08:11:36 +3m 4s | thequantuminsider_2024_03_11_qcentroid_and_quindata_io_join_forces_to_revolutionize_quant_e6fdbd4d] Repaired malformed JSON.
[08:11:36 +3m 4s | thequantuminsider_2024_03_11_qcentroid_and_quindata_io_join_forces_to_revolutionize_quant_e6fdbd4d] Extracting actors: https://thequantuminsider.com/2024/03/11/qcentroid-and-quindata-io-join-forces-to-revolutionize-quantum-computing-for-businesses-in-the-benelux (1/1), chunk 27/37
[08:11:41 +3m 10s | thequantuminsider_2024_03_11_qcentroid_and_quindata_io_join_forces_to_revolutionize_quant_e6fdbd4d] Extracting actors: https://thequantuminsider.com/2024/03/11/qcentroid-and-quindata-io-join-forces-to-revolutionize-quantum-computing-for-businesses-in-the-benelux (1/1), chunk 28/37
[08:11:46 +3m 14s | thequantuminsider_2024_03_11_qcentroid_and_quindata_io_join_forces_to_revolutionize_quant_e6fdbd4d] Extracting actors: https://thequantuminsider.com/2024/03/11/qcentroid-and-quindata-io-join-forces-to-revolutionize-quantum-computing-for-businesses-in-the-benelux (1/1), chunk 29/37
[08:11:53 +3m 21s | thequantuminsider_2024_03_11_qcentroid_and_quindata_io_join_forces_to_revolutionize_quant_e6fdbd4d] Repaired malformed JSON.
[08:11:53 +3m 21s | thequantuminsider_2024_03_11_qcentroid_and_quindata_io_join_forces_to_revolutionize_quant_e6fdbd4d] Extracting actors: https://thequantuminsider.com/2024/03/11/qcentroid-and-quindata-io-join-forces-to-revolutionize-quantum-computing-for-businesses-in-the-benelux (1/1), chunk 30/37
[08:11:59 +3m 27s | thequantuminsider_2024_03_11_qcentroid_and_quindata_io_join_forces_to_revolutionize_quant_e6fdbd4d] Repaired malformed JSON.
[08:11:59 +3m 27s | thequantuminsider_2024_03_11_qcentroid_and_quindata_io_join_forces_to_revolutionize_quant_e6fdbd4d] Extracting actors: https://thequantuminsider.com/2024/03/11/qcentroid-and-quindata-io-join-forces-to-revolutionize-quantum-computing-for-businesses-in-the-benelux (1/1), chunk 31/37
[08:12:07 +3m 35s | thequantuminsider_2024_03_11_qcentroid_and_quindata_io_join_forces_to_revolutionize_quant_e6fdbd4d] Repaired malformed JSON.
[08:12:07 +3m 35s | thequantuminsider_2024_03_11_qcentroid_and_quindata_io_join_forces_to_revolutionize_quant_e6fdbd4d] Extracting actors: https://thequantuminsider.com/2024/03/11/qcentroid-and-quindata-io-join-forces-to-revolutionize-quantum-computing-for-businesses-in-the-benelux (1/1), chunk 32/37
[08:12:13 +3m 42s | thequantuminsider_2024_03_11_qcentroid_and_quindata_io_join_forces_to_revolutionize_quant_e6fdbd4d] Repaired malformed JSON.
[08:12:13 +3m 42s | thequantuminsider_2024_03_11_qcentroid_and_quindata_io_join_forces_to_revolutionize_quant_e6fdbd4d] Extracting actors: https://thequantuminsider.com/2024/03/11/qcentroid-and-quindata-io-join-forces-to-revolutionize-quantum-computing-for-businesses-in-the-benelux (1/1), chunk 33/37
[08:12:20 +3m 48s | thequantuminsider_2024_03_11_qcentroid_and_quindata_io_join_forces_to_revolutionize_quant_e6fdbd4d] Repaired malformed JSON.
[08:12:20 +3m 48s | thequantuminsider_2024_03_11_qcentroid_and_quindata_io_join_forces_to_revolutionize_quant_e6fdbd4d] Extracting actors: https://thequantuminsider.com/2024/03/11/qcentroid-and-quindata-io-join-forces-to-revolutionize-quantum-computing-for-businesses-in-the-benelux (1/1), chunk 34/37
[08:12:28 +3m 56s | thequantuminsider_2024_03_11_qcentroid_and_quindata_io_join_forces_to_revolutionize_quant_e6fdbd4d] Repaired malformed JSON.
[08:12:28 +3m 56s | thequantuminsider_2024_03_11_qcentroid_and_quindata_io_join_forces_to_revolutionize_quant_e6fdbd4d] Extracting actors: https://thequantuminsider.com/2024/03/11/qcentroid-and-quindata-io-join-forces-to-revolutionize-quantum-computing-for-businesses-in-the-benelux (1/1), chunk 35/37
[08:12:34 +4m 2s | thequantuminsider_2024_03_11_qcentroid_and_quindata_io_join_forces_to_revolutionize_quant_e6fdbd4d] Repaired malformed JSON.
[08:12:34 +4m 2s | thequantuminsider_2024_03_11_qcentroid_and_quindata_io_join_forces_to_revolutionize_quant_e6fdbd4d] Extracting actors: https://thequantuminsider.com/2024/03/11/qcentroid-and-quindata-io-join-forces-to-revolutionize-quantum-computing-for-businesses-in-the-benelux (1/1), chunk 36/37
[08:12:35 +4m 4s | thequantuminsider_2024_03_11_qcentroid_and_quindata_io_join_forces_to_revolutionize_quant_e6fdbd4d] Extracting actors: https://thequantuminsider.com/2024/03/11/qcentroid-and-quindata-io-join-forces-to-revolutionize-quantum-computing-for-businesses-in-the-benelux (1/1), chunk 37/37
[08:12:41 +4m 9s | thequantuminsider_2024_03_11_qcentroid_and_quindata_io_join_forces_to_revolutionize_quant_e6fdbd4d] Repaired malformed JSON.
[08:12:41 +4m 9s | thequantuminsider_2024_03_11_qcentroid_and_quindata_io_join_forces_to_revolutionize_quant_e6fdbd4d] Saved 1_actor_results.json with 64 extracted records

[08:12:41 +4m 9s | thequantuminsider_2024_03_11_qcentroid_and_quindata_io_join_forces_to_revolutionize_quant_e6fdbd4d] === 2 clean actors ===
[08:12:41 +4m 9s | thequantuminsider_2024_03_11_qcentroid_and_quindata_io_join_forces_to_revolutionize_quant_e6fdbd4d] Loaded 64 extracted records
[08:12:41 +4m 9s | thequantuminsider_2024_03_11_qcentroid_and_quindata_io_join_forces_to_revolutionize_quant_e6fdbd4d] Saved 2_actor_nodes.json with 15 canonical actor nodes

[08:12:41 +4m 9s | thequantuminsider_2024_03_11_qcentroid_and_quindata_io_join_forces_to_revolutionize_quant_e6fdbd4d] === 3 interaction extraction ===
[08:12:41 +4m 10s | thequantuminsider_2024_03_11_qcentroid_and_quindata_io_join_forces_to_revolutionize_quant_e6fdbd4d] Extracting interactions: https://thequantuminsider.com/2024/03/11/qcentroid-and-quindata-io-join-forces-to-revolutionize-quantum-computing-for-businesses-in-the-benelux (1/1), chunk 11/37
[08:12:46 +4m 14s | thequantuminsider_2024_03_11_qcentroid_and_quindata_io_join_forces_to_revolutionize_quant_e6fdbd4d] Extracting interactions: https://thequantuminsider.com/2024/03/11/qcentroid-and-quindata-io-join-forces-to-revolutionize-quantum-computing-for-businesses-in-the-benelux (1/1), chunk 12/37
[08:12:56 +4m 24s | thequantuminsider_2024_03_11_qcentroid_and_quindata_io_join_forces_to_revolutionize_quant_e6fdbd4d] Extracting interactions: https://thequantuminsider.com/2024/03/11/qcentroid-and-quindata-io-join-forces-to-revolutionize-quantum-computing-for-businesses-in-the-benelux (1/1), chunk 13/37
[08:13:09 +4m 38s | thequantuminsider_2024_03_11_qcentroid_and_quindata_io_join_forces_to_revolutionize_quant_e6fdbd4d] Extracting interactions: https://thequantuminsider.com/2024/03/11/qcentroid-and-quindata-io-join-forces-to-revolutionize-quantum-computing-for-businesses-in-the-benelux (1/1), chunk 14/37
[08:13:22 +4m 51s | thequantuminsider_2024_03_11_qcentroid_and_quindata_io_join_forces_to_revolutionize_quant_e6fdbd4d] Extracting interactions: https://thequantuminsider.com/2024/03/11/qcentroid-and-quindata-io-join-forces-to-revolutionize-quantum-computing-for-businesses-in-the-benelux (1/1), chunk 15/37
[08:13:30 +4m 58s | thequantuminsider_2024_03_11_qcentroid_and_quindata_io_join_forces_to_revolutionize_quant_e6fdbd4d] Extracting interactions: https://thequantuminsider.com/2024/03/11/qcentroid-and-quindata-io-join-forces-to-revolutionize-quantum-computing-for-businesses-in-the-benelux (1/1), chunk 16/37
[08:13:37 +5m 5s | thequantuminsider_2024_03_11_qcentroid_and_quindata_io_join_forces_to_revolutionize_quant_e6fdbd4d] Extracting interactions: https://thequantuminsider.com/2024/03/11/qcentroid-and-quindata-io-join-forces-to-revolutionize-quantum-computing-for-businesses-in-the-benelux (1/1), chunk 17/37
[08:13:39 +5m 7s | thequantuminsider_2024_03_11_qcentroid_and_quindata_io_join_forces_to_revolutionize_quant_e6fdbd4d] Extracting interactions: https://thequantuminsider.com/2024/03/11/qcentroid-and-quindata-io-join-forces-to-revolutionize-quantum-computing-for-businesses-in-the-benelux (1/1), chunk 18/37
[08:13:48 +5m 17s | thequantuminsider_2024_03_11_qcentroid_and_quindata_io_join_forces_to_revolutionize_quant_e6fdbd4d] Extracting interactions: https://thequantuminsider.com/2024/03/11/qcentroid-and-quindata-io-join-forces-to-revolutionize-quantum-computing-for-businesses-in-the-benelux (1/1), chunk 19/37
[08:14:00 +5m 28s | thequantuminsider_2024_03_11_qcentroid_and_quindata_io_join_forces_to_revolutionize_quant_e6fdbd4d] Extracting interactions: https://thequantuminsider.com/2024/03/11/qcentroid-and-quindata-io-join-forces-to-revolutionize-quantum-computing-for-businesses-in-the-benelux (1/1), chunk 20/37
[08:14:10 +5m 38s | thequantuminsider_2024_03_11_qcentroid_and_quindata_io_join_forces_to_revolutionize_quant_e6fdbd4d] Extracting interactions: https://thequantuminsider.com/2024/03/11/qcentroid-and-quindata-io-join-forces-to-revolutionize-quantum-computing-for-businesses-in-the-benelux (1/1), chunk 21/37
[08:14:14 +5m 43s | thequantuminsider_2024_03_11_qcentroid_and_quindata_io_join_forces_to_revolutionize_quant_e6fdbd4d] Extracting interactions: https://thequantuminsider.com/2024/03/11/qcentroid-and-quindata-io-join-forces-to-revolutionize-quantum-computing-for-businesses-in-the-benelux (1/1), chunk 22/37
[08:14:30 +5m 58s | thequantuminsider_2024_03_11_qcentroid_and_quindata_io_join_forces_to_revolutionize_quant_e6fdbd4d] Extracting interactions: https://thequantuminsider.com/2024/03/11/qcentroid-and-quindata-io-join-forces-to-revolutionize-quantum-computing-for-businesses-in-the-benelux (1/1), chunk 23/37
[08:14:41 +6m 9s | thequantuminsider_2024_03_11_qcentroid_and_quindata_io_join_forces_to_revolutionize_quant_e6fdbd4d] Extracting interactions: https://thequantuminsider.com/2024/03/11/qcentroid-and-quindata-io-join-forces-to-revolutionize-quantum-computing-for-businesses-in-the-benelux (1/1), chunk 26/37
[08:14:43 +6m 11s | thequantuminsider_2024_03_11_qcentroid_and_quindata_io_join_forces_to_revolutionize_quant_e6fdbd4d] Extracting interactions: https://thequantuminsider.com/2024/03/11/qcentroid-and-quindata-io-join-forces-to-revolutionize-quantum-computing-for-businesses-in-the-benelux (1/1), chunk 30/37
[08:14:44 +6m 12s | thequantuminsider_2024_03_11_qcentroid_and_quindata_io_join_forces_to_revolutionize_quant_e6fdbd4d] Extracting interactions: https://thequantuminsider.com/2024/03/11/qcentroid-and-quindata-io-join-forces-to-revolutionize-quantum-computing-for-businesses-in-the-benelux (1/1), chunk 31/37
[08:14:46 +6m 14s | thequantuminsider_2024_03_11_qcentroid_and_quindata_io_join_forces_to_revolutionize_quant_e6fdbd4d] Extracting interactions: https://thequantuminsider.com/2024/03/11/qcentroid-and-quindata-io-join-forces-to-revolutionize-quantum-computing-for-businesses-in-the-benelux (1/1), chunk 35/37
[08:14:50 +6m 18s | thequantuminsider_2024_03_11_qcentroid_and_quindata_io_join_forces_to_revolutionize_quant_e6fdbd4d] Extracting interactions: https://thequantuminsider.com/2024/03/11/qcentroid-and-quindata-io-join-forces-to-revolutionize-quantum-computing-for-businesses-in-the-benelux (1/1), chunk 36/37
[08:14:54 +6m 23s | thequantuminsider_2024_03_11_qcentroid_and_quindata_io_join_forces_to_revolutionize_quant_e6fdbd4d] Saved 3_interaction_results.json with 25 extracted interactions.

[08:14:54 +6m 23s | thequantuminsider_2024_03_11_qcentroid_and_quindata_io_join_forces_to_revolutionize_quant_e6fdbd4d] === 4 clean interactions ===
[08:14:54 +6m 23s | thequantuminsider_2024_03_11_qcentroid_and_quindata_io_join_forces_to_revolutionize_quant_e6fdbd4d] Saved 4_edges.json with 3 cleaned interactions.

[08:14:54 +6m 23s | thequantuminsider_2024_03_11_qcentroid_and_quindata_io_join_forces_to_revolutionize_quant_e6fdbd4d] === 5 helix enrichment ===
[08:14:54 +6m 23s | thequantuminsider_2024_03_11_qcentroid_and_quindata_io_join_forces_to_revolutionize_quant_e6fdbd4d] Wrote 5_nodes.json (15 actors)
[08:14:54 +6m 23s | thequantuminsider_2024_03_11_qcentroid_and_quindata_io_join_forces_to_revolutionize_quant_e6fdbd4d] Wrote 5_edges.json (3 interactions)
[08:14:54 +6m 23s | thequantuminsider_2024_03_11_qcentroid_and_quindata_io_join_forces_to_revolutionize_quant_e6fdbd4d] Actor helix counts: {'Academia': 1, 'Civil Society': 2, 'Government': 3, 'Industry': 5, 'Unknown': 4}
[08:14:54 +6m 23s | thequantuminsider_2024_03_11_qcentroid_and_quindata_io_join_forces_to_revolutionize_quant_e6fdbd4d] Functional-space counts: {'Intra-helix / Not classified': 3}

[08:14:54 +6m 23s | thequantuminsider_2024_03_11_qcentroid_and_quindata_io_join_forces_to_revolutionize_quant_e6fdbd4d] === 6 network visualisation ===
[08:14:55 +6m 23s | thequantuminsider_2024_03_11_qcentroid_and_quindata_io_join_forces_to_revolutionize_quant_e6fdbd4d] Wrote quantum_network.html
[08:14:55 +6m 23s | thequantuminsider_2024_03_11_qcentroid_and_quindata_io_join_forces_to_revolutionize_quant_e6fdbd4d] Nodes: 15
[08:14:55 +6m 23s | thequantuminsider_2024_03_11_qcentroid_and_quindata_io_join_forces_to_revolutionize_quant_e6fdbd4d] Edges: 1

[08:14:55 +6m 23s | thequantuminsider_2024_03_11_qcentroid_and_quindata_io_join_forces_to_revolutionize_quant_e6fdbd4d] Done. Outputs written to: /home/lv/IDP/idpdeeptech/pipeline/news_outputs/thequantuminsider_2024_03_11_qcentroid_and_quindata_io_join_forces_to_revolutionize_quant_e6fdbd4d
[08:14:55 +6m 23s | thequantuminsider_2024_03_11_qcentroid_and_quindata_io_join_forces_to_revolutionize_quant_e6fdbd4d] Log: /home/lv/IDP/idpdeeptech/pipeline/news_outputs/thequantuminsider_2024_03_11_qcentroid_and_quindata_io_join_forces_to_revolutionize_quant_e6fdbd4d/run.log

========================================================================
RUN FINISHED 2026-07-02 08:14:55  (OK)
Started:     2026-07-02 08:08:32
Elapsed:     6m 23s
========================================================================
