
========================================================================
RUN STARTED  2026-07-01 18:37:36
site_pipeline.py https://thequantuminsider.com/2020/03/27/cqcs-press-release-tket-a-retargetable-compiler-for-nisq-devices/
========================================================================

[18:37:36 +0s | thequantuminsider_2020_03_27_cqcs_press_release_tket_a_retargetable_compiler_for_nisq_devices] === 0 crawl site ===
[18:37:37 +1s | thequantuminsider_2020_03_27_cqcs_press_release_tket_a_retargetable_compiler_for_nisq_devices] [INIT].... → Crawl4AI 0.8.6 
[18:37:40 +4s | thequantuminsider_2020_03_27_cqcs_press_release_tket_a_retargetable_compiler_for_nisq_devices] [FETCH]... ↓ https://thequantuminsider.com/2020/03/27/cqcs-pr...e-tket-a-retargetable-compiler-for-nisq-devices/  | ✓ | ⏱: 2.66s 
[18:37:40 +4s | thequantuminsider_2020_03_27_cqcs_press_release_tket_a_retargetable_compiler_for_nisq_devices] [SCRAPE].. ◆ https://thequantuminsider.com/2020/03/27/cqcs-pr...e-tket-a-retargetable-compiler-for-nisq-devices/  | ✓ | ⏱: 0.10s 
[18:37:40 +4s | thequantuminsider_2020_03_27_cqcs_press_release_tket_a_retargetable_compiler_for_nisq_devices] [COMPLETE] ● https://thequantuminsider.com/2020/03/27/cqcs-pr...e-tket-a-retargetable-compiler-for-nisq-devices/  | ✓ | ⏱: 2.78s 
[18:37:40 +4s | thequantuminsider_2020_03_27_cqcs_press_release_tket_a_retargetable_compiler_for_nisq_devices] Saved: crawl_output/b9ea5d62ca_thequantuminsider.com_2020_03_27_cqcs-press-release-tket-a-retargetable-compiler-for-nisq-devices.json

[18:37:41 +4s | thequantuminsider_2020_03_27_cqcs_press_release_tket_a_retargetable_compiler_for_nisq_devices] === 1 actor extraction ===
[18:37:41 +4s | thequantuminsider_2020_03_27_cqcs_press_release_tket_a_retargetable_compiler_for_nisq_devices] Reading page (1/1): https://thequantuminsider.com/2020/03/27/cqcs-press-release-tket-a-retargetable-compiler-for-nisq-devices
[18:37:41 +4s | thequantuminsider_2020_03_27_cqcs_press_release_tket_a_retargetable_compiler_for_nisq_devices] Extracting actors: https://thequantuminsider.com/2020/03/27/cqcs-press-release-tket-a-retargetable-compiler-for-nisq-devices (1/1), chunk 1/35
[18:37:49 +10s | thequantuminsider_2020_03_27_cqcs_press_release_tket_a_retargetable_compiler_for_nisq_devices] Extracting actors: https://thequantuminsider.com/2020/03/27/cqcs-press-release-tket-a-retargetable-compiler-for-nisq-devices (1/1), chunk 2/35
[18:37:54 +15s | thequantuminsider_2020_03_27_cqcs_press_release_tket_a_retargetable_compiler_for_nisq_devices] Extracting actors: https://thequantuminsider.com/2020/03/27/cqcs-press-release-tket-a-retargetable-compiler-for-nisq-devices (1/1), chunk 3/35
[18:37:58 +19s | thequantuminsider_2020_03_27_cqcs_press_release_tket_a_retargetable_compiler_for_nisq_devices] Extracting actors: https://thequantuminsider.com/2020/03/27/cqcs-press-release-tket-a-retargetable-compiler-for-nisq-devices (1/1), chunk 4/35
[18:38:02 +23s | thequantuminsider_2020_03_27_cqcs_press_release_tket_a_retargetable_compiler_for_nisq_devices] Extracting actors: https://thequantuminsider.com/2020/03/27/cqcs-press-release-tket-a-retargetable-compiler-for-nisq-devices (1/1), chunk 5/35
[18:38:07 +28s | thequantuminsider_2020_03_27_cqcs_press_release_tket_a_retargetable_compiler_for_nisq_devices] Extracting actors: https://thequantuminsider.com/2020/03/27/cqcs-press-release-tket-a-retargetable-compiler-for-nisq-devices (1/1), chunk 6/35
[18:38:12 +32s | thequantuminsider_2020_03_27_cqcs_press_release_tket_a_retargetable_compiler_for_nisq_devices] Extracting actors: https://thequantuminsider.com/2020/03/27/cqcs-press-release-tket-a-retargetable-compiler-for-nisq-devices (1/1), chunk 7/35
[18:38:17 +37s | thequantuminsider_2020_03_27_cqcs_press_release_tket_a_retargetable_compiler_for_nisq_devices] Extracting actors: https://thequantuminsider.com/2020/03/27/cqcs-press-release-tket-a-retargetable-compiler-for-nisq-devices (1/1), chunk 8/35
[18:38:24 +42s | thequantuminsider_2020_03_27_cqcs_press_release_tket_a_retargetable_compiler_for_nisq_devices] Extracting actors: https://thequantuminsider.com/2020/03/27/cqcs-press-release-tket-a-retargetable-compiler-for-nisq-devices (1/1), chunk 9/35
[18:38:28 +46s | thequantuminsider_2020_03_27_cqcs_press_release_tket_a_retargetable_compiler_for_nisq_devices] Extracting actors: https://thequantuminsider.com/2020/03/27/cqcs-press-release-tket-a-retargetable-compiler-for-nisq-devices (1/1), chunk 10/35
[18:38:32 +50s | thequantuminsider_2020_03_27_cqcs_press_release_tket_a_retargetable_compiler_for_nisq_devices] Extracting actors: https://thequantuminsider.com/2020/03/27/cqcs-press-release-tket-a-retargetable-compiler-for-nisq-devices (1/1), chunk 11/35
[18:38:36 +54s | thequantuminsider_2020_03_27_cqcs_press_release_tket_a_retargetable_compiler_for_nisq_devices] Extracting actors: https://thequantuminsider.com/2020/03/27/cqcs-press-release-tket-a-retargetable-compiler-for-nisq-devices (1/1), chunk 12/35
[18:38:40 +58s | thequantuminsider_2020_03_27_cqcs_press_release_tket_a_retargetable_compiler_for_nisq_devices] Extracting actors: https://thequantuminsider.com/2020/03/27/cqcs-press-release-tket-a-retargetable-compiler-for-nisq-devices (1/1), chunk 13/35
[18:38:48 +1m 5s | thequantuminsider_2020_03_27_cqcs_press_release_tket_a_retargetable_compiler_for_nisq_devices] Repaired malformed JSON.
[18:38:48 +1m 5s | thequantuminsider_2020_03_27_cqcs_press_release_tket_a_retargetable_compiler_for_nisq_devices] Extracting actors: https://thequantuminsider.com/2020/03/27/cqcs-press-release-tket-a-retargetable-compiler-for-nisq-devices (1/1), chunk 14/35
[18:38:53 +1m 11s | thequantuminsider_2020_03_27_cqcs_press_release_tket_a_retargetable_compiler_for_nisq_devices] Repaired malformed JSON.
[18:38:53 +1m 11s | thequantuminsider_2020_03_27_cqcs_press_release_tket_a_retargetable_compiler_for_nisq_devices] Extracting actors: https://thequantuminsider.com/2020/03/27/cqcs-press-release-tket-a-retargetable-compiler-for-nisq-devices (1/1), chunk 15/35
[18:39:02 +1m 17s | thequantuminsider_2020_03_27_cqcs_press_release_tket_a_retargetable_compiler_for_nisq_devices] Repaired malformed JSON.
[18:39:02 +1m 17s | thequantuminsider_2020_03_27_cqcs_press_release_tket_a_retargetable_compiler_for_nisq_devices] Extracting actors: https://thequantuminsider.com/2020/03/27/cqcs-press-release-tket-a-retargetable-compiler-for-nisq-devices (1/1), chunk 16/35
[18:39:10 +1m 25s | thequantuminsider_2020_03_27_cqcs_press_release_tket_a_retargetable_compiler_for_nisq_devices] Repaired malformed JSON.
[18:39:10 +1m 25s | thequantuminsider_2020_03_27_cqcs_press_release_tket_a_retargetable_compiler_for_nisq_devices] Extracting actors: https://thequantuminsider.com/2020/03/27/cqcs-press-release-tket-a-retargetable-compiler-for-nisq-devices (1/1), chunk 17/35
[18:39:18 +1m 33s | thequantuminsider_2020_03_27_cqcs_press_release_tket_a_retargetable_compiler_for_nisq_devices] Repaired malformed JSON.
[18:39:18 +1m 33s | thequantuminsider_2020_03_27_cqcs_press_release_tket_a_retargetable_compiler_for_nisq_devices] Extracting actors: https://thequantuminsider.com/2020/03/27/cqcs-press-release-tket-a-retargetable-compiler-for-nisq-devices (1/1), chunk 18/35
[18:39:24 +1m 39s | thequantuminsider_2020_03_27_cqcs_press_release_tket_a_retargetable_compiler_for_nisq_devices] Repaired malformed JSON.
[18:39:24 +1m 39s | thequantuminsider_2020_03_27_cqcs_press_release_tket_a_retargetable_compiler_for_nisq_devices] Extracting actors: https://thequantuminsider.com/2020/03/27/cqcs-press-release-tket-a-retargetable-compiler-for-nisq-devices (1/1), chunk 19/35
[18:39:29 +1m 44s | thequantuminsider_2020_03_27_cqcs_press_release_tket_a_retargetable_compiler_for_nisq_devices] Repaired malformed JSON.
[18:39:29 +1m 44s | thequantuminsider_2020_03_27_cqcs_press_release_tket_a_retargetable_compiler_for_nisq_devices] Extracting actors: https://thequantuminsider.com/2020/03/27/cqcs-press-release-tket-a-retargetable-compiler-for-nisq-devices (1/1), chunk 20/35
[18:39:39 +1m 51s | thequantuminsider_2020_03_27_cqcs_press_release_tket_a_retargetable_compiler_for_nisq_devices] Repaired malformed JSON.
[18:39:39 +1m 51s | thequantuminsider_2020_03_27_cqcs_press_release_tket_a_retargetable_compiler_for_nisq_devices] Extracting actors: https://thequantuminsider.com/2020/03/27/cqcs-press-release-tket-a-retargetable-compiler-for-nisq-devices (1/1), chunk 21/35
[18:39:47 +1m 59s | thequantuminsider_2020_03_27_cqcs_press_release_tket_a_retargetable_compiler_for_nisq_devices] Repaired malformed JSON.
[18:39:47 +1m 59s | thequantuminsider_2020_03_27_cqcs_press_release_tket_a_retargetable_compiler_for_nisq_devices] Extracting actors: https://thequantuminsider.com/2020/03/27/cqcs-press-release-tket-a-retargetable-compiler-for-nisq-devices (1/1), chunk 22/35
[18:39:54 +2m 6s | thequantuminsider_2020_03_27_cqcs_press_release_tket_a_retargetable_compiler_for_nisq_devices] Repaired malformed JSON.
[18:39:54 +2m 6s | thequantuminsider_2020_03_27_cqcs_press_release_tket_a_retargetable_compiler_for_nisq_devices] Extracting actors: https://thequantuminsider.com/2020/03/27/cqcs-press-release-tket-a-retargetable-compiler-for-nisq-devices (1/1), chunk 23/35
[18:39:58 +2m 10s | thequantuminsider_2020_03_27_cqcs_press_release_tket_a_retargetable_compiler_for_nisq_devices] Extracting actors: https://thequantuminsider.com/2020/03/27/cqcs-press-release-tket-a-retargetable-compiler-for-nisq-devices (1/1), chunk 24/35
[18:40:04 +2m 16s | thequantuminsider_2020_03_27_cqcs_press_release_tket_a_retargetable_compiler_for_nisq_devices] Extracting actors: https://thequantuminsider.com/2020/03/27/cqcs-press-release-tket-a-retargetable-compiler-for-nisq-devices (1/1), chunk 25/35
[18:40:11 +2m 20s | thequantuminsider_2020_03_27_cqcs_press_release_tket_a_retargetable_compiler_for_nisq_devices] Extracting actors: https://thequantuminsider.com/2020/03/27/cqcs-press-release-tket-a-retargetable-compiler-for-nisq-devices (1/1), chunk 26/35
[18:40:13 +2m 22s | thequantuminsider_2020_03_27_cqcs_press_release_tket_a_retargetable_compiler_for_nisq_devices] Extracting actors: https://thequantuminsider.com/2020/03/27/cqcs-press-release-tket-a-retargetable-compiler-for-nisq-devices (1/1), chunk 27/35
[18:40:15 +2m 24s | thequantuminsider_2020_03_27_cqcs_press_release_tket_a_retargetable_compiler_for_nisq_devices] Extracting actors: https://thequantuminsider.com/2020/03/27/cqcs-press-release-tket-a-retargetable-compiler-for-nisq-devices (1/1), chunk 28/35
[18:40:21 +2m 30s | thequantuminsider_2020_03_27_cqcs_press_release_tket_a_retargetable_compiler_for_nisq_devices] Repaired malformed JSON.
[18:40:21 +2m 30s | thequantuminsider_2020_03_27_cqcs_press_release_tket_a_retargetable_compiler_for_nisq_devices] Extracting actors: https://thequantuminsider.com/2020/03/27/cqcs-press-release-tket-a-retargetable-compiler-for-nisq-devices (1/1), chunk 29/35
[18:40:28 +2m 37s | thequantuminsider_2020_03_27_cqcs_press_release_tket_a_retargetable_compiler_for_nisq_devices] Repaired malformed JSON.
[18:40:28 +2m 37s | thequantuminsider_2020_03_27_cqcs_press_release_tket_a_retargetable_compiler_for_nisq_devices] Extracting actors: https://thequantuminsider.com/2020/03/27/cqcs-press-release-tket-a-retargetable-compiler-for-nisq-devices (1/1), chunk 30/35
[18:40:34 +2m 43s | thequantuminsider_2020_03_27_cqcs_press_release_tket_a_retargetable_compiler_for_nisq_devices] Repaired malformed JSON.
[18:40:34 +2m 43s | thequantuminsider_2020_03_27_cqcs_press_release_tket_a_retargetable_compiler_for_nisq_devices] Extracting actors: https://thequantuminsider.com/2020/03/27/cqcs-press-release-tket-a-retargetable-compiler-for-nisq-devices (1/1), chunk 31/35
[18:40:46 +2m 52s | thequantuminsider_2020_03_27_cqcs_press_release_tket_a_retargetable_compiler_for_nisq_devices] Repaired malformed JSON.
[18:40:46 +2m 52s | thequantuminsider_2020_03_27_cqcs_press_release_tket_a_retargetable_compiler_for_nisq_devices] Extracting actors: https://thequantuminsider.com/2020/03/27/cqcs-press-release-tket-a-retargetable-compiler-for-nisq-devices (1/1), chunk 32/35
[18:40:47 +2m 53s | thequantuminsider_2020_03_27_cqcs_press_release_tket_a_retargetable_compiler_for_nisq_devices] Extracting actors: https://thequantuminsider.com/2020/03/27/cqcs-press-release-tket-a-retargetable-compiler-for-nisq-devices (1/1), chunk 33/35
[18:40:55 +3m 1s | thequantuminsider_2020_03_27_cqcs_press_release_tket_a_retargetable_compiler_for_nisq_devices] Repaired malformed JSON.
[18:40:55 +3m 1s | thequantuminsider_2020_03_27_cqcs_press_release_tket_a_retargetable_compiler_for_nisq_devices] Extracting actors: https://thequantuminsider.com/2020/03/27/cqcs-press-release-tket-a-retargetable-compiler-for-nisq-devices (1/1), chunk 34/35
[18:40:56 +3m 2s | thequantuminsider_2020_03_27_cqcs_press_release_tket_a_retargetable_compiler_for_nisq_devices] Extracting actors: https://thequantuminsider.com/2020/03/27/cqcs-press-release-tket-a-retargetable-compiler-for-nisq-devices (1/1), chunk 35/35
[18:41:02 +3m 8s | thequantuminsider_2020_03_27_cqcs_press_release_tket_a_retargetable_compiler_for_nisq_devices] Repaired malformed JSON.
[18:41:02 +3m 8s | thequantuminsider_2020_03_27_cqcs_press_release_tket_a_retargetable_compiler_for_nisq_devices] Saved 1_actor_results.json with 44 extracted records

[18:41:02 +3m 8s | thequantuminsider_2020_03_27_cqcs_press_release_tket_a_retargetable_compiler_for_nisq_devices] === 2 clean actors ===
[18:41:02 +3m 8s | thequantuminsider_2020_03_27_cqcs_press_release_tket_a_retargetable_compiler_for_nisq_devices] Loaded 44 extracted records
[18:41:02 +3m 8s | thequantuminsider_2020_03_27_cqcs_press_release_tket_a_retargetable_compiler_for_nisq_devices] Saved 2_actor_nodes.json with 17 canonical actor nodes

[18:41:02 +3m 8s | thequantuminsider_2020_03_27_cqcs_press_release_tket_a_retargetable_compiler_for_nisq_devices] === 3 interaction extraction ===
[18:41:03 +3m 9s | thequantuminsider_2020_03_27_cqcs_press_release_tket_a_retargetable_compiler_for_nisq_devices] Extracting interactions: https://thequantuminsider.com/2020/03/27/cqcs-press-release-tket-a-retargetable-compiler-for-nisq-devices (1/1), chunk 11/35
[18:41:08 +3m 14s | thequantuminsider_2020_03_27_cqcs_press_release_tket_a_retargetable_compiler_for_nisq_devices] Extracting interactions: https://thequantuminsider.com/2020/03/27/cqcs-press-release-tket-a-retargetable-compiler-for-nisq-devices (1/1), chunk 14/35
[18:41:13 +3m 19s | thequantuminsider_2020_03_27_cqcs_press_release_tket_a_retargetable_compiler_for_nisq_devices] Extracting interactions: https://thequantuminsider.com/2020/03/27/cqcs-press-release-tket-a-retargetable-compiler-for-nisq-devices (1/1), chunk 15/35
[18:41:22 +3m 25s | thequantuminsider_2020_03_27_cqcs_press_release_tket_a_retargetable_compiler_for_nisq_devices] Extracting interactions: https://thequantuminsider.com/2020/03/27/cqcs-press-release-tket-a-retargetable-compiler-for-nisq-devices (1/1), chunk 16/35
[18:41:28 +3m 32s | thequantuminsider_2020_03_27_cqcs_press_release_tket_a_retargetable_compiler_for_nisq_devices] Extracting interactions: https://thequantuminsider.com/2020/03/27/cqcs-press-release-tket-a-retargetable-compiler-for-nisq-devices (1/1), chunk 17/35
[18:41:32 +3m 36s | thequantuminsider_2020_03_27_cqcs_press_release_tket_a_retargetable_compiler_for_nisq_devices] Extracting interactions: https://thequantuminsider.com/2020/03/27/cqcs-press-release-tket-a-retargetable-compiler-for-nisq-devices (1/1), chunk 18/35
[18:41:43 +3m 46s | thequantuminsider_2020_03_27_cqcs_press_release_tket_a_retargetable_compiler_for_nisq_devices] Extracting interactions: https://thequantuminsider.com/2020/03/27/cqcs-press-release-tket-a-retargetable-compiler-for-nisq-devices (1/1), chunk 19/35
[18:41:50 +3m 53s | thequantuminsider_2020_03_27_cqcs_press_release_tket_a_retargetable_compiler_for_nisq_devices] Extracting interactions: https://thequantuminsider.com/2020/03/27/cqcs-press-release-tket-a-retargetable-compiler-for-nisq-devices (1/1), chunk 20/35
[18:41:56 +3m 56s | thequantuminsider_2020_03_27_cqcs_press_release_tket_a_retargetable_compiler_for_nisq_devices] Extracting interactions: https://thequantuminsider.com/2020/03/27/cqcs-press-release-tket-a-retargetable-compiler-for-nisq-devices (1/1), chunk 21/35
[18:42:02 +4m 2s | thequantuminsider_2020_03_27_cqcs_press_release_tket_a_retargetable_compiler_for_nisq_devices] Extracting interactions: https://thequantuminsider.com/2020/03/27/cqcs-press-release-tket-a-retargetable-compiler-for-nisq-devices (1/1), chunk 24/35
[18:42:09 +4m 9s | thequantuminsider_2020_03_27_cqcs_press_release_tket_a_retargetable_compiler_for_nisq_devices] Extracting interactions: https://thequantuminsider.com/2020/03/27/cqcs-press-release-tket-a-retargetable-compiler-for-nisq-devices (1/1), chunk 25/35
[18:42:11 +4m 12s | thequantuminsider_2020_03_27_cqcs_press_release_tket_a_retargetable_compiler_for_nisq_devices] Extracting interactions: https://thequantuminsider.com/2020/03/27/cqcs-press-release-tket-a-retargetable-compiler-for-nisq-devices (1/1), chunk 26/35
[18:42:13 +4m 13s | thequantuminsider_2020_03_27_cqcs_press_release_tket_a_retargetable_compiler_for_nisq_devices] Extracting interactions: https://thequantuminsider.com/2020/03/27/cqcs-press-release-tket-a-retargetable-compiler-for-nisq-devices (1/1), chunk 28/35
[18:42:15 +4m 15s | thequantuminsider_2020_03_27_cqcs_press_release_tket_a_retargetable_compiler_for_nisq_devices] Extracting interactions: https://thequantuminsider.com/2020/03/27/cqcs-press-release-tket-a-retargetable-compiler-for-nisq-devices (1/1), chunk 29/35
[18:42:16 +4m 17s | thequantuminsider_2020_03_27_cqcs_press_release_tket_a_retargetable_compiler_for_nisq_devices] Extracting interactions: https://thequantuminsider.com/2020/03/27/cqcs-press-release-tket-a-retargetable-compiler-for-nisq-devices (1/1), chunk 30/35
[18:42:19 +4m 19s | thequantuminsider_2020_03_27_cqcs_press_release_tket_a_retargetable_compiler_for_nisq_devices] Extracting interactions: https://thequantuminsider.com/2020/03/27/cqcs-press-release-tket-a-retargetable-compiler-for-nisq-devices (1/1), chunk 31/35
[18:42:20 +4m 20s | thequantuminsider_2020_03_27_cqcs_press_release_tket_a_retargetable_compiler_for_nisq_devices] Extracting interactions: https://thequantuminsider.com/2020/03/27/cqcs-press-release-tket-a-retargetable-compiler-for-nisq-devices (1/1), chunk 33/35
[18:42:21 +4m 22s | thequantuminsider_2020_03_27_cqcs_press_release_tket_a_retargetable_compiler_for_nisq_devices] Extracting interactions: https://thequantuminsider.com/2020/03/27/cqcs-press-release-tket-a-retargetable-compiler-for-nisq-devices (1/1), chunk 34/35
[18:42:37 +4m 34s | thequantuminsider_2020_03_27_cqcs_press_release_tket_a_retargetable_compiler_for_nisq_devices] Extracting interactions: https://thequantuminsider.com/2020/03/27/cqcs-press-release-tket-a-retargetable-compiler-for-nisq-devices (1/1), chunk 35/35
[18:42:38 +4m 36s | thequantuminsider_2020_03_27_cqcs_press_release_tket_a_retargetable_compiler_for_nisq_devices] Saved 3_interaction_results.json with 18 extracted interactions.

[18:42:38 +4m 36s | thequantuminsider_2020_03_27_cqcs_press_release_tket_a_retargetable_compiler_for_nisq_devices] === 4 clean interactions ===
[18:42:38 +4m 36s | thequantuminsider_2020_03_27_cqcs_press_release_tket_a_retargetable_compiler_for_nisq_devices] Saved 4_edges.json with 0 cleaned interactions.

[18:42:38 +4m 36s | thequantuminsider_2020_03_27_cqcs_press_release_tket_a_retargetable_compiler_for_nisq_devices] === 5 helix enrichment ===
[18:42:38 +4m 36s | thequantuminsider_2020_03_27_cqcs_press_release_tket_a_retargetable_compiler_for_nisq_devices] Wrote 5_nodes.json (17 actors)
[18:42:38 +4m 36s | thequantuminsider_2020_03_27_cqcs_press_release_tket_a_retargetable_compiler_for_nisq_devices] Wrote 5_edges.json (0 interactions)
[18:42:38 +4m 36s | thequantuminsider_2020_03_27_cqcs_press_release_tket_a_retargetable_compiler_for_nisq_devices] Actor helix counts: {'Civil Society': 1, 'Government': 2, 'Industry': 5, 'Intermediary': 1, 'Unknown': 8}
[18:42:38 +4m 36s | thequantuminsider_2020_03_27_cqcs_press_release_tket_a_retargetable_compiler_for_nisq_devices] Functional-space counts: {}

[18:42:38 +4m 36s | thequantuminsider_2020_03_27_cqcs_press_release_tket_a_retargetable_compiler_for_nisq_devices] === 6 network visualisation ===
[18:42:39 +4m 36s | thequantuminsider_2020_03_27_cqcs_press_release_tket_a_retargetable_compiler_for_nisq_devices] Wrote quantum_network.html
[18:42:39 +4m 36s | thequantuminsider_2020_03_27_cqcs_press_release_tket_a_retargetable_compiler_for_nisq_devices] Nodes: 17
[18:42:39 +4m 36s | thequantuminsider_2020_03_27_cqcs_press_release_tket_a_retargetable_compiler_for_nisq_devices] Edges: 0

[18:42:39 +4m 36s | thequantuminsider_2020_03_27_cqcs_press_release_tket_a_retargetable_compiler_for_nisq_devices] Done. Outputs written to: /home/lv/IDP/idpdeeptech/pipeline/news_outputs/thequantuminsider_2020_03_27_cqcs_press_release_tket_a_retargetable_compiler_for_nisq_devices
[18:42:39 +4m 36s | thequantuminsider_2020_03_27_cqcs_press_release_tket_a_retargetable_compiler_for_nisq_devices] Log: /home/lv/IDP/idpdeeptech/pipeline/news_outputs/thequantuminsider_2020_03_27_cqcs_press_release_tket_a_retargetable_compiler_for_nisq_devices/run.log

========================================================================
RUN FINISHED 2026-07-01 18:42:39  (OK)
Started:     2026-07-01 18:37:36
Elapsed:     4m 36s
========================================================================
