
========================================================================
RUN STARTED  2026-07-01 17:04:02
site_pipeline.py https://thequantuminsider.com/2019/11/21/fermilabs-new-institute-to-probe-ways-to-improve-quantum-computing/
========================================================================

[17:04:02 +0s | thequantuminsider_2019_11_21_fermilabs_new_institute_to_probe_ways_to_improve_quantum_computing] === 0 crawl site ===
[17:04:03 +1s | thequantuminsider_2019_11_21_fermilabs_new_institute_to_probe_ways_to_improve_quantum_computing] [INIT].... → Crawl4AI 0.8.6 
[17:04:05 +4s | thequantuminsider_2019_11_21_fermilabs_new_institute_to_probe_ways_to_improve_quantum_computing] [FETCH]... ↓ https://thequantuminsider.com/2019/11/21/fermila...tute-to-probe-ways-to-improve-quantum-computing/  | ✓ | ⏱: 2.51s 
[17:04:05 +4s | thequantuminsider_2019_11_21_fermilabs_new_institute_to_probe_ways_to_improve_quantum_computing] [SCRAPE].. ◆ https://thequantuminsider.com/2019/11/21/fermila...tute-to-probe-ways-to-improve-quantum-computing/  | ✓ | ⏱: 0.10s 
[17:04:05 +4s | thequantuminsider_2019_11_21_fermilabs_new_institute_to_probe_ways_to_improve_quantum_computing] [COMPLETE] ● https://thequantuminsider.com/2019/11/21/fermila...tute-to-probe-ways-to-improve-quantum-computing/  | ✓ | ⏱: 2.63s 
[17:04:05 +4s | thequantuminsider_2019_11_21_fermilabs_new_institute_to_probe_ways_to_improve_quantum_computing] Saved: crawl_output/d1ab574b50_thequantuminsider.com_2019_11_21_fermilabs-new-institute-to-probe-ways-to-improve-quantum-computing.json

[17:04:06 +4s | thequantuminsider_2019_11_21_fermilabs_new_institute_to_probe_ways_to_improve_quantum_computing] === 1 actor extraction ===
[17:04:06 +4s | thequantuminsider_2019_11_21_fermilabs_new_institute_to_probe_ways_to_improve_quantum_computing] Reading page (1/1): https://thequantuminsider.com/2019/11/21/fermilabs-new-institute-to-probe-ways-to-improve-quantum-computing
[17:04:06 +4s | thequantuminsider_2019_11_21_fermilabs_new_institute_to_probe_ways_to_improve_quantum_computing] Extracting actors: https://thequantuminsider.com/2019/11/21/fermilabs-new-institute-to-probe-ways-to-improve-quantum-computing (1/1), chunk 1/38
[17:04:11 +9s | thequantuminsider_2019_11_21_fermilabs_new_institute_to_probe_ways_to_improve_quantum_computing] Extracting actors: https://thequantuminsider.com/2019/11/21/fermilabs-new-institute-to-probe-ways-to-improve-quantum-computing (1/1), chunk 2/38
[17:04:14 +13s | thequantuminsider_2019_11_21_fermilabs_new_institute_to_probe_ways_to_improve_quantum_computing] Extracting actors: https://thequantuminsider.com/2019/11/21/fermilabs-new-institute-to-probe-ways-to-improve-quantum-computing (1/1), chunk 3/38
[17:04:19 +17s | thequantuminsider_2019_11_21_fermilabs_new_institute_to_probe_ways_to_improve_quantum_computing] Extracting actors: https://thequantuminsider.com/2019/11/21/fermilabs-new-institute-to-probe-ways-to-improve-quantum-computing (1/1), chunk 4/38
[17:04:25 +24s | thequantuminsider_2019_11_21_fermilabs_new_institute_to_probe_ways_to_improve_quantum_computing] Extracting actors: https://thequantuminsider.com/2019/11/21/fermilabs-new-institute-to-probe-ways-to-improve-quantum-computing (1/1), chunk 5/38
[17:04:35 +31s | thequantuminsider_2019_11_21_fermilabs_new_institute_to_probe_ways_to_improve_quantum_computing] Extracting actors: https://thequantuminsider.com/2019/11/21/fermilabs-new-institute-to-probe-ways-to-improve-quantum-computing (1/1), chunk 6/38
[17:04:40 +35s | thequantuminsider_2019_11_21_fermilabs_new_institute_to_probe_ways_to_improve_quantum_computing] Extracting actors: https://thequantuminsider.com/2019/11/21/fermilabs-new-institute-to-probe-ways-to-improve-quantum-computing (1/1), chunk 7/38
[17:04:46 +42s | thequantuminsider_2019_11_21_fermilabs_new_institute_to_probe_ways_to_improve_quantum_computing] Extracting actors: https://thequantuminsider.com/2019/11/21/fermilabs-new-institute-to-probe-ways-to-improve-quantum-computing (1/1), chunk 8/38
[17:04:51 +46s | thequantuminsider_2019_11_21_fermilabs_new_institute_to_probe_ways_to_improve_quantum_computing] Extracting actors: https://thequantuminsider.com/2019/11/21/fermilabs-new-institute-to-probe-ways-to-improve-quantum-computing (1/1), chunk 9/38
[17:04:58 +53s | thequantuminsider_2019_11_21_fermilabs_new_institute_to_probe_ways_to_improve_quantum_computing] Extracting actors: https://thequantuminsider.com/2019/11/21/fermilabs-new-institute-to-probe-ways-to-improve-quantum-computing (1/1), chunk 10/38
[17:05:07 +59s | thequantuminsider_2019_11_21_fermilabs_new_institute_to_probe_ways_to_improve_quantum_computing] Extracting actors: https://thequantuminsider.com/2019/11/21/fermilabs-new-institute-to-probe-ways-to-improve-quantum-computing (1/1), chunk 11/38
[17:05:14 +1m 7s | thequantuminsider_2019_11_21_fermilabs_new_institute_to_probe_ways_to_improve_quantum_computing] Repaired malformed JSON.
[17:05:14 +1m 7s | thequantuminsider_2019_11_21_fermilabs_new_institute_to_probe_ways_to_improve_quantum_computing] Extracting actors: https://thequantuminsider.com/2019/11/21/fermilabs-new-institute-to-probe-ways-to-improve-quantum-computing (1/1), chunk 12/38
[17:05:22 +1m 15s | thequantuminsider_2019_11_21_fermilabs_new_institute_to_probe_ways_to_improve_quantum_computing] Repaired malformed JSON.
[17:05:22 +1m 15s | thequantuminsider_2019_11_21_fermilabs_new_institute_to_probe_ways_to_improve_quantum_computing] Extracting actors: https://thequantuminsider.com/2019/11/21/fermilabs-new-institute-to-probe-ways-to-improve-quantum-computing (1/1), chunk 13/38
[17:05:29 +1m 21s | thequantuminsider_2019_11_21_fermilabs_new_institute_to_probe_ways_to_improve_quantum_computing] Repaired malformed JSON.
[17:05:29 +1m 21s | thequantuminsider_2019_11_21_fermilabs_new_institute_to_probe_ways_to_improve_quantum_computing] Extracting actors: https://thequantuminsider.com/2019/11/21/fermilabs-new-institute-to-probe-ways-to-improve-quantum-computing (1/1), chunk 14/38
[17:05:37 +1m 29s | thequantuminsider_2019_11_21_fermilabs_new_institute_to_probe_ways_to_improve_quantum_computing] Repaired malformed JSON.
[17:05:37 +1m 29s | thequantuminsider_2019_11_21_fermilabs_new_institute_to_probe_ways_to_improve_quantum_computing] Extracting actors: https://thequantuminsider.com/2019/11/21/fermilabs-new-institute-to-probe-ways-to-improve-quantum-computing (1/1), chunk 15/38
[17:05:48 +1m 38s | thequantuminsider_2019_11_21_fermilabs_new_institute_to_probe_ways_to_improve_quantum_computing] Repaired malformed JSON.
[17:05:48 +1m 38s | thequantuminsider_2019_11_21_fermilabs_new_institute_to_probe_ways_to_improve_quantum_computing] Extracting actors: https://thequantuminsider.com/2019/11/21/fermilabs-new-institute-to-probe-ways-to-improve-quantum-computing (1/1), chunk 16/38
[17:05:56 +1m 46s | thequantuminsider_2019_11_21_fermilabs_new_institute_to_probe_ways_to_improve_quantum_computing] Repaired malformed JSON.
[17:05:56 +1m 46s | thequantuminsider_2019_11_21_fermilabs_new_institute_to_probe_ways_to_improve_quantum_computing] Extracting actors: https://thequantuminsider.com/2019/11/21/fermilabs-new-institute-to-probe-ways-to-improve-quantum-computing (1/1), chunk 17/38
[17:06:03 +1m 53s | thequantuminsider_2019_11_21_fermilabs_new_institute_to_probe_ways_to_improve_quantum_computing] Repaired malformed JSON.
[17:06:03 +1m 53s | thequantuminsider_2019_11_21_fermilabs_new_institute_to_probe_ways_to_improve_quantum_computing] Extracting actors: https://thequantuminsider.com/2019/11/21/fermilabs-new-institute-to-probe-ways-to-improve-quantum-computing (1/1), chunk 18/38
[17:06:10 +2m 0s | thequantuminsider_2019_11_21_fermilabs_new_institute_to_probe_ways_to_improve_quantum_computing] Repaired malformed JSON.
[17:06:10 +2m 0s | thequantuminsider_2019_11_21_fermilabs_new_institute_to_probe_ways_to_improve_quantum_computing] Extracting actors: https://thequantuminsider.com/2019/11/21/fermilabs-new-institute-to-probe-ways-to-improve-quantum-computing (1/1), chunk 19/38
[17:06:21 +2m 8s | thequantuminsider_2019_11_21_fermilabs_new_institute_to_probe_ways_to_improve_quantum_computing] Repaired malformed JSON.
[17:06:21 +2m 8s | thequantuminsider_2019_11_21_fermilabs_new_institute_to_probe_ways_to_improve_quantum_computing] Extracting actors: https://thequantuminsider.com/2019/11/21/fermilabs-new-institute-to-probe-ways-to-improve-quantum-computing (1/1), chunk 20/38
[17:06:28 +2m 15s | thequantuminsider_2019_11_21_fermilabs_new_institute_to_probe_ways_to_improve_quantum_computing] Repaired malformed JSON.
[17:06:28 +2m 15s | thequantuminsider_2019_11_21_fermilabs_new_institute_to_probe_ways_to_improve_quantum_computing] Extracting actors: https://thequantuminsider.com/2019/11/21/fermilabs-new-institute-to-probe-ways-to-improve-quantum-computing (1/1), chunk 21/38
[17:06:35 +2m 22s | thequantuminsider_2019_11_21_fermilabs_new_institute_to_probe_ways_to_improve_quantum_computing] Repaired malformed JSON.
[17:06:35 +2m 22s | thequantuminsider_2019_11_21_fermilabs_new_institute_to_probe_ways_to_improve_quantum_computing] Extracting actors: https://thequantuminsider.com/2019/11/21/fermilabs-new-institute-to-probe-ways-to-improve-quantum-computing (1/1), chunk 22/38
[17:06:43 +2m 29s | thequantuminsider_2019_11_21_fermilabs_new_institute_to_probe_ways_to_improve_quantum_computing] Repaired malformed JSON.
[17:06:43 +2m 29s | thequantuminsider_2019_11_21_fermilabs_new_institute_to_probe_ways_to_improve_quantum_computing] Extracting actors: https://thequantuminsider.com/2019/11/21/fermilabs-new-institute-to-probe-ways-to-improve-quantum-computing (1/1), chunk 23/38
[17:06:53 +2m 36s | thequantuminsider_2019_11_21_fermilabs_new_institute_to_probe_ways_to_improve_quantum_computing] Repaired malformed JSON.
[17:06:53 +2m 36s | thequantuminsider_2019_11_21_fermilabs_new_institute_to_probe_ways_to_improve_quantum_computing] Extracting actors: https://thequantuminsider.com/2019/11/21/fermilabs-new-institute-to-probe-ways-to-improve-quantum-computing (1/1), chunk 24/38
[17:06:58 +2m 42s | thequantuminsider_2019_11_21_fermilabs_new_institute_to_probe_ways_to_improve_quantum_computing] Repaired malformed JSON.
[17:06:58 +2m 42s | thequantuminsider_2019_11_21_fermilabs_new_institute_to_probe_ways_to_improve_quantum_computing] Extracting actors: https://thequantuminsider.com/2019/11/21/fermilabs-new-institute-to-probe-ways-to-improve-quantum-computing (1/1), chunk 25/38
[17:07:04 +2m 48s | thequantuminsider_2019_11_21_fermilabs_new_institute_to_probe_ways_to_improve_quantum_computing] Repaired malformed JSON.
[17:07:04 +2m 48s | thequantuminsider_2019_11_21_fermilabs_new_institute_to_probe_ways_to_improve_quantum_computing] Extracting actors: https://thequantuminsider.com/2019/11/21/fermilabs-new-institute-to-probe-ways-to-improve-quantum-computing (1/1), chunk 26/38
[17:07:09 +2m 53s | thequantuminsider_2019_11_21_fermilabs_new_institute_to_probe_ways_to_improve_quantum_computing] Extracting actors: https://thequantuminsider.com/2019/11/21/fermilabs-new-institute-to-probe-ways-to-improve-quantum-computing (1/1), chunk 27/38
[17:07:16 +3m 0s | thequantuminsider_2019_11_21_fermilabs_new_institute_to_probe_ways_to_improve_quantum_computing] Repaired malformed JSON.
[17:07:16 +3m 0s | thequantuminsider_2019_11_21_fermilabs_new_institute_to_probe_ways_to_improve_quantum_computing] Extracting actors: https://thequantuminsider.com/2019/11/21/fermilabs-new-institute-to-probe-ways-to-improve-quantum-computing (1/1), chunk 28/38
[17:07:18 +3m 1s | thequantuminsider_2019_11_21_fermilabs_new_institute_to_probe_ways_to_improve_quantum_computing] Extracting actors: https://thequantuminsider.com/2019/11/21/fermilabs-new-institute-to-probe-ways-to-improve-quantum-computing (1/1), chunk 29/38
[17:07:28 +3m 8s | thequantuminsider_2019_11_21_fermilabs_new_institute_to_probe_ways_to_improve_quantum_computing] Extracting actors: https://thequantuminsider.com/2019/11/21/fermilabs-new-institute-to-probe-ways-to-improve-quantum-computing (1/1), chunk 30/38
[17:07:35 +3m 15s | thequantuminsider_2019_11_21_fermilabs_new_institute_to_probe_ways_to_improve_quantum_computing] Repaired malformed JSON.
[17:07:35 +3m 15s | thequantuminsider_2019_11_21_fermilabs_new_institute_to_probe_ways_to_improve_quantum_computing] Extracting actors: https://thequantuminsider.com/2019/11/21/fermilabs-new-institute-to-probe-ways-to-improve-quantum-computing (1/1), chunk 31/38
[17:07:43 +3m 24s | thequantuminsider_2019_11_21_fermilabs_new_institute_to_probe_ways_to_improve_quantum_computing] Repaired malformed JSON.
[17:07:43 +3m 24s | thequantuminsider_2019_11_21_fermilabs_new_institute_to_probe_ways_to_improve_quantum_computing] Extracting actors: https://thequantuminsider.com/2019/11/21/fermilabs-new-institute-to-probe-ways-to-improve-quantum-computing (1/1), chunk 32/38
[17:07:51 +3m 32s | thequantuminsider_2019_11_21_fermilabs_new_institute_to_probe_ways_to_improve_quantum_computing] Repaired malformed JSON.
[17:07:51 +3m 32s | thequantuminsider_2019_11_21_fermilabs_new_institute_to_probe_ways_to_improve_quantum_computing] Extracting actors: https://thequantuminsider.com/2019/11/21/fermilabs-new-institute-to-probe-ways-to-improve-quantum-computing (1/1), chunk 33/38
[17:07:55 +3m 36s | thequantuminsider_2019_11_21_fermilabs_new_institute_to_probe_ways_to_improve_quantum_computing] Extracting actors: https://thequantuminsider.com/2019/11/21/fermilabs-new-institute-to-probe-ways-to-improve-quantum-computing (1/1), chunk 34/38
[17:08:04 +3m 42s | thequantuminsider_2019_11_21_fermilabs_new_institute_to_probe_ways_to_improve_quantum_computing] Repaired malformed JSON.
[17:08:04 +3m 42s | thequantuminsider_2019_11_21_fermilabs_new_institute_to_probe_ways_to_improve_quantum_computing] Extracting actors: https://thequantuminsider.com/2019/11/21/fermilabs-new-institute-to-probe-ways-to-improve-quantum-computing (1/1), chunk 35/38
[17:08:11 +3m 49s | thequantuminsider_2019_11_21_fermilabs_new_institute_to_probe_ways_to_improve_quantum_computing] Repaired malformed JSON.
[17:08:11 +3m 49s | thequantuminsider_2019_11_21_fermilabs_new_institute_to_probe_ways_to_improve_quantum_computing] Extracting actors: https://thequantuminsider.com/2019/11/21/fermilabs-new-institute-to-probe-ways-to-improve-quantum-computing (1/1), chunk 36/38
[17:08:18 +3m 55s | thequantuminsider_2019_11_21_fermilabs_new_institute_to_probe_ways_to_improve_quantum_computing] Repaired malformed JSON.
[17:08:18 +3m 55s | thequantuminsider_2019_11_21_fermilabs_new_institute_to_probe_ways_to_improve_quantum_computing] Extracting actors: https://thequantuminsider.com/2019/11/21/fermilabs-new-institute-to-probe-ways-to-improve-quantum-computing (1/1), chunk 37/38
[17:08:26 +4m 4s | thequantuminsider_2019_11_21_fermilabs_new_institute_to_probe_ways_to_improve_quantum_computing] Repaired malformed JSON.
[17:08:26 +4m 4s | thequantuminsider_2019_11_21_fermilabs_new_institute_to_probe_ways_to_improve_quantum_computing] Extracting actors: https://thequantuminsider.com/2019/11/21/fermilabs-new-institute-to-probe-ways-to-improve-quantum-computing (1/1), chunk 38/38
[17:08:38 +4m 13s | thequantuminsider_2019_11_21_fermilabs_new_institute_to_probe_ways_to_improve_quantum_computing] Repaired malformed JSON.
[17:08:38 +4m 13s | thequantuminsider_2019_11_21_fermilabs_new_institute_to_probe_ways_to_improve_quantum_computing] Saved 1_actor_results.json with 57 extracted records

[17:08:38 +4m 13s | thequantuminsider_2019_11_21_fermilabs_new_institute_to_probe_ways_to_improve_quantum_computing] === 2 clean actors ===
[17:08:38 +4m 13s | thequantuminsider_2019_11_21_fermilabs_new_institute_to_probe_ways_to_improve_quantum_computing] Loaded 57 extracted records
[17:08:38 +4m 13s | thequantuminsider_2019_11_21_fermilabs_new_institute_to_probe_ways_to_improve_quantum_computing] Saved 2_actor_nodes.json with 18 canonical actor nodes

[17:08:38 +4m 13s | thequantuminsider_2019_11_21_fermilabs_new_institute_to_probe_ways_to_improve_quantum_computing] === 3 interaction extraction ===
[17:08:39 +4m 13s | thequantuminsider_2019_11_21_fermilabs_new_institute_to_probe_ways_to_improve_quantum_computing] Extracting interactions: https://thequantuminsider.com/2019/11/21/fermilabs-new-institute-to-probe-ways-to-improve-quantum-computing (1/1), chunk 11/38
[17:08:40 +4m 15s | thequantuminsider_2019_11_21_fermilabs_new_institute_to_probe_ways_to_improve_quantum_computing] Extracting interactions: https://thequantuminsider.com/2019/11/21/fermilabs-new-institute-to-probe-ways-to-improve-quantum-computing (1/1), chunk 12/38
[17:08:49 +4m 24s | thequantuminsider_2019_11_21_fermilabs_new_institute_to_probe_ways_to_improve_quantum_computing] Extracting interactions: https://thequantuminsider.com/2019/11/21/fermilabs-new-institute-to-probe-ways-to-improve-quantum-computing (1/1), chunk 13/38
[17:08:57 +4m 31s | thequantuminsider_2019_11_21_fermilabs_new_institute_to_probe_ways_to_improve_quantum_computing] Extracting interactions: https://thequantuminsider.com/2019/11/21/fermilabs-new-institute-to-probe-ways-to-improve-quantum-computing (1/1), chunk 14/38
[17:09:04 +4m 39s | thequantuminsider_2019_11_21_fermilabs_new_institute_to_probe_ways_to_improve_quantum_computing] Extracting interactions: https://thequantuminsider.com/2019/11/21/fermilabs-new-institute-to-probe-ways-to-improve-quantum-computing (1/1), chunk 15/38
[17:09:13 +4m 45s | thequantuminsider_2019_11_21_fermilabs_new_institute_to_probe_ways_to_improve_quantum_computing] Extracting interactions: https://thequantuminsider.com/2019/11/21/fermilabs-new-institute-to-probe-ways-to-improve-quantum-computing (1/1), chunk 16/38
[17:09:20 +4m 52s | thequantuminsider_2019_11_21_fermilabs_new_institute_to_probe_ways_to_improve_quantum_computing] Extracting interactions: https://thequantuminsider.com/2019/11/21/fermilabs-new-institute-to-probe-ways-to-improve-quantum-computing (1/1), chunk 17/38
[17:09:28 +5m 0s | thequantuminsider_2019_11_21_fermilabs_new_institute_to_probe_ways_to_improve_quantum_computing] Extracting interactions: https://thequantuminsider.com/2019/11/21/fermilabs-new-institute-to-probe-ways-to-improve-quantum-computing (1/1), chunk 18/38
[17:09:29 +5m 1s | thequantuminsider_2019_11_21_fermilabs_new_institute_to_probe_ways_to_improve_quantum_computing] Extracting interactions: https://thequantuminsider.com/2019/11/21/fermilabs-new-institute-to-probe-ways-to-improve-quantum-computing (1/1), chunk 19/38
[17:09:36 +5m 8s | thequantuminsider_2019_11_21_fermilabs_new_institute_to_probe_ways_to_improve_quantum_computing] Extracting interactions: https://thequantuminsider.com/2019/11/21/fermilabs-new-institute-to-probe-ways-to-improve-quantum-computing (1/1), chunk 20/38
[17:09:44 +5m 16s | thequantuminsider_2019_11_21_fermilabs_new_institute_to_probe_ways_to_improve_quantum_computing] Extracting interactions: https://thequantuminsider.com/2019/11/21/fermilabs-new-institute-to-probe-ways-to-improve-quantum-computing (1/1), chunk 21/38
[17:09:56 +5m 25s | thequantuminsider_2019_11_21_fermilabs_new_institute_to_probe_ways_to_improve_quantum_computing] Extracting interactions: https://thequantuminsider.com/2019/11/21/fermilabs-new-institute-to-probe-ways-to-improve-quantum-computing (1/1), chunk 22/38
[17:10:00 +5m 29s | thequantuminsider_2019_11_21_fermilabs_new_institute_to_probe_ways_to_improve_quantum_computing] Extracting interactions: https://thequantuminsider.com/2019/11/21/fermilabs-new-institute-to-probe-ways-to-improve-quantum-computing (1/1), chunk 23/38
[17:10:07 +5m 36s | thequantuminsider_2019_11_21_fermilabs_new_institute_to_probe_ways_to_improve_quantum_computing] Extracting interactions: https://thequantuminsider.com/2019/11/21/fermilabs-new-institute-to-probe-ways-to-improve-quantum-computing (1/1), chunk 24/38
[17:10:11 +5m 40s | thequantuminsider_2019_11_21_fermilabs_new_institute_to_probe_ways_to_improve_quantum_computing] Extracting interactions: https://thequantuminsider.com/2019/11/21/fermilabs-new-institute-to-probe-ways-to-improve-quantum-computing (1/1), chunk 27/38
[17:10:17 +5m 46s | thequantuminsider_2019_11_21_fermilabs_new_institute_to_probe_ways_to_improve_quantum_computing] Extracting interactions: https://thequantuminsider.com/2019/11/21/fermilabs-new-institute-to-probe-ways-to-improve-quantum-computing (1/1), chunk 28/38
[17:10:19 +5m 48s | thequantuminsider_2019_11_21_fermilabs_new_institute_to_probe_ways_to_improve_quantum_computing] Extracting interactions: https://thequantuminsider.com/2019/11/21/fermilabs-new-institute-to-probe-ways-to-improve-quantum-computing (1/1), chunk 29/38
[17:10:23 +5m 49s | thequantuminsider_2019_11_21_fermilabs_new_institute_to_probe_ways_to_improve_quantum_computing] Extracting interactions: https://thequantuminsider.com/2019/11/21/fermilabs-new-institute-to-probe-ways-to-improve-quantum-computing (1/1), chunk 31/38
[17:10:25 +5m 51s | thequantuminsider_2019_11_21_fermilabs_new_institute_to_probe_ways_to_improve_quantum_computing] Extracting interactions: https://thequantuminsider.com/2019/11/21/fermilabs-new-institute-to-probe-ways-to-improve-quantum-computing (1/1), chunk 32/38
[17:10:27 +5m 53s | thequantuminsider_2019_11_21_fermilabs_new_institute_to_probe_ways_to_improve_quantum_computing] Extracting interactions: https://thequantuminsider.com/2019/11/21/fermilabs-new-institute-to-probe-ways-to-improve-quantum-computing (1/1), chunk 33/38
[17:10:29 +5m 55s | thequantuminsider_2019_11_21_fermilabs_new_institute_to_probe_ways_to_improve_quantum_computing] Extracting interactions: https://thequantuminsider.com/2019/11/21/fermilabs-new-institute-to-probe-ways-to-improve-quantum-computing (1/1), chunk 34/38
[17:10:31 +5m 58s | thequantuminsider_2019_11_21_fermilabs_new_institute_to_probe_ways_to_improve_quantum_computing] Extracting interactions: https://thequantuminsider.com/2019/11/21/fermilabs-new-institute-to-probe-ways-to-improve-quantum-computing (1/1), chunk 35/38
[17:10:33 +5m 59s | thequantuminsider_2019_11_21_fermilabs_new_institute_to_probe_ways_to_improve_quantum_computing] Extracting interactions: https://thequantuminsider.com/2019/11/21/fermilabs-new-institute-to-probe-ways-to-improve-quantum-computing (1/1), chunk 36/38
[17:10:34 +6m 1s | thequantuminsider_2019_11_21_fermilabs_new_institute_to_probe_ways_to_improve_quantum_computing] Extracting interactions: https://thequantuminsider.com/2019/11/21/fermilabs-new-institute-to-probe-ways-to-improve-quantum-computing (1/1), chunk 37/38
[17:10:37 +6m 3s | thequantuminsider_2019_11_21_fermilabs_new_institute_to_probe_ways_to_improve_quantum_computing] Extracting interactions: https://thequantuminsider.com/2019/11/21/fermilabs-new-institute-to-probe-ways-to-improve-quantum-computing (1/1), chunk 38/38
[17:10:38 +6m 4s | thequantuminsider_2019_11_21_fermilabs_new_institute_to_probe_ways_to_improve_quantum_computing] Saved 3_interaction_results.json with 25 extracted interactions.

[17:10:38 +6m 4s | thequantuminsider_2019_11_21_fermilabs_new_institute_to_probe_ways_to_improve_quantum_computing] === 4 clean interactions ===
[17:10:38 +6m 4s | thequantuminsider_2019_11_21_fermilabs_new_institute_to_probe_ways_to_improve_quantum_computing] Saved 4_edges.json with 5 cleaned interactions.

[17:10:38 +6m 4s | thequantuminsider_2019_11_21_fermilabs_new_institute_to_probe_ways_to_improve_quantum_computing] === 5 helix enrichment ===
[17:10:38 +6m 4s | thequantuminsider_2019_11_21_fermilabs_new_institute_to_probe_ways_to_improve_quantum_computing] Wrote 5_nodes.json (18 actors)
[17:10:38 +6m 4s | thequantuminsider_2019_11_21_fermilabs_new_institute_to_probe_ways_to_improve_quantum_computing] Wrote 5_edges.json (5 interactions)
[17:10:38 +6m 4s | thequantuminsider_2019_11_21_fermilabs_new_institute_to_probe_ways_to_improve_quantum_computing] Actor helix counts: {'Academia': 5, 'Civil Society': 2, 'Government': 3, 'Industry': 1, 'Intermediary': 1, 'Unknown': 6}
[17:10:38 +6m 4s | thequantuminsider_2019_11_21_fermilabs_new_institute_to_probe_ways_to_improve_quantum_computing] Functional-space counts: {'Intra-helix / Not classified': 5}

[17:10:38 +6m 4s | thequantuminsider_2019_11_21_fermilabs_new_institute_to_probe_ways_to_improve_quantum_computing] === 6 network visualisation ===
[17:10:39 +6m 5s | thequantuminsider_2019_11_21_fermilabs_new_institute_to_probe_ways_to_improve_quantum_computing] Wrote quantum_network.html
[17:10:39 +6m 5s | thequantuminsider_2019_11_21_fermilabs_new_institute_to_probe_ways_to_improve_quantum_computing] Nodes: 18
[17:10:39 +6m 5s | thequantuminsider_2019_11_21_fermilabs_new_institute_to_probe_ways_to_improve_quantum_computing] Edges: 3

[17:10:39 +6m 5s | thequantuminsider_2019_11_21_fermilabs_new_institute_to_probe_ways_to_improve_quantum_computing] Done. Outputs written to: /home/lv/IDP/idpdeeptech/pipeline/news_outputs/thequantuminsider_2019_11_21_fermilabs_new_institute_to_probe_ways_to_improve_quantum_computing
[17:10:39 +6m 5s | thequantuminsider_2019_11_21_fermilabs_new_institute_to_probe_ways_to_improve_quantum_computing] Log: /home/lv/IDP/idpdeeptech/pipeline/news_outputs/thequantuminsider_2019_11_21_fermilabs_new_institute_to_probe_ways_to_improve_quantum_computing/run.log

========================================================================
RUN FINISHED 2026-07-01 17:10:39  (OK)
Started:     2026-07-01 17:04:02
Elapsed:     6m 5s
========================================================================
