
========================================================================
RUN STARTED  2026-07-02 02:27:24
site_pipeline.py https://thequantuminsider.com/2020/07/15/quantycats-modern-developers-workflow-fix-for-qc/
========================================================================

[02:27:24 +0s | thequantuminsider_2020_07_15_quantycats_modern_developers_workflow_fix_for_qc] === 0 crawl site ===
[02:27:26 +1s | thequantuminsider_2020_07_15_quantycats_modern_developers_workflow_fix_for_qc] [INIT].... → Crawl4AI 0.8.6 
[02:27:28 +4s | thequantuminsider_2020_07_15_quantycats_modern_developers_workflow_fix_for_qc] [FETCH]... ↓ https://thequantuminsider.com/2020/07/15/quantycats-modern-developers-workflow-fix-for-qc/           | ✓ | ⏱: 2.46s 
[02:27:28 +4s | thequantuminsider_2020_07_15_quantycats_modern_developers_workflow_fix_for_qc] [SCRAPE].. ◆ https://thequantuminsider.com/2020/07/15/quantycats-modern-developers-workflow-fix-for-qc/           | ✓ | ⏱: 0.10s 
[02:27:28 +4s | thequantuminsider_2020_07_15_quantycats_modern_developers_workflow_fix_for_qc] [COMPLETE] ● https://thequantuminsider.com/2020/07/15/quantycats-modern-developers-workflow-fix-for-qc/           | ✓ | ⏱: 2.58s 
[02:27:28 +4s | thequantuminsider_2020_07_15_quantycats_modern_developers_workflow_fix_for_qc] Saved: crawl_output/afa4bfa3f7_thequantuminsider.com_2020_07_15_quantycats-modern-developers-workflow-fix-for-qc.json

[02:27:28 +4s | thequantuminsider_2020_07_15_quantycats_modern_developers_workflow_fix_for_qc] === 1 actor extraction ===
[02:27:29 +4s | thequantuminsider_2020_07_15_quantycats_modern_developers_workflow_fix_for_qc] Reading page (1/1): https://thequantuminsider.com/2020/07/15/quantycats-modern-developers-workflow-fix-for-qc
[02:27:29 +4s | thequantuminsider_2020_07_15_quantycats_modern_developers_workflow_fix_for_qc] Extracting actors: https://thequantuminsider.com/2020/07/15/quantycats-modern-developers-workflow-fix-for-qc (1/1), chunk 1/38
[02:27:33 +9s | thequantuminsider_2020_07_15_quantycats_modern_developers_workflow_fix_for_qc] Extracting actors: https://thequantuminsider.com/2020/07/15/quantycats-modern-developers-workflow-fix-for-qc (1/1), chunk 2/38
[02:27:39 +14s | thequantuminsider_2020_07_15_quantycats_modern_developers_workflow_fix_for_qc] Extracting actors: https://thequantuminsider.com/2020/07/15/quantycats-modern-developers-workflow-fix-for-qc (1/1), chunk 3/38
[02:27:43 +19s | thequantuminsider_2020_07_15_quantycats_modern_developers_workflow_fix_for_qc] Extracting actors: https://thequantuminsider.com/2020/07/15/quantycats-modern-developers-workflow-fix-for-qc (1/1), chunk 4/38
[02:27:47 +23s | thequantuminsider_2020_07_15_quantycats_modern_developers_workflow_fix_for_qc] Extracting actors: https://thequantuminsider.com/2020/07/15/quantycats-modern-developers-workflow-fix-for-qc (1/1), chunk 5/38
[02:27:54 +27s | thequantuminsider_2020_07_15_quantycats_modern_developers_workflow_fix_for_qc] Extracting actors: https://thequantuminsider.com/2020/07/15/quantycats-modern-developers-workflow-fix-for-qc (1/1), chunk 6/38
[02:27:58 +31s | thequantuminsider_2020_07_15_quantycats_modern_developers_workflow_fix_for_qc] Extracting actors: https://thequantuminsider.com/2020/07/15/quantycats-modern-developers-workflow-fix-for-qc (1/1), chunk 7/38
[02:28:01 +34s | thequantuminsider_2020_07_15_quantycats_modern_developers_workflow_fix_for_qc] Extracting actors: https://thequantuminsider.com/2020/07/15/quantycats-modern-developers-workflow-fix-for-qc (1/1), chunk 8/38
[02:28:06 +38s | thequantuminsider_2020_07_15_quantycats_modern_developers_workflow_fix_for_qc] Extracting actors: https://thequantuminsider.com/2020/07/15/quantycats-modern-developers-workflow-fix-for-qc (1/1), chunk 9/38
[02:28:12 +44s | thequantuminsider_2020_07_15_quantycats_modern_developers_workflow_fix_for_qc] Extracting actors: https://thequantuminsider.com/2020/07/15/quantycats-modern-developers-workflow-fix-for-qc (1/1), chunk 10/38
[02:28:16 +48s | thequantuminsider_2020_07_15_quantycats_modern_developers_workflow_fix_for_qc] Extracting actors: https://thequantuminsider.com/2020/07/15/quantycats-modern-developers-workflow-fix-for-qc (1/1), chunk 11/38
[02:28:20 +52s | thequantuminsider_2020_07_15_quantycats_modern_developers_workflow_fix_for_qc] Extracting actors: https://thequantuminsider.com/2020/07/15/quantycats-modern-developers-workflow-fix-for-qc (1/1), chunk 12/38
[02:28:29 +59s | thequantuminsider_2020_07_15_quantycats_modern_developers_workflow_fix_for_qc] Repaired malformed JSON.
[02:28:29 +59s | thequantuminsider_2020_07_15_quantycats_modern_developers_workflow_fix_for_qc] Extracting actors: https://thequantuminsider.com/2020/07/15/quantycats-modern-developers-workflow-fix-for-qc (1/1), chunk 13/38
[02:28:35 +1m 5s | thequantuminsider_2020_07_15_quantycats_modern_developers_workflow_fix_for_qc] Repaired malformed JSON.
[02:28:35 +1m 5s | thequantuminsider_2020_07_15_quantycats_modern_developers_workflow_fix_for_qc] Extracting actors: https://thequantuminsider.com/2020/07/15/quantycats-modern-developers-workflow-fix-for-qc (1/1), chunk 14/38
[02:28:41 +1m 10s | thequantuminsider_2020_07_15_quantycats_modern_developers_workflow_fix_for_qc] Repaired malformed JSON.
[02:28:41 +1m 10s | thequantuminsider_2020_07_15_quantycats_modern_developers_workflow_fix_for_qc] Extracting actors: https://thequantuminsider.com/2020/07/15/quantycats-modern-developers-workflow-fix-for-qc (1/1), chunk 15/38
[02:28:49 +1m 19s | thequantuminsider_2020_07_15_quantycats_modern_developers_workflow_fix_for_qc] Repaired malformed JSON.
[02:28:49 +1m 19s | thequantuminsider_2020_07_15_quantycats_modern_developers_workflow_fix_for_qc] Extracting actors: https://thequantuminsider.com/2020/07/15/quantycats-modern-developers-workflow-fix-for-qc (1/1), chunk 16/38
[02:28:56 +1m 25s | thequantuminsider_2020_07_15_quantycats_modern_developers_workflow_fix_for_qc] Repaired malformed JSON.
[02:28:56 +1m 25s | thequantuminsider_2020_07_15_quantycats_modern_developers_workflow_fix_for_qc] Extracting actors: https://thequantuminsider.com/2020/07/15/quantycats-modern-developers-workflow-fix-for-qc (1/1), chunk 17/38
[02:29:07 +1m 34s | thequantuminsider_2020_07_15_quantycats_modern_developers_workflow_fix_for_qc] Repaired malformed JSON.
[02:29:07 +1m 34s | thequantuminsider_2020_07_15_quantycats_modern_developers_workflow_fix_for_qc] Extracting actors: https://thequantuminsider.com/2020/07/15/quantycats-modern-developers-workflow-fix-for-qc (1/1), chunk 18/38
[02:29:13 +1m 40s | thequantuminsider_2020_07_15_quantycats_modern_developers_workflow_fix_for_qc] Repaired malformed JSON.
[02:29:13 +1m 40s | thequantuminsider_2020_07_15_quantycats_modern_developers_workflow_fix_for_qc] Extracting actors: https://thequantuminsider.com/2020/07/15/quantycats-modern-developers-workflow-fix-for-qc (1/1), chunk 19/38
[02:29:21 +1m 48s | thequantuminsider_2020_07_15_quantycats_modern_developers_workflow_fix_for_qc] Repaired malformed JSON.
[02:29:21 +1m 48s | thequantuminsider_2020_07_15_quantycats_modern_developers_workflow_fix_for_qc] Extracting actors: https://thequantuminsider.com/2020/07/15/quantycats-modern-developers-workflow-fix-for-qc (1/1), chunk 20/38
[02:29:28 +1m 55s | thequantuminsider_2020_07_15_quantycats_modern_developers_workflow_fix_for_qc] Repaired malformed JSON.
[02:29:28 +1m 55s | thequantuminsider_2020_07_15_quantycats_modern_developers_workflow_fix_for_qc] Extracting actors: https://thequantuminsider.com/2020/07/15/quantycats-modern-developers-workflow-fix-for-qc (1/1), chunk 21/38
[02:29:34 +2m 1s | thequantuminsider_2020_07_15_quantycats_modern_developers_workflow_fix_for_qc] Repaired malformed JSON.
[02:29:34 +2m 1s | thequantuminsider_2020_07_15_quantycats_modern_developers_workflow_fix_for_qc] Extracting actors: https://thequantuminsider.com/2020/07/15/quantycats-modern-developers-workflow-fix-for-qc (1/1), chunk 22/38
[02:29:42 +2m 6s | thequantuminsider_2020_07_15_quantycats_modern_developers_workflow_fix_for_qc] Repaired malformed JSON.
[02:29:42 +2m 6s | thequantuminsider_2020_07_15_quantycats_modern_developers_workflow_fix_for_qc] Extracting actors: https://thequantuminsider.com/2020/07/15/quantycats-modern-developers-workflow-fix-for-qc (1/1), chunk 23/38
[02:29:47 +2m 11s | thequantuminsider_2020_07_15_quantycats_modern_developers_workflow_fix_for_qc] Repaired malformed JSON.
[02:29:47 +2m 11s | thequantuminsider_2020_07_15_quantycats_modern_developers_workflow_fix_for_qc] Extracting actors: https://thequantuminsider.com/2020/07/15/quantycats-modern-developers-workflow-fix-for-qc (1/1), chunk 24/38
[02:29:53 +2m 17s | thequantuminsider_2020_07_15_quantycats_modern_developers_workflow_fix_for_qc] Repaired malformed JSON.
[02:29:53 +2m 17s | thequantuminsider_2020_07_15_quantycats_modern_developers_workflow_fix_for_qc] Extracting actors: https://thequantuminsider.com/2020/07/15/quantycats-modern-developers-workflow-fix-for-qc (1/1), chunk 25/38
[02:30:00 +2m 24s | thequantuminsider_2020_07_15_quantycats_modern_developers_workflow_fix_for_qc] Repaired malformed JSON.
[02:30:00 +2m 24s | thequantuminsider_2020_07_15_quantycats_modern_developers_workflow_fix_for_qc] Extracting actors: https://thequantuminsider.com/2020/07/15/quantycats-modern-developers-workflow-fix-for-qc (1/1), chunk 26/38
[02:30:04 +2m 28s | thequantuminsider_2020_07_15_quantycats_modern_developers_workflow_fix_for_qc] Extracting actors: https://thequantuminsider.com/2020/07/15/quantycats-modern-developers-workflow-fix-for-qc (1/1), chunk 27/38
[02:30:14 +2m 35s | thequantuminsider_2020_07_15_quantycats_modern_developers_workflow_fix_for_qc] Repaired malformed JSON.
[02:30:14 +2m 35s | thequantuminsider_2020_07_15_quantycats_modern_developers_workflow_fix_for_qc] Extracting actors: https://thequantuminsider.com/2020/07/15/quantycats-modern-developers-workflow-fix-for-qc (1/1), chunk 28/38
[02:30:15 +2m 36s | thequantuminsider_2020_07_15_quantycats_modern_developers_workflow_fix_for_qc] Extracting actors: https://thequantuminsider.com/2020/07/15/quantycats-modern-developers-workflow-fix-for-qc (1/1), chunk 29/38
[02:30:20 +2m 41s | thequantuminsider_2020_07_15_quantycats_modern_developers_workflow_fix_for_qc] Extracting actors: https://thequantuminsider.com/2020/07/15/quantycats-modern-developers-workflow-fix-for-qc (1/1), chunk 30/38
[02:30:25 +2m 46s | thequantuminsider_2020_07_15_quantycats_modern_developers_workflow_fix_for_qc] Repaired malformed JSON.
[02:30:25 +2m 46s | thequantuminsider_2020_07_15_quantycats_modern_developers_workflow_fix_for_qc] Extracting actors: https://thequantuminsider.com/2020/07/15/quantycats-modern-developers-workflow-fix-for-qc (1/1), chunk 31/38
[02:30:33 +2m 54s | thequantuminsider_2020_07_15_quantycats_modern_developers_workflow_fix_for_qc] Repaired malformed JSON.
[02:30:33 +2m 54s | thequantuminsider_2020_07_15_quantycats_modern_developers_workflow_fix_for_qc] Extracting actors: https://thequantuminsider.com/2020/07/15/quantycats-modern-developers-workflow-fix-for-qc (1/1), chunk 32/38
[02:30:39 +3m 0s | thequantuminsider_2020_07_15_quantycats_modern_developers_workflow_fix_for_qc] Repaired malformed JSON.
[02:30:39 +3m 0s | thequantuminsider_2020_07_15_quantycats_modern_developers_workflow_fix_for_qc] Extracting actors: https://thequantuminsider.com/2020/07/15/quantycats-modern-developers-workflow-fix-for-qc (1/1), chunk 33/38
[02:30:49 +3m 7s | thequantuminsider_2020_07_15_quantycats_modern_developers_workflow_fix_for_qc] Repaired malformed JSON.
[02:30:49 +3m 7s | thequantuminsider_2020_07_15_quantycats_modern_developers_workflow_fix_for_qc] Extracting actors: https://thequantuminsider.com/2020/07/15/quantycats-modern-developers-workflow-fix-for-qc (1/1), chunk 34/38
[02:30:54 +3m 12s | thequantuminsider_2020_07_15_quantycats_modern_developers_workflow_fix_for_qc] Repaired malformed JSON.
[02:30:54 +3m 12s | thequantuminsider_2020_07_15_quantycats_modern_developers_workflow_fix_for_qc] Extracting actors: https://thequantuminsider.com/2020/07/15/quantycats-modern-developers-workflow-fix-for-qc (1/1), chunk 35/38
[02:31:00 +3m 18s | thequantuminsider_2020_07_15_quantycats_modern_developers_workflow_fix_for_qc] Repaired malformed JSON.
[02:31:00 +3m 18s | thequantuminsider_2020_07_15_quantycats_modern_developers_workflow_fix_for_qc] Extracting actors: https://thequantuminsider.com/2020/07/15/quantycats-modern-developers-workflow-fix-for-qc (1/1), chunk 36/38
[02:31:05 +3m 23s | thequantuminsider_2020_07_15_quantycats_modern_developers_workflow_fix_for_qc] Repaired malformed JSON.
[02:31:05 +3m 23s | thequantuminsider_2020_07_15_quantycats_modern_developers_workflow_fix_for_qc] Extracting actors: https://thequantuminsider.com/2020/07/15/quantycats-modern-developers-workflow-fix-for-qc (1/1), chunk 37/38
[02:31:14 +3m 32s | thequantuminsider_2020_07_15_quantycats_modern_developers_workflow_fix_for_qc] Repaired malformed JSON.
[02:31:14 +3m 32s | thequantuminsider_2020_07_15_quantycats_modern_developers_workflow_fix_for_qc] Extracting actors: https://thequantuminsider.com/2020/07/15/quantycats-modern-developers-workflow-fix-for-qc (1/1), chunk 38/38
[02:31:17 +3m 35s | thequantuminsider_2020_07_15_quantycats_modern_developers_workflow_fix_for_qc] Saved 1_actor_results.json with 56 extracted records

[02:31:17 +3m 35s | thequantuminsider_2020_07_15_quantycats_modern_developers_workflow_fix_for_qc] === 2 clean actors ===
[02:31:17 +3m 35s | thequantuminsider_2020_07_15_quantycats_modern_developers_workflow_fix_for_qc] Loaded 56 extracted records
[02:31:17 +3m 35s | thequantuminsider_2020_07_15_quantycats_modern_developers_workflow_fix_for_qc] Saved 2_actor_nodes.json with 28 canonical actor nodes

[02:31:17 +3m 35s | thequantuminsider_2020_07_15_quantycats_modern_developers_workflow_fix_for_qc] === 3 interaction extraction ===
[02:31:17 +3m 35s | thequantuminsider_2020_07_15_quantycats_modern_developers_workflow_fix_for_qc] Extracting interactions: https://thequantuminsider.com/2020/07/15/quantycats-modern-developers-workflow-fix-for-qc (1/1), chunk 11/38
[02:31:20 +3m 38s | thequantuminsider_2020_07_15_quantycats_modern_developers_workflow_fix_for_qc] Extracting interactions: https://thequantuminsider.com/2020/07/15/quantycats-modern-developers-workflow-fix-for-qc (1/1), chunk 12/38
[02:31:31 +3m 47s | thequantuminsider_2020_07_15_quantycats_modern_developers_workflow_fix_for_qc] Extracting interactions: https://thequantuminsider.com/2020/07/15/quantycats-modern-developers-workflow-fix-for-qc (1/1), chunk 13/38
[02:31:40 +3m 55s | thequantuminsider_2020_07_15_quantycats_modern_developers_workflow_fix_for_qc] Extracting interactions: https://thequantuminsider.com/2020/07/15/quantycats-modern-developers-workflow-fix-for-qc (1/1), chunk 14/38
[02:31:54 +4m 9s | thequantuminsider_2020_07_15_quantycats_modern_developers_workflow_fix_for_qc] Extracting interactions: https://thequantuminsider.com/2020/07/15/quantycats-modern-developers-workflow-fix-for-qc (1/1), chunk 15/38
[02:32:11 +4m 23s | thequantuminsider_2020_07_15_quantycats_modern_developers_workflow_fix_for_qc] Extracting interactions: https://thequantuminsider.com/2020/07/15/quantycats-modern-developers-workflow-fix-for-qc (1/1), chunk 16/38
[02:32:21 +4m 33s | thequantuminsider_2020_07_15_quantycats_modern_developers_workflow_fix_for_qc] Extracting interactions: https://thequantuminsider.com/2020/07/15/quantycats-modern-developers-workflow-fix-for-qc (1/1), chunk 17/38
[02:32:25 +4m 37s | thequantuminsider_2020_07_15_quantycats_modern_developers_workflow_fix_for_qc] Extracting interactions: https://thequantuminsider.com/2020/07/15/quantycats-modern-developers-workflow-fix-for-qc (1/1), chunk 18/38
[02:32:29 +4m 41s | thequantuminsider_2020_07_15_quantycats_modern_developers_workflow_fix_for_qc] Extracting interactions: https://thequantuminsider.com/2020/07/15/quantycats-modern-developers-workflow-fix-for-qc (1/1), chunk 19/38
[02:32:37 +4m 46s | thequantuminsider_2020_07_15_quantycats_modern_developers_workflow_fix_for_qc] Extracting interactions: https://thequantuminsider.com/2020/07/15/quantycats-modern-developers-workflow-fix-for-qc (1/1), chunk 20/38
[02:32:40 +4m 49s | thequantuminsider_2020_07_15_quantycats_modern_developers_workflow_fix_for_qc] Extracting interactions: https://thequantuminsider.com/2020/07/15/quantycats-modern-developers-workflow-fix-for-qc (1/1), chunk 21/38
[02:32:49 +4m 58s | thequantuminsider_2020_07_15_quantycats_modern_developers_workflow_fix_for_qc] Extracting interactions: https://thequantuminsider.com/2020/07/15/quantycats-modern-developers-workflow-fix-for-qc (1/1), chunk 22/38
[02:32:56 +5m 5s | thequantuminsider_2020_07_15_quantycats_modern_developers_workflow_fix_for_qc] Extracting interactions: https://thequantuminsider.com/2020/07/15/quantycats-modern-developers-workflow-fix-for-qc (1/1), chunk 23/38
[02:33:01 +5m 10s | thequantuminsider_2020_07_15_quantycats_modern_developers_workflow_fix_for_qc] Extracting interactions: https://thequantuminsider.com/2020/07/15/quantycats-modern-developers-workflow-fix-for-qc (1/1), chunk 24/38
[02:33:06 +5m 15s | thequantuminsider_2020_07_15_quantycats_modern_developers_workflow_fix_for_qc] Extracting interactions: https://thequantuminsider.com/2020/07/15/quantycats-modern-developers-workflow-fix-for-qc (1/1), chunk 25/38
[02:33:10 +5m 17s | thequantuminsider_2020_07_15_quantycats_modern_developers_workflow_fix_for_qc] Extracting interactions: https://thequantuminsider.com/2020/07/15/quantycats-modern-developers-workflow-fix-for-qc (1/1), chunk 27/38
[02:33:14 +5m 21s | thequantuminsider_2020_07_15_quantycats_modern_developers_workflow_fix_for_qc] Extracting interactions: https://thequantuminsider.com/2020/07/15/quantycats-modern-developers-workflow-fix-for-qc (1/1), chunk 28/38
[02:33:49 +5m 52s | thequantuminsider_2020_07_15_quantycats_modern_developers_workflow_fix_for_qc] Extracting interactions: https://thequantuminsider.com/2020/07/15/quantycats-modern-developers-workflow-fix-for-qc (1/1), chunk 29/38
[02:33:56 +6m 0s | thequantuminsider_2020_07_15_quantycats_modern_developers_workflow_fix_for_qc] Extracting interactions: https://thequantuminsider.com/2020/07/15/quantycats-modern-developers-workflow-fix-for-qc (1/1), chunk 31/38
[02:33:58 +6m 1s | thequantuminsider_2020_07_15_quantycats_modern_developers_workflow_fix_for_qc] Extracting interactions: https://thequantuminsider.com/2020/07/15/quantycats-modern-developers-workflow-fix-for-qc (1/1), chunk 32/38
[02:34:23 +6m 23s | thequantuminsider_2020_07_15_quantycats_modern_developers_workflow_fix_for_qc] Extracting interactions: https://thequantuminsider.com/2020/07/15/quantycats-modern-developers-workflow-fix-for-qc (1/1), chunk 33/38
[02:34:25 +6m 25s | thequantuminsider_2020_07_15_quantycats_modern_developers_workflow_fix_for_qc] Extracting interactions: https://thequantuminsider.com/2020/07/15/quantycats-modern-developers-workflow-fix-for-qc (1/1), chunk 34/38
[02:34:33 +6m 33s | thequantuminsider_2020_07_15_quantycats_modern_developers_workflow_fix_for_qc] Extracting interactions: https://thequantuminsider.com/2020/07/15/quantycats-modern-developers-workflow-fix-for-qc (1/1), chunk 35/38
[02:34:35 +6m 35s | thequantuminsider_2020_07_15_quantycats_modern_developers_workflow_fix_for_qc] Extracting interactions: https://thequantuminsider.com/2020/07/15/quantycats-modern-developers-workflow-fix-for-qc (1/1), chunk 36/38
[02:34:36 +6m 36s | thequantuminsider_2020_07_15_quantycats_modern_developers_workflow_fix_for_qc] Extracting interactions: https://thequantuminsider.com/2020/07/15/quantycats-modern-developers-workflow-fix-for-qc (1/1), chunk 37/38
[02:34:37 +6m 38s | thequantuminsider_2020_07_15_quantycats_modern_developers_workflow_fix_for_qc] Saved 3_interaction_results.json with 33 extracted interactions.

[02:34:37 +6m 38s | thequantuminsider_2020_07_15_quantycats_modern_developers_workflow_fix_for_qc] === 4 clean interactions ===
[02:34:37 +6m 38s | thequantuminsider_2020_07_15_quantycats_modern_developers_workflow_fix_for_qc] Saved 4_edges.json with 1 cleaned interactions.

[02:34:37 +6m 38s | thequantuminsider_2020_07_15_quantycats_modern_developers_workflow_fix_for_qc] === 5 helix enrichment ===
[02:34:38 +6m 38s | thequantuminsider_2020_07_15_quantycats_modern_developers_workflow_fix_for_qc] Wrote 5_nodes.json (28 actors)
[02:34:38 +6m 38s | thequantuminsider_2020_07_15_quantycats_modern_developers_workflow_fix_for_qc] Wrote 5_edges.json (1 interactions)
[02:34:38 +6m 38s | thequantuminsider_2020_07_15_quantycats_modern_developers_workflow_fix_for_qc] Actor helix counts: {'Civil Society': 3, 'Government': 2, 'Industry': 11, 'Intermediary': 1, 'Unknown': 11}
[02:34:38 +6m 38s | thequantuminsider_2020_07_15_quantycats_modern_developers_workflow_fix_for_qc] Functional-space counts: {'Public': 1}

[02:34:38 +6m 38s | thequantuminsider_2020_07_15_quantycats_modern_developers_workflow_fix_for_qc] === 6 network visualisation ===
[02:34:38 +6m 38s | thequantuminsider_2020_07_15_quantycats_modern_developers_workflow_fix_for_qc] Wrote quantum_network.html
[02:34:38 +6m 38s | thequantuminsider_2020_07_15_quantycats_modern_developers_workflow_fix_for_qc] Nodes: 28
[02:34:38 +6m 38s | thequantuminsider_2020_07_15_quantycats_modern_developers_workflow_fix_for_qc] Edges: 1

[02:34:38 +6m 38s | thequantuminsider_2020_07_15_quantycats_modern_developers_workflow_fix_for_qc] Done. Outputs written to: /home/lv/IDP/idpdeeptech/pipeline/news_outputs/thequantuminsider_2020_07_15_quantycats_modern_developers_workflow_fix_for_qc
[02:34:38 +6m 38s | thequantuminsider_2020_07_15_quantycats_modern_developers_workflow_fix_for_qc] Log: /home/lv/IDP/idpdeeptech/pipeline/news_outputs/thequantuminsider_2020_07_15_quantycats_modern_developers_workflow_fix_for_qc/run.log

========================================================================
RUN FINISHED 2026-07-02 02:34:38  (OK)
Started:     2026-07-02 02:27:24
Elapsed:     6m 38s
========================================================================
