
========================================================================
RUN STARTED  2026-07-02 06:28:25
site_pipeline.py https://thequantuminsider.com/2024/03/27/resonance-announces-six-technology-investment-leaders-to-join-its-advisory-board/
========================================================================

[06:28:25 +0s | thequantuminsider_2024_03_27_resonance_announces_six_technology_investment_leaders_to_joi_d7556a38] === 0 crawl site ===
[06:28:26 +1s | thequantuminsider_2024_03_27_resonance_announces_six_technology_investment_leaders_to_joi_d7556a38] [INIT].... → Crawl4AI 0.8.6 
[06:28:28 +3s | thequantuminsider_2024_03_27_resonance_announces_six_technology_investment_leaders_to_joi_d7556a38] [FETCH]... ↓ https://thequantuminsider.com/2024/03/27/resonan...y-investment-leaders-to-join-its-advisory-board/  | ✓ | ⏱: 1.96s 
[06:28:28 +3s | thequantuminsider_2024_03_27_resonance_announces_six_technology_investment_leaders_to_joi_d7556a38] [SCRAPE].. ◆ https://thequantuminsider.com/2024/03/27/resonan...y-investment-leaders-to-join-its-advisory-board/  | ✓ | ⏱: 0.11s 
[06:28:28 +3s | thequantuminsider_2024_03_27_resonance_announces_six_technology_investment_leaders_to_joi_d7556a38] [COMPLETE] ● https://thequantuminsider.com/2024/03/27/resonan...y-investment-leaders-to-join-its-advisory-board/  | ✓ | ⏱: 2.10s 
[06:28:28 +3s | thequantuminsider_2024_03_27_resonance_announces_six_technology_investment_leaders_to_joi_d7556a38] Saved: crawl_output/182ff41a26_thequantuminsider.com_2024_03_27_resonance-announces-six-technology-investment-leaders-to-join-its-advisory-board.json

[06:28:28 +4s | thequantuminsider_2024_03_27_resonance_announces_six_technology_investment_leaders_to_joi_d7556a38] === 1 actor extraction ===
[06:28:28 +4s | thequantuminsider_2024_03_27_resonance_announces_six_technology_investment_leaders_to_joi_d7556a38] Reading page (1/1): https://thequantuminsider.com/2024/03/27/resonance-announces-six-technology-investment-leaders-to-join-its-advisory-board
[06:28:28 +4s | thequantuminsider_2024_03_27_resonance_announces_six_technology_investment_leaders_to_joi_d7556a38] Extracting actors: https://thequantuminsider.com/2024/03/27/resonance-announces-six-technology-investment-leaders-to-join-its-advisory-board (1/1), chunk 1/41
[06:28:33 +8s | thequantuminsider_2024_03_27_resonance_announces_six_technology_investment_leaders_to_joi_d7556a38] Extracting actors: https://thequantuminsider.com/2024/03/27/resonance-announces-six-technology-investment-leaders-to-join-its-advisory-board (1/1), chunk 2/41
[06:28:37 +13s | thequantuminsider_2024_03_27_resonance_announces_six_technology_investment_leaders_to_joi_d7556a38] Extracting actors: https://thequantuminsider.com/2024/03/27/resonance-announces-six-technology-investment-leaders-to-join-its-advisory-board (1/1), chunk 3/41
[06:28:44 +20s | thequantuminsider_2024_03_27_resonance_announces_six_technology_investment_leaders_to_joi_d7556a38] Repaired malformed JSON.
[06:28:44 +20s | thequantuminsider_2024_03_27_resonance_announces_six_technology_investment_leaders_to_joi_d7556a38] Extracting actors: https://thequantuminsider.com/2024/03/27/resonance-announces-six-technology-investment-leaders-to-join-its-advisory-board (1/1), chunk 4/41
[06:28:50 +25s | thequantuminsider_2024_03_27_resonance_announces_six_technology_investment_leaders_to_joi_d7556a38] Extracting actors: https://thequantuminsider.com/2024/03/27/resonance-announces-six-technology-investment-leaders-to-join-its-advisory-board (1/1), chunk 5/41
[06:28:55 +30s | thequantuminsider_2024_03_27_resonance_announces_six_technology_investment_leaders_to_joi_d7556a38] Extracting actors: https://thequantuminsider.com/2024/03/27/resonance-announces-six-technology-investment-leaders-to-join-its-advisory-board (1/1), chunk 6/41
[06:28:59 +34s | thequantuminsider_2024_03_27_resonance_announces_six_technology_investment_leaders_to_joi_d7556a38] Extracting actors: https://thequantuminsider.com/2024/03/27/resonance-announces-six-technology-investment-leaders-to-join-its-advisory-board (1/1), chunk 7/41
[06:29:04 +39s | thequantuminsider_2024_03_27_resonance_announces_six_technology_investment_leaders_to_joi_d7556a38] Extracting actors: https://thequantuminsider.com/2024/03/27/resonance-announces-six-technology-investment-leaders-to-join-its-advisory-board (1/1), chunk 8/41
[06:29:09 +44s | thequantuminsider_2024_03_27_resonance_announces_six_technology_investment_leaders_to_joi_d7556a38] Extracting actors: https://thequantuminsider.com/2024/03/27/resonance-announces-six-technology-investment-leaders-to-join-its-advisory-board (1/1), chunk 9/41
[06:29:13 +49s | thequantuminsider_2024_03_27_resonance_announces_six_technology_investment_leaders_to_joi_d7556a38] Extracting actors: https://thequantuminsider.com/2024/03/27/resonance-announces-six-technology-investment-leaders-to-join-its-advisory-board (1/1), chunk 10/41
[06:29:18 +54s | thequantuminsider_2024_03_27_resonance_announces_six_technology_investment_leaders_to_joi_d7556a38] Extracting actors: https://thequantuminsider.com/2024/03/27/resonance-announces-six-technology-investment-leaders-to-join-its-advisory-board (1/1), chunk 11/41
[06:29:26 +1m 1s | thequantuminsider_2024_03_27_resonance_announces_six_technology_investment_leaders_to_joi_d7556a38] Repaired malformed JSON.
[06:29:26 +1m 1s | thequantuminsider_2024_03_27_resonance_announces_six_technology_investment_leaders_to_joi_d7556a38] Extracting actors: https://thequantuminsider.com/2024/03/27/resonance-announces-six-technology-investment-leaders-to-join-its-advisory-board (1/1), chunk 12/41
[06:29:31 +1m 7s | thequantuminsider_2024_03_27_resonance_announces_six_technology_investment_leaders_to_joi_d7556a38] Repaired malformed JSON.
[06:29:31 +1m 7s | thequantuminsider_2024_03_27_resonance_announces_six_technology_investment_leaders_to_joi_d7556a38] Extracting actors: https://thequantuminsider.com/2024/03/27/resonance-announces-six-technology-investment-leaders-to-join-its-advisory-board (1/1), chunk 13/41
[06:29:37 +1m 12s | thequantuminsider_2024_03_27_resonance_announces_six_technology_investment_leaders_to_joi_d7556a38] Repaired malformed JSON.
[06:29:37 +1m 12s | thequantuminsider_2024_03_27_resonance_announces_six_technology_investment_leaders_to_joi_d7556a38] Extracting actors: https://thequantuminsider.com/2024/03/27/resonance-announces-six-technology-investment-leaders-to-join-its-advisory-board (1/1), chunk 14/41
[06:29:44 +1m 19s | thequantuminsider_2024_03_27_resonance_announces_six_technology_investment_leaders_to_joi_d7556a38] Repaired malformed JSON.
[06:29:44 +1m 19s | thequantuminsider_2024_03_27_resonance_announces_six_technology_investment_leaders_to_joi_d7556a38] Extracting actors: https://thequantuminsider.com/2024/03/27/resonance-announces-six-technology-investment-leaders-to-join-its-advisory-board (1/1), chunk 15/41
[06:29:50 +1m 25s | thequantuminsider_2024_03_27_resonance_announces_six_technology_investment_leaders_to_joi_d7556a38] Repaired malformed JSON.
[06:29:50 +1m 25s | thequantuminsider_2024_03_27_resonance_announces_six_technology_investment_leaders_to_joi_d7556a38] Extracting actors: https://thequantuminsider.com/2024/03/27/resonance-announces-six-technology-investment-leaders-to-join-its-advisory-board (1/1), chunk 16/41
[06:29:58 +1m 33s | thequantuminsider_2024_03_27_resonance_announces_six_technology_investment_leaders_to_joi_d7556a38] Repaired malformed JSON.
[06:29:58 +1m 33s | thequantuminsider_2024_03_27_resonance_announces_six_technology_investment_leaders_to_joi_d7556a38] Extracting actors: https://thequantuminsider.com/2024/03/27/resonance-announces-six-technology-investment-leaders-to-join-its-advisory-board (1/1), chunk 17/41
[06:30:03 +1m 38s | thequantuminsider_2024_03_27_resonance_announces_six_technology_investment_leaders_to_joi_d7556a38] Repaired malformed JSON.
[06:30:03 +1m 38s | thequantuminsider_2024_03_27_resonance_announces_six_technology_investment_leaders_to_joi_d7556a38] Extracting actors: https://thequantuminsider.com/2024/03/27/resonance-announces-six-technology-investment-leaders-to-join-its-advisory-board (1/1), chunk 18/41
[06:30:09 +1m 44s | thequantuminsider_2024_03_27_resonance_announces_six_technology_investment_leaders_to_joi_d7556a38] Repaired malformed JSON.
[06:30:09 +1m 44s | thequantuminsider_2024_03_27_resonance_announces_six_technology_investment_leaders_to_joi_d7556a38] Extracting actors: https://thequantuminsider.com/2024/03/27/resonance-announces-six-technology-investment-leaders-to-join-its-advisory-board (1/1), chunk 19/41
[06:30:15 +1m 50s | thequantuminsider_2024_03_27_resonance_announces_six_technology_investment_leaders_to_joi_d7556a38] Repaired malformed JSON.
[06:30:15 +1m 50s | thequantuminsider_2024_03_27_resonance_announces_six_technology_investment_leaders_to_joi_d7556a38] Extracting actors: https://thequantuminsider.com/2024/03/27/resonance-announces-six-technology-investment-leaders-to-join-its-advisory-board (1/1), chunk 20/41
[06:30:22 +1m 57s | thequantuminsider_2024_03_27_resonance_announces_six_technology_investment_leaders_to_joi_d7556a38] Repaired malformed JSON.
[06:30:22 +1m 57s | thequantuminsider_2024_03_27_resonance_announces_six_technology_investment_leaders_to_joi_d7556a38] Extracting actors: https://thequantuminsider.com/2024/03/27/resonance-announces-six-technology-investment-leaders-to-join-its-advisory-board (1/1), chunk 21/41
[06:30:28 +2m 3s | thequantuminsider_2024_03_27_resonance_announces_six_technology_investment_leaders_to_joi_d7556a38] Repaired malformed JSON.
[06:30:28 +2m 3s | thequantuminsider_2024_03_27_resonance_announces_six_technology_investment_leaders_to_joi_d7556a38] Extracting actors: https://thequantuminsider.com/2024/03/27/resonance-announces-six-technology-investment-leaders-to-join-its-advisory-board (1/1), chunk 22/41
[06:30:37 +2m 13s | thequantuminsider_2024_03_27_resonance_announces_six_technology_investment_leaders_to_joi_d7556a38] Repaired malformed JSON.
[06:30:37 +2m 13s | thequantuminsider_2024_03_27_resonance_announces_six_technology_investment_leaders_to_joi_d7556a38] Extracting actors: https://thequantuminsider.com/2024/03/27/resonance-announces-six-technology-investment-leaders-to-join-its-advisory-board (1/1), chunk 23/41
[06:30:44 +2m 19s | thequantuminsider_2024_03_27_resonance_announces_six_technology_investment_leaders_to_joi_d7556a38] Repaired malformed JSON.
[06:30:44 +2m 19s | thequantuminsider_2024_03_27_resonance_announces_six_technology_investment_leaders_to_joi_d7556a38] Extracting actors: https://thequantuminsider.com/2024/03/27/resonance-announces-six-technology-investment-leaders-to-join-its-advisory-board (1/1), chunk 24/41
[06:30:52 +2m 27s | thequantuminsider_2024_03_27_resonance_announces_six_technology_investment_leaders_to_joi_d7556a38] Repaired malformed JSON.
[06:30:52 +2m 27s | thequantuminsider_2024_03_27_resonance_announces_six_technology_investment_leaders_to_joi_d7556a38] Extracting actors: https://thequantuminsider.com/2024/03/27/resonance-announces-six-technology-investment-leaders-to-join-its-advisory-board (1/1), chunk 25/41
[06:31:00 +2m 36s | thequantuminsider_2024_03_27_resonance_announces_six_technology_investment_leaders_to_joi_d7556a38] Repaired malformed JSON.
[06:31:00 +2m 36s | thequantuminsider_2024_03_27_resonance_announces_six_technology_investment_leaders_to_joi_d7556a38] Extracting actors: https://thequantuminsider.com/2024/03/27/resonance-announces-six-technology-investment-leaders-to-join-its-advisory-board (1/1), chunk 26/41
[06:31:07 +2m 42s | thequantuminsider_2024_03_27_resonance_announces_six_technology_investment_leaders_to_joi_d7556a38] Repaired malformed JSON.
[06:31:07 +2m 42s | thequantuminsider_2024_03_27_resonance_announces_six_technology_investment_leaders_to_joi_d7556a38] Extracting actors: https://thequantuminsider.com/2024/03/27/resonance-announces-six-technology-investment-leaders-to-join-its-advisory-board (1/1), chunk 27/41
[06:31:12 +2m 48s | thequantuminsider_2024_03_27_resonance_announces_six_technology_investment_leaders_to_joi_d7556a38] Repaired malformed JSON.
[06:31:12 +2m 48s | thequantuminsider_2024_03_27_resonance_announces_six_technology_investment_leaders_to_joi_d7556a38] Extracting actors: https://thequantuminsider.com/2024/03/27/resonance-announces-six-technology-investment-leaders-to-join-its-advisory-board (1/1), chunk 28/41
[06:31:19 +2m 54s | thequantuminsider_2024_03_27_resonance_announces_six_technology_investment_leaders_to_joi_d7556a38] Repaired malformed JSON.
[06:31:19 +2m 54s | thequantuminsider_2024_03_27_resonance_announces_six_technology_investment_leaders_to_joi_d7556a38] Extracting actors: https://thequantuminsider.com/2024/03/27/resonance-announces-six-technology-investment-leaders-to-join-its-advisory-board (1/1), chunk 29/41
[06:31:25 +3m 0s | thequantuminsider_2024_03_27_resonance_announces_six_technology_investment_leaders_to_joi_d7556a38] Extracting actors: https://thequantuminsider.com/2024/03/27/resonance-announces-six-technology-investment-leaders-to-join-its-advisory-board (1/1), chunk 30/41
[06:31:31 +3m 7s | thequantuminsider_2024_03_27_resonance_announces_six_technology_investment_leaders_to_joi_d7556a38] Repaired malformed JSON.
[06:31:31 +3m 7s | thequantuminsider_2024_03_27_resonance_announces_six_technology_investment_leaders_to_joi_d7556a38] Extracting actors: https://thequantuminsider.com/2024/03/27/resonance-announces-six-technology-investment-leaders-to-join-its-advisory-board (1/1), chunk 31/41
[06:31:33 +3m 8s | thequantuminsider_2024_03_27_resonance_announces_six_technology_investment_leaders_to_joi_d7556a38] Extracting actors: https://thequantuminsider.com/2024/03/27/resonance-announces-six-technology-investment-leaders-to-join-its-advisory-board (1/1), chunk 32/41
[06:31:38 +3m 14s | thequantuminsider_2024_03_27_resonance_announces_six_technology_investment_leaders_to_joi_d7556a38] Extracting actors: https://thequantuminsider.com/2024/03/27/resonance-announces-six-technology-investment-leaders-to-join-its-advisory-board (1/1), chunk 33/41
[06:31:44 +3m 20s | thequantuminsider_2024_03_27_resonance_announces_six_technology_investment_leaders_to_joi_d7556a38] Repaired malformed JSON.
[06:31:44 +3m 20s | thequantuminsider_2024_03_27_resonance_announces_six_technology_investment_leaders_to_joi_d7556a38] Extracting actors: https://thequantuminsider.com/2024/03/27/resonance-announces-six-technology-investment-leaders-to-join-its-advisory-board (1/1), chunk 34/41
[06:31:50 +3m 26s | thequantuminsider_2024_03_27_resonance_announces_six_technology_investment_leaders_to_joi_d7556a38] Repaired malformed JSON.
[06:31:50 +3m 26s | thequantuminsider_2024_03_27_resonance_announces_six_technology_investment_leaders_to_joi_d7556a38] Extracting actors: https://thequantuminsider.com/2024/03/27/resonance-announces-six-technology-investment-leaders-to-join-its-advisory-board (1/1), chunk 35/41
[06:31:58 +3m 33s | thequantuminsider_2024_03_27_resonance_announces_six_technology_investment_leaders_to_joi_d7556a38] Repaired malformed JSON.
[06:31:58 +3m 33s | thequantuminsider_2024_03_27_resonance_announces_six_technology_investment_leaders_to_joi_d7556a38] Extracting actors: https://thequantuminsider.com/2024/03/27/resonance-announces-six-technology-investment-leaders-to-join-its-advisory-board (1/1), chunk 36/41
[06:32:04 +3m 39s | thequantuminsider_2024_03_27_resonance_announces_six_technology_investment_leaders_to_joi_d7556a38] Repaired malformed JSON.
[06:32:04 +3m 39s | thequantuminsider_2024_03_27_resonance_announces_six_technology_investment_leaders_to_joi_d7556a38] Extracting actors: https://thequantuminsider.com/2024/03/27/resonance-announces-six-technology-investment-leaders-to-join-its-advisory-board (1/1), chunk 37/41
[06:32:14 +3m 49s | thequantuminsider_2024_03_27_resonance_announces_six_technology_investment_leaders_to_joi_d7556a38] Repaired malformed JSON.
[06:32:14 +3m 49s | thequantuminsider_2024_03_27_resonance_announces_six_technology_investment_leaders_to_joi_d7556a38] Extracting actors: https://thequantuminsider.com/2024/03/27/resonance-announces-six-technology-investment-leaders-to-join-its-advisory-board (1/1), chunk 38/41
[06:32:22 +3m 58s | thequantuminsider_2024_03_27_resonance_announces_six_technology_investment_leaders_to_joi_d7556a38] Repaired malformed JSON.
[06:32:22 +3m 58s | thequantuminsider_2024_03_27_resonance_announces_six_technology_investment_leaders_to_joi_d7556a38] Extracting actors: https://thequantuminsider.com/2024/03/27/resonance-announces-six-technology-investment-leaders-to-join-its-advisory-board (1/1), chunk 39/41
[06:32:29 +4m 4s | thequantuminsider_2024_03_27_resonance_announces_six_technology_investment_leaders_to_joi_d7556a38] Repaired malformed JSON.
[06:32:29 +4m 4s | thequantuminsider_2024_03_27_resonance_announces_six_technology_investment_leaders_to_joi_d7556a38] Extracting actors: https://thequantuminsider.com/2024/03/27/resonance-announces-six-technology-investment-leaders-to-join-its-advisory-board (1/1), chunk 40/41
[06:32:37 +4m 12s | thequantuminsider_2024_03_27_resonance_announces_six_technology_investment_leaders_to_joi_d7556a38] Repaired malformed JSON.
[06:32:37 +4m 12s | thequantuminsider_2024_03_27_resonance_announces_six_technology_investment_leaders_to_joi_d7556a38] Extracting actors: https://thequantuminsider.com/2024/03/27/resonance-announces-six-technology-investment-leaders-to-join-its-advisory-board (1/1), chunk 41/41
[06:32:45 +4m 20s | thequantuminsider_2024_03_27_resonance_announces_six_technology_investment_leaders_to_joi_d7556a38] Repaired malformed JSON.
[06:32:45 +4m 20s | thequantuminsider_2024_03_27_resonance_announces_six_technology_investment_leaders_to_joi_d7556a38] Saved 1_actor_results.json with 63 extracted records

[06:32:45 +4m 20s | thequantuminsider_2024_03_27_resonance_announces_six_technology_investment_leaders_to_joi_d7556a38] === 2 clean actors ===
[06:32:45 +4m 20s | thequantuminsider_2024_03_27_resonance_announces_six_technology_investment_leaders_to_joi_d7556a38] Loaded 63 extracted records
[06:32:45 +4m 20s | thequantuminsider_2024_03_27_resonance_announces_six_technology_investment_leaders_to_joi_d7556a38] Saved 2_actor_nodes.json with 29 canonical actor nodes

[06:32:45 +4m 20s | thequantuminsider_2024_03_27_resonance_announces_six_technology_investment_leaders_to_joi_d7556a38] === 3 interaction extraction ===
[06:32:45 +4m 20s | thequantuminsider_2024_03_27_resonance_announces_six_technology_investment_leaders_to_joi_d7556a38] Extracting interactions: https://thequantuminsider.com/2024/03/27/resonance-announces-six-technology-investment-leaders-to-join-its-advisory-board (1/1), chunk 11/41
[06:32:56 +4m 32s | thequantuminsider_2024_03_27_resonance_announces_six_technology_investment_leaders_to_joi_d7556a38] Extracting interactions: https://thequantuminsider.com/2024/03/27/resonance-announces-six-technology-investment-leaders-to-join-its-advisory-board (1/1), chunk 12/41
[06:33:11 +4m 46s | thequantuminsider_2024_03_27_resonance_announces_six_technology_investment_leaders_to_joi_d7556a38] Extracting interactions: https://thequantuminsider.com/2024/03/27/resonance-announces-six-technology-investment-leaders-to-join-its-advisory-board (1/1), chunk 13/41
[06:33:18 +4m 54s | thequantuminsider_2024_03_27_resonance_announces_six_technology_investment_leaders_to_joi_d7556a38] Extracting interactions: https://thequantuminsider.com/2024/03/27/resonance-announces-six-technology-investment-leaders-to-join-its-advisory-board (1/1), chunk 14/41
[06:33:43 +5m 18s | thequantuminsider_2024_03_27_resonance_announces_six_technology_investment_leaders_to_joi_d7556a38] Extracting interactions: https://thequantuminsider.com/2024/03/27/resonance-announces-six-technology-investment-leaders-to-join-its-advisory-board (1/1), chunk 15/41
[06:33:55 +5m 30s | thequantuminsider_2024_03_27_resonance_announces_six_technology_investment_leaders_to_joi_d7556a38] Extracting interactions: https://thequantuminsider.com/2024/03/27/resonance-announces-six-technology-investment-leaders-to-join-its-advisory-board (1/1), chunk 16/41
[06:34:09 +5m 44s | thequantuminsider_2024_03_27_resonance_announces_six_technology_investment_leaders_to_joi_d7556a38] Extracting interactions: https://thequantuminsider.com/2024/03/27/resonance-announces-six-technology-investment-leaders-to-join-its-advisory-board (1/1), chunk 17/41
[06:34:19 +5m 55s | thequantuminsider_2024_03_27_resonance_announces_six_technology_investment_leaders_to_joi_d7556a38] Extracting interactions: https://thequantuminsider.com/2024/03/27/resonance-announces-six-technology-investment-leaders-to-join-its-advisory-board (1/1), chunk 18/41
[06:34:29 +6m 5s | thequantuminsider_2024_03_27_resonance_announces_six_technology_investment_leaders_to_joi_d7556a38] Extracting interactions: https://thequantuminsider.com/2024/03/27/resonance-announces-six-technology-investment-leaders-to-join-its-advisory-board (1/1), chunk 19/41
[06:34:34 +6m 9s | thequantuminsider_2024_03_27_resonance_announces_six_technology_investment_leaders_to_joi_d7556a38] Extracting interactions: https://thequantuminsider.com/2024/03/27/resonance-announces-six-technology-investment-leaders-to-join-its-advisory-board (1/1), chunk 20/41
[06:34:37 +6m 12s | thequantuminsider_2024_03_27_resonance_announces_six_technology_investment_leaders_to_joi_d7556a38] Extracting interactions: https://thequantuminsider.com/2024/03/27/resonance-announces-six-technology-investment-leaders-to-join-its-advisory-board (1/1), chunk 21/41
[06:34:46 +6m 21s | thequantuminsider_2024_03_27_resonance_announces_six_technology_investment_leaders_to_joi_d7556a38] Extracting interactions: https://thequantuminsider.com/2024/03/27/resonance-announces-six-technology-investment-leaders-to-join-its-advisory-board (1/1), chunk 22/41
[06:34:58 +6m 33s | thequantuminsider_2024_03_27_resonance_announces_six_technology_investment_leaders_to_joi_d7556a38] Extracting interactions: https://thequantuminsider.com/2024/03/27/resonance-announces-six-technology-investment-leaders-to-join-its-advisory-board (1/1), chunk 23/41
[06:35:16 +6m 51s | thequantuminsider_2024_03_27_resonance_announces_six_technology_investment_leaders_to_joi_d7556a38] Extracting interactions: https://thequantuminsider.com/2024/03/27/resonance-announces-six-technology-investment-leaders-to-join-its-advisory-board (1/1), chunk 24/41
[06:35:25 +7m 0s | thequantuminsider_2024_03_27_resonance_announces_six_technology_investment_leaders_to_joi_d7556a38] Extracting interactions: https://thequantuminsider.com/2024/03/27/resonance-announces-six-technology-investment-leaders-to-join-its-advisory-board (1/1), chunk 25/41
[06:35:30 +7m 5s | thequantuminsider_2024_03_27_resonance_announces_six_technology_investment_leaders_to_joi_d7556a38] Extracting interactions: https://thequantuminsider.com/2024/03/27/resonance-announces-six-technology-investment-leaders-to-join-its-advisory-board (1/1), chunk 26/41
[06:35:41 +7m 17s | thequantuminsider_2024_03_27_resonance_announces_six_technology_investment_leaders_to_joi_d7556a38] Extracting interactions: https://thequantuminsider.com/2024/03/27/resonance-announces-six-technology-investment-leaders-to-join-its-advisory-board (1/1), chunk 27/41
[06:35:49 +7m 24s | thequantuminsider_2024_03_27_resonance_announces_six_technology_investment_leaders_to_joi_d7556a38] Extracting interactions: https://thequantuminsider.com/2024/03/27/resonance-announces-six-technology-investment-leaders-to-join-its-advisory-board (1/1), chunk 28/41
[06:35:50 +7m 26s | thequantuminsider_2024_03_27_resonance_announces_six_technology_investment_leaders_to_joi_d7556a38] Extracting interactions: https://thequantuminsider.com/2024/03/27/resonance-announces-six-technology-investment-leaders-to-join-its-advisory-board (1/1), chunk 30/41
[06:35:54 +7m 30s | thequantuminsider_2024_03_27_resonance_announces_six_technology_investment_leaders_to_joi_d7556a38] Extracting interactions: https://thequantuminsider.com/2024/03/27/resonance-announces-six-technology-investment-leaders-to-join-its-advisory-board (1/1), chunk 31/41
[06:35:58 +7m 33s | thequantuminsider_2024_03_27_resonance_announces_six_technology_investment_leaders_to_joi_d7556a38] Extracting interactions: https://thequantuminsider.com/2024/03/27/resonance-announces-six-technology-investment-leaders-to-join-its-advisory-board (1/1), chunk 32/41
[06:36:29 +8m 4s | thequantuminsider_2024_03_27_resonance_announces_six_technology_investment_leaders_to_joi_d7556a38] Extracting interactions: https://thequantuminsider.com/2024/03/27/resonance-announces-six-technology-investment-leaders-to-join-its-advisory-board (1/1), chunk 33/41
[06:36:30 +8m 6s | thequantuminsider_2024_03_27_resonance_announces_six_technology_investment_leaders_to_joi_d7556a38] Extracting interactions: https://thequantuminsider.com/2024/03/27/resonance-announces-six-technology-investment-leaders-to-join-its-advisory-board (1/1), chunk 34/41
[06:36:33 +8m 8s | thequantuminsider_2024_03_27_resonance_announces_six_technology_investment_leaders_to_joi_d7556a38] Extracting interactions: https://thequantuminsider.com/2024/03/27/resonance-announces-six-technology-investment-leaders-to-join-its-advisory-board (1/1), chunk 35/41
[06:36:34 +8m 10s | thequantuminsider_2024_03_27_resonance_announces_six_technology_investment_leaders_to_joi_d7556a38] Extracting interactions: https://thequantuminsider.com/2024/03/27/resonance-announces-six-technology-investment-leaders-to-join-its-advisory-board (1/1), chunk 36/41
[06:36:36 +8m 11s | thequantuminsider_2024_03_27_resonance_announces_six_technology_investment_leaders_to_joi_d7556a38] Extracting interactions: https://thequantuminsider.com/2024/03/27/resonance-announces-six-technology-investment-leaders-to-join-its-advisory-board (1/1), chunk 37/41
[06:36:39 +8m 14s | thequantuminsider_2024_03_27_resonance_announces_six_technology_investment_leaders_to_joi_d7556a38] Extracting interactions: https://thequantuminsider.com/2024/03/27/resonance-announces-six-technology-investment-leaders-to-join-its-advisory-board (1/1), chunk 39/41
[06:36:40 +8m 16s | thequantuminsider_2024_03_27_resonance_announces_six_technology_investment_leaders_to_joi_d7556a38] Extracting interactions: https://thequantuminsider.com/2024/03/27/resonance-announces-six-technology-investment-leaders-to-join-its-advisory-board (1/1), chunk 40/41
[06:36:42 +8m 17s | thequantuminsider_2024_03_27_resonance_announces_six_technology_investment_leaders_to_joi_d7556a38] Extracting interactions: https://thequantuminsider.com/2024/03/27/resonance-announces-six-technology-investment-leaders-to-join-its-advisory-board (1/1), chunk 41/41
[06:36:44 +8m 20s | thequantuminsider_2024_03_27_resonance_announces_six_technology_investment_leaders_to_joi_d7556a38] Saved 3_interaction_results.json with 36 extracted interactions.

[06:36:44 +8m 20s | thequantuminsider_2024_03_27_resonance_announces_six_technology_investment_leaders_to_joi_d7556a38] === 4 clean interactions ===
[06:36:44 +8m 20s | thequantuminsider_2024_03_27_resonance_announces_six_technology_investment_leaders_to_joi_d7556a38] Saved 4_edges.json with 2 cleaned interactions.

[06:36:44 +8m 20s | thequantuminsider_2024_03_27_resonance_announces_six_technology_investment_leaders_to_joi_d7556a38] === 5 helix enrichment ===
[06:36:44 +8m 20s | thequantuminsider_2024_03_27_resonance_announces_six_technology_investment_leaders_to_joi_d7556a38] Wrote 5_nodes.json (29 actors)
[06:36:44 +8m 20s | thequantuminsider_2024_03_27_resonance_announces_six_technology_investment_leaders_to_joi_d7556a38] Wrote 5_edges.json (2 interactions)
[06:36:44 +8m 20s | thequantuminsider_2024_03_27_resonance_announces_six_technology_investment_leaders_to_joi_d7556a38] Actor helix counts: {'Academia': 2, 'Civil Society': 3, 'Government': 4, 'Industry': 11, 'Intermediary': 1, 'Unknown': 8}
[06:36:44 +8m 20s | thequantuminsider_2024_03_27_resonance_announces_six_technology_investment_leaders_to_joi_d7556a38] Functional-space counts: {'Intra-helix / Not classified': 2}

[06:36:44 +8m 20s | thequantuminsider_2024_03_27_resonance_announces_six_technology_investment_leaders_to_joi_d7556a38] === 6 network visualisation ===
[06:36:45 +8m 20s | thequantuminsider_2024_03_27_resonance_announces_six_technology_investment_leaders_to_joi_d7556a38] Wrote quantum_network.html
[06:36:45 +8m 20s | thequantuminsider_2024_03_27_resonance_announces_six_technology_investment_leaders_to_joi_d7556a38] Nodes: 29
[06:36:45 +8m 20s | thequantuminsider_2024_03_27_resonance_announces_six_technology_investment_leaders_to_joi_d7556a38] Edges: 2

[06:36:45 +8m 20s | thequantuminsider_2024_03_27_resonance_announces_six_technology_investment_leaders_to_joi_d7556a38] Done. Outputs written to: /home/lv/IDP/idpdeeptech/pipeline/news_outputs/thequantuminsider_2024_03_27_resonance_announces_six_technology_investment_leaders_to_joi_d7556a38
[06:36:45 +8m 20s | thequantuminsider_2024_03_27_resonance_announces_six_technology_investment_leaders_to_joi_d7556a38] Log: /home/lv/IDP/idpdeeptech/pipeline/news_outputs/thequantuminsider_2024_03_27_resonance_announces_six_technology_investment_leaders_to_joi_d7556a38/run.log

========================================================================
RUN FINISHED 2026-07-02 06:36:45  (OK)
Started:     2026-07-02 06:28:25
Elapsed:     8m 20s
========================================================================
