
========================================================================
RUN STARTED  2026-07-01 16:40:42
site_pipeline.py https://thequantuminsider.com/2019/12/11/goldman-sachs-partners-with-startup-to-explore-quantum-fintech/
========================================================================

[16:40:42 +0s | thequantuminsider_2019_12_11_goldman_sachs_partners_with_startup_to_explore_quantum_fintech] === 0 crawl site ===
[16:40:45 +3s | thequantuminsider_2019_12_11_goldman_sachs_partners_with_startup_to_explore_quantum_fintech] [INIT].... → Crawl4AI 0.8.6 
[16:40:57 +15s | thequantuminsider_2019_12_11_goldman_sachs_partners_with_startup_to_explore_quantum_fintech] [FETCH]... ↓ https://thequantuminsider.com/2019/12/11/goldman...artners-with-startup-to-explore-quantum-fintech/  | ✓ | ⏱: 12.05s 
[16:40:57 +15s | thequantuminsider_2019_12_11_goldman_sachs_partners_with_startup_to_explore_quantum_fintech] [SCRAPE].. ◆ https://thequantuminsider.com/2019/12/11/goldman...artners-with-startup-to-explore-quantum-fintech/  | ✓ | ⏱: 0.14s 
[16:40:57 +15s | thequantuminsider_2019_12_11_goldman_sachs_partners_with_startup_to_explore_quantum_fintech] [COMPLETE] ● https://thequantuminsider.com/2019/12/11/goldman...artners-with-startup-to-explore-quantum-fintech/  | ✓ | ⏱: 12.20s 
[16:40:57 +15s | thequantuminsider_2019_12_11_goldman_sachs_partners_with_startup_to_explore_quantum_fintech] Saved: crawl_output/411c02a27d_thequantuminsider.com_2019_12_11_goldman-sachs-partners-with-startup-to-explore-quantum-fintech.json

[16:40:57 +15s | thequantuminsider_2019_12_11_goldman_sachs_partners_with_startup_to_explore_quantum_fintech] === 1 actor extraction ===
[16:40:57 +16s | thequantuminsider_2019_12_11_goldman_sachs_partners_with_startup_to_explore_quantum_fintech] Reading page (1/1): https://thequantuminsider.com/2019/12/11/goldman-sachs-partners-with-startup-to-explore-quantum-fintech
[16:40:57 +16s | thequantuminsider_2019_12_11_goldman_sachs_partners_with_startup_to_explore_quantum_fintech] Extracting actors: https://thequantuminsider.com/2019/12/11/goldman-sachs-partners-with-startup-to-explore-quantum-fintech (1/1), chunk 1/39
[16:41:09 +24s | thequantuminsider_2019_12_11_goldman_sachs_partners_with_startup_to_explore_quantum_fintech] Repaired malformed JSON.
[16:41:09 +24s | thequantuminsider_2019_12_11_goldman_sachs_partners_with_startup_to_explore_quantum_fintech] Extracting actors: https://thequantuminsider.com/2019/12/11/goldman-sachs-partners-with-startup-to-explore-quantum-fintech (1/1), chunk 2/39
[16:41:15 +30s | thequantuminsider_2019_12_11_goldman_sachs_partners_with_startup_to_explore_quantum_fintech] Repaired malformed JSON.
[16:41:15 +30s | thequantuminsider_2019_12_11_goldman_sachs_partners_with_startup_to_explore_quantum_fintech] Extracting actors: https://thequantuminsider.com/2019/12/11/goldman-sachs-partners-with-startup-to-explore-quantum-fintech (1/1), chunk 3/39
[16:41:25 +40s | thequantuminsider_2019_12_11_goldman_sachs_partners_with_startup_to_explore_quantum_fintech] Repaired malformed JSON.
[16:41:25 +40s | thequantuminsider_2019_12_11_goldman_sachs_partners_with_startup_to_explore_quantum_fintech] Extracting actors: https://thequantuminsider.com/2019/12/11/goldman-sachs-partners-with-startup-to-explore-quantum-fintech (1/1), chunk 4/39
[16:41:31 +46s | thequantuminsider_2019_12_11_goldman_sachs_partners_with_startup_to_explore_quantum_fintech] Repaired malformed JSON.
[16:41:31 +46s | thequantuminsider_2019_12_11_goldman_sachs_partners_with_startup_to_explore_quantum_fintech] Extracting actors: https://thequantuminsider.com/2019/12/11/goldman-sachs-partners-with-startup-to-explore-quantum-fintech (1/1), chunk 5/39
[16:41:40 +52s | thequantuminsider_2019_12_11_goldman_sachs_partners_with_startup_to_explore_quantum_fintech] Repaired malformed JSON.
[16:41:40 +52s | thequantuminsider_2019_12_11_goldman_sachs_partners_with_startup_to_explore_quantum_fintech] Extracting actors: https://thequantuminsider.com/2019/12/11/goldman-sachs-partners-with-startup-to-explore-quantum-fintech (1/1), chunk 6/39
[16:41:47 +59s | thequantuminsider_2019_12_11_goldman_sachs_partners_with_startup_to_explore_quantum_fintech] Repaired malformed JSON.
[16:41:47 +59s | thequantuminsider_2019_12_11_goldman_sachs_partners_with_startup_to_explore_quantum_fintech] Extracting actors: https://thequantuminsider.com/2019/12/11/goldman-sachs-partners-with-startup-to-explore-quantum-fintech (1/1), chunk 7/39
[16:41:56 +1m 8s | thequantuminsider_2019_12_11_goldman_sachs_partners_with_startup_to_explore_quantum_fintech] Repaired malformed JSON.
[16:41:56 +1m 8s | thequantuminsider_2019_12_11_goldman_sachs_partners_with_startup_to_explore_quantum_fintech] Extracting actors: https://thequantuminsider.com/2019/12/11/goldman-sachs-partners-with-startup-to-explore-quantum-fintech (1/1), chunk 8/39
[16:42:01 +1m 13s | thequantuminsider_2019_12_11_goldman_sachs_partners_with_startup_to_explore_quantum_fintech] Extracting actors: https://thequantuminsider.com/2019/12/11/goldman-sachs-partners-with-startup-to-explore-quantum-fintech (1/1), chunk 9/39
[16:42:06 +1m 18s | thequantuminsider_2019_12_11_goldman_sachs_partners_with_startup_to_explore_quantum_fintech] Repaired malformed JSON.
[16:42:06 +1m 18s | thequantuminsider_2019_12_11_goldman_sachs_partners_with_startup_to_explore_quantum_fintech] Extracting actors: https://thequantuminsider.com/2019/12/11/goldman-sachs-partners-with-startup-to-explore-quantum-fintech (1/1), chunk 10/39
[16:42:18 +1m 28s | thequantuminsider_2019_12_11_goldman_sachs_partners_with_startup_to_explore_quantum_fintech] Repaired malformed JSON.
[16:42:18 +1m 28s | thequantuminsider_2019_12_11_goldman_sachs_partners_with_startup_to_explore_quantum_fintech] Extracting actors: https://thequantuminsider.com/2019/12/11/goldman-sachs-partners-with-startup-to-explore-quantum-fintech (1/1), chunk 11/39
[16:42:26 +1m 36s | thequantuminsider_2019_12_11_goldman_sachs_partners_with_startup_to_explore_quantum_fintech] Repaired malformed JSON.
[16:42:26 +1m 36s | thequantuminsider_2019_12_11_goldman_sachs_partners_with_startup_to_explore_quantum_fintech] Extracting actors: https://thequantuminsider.com/2019/12/11/goldman-sachs-partners-with-startup-to-explore-quantum-fintech (1/1), chunk 12/39
[16:42:35 +1m 44s | thequantuminsider_2019_12_11_goldman_sachs_partners_with_startup_to_explore_quantum_fintech] Repaired malformed JSON.
[16:42:35 +1m 44s | thequantuminsider_2019_12_11_goldman_sachs_partners_with_startup_to_explore_quantum_fintech] Extracting actors: https://thequantuminsider.com/2019/12/11/goldman-sachs-partners-with-startup-to-explore-quantum-fintech (1/1), chunk 13/39
[16:42:42 +1m 51s | thequantuminsider_2019_12_11_goldman_sachs_partners_with_startup_to_explore_quantum_fintech] Repaired malformed JSON.
[16:42:42 +1m 51s | thequantuminsider_2019_12_11_goldman_sachs_partners_with_startup_to_explore_quantum_fintech] Extracting actors: https://thequantuminsider.com/2019/12/11/goldman-sachs-partners-with-startup-to-explore-quantum-fintech (1/1), chunk 14/39
[16:42:50 +1m 57s | thequantuminsider_2019_12_11_goldman_sachs_partners_with_startup_to_explore_quantum_fintech] Repaired malformed JSON.
[16:42:50 +1m 57s | thequantuminsider_2019_12_11_goldman_sachs_partners_with_startup_to_explore_quantum_fintech] Extracting actors: https://thequantuminsider.com/2019/12/11/goldman-sachs-partners-with-startup-to-explore-quantum-fintech (1/1), chunk 15/39
[16:42:57 +2m 3s | thequantuminsider_2019_12_11_goldman_sachs_partners_with_startup_to_explore_quantum_fintech] Repaired malformed JSON.
[16:42:57 +2m 3s | thequantuminsider_2019_12_11_goldman_sachs_partners_with_startup_to_explore_quantum_fintech] Extracting actors: https://thequantuminsider.com/2019/12/11/goldman-sachs-partners-with-startup-to-explore-quantum-fintech (1/1), chunk 16/39
[16:43:05 +2m 11s | thequantuminsider_2019_12_11_goldman_sachs_partners_with_startup_to_explore_quantum_fintech] Repaired malformed JSON.
[16:43:05 +2m 11s | thequantuminsider_2019_12_11_goldman_sachs_partners_with_startup_to_explore_quantum_fintech] Extracting actors: https://thequantuminsider.com/2019/12/11/goldman-sachs-partners-with-startup-to-explore-quantum-fintech (1/1), chunk 17/39
[16:43:13 +2m 19s | thequantuminsider_2019_12_11_goldman_sachs_partners_with_startup_to_explore_quantum_fintech] Repaired malformed JSON.
[16:43:13 +2m 19s | thequantuminsider_2019_12_11_goldman_sachs_partners_with_startup_to_explore_quantum_fintech] Extracting actors: https://thequantuminsider.com/2019/12/11/goldman-sachs-partners-with-startup-to-explore-quantum-fintech (1/1), chunk 18/39
[16:43:19 +2m 25s | thequantuminsider_2019_12_11_goldman_sachs_partners_with_startup_to_explore_quantum_fintech] Repaired malformed JSON.
[16:43:19 +2m 25s | thequantuminsider_2019_12_11_goldman_sachs_partners_with_startup_to_explore_quantum_fintech] Extracting actors: https://thequantuminsider.com/2019/12/11/goldman-sachs-partners-with-startup-to-explore-quantum-fintech (1/1), chunk 19/39
[16:43:29 +2m 32s | thequantuminsider_2019_12_11_goldman_sachs_partners_with_startup_to_explore_quantum_fintech] Repaired malformed JSON.
[16:43:29 +2m 32s | thequantuminsider_2019_12_11_goldman_sachs_partners_with_startup_to_explore_quantum_fintech] Extracting actors: https://thequantuminsider.com/2019/12/11/goldman-sachs-partners-with-startup-to-explore-quantum-fintech (1/1), chunk 20/39
[16:43:37 +2m 40s | thequantuminsider_2019_12_11_goldman_sachs_partners_with_startup_to_explore_quantum_fintech] Repaired malformed JSON.
[16:43:37 +2m 40s | thequantuminsider_2019_12_11_goldman_sachs_partners_with_startup_to_explore_quantum_fintech] Extracting actors: https://thequantuminsider.com/2019/12/11/goldman-sachs-partners-with-startup-to-explore-quantum-fintech (1/1), chunk 21/39
[16:43:43 +2m 46s | thequantuminsider_2019_12_11_goldman_sachs_partners_with_startup_to_explore_quantum_fintech] Repaired malformed JSON.
[16:43:43 +2m 46s | thequantuminsider_2019_12_11_goldman_sachs_partners_with_startup_to_explore_quantum_fintech] Extracting actors: https://thequantuminsider.com/2019/12/11/goldman-sachs-partners-with-startup-to-explore-quantum-fintech (1/1), chunk 22/39
[16:43:49 +2m 53s | thequantuminsider_2019_12_11_goldman_sachs_partners_with_startup_to_explore_quantum_fintech] Repaired malformed JSON.
[16:43:49 +2m 53s | thequantuminsider_2019_12_11_goldman_sachs_partners_with_startup_to_explore_quantum_fintech] Extracting actors: https://thequantuminsider.com/2019/12/11/goldman-sachs-partners-with-startup-to-explore-quantum-fintech (1/1), chunk 23/39
[16:44:01 +3m 1s | thequantuminsider_2019_12_11_goldman_sachs_partners_with_startup_to_explore_quantum_fintech] Repaired malformed JSON.
[16:44:01 +3m 1s | thequantuminsider_2019_12_11_goldman_sachs_partners_with_startup_to_explore_quantum_fintech] Extracting actors: https://thequantuminsider.com/2019/12/11/goldman-sachs-partners-with-startup-to-explore-quantum-fintech (1/1), chunk 24/39
[16:44:07 +3m 7s | thequantuminsider_2019_12_11_goldman_sachs_partners_with_startup_to_explore_quantum_fintech] Repaired malformed JSON.
[16:44:07 +3m 7s | thequantuminsider_2019_12_11_goldman_sachs_partners_with_startup_to_explore_quantum_fintech] Extracting actors: https://thequantuminsider.com/2019/12/11/goldman-sachs-partners-with-startup-to-explore-quantum-fintech (1/1), chunk 25/39
[16:44:12 +3m 13s | thequantuminsider_2019_12_11_goldman_sachs_partners_with_startup_to_explore_quantum_fintech] Extracting actors: https://thequantuminsider.com/2019/12/11/goldman-sachs-partners-with-startup-to-explore-quantum-fintech (1/1), chunk 26/39
[16:44:19 +3m 19s | thequantuminsider_2019_12_11_goldman_sachs_partners_with_startup_to_explore_quantum_fintech] Repaired malformed JSON.
[16:44:19 +3m 19s | thequantuminsider_2019_12_11_goldman_sachs_partners_with_startup_to_explore_quantum_fintech] Extracting actors: https://thequantuminsider.com/2019/12/11/goldman-sachs-partners-with-startup-to-explore-quantum-fintech (1/1), chunk 27/39
[16:44:22 +3m 23s | thequantuminsider_2019_12_11_goldman_sachs_partners_with_startup_to_explore_quantum_fintech] Extracting actors: https://thequantuminsider.com/2019/12/11/goldman-sachs-partners-with-startup-to-explore-quantum-fintech (1/1), chunk 28/39
[16:44:29 +3m 30s | thequantuminsider_2019_12_11_goldman_sachs_partners_with_startup_to_explore_quantum_fintech] Repaired malformed JSON.
[16:44:29 +3m 30s | thequantuminsider_2019_12_11_goldman_sachs_partners_with_startup_to_explore_quantum_fintech] Extracting actors: https://thequantuminsider.com/2019/12/11/goldman-sachs-partners-with-startup-to-explore-quantum-fintech (1/1), chunk 29/39
[16:44:35 +3m 32s | thequantuminsider_2019_12_11_goldman_sachs_partners_with_startup_to_explore_quantum_fintech] Extracting actors: https://thequantuminsider.com/2019/12/11/goldman-sachs-partners-with-startup-to-explore-quantum-fintech (1/1), chunk 30/39
[16:44:43 +3m 40s | thequantuminsider_2019_12_11_goldman_sachs_partners_with_startup_to_explore_quantum_fintech] Repaired malformed JSON.
[16:44:43 +3m 40s | thequantuminsider_2019_12_11_goldman_sachs_partners_with_startup_to_explore_quantum_fintech] Extracting actors: https://thequantuminsider.com/2019/12/11/goldman-sachs-partners-with-startup-to-explore-quantum-fintech (1/1), chunk 31/39
[16:44:49 +3m 47s | thequantuminsider_2019_12_11_goldman_sachs_partners_with_startup_to_explore_quantum_fintech] Repaired malformed JSON.
[16:44:49 +3m 47s | thequantuminsider_2019_12_11_goldman_sachs_partners_with_startup_to_explore_quantum_fintech] Extracting actors: https://thequantuminsider.com/2019/12/11/goldman-sachs-partners-with-startup-to-explore-quantum-fintech (1/1), chunk 32/39
[16:44:57 +3m 55s | thequantuminsider_2019_12_11_goldman_sachs_partners_with_startup_to_explore_quantum_fintech] Repaired malformed JSON.
[16:44:57 +3m 55s | thequantuminsider_2019_12_11_goldman_sachs_partners_with_startup_to_explore_quantum_fintech] Extracting actors: https://thequantuminsider.com/2019/12/11/goldman-sachs-partners-with-startup-to-explore-quantum-fintech (1/1), chunk 33/39
[16:45:03 +4m 0s | thequantuminsider_2019_12_11_goldman_sachs_partners_with_startup_to_explore_quantum_fintech] Repaired malformed JSON.
[16:45:03 +4m 0s | thequantuminsider_2019_12_11_goldman_sachs_partners_with_startup_to_explore_quantum_fintech] Extracting actors: https://thequantuminsider.com/2019/12/11/goldman-sachs-partners-with-startup-to-explore-quantum-fintech (1/1), chunk 34/39
[16:45:12 +4m 7s | thequantuminsider_2019_12_11_goldman_sachs_partners_with_startup_to_explore_quantum_fintech] Repaired malformed JSON.
[16:45:12 +4m 7s | thequantuminsider_2019_12_11_goldman_sachs_partners_with_startup_to_explore_quantum_fintech] Extracting actors: https://thequantuminsider.com/2019/12/11/goldman-sachs-partners-with-startup-to-explore-quantum-fintech (1/1), chunk 35/39
[16:45:18 +4m 13s | thequantuminsider_2019_12_11_goldman_sachs_partners_with_startup_to_explore_quantum_fintech] Repaired malformed JSON.
[16:45:18 +4m 13s | thequantuminsider_2019_12_11_goldman_sachs_partners_with_startup_to_explore_quantum_fintech] Extracting actors: https://thequantuminsider.com/2019/12/11/goldman-sachs-partners-with-startup-to-explore-quantum-fintech (1/1), chunk 36/39
[16:45:20 +4m 15s | thequantuminsider_2019_12_11_goldman_sachs_partners_with_startup_to_explore_quantum_fintech] Extracting actors: https://thequantuminsider.com/2019/12/11/goldman-sachs-partners-with-startup-to-explore-quantum-fintech (1/1), chunk 37/39
[16:45:29 +4m 24s | thequantuminsider_2019_12_11_goldman_sachs_partners_with_startup_to_explore_quantum_fintech] Repaired malformed JSON.
[16:45:29 +4m 24s | thequantuminsider_2019_12_11_goldman_sachs_partners_with_startup_to_explore_quantum_fintech] Extracting actors: https://thequantuminsider.com/2019/12/11/goldman-sachs-partners-with-startup-to-explore-quantum-fintech (1/1), chunk 38/39
[16:45:39 +4m 33s | thequantuminsider_2019_12_11_goldman_sachs_partners_with_startup_to_explore_quantum_fintech] Repaired malformed JSON.
[16:45:39 +4m 33s | thequantuminsider_2019_12_11_goldman_sachs_partners_with_startup_to_explore_quantum_fintech] Extracting actors: https://thequantuminsider.com/2019/12/11/goldman-sachs-partners-with-startup-to-explore-quantum-fintech (1/1), chunk 39/39
[16:45:47 +4m 39s | thequantuminsider_2019_12_11_goldman_sachs_partners_with_startup_to_explore_quantum_fintech] Repaired malformed JSON.
[16:45:47 +4m 39s | thequantuminsider_2019_12_11_goldman_sachs_partners_with_startup_to_explore_quantum_fintech] Saved 1_actor_results.json with 70 extracted records

[16:45:47 +4m 39s | thequantuminsider_2019_12_11_goldman_sachs_partners_with_startup_to_explore_quantum_fintech] === 2 clean actors ===
[16:45:48 +4m 39s | thequantuminsider_2019_12_11_goldman_sachs_partners_with_startup_to_explore_quantum_fintech] Loaded 70 extracted records
[16:45:48 +4m 39s | thequantuminsider_2019_12_11_goldman_sachs_partners_with_startup_to_explore_quantum_fintech] Saved 2_actor_nodes.json with 18 canonical actor nodes

[16:45:48 +4m 39s | thequantuminsider_2019_12_11_goldman_sachs_partners_with_startup_to_explore_quantum_fintech] === 3 interaction extraction ===
[16:45:48 +4m 39s | thequantuminsider_2019_12_11_goldman_sachs_partners_with_startup_to_explore_quantum_fintech] Extracting interactions: https://thequantuminsider.com/2019/12/11/goldman-sachs-partners-with-startup-to-explore-quantum-fintech (1/1), chunk 11/39
[16:45:52 +4m 43s | thequantuminsider_2019_12_11_goldman_sachs_partners_with_startup_to_explore_quantum_fintech] Extracting interactions: https://thequantuminsider.com/2019/12/11/goldman-sachs-partners-with-startup-to-explore-quantum-fintech (1/1), chunk 12/39
[16:46:04 +4m 56s | thequantuminsider_2019_12_11_goldman_sachs_partners_with_startup_to_explore_quantum_fintech] Extracting interactions: https://thequantuminsider.com/2019/12/11/goldman-sachs-partners-with-startup-to-explore-quantum-fintech (1/1), chunk 13/39
[16:46:16 +5m 8s | thequantuminsider_2019_12_11_goldman_sachs_partners_with_startup_to_explore_quantum_fintech] Extracting interactions: https://thequantuminsider.com/2019/12/11/goldman-sachs-partners-with-startup-to-explore-quantum-fintech (1/1), chunk 14/39
[16:46:24 +5m 13s | thequantuminsider_2019_12_11_goldman_sachs_partners_with_startup_to_explore_quantum_fintech] Extracting interactions: https://thequantuminsider.com/2019/12/11/goldman-sachs-partners-with-startup-to-explore-quantum-fintech (1/1), chunk 15/39
[16:46:35 +5m 24s | thequantuminsider_2019_12_11_goldman_sachs_partners_with_startup_to_explore_quantum_fintech] Extracting interactions: https://thequantuminsider.com/2019/12/11/goldman-sachs-partners-with-startup-to-explore-quantum-fintech (1/1), chunk 16/39
[16:46:46 +5m 35s | thequantuminsider_2019_12_11_goldman_sachs_partners_with_startup_to_explore_quantum_fintech] Extracting interactions: https://thequantuminsider.com/2019/12/11/goldman-sachs-partners-with-startup-to-explore-quantum-fintech (1/1), chunk 17/39
[16:46:48 +5m 37s | thequantuminsider_2019_12_11_goldman_sachs_partners_with_startup_to_explore_quantum_fintech] Extracting interactions: https://thequantuminsider.com/2019/12/11/goldman-sachs-partners-with-startup-to-explore-quantum-fintech (1/1), chunk 18/39
[16:46:50 +5m 39s | thequantuminsider_2019_12_11_goldman_sachs_partners_with_startup_to_explore_quantum_fintech] Extracting interactions: https://thequantuminsider.com/2019/12/11/goldman-sachs-partners-with-startup-to-explore-quantum-fintech (1/1), chunk 19/39
[16:46:57 +5m 42s | thequantuminsider_2019_12_11_goldman_sachs_partners_with_startup_to_explore_quantum_fintech] Extracting interactions: https://thequantuminsider.com/2019/12/11/goldman-sachs-partners-with-startup-to-explore-quantum-fintech (1/1), chunk 20/39
[16:46:58 +5m 44s | thequantuminsider_2019_12_11_goldman_sachs_partners_with_startup_to_explore_quantum_fintech] Extracting interactions: https://thequantuminsider.com/2019/12/11/goldman-sachs-partners-with-startup-to-explore-quantum-fintech (1/1), chunk 21/39
[16:47:07 +5m 53s | thequantuminsider_2019_12_11_goldman_sachs_partners_with_startup_to_explore_quantum_fintech] Extracting interactions: https://thequantuminsider.com/2019/12/11/goldman-sachs-partners-with-startup-to-explore-quantum-fintech (1/1), chunk 22/39
[16:47:11 +5m 57s | thequantuminsider_2019_12_11_goldman_sachs_partners_with_startup_to_explore_quantum_fintech] Extracting interactions: https://thequantuminsider.com/2019/12/11/goldman-sachs-partners-with-startup-to-explore-quantum-fintech (1/1), chunk 23/39
[16:47:15 +6m 1s | thequantuminsider_2019_12_11_goldman_sachs_partners_with_startup_to_explore_quantum_fintech] Extracting interactions: https://thequantuminsider.com/2019/12/11/goldman-sachs-partners-with-startup-to-explore-quantum-fintech (1/1), chunk 24/39
[16:47:20 +6m 6s | thequantuminsider_2019_12_11_goldman_sachs_partners_with_startup_to_explore_quantum_fintech] Extracting interactions: https://thequantuminsider.com/2019/12/11/goldman-sachs-partners-with-startup-to-explore-quantum-fintech (1/1), chunk 26/39
[16:47:24 +6m 10s | thequantuminsider_2019_12_11_goldman_sachs_partners_with_startup_to_explore_quantum_fintech] Extracting interactions: https://thequantuminsider.com/2019/12/11/goldman-sachs-partners-with-startup-to-explore-quantum-fintech (1/1), chunk 30/39
[16:47:26 +6m 12s | thequantuminsider_2019_12_11_goldman_sachs_partners_with_startup_to_explore_quantum_fintech] Extracting interactions: https://thequantuminsider.com/2019/12/11/goldman-sachs-partners-with-startup-to-explore-quantum-fintech (1/1), chunk 31/39
[16:47:33 +6m 16s | thequantuminsider_2019_12_11_goldman_sachs_partners_with_startup_to_explore_quantum_fintech] Extracting interactions: https://thequantuminsider.com/2019/12/11/goldman-sachs-partners-with-startup-to-explore-quantum-fintech (1/1), chunk 35/39
[16:47:38 +6m 21s | thequantuminsider_2019_12_11_goldman_sachs_partners_with_startup_to_explore_quantum_fintech] Extracting interactions: https://thequantuminsider.com/2019/12/11/goldman-sachs-partners-with-startup-to-explore-quantum-fintech (1/1), chunk 36/39
[16:47:48 +6m 31s | thequantuminsider_2019_12_11_goldman_sachs_partners_with_startup_to_explore_quantum_fintech] Saved 3_interaction_results.json with 27 extracted interactions.

[16:47:49 +6m 31s | thequantuminsider_2019_12_11_goldman_sachs_partners_with_startup_to_explore_quantum_fintech] === 4 clean interactions ===
[16:47:49 +6m 31s | thequantuminsider_2019_12_11_goldman_sachs_partners_with_startup_to_explore_quantum_fintech] Saved 4_edges.json with 3 cleaned interactions.

[16:47:49 +6m 31s | thequantuminsider_2019_12_11_goldman_sachs_partners_with_startup_to_explore_quantum_fintech] === 5 helix enrichment ===
[16:47:49 +6m 31s | thequantuminsider_2019_12_11_goldman_sachs_partners_with_startup_to_explore_quantum_fintech] Wrote 5_nodes.json (18 actors)
[16:47:49 +6m 31s | thequantuminsider_2019_12_11_goldman_sachs_partners_with_startup_to_explore_quantum_fintech] Wrote 5_edges.json (3 interactions)
[16:47:49 +6m 31s | thequantuminsider_2019_12_11_goldman_sachs_partners_with_startup_to_explore_quantum_fintech] Actor helix counts: {'Academia': 1, 'Civil Society': 2, 'Industry': 12, 'Unknown': 3}
[16:47:49 +6m 31s | thequantuminsider_2019_12_11_goldman_sachs_partners_with_startup_to_explore_quantum_fintech] Functional-space counts: {'Intra-helix / Not classified': 3}

[16:47:49 +6m 31s | thequantuminsider_2019_12_11_goldman_sachs_partners_with_startup_to_explore_quantum_fintech] === 6 network visualisation ===
[16:47:49 +6m 32s | thequantuminsider_2019_12_11_goldman_sachs_partners_with_startup_to_explore_quantum_fintech] Wrote quantum_network.html
[16:47:49 +6m 32s | thequantuminsider_2019_12_11_goldman_sachs_partners_with_startup_to_explore_quantum_fintech] Nodes: 18
[16:47:49 +6m 32s | thequantuminsider_2019_12_11_goldman_sachs_partners_with_startup_to_explore_quantum_fintech] Edges: 2

[16:47:49 +6m 32s | thequantuminsider_2019_12_11_goldman_sachs_partners_with_startup_to_explore_quantum_fintech] Done. Outputs written to: /home/lv/IDP/idpdeeptech/pipeline/news_outputs/thequantuminsider_2019_12_11_goldman_sachs_partners_with_startup_to_explore_quantum_fintech
[16:47:49 +6m 32s | thequantuminsider_2019_12_11_goldman_sachs_partners_with_startup_to_explore_quantum_fintech] Log: /home/lv/IDP/idpdeeptech/pipeline/news_outputs/thequantuminsider_2019_12_11_goldman_sachs_partners_with_startup_to_explore_quantum_fintech/run.log

========================================================================
RUN FINISHED 2026-07-01 16:47:49  (OK)
Started:     2026-07-01 16:40:42
Elapsed:     6m 32s
========================================================================
