
========================================================================
RUN STARTED  2026-07-02 12:45:07
site_pipeline.py https://thequantuminsider.com/2024/01/16/quera-and-pawsey-partner-to-drive-innovation-in-quantum-computing-and-supercomputing/
========================================================================

[12:45:07 +0s | thequantuminsider_2024_01_16_quera_and_pawsey_partner_to_drive_innovation_in_quantum_comp_9e7dee30] === 0 crawl site ===
[12:45:13 +5s | thequantuminsider_2024_01_16_quera_and_pawsey_partner_to_drive_innovation_in_quantum_comp_9e7dee30] [INIT].... → Crawl4AI 0.8.6 
[12:45:15 +8s | thequantuminsider_2024_01_16_quera_and_pawsey_partner_to_drive_innovation_in_quantum_comp_9e7dee30] [FETCH]... ↓ https://thequantuminsider.com/2024/01/16/quera-a...ovation-in-quantum-computing-and-supercomputing/  | ✓ | ⏱: 2.82s 
[12:45:16 +8s | thequantuminsider_2024_01_16_quera_and_pawsey_partner_to_drive_innovation_in_quantum_comp_9e7dee30] [SCRAPE].. ◆ https://thequantuminsider.com/2024/01/16/quera-a...ovation-in-quantum-computing-and-supercomputing/  | ✓ | ⏱: 0.17s 
[12:45:16 +9s | thequantuminsider_2024_01_16_quera_and_pawsey_partner_to_drive_innovation_in_quantum_comp_9e7dee30] [COMPLETE] ● https://thequantuminsider.com/2024/01/16/quera-a...ovation-in-quantum-computing-and-supercomputing/  | ✓ | ⏱: 3.02s 
[12:45:16 +9s | thequantuminsider_2024_01_16_quera_and_pawsey_partner_to_drive_innovation_in_quantum_comp_9e7dee30] Saved: crawl_output/37b9eaf27d_thequantuminsider.com_2024_01_16_quera-and-pawsey-partner-to-drive-innovation-in-quantum-computing-and-supercomputing.json

[12:45:16 +9s | thequantuminsider_2024_01_16_quera_and_pawsey_partner_to_drive_innovation_in_quantum_comp_9e7dee30] === 1 actor extraction ===
[12:45:16 +9s | thequantuminsider_2024_01_16_quera_and_pawsey_partner_to_drive_innovation_in_quantum_comp_9e7dee30] Reading page (1/1): https://thequantuminsider.com/2024/01/16/quera-and-pawsey-partner-to-drive-innovation-in-quantum-computing-and-supercomputing
[12:45:16 +9s | thequantuminsider_2024_01_16_quera_and_pawsey_partner_to_drive_innovation_in_quantum_comp_9e7dee30] Extracting actors: https://thequantuminsider.com/2024/01/16/quera-and-pawsey-partner-to-drive-innovation-in-quantum-computing-and-supercomputing (1/1), chunk 1/36
[12:45:24 +16s | thequantuminsider_2024_01_16_quera_and_pawsey_partner_to_drive_innovation_in_quantum_comp_9e7dee30] Repaired malformed JSON.
[12:45:24 +16s | thequantuminsider_2024_01_16_quera_and_pawsey_partner_to_drive_innovation_in_quantum_comp_9e7dee30] Extracting actors: https://thequantuminsider.com/2024/01/16/quera-and-pawsey-partner-to-drive-innovation-in-quantum-computing-and-supercomputing (1/1), chunk 2/36
[12:45:30 +23s | thequantuminsider_2024_01_16_quera_and_pawsey_partner_to_drive_innovation_in_quantum_comp_9e7dee30] Repaired malformed JSON.
[12:45:30 +23s | thequantuminsider_2024_01_16_quera_and_pawsey_partner_to_drive_innovation_in_quantum_comp_9e7dee30] Extracting actors: https://thequantuminsider.com/2024/01/16/quera-and-pawsey-partner-to-drive-innovation-in-quantum-computing-and-supercomputing (1/1), chunk 3/36
[12:45:34 +27s | thequantuminsider_2024_01_16_quera_and_pawsey_partner_to_drive_innovation_in_quantum_comp_9e7dee30] Extracting actors: https://thequantuminsider.com/2024/01/16/quera-and-pawsey-partner-to-drive-innovation-in-quantum-computing-and-supercomputing (1/1), chunk 4/36
[12:45:41 +34s | thequantuminsider_2024_01_16_quera_and_pawsey_partner_to_drive_innovation_in_quantum_comp_9e7dee30] Repaired malformed JSON.
[12:45:41 +34s | thequantuminsider_2024_01_16_quera_and_pawsey_partner_to_drive_innovation_in_quantum_comp_9e7dee30] Extracting actors: https://thequantuminsider.com/2024/01/16/quera-and-pawsey-partner-to-drive-innovation-in-quantum-computing-and-supercomputing (1/1), chunk 5/36
[12:45:47 +40s | thequantuminsider_2024_01_16_quera_and_pawsey_partner_to_drive_innovation_in_quantum_comp_9e7dee30] Repaired malformed JSON.
[12:45:47 +40s | thequantuminsider_2024_01_16_quera_and_pawsey_partner_to_drive_innovation_in_quantum_comp_9e7dee30] Extracting actors: https://thequantuminsider.com/2024/01/16/quera-and-pawsey-partner-to-drive-innovation-in-quantum-computing-and-supercomputing (1/1), chunk 6/36
[12:45:54 +46s | thequantuminsider_2024_01_16_quera_and_pawsey_partner_to_drive_innovation_in_quantum_comp_9e7dee30] Repaired malformed JSON.
[12:45:54 +46s | thequantuminsider_2024_01_16_quera_and_pawsey_partner_to_drive_innovation_in_quantum_comp_9e7dee30] Extracting actors: https://thequantuminsider.com/2024/01/16/quera-and-pawsey-partner-to-drive-innovation-in-quantum-computing-and-supercomputing (1/1), chunk 7/36
[12:46:01 +54s | thequantuminsider_2024_01_16_quera_and_pawsey_partner_to_drive_innovation_in_quantum_comp_9e7dee30] Repaired malformed JSON.
[12:46:01 +54s | thequantuminsider_2024_01_16_quera_and_pawsey_partner_to_drive_innovation_in_quantum_comp_9e7dee30] Extracting actors: https://thequantuminsider.com/2024/01/16/quera-and-pawsey-partner-to-drive-innovation-in-quantum-computing-and-supercomputing (1/1), chunk 8/36
[12:46:07 +1m 0s | thequantuminsider_2024_01_16_quera_and_pawsey_partner_to_drive_innovation_in_quantum_comp_9e7dee30] Repaired malformed JSON.
[12:46:07 +1m 0s | thequantuminsider_2024_01_16_quera_and_pawsey_partner_to_drive_innovation_in_quantum_comp_9e7dee30] Extracting actors: https://thequantuminsider.com/2024/01/16/quera-and-pawsey-partner-to-drive-innovation-in-quantum-computing-and-supercomputing (1/1), chunk 9/36
[12:46:13 +1m 5s | thequantuminsider_2024_01_16_quera_and_pawsey_partner_to_drive_innovation_in_quantum_comp_9e7dee30] Extracting actors: https://thequantuminsider.com/2024/01/16/quera-and-pawsey-partner-to-drive-innovation-in-quantum-computing-and-supercomputing (1/1), chunk 10/36
[12:46:21 +1m 14s | thequantuminsider_2024_01_16_quera_and_pawsey_partner_to_drive_innovation_in_quantum_comp_9e7dee30] Repaired malformed JSON.
[12:46:21 +1m 14s | thequantuminsider_2024_01_16_quera_and_pawsey_partner_to_drive_innovation_in_quantum_comp_9e7dee30] Extracting actors: https://thequantuminsider.com/2024/01/16/quera-and-pawsey-partner-to-drive-innovation-in-quantum-computing-and-supercomputing (1/1), chunk 11/36
[12:46:28 +1m 21s | thequantuminsider_2024_01_16_quera_and_pawsey_partner_to_drive_innovation_in_quantum_comp_9e7dee30] Repaired malformed JSON.
[12:46:28 +1m 21s | thequantuminsider_2024_01_16_quera_and_pawsey_partner_to_drive_innovation_in_quantum_comp_9e7dee30] Extracting actors: https://thequantuminsider.com/2024/01/16/quera-and-pawsey-partner-to-drive-innovation-in-quantum-computing-and-supercomputing (1/1), chunk 12/36
[12:46:33 +1m 26s | thequantuminsider_2024_01_16_quera_and_pawsey_partner_to_drive_innovation_in_quantum_comp_9e7dee30] Repaired malformed JSON.
[12:46:33 +1m 26s | thequantuminsider_2024_01_16_quera_and_pawsey_partner_to_drive_innovation_in_quantum_comp_9e7dee30] Extracting actors: https://thequantuminsider.com/2024/01/16/quera-and-pawsey-partner-to-drive-innovation-in-quantum-computing-and-supercomputing (1/1), chunk 13/36
[12:46:42 +1m 35s | thequantuminsider_2024_01_16_quera_and_pawsey_partner_to_drive_innovation_in_quantum_comp_9e7dee30] Repaired malformed JSON.
[12:46:42 +1m 35s | thequantuminsider_2024_01_16_quera_and_pawsey_partner_to_drive_innovation_in_quantum_comp_9e7dee30] Extracting actors: https://thequantuminsider.com/2024/01/16/quera-and-pawsey-partner-to-drive-innovation-in-quantum-computing-and-supercomputing (1/1), chunk 14/36
[12:46:49 +1m 42s | thequantuminsider_2024_01_16_quera_and_pawsey_partner_to_drive_innovation_in_quantum_comp_9e7dee30] Repaired malformed JSON.
[12:46:49 +1m 42s | thequantuminsider_2024_01_16_quera_and_pawsey_partner_to_drive_innovation_in_quantum_comp_9e7dee30] Extracting actors: https://thequantuminsider.com/2024/01/16/quera-and-pawsey-partner-to-drive-innovation-in-quantum-computing-and-supercomputing (1/1), chunk 15/36
[12:46:56 +1m 49s | thequantuminsider_2024_01_16_quera_and_pawsey_partner_to_drive_innovation_in_quantum_comp_9e7dee30] Repaired malformed JSON.
[12:46:56 +1m 49s | thequantuminsider_2024_01_16_quera_and_pawsey_partner_to_drive_innovation_in_quantum_comp_9e7dee30] Extracting actors: https://thequantuminsider.com/2024/01/16/quera-and-pawsey-partner-to-drive-innovation-in-quantum-computing-and-supercomputing (1/1), chunk 16/36
[12:47:01 +1m 54s | thequantuminsider_2024_01_16_quera_and_pawsey_partner_to_drive_innovation_in_quantum_comp_9e7dee30] Repaired malformed JSON.
[12:47:01 +1m 54s | thequantuminsider_2024_01_16_quera_and_pawsey_partner_to_drive_innovation_in_quantum_comp_9e7dee30] Extracting actors: https://thequantuminsider.com/2024/01/16/quera-and-pawsey-partner-to-drive-innovation-in-quantum-computing-and-supercomputing (1/1), chunk 17/36
[12:47:07 +2m 0s | thequantuminsider_2024_01_16_quera_and_pawsey_partner_to_drive_innovation_in_quantum_comp_9e7dee30] Repaired malformed JSON.
[12:47:07 +2m 0s | thequantuminsider_2024_01_16_quera_and_pawsey_partner_to_drive_innovation_in_quantum_comp_9e7dee30] Extracting actors: https://thequantuminsider.com/2024/01/16/quera-and-pawsey-partner-to-drive-innovation-in-quantum-computing-and-supercomputing (1/1), chunk 18/36
[12:47:15 +2m 8s | thequantuminsider_2024_01_16_quera_and_pawsey_partner_to_drive_innovation_in_quantum_comp_9e7dee30] Repaired malformed JSON.
[12:47:15 +2m 8s | thequantuminsider_2024_01_16_quera_and_pawsey_partner_to_drive_innovation_in_quantum_comp_9e7dee30] Extracting actors: https://thequantuminsider.com/2024/01/16/quera-and-pawsey-partner-to-drive-innovation-in-quantum-computing-and-supercomputing (1/1), chunk 19/36
[12:47:25 +2m 18s | thequantuminsider_2024_01_16_quera_and_pawsey_partner_to_drive_innovation_in_quantum_comp_9e7dee30] Repaired malformed JSON.
[12:47:25 +2m 18s | thequantuminsider_2024_01_16_quera_and_pawsey_partner_to_drive_innovation_in_quantum_comp_9e7dee30] Extracting actors: https://thequantuminsider.com/2024/01/16/quera-and-pawsey-partner-to-drive-innovation-in-quantum-computing-and-supercomputing (1/1), chunk 20/36
[12:47:31 +2m 24s | thequantuminsider_2024_01_16_quera_and_pawsey_partner_to_drive_innovation_in_quantum_comp_9e7dee30] Repaired malformed JSON.
[12:47:31 +2m 24s | thequantuminsider_2024_01_16_quera_and_pawsey_partner_to_drive_innovation_in_quantum_comp_9e7dee30] Extracting actors: https://thequantuminsider.com/2024/01/16/quera-and-pawsey-partner-to-drive-innovation-in-quantum-computing-and-supercomputing (1/1), chunk 21/36
[12:47:38 +2m 31s | thequantuminsider_2024_01_16_quera_and_pawsey_partner_to_drive_innovation_in_quantum_comp_9e7dee30] Repaired malformed JSON.
[12:47:38 +2m 31s | thequantuminsider_2024_01_16_quera_and_pawsey_partner_to_drive_innovation_in_quantum_comp_9e7dee30] Extracting actors: https://thequantuminsider.com/2024/01/16/quera-and-pawsey-partner-to-drive-innovation-in-quantum-computing-and-supercomputing (1/1), chunk 22/36
[12:47:45 +2m 38s | thequantuminsider_2024_01_16_quera_and_pawsey_partner_to_drive_innovation_in_quantum_comp_9e7dee30] Repaired malformed JSON.
[12:47:45 +2m 38s | thequantuminsider_2024_01_16_quera_and_pawsey_partner_to_drive_innovation_in_quantum_comp_9e7dee30] Extracting actors: https://thequantuminsider.com/2024/01/16/quera-and-pawsey-partner-to-drive-innovation-in-quantum-computing-and-supercomputing (1/1), chunk 23/36
[12:47:55 +2m 48s | thequantuminsider_2024_01_16_quera_and_pawsey_partner_to_drive_innovation_in_quantum_comp_9e7dee30] Repaired malformed JSON.
[12:47:55 +2m 48s | thequantuminsider_2024_01_16_quera_and_pawsey_partner_to_drive_innovation_in_quantum_comp_9e7dee30] Extracting actors: https://thequantuminsider.com/2024/01/16/quera-and-pawsey-partner-to-drive-innovation-in-quantum-computing-and-supercomputing (1/1), chunk 24/36
[12:48:02 +2m 55s | thequantuminsider_2024_01_16_quera_and_pawsey_partner_to_drive_innovation_in_quantum_comp_9e7dee30] Extracting actors: https://thequantuminsider.com/2024/01/16/quera-and-pawsey-partner-to-drive-innovation-in-quantum-computing-and-supercomputing (1/1), chunk 25/36
[12:48:09 +3m 1s | thequantuminsider_2024_01_16_quera_and_pawsey_partner_to_drive_innovation_in_quantum_comp_9e7dee30] Repaired malformed JSON.
[12:48:09 +3m 1s | thequantuminsider_2024_01_16_quera_and_pawsey_partner_to_drive_innovation_in_quantum_comp_9e7dee30] Extracting actors: https://thequantuminsider.com/2024/01/16/quera-and-pawsey-partner-to-drive-innovation-in-quantum-computing-and-supercomputing (1/1), chunk 26/36
[12:48:14 +3m 7s | thequantuminsider_2024_01_16_quera_and_pawsey_partner_to_drive_innovation_in_quantum_comp_9e7dee30] Extracting actors: https://thequantuminsider.com/2024/01/16/quera-and-pawsey-partner-to-drive-innovation-in-quantum-computing-and-supercomputing (1/1), chunk 27/36
[12:48:18 +3m 11s | thequantuminsider_2024_01_16_quera_and_pawsey_partner_to_drive_innovation_in_quantum_comp_9e7dee30] Extracting actors: https://thequantuminsider.com/2024/01/16/quera-and-pawsey-partner-to-drive-innovation-in-quantum-computing-and-supercomputing (1/1), chunk 28/36
[12:48:20 +3m 13s | thequantuminsider_2024_01_16_quera_and_pawsey_partner_to_drive_innovation_in_quantum_comp_9e7dee30] Extracting actors: https://thequantuminsider.com/2024/01/16/quera-and-pawsey-partner-to-drive-innovation-in-quantum-computing-and-supercomputing (1/1), chunk 29/36
[12:48:27 +3m 20s | thequantuminsider_2024_01_16_quera_and_pawsey_partner_to_drive_innovation_in_quantum_comp_9e7dee30] Repaired malformed JSON.
[12:48:27 +3m 20s | thequantuminsider_2024_01_16_quera_and_pawsey_partner_to_drive_innovation_in_quantum_comp_9e7dee30] Extracting actors: https://thequantuminsider.com/2024/01/16/quera-and-pawsey-partner-to-drive-innovation-in-quantum-computing-and-supercomputing (1/1), chunk 30/36
[12:48:34 +3m 27s | thequantuminsider_2024_01_16_quera_and_pawsey_partner_to_drive_innovation_in_quantum_comp_9e7dee30] Repaired malformed JSON.
[12:48:34 +3m 27s | thequantuminsider_2024_01_16_quera_and_pawsey_partner_to_drive_innovation_in_quantum_comp_9e7dee30] Extracting actors: https://thequantuminsider.com/2024/01/16/quera-and-pawsey-partner-to-drive-innovation-in-quantum-computing-and-supercomputing (1/1), chunk 31/36
[12:48:41 +3m 34s | thequantuminsider_2024_01_16_quera_and_pawsey_partner_to_drive_innovation_in_quantum_comp_9e7dee30] Repaired malformed JSON.
[12:48:41 +3m 34s | thequantuminsider_2024_01_16_quera_and_pawsey_partner_to_drive_innovation_in_quantum_comp_9e7dee30] Extracting actors: https://thequantuminsider.com/2024/01/16/quera-and-pawsey-partner-to-drive-innovation-in-quantum-computing-and-supercomputing (1/1), chunk 32/36
[12:48:46 +3m 39s | thequantuminsider_2024_01_16_quera_and_pawsey_partner_to_drive_innovation_in_quantum_comp_9e7dee30] Repaired malformed JSON.
[12:48:46 +3m 39s | thequantuminsider_2024_01_16_quera_and_pawsey_partner_to_drive_innovation_in_quantum_comp_9e7dee30] Extracting actors: https://thequantuminsider.com/2024/01/16/quera-and-pawsey-partner-to-drive-innovation-in-quantum-computing-and-supercomputing (1/1), chunk 33/36
[12:48:54 +3m 47s | thequantuminsider_2024_01_16_quera_and_pawsey_partner_to_drive_innovation_in_quantum_comp_9e7dee30] Repaired malformed JSON.
[12:48:54 +3m 47s | thequantuminsider_2024_01_16_quera_and_pawsey_partner_to_drive_innovation_in_quantum_comp_9e7dee30] Extracting actors: https://thequantuminsider.com/2024/01/16/quera-and-pawsey-partner-to-drive-innovation-in-quantum-computing-and-supercomputing (1/1), chunk 34/36
[12:49:01 +3m 54s | thequantuminsider_2024_01_16_quera_and_pawsey_partner_to_drive_innovation_in_quantum_comp_9e7dee30] Repaired malformed JSON.
[12:49:01 +3m 54s | thequantuminsider_2024_01_16_quera_and_pawsey_partner_to_drive_innovation_in_quantum_comp_9e7dee30] Extracting actors: https://thequantuminsider.com/2024/01/16/quera-and-pawsey-partner-to-drive-innovation-in-quantum-computing-and-supercomputing (1/1), chunk 35/36
[12:49:07 +4m 0s | thequantuminsider_2024_01_16_quera_and_pawsey_partner_to_drive_innovation_in_quantum_comp_9e7dee30] Repaired malformed JSON.
[12:49:07 +4m 0s | thequantuminsider_2024_01_16_quera_and_pawsey_partner_to_drive_innovation_in_quantum_comp_9e7dee30] Extracting actors: https://thequantuminsider.com/2024/01/16/quera-and-pawsey-partner-to-drive-innovation-in-quantum-computing-and-supercomputing (1/1), chunk 36/36
[12:49:15 +4m 8s | thequantuminsider_2024_01_16_quera_and_pawsey_partner_to_drive_innovation_in_quantum_comp_9e7dee30] Repaired malformed JSON.
[12:49:15 +4m 8s | thequantuminsider_2024_01_16_quera_and_pawsey_partner_to_drive_innovation_in_quantum_comp_9e7dee30] Saved 1_actor_results.json with 61 extracted records

[12:49:15 +4m 8s | thequantuminsider_2024_01_16_quera_and_pawsey_partner_to_drive_innovation_in_quantum_comp_9e7dee30] === 2 clean actors ===
[12:49:15 +4m 8s | thequantuminsider_2024_01_16_quera_and_pawsey_partner_to_drive_innovation_in_quantum_comp_9e7dee30] Loaded 61 extracted records
[12:49:15 +4m 8s | thequantuminsider_2024_01_16_quera_and_pawsey_partner_to_drive_innovation_in_quantum_comp_9e7dee30] Saved 2_actor_nodes.json with 19 canonical actor nodes

[12:49:15 +4m 8s | thequantuminsider_2024_01_16_quera_and_pawsey_partner_to_drive_innovation_in_quantum_comp_9e7dee30] === 3 interaction extraction ===
[12:49:15 +4m 8s | thequantuminsider_2024_01_16_quera_and_pawsey_partner_to_drive_innovation_in_quantum_comp_9e7dee30] Extracting interactions: https://thequantuminsider.com/2024/01/16/quera-and-pawsey-partner-to-drive-innovation-in-quantum-computing-and-supercomputing (1/1), chunk 11/36
[12:49:24 +4m 17s | thequantuminsider_2024_01_16_quera_and_pawsey_partner_to_drive_innovation_in_quantum_comp_9e7dee30] Extracting interactions: https://thequantuminsider.com/2024/01/16/quera-and-pawsey-partner-to-drive-innovation-in-quantum-computing-and-supercomputing (1/1), chunk 12/36
[12:49:45 +4m 38s | thequantuminsider_2024_01_16_quera_and_pawsey_partner_to_drive_innovation_in_quantum_comp_9e7dee30] Extracting interactions: https://thequantuminsider.com/2024/01/16/quera-and-pawsey-partner-to-drive-innovation-in-quantum-computing-and-supercomputing (1/1), chunk 13/36
[12:50:07 +5m 0s | thequantuminsider_2024_01_16_quera_and_pawsey_partner_to_drive_innovation_in_quantum_comp_9e7dee30] Extracting interactions: https://thequantuminsider.com/2024/01/16/quera-and-pawsey-partner-to-drive-innovation-in-quantum-computing-and-supercomputing (1/1), chunk 14/36
[12:50:13 +5m 6s | thequantuminsider_2024_01_16_quera_and_pawsey_partner_to_drive_innovation_in_quantum_comp_9e7dee30] Extracting interactions: https://thequantuminsider.com/2024/01/16/quera-and-pawsey-partner-to-drive-innovation-in-quantum-computing-and-supercomputing (1/1), chunk 15/36
[12:50:22 +5m 15s | thequantuminsider_2024_01_16_quera_and_pawsey_partner_to_drive_innovation_in_quantum_comp_9e7dee30] Extracting interactions: https://thequantuminsider.com/2024/01/16/quera-and-pawsey-partner-to-drive-innovation-in-quantum-computing-and-supercomputing (1/1), chunk 16/36
[12:50:23 +5m 16s | thequantuminsider_2024_01_16_quera_and_pawsey_partner_to_drive_innovation_in_quantum_comp_9e7dee30] Extracting interactions: https://thequantuminsider.com/2024/01/16/quera-and-pawsey-partner-to-drive-innovation-in-quantum-computing-and-supercomputing (1/1), chunk 17/36
[12:50:29 +5m 22s | thequantuminsider_2024_01_16_quera_and_pawsey_partner_to_drive_innovation_in_quantum_comp_9e7dee30] Extracting interactions: https://thequantuminsider.com/2024/01/16/quera-and-pawsey-partner-to-drive-innovation-in-quantum-computing-and-supercomputing (1/1), chunk 18/36
[12:50:31 +5m 24s | thequantuminsider_2024_01_16_quera_and_pawsey_partner_to_drive_innovation_in_quantum_comp_9e7dee30] Extracting interactions: https://thequantuminsider.com/2024/01/16/quera-and-pawsey-partner-to-drive-innovation-in-quantum-computing-and-supercomputing (1/1), chunk 19/36
[12:50:35 +5m 28s | thequantuminsider_2024_01_16_quera_and_pawsey_partner_to_drive_innovation_in_quantum_comp_9e7dee30] Extracting interactions: https://thequantuminsider.com/2024/01/16/quera-and-pawsey-partner-to-drive-innovation-in-quantum-computing-and-supercomputing (1/1), chunk 20/36
[12:50:38 +5m 31s | thequantuminsider_2024_01_16_quera_and_pawsey_partner_to_drive_innovation_in_quantum_comp_9e7dee30] Extracting interactions: https://thequantuminsider.com/2024/01/16/quera-and-pawsey-partner-to-drive-innovation-in-quantum-computing-and-supercomputing (1/1), chunk 21/36
[12:50:42 +5m 35s | thequantuminsider_2024_01_16_quera_and_pawsey_partner_to_drive_innovation_in_quantum_comp_9e7dee30] Extracting interactions: https://thequantuminsider.com/2024/01/16/quera-and-pawsey-partner-to-drive-innovation-in-quantum-computing-and-supercomputing (1/1), chunk 22/36
[12:50:48 +5m 41s | thequantuminsider_2024_01_16_quera_and_pawsey_partner_to_drive_innovation_in_quantum_comp_9e7dee30] Extracting interactions: https://thequantuminsider.com/2024/01/16/quera-and-pawsey-partner-to-drive-innovation-in-quantum-computing-and-supercomputing (1/1), chunk 25/36
[12:50:52 +5m 45s | thequantuminsider_2024_01_16_quera_and_pawsey_partner_to_drive_innovation_in_quantum_comp_9e7dee30] Extracting interactions: https://thequantuminsider.com/2024/01/16/quera-and-pawsey-partner-to-drive-innovation-in-quantum-computing-and-supercomputing (1/1), chunk 26/36
[12:50:53 +5m 46s | thequantuminsider_2024_01_16_quera_and_pawsey_partner_to_drive_innovation_in_quantum_comp_9e7dee30] Extracting interactions: https://thequantuminsider.com/2024/01/16/quera-and-pawsey-partner-to-drive-innovation-in-quantum-computing-and-supercomputing (1/1), chunk 27/36
[12:50:55 +5m 48s | thequantuminsider_2024_01_16_quera_and_pawsey_partner_to_drive_innovation_in_quantum_comp_9e7dee30] Extracting interactions: https://thequantuminsider.com/2024/01/16/quera-and-pawsey-partner-to-drive-innovation-in-quantum-computing-and-supercomputing (1/1), chunk 29/36
[12:50:56 +5m 49s | thequantuminsider_2024_01_16_quera_and_pawsey_partner_to_drive_innovation_in_quantum_comp_9e7dee30] Extracting interactions: https://thequantuminsider.com/2024/01/16/quera-and-pawsey-partner-to-drive-innovation-in-quantum-computing-and-supercomputing (1/1), chunk 30/36
[12:50:58 +5m 51s | thequantuminsider_2024_01_16_quera_and_pawsey_partner_to_drive_innovation_in_quantum_comp_9e7dee30] Extracting interactions: https://thequantuminsider.com/2024/01/16/quera-and-pawsey-partner-to-drive-innovation-in-quantum-computing-and-supercomputing (1/1), chunk 31/36
[12:50:59 +5m 52s | thequantuminsider_2024_01_16_quera_and_pawsey_partner_to_drive_innovation_in_quantum_comp_9e7dee30] Extracting interactions: https://thequantuminsider.com/2024/01/16/quera-and-pawsey-partner-to-drive-innovation-in-quantum-computing-and-supercomputing (1/1), chunk 32/36
[12:51:01 +5m 54s | thequantuminsider_2024_01_16_quera_and_pawsey_partner_to_drive_innovation_in_quantum_comp_9e7dee30] Extracting interactions: https://thequantuminsider.com/2024/01/16/quera-and-pawsey-partner-to-drive-innovation-in-quantum-computing-and-supercomputing (1/1), chunk 34/36
[12:51:02 +5m 55s | thequantuminsider_2024_01_16_quera_and_pawsey_partner_to_drive_innovation_in_quantum_comp_9e7dee30] Extracting interactions: https://thequantuminsider.com/2024/01/16/quera-and-pawsey-partner-to-drive-innovation-in-quantum-computing-and-supercomputing (1/1), chunk 35/36
[12:51:04 +5m 57s | thequantuminsider_2024_01_16_quera_and_pawsey_partner_to_drive_innovation_in_quantum_comp_9e7dee30] Extracting interactions: https://thequantuminsider.com/2024/01/16/quera-and-pawsey-partner-to-drive-innovation-in-quantum-computing-and-supercomputing (1/1), chunk 36/36
[12:51:05 +5m 58s | thequantuminsider_2024_01_16_quera_and_pawsey_partner_to_drive_innovation_in_quantum_comp_9e7dee30] Saved 3_interaction_results.json with 24 extracted interactions.

[12:51:05 +5m 58s | thequantuminsider_2024_01_16_quera_and_pawsey_partner_to_drive_innovation_in_quantum_comp_9e7dee30] === 4 clean interactions ===
[12:51:05 +5m 58s | thequantuminsider_2024_01_16_quera_and_pawsey_partner_to_drive_innovation_in_quantum_comp_9e7dee30] Saved 4_edges.json with 9 cleaned interactions.

[12:51:05 +5m 58s | thequantuminsider_2024_01_16_quera_and_pawsey_partner_to_drive_innovation_in_quantum_comp_9e7dee30] === 5 helix enrichment ===
[12:51:05 +5m 58s | thequantuminsider_2024_01_16_quera_and_pawsey_partner_to_drive_innovation_in_quantum_comp_9e7dee30] Wrote 5_nodes.json (19 actors)
[12:51:05 +5m 58s | thequantuminsider_2024_01_16_quera_and_pawsey_partner_to_drive_innovation_in_quantum_comp_9e7dee30] Wrote 5_edges.json (9 interactions)
[12:51:05 +5m 58s | thequantuminsider_2024_01_16_quera_and_pawsey_partner_to_drive_innovation_in_quantum_comp_9e7dee30] Actor helix counts: {'Academia': 4, 'Civil Society': 3, 'Industry': 5, 'Unknown': 7}
[12:51:05 +5m 58s | thequantuminsider_2024_01_16_quera_and_pawsey_partner_to_drive_innovation_in_quantum_comp_9e7dee30] Functional-space counts: {'Innovation': 4, 'Intra-helix / Not classified': 5}

[12:51:05 +5m 58s | thequantuminsider_2024_01_16_quera_and_pawsey_partner_to_drive_innovation_in_quantum_comp_9e7dee30] === 6 network visualisation ===
[12:51:06 +5m 59s | thequantuminsider_2024_01_16_quera_and_pawsey_partner_to_drive_innovation_in_quantum_comp_9e7dee30] Wrote quantum_network.html
[12:51:06 +5m 59s | thequantuminsider_2024_01_16_quera_and_pawsey_partner_to_drive_innovation_in_quantum_comp_9e7dee30] Nodes: 19
[12:51:06 +5m 59s | thequantuminsider_2024_01_16_quera_and_pawsey_partner_to_drive_innovation_in_quantum_comp_9e7dee30] Edges: 3

[12:51:06 +5m 59s | thequantuminsider_2024_01_16_quera_and_pawsey_partner_to_drive_innovation_in_quantum_comp_9e7dee30] Done. Outputs written to: /home/lv/IDP/idpdeeptech/pipeline/news_outputs/thequantuminsider_2024_01_16_quera_and_pawsey_partner_to_drive_innovation_in_quantum_comp_9e7dee30
[12:51:06 +5m 59s | thequantuminsider_2024_01_16_quera_and_pawsey_partner_to_drive_innovation_in_quantum_comp_9e7dee30] Log: /home/lv/IDP/idpdeeptech/pipeline/news_outputs/thequantuminsider_2024_01_16_quera_and_pawsey_partner_to_drive_innovation_in_quantum_comp_9e7dee30/run.log

========================================================================
RUN FINISHED 2026-07-02 12:51:06  (OK)
Started:     2026-07-02 12:45:07
Elapsed:     5m 59s
========================================================================
