
========================================================================
RUN STARTED  2026-07-02 06:42:59
site_pipeline.py https://thequantuminsider.com/2024/03/26/orangeqs-accelerates-roadmap-to-serve-industrial-quantum-chip-production-and-developmen/
========================================================================

[06:42:59 +0s | thequantuminsider_2024_03_26_orangeqs_accelerates_roadmap_to_serve_industrial_quantum_chi_f3f271ef] === 0 crawl site ===
[06:43:01 +1s | thequantuminsider_2024_03_26_orangeqs_accelerates_roadmap_to_serve_industrial_quantum_chi_f3f271ef] [INIT].... → Crawl4AI 0.8.6 
[06:43:03 +3s | thequantuminsider_2024_03_26_orangeqs_accelerates_roadmap_to_serve_industrial_quantum_chi_f3f271ef] [FETCH]... ↓ https://thequantuminsider.com/2024/03/26/orangeq...dustrial-quantum-chip-production-and-developmen/  | ✓ | ⏱: 1.87s 
[06:43:03 +3s | thequantuminsider_2024_03_26_orangeqs_accelerates_roadmap_to_serve_industrial_quantum_chi_f3f271ef] [SCRAPE].. ◆ https://thequantuminsider.com/2024/03/26/orangeq...dustrial-quantum-chip-production-and-developmen/  | ✓ | ⏱: 0.10s 
[06:43:03 +3s | thequantuminsider_2024_03_26_orangeqs_accelerates_roadmap_to_serve_industrial_quantum_chi_f3f271ef] [COMPLETE] ● https://thequantuminsider.com/2024/03/26/orangeq...dustrial-quantum-chip-production-and-developmen/  | ✓ | ⏱: 1.99s 
[06:43:03 +3s | thequantuminsider_2024_03_26_orangeqs_accelerates_roadmap_to_serve_industrial_quantum_chi_f3f271ef] Saved: crawl_output/828c7fb628_thequantuminsider.com_2024_03_26_orangeqs-accelerates-roadmap-to-serve-industrial-quantum-chip-production-and-developmen.json

[06:43:03 +4s | thequantuminsider_2024_03_26_orangeqs_accelerates_roadmap_to_serve_industrial_quantum_chi_f3f271ef] === 1 actor extraction ===
[06:43:03 +4s | thequantuminsider_2024_03_26_orangeqs_accelerates_roadmap_to_serve_industrial_quantum_chi_f3f271ef] Reading page (1/1): https://thequantuminsider.com/2024/03/26/orangeqs-accelerates-roadmap-to-serve-industrial-quantum-chip-production-and-developmen
[06:43:03 +4s | thequantuminsider_2024_03_26_orangeqs_accelerates_roadmap_to_serve_industrial_quantum_chi_f3f271ef] Extracting actors: https://thequantuminsider.com/2024/03/26/orangeqs-accelerates-roadmap-to-serve-industrial-quantum-chip-production-and-developmen (1/1), chunk 1/38
[06:43:10 +11s | thequantuminsider_2024_03_26_orangeqs_accelerates_roadmap_to_serve_industrial_quantum_chi_f3f271ef] Extracting actors: https://thequantuminsider.com/2024/03/26/orangeqs-accelerates-roadmap-to-serve-industrial-quantum-chip-production-and-developmen (1/1), chunk 2/38
[06:43:14 +15s | thequantuminsider_2024_03_26_orangeqs_accelerates_roadmap_to_serve_industrial_quantum_chi_f3f271ef] Extracting actors: https://thequantuminsider.com/2024/03/26/orangeqs-accelerates-roadmap-to-serve-industrial-quantum-chip-production-and-developmen (1/1), chunk 3/38
[06:43:18 +19s | thequantuminsider_2024_03_26_orangeqs_accelerates_roadmap_to_serve_industrial_quantum_chi_f3f271ef] Extracting actors: https://thequantuminsider.com/2024/03/26/orangeqs-accelerates-roadmap-to-serve-industrial-quantum-chip-production-and-developmen (1/1), chunk 4/38
[06:43:23 +23s | thequantuminsider_2024_03_26_orangeqs_accelerates_roadmap_to_serve_industrial_quantum_chi_f3f271ef] Extracting actors: https://thequantuminsider.com/2024/03/26/orangeqs-accelerates-roadmap-to-serve-industrial-quantum-chip-production-and-developmen (1/1), chunk 5/38
[06:43:28 +29s | thequantuminsider_2024_03_26_orangeqs_accelerates_roadmap_to_serve_industrial_quantum_chi_f3f271ef] Extracting actors: https://thequantuminsider.com/2024/03/26/orangeqs-accelerates-roadmap-to-serve-industrial-quantum-chip-production-and-developmen (1/1), chunk 6/38
[06:43:33 +33s | thequantuminsider_2024_03_26_orangeqs_accelerates_roadmap_to_serve_industrial_quantum_chi_f3f271ef] Extracting actors: https://thequantuminsider.com/2024/03/26/orangeqs-accelerates-roadmap-to-serve-industrial-quantum-chip-production-and-developmen (1/1), chunk 7/38
[06:43:42 +43s | thequantuminsider_2024_03_26_orangeqs_accelerates_roadmap_to_serve_industrial_quantum_chi_f3f271ef] Extracting actors: https://thequantuminsider.com/2024/03/26/orangeqs-accelerates-roadmap-to-serve-industrial-quantum-chip-production-and-developmen (1/1), chunk 8/38
[06:43:46 +47s | thequantuminsider_2024_03_26_orangeqs_accelerates_roadmap_to_serve_industrial_quantum_chi_f3f271ef] Extracting actors: https://thequantuminsider.com/2024/03/26/orangeqs-accelerates-roadmap-to-serve-industrial-quantum-chip-production-and-developmen (1/1), chunk 9/38
[06:43:51 +51s | thequantuminsider_2024_03_26_orangeqs_accelerates_roadmap_to_serve_industrial_quantum_chi_f3f271ef] Extracting actors: https://thequantuminsider.com/2024/03/26/orangeqs-accelerates-roadmap-to-serve-industrial-quantum-chip-production-and-developmen (1/1), chunk 10/38
[06:43:55 +56s | thequantuminsider_2024_03_26_orangeqs_accelerates_roadmap_to_serve_industrial_quantum_chi_f3f271ef] Extracting actors: https://thequantuminsider.com/2024/03/26/orangeqs-accelerates-roadmap-to-serve-industrial-quantum-chip-production-and-developmen (1/1), chunk 11/38
[06:44:01 +1m 1s | thequantuminsider_2024_03_26_orangeqs_accelerates_roadmap_to_serve_industrial_quantum_chi_f3f271ef] Repaired malformed JSON.
[06:44:01 +1m 1s | thequantuminsider_2024_03_26_orangeqs_accelerates_roadmap_to_serve_industrial_quantum_chi_f3f271ef] Extracting actors: https://thequantuminsider.com/2024/03/26/orangeqs-accelerates-roadmap-to-serve-industrial-quantum-chip-production-and-developmen (1/1), chunk 12/38
[06:44:08 +1m 8s | thequantuminsider_2024_03_26_orangeqs_accelerates_roadmap_to_serve_industrial_quantum_chi_f3f271ef] Repaired malformed JSON.
[06:44:08 +1m 8s | thequantuminsider_2024_03_26_orangeqs_accelerates_roadmap_to_serve_industrial_quantum_chi_f3f271ef] Extracting actors: https://thequantuminsider.com/2024/03/26/orangeqs-accelerates-roadmap-to-serve-industrial-quantum-chip-production-and-developmen (1/1), chunk 13/38
[06:44:15 +1m 15s | thequantuminsider_2024_03_26_orangeqs_accelerates_roadmap_to_serve_industrial_quantum_chi_f3f271ef] Repaired malformed JSON.
[06:44:15 +1m 15s | thequantuminsider_2024_03_26_orangeqs_accelerates_roadmap_to_serve_industrial_quantum_chi_f3f271ef] Extracting actors: https://thequantuminsider.com/2024/03/26/orangeqs-accelerates-roadmap-to-serve-industrial-quantum-chip-production-and-developmen (1/1), chunk 14/38
[06:44:23 +1m 23s | thequantuminsider_2024_03_26_orangeqs_accelerates_roadmap_to_serve_industrial_quantum_chi_f3f271ef] Repaired malformed JSON.
[06:44:23 +1m 23s | thequantuminsider_2024_03_26_orangeqs_accelerates_roadmap_to_serve_industrial_quantum_chi_f3f271ef] Extracting actors: https://thequantuminsider.com/2024/03/26/orangeqs-accelerates-roadmap-to-serve-industrial-quantum-chip-production-and-developmen (1/1), chunk 15/38
[06:44:30 +1m 31s | thequantuminsider_2024_03_26_orangeqs_accelerates_roadmap_to_serve_industrial_quantum_chi_f3f271ef] Repaired malformed JSON.
[06:44:30 +1m 31s | thequantuminsider_2024_03_26_orangeqs_accelerates_roadmap_to_serve_industrial_quantum_chi_f3f271ef] Extracting actors: https://thequantuminsider.com/2024/03/26/orangeqs-accelerates-roadmap-to-serve-industrial-quantum-chip-production-and-developmen (1/1), chunk 16/38
[06:44:36 +1m 37s | thequantuminsider_2024_03_26_orangeqs_accelerates_roadmap_to_serve_industrial_quantum_chi_f3f271ef] Repaired malformed JSON.
[06:44:36 +1m 37s | thequantuminsider_2024_03_26_orangeqs_accelerates_roadmap_to_serve_industrial_quantum_chi_f3f271ef] Extracting actors: https://thequantuminsider.com/2024/03/26/orangeqs-accelerates-roadmap-to-serve-industrial-quantum-chip-production-and-developmen (1/1), chunk 17/38
[06:44:44 +1m 45s | thequantuminsider_2024_03_26_orangeqs_accelerates_roadmap_to_serve_industrial_quantum_chi_f3f271ef] Repaired malformed JSON.
[06:44:44 +1m 45s | thequantuminsider_2024_03_26_orangeqs_accelerates_roadmap_to_serve_industrial_quantum_chi_f3f271ef] Extracting actors: https://thequantuminsider.com/2024/03/26/orangeqs-accelerates-roadmap-to-serve-industrial-quantum-chip-production-and-developmen (1/1), chunk 18/38
[06:44:51 +1m 51s | thequantuminsider_2024_03_26_orangeqs_accelerates_roadmap_to_serve_industrial_quantum_chi_f3f271ef] Repaired malformed JSON.
[06:44:51 +1m 51s | thequantuminsider_2024_03_26_orangeqs_accelerates_roadmap_to_serve_industrial_quantum_chi_f3f271ef] Extracting actors: https://thequantuminsider.com/2024/03/26/orangeqs-accelerates-roadmap-to-serve-industrial-quantum-chip-production-and-developmen (1/1), chunk 19/38
[06:44:59 +1m 59s | thequantuminsider_2024_03_26_orangeqs_accelerates_roadmap_to_serve_industrial_quantum_chi_f3f271ef] Repaired malformed JSON.
[06:44:59 +1m 59s | thequantuminsider_2024_03_26_orangeqs_accelerates_roadmap_to_serve_industrial_quantum_chi_f3f271ef] Extracting actors: https://thequantuminsider.com/2024/03/26/orangeqs-accelerates-roadmap-to-serve-industrial-quantum-chip-production-and-developmen (1/1), chunk 20/38
[06:45:07 +2m 8s | thequantuminsider_2024_03_26_orangeqs_accelerates_roadmap_to_serve_industrial_quantum_chi_f3f271ef] Repaired malformed JSON.
[06:45:07 +2m 8s | thequantuminsider_2024_03_26_orangeqs_accelerates_roadmap_to_serve_industrial_quantum_chi_f3f271ef] Extracting actors: https://thequantuminsider.com/2024/03/26/orangeqs-accelerates-roadmap-to-serve-industrial-quantum-chip-production-and-developmen (1/1), chunk 21/38
[06:45:13 +2m 13s | thequantuminsider_2024_03_26_orangeqs_accelerates_roadmap_to_serve_industrial_quantum_chi_f3f271ef] Repaired malformed JSON.
[06:45:13 +2m 13s | thequantuminsider_2024_03_26_orangeqs_accelerates_roadmap_to_serve_industrial_quantum_chi_f3f271ef] Extracting actors: https://thequantuminsider.com/2024/03/26/orangeqs-accelerates-roadmap-to-serve-industrial-quantum-chip-production-and-developmen (1/1), chunk 22/38
[06:45:19 +2m 20s | thequantuminsider_2024_03_26_orangeqs_accelerates_roadmap_to_serve_industrial_quantum_chi_f3f271ef] Repaired malformed JSON.
[06:45:19 +2m 20s | thequantuminsider_2024_03_26_orangeqs_accelerates_roadmap_to_serve_industrial_quantum_chi_f3f271ef] Extracting actors: https://thequantuminsider.com/2024/03/26/orangeqs-accelerates-roadmap-to-serve-industrial-quantum-chip-production-and-developmen (1/1), chunk 23/38
[06:45:27 +2m 28s | thequantuminsider_2024_03_26_orangeqs_accelerates_roadmap_to_serve_industrial_quantum_chi_f3f271ef] Repaired malformed JSON.
[06:45:27 +2m 28s | thequantuminsider_2024_03_26_orangeqs_accelerates_roadmap_to_serve_industrial_quantum_chi_f3f271ef] Extracting actors: https://thequantuminsider.com/2024/03/26/orangeqs-accelerates-roadmap-to-serve-industrial-quantum-chip-production-and-developmen (1/1), chunk 24/38
[06:45:35 +2m 35s | thequantuminsider_2024_03_26_orangeqs_accelerates_roadmap_to_serve_industrial_quantum_chi_f3f271ef] Repaired malformed JSON.
[06:45:35 +2m 35s | thequantuminsider_2024_03_26_orangeqs_accelerates_roadmap_to_serve_industrial_quantum_chi_f3f271ef] Extracting actors: https://thequantuminsider.com/2024/03/26/orangeqs-accelerates-roadmap-to-serve-industrial-quantum-chip-production-and-developmen (1/1), chunk 25/38
[06:45:40 +2m 41s | thequantuminsider_2024_03_26_orangeqs_accelerates_roadmap_to_serve_industrial_quantum_chi_f3f271ef] Repaired malformed JSON.
[06:45:40 +2m 41s | thequantuminsider_2024_03_26_orangeqs_accelerates_roadmap_to_serve_industrial_quantum_chi_f3f271ef] Extracting actors: https://thequantuminsider.com/2024/03/26/orangeqs-accelerates-roadmap-to-serve-industrial-quantum-chip-production-and-developmen (1/1), chunk 26/38
[06:45:45 +2m 45s | thequantuminsider_2024_03_26_orangeqs_accelerates_roadmap_to_serve_industrial_quantum_chi_f3f271ef] Extracting actors: https://thequantuminsider.com/2024/03/26/orangeqs-accelerates-roadmap-to-serve-industrial-quantum-chip-production-and-developmen (1/1), chunk 27/38
[06:45:53 +2m 54s | thequantuminsider_2024_03_26_orangeqs_accelerates_roadmap_to_serve_industrial_quantum_chi_f3f271ef] Repaired malformed JSON.
[06:45:53 +2m 54s | thequantuminsider_2024_03_26_orangeqs_accelerates_roadmap_to_serve_industrial_quantum_chi_f3f271ef] Extracting actors: https://thequantuminsider.com/2024/03/26/orangeqs-accelerates-roadmap-to-serve-industrial-quantum-chip-production-and-developmen (1/1), chunk 28/38
[06:45:58 +2m 58s | thequantuminsider_2024_03_26_orangeqs_accelerates_roadmap_to_serve_industrial_quantum_chi_f3f271ef] Extracting actors: https://thequantuminsider.com/2024/03/26/orangeqs-accelerates-roadmap-to-serve-industrial-quantum-chip-production-and-developmen (1/1), chunk 29/38
[06:46:05 +3m 5s | thequantuminsider_2024_03_26_orangeqs_accelerates_roadmap_to_serve_industrial_quantum_chi_f3f271ef] Extracting actors: https://thequantuminsider.com/2024/03/26/orangeqs-accelerates-roadmap-to-serve-industrial-quantum-chip-production-and-developmen (1/1), chunk 30/38
[06:46:14 +3m 14s | thequantuminsider_2024_03_26_orangeqs_accelerates_roadmap_to_serve_industrial_quantum_chi_f3f271ef] Repaired malformed JSON.
[06:46:14 +3m 14s | thequantuminsider_2024_03_26_orangeqs_accelerates_roadmap_to_serve_industrial_quantum_chi_f3f271ef] Extracting actors: https://thequantuminsider.com/2024/03/26/orangeqs-accelerates-roadmap-to-serve-industrial-quantum-chip-production-and-developmen (1/1), chunk 31/38
[06:46:20 +3m 21s | thequantuminsider_2024_03_26_orangeqs_accelerates_roadmap_to_serve_industrial_quantum_chi_f3f271ef] Repaired malformed JSON.
[06:46:20 +3m 21s | thequantuminsider_2024_03_26_orangeqs_accelerates_roadmap_to_serve_industrial_quantum_chi_f3f271ef] Extracting actors: https://thequantuminsider.com/2024/03/26/orangeqs-accelerates-roadmap-to-serve-industrial-quantum-chip-production-and-developmen (1/1), chunk 32/38
[06:46:31 +3m 31s | thequantuminsider_2024_03_26_orangeqs_accelerates_roadmap_to_serve_industrial_quantum_chi_f3f271ef] Repaired malformed JSON.
[06:46:31 +3m 31s | thequantuminsider_2024_03_26_orangeqs_accelerates_roadmap_to_serve_industrial_quantum_chi_f3f271ef] Extracting actors: https://thequantuminsider.com/2024/03/26/orangeqs-accelerates-roadmap-to-serve-industrial-quantum-chip-production-and-developmen (1/1), chunk 33/38
[06:46:36 +3m 37s | thequantuminsider_2024_03_26_orangeqs_accelerates_roadmap_to_serve_industrial_quantum_chi_f3f271ef] Repaired malformed JSON.
[06:46:36 +3m 37s | thequantuminsider_2024_03_26_orangeqs_accelerates_roadmap_to_serve_industrial_quantum_chi_f3f271ef] Extracting actors: https://thequantuminsider.com/2024/03/26/orangeqs-accelerates-roadmap-to-serve-industrial-quantum-chip-production-and-developmen (1/1), chunk 34/38
[06:46:43 +3m 44s | thequantuminsider_2024_03_26_orangeqs_accelerates_roadmap_to_serve_industrial_quantum_chi_f3f271ef] Repaired malformed JSON.
[06:46:43 +3m 44s | thequantuminsider_2024_03_26_orangeqs_accelerates_roadmap_to_serve_industrial_quantum_chi_f3f271ef] Extracting actors: https://thequantuminsider.com/2024/03/26/orangeqs-accelerates-roadmap-to-serve-industrial-quantum-chip-production-and-developmen (1/1), chunk 35/38
[06:46:50 +3m 51s | thequantuminsider_2024_03_26_orangeqs_accelerates_roadmap_to_serve_industrial_quantum_chi_f3f271ef] Repaired malformed JSON.
[06:46:50 +3m 51s | thequantuminsider_2024_03_26_orangeqs_accelerates_roadmap_to_serve_industrial_quantum_chi_f3f271ef] Extracting actors: https://thequantuminsider.com/2024/03/26/orangeqs-accelerates-roadmap-to-serve-industrial-quantum-chip-production-and-developmen (1/1), chunk 36/38
[06:46:59 +4m 0s | thequantuminsider_2024_03_26_orangeqs_accelerates_roadmap_to_serve_industrial_quantum_chi_f3f271ef] Repaired malformed JSON.
[06:46:59 +4m 0s | thequantuminsider_2024_03_26_orangeqs_accelerates_roadmap_to_serve_industrial_quantum_chi_f3f271ef] Extracting actors: https://thequantuminsider.com/2024/03/26/orangeqs-accelerates-roadmap-to-serve-industrial-quantum-chip-production-and-developmen (1/1), chunk 37/38
[06:47:06 +4m 7s | thequantuminsider_2024_03_26_orangeqs_accelerates_roadmap_to_serve_industrial_quantum_chi_f3f271ef] Repaired malformed JSON.
[06:47:06 +4m 7s | thequantuminsider_2024_03_26_orangeqs_accelerates_roadmap_to_serve_industrial_quantum_chi_f3f271ef] Extracting actors: https://thequantuminsider.com/2024/03/26/orangeqs-accelerates-roadmap-to-serve-industrial-quantum-chip-production-and-developmen (1/1), chunk 38/38
[06:47:12 +4m 12s | thequantuminsider_2024_03_26_orangeqs_accelerates_roadmap_to_serve_industrial_quantum_chi_f3f271ef] Repaired malformed JSON.
[06:47:12 +4m 12s | thequantuminsider_2024_03_26_orangeqs_accelerates_roadmap_to_serve_industrial_quantum_chi_f3f271ef] Saved 1_actor_results.json with 59 extracted records

[06:47:12 +4m 13s | thequantuminsider_2024_03_26_orangeqs_accelerates_roadmap_to_serve_industrial_quantum_chi_f3f271ef] === 2 clean actors ===
[06:47:12 +4m 13s | thequantuminsider_2024_03_26_orangeqs_accelerates_roadmap_to_serve_industrial_quantum_chi_f3f271ef] Loaded 59 extracted records
[06:47:12 +4m 13s | thequantuminsider_2024_03_26_orangeqs_accelerates_roadmap_to_serve_industrial_quantum_chi_f3f271ef] Saved 2_actor_nodes.json with 22 canonical actor nodes

[06:47:12 +4m 13s | thequantuminsider_2024_03_26_orangeqs_accelerates_roadmap_to_serve_industrial_quantum_chi_f3f271ef] === 3 interaction extraction ===
[06:47:12 +4m 13s | thequantuminsider_2024_03_26_orangeqs_accelerates_roadmap_to_serve_industrial_quantum_chi_f3f271ef] Extracting interactions: https://thequantuminsider.com/2024/03/26/orangeqs-accelerates-roadmap-to-serve-industrial-quantum-chip-production-and-developmen (1/1), chunk 11/38
[06:47:19 +4m 19s | thequantuminsider_2024_03_26_orangeqs_accelerates_roadmap_to_serve_industrial_quantum_chi_f3f271ef] Extracting interactions: https://thequantuminsider.com/2024/03/26/orangeqs-accelerates-roadmap-to-serve-industrial-quantum-chip-production-and-developmen (1/1), chunk 13/38
[06:47:24 +4m 24s | thequantuminsider_2024_03_26_orangeqs_accelerates_roadmap_to_serve_industrial_quantum_chi_f3f271ef] Extracting interactions: https://thequantuminsider.com/2024/03/26/orangeqs-accelerates-roadmap-to-serve-industrial-quantum-chip-production-and-developmen (1/1), chunk 14/38
[06:47:31 +4m 31s | thequantuminsider_2024_03_26_orangeqs_accelerates_roadmap_to_serve_industrial_quantum_chi_f3f271ef] Extracting interactions: https://thequantuminsider.com/2024/03/26/orangeqs-accelerates-roadmap-to-serve-industrial-quantum-chip-production-and-developmen (1/1), chunk 16/38
[06:47:36 +4m 36s | thequantuminsider_2024_03_26_orangeqs_accelerates_roadmap_to_serve_industrial_quantum_chi_f3f271ef] Extracting interactions: https://thequantuminsider.com/2024/03/26/orangeqs-accelerates-roadmap-to-serve-industrial-quantum-chip-production-and-developmen (1/1), chunk 17/38
[06:47:40 +4m 41s | thequantuminsider_2024_03_26_orangeqs_accelerates_roadmap_to_serve_industrial_quantum_chi_f3f271ef] Extracting interactions: https://thequantuminsider.com/2024/03/26/orangeqs-accelerates-roadmap-to-serve-industrial-quantum-chip-production-and-developmen (1/1), chunk 18/38
[06:47:42 +4m 43s | thequantuminsider_2024_03_26_orangeqs_accelerates_roadmap_to_serve_industrial_quantum_chi_f3f271ef] Extracting interactions: https://thequantuminsider.com/2024/03/26/orangeqs-accelerates-roadmap-to-serve-industrial-quantum-chip-production-and-developmen (1/1), chunk 19/38
[06:47:52 +4m 53s | thequantuminsider_2024_03_26_orangeqs_accelerates_roadmap_to_serve_industrial_quantum_chi_f3f271ef] Extracting interactions: https://thequantuminsider.com/2024/03/26/orangeqs-accelerates-roadmap-to-serve-industrial-quantum-chip-production-and-developmen (1/1), chunk 20/38
[06:48:07 +5m 7s | thequantuminsider_2024_03_26_orangeqs_accelerates_roadmap_to_serve_industrial_quantum_chi_f3f271ef] Extracting interactions: https://thequantuminsider.com/2024/03/26/orangeqs-accelerates-roadmap-to-serve-industrial-quantum-chip-production-and-developmen (1/1), chunk 21/38
[06:48:13 +5m 13s | thequantuminsider_2024_03_26_orangeqs_accelerates_roadmap_to_serve_industrial_quantum_chi_f3f271ef] Extracting interactions: https://thequantuminsider.com/2024/03/26/orangeqs-accelerates-roadmap-to-serve-industrial-quantum-chip-production-and-developmen (1/1), chunk 22/38
[06:48:28 +5m 28s | thequantuminsider_2024_03_26_orangeqs_accelerates_roadmap_to_serve_industrial_quantum_chi_f3f271ef] Extracting interactions: https://thequantuminsider.com/2024/03/26/orangeqs-accelerates-roadmap-to-serve-industrial-quantum-chip-production-and-developmen (1/1), chunk 23/38
[06:48:40 +5m 40s | thequantuminsider_2024_03_26_orangeqs_accelerates_roadmap_to_serve_industrial_quantum_chi_f3f271ef] Extracting interactions: https://thequantuminsider.com/2024/03/26/orangeqs-accelerates-roadmap-to-serve-industrial-quantum-chip-production-and-developmen (1/1), chunk 24/38
[06:48:52 +5m 52s | thequantuminsider_2024_03_26_orangeqs_accelerates_roadmap_to_serve_industrial_quantum_chi_f3f271ef] Extracting interactions: https://thequantuminsider.com/2024/03/26/orangeqs-accelerates-roadmap-to-serve-industrial-quantum-chip-production-and-developmen (1/1), chunk 25/38
[06:48:53 +5m 54s | thequantuminsider_2024_03_26_orangeqs_accelerates_roadmap_to_serve_industrial_quantum_chi_f3f271ef] Extracting interactions: https://thequantuminsider.com/2024/03/26/orangeqs-accelerates-roadmap-to-serve-industrial-quantum-chip-production-and-developmen (1/1), chunk 27/38
[06:48:56 +5m 57s | thequantuminsider_2024_03_26_orangeqs_accelerates_roadmap_to_serve_industrial_quantum_chi_f3f271ef] Extracting interactions: https://thequantuminsider.com/2024/03/26/orangeqs-accelerates-roadmap-to-serve-industrial-quantum-chip-production-and-developmen (1/1), chunk 28/38
[06:48:58 +5m 59s | thequantuminsider_2024_03_26_orangeqs_accelerates_roadmap_to_serve_industrial_quantum_chi_f3f271ef] Extracting interactions: https://thequantuminsider.com/2024/03/26/orangeqs-accelerates-roadmap-to-serve-industrial-quantum-chip-production-and-developmen (1/1), chunk 29/38
[06:49:00 +6m 0s | thequantuminsider_2024_03_26_orangeqs_accelerates_roadmap_to_serve_industrial_quantum_chi_f3f271ef] Extracting interactions: https://thequantuminsider.com/2024/03/26/orangeqs-accelerates-roadmap-to-serve-industrial-quantum-chip-production-and-developmen (1/1), chunk 31/38
[06:49:01 +6m 1s | thequantuminsider_2024_03_26_orangeqs_accelerates_roadmap_to_serve_industrial_quantum_chi_f3f271ef] Extracting interactions: https://thequantuminsider.com/2024/03/26/orangeqs-accelerates-roadmap-to-serve-industrial-quantum-chip-production-and-developmen (1/1), chunk 32/38
[06:49:02 +6m 3s | thequantuminsider_2024_03_26_orangeqs_accelerates_roadmap_to_serve_industrial_quantum_chi_f3f271ef] Extracting interactions: https://thequantuminsider.com/2024/03/26/orangeqs-accelerates-roadmap-to-serve-industrial-quantum-chip-production-and-developmen (1/1), chunk 33/38
[06:49:04 +6m 5s | thequantuminsider_2024_03_26_orangeqs_accelerates_roadmap_to_serve_industrial_quantum_chi_f3f271ef] Extracting interactions: https://thequantuminsider.com/2024/03/26/orangeqs-accelerates-roadmap-to-serve-industrial-quantum-chip-production-and-developmen (1/1), chunk 34/38
[06:49:06 +6m 6s | thequantuminsider_2024_03_26_orangeqs_accelerates_roadmap_to_serve_industrial_quantum_chi_f3f271ef] Extracting interactions: https://thequantuminsider.com/2024/03/26/orangeqs-accelerates-roadmap-to-serve-industrial-quantum-chip-production-and-developmen (1/1), chunk 35/38
[06:49:08 +6m 8s | thequantuminsider_2024_03_26_orangeqs_accelerates_roadmap_to_serve_industrial_quantum_chi_f3f271ef] Extracting interactions: https://thequantuminsider.com/2024/03/26/orangeqs-accelerates-roadmap-to-serve-industrial-quantum-chip-production-and-developmen (1/1), chunk 36/38
[06:49:09 +6m 10s | thequantuminsider_2024_03_26_orangeqs_accelerates_roadmap_to_serve_industrial_quantum_chi_f3f271ef] Extracting interactions: https://thequantuminsider.com/2024/03/26/orangeqs-accelerates-roadmap-to-serve-industrial-quantum-chip-production-and-developmen (1/1), chunk 37/38
[06:49:11 +6m 11s | thequantuminsider_2024_03_26_orangeqs_accelerates_roadmap_to_serve_industrial_quantum_chi_f3f271ef] Extracting interactions: https://thequantuminsider.com/2024/03/26/orangeqs-accelerates-roadmap-to-serve-industrial-quantum-chip-production-and-developmen (1/1), chunk 38/38
[06:49:12 +6m 13s | thequantuminsider_2024_03_26_orangeqs_accelerates_roadmap_to_serve_industrial_quantum_chi_f3f271ef] Saved 3_interaction_results.json with 20 extracted interactions.

[06:49:12 +6m 13s | thequantuminsider_2024_03_26_orangeqs_accelerates_roadmap_to_serve_industrial_quantum_chi_f3f271ef] === 4 clean interactions ===
[06:49:12 +6m 13s | thequantuminsider_2024_03_26_orangeqs_accelerates_roadmap_to_serve_industrial_quantum_chi_f3f271ef] Saved 4_edges.json with 1 cleaned interactions.

[06:49:12 +6m 13s | thequantuminsider_2024_03_26_orangeqs_accelerates_roadmap_to_serve_industrial_quantum_chi_f3f271ef] === 5 helix enrichment ===
[06:49:12 +6m 13s | thequantuminsider_2024_03_26_orangeqs_accelerates_roadmap_to_serve_industrial_quantum_chi_f3f271ef] Wrote 5_nodes.json (22 actors)
[06:49:12 +6m 13s | thequantuminsider_2024_03_26_orangeqs_accelerates_roadmap_to_serve_industrial_quantum_chi_f3f271ef] Wrote 5_edges.json (1 interactions)
[06:49:12 +6m 13s | thequantuminsider_2024_03_26_orangeqs_accelerates_roadmap_to_serve_industrial_quantum_chi_f3f271ef] Actor helix counts: {'Academia': 1, 'Civil Society': 3, 'Government': 3, 'Industry': 5, 'Intermediary': 2, 'Unknown': 8}
[06:49:12 +6m 13s | thequantuminsider_2024_03_26_orangeqs_accelerates_roadmap_to_serve_industrial_quantum_chi_f3f271ef] Functional-space counts: {'Public': 1}

[06:49:12 +6m 13s | thequantuminsider_2024_03_26_orangeqs_accelerates_roadmap_to_serve_industrial_quantum_chi_f3f271ef] === 6 network visualisation ===
[06:49:12 +6m 13s | thequantuminsider_2024_03_26_orangeqs_accelerates_roadmap_to_serve_industrial_quantum_chi_f3f271ef] Wrote quantum_network.html
[06:49:12 +6m 13s | thequantuminsider_2024_03_26_orangeqs_accelerates_roadmap_to_serve_industrial_quantum_chi_f3f271ef] Nodes: 22
[06:49:12 +6m 13s | thequantuminsider_2024_03_26_orangeqs_accelerates_roadmap_to_serve_industrial_quantum_chi_f3f271ef] Edges: 1

[06:49:13 +6m 13s | thequantuminsider_2024_03_26_orangeqs_accelerates_roadmap_to_serve_industrial_quantum_chi_f3f271ef] Done. Outputs written to: /home/lv/IDP/idpdeeptech/pipeline/news_outputs/thequantuminsider_2024_03_26_orangeqs_accelerates_roadmap_to_serve_industrial_quantum_chi_f3f271ef
[06:49:13 +6m 13s | thequantuminsider_2024_03_26_orangeqs_accelerates_roadmap_to_serve_industrial_quantum_chi_f3f271ef] Log: /home/lv/IDP/idpdeeptech/pipeline/news_outputs/thequantuminsider_2024_03_26_orangeqs_accelerates_roadmap_to_serve_industrial_quantum_chi_f3f271ef/run.log

========================================================================
RUN FINISHED 2026-07-02 06:49:13  (OK)
Started:     2026-07-02 06:42:59
Elapsed:     6m 13s
========================================================================
