
========================================================================
RUN STARTED  2026-07-01 18:55:56
site_pipeline.py https://thequantuminsider.com/2020/04/19/archer-makes-quantum-computer-development-a-company-priority/
========================================================================

[18:55:56 +0s | thequantuminsider_2020_04_19_archer_makes_quantum_computer_development_a_company_priority] === 0 crawl site ===
[18:56:00 +1s | thequantuminsider_2020_04_19_archer_makes_quantum_computer_development_a_company_priority] [INIT].... → Crawl4AI 0.8.6 
[18:56:02 +4s | thequantuminsider_2020_04_19_archer_makes_quantum_computer_development_a_company_priority] [FETCH]... ↓ https://thequantuminsider.com/2020/04/19/archer-...quantum-computer-development-a-company-priority/  | ✓ | ⏱: 2.52s 
[18:56:02 +4s | thequantuminsider_2020_04_19_archer_makes_quantum_computer_development_a_company_priority] [SCRAPE].. ◆ https://thequantuminsider.com/2020/04/19/archer-...quantum-computer-development-a-company-priority/  | ✓ | ⏱: 0.10s 
[18:56:02 +4s | thequantuminsider_2020_04_19_archer_makes_quantum_computer_development_a_company_priority] [COMPLETE] ● https://thequantuminsider.com/2020/04/19/archer-...quantum-computer-development-a-company-priority/  | ✓ | ⏱: 2.64s 
[18:56:02 +4s | thequantuminsider_2020_04_19_archer_makes_quantum_computer_development_a_company_priority] Saved: crawl_output/969e9d9cf1_thequantuminsider.com_2020_04_19_archer-makes-quantum-computer-development-a-company-priority.json

[18:56:03 +4s | thequantuminsider_2020_04_19_archer_makes_quantum_computer_development_a_company_priority] === 1 actor extraction ===
[18:56:03 +4s | thequantuminsider_2020_04_19_archer_makes_quantum_computer_development_a_company_priority] Reading page (1/1): https://thequantuminsider.com/2020/04/19/archer-makes-quantum-computer-development-a-company-priority
[18:56:03 +4s | thequantuminsider_2020_04_19_archer_makes_quantum_computer_development_a_company_priority] Extracting actors: https://thequantuminsider.com/2020/04/19/archer-makes-quantum-computer-development-a-company-priority (1/1), chunk 1/37
[18:56:06 +8s | thequantuminsider_2020_04_19_archer_makes_quantum_computer_development_a_company_priority] Extracting actors: https://thequantuminsider.com/2020/04/19/archer-makes-quantum-computer-development-a-company-priority (1/1), chunk 2/37
[18:56:10 +11s | thequantuminsider_2020_04_19_archer_makes_quantum_computer_development_a_company_priority] Extracting actors: https://thequantuminsider.com/2020/04/19/archer-makes-quantum-computer-development-a-company-priority (1/1), chunk 3/37
[18:56:14 +16s | thequantuminsider_2020_04_19_archer_makes_quantum_computer_development_a_company_priority] Extracting actors: https://thequantuminsider.com/2020/04/19/archer-makes-quantum-computer-development-a-company-priority (1/1), chunk 4/37
[18:56:18 +20s | thequantuminsider_2020_04_19_archer_makes_quantum_computer_development_a_company_priority] Extracting actors: https://thequantuminsider.com/2020/04/19/archer-makes-quantum-computer-development-a-company-priority (1/1), chunk 5/37
[18:56:23 +24s | thequantuminsider_2020_04_19_archer_makes_quantum_computer_development_a_company_priority] Extracting actors: https://thequantuminsider.com/2020/04/19/archer-makes-quantum-computer-development-a-company-priority (1/1), chunk 6/37
[18:56:27 +29s | thequantuminsider_2020_04_19_archer_makes_quantum_computer_development_a_company_priority] Extracting actors: https://thequantuminsider.com/2020/04/19/archer-makes-quantum-computer-development-a-company-priority (1/1), chunk 7/37
[18:56:31 +33s | thequantuminsider_2020_04_19_archer_makes_quantum_computer_development_a_company_priority] Extracting actors: https://thequantuminsider.com/2020/04/19/archer-makes-quantum-computer-development-a-company-priority (1/1), chunk 8/37
[18:56:39 +38s | thequantuminsider_2020_04_19_archer_makes_quantum_computer_development_a_company_priority] Extracting actors: https://thequantuminsider.com/2020/04/19/archer-makes-quantum-computer-development-a-company-priority (1/1), chunk 9/37
[18:56:46 +44s | thequantuminsider_2020_04_19_archer_makes_quantum_computer_development_a_company_priority] Extracting actors: https://thequantuminsider.com/2020/04/19/archer-makes-quantum-computer-development-a-company-priority (1/1), chunk 10/37
[18:56:50 +48s | thequantuminsider_2020_04_19_archer_makes_quantum_computer_development_a_company_priority] Extracting actors: https://thequantuminsider.com/2020/04/19/archer-makes-quantum-computer-development-a-company-priority (1/1), chunk 11/37
[18:56:55 +54s | thequantuminsider_2020_04_19_archer_makes_quantum_computer_development_a_company_priority] Repaired malformed JSON.
[18:56:55 +54s | thequantuminsider_2020_04_19_archer_makes_quantum_computer_development_a_company_priority] Extracting actors: https://thequantuminsider.com/2020/04/19/archer-makes-quantum-computer-development-a-company-priority (1/1), chunk 12/37
[18:57:01 +59s | thequantuminsider_2020_04_19_archer_makes_quantum_computer_development_a_company_priority] Repaired malformed JSON.
[18:57:01 +59s | thequantuminsider_2020_04_19_archer_makes_quantum_computer_development_a_company_priority] Extracting actors: https://thequantuminsider.com/2020/04/19/archer-makes-quantum-computer-development-a-company-priority (1/1), chunk 13/37
[18:57:12 +1m 7s | thequantuminsider_2020_04_19_archer_makes_quantum_computer_development_a_company_priority] Repaired malformed JSON.
[18:57:12 +1m 7s | thequantuminsider_2020_04_19_archer_makes_quantum_computer_development_a_company_priority] Extracting actors: https://thequantuminsider.com/2020/04/19/archer-makes-quantum-computer-development-a-company-priority (1/1), chunk 14/37
[18:57:19 +1m 14s | thequantuminsider_2020_04_19_archer_makes_quantum_computer_development_a_company_priority] Repaired malformed JSON.
[18:57:19 +1m 14s | thequantuminsider_2020_04_19_archer_makes_quantum_computer_development_a_company_priority] Extracting actors: https://thequantuminsider.com/2020/04/19/archer-makes-quantum-computer-development-a-company-priority (1/1), chunk 15/37
[18:57:24 +1m 19s | thequantuminsider_2020_04_19_archer_makes_quantum_computer_development_a_company_priority] Repaired malformed JSON.
[18:57:24 +1m 19s | thequantuminsider_2020_04_19_archer_makes_quantum_computer_development_a_company_priority] Extracting actors: https://thequantuminsider.com/2020/04/19/archer-makes-quantum-computer-development-a-company-priority (1/1), chunk 16/37
[18:57:31 +1m 26s | thequantuminsider_2020_04_19_archer_makes_quantum_computer_development_a_company_priority] Repaired malformed JSON.
[18:57:31 +1m 26s | thequantuminsider_2020_04_19_archer_makes_quantum_computer_development_a_company_priority] Extracting actors: https://thequantuminsider.com/2020/04/19/archer-makes-quantum-computer-development-a-company-priority (1/1), chunk 17/37
[18:57:37 +1m 33s | thequantuminsider_2020_04_19_archer_makes_quantum_computer_development_a_company_priority] Repaired malformed JSON.
[18:57:37 +1m 33s | thequantuminsider_2020_04_19_archer_makes_quantum_computer_development_a_company_priority] Extracting actors: https://thequantuminsider.com/2020/04/19/archer-makes-quantum-computer-development-a-company-priority (1/1), chunk 18/37
[18:57:46 +1m 38s | thequantuminsider_2020_04_19_archer_makes_quantum_computer_development_a_company_priority] Repaired malformed JSON.
[18:57:46 +1m 38s | thequantuminsider_2020_04_19_archer_makes_quantum_computer_development_a_company_priority] Extracting actors: https://thequantuminsider.com/2020/04/19/archer-makes-quantum-computer-development-a-company-priority (1/1), chunk 19/37
[18:57:52 +1m 44s | thequantuminsider_2020_04_19_archer_makes_quantum_computer_development_a_company_priority] Repaired malformed JSON.
[18:57:52 +1m 44s | thequantuminsider_2020_04_19_archer_makes_quantum_computer_development_a_company_priority] Extracting actors: https://thequantuminsider.com/2020/04/19/archer-makes-quantum-computer-development-a-company-priority (1/1), chunk 20/37
[18:57:58 +1m 51s | thequantuminsider_2020_04_19_archer_makes_quantum_computer_development_a_company_priority] Repaired malformed JSON.
[18:57:58 +1m 51s | thequantuminsider_2020_04_19_archer_makes_quantum_computer_development_a_company_priority] Extracting actors: https://thequantuminsider.com/2020/04/19/archer-makes-quantum-computer-development-a-company-priority (1/1), chunk 21/37
[18:58:06 +1m 58s | thequantuminsider_2020_04_19_archer_makes_quantum_computer_development_a_company_priority] Repaired malformed JSON.
[18:58:06 +1m 58s | thequantuminsider_2020_04_19_archer_makes_quantum_computer_development_a_company_priority] Extracting actors: https://thequantuminsider.com/2020/04/19/archer-makes-quantum-computer-development-a-company-priority (1/1), chunk 22/37
[18:58:12 +2m 4s | thequantuminsider_2020_04_19_archer_makes_quantum_computer_development_a_company_priority] Repaired malformed JSON.
[18:58:12 +2m 4s | thequantuminsider_2020_04_19_archer_makes_quantum_computer_development_a_company_priority] Extracting actors: https://thequantuminsider.com/2020/04/19/archer-makes-quantum-computer-development-a-company-priority (1/1), chunk 23/37
[18:58:22 +2m 12s | thequantuminsider_2020_04_19_archer_makes_quantum_computer_development_a_company_priority] Repaired malformed JSON.
[18:58:22 +2m 12s | thequantuminsider_2020_04_19_archer_makes_quantum_computer_development_a_company_priority] Extracting actors: https://thequantuminsider.com/2020/04/19/archer-makes-quantum-computer-development-a-company-priority (1/1), chunk 24/37
[18:58:28 +2m 17s | thequantuminsider_2020_04_19_archer_makes_quantum_computer_development_a_company_priority] Repaired malformed JSON.
[18:58:28 +2m 17s | thequantuminsider_2020_04_19_archer_makes_quantum_computer_development_a_company_priority] Extracting actors: https://thequantuminsider.com/2020/04/19/archer-makes-quantum-computer-development-a-company-priority (1/1), chunk 25/37
[18:58:33 +2m 23s | thequantuminsider_2020_04_19_archer_makes_quantum_computer_development_a_company_priority] Extracting actors: https://thequantuminsider.com/2020/04/19/archer-makes-quantum-computer-development-a-company-priority (1/1), chunk 26/37
[18:58:40 +2m 30s | thequantuminsider_2020_04_19_archer_makes_quantum_computer_development_a_company_priority] Repaired malformed JSON.
[18:58:40 +2m 30s | thequantuminsider_2020_04_19_archer_makes_quantum_computer_development_a_company_priority] Extracting actors: https://thequantuminsider.com/2020/04/19/archer-makes-quantum-computer-development-a-company-priority (1/1), chunk 27/37
[18:58:45 +2m 34s | thequantuminsider_2020_04_19_archer_makes_quantum_computer_development_a_company_priority] Extracting actors: https://thequantuminsider.com/2020/04/19/archer-makes-quantum-computer-development-a-company-priority (1/1), chunk 28/37
[18:58:49 +2m 39s | thequantuminsider_2020_04_19_archer_makes_quantum_computer_development_a_company_priority] Extracting actors: https://thequantuminsider.com/2020/04/19/archer-makes-quantum-computer-development-a-company-priority (1/1), chunk 29/37
[18:58:59 +2m 45s | thequantuminsider_2020_04_19_archer_makes_quantum_computer_development_a_company_priority] Repaired malformed JSON.
[18:58:59 +2m 45s | thequantuminsider_2020_04_19_archer_makes_quantum_computer_development_a_company_priority] Extracting actors: https://thequantuminsider.com/2020/04/19/archer-makes-quantum-computer-development-a-company-priority (1/1), chunk 30/37
[18:59:05 +2m 52s | thequantuminsider_2020_04_19_archer_makes_quantum_computer_development_a_company_priority] Repaired malformed JSON.
[18:59:05 +2m 52s | thequantuminsider_2020_04_19_archer_makes_quantum_computer_development_a_company_priority] Extracting actors: https://thequantuminsider.com/2020/04/19/archer-makes-quantum-computer-development-a-company-priority (1/1), chunk 31/37
[18:59:12 +2m 59s | thequantuminsider_2020_04_19_archer_makes_quantum_computer_development_a_company_priority] Repaired malformed JSON.
[18:59:12 +2m 59s | thequantuminsider_2020_04_19_archer_makes_quantum_computer_development_a_company_priority] Extracting actors: https://thequantuminsider.com/2020/04/19/archer-makes-quantum-computer-development-a-company-priority (1/1), chunk 32/37
[18:59:17 +3m 4s | thequantuminsider_2020_04_19_archer_makes_quantum_computer_development_a_company_priority] Extracting actors: https://thequantuminsider.com/2020/04/19/archer-makes-quantum-computer-development-a-company-priority (1/1), chunk 33/37
[18:59:24 +3m 11s | thequantuminsider_2020_04_19_archer_makes_quantum_computer_development_a_company_priority] Repaired malformed JSON.
[18:59:24 +3m 11s | thequantuminsider_2020_04_19_archer_makes_quantum_computer_development_a_company_priority] Extracting actors: https://thequantuminsider.com/2020/04/19/archer-makes-quantum-computer-development-a-company-priority (1/1), chunk 34/37
[18:59:34 +3m 17s | thequantuminsider_2020_04_19_archer_makes_quantum_computer_development_a_company_priority] Repaired malformed JSON.
[18:59:34 +3m 17s | thequantuminsider_2020_04_19_archer_makes_quantum_computer_development_a_company_priority] Extracting actors: https://thequantuminsider.com/2020/04/19/archer-makes-quantum-computer-development-a-company-priority (1/1), chunk 35/37
[18:59:41 +3m 24s | thequantuminsider_2020_04_19_archer_makes_quantum_computer_development_a_company_priority] Repaired malformed JSON.
[18:59:41 +3m 24s | thequantuminsider_2020_04_19_archer_makes_quantum_computer_development_a_company_priority] Extracting actors: https://thequantuminsider.com/2020/04/19/archer-makes-quantum-computer-development-a-company-priority (1/1), chunk 36/37
[18:59:46 +3m 30s | thequantuminsider_2020_04_19_archer_makes_quantum_computer_development_a_company_priority] Repaired malformed JSON.
[18:59:46 +3m 30s | thequantuminsider_2020_04_19_archer_makes_quantum_computer_development_a_company_priority] Extracting actors: https://thequantuminsider.com/2020/04/19/archer-makes-quantum-computer-development-a-company-priority (1/1), chunk 37/37
[18:59:52 +3m 35s | thequantuminsider_2020_04_19_archer_makes_quantum_computer_development_a_company_priority] Repaired malformed JSON.
[18:59:52 +3m 35s | thequantuminsider_2020_04_19_archer_makes_quantum_computer_development_a_company_priority] Saved 1_actor_results.json with 56 extracted records

[18:59:52 +3m 35s | thequantuminsider_2020_04_19_archer_makes_quantum_computer_development_a_company_priority] === 2 clean actors ===
[18:59:52 +3m 36s | thequantuminsider_2020_04_19_archer_makes_quantum_computer_development_a_company_priority] Loaded 56 extracted records
[18:59:52 +3m 36s | thequantuminsider_2020_04_19_archer_makes_quantum_computer_development_a_company_priority] Saved 2_actor_nodes.json with 19 canonical actor nodes

[18:59:52 +3m 36s | thequantuminsider_2020_04_19_archer_makes_quantum_computer_development_a_company_priority] === 3 interaction extraction ===
[18:59:52 +3m 36s | thequantuminsider_2020_04_19_archer_makes_quantum_computer_development_a_company_priority] Extracting interactions: https://thequantuminsider.com/2020/04/19/archer-makes-quantum-computer-development-a-company-priority (1/1), chunk 11/37
[18:59:53 +3m 37s | thequantuminsider_2020_04_19_archer_makes_quantum_computer_development_a_company_priority] Extracting interactions: https://thequantuminsider.com/2020/04/19/archer-makes-quantum-computer-development-a-company-priority (1/1), chunk 13/37
[18:59:58 +3m 42s | thequantuminsider_2020_04_19_archer_makes_quantum_computer_development_a_company_priority] Extracting interactions: https://thequantuminsider.com/2020/04/19/archer-makes-quantum-computer-development-a-company-priority (1/1), chunk 14/37
[19:00:11 +3m 52s | thequantuminsider_2020_04_19_archer_makes_quantum_computer_development_a_company_priority] Extracting interactions: https://thequantuminsider.com/2020/04/19/archer-makes-quantum-computer-development-a-company-priority (1/1), chunk 15/37
[19:00:18 +3m 59s | thequantuminsider_2020_04_19_archer_makes_quantum_computer_development_a_company_priority] Extracting interactions: https://thequantuminsider.com/2020/04/19/archer-makes-quantum-computer-development-a-company-priority (1/1), chunk 16/37
[19:00:22 +4m 2s | thequantuminsider_2020_04_19_archer_makes_quantum_computer_development_a_company_priority] Extracting interactions: https://thequantuminsider.com/2020/04/19/archer-makes-quantum-computer-development-a-company-priority (1/1), chunk 17/37
[19:00:23 +4m 4s | thequantuminsider_2020_04_19_archer_makes_quantum_computer_development_a_company_priority] Extracting interactions: https://thequantuminsider.com/2020/04/19/archer-makes-quantum-computer-development-a-company-priority (1/1), chunk 18/37
[19:00:32 +4m 12s | thequantuminsider_2020_04_19_archer_makes_quantum_computer_development_a_company_priority] Extracting interactions: https://thequantuminsider.com/2020/04/19/archer-makes-quantum-computer-development-a-company-priority (1/1), chunk 19/37
[19:00:46 +4m 24s | thequantuminsider_2020_04_19_archer_makes_quantum_computer_development_a_company_priority] Extracting interactions: https://thequantuminsider.com/2020/04/19/archer-makes-quantum-computer-development-a-company-priority (1/1), chunk 20/37
[19:00:54 +4m 32s | thequantuminsider_2020_04_19_archer_makes_quantum_computer_development_a_company_priority] Extracting interactions: https://thequantuminsider.com/2020/04/19/archer-makes-quantum-computer-development-a-company-priority (1/1), chunk 21/37
[19:01:04 +4m 42s | thequantuminsider_2020_04_19_archer_makes_quantum_computer_development_a_company_priority] Extracting interactions: https://thequantuminsider.com/2020/04/19/archer-makes-quantum-computer-development-a-company-priority (1/1), chunk 22/37
[19:01:11 +4m 49s | thequantuminsider_2020_04_19_archer_makes_quantum_computer_development_a_company_priority] Extracting interactions: https://thequantuminsider.com/2020/04/19/archer-makes-quantum-computer-development-a-company-priority (1/1), chunk 23/37
[19:01:18 +4m 52s | thequantuminsider_2020_04_19_archer_makes_quantum_computer_development_a_company_priority] Extracting interactions: https://thequantuminsider.com/2020/04/19/archer-makes-quantum-computer-development-a-company-priority (1/1), chunk 26/37
[19:01:22 +4m 57s | thequantuminsider_2020_04_19_archer_makes_quantum_computer_development_a_company_priority] Extracting interactions: https://thequantuminsider.com/2020/04/19/archer-makes-quantum-computer-development-a-company-priority (1/1), chunk 27/37
[19:01:23 +4m 58s | thequantuminsider_2020_04_19_archer_makes_quantum_computer_development_a_company_priority] Extracting interactions: https://thequantuminsider.com/2020/04/19/archer-makes-quantum-computer-development-a-company-priority (1/1), chunk 28/37
[19:01:25 +5m 0s | thequantuminsider_2020_04_19_archer_makes_quantum_computer_development_a_company_priority] Extracting interactions: https://thequantuminsider.com/2020/04/19/archer-makes-quantum-computer-development-a-company-priority (1/1), chunk 29/37
[19:01:27 +5m 1s | thequantuminsider_2020_04_19_archer_makes_quantum_computer_development_a_company_priority] Extracting interactions: https://thequantuminsider.com/2020/04/19/archer-makes-quantum-computer-development-a-company-priority (1/1), chunk 30/37
[19:01:28 +5m 3s | thequantuminsider_2020_04_19_archer_makes_quantum_computer_development_a_company_priority] Extracting interactions: https://thequantuminsider.com/2020/04/19/archer-makes-quantum-computer-development-a-company-priority (1/1), chunk 31/37
[19:01:30 +5m 5s | thequantuminsider_2020_04_19_archer_makes_quantum_computer_development_a_company_priority] Extracting interactions: https://thequantuminsider.com/2020/04/19/archer-makes-quantum-computer-development-a-company-priority (1/1), chunk 32/37
[19:01:31 +5m 6s | thequantuminsider_2020_04_19_archer_makes_quantum_computer_development_a_company_priority] Extracting interactions: https://thequantuminsider.com/2020/04/19/archer-makes-quantum-computer-development-a-company-priority (1/1), chunk 33/37
[19:01:33 +5m 8s | thequantuminsider_2020_04_19_archer_makes_quantum_computer_development_a_company_priority] Extracting interactions: https://thequantuminsider.com/2020/04/19/archer-makes-quantum-computer-development-a-company-priority (1/1), chunk 35/37
[19:01:34 +5m 9s | thequantuminsider_2020_04_19_archer_makes_quantum_computer_development_a_company_priority] Extracting interactions: https://thequantuminsider.com/2020/04/19/archer-makes-quantum-computer-development-a-company-priority (1/1), chunk 36/37
[19:01:37 +5m 11s | thequantuminsider_2020_04_19_archer_makes_quantum_computer_development_a_company_priority] Extracting interactions: https://thequantuminsider.com/2020/04/19/archer-makes-quantum-computer-development-a-company-priority (1/1), chunk 37/37
[19:01:38 +5m 13s | thequantuminsider_2020_04_19_archer_makes_quantum_computer_development_a_company_priority] Saved 3_interaction_results.json with 21 extracted interactions.

[19:01:38 +5m 13s | thequantuminsider_2020_04_19_archer_makes_quantum_computer_development_a_company_priority] === 4 clean interactions ===
[19:01:39 +5m 13s | thequantuminsider_2020_04_19_archer_makes_quantum_computer_development_a_company_priority] Saved 4_edges.json with 1 cleaned interactions.

[19:01:39 +5m 13s | thequantuminsider_2020_04_19_archer_makes_quantum_computer_development_a_company_priority] === 5 helix enrichment ===
[19:01:39 +5m 13s | thequantuminsider_2020_04_19_archer_makes_quantum_computer_development_a_company_priority] Wrote 5_nodes.json (19 actors)
[19:01:39 +5m 13s | thequantuminsider_2020_04_19_archer_makes_quantum_computer_development_a_company_priority] Wrote 5_edges.json (1 interactions)
[19:01:39 +5m 13s | thequantuminsider_2020_04_19_archer_makes_quantum_computer_development_a_company_priority] Actor helix counts: {'Academia': 2, 'Civil Society': 1, 'Government': 3, 'Industry': 5, 'Intermediary': 2, 'Unknown': 6}
[19:01:39 +5m 13s | thequantuminsider_2020_04_19_archer_makes_quantum_computer_development_a_company_priority] Functional-space counts: {'Intra-helix / Not classified': 1}

[19:01:39 +5m 13s | thequantuminsider_2020_04_19_archer_makes_quantum_computer_development_a_company_priority] === 6 network visualisation ===
[19:01:39 +5m 14s | thequantuminsider_2020_04_19_archer_makes_quantum_computer_development_a_company_priority] Wrote quantum_network.html
[19:01:39 +5m 14s | thequantuminsider_2020_04_19_archer_makes_quantum_computer_development_a_company_priority] Nodes: 19
[19:01:39 +5m 14s | thequantuminsider_2020_04_19_archer_makes_quantum_computer_development_a_company_priority] Edges: 1

[19:01:39 +5m 14s | thequantuminsider_2020_04_19_archer_makes_quantum_computer_development_a_company_priority] Done. Outputs written to: /home/lv/IDP/idpdeeptech/pipeline/news_outputs/thequantuminsider_2020_04_19_archer_makes_quantum_computer_development_a_company_priority
[19:01:39 +5m 14s | thequantuminsider_2020_04_19_archer_makes_quantum_computer_development_a_company_priority] Log: /home/lv/IDP/idpdeeptech/pipeline/news_outputs/thequantuminsider_2020_04_19_archer_makes_quantum_computer_development_a_company_priority/run.log

========================================================================
RUN FINISHED 2026-07-01 19:01:39  (OK)
Started:     2026-07-01 18:55:56
Elapsed:     5m 14s
========================================================================
