
========================================================================
RUN STARTED  2026-06-16 03:24:28
pdf_pipeline.py SouthAfrica21.pdf
========================================================================

[03:24:28 +0s | SouthAfrica21] === 1 actor extraction ===
[03:24:28 +0s | SouthAfrica21] Reading PDF: SouthAfrica21.pdf
[03:24:28 +0s | SouthAfrica21] Extracting: SouthAfrica21.pdf, page 1/116, chunk 1/1
[03:24:38 +7s | SouthAfrica21] Repaired malformed JSON.
[03:24:38 +7s | SouthAfrica21] Extracting: SouthAfrica21.pdf, page 2/116, chunk 1/1
[03:24:43 +12s | SouthAfrica21] Repaired malformed JSON.
[03:24:43 +12s | SouthAfrica21] Extracting: SouthAfrica21.pdf, page 3/116, chunk 1/1
[03:24:49 +18s | SouthAfrica21] Repaired malformed JSON.
[03:24:49 +18s | SouthAfrica21] Extracting: SouthAfrica21.pdf, page 4/116, chunk 1/1
[03:24:54 +23s | SouthAfrica21] Repaired malformed JSON.
[03:24:54 +23s | SouthAfrica21] Extracting: SouthAfrica21.pdf, page 5/116, chunk 1/2
[03:25:01 +29s | SouthAfrica21] Repaired malformed JSON.
[03:25:01 +29s | SouthAfrica21] Extracting: SouthAfrica21.pdf, page 5/116, chunk 2/2
[03:25:12 +38s | SouthAfrica21] Repaired malformed JSON.
[03:25:12 +38s | SouthAfrica21] Extracting: SouthAfrica21.pdf, page 6/116, chunk 1/2
[03:25:20 +46s | SouthAfrica21] Repaired malformed JSON.
[03:25:20 +46s | SouthAfrica21] Extracting: SouthAfrica21.pdf, page 6/116, chunk 2/2
[03:25:21 +47s | SouthAfrica21] Extracting: SouthAfrica21.pdf, page 7/116, chunk 1/1
[03:25:25 +51s | SouthAfrica21] Extracting: SouthAfrica21.pdf, page 8/116, chunk 1/1
[03:25:28 +54s | SouthAfrica21] Extracting: SouthAfrica21.pdf, page 9/116, chunk 1/1
[03:25:30 +56s | SouthAfrica21] Extracting: SouthAfrica21.pdf, page 10/116, chunk 1/1
[03:25:36 +1m 1s | SouthAfrica21] Repaired malformed JSON.
[03:25:36 +1m 1s | SouthAfrica21] Extracting: SouthAfrica21.pdf, page 11/116, chunk 1/1
[03:25:47 +1m 10s | SouthAfrica21] Repaired malformed JSON.
[03:25:47 +1m 10s | SouthAfrica21] Extracting: SouthAfrica21.pdf, page 12/116, chunk 1/1
[03:25:52 +1m 16s | SouthAfrica21] Repaired malformed JSON.
[03:25:52 +1m 16s | SouthAfrica21] Extracting: SouthAfrica21.pdf, page 13/116, chunk 1/1
[03:25:59 +1m 22s | SouthAfrica21] Repaired malformed JSON.
[03:25:59 +1m 22s | SouthAfrica21] Extracting: SouthAfrica21.pdf, page 14/116, chunk 1/2
[03:26:08 +1m 31s | SouthAfrica21] Repaired malformed JSON.
[03:26:08 +1m 31s | SouthAfrica21] Extracting: SouthAfrica21.pdf, page 14/116, chunk 2/2
[03:26:09 +1m 32s | SouthAfrica21] Extracting: SouthAfrica21.pdf, page 15/116, chunk 1/1
[03:26:14 +1m 37s | SouthAfrica21] Repaired malformed JSON.
[03:26:14 +1m 37s | SouthAfrica21] Extracting: SouthAfrica21.pdf, page 16/116, chunk 1/1
[03:26:24 +1m 44s | SouthAfrica21] Repaired malformed JSON.
[03:26:24 +1m 44s | SouthAfrica21] Extracting: SouthAfrica21.pdf, page 17/116, chunk 1/1
[03:26:29 +1m 49s | SouthAfrica21] Repaired malformed JSON.
[03:26:29 +1m 49s | SouthAfrica21] Extracting: SouthAfrica21.pdf, page 18/116, chunk 1/1
[03:26:35 +1m 55s | SouthAfrica21] Repaired malformed JSON.
[03:26:35 +1m 55s | SouthAfrica21] Extracting: SouthAfrica21.pdf, page 19/116, chunk 1/1
[03:26:41 +2m 1s | SouthAfrica21] Repaired malformed JSON.
[03:26:41 +2m 1s | SouthAfrica21] Extracting: SouthAfrica21.pdf, page 20/116, chunk 1/1
[03:26:45 +2m 5s | SouthAfrica21] Extracting: SouthAfrica21.pdf, page 21/116, chunk 1/1
[03:26:51 +2m 11s | SouthAfrica21] Repaired malformed JSON.
[03:26:51 +2m 11s | SouthAfrica21] Extracting: SouthAfrica21.pdf, page 22/116, chunk 1/1
[03:26:59 +2m 16s | SouthAfrica21] Extracting: SouthAfrica21.pdf, page 23/116, chunk 1/1
[03:27:05 +2m 23s | SouthAfrica21] Repaired malformed JSON.
[03:27:05 +2m 23s | SouthAfrica21] Extracting: SouthAfrica21.pdf, page 24/116, chunk 1/1
[03:27:11 +2m 28s | SouthAfrica21] Repaired malformed JSON.
[03:27:11 +2m 28s | SouthAfrica21] Extracting: SouthAfrica21.pdf, page 25/116, chunk 1/1
[03:27:16 +2m 33s | SouthAfrica21] Extracting: SouthAfrica21.pdf, page 26/116, chunk 1/1
[03:27:22 +2m 39s | SouthAfrica21] Repaired malformed JSON.
[03:27:22 +2m 39s | SouthAfrica21] Extracting: SouthAfrica21.pdf, page 27/116, chunk 1/1
[03:27:32 +2m 46s | SouthAfrica21] Repaired malformed JSON.
[03:27:32 +2m 46s | SouthAfrica21] Extracting: SouthAfrica21.pdf, page 28/116, chunk 1/2
[03:27:36 +2m 50s | SouthAfrica21] Extracting: SouthAfrica21.pdf, page 28/116, chunk 2/2
[03:27:44 +2m 58s | SouthAfrica21] Extracting: SouthAfrica21.pdf, page 29/116, chunk 1/2
[03:27:50 +3m 4s | SouthAfrica21] Repaired malformed JSON.
[03:27:50 +3m 4s | SouthAfrica21] Extracting: SouthAfrica21.pdf, page 29/116, chunk 2/2
[03:27:52 +3m 6s | SouthAfrica21] Extracting: SouthAfrica21.pdf, page 30/116, chunk 1/1
[03:27:56 +3m 10s | SouthAfrica21] Extracting: SouthAfrica21.pdf, page 31/116, chunk 1/2
[03:28:00 +3m 15s | SouthAfrica21] Extracting: SouthAfrica21.pdf, page 31/116, chunk 2/2
[03:28:04 +3m 16s | SouthAfrica21] Extracting: SouthAfrica21.pdf, page 32/116, chunk 1/1
[03:28:09 +3m 21s | SouthAfrica21] Repaired malformed JSON.
[03:28:09 +3m 21s | SouthAfrica21] Extracting: SouthAfrica21.pdf, page 33/116, chunk 1/2
[03:28:13 +3m 25s | SouthAfrica21] Extracting: SouthAfrica21.pdf, page 33/116, chunk 2/2
[03:28:15 +3m 27s | SouthAfrica21] Extracting: SouthAfrica21.pdf, page 34/116, chunk 1/1
[03:28:21 +3m 33s | SouthAfrica21] Repaired malformed JSON.
[03:28:21 +3m 33s | SouthAfrica21] Extracting: SouthAfrica21.pdf, page 35/116, chunk 1/1
[03:28:29 +3m 41s | SouthAfrica21] Repaired malformed JSON.
[03:28:29 +3m 41s | SouthAfrica21] Extracting: SouthAfrica21.pdf, page 36/116, chunk 1/1
[03:28:36 +3m 48s | SouthAfrica21] Repaired malformed JSON.
[03:28:36 +3m 48s | SouthAfrica21] Extracting: SouthAfrica21.pdf, page 37/116, chunk 1/1
[03:28:42 +3m 51s | SouthAfrica21] Extracting: SouthAfrica21.pdf, page 38/116, chunk 1/2
[03:28:49 +3m 58s | SouthAfrica21] Repaired malformed JSON.
[03:28:49 +3m 58s | SouthAfrica21] Extracting: SouthAfrica21.pdf, page 38/116, chunk 2/2
[03:28:51 +3m 59s | SouthAfrica21] Extracting: SouthAfrica21.pdf, page 39/116, chunk 1/1
[03:28:57 +4m 5s | SouthAfrica21] Extracting: SouthAfrica21.pdf, page 40/116, chunk 1/2
[03:29:02 +4m 11s | SouthAfrica21] Repaired malformed JSON.
[03:29:02 +4m 11s | SouthAfrica21] Extracting: SouthAfrica21.pdf, page 40/116, chunk 2/2
[03:29:06 +4m 14s | SouthAfrica21] Extracting: SouthAfrica21.pdf, page 41/116, chunk 1/2
[03:29:18 +4m 24s | SouthAfrica21] Repaired malformed JSON.
[03:29:18 +4m 24s | SouthAfrica21] Extracting: SouthAfrica21.pdf, page 41/116, chunk 2/2
[03:29:19 +4m 25s | SouthAfrica21] Extracting: SouthAfrica21.pdf, page 42/116, chunk 1/2
[03:29:25 +4m 31s | SouthAfrica21] Repaired malformed JSON.
[03:29:25 +4m 31s | SouthAfrica21] Extracting: SouthAfrica21.pdf, page 42/116, chunk 2/2
[03:29:26 +4m 32s | SouthAfrica21] Extracting: SouthAfrica21.pdf, page 43/116, chunk 1/2
[03:29:32 +4m 38s | SouthAfrica21] Repaired malformed JSON.
[03:29:32 +4m 38s | SouthAfrica21] Extracting: SouthAfrica21.pdf, page 43/116, chunk 2/2
[03:29:37 +4m 42s | SouthAfrica21] Extracting: SouthAfrica21.pdf, page 44/116, chunk 1/2
[03:29:45 +4m 51s | SouthAfrica21] Repaired malformed JSON.
[03:29:45 +4m 51s | SouthAfrica21] Extracting: SouthAfrica21.pdf, page 44/116, chunk 2/2
[03:29:50 +4m 53s | SouthAfrica21] Extracting: SouthAfrica21.pdf, page 45/116, chunk 1/1
[03:29:55 +4m 58s | SouthAfrica21] Repaired malformed JSON.
[03:29:55 +4m 58s | SouthAfrica21] Extracting: SouthAfrica21.pdf, page 46/116, chunk 1/1
[03:30:01 +5m 4s | SouthAfrica21] Repaired malformed JSON.
[03:30:01 +5m 4s | SouthAfrica21] Extracting: SouthAfrica21.pdf, page 47/116, chunk 1/1
[03:30:06 +5m 9s | SouthAfrica21] Repaired malformed JSON.
[03:30:06 +5m 9s | SouthAfrica21] Extracting: SouthAfrica21.pdf, page 48/116, chunk 1/1
[03:30:13 +5m 16s | SouthAfrica21] Repaired malformed JSON.
[03:30:13 +5m 16s | SouthAfrica21] Extracting: SouthAfrica21.pdf, page 49/116, chunk 1/1
[03:30:20 +5m 22s | SouthAfrica21] Repaired malformed JSON.
[03:30:20 +5m 22s | SouthAfrica21] Extracting: SouthAfrica21.pdf, page 50/116, chunk 1/2
[03:30:30 +5m 30s | SouthAfrica21] Repaired malformed JSON.
[03:30:30 +5m 30s | SouthAfrica21] Extracting: SouthAfrica21.pdf, page 50/116, chunk 2/2
[03:30:33 +5m 33s | SouthAfrica21] Extracting: SouthAfrica21.pdf, page 51/116, chunk 1/1
[03:30:41 +5m 41s | SouthAfrica21] Repaired malformed JSON.
[03:30:41 +5m 41s | SouthAfrica21] Extracting: SouthAfrica21.pdf, page 52/116, chunk 1/2
[03:30:48 +5m 48s | SouthAfrica21] Repaired malformed JSON.
[03:30:48 +5m 48s | SouthAfrica21] Extracting: SouthAfrica21.pdf, page 52/116, chunk 2/2
[03:30:53 +5m 53s | SouthAfrica21] Extracting: SouthAfrica21.pdf, page 53/116, chunk 1/2
[03:31:03 +6m 0s | SouthAfrica21] Repaired malformed JSON.
[03:31:03 +6m 0s | SouthAfrica21] Extracting: SouthAfrica21.pdf, page 53/116, chunk 2/2
[03:31:04 +6m 1s | SouthAfrica21] Extracting: SouthAfrica21.pdf, page 54/116, chunk 1/1
[03:31:11 +6m 8s | SouthAfrica21] Repaired malformed JSON.
[03:31:11 +6m 8s | SouthAfrica21] Extracting: SouthAfrica21.pdf, page 55/116, chunk 1/1
[03:31:20 +6m 17s | SouthAfrica21] Repaired malformed JSON.
[03:31:20 +6m 17s | SouthAfrica21] Extracting: SouthAfrica21.pdf, page 56/116, chunk 1/1
[03:31:28 +6m 25s | SouthAfrica21] Repaired malformed JSON.
[03:31:28 +6m 25s | SouthAfrica21] Extracting: SouthAfrica21.pdf, page 57/116, chunk 1/1
[03:31:37 +6m 31s | SouthAfrica21] Repaired malformed JSON.
[03:31:37 +6m 31s | SouthAfrica21] Extracting: SouthAfrica21.pdf, page 58/116, chunk 1/1
[03:31:41 +6m 35s | SouthAfrica21] Extracting: SouthAfrica21.pdf, page 59/116, chunk 1/1
[03:31:48 +6m 42s | SouthAfrica21] Repaired malformed JSON.
[03:31:48 +6m 42s | SouthAfrica21] Extracting: SouthAfrica21.pdf, page 60/116, chunk 1/1
[03:31:54 +6m 48s | SouthAfrica21] Repaired malformed JSON.
[03:31:54 +6m 48s | SouthAfrica21] Extracting: SouthAfrica21.pdf, page 61/116, chunk 1/1
[03:32:01 +6m 55s | SouthAfrica21] Repaired malformed JSON.
[03:32:01 +6m 55s | SouthAfrica21] Extracting: SouthAfrica21.pdf, page 62/116, chunk 1/1
[03:32:12 +7m 3s | SouthAfrica21] Repaired malformed JSON.
[03:32:12 +7m 3s | SouthAfrica21] Extracting: SouthAfrica21.pdf, page 63/116, chunk 1/1
[03:32:17 +7m 8s | SouthAfrica21] Repaired malformed JSON.
[03:32:17 +7m 8s | SouthAfrica21] Extracting: SouthAfrica21.pdf, page 64/116, chunk 1/1
[03:32:23 +7m 14s | SouthAfrica21] Repaired malformed JSON.
[03:32:23 +7m 14s | SouthAfrica21] Extracting: SouthAfrica21.pdf, page 65/116, chunk 1/1
[03:32:32 +7m 23s | SouthAfrica21] Repaired malformed JSON.
[03:32:32 +7m 23s | SouthAfrica21] Extracting: SouthAfrica21.pdf, page 66/116, chunk 1/1
[03:32:37 +7m 28s | SouthAfrica21] Repaired malformed JSON.
[03:32:37 +7m 28s | SouthAfrica21] Extracting: SouthAfrica21.pdf, page 67/116, chunk 1/1
[03:32:47 +7m 35s | SouthAfrica21] Repaired malformed JSON.
[03:32:47 +7m 35s | SouthAfrica21] Extracting: SouthAfrica21.pdf, page 68/116, chunk 1/1
[03:32:56 +7m 44s | SouthAfrica21] Repaired malformed JSON.
[03:32:56 +7m 44s | SouthAfrica21] Extracting: SouthAfrica21.pdf, page 69/116, chunk 1/1
[03:33:01 +7m 49s | SouthAfrica21] Repaired malformed JSON.
[03:33:01 +7m 49s | SouthAfrica21] Extracting: SouthAfrica21.pdf, page 70/116, chunk 1/1
[03:33:08 +7m 56s | SouthAfrica21] Repaired malformed JSON.
[03:33:08 +7m 56s | SouthAfrica21] Extracting: SouthAfrica21.pdf, page 71/116, chunk 1/1
[03:33:16 +8m 5s | SouthAfrica21] Repaired malformed JSON.
[03:33:16 +8m 5s | SouthAfrica21] Extracting: SouthAfrica21.pdf, page 72/116, chunk 1/1
[03:33:28 +8m 13s | SouthAfrica21] Repaired malformed JSON.
[03:33:28 +8m 13s | SouthAfrica21] Extracting: SouthAfrica21.pdf, page 73/116, chunk 1/1
[03:33:34 +8m 20s | SouthAfrica21] Repaired malformed JSON.
[03:33:34 +8m 20s | SouthAfrica21] Extracting: SouthAfrica21.pdf, page 74/116, chunk 1/2
[03:33:40 +8m 26s | SouthAfrica21] Repaired malformed JSON.
[03:33:40 +8m 26s | SouthAfrica21] Extracting: SouthAfrica21.pdf, page 74/116, chunk 2/2
[03:33:42 +8m 28s | SouthAfrica21] Extracting: SouthAfrica21.pdf, page 75/116, chunk 1/1
[03:33:48 +8m 33s | SouthAfrica21] Repaired malformed JSON.
[03:33:48 +8m 33s | SouthAfrica21] Extracting: SouthAfrica21.pdf, page 76/116, chunk 1/2
[03:33:57 +8m 40s | SouthAfrica21] Repaired malformed JSON.
[03:33:57 +8m 40s | SouthAfrica21] Extracting: SouthAfrica21.pdf, page 76/116, chunk 2/2
[03:33:59 +8m 41s | SouthAfrica21] Extracting: SouthAfrica21.pdf, page 77/116, chunk 1/2
[03:34:06 +8m 49s | SouthAfrica21] Repaired malformed JSON.
[03:34:06 +8m 49s | SouthAfrica21] Extracting: SouthAfrica21.pdf, page 77/116, chunk 2/2
[03:34:08 +8m 50s | SouthAfrica21] Extracting: SouthAfrica21.pdf, page 78/116, chunk 1/1
[03:34:14 +8m 56s | SouthAfrica21] Repaired malformed JSON.
[03:34:14 +8m 56s | SouthAfrica21] Extracting: SouthAfrica21.pdf, page 79/116, chunk 1/1
[03:34:20 +9m 2s | SouthAfrica21] Repaired malformed JSON.
[03:34:20 +9m 2s | SouthAfrica21] Extracting: SouthAfrica21.pdf, page 80/116, chunk 1/1
[03:34:26 +9m 9s | SouthAfrica21] Repaired malformed JSON.
[03:34:26 +9m 9s | SouthAfrica21] Extracting: SouthAfrica21.pdf, page 81/116, chunk 1/1
[03:34:38 +9m 17s | SouthAfrica21] Repaired malformed JSON.
[03:34:38 +9m 17s | SouthAfrica21] Extracting: SouthAfrica21.pdf, page 82/116, chunk 1/1
[03:34:43 +9m 22s | SouthAfrica21] Repaired malformed JSON.
[03:34:43 +9m 22s | SouthAfrica21] Extracting: SouthAfrica21.pdf, page 83/116, chunk 1/1
[03:34:47 +9m 27s | SouthAfrica21] Extracting: SouthAfrica21.pdf, page 84/116, chunk 1/1
[03:34:54 +9m 33s | SouthAfrica21] Repaired malformed JSON.
[03:34:54 +9m 33s | SouthAfrica21] Extracting: SouthAfrica21.pdf, page 85/116, chunk 1/1
[03:35:00 +9m 40s | SouthAfrica21] Repaired malformed JSON.
[03:35:00 +9m 40s | SouthAfrica21] Extracting: SouthAfrica21.pdf, page 86/116, chunk 1/1
[03:35:09 +9m 46s | SouthAfrica21] Repaired malformed JSON.
[03:35:09 +9m 46s | SouthAfrica21] Extracting: SouthAfrica21.pdf, page 87/116, chunk 1/1
[03:35:16 +9m 52s | SouthAfrica21] Repaired malformed JSON.
[03:35:16 +9m 52s | SouthAfrica21] Extracting: SouthAfrica21.pdf, page 88/116, chunk 1/1
[03:35:22 +9m 58s | SouthAfrica21] Repaired malformed JSON.
[03:35:22 +9m 58s | SouthAfrica21] Extracting: SouthAfrica21.pdf, page 89/116, chunk 1/1
[03:35:29 +10m 6s | SouthAfrica21] Extracting: SouthAfrica21.pdf, page 90/116, chunk 1/1
[03:35:37 +10m 13s | SouthAfrica21] Repaired malformed JSON.
[03:35:37 +10m 13s | SouthAfrica21] Extracting: SouthAfrica21.pdf, page 91/116, chunk 1/1
[03:35:48 +10m 21s | SouthAfrica21] Repaired malformed JSON.
[03:35:48 +10m 21s | SouthAfrica21] Extracting: SouthAfrica21.pdf, page 92/116, chunk 1/1
[03:35:53 +10m 27s | SouthAfrica21] Repaired malformed JSON.
[03:35:53 +10m 27s | SouthAfrica21] Extracting: SouthAfrica21.pdf, page 93/116, chunk 1/1
[03:35:59 +10m 32s | SouthAfrica21] Repaired malformed JSON.
[03:35:59 +10m 32s | SouthAfrica21] Extracting: SouthAfrica21.pdf, page 94/116, chunk 1/1
[03:36:06 +10m 39s | SouthAfrica21] Repaired malformed JSON.
[03:36:06 +10m 39s | SouthAfrica21] Extracting: SouthAfrica21.pdf, page 95/116, chunk 1/1
[03:36:11 +10m 44s | SouthAfrica21] Repaired malformed JSON.
[03:36:11 +10m 44s | SouthAfrica21] Extracting: SouthAfrica21.pdf, page 96/116, chunk 1/1
[03:36:21 +10m 51s | SouthAfrica21] Extracting: SouthAfrica21.pdf, page 97/116, chunk 1/1
[03:36:27 +10m 57s | SouthAfrica21] Repaired malformed JSON.
[03:36:27 +10m 57s | SouthAfrica21] Extracting: SouthAfrica21.pdf, page 98/116, chunk 1/2
[03:36:34 +11m 4s | SouthAfrica21] Repaired malformed JSON.
[03:36:34 +11m 4s | SouthAfrica21] Extracting: SouthAfrica21.pdf, page 98/116, chunk 2/2
[03:36:40 +11m 10s | SouthAfrica21] Repaired malformed JSON.
[03:36:40 +11m 10s | SouthAfrica21] Extracting: SouthAfrica21.pdf, page 99/116, chunk 1/2
[03:36:48 +11m 19s | SouthAfrica21] Repaired malformed JSON.
[03:36:48 +11m 19s | SouthAfrica21] Extracting: SouthAfrica21.pdf, page 99/116, chunk 2/2
[03:36:53 +11m 20s | SouthAfrica21] Extracting: SouthAfrica21.pdf, page 100/116, chunk 1/1
[03:36:59 +11m 27s | SouthAfrica21] Repaired malformed JSON.
[03:36:59 +11m 27s | SouthAfrica21] Extracting: SouthAfrica21.pdf, page 101/116, chunk 1/1
[03:37:06 +11m 33s | SouthAfrica21] Repaired malformed JSON.
[03:37:06 +11m 33s | SouthAfrica21] Extracting: SouthAfrica21.pdf, page 102/116, chunk 1/1
[03:37:11 +11m 39s | SouthAfrica21] Extracting: SouthAfrica21.pdf, page 103/116, chunk 1/2
[03:37:18 +11m 46s | SouthAfrica21] Repaired malformed JSON.
[03:37:18 +11m 46s | SouthAfrica21] Extracting: SouthAfrica21.pdf, page 103/116, chunk 2/2
[03:37:20 +11m 48s | SouthAfrica21] Extracting: SouthAfrica21.pdf, page 104/116, chunk 1/1
[03:37:29 +11m 54s | SouthAfrica21] Repaired malformed JSON.
[03:37:29 +11m 54s | SouthAfrica21] Extracting: SouthAfrica21.pdf, page 105/116, chunk 1/1
[03:37:35 +11m 59s | SouthAfrica21] Repaired malformed JSON.
[03:37:35 +12m 0s | SouthAfrica21] Extracting: SouthAfrica21.pdf, page 106/116, chunk 1/1
[03:37:41 +12m 5s | SouthAfrica21] Repaired malformed JSON.
[03:37:41 +12m 5s | SouthAfrica21] Extracting: SouthAfrica21.pdf, page 107/116, chunk 1/1
[03:37:48 +12m 12s | SouthAfrica21] Repaired malformed JSON.
[03:37:48 +12m 12s | SouthAfrica21] Extracting: SouthAfrica21.pdf, page 108/116, chunk 1/1
[03:37:55 +12m 20s | SouthAfrica21] Repaired malformed JSON.
[03:37:55 +12m 20s | SouthAfrica21] Extracting: SouthAfrica21.pdf, page 109/116, chunk 1/1
[03:38:05 +12m 27s | SouthAfrica21] Repaired malformed JSON.
[03:38:05 +12m 27s | SouthAfrica21] Extracting: SouthAfrica21.pdf, page 110/116, chunk 1/1
[03:38:12 +12m 34s | SouthAfrica21] Repaired malformed JSON.
[03:38:12 +12m 34s | SouthAfrica21] Extracting: SouthAfrica21.pdf, page 111/116, chunk 1/1
[03:38:17 +12m 39s | SouthAfrica21] Repaired malformed JSON.
[03:38:17 +12m 39s | SouthAfrica21] Extracting: SouthAfrica21.pdf, page 112/116, chunk 1/1
[03:38:26 +12m 48s | SouthAfrica21] Repaired malformed JSON.
[03:38:26 +12m 48s | SouthAfrica21] Extracting: SouthAfrica21.pdf, page 113/116, chunk 1/1
[03:38:32 +12m 54s | SouthAfrica21] Repaired malformed JSON.
[03:38:32 +12m 54s | SouthAfrica21] Extracting: SouthAfrica21.pdf, page 114/116, chunk 1/1
[03:38:42 +13m 0s | SouthAfrica21] Repaired malformed JSON.
[03:38:42 +13m 0s | SouthAfrica21] Extracting: SouthAfrica21.pdf, page 115/116, chunk 1/1
[03:38:45 +13m 3s | SouthAfrica21] Extracting: SouthAfrica21.pdf, page 116/116, chunk 1/1
[03:38:49 +13m 8s | SouthAfrica21] Saved 1_actor_results.json with 233 clean actors

[03:38:49 +13m 8s | SouthAfrica21] === 2 clean actors ===
[03:38:50 +13m 8s | SouthAfrica21] Loaded 233 extracted records
[03:38:50 +13m 8s | SouthAfrica21] Saved 2_actor_nodes.json with 89 canonical actor nodes

[03:38:50 +13m 8s | SouthAfrica21] === 3 interaction extraction ===
[03:38:50 +13m 9s | SouthAfrica21] Processing interactions for: SouthAfrica21.pdf
[03:38:50 +13m 9s | SouthAfrica21] Extracting interactions: SouthAfrica21.pdf, page 1/116, chunk 1/1
[03:38:55 +13m 14s | SouthAfrica21] Extracting interactions: SouthAfrica21.pdf, page 2/116, chunk 1/2
[03:39:05 +13m 23s | SouthAfrica21] Extracting interactions: SouthAfrica21.pdf, page 4/116, chunk 1/2
[03:39:10 +13m 29s | SouthAfrica21] Extracting interactions: SouthAfrica21.pdf, page 5/116, chunk 1/2
[03:39:21 +13m 37s | SouthAfrica21] Extracting interactions: SouthAfrica21.pdf, page 5/116, chunk 2/2
[03:39:24 +13m 40s | SouthAfrica21] Extracting interactions: SouthAfrica21.pdf, page 10/116, chunk 1/1
[03:39:34 +13m 50s | SouthAfrica21] Extracting interactions: SouthAfrica21.pdf, page 11/116, chunk 1/1
[03:39:40 +13m 55s | SouthAfrica21] Extracting interactions: SouthAfrica21.pdf, page 12/116, chunk 1/1
[03:39:51 +14m 3s | SouthAfrica21] Extracting interactions: SouthAfrica21.pdf, page 14/116, chunk 1/2
[03:40:11 +14m 24s | SouthAfrica21] Extracting interactions: SouthAfrica21.pdf, page 14/116, chunk 2/2
[03:40:34 +14m 43s | SouthAfrica21] Extracting interactions: SouthAfrica21.pdf, page 15/116, chunk 1/2
[03:40:37 +14m 47s | SouthAfrica21] Extracting interactions: SouthAfrica21.pdf, page 16/116, chunk 1/1
[03:40:51 +15m 1s | SouthAfrica21] Extracting interactions: SouthAfrica21.pdf, page 17/116, chunk 1/2
[03:41:04 +15m 11s | SouthAfrica21] Extracting interactions: SouthAfrica21.pdf, page 18/116, chunk 1/2
[03:41:18 +15m 25s | SouthAfrica21] Extracting interactions: SouthAfrica21.pdf, page 19/116, chunk 1/2
[03:41:22 +15m 29s | SouthAfrica21] Extracting interactions: SouthAfrica21.pdf, page 21/116, chunk 1/1
[03:41:38 +15m 42s | SouthAfrica21] Extracting interactions: SouthAfrica21.pdf, page 22/116, chunk 1/1
[03:41:42 +15m 46s | SouthAfrica21] Extracting interactions: SouthAfrica21.pdf, page 23/116, chunk 1/1
[03:41:48 +15m 52s | SouthAfrica21] Extracting interactions: SouthAfrica21.pdf, page 24/116, chunk 1/1
[03:41:54 +15m 58s | SouthAfrica21] Extracting interactions: SouthAfrica21.pdf, page 27/116, chunk 1/1
[03:42:01 +16m 5s | SouthAfrica21] Extracting interactions: SouthAfrica21.pdf, page 28/116, chunk 2/2
[03:42:06 +16m 10s | SouthAfrica21] Extracting interactions: SouthAfrica21.pdf, page 30/116, chunk 1/2
[03:42:14 +16m 15s | SouthAfrica21] Extracting interactions: SouthAfrica21.pdf, page 30/116, chunk 2/2
[03:42:18 +16m 19s | SouthAfrica21] Extracting interactions: SouthAfrica21.pdf, page 31/116, chunk 1/2
[03:42:23 +16m 24s | SouthAfrica21] Extracting interactions: SouthAfrica21.pdf, page 34/116, chunk 1/2
[03:42:31 +16m 32s | SouthAfrica21] Extracting interactions: SouthAfrica21.pdf, page 39/116, chunk 2/2
[03:42:33 +16m 34s | SouthAfrica21] Extracting interactions: SouthAfrica21.pdf, page 43/116, chunk 1/2
[03:42:36 +16m 37s | SouthAfrica21] Extracting interactions: SouthAfrica21.pdf, page 44/116, chunk 1/2
[03:42:53 +16m 51s | SouthAfrica21] Extracting interactions: SouthAfrica21.pdf, page 44/116, chunk 2/2
[03:42:56 +16m 54s | SouthAfrica21] Extracting interactions: SouthAfrica21.pdf, page 45/116, chunk 1/1
[03:42:58 +16m 56s | SouthAfrica21] Extracting interactions: SouthAfrica21.pdf, page 46/116, chunk 1/1
[03:43:06 +17m 4s | SouthAfrica21] Extracting interactions: SouthAfrica21.pdf, page 48/116, chunk 1/1
[03:43:08 +17m 6s | SouthAfrica21] Extracting interactions: SouthAfrica21.pdf, page 49/116, chunk 1/2
[03:43:14 +17m 12s | SouthAfrica21] Extracting interactions: SouthAfrica21.pdf, page 50/116, chunk 1/2
[03:43:20 +17m 15s | SouthAfrica21] Extracting interactions: SouthAfrica21.pdf, page 52/116, chunk 1/2
[03:43:24 +17m 19s | SouthAfrica21] Extracting interactions: SouthAfrica21.pdf, page 53/116, chunk 1/2
[03:43:28 +17m 23s | SouthAfrica21] Extracting interactions: SouthAfrica21.pdf, page 54/116, chunk 1/2
[03:43:31 +17m 26s | SouthAfrica21] Extracting interactions: SouthAfrica21.pdf, page 55/116, chunk 1/2
[03:43:40 +17m 35s | SouthAfrica21] Extracting interactions: SouthAfrica21.pdf, page 56/116, chunk 1/2
[03:43:44 +17m 40s | SouthAfrica21] Extracting interactions: SouthAfrica21.pdf, page 57/116, chunk 1/1
[03:43:48 +17m 44s | SouthAfrica21] Extracting interactions: SouthAfrica21.pdf, page 59/116, chunk 1/1
[03:43:58 +17m 50s | SouthAfrica21] Extracting interactions: SouthAfrica21.pdf, page 60/116, chunk 1/1
[03:44:05 +17m 57s | SouthAfrica21] Extracting interactions: SouthAfrica21.pdf, page 61/116, chunk 1/1
[03:44:06 +17m 58s | SouthAfrica21] Extracting interactions: SouthAfrica21.pdf, page 62/116, chunk 1/1
[03:44:12 +18m 4s | SouthAfrica21] Extracting interactions: SouthAfrica21.pdf, page 63/116, chunk 1/2
[03:44:19 +18m 12s | SouthAfrica21] Extracting interactions: SouthAfrica21.pdf, page 64/116, chunk 1/1
[03:44:26 +18m 18s | SouthAfrica21] Extracting interactions: SouthAfrica21.pdf, page 66/116, chunk 1/1
[03:44:34 +18m 23s | SouthAfrica21] Extracting interactions: SouthAfrica21.pdf, page 68/116, chunk 1/1
[03:44:35 +18m 25s | SouthAfrica21] Extracting interactions: SouthAfrica21.pdf, page 69/116, chunk 1/2
[03:44:43 +18m 32s | SouthAfrica21] Extracting interactions: SouthAfrica21.pdf, page 70/116, chunk 1/2
[03:44:46 +18m 36s | SouthAfrica21] Extracting interactions: SouthAfrica21.pdf, page 71/116, chunk 1/1
[03:45:22 +19m 8s | SouthAfrica21] Extracting interactions: SouthAfrica21.pdf, page 72/116, chunk 1/1
[03:45:24 +19m 11s | SouthAfrica21] Extracting interactions: SouthAfrica21.pdf, page 73/116, chunk 1/2
[03:45:58 +19m 41s | SouthAfrica21] Extracting interactions: SouthAfrica21.pdf, page 74/116, chunk 1/2
[03:46:30 +20m 11s | SouthAfrica21] Extracting interactions: SouthAfrica21.pdf, page 75/116, chunk 1/1
[03:46:50 +20m 28s | SouthAfrica21] Extracting interactions: SouthAfrica21.pdf, page 76/116, chunk 1/2
[03:47:04 +20m 42s | SouthAfrica21] Extracting interactions: SouthAfrica21.pdf, page 76/116, chunk 2/2
[03:47:08 +20m 46s | SouthAfrica21] Extracting interactions: SouthAfrica21.pdf, page 77/116, chunk 1/2
[03:47:13 +20m 51s | SouthAfrica21] Extracting interactions: SouthAfrica21.pdf, page 77/116, chunk 2/2
[03:47:20 +20m 58s | SouthAfrica21] Extracting interactions: SouthAfrica21.pdf, page 78/116, chunk 1/1
[03:47:36 +21m 12s | SouthAfrica21] Extracting interactions: SouthAfrica21.pdf, page 79/116, chunk 1/1
[03:48:01 +21m 34s | SouthAfrica21] Extracting interactions: SouthAfrica21.pdf, page 80/116, chunk 1/1
[03:48:05 +21m 37s | SouthAfrica21] Extracting interactions: SouthAfrica21.pdf, page 82/116, chunk 1/1
[03:48:10 +21m 43s | SouthAfrica21] Extracting interactions: SouthAfrica21.pdf, page 84/116, chunk 1/2
[03:48:18 +21m 50s | SouthAfrica21] Extracting interactions: SouthAfrica21.pdf, page 85/116, chunk 1/2
[03:48:26 +21m 58s | SouthAfrica21] Extracting interactions: SouthAfrica21.pdf, page 86/116, chunk 1/2
[03:48:45 +22m 14s | SouthAfrica21] Extracting interactions: SouthAfrica21.pdf, page 87/116, chunk 1/1
[03:48:52 +22m 21s | SouthAfrica21] Extracting interactions: SouthAfrica21.pdf, page 88/116, chunk 1/2
[03:48:58 +22m 28s | SouthAfrica21] Extracting interactions: SouthAfrica21.pdf, page 89/116, chunk 1/1
[03:49:02 +22m 31s | SouthAfrica21] Extracting interactions: SouthAfrica21.pdf, page 90/116, chunk 1/2
[03:49:16 +22m 43s | SouthAfrica21] Extracting interactions: SouthAfrica21.pdf, page 92/116, chunk 1/1
[03:49:23 +22m 49s | SouthAfrica21] Extracting interactions: SouthAfrica21.pdf, page 93/116, chunk 1/2
[03:49:27 +22m 54s | SouthAfrica21] Extracting interactions: SouthAfrica21.pdf, page 94/116, chunk 1/2
[03:49:32 +22m 58s | SouthAfrica21] Extracting interactions: SouthAfrica21.pdf, page 96/116, chunk 1/2
[03:49:36 +23m 3s | SouthAfrica21] Extracting interactions: SouthAfrica21.pdf, page 98/116, chunk 2/2
[03:49:47 +23m 11s | SouthAfrica21] Extracting interactions: SouthAfrica21.pdf, page 99/116, chunk 1/2
[03:50:17 +23m 41s | SouthAfrica21] Extracting interactions: SouthAfrica21.pdf, page 100/116, chunk 1/2
[03:50:28 +23m 48s | SouthAfrica21] Extracting interactions: SouthAfrica21.pdf, page 100/116, chunk 2/2
[03:50:33 +23m 54s | SouthAfrica21] Extracting interactions: SouthAfrica21.pdf, page 103/116, chunk 1/2
[03:50:51 +24m 12s | SouthAfrica21] Extracting interactions: SouthAfrica21.pdf, page 104/116, chunk 1/2
[03:51:31 +24m 46s | SouthAfrica21] Extracting interactions: SouthAfrica21.pdf, page 105/116, chunk 1/1
[03:51:37 +24m 53s | SouthAfrica21] Extracting interactions: SouthAfrica21.pdf, page 109/116, chunk 1/2
[03:51:47 +25m 2s | SouthAfrica21] Extracting interactions: SouthAfrica21.pdf, page 110/116, chunk 2/2
[03:51:54 +25m 9s | SouthAfrica21] Extracting interactions: SouthAfrica21.pdf, page 111/116, chunk 1/2
[03:51:56 +25m 12s | SouthAfrica21] Extracting interactions: SouthAfrica21.pdf, page 112/116, chunk 1/2
[03:52:02 +25m 18s | SouthAfrica21] Extracting interactions: SouthAfrica21.pdf, page 114/116, chunk 1/1
[03:52:37 +25m 50s | SouthAfrica21] Saved 3_interaction_results.json with 206 extracted interactions.

[03:52:38 +25m 50s | SouthAfrica21] === 4 clean interactions ===
[03:52:38 +25m 50s | SouthAfrica21] Saved 4_edges.json with 32 cleaned interactions.

[03:52:38 +25m 50s | SouthAfrica21] === 5 helix enrichment ===
[03:52:38 +25m 50s | SouthAfrica21] Wrote 5_nodes.json (89 actors)
[03:52:38 +25m 50s | SouthAfrica21] Wrote 5_edges.json (32 interactions)
[03:52:38 +25m 50s | SouthAfrica21] Actor helix counts: {'Academia': 23, 'Civil Society': 3, 'Government': 20, 'Industry': 22, 'Intermediary': 2, 'Unknown': 19}
[03:52:38 +25m 50s | SouthAfrica21] Functional-space counts: {'Consensus': 1, 'Innovation': 6, 'Intra-helix / Not classified': 13, 'Knowledge': 9, 'Unknown': 3}

[03:52:38 +25m 50s | SouthAfrica21] === 6 network visualisation ===
[03:52:41 +25m 50s | SouthAfrica21] Wrote quantum_network.html
[03:52:41 +25m 50s | SouthAfrica21] Nodes: 89
[03:52:41 +25m 50s | SouthAfrica21] Edges: 28

[03:52:41 +25m 51s | SouthAfrica21] Done. Outputs written to: /home/lv/IDP/idpdeeptech/pipeline/pdf_outputs/SouthAfrica21
[03:52:41 +25m 51s | SouthAfrica21] Log: /home/lv/IDP/idpdeeptech/pipeline/pdf_outputs/SouthAfrica21/run.log

========================================================================
RUN FINISHED 2026-06-16 03:52:41  (OK)
Started:     2026-06-16 03:24:28
Elapsed:     25m 51s
========================================================================
