
========================================================================
RUN STARTED  2026-07-02 11:48:50
site_pipeline.py https://thequantuminsider.com/2024/01/29/quantum-computing-takes-the-stage-in-cleveland-clinic-ceo-tom-mihaljevics-2024-state-of-the-clinic-address/
========================================================================

[11:48:50 +0s | thequantuminsider_2024_01_29_quantum_computing_takes_the_stage_in_cleveland_clinic_ceo_to_b9c941dc] === 0 crawl site ===
[11:48:52 +1s | thequantuminsider_2024_01_29_quantum_computing_takes_the_stage_in_cleveland_clinic_ceo_to_b9c941dc] [INIT].... → Crawl4AI 0.8.6 
[11:48:54 +4s | thequantuminsider_2024_01_29_quantum_computing_takes_the_stage_in_cleveland_clinic_ceo_to_b9c941dc] [FETCH]... ↓ https://thequantuminsider.com/2024/01/29/quantum...om-mihaljevics-2024-state-of-the-clinic-address/  | ✓ | ⏱: 2.31s 
[11:48:54 +4s | thequantuminsider_2024_01_29_quantum_computing_takes_the_stage_in_cleveland_clinic_ceo_to_b9c941dc] [SCRAPE].. ◆ https://thequantuminsider.com/2024/01/29/quantum...om-mihaljevics-2024-state-of-the-clinic-address/  | ✓ | ⏱: 0.11s 
[11:48:54 +4s | thequantuminsider_2024_01_29_quantum_computing_takes_the_stage_in_cleveland_clinic_ceo_to_b9c941dc] [COMPLETE] ● https://thequantuminsider.com/2024/01/29/quantum...om-mihaljevics-2024-state-of-the-clinic-address/  | ✓ | ⏱: 2.44s 
[11:48:54 +4s | thequantuminsider_2024_01_29_quantum_computing_takes_the_stage_in_cleveland_clinic_ceo_to_b9c941dc] Saved: crawl_output/1c993561d7_thequantuminsider.com_2024_01_29_quantum-computing-takes-the-stage-in-cleveland-clinic-ceo-tom-mihaljevics-2024-state-of-the-clinic-address.json

[11:48:54 +4s | thequantuminsider_2024_01_29_quantum_computing_takes_the_stage_in_cleveland_clinic_ceo_to_b9c941dc] === 1 actor extraction ===
[11:48:55 +4s | thequantuminsider_2024_01_29_quantum_computing_takes_the_stage_in_cleveland_clinic_ceo_to_b9c941dc] Reading page (1/1): https://thequantuminsider.com/2024/01/29/quantum-computing-takes-the-stage-in-cleveland-clinic-ceo-tom-mihaljevics-2024-state-of-the-clinic-address
[11:48:55 +4s | thequantuminsider_2024_01_29_quantum_computing_takes_the_stage_in_cleveland_clinic_ceo_to_b9c941dc] Extracting actors: https://thequantuminsider.com/2024/01/29/quantum-computing-takes-the-stage-in-cleveland-clinic-ceo-tom-mihaljevics-2024-state-of-the-clinic-address (1/1), chunk 1/36
[11:49:02 +11s | thequantuminsider_2024_01_29_quantum_computing_takes_the_stage_in_cleveland_clinic_ceo_to_b9c941dc] Repaired malformed JSON.
[11:49:02 +11s | thequantuminsider_2024_01_29_quantum_computing_takes_the_stage_in_cleveland_clinic_ceo_to_b9c941dc] Extracting actors: https://thequantuminsider.com/2024/01/29/quantum-computing-takes-the-stage-in-cleveland-clinic-ceo-tom-mihaljevics-2024-state-of-the-clinic-address (1/1), chunk 2/36
[11:49:10 +19s | thequantuminsider_2024_01_29_quantum_computing_takes_the_stage_in_cleveland_clinic_ceo_to_b9c941dc] Repaired malformed JSON.
[11:49:10 +19s | thequantuminsider_2024_01_29_quantum_computing_takes_the_stage_in_cleveland_clinic_ceo_to_b9c941dc] Extracting actors: https://thequantuminsider.com/2024/01/29/quantum-computing-takes-the-stage-in-cleveland-clinic-ceo-tom-mihaljevics-2024-state-of-the-clinic-address (1/1), chunk 3/36
[11:49:16 +26s | thequantuminsider_2024_01_29_quantum_computing_takes_the_stage_in_cleveland_clinic_ceo_to_b9c941dc] Repaired malformed JSON.
[11:49:16 +26s | thequantuminsider_2024_01_29_quantum_computing_takes_the_stage_in_cleveland_clinic_ceo_to_b9c941dc] Extracting actors: https://thequantuminsider.com/2024/01/29/quantum-computing-takes-the-stage-in-cleveland-clinic-ceo-tom-mihaljevics-2024-state-of-the-clinic-address (1/1), chunk 4/36
[11:49:23 +32s | thequantuminsider_2024_01_29_quantum_computing_takes_the_stage_in_cleveland_clinic_ceo_to_b9c941dc] Repaired malformed JSON.
[11:49:23 +32s | thequantuminsider_2024_01_29_quantum_computing_takes_the_stage_in_cleveland_clinic_ceo_to_b9c941dc] Extracting actors: https://thequantuminsider.com/2024/01/29/quantum-computing-takes-the-stage-in-cleveland-clinic-ceo-tom-mihaljevics-2024-state-of-the-clinic-address (1/1), chunk 5/36
[11:49:29 +39s | thequantuminsider_2024_01_29_quantum_computing_takes_the_stage_in_cleveland_clinic_ceo_to_b9c941dc] Repaired malformed JSON.
[11:49:29 +39s | thequantuminsider_2024_01_29_quantum_computing_takes_the_stage_in_cleveland_clinic_ceo_to_b9c941dc] Extracting actors: https://thequantuminsider.com/2024/01/29/quantum-computing-takes-the-stage-in-cleveland-clinic-ceo-tom-mihaljevics-2024-state-of-the-clinic-address (1/1), chunk 6/36
[11:49:36 +45s | thequantuminsider_2024_01_29_quantum_computing_takes_the_stage_in_cleveland_clinic_ceo_to_b9c941dc] Repaired malformed JSON.
[11:49:36 +45s | thequantuminsider_2024_01_29_quantum_computing_takes_the_stage_in_cleveland_clinic_ceo_to_b9c941dc] Extracting actors: https://thequantuminsider.com/2024/01/29/quantum-computing-takes-the-stage-in-cleveland-clinic-ceo-tom-mihaljevics-2024-state-of-the-clinic-address (1/1), chunk 7/36
[11:49:42 +52s | thequantuminsider_2024_01_29_quantum_computing_takes_the_stage_in_cleveland_clinic_ceo_to_b9c941dc] Repaired malformed JSON.
[11:49:42 +52s | thequantuminsider_2024_01_29_quantum_computing_takes_the_stage_in_cleveland_clinic_ceo_to_b9c941dc] Extracting actors: https://thequantuminsider.com/2024/01/29/quantum-computing-takes-the-stage-in-cleveland-clinic-ceo-tom-mihaljevics-2024-state-of-the-clinic-address (1/1), chunk 8/36
[11:49:51 +1m 1s | thequantuminsider_2024_01_29_quantum_computing_takes_the_stage_in_cleveland_clinic_ceo_to_b9c941dc] Repaired malformed JSON.
[11:49:51 +1m 1s | thequantuminsider_2024_01_29_quantum_computing_takes_the_stage_in_cleveland_clinic_ceo_to_b9c941dc] Extracting actors: https://thequantuminsider.com/2024/01/29/quantum-computing-takes-the-stage-in-cleveland-clinic-ceo-tom-mihaljevics-2024-state-of-the-clinic-address (1/1), chunk 9/36
[11:49:59 +1m 9s | thequantuminsider_2024_01_29_quantum_computing_takes_the_stage_in_cleveland_clinic_ceo_to_b9c941dc] Repaired malformed JSON.
[11:49:59 +1m 9s | thequantuminsider_2024_01_29_quantum_computing_takes_the_stage_in_cleveland_clinic_ceo_to_b9c941dc] Extracting actors: https://thequantuminsider.com/2024/01/29/quantum-computing-takes-the-stage-in-cleveland-clinic-ceo-tom-mihaljevics-2024-state-of-the-clinic-address (1/1), chunk 10/36
[11:50:06 +1m 15s | thequantuminsider_2024_01_29_quantum_computing_takes_the_stage_in_cleveland_clinic_ceo_to_b9c941dc] Repaired malformed JSON.
[11:50:06 +1m 15s | thequantuminsider_2024_01_29_quantum_computing_takes_the_stage_in_cleveland_clinic_ceo_to_b9c941dc] Extracting actors: https://thequantuminsider.com/2024/01/29/quantum-computing-takes-the-stage-in-cleveland-clinic-ceo-tom-mihaljevics-2024-state-of-the-clinic-address (1/1), chunk 11/36
[11:50:15 +1m 24s | thequantuminsider_2024_01_29_quantum_computing_takes_the_stage_in_cleveland_clinic_ceo_to_b9c941dc] Repaired malformed JSON.
[11:50:15 +1m 24s | thequantuminsider_2024_01_29_quantum_computing_takes_the_stage_in_cleveland_clinic_ceo_to_b9c941dc] Extracting actors: https://thequantuminsider.com/2024/01/29/quantum-computing-takes-the-stage-in-cleveland-clinic-ceo-tom-mihaljevics-2024-state-of-the-clinic-address (1/1), chunk 12/36
[11:50:21 +1m 31s | thequantuminsider_2024_01_29_quantum_computing_takes_the_stage_in_cleveland_clinic_ceo_to_b9c941dc] Repaired malformed JSON.
[11:50:21 +1m 31s | thequantuminsider_2024_01_29_quantum_computing_takes_the_stage_in_cleveland_clinic_ceo_to_b9c941dc] Extracting actors: https://thequantuminsider.com/2024/01/29/quantum-computing-takes-the-stage-in-cleveland-clinic-ceo-tom-mihaljevics-2024-state-of-the-clinic-address (1/1), chunk 13/36
[11:50:27 +1m 37s | thequantuminsider_2024_01_29_quantum_computing_takes_the_stage_in_cleveland_clinic_ceo_to_b9c941dc] Repaired malformed JSON.
[11:50:27 +1m 37s | thequantuminsider_2024_01_29_quantum_computing_takes_the_stage_in_cleveland_clinic_ceo_to_b9c941dc] Extracting actors: https://thequantuminsider.com/2024/01/29/quantum-computing-takes-the-stage-in-cleveland-clinic-ceo-tom-mihaljevics-2024-state-of-the-clinic-address (1/1), chunk 14/36
[11:50:35 +1m 44s | thequantuminsider_2024_01_29_quantum_computing_takes_the_stage_in_cleveland_clinic_ceo_to_b9c941dc] Repaired malformed JSON.
[11:50:35 +1m 44s | thequantuminsider_2024_01_29_quantum_computing_takes_the_stage_in_cleveland_clinic_ceo_to_b9c941dc] Extracting actors: https://thequantuminsider.com/2024/01/29/quantum-computing-takes-the-stage-in-cleveland-clinic-ceo-tom-mihaljevics-2024-state-of-the-clinic-address (1/1), chunk 15/36
[11:50:41 +1m 50s | thequantuminsider_2024_01_29_quantum_computing_takes_the_stage_in_cleveland_clinic_ceo_to_b9c941dc] Repaired malformed JSON.
[11:50:41 +1m 50s | thequantuminsider_2024_01_29_quantum_computing_takes_the_stage_in_cleveland_clinic_ceo_to_b9c941dc] Extracting actors: https://thequantuminsider.com/2024/01/29/quantum-computing-takes-the-stage-in-cleveland-clinic-ceo-tom-mihaljevics-2024-state-of-the-clinic-address (1/1), chunk 16/36
[11:50:48 +1m 57s | thequantuminsider_2024_01_29_quantum_computing_takes_the_stage_in_cleveland_clinic_ceo_to_b9c941dc] Repaired malformed JSON.
[11:50:48 +1m 57s | thequantuminsider_2024_01_29_quantum_computing_takes_the_stage_in_cleveland_clinic_ceo_to_b9c941dc] Extracting actors: https://thequantuminsider.com/2024/01/29/quantum-computing-takes-the-stage-in-cleveland-clinic-ceo-tom-mihaljevics-2024-state-of-the-clinic-address (1/1), chunk 17/36
[11:50:54 +2m 4s | thequantuminsider_2024_01_29_quantum_computing_takes_the_stage_in_cleveland_clinic_ceo_to_b9c941dc] Repaired malformed JSON.
[11:50:54 +2m 4s | thequantuminsider_2024_01_29_quantum_computing_takes_the_stage_in_cleveland_clinic_ceo_to_b9c941dc] Extracting actors: https://thequantuminsider.com/2024/01/29/quantum-computing-takes-the-stage-in-cleveland-clinic-ceo-tom-mihaljevics-2024-state-of-the-clinic-address (1/1), chunk 18/36
[11:51:01 +2m 11s | thequantuminsider_2024_01_29_quantum_computing_takes_the_stage_in_cleveland_clinic_ceo_to_b9c941dc] Repaired malformed JSON.
[11:51:01 +2m 11s | thequantuminsider_2024_01_29_quantum_computing_takes_the_stage_in_cleveland_clinic_ceo_to_b9c941dc] Extracting actors: https://thequantuminsider.com/2024/01/29/quantum-computing-takes-the-stage-in-cleveland-clinic-ceo-tom-mihaljevics-2024-state-of-the-clinic-address (1/1), chunk 19/36
[11:51:07 +2m 17s | thequantuminsider_2024_01_29_quantum_computing_takes_the_stage_in_cleveland_clinic_ceo_to_b9c941dc] Repaired malformed JSON.
[11:51:07 +2m 17s | thequantuminsider_2024_01_29_quantum_computing_takes_the_stage_in_cleveland_clinic_ceo_to_b9c941dc] Extracting actors: https://thequantuminsider.com/2024/01/29/quantum-computing-takes-the-stage-in-cleveland-clinic-ceo-tom-mihaljevics-2024-state-of-the-clinic-address (1/1), chunk 20/36
[11:51:12 +2m 22s | thequantuminsider_2024_01_29_quantum_computing_takes_the_stage_in_cleveland_clinic_ceo_to_b9c941dc] Repaired malformed JSON.
[11:51:12 +2m 22s | thequantuminsider_2024_01_29_quantum_computing_takes_the_stage_in_cleveland_clinic_ceo_to_b9c941dc] Extracting actors: https://thequantuminsider.com/2024/01/29/quantum-computing-takes-the-stage-in-cleveland-clinic-ceo-tom-mihaljevics-2024-state-of-the-clinic-address (1/1), chunk 21/36
[11:51:18 +2m 28s | thequantuminsider_2024_01_29_quantum_computing_takes_the_stage_in_cleveland_clinic_ceo_to_b9c941dc] Repaired malformed JSON.
[11:51:18 +2m 28s | thequantuminsider_2024_01_29_quantum_computing_takes_the_stage_in_cleveland_clinic_ceo_to_b9c941dc] Extracting actors: https://thequantuminsider.com/2024/01/29/quantum-computing-takes-the-stage-in-cleveland-clinic-ceo-tom-mihaljevics-2024-state-of-the-clinic-address (1/1), chunk 22/36
[11:51:24 +2m 34s | thequantuminsider_2024_01_29_quantum_computing_takes_the_stage_in_cleveland_clinic_ceo_to_b9c941dc] Repaired malformed JSON.
[11:51:24 +2m 34s | thequantuminsider_2024_01_29_quantum_computing_takes_the_stage_in_cleveland_clinic_ceo_to_b9c941dc] Extracting actors: https://thequantuminsider.com/2024/01/29/quantum-computing-takes-the-stage-in-cleveland-clinic-ceo-tom-mihaljevics-2024-state-of-the-clinic-address (1/1), chunk 23/36
[11:51:30 +2m 40s | thequantuminsider_2024_01_29_quantum_computing_takes_the_stage_in_cleveland_clinic_ceo_to_b9c941dc] Repaired malformed JSON.
[11:51:30 +2m 40s | thequantuminsider_2024_01_29_quantum_computing_takes_the_stage_in_cleveland_clinic_ceo_to_b9c941dc] Extracting actors: https://thequantuminsider.com/2024/01/29/quantum-computing-takes-the-stage-in-cleveland-clinic-ceo-tom-mihaljevics-2024-state-of-the-clinic-address (1/1), chunk 24/36
[11:51:36 +2m 45s | thequantuminsider_2024_01_29_quantum_computing_takes_the_stage_in_cleveland_clinic_ceo_to_b9c941dc] Repaired malformed JSON.
[11:51:36 +2m 45s | thequantuminsider_2024_01_29_quantum_computing_takes_the_stage_in_cleveland_clinic_ceo_to_b9c941dc] Extracting actors: https://thequantuminsider.com/2024/01/29/quantum-computing-takes-the-stage-in-cleveland-clinic-ceo-tom-mihaljevics-2024-state-of-the-clinic-address (1/1), chunk 25/36
[11:51:42 +2m 52s | thequantuminsider_2024_01_29_quantum_computing_takes_the_stage_in_cleveland_clinic_ceo_to_b9c941dc] Repaired malformed JSON.
[11:51:42 +2m 52s | thequantuminsider_2024_01_29_quantum_computing_takes_the_stage_in_cleveland_clinic_ceo_to_b9c941dc] Extracting actors: https://thequantuminsider.com/2024/01/29/quantum-computing-takes-the-stage-in-cleveland-clinic-ceo-tom-mihaljevics-2024-state-of-the-clinic-address (1/1), chunk 26/36
[11:51:46 +2m 56s | thequantuminsider_2024_01_29_quantum_computing_takes_the_stage_in_cleveland_clinic_ceo_to_b9c941dc] Extracting actors: https://thequantuminsider.com/2024/01/29/quantum-computing-takes-the-stage-in-cleveland-clinic-ceo-tom-mihaljevics-2024-state-of-the-clinic-address (1/1), chunk 27/36
[11:51:53 +3m 3s | thequantuminsider_2024_01_29_quantum_computing_takes_the_stage_in_cleveland_clinic_ceo_to_b9c941dc] Repaired malformed JSON.
[11:51:53 +3m 3s | thequantuminsider_2024_01_29_quantum_computing_takes_the_stage_in_cleveland_clinic_ceo_to_b9c941dc] Extracting actors: https://thequantuminsider.com/2024/01/29/quantum-computing-takes-the-stage-in-cleveland-clinic-ceo-tom-mihaljevics-2024-state-of-the-clinic-address (1/1), chunk 28/36
[11:52:00 +3m 9s | thequantuminsider_2024_01_29_quantum_computing_takes_the_stage_in_cleveland_clinic_ceo_to_b9c941dc] Repaired malformed JSON.
[11:52:00 +3m 9s | thequantuminsider_2024_01_29_quantum_computing_takes_the_stage_in_cleveland_clinic_ceo_to_b9c941dc] Extracting actors: https://thequantuminsider.com/2024/01/29/quantum-computing-takes-the-stage-in-cleveland-clinic-ceo-tom-mihaljevics-2024-state-of-the-clinic-address (1/1), chunk 29/36
[11:52:08 +3m 17s | thequantuminsider_2024_01_29_quantum_computing_takes_the_stage_in_cleveland_clinic_ceo_to_b9c941dc] Repaired malformed JSON.
[11:52:08 +3m 17s | thequantuminsider_2024_01_29_quantum_computing_takes_the_stage_in_cleveland_clinic_ceo_to_b9c941dc] Extracting actors: https://thequantuminsider.com/2024/01/29/quantum-computing-takes-the-stage-in-cleveland-clinic-ceo-tom-mihaljevics-2024-state-of-the-clinic-address (1/1), chunk 30/36
[11:52:14 +3m 24s | thequantuminsider_2024_01_29_quantum_computing_takes_the_stage_in_cleveland_clinic_ceo_to_b9c941dc] Repaired malformed JSON.
[11:52:14 +3m 24s | thequantuminsider_2024_01_29_quantum_computing_takes_the_stage_in_cleveland_clinic_ceo_to_b9c941dc] Extracting actors: https://thequantuminsider.com/2024/01/29/quantum-computing-takes-the-stage-in-cleveland-clinic-ceo-tom-mihaljevics-2024-state-of-the-clinic-address (1/1), chunk 31/36
[11:52:19 +3m 29s | thequantuminsider_2024_01_29_quantum_computing_takes_the_stage_in_cleveland_clinic_ceo_to_b9c941dc] Repaired malformed JSON.
[11:52:19 +3m 29s | thequantuminsider_2024_01_29_quantum_computing_takes_the_stage_in_cleveland_clinic_ceo_to_b9c941dc] Extracting actors: https://thequantuminsider.com/2024/01/29/quantum-computing-takes-the-stage-in-cleveland-clinic-ceo-tom-mihaljevics-2024-state-of-the-clinic-address (1/1), chunk 32/36
[11:52:25 +3m 35s | thequantuminsider_2024_01_29_quantum_computing_takes_the_stage_in_cleveland_clinic_ceo_to_b9c941dc] Repaired malformed JSON.
[11:52:25 +3m 35s | thequantuminsider_2024_01_29_quantum_computing_takes_the_stage_in_cleveland_clinic_ceo_to_b9c941dc] Extracting actors: https://thequantuminsider.com/2024/01/29/quantum-computing-takes-the-stage-in-cleveland-clinic-ceo-tom-mihaljevics-2024-state-of-the-clinic-address (1/1), chunk 33/36
[11:52:33 +3m 43s | thequantuminsider_2024_01_29_quantum_computing_takes_the_stage_in_cleveland_clinic_ceo_to_b9c941dc] Repaired malformed JSON.
[11:52:33 +3m 43s | thequantuminsider_2024_01_29_quantum_computing_takes_the_stage_in_cleveland_clinic_ceo_to_b9c941dc] Extracting actors: https://thequantuminsider.com/2024/01/29/quantum-computing-takes-the-stage-in-cleveland-clinic-ceo-tom-mihaljevics-2024-state-of-the-clinic-address (1/1), chunk 34/36
[11:52:41 +3m 51s | thequantuminsider_2024_01_29_quantum_computing_takes_the_stage_in_cleveland_clinic_ceo_to_b9c941dc] Repaired malformed JSON.
[11:52:41 +3m 51s | thequantuminsider_2024_01_29_quantum_computing_takes_the_stage_in_cleveland_clinic_ceo_to_b9c941dc] Extracting actors: https://thequantuminsider.com/2024/01/29/quantum-computing-takes-the-stage-in-cleveland-clinic-ceo-tom-mihaljevics-2024-state-of-the-clinic-address (1/1), chunk 35/36
[11:52:47 +3m 57s | thequantuminsider_2024_01_29_quantum_computing_takes_the_stage_in_cleveland_clinic_ceo_to_b9c941dc] Repaired malformed JSON.
[11:52:47 +3m 57s | thequantuminsider_2024_01_29_quantum_computing_takes_the_stage_in_cleveland_clinic_ceo_to_b9c941dc] Extracting actors: https://thequantuminsider.com/2024/01/29/quantum-computing-takes-the-stage-in-cleveland-clinic-ceo-tom-mihaljevics-2024-state-of-the-clinic-address (1/1), chunk 36/36
[11:52:53 +4m 3s | thequantuminsider_2024_01_29_quantum_computing_takes_the_stage_in_cleveland_clinic_ceo_to_b9c941dc] Repaired malformed JSON.
[11:52:53 +4m 3s | thequantuminsider_2024_01_29_quantum_computing_takes_the_stage_in_cleveland_clinic_ceo_to_b9c941dc] Saved 1_actor_results.json with 69 extracted records

[11:52:54 +4m 3s | thequantuminsider_2024_01_29_quantum_computing_takes_the_stage_in_cleveland_clinic_ceo_to_b9c941dc] === 2 clean actors ===
[11:52:54 +4m 3s | thequantuminsider_2024_01_29_quantum_computing_takes_the_stage_in_cleveland_clinic_ceo_to_b9c941dc] Loaded 69 extracted records
[11:52:54 +4m 3s | thequantuminsider_2024_01_29_quantum_computing_takes_the_stage_in_cleveland_clinic_ceo_to_b9c941dc] Saved 2_actor_nodes.json with 17 canonical actor nodes

[11:52:54 +4m 3s | thequantuminsider_2024_01_29_quantum_computing_takes_the_stage_in_cleveland_clinic_ceo_to_b9c941dc] === 3 interaction extraction ===
[11:52:54 +4m 4s | thequantuminsider_2024_01_29_quantum_computing_takes_the_stage_in_cleveland_clinic_ceo_to_b9c941dc] Extracting interactions: https://thequantuminsider.com/2024/01/29/quantum-computing-takes-the-stage-in-cleveland-clinic-ceo-tom-mihaljevics-2024-state-of-the-clinic-address (1/1), chunk 11/36
[11:53:00 +4m 10s | thequantuminsider_2024_01_29_quantum_computing_takes_the_stage_in_cleveland_clinic_ceo_to_b9c941dc] Extracting interactions: https://thequantuminsider.com/2024/01/29/quantum-computing-takes-the-stage-in-cleveland-clinic-ceo-tom-mihaljevics-2024-state-of-the-clinic-address (1/1), chunk 12/36
[11:53:12 +4m 22s | thequantuminsider_2024_01_29_quantum_computing_takes_the_stage_in_cleveland_clinic_ceo_to_b9c941dc] Extracting interactions: https://thequantuminsider.com/2024/01/29/quantum-computing-takes-the-stage-in-cleveland-clinic-ceo-tom-mihaljevics-2024-state-of-the-clinic-address (1/1), chunk 13/36
[11:53:27 +4m 36s | thequantuminsider_2024_01_29_quantum_computing_takes_the_stage_in_cleveland_clinic_ceo_to_b9c941dc] Extracting interactions: https://thequantuminsider.com/2024/01/29/quantum-computing-takes-the-stage-in-cleveland-clinic-ceo-tom-mihaljevics-2024-state-of-the-clinic-address (1/1), chunk 14/36
[11:53:31 +4m 40s | thequantuminsider_2024_01_29_quantum_computing_takes_the_stage_in_cleveland_clinic_ceo_to_b9c941dc] Extracting interactions: https://thequantuminsider.com/2024/01/29/quantum-computing-takes-the-stage-in-cleveland-clinic-ceo-tom-mihaljevics-2024-state-of-the-clinic-address (1/1), chunk 15/36
[11:53:39 +4m 48s | thequantuminsider_2024_01_29_quantum_computing_takes_the_stage_in_cleveland_clinic_ceo_to_b9c941dc] Extracting interactions: https://thequantuminsider.com/2024/01/29/quantum-computing-takes-the-stage-in-cleveland-clinic-ceo-tom-mihaljevics-2024-state-of-the-clinic-address (1/1), chunk 16/36
[11:53:43 +4m 53s | thequantuminsider_2024_01_29_quantum_computing_takes_the_stage_in_cleveland_clinic_ceo_to_b9c941dc] Extracting interactions: https://thequantuminsider.com/2024/01/29/quantum-computing-takes-the-stage-in-cleveland-clinic-ceo-tom-mihaljevics-2024-state-of-the-clinic-address (1/1), chunk 17/36
[11:53:50 +4m 59s | thequantuminsider_2024_01_29_quantum_computing_takes_the_stage_in_cleveland_clinic_ceo_to_b9c941dc] Extracting interactions: https://thequantuminsider.com/2024/01/29/quantum-computing-takes-the-stage-in-cleveland-clinic-ceo-tom-mihaljevics-2024-state-of-the-clinic-address (1/1), chunk 18/36
[11:53:52 +5m 1s | thequantuminsider_2024_01_29_quantum_computing_takes_the_stage_in_cleveland_clinic_ceo_to_b9c941dc] Extracting interactions: https://thequantuminsider.com/2024/01/29/quantum-computing-takes-the-stage-in-cleveland-clinic-ceo-tom-mihaljevics-2024-state-of-the-clinic-address (1/1), chunk 19/36
[11:54:00 +5m 10s | thequantuminsider_2024_01_29_quantum_computing_takes_the_stage_in_cleveland_clinic_ceo_to_b9c941dc] Extracting interactions: https://thequantuminsider.com/2024/01/29/quantum-computing-takes-the-stage-in-cleveland-clinic-ceo-tom-mihaljevics-2024-state-of-the-clinic-address (1/1), chunk 20/36
[11:54:02 +5m 12s | thequantuminsider_2024_01_29_quantum_computing_takes_the_stage_in_cleveland_clinic_ceo_to_b9c941dc] Extracting interactions: https://thequantuminsider.com/2024/01/29/quantum-computing-takes-the-stage-in-cleveland-clinic-ceo-tom-mihaljevics-2024-state-of-the-clinic-address (1/1), chunk 21/36
[11:54:09 +5m 19s | thequantuminsider_2024_01_29_quantum_computing_takes_the_stage_in_cleveland_clinic_ceo_to_b9c941dc] Extracting interactions: https://thequantuminsider.com/2024/01/29/quantum-computing-takes-the-stage-in-cleveland-clinic-ceo-tom-mihaljevics-2024-state-of-the-clinic-address (1/1), chunk 22/36
[11:54:18 +5m 27s | thequantuminsider_2024_01_29_quantum_computing_takes_the_stage_in_cleveland_clinic_ceo_to_b9c941dc] Extracting interactions: https://thequantuminsider.com/2024/01/29/quantum-computing-takes-the-stage-in-cleveland-clinic-ceo-tom-mihaljevics-2024-state-of-the-clinic-address (1/1), chunk 25/36
[11:54:21 +5m 31s | thequantuminsider_2024_01_29_quantum_computing_takes_the_stage_in_cleveland_clinic_ceo_to_b9c941dc] Extracting interactions: https://thequantuminsider.com/2024/01/29/quantum-computing-takes-the-stage-in-cleveland-clinic-ceo-tom-mihaljevics-2024-state-of-the-clinic-address (1/1), chunk 26/36
[11:54:23 +5m 32s | thequantuminsider_2024_01_29_quantum_computing_takes_the_stage_in_cleveland_clinic_ceo_to_b9c941dc] Extracting interactions: https://thequantuminsider.com/2024/01/29/quantum-computing-takes-the-stage-in-cleveland-clinic-ceo-tom-mihaljevics-2024-state-of-the-clinic-address (1/1), chunk 27/36
[11:54:24 +5m 34s | thequantuminsider_2024_01_29_quantum_computing_takes_the_stage_in_cleveland_clinic_ceo_to_b9c941dc] Extracting interactions: https://thequantuminsider.com/2024/01/29/quantum-computing-takes-the-stage-in-cleveland-clinic-ceo-tom-mihaljevics-2024-state-of-the-clinic-address (1/1), chunk 29/36
[11:54:26 +5m 35s | thequantuminsider_2024_01_29_quantum_computing_takes_the_stage_in_cleveland_clinic_ceo_to_b9c941dc] Extracting interactions: https://thequantuminsider.com/2024/01/29/quantum-computing-takes-the-stage-in-cleveland-clinic-ceo-tom-mihaljevics-2024-state-of-the-clinic-address (1/1), chunk 30/36
[11:54:27 +5m 37s | thequantuminsider_2024_01_29_quantum_computing_takes_the_stage_in_cleveland_clinic_ceo_to_b9c941dc] Extracting interactions: https://thequantuminsider.com/2024/01/29/quantum-computing-takes-the-stage-in-cleveland-clinic-ceo-tom-mihaljevics-2024-state-of-the-clinic-address (1/1), chunk 31/36
[11:54:29 +5m 38s | thequantuminsider_2024_01_29_quantum_computing_takes_the_stage_in_cleveland_clinic_ceo_to_b9c941dc] Extracting interactions: https://thequantuminsider.com/2024/01/29/quantum-computing-takes-the-stage-in-cleveland-clinic-ceo-tom-mihaljevics-2024-state-of-the-clinic-address (1/1), chunk 32/36
[11:54:30 +5m 40s | thequantuminsider_2024_01_29_quantum_computing_takes_the_stage_in_cleveland_clinic_ceo_to_b9c941dc] Extracting interactions: https://thequantuminsider.com/2024/01/29/quantum-computing-takes-the-stage-in-cleveland-clinic-ceo-tom-mihaljevics-2024-state-of-the-clinic-address (1/1), chunk 34/36
[11:54:31 +5m 41s | thequantuminsider_2024_01_29_quantum_computing_takes_the_stage_in_cleveland_clinic_ceo_to_b9c941dc] Extracting interactions: https://thequantuminsider.com/2024/01/29/quantum-computing-takes-the-stage-in-cleveland-clinic-ceo-tom-mihaljevics-2024-state-of-the-clinic-address (1/1), chunk 35/36
[11:54:35 +5m 44s | thequantuminsider_2024_01_29_quantum_computing_takes_the_stage_in_cleveland_clinic_ceo_to_b9c941dc] Extracting interactions: https://thequantuminsider.com/2024/01/29/quantum-computing-takes-the-stage-in-cleveland-clinic-ceo-tom-mihaljevics-2024-state-of-the-clinic-address (1/1), chunk 36/36
[11:54:36 +5m 46s | thequantuminsider_2024_01_29_quantum_computing_takes_the_stage_in_cleveland_clinic_ceo_to_b9c941dc] Saved 3_interaction_results.json with 17 extracted interactions.

[11:54:36 +5m 46s | thequantuminsider_2024_01_29_quantum_computing_takes_the_stage_in_cleveland_clinic_ceo_to_b9c941dc] === 4 clean interactions ===
[11:54:36 +5m 46s | thequantuminsider_2024_01_29_quantum_computing_takes_the_stage_in_cleveland_clinic_ceo_to_b9c941dc] Saved 4_edges.json with 5 cleaned interactions.

[11:54:36 +5m 46s | thequantuminsider_2024_01_29_quantum_computing_takes_the_stage_in_cleveland_clinic_ceo_to_b9c941dc] === 5 helix enrichment ===
[11:54:36 +5m 46s | thequantuminsider_2024_01_29_quantum_computing_takes_the_stage_in_cleveland_clinic_ceo_to_b9c941dc] Wrote 5_nodes.json (17 actors)
[11:54:36 +5m 46s | thequantuminsider_2024_01_29_quantum_computing_takes_the_stage_in_cleveland_clinic_ceo_to_b9c941dc] Wrote 5_edges.json (5 interactions)
[11:54:36 +5m 46s | thequantuminsider_2024_01_29_quantum_computing_takes_the_stage_in_cleveland_clinic_ceo_to_b9c941dc] Actor helix counts: {'Academia': 2, 'Civil Society': 1, 'Government': 1, 'Industry': 3, 'Intermediary': 1, 'Unknown': 9}
[11:54:36 +5m 46s | thequantuminsider_2024_01_29_quantum_computing_takes_the_stage_in_cleveland_clinic_ceo_to_b9c941dc] Functional-space counts: {'Intra-helix / Not classified': 5}

[11:54:36 +5m 46s | thequantuminsider_2024_01_29_quantum_computing_takes_the_stage_in_cleveland_clinic_ceo_to_b9c941dc] === 6 network visualisation ===
[11:54:37 +5m 46s | thequantuminsider_2024_01_29_quantum_computing_takes_the_stage_in_cleveland_clinic_ceo_to_b9c941dc] Wrote quantum_network.html
[11:54:37 +5m 46s | thequantuminsider_2024_01_29_quantum_computing_takes_the_stage_in_cleveland_clinic_ceo_to_b9c941dc] Nodes: 17
[11:54:37 +5m 46s | thequantuminsider_2024_01_29_quantum_computing_takes_the_stage_in_cleveland_clinic_ceo_to_b9c941dc] Edges: 1

[11:54:37 +5m 46s | thequantuminsider_2024_01_29_quantum_computing_takes_the_stage_in_cleveland_clinic_ceo_to_b9c941dc] Done. Outputs written to: /home/lv/IDP/idpdeeptech/pipeline/news_outputs/thequantuminsider_2024_01_29_quantum_computing_takes_the_stage_in_cleveland_clinic_ceo_to_b9c941dc
[11:54:37 +5m 46s | thequantuminsider_2024_01_29_quantum_computing_takes_the_stage_in_cleveland_clinic_ceo_to_b9c941dc] Log: /home/lv/IDP/idpdeeptech/pipeline/news_outputs/thequantuminsider_2024_01_29_quantum_computing_takes_the_stage_in_cleveland_clinic_ceo_to_b9c941dc/run.log

========================================================================
RUN FINISHED 2026-07-02 11:54:37  (OK)
Started:     2026-07-02 11:48:50
Elapsed:     5m 46s
========================================================================
