
========================================================================
RUN STARTED  2026-07-02 13:11:58
site_pipeline.py https://thequantuminsider.com/2024/01/11/entrust-introduces-first-commercially-available-post-quantum-ready-pki-platform/
========================================================================

[13:11:58 +0s | thequantuminsider_2024_01_11_entrust_introduces_first_commercially_available_post_quantum_cf1f32c8] === 0 crawl site ===
[13:12:03 +4s | thequantuminsider_2024_01_11_entrust_introduces_first_commercially_available_post_quantum_cf1f32c8] [INIT].... → Crawl4AI 0.8.6 
[13:12:06 +8s | thequantuminsider_2024_01_11_entrust_introduces_first_commercially_available_post_quantum_cf1f32c8] [FETCH]... ↓ https://thequantuminsider.com/2024/01/11/entrust...ially-available-post-quantum-ready-pki-platform/  | ✓ | ⏱: 3.46s 
[13:12:06 +8s | thequantuminsider_2024_01_11_entrust_introduces_first_commercially_available_post_quantum_cf1f32c8] [SCRAPE].. ◆ https://thequantuminsider.com/2024/01/11/entrust...ially-available-post-quantum-ready-pki-platform/  | ✓ | ⏱: 0.13s 
[13:12:06 +8s | thequantuminsider_2024_01_11_entrust_introduces_first_commercially_available_post_quantum_cf1f32c8] [COMPLETE] ● https://thequantuminsider.com/2024/01/11/entrust...ially-available-post-quantum-ready-pki-platform/  | ✓ | ⏱: 3.61s 
[13:12:06 +8s | thequantuminsider_2024_01_11_entrust_introduces_first_commercially_available_post_quantum_cf1f32c8] Saved: crawl_output/5be2d5ac91_thequantuminsider.com_2024_01_11_entrust-introduces-first-commercially-available-post-quantum-ready-pki-platform.json

[13:12:07 +8s | thequantuminsider_2024_01_11_entrust_introduces_first_commercially_available_post_quantum_cf1f32c8] === 1 actor extraction ===
[13:12:07 +8s | thequantuminsider_2024_01_11_entrust_introduces_first_commercially_available_post_quantum_cf1f32c8] Reading page (1/1): https://thequantuminsider.com/2024/01/11/entrust-introduces-first-commercially-available-post-quantum-ready-pki-platform
[13:12:07 +8s | thequantuminsider_2024_01_11_entrust_introduces_first_commercially_available_post_quantum_cf1f32c8] Extracting actors: https://thequantuminsider.com/2024/01/11/entrust-introduces-first-commercially-available-post-quantum-ready-pki-platform (1/1), chunk 1/36
[13:12:11 +13s | thequantuminsider_2024_01_11_entrust_introduces_first_commercially_available_post_quantum_cf1f32c8] Extracting actors: https://thequantuminsider.com/2024/01/11/entrust-introduces-first-commercially-available-post-quantum-ready-pki-platform (1/1), chunk 2/36
[13:12:16 +18s | thequantuminsider_2024_01_11_entrust_introduces_first_commercially_available_post_quantum_cf1f32c8] Extracting actors: https://thequantuminsider.com/2024/01/11/entrust-introduces-first-commercially-available-post-quantum-ready-pki-platform (1/1), chunk 3/36
[13:12:21 +23s | thequantuminsider_2024_01_11_entrust_introduces_first_commercially_available_post_quantum_cf1f32c8] Extracting actors: https://thequantuminsider.com/2024/01/11/entrust-introduces-first-commercially-available-post-quantum-ready-pki-platform (1/1), chunk 4/36
[13:12:28 +29s | thequantuminsider_2024_01_11_entrust_introduces_first_commercially_available_post_quantum_cf1f32c8] Extracting actors: https://thequantuminsider.com/2024/01/11/entrust-introduces-first-commercially-available-post-quantum-ready-pki-platform (1/1), chunk 5/36
[13:12:32 +34s | thequantuminsider_2024_01_11_entrust_introduces_first_commercially_available_post_quantum_cf1f32c8] Extracting actors: https://thequantuminsider.com/2024/01/11/entrust-introduces-first-commercially-available-post-quantum-ready-pki-platform (1/1), chunk 6/36
[13:12:39 +40s | thequantuminsider_2024_01_11_entrust_introduces_first_commercially_available_post_quantum_cf1f32c8] Repaired malformed JSON.
[13:12:39 +40s | thequantuminsider_2024_01_11_entrust_introduces_first_commercially_available_post_quantum_cf1f32c8] Extracting actors: https://thequantuminsider.com/2024/01/11/entrust-introduces-first-commercially-available-post-quantum-ready-pki-platform (1/1), chunk 7/36
[13:12:43 +44s | thequantuminsider_2024_01_11_entrust_introduces_first_commercially_available_post_quantum_cf1f32c8] Extracting actors: https://thequantuminsider.com/2024/01/11/entrust-introduces-first-commercially-available-post-quantum-ready-pki-platform (1/1), chunk 8/36
[13:12:48 +49s | thequantuminsider_2024_01_11_entrust_introduces_first_commercially_available_post_quantum_cf1f32c8] Extracting actors: https://thequantuminsider.com/2024/01/11/entrust-introduces-first-commercially-available-post-quantum-ready-pki-platform (1/1), chunk 9/36
[13:12:52 +54s | thequantuminsider_2024_01_11_entrust_introduces_first_commercially_available_post_quantum_cf1f32c8] Extracting actors: https://thequantuminsider.com/2024/01/11/entrust-introduces-first-commercially-available-post-quantum-ready-pki-platform (1/1), chunk 10/36
[13:13:00 +1m 1s | thequantuminsider_2024_01_11_entrust_introduces_first_commercially_available_post_quantum_cf1f32c8] Extracting actors: https://thequantuminsider.com/2024/01/11/entrust-introduces-first-commercially-available-post-quantum-ready-pki-platform (1/1), chunk 11/36
[13:13:06 +1m 7s | thequantuminsider_2024_01_11_entrust_introduces_first_commercially_available_post_quantum_cf1f32c8] Repaired malformed JSON.
[13:13:06 +1m 7s | thequantuminsider_2024_01_11_entrust_introduces_first_commercially_available_post_quantum_cf1f32c8] Extracting actors: https://thequantuminsider.com/2024/01/11/entrust-introduces-first-commercially-available-post-quantum-ready-pki-platform (1/1), chunk 12/36
[13:13:11 +1m 13s | thequantuminsider_2024_01_11_entrust_introduces_first_commercially_available_post_quantum_cf1f32c8] Repaired malformed JSON.
[13:13:11 +1m 13s | thequantuminsider_2024_01_11_entrust_introduces_first_commercially_available_post_quantum_cf1f32c8] Extracting actors: https://thequantuminsider.com/2024/01/11/entrust-introduces-first-commercially-available-post-quantum-ready-pki-platform (1/1), chunk 13/36
[13:13:19 +1m 21s | thequantuminsider_2024_01_11_entrust_introduces_first_commercially_available_post_quantum_cf1f32c8] Repaired malformed JSON.
[13:13:19 +1m 21s | thequantuminsider_2024_01_11_entrust_introduces_first_commercially_available_post_quantum_cf1f32c8] Extracting actors: https://thequantuminsider.com/2024/01/11/entrust-introduces-first-commercially-available-post-quantum-ready-pki-platform (1/1), chunk 14/36
[13:13:28 +1m 30s | thequantuminsider_2024_01_11_entrust_introduces_first_commercially_available_post_quantum_cf1f32c8] Repaired malformed JSON.
[13:13:28 +1m 30s | thequantuminsider_2024_01_11_entrust_introduces_first_commercially_available_post_quantum_cf1f32c8] Extracting actors: https://thequantuminsider.com/2024/01/11/entrust-introduces-first-commercially-available-post-quantum-ready-pki-platform (1/1), chunk 15/36
[13:13:36 +1m 37s | thequantuminsider_2024_01_11_entrust_introduces_first_commercially_available_post_quantum_cf1f32c8] Repaired malformed JSON.
[13:13:36 +1m 37s | thequantuminsider_2024_01_11_entrust_introduces_first_commercially_available_post_quantum_cf1f32c8] Extracting actors: https://thequantuminsider.com/2024/01/11/entrust-introduces-first-commercially-available-post-quantum-ready-pki-platform (1/1), chunk 16/36
[13:13:42 +1m 44s | thequantuminsider_2024_01_11_entrust_introduces_first_commercially_available_post_quantum_cf1f32c8] Repaired malformed JSON.
[13:13:42 +1m 44s | thequantuminsider_2024_01_11_entrust_introduces_first_commercially_available_post_quantum_cf1f32c8] Extracting actors: https://thequantuminsider.com/2024/01/11/entrust-introduces-first-commercially-available-post-quantum-ready-pki-platform (1/1), chunk 17/36
[13:13:48 +1m 50s | thequantuminsider_2024_01_11_entrust_introduces_first_commercially_available_post_quantum_cf1f32c8] Repaired malformed JSON.
[13:13:48 +1m 50s | thequantuminsider_2024_01_11_entrust_introduces_first_commercially_available_post_quantum_cf1f32c8] Extracting actors: https://thequantuminsider.com/2024/01/11/entrust-introduces-first-commercially-available-post-quantum-ready-pki-platform (1/1), chunk 18/36
[13:13:56 +1m 58s | thequantuminsider_2024_01_11_entrust_introduces_first_commercially_available_post_quantum_cf1f32c8] Repaired malformed JSON.
[13:13:56 +1m 58s | thequantuminsider_2024_01_11_entrust_introduces_first_commercially_available_post_quantum_cf1f32c8] Extracting actors: https://thequantuminsider.com/2024/01/11/entrust-introduces-first-commercially-available-post-quantum-ready-pki-platform (1/1), chunk 19/36
[13:14:03 +2m 5s | thequantuminsider_2024_01_11_entrust_introduces_first_commercially_available_post_quantum_cf1f32c8] Repaired malformed JSON.
[13:14:03 +2m 5s | thequantuminsider_2024_01_11_entrust_introduces_first_commercially_available_post_quantum_cf1f32c8] Extracting actors: https://thequantuminsider.com/2024/01/11/entrust-introduces-first-commercially-available-post-quantum-ready-pki-platform (1/1), chunk 20/36
[13:14:10 +2m 12s | thequantuminsider_2024_01_11_entrust_introduces_first_commercially_available_post_quantum_cf1f32c8] Repaired malformed JSON.
[13:14:10 +2m 12s | thequantuminsider_2024_01_11_entrust_introduces_first_commercially_available_post_quantum_cf1f32c8] Extracting actors: https://thequantuminsider.com/2024/01/11/entrust-introduces-first-commercially-available-post-quantum-ready-pki-platform (1/1), chunk 21/36
[13:14:18 +2m 19s | thequantuminsider_2024_01_11_entrust_introduces_first_commercially_available_post_quantum_cf1f32c8] Repaired malformed JSON.
[13:14:18 +2m 19s | thequantuminsider_2024_01_11_entrust_introduces_first_commercially_available_post_quantum_cf1f32c8] Extracting actors: https://thequantuminsider.com/2024/01/11/entrust-introduces-first-commercially-available-post-quantum-ready-pki-platform (1/1), chunk 22/36
[13:14:23 +2m 25s | thequantuminsider_2024_01_11_entrust_introduces_first_commercially_available_post_quantum_cf1f32c8] Repaired malformed JSON.
[13:14:23 +2m 25s | thequantuminsider_2024_01_11_entrust_introduces_first_commercially_available_post_quantum_cf1f32c8] Extracting actors: https://thequantuminsider.com/2024/01/11/entrust-introduces-first-commercially-available-post-quantum-ready-pki-platform (1/1), chunk 23/36
[13:14:29 +2m 31s | thequantuminsider_2024_01_11_entrust_introduces_first_commercially_available_post_quantum_cf1f32c8] Repaired malformed JSON.
[13:14:29 +2m 31s | thequantuminsider_2024_01_11_entrust_introduces_first_commercially_available_post_quantum_cf1f32c8] Extracting actors: https://thequantuminsider.com/2024/01/11/entrust-introduces-first-commercially-available-post-quantum-ready-pki-platform (1/1), chunk 24/36
[13:14:34 +2m 35s | thequantuminsider_2024_01_11_entrust_introduces_first_commercially_available_post_quantum_cf1f32c8] Extracting actors: https://thequantuminsider.com/2024/01/11/entrust-introduces-first-commercially-available-post-quantum-ready-pki-platform (1/1), chunk 25/36
[13:14:38 +2m 40s | thequantuminsider_2024_01_11_entrust_introduces_first_commercially_available_post_quantum_cf1f32c8] Extracting actors: https://thequantuminsider.com/2024/01/11/entrust-introduces-first-commercially-available-post-quantum-ready-pki-platform (1/1), chunk 26/36
[13:14:44 +2m 46s | thequantuminsider_2024_01_11_entrust_introduces_first_commercially_available_post_quantum_cf1f32c8] Extracting actors: https://thequantuminsider.com/2024/01/11/entrust-introduces-first-commercially-available-post-quantum-ready-pki-platform (1/1), chunk 27/36
[13:14:48 +2m 50s | thequantuminsider_2024_01_11_entrust_introduces_first_commercially_available_post_quantum_cf1f32c8] Extracting actors: https://thequantuminsider.com/2024/01/11/entrust-introduces-first-commercially-available-post-quantum-ready-pki-platform (1/1), chunk 28/36
[13:14:55 +2m 57s | thequantuminsider_2024_01_11_entrust_introduces_first_commercially_available_post_quantum_cf1f32c8] Repaired malformed JSON.
[13:14:55 +2m 57s | thequantuminsider_2024_01_11_entrust_introduces_first_commercially_available_post_quantum_cf1f32c8] Extracting actors: https://thequantuminsider.com/2024/01/11/entrust-introduces-first-commercially-available-post-quantum-ready-pki-platform (1/1), chunk 29/36
[13:15:03 +3m 4s | thequantuminsider_2024_01_11_entrust_introduces_first_commercially_available_post_quantum_cf1f32c8] Repaired malformed JSON.
[13:15:03 +3m 4s | thequantuminsider_2024_01_11_entrust_introduces_first_commercially_available_post_quantum_cf1f32c8] Extracting actors: https://thequantuminsider.com/2024/01/11/entrust-introduces-first-commercially-available-post-quantum-ready-pki-platform (1/1), chunk 30/36
[13:15:10 +3m 11s | thequantuminsider_2024_01_11_entrust_introduces_first_commercially_available_post_quantum_cf1f32c8] Repaired malformed JSON.
[13:15:10 +3m 11s | thequantuminsider_2024_01_11_entrust_introduces_first_commercially_available_post_quantum_cf1f32c8] Extracting actors: https://thequantuminsider.com/2024/01/11/entrust-introduces-first-commercially-available-post-quantum-ready-pki-platform (1/1), chunk 31/36
[13:15:15 +3m 17s | thequantuminsider_2024_01_11_entrust_introduces_first_commercially_available_post_quantum_cf1f32c8] Extracting actors: https://thequantuminsider.com/2024/01/11/entrust-introduces-first-commercially-available-post-quantum-ready-pki-platform (1/1), chunk 32/36
[13:15:22 +3m 24s | thequantuminsider_2024_01_11_entrust_introduces_first_commercially_available_post_quantum_cf1f32c8] Repaired malformed JSON.
[13:15:22 +3m 24s | thequantuminsider_2024_01_11_entrust_introduces_first_commercially_available_post_quantum_cf1f32c8] Extracting actors: https://thequantuminsider.com/2024/01/11/entrust-introduces-first-commercially-available-post-quantum-ready-pki-platform (1/1), chunk 33/36
[13:15:29 +3m 30s | thequantuminsider_2024_01_11_entrust_introduces_first_commercially_available_post_quantum_cf1f32c8] Repaired malformed JSON.
[13:15:29 +3m 30s | thequantuminsider_2024_01_11_entrust_introduces_first_commercially_available_post_quantum_cf1f32c8] Extracting actors: https://thequantuminsider.com/2024/01/11/entrust-introduces-first-commercially-available-post-quantum-ready-pki-platform (1/1), chunk 34/36
[13:15:35 +3m 37s | thequantuminsider_2024_01_11_entrust_introduces_first_commercially_available_post_quantum_cf1f32c8] Repaired malformed JSON.
[13:15:35 +3m 37s | thequantuminsider_2024_01_11_entrust_introduces_first_commercially_available_post_quantum_cf1f32c8] Extracting actors: https://thequantuminsider.com/2024/01/11/entrust-introduces-first-commercially-available-post-quantum-ready-pki-platform (1/1), chunk 35/36
[13:15:43 +3m 45s | thequantuminsider_2024_01_11_entrust_introduces_first_commercially_available_post_quantum_cf1f32c8] Repaired malformed JSON.
[13:15:43 +3m 45s | thequantuminsider_2024_01_11_entrust_introduces_first_commercially_available_post_quantum_cf1f32c8] Extracting actors: https://thequantuminsider.com/2024/01/11/entrust-introduces-first-commercially-available-post-quantum-ready-pki-platform (1/1), chunk 36/36
[13:15:51 +3m 52s | thequantuminsider_2024_01_11_entrust_introduces_first_commercially_available_post_quantum_cf1f32c8] Repaired malformed JSON.
[13:15:51 +3m 52s | thequantuminsider_2024_01_11_entrust_introduces_first_commercially_available_post_quantum_cf1f32c8] Saved 1_actor_results.json with 53 extracted records

[13:15:51 +3m 53s | thequantuminsider_2024_01_11_entrust_introduces_first_commercially_available_post_quantum_cf1f32c8] === 2 clean actors ===
[13:15:51 +3m 53s | thequantuminsider_2024_01_11_entrust_introduces_first_commercially_available_post_quantum_cf1f32c8] Loaded 53 extracted records
[13:15:51 +3m 53s | thequantuminsider_2024_01_11_entrust_introduces_first_commercially_available_post_quantum_cf1f32c8] Saved 2_actor_nodes.json with 14 canonical actor nodes

[13:15:51 +3m 53s | thequantuminsider_2024_01_11_entrust_introduces_first_commercially_available_post_quantum_cf1f32c8] === 3 interaction extraction ===
[13:15:52 +3m 53s | thequantuminsider_2024_01_11_entrust_introduces_first_commercially_available_post_quantum_cf1f32c8] Extracting interactions: https://thequantuminsider.com/2024/01/11/entrust-introduces-first-commercially-available-post-quantum-ready-pki-platform (1/1), chunk 11/36
[13:15:55 +3m 57s | thequantuminsider_2024_01_11_entrust_introduces_first_commercially_available_post_quantum_cf1f32c8] Extracting interactions: https://thequantuminsider.com/2024/01/11/entrust-introduces-first-commercially-available-post-quantum-ready-pki-platform (1/1), chunk 12/36
[13:16:02 +4m 3s | thequantuminsider_2024_01_11_entrust_introduces_first_commercially_available_post_quantum_cf1f32c8] Extracting interactions: https://thequantuminsider.com/2024/01/11/entrust-introduces-first-commercially-available-post-quantum-ready-pki-platform (1/1), chunk 13/36
[13:16:10 +4m 12s | thequantuminsider_2024_01_11_entrust_introduces_first_commercially_available_post_quantum_cf1f32c8] Extracting interactions: https://thequantuminsider.com/2024/01/11/entrust-introduces-first-commercially-available-post-quantum-ready-pki-platform (1/1), chunk 14/36
[13:16:16 +4m 17s | thequantuminsider_2024_01_11_entrust_introduces_first_commercially_available_post_quantum_cf1f32c8] Extracting interactions: https://thequantuminsider.com/2024/01/11/entrust-introduces-first-commercially-available-post-quantum-ready-pki-platform (1/1), chunk 15/36
[13:16:24 +4m 26s | thequantuminsider_2024_01_11_entrust_introduces_first_commercially_available_post_quantum_cf1f32c8] Extracting interactions: https://thequantuminsider.com/2024/01/11/entrust-introduces-first-commercially-available-post-quantum-ready-pki-platform (1/1), chunk 16/36
[13:16:27 +4m 28s | thequantuminsider_2024_01_11_entrust_introduces_first_commercially_available_post_quantum_cf1f32c8] Extracting interactions: https://thequantuminsider.com/2024/01/11/entrust-introduces-first-commercially-available-post-quantum-ready-pki-platform (1/1), chunk 17/36
[13:16:30 +4m 31s | thequantuminsider_2024_01_11_entrust_introduces_first_commercially_available_post_quantum_cf1f32c8] Extracting interactions: https://thequantuminsider.com/2024/01/11/entrust-introduces-first-commercially-available-post-quantum-ready-pki-platform (1/1), chunk 18/36
[13:16:34 +4m 36s | thequantuminsider_2024_01_11_entrust_introduces_first_commercially_available_post_quantum_cf1f32c8] Extracting interactions: https://thequantuminsider.com/2024/01/11/entrust-introduces-first-commercially-available-post-quantum-ready-pki-platform (1/1), chunk 19/36
[13:16:39 +4m 41s | thequantuminsider_2024_01_11_entrust_introduces_first_commercially_available_post_quantum_cf1f32c8] Extracting interactions: https://thequantuminsider.com/2024/01/11/entrust-introduces-first-commercially-available-post-quantum-ready-pki-platform (1/1), chunk 20/36
[13:16:42 +4m 44s | thequantuminsider_2024_01_11_entrust_introduces_first_commercially_available_post_quantum_cf1f32c8] Extracting interactions: https://thequantuminsider.com/2024/01/11/entrust-introduces-first-commercially-available-post-quantum-ready-pki-platform (1/1), chunk 21/36
[13:16:47 +4m 48s | thequantuminsider_2024_01_11_entrust_introduces_first_commercially_available_post_quantum_cf1f32c8] Extracting interactions: https://thequantuminsider.com/2024/01/11/entrust-introduces-first-commercially-available-post-quantum-ready-pki-platform (1/1), chunk 22/36
[13:16:50 +4m 52s | thequantuminsider_2024_01_11_entrust_introduces_first_commercially_available_post_quantum_cf1f32c8] Extracting interactions: https://thequantuminsider.com/2024/01/11/entrust-introduces-first-commercially-available-post-quantum-ready-pki-platform (1/1), chunk 23/36
[13:16:52 +4m 53s | thequantuminsider_2024_01_11_entrust_introduces_first_commercially_available_post_quantum_cf1f32c8] Extracting interactions: https://thequantuminsider.com/2024/01/11/entrust-introduces-first-commercially-available-post-quantum-ready-pki-platform (1/1), chunk 25/36
[13:16:59 +5m 0s | thequantuminsider_2024_01_11_entrust_introduces_first_commercially_available_post_quantum_cf1f32c8] Extracting interactions: https://thequantuminsider.com/2024/01/11/entrust-introduces-first-commercially-available-post-quantum-ready-pki-platform (1/1), chunk 26/36
[13:17:04 +5m 5s | thequantuminsider_2024_01_11_entrust_introduces_first_commercially_available_post_quantum_cf1f32c8] Extracting interactions: https://thequantuminsider.com/2024/01/11/entrust-introduces-first-commercially-available-post-quantum-ready-pki-platform (1/1), chunk 27/36
[13:17:06 +5m 7s | thequantuminsider_2024_01_11_entrust_introduces_first_commercially_available_post_quantum_cf1f32c8] Extracting interactions: https://thequantuminsider.com/2024/01/11/entrust-introduces-first-commercially-available-post-quantum-ready-pki-platform (1/1), chunk 29/36
[13:17:08 +5m 9s | thequantuminsider_2024_01_11_entrust_introduces_first_commercially_available_post_quantum_cf1f32c8] Extracting interactions: https://thequantuminsider.com/2024/01/11/entrust-introduces-first-commercially-available-post-quantum-ready-pki-platform (1/1), chunk 30/36
[13:17:09 +5m 11s | thequantuminsider_2024_01_11_entrust_introduces_first_commercially_available_post_quantum_cf1f32c8] Extracting interactions: https://thequantuminsider.com/2024/01/11/entrust-introduces-first-commercially-available-post-quantum-ready-pki-platform (1/1), chunk 31/36
[13:17:11 +5m 12s | thequantuminsider_2024_01_11_entrust_introduces_first_commercially_available_post_quantum_cf1f32c8] Extracting interactions: https://thequantuminsider.com/2024/01/11/entrust-introduces-first-commercially-available-post-quantum-ready-pki-platform (1/1), chunk 32/36
[13:17:12 +5m 14s | thequantuminsider_2024_01_11_entrust_introduces_first_commercially_available_post_quantum_cf1f32c8] Extracting interactions: https://thequantuminsider.com/2024/01/11/entrust-introduces-first-commercially-available-post-quantum-ready-pki-platform (1/1), chunk 34/36
[13:17:14 +5m 15s | thequantuminsider_2024_01_11_entrust_introduces_first_commercially_available_post_quantum_cf1f32c8] Extracting interactions: https://thequantuminsider.com/2024/01/11/entrust-introduces-first-commercially-available-post-quantum-ready-pki-platform (1/1), chunk 35/36
[13:17:15 +5m 17s | thequantuminsider_2024_01_11_entrust_introduces_first_commercially_available_post_quantum_cf1f32c8] Saved 3_interaction_results.json with 16 extracted interactions.

[13:17:15 +5m 17s | thequantuminsider_2024_01_11_entrust_introduces_first_commercially_available_post_quantum_cf1f32c8] === 4 clean interactions ===
[13:17:15 +5m 17s | thequantuminsider_2024_01_11_entrust_introduces_first_commercially_available_post_quantum_cf1f32c8] Saved 4_edges.json with 8 cleaned interactions.

[13:17:15 +5m 17s | thequantuminsider_2024_01_11_entrust_introduces_first_commercially_available_post_quantum_cf1f32c8] === 5 helix enrichment ===
[13:17:16 +5m 17s | thequantuminsider_2024_01_11_entrust_introduces_first_commercially_available_post_quantum_cf1f32c8] Wrote 5_nodes.json (14 actors)
[13:17:16 +5m 17s | thequantuminsider_2024_01_11_entrust_introduces_first_commercially_available_post_quantum_cf1f32c8] Wrote 5_edges.json (8 interactions)
[13:17:16 +5m 17s | thequantuminsider_2024_01_11_entrust_introduces_first_commercially_available_post_quantum_cf1f32c8] Actor helix counts: {'Academia': 1, 'Civil Society': 1, 'Industry': 5, 'Intermediary': 1, 'Unknown': 6}
[13:17:16 +5m 17s | thequantuminsider_2024_01_11_entrust_introduces_first_commercially_available_post_quantum_cf1f32c8] Functional-space counts: {'Innovation': 6, 'Unknown': 2}

[13:17:16 +5m 17s | thequantuminsider_2024_01_11_entrust_introduces_first_commercially_available_post_quantum_cf1f32c8] === 6 network visualisation ===
[13:17:16 +5m 17s | thequantuminsider_2024_01_11_entrust_introduces_first_commercially_available_post_quantum_cf1f32c8] Wrote quantum_network.html
[13:17:16 +5m 17s | thequantuminsider_2024_01_11_entrust_introduces_first_commercially_available_post_quantum_cf1f32c8] Nodes: 14
[13:17:16 +5m 17s | thequantuminsider_2024_01_11_entrust_introduces_first_commercially_available_post_quantum_cf1f32c8] Edges: 2

[13:17:16 +5m 18s | thequantuminsider_2024_01_11_entrust_introduces_first_commercially_available_post_quantum_cf1f32c8] Done. Outputs written to: /home/lv/IDP/idpdeeptech/pipeline/news_outputs/thequantuminsider_2024_01_11_entrust_introduces_first_commercially_available_post_quantum_cf1f32c8
[13:17:16 +5m 18s | thequantuminsider_2024_01_11_entrust_introduces_first_commercially_available_post_quantum_cf1f32c8] Log: /home/lv/IDP/idpdeeptech/pipeline/news_outputs/thequantuminsider_2024_01_11_entrust_introduces_first_commercially_available_post_quantum_cf1f32c8/run.log

========================================================================
RUN FINISHED 2026-07-02 13:17:16  (OK)
Started:     2026-07-02 13:11:58
Elapsed:     5m 18s
========================================================================
