
========================================================================
RUN STARTED  2026-07-02 13:20:03
site_pipeline.py https://thequantuminsider.com/2024/01/09/energy-storage-materials-discovery-kick-off-three-year-collaboration-with-microsoft/
========================================================================

[13:20:03 +0s | thequantuminsider_2024_01_09_energy_storage_materials_discovery_kick_off_three_year_colla_4da2e97f] === 0 crawl site ===
[13:20:04 +2s | thequantuminsider_2024_01_09_energy_storage_materials_discovery_kick_off_three_year_colla_4da2e97f] [INIT].... → Crawl4AI 0.8.6 
[13:20:07 +4s | thequantuminsider_2024_01_09_energy_storage_materials_discovery_kick_off_three_year_colla_4da2e97f] [FETCH]... ↓ https://thequantuminsider.com/2024/01/09/energy-...ick-off-three-year-collaboration-with-microsoft/  | ✓ | ⏱: 2.66s 
[13:20:07 +5s | thequantuminsider_2024_01_09_energy_storage_materials_discovery_kick_off_three_year_colla_4da2e97f] [SCRAPE].. ◆ https://thequantuminsider.com/2024/01/09/energy-...ick-off-three-year-collaboration-with-microsoft/  | ✓ | ⏱: 0.13s 
[13:20:07 +5s | thequantuminsider_2024_01_09_energy_storage_materials_discovery_kick_off_three_year_colla_4da2e97f] [COMPLETE] ● https://thequantuminsider.com/2024/01/09/energy-...ick-off-three-year-collaboration-with-microsoft/  | ✓ | ⏱: 2.82s 
[13:20:07 +5s | thequantuminsider_2024_01_09_energy_storage_materials_discovery_kick_off_three_year_colla_4da2e97f] Saved: crawl_output/0e9bb31bf8_thequantuminsider.com_2024_01_09_energy-storage-materials-discovery-kick-off-three-year-collaboration-with-microsoft.json

[13:20:08 +5s | thequantuminsider_2024_01_09_energy_storage_materials_discovery_kick_off_three_year_colla_4da2e97f] === 1 actor extraction ===
[13:20:08 +5s | thequantuminsider_2024_01_09_energy_storage_materials_discovery_kick_off_three_year_colla_4da2e97f] Reading page (1/1): https://thequantuminsider.com/2024/01/09/energy-storage-materials-discovery-kick-off-three-year-collaboration-with-microsoft
[13:20:08 +5s | thequantuminsider_2024_01_09_energy_storage_materials_discovery_kick_off_three_year_colla_4da2e97f] Extracting actors: https://thequantuminsider.com/2024/01/09/energy-storage-materials-discovery-kick-off-three-year-collaboration-with-microsoft (1/1), chunk 1/38
[13:20:12 +9s | thequantuminsider_2024_01_09_energy_storage_materials_discovery_kick_off_three_year_colla_4da2e97f] Extracting actors: https://thequantuminsider.com/2024/01/09/energy-storage-materials-discovery-kick-off-three-year-collaboration-with-microsoft (1/1), chunk 2/38
[13:20:17 +14s | thequantuminsider_2024_01_09_energy_storage_materials_discovery_kick_off_three_year_colla_4da2e97f] Extracting actors: https://thequantuminsider.com/2024/01/09/energy-storage-materials-discovery-kick-off-three-year-collaboration-with-microsoft (1/1), chunk 3/38
[13:20:20 +18s | thequantuminsider_2024_01_09_energy_storage_materials_discovery_kick_off_three_year_colla_4da2e97f] Extracting actors: https://thequantuminsider.com/2024/01/09/energy-storage-materials-discovery-kick-off-three-year-collaboration-with-microsoft (1/1), chunk 4/38
[13:20:25 +22s | thequantuminsider_2024_01_09_energy_storage_materials_discovery_kick_off_three_year_colla_4da2e97f] Extracting actors: https://thequantuminsider.com/2024/01/09/energy-storage-materials-discovery-kick-off-three-year-collaboration-with-microsoft (1/1), chunk 5/38
[13:20:29 +26s | thequantuminsider_2024_01_09_energy_storage_materials_discovery_kick_off_three_year_colla_4da2e97f] Extracting actors: https://thequantuminsider.com/2024/01/09/energy-storage-materials-discovery-kick-off-three-year-collaboration-with-microsoft (1/1), chunk 6/38
[13:20:34 +32s | thequantuminsider_2024_01_09_energy_storage_materials_discovery_kick_off_three_year_colla_4da2e97f] Extracting actors: https://thequantuminsider.com/2024/01/09/energy-storage-materials-discovery-kick-off-three-year-collaboration-with-microsoft (1/1), chunk 7/38
[13:20:39 +36s | thequantuminsider_2024_01_09_energy_storage_materials_discovery_kick_off_three_year_colla_4da2e97f] Extracting actors: https://thequantuminsider.com/2024/01/09/energy-storage-materials-discovery-kick-off-three-year-collaboration-with-microsoft (1/1), chunk 8/38
[13:20:43 +40s | thequantuminsider_2024_01_09_energy_storage_materials_discovery_kick_off_three_year_colla_4da2e97f] Extracting actors: https://thequantuminsider.com/2024/01/09/energy-storage-materials-discovery-kick-off-three-year-collaboration-with-microsoft (1/1), chunk 9/38
[13:20:47 +44s | thequantuminsider_2024_01_09_energy_storage_materials_discovery_kick_off_three_year_colla_4da2e97f] Extracting actors: https://thequantuminsider.com/2024/01/09/energy-storage-materials-discovery-kick-off-three-year-collaboration-with-microsoft (1/1), chunk 10/38
[13:20:51 +48s | thequantuminsider_2024_01_09_energy_storage_materials_discovery_kick_off_three_year_colla_4da2e97f] Extracting actors: https://thequantuminsider.com/2024/01/09/energy-storage-materials-discovery-kick-off-three-year-collaboration-with-microsoft (1/1), chunk 11/38
[13:20:57 +54s | thequantuminsider_2024_01_09_energy_storage_materials_discovery_kick_off_three_year_colla_4da2e97f] Repaired malformed JSON.
[13:20:57 +54s | thequantuminsider_2024_01_09_energy_storage_materials_discovery_kick_off_three_year_colla_4da2e97f] Extracting actors: https://thequantuminsider.com/2024/01/09/energy-storage-materials-discovery-kick-off-three-year-collaboration-with-microsoft (1/1), chunk 12/38
[13:21:04 +1m 1s | thequantuminsider_2024_01_09_energy_storage_materials_discovery_kick_off_three_year_colla_4da2e97f] Repaired malformed JSON.
[13:21:04 +1m 1s | thequantuminsider_2024_01_09_energy_storage_materials_discovery_kick_off_three_year_colla_4da2e97f] Extracting actors: https://thequantuminsider.com/2024/01/09/energy-storage-materials-discovery-kick-off-three-year-collaboration-with-microsoft (1/1), chunk 13/38
[13:21:10 +1m 8s | thequantuminsider_2024_01_09_energy_storage_materials_discovery_kick_off_three_year_colla_4da2e97f] Repaired malformed JSON.
[13:21:10 +1m 8s | thequantuminsider_2024_01_09_energy_storage_materials_discovery_kick_off_three_year_colla_4da2e97f] Extracting actors: https://thequantuminsider.com/2024/01/09/energy-storage-materials-discovery-kick-off-three-year-collaboration-with-microsoft (1/1), chunk 14/38
[13:21:17 +1m 14s | thequantuminsider_2024_01_09_energy_storage_materials_discovery_kick_off_three_year_colla_4da2e97f] Repaired malformed JSON.
[13:21:17 +1m 14s | thequantuminsider_2024_01_09_energy_storage_materials_discovery_kick_off_three_year_colla_4da2e97f] Extracting actors: https://thequantuminsider.com/2024/01/09/energy-storage-materials-discovery-kick-off-three-year-collaboration-with-microsoft (1/1), chunk 15/38
[13:21:25 +1m 23s | thequantuminsider_2024_01_09_energy_storage_materials_discovery_kick_off_three_year_colla_4da2e97f] Repaired malformed JSON.
[13:21:25 +1m 23s | thequantuminsider_2024_01_09_energy_storage_materials_discovery_kick_off_three_year_colla_4da2e97f] Extracting actors: https://thequantuminsider.com/2024/01/09/energy-storage-materials-discovery-kick-off-three-year-collaboration-with-microsoft (1/1), chunk 16/38
[13:21:34 +1m 31s | thequantuminsider_2024_01_09_energy_storage_materials_discovery_kick_off_three_year_colla_4da2e97f] Repaired malformed JSON.
[13:21:34 +1m 31s | thequantuminsider_2024_01_09_energy_storage_materials_discovery_kick_off_three_year_colla_4da2e97f] Extracting actors: https://thequantuminsider.com/2024/01/09/energy-storage-materials-discovery-kick-off-three-year-collaboration-with-microsoft (1/1), chunk 17/38
[13:21:40 +1m 37s | thequantuminsider_2024_01_09_energy_storage_materials_discovery_kick_off_three_year_colla_4da2e97f] Repaired malformed JSON.
[13:21:40 +1m 37s | thequantuminsider_2024_01_09_energy_storage_materials_discovery_kick_off_three_year_colla_4da2e97f] Extracting actors: https://thequantuminsider.com/2024/01/09/energy-storage-materials-discovery-kick-off-three-year-collaboration-with-microsoft (1/1), chunk 18/38
[13:21:48 +1m 45s | thequantuminsider_2024_01_09_energy_storage_materials_discovery_kick_off_three_year_colla_4da2e97f] Repaired malformed JSON.
[13:21:48 +1m 45s | thequantuminsider_2024_01_09_energy_storage_materials_discovery_kick_off_three_year_colla_4da2e97f] Extracting actors: https://thequantuminsider.com/2024/01/09/energy-storage-materials-discovery-kick-off-three-year-collaboration-with-microsoft (1/1), chunk 19/38
[13:21:54 +1m 51s | thequantuminsider_2024_01_09_energy_storage_materials_discovery_kick_off_three_year_colla_4da2e97f] Repaired malformed JSON.
[13:21:54 +1m 51s | thequantuminsider_2024_01_09_energy_storage_materials_discovery_kick_off_three_year_colla_4da2e97f] Extracting actors: https://thequantuminsider.com/2024/01/09/energy-storage-materials-discovery-kick-off-three-year-collaboration-with-microsoft (1/1), chunk 20/38
[13:22:00 +1m 57s | thequantuminsider_2024_01_09_energy_storage_materials_discovery_kick_off_three_year_colla_4da2e97f] Repaired malformed JSON.
[13:22:00 +1m 57s | thequantuminsider_2024_01_09_energy_storage_materials_discovery_kick_off_three_year_colla_4da2e97f] Extracting actors: https://thequantuminsider.com/2024/01/09/energy-storage-materials-discovery-kick-off-three-year-collaboration-with-microsoft (1/1), chunk 21/38
[13:22:06 +2m 3s | thequantuminsider_2024_01_09_energy_storage_materials_discovery_kick_off_three_year_colla_4da2e97f] Repaired malformed JSON.
[13:22:06 +2m 3s | thequantuminsider_2024_01_09_energy_storage_materials_discovery_kick_off_three_year_colla_4da2e97f] Extracting actors: https://thequantuminsider.com/2024/01/09/energy-storage-materials-discovery-kick-off-three-year-collaboration-with-microsoft (1/1), chunk 22/38
[13:22:12 +2m 9s | thequantuminsider_2024_01_09_energy_storage_materials_discovery_kick_off_three_year_colla_4da2e97f] Repaired malformed JSON.
[13:22:12 +2m 9s | thequantuminsider_2024_01_09_energy_storage_materials_discovery_kick_off_three_year_colla_4da2e97f] Extracting actors: https://thequantuminsider.com/2024/01/09/energy-storage-materials-discovery-kick-off-three-year-collaboration-with-microsoft (1/1), chunk 23/38
[13:22:21 +2m 19s | thequantuminsider_2024_01_09_energy_storage_materials_discovery_kick_off_three_year_colla_4da2e97f] Repaired malformed JSON.
[13:22:21 +2m 19s | thequantuminsider_2024_01_09_energy_storage_materials_discovery_kick_off_three_year_colla_4da2e97f] Extracting actors: https://thequantuminsider.com/2024/01/09/energy-storage-materials-discovery-kick-off-three-year-collaboration-with-microsoft (1/1), chunk 24/38
[13:22:27 +2m 24s | thequantuminsider_2024_01_09_energy_storage_materials_discovery_kick_off_three_year_colla_4da2e97f] Repaired malformed JSON.
[13:22:27 +2m 24s | thequantuminsider_2024_01_09_energy_storage_materials_discovery_kick_off_three_year_colla_4da2e97f] Extracting actors: https://thequantuminsider.com/2024/01/09/energy-storage-materials-discovery-kick-off-three-year-collaboration-with-microsoft (1/1), chunk 25/38
[13:22:33 +2m 30s | thequantuminsider_2024_01_09_energy_storage_materials_discovery_kick_off_three_year_colla_4da2e97f] Repaired malformed JSON.
[13:22:33 +2m 30s | thequantuminsider_2024_01_09_energy_storage_materials_discovery_kick_off_three_year_colla_4da2e97f] Extracting actors: https://thequantuminsider.com/2024/01/09/energy-storage-materials-discovery-kick-off-three-year-collaboration-with-microsoft (1/1), chunk 26/38
[13:22:42 +2m 39s | thequantuminsider_2024_01_09_energy_storage_materials_discovery_kick_off_three_year_colla_4da2e97f] Repaired malformed JSON.
[13:22:42 +2m 39s | thequantuminsider_2024_01_09_energy_storage_materials_discovery_kick_off_three_year_colla_4da2e97f] Extracting actors: https://thequantuminsider.com/2024/01/09/energy-storage-materials-discovery-kick-off-three-year-collaboration-with-microsoft (1/1), chunk 27/38
[13:22:48 +2m 46s | thequantuminsider_2024_01_09_energy_storage_materials_discovery_kick_off_three_year_colla_4da2e97f] Repaired malformed JSON.
[13:22:48 +2m 46s | thequantuminsider_2024_01_09_energy_storage_materials_discovery_kick_off_three_year_colla_4da2e97f] Extracting actors: https://thequantuminsider.com/2024/01/09/energy-storage-materials-discovery-kick-off-three-year-collaboration-with-microsoft (1/1), chunk 28/38
[13:22:50 +2m 47s | thequantuminsider_2024_01_09_energy_storage_materials_discovery_kick_off_three_year_colla_4da2e97f] Extracting actors: https://thequantuminsider.com/2024/01/09/energy-storage-materials-discovery-kick-off-three-year-collaboration-with-microsoft (1/1), chunk 29/38
[13:22:52 +2m 49s | thequantuminsider_2024_01_09_energy_storage_materials_discovery_kick_off_three_year_colla_4da2e97f] Extracting actors: https://thequantuminsider.com/2024/01/09/energy-storage-materials-discovery-kick-off-three-year-collaboration-with-microsoft (1/1), chunk 30/38
[13:22:58 +2m 55s | thequantuminsider_2024_01_09_energy_storage_materials_discovery_kick_off_three_year_colla_4da2e97f] Repaired malformed JSON.
[13:22:58 +2m 55s | thequantuminsider_2024_01_09_energy_storage_materials_discovery_kick_off_three_year_colla_4da2e97f] Extracting actors: https://thequantuminsider.com/2024/01/09/energy-storage-materials-discovery-kick-off-three-year-collaboration-with-microsoft (1/1), chunk 31/38
[13:23:04 +3m 2s | thequantuminsider_2024_01_09_energy_storage_materials_discovery_kick_off_three_year_colla_4da2e97f] Repaired malformed JSON.
[13:23:04 +3m 2s | thequantuminsider_2024_01_09_energy_storage_materials_discovery_kick_off_three_year_colla_4da2e97f] Extracting actors: https://thequantuminsider.com/2024/01/09/energy-storage-materials-discovery-kick-off-three-year-collaboration-with-microsoft (1/1), chunk 32/38
[13:23:11 +3m 9s | thequantuminsider_2024_01_09_energy_storage_materials_discovery_kick_off_three_year_colla_4da2e97f] Repaired malformed JSON.
[13:23:11 +3m 9s | thequantuminsider_2024_01_09_energy_storage_materials_discovery_kick_off_three_year_colla_4da2e97f] Extracting actors: https://thequantuminsider.com/2024/01/09/energy-storage-materials-discovery-kick-off-three-year-collaboration-with-microsoft (1/1), chunk 33/38
[13:23:16 +3m 14s | thequantuminsider_2024_01_09_energy_storage_materials_discovery_kick_off_three_year_colla_4da2e97f] Extracting actors: https://thequantuminsider.com/2024/01/09/energy-storage-materials-discovery-kick-off-three-year-collaboration-with-microsoft (1/1), chunk 34/38
[13:23:25 +3m 22s | thequantuminsider_2024_01_09_energy_storage_materials_discovery_kick_off_three_year_colla_4da2e97f] Repaired malformed JSON.
[13:23:25 +3m 22s | thequantuminsider_2024_01_09_energy_storage_materials_discovery_kick_off_three_year_colla_4da2e97f] Extracting actors: https://thequantuminsider.com/2024/01/09/energy-storage-materials-discovery-kick-off-three-year-collaboration-with-microsoft (1/1), chunk 35/38
[13:23:34 +3m 31s | thequantuminsider_2024_01_09_energy_storage_materials_discovery_kick_off_three_year_colla_4da2e97f] Repaired malformed JSON.
[13:23:34 +3m 31s | thequantuminsider_2024_01_09_energy_storage_materials_discovery_kick_off_three_year_colla_4da2e97f] Extracting actors: https://thequantuminsider.com/2024/01/09/energy-storage-materials-discovery-kick-off-three-year-collaboration-with-microsoft (1/1), chunk 36/38
[13:23:38 +3m 35s | thequantuminsider_2024_01_09_energy_storage_materials_discovery_kick_off_three_year_colla_4da2e97f] Extracting actors: https://thequantuminsider.com/2024/01/09/energy-storage-materials-discovery-kick-off-three-year-collaboration-with-microsoft (1/1), chunk 37/38
[13:23:45 +3m 42s | thequantuminsider_2024_01_09_energy_storage_materials_discovery_kick_off_three_year_colla_4da2e97f] Repaired malformed JSON.
[13:23:45 +3m 42s | thequantuminsider_2024_01_09_energy_storage_materials_discovery_kick_off_three_year_colla_4da2e97f] Extracting actors: https://thequantuminsider.com/2024/01/09/energy-storage-materials-discovery-kick-off-three-year-collaboration-with-microsoft (1/1), chunk 38/38
[13:23:51 +3m 49s | thequantuminsider_2024_01_09_energy_storage_materials_discovery_kick_off_three_year_colla_4da2e97f] Repaired malformed JSON.
[13:23:51 +3m 49s | thequantuminsider_2024_01_09_energy_storage_materials_discovery_kick_off_three_year_colla_4da2e97f] Saved 1_actor_results.json with 58 extracted records

[13:23:52 +3m 49s | thequantuminsider_2024_01_09_energy_storage_materials_discovery_kick_off_three_year_colla_4da2e97f] === 2 clean actors ===
[13:23:52 +3m 49s | thequantuminsider_2024_01_09_energy_storage_materials_discovery_kick_off_three_year_colla_4da2e97f] Loaded 58 extracted records
[13:23:52 +3m 49s | thequantuminsider_2024_01_09_energy_storage_materials_discovery_kick_off_three_year_colla_4da2e97f] Saved 2_actor_nodes.json with 14 canonical actor nodes

[13:23:52 +3m 49s | thequantuminsider_2024_01_09_energy_storage_materials_discovery_kick_off_three_year_colla_4da2e97f] === 3 interaction extraction ===
[13:23:52 +3m 49s | thequantuminsider_2024_01_09_energy_storage_materials_discovery_kick_off_three_year_colla_4da2e97f] Extracting interactions: https://thequantuminsider.com/2024/01/09/energy-storage-materials-discovery-kick-off-three-year-collaboration-with-microsoft (1/1), chunk 11/38
[13:23:55 +3m 52s | thequantuminsider_2024_01_09_energy_storage_materials_discovery_kick_off_three_year_colla_4da2e97f] Extracting interactions: https://thequantuminsider.com/2024/01/09/energy-storage-materials-discovery-kick-off-three-year-collaboration-with-microsoft (1/1), chunk 12/38
[13:24:00 +3m 58s | thequantuminsider_2024_01_09_energy_storage_materials_discovery_kick_off_three_year_colla_4da2e97f] Extracting interactions: https://thequantuminsider.com/2024/01/09/energy-storage-materials-discovery-kick-off-three-year-collaboration-with-microsoft (1/1), chunk 13/38
[13:24:12 +4m 10s | thequantuminsider_2024_01_09_energy_storage_materials_discovery_kick_off_three_year_colla_4da2e97f] Extracting interactions: https://thequantuminsider.com/2024/01/09/energy-storage-materials-discovery-kick-off-three-year-collaboration-with-microsoft (1/1), chunk 14/38
[13:24:24 +4m 21s | thequantuminsider_2024_01_09_energy_storage_materials_discovery_kick_off_three_year_colla_4da2e97f] Extracting interactions: https://thequantuminsider.com/2024/01/09/energy-storage-materials-discovery-kick-off-three-year-collaboration-with-microsoft (1/1), chunk 15/38
[13:24:35 +4m 32s | thequantuminsider_2024_01_09_energy_storage_materials_discovery_kick_off_three_year_colla_4da2e97f] Extracting interactions: https://thequantuminsider.com/2024/01/09/energy-storage-materials-discovery-kick-off-three-year-collaboration-with-microsoft (1/1), chunk 16/38
[13:24:42 +4m 39s | thequantuminsider_2024_01_09_energy_storage_materials_discovery_kick_off_three_year_colla_4da2e97f] Extracting interactions: https://thequantuminsider.com/2024/01/09/energy-storage-materials-discovery-kick-off-three-year-collaboration-with-microsoft (1/1), chunk 17/38
[13:24:47 +4m 44s | thequantuminsider_2024_01_09_energy_storage_materials_discovery_kick_off_three_year_colla_4da2e97f] Extracting interactions: https://thequantuminsider.com/2024/01/09/energy-storage-materials-discovery-kick-off-three-year-collaboration-with-microsoft (1/1), chunk 18/38
[13:24:53 +4m 50s | thequantuminsider_2024_01_09_energy_storage_materials_discovery_kick_off_three_year_colla_4da2e97f] Extracting interactions: https://thequantuminsider.com/2024/01/09/energy-storage-materials-discovery-kick-off-three-year-collaboration-with-microsoft (1/1), chunk 19/38
[13:24:57 +4m 54s | thequantuminsider_2024_01_09_energy_storage_materials_discovery_kick_off_three_year_colla_4da2e97f] Extracting interactions: https://thequantuminsider.com/2024/01/09/energy-storage-materials-discovery-kick-off-three-year-collaboration-with-microsoft (1/1), chunk 20/38
[13:25:01 +4m 58s | thequantuminsider_2024_01_09_energy_storage_materials_discovery_kick_off_three_year_colla_4da2e97f] Extracting interactions: https://thequantuminsider.com/2024/01/09/energy-storage-materials-discovery-kick-off-three-year-collaboration-with-microsoft (1/1), chunk 21/38
[13:25:06 +5m 3s | thequantuminsider_2024_01_09_energy_storage_materials_discovery_kick_off_three_year_colla_4da2e97f] Extracting interactions: https://thequantuminsider.com/2024/01/09/energy-storage-materials-discovery-kick-off-three-year-collaboration-with-microsoft (1/1), chunk 22/38
[13:25:09 +5m 7s | thequantuminsider_2024_01_09_energy_storage_materials_discovery_kick_off_three_year_colla_4da2e97f] Extracting interactions: https://thequantuminsider.com/2024/01/09/energy-storage-materials-discovery-kick-off-three-year-collaboration-with-microsoft (1/1), chunk 23/38
[13:25:13 +5m 10s | thequantuminsider_2024_01_09_energy_storage_materials_discovery_kick_off_three_year_colla_4da2e97f] Extracting interactions: https://thequantuminsider.com/2024/01/09/energy-storage-materials-discovery-kick-off-three-year-collaboration-with-microsoft (1/1), chunk 24/38
[13:25:17 +5m 14s | thequantuminsider_2024_01_09_energy_storage_materials_discovery_kick_off_three_year_colla_4da2e97f] Extracting interactions: https://thequantuminsider.com/2024/01/09/energy-storage-materials-discovery-kick-off-three-year-collaboration-with-microsoft (1/1), chunk 25/38
[13:25:18 +5m 15s | thequantuminsider_2024_01_09_energy_storage_materials_discovery_kick_off_three_year_colla_4da2e97f] Extracting interactions: https://thequantuminsider.com/2024/01/09/energy-storage-materials-discovery-kick-off-three-year-collaboration-with-microsoft (1/1), chunk 27/38
[13:25:21 +5m 19s | thequantuminsider_2024_01_09_energy_storage_materials_discovery_kick_off_three_year_colla_4da2e97f] Extracting interactions: https://thequantuminsider.com/2024/01/09/energy-storage-materials-discovery-kick-off-three-year-collaboration-with-microsoft (1/1), chunk 30/38
[13:25:23 +5m 20s | thequantuminsider_2024_01_09_energy_storage_materials_discovery_kick_off_three_year_colla_4da2e97f] Extracting interactions: https://thequantuminsider.com/2024/01/09/energy-storage-materials-discovery-kick-off-three-year-collaboration-with-microsoft (1/1), chunk 31/38
[13:25:24 +5m 22s | thequantuminsider_2024_01_09_energy_storage_materials_discovery_kick_off_three_year_colla_4da2e97f] Extracting interactions: https://thequantuminsider.com/2024/01/09/energy-storage-materials-discovery-kick-off-three-year-collaboration-with-microsoft (1/1), chunk 32/38
[13:25:26 +5m 23s | thequantuminsider_2024_01_09_energy_storage_materials_discovery_kick_off_three_year_colla_4da2e97f] Extracting interactions: https://thequantuminsider.com/2024/01/09/energy-storage-materials-discovery-kick-off-three-year-collaboration-with-microsoft (1/1), chunk 33/38
[13:25:28 +5m 25s | thequantuminsider_2024_01_09_energy_storage_materials_discovery_kick_off_three_year_colla_4da2e97f] Extracting interactions: https://thequantuminsider.com/2024/01/09/energy-storage-materials-discovery-kick-off-three-year-collaboration-with-microsoft (1/1), chunk 34/38
[13:25:29 +5m 27s | thequantuminsider_2024_01_09_energy_storage_materials_discovery_kick_off_three_year_colla_4da2e97f] Extracting interactions: https://thequantuminsider.com/2024/01/09/energy-storage-materials-discovery-kick-off-three-year-collaboration-with-microsoft (1/1), chunk 36/38
[13:25:33 +5m 30s | thequantuminsider_2024_01_09_energy_storage_materials_discovery_kick_off_three_year_colla_4da2e97f] Extracting interactions: https://thequantuminsider.com/2024/01/09/energy-storage-materials-discovery-kick-off-three-year-collaboration-with-microsoft (1/1), chunk 37/38
[13:25:34 +5m 32s | thequantuminsider_2024_01_09_energy_storage_materials_discovery_kick_off_three_year_colla_4da2e97f] Extracting interactions: https://thequantuminsider.com/2024/01/09/energy-storage-materials-discovery-kick-off-three-year-collaboration-with-microsoft (1/1), chunk 38/38
[13:25:36 +5m 33s | thequantuminsider_2024_01_09_energy_storage_materials_discovery_kick_off_three_year_colla_4da2e97f] Saved 3_interaction_results.json with 24 extracted interactions.

[13:25:36 +5m 33s | thequantuminsider_2024_01_09_energy_storage_materials_discovery_kick_off_three_year_colla_4da2e97f] === 4 clean interactions ===
[13:25:36 +5m 33s | thequantuminsider_2024_01_09_energy_storage_materials_discovery_kick_off_three_year_colla_4da2e97f] Saved 4_edges.json with 6 cleaned interactions.

[13:25:36 +5m 33s | thequantuminsider_2024_01_09_energy_storage_materials_discovery_kick_off_three_year_colla_4da2e97f] === 5 helix enrichment ===
[13:25:36 +5m 34s | thequantuminsider_2024_01_09_energy_storage_materials_discovery_kick_off_three_year_colla_4da2e97f] Wrote 5_nodes.json (14 actors)
[13:25:36 +5m 34s | thequantuminsider_2024_01_09_energy_storage_materials_discovery_kick_off_three_year_colla_4da2e97f] Wrote 5_edges.json (6 interactions)
[13:25:36 +5m 34s | thequantuminsider_2024_01_09_energy_storage_materials_discovery_kick_off_three_year_colla_4da2e97f] Actor helix counts: {'Academia': 3, 'Civil Society': 3, 'Industry': 3, 'Unknown': 5}
[13:25:36 +5m 34s | thequantuminsider_2024_01_09_energy_storage_materials_discovery_kick_off_three_year_colla_4da2e97f] Functional-space counts: {'Intra-helix / Not classified': 6}

[13:25:36 +5m 34s | thequantuminsider_2024_01_09_energy_storage_materials_discovery_kick_off_three_year_colla_4da2e97f] === 6 network visualisation ===
[13:25:38 +5m 35s | thequantuminsider_2024_01_09_energy_storage_materials_discovery_kick_off_three_year_colla_4da2e97f] Wrote quantum_network.html
[13:25:38 +5m 35s | thequantuminsider_2024_01_09_energy_storage_materials_discovery_kick_off_three_year_colla_4da2e97f] Nodes: 14
[13:25:38 +5m 35s | thequantuminsider_2024_01_09_energy_storage_materials_discovery_kick_off_three_year_colla_4da2e97f] Edges: 1

[13:25:38 +5m 35s | thequantuminsider_2024_01_09_energy_storage_materials_discovery_kick_off_three_year_colla_4da2e97f] Done. Outputs written to: /home/lv/IDP/idpdeeptech/pipeline/news_outputs/thequantuminsider_2024_01_09_energy_storage_materials_discovery_kick_off_three_year_colla_4da2e97f
[13:25:38 +5m 35s | thequantuminsider_2024_01_09_energy_storage_materials_discovery_kick_off_three_year_colla_4da2e97f] Log: /home/lv/IDP/idpdeeptech/pipeline/news_outputs/thequantuminsider_2024_01_09_energy_storage_materials_discovery_kick_off_three_year_colla_4da2e97f/run.log

========================================================================
RUN FINISHED 2026-07-02 13:25:38  (OK)
Started:     2026-07-02 13:20:03
Elapsed:     5m 35s
========================================================================
