
========================================================================
RUN STARTED  2026-07-02 13:22:37
site_pipeline.py https://thequantuminsider.com/2024/01/08/polarisqb-and-scientist-com-partner-to-offer-online-access-to-quantum-aided-drug-design/
========================================================================

[13:22:37 +0s | thequantuminsider_2024_01_08_polarisqb_and_scientist_com_partner_to_offer_online_access_t_3361aeb9] === 0 crawl site ===
[13:22:39 +2s | thequantuminsider_2024_01_08_polarisqb_and_scientist_com_partner_to_offer_online_access_t_3361aeb9] [INIT].... → Crawl4AI 0.8.6 
[13:22:41 +5s | thequantuminsider_2024_01_08_polarisqb_and_scientist_com_partner_to_offer_online_access_t_3361aeb9] [FETCH]... ↓ https://thequantuminsider.com/2024/01/08/polaris...ffer-online-access-to-quantum-aided-drug-design/  | ✓ | ⏱: 2.49s 
[13:22:42 +5s | thequantuminsider_2024_01_08_polarisqb_and_scientist_com_partner_to_offer_online_access_t_3361aeb9] [SCRAPE].. ◆ https://thequantuminsider.com/2024/01/08/polaris...ffer-online-access-to-quantum-aided-drug-design/  | ✓ | ⏱: 0.11s 
[13:22:42 +5s | thequantuminsider_2024_01_08_polarisqb_and_scientist_com_partner_to_offer_online_access_t_3361aeb9] [COMPLETE] ● https://thequantuminsider.com/2024/01/08/polaris...ffer-online-access-to-quantum-aided-drug-design/  | ✓ | ⏱: 2.62s 
[13:22:42 +5s | thequantuminsider_2024_01_08_polarisqb_and_scientist_com_partner_to_offer_online_access_t_3361aeb9] Saved: crawl_output/33c081f7cc_thequantuminsider.com_2024_01_08_polarisqb-and-scientist-com-partner-to-offer-online-access-to-quantum-aided-drug-design.json

[13:22:42 +5s | thequantuminsider_2024_01_08_polarisqb_and_scientist_com_partner_to_offer_online_access_t_3361aeb9] === 1 actor extraction ===
[13:22:42 +5s | thequantuminsider_2024_01_08_polarisqb_and_scientist_com_partner_to_offer_online_access_t_3361aeb9] Reading page (1/1): https://thequantuminsider.com/2024/01/08/polarisqb-and-scientist-com-partner-to-offer-online-access-to-quantum-aided-drug-design
[13:22:42 +5s | thequantuminsider_2024_01_08_polarisqb_and_scientist_com_partner_to_offer_online_access_t_3361aeb9] Extracting actors: https://thequantuminsider.com/2024/01/08/polarisqb-and-scientist-com-partner-to-offer-online-access-to-quantum-aided-drug-design (1/1), chunk 1/35
[13:22:48 +11s | thequantuminsider_2024_01_08_polarisqb_and_scientist_com_partner_to_offer_online_access_t_3361aeb9] Repaired malformed JSON.
[13:22:48 +11s | thequantuminsider_2024_01_08_polarisqb_and_scientist_com_partner_to_offer_online_access_t_3361aeb9] Extracting actors: https://thequantuminsider.com/2024/01/08/polarisqb-and-scientist-com-partner-to-offer-online-access-to-quantum-aided-drug-design (1/1), chunk 2/35
[13:22:54 +17s | thequantuminsider_2024_01_08_polarisqb_and_scientist_com_partner_to_offer_online_access_t_3361aeb9] Repaired malformed JSON.
[13:22:54 +17s | thequantuminsider_2024_01_08_polarisqb_and_scientist_com_partner_to_offer_online_access_t_3361aeb9] Extracting actors: https://thequantuminsider.com/2024/01/08/polarisqb-and-scientist-com-partner-to-offer-online-access-to-quantum-aided-drug-design (1/1), chunk 3/35
[13:23:01 +24s | thequantuminsider_2024_01_08_polarisqb_and_scientist_com_partner_to_offer_online_access_t_3361aeb9] Extracting actors: https://thequantuminsider.com/2024/01/08/polarisqb-and-scientist-com-partner-to-offer-online-access-to-quantum-aided-drug-design (1/1), chunk 4/35
[13:23:07 +31s | thequantuminsider_2024_01_08_polarisqb_and_scientist_com_partner_to_offer_online_access_t_3361aeb9] Repaired malformed JSON.
[13:23:07 +31s | thequantuminsider_2024_01_08_polarisqb_and_scientist_com_partner_to_offer_online_access_t_3361aeb9] Extracting actors: https://thequantuminsider.com/2024/01/08/polarisqb-and-scientist-com-partner-to-offer-online-access-to-quantum-aided-drug-design (1/1), chunk 5/35
[13:23:14 +38s | thequantuminsider_2024_01_08_polarisqb_and_scientist_com_partner_to_offer_online_access_t_3361aeb9] Repaired malformed JSON.
[13:23:14 +38s | thequantuminsider_2024_01_08_polarisqb_and_scientist_com_partner_to_offer_online_access_t_3361aeb9] Extracting actors: https://thequantuminsider.com/2024/01/08/polarisqb-and-scientist-com-partner-to-offer-online-access-to-quantum-aided-drug-design (1/1), chunk 6/35
[13:23:21 +44s | thequantuminsider_2024_01_08_polarisqb_and_scientist_com_partner_to_offer_online_access_t_3361aeb9] Extracting actors: https://thequantuminsider.com/2024/01/08/polarisqb-and-scientist-com-partner-to-offer-online-access-to-quantum-aided-drug-design (1/1), chunk 7/35
[13:23:26 +50s | thequantuminsider_2024_01_08_polarisqb_and_scientist_com_partner_to_offer_online_access_t_3361aeb9] Repaired malformed JSON.
[13:23:26 +50s | thequantuminsider_2024_01_08_polarisqb_and_scientist_com_partner_to_offer_online_access_t_3361aeb9] Extracting actors: https://thequantuminsider.com/2024/01/08/polarisqb-and-scientist-com-partner-to-offer-online-access-to-quantum-aided-drug-design (1/1), chunk 8/35
[13:23:36 +59s | thequantuminsider_2024_01_08_polarisqb_and_scientist_com_partner_to_offer_online_access_t_3361aeb9] Repaired malformed JSON.
[13:23:36 +59s | thequantuminsider_2024_01_08_polarisqb_and_scientist_com_partner_to_offer_online_access_t_3361aeb9] Extracting actors: https://thequantuminsider.com/2024/01/08/polarisqb-and-scientist-com-partner-to-offer-online-access-to-quantum-aided-drug-design (1/1), chunk 9/35
[13:23:42 +1m 6s | thequantuminsider_2024_01_08_polarisqb_and_scientist_com_partner_to_offer_online_access_t_3361aeb9] Extracting actors: https://thequantuminsider.com/2024/01/08/polarisqb-and-scientist-com-partner-to-offer-online-access-to-quantum-aided-drug-design (1/1), chunk 10/35
[13:23:47 +1m 10s | thequantuminsider_2024_01_08_polarisqb_and_scientist_com_partner_to_offer_online_access_t_3361aeb9] Extracting actors: https://thequantuminsider.com/2024/01/08/polarisqb-and-scientist-com-partner-to-offer-online-access-to-quantum-aided-drug-design (1/1), chunk 11/35
[13:23:54 +1m 18s | thequantuminsider_2024_01_08_polarisqb_and_scientist_com_partner_to_offer_online_access_t_3361aeb9] Repaired malformed JSON.
[13:23:54 +1m 18s | thequantuminsider_2024_01_08_polarisqb_and_scientist_com_partner_to_offer_online_access_t_3361aeb9] Extracting actors: https://thequantuminsider.com/2024/01/08/polarisqb-and-scientist-com-partner-to-offer-online-access-to-quantum-aided-drug-design (1/1), chunk 12/35
[13:24:01 +1m 24s | thequantuminsider_2024_01_08_polarisqb_and_scientist_com_partner_to_offer_online_access_t_3361aeb9] Repaired malformed JSON.
[13:24:01 +1m 24s | thequantuminsider_2024_01_08_polarisqb_and_scientist_com_partner_to_offer_online_access_t_3361aeb9] Extracting actors: https://thequantuminsider.com/2024/01/08/polarisqb-and-scientist-com-partner-to-offer-online-access-to-quantum-aided-drug-design (1/1), chunk 13/35
[13:24:09 +1m 32s | thequantuminsider_2024_01_08_polarisqb_and_scientist_com_partner_to_offer_online_access_t_3361aeb9] Repaired malformed JSON.
[13:24:09 +1m 32s | thequantuminsider_2024_01_08_polarisqb_and_scientist_com_partner_to_offer_online_access_t_3361aeb9] Extracting actors: https://thequantuminsider.com/2024/01/08/polarisqb-and-scientist-com-partner-to-offer-online-access-to-quantum-aided-drug-design (1/1), chunk 14/35
[13:24:15 +1m 38s | thequantuminsider_2024_01_08_polarisqb_and_scientist_com_partner_to_offer_online_access_t_3361aeb9] Repaired malformed JSON.
[13:24:15 +1m 38s | thequantuminsider_2024_01_08_polarisqb_and_scientist_com_partner_to_offer_online_access_t_3361aeb9] Extracting actors: https://thequantuminsider.com/2024/01/08/polarisqb-and-scientist-com-partner-to-offer-online-access-to-quantum-aided-drug-design (1/1), chunk 15/35
[13:24:22 +1m 46s | thequantuminsider_2024_01_08_polarisqb_and_scientist_com_partner_to_offer_online_access_t_3361aeb9] Repaired malformed JSON.
[13:24:22 +1m 46s | thequantuminsider_2024_01_08_polarisqb_and_scientist_com_partner_to_offer_online_access_t_3361aeb9] Extracting actors: https://thequantuminsider.com/2024/01/08/polarisqb-and-scientist-com-partner-to-offer-online-access-to-quantum-aided-drug-design (1/1), chunk 16/35
[13:24:34 +1m 57s | thequantuminsider_2024_01_08_polarisqb_and_scientist_com_partner_to_offer_online_access_t_3361aeb9] Repaired malformed JSON.
[13:24:34 +1m 57s | thequantuminsider_2024_01_08_polarisqb_and_scientist_com_partner_to_offer_online_access_t_3361aeb9] Extracting actors: https://thequantuminsider.com/2024/01/08/polarisqb-and-scientist-com-partner-to-offer-online-access-to-quantum-aided-drug-design (1/1), chunk 17/35
[13:24:41 +2m 4s | thequantuminsider_2024_01_08_polarisqb_and_scientist_com_partner_to_offer_online_access_t_3361aeb9] Repaired malformed JSON.
[13:24:41 +2m 4s | thequantuminsider_2024_01_08_polarisqb_and_scientist_com_partner_to_offer_online_access_t_3361aeb9] Extracting actors: https://thequantuminsider.com/2024/01/08/polarisqb-and-scientist-com-partner-to-offer-online-access-to-quantum-aided-drug-design (1/1), chunk 18/35
[13:24:47 +2m 11s | thequantuminsider_2024_01_08_polarisqb_and_scientist_com_partner_to_offer_online_access_t_3361aeb9] Repaired malformed JSON.
[13:24:47 +2m 11s | thequantuminsider_2024_01_08_polarisqb_and_scientist_com_partner_to_offer_online_access_t_3361aeb9] Extracting actors: https://thequantuminsider.com/2024/01/08/polarisqb-and-scientist-com-partner-to-offer-online-access-to-quantum-aided-drug-design (1/1), chunk 19/35
[13:24:55 +2m 18s | thequantuminsider_2024_01_08_polarisqb_and_scientist_com_partner_to_offer_online_access_t_3361aeb9] Extracting actors: https://thequantuminsider.com/2024/01/08/polarisqb-and-scientist-com-partner-to-offer-online-access-to-quantum-aided-drug-design (1/1), chunk 20/35
[13:25:01 +2m 25s | thequantuminsider_2024_01_08_polarisqb_and_scientist_com_partner_to_offer_online_access_t_3361aeb9] Repaired malformed JSON.
[13:25:01 +2m 25s | thequantuminsider_2024_01_08_polarisqb_and_scientist_com_partner_to_offer_online_access_t_3361aeb9] Extracting actors: https://thequantuminsider.com/2024/01/08/polarisqb-and-scientist-com-partner-to-offer-online-access-to-quantum-aided-drug-design (1/1), chunk 21/35
[13:25:07 +2m 30s | thequantuminsider_2024_01_08_polarisqb_and_scientist_com_partner_to_offer_online_access_t_3361aeb9] Repaired malformed JSON.
[13:25:07 +2m 30s | thequantuminsider_2024_01_08_polarisqb_and_scientist_com_partner_to_offer_online_access_t_3361aeb9] Extracting actors: https://thequantuminsider.com/2024/01/08/polarisqb-and-scientist-com-partner-to-offer-online-access-to-quantum-aided-drug-design (1/1), chunk 22/35
[13:25:18 +2m 42s | thequantuminsider_2024_01_08_polarisqb_and_scientist_com_partner_to_offer_online_access_t_3361aeb9] Repaired malformed JSON.
[13:25:18 +2m 42s | thequantuminsider_2024_01_08_polarisqb_and_scientist_com_partner_to_offer_online_access_t_3361aeb9] Extracting actors: https://thequantuminsider.com/2024/01/08/polarisqb-and-scientist-com-partner-to-offer-online-access-to-quantum-aided-drug-design (1/1), chunk 23/35
[13:25:25 +2m 48s | thequantuminsider_2024_01_08_polarisqb_and_scientist_com_partner_to_offer_online_access_t_3361aeb9] Extracting actors: https://thequantuminsider.com/2024/01/08/polarisqb-and-scientist-com-partner-to-offer-online-access-to-quantum-aided-drug-design (1/1), chunk 24/35
[13:25:31 +2m 54s | thequantuminsider_2024_01_08_polarisqb_and_scientist_com_partner_to_offer_online_access_t_3361aeb9] Extracting actors: https://thequantuminsider.com/2024/01/08/polarisqb-and-scientist-com-partner-to-offer-online-access-to-quantum-aided-drug-design (1/1), chunk 25/35
[13:25:35 +2m 58s | thequantuminsider_2024_01_08_polarisqb_and_scientist_com_partner_to_offer_online_access_t_3361aeb9] Extracting actors: https://thequantuminsider.com/2024/01/08/polarisqb-and-scientist-com-partner-to-offer-online-access-to-quantum-aided-drug-design (1/1), chunk 26/35
[13:25:39 +3m 2s | thequantuminsider_2024_01_08_polarisqb_and_scientist_com_partner_to_offer_online_access_t_3361aeb9] Extracting actors: https://thequantuminsider.com/2024/01/08/polarisqb-and-scientist-com-partner-to-offer-online-access-to-quantum-aided-drug-design (1/1), chunk 27/35
[13:25:46 +3m 9s | thequantuminsider_2024_01_08_polarisqb_and_scientist_com_partner_to_offer_online_access_t_3361aeb9] Repaired malformed JSON.
[13:25:46 +3m 9s | thequantuminsider_2024_01_08_polarisqb_and_scientist_com_partner_to_offer_online_access_t_3361aeb9] Extracting actors: https://thequantuminsider.com/2024/01/08/polarisqb-and-scientist-com-partner-to-offer-online-access-to-quantum-aided-drug-design (1/1), chunk 28/35
[13:25:52 +3m 16s | thequantuminsider_2024_01_08_polarisqb_and_scientist_com_partner_to_offer_online_access_t_3361aeb9] Repaired malformed JSON.
[13:25:52 +3m 16s | thequantuminsider_2024_01_08_polarisqb_and_scientist_com_partner_to_offer_online_access_t_3361aeb9] Extracting actors: https://thequantuminsider.com/2024/01/08/polarisqb-and-scientist-com-partner-to-offer-online-access-to-quantum-aided-drug-design (1/1), chunk 29/35
[13:25:58 +3m 22s | thequantuminsider_2024_01_08_polarisqb_and_scientist_com_partner_to_offer_online_access_t_3361aeb9] Repaired malformed JSON.
[13:25:58 +3m 22s | thequantuminsider_2024_01_08_polarisqb_and_scientist_com_partner_to_offer_online_access_t_3361aeb9] Extracting actors: https://thequantuminsider.com/2024/01/08/polarisqb-and-scientist-com-partner-to-offer-online-access-to-quantum-aided-drug-design (1/1), chunk 30/35
[13:26:05 +3m 28s | thequantuminsider_2024_01_08_polarisqb_and_scientist_com_partner_to_offer_online_access_t_3361aeb9] Repaired malformed JSON.
[13:26:05 +3m 28s | thequantuminsider_2024_01_08_polarisqb_and_scientist_com_partner_to_offer_online_access_t_3361aeb9] Extracting actors: https://thequantuminsider.com/2024/01/08/polarisqb-and-scientist-com-partner-to-offer-online-access-to-quantum-aided-drug-design (1/1), chunk 31/35
[13:26:11 +3m 34s | thequantuminsider_2024_01_08_polarisqb_and_scientist_com_partner_to_offer_online_access_t_3361aeb9] Repaired malformed JSON.
[13:26:11 +3m 34s | thequantuminsider_2024_01_08_polarisqb_and_scientist_com_partner_to_offer_online_access_t_3361aeb9] Extracting actors: https://thequantuminsider.com/2024/01/08/polarisqb-and-scientist-com-partner-to-offer-online-access-to-quantum-aided-drug-design (1/1), chunk 32/35
[13:26:18 +3m 41s | thequantuminsider_2024_01_08_polarisqb_and_scientist_com_partner_to_offer_online_access_t_3361aeb9] Repaired malformed JSON.
[13:26:18 +3m 41s | thequantuminsider_2024_01_08_polarisqb_and_scientist_com_partner_to_offer_online_access_t_3361aeb9] Extracting actors: https://thequantuminsider.com/2024/01/08/polarisqb-and-scientist-com-partner-to-offer-online-access-to-quantum-aided-drug-design (1/1), chunk 33/35
[13:26:26 +3m 49s | thequantuminsider_2024_01_08_polarisqb_and_scientist_com_partner_to_offer_online_access_t_3361aeb9] Repaired malformed JSON.
[13:26:26 +3m 49s | thequantuminsider_2024_01_08_polarisqb_and_scientist_com_partner_to_offer_online_access_t_3361aeb9] Extracting actors: https://thequantuminsider.com/2024/01/08/polarisqb-and-scientist-com-partner-to-offer-online-access-to-quantum-aided-drug-design (1/1), chunk 34/35
[13:26:33 +3m 56s | thequantuminsider_2024_01_08_polarisqb_and_scientist_com_partner_to_offer_online_access_t_3361aeb9] Repaired malformed JSON.
[13:26:33 +3m 56s | thequantuminsider_2024_01_08_polarisqb_and_scientist_com_partner_to_offer_online_access_t_3361aeb9] Extracting actors: https://thequantuminsider.com/2024/01/08/polarisqb-and-scientist-com-partner-to-offer-online-access-to-quantum-aided-drug-design (1/1), chunk 35/35
[13:26:41 +4m 4s | thequantuminsider_2024_01_08_polarisqb_and_scientist_com_partner_to_offer_online_access_t_3361aeb9] Repaired malformed JSON.
[13:26:41 +4m 4s | thequantuminsider_2024_01_08_polarisqb_and_scientist_com_partner_to_offer_online_access_t_3361aeb9] Saved 1_actor_results.json with 57 extracted records

[13:26:41 +4m 4s | thequantuminsider_2024_01_08_polarisqb_and_scientist_com_partner_to_offer_online_access_t_3361aeb9] === 2 clean actors ===
[13:26:41 +4m 4s | thequantuminsider_2024_01_08_polarisqb_and_scientist_com_partner_to_offer_online_access_t_3361aeb9] Loaded 57 extracted records
[13:26:41 +4m 4s | thequantuminsider_2024_01_08_polarisqb_and_scientist_com_partner_to_offer_online_access_t_3361aeb9] Saved 2_actor_nodes.json with 14 canonical actor nodes

[13:26:41 +4m 4s | thequantuminsider_2024_01_08_polarisqb_and_scientist_com_partner_to_offer_online_access_t_3361aeb9] === 3 interaction extraction ===
[13:26:41 +4m 5s | thequantuminsider_2024_01_08_polarisqb_and_scientist_com_partner_to_offer_online_access_t_3361aeb9] Extracting interactions: https://thequantuminsider.com/2024/01/08/polarisqb-and-scientist-com-partner-to-offer-online-access-to-quantum-aided-drug-design (1/1), chunk 11/35
[13:26:46 +4m 9s | thequantuminsider_2024_01_08_polarisqb_and_scientist_com_partner_to_offer_online_access_t_3361aeb9] Extracting interactions: https://thequantuminsider.com/2024/01/08/polarisqb-and-scientist-com-partner-to-offer-online-access-to-quantum-aided-drug-design (1/1), chunk 12/35
[13:26:54 +4m 17s | thequantuminsider_2024_01_08_polarisqb_and_scientist_com_partner_to_offer_online_access_t_3361aeb9] Extracting interactions: https://thequantuminsider.com/2024/01/08/polarisqb-and-scientist-com-partner-to-offer-online-access-to-quantum-aided-drug-design (1/1), chunk 13/35
[13:27:10 +4m 33s | thequantuminsider_2024_01_08_polarisqb_and_scientist_com_partner_to_offer_online_access_t_3361aeb9] Extracting interactions: https://thequantuminsider.com/2024/01/08/polarisqb-and-scientist-com-partner-to-offer-online-access-to-quantum-aided-drug-design (1/1), chunk 14/35
[13:27:19 +4m 42s | thequantuminsider_2024_01_08_polarisqb_and_scientist_com_partner_to_offer_online_access_t_3361aeb9] Extracting interactions: https://thequantuminsider.com/2024/01/08/polarisqb-and-scientist-com-partner-to-offer-online-access-to-quantum-aided-drug-design (1/1), chunk 15/35
[13:27:21 +4m 44s | thequantuminsider_2024_01_08_polarisqb_and_scientist_com_partner_to_offer_online_access_t_3361aeb9] Extracting interactions: https://thequantuminsider.com/2024/01/08/polarisqb-and-scientist-com-partner-to-offer-online-access-to-quantum-aided-drug-design (1/1), chunk 16/35
[13:27:24 +4m 48s | thequantuminsider_2024_01_08_polarisqb_and_scientist_com_partner_to_offer_online_access_t_3361aeb9] Extracting interactions: https://thequantuminsider.com/2024/01/08/polarisqb-and-scientist-com-partner-to-offer-online-access-to-quantum-aided-drug-design (1/1), chunk 17/35
[13:27:30 +4m 53s | thequantuminsider_2024_01_08_polarisqb_and_scientist_com_partner_to_offer_online_access_t_3361aeb9] Extracting interactions: https://thequantuminsider.com/2024/01/08/polarisqb-and-scientist-com-partner-to-offer-online-access-to-quantum-aided-drug-design (1/1), chunk 18/35
[13:27:35 +4m 58s | thequantuminsider_2024_01_08_polarisqb_and_scientist_com_partner_to_offer_online_access_t_3361aeb9] Extracting interactions: https://thequantuminsider.com/2024/01/08/polarisqb-and-scientist-com-partner-to-offer-online-access-to-quantum-aided-drug-design (1/1), chunk 19/35
[13:27:42 +5m 5s | thequantuminsider_2024_01_08_polarisqb_and_scientist_com_partner_to_offer_online_access_t_3361aeb9] Extracting interactions: https://thequantuminsider.com/2024/01/08/polarisqb-and-scientist-com-partner-to-offer-online-access-to-quantum-aided-drug-design (1/1), chunk 20/35
[13:27:47 +5m 10s | thequantuminsider_2024_01_08_polarisqb_and_scientist_com_partner_to_offer_online_access_t_3361aeb9] Extracting interactions: https://thequantuminsider.com/2024/01/08/polarisqb-and-scientist-com-partner-to-offer-online-access-to-quantum-aided-drug-design (1/1), chunk 21/35
[13:27:53 +5m 16s | thequantuminsider_2024_01_08_polarisqb_and_scientist_com_partner_to_offer_online_access_t_3361aeb9] Extracting interactions: https://thequantuminsider.com/2024/01/08/polarisqb-and-scientist-com-partner-to-offer-online-access-to-quantum-aided-drug-design (1/1), chunk 22/35
[13:27:57 +5m 20s | thequantuminsider_2024_01_08_polarisqb_and_scientist_com_partner_to_offer_online_access_t_3361aeb9] Extracting interactions: https://thequantuminsider.com/2024/01/08/polarisqb-and-scientist-com-partner-to-offer-online-access-to-quantum-aided-drug-design (1/1), chunk 24/35
[13:28:02 +5m 26s | thequantuminsider_2024_01_08_polarisqb_and_scientist_com_partner_to_offer_online_access_t_3361aeb9] Extracting interactions: https://thequantuminsider.com/2024/01/08/polarisqb-and-scientist-com-partner-to-offer-online-access-to-quantum-aided-drug-design (1/1), chunk 25/35
[13:28:04 +5m 27s | thequantuminsider_2024_01_08_polarisqb_and_scientist_com_partner_to_offer_online_access_t_3361aeb9] Extracting interactions: https://thequantuminsider.com/2024/01/08/polarisqb-and-scientist-com-partner-to-offer-online-access-to-quantum-aided-drug-design (1/1), chunk 26/35
[13:28:06 +5m 29s | thequantuminsider_2024_01_08_polarisqb_and_scientist_com_partner_to_offer_online_access_t_3361aeb9] Extracting interactions: https://thequantuminsider.com/2024/01/08/polarisqb-and-scientist-com-partner-to-offer-online-access-to-quantum-aided-drug-design (1/1), chunk 27/35
[13:28:07 +5m 30s | thequantuminsider_2024_01_08_polarisqb_and_scientist_com_partner_to_offer_online_access_t_3361aeb9] Extracting interactions: https://thequantuminsider.com/2024/01/08/polarisqb-and-scientist-com-partner-to-offer-online-access-to-quantum-aided-drug-design (1/1), chunk 28/35
[13:28:08 +5m 32s | thequantuminsider_2024_01_08_polarisqb_and_scientist_com_partner_to_offer_online_access_t_3361aeb9] Extracting interactions: https://thequantuminsider.com/2024/01/08/polarisqb-and-scientist-com-partner-to-offer-online-access-to-quantum-aided-drug-design (1/1), chunk 29/35
[13:28:44 +6m 7s | thequantuminsider_2024_01_08_polarisqb_and_scientist_com_partner_to_offer_online_access_t_3361aeb9] Extracting interactions: https://thequantuminsider.com/2024/01/08/polarisqb-and-scientist-com-partner-to-offer-online-access-to-quantum-aided-drug-design (1/1), chunk 30/35
[13:28:45 +6m 9s | thequantuminsider_2024_01_08_polarisqb_and_scientist_com_partner_to_offer_online_access_t_3361aeb9] Extracting interactions: https://thequantuminsider.com/2024/01/08/polarisqb-and-scientist-com-partner-to-offer-online-access-to-quantum-aided-drug-design (1/1), chunk 31/35
[13:28:47 +6m 10s | thequantuminsider_2024_01_08_polarisqb_and_scientist_com_partner_to_offer_online_access_t_3361aeb9] Extracting interactions: https://thequantuminsider.com/2024/01/08/polarisqb-and-scientist-com-partner-to-offer-online-access-to-quantum-aided-drug-design (1/1), chunk 33/35
[13:28:48 +6m 11s | thequantuminsider_2024_01_08_polarisqb_and_scientist_com_partner_to_offer_online_access_t_3361aeb9] Extracting interactions: https://thequantuminsider.com/2024/01/08/polarisqb-and-scientist-com-partner-to-offer-online-access-to-quantum-aided-drug-design (1/1), chunk 34/35
[13:29:07 +6m 30s | thequantuminsider_2024_01_08_polarisqb_and_scientist_com_partner_to_offer_online_access_t_3361aeb9] Extracting interactions: https://thequantuminsider.com/2024/01/08/polarisqb-and-scientist-com-partner-to-offer-online-access-to-quantum-aided-drug-design (1/1), chunk 35/35
[13:29:09 +6m 32s | thequantuminsider_2024_01_08_polarisqb_and_scientist_com_partner_to_offer_online_access_t_3361aeb9] Saved 3_interaction_results.json with 28 extracted interactions.

[13:29:09 +6m 32s | thequantuminsider_2024_01_08_polarisqb_and_scientist_com_partner_to_offer_online_access_t_3361aeb9] === 4 clean interactions ===
[13:29:09 +6m 32s | thequantuminsider_2024_01_08_polarisqb_and_scientist_com_partner_to_offer_online_access_t_3361aeb9] Saved 4_edges.json with 11 cleaned interactions.

[13:29:09 +6m 32s | thequantuminsider_2024_01_08_polarisqb_and_scientist_com_partner_to_offer_online_access_t_3361aeb9] === 5 helix enrichment ===
[13:29:09 +6m 32s | thequantuminsider_2024_01_08_polarisqb_and_scientist_com_partner_to_offer_online_access_t_3361aeb9] Wrote 5_nodes.json (14 actors)
[13:29:09 +6m 32s | thequantuminsider_2024_01_08_polarisqb_and_scientist_com_partner_to_offer_online_access_t_3361aeb9] Wrote 5_edges.json (11 interactions)
[13:29:09 +6m 32s | thequantuminsider_2024_01_08_polarisqb_and_scientist_com_partner_to_offer_online_access_t_3361aeb9] Actor helix counts: {'Academia': 1, 'Civil Society': 2, 'Industry': 4, 'Unknown': 7}
[13:29:09 +6m 32s | thequantuminsider_2024_01_08_polarisqb_and_scientist_com_partner_to_offer_online_access_t_3361aeb9] Functional-space counts: {'Intra-helix / Not classified': 11}

[13:29:09 +6m 32s | thequantuminsider_2024_01_08_polarisqb_and_scientist_com_partner_to_offer_online_access_t_3361aeb9] === 6 network visualisation ===
[13:29:09 +6m 33s | thequantuminsider_2024_01_08_polarisqb_and_scientist_com_partner_to_offer_online_access_t_3361aeb9] Wrote quantum_network.html
[13:29:09 +6m 33s | thequantuminsider_2024_01_08_polarisqb_and_scientist_com_partner_to_offer_online_access_t_3361aeb9] Nodes: 14
[13:29:09 +6m 33s | thequantuminsider_2024_01_08_polarisqb_and_scientist_com_partner_to_offer_online_access_t_3361aeb9] Edges: 3

[13:29:10 +6m 33s | thequantuminsider_2024_01_08_polarisqb_and_scientist_com_partner_to_offer_online_access_t_3361aeb9] Done. Outputs written to: /home/lv/IDP/idpdeeptech/pipeline/news_outputs/thequantuminsider_2024_01_08_polarisqb_and_scientist_com_partner_to_offer_online_access_t_3361aeb9
[13:29:10 +6m 33s | thequantuminsider_2024_01_08_polarisqb_and_scientist_com_partner_to_offer_online_access_t_3361aeb9] Log: /home/lv/IDP/idpdeeptech/pipeline/news_outputs/thequantuminsider_2024_01_08_polarisqb_and_scientist_com_partner_to_offer_online_access_t_3361aeb9/run.log

========================================================================
RUN FINISHED 2026-07-02 13:29:10  (OK)
Started:     2026-07-02 13:22:37
Elapsed:     6m 33s
========================================================================
