
========================================================================
RUN STARTED  2026-07-02 02:09:02
site_pipeline.py https://thequantuminsider.com/2019/10/25/bitcoin-versus-quantum-supremacy-a-match-made-in-hell/
========================================================================

[02:09:02 +0s | thequantuminsider_2019_10_25_bitcoin_versus_quantum_supremacy_a_match_made_in_hell] === 0 crawl site ===
[02:09:06 +1s | thequantuminsider_2019_10_25_bitcoin_versus_quantum_supremacy_a_match_made_in_hell] [INIT].... → Crawl4AI 0.8.6 
[02:09:09 +3s | thequantuminsider_2019_10_25_bitcoin_versus_quantum_supremacy_a_match_made_in_hell] [FETCH]... ↓ https://thequantuminsider.com/2019/10/25/bitcoin-versus-quantum-supremacy-a-match-made-in-hell/      | ✓ | ⏱: 2.45s 
[02:09:09 +4s | thequantuminsider_2019_10_25_bitcoin_versus_quantum_supremacy_a_match_made_in_hell] [SCRAPE].. ◆ https://thequantuminsider.com/2019/10/25/bitcoin-versus-quantum-supremacy-a-match-made-in-hell/      | ✓ | ⏱: 0.11s 
[02:09:09 +4s | thequantuminsider_2019_10_25_bitcoin_versus_quantum_supremacy_a_match_made_in_hell] [COMPLETE] ● https://thequantuminsider.com/2019/10/25/bitcoin-versus-quantum-supremacy-a-match-made-in-hell/      | ✓ | ⏱: 2.58s 
[02:09:09 +4s | thequantuminsider_2019_10_25_bitcoin_versus_quantum_supremacy_a_match_made_in_hell] Saved: crawl_output/d5460d2166_thequantuminsider.com_2019_10_25_bitcoin-versus-quantum-supremacy-a-match-made-in-hell.json

[02:09:09 +4s | thequantuminsider_2019_10_25_bitcoin_versus_quantum_supremacy_a_match_made_in_hell] === 1 actor extraction ===
[02:09:09 +4s | thequantuminsider_2019_10_25_bitcoin_versus_quantum_supremacy_a_match_made_in_hell] Reading page (1/1): https://thequantuminsider.com/2019/10/25/bitcoin-versus-quantum-supremacy-a-match-made-in-hell
[02:09:09 +4s | thequantuminsider_2019_10_25_bitcoin_versus_quantum_supremacy_a_match_made_in_hell] Extracting actors: https://thequantuminsider.com/2019/10/25/bitcoin-versus-quantum-supremacy-a-match-made-in-hell (1/1), chunk 1/37
[02:09:13 +8s | thequantuminsider_2019_10_25_bitcoin_versus_quantum_supremacy_a_match_made_in_hell] Extracting actors: https://thequantuminsider.com/2019/10/25/bitcoin-versus-quantum-supremacy-a-match-made-in-hell (1/1), chunk 2/37
[02:09:20 +15s | thequantuminsider_2019_10_25_bitcoin_versus_quantum_supremacy_a_match_made_in_hell] Extracting actors: https://thequantuminsider.com/2019/10/25/bitcoin-versus-quantum-supremacy-a-match-made-in-hell (1/1), chunk 3/37
[02:09:24 +19s | thequantuminsider_2019_10_25_bitcoin_versus_quantum_supremacy_a_match_made_in_hell] Extracting actors: https://thequantuminsider.com/2019/10/25/bitcoin-versus-quantum-supremacy-a-match-made-in-hell (1/1), chunk 4/37
[02:09:29 +24s | thequantuminsider_2019_10_25_bitcoin_versus_quantum_supremacy_a_match_made_in_hell] Extracting actors: https://thequantuminsider.com/2019/10/25/bitcoin-versus-quantum-supremacy-a-match-made-in-hell (1/1), chunk 5/37
[02:09:35 +30s | thequantuminsider_2019_10_25_bitcoin_versus_quantum_supremacy_a_match_made_in_hell] Extracting actors: https://thequantuminsider.com/2019/10/25/bitcoin-versus-quantum-supremacy-a-match-made-in-hell (1/1), chunk 6/37
[02:09:44 +36s | thequantuminsider_2019_10_25_bitcoin_versus_quantum_supremacy_a_match_made_in_hell] Extracting actors: https://thequantuminsider.com/2019/10/25/bitcoin-versus-quantum-supremacy-a-match-made-in-hell (1/1), chunk 7/37
[02:09:48 +39s | thequantuminsider_2019_10_25_bitcoin_versus_quantum_supremacy_a_match_made_in_hell] Extracting actors: https://thequantuminsider.com/2019/10/25/bitcoin-versus-quantum-supremacy-a-match-made-in-hell (1/1), chunk 8/37
[02:09:51 +43s | thequantuminsider_2019_10_25_bitcoin_versus_quantum_supremacy_a_match_made_in_hell] Extracting actors: https://thequantuminsider.com/2019/10/25/bitcoin-versus-quantum-supremacy-a-match-made-in-hell (1/1), chunk 9/37
[02:09:55 +47s | thequantuminsider_2019_10_25_bitcoin_versus_quantum_supremacy_a_match_made_in_hell] Extracting actors: https://thequantuminsider.com/2019/10/25/bitcoin-versus-quantum-supremacy-a-match-made-in-hell (1/1), chunk 10/37
[02:09:59 +51s | thequantuminsider_2019_10_25_bitcoin_versus_quantum_supremacy_a_match_made_in_hell] Extracting actors: https://thequantuminsider.com/2019/10/25/bitcoin-versus-quantum-supremacy-a-match-made-in-hell (1/1), chunk 11/37
[02:10:04 +56s | thequantuminsider_2019_10_25_bitcoin_versus_quantum_supremacy_a_match_made_in_hell] Extracting actors: https://thequantuminsider.com/2019/10/25/bitcoin-versus-quantum-supremacy-a-match-made-in-hell (1/1), chunk 12/37
[02:10:09 +1m 0s | thequantuminsider_2019_10_25_bitcoin_versus_quantum_supremacy_a_match_made_in_hell] Extracting actors: https://thequantuminsider.com/2019/10/25/bitcoin-versus-quantum-supremacy-a-match-made-in-hell (1/1), chunk 13/37
[02:10:17 +1m 6s | thequantuminsider_2019_10_25_bitcoin_versus_quantum_supremacy_a_match_made_in_hell] Repaired malformed JSON.
[02:10:17 +1m 6s | thequantuminsider_2019_10_25_bitcoin_versus_quantum_supremacy_a_match_made_in_hell] Extracting actors: https://thequantuminsider.com/2019/10/25/bitcoin-versus-quantum-supremacy-a-match-made-in-hell (1/1), chunk 14/37
[02:10:22 +1m 11s | thequantuminsider_2019_10_25_bitcoin_versus_quantum_supremacy_a_match_made_in_hell] Repaired malformed JSON.
[02:10:22 +1m 11s | thequantuminsider_2019_10_25_bitcoin_versus_quantum_supremacy_a_match_made_in_hell] Extracting actors: https://thequantuminsider.com/2019/10/25/bitcoin-versus-quantum-supremacy-a-match-made-in-hell (1/1), chunk 15/37
[02:10:27 +1m 16s | thequantuminsider_2019_10_25_bitcoin_versus_quantum_supremacy_a_match_made_in_hell] Repaired malformed JSON.
[02:10:27 +1m 16s | thequantuminsider_2019_10_25_bitcoin_versus_quantum_supremacy_a_match_made_in_hell] Extracting actors: https://thequantuminsider.com/2019/10/25/bitcoin-versus-quantum-supremacy-a-match-made-in-hell (1/1), chunk 16/37
[02:10:33 +1m 22s | thequantuminsider_2019_10_25_bitcoin_versus_quantum_supremacy_a_match_made_in_hell] Repaired malformed JSON.
[02:10:33 +1m 22s | thequantuminsider_2019_10_25_bitcoin_versus_quantum_supremacy_a_match_made_in_hell] Extracting actors: https://thequantuminsider.com/2019/10/25/bitcoin-versus-quantum-supremacy-a-match-made-in-hell (1/1), chunk 17/37
[02:10:42 +1m 31s | thequantuminsider_2019_10_25_bitcoin_versus_quantum_supremacy_a_match_made_in_hell] Repaired malformed JSON.
[02:10:42 +1m 31s | thequantuminsider_2019_10_25_bitcoin_versus_quantum_supremacy_a_match_made_in_hell] Extracting actors: https://thequantuminsider.com/2019/10/25/bitcoin-versus-quantum-supremacy-a-match-made-in-hell (1/1), chunk 18/37
[02:10:53 +1m 39s | thequantuminsider_2019_10_25_bitcoin_versus_quantum_supremacy_a_match_made_in_hell] Repaired malformed JSON.
[02:10:53 +1m 39s | thequantuminsider_2019_10_25_bitcoin_versus_quantum_supremacy_a_match_made_in_hell] Extracting actors: https://thequantuminsider.com/2019/10/25/bitcoin-versus-quantum-supremacy-a-match-made-in-hell (1/1), chunk 19/37
[02:10:59 +1m 45s | thequantuminsider_2019_10_25_bitcoin_versus_quantum_supremacy_a_match_made_in_hell] Repaired malformed JSON.
[02:10:59 +1m 45s | thequantuminsider_2019_10_25_bitcoin_versus_quantum_supremacy_a_match_made_in_hell] Extracting actors: https://thequantuminsider.com/2019/10/25/bitcoin-versus-quantum-supremacy-a-match-made-in-hell (1/1), chunk 20/37
[02:11:06 +1m 52s | thequantuminsider_2019_10_25_bitcoin_versus_quantum_supremacy_a_match_made_in_hell] Repaired malformed JSON.
[02:11:06 +1m 52s | thequantuminsider_2019_10_25_bitcoin_versus_quantum_supremacy_a_match_made_in_hell] Extracting actors: https://thequantuminsider.com/2019/10/25/bitcoin-versus-quantum-supremacy-a-match-made-in-hell (1/1), chunk 21/37
[02:11:13 +1m 59s | thequantuminsider_2019_10_25_bitcoin_versus_quantum_supremacy_a_match_made_in_hell] Repaired malformed JSON.
[02:11:13 +1m 59s | thequantuminsider_2019_10_25_bitcoin_versus_quantum_supremacy_a_match_made_in_hell] Extracting actors: https://thequantuminsider.com/2019/10/25/bitcoin-versus-quantum-supremacy-a-match-made-in-hell (1/1), chunk 22/37
[02:11:20 +2m 6s | thequantuminsider_2019_10_25_bitcoin_versus_quantum_supremacy_a_match_made_in_hell] Repaired malformed JSON.
[02:11:20 +2m 6s | thequantuminsider_2019_10_25_bitcoin_versus_quantum_supremacy_a_match_made_in_hell] Extracting actors: https://thequantuminsider.com/2019/10/25/bitcoin-versus-quantum-supremacy-a-match-made-in-hell (1/1), chunk 23/37
[02:11:29 +2m 12s | thequantuminsider_2019_10_25_bitcoin_versus_quantum_supremacy_a_match_made_in_hell] Repaired malformed JSON.
[02:11:29 +2m 12s | thequantuminsider_2019_10_25_bitcoin_versus_quantum_supremacy_a_match_made_in_hell] Extracting actors: https://thequantuminsider.com/2019/10/25/bitcoin-versus-quantum-supremacy-a-match-made-in-hell (1/1), chunk 24/37
[02:11:38 +2m 21s | thequantuminsider_2019_10_25_bitcoin_versus_quantum_supremacy_a_match_made_in_hell] Repaired malformed JSON.
[02:11:38 +2m 21s | thequantuminsider_2019_10_25_bitcoin_versus_quantum_supremacy_a_match_made_in_hell] Extracting actors: https://thequantuminsider.com/2019/10/25/bitcoin-versus-quantum-supremacy-a-match-made-in-hell (1/1), chunk 25/37
[02:11:45 +2m 28s | thequantuminsider_2019_10_25_bitcoin_versus_quantum_supremacy_a_match_made_in_hell] Extracting actors: https://thequantuminsider.com/2019/10/25/bitcoin-versus-quantum-supremacy-a-match-made-in-hell (1/1), chunk 26/37
[02:11:51 +2m 34s | thequantuminsider_2019_10_25_bitcoin_versus_quantum_supremacy_a_match_made_in_hell] Repaired malformed JSON.
[02:11:51 +2m 34s | thequantuminsider_2019_10_25_bitcoin_versus_quantum_supremacy_a_match_made_in_hell] Extracting actors: https://thequantuminsider.com/2019/10/25/bitcoin-versus-quantum-supremacy-a-match-made-in-hell (1/1), chunk 27/37
[02:11:58 +2m 41s | thequantuminsider_2019_10_25_bitcoin_versus_quantum_supremacy_a_match_made_in_hell] Extracting actors: https://thequantuminsider.com/2019/10/25/bitcoin-versus-quantum-supremacy-a-match-made-in-hell (1/1), chunk 28/37
[02:12:06 +2m 46s | thequantuminsider_2019_10_25_bitcoin_versus_quantum_supremacy_a_match_made_in_hell] Extracting actors: https://thequantuminsider.com/2019/10/25/bitcoin-versus-quantum-supremacy-a-match-made-in-hell (1/1), chunk 29/37
[02:12:14 +2m 54s | thequantuminsider_2019_10_25_bitcoin_versus_quantum_supremacy_a_match_made_in_hell] Repaired malformed JSON.
[02:12:14 +2m 54s | thequantuminsider_2019_10_25_bitcoin_versus_quantum_supremacy_a_match_made_in_hell] Extracting actors: https://thequantuminsider.com/2019/10/25/bitcoin-versus-quantum-supremacy-a-match-made-in-hell (1/1), chunk 30/37
[02:12:19 +2m 59s | thequantuminsider_2019_10_25_bitcoin_versus_quantum_supremacy_a_match_made_in_hell] Repaired malformed JSON.
[02:12:19 +2m 59s | thequantuminsider_2019_10_25_bitcoin_versus_quantum_supremacy_a_match_made_in_hell] Extracting actors: https://thequantuminsider.com/2019/10/25/bitcoin-versus-quantum-supremacy-a-match-made-in-hell (1/1), chunk 31/37
[02:12:25 +3m 5s | thequantuminsider_2019_10_25_bitcoin_versus_quantum_supremacy_a_match_made_in_hell] Repaired malformed JSON.
[02:12:25 +3m 5s | thequantuminsider_2019_10_25_bitcoin_versus_quantum_supremacy_a_match_made_in_hell] Extracting actors: https://thequantuminsider.com/2019/10/25/bitcoin-versus-quantum-supremacy-a-match-made-in-hell (1/1), chunk 32/37
[02:12:30 +3m 10s | thequantuminsider_2019_10_25_bitcoin_versus_quantum_supremacy_a_match_made_in_hell] Repaired malformed JSON.
[02:12:30 +3m 10s | thequantuminsider_2019_10_25_bitcoin_versus_quantum_supremacy_a_match_made_in_hell] Extracting actors: https://thequantuminsider.com/2019/10/25/bitcoin-versus-quantum-supremacy-a-match-made-in-hell (1/1), chunk 33/37
[02:12:40 +3m 17s | thequantuminsider_2019_10_25_bitcoin_versus_quantum_supremacy_a_match_made_in_hell] Repaired malformed JSON.
[02:12:40 +3m 17s | thequantuminsider_2019_10_25_bitcoin_versus_quantum_supremacy_a_match_made_in_hell] Extracting actors: https://thequantuminsider.com/2019/10/25/bitcoin-versus-quantum-supremacy-a-match-made-in-hell (1/1), chunk 34/37
[02:12:48 +3m 25s | thequantuminsider_2019_10_25_bitcoin_versus_quantum_supremacy_a_match_made_in_hell] Repaired malformed JSON.
[02:12:48 +3m 25s | thequantuminsider_2019_10_25_bitcoin_versus_quantum_supremacy_a_match_made_in_hell] Extracting actors: https://thequantuminsider.com/2019/10/25/bitcoin-versus-quantum-supremacy-a-match-made-in-hell (1/1), chunk 35/37
[02:12:55 +3m 32s | thequantuminsider_2019_10_25_bitcoin_versus_quantum_supremacy_a_match_made_in_hell] Repaired malformed JSON.
[02:12:55 +3m 32s | thequantuminsider_2019_10_25_bitcoin_versus_quantum_supremacy_a_match_made_in_hell] Extracting actors: https://thequantuminsider.com/2019/10/25/bitcoin-versus-quantum-supremacy-a-match-made-in-hell (1/1), chunk 36/37
[02:13:01 +3m 38s | thequantuminsider_2019_10_25_bitcoin_versus_quantum_supremacy_a_match_made_in_hell] Repaired malformed JSON.
[02:13:01 +3m 38s | thequantuminsider_2019_10_25_bitcoin_versus_quantum_supremacy_a_match_made_in_hell] Extracting actors: https://thequantuminsider.com/2019/10/25/bitcoin-versus-quantum-supremacy-a-match-made-in-hell (1/1), chunk 37/37
[02:13:07 +3m 44s | thequantuminsider_2019_10_25_bitcoin_versus_quantum_supremacy_a_match_made_in_hell] Repaired malformed JSON.
[02:13:07 +3m 44s | thequantuminsider_2019_10_25_bitcoin_versus_quantum_supremacy_a_match_made_in_hell] Saved 1_actor_results.json with 54 extracted records

[02:13:07 +3m 44s | thequantuminsider_2019_10_25_bitcoin_versus_quantum_supremacy_a_match_made_in_hell] === 2 clean actors ===
[02:13:07 +3m 44s | thequantuminsider_2019_10_25_bitcoin_versus_quantum_supremacy_a_match_made_in_hell] Loaded 54 extracted records
[02:13:07 +3m 44s | thequantuminsider_2019_10_25_bitcoin_versus_quantum_supremacy_a_match_made_in_hell] Saved 2_actor_nodes.json with 26 canonical actor nodes

[02:13:07 +3m 44s | thequantuminsider_2019_10_25_bitcoin_versus_quantum_supremacy_a_match_made_in_hell] === 3 interaction extraction ===
[02:13:07 +3m 44s | thequantuminsider_2019_10_25_bitcoin_versus_quantum_supremacy_a_match_made_in_hell] Extracting interactions: https://thequantuminsider.com/2019/10/25/bitcoin-versus-quantum-supremacy-a-match-made-in-hell (1/1), chunk 12/37
[02:13:15 +3m 49s | thequantuminsider_2019_10_25_bitcoin_versus_quantum_supremacy_a_match_made_in_hell] Extracting interactions: https://thequantuminsider.com/2019/10/25/bitcoin-versus-quantum-supremacy-a-match-made-in-hell (1/1), chunk 13/37
[02:13:19 +3m 53s | thequantuminsider_2019_10_25_bitcoin_versus_quantum_supremacy_a_match_made_in_hell] Extracting interactions: https://thequantuminsider.com/2019/10/25/bitcoin-versus-quantum-supremacy-a-match-made-in-hell (1/1), chunk 14/37
[02:13:33 +4m 7s | thequantuminsider_2019_10_25_bitcoin_versus_quantum_supremacy_a_match_made_in_hell] Extracting interactions: https://thequantuminsider.com/2019/10/25/bitcoin-versus-quantum-supremacy-a-match-made-in-hell (1/1), chunk 15/37
[02:13:41 +4m 15s | thequantuminsider_2019_10_25_bitcoin_versus_quantum_supremacy_a_match_made_in_hell] Extracting interactions: https://thequantuminsider.com/2019/10/25/bitcoin-versus-quantum-supremacy-a-match-made-in-hell (1/1), chunk 16/37
[02:13:45 +4m 19s | thequantuminsider_2019_10_25_bitcoin_versus_quantum_supremacy_a_match_made_in_hell] Extracting interactions: https://thequantuminsider.com/2019/10/25/bitcoin-versus-quantum-supremacy-a-match-made-in-hell (1/1), chunk 17/37
[02:13:51 +4m 22s | thequantuminsider_2019_10_25_bitcoin_versus_quantum_supremacy_a_match_made_in_hell] Extracting interactions: https://thequantuminsider.com/2019/10/25/bitcoin-versus-quantum-supremacy-a-match-made-in-hell (1/1), chunk 18/37
[02:13:59 +4m 30s | thequantuminsider_2019_10_25_bitcoin_versus_quantum_supremacy_a_match_made_in_hell] Extracting interactions: https://thequantuminsider.com/2019/10/25/bitcoin-versus-quantum-supremacy-a-match-made-in-hell (1/1), chunk 19/37
[02:14:06 +4m 37s | thequantuminsider_2019_10_25_bitcoin_versus_quantum_supremacy_a_match_made_in_hell] Extracting interactions: https://thequantuminsider.com/2019/10/25/bitcoin-versus-quantum-supremacy-a-match-made-in-hell (1/1), chunk 20/37
[02:14:16 +4m 47s | thequantuminsider_2019_10_25_bitcoin_versus_quantum_supremacy_a_match_made_in_hell] Model call failed on https://thequantuminsider.com/2019/10/25/bitcoin-versus-quantum-supremacy-a-match-made-in-hell, chunk 20: Cannot connect to host api.cloudflare.com:443 ssl:default [Temporary failure in name resolution]
[02:14:16 +4m 47s | thequantuminsider_2019_10_25_bitcoin_versus_quantum_supremacy_a_match_made_in_hell] Extracting interactions: https://thequantuminsider.com/2019/10/25/bitcoin-versus-quantum-supremacy-a-match-made-in-hell (1/1), chunk 21/37
[02:14:20 +4m 51s | thequantuminsider_2019_10_25_bitcoin_versus_quantum_supremacy_a_match_made_in_hell] Extracting interactions: https://thequantuminsider.com/2019/10/25/bitcoin-versus-quantum-supremacy-a-match-made-in-hell (1/1), chunk 22/37
[02:14:28 +4m 56s | thequantuminsider_2019_10_25_bitcoin_versus_quantum_supremacy_a_match_made_in_hell] Extracting interactions: https://thequantuminsider.com/2019/10/25/bitcoin-versus-quantum-supremacy-a-match-made-in-hell (1/1), chunk 23/37
[02:14:33 +5m 2s | thequantuminsider_2019_10_25_bitcoin_versus_quantum_supremacy_a_match_made_in_hell] Extracting interactions: https://thequantuminsider.com/2019/10/25/bitcoin-versus-quantum-supremacy-a-match-made-in-hell (1/1), chunk 24/37
[02:14:35 +5m 3s | thequantuminsider_2019_10_25_bitcoin_versus_quantum_supremacy_a_match_made_in_hell] Extracting interactions: https://thequantuminsider.com/2019/10/25/bitcoin-versus-quantum-supremacy-a-match-made-in-hell (1/1), chunk 25/37
[02:14:37 +5m 5s | thequantuminsider_2019_10_25_bitcoin_versus_quantum_supremacy_a_match_made_in_hell] Extracting interactions: https://thequantuminsider.com/2019/10/25/bitcoin-versus-quantum-supremacy-a-match-made-in-hell (1/1), chunk 26/37
[02:14:42 +5m 11s | thequantuminsider_2019_10_25_bitcoin_versus_quantum_supremacy_a_match_made_in_hell] Extracting interactions: https://thequantuminsider.com/2019/10/25/bitcoin-versus-quantum-supremacy-a-match-made-in-hell (1/1), chunk 27/37
[02:14:44 +5m 12s | thequantuminsider_2019_10_25_bitcoin_versus_quantum_supremacy_a_match_made_in_hell] Extracting interactions: https://thequantuminsider.com/2019/10/25/bitcoin-versus-quantum-supremacy-a-match-made-in-hell (1/1), chunk 28/37
[02:14:46 +5m 14s | thequantuminsider_2019_10_25_bitcoin_versus_quantum_supremacy_a_match_made_in_hell] Extracting interactions: https://thequantuminsider.com/2019/10/25/bitcoin-versus-quantum-supremacy-a-match-made-in-hell (1/1), chunk 29/37
[02:14:47 +5m 16s | thequantuminsider_2019_10_25_bitcoin_versus_quantum_supremacy_a_match_made_in_hell] Extracting interactions: https://thequantuminsider.com/2019/10/25/bitcoin-versus-quantum-supremacy-a-match-made-in-hell (1/1), chunk 30/37
[02:14:49 +5m 18s | thequantuminsider_2019_10_25_bitcoin_versus_quantum_supremacy_a_match_made_in_hell] Extracting interactions: https://thequantuminsider.com/2019/10/25/bitcoin-versus-quantum-supremacy-a-match-made-in-hell (1/1), chunk 31/37
[02:14:51 +5m 19s | thequantuminsider_2019_10_25_bitcoin_versus_quantum_supremacy_a_match_made_in_hell] Extracting interactions: https://thequantuminsider.com/2019/10/25/bitcoin-versus-quantum-supremacy-a-match-made-in-hell (1/1), chunk 32/37
[02:14:52 +5m 20s | thequantuminsider_2019_10_25_bitcoin_versus_quantum_supremacy_a_match_made_in_hell] Extracting interactions: https://thequantuminsider.com/2019/10/25/bitcoin-versus-quantum-supremacy-a-match-made-in-hell (1/1), chunk 33/37
[02:14:54 +5m 22s | thequantuminsider_2019_10_25_bitcoin_versus_quantum_supremacy_a_match_made_in_hell] Extracting interactions: https://thequantuminsider.com/2019/10/25/bitcoin-versus-quantum-supremacy-a-match-made-in-hell (1/1), chunk 35/37
[02:14:58 +5m 24s | thequantuminsider_2019_10_25_bitcoin_versus_quantum_supremacy_a_match_made_in_hell] Extracting interactions: https://thequantuminsider.com/2019/10/25/bitcoin-versus-quantum-supremacy-a-match-made-in-hell (1/1), chunk 36/37
[02:15:00 +5m 25s | thequantuminsider_2019_10_25_bitcoin_versus_quantum_supremacy_a_match_made_in_hell] Extracting interactions: https://thequantuminsider.com/2019/10/25/bitcoin-versus-quantum-supremacy-a-match-made-in-hell (1/1), chunk 37/37
[02:15:01 +5m 26s | thequantuminsider_2019_10_25_bitcoin_versus_quantum_supremacy_a_match_made_in_hell] Saved 3_interaction_results.json with 13 extracted interactions.

[02:15:01 +5m 26s | thequantuminsider_2019_10_25_bitcoin_versus_quantum_supremacy_a_match_made_in_hell] === 4 clean interactions ===
[02:15:01 +5m 26s | thequantuminsider_2019_10_25_bitcoin_versus_quantum_supremacy_a_match_made_in_hell] Saved 4_edges.json with 2 cleaned interactions.

[02:15:01 +5m 26s | thequantuminsider_2019_10_25_bitcoin_versus_quantum_supremacy_a_match_made_in_hell] === 5 helix enrichment ===
[02:15:01 +5m 27s | thequantuminsider_2019_10_25_bitcoin_versus_quantum_supremacy_a_match_made_in_hell] Wrote 5_nodes.json (26 actors)
[02:15:01 +5m 27s | thequantuminsider_2019_10_25_bitcoin_versus_quantum_supremacy_a_match_made_in_hell] Wrote 5_edges.json (2 interactions)
[02:15:01 +5m 27s | thequantuminsider_2019_10_25_bitcoin_versus_quantum_supremacy_a_match_made_in_hell] Actor helix counts: {'Civil Society': 4, 'Government': 2, 'Industry': 8, 'Unknown': 12}
[02:15:01 +5m 27s | thequantuminsider_2019_10_25_bitcoin_versus_quantum_supremacy_a_match_made_in_hell] Functional-space counts: {'Intra-helix / Not classified': 2}

[02:15:01 +5m 27s | thequantuminsider_2019_10_25_bitcoin_versus_quantum_supremacy_a_match_made_in_hell] === 6 network visualisation ===
[02:15:01 +5m 27s | thequantuminsider_2019_10_25_bitcoin_versus_quantum_supremacy_a_match_made_in_hell] Wrote quantum_network.html
[02:15:01 +5m 27s | thequantuminsider_2019_10_25_bitcoin_versus_quantum_supremacy_a_match_made_in_hell] Nodes: 26
[02:15:01 +5m 27s | thequantuminsider_2019_10_25_bitcoin_versus_quantum_supremacy_a_match_made_in_hell] Edges: 2

[02:15:02 +5m 27s | thequantuminsider_2019_10_25_bitcoin_versus_quantum_supremacy_a_match_made_in_hell] Done. Outputs written to: /home/lv/IDP/idpdeeptech/pipeline/news_outputs/thequantuminsider_2019_10_25_bitcoin_versus_quantum_supremacy_a_match_made_in_hell
[02:15:02 +5m 27s | thequantuminsider_2019_10_25_bitcoin_versus_quantum_supremacy_a_match_made_in_hell] Log: /home/lv/IDP/idpdeeptech/pipeline/news_outputs/thequantuminsider_2019_10_25_bitcoin_versus_quantum_supremacy_a_match_made_in_hell/run.log

========================================================================
RUN FINISHED 2026-07-02 02:15:02  (OK)
Started:     2026-07-02 02:09:02
Elapsed:     5m 27s
========================================================================
