
========================================================================
RUN STARTED  2026-06-17 04:00:16
site_pipeline.py https://www.pasqal.com/
========================================================================

[04:00:16 +0s | pasqal] === 0 crawl site ===
[04:00:17 +1s | pasqal] [INIT].... → Crawl4AI 0.8.6 
[04:00:18 +2s | pasqal] [FETCH]... ↓ https://www.pasqal.com/                                                                              | ✓ | ⏱: 1.00s 
[04:00:18 +2s | pasqal] [SCRAPE].. ◆ https://www.pasqal.com/                                                                              | ✓ | ⏱: 0.06s 
[04:00:18 +2s | pasqal] [COMPLETE] ● https://www.pasqal.com/                                                                              | ✓ | ⏱: 1.07s 
[04:00:19 +3s | pasqal] [FETCH]... ↓ https://www.pasqal.com/                                                                              | ✓ | ⏱: 0.75s 
[04:00:19 +3s | pasqal] [SCRAPE].. ◆ https://www.pasqal.com/                                                                              | ✓ | ⏱: 0.09s 
[04:00:19 +3s | pasqal] [COMPLETE] ● https://www.pasqal.com/                                                                              | ✓ | ⏱: 0.87s 
[04:00:20 +4s | pasqal] [FETCH]... ↓ https://www.pasqal.com/beyond-classical-understanding-quantum-computing/                             | ✓ | ⏱: 1.32s 
[04:00:20 +4s | pasqal] [SCRAPE].. ◆ https://www.pasqal.com/beyond-classical-understanding-quantum-computing/                             | ✓ | ⏱: 0.05s 
[04:00:20 +4s | pasqal] [COMPLETE] ● https://www.pasqal.com/beyond-classical-understanding-quantum-computing/                             | ✓ | ⏱: 1.39s 
[04:00:20 +4s | pasqal] [FETCH]... ↓ https://www.pasqal.com/community/                                                                    | ✓ | ⏱: 1.57s 
[04:00:20 +4s | pasqal] [SCRAPE].. ◆ https://www.pasqal.com/community/                                                                    | ✓ | ⏱: 0.05s 
[04:00:20 +4s | pasqal] [COMPLETE] ● https://www.pasqal.com/community/                                                                    | ✓ | ⏱: 1.64s 
[04:00:20 +4s | pasqal] [FETCH]... ↓ https://www.pasqal.com/technology/roadmap/                                                           | ✓ | ⏱: 1.70s 
[04:00:20 +4s | pasqal] [SCRAPE].. ◆ https://www.pasqal.com/technology/roadmap/                                                           | ✓ | ⏱: 0.05s 
[04:00:20 +4s | pasqal] [COMPLETE] ● https://www.pasqal.com/technology/roadmap/                                                           | ✓ | ⏱: 1.77s 
[04:00:20 +4s | pasqal] [FETCH]... ↓ https://www.pasqal.com/resources/content/success-story/                                              | ✓ | ⏱: 1.91s 
[04:00:20 +4s | pasqal] [SCRAPE].. ◆ https://www.pasqal.com/resources/content/success-story/                                              | ✓ | ⏱: 0.06s 
[04:00:20 +4s | pasqal] [COMPLETE] ● https://www.pasqal.com/resources/content/success-story/                                              | ✓ | ⏱: 1.99s 
[04:00:20 +4s | pasqal] [FETCH]... ↓ https://www.pasqal.com/newsroom/                                                                     | ✓ | ⏱: 2.00s 
[04:00:20 +5s | pasqal] [SCRAPE].. ◆ https://www.pasqal.com/newsroom/                                                                     | ✓ | ⏱: 0.06s 
[04:00:20 +5s | pasqal] [COMPLETE] ● https://www.pasqal.com/newsroom/                                                                     | ✓ | ⏱: 2.07s 
[04:00:20 +5s | pasqal] [FETCH]... ↓ https://www.pasqal.com/professional-services/                                                        | ✓ | ⏱: 2.08s 
[04:00:20 +5s | pasqal] [SCRAPE].. ◆ https://www.pasqal.com/professional-services/                                                        | ✓ | ⏱: 0.06s 
[04:00:20 +5s | pasqal] [COMPLETE] ● https://www.pasqal.com/professional-services/                                                        | ✓ | ⏱: 2.16s 
[04:00:20 +5s | pasqal] [FETCH]... ↓ https://www.pasqal.com/solutions/software/                                                           | ✓ | ⏱: 2.17s 
[04:00:21 +5s | pasqal] [SCRAPE].. ◆ https://www.pasqal.com/solutions/software/                                                           | ✓ | ⏱: 0.07s 
[04:00:21 +5s | pasqal] [COMPLETE] ● https://www.pasqal.com/solutions/software/                                                           | ✓ | ⏱: 2.26s 
[04:00:21 +5s | pasqal] [FETCH]... ↓ https://www.pasqal.com/publications/                                                                 | ✓ | ⏱: 2.27s 
[04:00:21 +5s | pasqal] [SCRAPE].. ◆ https://www.pasqal.com/publications/                                                                 | ✓ | ⏱: 0.06s 
[04:00:21 +5s | pasqal] [COMPLETE] ● https://www.pasqal.com/publications/                                                                 | ✓ | ⏱: 2.35s 
[04:00:21 +5s | pasqal] [FETCH]... ↓ https://www.pasqal.com/fault-tolerant-quantum-computing/                                             | ✓ | ⏱: 2.38s 
[04:00:21 +5s | pasqal] [SCRAPE].. ◆ https://www.pasqal.com/fault-tolerant-quantum-computing/                                             | ✓ | ⏱: 0.05s 
[04:00:21 +5s | pasqal] [COMPLETE] ● https://www.pasqal.com/fault-tolerant-quantum-computing/                                             | ✓ | ⏱: 2.45s 
[04:00:21 +5s | pasqal] [FETCH]... ↓ https://www.pasqal.com/solutions/cloud/                                                              | ✓ | ⏱: 2.49s 
[04:00:21 +5s | pasqal] [SCRAPE].. ◆ https://www.pasqal.com/solutions/cloud/                                                              | ✓ | ⏱: 0.06s 
[04:00:21 +5s | pasqal] [COMPLETE] ● https://www.pasqal.com/solutions/cloud/                                                              | ✓ | ⏱: 2.58s 
[04:00:21 +5s | pasqal] [FETCH]... ↓ https://www.pasqal.com/error-correction/                                                             | ✓ | ⏱: 2.59s 
[04:00:21 +5s | pasqal] [SCRAPE].. ◆ https://www.pasqal.com/error-correction/                                                             | ✓ | ⏱: 0.07s 
[04:00:21 +5s | pasqal] [COMPLETE] ● https://www.pasqal.com/error-correction/                                                             | ✓ | ⏱: 2.67s 
[04:00:21 +5s | pasqal] [FETCH]... ↓ https://www.pasqal.com/technology/                                                                   | ✓ | ⏱: 2.69s 
[04:00:21 +5s | pasqal] [SCRAPE].. ◆ https://www.pasqal.com/technology/                                                                   | ✓ | ⏱: 0.08s 
[04:00:21 +5s | pasqal] [COMPLETE] ● https://www.pasqal.com/technology/                                                                   | ✓ | ⏱: 2.79s 
[04:00:21 +5s | pasqal] [FETCH]... ↓ https://www.pasqal.com/pasqal-ibm-collaboration/                                                     | ✓ | ⏱: 2.83s 
[04:00:21 +5s | pasqal] [SCRAPE].. ◆ https://www.pasqal.com/pasqal-ibm-collaboration/                                                     | ✓ | ⏱: 0.07s 
[04:00:21 +5s | pasqal] [COMPLETE] ● https://www.pasqal.com/pasqal-ibm-collaboration/                                                     | ✓ | ⏱: 2.92s 
[04:00:21 +6s | pasqal] [FETCH]... ↓ https://www.pasqal.com/solutions/hardware/                                                           | ✓ | ⏱: 3.07s 
[04:00:21 +6s | pasqal] [SCRAPE].. ◆ https://www.pasqal.com/solutions/hardware/                                                           | ✓ | ⏱: 0.06s 
[04:00:21 +6s | pasqal] [COMPLETE] ● https://www.pasqal.com/solutions/hardware/                                                           | ✓ | ⏱: 3.15s 
[04:00:21 +6s | pasqal] [FETCH]... ↓ https://www.pasqal.com/quantum-advantage                                                             | ✓ | ⏱: 3.16s 
[04:00:22 +6s | pasqal] [SCRAPE].. ◆ https://www.pasqal.com/quantum-advantage                                                             | ✓ | ⏱: 0.11s 
[04:00:22 +6s | pasqal] [COMPLETE] ● https://www.pasqal.com/quantum-advantage                                                             | ✓ | ⏱: 3.28s 
[04:00:22 +6s | pasqal] [FETCH]... ↓ https://www.pasqal.com/industries/                                                                   | ✓ | ⏱: 3.28s 
[04:00:22 +6s | pasqal] [SCRAPE].. ◆ https://www.pasqal.com/industries/                                                                   | ✓ | ⏱: 0.04s 
[04:00:22 +6s | pasqal] [COMPLETE] ● https://www.pasqal.com/industries/                                                                   | ✓ | ⏱: 3.34s 
[04:00:22 +6s | pasqal] [FETCH]... ↓ https://www.pasqal.com/blog/                                                                         | ✓ | ⏱: 3.33s 
[04:00:22 +6s | pasqal] [SCRAPE].. ◆ https://www.pasqal.com/blog/                                                                         | ✓ | ⏱: 0.04s 
[04:00:22 +6s | pasqal] [COMPLETE] ● https://www.pasqal.com/blog/                                                                         | ✓ | ⏱: 3.38s 
[04:00:22 +6s | pasqal] [FETCH]... ↓ https://www.pasqal.com/about-us/partners                                                             | ✓ | ⏱: 3.39s 
[04:00:22 +6s | pasqal] [SCRAPE].. ◆ https://www.pasqal.com/about-us/partners                                                             | ✓ | ⏱: 0.05s 
[04:00:22 +6s | pasqal] [COMPLETE] ● https://www.pasqal.com/about-us/partners                                                             | ✓ | ⏱: 3.45s 
[04:00:22 +6s | pasqal] Saved: crawl_output/0f61b6a88e_www.pasqal.com.json
[04:00:22 +6s | pasqal] Duplicate skipped: https://www.pasqal.com
[04:00:22 +6s | pasqal] Saved: crawl_output/e119aa3816_www.pasqal.com_beyond-classical-understanding-quantum-computing.json
[04:00:22 +6s | pasqal] Saved: crawl_output/a2e8d5cbcd_www.pasqal.com_community.json
[04:00:22 +6s | pasqal] Saved: crawl_output/b2f140ebc9_www.pasqal.com_technology_roadmap.json
[04:00:22 +6s | pasqal] Saved: crawl_output/e4ad954581_www.pasqal.com_resources_content_success-story.json
[04:00:22 +6s | pasqal] Saved: crawl_output/400beb857e_www.pasqal.com_newsroom.json
[04:00:22 +6s | pasqal] Saved: crawl_output/46b753b082_www.pasqal.com_professional-services.json
[04:00:22 +6s | pasqal] Saved: crawl_output/ec9e3645b4_www.pasqal.com_solutions_software.json
[04:00:22 +6s | pasqal] Saved: crawl_output/92c230c418_www.pasqal.com_publications.json
[04:00:22 +6s | pasqal] Saved: crawl_output/a715b0ec77_www.pasqal.com_fault-tolerant-quantum-computing.json
[04:00:22 +6s | pasqal] Saved: crawl_output/af87e3b4e6_www.pasqal.com_solutions_cloud.json
[04:00:22 +6s | pasqal] Saved: crawl_output/d7e6e42329_www.pasqal.com_error-correction.json
[04:00:22 +6s | pasqal] Saved: crawl_output/61a58bca3d_www.pasqal.com_technology.json
[04:00:22 +6s | pasqal] Saved: crawl_output/aba5b2bc77_www.pasqal.com_pasqal-ibm-collaboration.json
[04:00:22 +6s | pasqal] Saved: crawl_output/59abdfa2b8_www.pasqal.com_solutions_hardware.json
[04:00:22 +6s | pasqal] Saved: crawl_output/c3e2ccdabf_www.pasqal.com_quantum-advantage.json
[04:00:22 +6s | pasqal] Saved: crawl_output/6875d189c2_www.pasqal.com_industries.json
[04:00:22 +6s | pasqal] Saved: crawl_output/d5e9986f40_www.pasqal.com_blog.json
[04:00:22 +6s | pasqal] Saved: crawl_output/b55bcc99bd_www.pasqal.com_about-us_partners.json

[04:00:22 +6s | pasqal] === 1 actor extraction ===
[04:00:22 +6s | pasqal] Reading page (1/19): https://www.pasqal.com
[04:00:22 +6s | pasqal] Extracting: https://www.pasqal.com (1/19), chunk 1/19
[04:00:25 +9s | pasqal] Extracting: https://www.pasqal.com (1/19), chunk 2/19
[04:00:34 +18s | pasqal] Repaired malformed JSON.
[04:00:34 +18s | pasqal] Extracting: https://www.pasqal.com (1/19), chunk 3/19
[04:00:41 +25s | pasqal] Repaired malformed JSON.
[04:00:41 +25s | pasqal] Extracting: https://www.pasqal.com (1/19), chunk 4/19
[04:00:49 +31s | pasqal] Repaired malformed JSON.
[04:00:49 +31s | pasqal] Extracting: https://www.pasqal.com (1/19), chunk 5/19
[04:00:56 +38s | pasqal] Repaired malformed JSON.
[04:00:56 +38s | pasqal] Extracting: https://www.pasqal.com (1/19), chunk 6/19
[04:01:04 +45s | pasqal] Repaired malformed JSON.
[04:01:04 +45s | pasqal] Extracting: https://www.pasqal.com (1/19), chunk 7/19
[04:01:07 +48s | pasqal] Extracting: https://www.pasqal.com (1/19), chunk 8/19
[04:01:12 +53s | pasqal] Repaired malformed JSON.
[04:01:12 +53s | pasqal] Extracting: https://www.pasqal.com (1/19), chunk 9/19
[04:01:20 +59s | pasqal] Repaired malformed JSON.
[04:01:20 +59s | pasqal] Extracting: https://www.pasqal.com (1/19), chunk 10/19
[04:01:30 +1m 9s | pasqal] Repaired malformed JSON.
[04:01:30 +1m 9s | pasqal] Extracting: https://www.pasqal.com (1/19), chunk 11/19
[04:01:38 +1m 17s | pasqal] Repaired malformed JSON.
[04:01:38 +1m 17s | pasqal] Extracting: https://www.pasqal.com (1/19), chunk 12/19
[04:01:44 +1m 23s | pasqal] Repaired malformed JSON.
[04:01:44 +1m 23s | pasqal] Extracting: https://www.pasqal.com (1/19), chunk 13/19
[04:01:50 +1m 29s | pasqal] Repaired malformed JSON.
[04:01:50 +1m 29s | pasqal] Extracting: https://www.pasqal.com (1/19), chunk 14/19
[04:01:58 +1m 35s | pasqal] Repaired malformed JSON.
[04:01:58 +1m 35s | pasqal] Extracting: https://www.pasqal.com (1/19), chunk 15/19
[04:02:04 +1m 41s | pasqal] Repaired malformed JSON.
[04:02:04 +1m 41s | pasqal] Extracting: https://www.pasqal.com (1/19), chunk 16/19
[04:02:09 +1m 46s | pasqal] Extracting: https://www.pasqal.com (1/19), chunk 17/19
[04:02:13 +1m 50s | pasqal] Extracting: https://www.pasqal.com (1/19), chunk 18/19
[04:02:17 +1m 54s | pasqal] Extracting: https://www.pasqal.com (1/19), chunk 19/19
[04:02:20 +1m 57s | pasqal] Reading page (2/19): https://www.pasqal.com/newsroom
[04:02:20 +1m 57s | pasqal] Extracting: https://www.pasqal.com/newsroom (2/19), chunk 1/15
[04:02:25 +2m 2s | pasqal] Extracting: https://www.pasqal.com/newsroom (2/19), chunk 2/15
[04:02:34 +2m 8s | pasqal] Repaired malformed JSON.
[04:02:34 +2m 8s | pasqal] Extracting: https://www.pasqal.com/newsroom (2/19), chunk 3/15
[04:02:43 +2m 18s | pasqal] Repaired malformed JSON.
[04:02:43 +2m 18s | pasqal] Extracting: https://www.pasqal.com/newsroom (2/19), chunk 4/15
[04:02:49 +2m 23s | pasqal] Repaired malformed JSON.
[04:02:49 +2m 23s | pasqal] Extracting: https://www.pasqal.com/newsroom (2/19), chunk 5/15
[04:02:56 +2m 31s | pasqal] Repaired malformed JSON.
[04:02:56 +2m 31s | pasqal] Extracting: https://www.pasqal.com/newsroom (2/19), chunk 6/15
[04:03:06 +2m 38s | pasqal] Repaired malformed JSON.
[04:03:06 +2m 38s | pasqal] Extracting: https://www.pasqal.com/newsroom (2/19), chunk 7/15
[04:03:10 +2m 42s | pasqal] Extracting: https://www.pasqal.com/newsroom (2/19), chunk 8/15
[04:03:16 +2m 48s | pasqal] Extracting: https://www.pasqal.com/newsroom (2/19), chunk 9/15
[04:03:21 +2m 53s | pasqal] Repaired malformed JSON.
[04:03:21 +2m 53s | pasqal] Extracting: https://www.pasqal.com/newsroom (2/19), chunk 10/15
[04:03:29 +3m 1s | pasqal] Repaired malformed JSON.
[04:03:29 +3m 1s | pasqal] Extracting: https://www.pasqal.com/newsroom (2/19), chunk 11/15
[04:03:35 +3m 7s | pasqal] Repaired malformed JSON.
[04:03:35 +3m 7s | pasqal] Extracting: https://www.pasqal.com/newsroom (2/19), chunk 12/15
[04:03:43 +3m 12s | pasqal] Repaired malformed JSON.
[04:03:43 +3m 12s | pasqal] Extracting: https://www.pasqal.com/newsroom (2/19), chunk 13/15
[04:03:46 +3m 15s | pasqal] Extracting: https://www.pasqal.com/newsroom (2/19), chunk 14/15
[04:03:49 +3m 18s | pasqal] Extracting: https://www.pasqal.com/newsroom (2/19), chunk 15/15
[04:03:52 +3m 22s | pasqal] Reading page (3/19): https://www.pasqal.com/professional-services
[04:03:52 +3m 22s | pasqal] Extracting: https://www.pasqal.com/professional-services (3/19), chunk 1/12
[04:03:55 +3m 25s | pasqal] Extracting: https://www.pasqal.com/professional-services (3/19), chunk 2/12
[04:04:03 +3m 32s | pasqal] Repaired malformed JSON.
[04:04:03 +3m 32s | pasqal] Extracting: https://www.pasqal.com/professional-services (3/19), chunk 3/12
[04:04:13 +3m 40s | pasqal] Repaired malformed JSON.
[04:04:13 +3m 40s | pasqal] Extracting: https://www.pasqal.com/professional-services (3/19), chunk 4/12
[04:04:20 +3m 47s | pasqal] Repaired malformed JSON.
[04:04:20 +3m 47s | pasqal] Extracting: https://www.pasqal.com/professional-services (3/19), chunk 5/12
[04:04:28 +3m 55s | pasqal] Repaired malformed JSON.
[04:04:28 +3m 55s | pasqal] Extracting: https://www.pasqal.com/professional-services (3/19), chunk 6/12
[04:04:36 +4m 3s | pasqal] Repaired malformed JSON.
[04:04:36 +4m 3s | pasqal] Extracting: https://www.pasqal.com/professional-services (3/19), chunk 7/12
[04:04:39 +4m 7s | pasqal] Extracting: https://www.pasqal.com/professional-services (3/19), chunk 8/12
[04:04:44 +4m 11s | pasqal] Extracting: https://www.pasqal.com/professional-services (3/19), chunk 9/12
[04:04:53 +4m 18s | pasqal] Repaired malformed JSON.
[04:04:53 +4m 18s | pasqal] Extracting: https://www.pasqal.com/professional-services (3/19), chunk 10/12
[04:04:59 +4m 24s | pasqal] Repaired malformed JSON.
[04:04:59 +4m 24s | pasqal] Extracting: https://www.pasqal.com/professional-services (3/19), chunk 11/12
[04:05:08 +4m 32s | pasqal] Repaired malformed JSON.
[04:05:08 +4m 32s | pasqal] Extracting: https://www.pasqal.com/professional-services (3/19), chunk 12/12
[04:05:11 +4m 36s | pasqal] Reading page (4/19): https://www.pasqal.com/solutions/hardware
[04:05:11 +4m 36s | pasqal] Extracting: https://www.pasqal.com/solutions/hardware (4/19), chunk 1/19
[04:05:14 +4m 39s | pasqal] Extracting: https://www.pasqal.com/solutions/hardware (4/19), chunk 2/19
[04:05:23 +4m 45s | pasqal] Repaired malformed JSON.
[04:05:23 +4m 45s | pasqal] Extracting: https://www.pasqal.com/solutions/hardware (4/19), chunk 3/19
[04:05:29 +4m 51s | pasqal] Repaired malformed JSON.
[04:05:29 +4m 51s | pasqal] Extracting: https://www.pasqal.com/solutions/hardware (4/19), chunk 4/19
[04:05:34 +4m 56s | pasqal] Repaired malformed JSON.
[04:05:34 +4m 56s | pasqal] Extracting: https://www.pasqal.com/solutions/hardware (4/19), chunk 5/19
[04:05:41 +5m 3s | pasqal] Repaired malformed JSON.
[04:05:41 +5m 3s | pasqal] Extracting: https://www.pasqal.com/solutions/hardware (4/19), chunk 6/19
[04:05:47 +5m 9s | pasqal] Repaired malformed JSON.
[04:05:47 +5m 9s | pasqal] Extracting: https://www.pasqal.com/solutions/hardware (4/19), chunk 7/19
[04:05:50 +5m 12s | pasqal] Extracting: https://www.pasqal.com/solutions/hardware (4/19), chunk 8/19
[04:06:00 +5m 20s | pasqal] Repaired malformed JSON.
[04:06:00 +5m 20s | pasqal] Extracting: https://www.pasqal.com/solutions/hardware (4/19), chunk 9/19
[04:06:08 +5m 28s | pasqal] Repaired malformed JSON.
[04:06:08 +5m 28s | pasqal] Extracting: https://www.pasqal.com/solutions/hardware (4/19), chunk 10/19
[04:06:14 +5m 34s | pasqal] Repaired malformed JSON.
[04:06:14 +5m 34s | pasqal] Extracting: https://www.pasqal.com/solutions/hardware (4/19), chunk 11/19
[04:06:22 +5m 42s | pasqal] Repaired malformed JSON.
[04:06:22 +5m 42s | pasqal] Extracting: https://www.pasqal.com/solutions/hardware (4/19), chunk 12/19
[04:06:28 +5m 47s | pasqal] Extracting: https://www.pasqal.com/solutions/hardware (4/19), chunk 13/19
[04:06:37 +5m 54s | pasqal] Repaired malformed JSON.
[04:06:37 +5m 54s | pasqal] Extracting: https://www.pasqal.com/solutions/hardware (4/19), chunk 14/19
[04:06:42 +6m 0s | pasqal] Repaired malformed JSON.
[04:06:42 +6m 0s | pasqal] Extracting: https://www.pasqal.com/solutions/hardware (4/19), chunk 15/19
[04:06:48 +6m 5s | pasqal] Repaired malformed JSON.
[04:06:48 +6m 5s | pasqal] Extracting: https://www.pasqal.com/solutions/hardware (4/19), chunk 16/19
[04:06:54 +6m 12s | pasqal] Repaired malformed JSON.
[04:06:54 +6m 12s | pasqal] Extracting: https://www.pasqal.com/solutions/hardware (4/19), chunk 17/19
[04:06:57 +6m 15s | pasqal] Extracting: https://www.pasqal.com/solutions/hardware (4/19), chunk 18/19
[04:07:01 +6m 18s | pasqal] Extracting: https://www.pasqal.com/solutions/hardware (4/19), chunk 19/19
[04:07:08 +6m 23s | pasqal] Reading page (5/19): https://www.pasqal.com/technology
[04:07:08 +6m 23s | pasqal] Extracting: https://www.pasqal.com/technology (5/19), chunk 1/15
[04:07:12 +6m 27s | pasqal] Extracting: https://www.pasqal.com/technology (5/19), chunk 2/15
[04:07:19 +6m 34s | pasqal] Repaired malformed JSON.
[04:07:19 +6m 34s | pasqal] Extracting: https://www.pasqal.com/technology (5/19), chunk 3/15
[04:07:26 +6m 41s | pasqal] Repaired malformed JSON.
[04:07:26 +6m 41s | pasqal] Extracting: https://www.pasqal.com/technology (5/19), chunk 4/15
[04:07:33 +6m 48s | pasqal] Repaired malformed JSON.
[04:07:33 +6m 48s | pasqal] Extracting: https://www.pasqal.com/technology (5/19), chunk 5/15
[04:07:42 +6m 54s | pasqal] Repaired malformed JSON.
[04:07:42 +6m 54s | pasqal] Extracting: https://www.pasqal.com/technology (5/19), chunk 6/15
[04:07:49 +7m 1s | pasqal] Repaired malformed JSON.
[04:07:49 +7m 1s | pasqal] Extracting: https://www.pasqal.com/technology (5/19), chunk 7/15
[04:07:52 +7m 4s | pasqal] Extracting: https://www.pasqal.com/technology (5/19), chunk 8/15
[04:07:58 +7m 10s | pasqal] Repaired malformed JSON.
[04:07:58 +7m 10s | pasqal] Extracting: https://www.pasqal.com/technology (5/19), chunk 9/15
[04:08:05 +7m 17s | pasqal] Extracting: https://www.pasqal.com/technology (5/19), chunk 10/15
[04:08:09 +7m 22s | pasqal] Extracting: https://www.pasqal.com/technology (5/19), chunk 11/15
[04:08:18 +7m 28s | pasqal] Repaired malformed JSON.
[04:08:18 +7m 28s | pasqal] Extracting: https://www.pasqal.com/technology (5/19), chunk 12/15
[04:08:25 +7m 35s | pasqal] Repaired malformed JSON.
[04:08:25 +7m 35s | pasqal] Extracting: https://www.pasqal.com/technology (5/19), chunk 13/15
[04:08:31 +7m 41s | pasqal] Repaired malformed JSON.
[04:08:31 +7m 41s | pasqal] Extracting: https://www.pasqal.com/technology (5/19), chunk 14/15
[04:08:35 +7m 45s | pasqal] Extracting: https://www.pasqal.com/technology (5/19), chunk 15/15
[04:08:39 +7m 49s | pasqal] Reading page (6/19): https://www.pasqal.com/industries
[04:08:39 +7m 49s | pasqal] Extracting: https://www.pasqal.com/industries (6/19), chunk 1/13
[04:08:42 +7m 52s | pasqal] Extracting: https://www.pasqal.com/industries (6/19), chunk 2/13
[04:08:51 +7m 59s | pasqal] Repaired malformed JSON.
[04:08:51 +7m 59s | pasqal] Extracting: https://www.pasqal.com/industries (6/19), chunk 3/13
[04:08:59 +8m 6s | pasqal] Repaired malformed JSON.
[04:08:59 +8m 6s | pasqal] Extracting: https://www.pasqal.com/industries (6/19), chunk 4/13
[04:09:05 +8m 12s | pasqal] Repaired malformed JSON.
[04:09:05 +8m 12s | pasqal] Extracting: https://www.pasqal.com/industries (6/19), chunk 5/13
[04:09:11 +8m 18s | pasqal] Repaired malformed JSON.
[04:09:11 +8m 18s | pasqal] Extracting: https://www.pasqal.com/industries (6/19), chunk 6/13
[04:09:17 +8m 24s | pasqal] Repaired malformed JSON.
[04:09:17 +8m 24s | pasqal] Extracting: https://www.pasqal.com/industries (6/19), chunk 7/13
[04:09:20 +8m 27s | pasqal] Extracting: https://www.pasqal.com/industries (6/19), chunk 8/13
[04:09:27 +8m 32s | pasqal] Extracting: https://www.pasqal.com/industries (6/19), chunk 9/13
[04:09:31 +8m 36s | pasqal] Extracting: https://www.pasqal.com/industries (6/19), chunk 10/13
[04:09:38 +8m 43s | pasqal] Repaired malformed JSON.
[04:09:38 +8m 43s | pasqal] Extracting: https://www.pasqal.com/industries (6/19), chunk 11/13
[04:09:45 +8m 50s | pasqal] Repaired malformed JSON.
[04:09:45 +8m 50s | pasqal] Extracting: https://www.pasqal.com/industries (6/19), chunk 12/13
[04:09:52 +8m 57s | pasqal] Extracting: https://www.pasqal.com/industries (6/19), chunk 13/13
[04:09:59 +9m 2s | pasqal] Reading page (7/19): https://www.pasqal.com/publications
[04:09:59 +9m 2s | pasqal] Extracting: https://www.pasqal.com/publications (7/19), chunk 1/13
[04:10:03 +9m 6s | pasqal] Extracting: https://www.pasqal.com/publications (7/19), chunk 2/13
[04:10:09 +9m 11s | pasqal] Repaired malformed JSON.
[04:10:09 +9m 11s | pasqal] Extracting: https://www.pasqal.com/publications (7/19), chunk 3/13
[04:10:16 +9m 18s | pasqal] Repaired malformed JSON.
[04:10:16 +9m 18s | pasqal] Extracting: https://www.pasqal.com/publications (7/19), chunk 4/13
[04:10:21 +9m 23s | pasqal] Repaired malformed JSON.
[04:10:21 +9m 23s | pasqal] Extracting: https://www.pasqal.com/publications (7/19), chunk 5/13
[04:10:28 +9m 31s | pasqal] Repaired malformed JSON.
[04:10:28 +9m 31s | pasqal] Extracting: https://www.pasqal.com/publications (7/19), chunk 6/13
[04:10:35 +9m 38s | pasqal] Repaired malformed JSON.
[04:10:35 +9m 38s | pasqal] Extracting: https://www.pasqal.com/publications (7/19), chunk 7/13
[04:10:39 +9m 42s | pasqal] Extracting: https://www.pasqal.com/publications (7/19), chunk 8/13
[04:10:46 +9m 49s | pasqal] Repaired malformed JSON.
[04:10:46 +9m 49s | pasqal] Extracting: https://www.pasqal.com/publications (7/19), chunk 9/13
[04:10:56 +9m 55s | pasqal] Repaired malformed JSON.
[04:10:56 +9m 55s | pasqal] Extracting: https://www.pasqal.com/publications (7/19), chunk 10/13
[04:11:03 +10m 2s | pasqal] Repaired malformed JSON.
[04:11:03 +10m 2s | pasqal] Extracting: https://www.pasqal.com/publications (7/19), chunk 11/13
[04:11:11 +10m 10s | pasqal] Repaired malformed JSON.
[04:11:11 +10m 10s | pasqal] Extracting: https://www.pasqal.com/publications (7/19), chunk 12/13
[04:11:14 +10m 14s | pasqal] Extracting: https://www.pasqal.com/publications (7/19), chunk 13/13
[04:11:21 +10m 20s | pasqal] Reading page (8/19): https://www.pasqal.com/community
[04:11:21 +10m 20s | pasqal] Extracting: https://www.pasqal.com/community (8/19), chunk 1/14
[04:11:26 +10m 23s | pasqal] Extracting: https://www.pasqal.com/community (8/19), chunk 2/14
[04:11:32 +10m 29s | pasqal] Repaired malformed JSON.
[04:11:32 +10m 29s | pasqal] Extracting: https://www.pasqal.com/community (8/19), chunk 3/14
[04:11:40 +10m 37s | pasqal] Repaired malformed JSON.
[04:11:40 +10m 37s | pasqal] Extracting: https://www.pasqal.com/community (8/19), chunk 4/14
[04:11:45 +10m 42s | pasqal] Repaired malformed JSON.
[04:11:45 +10m 42s | pasqal] Extracting: https://www.pasqal.com/community (8/19), chunk 5/14
[04:11:53 +10m 50s | pasqal] Repaired malformed JSON.
[04:11:53 +10m 50s | pasqal] Extracting: https://www.pasqal.com/community (8/19), chunk 6/14
[04:11:59 +10m 56s | pasqal] Repaired malformed JSON.
[04:11:59 +10m 56s | pasqal] Extracting: https://www.pasqal.com/community (8/19), chunk 7/14
[04:12:02 +10m 59s | pasqal] Extracting: https://www.pasqal.com/community (8/19), chunk 8/14
[04:12:09 +11m 6s | pasqal] Repaired malformed JSON.
[04:12:09 +11m 6s | pasqal] Extracting: https://www.pasqal.com/community (8/19), chunk 9/14
[04:12:19 +11m 12s | pasqal] Repaired malformed JSON.
[04:12:19 +11m 12s | pasqal] Extracting: https://www.pasqal.com/community (8/19), chunk 10/14
[04:12:27 +11m 21s | pasqal] Repaired malformed JSON.
[04:12:27 +11m 21s | pasqal] Extracting: https://www.pasqal.com/community (8/19), chunk 11/14
[04:12:33 +11m 27s | pasqal] Repaired malformed JSON.
[04:12:33 +11m 27s | pasqal] Extracting: https://www.pasqal.com/community (8/19), chunk 12/14
[04:12:38 +11m 31s | pasqal] Extracting: https://www.pasqal.com/community (8/19), chunk 13/14
[04:12:42 +11m 35s | pasqal] Extracting: https://www.pasqal.com/community (8/19), chunk 14/14
[04:12:44 +11m 38s | pasqal] Reading page (9/19): https://www.pasqal.com/fault-tolerant-quantum-computing
[04:12:44 +11m 38s | pasqal] Extracting: https://www.pasqal.com/fault-tolerant-quantum-computing (9/19), chunk 1/12
[04:12:52 +11m 45s | pasqal] Extracting: https://www.pasqal.com/fault-tolerant-quantum-computing (9/19), chunk 2/12
[04:12:59 +11m 53s | pasqal] Repaired malformed JSON.
[04:12:59 +11m 53s | pasqal] Extracting: https://www.pasqal.com/fault-tolerant-quantum-computing (9/19), chunk 3/12
[04:13:10 +12m 1s | pasqal] Repaired malformed JSON.
[04:13:10 +12m 1s | pasqal] Extracting: https://www.pasqal.com/fault-tolerant-quantum-computing (9/19), chunk 4/12
[04:13:18 +12m 9s | pasqal] Repaired malformed JSON.
[04:13:18 +12m 9s | pasqal] Extracting: https://www.pasqal.com/fault-tolerant-quantum-computing (9/19), chunk 5/12
[04:13:26 +12m 16s | pasqal] Repaired malformed JSON.
[04:13:26 +12m 16s | pasqal] Extracting: https://www.pasqal.com/fault-tolerant-quantum-computing (9/19), chunk 6/12
[04:13:33 +12m 23s | pasqal] Repaired malformed JSON.
[04:13:33 +12m 23s | pasqal] Extracting: https://www.pasqal.com/fault-tolerant-quantum-computing (9/19), chunk 7/12
[04:13:36 +12m 26s | pasqal] Extracting: https://www.pasqal.com/fault-tolerant-quantum-computing (9/19), chunk 8/12
[04:13:42 +12m 30s | pasqal] Extracting: https://www.pasqal.com/fault-tolerant-quantum-computing (9/19), chunk 9/12
[04:13:46 +12m 34s | pasqal] Extracting: https://www.pasqal.com/fault-tolerant-quantum-computing (9/19), chunk 10/12
[04:13:52 +12m 40s | pasqal] Extracting: https://www.pasqal.com/fault-tolerant-quantum-computing (9/19), chunk 11/12
[04:13:56 +12m 44s | pasqal] Extracting: https://www.pasqal.com/fault-tolerant-quantum-computing (9/19), chunk 12/12
[04:13:59 +12m 47s | pasqal] Reading page (10/19): https://www.pasqal.com/pasqal-ibm-collaboration
[04:13:59 +12m 47s | pasqal] Extracting: https://www.pasqal.com/pasqal-ibm-collaboration (10/19), chunk 1/14
[04:14:06 +12m 54s | pasqal] Extracting: https://www.pasqal.com/pasqal-ibm-collaboration (10/19), chunk 2/14
[04:14:16 +13m 2s | pasqal] Repaired malformed JSON.
[04:14:16 +13m 2s | pasqal] Extracting: https://www.pasqal.com/pasqal-ibm-collaboration (10/19), chunk 3/14
[04:14:24 +13m 9s | pasqal] Repaired malformed JSON.
[04:14:24 +13m 9s | pasqal] Extracting: https://www.pasqal.com/pasqal-ibm-collaboration (10/19), chunk 4/14
[04:14:30 +13m 16s | pasqal] Repaired malformed JSON.
[04:14:30 +13m 16s | pasqal] Extracting: https://www.pasqal.com/pasqal-ibm-collaboration (10/19), chunk 5/14
[04:14:37 +13m 23s | pasqal] Repaired malformed JSON.
[04:14:37 +13m 23s | pasqal] Extracting: https://www.pasqal.com/pasqal-ibm-collaboration (10/19), chunk 6/14
[04:14:45 +13m 31s | pasqal] Repaired malformed JSON.
[04:14:45 +13m 31s | pasqal] Extracting: https://www.pasqal.com/pasqal-ibm-collaboration (10/19), chunk 7/14
[04:14:55 +13m 38s | pasqal] Extracting: https://www.pasqal.com/pasqal-ibm-collaboration (10/19), chunk 8/14
[04:15:02 +13m 45s | pasqal] Repaired malformed JSON.
[04:15:02 +13m 45s | pasqal] Extracting: https://www.pasqal.com/pasqal-ibm-collaboration (10/19), chunk 9/14
[04:15:08 +13m 51s | pasqal] Repaired malformed JSON.
[04:15:08 +13m 51s | pasqal] Extracting: https://www.pasqal.com/pasqal-ibm-collaboration (10/19), chunk 10/14
[04:15:15 +13m 58s | pasqal] Repaired malformed JSON.
[04:15:15 +13m 58s | pasqal] Extracting: https://www.pasqal.com/pasqal-ibm-collaboration (10/19), chunk 11/14
[04:15:21 +14m 5s | pasqal] Repaired malformed JSON.
[04:15:21 +14m 5s | pasqal] Extracting: https://www.pasqal.com/pasqal-ibm-collaboration (10/19), chunk 12/14
[04:15:30 +14m 10s | pasqal] Extracting: https://www.pasqal.com/pasqal-ibm-collaboration (10/19), chunk 13/14
[04:15:35 +14m 16s | pasqal] Extracting: https://www.pasqal.com/pasqal-ibm-collaboration (10/19), chunk 14/14
[04:15:40 +14m 21s | pasqal] Reading page (11/19): https://www.pasqal.com/solutions/cloud
[04:15:40 +14m 21s | pasqal] Extracting: https://www.pasqal.com/solutions/cloud (11/19), chunk 1/16
[04:15:43 +14m 24s | pasqal] Extracting: https://www.pasqal.com/solutions/cloud (11/19), chunk 2/16
[04:15:50 +14m 30s | pasqal] Repaired malformed JSON.
[04:15:50 +14m 30s | pasqal] Extracting: https://www.pasqal.com/solutions/cloud (11/19), chunk 3/16
[04:15:55 +14m 36s | pasqal] Repaired malformed JSON.
[04:15:55 +14m 36s | pasqal] Extracting: https://www.pasqal.com/solutions/cloud (11/19), chunk 4/16
[04:16:06 +14m 44s | pasqal] Repaired malformed JSON.
[04:16:06 +14m 44s | pasqal] Extracting: https://www.pasqal.com/solutions/cloud (11/19), chunk 5/16
[04:16:13 +14m 51s | pasqal] Repaired malformed JSON.
[04:16:13 +14m 51s | pasqal] Extracting: https://www.pasqal.com/solutions/cloud (11/19), chunk 6/16
[04:16:20 +14m 58s | pasqal] Repaired malformed JSON.
[04:16:20 +14m 58s | pasqal] Extracting: https://www.pasqal.com/solutions/cloud (11/19), chunk 7/16
[04:16:24 +15m 2s | pasqal] Extracting: https://www.pasqal.com/solutions/cloud (11/19), chunk 8/16
[04:16:28 +15m 6s | pasqal] Extracting: https://www.pasqal.com/solutions/cloud (11/19), chunk 9/16
[04:16:37 +15m 13s | pasqal] Repaired malformed JSON.
[04:16:37 +15m 13s | pasqal] Extracting: https://www.pasqal.com/solutions/cloud (11/19), chunk 10/16
[04:16:45 +15m 21s | pasqal] Repaired malformed JSON.
[04:16:45 +15m 21s | pasqal] Extracting: https://www.pasqal.com/solutions/cloud (11/19), chunk 11/16
[04:16:50 +15m 26s | pasqal] Repaired malformed JSON.
[04:16:50 +15m 26s | pasqal] Extracting: https://www.pasqal.com/solutions/cloud (11/19), chunk 12/16
[04:16:53 +15m 29s | pasqal] Extracting: https://www.pasqal.com/solutions/cloud (11/19), chunk 13/16
[04:16:59 +15m 35s | pasqal] Repaired malformed JSON.
[04:16:59 +15m 35s | pasqal] Extracting: https://www.pasqal.com/solutions/cloud (11/19), chunk 14/16
[04:17:04 +15m 41s | pasqal] Repaired malformed JSON.
[04:17:04 +15m 41s | pasqal] Extracting: https://www.pasqal.com/solutions/cloud (11/19), chunk 15/16
[04:17:14 +15m 48s | pasqal] Repaired malformed JSON.
[04:17:14 +15m 48s | pasqal] Extracting: https://www.pasqal.com/solutions/cloud (11/19), chunk 16/16
[04:17:18 +15m 51s | pasqal] Reading page (12/19): https://www.pasqal.com/technology/roadmap
[04:17:18 +15m 51s | pasqal] Extracting: https://www.pasqal.com/technology/roadmap (12/19), chunk 1/11
[04:17:22 +15m 56s | pasqal] Extracting: https://www.pasqal.com/technology/roadmap (12/19), chunk 2/11
[04:17:28 +16m 2s | pasqal] Repaired malformed JSON.
[04:17:28 +16m 2s | pasqal] Extracting: https://www.pasqal.com/technology/roadmap (12/19), chunk 3/11
[04:17:36 +16m 10s | pasqal] Repaired malformed JSON.
[04:17:36 +16m 10s | pasqal] Extracting: https://www.pasqal.com/technology/roadmap (12/19), chunk 4/11
[04:17:44 +16m 16s | pasqal] Repaired malformed JSON.
[04:17:44 +16m 16s | pasqal] Extracting: https://www.pasqal.com/technology/roadmap (12/19), chunk 5/11
[04:17:50 +16m 22s | pasqal] Repaired malformed JSON.
[04:17:50 +16m 22s | pasqal] Extracting: https://www.pasqal.com/technology/roadmap (12/19), chunk 6/11
[04:17:58 +16m 29s | pasqal] Repaired malformed JSON.
[04:17:58 +16m 29s | pasqal] Extracting: https://www.pasqal.com/technology/roadmap (12/19), chunk 7/11
[04:18:03 +16m 34s | pasqal] Extracting: https://www.pasqal.com/technology/roadmap (12/19), chunk 8/11
[04:18:08 +16m 39s | pasqal] Extracting: https://www.pasqal.com/technology/roadmap (12/19), chunk 9/11
[04:18:13 +16m 44s | pasqal] Extracting: https://www.pasqal.com/technology/roadmap (12/19), chunk 10/11
[04:18:18 +16m 48s | pasqal] Extracting: https://www.pasqal.com/technology/roadmap (12/19), chunk 11/11
[04:18:21 +16m 51s | pasqal] Reading page (13/19): https://www.pasqal.com/about-us/partners
[04:18:21 +16m 51s | pasqal] Extracting: https://www.pasqal.com/about-us/partners (13/19), chunk 1/21
[04:18:25 +16m 55s | pasqal] Extracting: https://www.pasqal.com/about-us/partners (13/19), chunk 2/21
[04:18:33 +17m 3s | pasqal] Repaired malformed JSON.
[04:18:33 +17m 3s | pasqal] Extracting: https://www.pasqal.com/about-us/partners (13/19), chunk 3/21
[04:18:41 +17m 11s | pasqal] Repaired malformed JSON.
[04:18:41 +17m 11s | pasqal] Extracting: https://www.pasqal.com/about-us/partners (13/19), chunk 4/21
[04:18:52 +17m 19s | pasqal] Repaired malformed JSON.
[04:18:52 +17m 19s | pasqal] Extracting: https://www.pasqal.com/about-us/partners (13/19), chunk 5/21
[04:18:59 +17m 26s | pasqal] Repaired malformed JSON.
[04:18:59 +17m 26s | pasqal] Extracting: https://www.pasqal.com/about-us/partners (13/19), chunk 6/21
[04:19:05 +17m 33s | pasqal] Repaired malformed JSON.
[04:19:05 +17m 33s | pasqal] Extracting: https://www.pasqal.com/about-us/partners (13/19), chunk 7/21
[04:19:09 +17m 37s | pasqal] Extracting: https://www.pasqal.com/about-us/partners (13/19), chunk 8/21
[04:19:18 +17m 45s | pasqal] Repaired malformed JSON.
[04:19:18 +17m 45s | pasqal] Extracting: https://www.pasqal.com/about-us/partners (13/19), chunk 9/21
[04:19:27 +17m 52s | pasqal] Repaired malformed JSON.
[04:19:27 +17m 52s | pasqal] Extracting: https://www.pasqal.com/about-us/partners (13/19), chunk 10/21
[04:19:34 +17m 58s | pasqal] Repaired malformed JSON.
[04:19:34 +17m 58s | pasqal] Extracting: https://www.pasqal.com/about-us/partners (13/19), chunk 11/21
[04:19:39 +18m 4s | pasqal] Repaired malformed JSON.
[04:19:39 +18m 4s | pasqal] Extracting: https://www.pasqal.com/about-us/partners (13/19), chunk 12/21
[04:19:46 +18m 10s | pasqal] Repaired malformed JSON.
[04:19:46 +18m 10s | pasqal] Extracting: https://www.pasqal.com/about-us/partners (13/19), chunk 13/21
[04:19:52 +18m 17s | pasqal] Repaired malformed JSON.
[04:19:52 +18m 17s | pasqal] Extracting: https://www.pasqal.com/about-us/partners (13/19), chunk 14/21
[04:20:02 +18m 24s | pasqal] Repaired malformed JSON.
[04:20:02 +18m 24s | pasqal] Extracting: https://www.pasqal.com/about-us/partners (13/19), chunk 15/21
[04:20:08 +18m 30s | pasqal] Repaired malformed JSON.
[04:20:08 +18m 30s | pasqal] Extracting: https://www.pasqal.com/about-us/partners (13/19), chunk 16/21
[04:20:15 +18m 37s | pasqal] Repaired malformed JSON.
[04:20:15 +18m 37s | pasqal] Extracting: https://www.pasqal.com/about-us/partners (13/19), chunk 17/21
[04:20:21 +18m 43s | pasqal] Repaired malformed JSON.
[04:20:21 +18m 43s | pasqal] Extracting: https://www.pasqal.com/about-us/partners (13/19), chunk 18/21
[04:20:26 +18m 48s | pasqal] Repaired malformed JSON.
[04:20:26 +18m 48s | pasqal] Extracting: https://www.pasqal.com/about-us/partners (13/19), chunk 19/21
[04:20:33 +18m 55s | pasqal] Extracting: https://www.pasqal.com/about-us/partners (13/19), chunk 20/21
[04:20:41 +19m 0s | pasqal] Extracting: https://www.pasqal.com/about-us/partners (13/19), chunk 21/21
[04:20:45 +19m 5s | pasqal] Reading page (14/19): https://www.pasqal.com/quantum-advantage
[04:20:45 +19m 5s | pasqal] Extracting: https://www.pasqal.com/quantum-advantage (14/19), chunk 1/14
[04:20:48 +19m 8s | pasqal] Extracting: https://www.pasqal.com/quantum-advantage (14/19), chunk 2/14
[04:20:56 +19m 16s | pasqal] Repaired malformed JSON.
[04:20:56 +19m 16s | pasqal] Extracting: https://www.pasqal.com/quantum-advantage (14/19), chunk 3/14
[04:21:02 +19m 22s | pasqal] Repaired malformed JSON.
[04:21:02 +19m 22s | pasqal] Extracting: https://www.pasqal.com/quantum-advantage (14/19), chunk 4/14
[04:21:07 +19m 27s | pasqal] Repaired malformed JSON.
[04:21:07 +19m 27s | pasqal] Extracting: https://www.pasqal.com/quantum-advantage (14/19), chunk 5/14
[04:21:17 +19m 34s | pasqal] Repaired malformed JSON.
[04:21:17 +19m 34s | pasqal] Extracting: https://www.pasqal.com/quantum-advantage (14/19), chunk 6/14
[04:21:23 +19m 40s | pasqal] Repaired malformed JSON.
[04:21:23 +19m 40s | pasqal] Extracting: https://www.pasqal.com/quantum-advantage (14/19), chunk 7/14
[04:21:28 +19m 44s | pasqal] Extracting: https://www.pasqal.com/quantum-advantage (14/19), chunk 8/14
[04:21:32 +19m 49s | pasqal] Extracting: https://www.pasqal.com/quantum-advantage (14/19), chunk 9/14
[04:21:41 +19m 57s | pasqal] Repaired malformed JSON.
[04:21:41 +19m 57s | pasqal] Extracting: https://www.pasqal.com/quantum-advantage (14/19), chunk 10/14
[04:21:50 +20m 4s | pasqal] Repaired malformed JSON.
[04:21:50 +20m 4s | pasqal] Extracting: https://www.pasqal.com/quantum-advantage (14/19), chunk 11/14
[04:21:57 +20m 11s | pasqal] Repaired malformed JSON.
[04:21:57 +20m 11s | pasqal] Extracting: https://www.pasqal.com/quantum-advantage (14/19), chunk 12/14
[04:22:01 +20m 16s | pasqal] Extracting: https://www.pasqal.com/quantum-advantage (14/19), chunk 13/14
[04:22:07 +20m 21s | pasqal] Extracting: https://www.pasqal.com/quantum-advantage (14/19), chunk 14/14
[04:22:10 +20m 25s | pasqal] Reading page (15/19): https://www.pasqal.com/blog
[04:22:10 +20m 25s | pasqal] Extracting: https://www.pasqal.com/blog (15/19), chunk 1/15
[04:22:13 +20m 28s | pasqal] Extracting: https://www.pasqal.com/blog (15/19), chunk 2/15
[04:22:22 +20m 33s | pasqal] Repaired malformed JSON.
[04:22:22 +20m 33s | pasqal] Extracting: https://www.pasqal.com/blog (15/19), chunk 3/15
[04:22:29 +20m 40s | pasqal] Repaired malformed JSON.
[04:22:29 +20m 40s | pasqal] Extracting: https://www.pasqal.com/blog (15/19), chunk 4/15
[04:22:35 +20m 47s | pasqal] Repaired malformed JSON.
[04:22:35 +20m 47s | pasqal] Extracting: https://www.pasqal.com/blog (15/19), chunk 5/15
[04:22:41 +20m 53s | pasqal] Repaired malformed JSON.
[04:22:41 +20m 53s | pasqal] Extracting: https://www.pasqal.com/blog (15/19), chunk 6/15
[04:22:48 +20m 59s | pasqal] Repaired malformed JSON.
[04:22:48 +20m 59s | pasqal] Extracting: https://www.pasqal.com/blog (15/19), chunk 7/15
[04:22:57 +21m 6s | pasqal] Extracting: https://www.pasqal.com/blog (15/19), chunk 8/15
[04:23:03 +21m 12s | pasqal] Extracting: https://www.pasqal.com/blog (15/19), chunk 9/15
[04:23:07 +21m 16s | pasqal] Extracting: https://www.pasqal.com/blog (15/19), chunk 10/15
[04:23:13 +21m 22s | pasqal] Repaired malformed JSON.
[04:23:13 +21m 22s | pasqal] Extracting: https://www.pasqal.com/blog (15/19), chunk 11/15
[04:23:18 +21m 27s | pasqal] Repaired malformed JSON.
[04:23:18 +21m 27s | pasqal] Extracting: https://www.pasqal.com/blog (15/19), chunk 12/15
[04:23:22 +21m 31s | pasqal] Extracting: https://www.pasqal.com/blog (15/19), chunk 13/15
[04:23:26 +21m 35s | pasqal] Extracting: https://www.pasqal.com/blog (15/19), chunk 14/15
[04:23:33 +21m 39s | pasqal] Extracting: https://www.pasqal.com/blog (15/19), chunk 15/15
[04:23:37 +21m 44s | pasqal] Reading page (16/19): https://www.pasqal.com/error-correction
[04:23:37 +21m 44s | pasqal] Extracting: https://www.pasqal.com/error-correction (16/19), chunk 1/13
[04:23:41 +21m 47s | pasqal] Extracting: https://www.pasqal.com/error-correction (16/19), chunk 2/13
[04:23:46 +21m 53s | pasqal] Repaired malformed JSON.
[04:23:46 +21m 53s | pasqal] Extracting: https://www.pasqal.com/error-correction (16/19), chunk 3/13
[04:23:54 +22m 0s | pasqal] Repaired malformed JSON.
[04:23:54 +22m 0s | pasqal] Extracting: https://www.pasqal.com/error-correction (16/19), chunk 4/13
[04:23:59 +22m 5s | pasqal] Repaired malformed JSON.
[04:23:59 +22m 5s | pasqal] Extracting: https://www.pasqal.com/error-correction (16/19), chunk 5/13
[04:24:09 +22m 12s | pasqal] Repaired malformed JSON.
[04:24:09 +22m 12s | pasqal] Extracting: https://www.pasqal.com/error-correction (16/19), chunk 6/13
[04:24:16 +22m 20s | pasqal] Repaired malformed JSON.
[04:24:16 +22m 20s | pasqal] Extracting: https://www.pasqal.com/error-correction (16/19), chunk 7/13
[04:24:19 +22m 23s | pasqal] Extracting: https://www.pasqal.com/error-correction (16/19), chunk 8/13
[04:24:23 +22m 27s | pasqal] Extracting: https://www.pasqal.com/error-correction (16/19), chunk 9/13
[04:24:27 +22m 31s | pasqal] Extracting: https://www.pasqal.com/error-correction (16/19), chunk 10/13
[04:24:32 +22m 35s | pasqal] Extracting: https://www.pasqal.com/error-correction (16/19), chunk 11/13
[04:24:37 +22m 41s | pasqal] Extracting: https://www.pasqal.com/error-correction (16/19), chunk 12/13
[04:24:43 +22m 44s | pasqal] Extracting: https://www.pasqal.com/error-correction (16/19), chunk 13/13
[04:24:47 +22m 48s | pasqal] Reading page (17/19): https://www.pasqal.com/beyond-classical-understanding-quantum-computing
[04:24:47 +22m 48s | pasqal] Extracting: https://www.pasqal.com/beyond-classical-understanding-quantum-computing (17/19), chunk 1/15
[04:24:50 +22m 51s | pasqal] Extracting: https://www.pasqal.com/beyond-classical-understanding-quantum-computing (17/19), chunk 2/15
[04:24:56 +22m 57s | pasqal] Extracting: https://www.pasqal.com/beyond-classical-understanding-quantum-computing (17/19), chunk 3/15
[04:25:04 +23m 4s | pasqal] Repaired malformed JSON.
[04:25:04 +23m 4s | pasqal] Extracting: https://www.pasqal.com/beyond-classical-understanding-quantum-computing (17/19), chunk 4/15
[04:25:09 +23m 10s | pasqal] Repaired malformed JSON.
[04:25:09 +23m 10s | pasqal] Extracting: https://www.pasqal.com/beyond-classical-understanding-quantum-computing (17/19), chunk 5/15
[04:25:18 +23m 17s | pasqal] Repaired malformed JSON.
[04:25:18 +23m 17s | pasqal] Extracting: https://www.pasqal.com/beyond-classical-understanding-quantum-computing (17/19), chunk 6/15
[04:25:26 +23m 24s | pasqal] Repaired malformed JSON.
[04:25:26 +23m 24s | pasqal] Extracting: https://www.pasqal.com/beyond-classical-understanding-quantum-computing (17/19), chunk 7/15
[04:25:31 +23m 29s | pasqal] Extracting: https://www.pasqal.com/beyond-classical-understanding-quantum-computing (17/19), chunk 8/15
[04:25:34 +23m 32s | pasqal] Extracting: https://www.pasqal.com/beyond-classical-understanding-quantum-computing (17/19), chunk 9/15
[04:25:38 +23m 36s | pasqal] Extracting: https://www.pasqal.com/beyond-classical-understanding-quantum-computing (17/19), chunk 10/15
[04:25:42 +23m 40s | pasqal] Extracting: https://www.pasqal.com/beyond-classical-understanding-quantum-computing (17/19), chunk 11/15
[04:25:50 +23m 46s | pasqal] Extracting: https://www.pasqal.com/beyond-classical-understanding-quantum-computing (17/19), chunk 12/15
[04:25:56 +23m 52s | pasqal] Repaired malformed JSON.
[04:25:56 +23m 52s | pasqal] Extracting: https://www.pasqal.com/beyond-classical-understanding-quantum-computing (17/19), chunk 13/15
[04:26:04 +24m 0s | pasqal] Repaired malformed JSON.
[04:26:04 +24m 0s | pasqal] Extracting: https://www.pasqal.com/beyond-classical-understanding-quantum-computing (17/19), chunk 14/15
[04:26:11 +24m 6s | pasqal] Repaired malformed JSON.
[04:26:11 +24m 6s | pasqal] Extracting: https://www.pasqal.com/beyond-classical-understanding-quantum-computing (17/19), chunk 15/15
[04:26:15 +24m 10s | pasqal] Reading page (18/19): https://www.pasqal.com/resources/content/success-story
[04:26:15 +24m 10s | pasqal] Extracting: https://www.pasqal.com/resources/content/success-story (18/19), chunk 1/14
[04:26:18 +24m 13s | pasqal] Extracting: https://www.pasqal.com/resources/content/success-story (18/19), chunk 2/14
[04:26:28 +24m 20s | pasqal] Repaired malformed JSON.
[04:26:28 +24m 20s | pasqal] Extracting: https://www.pasqal.com/resources/content/success-story (18/19), chunk 3/14
[04:26:34 +24m 27s | pasqal] Repaired malformed JSON.
[04:26:34 +24m 27s | pasqal] Extracting: https://www.pasqal.com/resources/content/success-story (18/19), chunk 4/14
[04:26:41 +24m 34s | pasqal] Repaired malformed JSON.
[04:26:41 +24m 34s | pasqal] Extracting: https://www.pasqal.com/resources/content/success-story (18/19), chunk 5/14
[04:26:47 +24m 40s | pasqal] Repaired malformed JSON.
[04:26:47 +24m 40s | pasqal] Extracting: https://www.pasqal.com/resources/content/success-story (18/19), chunk 6/14
[04:26:54 +24m 46s | pasqal] Repaired malformed JSON.
[04:26:54 +24m 46s | pasqal] Extracting: https://www.pasqal.com/resources/content/success-story (18/19), chunk 7/14
[04:26:57 +24m 49s | pasqal] Extracting: https://www.pasqal.com/resources/content/success-story (18/19), chunk 8/14
[04:27:08 +24m 58s | pasqal] Repaired malformed JSON.
[04:27:08 +24m 58s | pasqal] Extracting: https://www.pasqal.com/resources/content/success-story (18/19), chunk 9/14
[04:27:15 +25m 5s | pasqal] Repaired malformed JSON.
[04:27:15 +25m 5s | pasqal] Extracting: https://www.pasqal.com/resources/content/success-story (18/19), chunk 10/14
[04:27:21 +25m 11s | pasqal] Repaired malformed JSON.
[04:27:21 +25m 11s | pasqal] Extracting: https://www.pasqal.com/resources/content/success-story (18/19), chunk 11/14
[04:27:30 +25m 20s | pasqal] Repaired malformed JSON.
[04:27:30 +25m 20s | pasqal] Extracting: https://www.pasqal.com/resources/content/success-story (18/19), chunk 12/14
[04:27:39 +25m 26s | pasqal] Repaired malformed JSON.
[04:27:39 +25m 26s | pasqal] Extracting: https://www.pasqal.com/resources/content/success-story (18/19), chunk 13/14
[04:27:46 +25m 33s | pasqal] Repaired malformed JSON.
[04:27:46 +25m 33s | pasqal] Extracting: https://www.pasqal.com/resources/content/success-story (18/19), chunk 14/14
[04:27:49 +25m 36s | pasqal] Reading page (19/19): https://www.pasqal.com/solutions/software
[04:27:49 +25m 36s | pasqal] Extracting: https://www.pasqal.com/solutions/software (19/19), chunk 1/15
[04:27:54 +25m 41s | pasqal] Extracting: https://www.pasqal.com/solutions/software (19/19), chunk 2/15
[04:28:01 +25m 49s | pasqal] Repaired malformed JSON.
[04:28:01 +25m 49s | pasqal] Extracting: https://www.pasqal.com/solutions/software (19/19), chunk 3/15
[04:28:12 +25m 57s | pasqal] Repaired malformed JSON.
[04:28:12 +25m 57s | pasqal] Extracting: https://www.pasqal.com/solutions/software (19/19), chunk 4/15
[04:28:18 +26m 2s | pasqal] Repaired malformed JSON.
[04:28:18 +26m 2s | pasqal] Extracting: https://www.pasqal.com/solutions/software (19/19), chunk 5/15
[04:28:23 +26m 7s | pasqal] Repaired malformed JSON.
[04:28:23 +26m 7s | pasqal] Extracting: https://www.pasqal.com/solutions/software (19/19), chunk 6/15
[04:28:29 +26m 14s | pasqal] Repaired malformed JSON.
[04:28:29 +26m 14s | pasqal] Extracting: https://www.pasqal.com/solutions/software (19/19), chunk 7/15
[04:28:33 +26m 17s | pasqal] Extracting: https://www.pasqal.com/solutions/software (19/19), chunk 8/15
[04:28:37 +26m 21s | pasqal] Extracting: https://www.pasqal.com/solutions/software (19/19), chunk 9/15
[04:28:41 +26m 25s | pasqal] Extracting: https://www.pasqal.com/solutions/software (19/19), chunk 10/15
[04:28:50 +26m 32s | pasqal] Extracting: https://www.pasqal.com/solutions/software (19/19), chunk 11/15
[04:28:54 +26m 36s | pasqal] Extracting: https://www.pasqal.com/solutions/software (19/19), chunk 12/15
[04:28:58 +26m 39s | pasqal] Extracting: https://www.pasqal.com/solutions/software (19/19), chunk 13/15
[04:29:06 +26m 47s | pasqal] Repaired malformed JSON.
[04:29:06 +26m 47s | pasqal] Extracting: https://www.pasqal.com/solutions/software (19/19), chunk 14/15
[04:29:12 +26m 54s | pasqal] Extracting: https://www.pasqal.com/solutions/software (19/19), chunk 15/15
[04:29:15 +26m 57s | pasqal] Saved 1_actor_results.json with 545 extracted records

[04:29:15 +26m 57s | pasqal] === 2 clean actors ===
[04:29:16 +26m 58s | pasqal] Loaded 545 extracted records
[04:29:16 +26m 58s | pasqal] Saved 2_actor_nodes.json with 46 canonical actor nodes

[04:29:16 +26m 58s | pasqal] === 3 interaction extraction ===
[04:29:16 +26m 58s | pasqal] Extracting interactions: https://www.pasqal.com (1/19), chunk 2/19
[04:29:26 +27m 5s | pasqal] Extracting interactions: https://www.pasqal.com (1/19), chunk 3/19
[04:29:30 +27m 9s | pasqal] Extracting interactions: https://www.pasqal.com (1/19), chunk 5/19
[04:29:34 +27m 13s | pasqal] Extracting interactions: https://www.pasqal.com (1/19), chunk 6/19
[04:29:40 +27m 19s | pasqal] Extracting interactions: https://www.pasqal.com (1/19), chunk 8/19
[04:29:47 +27m 26s | pasqal] Extracting interactions: https://www.pasqal.com (1/19), chunk 9/19
[04:30:00 +27m 36s | pasqal] Extracting interactions: https://www.pasqal.com (1/19), chunk 10/19
[04:30:09 +27m 45s | pasqal] Extracting interactions: https://www.pasqal.com (1/19), chunk 11/19
[04:30:21 +27m 57s | pasqal] Extracting interactions: https://www.pasqal.com (1/19), chunk 12/19
[04:30:26 +28m 2s | pasqal] Extracting interactions: https://www.pasqal.com (1/19), chunk 13/19
[04:30:48 +28m 21s | pasqal] Extracting interactions: https://www.pasqal.com (1/19), chunk 14/19
[04:30:56 +28m 30s | pasqal] Extracting interactions: https://www.pasqal.com (1/19), chunk 15/19
[04:31:17 +28m 48s | pasqal] Extracting interactions: https://www.pasqal.com (1/19), chunk 16/19
[04:31:20 +28m 51s | pasqal] Extracting interactions: https://www.pasqal.com (1/19), chunk 17/19
[04:31:23 +28m 54s | pasqal] Extracting interactions: https://www.pasqal.com (1/19), chunk 18/19
[04:31:27 +28m 58s | pasqal] Extracting interactions: https://www.pasqal.com (1/19), chunk 19/19
[04:31:32 +29m 3s | pasqal] Extracting interactions: https://www.pasqal.com/newsroom (2/19), chunk 2/15
[04:31:36 +29m 7s | pasqal] Extracting interactions: https://www.pasqal.com/newsroom (2/19), chunk 3/15
[04:31:44 +29m 12s | pasqal] Extracting interactions: https://www.pasqal.com/newsroom (2/19), chunk 4/15
[04:31:49 +29m 17s | pasqal] Extracting interactions: https://www.pasqal.com/newsroom (2/19), chunk 5/15
[04:31:53 +29m 21s | pasqal] Extracting interactions: https://www.pasqal.com/newsroom (2/19), chunk 6/15
[04:31:58 +29m 27s | pasqal] Extracting interactions: https://www.pasqal.com/newsroom (2/19), chunk 9/15
[04:32:01 +29m 30s | pasqal] Extracting interactions: https://www.pasqal.com/newsroom (2/19), chunk 10/15
[04:32:11 +29m 40s | pasqal] Extracting interactions: https://www.pasqal.com/newsroom (2/19), chunk 11/15
[04:32:20 +29m 46s | pasqal] Extracting interactions: https://www.pasqal.com/newsroom (2/19), chunk 14/15
[04:32:27 +29m 53s | pasqal] Extracting interactions: https://www.pasqal.com/newsroom (2/19), chunk 15/15
[04:32:28 +29m 54s | pasqal] Extracting interactions: https://www.pasqal.com/professional-services (3/19), chunk 2/12
[04:32:33 +29m 59s | pasqal] Extracting interactions: https://www.pasqal.com/professional-services (3/19), chunk 3/12
[04:32:42 +30m 8s | pasqal] Extracting interactions: https://www.pasqal.com/professional-services (3/19), chunk 4/12
[04:32:50 +30m 13s | pasqal] Extracting interactions: https://www.pasqal.com/professional-services (3/19), chunk 5/12
[04:32:54 +30m 18s | pasqal] Extracting interactions: https://www.pasqal.com/professional-services (3/19), chunk 6/12
[04:32:59 +30m 22s | pasqal] Extracting interactions: https://www.pasqal.com/professional-services (3/19), chunk 9/12
[04:33:11 +30m 34s | pasqal] Extracting interactions: https://www.pasqal.com/professional-services (3/19), chunk 10/12
[04:33:19 +30m 42s | pasqal] Extracting interactions: https://www.pasqal.com/professional-services (3/19), chunk 11/12
[04:33:25 +30m 46s | pasqal] Extracting interactions: https://www.pasqal.com/professional-services (3/19), chunk 12/12
[04:33:30 +30m 51s | pasqal] Extracting interactions: https://www.pasqal.com/solutions/hardware (4/19), chunk 2/19
[04:33:37 +30m 58s | pasqal] Extracting interactions: https://www.pasqal.com/solutions/hardware (4/19), chunk 3/19
[04:33:41 +31m 2s | pasqal] Extracting interactions: https://www.pasqal.com/solutions/hardware (4/19), chunk 4/19
[04:33:44 +31m 5s | pasqal] Extracting interactions: https://www.pasqal.com/solutions/hardware (4/19), chunk 5/19
[04:33:51 +31m 12s | pasqal] Extracting interactions: https://www.pasqal.com/solutions/hardware (4/19), chunk 6/19
[04:33:55 +31m 16s | pasqal] Extracting interactions: https://www.pasqal.com/solutions/hardware (4/19), chunk 10/19
[04:34:07 +31m 26s | pasqal] Extracting interactions: https://www.pasqal.com/solutions/hardware (4/19), chunk 11/19
[04:34:11 +31m 30s | pasqal] Extracting interactions: https://www.pasqal.com/solutions/hardware (4/19), chunk 12/19
[04:34:14 +31m 32s | pasqal] Extracting interactions: https://www.pasqal.com/solutions/hardware (4/19), chunk 13/19
[04:34:22 +31m 40s | pasqal] Extracting interactions: https://www.pasqal.com/solutions/hardware (4/19), chunk 14/19
[04:34:38 +31m 54s | pasqal] Extracting interactions: https://www.pasqal.com/solutions/hardware (4/19), chunk 15/19
[04:34:46 +32m 2s | pasqal] Extracting interactions: https://www.pasqal.com/solutions/hardware (4/19), chunk 19/19
[04:34:53 +32m 9s | pasqal] Extracting interactions: https://www.pasqal.com/technology (5/19), chunk 2/15
[04:34:57 +32m 13s | pasqal] Extracting interactions: https://www.pasqal.com/technology (5/19), chunk 3/15
[04:35:00 +32m 17s | pasqal] Extracting interactions: https://www.pasqal.com/technology (5/19), chunk 4/15
[04:35:04 +32m 21s | pasqal] Extracting interactions: https://www.pasqal.com/technology (5/19), chunk 5/15
[04:35:11 +32m 25s | pasqal] Extracting interactions: https://www.pasqal.com/technology (5/19), chunk 6/15
[04:35:16 +32m 30s | pasqal] Extracting interactions: https://www.pasqal.com/technology (5/19), chunk 8/15
[04:35:20 +32m 34s | pasqal] Extracting interactions: https://www.pasqal.com/technology (5/19), chunk 9/15
[04:35:23 +32m 37s | pasqal] Extracting interactions: https://www.pasqal.com/technology (5/19), chunk 12/15
[04:35:27 +32m 41s | pasqal] Extracting interactions: https://www.pasqal.com/technology (5/19), chunk 13/15
[04:35:35 +32m 49s | pasqal] Extracting interactions: https://www.pasqal.com/technology (5/19), chunk 14/15
[04:35:43 +32m 54s | pasqal] Extracting interactions: https://www.pasqal.com/industries (6/19), chunk 2/13
[04:35:47 +32m 58s | pasqal] Extracting interactions: https://www.pasqal.com/industries (6/19), chunk 3/13
[04:35:53 +33m 4s | pasqal] Extracting interactions: https://www.pasqal.com/industries (6/19), chunk 4/13
[04:35:56 +33m 8s | pasqal] Extracting interactions: https://www.pasqal.com/industries (6/19), chunk 5/13
[04:36:01 +33m 12s | pasqal] Extracting interactions: https://www.pasqal.com/industries (6/19), chunk 6/13
[04:36:05 +33m 16s | pasqal] Extracting interactions: https://www.pasqal.com/industries (6/19), chunk 10/13
[04:36:14 +33m 26s | pasqal] Extracting interactions: https://www.pasqal.com/industries (6/19), chunk 11/13
[04:36:28 +33m 37s | pasqal] Extracting interactions: https://www.pasqal.com/industries (6/19), chunk 12/13
[04:36:32 +33m 42s | pasqal] Extracting interactions: https://www.pasqal.com/industries (6/19), chunk 13/13
[04:36:39 +33m 48s | pasqal] Extracting interactions: https://www.pasqal.com/publications (7/19), chunk 2/13
[04:36:43 +33m 53s | pasqal] Extracting interactions: https://www.pasqal.com/publications (7/19), chunk 3/13
[04:36:52 +33m 59s | pasqal] Extracting interactions: https://www.pasqal.com/publications (7/19), chunk 4/13
[04:36:55 +34m 3s | pasqal] Extracting interactions: https://www.pasqal.com/publications (7/19), chunk 5/13
[04:37:00 +34m 7s | pasqal] Extracting interactions: https://www.pasqal.com/publications (7/19), chunk 6/13
[04:37:06 +34m 13s | pasqal] Extracting interactions: https://www.pasqal.com/publications (7/19), chunk 8/13
[04:37:13 +34m 20s | pasqal] Extracting interactions: https://www.pasqal.com/publications (7/19), chunk 9/13
[04:37:14 +34m 21s | pasqal] Extracting interactions: https://www.pasqal.com/publications (7/19), chunk 12/13
[04:37:20 +34m 27s | pasqal] Extracting interactions: https://www.pasqal.com/publications (7/19), chunk 13/13
[04:37:21 +34m 29s | pasqal] Extracting interactions: https://www.pasqal.com/community (8/19), chunk 2/14
[04:37:30 +34m 35s | pasqal] Extracting interactions: https://www.pasqal.com/community (8/19), chunk 3/14
[04:37:35 +34m 40s | pasqal] Extracting interactions: https://www.pasqal.com/community (8/19), chunk 4/14
[04:37:38 +34m 43s | pasqal] Extracting interactions: https://www.pasqal.com/community (8/19), chunk 5/14
[04:37:45 +34m 50s | pasqal] Extracting interactions: https://www.pasqal.com/community (8/19), chunk 6/14
[04:37:50 +34m 55s | pasqal] Extracting interactions: https://www.pasqal.com/community (8/19), chunk 8/14
[04:37:56 +35m 1s | pasqal] Extracting interactions: https://www.pasqal.com/community (8/19), chunk 9/14
[04:38:05 +35m 8s | pasqal] Extracting interactions: https://www.pasqal.com/community (8/19), chunk 10/14
[04:38:09 +35m 12s | pasqal] Extracting interactions: https://www.pasqal.com/community (8/19), chunk 11/14
[04:38:17 +35m 20s | pasqal] Extracting interactions: https://www.pasqal.com/community (8/19), chunk 12/14
[04:38:22 +35m 25s | pasqal] Extracting interactions: https://www.pasqal.com/community (8/19), chunk 13/14
[04:38:27 +35m 30s | pasqal] Extracting interactions: https://www.pasqal.com/community (8/19), chunk 14/14
[04:38:29 +35m 32s | pasqal] Extracting interactions: https://www.pasqal.com/fault-tolerant-quantum-computing (9/19), chunk 2/12
[04:38:32 +35m 35s | pasqal] Extracting interactions: https://www.pasqal.com/fault-tolerant-quantum-computing (9/19), chunk 3/12
[04:38:39 +35m 40s | pasqal] Extracting interactions: https://www.pasqal.com/fault-tolerant-quantum-computing (9/19), chunk 4/12
[04:38:42 +35m 43s | pasqal] Extracting interactions: https://www.pasqal.com/fault-tolerant-quantum-computing (9/19), chunk 5/12
[04:38:46 +35m 47s | pasqal] Extracting interactions: https://www.pasqal.com/fault-tolerant-quantum-computing (9/19), chunk 6/12
[04:38:51 +35m 52s | pasqal] Extracting interactions: https://www.pasqal.com/fault-tolerant-quantum-computing (9/19), chunk 11/12
[04:38:58 +35m 59s | pasqal] Extracting interactions: https://www.pasqal.com/fault-tolerant-quantum-computing (9/19), chunk 12/12
[04:38:59 +36m 0s | pasqal] Extracting interactions: https://www.pasqal.com/pasqal-ibm-collaboration (10/19), chunk 2/14
[04:39:03 +36m 4s | pasqal] Extracting interactions: https://www.pasqal.com/pasqal-ibm-collaboration (10/19), chunk 3/14
[04:39:11 +36m 10s | pasqal] Extracting interactions: https://www.pasqal.com/pasqal-ibm-collaboration (10/19), chunk 4/14
[04:39:16 +36m 15s | pasqal] Extracting interactions: https://www.pasqal.com/pasqal-ibm-collaboration (10/19), chunk 5/14
[04:39:22 +36m 21s | pasqal] Extracting interactions: https://www.pasqal.com/pasqal-ibm-collaboration (10/19), chunk 6/14
[04:39:27 +36m 26s | pasqal] Extracting interactions: https://www.pasqal.com/pasqal-ibm-collaboration (10/19), chunk 7/14
[04:39:31 +36m 30s | pasqal] Extracting interactions: https://www.pasqal.com/pasqal-ibm-collaboration (10/19), chunk 8/14
[04:39:46 +36m 43s | pasqal] Extracting interactions: https://www.pasqal.com/pasqal-ibm-collaboration (10/19), chunk 9/14
[04:40:00 +36m 57s | pasqal] Extracting interactions: https://www.pasqal.com/pasqal-ibm-collaboration (10/19), chunk 10/14
[04:40:05 +37m 2s | pasqal] Extracting interactions: https://www.pasqal.com/pasqal-ibm-collaboration (10/19), chunk 11/14
[04:40:23 +37m 18s | pasqal] Extracting interactions: https://www.pasqal.com/pasqal-ibm-collaboration (10/19), chunk 12/14
[04:40:35 +37m 29s | pasqal] Extracting interactions: https://www.pasqal.com/pasqal-ibm-collaboration (10/19), chunk 13/14
[04:40:41 +37m 35s | pasqal] Extracting interactions: https://www.pasqal.com/pasqal-ibm-collaboration (10/19), chunk 14/14
[04:40:42 +37m 36s | pasqal] Extracting interactions: https://www.pasqal.com/solutions/cloud (11/19), chunk 2/16
[04:40:46 +37m 41s | pasqal] Extracting interactions: https://www.pasqal.com/solutions/cloud (11/19), chunk 3/16
[04:40:54 +37m 47s | pasqal] Extracting interactions: https://www.pasqal.com/solutions/cloud (11/19), chunk 4/16
[04:40:58 +37m 50s | pasqal] Extracting interactions: https://www.pasqal.com/solutions/cloud (11/19), chunk 5/16
[04:41:04 +37m 57s | pasqal] Extracting interactions: https://www.pasqal.com/solutions/cloud (11/19), chunk 6/16
[04:41:11 +38m 3s | pasqal] Extracting interactions: https://www.pasqal.com/solutions/cloud (11/19), chunk 9/16
[04:41:16 +38m 8s | pasqal] Extracting interactions: https://www.pasqal.com/solutions/cloud (11/19), chunk 10/16
[04:41:22 +38m 15s | pasqal] Extracting interactions: https://www.pasqal.com/solutions/cloud (11/19), chunk 11/16
[04:41:29 +38m 20s | pasqal] Extracting interactions: https://www.pasqal.com/solutions/cloud (11/19), chunk 12/16
[04:41:35 +38m 25s | pasqal] Extracting interactions: https://www.pasqal.com/solutions/cloud (11/19), chunk 13/16
[04:41:41 +38m 32s | pasqal] Extracting interactions: https://www.pasqal.com/solutions/cloud (11/19), chunk 14/16
[04:41:49 +38m 39s | pasqal] Extracting interactions: https://www.pasqal.com/solutions/cloud (11/19), chunk 15/16
[04:41:55 +38m 45s | pasqal] Extracting interactions: https://www.pasqal.com/solutions/cloud (11/19), chunk 16/16
[04:42:02 +38m 50s | pasqal] Extracting interactions: https://www.pasqal.com/technology/roadmap (12/19), chunk 2/11
[04:42:07 +38m 55s | pasqal] Extracting interactions: https://www.pasqal.com/technology/roadmap (12/19), chunk 3/11
[04:42:13 +39m 1s | pasqal] Extracting interactions: https://www.pasqal.com/technology/roadmap (12/19), chunk 4/11
[04:42:17 +39m 5s | pasqal] Extracting interactions: https://www.pasqal.com/technology/roadmap (12/19), chunk 5/11
[04:42:22 +39m 10s | pasqal] Extracting interactions: https://www.pasqal.com/technology/roadmap (12/19), chunk 6/11
[04:42:26 +39m 14s | pasqal] Extracting interactions: https://www.pasqal.com/technology/roadmap (12/19), chunk 11/11
[04:42:31 +39m 19s | pasqal] Extracting interactions: https://www.pasqal.com/about-us/partners (13/19), chunk 2/21
[04:42:38 +39m 23s | pasqal] Extracting interactions: https://www.pasqal.com/about-us/partners (13/19), chunk 3/21
[04:42:43 +39m 28s | pasqal] Extracting interactions: https://www.pasqal.com/about-us/partners (13/19), chunk 4/21
[04:42:46 +39m 32s | pasqal] Extracting interactions: https://www.pasqal.com/about-us/partners (13/19), chunk 5/21
[04:42:50 +39m 36s | pasqal] Extracting interactions: https://www.pasqal.com/about-us/partners (13/19), chunk 6/21
[04:42:57 +39m 43s | pasqal] Extracting interactions: https://www.pasqal.com/about-us/partners (13/19), chunk 8/21
[04:43:10 +39m 54s | pasqal] Extracting interactions: https://www.pasqal.com/about-us/partners (13/19), chunk 9/21
[04:43:19 +40m 3s | pasqal] Extracting interactions: https://www.pasqal.com/about-us/partners (13/19), chunk 10/21
[04:43:22 +40m 6s | pasqal] Extracting interactions: https://www.pasqal.com/about-us/partners (13/19), chunk 11/21
[04:43:24 +40m 8s | pasqal] Extracting interactions: https://www.pasqal.com/about-us/partners (13/19), chunk 12/21
[04:43:25 +40m 9s | pasqal] Extracting interactions: https://www.pasqal.com/about-us/partners (13/19), chunk 13/21
[04:43:37 +40m 21s | pasqal] Extracting interactions: https://www.pasqal.com/about-us/partners (13/19), chunk 14/21
[04:43:54 +40m 36s | pasqal] Extracting interactions: https://www.pasqal.com/about-us/partners (13/19), chunk 15/21
[04:43:57 +40m 39s | pasqal] Extracting interactions: https://www.pasqal.com/about-us/partners (13/19), chunk 16/21
[04:44:06 +40m 48s | pasqal] Extracting interactions: https://www.pasqal.com/about-us/partners (13/19), chunk 17/21
[04:44:13 +40m 55s | pasqal] Extracting interactions: https://www.pasqal.com/about-us/partners (13/19), chunk 18/21
[04:44:18 +40m 58s | pasqal] Extracting interactions: https://www.pasqal.com/about-us/partners (13/19), chunk 20/21
[04:44:23 +41m 3s | pasqal] Extracting interactions: https://www.pasqal.com/about-us/partners (13/19), chunk 21/21
[04:44:29 +41m 9s | pasqal] Extracting interactions: https://www.pasqal.com/quantum-advantage (14/19), chunk 2/14
[04:44:37 +41m 17s | pasqal] Extracting interactions: https://www.pasqal.com/quantum-advantage (14/19), chunk 3/14
[04:44:42 +41m 22s | pasqal] Extracting interactions: https://www.pasqal.com/quantum-advantage (14/19), chunk 4/14
[04:44:45 +41m 25s | pasqal] Extracting interactions: https://www.pasqal.com/quantum-advantage (14/19), chunk 5/14
[04:44:53 +41m 30s | pasqal] Extracting interactions: https://www.pasqal.com/quantum-advantage (14/19), chunk 6/14
[04:44:58 +41m 35s | pasqal] Extracting interactions: https://www.pasqal.com/quantum-advantage (14/19), chunk 9/14
[04:45:02 +41m 39s | pasqal] Extracting interactions: https://www.pasqal.com/quantum-advantage (14/19), chunk 10/14
[04:45:08 +41m 45s | pasqal] Extracting interactions: https://www.pasqal.com/quantum-advantage (14/19), chunk 11/14
[04:45:12 +41m 50s | pasqal] Extracting interactions: https://www.pasqal.com/quantum-advantage (14/19), chunk 12/14
[04:45:22 +42m 0s | pasqal] Extracting interactions: https://www.pasqal.com/quantum-advantage (14/19), chunk 14/14
[04:45:29 +42m 4s | pasqal] Extracting interactions: https://www.pasqal.com/blog (15/19), chunk 2/15
[04:45:33 +42m 8s | pasqal] Extracting interactions: https://www.pasqal.com/blog (15/19), chunk 3/15
[04:45:39 +42m 14s | pasqal] Extracting interactions: https://www.pasqal.com/blog (15/19), chunk 5/15
[04:45:43 +42m 18s | pasqal] Extracting interactions: https://www.pasqal.com/blog (15/19), chunk 6/15
[04:45:47 +42m 22s | pasqal] Extracting interactions: https://www.pasqal.com/blog (15/19), chunk 10/15
[04:45:50 +42m 25s | pasqal] Extracting interactions: https://www.pasqal.com/blog (15/19), chunk 11/15
[04:45:55 +42m 30s | pasqal] Extracting interactions: https://www.pasqal.com/blog (15/19), chunk 14/15
[04:46:03 +42m 36s | pasqal] Extracting interactions: https://www.pasqal.com/blog (15/19), chunk 15/15
[04:46:08 +42m 40s | pasqal] Extracting interactions: https://www.pasqal.com/error-correction (16/19), chunk 2/13
[04:46:12 +42m 44s | pasqal] Extracting interactions: https://www.pasqal.com/error-correction (16/19), chunk 3/13
[04:46:17 +42m 50s | pasqal] Extracting interactions: https://www.pasqal.com/error-correction (16/19), chunk 4/13
[04:46:21 +42m 54s | pasqal] Extracting interactions: https://www.pasqal.com/error-correction (16/19), chunk 5/13
[04:46:26 +42m 58s | pasqal] Extracting interactions: https://www.pasqal.com/error-correction (16/19), chunk 6/13
[04:46:31 +43m 3s | pasqal] Extracting interactions: https://www.pasqal.com/error-correction (16/19), chunk 12/13
[04:46:39 +43m 8s | pasqal] Extracting interactions: https://www.pasqal.com/error-correction (16/19), chunk 13/13
[04:46:43 +43m 13s | pasqal] Extracting interactions: https://www.pasqal.com/beyond-classical-understanding-quantum-computing (17/19), chunk 2/15
[04:46:48 +43m 18s | pasqal] Extracting interactions: https://www.pasqal.com/beyond-classical-understanding-quantum-computing (17/19), chunk 3/15
[04:46:53 +43m 23s | pasqal] Extracting interactions: https://www.pasqal.com/beyond-classical-understanding-quantum-computing (17/19), chunk 4/15
[04:47:01 +43m 31s | pasqal] Extracting interactions: https://www.pasqal.com/beyond-classical-understanding-quantum-computing (17/19), chunk 5/15
[04:47:06 +43m 36s | pasqal] Extracting interactions: https://www.pasqal.com/beyond-classical-understanding-quantum-computing (17/19), chunk 6/15
[04:47:14 +43m 41s | pasqal] Extracting interactions: https://www.pasqal.com/beyond-classical-understanding-quantum-computing (17/19), chunk 8/15
[04:47:19 +43m 46s | pasqal] Extracting interactions: https://www.pasqal.com/beyond-classical-understanding-quantum-computing (17/19), chunk 9/15
[04:47:22 +43m 49s | pasqal] Extracting interactions: https://www.pasqal.com/beyond-classical-understanding-quantum-computing (17/19), chunk 11/15
[04:47:27 +43m 54s | pasqal] Extracting interactions: https://www.pasqal.com/beyond-classical-understanding-quantum-computing (17/19), chunk 12/15
[04:47:37 +44m 4s | pasqal] Extracting interactions: https://www.pasqal.com/beyond-classical-understanding-quantum-computing (17/19), chunk 13/15
[04:47:40 +44m 7s | pasqal] Extracting interactions: https://www.pasqal.com/beyond-classical-understanding-quantum-computing (17/19), chunk 14/15
[04:47:44 +44m 11s | pasqal] Extracting interactions: https://www.pasqal.com/beyond-classical-understanding-quantum-computing (17/19), chunk 15/15
[04:47:52 +44m 18s | pasqal] Extracting interactions: https://www.pasqal.com/resources/content/success-story (18/19), chunk 2/14
[04:47:54 +44m 21s | pasqal] Extracting interactions: https://www.pasqal.com/resources/content/success-story (18/19), chunk 3/14
[04:48:05 +44m 28s | pasqal] Extracting interactions: https://www.pasqal.com/resources/content/success-story (18/19), chunk 4/14
[04:48:08 +44m 32s | pasqal] Extracting interactions: https://www.pasqal.com/resources/content/success-story (18/19), chunk 5/14
[04:48:12 +44m 36s | pasqal] Extracting interactions: https://www.pasqal.com/resources/content/success-story (18/19), chunk 6/14
[04:48:21 +44m 45s | pasqal] Extracting interactions: https://www.pasqal.com/resources/content/success-story (18/19), chunk 8/14
[04:48:27 +44m 51s | pasqal] Extracting interactions: https://www.pasqal.com/resources/content/success-story (18/19), chunk 9/14
[04:48:42 +45m 3s | pasqal] Extracting interactions: https://www.pasqal.com/resources/content/success-story (18/19), chunk 10/14
[04:48:44 +45m 5s | pasqal] Extracting interactions: https://www.pasqal.com/resources/content/success-story (18/19), chunk 11/14
[04:48:45 +45m 6s | pasqal] Extracting interactions: https://www.pasqal.com/resources/content/success-story (18/19), chunk 13/14
[04:48:49 +45m 11s | pasqal] Extracting interactions: https://www.pasqal.com/resources/content/success-story (18/19), chunk 14/14
[04:48:51 +45m 12s | pasqal] Extracting interactions: https://www.pasqal.com/solutions/software (19/19), chunk 2/15
[04:48:55 +45m 16s | pasqal] Extracting interactions: https://www.pasqal.com/solutions/software (19/19), chunk 3/15
[04:48:59 +45m 21s | pasqal] Extracting interactions: https://www.pasqal.com/solutions/software (19/19), chunk 4/15
[04:49:05 +45m 27s | pasqal] Extracting interactions: https://www.pasqal.com/solutions/software (19/19), chunk 5/15
[04:49:13 +45m 32s | pasqal] Extracting interactions: https://www.pasqal.com/solutions/software (19/19), chunk 6/15
[04:49:17 +45m 36s | pasqal] Extracting interactions: https://www.pasqal.com/solutions/software (19/19), chunk 15/15
[04:49:23 +45m 41s | pasqal] Saved 3_interaction_results.json with 392 extracted interactions.

[04:49:23 +45m 42s | pasqal] === 4 clean interactions ===
[04:49:23 +45m 42s | pasqal] Saved 4_edges.json with 39 cleaned interactions.

[04:49:23 +45m 42s | pasqal] === 5 helix enrichment ===
[04:49:24 +45m 42s | pasqal] Wrote 5_nodes.json (46 actors)
[04:49:24 +45m 42s | pasqal] Wrote 5_edges.json (39 interactions)
[04:49:24 +45m 42s | pasqal] Actor helix counts: {'Academia': 10, 'Civil Society': 4, 'Government': 1, 'Industry': 29, 'Unknown': 2}
[04:49:24 +45m 42s | pasqal] Functional-space counts: {'Intra-helix / Not classified': 33, 'Public': 6}

[04:49:24 +45m 42s | pasqal] === 6 network visualisation ===
[04:49:24 +45m 42s | pasqal] Wrote quantum_network.html
[04:49:24 +45m 42s | pasqal] Nodes: 46
[04:49:24 +45m 42s | pasqal] Edges: 10

[04:49:24 +45m 42s | pasqal] Done. Outputs written to: /home/lv/IDP/idpdeeptech/pipeline/site_outputs/pasqal
[04:49:24 +45m 42s | pasqal] Log: /home/lv/IDP/idpdeeptech/pipeline/site_outputs/pasqal/run.log

========================================================================
RUN FINISHED 2026-06-17 04:49:24  (OK)
Started:     2026-06-17 04:00:16
Elapsed:     45m 42s
========================================================================
