
========================================================================
RUN STARTED  2026-07-02 05:41:25
site_pipeline.py https://thequantuminsider.com/2024/04/04/qai-ventures-expands-globally-opening-canadian-office-in-calgary-to-harness-albertas-thriving-quantum-tech-scene/
========================================================================

[05:41:25 +0s | thequantuminsider_2024_04_04_qai_ventures_expands_globally_opening_canadian_office_in_cal_8fbb2f71] === 0 crawl site ===
[05:41:26 +1s | thequantuminsider_2024_04_04_qai_ventures_expands_globally_opening_canadian_office_in_cal_8fbb2f71] [INIT].... → Crawl4AI 0.8.6 
[05:41:35 +11s | thequantuminsider_2024_04_04_qai_ventures_expands_globally_opening_canadian_office_in_cal_8fbb2f71] [FETCH]... ↓ https://thequantuminsider.com/2024/04/04/qai-ven...to-harness-albertas-thriving-quantum-tech-scene/  | ✓ | ⏱: 9.54s 
[05:41:36 +11s | thequantuminsider_2024_04_04_qai_ventures_expands_globally_opening_canadian_office_in_cal_8fbb2f71] [SCRAPE].. ◆ https://thequantuminsider.com/2024/04/04/qai-ven...to-harness-albertas-thriving-quantum-tech-scene/  | ✓ | ⏱: 0.10s 
[05:41:36 +11s | thequantuminsider_2024_04_04_qai_ventures_expands_globally_opening_canadian_office_in_cal_8fbb2f71] [COMPLETE] ● https://thequantuminsider.com/2024/04/04/qai-ven...to-harness-albertas-thriving-quantum-tech-scene/  | ✓ | ⏱: 9.66s 
[05:41:36 +11s | thequantuminsider_2024_04_04_qai_ventures_expands_globally_opening_canadian_office_in_cal_8fbb2f71] Saved: crawl_output/cff55d9d8c_thequantuminsider.com_2024_04_04_qai-ventures-expands-globally-opening-canadian-office-in-calgary-to-harness-albertas-thriving-quantum-tech-scene.json

[05:41:36 +11s | thequantuminsider_2024_04_04_qai_ventures_expands_globally_opening_canadian_office_in_cal_8fbb2f71] === 1 actor extraction ===
[05:41:36 +11s | thequantuminsider_2024_04_04_qai_ventures_expands_globally_opening_canadian_office_in_cal_8fbb2f71] Reading page (1/1): https://thequantuminsider.com/2024/04/04/qai-ventures-expands-globally-opening-canadian-office-in-calgary-to-harness-albertas-thriving-quantum-tech-scene
[05:41:36 +11s | thequantuminsider_2024_04_04_qai_ventures_expands_globally_opening_canadian_office_in_cal_8fbb2f71] Extracting actors: https://thequantuminsider.com/2024/04/04/qai-ventures-expands-globally-opening-canadian-office-in-calgary-to-harness-albertas-thriving-quantum-tech-scene (1/1), chunk 1/38
[05:41:43 +18s | thequantuminsider_2024_04_04_qai_ventures_expands_globally_opening_canadian_office_in_cal_8fbb2f71] Repaired malformed JSON.
[05:41:43 +18s | thequantuminsider_2024_04_04_qai_ventures_expands_globally_opening_canadian_office_in_cal_8fbb2f71] Extracting actors: https://thequantuminsider.com/2024/04/04/qai-ventures-expands-globally-opening-canadian-office-in-calgary-to-harness-albertas-thriving-quantum-tech-scene (1/1), chunk 2/38
[05:41:51 +26s | thequantuminsider_2024_04_04_qai_ventures_expands_globally_opening_canadian_office_in_cal_8fbb2f71] Repaired malformed JSON.
[05:41:51 +26s | thequantuminsider_2024_04_04_qai_ventures_expands_globally_opening_canadian_office_in_cal_8fbb2f71] Extracting actors: https://thequantuminsider.com/2024/04/04/qai-ventures-expands-globally-opening-canadian-office-in-calgary-to-harness-albertas-thriving-quantum-tech-scene (1/1), chunk 3/38
[05:41:58 +33s | thequantuminsider_2024_04_04_qai_ventures_expands_globally_opening_canadian_office_in_cal_8fbb2f71] Repaired malformed JSON.
[05:41:58 +33s | thequantuminsider_2024_04_04_qai_ventures_expands_globally_opening_canadian_office_in_cal_8fbb2f71] Extracting actors: https://thequantuminsider.com/2024/04/04/qai-ventures-expands-globally-opening-canadian-office-in-calgary-to-harness-albertas-thriving-quantum-tech-scene (1/1), chunk 4/38
[05:42:05 +41s | thequantuminsider_2024_04_04_qai_ventures_expands_globally_opening_canadian_office_in_cal_8fbb2f71] Repaired malformed JSON.
[05:42:05 +41s | thequantuminsider_2024_04_04_qai_ventures_expands_globally_opening_canadian_office_in_cal_8fbb2f71] Extracting actors: https://thequantuminsider.com/2024/04/04/qai-ventures-expands-globally-opening-canadian-office-in-calgary-to-harness-albertas-thriving-quantum-tech-scene (1/1), chunk 5/38
[05:42:13 +48s | thequantuminsider_2024_04_04_qai_ventures_expands_globally_opening_canadian_office_in_cal_8fbb2f71] Repaired malformed JSON.
[05:42:13 +48s | thequantuminsider_2024_04_04_qai_ventures_expands_globally_opening_canadian_office_in_cal_8fbb2f71] Extracting actors: https://thequantuminsider.com/2024/04/04/qai-ventures-expands-globally-opening-canadian-office-in-calgary-to-harness-albertas-thriving-quantum-tech-scene (1/1), chunk 6/38
[05:42:19 +54s | thequantuminsider_2024_04_04_qai_ventures_expands_globally_opening_canadian_office_in_cal_8fbb2f71] Repaired malformed JSON.
[05:42:19 +54s | thequantuminsider_2024_04_04_qai_ventures_expands_globally_opening_canadian_office_in_cal_8fbb2f71] Extracting actors: https://thequantuminsider.com/2024/04/04/qai-ventures-expands-globally-opening-canadian-office-in-calgary-to-harness-albertas-thriving-quantum-tech-scene (1/1), chunk 7/38
[05:42:25 +1m 0s | thequantuminsider_2024_04_04_qai_ventures_expands_globally_opening_canadian_office_in_cal_8fbb2f71] Repaired malformed JSON.
[05:42:25 +1m 0s | thequantuminsider_2024_04_04_qai_ventures_expands_globally_opening_canadian_office_in_cal_8fbb2f71] Extracting actors: https://thequantuminsider.com/2024/04/04/qai-ventures-expands-globally-opening-canadian-office-in-calgary-to-harness-albertas-thriving-quantum-tech-scene (1/1), chunk 8/38
[05:42:33 +1m 8s | thequantuminsider_2024_04_04_qai_ventures_expands_globally_opening_canadian_office_in_cal_8fbb2f71] Repaired malformed JSON.
[05:42:33 +1m 8s | thequantuminsider_2024_04_04_qai_ventures_expands_globally_opening_canadian_office_in_cal_8fbb2f71] Extracting actors: https://thequantuminsider.com/2024/04/04/qai-ventures-expands-globally-opening-canadian-office-in-calgary-to-harness-albertas-thriving-quantum-tech-scene (1/1), chunk 9/38
[05:42:40 +1m 15s | thequantuminsider_2024_04_04_qai_ventures_expands_globally_opening_canadian_office_in_cal_8fbb2f71] Repaired malformed JSON.
[05:42:40 +1m 15s | thequantuminsider_2024_04_04_qai_ventures_expands_globally_opening_canadian_office_in_cal_8fbb2f71] Extracting actors: https://thequantuminsider.com/2024/04/04/qai-ventures-expands-globally-opening-canadian-office-in-calgary-to-harness-albertas-thriving-quantum-tech-scene (1/1), chunk 10/38
[05:42:46 +1m 21s | thequantuminsider_2024_04_04_qai_ventures_expands_globally_opening_canadian_office_in_cal_8fbb2f71] Repaired malformed JSON.
[05:42:46 +1m 21s | thequantuminsider_2024_04_04_qai_ventures_expands_globally_opening_canadian_office_in_cal_8fbb2f71] Extracting actors: https://thequantuminsider.com/2024/04/04/qai-ventures-expands-globally-opening-canadian-office-in-calgary-to-harness-albertas-thriving-quantum-tech-scene (1/1), chunk 11/38
[05:42:52 +1m 27s | thequantuminsider_2024_04_04_qai_ventures_expands_globally_opening_canadian_office_in_cal_8fbb2f71] Repaired malformed JSON.
[05:42:52 +1m 27s | thequantuminsider_2024_04_04_qai_ventures_expands_globally_opening_canadian_office_in_cal_8fbb2f71] Extracting actors: https://thequantuminsider.com/2024/04/04/qai-ventures-expands-globally-opening-canadian-office-in-calgary-to-harness-albertas-thriving-quantum-tech-scene (1/1), chunk 12/38
[05:42:59 +1m 34s | thequantuminsider_2024_04_04_qai_ventures_expands_globally_opening_canadian_office_in_cal_8fbb2f71] Repaired malformed JSON.
[05:42:59 +1m 34s | thequantuminsider_2024_04_04_qai_ventures_expands_globally_opening_canadian_office_in_cal_8fbb2f71] Extracting actors: https://thequantuminsider.com/2024/04/04/qai-ventures-expands-globally-opening-canadian-office-in-calgary-to-harness-albertas-thriving-quantum-tech-scene (1/1), chunk 13/38
[05:43:05 +1m 41s | thequantuminsider_2024_04_04_qai_ventures_expands_globally_opening_canadian_office_in_cal_8fbb2f71] Repaired malformed JSON.
[05:43:05 +1m 41s | thequantuminsider_2024_04_04_qai_ventures_expands_globally_opening_canadian_office_in_cal_8fbb2f71] Extracting actors: https://thequantuminsider.com/2024/04/04/qai-ventures-expands-globally-opening-canadian-office-in-calgary-to-harness-albertas-thriving-quantum-tech-scene (1/1), chunk 14/38
[05:43:12 +1m 47s | thequantuminsider_2024_04_04_qai_ventures_expands_globally_opening_canadian_office_in_cal_8fbb2f71] Repaired malformed JSON.
[05:43:12 +1m 47s | thequantuminsider_2024_04_04_qai_ventures_expands_globally_opening_canadian_office_in_cal_8fbb2f71] Extracting actors: https://thequantuminsider.com/2024/04/04/qai-ventures-expands-globally-opening-canadian-office-in-calgary-to-harness-albertas-thriving-quantum-tech-scene (1/1), chunk 15/38
[05:43:19 +1m 54s | thequantuminsider_2024_04_04_qai_ventures_expands_globally_opening_canadian_office_in_cal_8fbb2f71] Repaired malformed JSON.
[05:43:19 +1m 54s | thequantuminsider_2024_04_04_qai_ventures_expands_globally_opening_canadian_office_in_cal_8fbb2f71] Extracting actors: https://thequantuminsider.com/2024/04/04/qai-ventures-expands-globally-opening-canadian-office-in-calgary-to-harness-albertas-thriving-quantum-tech-scene (1/1), chunk 16/38
[05:43:26 +2m 2s | thequantuminsider_2024_04_04_qai_ventures_expands_globally_opening_canadian_office_in_cal_8fbb2f71] Repaired malformed JSON.
[05:43:26 +2m 2s | thequantuminsider_2024_04_04_qai_ventures_expands_globally_opening_canadian_office_in_cal_8fbb2f71] Extracting actors: https://thequantuminsider.com/2024/04/04/qai-ventures-expands-globally-opening-canadian-office-in-calgary-to-harness-albertas-thriving-quantum-tech-scene (1/1), chunk 17/38
[05:43:34 +2m 9s | thequantuminsider_2024_04_04_qai_ventures_expands_globally_opening_canadian_office_in_cal_8fbb2f71] Repaired malformed JSON.
[05:43:34 +2m 9s | thequantuminsider_2024_04_04_qai_ventures_expands_globally_opening_canadian_office_in_cal_8fbb2f71] Extracting actors: https://thequantuminsider.com/2024/04/04/qai-ventures-expands-globally-opening-canadian-office-in-calgary-to-harness-albertas-thriving-quantum-tech-scene (1/1), chunk 18/38
[05:43:40 +2m 16s | thequantuminsider_2024_04_04_qai_ventures_expands_globally_opening_canadian_office_in_cal_8fbb2f71] Repaired malformed JSON.
[05:43:40 +2m 16s | thequantuminsider_2024_04_04_qai_ventures_expands_globally_opening_canadian_office_in_cal_8fbb2f71] Extracting actors: https://thequantuminsider.com/2024/04/04/qai-ventures-expands-globally-opening-canadian-office-in-calgary-to-harness-albertas-thriving-quantum-tech-scene (1/1), chunk 19/38
[05:43:46 +2m 21s | thequantuminsider_2024_04_04_qai_ventures_expands_globally_opening_canadian_office_in_cal_8fbb2f71] Repaired malformed JSON.
[05:43:46 +2m 21s | thequantuminsider_2024_04_04_qai_ventures_expands_globally_opening_canadian_office_in_cal_8fbb2f71] Extracting actors: https://thequantuminsider.com/2024/04/04/qai-ventures-expands-globally-opening-canadian-office-in-calgary-to-harness-albertas-thriving-quantum-tech-scene (1/1), chunk 20/38
[05:43:51 +2m 26s | thequantuminsider_2024_04_04_qai_ventures_expands_globally_opening_canadian_office_in_cal_8fbb2f71] Repaired malformed JSON.
[05:43:51 +2m 26s | thequantuminsider_2024_04_04_qai_ventures_expands_globally_opening_canadian_office_in_cal_8fbb2f71] Extracting actors: https://thequantuminsider.com/2024/04/04/qai-ventures-expands-globally-opening-canadian-office-in-calgary-to-harness-albertas-thriving-quantum-tech-scene (1/1), chunk 21/38
[05:43:57 +2m 32s | thequantuminsider_2024_04_04_qai_ventures_expands_globally_opening_canadian_office_in_cal_8fbb2f71] Repaired malformed JSON.
[05:43:57 +2m 32s | thequantuminsider_2024_04_04_qai_ventures_expands_globally_opening_canadian_office_in_cal_8fbb2f71] Extracting actors: https://thequantuminsider.com/2024/04/04/qai-ventures-expands-globally-opening-canadian-office-in-calgary-to-harness-albertas-thriving-quantum-tech-scene (1/1), chunk 22/38
[05:44:04 +2m 40s | thequantuminsider_2024_04_04_qai_ventures_expands_globally_opening_canadian_office_in_cal_8fbb2f71] Repaired malformed JSON.
[05:44:04 +2m 40s | thequantuminsider_2024_04_04_qai_ventures_expands_globally_opening_canadian_office_in_cal_8fbb2f71] Extracting actors: https://thequantuminsider.com/2024/04/04/qai-ventures-expands-globally-opening-canadian-office-in-calgary-to-harness-albertas-thriving-quantum-tech-scene (1/1), chunk 23/38
[05:44:12 +2m 47s | thequantuminsider_2024_04_04_qai_ventures_expands_globally_opening_canadian_office_in_cal_8fbb2f71] Repaired malformed JSON.
[05:44:12 +2m 47s | thequantuminsider_2024_04_04_qai_ventures_expands_globally_opening_canadian_office_in_cal_8fbb2f71] Extracting actors: https://thequantuminsider.com/2024/04/04/qai-ventures-expands-globally-opening-canadian-office-in-calgary-to-harness-albertas-thriving-quantum-tech-scene (1/1), chunk 24/38
[05:44:18 +2m 53s | thequantuminsider_2024_04_04_qai_ventures_expands_globally_opening_canadian_office_in_cal_8fbb2f71] Repaired malformed JSON.
[05:44:18 +2m 53s | thequantuminsider_2024_04_04_qai_ventures_expands_globally_opening_canadian_office_in_cal_8fbb2f71] Extracting actors: https://thequantuminsider.com/2024/04/04/qai-ventures-expands-globally-opening-canadian-office-in-calgary-to-harness-albertas-thriving-quantum-tech-scene (1/1), chunk 25/38
[05:44:24 +3m 0s | thequantuminsider_2024_04_04_qai_ventures_expands_globally_opening_canadian_office_in_cal_8fbb2f71] Repaired malformed JSON.
[05:44:24 +3m 0s | thequantuminsider_2024_04_04_qai_ventures_expands_globally_opening_canadian_office_in_cal_8fbb2f71] Extracting actors: https://thequantuminsider.com/2024/04/04/qai-ventures-expands-globally-opening-canadian-office-in-calgary-to-harness-albertas-thriving-quantum-tech-scene (1/1), chunk 26/38
[05:44:31 +3m 6s | thequantuminsider_2024_04_04_qai_ventures_expands_globally_opening_canadian_office_in_cal_8fbb2f71] Repaired malformed JSON.
[05:44:31 +3m 6s | thequantuminsider_2024_04_04_qai_ventures_expands_globally_opening_canadian_office_in_cal_8fbb2f71] Extracting actors: https://thequantuminsider.com/2024/04/04/qai-ventures-expands-globally-opening-canadian-office-in-calgary-to-harness-albertas-thriving-quantum-tech-scene (1/1), chunk 27/38
[05:44:37 +3m 12s | thequantuminsider_2024_04_04_qai_ventures_expands_globally_opening_canadian_office_in_cal_8fbb2f71] Repaired malformed JSON.
[05:44:37 +3m 12s | thequantuminsider_2024_04_04_qai_ventures_expands_globally_opening_canadian_office_in_cal_8fbb2f71] Extracting actors: https://thequantuminsider.com/2024/04/04/qai-ventures-expands-globally-opening-canadian-office-in-calgary-to-harness-albertas-thriving-quantum-tech-scene (1/1), chunk 28/38
[05:44:44 +3m 19s | thequantuminsider_2024_04_04_qai_ventures_expands_globally_opening_canadian_office_in_cal_8fbb2f71] Repaired malformed JSON.
[05:44:44 +3m 19s | thequantuminsider_2024_04_04_qai_ventures_expands_globally_opening_canadian_office_in_cal_8fbb2f71] Extracting actors: https://thequantuminsider.com/2024/04/04/qai-ventures-expands-globally-opening-canadian-office-in-calgary-to-harness-albertas-thriving-quantum-tech-scene (1/1), chunk 29/38
[05:44:51 +3m 26s | thequantuminsider_2024_04_04_qai_ventures_expands_globally_opening_canadian_office_in_cal_8fbb2f71] Repaired malformed JSON.
[05:44:51 +3m 26s | thequantuminsider_2024_04_04_qai_ventures_expands_globally_opening_canadian_office_in_cal_8fbb2f71] Extracting actors: https://thequantuminsider.com/2024/04/04/qai-ventures-expands-globally-opening-canadian-office-in-calgary-to-harness-albertas-thriving-quantum-tech-scene (1/1), chunk 30/38
[05:44:56 +3m 32s | thequantuminsider_2024_04_04_qai_ventures_expands_globally_opening_canadian_office_in_cal_8fbb2f71] Repaired malformed JSON.
[05:44:56 +3m 32s | thequantuminsider_2024_04_04_qai_ventures_expands_globally_opening_canadian_office_in_cal_8fbb2f71] Extracting actors: https://thequantuminsider.com/2024/04/04/qai-ventures-expands-globally-opening-canadian-office-in-calgary-to-harness-albertas-thriving-quantum-tech-scene (1/1), chunk 31/38
[05:45:03 +3m 38s | thequantuminsider_2024_04_04_qai_ventures_expands_globally_opening_canadian_office_in_cal_8fbb2f71] Repaired malformed JSON.
[05:45:03 +3m 38s | thequantuminsider_2024_04_04_qai_ventures_expands_globally_opening_canadian_office_in_cal_8fbb2f71] Extracting actors: https://thequantuminsider.com/2024/04/04/qai-ventures-expands-globally-opening-canadian-office-in-calgary-to-harness-albertas-thriving-quantum-tech-scene (1/1), chunk 32/38
[05:45:10 +3m 45s | thequantuminsider_2024_04_04_qai_ventures_expands_globally_opening_canadian_office_in_cal_8fbb2f71] Repaired malformed JSON.
[05:45:10 +3m 45s | thequantuminsider_2024_04_04_qai_ventures_expands_globally_opening_canadian_office_in_cal_8fbb2f71] Extracting actors: https://thequantuminsider.com/2024/04/04/qai-ventures-expands-globally-opening-canadian-office-in-calgary-to-harness-albertas-thriving-quantum-tech-scene (1/1), chunk 33/38
[05:45:16 +3m 52s | thequantuminsider_2024_04_04_qai_ventures_expands_globally_opening_canadian_office_in_cal_8fbb2f71] Repaired malformed JSON.
[05:45:16 +3m 52s | thequantuminsider_2024_04_04_qai_ventures_expands_globally_opening_canadian_office_in_cal_8fbb2f71] Extracting actors: https://thequantuminsider.com/2024/04/04/qai-ventures-expands-globally-opening-canadian-office-in-calgary-to-harness-albertas-thriving-quantum-tech-scene (1/1), chunk 34/38
[05:45:26 +4m 1s | thequantuminsider_2024_04_04_qai_ventures_expands_globally_opening_canadian_office_in_cal_8fbb2f71] Repaired malformed JSON.
[05:45:26 +4m 1s | thequantuminsider_2024_04_04_qai_ventures_expands_globally_opening_canadian_office_in_cal_8fbb2f71] Extracting actors: https://thequantuminsider.com/2024/04/04/qai-ventures-expands-globally-opening-canadian-office-in-calgary-to-harness-albertas-thriving-quantum-tech-scene (1/1), chunk 35/38
[05:45:31 +4m 7s | thequantuminsider_2024_04_04_qai_ventures_expands_globally_opening_canadian_office_in_cal_8fbb2f71] Repaired malformed JSON.
[05:45:31 +4m 7s | thequantuminsider_2024_04_04_qai_ventures_expands_globally_opening_canadian_office_in_cal_8fbb2f71] Extracting actors: https://thequantuminsider.com/2024/04/04/qai-ventures-expands-globally-opening-canadian-office-in-calgary-to-harness-albertas-thriving-quantum-tech-scene (1/1), chunk 36/38
[05:45:39 +4m 15s | thequantuminsider_2024_04_04_qai_ventures_expands_globally_opening_canadian_office_in_cal_8fbb2f71] Repaired malformed JSON.
[05:45:39 +4m 15s | thequantuminsider_2024_04_04_qai_ventures_expands_globally_opening_canadian_office_in_cal_8fbb2f71] Extracting actors: https://thequantuminsider.com/2024/04/04/qai-ventures-expands-globally-opening-canadian-office-in-calgary-to-harness-albertas-thriving-quantum-tech-scene (1/1), chunk 37/38
[05:45:46 +4m 21s | thequantuminsider_2024_04_04_qai_ventures_expands_globally_opening_canadian_office_in_cal_8fbb2f71] Repaired malformed JSON.
[05:45:46 +4m 21s | thequantuminsider_2024_04_04_qai_ventures_expands_globally_opening_canadian_office_in_cal_8fbb2f71] Extracting actors: https://thequantuminsider.com/2024/04/04/qai-ventures-expands-globally-opening-canadian-office-in-calgary-to-harness-albertas-thriving-quantum-tech-scene (1/1), chunk 38/38
[05:45:53 +4m 29s | thequantuminsider_2024_04_04_qai_ventures_expands_globally_opening_canadian_office_in_cal_8fbb2f71] Repaired malformed JSON.
[05:45:53 +4m 29s | thequantuminsider_2024_04_04_qai_ventures_expands_globally_opening_canadian_office_in_cal_8fbb2f71] Saved 1_actor_results.json with 73 extracted records

[05:45:53 +4m 29s | thequantuminsider_2024_04_04_qai_ventures_expands_globally_opening_canadian_office_in_cal_8fbb2f71] === 2 clean actors ===
[05:45:53 +4m 29s | thequantuminsider_2024_04_04_qai_ventures_expands_globally_opening_canadian_office_in_cal_8fbb2f71] Loaded 73 extracted records
[05:45:53 +4m 29s | thequantuminsider_2024_04_04_qai_ventures_expands_globally_opening_canadian_office_in_cal_8fbb2f71] Saved 2_actor_nodes.json with 13 canonical actor nodes

[05:45:53 +4m 29s | thequantuminsider_2024_04_04_qai_ventures_expands_globally_opening_canadian_office_in_cal_8fbb2f71] === 3 interaction extraction ===
[05:45:54 +4m 29s | thequantuminsider_2024_04_04_qai_ventures_expands_globally_opening_canadian_office_in_cal_8fbb2f71] Extracting interactions: https://thequantuminsider.com/2024/04/04/qai-ventures-expands-globally-opening-canadian-office-in-calgary-to-harness-albertas-thriving-quantum-tech-scene (1/1), chunk 7/38
[05:45:58 +4m 33s | thequantuminsider_2024_04_04_qai_ventures_expands_globally_opening_canadian_office_in_cal_8fbb2f71] Extracting interactions: https://thequantuminsider.com/2024/04/04/qai-ventures-expands-globally-opening-canadian-office-in-calgary-to-harness-albertas-thriving-quantum-tech-scene (1/1), chunk 11/38
[05:46:02 +4m 38s | thequantuminsider_2024_04_04_qai_ventures_expands_globally_opening_canadian_office_in_cal_8fbb2f71] Extracting interactions: https://thequantuminsider.com/2024/04/04/qai-ventures-expands-globally-opening-canadian-office-in-calgary-to-harness-albertas-thriving-quantum-tech-scene (1/1), chunk 12/38
[05:46:20 +4m 55s | thequantuminsider_2024_04_04_qai_ventures_expands_globally_opening_canadian_office_in_cal_8fbb2f71] Extracting interactions: https://thequantuminsider.com/2024/04/04/qai-ventures-expands-globally-opening-canadian-office-in-calgary-to-harness-albertas-thriving-quantum-tech-scene (1/1), chunk 13/38
[05:46:40 +5m 15s | thequantuminsider_2024_04_04_qai_ventures_expands_globally_opening_canadian_office_in_cal_8fbb2f71] Extracting interactions: https://thequantuminsider.com/2024/04/04/qai-ventures-expands-globally-opening-canadian-office-in-calgary-to-harness-albertas-thriving-quantum-tech-scene (1/1), chunk 14/38
[05:47:11 +5m 46s | thequantuminsider_2024_04_04_qai_ventures_expands_globally_opening_canadian_office_in_cal_8fbb2f71] Extracting interactions: https://thequantuminsider.com/2024/04/04/qai-ventures-expands-globally-opening-canadian-office-in-calgary-to-harness-albertas-thriving-quantum-tech-scene (1/1), chunk 15/38
[05:47:28 +6m 4s | thequantuminsider_2024_04_04_qai_ventures_expands_globally_opening_canadian_office_in_cal_8fbb2f71] Extracting interactions: https://thequantuminsider.com/2024/04/04/qai-ventures-expands-globally-opening-canadian-office-in-calgary-to-harness-albertas-thriving-quantum-tech-scene (1/1), chunk 16/38
[05:47:32 +6m 7s | thequantuminsider_2024_04_04_qai_ventures_expands_globally_opening_canadian_office_in_cal_8fbb2f71] Extracting interactions: https://thequantuminsider.com/2024/04/04/qai-ventures-expands-globally-opening-canadian-office-in-calgary-to-harness-albertas-thriving-quantum-tech-scene (1/1), chunk 17/38
[05:47:36 +6m 11s | thequantuminsider_2024_04_04_qai_ventures_expands_globally_opening_canadian_office_in_cal_8fbb2f71] Extracting interactions: https://thequantuminsider.com/2024/04/04/qai-ventures-expands-globally-opening-canadian-office-in-calgary-to-harness-albertas-thriving-quantum-tech-scene (1/1), chunk 18/38
[05:47:39 +6m 14s | thequantuminsider_2024_04_04_qai_ventures_expands_globally_opening_canadian_office_in_cal_8fbb2f71] Extracting interactions: https://thequantuminsider.com/2024/04/04/qai-ventures-expands-globally-opening-canadian-office-in-calgary-to-harness-albertas-thriving-quantum-tech-scene (1/1), chunk 19/38
[05:47:46 +6m 21s | thequantuminsider_2024_04_04_qai_ventures_expands_globally_opening_canadian_office_in_cal_8fbb2f71] Extracting interactions: https://thequantuminsider.com/2024/04/04/qai-ventures-expands-globally-opening-canadian-office-in-calgary-to-harness-albertas-thriving-quantum-tech-scene (1/1), chunk 20/38
[05:47:57 +6m 33s | thequantuminsider_2024_04_04_qai_ventures_expands_globally_opening_canadian_office_in_cal_8fbb2f71] Extracting interactions: https://thequantuminsider.com/2024/04/04/qai-ventures-expands-globally-opening-canadian-office-in-calgary-to-harness-albertas-thriving-quantum-tech-scene (1/1), chunk 21/38
[05:48:08 +6m 43s | thequantuminsider_2024_04_04_qai_ventures_expands_globally_opening_canadian_office_in_cal_8fbb2f71] Extracting interactions: https://thequantuminsider.com/2024/04/04/qai-ventures-expands-globally-opening-canadian-office-in-calgary-to-harness-albertas-thriving-quantum-tech-scene (1/1), chunk 22/38
[05:48:13 +6m 48s | thequantuminsider_2024_04_04_qai_ventures_expands_globally_opening_canadian_office_in_cal_8fbb2f71] Extracting interactions: https://thequantuminsider.com/2024/04/04/qai-ventures-expands-globally-opening-canadian-office-in-calgary-to-harness-albertas-thriving-quantum-tech-scene (1/1), chunk 23/38
[05:48:24 +7m 0s | thequantuminsider_2024_04_04_qai_ventures_expands_globally_opening_canadian_office_in_cal_8fbb2f71] Extracting interactions: https://thequantuminsider.com/2024/04/04/qai-ventures-expands-globally-opening-canadian-office-in-calgary-to-harness-albertas-thriving-quantum-tech-scene (1/1), chunk 24/38
[05:48:28 +7m 3s | thequantuminsider_2024_04_04_qai_ventures_expands_globally_opening_canadian_office_in_cal_8fbb2f71] Extracting interactions: https://thequantuminsider.com/2024/04/04/qai-ventures-expands-globally-opening-canadian-office-in-calgary-to-harness-albertas-thriving-quantum-tech-scene (1/1), chunk 27/38
[05:48:33 +7m 9s | thequantuminsider_2024_04_04_qai_ventures_expands_globally_opening_canadian_office_in_cal_8fbb2f71] Extracting interactions: https://thequantuminsider.com/2024/04/04/qai-ventures-expands-globally-opening-canadian-office-in-calgary-to-harness-albertas-thriving-quantum-tech-scene (1/1), chunk 28/38
[05:48:36 +7m 11s | thequantuminsider_2024_04_04_qai_ventures_expands_globally_opening_canadian_office_in_cal_8fbb2f71] Saved 3_interaction_results.json with 26 extracted interactions.

[05:48:36 +7m 11s | thequantuminsider_2024_04_04_qai_ventures_expands_globally_opening_canadian_office_in_cal_8fbb2f71] === 4 clean interactions ===
[05:48:36 +7m 11s | thequantuminsider_2024_04_04_qai_ventures_expands_globally_opening_canadian_office_in_cal_8fbb2f71] Saved 4_edges.json with 7 cleaned interactions.

[05:48:36 +7m 11s | thequantuminsider_2024_04_04_qai_ventures_expands_globally_opening_canadian_office_in_cal_8fbb2f71] === 5 helix enrichment ===
[05:48:36 +7m 11s | thequantuminsider_2024_04_04_qai_ventures_expands_globally_opening_canadian_office_in_cal_8fbb2f71] Wrote 5_nodes.json (13 actors)
[05:48:36 +7m 11s | thequantuminsider_2024_04_04_qai_ventures_expands_globally_opening_canadian_office_in_cal_8fbb2f71] Wrote 5_edges.json (7 interactions)
[05:48:36 +7m 11s | thequantuminsider_2024_04_04_qai_ventures_expands_globally_opening_canadian_office_in_cal_8fbb2f71] Actor helix counts: {'Academia': 1, 'Civil Society': 2, 'Government': 3, 'Industry': 3, 'Intermediary': 1, 'Unknown': 3}
[05:48:36 +7m 11s | thequantuminsider_2024_04_04_qai_ventures_expands_globally_opening_canadian_office_in_cal_8fbb2f71] Functional-space counts: {'Consensus': 4, 'Innovation': 1, 'Unknown': 2}

[05:48:36 +7m 11s | thequantuminsider_2024_04_04_qai_ventures_expands_globally_opening_canadian_office_in_cal_8fbb2f71] === 6 network visualisation ===
[05:48:36 +7m 11s | thequantuminsider_2024_04_04_qai_ventures_expands_globally_opening_canadian_office_in_cal_8fbb2f71] Wrote quantum_network.html
[05:48:36 +7m 11s | thequantuminsider_2024_04_04_qai_ventures_expands_globally_opening_canadian_office_in_cal_8fbb2f71] Nodes: 13
[05:48:36 +7m 11s | thequantuminsider_2024_04_04_qai_ventures_expands_globally_opening_canadian_office_in_cal_8fbb2f71] Edges: 3

[05:48:36 +7m 11s | thequantuminsider_2024_04_04_qai_ventures_expands_globally_opening_canadian_office_in_cal_8fbb2f71] Done. Outputs written to: /home/lv/IDP/idpdeeptech/pipeline/news_outputs/thequantuminsider_2024_04_04_qai_ventures_expands_globally_opening_canadian_office_in_cal_8fbb2f71
[05:48:36 +7m 11s | thequantuminsider_2024_04_04_qai_ventures_expands_globally_opening_canadian_office_in_cal_8fbb2f71] Log: /home/lv/IDP/idpdeeptech/pipeline/news_outputs/thequantuminsider_2024_04_04_qai_ventures_expands_globally_opening_canadian_office_in_cal_8fbb2f71/run.log

========================================================================
RUN FINISHED 2026-07-02 05:48:36  (OK)
Started:     2026-07-02 05:41:25
Elapsed:     7m 11s
========================================================================
