
========================================================================
RUN STARTED  2026-07-02 12:52:35
site_pipeline.py https://thequantuminsider.com/2024/01/15/rigetti-computing-awarded-innovate-uk-grant-to-develop-quantum-machine-learning-techniques-for-financial-data-streams/
========================================================================

[12:52:35 +0s | thequantuminsider_2024_01_15_rigetti_computing_awarded_innovate_uk_grant_to_develop_quant_faf3077d] === 0 crawl site ===
[12:52:37 +2s | thequantuminsider_2024_01_15_rigetti_computing_awarded_innovate_uk_grant_to_develop_quant_faf3077d] [INIT].... → Crawl4AI 0.8.6 
[12:52:40 +5s | thequantuminsider_2024_01_15_rigetti_computing_awarded_innovate_uk_grant_to_develop_quant_faf3077d] [FETCH]... ↓ https://thequantuminsider.com/2024/01/15/rigetti...-learning-techniques-for-financial-data-streams/  | ✓ | ⏱: 2.99s 
[12:52:40 +6s | thequantuminsider_2024_01_15_rigetti_computing_awarded_innovate_uk_grant_to_develop_quant_faf3077d] [SCRAPE].. ◆ https://thequantuminsider.com/2024/01/15/rigetti...-learning-techniques-for-financial-data-streams/  | ✓ | ⏱: 0.13s 
[12:52:40 +6s | thequantuminsider_2024_01_15_rigetti_computing_awarded_innovate_uk_grant_to_develop_quant_faf3077d] [COMPLETE] ● https://thequantuminsider.com/2024/01/15/rigetti...-learning-techniques-for-financial-data-streams/  | ✓ | ⏱: 3.13s 
[12:52:40 +6s | thequantuminsider_2024_01_15_rigetti_computing_awarded_innovate_uk_grant_to_develop_quant_faf3077d] Saved: crawl_output/1600e099b2_thequantuminsider.com_2024_01_15_rigetti-computing-awarded-innovate-uk-grant-to-develop-quantum-machine-learning-techniques-for-financial-data-streams.json

[12:52:41 +6s | thequantuminsider_2024_01_15_rigetti_computing_awarded_innovate_uk_grant_to_develop_quant_faf3077d] === 1 actor extraction ===
[12:52:41 +6s | thequantuminsider_2024_01_15_rigetti_computing_awarded_innovate_uk_grant_to_develop_quant_faf3077d] Reading page (1/1): https://thequantuminsider.com/2024/01/15/rigetti-computing-awarded-innovate-uk-grant-to-develop-quantum-machine-learning-techniques-for-financial-data-streams
[12:52:41 +6s | thequantuminsider_2024_01_15_rigetti_computing_awarded_innovate_uk_grant_to_develop_quant_faf3077d] Extracting actors: https://thequantuminsider.com/2024/01/15/rigetti-computing-awarded-innovate-uk-grant-to-develop-quantum-machine-learning-techniques-for-financial-data-streams (1/1), chunk 1/38
[12:52:49 +15s | thequantuminsider_2024_01_15_rigetti_computing_awarded_innovate_uk_grant_to_develop_quant_faf3077d] Repaired malformed JSON.
[12:52:49 +15s | thequantuminsider_2024_01_15_rigetti_computing_awarded_innovate_uk_grant_to_develop_quant_faf3077d] Extracting actors: https://thequantuminsider.com/2024/01/15/rigetti-computing-awarded-innovate-uk-grant-to-develop-quantum-machine-learning-techniques-for-financial-data-streams (1/1), chunk 2/38
[12:52:57 +22s | thequantuminsider_2024_01_15_rigetti_computing_awarded_innovate_uk_grant_to_develop_quant_faf3077d] Repaired malformed JSON.
[12:52:57 +22s | thequantuminsider_2024_01_15_rigetti_computing_awarded_innovate_uk_grant_to_develop_quant_faf3077d] Extracting actors: https://thequantuminsider.com/2024/01/15/rigetti-computing-awarded-innovate-uk-grant-to-develop-quantum-machine-learning-techniques-for-financial-data-streams (1/1), chunk 3/38
[12:53:04 +29s | thequantuminsider_2024_01_15_rigetti_computing_awarded_innovate_uk_grant_to_develop_quant_faf3077d] Repaired malformed JSON.
[12:53:04 +29s | thequantuminsider_2024_01_15_rigetti_computing_awarded_innovate_uk_grant_to_develop_quant_faf3077d] Extracting actors: https://thequantuminsider.com/2024/01/15/rigetti-computing-awarded-innovate-uk-grant-to-develop-quantum-machine-learning-techniques-for-financial-data-streams (1/1), chunk 4/38
[12:53:09 +34s | thequantuminsider_2024_01_15_rigetti_computing_awarded_innovate_uk_grant_to_develop_quant_faf3077d] Repaired malformed JSON.
[12:53:09 +34s | thequantuminsider_2024_01_15_rigetti_computing_awarded_innovate_uk_grant_to_develop_quant_faf3077d] Extracting actors: https://thequantuminsider.com/2024/01/15/rigetti-computing-awarded-innovate-uk-grant-to-develop-quantum-machine-learning-techniques-for-financial-data-streams (1/1), chunk 5/38
[12:53:15 +41s | thequantuminsider_2024_01_15_rigetti_computing_awarded_innovate_uk_grant_to_develop_quant_faf3077d] Repaired malformed JSON.
[12:53:15 +41s | thequantuminsider_2024_01_15_rigetti_computing_awarded_innovate_uk_grant_to_develop_quant_faf3077d] Extracting actors: https://thequantuminsider.com/2024/01/15/rigetti-computing-awarded-innovate-uk-grant-to-develop-quantum-machine-learning-techniques-for-financial-data-streams (1/1), chunk 6/38
[12:53:22 +48s | thequantuminsider_2024_01_15_rigetti_computing_awarded_innovate_uk_grant_to_develop_quant_faf3077d] Repaired malformed JSON.
[12:53:22 +48s | thequantuminsider_2024_01_15_rigetti_computing_awarded_innovate_uk_grant_to_develop_quant_faf3077d] Extracting actors: https://thequantuminsider.com/2024/01/15/rigetti-computing-awarded-innovate-uk-grant-to-develop-quantum-machine-learning-techniques-for-financial-data-streams (1/1), chunk 7/38
[12:53:30 +55s | thequantuminsider_2024_01_15_rigetti_computing_awarded_innovate_uk_grant_to_develop_quant_faf3077d] Repaired malformed JSON.
[12:53:30 +55s | thequantuminsider_2024_01_15_rigetti_computing_awarded_innovate_uk_grant_to_develop_quant_faf3077d] Extracting actors: https://thequantuminsider.com/2024/01/15/rigetti-computing-awarded-innovate-uk-grant-to-develop-quantum-machine-learning-techniques-for-financial-data-streams (1/1), chunk 8/38
[12:53:36 +1m 1s | thequantuminsider_2024_01_15_rigetti_computing_awarded_innovate_uk_grant_to_develop_quant_faf3077d] Repaired malformed JSON.
[12:53:36 +1m 1s | thequantuminsider_2024_01_15_rigetti_computing_awarded_innovate_uk_grant_to_develop_quant_faf3077d] Extracting actors: https://thequantuminsider.com/2024/01/15/rigetti-computing-awarded-innovate-uk-grant-to-develop-quantum-machine-learning-techniques-for-financial-data-streams (1/1), chunk 9/38
[12:53:41 +1m 7s | thequantuminsider_2024_01_15_rigetti_computing_awarded_innovate_uk_grant_to_develop_quant_faf3077d] Repaired malformed JSON.
[12:53:41 +1m 7s | thequantuminsider_2024_01_15_rigetti_computing_awarded_innovate_uk_grant_to_develop_quant_faf3077d] Extracting actors: https://thequantuminsider.com/2024/01/15/rigetti-computing-awarded-innovate-uk-grant-to-develop-quantum-machine-learning-techniques-for-financial-data-streams (1/1), chunk 10/38
[12:53:50 +1m 15s | thequantuminsider_2024_01_15_rigetti_computing_awarded_innovate_uk_grant_to_develop_quant_faf3077d] Repaired malformed JSON.
[12:53:50 +1m 15s | thequantuminsider_2024_01_15_rigetti_computing_awarded_innovate_uk_grant_to_develop_quant_faf3077d] Extracting actors: https://thequantuminsider.com/2024/01/15/rigetti-computing-awarded-innovate-uk-grant-to-develop-quantum-machine-learning-techniques-for-financial-data-streams (1/1), chunk 11/38
[12:53:57 +1m 23s | thequantuminsider_2024_01_15_rigetti_computing_awarded_innovate_uk_grant_to_develop_quant_faf3077d] Repaired malformed JSON.
[12:53:57 +1m 23s | thequantuminsider_2024_01_15_rigetti_computing_awarded_innovate_uk_grant_to_develop_quant_faf3077d] Extracting actors: https://thequantuminsider.com/2024/01/15/rigetti-computing-awarded-innovate-uk-grant-to-develop-quantum-machine-learning-techniques-for-financial-data-streams (1/1), chunk 12/38
[12:54:03 +1m 28s | thequantuminsider_2024_01_15_rigetti_computing_awarded_innovate_uk_grant_to_develop_quant_faf3077d] Repaired malformed JSON.
[12:54:03 +1m 28s | thequantuminsider_2024_01_15_rigetti_computing_awarded_innovate_uk_grant_to_develop_quant_faf3077d] Extracting actors: https://thequantuminsider.com/2024/01/15/rigetti-computing-awarded-innovate-uk-grant-to-develop-quantum-machine-learning-techniques-for-financial-data-streams (1/1), chunk 13/38
[12:54:09 +1m 34s | thequantuminsider_2024_01_15_rigetti_computing_awarded_innovate_uk_grant_to_develop_quant_faf3077d] Repaired malformed JSON.
[12:54:09 +1m 34s | thequantuminsider_2024_01_15_rigetti_computing_awarded_innovate_uk_grant_to_develop_quant_faf3077d] Extracting actors: https://thequantuminsider.com/2024/01/15/rigetti-computing-awarded-innovate-uk-grant-to-develop-quantum-machine-learning-techniques-for-financial-data-streams (1/1), chunk 14/38
[12:54:15 +1m 41s | thequantuminsider_2024_01_15_rigetti_computing_awarded_innovate_uk_grant_to_develop_quant_faf3077d] Repaired malformed JSON.
[12:54:15 +1m 41s | thequantuminsider_2024_01_15_rigetti_computing_awarded_innovate_uk_grant_to_develop_quant_faf3077d] Extracting actors: https://thequantuminsider.com/2024/01/15/rigetti-computing-awarded-innovate-uk-grant-to-develop-quantum-machine-learning-techniques-for-financial-data-streams (1/1), chunk 15/38
[12:54:21 +1m 47s | thequantuminsider_2024_01_15_rigetti_computing_awarded_innovate_uk_grant_to_develop_quant_faf3077d] Repaired malformed JSON.
[12:54:21 +1m 47s | thequantuminsider_2024_01_15_rigetti_computing_awarded_innovate_uk_grant_to_develop_quant_faf3077d] Extracting actors: https://thequantuminsider.com/2024/01/15/rigetti-computing-awarded-innovate-uk-grant-to-develop-quantum-machine-learning-techniques-for-financial-data-streams (1/1), chunk 16/38
[12:54:28 +1m 53s | thequantuminsider_2024_01_15_rigetti_computing_awarded_innovate_uk_grant_to_develop_quant_faf3077d] Repaired malformed JSON.
[12:54:28 +1m 53s | thequantuminsider_2024_01_15_rigetti_computing_awarded_innovate_uk_grant_to_develop_quant_faf3077d] Extracting actors: https://thequantuminsider.com/2024/01/15/rigetti-computing-awarded-innovate-uk-grant-to-develop-quantum-machine-learning-techniques-for-financial-data-streams (1/1), chunk 17/38
[12:54:34 +1m 59s | thequantuminsider_2024_01_15_rigetti_computing_awarded_innovate_uk_grant_to_develop_quant_faf3077d] Repaired malformed JSON.
[12:54:34 +1m 59s | thequantuminsider_2024_01_15_rigetti_computing_awarded_innovate_uk_grant_to_develop_quant_faf3077d] Extracting actors: https://thequantuminsider.com/2024/01/15/rigetti-computing-awarded-innovate-uk-grant-to-develop-quantum-machine-learning-techniques-for-financial-data-streams (1/1), chunk 18/38
[12:54:41 +2m 6s | thequantuminsider_2024_01_15_rigetti_computing_awarded_innovate_uk_grant_to_develop_quant_faf3077d] Repaired malformed JSON.
[12:54:41 +2m 6s | thequantuminsider_2024_01_15_rigetti_computing_awarded_innovate_uk_grant_to_develop_quant_faf3077d] Extracting actors: https://thequantuminsider.com/2024/01/15/rigetti-computing-awarded-innovate-uk-grant-to-develop-quantum-machine-learning-techniques-for-financial-data-streams (1/1), chunk 19/38
[12:54:47 +2m 13s | thequantuminsider_2024_01_15_rigetti_computing_awarded_innovate_uk_grant_to_develop_quant_faf3077d] Repaired malformed JSON.
[12:54:47 +2m 13s | thequantuminsider_2024_01_15_rigetti_computing_awarded_innovate_uk_grant_to_develop_quant_faf3077d] Extracting actors: https://thequantuminsider.com/2024/01/15/rigetti-computing-awarded-innovate-uk-grant-to-develop-quantum-machine-learning-techniques-for-financial-data-streams (1/1), chunk 20/38
[12:54:55 +2m 20s | thequantuminsider_2024_01_15_rigetti_computing_awarded_innovate_uk_grant_to_develop_quant_faf3077d] Repaired malformed JSON.
[12:54:55 +2m 20s | thequantuminsider_2024_01_15_rigetti_computing_awarded_innovate_uk_grant_to_develop_quant_faf3077d] Extracting actors: https://thequantuminsider.com/2024/01/15/rigetti-computing-awarded-innovate-uk-grant-to-develop-quantum-machine-learning-techniques-for-financial-data-streams (1/1), chunk 21/38
[12:55:02 +2m 27s | thequantuminsider_2024_01_15_rigetti_computing_awarded_innovate_uk_grant_to_develop_quant_faf3077d] Repaired malformed JSON.
[12:55:02 +2m 27s | thequantuminsider_2024_01_15_rigetti_computing_awarded_innovate_uk_grant_to_develop_quant_faf3077d] Extracting actors: https://thequantuminsider.com/2024/01/15/rigetti-computing-awarded-innovate-uk-grant-to-develop-quantum-machine-learning-techniques-for-financial-data-streams (1/1), chunk 22/38
[12:55:09 +2m 34s | thequantuminsider_2024_01_15_rigetti_computing_awarded_innovate_uk_grant_to_develop_quant_faf3077d] Repaired malformed JSON.
[12:55:09 +2m 34s | thequantuminsider_2024_01_15_rigetti_computing_awarded_innovate_uk_grant_to_develop_quant_faf3077d] Extracting actors: https://thequantuminsider.com/2024/01/15/rigetti-computing-awarded-innovate-uk-grant-to-develop-quantum-machine-learning-techniques-for-financial-data-streams (1/1), chunk 23/38
[12:55:15 +2m 41s | thequantuminsider_2024_01_15_rigetti_computing_awarded_innovate_uk_grant_to_develop_quant_faf3077d] Repaired malformed JSON.
[12:55:15 +2m 41s | thequantuminsider_2024_01_15_rigetti_computing_awarded_innovate_uk_grant_to_develop_quant_faf3077d] Extracting actors: https://thequantuminsider.com/2024/01/15/rigetti-computing-awarded-innovate-uk-grant-to-develop-quantum-machine-learning-techniques-for-financial-data-streams (1/1), chunk 24/38
[12:55:23 +2m 48s | thequantuminsider_2024_01_15_rigetti_computing_awarded_innovate_uk_grant_to_develop_quant_faf3077d] Repaired malformed JSON.
[12:55:23 +2m 48s | thequantuminsider_2024_01_15_rigetti_computing_awarded_innovate_uk_grant_to_develop_quant_faf3077d] Extracting actors: https://thequantuminsider.com/2024/01/15/rigetti-computing-awarded-innovate-uk-grant-to-develop-quantum-machine-learning-techniques-for-financial-data-streams (1/1), chunk 25/38
[12:55:30 +2m 56s | thequantuminsider_2024_01_15_rigetti_computing_awarded_innovate_uk_grant_to_develop_quant_faf3077d] Repaired malformed JSON.
[12:55:30 +2m 56s | thequantuminsider_2024_01_15_rigetti_computing_awarded_innovate_uk_grant_to_develop_quant_faf3077d] Extracting actors: https://thequantuminsider.com/2024/01/15/rigetti-computing-awarded-innovate-uk-grant-to-develop-quantum-machine-learning-techniques-for-financial-data-streams (1/1), chunk 26/38
[12:55:37 +3m 2s | thequantuminsider_2024_01_15_rigetti_computing_awarded_innovate_uk_grant_to_develop_quant_faf3077d] Repaired malformed JSON.
[12:55:37 +3m 2s | thequantuminsider_2024_01_15_rigetti_computing_awarded_innovate_uk_grant_to_develop_quant_faf3077d] Extracting actors: https://thequantuminsider.com/2024/01/15/rigetti-computing-awarded-innovate-uk-grant-to-develop-quantum-machine-learning-techniques-for-financial-data-streams (1/1), chunk 27/38
[12:55:47 +3m 12s | thequantuminsider_2024_01_15_rigetti_computing_awarded_innovate_uk_grant_to_develop_quant_faf3077d] Repaired malformed JSON.
[12:55:47 +3m 12s | thequantuminsider_2024_01_15_rigetti_computing_awarded_innovate_uk_grant_to_develop_quant_faf3077d] Extracting actors: https://thequantuminsider.com/2024/01/15/rigetti-computing-awarded-innovate-uk-grant-to-develop-quantum-machine-learning-techniques-for-financial-data-streams (1/1), chunk 28/38
[12:55:52 +3m 18s | thequantuminsider_2024_01_15_rigetti_computing_awarded_innovate_uk_grant_to_develop_quant_faf3077d] Extracting actors: https://thequantuminsider.com/2024/01/15/rigetti-computing-awarded-innovate-uk-grant-to-develop-quantum-machine-learning-techniques-for-financial-data-streams (1/1), chunk 29/38
[12:56:00 +3m 25s | thequantuminsider_2024_01_15_rigetti_computing_awarded_innovate_uk_grant_to_develop_quant_faf3077d] Repaired malformed JSON.
[12:56:00 +3m 25s | thequantuminsider_2024_01_15_rigetti_computing_awarded_innovate_uk_grant_to_develop_quant_faf3077d] Extracting actors: https://thequantuminsider.com/2024/01/15/rigetti-computing-awarded-innovate-uk-grant-to-develop-quantum-machine-learning-techniques-for-financial-data-streams (1/1), chunk 30/38
[12:56:07 +3m 32s | thequantuminsider_2024_01_15_rigetti_computing_awarded_innovate_uk_grant_to_develop_quant_faf3077d] Repaired malformed JSON.
[12:56:07 +3m 32s | thequantuminsider_2024_01_15_rigetti_computing_awarded_innovate_uk_grant_to_develop_quant_faf3077d] Extracting actors: https://thequantuminsider.com/2024/01/15/rigetti-computing-awarded-innovate-uk-grant-to-develop-quantum-machine-learning-techniques-for-financial-data-streams (1/1), chunk 31/38
[12:56:15 +3m 41s | thequantuminsider_2024_01_15_rigetti_computing_awarded_innovate_uk_grant_to_develop_quant_faf3077d] Repaired malformed JSON.
[12:56:15 +3m 41s | thequantuminsider_2024_01_15_rigetti_computing_awarded_innovate_uk_grant_to_develop_quant_faf3077d] Extracting actors: https://thequantuminsider.com/2024/01/15/rigetti-computing-awarded-innovate-uk-grant-to-develop-quantum-machine-learning-techniques-for-financial-data-streams (1/1), chunk 32/38
[12:56:22 +3m 47s | thequantuminsider_2024_01_15_rigetti_computing_awarded_innovate_uk_grant_to_develop_quant_faf3077d] Repaired malformed JSON.
[12:56:22 +3m 47s | thequantuminsider_2024_01_15_rigetti_computing_awarded_innovate_uk_grant_to_develop_quant_faf3077d] Extracting actors: https://thequantuminsider.com/2024/01/15/rigetti-computing-awarded-innovate-uk-grant-to-develop-quantum-machine-learning-techniques-for-financial-data-streams (1/1), chunk 33/38
[12:56:30 +3m 56s | thequantuminsider_2024_01_15_rigetti_computing_awarded_innovate_uk_grant_to_develop_quant_faf3077d] Repaired malformed JSON.
[12:56:30 +3m 56s | thequantuminsider_2024_01_15_rigetti_computing_awarded_innovate_uk_grant_to_develop_quant_faf3077d] Extracting actors: https://thequantuminsider.com/2024/01/15/rigetti-computing-awarded-innovate-uk-grant-to-develop-quantum-machine-learning-techniques-for-financial-data-streams (1/1), chunk 34/38
[12:56:37 +4m 2s | thequantuminsider_2024_01_15_rigetti_computing_awarded_innovate_uk_grant_to_develop_quant_faf3077d] Repaired malformed JSON.
[12:56:37 +4m 2s | thequantuminsider_2024_01_15_rigetti_computing_awarded_innovate_uk_grant_to_develop_quant_faf3077d] Extracting actors: https://thequantuminsider.com/2024/01/15/rigetti-computing-awarded-innovate-uk-grant-to-develop-quantum-machine-learning-techniques-for-financial-data-streams (1/1), chunk 35/38
[12:56:44 +4m 10s | thequantuminsider_2024_01_15_rigetti_computing_awarded_innovate_uk_grant_to_develop_quant_faf3077d] Repaired malformed JSON.
[12:56:44 +4m 10s | thequantuminsider_2024_01_15_rigetti_computing_awarded_innovate_uk_grant_to_develop_quant_faf3077d] Extracting actors: https://thequantuminsider.com/2024/01/15/rigetti-computing-awarded-innovate-uk-grant-to-develop-quantum-machine-learning-techniques-for-financial-data-streams (1/1), chunk 36/38
[12:56:46 +4m 11s | thequantuminsider_2024_01_15_rigetti_computing_awarded_innovate_uk_grant_to_develop_quant_faf3077d] Extracting actors: https://thequantuminsider.com/2024/01/15/rigetti-computing-awarded-innovate-uk-grant-to-develop-quantum-machine-learning-techniques-for-financial-data-streams (1/1), chunk 37/38
[12:56:52 +4m 18s | thequantuminsider_2024_01_15_rigetti_computing_awarded_innovate_uk_grant_to_develop_quant_faf3077d] Repaired malformed JSON.
[12:56:52 +4m 18s | thequantuminsider_2024_01_15_rigetti_computing_awarded_innovate_uk_grant_to_develop_quant_faf3077d] Extracting actors: https://thequantuminsider.com/2024/01/15/rigetti-computing-awarded-innovate-uk-grant-to-develop-quantum-machine-learning-techniques-for-financial-data-streams (1/1), chunk 38/38
[12:56:58 +4m 24s | thequantuminsider_2024_01_15_rigetti_computing_awarded_innovate_uk_grant_to_develop_quant_faf3077d] Repaired malformed JSON.
[12:56:58 +4m 24s | thequantuminsider_2024_01_15_rigetti_computing_awarded_innovate_uk_grant_to_develop_quant_faf3077d] Saved 1_actor_results.json with 71 extracted records

[12:56:58 +4m 24s | thequantuminsider_2024_01_15_rigetti_computing_awarded_innovate_uk_grant_to_develop_quant_faf3077d] === 2 clean actors ===
[12:56:59 +4m 24s | thequantuminsider_2024_01_15_rigetti_computing_awarded_innovate_uk_grant_to_develop_quant_faf3077d] Loaded 71 extracted records
[12:56:59 +4m 24s | thequantuminsider_2024_01_15_rigetti_computing_awarded_innovate_uk_grant_to_develop_quant_faf3077d] Saved 2_actor_nodes.json with 17 canonical actor nodes

[12:56:59 +4m 24s | thequantuminsider_2024_01_15_rigetti_computing_awarded_innovate_uk_grant_to_develop_quant_faf3077d] === 3 interaction extraction ===
[12:57:00 +4m 25s | thequantuminsider_2024_01_15_rigetti_computing_awarded_innovate_uk_grant_to_develop_quant_faf3077d] Extracting interactions: https://thequantuminsider.com/2024/01/15/rigetti-computing-awarded-innovate-uk-grant-to-develop-quantum-machine-learning-techniques-for-financial-data-streams (1/1), chunk 7/38
[12:57:04 +4m 29s | thequantuminsider_2024_01_15_rigetti_computing_awarded_innovate_uk_grant_to_develop_quant_faf3077d] Extracting interactions: https://thequantuminsider.com/2024/01/15/rigetti-computing-awarded-innovate-uk-grant-to-develop-quantum-machine-learning-techniques-for-financial-data-streams (1/1), chunk 11/38
[12:57:09 +4m 35s | thequantuminsider_2024_01_15_rigetti_computing_awarded_innovate_uk_grant_to_develop_quant_faf3077d] Extracting interactions: https://thequantuminsider.com/2024/01/15/rigetti-computing-awarded-innovate-uk-grant-to-develop-quantum-machine-learning-techniques-for-financial-data-streams (1/1), chunk 12/38
[12:57:26 +4m 51s | thequantuminsider_2024_01_15_rigetti_computing_awarded_innovate_uk_grant_to_develop_quant_faf3077d] Extracting interactions: https://thequantuminsider.com/2024/01/15/rigetti-computing-awarded-innovate-uk-grant-to-develop-quantum-machine-learning-techniques-for-financial-data-streams (1/1), chunk 13/38
[12:57:45 +5m 11s | thequantuminsider_2024_01_15_rigetti_computing_awarded_innovate_uk_grant_to_develop_quant_faf3077d] Extracting interactions: https://thequantuminsider.com/2024/01/15/rigetti-computing-awarded-innovate-uk-grant-to-develop-quantum-machine-learning-techniques-for-financial-data-streams (1/1), chunk 14/38
[12:58:05 +5m 30s | thequantuminsider_2024_01_15_rigetti_computing_awarded_innovate_uk_grant_to_develop_quant_faf3077d] Extracting interactions: https://thequantuminsider.com/2024/01/15/rigetti-computing-awarded-innovate-uk-grant-to-develop-quantum-machine-learning-techniques-for-financial-data-streams (1/1), chunk 15/38
[12:58:30 +5m 55s | thequantuminsider_2024_01_15_rigetti_computing_awarded_innovate_uk_grant_to_develop_quant_faf3077d] Extracting interactions: https://thequantuminsider.com/2024/01/15/rigetti-computing-awarded-innovate-uk-grant-to-develop-quantum-machine-learning-techniques-for-financial-data-streams (1/1), chunk 16/38
[12:58:52 +6m 17s | thequantuminsider_2024_01_15_rigetti_computing_awarded_innovate_uk_grant_to_develop_quant_faf3077d] Extracting interactions: https://thequantuminsider.com/2024/01/15/rigetti-computing-awarded-innovate-uk-grant-to-develop-quantum-machine-learning-techniques-for-financial-data-streams (1/1), chunk 17/38
[12:59:04 +6m 29s | thequantuminsider_2024_01_15_rigetti_computing_awarded_innovate_uk_grant_to_develop_quant_faf3077d] Extracting interactions: https://thequantuminsider.com/2024/01/15/rigetti-computing-awarded-innovate-uk-grant-to-develop-quantum-machine-learning-techniques-for-financial-data-streams (1/1), chunk 18/38
[12:59:11 +6m 37s | thequantuminsider_2024_01_15_rigetti_computing_awarded_innovate_uk_grant_to_develop_quant_faf3077d] Extracting interactions: https://thequantuminsider.com/2024/01/15/rigetti-computing-awarded-innovate-uk-grant-to-develop-quantum-machine-learning-techniques-for-financial-data-streams (1/1), chunk 19/38
[12:59:13 +6m 38s | thequantuminsider_2024_01_15_rigetti_computing_awarded_innovate_uk_grant_to_develop_quant_faf3077d] Extracting interactions: https://thequantuminsider.com/2024/01/15/rigetti-computing-awarded-innovate-uk-grant-to-develop-quantum-machine-learning-techniques-for-financial-data-streams (1/1), chunk 20/38
[12:59:16 +6m 42s | thequantuminsider_2024_01_15_rigetti_computing_awarded_innovate_uk_grant_to_develop_quant_faf3077d] Extracting interactions: https://thequantuminsider.com/2024/01/15/rigetti-computing-awarded-innovate-uk-grant-to-develop-quantum-machine-learning-techniques-for-financial-data-streams (1/1), chunk 21/38
[12:59:20 +6m 46s | thequantuminsider_2024_01_15_rigetti_computing_awarded_innovate_uk_grant_to_develop_quant_faf3077d] Extracting interactions: https://thequantuminsider.com/2024/01/15/rigetti-computing-awarded-innovate-uk-grant-to-develop-quantum-machine-learning-techniques-for-financial-data-streams (1/1), chunk 22/38
[12:59:27 +6m 52s | thequantuminsider_2024_01_15_rigetti_computing_awarded_innovate_uk_grant_to_develop_quant_faf3077d] Extracting interactions: https://thequantuminsider.com/2024/01/15/rigetti-computing-awarded-innovate-uk-grant-to-develop-quantum-machine-learning-techniques-for-financial-data-streams (1/1), chunk 23/38
[12:59:31 +6m 56s | thequantuminsider_2024_01_15_rigetti_computing_awarded_innovate_uk_grant_to_develop_quant_faf3077d] Extracting interactions: https://thequantuminsider.com/2024/01/15/rigetti-computing-awarded-innovate-uk-grant-to-develop-quantum-machine-learning-techniques-for-financial-data-streams (1/1), chunk 24/38
[12:59:37 +7m 3s | thequantuminsider_2024_01_15_rigetti_computing_awarded_innovate_uk_grant_to_develop_quant_faf3077d] Extracting interactions: https://thequantuminsider.com/2024/01/15/rigetti-computing-awarded-innovate-uk-grant-to-develop-quantum-machine-learning-techniques-for-financial-data-streams (1/1), chunk 27/38
[12:59:42 +7m 7s | thequantuminsider_2024_01_15_rigetti_computing_awarded_innovate_uk_grant_to_develop_quant_faf3077d] Extracting interactions: https://thequantuminsider.com/2024/01/15/rigetti-computing-awarded-innovate-uk-grant-to-develop-quantum-machine-learning-techniques-for-financial-data-streams (1/1), chunk 31/38
[12:59:44 +7m 9s | thequantuminsider_2024_01_15_rigetti_computing_awarded_innovate_uk_grant_to_develop_quant_faf3077d] Extracting interactions: https://thequantuminsider.com/2024/01/15/rigetti-computing-awarded-innovate-uk-grant-to-develop-quantum-machine-learning-techniques-for-financial-data-streams (1/1), chunk 32/38
[12:59:48 +7m 13s | thequantuminsider_2024_01_15_rigetti_computing_awarded_innovate_uk_grant_to_develop_quant_faf3077d] Extracting interactions: https://thequantuminsider.com/2024/01/15/rigetti-computing-awarded-innovate-uk-grant-to-develop-quantum-machine-learning-techniques-for-financial-data-streams (1/1), chunk 36/38
[12:59:49 +7m 14s | thequantuminsider_2024_01_15_rigetti_computing_awarded_innovate_uk_grant_to_develop_quant_faf3077d] Extracting interactions: https://thequantuminsider.com/2024/01/15/rigetti-computing-awarded-innovate-uk-grant-to-develop-quantum-machine-learning-techniques-for-financial-data-streams (1/1), chunk 37/38
[12:59:51 +7m 16s | thequantuminsider_2024_01_15_rigetti_computing_awarded_innovate_uk_grant_to_develop_quant_faf3077d] Saved 3_interaction_results.json with 31 extracted interactions.

[12:59:51 +7m 16s | thequantuminsider_2024_01_15_rigetti_computing_awarded_innovate_uk_grant_to_develop_quant_faf3077d] === 4 clean interactions ===
[12:59:51 +7m 16s | thequantuminsider_2024_01_15_rigetti_computing_awarded_innovate_uk_grant_to_develop_quant_faf3077d] Saved 4_edges.json with 12 cleaned interactions.

[12:59:51 +7m 16s | thequantuminsider_2024_01_15_rigetti_computing_awarded_innovate_uk_grant_to_develop_quant_faf3077d] === 5 helix enrichment ===
[12:59:51 +7m 16s | thequantuminsider_2024_01_15_rigetti_computing_awarded_innovate_uk_grant_to_develop_quant_faf3077d] Wrote 5_nodes.json (17 actors)
[12:59:51 +7m 16s | thequantuminsider_2024_01_15_rigetti_computing_awarded_innovate_uk_grant_to_develop_quant_faf3077d] Wrote 5_edges.json (12 interactions)
[12:59:51 +7m 16s | thequantuminsider_2024_01_15_rigetti_computing_awarded_innovate_uk_grant_to_develop_quant_faf3077d] Actor helix counts: {'Academia': 3, 'Civil Society': 2, 'Government': 1, 'Industry': 7, 'Unknown': 4}
[12:59:51 +7m 16s | thequantuminsider_2024_01_15_rigetti_computing_awarded_innovate_uk_grant_to_develop_quant_faf3077d] Functional-space counts: {'Consensus': 2, 'Innovation': 2, 'Intra-helix / Not classified': 8}

[12:59:51 +7m 16s | thequantuminsider_2024_01_15_rigetti_computing_awarded_innovate_uk_grant_to_develop_quant_faf3077d] === 6 network visualisation ===
[12:59:52 +7m 17s | thequantuminsider_2024_01_15_rigetti_computing_awarded_innovate_uk_grant_to_develop_quant_faf3077d] Wrote quantum_network.html
[12:59:52 +7m 17s | thequantuminsider_2024_01_15_rigetti_computing_awarded_innovate_uk_grant_to_develop_quant_faf3077d] Nodes: 17
[12:59:52 +7m 17s | thequantuminsider_2024_01_15_rigetti_computing_awarded_innovate_uk_grant_to_develop_quant_faf3077d] Edges: 6

[12:59:52 +7m 17s | thequantuminsider_2024_01_15_rigetti_computing_awarded_innovate_uk_grant_to_develop_quant_faf3077d] Done. Outputs written to: /home/lv/IDP/idpdeeptech/pipeline/news_outputs/thequantuminsider_2024_01_15_rigetti_computing_awarded_innovate_uk_grant_to_develop_quant_faf3077d
[12:59:52 +7m 17s | thequantuminsider_2024_01_15_rigetti_computing_awarded_innovate_uk_grant_to_develop_quant_faf3077d] Log: /home/lv/IDP/idpdeeptech/pipeline/news_outputs/thequantuminsider_2024_01_15_rigetti_computing_awarded_innovate_uk_grant_to_develop_quant_faf3077d/run.log

========================================================================
RUN FINISHED 2026-07-02 12:59:52  (OK)
Started:     2026-07-02 12:52:35
Elapsed:     7m 17s
========================================================================
