
========================================================================
RUN STARTED  2026-07-02 10:23:22
site_pipeline.py https://thequantuminsider.com/2024/02/13/researchers-make-advance-in-single-photon-sources-at-room-temperature/
========================================================================

[10:23:22 +0s | thequantuminsider_2024_02_13_researchers_make_advance_in_single_photon_sources_at_room_temperature] === 0 crawl site ===
[10:23:24 +2s | thequantuminsider_2024_02_13_researchers_make_advance_in_single_photon_sources_at_room_temperature] [INIT].... → Crawl4AI 0.8.6 
[10:23:56 +34s | thequantuminsider_2024_02_13_researchers_make_advance_in_single_photon_sources_at_room_temperature] [FETCH]... ↓ https://thequantuminsider.com/2024/02/13/researc...ce-in-single-photon-sources-at-room-temperature/  | ✓ | ⏱: 31.48s 
[10:23:56 +34s | thequantuminsider_2024_02_13_researchers_make_advance_in_single_photon_sources_at_room_temperature] [SCRAPE].. ◆ https://thequantuminsider.com/2024/02/13/researc...ce-in-single-photon-sources-at-room-temperature/  | ✓ | ⏱: 0.21s 
[10:23:56 +34s | thequantuminsider_2024_02_13_researchers_make_advance_in_single_photon_sources_at_room_temperature] [COMPLETE] ● https://thequantuminsider.com/2024/02/13/researc...ce-in-single-photon-sources-at-room-temperature/  | ✓ | ⏱: 31.73s 
[10:23:56 +34s | thequantuminsider_2024_02_13_researchers_make_advance_in_single_photon_sources_at_room_temperature] Saved: crawl_output/d949bce9d7_thequantuminsider.com_2024_02_13_researchers-make-advance-in-single-photon-sources-at-room-temperature.json

[10:23:56 +34s | thequantuminsider_2024_02_13_researchers_make_advance_in_single_photon_sources_at_room_temperature] === 1 actor extraction ===
[10:23:57 +35s | thequantuminsider_2024_02_13_researchers_make_advance_in_single_photon_sources_at_room_temperature] Reading page (1/1): https://thequantuminsider.com/2024/02/13/researchers-make-advance-in-single-photon-sources-at-room-temperature
[10:23:57 +35s | thequantuminsider_2024_02_13_researchers_make_advance_in_single_photon_sources_at_room_temperature] Extracting actors: https://thequantuminsider.com/2024/02/13/researchers-make-advance-in-single-photon-sources-at-room-temperature (1/1), chunk 1/40
[10:24:12 +50s | thequantuminsider_2024_02_13_researchers_make_advance_in_single_photon_sources_at_room_temperature] Extracting actors: https://thequantuminsider.com/2024/02/13/researchers-make-advance-in-single-photon-sources-at-room-temperature (1/1), chunk 2/40
[10:24:18 +56s | thequantuminsider_2024_02_13_researchers_make_advance_in_single_photon_sources_at_room_temperature] Extracting actors: https://thequantuminsider.com/2024/02/13/researchers-make-advance-in-single-photon-sources-at-room-temperature (1/1), chunk 3/40
[10:24:26 +1m 4s | thequantuminsider_2024_02_13_researchers_make_advance_in_single_photon_sources_at_room_temperature] Extracting actors: https://thequantuminsider.com/2024/02/13/researchers-make-advance-in-single-photon-sources-at-room-temperature (1/1), chunk 4/40
[10:24:31 +1m 9s | thequantuminsider_2024_02_13_researchers_make_advance_in_single_photon_sources_at_room_temperature] Extracting actors: https://thequantuminsider.com/2024/02/13/researchers-make-advance-in-single-photon-sources-at-room-temperature (1/1), chunk 5/40
[10:24:36 +1m 15s | thequantuminsider_2024_02_13_researchers_make_advance_in_single_photon_sources_at_room_temperature] Extracting actors: https://thequantuminsider.com/2024/02/13/researchers-make-advance-in-single-photon-sources-at-room-temperature (1/1), chunk 6/40
[10:24:43 +1m 22s | thequantuminsider_2024_02_13_researchers_make_advance_in_single_photon_sources_at_room_temperature] Extracting actors: https://thequantuminsider.com/2024/02/13/researchers-make-advance-in-single-photon-sources-at-room-temperature (1/1), chunk 7/40
[10:24:49 +1m 28s | thequantuminsider_2024_02_13_researchers_make_advance_in_single_photon_sources_at_room_temperature] Extracting actors: https://thequantuminsider.com/2024/02/13/researchers-make-advance-in-single-photon-sources-at-room-temperature (1/1), chunk 8/40
[10:24:53 +1m 32s | thequantuminsider_2024_02_13_researchers_make_advance_in_single_photon_sources_at_room_temperature] Extracting actors: https://thequantuminsider.com/2024/02/13/researchers-make-advance-in-single-photon-sources-at-room-temperature (1/1), chunk 9/40
[10:24:58 +1m 36s | thequantuminsider_2024_02_13_researchers_make_advance_in_single_photon_sources_at_room_temperature] Extracting actors: https://thequantuminsider.com/2024/02/13/researchers-make-advance-in-single-photon-sources-at-room-temperature (1/1), chunk 10/40
[10:25:04 +1m 42s | thequantuminsider_2024_02_13_researchers_make_advance_in_single_photon_sources_at_room_temperature] Extracting actors: https://thequantuminsider.com/2024/02/13/researchers-make-advance-in-single-photon-sources-at-room-temperature (1/1), chunk 11/40
[10:25:09 +1m 47s | thequantuminsider_2024_02_13_researchers_make_advance_in_single_photon_sources_at_room_temperature] Extracting actors: https://thequantuminsider.com/2024/02/13/researchers-make-advance-in-single-photon-sources-at-room-temperature (1/1), chunk 12/40
[10:25:16 +1m 54s | thequantuminsider_2024_02_13_researchers_make_advance_in_single_photon_sources_at_room_temperature] Extracting actors: https://thequantuminsider.com/2024/02/13/researchers-make-advance-in-single-photon-sources-at-room-temperature (1/1), chunk 13/40
[10:25:35 +2m 14s | thequantuminsider_2024_02_13_researchers_make_advance_in_single_photon_sources_at_room_temperature] Repaired malformed JSON.
[10:25:35 +2m 14s | thequantuminsider_2024_02_13_researchers_make_advance_in_single_photon_sources_at_room_temperature] Extracting actors: https://thequantuminsider.com/2024/02/13/researchers-make-advance-in-single-photon-sources-at-room-temperature (1/1), chunk 14/40
[10:25:42 +2m 20s | thequantuminsider_2024_02_13_researchers_make_advance_in_single_photon_sources_at_room_temperature] Repaired malformed JSON.
[10:25:42 +2m 20s | thequantuminsider_2024_02_13_researchers_make_advance_in_single_photon_sources_at_room_temperature] Extracting actors: https://thequantuminsider.com/2024/02/13/researchers-make-advance-in-single-photon-sources-at-room-temperature (1/1), chunk 15/40
[10:25:51 +2m 30s | thequantuminsider_2024_02_13_researchers_make_advance_in_single_photon_sources_at_room_temperature] Repaired malformed JSON.
[10:25:51 +2m 30s | thequantuminsider_2024_02_13_researchers_make_advance_in_single_photon_sources_at_room_temperature] Extracting actors: https://thequantuminsider.com/2024/02/13/researchers-make-advance-in-single-photon-sources-at-room-temperature (1/1), chunk 16/40
[10:25:58 +2m 36s | thequantuminsider_2024_02_13_researchers_make_advance_in_single_photon_sources_at_room_temperature] Repaired malformed JSON.
[10:25:58 +2m 36s | thequantuminsider_2024_02_13_researchers_make_advance_in_single_photon_sources_at_room_temperature] Extracting actors: https://thequantuminsider.com/2024/02/13/researchers-make-advance-in-single-photon-sources-at-room-temperature (1/1), chunk 17/40
[10:26:07 +2m 45s | thequantuminsider_2024_02_13_researchers_make_advance_in_single_photon_sources_at_room_temperature] Repaired malformed JSON.
[10:26:07 +2m 45s | thequantuminsider_2024_02_13_researchers_make_advance_in_single_photon_sources_at_room_temperature] Extracting actors: https://thequantuminsider.com/2024/02/13/researchers-make-advance-in-single-photon-sources-at-room-temperature (1/1), chunk 18/40
[10:26:14 +2m 52s | thequantuminsider_2024_02_13_researchers_make_advance_in_single_photon_sources_at_room_temperature] Repaired malformed JSON.
[10:26:14 +2m 52s | thequantuminsider_2024_02_13_researchers_make_advance_in_single_photon_sources_at_room_temperature] Extracting actors: https://thequantuminsider.com/2024/02/13/researchers-make-advance-in-single-photon-sources-at-room-temperature (1/1), chunk 19/40
[10:26:30 +3m 8s | thequantuminsider_2024_02_13_researchers_make_advance_in_single_photon_sources_at_room_temperature] Repaired malformed JSON.
[10:26:30 +3m 8s | thequantuminsider_2024_02_13_researchers_make_advance_in_single_photon_sources_at_room_temperature] Extracting actors: https://thequantuminsider.com/2024/02/13/researchers-make-advance-in-single-photon-sources-at-room-temperature (1/1), chunk 20/40
[10:26:37 +3m 16s | thequantuminsider_2024_02_13_researchers_make_advance_in_single_photon_sources_at_room_temperature] Repaired malformed JSON.
[10:26:37 +3m 16s | thequantuminsider_2024_02_13_researchers_make_advance_in_single_photon_sources_at_room_temperature] Extracting actors: https://thequantuminsider.com/2024/02/13/researchers-make-advance-in-single-photon-sources-at-room-temperature (1/1), chunk 21/40
[10:26:47 +3m 26s | thequantuminsider_2024_02_13_researchers_make_advance_in_single_photon_sources_at_room_temperature] Model call failed for https://thequantuminsider.com/2024/02/13/researchers-make-advance-in-single-photon-sources-at-room-temperature chunk 21: Cannot connect to host api.cloudflare.com:443 ssl:default [Temporary failure in name resolution]
[10:26:47 +3m 26s | thequantuminsider_2024_02_13_researchers_make_advance_in_single_photon_sources_at_room_temperature] Extracting actors: https://thequantuminsider.com/2024/02/13/researchers-make-advance-in-single-photon-sources-at-room-temperature (1/1), chunk 22/40
[10:26:58 +3m 36s | thequantuminsider_2024_02_13_researchers_make_advance_in_single_photon_sources_at_room_temperature] Model call failed for https://thequantuminsider.com/2024/02/13/researchers-make-advance-in-single-photon-sources-at-room-temperature chunk 22: Cannot connect to host api.cloudflare.com:443 ssl:default [Temporary failure in name resolution]
[10:26:58 +3m 36s | thequantuminsider_2024_02_13_researchers_make_advance_in_single_photon_sources_at_room_temperature] Extracting actors: https://thequantuminsider.com/2024/02/13/researchers-make-advance-in-single-photon-sources-at-room-temperature (1/1), chunk 23/40
[10:27:12 +3m 50s | thequantuminsider_2024_02_13_researchers_make_advance_in_single_photon_sources_at_room_temperature] Repaired malformed JSON.
[10:27:12 +3m 50s | thequantuminsider_2024_02_13_researchers_make_advance_in_single_photon_sources_at_room_temperature] Extracting actors: https://thequantuminsider.com/2024/02/13/researchers-make-advance-in-single-photon-sources-at-room-temperature (1/1), chunk 24/40
[10:27:20 +3m 58s | thequantuminsider_2024_02_13_researchers_make_advance_in_single_photon_sources_at_room_temperature] Repaired malformed JSON.
[10:27:20 +3m 58s | thequantuminsider_2024_02_13_researchers_make_advance_in_single_photon_sources_at_room_temperature] Extracting actors: https://thequantuminsider.com/2024/02/13/researchers-make-advance-in-single-photon-sources-at-room-temperature (1/1), chunk 25/40
[10:27:26 +4m 4s | thequantuminsider_2024_02_13_researchers_make_advance_in_single_photon_sources_at_room_temperature] Repaired malformed JSON.
[10:27:26 +4m 4s | thequantuminsider_2024_02_13_researchers_make_advance_in_single_photon_sources_at_room_temperature] Extracting actors: https://thequantuminsider.com/2024/02/13/researchers-make-advance-in-single-photon-sources-at-room-temperature (1/1), chunk 26/40
[10:27:30 +4m 8s | thequantuminsider_2024_02_13_researchers_make_advance_in_single_photon_sources_at_room_temperature] Extracting actors: https://thequantuminsider.com/2024/02/13/researchers-make-advance-in-single-photon-sources-at-room-temperature (1/1), chunk 27/40
[10:27:36 +4m 14s | thequantuminsider_2024_02_13_researchers_make_advance_in_single_photon_sources_at_room_temperature] Repaired malformed JSON.
[10:27:36 +4m 14s | thequantuminsider_2024_02_13_researchers_make_advance_in_single_photon_sources_at_room_temperature] Extracting actors: https://thequantuminsider.com/2024/02/13/researchers-make-advance-in-single-photon-sources-at-room-temperature (1/1), chunk 28/40
[10:27:42 +4m 20s | thequantuminsider_2024_02_13_researchers_make_advance_in_single_photon_sources_at_room_temperature] Extracting actors: https://thequantuminsider.com/2024/02/13/researchers-make-advance-in-single-photon-sources-at-room-temperature (1/1), chunk 29/40
[10:27:49 +4m 27s | thequantuminsider_2024_02_13_researchers_make_advance_in_single_photon_sources_at_room_temperature] Extracting actors: https://thequantuminsider.com/2024/02/13/researchers-make-advance-in-single-photon-sources-at-room-temperature (1/1), chunk 30/40
[10:27:57 +4m 35s | thequantuminsider_2024_02_13_researchers_make_advance_in_single_photon_sources_at_room_temperature] Repaired malformed JSON.
[10:27:57 +4m 35s | thequantuminsider_2024_02_13_researchers_make_advance_in_single_photon_sources_at_room_temperature] Extracting actors: https://thequantuminsider.com/2024/02/13/researchers-make-advance-in-single-photon-sources-at-room-temperature (1/1), chunk 31/40
[10:28:05 +4m 43s | thequantuminsider_2024_02_13_researchers_make_advance_in_single_photon_sources_at_room_temperature] Repaired malformed JSON.
[10:28:05 +4m 43s | thequantuminsider_2024_02_13_researchers_make_advance_in_single_photon_sources_at_room_temperature] Extracting actors: https://thequantuminsider.com/2024/02/13/researchers-make-advance-in-single-photon-sources-at-room-temperature (1/1), chunk 32/40
[10:28:11 +4m 49s | thequantuminsider_2024_02_13_researchers_make_advance_in_single_photon_sources_at_room_temperature] Repaired malformed JSON.
[10:28:11 +4m 49s | thequantuminsider_2024_02_13_researchers_make_advance_in_single_photon_sources_at_room_temperature] Extracting actors: https://thequantuminsider.com/2024/02/13/researchers-make-advance-in-single-photon-sources-at-room-temperature (1/1), chunk 33/40
[10:28:17 +4m 55s | thequantuminsider_2024_02_13_researchers_make_advance_in_single_photon_sources_at_room_temperature] Repaired malformed JSON.
[10:28:17 +4m 55s | thequantuminsider_2024_02_13_researchers_make_advance_in_single_photon_sources_at_room_temperature] Extracting actors: https://thequantuminsider.com/2024/02/13/researchers-make-advance-in-single-photon-sources-at-room-temperature (1/1), chunk 34/40
[10:28:24 +5m 3s | thequantuminsider_2024_02_13_researchers_make_advance_in_single_photon_sources_at_room_temperature] Repaired malformed JSON.
[10:28:24 +5m 3s | thequantuminsider_2024_02_13_researchers_make_advance_in_single_photon_sources_at_room_temperature] Extracting actors: https://thequantuminsider.com/2024/02/13/researchers-make-advance-in-single-photon-sources-at-room-temperature (1/1), chunk 35/40
[10:28:33 +5m 11s | thequantuminsider_2024_02_13_researchers_make_advance_in_single_photon_sources_at_room_temperature] Repaired malformed JSON.
[10:28:33 +5m 11s | thequantuminsider_2024_02_13_researchers_make_advance_in_single_photon_sources_at_room_temperature] Extracting actors: https://thequantuminsider.com/2024/02/13/researchers-make-advance-in-single-photon-sources-at-room-temperature (1/1), chunk 36/40
[10:28:39 +5m 17s | thequantuminsider_2024_02_13_researchers_make_advance_in_single_photon_sources_at_room_temperature] Repaired malformed JSON.
[10:28:39 +5m 17s | thequantuminsider_2024_02_13_researchers_make_advance_in_single_photon_sources_at_room_temperature] Extracting actors: https://thequantuminsider.com/2024/02/13/researchers-make-advance-in-single-photon-sources-at-room-temperature (1/1), chunk 37/40
[10:28:46 +5m 24s | thequantuminsider_2024_02_13_researchers_make_advance_in_single_photon_sources_at_room_temperature] Repaired malformed JSON.
[10:28:46 +5m 24s | thequantuminsider_2024_02_13_researchers_make_advance_in_single_photon_sources_at_room_temperature] Extracting actors: https://thequantuminsider.com/2024/02/13/researchers-make-advance-in-single-photon-sources-at-room-temperature (1/1), chunk 38/40
[10:28:50 +5m 28s | thequantuminsider_2024_02_13_researchers_make_advance_in_single_photon_sources_at_room_temperature] Extracting actors: https://thequantuminsider.com/2024/02/13/researchers-make-advance-in-single-photon-sources-at-room-temperature (1/1), chunk 39/40
[10:28:56 +5m 34s | thequantuminsider_2024_02_13_researchers_make_advance_in_single_photon_sources_at_room_temperature] Repaired malformed JSON.
[10:28:56 +5m 34s | thequantuminsider_2024_02_13_researchers_make_advance_in_single_photon_sources_at_room_temperature] Extracting actors: https://thequantuminsider.com/2024/02/13/researchers-make-advance-in-single-photon-sources-at-room-temperature (1/1), chunk 40/40
[10:29:03 +5m 41s | thequantuminsider_2024_02_13_researchers_make_advance_in_single_photon_sources_at_room_temperature] Repaired malformed JSON.
[10:29:03 +5m 41s | thequantuminsider_2024_02_13_researchers_make_advance_in_single_photon_sources_at_room_temperature] Saved 1_actor_results.json with 54 extracted records

[10:29:03 +5m 41s | thequantuminsider_2024_02_13_researchers_make_advance_in_single_photon_sources_at_room_temperature] === 2 clean actors ===
[10:29:03 +5m 41s | thequantuminsider_2024_02_13_researchers_make_advance_in_single_photon_sources_at_room_temperature] Loaded 54 extracted records
[10:29:03 +5m 41s | thequantuminsider_2024_02_13_researchers_make_advance_in_single_photon_sources_at_room_temperature] Saved 2_actor_nodes.json with 18 canonical actor nodes

[10:29:03 +5m 41s | thequantuminsider_2024_02_13_researchers_make_advance_in_single_photon_sources_at_room_temperature] === 3 interaction extraction ===
[10:29:04 +5m 42s | thequantuminsider_2024_02_13_researchers_make_advance_in_single_photon_sources_at_room_temperature] Extracting interactions: https://thequantuminsider.com/2024/02/13/researchers-make-advance-in-single-photon-sources-at-room-temperature (1/1), chunk 13/40
[10:29:14 +5m 52s | thequantuminsider_2024_02_13_researchers_make_advance_in_single_photon_sources_at_room_temperature] Extracting interactions: https://thequantuminsider.com/2024/02/13/researchers-make-advance-in-single-photon-sources-at-room-temperature (1/1), chunk 14/40
[10:29:25 +6m 4s | thequantuminsider_2024_02_13_researchers_make_advance_in_single_photon_sources_at_room_temperature] Extracting interactions: https://thequantuminsider.com/2024/02/13/researchers-make-advance-in-single-photon-sources-at-room-temperature (1/1), chunk 15/40
[10:34:26 +11m 4s | thequantuminsider_2024_02_13_researchers_make_advance_in_single_photon_sources_at_room_temperature] Model call failed on https://thequantuminsider.com/2024/02/13/researchers-make-advance-in-single-photon-sources-at-room-temperature, chunk 15: 
[10:34:26 +11m 4s | thequantuminsider_2024_02_13_researchers_make_advance_in_single_photon_sources_at_room_temperature] Extracting interactions: https://thequantuminsider.com/2024/02/13/researchers-make-advance-in-single-photon-sources-at-room-temperature (1/1), chunk 16/40
[10:34:36 +11m 14s | thequantuminsider_2024_02_13_researchers_make_advance_in_single_photon_sources_at_room_temperature] Extracting interactions: https://thequantuminsider.com/2024/02/13/researchers-make-advance-in-single-photon-sources-at-room-temperature (1/1), chunk 17/40
[10:34:40 +11m 18s | thequantuminsider_2024_02_13_researchers_make_advance_in_single_photon_sources_at_room_temperature] Extracting interactions: https://thequantuminsider.com/2024/02/13/researchers-make-advance-in-single-photon-sources-at-room-temperature (1/1), chunk 18/40
[10:34:49 +11m 27s | thequantuminsider_2024_02_13_researchers_make_advance_in_single_photon_sources_at_room_temperature] Extracting interactions: https://thequantuminsider.com/2024/02/13/researchers-make-advance-in-single-photon-sources-at-room-temperature (1/1), chunk 19/40
[10:34:54 +11m 32s | thequantuminsider_2024_02_13_researchers_make_advance_in_single_photon_sources_at_room_temperature] Extracting interactions: https://thequantuminsider.com/2024/02/13/researchers-make-advance-in-single-photon-sources-at-room-temperature (1/1), chunk 20/40
[10:34:56 +11m 34s | thequantuminsider_2024_02_13_researchers_make_advance_in_single_photon_sources_at_room_temperature] Extracting interactions: https://thequantuminsider.com/2024/02/13/researchers-make-advance-in-single-photon-sources-at-room-temperature (1/1), chunk 21/40
[10:34:59 +11m 38s | thequantuminsider_2024_02_13_researchers_make_advance_in_single_photon_sources_at_room_temperature] Extracting interactions: https://thequantuminsider.com/2024/02/13/researchers-make-advance-in-single-photon-sources-at-room-temperature (1/1), chunk 22/40
[10:35:08 +11m 46s | thequantuminsider_2024_02_13_researchers_make_advance_in_single_photon_sources_at_room_temperature] Extracting interactions: https://thequantuminsider.com/2024/02/13/researchers-make-advance-in-single-photon-sources-at-room-temperature (1/1), chunk 23/40
[10:35:13 +11m 51s | thequantuminsider_2024_02_13_researchers_make_advance_in_single_photon_sources_at_room_temperature] Extracting interactions: https://thequantuminsider.com/2024/02/13/researchers-make-advance-in-single-photon-sources-at-room-temperature (1/1), chunk 24/40
[10:35:19 +11m 57s | thequantuminsider_2024_02_13_researchers_make_advance_in_single_photon_sources_at_room_temperature] Extracting interactions: https://thequantuminsider.com/2024/02/13/researchers-make-advance-in-single-photon-sources-at-room-temperature (1/1), chunk 27/40
[10:35:22 +12m 0s | thequantuminsider_2024_02_13_researchers_make_advance_in_single_photon_sources_at_room_temperature] Extracting interactions: https://thequantuminsider.com/2024/02/13/researchers-make-advance-in-single-photon-sources-at-room-temperature (1/1), chunk 28/40
[10:35:24 +12m 2s | thequantuminsider_2024_02_13_researchers_make_advance_in_single_photon_sources_at_room_temperature] Extracting interactions: https://thequantuminsider.com/2024/02/13/researchers-make-advance-in-single-photon-sources-at-room-temperature (1/1), chunk 29/40
[10:35:26 +12m 4s | thequantuminsider_2024_02_13_researchers_make_advance_in_single_photon_sources_at_room_temperature] Extracting interactions: https://thequantuminsider.com/2024/02/13/researchers-make-advance-in-single-photon-sources-at-room-temperature (1/1), chunk 31/40
[10:35:28 +12m 6s | thequantuminsider_2024_02_13_researchers_make_advance_in_single_photon_sources_at_room_temperature] Extracting interactions: https://thequantuminsider.com/2024/02/13/researchers-make-advance-in-single-photon-sources-at-room-temperature (1/1), chunk 32/40
[10:35:29 +12m 7s | thequantuminsider_2024_02_13_researchers_make_advance_in_single_photon_sources_at_room_temperature] Extracting interactions: https://thequantuminsider.com/2024/02/13/researchers-make-advance-in-single-photon-sources-at-room-temperature (1/1), chunk 33/40
[10:35:31 +12m 9s | thequantuminsider_2024_02_13_researchers_make_advance_in_single_photon_sources_at_room_temperature] Extracting interactions: https://thequantuminsider.com/2024/02/13/researchers-make-advance-in-single-photon-sources-at-room-temperature (1/1), chunk 34/40
[10:35:33 +12m 11s | thequantuminsider_2024_02_13_researchers_make_advance_in_single_photon_sources_at_room_temperature] Extracting interactions: https://thequantuminsider.com/2024/02/13/researchers-make-advance-in-single-photon-sources-at-room-temperature (1/1), chunk 36/40
[10:35:34 +12m 12s | thequantuminsider_2024_02_13_researchers_make_advance_in_single_photon_sources_at_room_temperature] Extracting interactions: https://thequantuminsider.com/2024/02/13/researchers-make-advance-in-single-photon-sources-at-room-temperature (1/1), chunk 37/40
[10:35:36 +12m 14s | thequantuminsider_2024_02_13_researchers_make_advance_in_single_photon_sources_at_room_temperature] Saved 3_interaction_results.json with 16 extracted interactions.

[10:35:36 +12m 14s | thequantuminsider_2024_02_13_researchers_make_advance_in_single_photon_sources_at_room_temperature] === 4 clean interactions ===
[10:35:36 +12m 14s | thequantuminsider_2024_02_13_researchers_make_advance_in_single_photon_sources_at_room_temperature] Saved 4_edges.json with 5 cleaned interactions.

[10:35:36 +12m 14s | thequantuminsider_2024_02_13_researchers_make_advance_in_single_photon_sources_at_room_temperature] === 5 helix enrichment ===
[10:35:36 +12m 14s | thequantuminsider_2024_02_13_researchers_make_advance_in_single_photon_sources_at_room_temperature] Wrote 5_nodes.json (18 actors)
[10:35:36 +12m 14s | thequantuminsider_2024_02_13_researchers_make_advance_in_single_photon_sources_at_room_temperature] Wrote 5_edges.json (5 interactions)
[10:35:36 +12m 14s | thequantuminsider_2024_02_13_researchers_make_advance_in_single_photon_sources_at_room_temperature] Actor helix counts: {'Academia': 4, 'Civil Society': 3, 'Industry': 3, 'Unknown': 8}
[10:35:36 +12m 14s | thequantuminsider_2024_02_13_researchers_make_advance_in_single_photon_sources_at_room_temperature] Functional-space counts: {'Intra-helix / Not classified': 1, 'Unknown': 4}

[10:35:36 +12m 14s | thequantuminsider_2024_02_13_researchers_make_advance_in_single_photon_sources_at_room_temperature] === 6 network visualisation ===
[10:35:37 +12m 15s | thequantuminsider_2024_02_13_researchers_make_advance_in_single_photon_sources_at_room_temperature] Wrote quantum_network.html
[10:35:37 +12m 15s | thequantuminsider_2024_02_13_researchers_make_advance_in_single_photon_sources_at_room_temperature] Nodes: 18
[10:35:37 +12m 15s | thequantuminsider_2024_02_13_researchers_make_advance_in_single_photon_sources_at_room_temperature] Edges: 3

[10:35:37 +12m 15s | thequantuminsider_2024_02_13_researchers_make_advance_in_single_photon_sources_at_room_temperature] Done. Outputs written to: /home/lv/IDP/idpdeeptech/pipeline/news_outputs/thequantuminsider_2024_02_13_researchers_make_advance_in_single_photon_sources_at_room_temperature
[10:35:37 +12m 15s | thequantuminsider_2024_02_13_researchers_make_advance_in_single_photon_sources_at_room_temperature] Log: /home/lv/IDP/idpdeeptech/pipeline/news_outputs/thequantuminsider_2024_02_13_researchers_make_advance_in_single_photon_sources_at_room_temperature/run.log

========================================================================
RUN FINISHED 2026-07-02 10:35:37  (OK)
Started:     2026-07-02 10:23:22
Elapsed:     12m 15s
========================================================================
