
========================================================================
RUN STARTED  2026-07-02 09:26:33
site_pipeline.py https://thequantuminsider.com/2024/02/28/q-ctrl-teams-up-with-wolfram-qblox-and-others-to-deliver-a-complete-quantum-computing-toolset/
========================================================================

[09:26:33 +0s | thequantuminsider_2024_02_28_q_ctrl_teams_up_with_wolfram_qblox_and_others_to_deliver_a_c_6012fc4d] === 0 crawl site ===
[09:26:36 +2s | thequantuminsider_2024_02_28_q_ctrl_teams_up_with_wolfram_qblox_and_others_to_deliver_a_c_6012fc4d] [INIT].... → Crawl4AI 0.8.6 
[09:26:39 +6s | thequantuminsider_2024_02_28_q_ctrl_teams_up_with_wolfram_qblox_and_others_to_deliver_a_c_6012fc4d] [FETCH]... ↓ https://thequantuminsider.com/2024/02/28/q-ctrl-...to-deliver-a-complete-quantum-computing-toolset/  | ✓ | ⏱: 3.14s 
[09:26:39 +6s | thequantuminsider_2024_02_28_q_ctrl_teams_up_with_wolfram_qblox_and_others_to_deliver_a_c_6012fc4d] [SCRAPE].. ◆ https://thequantuminsider.com/2024/02/28/q-ctrl-...to-deliver-a-complete-quantum-computing-toolset/  | ✓ | ⏱: 0.24s 
[09:26:39 +6s | thequantuminsider_2024_02_28_q_ctrl_teams_up_with_wolfram_qblox_and_others_to_deliver_a_c_6012fc4d] [COMPLETE] ● https://thequantuminsider.com/2024/02/28/q-ctrl-...to-deliver-a-complete-quantum-computing-toolset/  | ✓ | ⏱: 3.42s 
[09:26:39 +6s | thequantuminsider_2024_02_28_q_ctrl_teams_up_with_wolfram_qblox_and_others_to_deliver_a_c_6012fc4d] Saved: crawl_output/5ecbd262ce_thequantuminsider.com_2024_02_28_q-ctrl-teams-up-with-wolfram-qblox-and-others-to-deliver-a-complete-quantum-computing-toolset.json

[09:26:40 +6s | thequantuminsider_2024_02_28_q_ctrl_teams_up_with_wolfram_qblox_and_others_to_deliver_a_c_6012fc4d] === 1 actor extraction ===
[09:26:40 +7s | thequantuminsider_2024_02_28_q_ctrl_teams_up_with_wolfram_qblox_and_others_to_deliver_a_c_6012fc4d] Reading page (1/1): https://thequantuminsider.com/2024/02/28/q-ctrl-teams-up-with-wolfram-qblox-and-others-to-deliver-a-complete-quantum-computing-toolset
[09:26:40 +7s | thequantuminsider_2024_02_28_q_ctrl_teams_up_with_wolfram_qblox_and_others_to_deliver_a_c_6012fc4d] Extracting actors: https://thequantuminsider.com/2024/02/28/q-ctrl-teams-up-with-wolfram-qblox-and-others-to-deliver-a-complete-quantum-computing-toolset (1/1), chunk 1/40
[09:26:47 +13s | thequantuminsider_2024_02_28_q_ctrl_teams_up_with_wolfram_qblox_and_others_to_deliver_a_c_6012fc4d] Repaired malformed JSON.
[09:26:47 +13s | thequantuminsider_2024_02_28_q_ctrl_teams_up_with_wolfram_qblox_and_others_to_deliver_a_c_6012fc4d] Extracting actors: https://thequantuminsider.com/2024/02/28/q-ctrl-teams-up-with-wolfram-qblox-and-others-to-deliver-a-complete-quantum-computing-toolset (1/1), chunk 2/40
[09:26:53 +20s | thequantuminsider_2024_02_28_q_ctrl_teams_up_with_wolfram_qblox_and_others_to_deliver_a_c_6012fc4d] Repaired malformed JSON.
[09:26:53 +20s | thequantuminsider_2024_02_28_q_ctrl_teams_up_with_wolfram_qblox_and_others_to_deliver_a_c_6012fc4d] Extracting actors: https://thequantuminsider.com/2024/02/28/q-ctrl-teams-up-with-wolfram-qblox-and-others-to-deliver-a-complete-quantum-computing-toolset (1/1), chunk 3/40
[09:26:58 +25s | thequantuminsider_2024_02_28_q_ctrl_teams_up_with_wolfram_qblox_and_others_to_deliver_a_c_6012fc4d] Extracting actors: https://thequantuminsider.com/2024/02/28/q-ctrl-teams-up-with-wolfram-qblox-and-others-to-deliver-a-complete-quantum-computing-toolset (1/1), chunk 4/40
[09:27:06 +33s | thequantuminsider_2024_02_28_q_ctrl_teams_up_with_wolfram_qblox_and_others_to_deliver_a_c_6012fc4d] Repaired malformed JSON.
[09:27:06 +33s | thequantuminsider_2024_02_28_q_ctrl_teams_up_with_wolfram_qblox_and_others_to_deliver_a_c_6012fc4d] Extracting actors: https://thequantuminsider.com/2024/02/28/q-ctrl-teams-up-with-wolfram-qblox-and-others-to-deliver-a-complete-quantum-computing-toolset (1/1), chunk 5/40
[09:27:16 +43s | thequantuminsider_2024_02_28_q_ctrl_teams_up_with_wolfram_qblox_and_others_to_deliver_a_c_6012fc4d] Repaired malformed JSON.
[09:27:16 +43s | thequantuminsider_2024_02_28_q_ctrl_teams_up_with_wolfram_qblox_and_others_to_deliver_a_c_6012fc4d] Extracting actors: https://thequantuminsider.com/2024/02/28/q-ctrl-teams-up-with-wolfram-qblox-and-others-to-deliver-a-complete-quantum-computing-toolset (1/1), chunk 6/40
[09:27:23 +49s | thequantuminsider_2024_02_28_q_ctrl_teams_up_with_wolfram_qblox_and_others_to_deliver_a_c_6012fc4d] Repaired malformed JSON.
[09:27:23 +49s | thequantuminsider_2024_02_28_q_ctrl_teams_up_with_wolfram_qblox_and_others_to_deliver_a_c_6012fc4d] Extracting actors: https://thequantuminsider.com/2024/02/28/q-ctrl-teams-up-with-wolfram-qblox-and-others-to-deliver-a-complete-quantum-computing-toolset (1/1), chunk 7/40
[09:27:31 +58s | thequantuminsider_2024_02_28_q_ctrl_teams_up_with_wolfram_qblox_and_others_to_deliver_a_c_6012fc4d] Repaired malformed JSON.
[09:27:31 +58s | thequantuminsider_2024_02_28_q_ctrl_teams_up_with_wolfram_qblox_and_others_to_deliver_a_c_6012fc4d] Extracting actors: https://thequantuminsider.com/2024/02/28/q-ctrl-teams-up-with-wolfram-qblox-and-others-to-deliver-a-complete-quantum-computing-toolset (1/1), chunk 8/40
[09:27:36 +1m 3s | thequantuminsider_2024_02_28_q_ctrl_teams_up_with_wolfram_qblox_and_others_to_deliver_a_c_6012fc4d] Repaired malformed JSON.
[09:27:36 +1m 3s | thequantuminsider_2024_02_28_q_ctrl_teams_up_with_wolfram_qblox_and_others_to_deliver_a_c_6012fc4d] Extracting actors: https://thequantuminsider.com/2024/02/28/q-ctrl-teams-up-with-wolfram-qblox-and-others-to-deliver-a-complete-quantum-computing-toolset (1/1), chunk 9/40
[09:27:47 +1m 13s | thequantuminsider_2024_02_28_q_ctrl_teams_up_with_wolfram_qblox_and_others_to_deliver_a_c_6012fc4d] Extracting actors: https://thequantuminsider.com/2024/02/28/q-ctrl-teams-up-with-wolfram-qblox-and-others-to-deliver-a-complete-quantum-computing-toolset (1/1), chunk 10/40
[09:27:51 +1m 18s | thequantuminsider_2024_02_28_q_ctrl_teams_up_with_wolfram_qblox_and_others_to_deliver_a_c_6012fc4d] Extracting actors: https://thequantuminsider.com/2024/02/28/q-ctrl-teams-up-with-wolfram-qblox-and-others-to-deliver-a-complete-quantum-computing-toolset (1/1), chunk 11/40
[09:27:58 +1m 24s | thequantuminsider_2024_02_28_q_ctrl_teams_up_with_wolfram_qblox_and_others_to_deliver_a_c_6012fc4d] Repaired malformed JSON.
[09:27:58 +1m 24s | thequantuminsider_2024_02_28_q_ctrl_teams_up_with_wolfram_qblox_and_others_to_deliver_a_c_6012fc4d] Extracting actors: https://thequantuminsider.com/2024/02/28/q-ctrl-teams-up-with-wolfram-qblox-and-others-to-deliver-a-complete-quantum-computing-toolset (1/1), chunk 12/40
[09:28:05 +1m 31s | thequantuminsider_2024_02_28_q_ctrl_teams_up_with_wolfram_qblox_and_others_to_deliver_a_c_6012fc4d] Repaired malformed JSON.
[09:28:05 +1m 31s | thequantuminsider_2024_02_28_q_ctrl_teams_up_with_wolfram_qblox_and_others_to_deliver_a_c_6012fc4d] Extracting actors: https://thequantuminsider.com/2024/02/28/q-ctrl-teams-up-with-wolfram-qblox-and-others-to-deliver-a-complete-quantum-computing-toolset (1/1), chunk 13/40
[09:28:13 +1m 39s | thequantuminsider_2024_02_28_q_ctrl_teams_up_with_wolfram_qblox_and_others_to_deliver_a_c_6012fc4d] Repaired malformed JSON.
[09:28:13 +1m 39s | thequantuminsider_2024_02_28_q_ctrl_teams_up_with_wolfram_qblox_and_others_to_deliver_a_c_6012fc4d] Extracting actors: https://thequantuminsider.com/2024/02/28/q-ctrl-teams-up-with-wolfram-qblox-and-others-to-deliver-a-complete-quantum-computing-toolset (1/1), chunk 14/40
[09:28:20 +1m 47s | thequantuminsider_2024_02_28_q_ctrl_teams_up_with_wolfram_qblox_and_others_to_deliver_a_c_6012fc4d] Repaired malformed JSON.
[09:28:20 +1m 47s | thequantuminsider_2024_02_28_q_ctrl_teams_up_with_wolfram_qblox_and_others_to_deliver_a_c_6012fc4d] Extracting actors: https://thequantuminsider.com/2024/02/28/q-ctrl-teams-up-with-wolfram-qblox-and-others-to-deliver-a-complete-quantum-computing-toolset (1/1), chunk 15/40
[09:28:26 +1m 52s | thequantuminsider_2024_02_28_q_ctrl_teams_up_with_wolfram_qblox_and_others_to_deliver_a_c_6012fc4d] Repaired malformed JSON.
[09:28:26 +1m 52s | thequantuminsider_2024_02_28_q_ctrl_teams_up_with_wolfram_qblox_and_others_to_deliver_a_c_6012fc4d] Extracting actors: https://thequantuminsider.com/2024/02/28/q-ctrl-teams-up-with-wolfram-qblox-and-others-to-deliver-a-complete-quantum-computing-toolset (1/1), chunk 16/40
[09:28:34 +2m 0s | thequantuminsider_2024_02_28_q_ctrl_teams_up_with_wolfram_qblox_and_others_to_deliver_a_c_6012fc4d] Repaired malformed JSON.
[09:28:34 +2m 0s | thequantuminsider_2024_02_28_q_ctrl_teams_up_with_wolfram_qblox_and_others_to_deliver_a_c_6012fc4d] Extracting actors: https://thequantuminsider.com/2024/02/28/q-ctrl-teams-up-with-wolfram-qblox-and-others-to-deliver-a-complete-quantum-computing-toolset (1/1), chunk 17/40
[09:28:42 +2m 8s | thequantuminsider_2024_02_28_q_ctrl_teams_up_with_wolfram_qblox_and_others_to_deliver_a_c_6012fc4d] Repaired malformed JSON.
[09:28:42 +2m 8s | thequantuminsider_2024_02_28_q_ctrl_teams_up_with_wolfram_qblox_and_others_to_deliver_a_c_6012fc4d] Extracting actors: https://thequantuminsider.com/2024/02/28/q-ctrl-teams-up-with-wolfram-qblox-and-others-to-deliver-a-complete-quantum-computing-toolset (1/1), chunk 18/40
[09:28:50 +2m 17s | thequantuminsider_2024_02_28_q_ctrl_teams_up_with_wolfram_qblox_and_others_to_deliver_a_c_6012fc4d] Repaired malformed JSON.
[09:28:50 +2m 17s | thequantuminsider_2024_02_28_q_ctrl_teams_up_with_wolfram_qblox_and_others_to_deliver_a_c_6012fc4d] Extracting actors: https://thequantuminsider.com/2024/02/28/q-ctrl-teams-up-with-wolfram-qblox-and-others-to-deliver-a-complete-quantum-computing-toolset (1/1), chunk 19/40
[09:29:01 +2m 28s | thequantuminsider_2024_02_28_q_ctrl_teams_up_with_wolfram_qblox_and_others_to_deliver_a_c_6012fc4d] Repaired malformed JSON.
[09:29:01 +2m 28s | thequantuminsider_2024_02_28_q_ctrl_teams_up_with_wolfram_qblox_and_others_to_deliver_a_c_6012fc4d] Extracting actors: https://thequantuminsider.com/2024/02/28/q-ctrl-teams-up-with-wolfram-qblox-and-others-to-deliver-a-complete-quantum-computing-toolset (1/1), chunk 20/40
[09:29:06 +2m 33s | thequantuminsider_2024_02_28_q_ctrl_teams_up_with_wolfram_qblox_and_others_to_deliver_a_c_6012fc4d] Repaired malformed JSON.
[09:29:06 +2m 33s | thequantuminsider_2024_02_28_q_ctrl_teams_up_with_wolfram_qblox_and_others_to_deliver_a_c_6012fc4d] Extracting actors: https://thequantuminsider.com/2024/02/28/q-ctrl-teams-up-with-wolfram-qblox-and-others-to-deliver-a-complete-quantum-computing-toolset (1/1), chunk 21/40
[09:29:19 +2m 46s | thequantuminsider_2024_02_28_q_ctrl_teams_up_with_wolfram_qblox_and_others_to_deliver_a_c_6012fc4d] Repaired malformed JSON.
[09:29:19 +2m 46s | thequantuminsider_2024_02_28_q_ctrl_teams_up_with_wolfram_qblox_and_others_to_deliver_a_c_6012fc4d] Extracting actors: https://thequantuminsider.com/2024/02/28/q-ctrl-teams-up-with-wolfram-qblox-and-others-to-deliver-a-complete-quantum-computing-toolset (1/1), chunk 22/40
[09:29:27 +2m 53s | thequantuminsider_2024_02_28_q_ctrl_teams_up_with_wolfram_qblox_and_others_to_deliver_a_c_6012fc4d] Repaired malformed JSON.
[09:29:27 +2m 53s | thequantuminsider_2024_02_28_q_ctrl_teams_up_with_wolfram_qblox_and_others_to_deliver_a_c_6012fc4d] Extracting actors: https://thequantuminsider.com/2024/02/28/q-ctrl-teams-up-with-wolfram-qblox-and-others-to-deliver-a-complete-quantum-computing-toolset (1/1), chunk 23/40
[09:29:33 +3m 0s | thequantuminsider_2024_02_28_q_ctrl_teams_up_with_wolfram_qblox_and_others_to_deliver_a_c_6012fc4d] Repaired malformed JSON.
[09:29:33 +3m 0s | thequantuminsider_2024_02_28_q_ctrl_teams_up_with_wolfram_qblox_and_others_to_deliver_a_c_6012fc4d] Extracting actors: https://thequantuminsider.com/2024/02/28/q-ctrl-teams-up-with-wolfram-qblox-and-others-to-deliver-a-complete-quantum-computing-toolset (1/1), chunk 24/40
[09:29:41 +3m 7s | thequantuminsider_2024_02_28_q_ctrl_teams_up_with_wolfram_qblox_and_others_to_deliver_a_c_6012fc4d] Repaired malformed JSON.
[09:29:41 +3m 7s | thequantuminsider_2024_02_28_q_ctrl_teams_up_with_wolfram_qblox_and_others_to_deliver_a_c_6012fc4d] Extracting actors: https://thequantuminsider.com/2024/02/28/q-ctrl-teams-up-with-wolfram-qblox-and-others-to-deliver-a-complete-quantum-computing-toolset (1/1), chunk 25/40
[09:29:48 +3m 14s | thequantuminsider_2024_02_28_q_ctrl_teams_up_with_wolfram_qblox_and_others_to_deliver_a_c_6012fc4d] Repaired malformed JSON.
[09:29:48 +3m 14s | thequantuminsider_2024_02_28_q_ctrl_teams_up_with_wolfram_qblox_and_others_to_deliver_a_c_6012fc4d] Extracting actors: https://thequantuminsider.com/2024/02/28/q-ctrl-teams-up-with-wolfram-qblox-and-others-to-deliver-a-complete-quantum-computing-toolset (1/1), chunk 26/40
[09:29:55 +3m 22s | thequantuminsider_2024_02_28_q_ctrl_teams_up_with_wolfram_qblox_and_others_to_deliver_a_c_6012fc4d] Repaired malformed JSON.
[09:29:55 +3m 22s | thequantuminsider_2024_02_28_q_ctrl_teams_up_with_wolfram_qblox_and_others_to_deliver_a_c_6012fc4d] Extracting actors: https://thequantuminsider.com/2024/02/28/q-ctrl-teams-up-with-wolfram-qblox-and-others-to-deliver-a-complete-quantum-computing-toolset (1/1), chunk 27/40
[09:30:02 +3m 28s | thequantuminsider_2024_02_28_q_ctrl_teams_up_with_wolfram_qblox_and_others_to_deliver_a_c_6012fc4d] Repaired malformed JSON.
[09:30:02 +3m 28s | thequantuminsider_2024_02_28_q_ctrl_teams_up_with_wolfram_qblox_and_others_to_deliver_a_c_6012fc4d] Extracting actors: https://thequantuminsider.com/2024/02/28/q-ctrl-teams-up-with-wolfram-qblox-and-others-to-deliver-a-complete-quantum-computing-toolset (1/1), chunk 28/40
[09:30:07 +3m 34s | thequantuminsider_2024_02_28_q_ctrl_teams_up_with_wolfram_qblox_and_others_to_deliver_a_c_6012fc4d] Extracting actors: https://thequantuminsider.com/2024/02/28/q-ctrl-teams-up-with-wolfram-qblox-and-others-to-deliver-a-complete-quantum-computing-toolset (1/1), chunk 29/40
[09:30:14 +3m 40s | thequantuminsider_2024_02_28_q_ctrl_teams_up_with_wolfram_qblox_and_others_to_deliver_a_c_6012fc4d] Repaired malformed JSON.
[09:30:14 +3m 40s | thequantuminsider_2024_02_28_q_ctrl_teams_up_with_wolfram_qblox_and_others_to_deliver_a_c_6012fc4d] Extracting actors: https://thequantuminsider.com/2024/02/28/q-ctrl-teams-up-with-wolfram-qblox-and-others-to-deliver-a-complete-quantum-computing-toolset (1/1), chunk 30/40
[09:30:20 +3m 46s | thequantuminsider_2024_02_28_q_ctrl_teams_up_with_wolfram_qblox_and_others_to_deliver_a_c_6012fc4d] Extracting actors: https://thequantuminsider.com/2024/02/28/q-ctrl-teams-up-with-wolfram-qblox-and-others-to-deliver-a-complete-quantum-computing-toolset (1/1), chunk 31/40
[09:30:25 +3m 52s | thequantuminsider_2024_02_28_q_ctrl_teams_up_with_wolfram_qblox_and_others_to_deliver_a_c_6012fc4d] Extracting actors: https://thequantuminsider.com/2024/02/28/q-ctrl-teams-up-with-wolfram-qblox-and-others-to-deliver-a-complete-quantum-computing-toolset (1/1), chunk 32/40
[09:30:27 +3m 53s | thequantuminsider_2024_02_28_q_ctrl_teams_up_with_wolfram_qblox_and_others_to_deliver_a_c_6012fc4d] Extracting actors: https://thequantuminsider.com/2024/02/28/q-ctrl-teams-up-with-wolfram-qblox-and-others-to-deliver-a-complete-quantum-computing-toolset (1/1), chunk 33/40
[09:30:33 +4m 0s | thequantuminsider_2024_02_28_q_ctrl_teams_up_with_wolfram_qblox_and_others_to_deliver_a_c_6012fc4d] Repaired malformed JSON.
[09:30:33 +4m 0s | thequantuminsider_2024_02_28_q_ctrl_teams_up_with_wolfram_qblox_and_others_to_deliver_a_c_6012fc4d] Extracting actors: https://thequantuminsider.com/2024/02/28/q-ctrl-teams-up-with-wolfram-qblox-and-others-to-deliver-a-complete-quantum-computing-toolset (1/1), chunk 34/40
[09:30:41 +4m 7s | thequantuminsider_2024_02_28_q_ctrl_teams_up_with_wolfram_qblox_and_others_to_deliver_a_c_6012fc4d] Repaired malformed JSON.
[09:30:41 +4m 7s | thequantuminsider_2024_02_28_q_ctrl_teams_up_with_wolfram_qblox_and_others_to_deliver_a_c_6012fc4d] Extracting actors: https://thequantuminsider.com/2024/02/28/q-ctrl-teams-up-with-wolfram-qblox-and-others-to-deliver-a-complete-quantum-computing-toolset (1/1), chunk 35/40
[09:30:47 +4m 13s | thequantuminsider_2024_02_28_q_ctrl_teams_up_with_wolfram_qblox_and_others_to_deliver_a_c_6012fc4d] Repaired malformed JSON.
[09:30:47 +4m 13s | thequantuminsider_2024_02_28_q_ctrl_teams_up_with_wolfram_qblox_and_others_to_deliver_a_c_6012fc4d] Extracting actors: https://thequantuminsider.com/2024/02/28/q-ctrl-teams-up-with-wolfram-qblox-and-others-to-deliver-a-complete-quantum-computing-toolset (1/1), chunk 36/40
[09:30:52 +4m 19s | thequantuminsider_2024_02_28_q_ctrl_teams_up_with_wolfram_qblox_and_others_to_deliver_a_c_6012fc4d] Repaired malformed JSON.
[09:30:52 +4m 19s | thequantuminsider_2024_02_28_q_ctrl_teams_up_with_wolfram_qblox_and_others_to_deliver_a_c_6012fc4d] Extracting actors: https://thequantuminsider.com/2024/02/28/q-ctrl-teams-up-with-wolfram-qblox-and-others-to-deliver-a-complete-quantum-computing-toolset (1/1), chunk 37/40
[09:30:59 +4m 26s | thequantuminsider_2024_02_28_q_ctrl_teams_up_with_wolfram_qblox_and_others_to_deliver_a_c_6012fc4d] Repaired malformed JSON.
[09:30:59 +4m 26s | thequantuminsider_2024_02_28_q_ctrl_teams_up_with_wolfram_qblox_and_others_to_deliver_a_c_6012fc4d] Extracting actors: https://thequantuminsider.com/2024/02/28/q-ctrl-teams-up-with-wolfram-qblox-and-others-to-deliver-a-complete-quantum-computing-toolset (1/1), chunk 38/40
[09:31:07 +4m 34s | thequantuminsider_2024_02_28_q_ctrl_teams_up_with_wolfram_qblox_and_others_to_deliver_a_c_6012fc4d] Repaired malformed JSON.
[09:31:07 +4m 34s | thequantuminsider_2024_02_28_q_ctrl_teams_up_with_wolfram_qblox_and_others_to_deliver_a_c_6012fc4d] Extracting actors: https://thequantuminsider.com/2024/02/28/q-ctrl-teams-up-with-wolfram-qblox-and-others-to-deliver-a-complete-quantum-computing-toolset (1/1), chunk 39/40
[09:31:16 +4m 42s | thequantuminsider_2024_02_28_q_ctrl_teams_up_with_wolfram_qblox_and_others_to_deliver_a_c_6012fc4d] Repaired malformed JSON.
[09:31:16 +4m 42s | thequantuminsider_2024_02_28_q_ctrl_teams_up_with_wolfram_qblox_and_others_to_deliver_a_c_6012fc4d] Extracting actors: https://thequantuminsider.com/2024/02/28/q-ctrl-teams-up-with-wolfram-qblox-and-others-to-deliver-a-complete-quantum-computing-toolset (1/1), chunk 40/40
[09:31:22 +4m 48s | thequantuminsider_2024_02_28_q_ctrl_teams_up_with_wolfram_qblox_and_others_to_deliver_a_c_6012fc4d] Repaired malformed JSON.
[09:31:22 +4m 48s | thequantuminsider_2024_02_28_q_ctrl_teams_up_with_wolfram_qblox_and_others_to_deliver_a_c_6012fc4d] Saved 1_actor_results.json with 69 extracted records

[09:31:22 +4m 48s | thequantuminsider_2024_02_28_q_ctrl_teams_up_with_wolfram_qblox_and_others_to_deliver_a_c_6012fc4d] === 2 clean actors ===
[09:31:22 +4m 48s | thequantuminsider_2024_02_28_q_ctrl_teams_up_with_wolfram_qblox_and_others_to_deliver_a_c_6012fc4d] Loaded 69 extracted records
[09:31:22 +4m 48s | thequantuminsider_2024_02_28_q_ctrl_teams_up_with_wolfram_qblox_and_others_to_deliver_a_c_6012fc4d] Saved 2_actor_nodes.json with 17 canonical actor nodes

[09:31:22 +4m 48s | thequantuminsider_2024_02_28_q_ctrl_teams_up_with_wolfram_qblox_and_others_to_deliver_a_c_6012fc4d] === 3 interaction extraction ===
[09:31:22 +4m 49s | thequantuminsider_2024_02_28_q_ctrl_teams_up_with_wolfram_qblox_and_others_to_deliver_a_c_6012fc4d] Extracting interactions: https://thequantuminsider.com/2024/02/28/q-ctrl-teams-up-with-wolfram-qblox-and-others-to-deliver-a-complete-quantum-computing-toolset (1/1), chunk 11/40
[09:31:34 +5m 0s | thequantuminsider_2024_02_28_q_ctrl_teams_up_with_wolfram_qblox_and_others_to_deliver_a_c_6012fc4d] Extracting interactions: https://thequantuminsider.com/2024/02/28/q-ctrl-teams-up-with-wolfram-qblox-and-others-to-deliver-a-complete-quantum-computing-toolset (1/1), chunk 12/40
[09:31:42 +5m 8s | thequantuminsider_2024_02_28_q_ctrl_teams_up_with_wolfram_qblox_and_others_to_deliver_a_c_6012fc4d] Extracting interactions: https://thequantuminsider.com/2024/02/28/q-ctrl-teams-up-with-wolfram-qblox-and-others-to-deliver-a-complete-quantum-computing-toolset (1/1), chunk 13/40
[09:32:03 +5m 29s | thequantuminsider_2024_02_28_q_ctrl_teams_up_with_wolfram_qblox_and_others_to_deliver_a_c_6012fc4d] Extracting interactions: https://thequantuminsider.com/2024/02/28/q-ctrl-teams-up-with-wolfram-qblox-and-others-to-deliver-a-complete-quantum-computing-toolset (1/1), chunk 14/40
[09:32:12 +5m 39s | thequantuminsider_2024_02_28_q_ctrl_teams_up_with_wolfram_qblox_and_others_to_deliver_a_c_6012fc4d] Extracting interactions: https://thequantuminsider.com/2024/02/28/q-ctrl-teams-up-with-wolfram-qblox-and-others-to-deliver-a-complete-quantum-computing-toolset (1/1), chunk 15/40
[09:32:29 +5m 55s | thequantuminsider_2024_02_28_q_ctrl_teams_up_with_wolfram_qblox_and_others_to_deliver_a_c_6012fc4d] Extracting interactions: https://thequantuminsider.com/2024/02/28/q-ctrl-teams-up-with-wolfram-qblox-and-others-to-deliver-a-complete-quantum-computing-toolset (1/1), chunk 16/40
[09:32:38 +6m 4s | thequantuminsider_2024_02_28_q_ctrl_teams_up_with_wolfram_qblox_and_others_to_deliver_a_c_6012fc4d] Extracting interactions: https://thequantuminsider.com/2024/02/28/q-ctrl-teams-up-with-wolfram-qblox-and-others-to-deliver-a-complete-quantum-computing-toolset (1/1), chunk 17/40
[09:32:44 +6m 11s | thequantuminsider_2024_02_28_q_ctrl_teams_up_with_wolfram_qblox_and_others_to_deliver_a_c_6012fc4d] Extracting interactions: https://thequantuminsider.com/2024/02/28/q-ctrl-teams-up-with-wolfram-qblox-and-others-to-deliver-a-complete-quantum-computing-toolset (1/1), chunk 18/40
[09:32:55 +6m 21s | thequantuminsider_2024_02_28_q_ctrl_teams_up_with_wolfram_qblox_and_others_to_deliver_a_c_6012fc4d] Extracting interactions: https://thequantuminsider.com/2024/02/28/q-ctrl-teams-up-with-wolfram-qblox-and-others-to-deliver-a-complete-quantum-computing-toolset (1/1), chunk 19/40
[09:33:02 +6m 28s | thequantuminsider_2024_02_28_q_ctrl_teams_up_with_wolfram_qblox_and_others_to_deliver_a_c_6012fc4d] Extracting interactions: https://thequantuminsider.com/2024/02/28/q-ctrl-teams-up-with-wolfram-qblox-and-others-to-deliver-a-complete-quantum-computing-toolset (1/1), chunk 20/40
[09:33:07 +6m 33s | thequantuminsider_2024_02_28_q_ctrl_teams_up_with_wolfram_qblox_and_others_to_deliver_a_c_6012fc4d] Extracting interactions: https://thequantuminsider.com/2024/02/28/q-ctrl-teams-up-with-wolfram-qblox-and-others-to-deliver-a-complete-quantum-computing-toolset (1/1), chunk 21/40
[09:33:16 +6m 42s | thequantuminsider_2024_02_28_q_ctrl_teams_up_with_wolfram_qblox_and_others_to_deliver_a_c_6012fc4d] Extracting interactions: https://thequantuminsider.com/2024/02/28/q-ctrl-teams-up-with-wolfram-qblox-and-others-to-deliver-a-complete-quantum-computing-toolset (1/1), chunk 22/40
[09:33:27 +6m 53s | thequantuminsider_2024_02_28_q_ctrl_teams_up_with_wolfram_qblox_and_others_to_deliver_a_c_6012fc4d] Extracting interactions: https://thequantuminsider.com/2024/02/28/q-ctrl-teams-up-with-wolfram-qblox-and-others-to-deliver-a-complete-quantum-computing-toolset (1/1), chunk 23/40
[09:33:35 +7m 1s | thequantuminsider_2024_02_28_q_ctrl_teams_up_with_wolfram_qblox_and_others_to_deliver_a_c_6012fc4d] Extracting interactions: https://thequantuminsider.com/2024/02/28/q-ctrl-teams-up-with-wolfram-qblox-and-others-to-deliver-a-complete-quantum-computing-toolset (1/1), chunk 24/40
[09:33:45 +7m 11s | thequantuminsider_2024_02_28_q_ctrl_teams_up_with_wolfram_qblox_and_others_to_deliver_a_c_6012fc4d] Extracting interactions: https://thequantuminsider.com/2024/02/28/q-ctrl-teams-up-with-wolfram-qblox-and-others-to-deliver-a-complete-quantum-computing-toolset (1/1), chunk 25/40
[09:33:49 +7m 15s | thequantuminsider_2024_02_28_q_ctrl_teams_up_with_wolfram_qblox_and_others_to_deliver_a_c_6012fc4d] Extracting interactions: https://thequantuminsider.com/2024/02/28/q-ctrl-teams-up-with-wolfram-qblox-and-others-to-deliver-a-complete-quantum-computing-toolset (1/1), chunk 28/40
[09:33:55 +7m 21s | thequantuminsider_2024_02_28_q_ctrl_teams_up_with_wolfram_qblox_and_others_to_deliver_a_c_6012fc4d] Extracting interactions: https://thequantuminsider.com/2024/02/28/q-ctrl-teams-up-with-wolfram-qblox-and-others-to-deliver-a-complete-quantum-computing-toolset (1/1), chunk 29/40
[09:33:56 +7m 23s | thequantuminsider_2024_02_28_q_ctrl_teams_up_with_wolfram_qblox_and_others_to_deliver_a_c_6012fc4d] Extracting interactions: https://thequantuminsider.com/2024/02/28/q-ctrl-teams-up-with-wolfram-qblox-and-others-to-deliver-a-complete-quantum-computing-toolset (1/1), chunk 30/40
[09:33:58 +7m 25s | thequantuminsider_2024_02_28_q_ctrl_teams_up_with_wolfram_qblox_and_others_to_deliver_a_c_6012fc4d] Extracting interactions: https://thequantuminsider.com/2024/02/28/q-ctrl-teams-up-with-wolfram-qblox-and-others-to-deliver-a-complete-quantum-computing-toolset (1/1), chunk 33/40
[09:34:00 +7m 26s | thequantuminsider_2024_02_28_q_ctrl_teams_up_with_wolfram_qblox_and_others_to_deliver_a_c_6012fc4d] Extracting interactions: https://thequantuminsider.com/2024/02/28/q-ctrl-teams-up-with-wolfram-qblox-and-others-to-deliver-a-complete-quantum-computing-toolset (1/1), chunk 34/40
[09:34:01 +7m 28s | thequantuminsider_2024_02_28_q_ctrl_teams_up_with_wolfram_qblox_and_others_to_deliver_a_c_6012fc4d] Extracting interactions: https://thequantuminsider.com/2024/02/28/q-ctrl-teams-up-with-wolfram-qblox-and-others-to-deliver-a-complete-quantum-computing-toolset (1/1), chunk 35/40
[09:34:03 +7m 29s | thequantuminsider_2024_02_28_q_ctrl_teams_up_with_wolfram_qblox_and_others_to_deliver_a_c_6012fc4d] Extracting interactions: https://thequantuminsider.com/2024/02/28/q-ctrl-teams-up-with-wolfram-qblox-and-others-to-deliver-a-complete-quantum-computing-toolset (1/1), chunk 36/40
[09:34:04 +7m 31s | thequantuminsider_2024_02_28_q_ctrl_teams_up_with_wolfram_qblox_and_others_to_deliver_a_c_6012fc4d] Extracting interactions: https://thequantuminsider.com/2024/02/28/q-ctrl-teams-up-with-wolfram-qblox-and-others-to-deliver-a-complete-quantum-computing-toolset (1/1), chunk 38/40
[09:34:11 +7m 38s | thequantuminsider_2024_02_28_q_ctrl_teams_up_with_wolfram_qblox_and_others_to_deliver_a_c_6012fc4d] Extracting interactions: https://thequantuminsider.com/2024/02/28/q-ctrl-teams-up-with-wolfram-qblox-and-others-to-deliver-a-complete-quantum-computing-toolset (1/1), chunk 39/40
[09:34:13 +7m 39s | thequantuminsider_2024_02_28_q_ctrl_teams_up_with_wolfram_qblox_and_others_to_deliver_a_c_6012fc4d] Extracting interactions: https://thequantuminsider.com/2024/02/28/q-ctrl-teams-up-with-wolfram-qblox-and-others-to-deliver-a-complete-quantum-computing-toolset (1/1), chunk 40/40
[09:34:14 +7m 41s | thequantuminsider_2024_02_28_q_ctrl_teams_up_with_wolfram_qblox_and_others_to_deliver_a_c_6012fc4d] Saved 3_interaction_results.json with 39 extracted interactions.

[09:34:14 +7m 41s | thequantuminsider_2024_02_28_q_ctrl_teams_up_with_wolfram_qblox_and_others_to_deliver_a_c_6012fc4d] === 4 clean interactions ===
[09:34:15 +7m 41s | thequantuminsider_2024_02_28_q_ctrl_teams_up_with_wolfram_qblox_and_others_to_deliver_a_c_6012fc4d] Saved 4_edges.json with 11 cleaned interactions.

[09:34:15 +7m 41s | thequantuminsider_2024_02_28_q_ctrl_teams_up_with_wolfram_qblox_and_others_to_deliver_a_c_6012fc4d] === 5 helix enrichment ===
[09:34:15 +7m 41s | thequantuminsider_2024_02_28_q_ctrl_teams_up_with_wolfram_qblox_and_others_to_deliver_a_c_6012fc4d] Wrote 5_nodes.json (17 actors)
[09:34:15 +7m 41s | thequantuminsider_2024_02_28_q_ctrl_teams_up_with_wolfram_qblox_and_others_to_deliver_a_c_6012fc4d] Wrote 5_edges.json (11 interactions)
[09:34:15 +7m 41s | thequantuminsider_2024_02_28_q_ctrl_teams_up_with_wolfram_qblox_and_others_to_deliver_a_c_6012fc4d] Actor helix counts: {'Academia': 2, 'Civil Society': 4, 'Government': 2, 'Industry': 4, 'Unknown': 5}
[09:34:15 +7m 41s | thequantuminsider_2024_02_28_q_ctrl_teams_up_with_wolfram_qblox_and_others_to_deliver_a_c_6012fc4d] Functional-space counts: {'Intra-helix / Not classified': 11}

[09:34:15 +7m 41s | thequantuminsider_2024_02_28_q_ctrl_teams_up_with_wolfram_qblox_and_others_to_deliver_a_c_6012fc4d] === 6 network visualisation ===
[09:34:15 +7m 42s | thequantuminsider_2024_02_28_q_ctrl_teams_up_with_wolfram_qblox_and_others_to_deliver_a_c_6012fc4d] Wrote quantum_network.html
[09:34:15 +7m 42s | thequantuminsider_2024_02_28_q_ctrl_teams_up_with_wolfram_qblox_and_others_to_deliver_a_c_6012fc4d] Nodes: 17
[09:34:15 +7m 42s | thequantuminsider_2024_02_28_q_ctrl_teams_up_with_wolfram_qblox_and_others_to_deliver_a_c_6012fc4d] Edges: 3

[09:34:15 +7m 42s | thequantuminsider_2024_02_28_q_ctrl_teams_up_with_wolfram_qblox_and_others_to_deliver_a_c_6012fc4d] Done. Outputs written to: /home/lv/IDP/idpdeeptech/pipeline/news_outputs/thequantuminsider_2024_02_28_q_ctrl_teams_up_with_wolfram_qblox_and_others_to_deliver_a_c_6012fc4d
[09:34:15 +7m 42s | thequantuminsider_2024_02_28_q_ctrl_teams_up_with_wolfram_qblox_and_others_to_deliver_a_c_6012fc4d] Log: /home/lv/IDP/idpdeeptech/pipeline/news_outputs/thequantuminsider_2024_02_28_q_ctrl_teams_up_with_wolfram_qblox_and_others_to_deliver_a_c_6012fc4d/run.log

========================================================================
RUN FINISHED 2026-07-02 09:34:15  (OK)
Started:     2026-07-02 09:26:33
Elapsed:     7m 42s
========================================================================
