
========================================================================
RUN STARTED  2026-07-02 08:05:56
site_pipeline.py https://thequantuminsider.com/2024/03/11/rolls-royce-riverlane-and-xanadu-partner-to-win-canada-uk-quantum-computing-bid/
========================================================================

[08:05:56 +0s | thequantuminsider_2024_03_11_rolls_royce_riverlane_and_xanadu_partner_to_win_canada_uk_qu_0c985ab7] === 0 crawl site ===
[08:05:57 +1s | thequantuminsider_2024_03_11_rolls_royce_riverlane_and_xanadu_partner_to_win_canada_uk_qu_0c985ab7] [INIT].... → Crawl4AI 0.8.6 
[08:06:00 +4s | thequantuminsider_2024_03_11_rolls_royce_riverlane_and_xanadu_partner_to_win_canada_uk_qu_0c985ab7] [FETCH]... ↓ https://thequantuminsider.com/2024/03/11/rolls-r...-partner-to-win-canada-uk-quantum-computing-bid/  | ✓ | ⏱: 2.34s 
[08:06:00 +4s | thequantuminsider_2024_03_11_rolls_royce_riverlane_and_xanadu_partner_to_win_canada_uk_qu_0c985ab7] [SCRAPE].. ◆ https://thequantuminsider.com/2024/03/11/rolls-r...-partner-to-win-canada-uk-quantum-computing-bid/  | ✓ | ⏱: 0.10s 
[08:06:00 +4s | thequantuminsider_2024_03_11_rolls_royce_riverlane_and_xanadu_partner_to_win_canada_uk_qu_0c985ab7] [COMPLETE] ● https://thequantuminsider.com/2024/03/11/rolls-r...-partner-to-win-canada-uk-quantum-computing-bid/  | ✓ | ⏱: 2.47s 
[08:06:00 +4s | thequantuminsider_2024_03_11_rolls_royce_riverlane_and_xanadu_partner_to_win_canada_uk_qu_0c985ab7] Saved: crawl_output/c1516f7f66_thequantuminsider.com_2024_03_11_rolls-royce-riverlane-and-xanadu-partner-to-win-canada-uk-quantum-computing-bid.json

[08:06:00 +4s | thequantuminsider_2024_03_11_rolls_royce_riverlane_and_xanadu_partner_to_win_canada_uk_qu_0c985ab7] === 1 actor extraction ===
[08:06:00 +4s | thequantuminsider_2024_03_11_rolls_royce_riverlane_and_xanadu_partner_to_win_canada_uk_qu_0c985ab7] Reading page (1/1): https://thequantuminsider.com/2024/03/11/rolls-royce-riverlane-and-xanadu-partner-to-win-canada-uk-quantum-computing-bid
[08:06:00 +4s | thequantuminsider_2024_03_11_rolls_royce_riverlane_and_xanadu_partner_to_win_canada_uk_qu_0c985ab7] Extracting actors: https://thequantuminsider.com/2024/03/11/rolls-royce-riverlane-and-xanadu-partner-to-win-canada-uk-quantum-computing-bid (1/1), chunk 1/38
[08:06:07 +11s | thequantuminsider_2024_03_11_rolls_royce_riverlane_and_xanadu_partner_to_win_canada_uk_qu_0c985ab7] Repaired malformed JSON.
[08:06:07 +11s | thequantuminsider_2024_03_11_rolls_royce_riverlane_and_xanadu_partner_to_win_canada_uk_qu_0c985ab7] Extracting actors: https://thequantuminsider.com/2024/03/11/rolls-royce-riverlane-and-xanadu-partner-to-win-canada-uk-quantum-computing-bid (1/1), chunk 2/38
[08:06:13 +17s | thequantuminsider_2024_03_11_rolls_royce_riverlane_and_xanadu_partner_to_win_canada_uk_qu_0c985ab7] Repaired malformed JSON.
[08:06:13 +17s | thequantuminsider_2024_03_11_rolls_royce_riverlane_and_xanadu_partner_to_win_canada_uk_qu_0c985ab7] Extracting actors: https://thequantuminsider.com/2024/03/11/rolls-royce-riverlane-and-xanadu-partner-to-win-canada-uk-quantum-computing-bid (1/1), chunk 3/38
[08:06:23 +27s | thequantuminsider_2024_03_11_rolls_royce_riverlane_and_xanadu_partner_to_win_canada_uk_qu_0c985ab7] Repaired malformed JSON.
[08:06:23 +27s | thequantuminsider_2024_03_11_rolls_royce_riverlane_and_xanadu_partner_to_win_canada_uk_qu_0c985ab7] Extracting actors: https://thequantuminsider.com/2024/03/11/rolls-royce-riverlane-and-xanadu-partner-to-win-canada-uk-quantum-computing-bid (1/1), chunk 4/38
[08:06:29 +33s | thequantuminsider_2024_03_11_rolls_royce_riverlane_and_xanadu_partner_to_win_canada_uk_qu_0c985ab7] Repaired malformed JSON.
[08:06:29 +33s | thequantuminsider_2024_03_11_rolls_royce_riverlane_and_xanadu_partner_to_win_canada_uk_qu_0c985ab7] Extracting actors: https://thequantuminsider.com/2024/03/11/rolls-royce-riverlane-and-xanadu-partner-to-win-canada-uk-quantum-computing-bid (1/1), chunk 5/38
[08:06:37 +41s | thequantuminsider_2024_03_11_rolls_royce_riverlane_and_xanadu_partner_to_win_canada_uk_qu_0c985ab7] Repaired malformed JSON.
[08:06:37 +41s | thequantuminsider_2024_03_11_rolls_royce_riverlane_and_xanadu_partner_to_win_canada_uk_qu_0c985ab7] Extracting actors: https://thequantuminsider.com/2024/03/11/rolls-royce-riverlane-and-xanadu-partner-to-win-canada-uk-quantum-computing-bid (1/1), chunk 6/38
[08:06:44 +48s | thequantuminsider_2024_03_11_rolls_royce_riverlane_and_xanadu_partner_to_win_canada_uk_qu_0c985ab7] Repaired malformed JSON.
[08:06:44 +48s | thequantuminsider_2024_03_11_rolls_royce_riverlane_and_xanadu_partner_to_win_canada_uk_qu_0c985ab7] Extracting actors: https://thequantuminsider.com/2024/03/11/rolls-royce-riverlane-and-xanadu-partner-to-win-canada-uk-quantum-computing-bid (1/1), chunk 7/38
[08:06:51 +55s | thequantuminsider_2024_03_11_rolls_royce_riverlane_and_xanadu_partner_to_win_canada_uk_qu_0c985ab7] Repaired malformed JSON.
[08:06:51 +55s | thequantuminsider_2024_03_11_rolls_royce_riverlane_and_xanadu_partner_to_win_canada_uk_qu_0c985ab7] Extracting actors: https://thequantuminsider.com/2024/03/11/rolls-royce-riverlane-and-xanadu-partner-to-win-canada-uk-quantum-computing-bid (1/1), chunk 8/38
[08:06:57 +1m 1s | thequantuminsider_2024_03_11_rolls_royce_riverlane_and_xanadu_partner_to_win_canada_uk_qu_0c985ab7] Repaired malformed JSON.
[08:06:57 +1m 1s | thequantuminsider_2024_03_11_rolls_royce_riverlane_and_xanadu_partner_to_win_canada_uk_qu_0c985ab7] Extracting actors: https://thequantuminsider.com/2024/03/11/rolls-royce-riverlane-and-xanadu-partner-to-win-canada-uk-quantum-computing-bid (1/1), chunk 9/38
[08:07:03 +1m 7s | thequantuminsider_2024_03_11_rolls_royce_riverlane_and_xanadu_partner_to_win_canada_uk_qu_0c985ab7] Repaired malformed JSON.
[08:07:03 +1m 7s | thequantuminsider_2024_03_11_rolls_royce_riverlane_and_xanadu_partner_to_win_canada_uk_qu_0c985ab7] Extracting actors: https://thequantuminsider.com/2024/03/11/rolls-royce-riverlane-and-xanadu-partner-to-win-canada-uk-quantum-computing-bid (1/1), chunk 10/38
[08:07:10 +1m 14s | thequantuminsider_2024_03_11_rolls_royce_riverlane_and_xanadu_partner_to_win_canada_uk_qu_0c985ab7] Repaired malformed JSON.
[08:07:10 +1m 14s | thequantuminsider_2024_03_11_rolls_royce_riverlane_and_xanadu_partner_to_win_canada_uk_qu_0c985ab7] Extracting actors: https://thequantuminsider.com/2024/03/11/rolls-royce-riverlane-and-xanadu-partner-to-win-canada-uk-quantum-computing-bid (1/1), chunk 11/38
[08:07:17 +1m 21s | thequantuminsider_2024_03_11_rolls_royce_riverlane_and_xanadu_partner_to_win_canada_uk_qu_0c985ab7] Repaired malformed JSON.
[08:07:17 +1m 21s | thequantuminsider_2024_03_11_rolls_royce_riverlane_and_xanadu_partner_to_win_canada_uk_qu_0c985ab7] Extracting actors: https://thequantuminsider.com/2024/03/11/rolls-royce-riverlane-and-xanadu-partner-to-win-canada-uk-quantum-computing-bid (1/1), chunk 12/38
[08:07:22 +1m 26s | thequantuminsider_2024_03_11_rolls_royce_riverlane_and_xanadu_partner_to_win_canada_uk_qu_0c985ab7] Repaired malformed JSON.
[08:07:22 +1m 26s | thequantuminsider_2024_03_11_rolls_royce_riverlane_and_xanadu_partner_to_win_canada_uk_qu_0c985ab7] Extracting actors: https://thequantuminsider.com/2024/03/11/rolls-royce-riverlane-and-xanadu-partner-to-win-canada-uk-quantum-computing-bid (1/1), chunk 13/38
[08:07:30 +1m 34s | thequantuminsider_2024_03_11_rolls_royce_riverlane_and_xanadu_partner_to_win_canada_uk_qu_0c985ab7] Repaired malformed JSON.
[08:07:30 +1m 34s | thequantuminsider_2024_03_11_rolls_royce_riverlane_and_xanadu_partner_to_win_canada_uk_qu_0c985ab7] Extracting actors: https://thequantuminsider.com/2024/03/11/rolls-royce-riverlane-and-xanadu-partner-to-win-canada-uk-quantum-computing-bid (1/1), chunk 14/38
[08:07:38 +1m 42s | thequantuminsider_2024_03_11_rolls_royce_riverlane_and_xanadu_partner_to_win_canada_uk_qu_0c985ab7] Repaired malformed JSON.
[08:07:38 +1m 42s | thequantuminsider_2024_03_11_rolls_royce_riverlane_and_xanadu_partner_to_win_canada_uk_qu_0c985ab7] Extracting actors: https://thequantuminsider.com/2024/03/11/rolls-royce-riverlane-and-xanadu-partner-to-win-canada-uk-quantum-computing-bid (1/1), chunk 15/38
[08:07:46 +1m 50s | thequantuminsider_2024_03_11_rolls_royce_riverlane_and_xanadu_partner_to_win_canada_uk_qu_0c985ab7] Repaired malformed JSON.
[08:07:46 +1m 50s | thequantuminsider_2024_03_11_rolls_royce_riverlane_and_xanadu_partner_to_win_canada_uk_qu_0c985ab7] Extracting actors: https://thequantuminsider.com/2024/03/11/rolls-royce-riverlane-and-xanadu-partner-to-win-canada-uk-quantum-computing-bid (1/1), chunk 16/38
[08:07:55 +1m 59s | thequantuminsider_2024_03_11_rolls_royce_riverlane_and_xanadu_partner_to_win_canada_uk_qu_0c985ab7] Repaired malformed JSON.
[08:07:55 +1m 59s | thequantuminsider_2024_03_11_rolls_royce_riverlane_and_xanadu_partner_to_win_canada_uk_qu_0c985ab7] Extracting actors: https://thequantuminsider.com/2024/03/11/rolls-royce-riverlane-and-xanadu-partner-to-win-canada-uk-quantum-computing-bid (1/1), chunk 17/38
[08:08:03 +2m 7s | thequantuminsider_2024_03_11_rolls_royce_riverlane_and_xanadu_partner_to_win_canada_uk_qu_0c985ab7] Repaired malformed JSON.
[08:08:03 +2m 7s | thequantuminsider_2024_03_11_rolls_royce_riverlane_and_xanadu_partner_to_win_canada_uk_qu_0c985ab7] Extracting actors: https://thequantuminsider.com/2024/03/11/rolls-royce-riverlane-and-xanadu-partner-to-win-canada-uk-quantum-computing-bid (1/1), chunk 18/38
[08:08:27 +2m 31s | thequantuminsider_2024_03_11_rolls_royce_riverlane_and_xanadu_partner_to_win_canada_uk_qu_0c985ab7] Repaired malformed JSON.
[08:08:27 +2m 31s | thequantuminsider_2024_03_11_rolls_royce_riverlane_and_xanadu_partner_to_win_canada_uk_qu_0c985ab7] Extracting actors: https://thequantuminsider.com/2024/03/11/rolls-royce-riverlane-and-xanadu-partner-to-win-canada-uk-quantum-computing-bid (1/1), chunk 19/38
[08:08:34 +2m 38s | thequantuminsider_2024_03_11_rolls_royce_riverlane_and_xanadu_partner_to_win_canada_uk_qu_0c985ab7] Repaired malformed JSON.
[08:08:34 +2m 38s | thequantuminsider_2024_03_11_rolls_royce_riverlane_and_xanadu_partner_to_win_canada_uk_qu_0c985ab7] Extracting actors: https://thequantuminsider.com/2024/03/11/rolls-royce-riverlane-and-xanadu-partner-to-win-canada-uk-quantum-computing-bid (1/1), chunk 20/38
[08:08:40 +2m 44s | thequantuminsider_2024_03_11_rolls_royce_riverlane_and_xanadu_partner_to_win_canada_uk_qu_0c985ab7] Repaired malformed JSON.
[08:08:40 +2m 44s | thequantuminsider_2024_03_11_rolls_royce_riverlane_and_xanadu_partner_to_win_canada_uk_qu_0c985ab7] Extracting actors: https://thequantuminsider.com/2024/03/11/rolls-royce-riverlane-and-xanadu-partner-to-win-canada-uk-quantum-computing-bid (1/1), chunk 21/38
[08:08:46 +2m 50s | thequantuminsider_2024_03_11_rolls_royce_riverlane_and_xanadu_partner_to_win_canada_uk_qu_0c985ab7] Repaired malformed JSON.
[08:08:46 +2m 50s | thequantuminsider_2024_03_11_rolls_royce_riverlane_and_xanadu_partner_to_win_canada_uk_qu_0c985ab7] Extracting actors: https://thequantuminsider.com/2024/03/11/rolls-royce-riverlane-and-xanadu-partner-to-win-canada-uk-quantum-computing-bid (1/1), chunk 22/38
[08:09:16 +3m 20s | thequantuminsider_2024_03_11_rolls_royce_riverlane_and_xanadu_partner_to_win_canada_uk_qu_0c985ab7] Repaired malformed JSON.
[08:09:16 +3m 20s | thequantuminsider_2024_03_11_rolls_royce_riverlane_and_xanadu_partner_to_win_canada_uk_qu_0c985ab7] Extracting actors: https://thequantuminsider.com/2024/03/11/rolls-royce-riverlane-and-xanadu-partner-to-win-canada-uk-quantum-computing-bid (1/1), chunk 23/38
[08:09:22 +3m 26s | thequantuminsider_2024_03_11_rolls_royce_riverlane_and_xanadu_partner_to_win_canada_uk_qu_0c985ab7] Repaired malformed JSON.
[08:09:22 +3m 26s | thequantuminsider_2024_03_11_rolls_royce_riverlane_and_xanadu_partner_to_win_canada_uk_qu_0c985ab7] Extracting actors: https://thequantuminsider.com/2024/03/11/rolls-royce-riverlane-and-xanadu-partner-to-win-canada-uk-quantum-computing-bid (1/1), chunk 24/38
[08:09:30 +3m 34s | thequantuminsider_2024_03_11_rolls_royce_riverlane_and_xanadu_partner_to_win_canada_uk_qu_0c985ab7] Repaired malformed JSON.
[08:09:30 +3m 34s | thequantuminsider_2024_03_11_rolls_royce_riverlane_and_xanadu_partner_to_win_canada_uk_qu_0c985ab7] Extracting actors: https://thequantuminsider.com/2024/03/11/rolls-royce-riverlane-and-xanadu-partner-to-win-canada-uk-quantum-computing-bid (1/1), chunk 25/38
[08:09:36 +3m 40s | thequantuminsider_2024_03_11_rolls_royce_riverlane_and_xanadu_partner_to_win_canada_uk_qu_0c985ab7] Repaired malformed JSON.
[08:09:36 +3m 40s | thequantuminsider_2024_03_11_rolls_royce_riverlane_and_xanadu_partner_to_win_canada_uk_qu_0c985ab7] Extracting actors: https://thequantuminsider.com/2024/03/11/rolls-royce-riverlane-and-xanadu-partner-to-win-canada-uk-quantum-computing-bid (1/1), chunk 26/38
[08:09:41 +3m 45s | thequantuminsider_2024_03_11_rolls_royce_riverlane_and_xanadu_partner_to_win_canada_uk_qu_0c985ab7] Repaired malformed JSON.
[08:09:41 +3m 45s | thequantuminsider_2024_03_11_rolls_royce_riverlane_and_xanadu_partner_to_win_canada_uk_qu_0c985ab7] Extracting actors: https://thequantuminsider.com/2024/03/11/rolls-royce-riverlane-and-xanadu-partner-to-win-canada-uk-quantum-computing-bid (1/1), chunk 27/38
[08:09:48 +3m 52s | thequantuminsider_2024_03_11_rolls_royce_riverlane_and_xanadu_partner_to_win_canada_uk_qu_0c985ab7] Extracting actors: https://thequantuminsider.com/2024/03/11/rolls-royce-riverlane-and-xanadu-partner-to-win-canada-uk-quantum-computing-bid (1/1), chunk 28/38
[08:09:55 +3m 59s | thequantuminsider_2024_03_11_rolls_royce_riverlane_and_xanadu_partner_to_win_canada_uk_qu_0c985ab7] Extracting actors: https://thequantuminsider.com/2024/03/11/rolls-royce-riverlane-and-xanadu-partner-to-win-canada-uk-quantum-computing-bid (1/1), chunk 29/38
[08:10:01 +4m 5s | thequantuminsider_2024_03_11_rolls_royce_riverlane_and_xanadu_partner_to_win_canada_uk_qu_0c985ab7] Repaired malformed JSON.
[08:10:01 +4m 5s | thequantuminsider_2024_03_11_rolls_royce_riverlane_and_xanadu_partner_to_win_canada_uk_qu_0c985ab7] Extracting actors: https://thequantuminsider.com/2024/03/11/rolls-royce-riverlane-and-xanadu-partner-to-win-canada-uk-quantum-computing-bid (1/1), chunk 30/38
[08:10:07 +4m 11s | thequantuminsider_2024_03_11_rolls_royce_riverlane_and_xanadu_partner_to_win_canada_uk_qu_0c985ab7] Repaired malformed JSON.
[08:10:07 +4m 11s | thequantuminsider_2024_03_11_rolls_royce_riverlane_and_xanadu_partner_to_win_canada_uk_qu_0c985ab7] Extracting actors: https://thequantuminsider.com/2024/03/11/rolls-royce-riverlane-and-xanadu-partner-to-win-canada-uk-quantum-computing-bid (1/1), chunk 31/38
[08:10:14 +4m 18s | thequantuminsider_2024_03_11_rolls_royce_riverlane_and_xanadu_partner_to_win_canada_uk_qu_0c985ab7] Repaired malformed JSON.
[08:10:14 +4m 18s | thequantuminsider_2024_03_11_rolls_royce_riverlane_and_xanadu_partner_to_win_canada_uk_qu_0c985ab7] Extracting actors: https://thequantuminsider.com/2024/03/11/rolls-royce-riverlane-and-xanadu-partner-to-win-canada-uk-quantum-computing-bid (1/1), chunk 32/38
[08:10:20 +4m 24s | thequantuminsider_2024_03_11_rolls_royce_riverlane_and_xanadu_partner_to_win_canada_uk_qu_0c985ab7] Repaired malformed JSON.
[08:10:20 +4m 24s | thequantuminsider_2024_03_11_rolls_royce_riverlane_and_xanadu_partner_to_win_canada_uk_qu_0c985ab7] Extracting actors: https://thequantuminsider.com/2024/03/11/rolls-royce-riverlane-and-xanadu-partner-to-win-canada-uk-quantum-computing-bid (1/1), chunk 33/38
[08:10:26 +4m 30s | thequantuminsider_2024_03_11_rolls_royce_riverlane_and_xanadu_partner_to_win_canada_uk_qu_0c985ab7] Repaired malformed JSON.
[08:10:26 +4m 30s | thequantuminsider_2024_03_11_rolls_royce_riverlane_and_xanadu_partner_to_win_canada_uk_qu_0c985ab7] Extracting actors: https://thequantuminsider.com/2024/03/11/rolls-royce-riverlane-and-xanadu-partner-to-win-canada-uk-quantum-computing-bid (1/1), chunk 34/38
[08:10:32 +4m 36s | thequantuminsider_2024_03_11_rolls_royce_riverlane_and_xanadu_partner_to_win_canada_uk_qu_0c985ab7] Repaired malformed JSON.
[08:10:32 +4m 36s | thequantuminsider_2024_03_11_rolls_royce_riverlane_and_xanadu_partner_to_win_canada_uk_qu_0c985ab7] Extracting actors: https://thequantuminsider.com/2024/03/11/rolls-royce-riverlane-and-xanadu-partner-to-win-canada-uk-quantum-computing-bid (1/1), chunk 35/38
[08:10:39 +4m 43s | thequantuminsider_2024_03_11_rolls_royce_riverlane_and_xanadu_partner_to_win_canada_uk_qu_0c985ab7] Repaired malformed JSON.
[08:10:39 +4m 43s | thequantuminsider_2024_03_11_rolls_royce_riverlane_and_xanadu_partner_to_win_canada_uk_qu_0c985ab7] Extracting actors: https://thequantuminsider.com/2024/03/11/rolls-royce-riverlane-and-xanadu-partner-to-win-canada-uk-quantum-computing-bid (1/1), chunk 36/38
[08:10:48 +4m 52s | thequantuminsider_2024_03_11_rolls_royce_riverlane_and_xanadu_partner_to_win_canada_uk_qu_0c985ab7] Repaired malformed JSON.
[08:10:48 +4m 52s | thequantuminsider_2024_03_11_rolls_royce_riverlane_and_xanadu_partner_to_win_canada_uk_qu_0c985ab7] Extracting actors: https://thequantuminsider.com/2024/03/11/rolls-royce-riverlane-and-xanadu-partner-to-win-canada-uk-quantum-computing-bid (1/1), chunk 37/38
[08:10:54 +4m 58s | thequantuminsider_2024_03_11_rolls_royce_riverlane_and_xanadu_partner_to_win_canada_uk_qu_0c985ab7] Repaired malformed JSON.
[08:10:54 +4m 58s | thequantuminsider_2024_03_11_rolls_royce_riverlane_and_xanadu_partner_to_win_canada_uk_qu_0c985ab7] Extracting actors: https://thequantuminsider.com/2024/03/11/rolls-royce-riverlane-and-xanadu-partner-to-win-canada-uk-quantum-computing-bid (1/1), chunk 38/38
[08:11:01 +5m 5s | thequantuminsider_2024_03_11_rolls_royce_riverlane_and_xanadu_partner_to_win_canada_uk_qu_0c985ab7] Repaired malformed JSON.
[08:11:01 +5m 5s | thequantuminsider_2024_03_11_rolls_royce_riverlane_and_xanadu_partner_to_win_canada_uk_qu_0c985ab7] Saved 1_actor_results.json with 73 extracted records

[08:11:01 +5m 5s | thequantuminsider_2024_03_11_rolls_royce_riverlane_and_xanadu_partner_to_win_canada_uk_qu_0c985ab7] === 2 clean actors ===
[08:11:01 +5m 5s | thequantuminsider_2024_03_11_rolls_royce_riverlane_and_xanadu_partner_to_win_canada_uk_qu_0c985ab7] Loaded 73 extracted records
[08:11:01 +5m 5s | thequantuminsider_2024_03_11_rolls_royce_riverlane_and_xanadu_partner_to_win_canada_uk_qu_0c985ab7] Saved 2_actor_nodes.json with 17 canonical actor nodes

[08:11:01 +5m 5s | thequantuminsider_2024_03_11_rolls_royce_riverlane_and_xanadu_partner_to_win_canada_uk_qu_0c985ab7] === 3 interaction extraction ===
[08:11:02 +5m 6s | thequantuminsider_2024_03_11_rolls_royce_riverlane_and_xanadu_partner_to_win_canada_uk_qu_0c985ab7] Extracting interactions: https://thequantuminsider.com/2024/03/11/rolls-royce-riverlane-and-xanadu-partner-to-win-canada-uk-quantum-computing-bid (1/1), chunk 11/38
[08:11:12 +5m 16s | thequantuminsider_2024_03_11_rolls_royce_riverlane_and_xanadu_partner_to_win_canada_uk_qu_0c985ab7] Extracting interactions: https://thequantuminsider.com/2024/03/11/rolls-royce-riverlane-and-xanadu-partner-to-win-canada-uk-quantum-computing-bid (1/1), chunk 12/38
[08:11:39 +5m 43s | thequantuminsider_2024_03_11_rolls_royce_riverlane_and_xanadu_partner_to_win_canada_uk_qu_0c985ab7] Extracting interactions: https://thequantuminsider.com/2024/03/11/rolls-royce-riverlane-and-xanadu-partner-to-win-canada-uk-quantum-computing-bid (1/1), chunk 13/38
[08:12:12 +6m 16s | thequantuminsider_2024_03_11_rolls_royce_riverlane_and_xanadu_partner_to_win_canada_uk_qu_0c985ab7] Extracting interactions: https://thequantuminsider.com/2024/03/11/rolls-royce-riverlane-and-xanadu-partner-to-win-canada-uk-quantum-computing-bid (1/1), chunk 14/38
[08:12:47 +6m 51s | thequantuminsider_2024_03_11_rolls_royce_riverlane_and_xanadu_partner_to_win_canada_uk_qu_0c985ab7] Extracting interactions: https://thequantuminsider.com/2024/03/11/rolls-royce-riverlane-and-xanadu-partner-to-win-canada-uk-quantum-computing-bid (1/1), chunk 15/38
[08:13:05 +7m 9s | thequantuminsider_2024_03_11_rolls_royce_riverlane_and_xanadu_partner_to_win_canada_uk_qu_0c985ab7] Extracting interactions: https://thequantuminsider.com/2024/03/11/rolls-royce-riverlane-and-xanadu-partner-to-win-canada-uk-quantum-computing-bid (1/1), chunk 16/38
[08:13:25 +7m 29s | thequantuminsider_2024_03_11_rolls_royce_riverlane_and_xanadu_partner_to_win_canada_uk_qu_0c985ab7] Extracting interactions: https://thequantuminsider.com/2024/03/11/rolls-royce-riverlane-and-xanadu-partner-to-win-canada-uk-quantum-computing-bid (1/1), chunk 17/38
[08:13:26 +7m 30s | thequantuminsider_2024_03_11_rolls_royce_riverlane_and_xanadu_partner_to_win_canada_uk_qu_0c985ab7] Extracting interactions: https://thequantuminsider.com/2024/03/11/rolls-royce-riverlane-and-xanadu-partner-to-win-canada-uk-quantum-computing-bid (1/1), chunk 18/38
[08:13:32 +7m 36s | thequantuminsider_2024_03_11_rolls_royce_riverlane_and_xanadu_partner_to_win_canada_uk_qu_0c985ab7] Extracting interactions: https://thequantuminsider.com/2024/03/11/rolls-royce-riverlane-and-xanadu-partner-to-win-canada-uk-quantum-computing-bid (1/1), chunk 19/38
[08:13:38 +7m 42s | thequantuminsider_2024_03_11_rolls_royce_riverlane_and_xanadu_partner_to_win_canada_uk_qu_0c985ab7] Extracting interactions: https://thequantuminsider.com/2024/03/11/rolls-royce-riverlane-and-xanadu-partner-to-win-canada-uk-quantum-computing-bid (1/1), chunk 20/38
[08:13:39 +7m 43s | thequantuminsider_2024_03_11_rolls_royce_riverlane_and_xanadu_partner_to_win_canada_uk_qu_0c985ab7] Extracting interactions: https://thequantuminsider.com/2024/03/11/rolls-royce-riverlane-and-xanadu-partner-to-win-canada-uk-quantum-computing-bid (1/1), chunk 21/38
[08:13:52 +7m 56s | thequantuminsider_2024_03_11_rolls_royce_riverlane_and_xanadu_partner_to_win_canada_uk_qu_0c985ab7] Extracting interactions: https://thequantuminsider.com/2024/03/11/rolls-royce-riverlane-and-xanadu-partner-to-win-canada-uk-quantum-computing-bid (1/1), chunk 22/38
[08:14:00 +8m 4s | thequantuminsider_2024_03_11_rolls_royce_riverlane_and_xanadu_partner_to_win_canada_uk_qu_0c985ab7] Extracting interactions: https://thequantuminsider.com/2024/03/11/rolls-royce-riverlane-and-xanadu-partner-to-win-canada-uk-quantum-computing-bid (1/1), chunk 23/38
[08:14:04 +8m 8s | thequantuminsider_2024_03_11_rolls_royce_riverlane_and_xanadu_partner_to_win_canada_uk_qu_0c985ab7] Extracting interactions: https://thequantuminsider.com/2024/03/11/rolls-royce-riverlane-and-xanadu-partner-to-win-canada-uk-quantum-computing-bid (1/1), chunk 26/38
[08:14:05 +8m 9s | thequantuminsider_2024_03_11_rolls_royce_riverlane_and_xanadu_partner_to_win_canada_uk_qu_0c985ab7] Extracting interactions: https://thequantuminsider.com/2024/03/11/rolls-royce-riverlane-and-xanadu-partner-to-win-canada-uk-quantum-computing-bid (1/1), chunk 27/38
[08:14:10 +8m 14s | thequantuminsider_2024_03_11_rolls_royce_riverlane_and_xanadu_partner_to_win_canada_uk_qu_0c985ab7] Extracting interactions: https://thequantuminsider.com/2024/03/11/rolls-royce-riverlane-and-xanadu-partner-to-win-canada-uk-quantum-computing-bid (1/1), chunk 28/38
[08:14:12 +8m 16s | thequantuminsider_2024_03_11_rolls_royce_riverlane_and_xanadu_partner_to_win_canada_uk_qu_0c985ab7] Extracting interactions: https://thequantuminsider.com/2024/03/11/rolls-royce-riverlane-and-xanadu-partner-to-win-canada-uk-quantum-computing-bid (1/1), chunk 31/38
[08:14:13 +8m 17s | thequantuminsider_2024_03_11_rolls_royce_riverlane_and_xanadu_partner_to_win_canada_uk_qu_0c985ab7] Extracting interactions: https://thequantuminsider.com/2024/03/11/rolls-royce-riverlane-and-xanadu-partner-to-win-canada-uk-quantum-computing-bid (1/1), chunk 32/38
[08:14:15 +8m 18s | thequantuminsider_2024_03_11_rolls_royce_riverlane_and_xanadu_partner_to_win_canada_uk_qu_0c985ab7] Extracting interactions: https://thequantuminsider.com/2024/03/11/rolls-royce-riverlane-and-xanadu-partner-to-win-canada-uk-quantum-computing-bid (1/1), chunk 33/38
[08:14:28 +8m 32s | thequantuminsider_2024_03_11_rolls_royce_riverlane_and_xanadu_partner_to_win_canada_uk_qu_0c985ab7] Extracting interactions: https://thequantuminsider.com/2024/03/11/rolls-royce-riverlane-and-xanadu-partner-to-win-canada-uk-quantum-computing-bid (1/1), chunk 34/38
[08:14:29 +8m 33s | thequantuminsider_2024_03_11_rolls_royce_riverlane_and_xanadu_partner_to_win_canada_uk_qu_0c985ab7] Extracting interactions: https://thequantuminsider.com/2024/03/11/rolls-royce-riverlane-and-xanadu-partner-to-win-canada-uk-quantum-computing-bid (1/1), chunk 36/38
[08:14:32 +8m 36s | thequantuminsider_2024_03_11_rolls_royce_riverlane_and_xanadu_partner_to_win_canada_uk_qu_0c985ab7] Extracting interactions: https://thequantuminsider.com/2024/03/11/rolls-royce-riverlane-and-xanadu-partner-to-win-canada-uk-quantum-computing-bid (1/1), chunk 37/38
[08:14:34 +8m 38s | thequantuminsider_2024_03_11_rolls_royce_riverlane_and_xanadu_partner_to_win_canada_uk_qu_0c985ab7] Saved 3_interaction_results.json with 37 extracted interactions.

[08:14:34 +8m 38s | thequantuminsider_2024_03_11_rolls_royce_riverlane_and_xanadu_partner_to_win_canada_uk_qu_0c985ab7] === 4 clean interactions ===
[08:14:34 +8m 38s | thequantuminsider_2024_03_11_rolls_royce_riverlane_and_xanadu_partner_to_win_canada_uk_qu_0c985ab7] Saved 4_edges.json with 9 cleaned interactions.

[08:14:34 +8m 38s | thequantuminsider_2024_03_11_rolls_royce_riverlane_and_xanadu_partner_to_win_canada_uk_qu_0c985ab7] === 5 helix enrichment ===
[08:14:34 +8m 38s | thequantuminsider_2024_03_11_rolls_royce_riverlane_and_xanadu_partner_to_win_canada_uk_qu_0c985ab7] Wrote 5_nodes.json (17 actors)
[08:14:34 +8m 38s | thequantuminsider_2024_03_11_rolls_royce_riverlane_and_xanadu_partner_to_win_canada_uk_qu_0c985ab7] Wrote 5_edges.json (9 interactions)
[08:14:34 +8m 38s | thequantuminsider_2024_03_11_rolls_royce_riverlane_and_xanadu_partner_to_win_canada_uk_qu_0c985ab7] Actor helix counts: {'Academia': 1, 'Civil Society': 3, 'Government': 4, 'Industry': 3, 'Unknown': 6}
[08:14:34 +8m 38s | thequantuminsider_2024_03_11_rolls_royce_riverlane_and_xanadu_partner_to_win_canada_uk_qu_0c985ab7] Functional-space counts: {'Intra-helix / Not classified': 9}

[08:14:34 +8m 38s | thequantuminsider_2024_03_11_rolls_royce_riverlane_and_xanadu_partner_to_win_canada_uk_qu_0c985ab7] === 6 network visualisation ===
[08:14:34 +8m 38s | thequantuminsider_2024_03_11_rolls_royce_riverlane_and_xanadu_partner_to_win_canada_uk_qu_0c985ab7] Wrote quantum_network.html
[08:14:34 +8m 38s | thequantuminsider_2024_03_11_rolls_royce_riverlane_and_xanadu_partner_to_win_canada_uk_qu_0c985ab7] Nodes: 17
[08:14:34 +8m 38s | thequantuminsider_2024_03_11_rolls_royce_riverlane_and_xanadu_partner_to_win_canada_uk_qu_0c985ab7] Edges: 4

[08:14:35 +8m 39s | thequantuminsider_2024_03_11_rolls_royce_riverlane_and_xanadu_partner_to_win_canada_uk_qu_0c985ab7] Done. Outputs written to: /home/lv/IDP/idpdeeptech/pipeline/news_outputs/thequantuminsider_2024_03_11_rolls_royce_riverlane_and_xanadu_partner_to_win_canada_uk_qu_0c985ab7
[08:14:35 +8m 39s | thequantuminsider_2024_03_11_rolls_royce_riverlane_and_xanadu_partner_to_win_canada_uk_qu_0c985ab7] Log: /home/lv/IDP/idpdeeptech/pipeline/news_outputs/thequantuminsider_2024_03_11_rolls_royce_riverlane_and_xanadu_partner_to_win_canada_uk_qu_0c985ab7/run.log

========================================================================
RUN FINISHED 2026-07-02 08:14:35  (OK)
Started:     2026-07-02 08:05:56
Elapsed:     8m 39s
========================================================================
