
========================================================================
RUN STARTED  2026-07-02 06:11:58
site_pipeline.py https://thequantuminsider.com/2024/04/01/researchers-find-new-way-to-cool-quantum-simulators/
========================================================================

[06:11:58 +0s | thequantuminsider_2024_04_01_researchers_find_new_way_to_cool_quantum_simulators] === 0 crawl site ===
[06:11:59 +1s | thequantuminsider_2024_04_01_researchers_find_new_way_to_cool_quantum_simulators] [INIT].... → Crawl4AI 0.8.6 
[06:12:02 +4s | thequantuminsider_2024_04_01_researchers_find_new_way_to_cool_quantum_simulators] [FETCH]... ↓ https://thequantuminsider.com/2024/04/01/researchers-find-new-way-to-cool-quantum-simulators/        | ✓ | ⏱: 2.60s 
[06:12:02 +4s | thequantuminsider_2024_04_01_researchers_find_new_way_to_cool_quantum_simulators] [SCRAPE].. ◆ https://thequantuminsider.com/2024/04/01/researchers-find-new-way-to-cool-quantum-simulators/        | ✓ | ⏱: 0.10s 
[06:12:02 +4s | thequantuminsider_2024_04_01_researchers_find_new_way_to_cool_quantum_simulators] [COMPLETE] ● https://thequantuminsider.com/2024/04/01/researchers-find-new-way-to-cool-quantum-simulators/        | ✓ | ⏱: 2.72s 
[06:12:02 +4s | thequantuminsider_2024_04_01_researchers_find_new_way_to_cool_quantum_simulators] Saved: crawl_output/ab5dc9f596_thequantuminsider.com_2024_04_01_researchers-find-new-way-to-cool-quantum-simulators.json

[06:12:02 +4s | thequantuminsider_2024_04_01_researchers_find_new_way_to_cool_quantum_simulators] === 1 actor extraction ===
[06:12:02 +4s | thequantuminsider_2024_04_01_researchers_find_new_way_to_cool_quantum_simulators] Reading page (1/1): https://thequantuminsider.com/2024/04/01/researchers-find-new-way-to-cool-quantum-simulators
[06:12:02 +4s | thequantuminsider_2024_04_01_researchers_find_new_way_to_cool_quantum_simulators] Extracting actors: https://thequantuminsider.com/2024/04/01/researchers-find-new-way-to-cool-quantum-simulators (1/1), chunk 1/39
[06:12:08 +10s | thequantuminsider_2024_04_01_researchers_find_new_way_to_cool_quantum_simulators] Extracting actors: https://thequantuminsider.com/2024/04/01/researchers-find-new-way-to-cool-quantum-simulators (1/1), chunk 2/39
[06:12:13 +15s | thequantuminsider_2024_04_01_researchers_find_new_way_to_cool_quantum_simulators] Extracting actors: https://thequantuminsider.com/2024/04/01/researchers-find-new-way-to-cool-quantum-simulators (1/1), chunk 3/39
[06:12:18 +20s | thequantuminsider_2024_04_01_researchers_find_new_way_to_cool_quantum_simulators] Extracting actors: https://thequantuminsider.com/2024/04/01/researchers-find-new-way-to-cool-quantum-simulators (1/1), chunk 4/39
[06:12:22 +24s | thequantuminsider_2024_04_01_researchers_find_new_way_to_cool_quantum_simulators] Extracting actors: https://thequantuminsider.com/2024/04/01/researchers-find-new-way-to-cool-quantum-simulators (1/1), chunk 5/39
[06:12:27 +29s | thequantuminsider_2024_04_01_researchers_find_new_way_to_cool_quantum_simulators] Extracting actors: https://thequantuminsider.com/2024/04/01/researchers-find-new-way-to-cool-quantum-simulators (1/1), chunk 6/39
[06:12:32 +34s | thequantuminsider_2024_04_01_researchers_find_new_way_to_cool_quantum_simulators] Extracting actors: https://thequantuminsider.com/2024/04/01/researchers-find-new-way-to-cool-quantum-simulators (1/1), chunk 7/39
[06:12:37 +39s | thequantuminsider_2024_04_01_researchers_find_new_way_to_cool_quantum_simulators] Extracting actors: https://thequantuminsider.com/2024/04/01/researchers-find-new-way-to-cool-quantum-simulators (1/1), chunk 8/39
[06:12:41 +43s | thequantuminsider_2024_04_01_researchers_find_new_way_to_cool_quantum_simulators] Extracting actors: https://thequantuminsider.com/2024/04/01/researchers-find-new-way-to-cool-quantum-simulators (1/1), chunk 9/39
[06:12:47 +49s | thequantuminsider_2024_04_01_researchers_find_new_way_to_cool_quantum_simulators] Extracting actors: https://thequantuminsider.com/2024/04/01/researchers-find-new-way-to-cool-quantum-simulators (1/1), chunk 10/39
[06:12:52 +54s | thequantuminsider_2024_04_01_researchers_find_new_way_to_cool_quantum_simulators] Extracting actors: https://thequantuminsider.com/2024/04/01/researchers-find-new-way-to-cool-quantum-simulators (1/1), chunk 11/39
[06:13:00 +1m 2s | thequantuminsider_2024_04_01_researchers_find_new_way_to_cool_quantum_simulators] Repaired malformed JSON.
[06:13:00 +1m 2s | thequantuminsider_2024_04_01_researchers_find_new_way_to_cool_quantum_simulators] Extracting actors: https://thequantuminsider.com/2024/04/01/researchers-find-new-way-to-cool-quantum-simulators (1/1), chunk 12/39
[06:13:06 +1m 8s | thequantuminsider_2024_04_01_researchers_find_new_way_to_cool_quantum_simulators] Repaired malformed JSON.
[06:13:06 +1m 8s | thequantuminsider_2024_04_01_researchers_find_new_way_to_cool_quantum_simulators] Extracting actors: https://thequantuminsider.com/2024/04/01/researchers-find-new-way-to-cool-quantum-simulators (1/1), chunk 13/39
[06:13:13 +1m 15s | thequantuminsider_2024_04_01_researchers_find_new_way_to_cool_quantum_simulators] Repaired malformed JSON.
[06:13:13 +1m 15s | thequantuminsider_2024_04_01_researchers_find_new_way_to_cool_quantum_simulators] Extracting actors: https://thequantuminsider.com/2024/04/01/researchers-find-new-way-to-cool-quantum-simulators (1/1), chunk 14/39
[06:13:21 +1m 23s | thequantuminsider_2024_04_01_researchers_find_new_way_to_cool_quantum_simulators] Repaired malformed JSON.
[06:13:21 +1m 23s | thequantuminsider_2024_04_01_researchers_find_new_way_to_cool_quantum_simulators] Extracting actors: https://thequantuminsider.com/2024/04/01/researchers-find-new-way-to-cool-quantum-simulators (1/1), chunk 15/39
[06:13:28 +1m 30s | thequantuminsider_2024_04_01_researchers_find_new_way_to_cool_quantum_simulators] Repaired malformed JSON.
[06:13:28 +1m 30s | thequantuminsider_2024_04_01_researchers_find_new_way_to_cool_quantum_simulators] Extracting actors: https://thequantuminsider.com/2024/04/01/researchers-find-new-way-to-cool-quantum-simulators (1/1), chunk 16/39
[06:13:36 +1m 38s | thequantuminsider_2024_04_01_researchers_find_new_way_to_cool_quantum_simulators] Repaired malformed JSON.
[06:13:36 +1m 38s | thequantuminsider_2024_04_01_researchers_find_new_way_to_cool_quantum_simulators] Extracting actors: https://thequantuminsider.com/2024/04/01/researchers-find-new-way-to-cool-quantum-simulators (1/1), chunk 17/39
[06:13:41 +1m 43s | thequantuminsider_2024_04_01_researchers_find_new_way_to_cool_quantum_simulators] Repaired malformed JSON.
[06:13:41 +1m 43s | thequantuminsider_2024_04_01_researchers_find_new_way_to_cool_quantum_simulators] Extracting actors: https://thequantuminsider.com/2024/04/01/researchers-find-new-way-to-cool-quantum-simulators (1/1), chunk 18/39
[06:13:48 +1m 50s | thequantuminsider_2024_04_01_researchers_find_new_way_to_cool_quantum_simulators] Repaired malformed JSON.
[06:13:48 +1m 50s | thequantuminsider_2024_04_01_researchers_find_new_way_to_cool_quantum_simulators] Extracting actors: https://thequantuminsider.com/2024/04/01/researchers-find-new-way-to-cool-quantum-simulators (1/1), chunk 19/39
[06:13:56 +1m 58s | thequantuminsider_2024_04_01_researchers_find_new_way_to_cool_quantum_simulators] Repaired malformed JSON.
[06:13:56 +1m 58s | thequantuminsider_2024_04_01_researchers_find_new_way_to_cool_quantum_simulators] Extracting actors: https://thequantuminsider.com/2024/04/01/researchers-find-new-way-to-cool-quantum-simulators (1/1), chunk 20/39
[06:14:03 +2m 5s | thequantuminsider_2024_04_01_researchers_find_new_way_to_cool_quantum_simulators] Repaired malformed JSON.
[06:14:03 +2m 5s | thequantuminsider_2024_04_01_researchers_find_new_way_to_cool_quantum_simulators] Extracting actors: https://thequantuminsider.com/2024/04/01/researchers-find-new-way-to-cool-quantum-simulators (1/1), chunk 21/39
[06:14:10 +2m 12s | thequantuminsider_2024_04_01_researchers_find_new_way_to_cool_quantum_simulators] Repaired malformed JSON.
[06:14:10 +2m 12s | thequantuminsider_2024_04_01_researchers_find_new_way_to_cool_quantum_simulators] Extracting actors: https://thequantuminsider.com/2024/04/01/researchers-find-new-way-to-cool-quantum-simulators (1/1), chunk 22/39
[06:14:17 +2m 19s | thequantuminsider_2024_04_01_researchers_find_new_way_to_cool_quantum_simulators] Repaired malformed JSON.
[06:14:17 +2m 19s | thequantuminsider_2024_04_01_researchers_find_new_way_to_cool_quantum_simulators] Extracting actors: https://thequantuminsider.com/2024/04/01/researchers-find-new-way-to-cool-quantum-simulators (1/1), chunk 23/39
[06:14:25 +2m 27s | thequantuminsider_2024_04_01_researchers_find_new_way_to_cool_quantum_simulators] Repaired malformed JSON.
[06:14:25 +2m 27s | thequantuminsider_2024_04_01_researchers_find_new_way_to_cool_quantum_simulators] Extracting actors: https://thequantuminsider.com/2024/04/01/researchers-find-new-way-to-cool-quantum-simulators (1/1), chunk 24/39
[06:14:33 +2m 35s | thequantuminsider_2024_04_01_researchers_find_new_way_to_cool_quantum_simulators] Repaired malformed JSON.
[06:14:33 +2m 35s | thequantuminsider_2024_04_01_researchers_find_new_way_to_cool_quantum_simulators] Extracting actors: https://thequantuminsider.com/2024/04/01/researchers-find-new-way-to-cool-quantum-simulators (1/1), chunk 25/39
[06:14:39 +2m 41s | thequantuminsider_2024_04_01_researchers_find_new_way_to_cool_quantum_simulators] Repaired malformed JSON.
[06:14:39 +2m 41s | thequantuminsider_2024_04_01_researchers_find_new_way_to_cool_quantum_simulators] Extracting actors: https://thequantuminsider.com/2024/04/01/researchers-find-new-way-to-cool-quantum-simulators (1/1), chunk 26/39
[06:14:46 +2m 48s | thequantuminsider_2024_04_01_researchers_find_new_way_to_cool_quantum_simulators] Repaired malformed JSON.
[06:14:46 +2m 48s | thequantuminsider_2024_04_01_researchers_find_new_way_to_cool_quantum_simulators] Extracting actors: https://thequantuminsider.com/2024/04/01/researchers-find-new-way-to-cool-quantum-simulators (1/1), chunk 27/39
[06:14:51 +2m 53s | thequantuminsider_2024_04_01_researchers_find_new_way_to_cool_quantum_simulators] Extracting actors: https://thequantuminsider.com/2024/04/01/researchers-find-new-way-to-cool-quantum-simulators (1/1), chunk 28/39
[06:14:57 +2m 59s | thequantuminsider_2024_04_01_researchers_find_new_way_to_cool_quantum_simulators] Repaired malformed JSON.
[06:14:57 +2m 59s | thequantuminsider_2024_04_01_researchers_find_new_way_to_cool_quantum_simulators] Extracting actors: https://thequantuminsider.com/2024/04/01/researchers-find-new-way-to-cool-quantum-simulators (1/1), chunk 29/39
[06:14:59 +3m 1s | thequantuminsider_2024_04_01_researchers_find_new_way_to_cool_quantum_simulators] Extracting actors: https://thequantuminsider.com/2024/04/01/researchers-find-new-way-to-cool-quantum-simulators (1/1), chunk 30/39
[06:15:02 +3m 4s | thequantuminsider_2024_04_01_researchers_find_new_way_to_cool_quantum_simulators] Extracting actors: https://thequantuminsider.com/2024/04/01/researchers-find-new-way-to-cool-quantum-simulators (1/1), chunk 31/39
[06:15:08 +3m 10s | thequantuminsider_2024_04_01_researchers_find_new_way_to_cool_quantum_simulators] Repaired malformed JSON.
[06:15:08 +3m 10s | thequantuminsider_2024_04_01_researchers_find_new_way_to_cool_quantum_simulators] Extracting actors: https://thequantuminsider.com/2024/04/01/researchers-find-new-way-to-cool-quantum-simulators (1/1), chunk 32/39
[06:15:13 +3m 15s | thequantuminsider_2024_04_01_researchers_find_new_way_to_cool_quantum_simulators] Repaired malformed JSON.
[06:15:13 +3m 15s | thequantuminsider_2024_04_01_researchers_find_new_way_to_cool_quantum_simulators] Extracting actors: https://thequantuminsider.com/2024/04/01/researchers-find-new-way-to-cool-quantum-simulators (1/1), chunk 33/39
[06:15:19 +3m 21s | thequantuminsider_2024_04_01_researchers_find_new_way_to_cool_quantum_simulators] Repaired malformed JSON.
[06:15:19 +3m 21s | thequantuminsider_2024_04_01_researchers_find_new_way_to_cool_quantum_simulators] Extracting actors: https://thequantuminsider.com/2024/04/01/researchers-find-new-way-to-cool-quantum-simulators (1/1), chunk 34/39
[06:15:28 +3m 30s | thequantuminsider_2024_04_01_researchers_find_new_way_to_cool_quantum_simulators] Repaired malformed JSON.
[06:15:28 +3m 30s | thequantuminsider_2024_04_01_researchers_find_new_way_to_cool_quantum_simulators] Extracting actors: https://thequantuminsider.com/2024/04/01/researchers-find-new-way-to-cool-quantum-simulators (1/1), chunk 35/39
[06:15:36 +3m 38s | thequantuminsider_2024_04_01_researchers_find_new_way_to_cool_quantum_simulators] Repaired malformed JSON.
[06:15:36 +3m 38s | thequantuminsider_2024_04_01_researchers_find_new_way_to_cool_quantum_simulators] Extracting actors: https://thequantuminsider.com/2024/04/01/researchers-find-new-way-to-cool-quantum-simulators (1/1), chunk 36/39
[06:15:43 +3m 45s | thequantuminsider_2024_04_01_researchers_find_new_way_to_cool_quantum_simulators] Repaired malformed JSON.
[06:15:43 +3m 45s | thequantuminsider_2024_04_01_researchers_find_new_way_to_cool_quantum_simulators] Extracting actors: https://thequantuminsider.com/2024/04/01/researchers-find-new-way-to-cool-quantum-simulators (1/1), chunk 37/39
[06:15:50 +3m 52s | thequantuminsider_2024_04_01_researchers_find_new_way_to_cool_quantum_simulators] Repaired malformed JSON.
[06:15:50 +3m 52s | thequantuminsider_2024_04_01_researchers_find_new_way_to_cool_quantum_simulators] Extracting actors: https://thequantuminsider.com/2024/04/01/researchers-find-new-way-to-cool-quantum-simulators (1/1), chunk 38/39
[06:15:55 +3m 57s | thequantuminsider_2024_04_01_researchers_find_new_way_to_cool_quantum_simulators] Repaired malformed JSON.
[06:15:55 +3m 57s | thequantuminsider_2024_04_01_researchers_find_new_way_to_cool_quantum_simulators] Extracting actors: https://thequantuminsider.com/2024/04/01/researchers-find-new-way-to-cool-quantum-simulators (1/1), chunk 39/39
[06:16:03 +4m 5s | thequantuminsider_2024_04_01_researchers_find_new_way_to_cool_quantum_simulators] Repaired malformed JSON.
[06:16:03 +4m 5s | thequantuminsider_2024_04_01_researchers_find_new_way_to_cool_quantum_simulators] Saved 1_actor_results.json with 58 extracted records

[06:16:03 +4m 5s | thequantuminsider_2024_04_01_researchers_find_new_way_to_cool_quantum_simulators] === 2 clean actors ===
[06:16:03 +4m 5s | thequantuminsider_2024_04_01_researchers_find_new_way_to_cool_quantum_simulators] Loaded 58 extracted records
[06:16:03 +4m 5s | thequantuminsider_2024_04_01_researchers_find_new_way_to_cool_quantum_simulators] Saved 2_actor_nodes.json with 19 canonical actor nodes

[06:16:03 +4m 5s | thequantuminsider_2024_04_01_researchers_find_new_way_to_cool_quantum_simulators] === 3 interaction extraction ===
[06:16:04 +4m 6s | thequantuminsider_2024_04_01_researchers_find_new_way_to_cool_quantum_simulators] Extracting interactions: https://thequantuminsider.com/2024/04/01/researchers-find-new-way-to-cool-quantum-simulators (1/1), chunk 11/39
[06:16:09 +4m 11s | thequantuminsider_2024_04_01_researchers_find_new_way_to_cool_quantum_simulators] Extracting interactions: https://thequantuminsider.com/2024/04/01/researchers-find-new-way-to-cool-quantum-simulators (1/1), chunk 12/39
[06:16:16 +4m 18s | thequantuminsider_2024_04_01_researchers_find_new_way_to_cool_quantum_simulators] Extracting interactions: https://thequantuminsider.com/2024/04/01/researchers-find-new-way-to-cool-quantum-simulators (1/1), chunk 13/39
[06:16:23 +4m 25s | thequantuminsider_2024_04_01_researchers_find_new_way_to_cool_quantum_simulators] Extracting interactions: https://thequantuminsider.com/2024/04/01/researchers-find-new-way-to-cool-quantum-simulators (1/1), chunk 14/39
[06:16:27 +4m 29s | thequantuminsider_2024_04_01_researchers_find_new_way_to_cool_quantum_simulators] Extracting interactions: https://thequantuminsider.com/2024/04/01/researchers-find-new-way-to-cool-quantum-simulators (1/1), chunk 17/39
[06:16:31 +4m 33s | thequantuminsider_2024_04_01_researchers_find_new_way_to_cool_quantum_simulators] Extracting interactions: https://thequantuminsider.com/2024/04/01/researchers-find-new-way-to-cool-quantum-simulators (1/1), chunk 18/39
[06:16:35 +4m 37s | thequantuminsider_2024_04_01_researchers_find_new_way_to_cool_quantum_simulators] Extracting interactions: https://thequantuminsider.com/2024/04/01/researchers-find-new-way-to-cool-quantum-simulators (1/1), chunk 19/39
[06:16:38 +4m 40s | thequantuminsider_2024_04_01_researchers_find_new_way_to_cool_quantum_simulators] Extracting interactions: https://thequantuminsider.com/2024/04/01/researchers-find-new-way-to-cool-quantum-simulators (1/1), chunk 20/39
[06:16:46 +4m 48s | thequantuminsider_2024_04_01_researchers_find_new_way_to_cool_quantum_simulators] Extracting interactions: https://thequantuminsider.com/2024/04/01/researchers-find-new-way-to-cool-quantum-simulators (1/1), chunk 21/39
[06:16:57 +4m 59s | thequantuminsider_2024_04_01_researchers_find_new_way_to_cool_quantum_simulators] Extracting interactions: https://thequantuminsider.com/2024/04/01/researchers-find-new-way-to-cool-quantum-simulators (1/1), chunk 22/39
[06:17:02 +5m 4s | thequantuminsider_2024_04_01_researchers_find_new_way_to_cool_quantum_simulators] Extracting interactions: https://thequantuminsider.com/2024/04/01/researchers-find-new-way-to-cool-quantum-simulators (1/1), chunk 23/39
[06:17:11 +5m 13s | thequantuminsider_2024_04_01_researchers_find_new_way_to_cool_quantum_simulators] Extracting interactions: https://thequantuminsider.com/2024/04/01/researchers-find-new-way-to-cool-quantum-simulators (1/1), chunk 24/39
[06:17:21 +5m 23s | thequantuminsider_2024_04_01_researchers_find_new_way_to_cool_quantum_simulators] Extracting interactions: https://thequantuminsider.com/2024/04/01/researchers-find-new-way-to-cool-quantum-simulators (1/1), chunk 25/39
[06:17:25 +5m 27s | thequantuminsider_2024_04_01_researchers_find_new_way_to_cool_quantum_simulators] Extracting interactions: https://thequantuminsider.com/2024/04/01/researchers-find-new-way-to-cool-quantum-simulators (1/1), chunk 26/39
[06:17:26 +5m 28s | thequantuminsider_2024_04_01_researchers_find_new_way_to_cool_quantum_simulators] Extracting interactions: https://thequantuminsider.com/2024/04/01/researchers-find-new-way-to-cool-quantum-simulators (1/1), chunk 28/39
[06:17:31 +5m 33s | thequantuminsider_2024_04_01_researchers_find_new_way_to_cool_quantum_simulators] Extracting interactions: https://thequantuminsider.com/2024/04/01/researchers-find-new-way-to-cool-quantum-simulators (1/1), chunk 29/39
[06:17:38 +5m 40s | thequantuminsider_2024_04_01_researchers_find_new_way_to_cool_quantum_simulators] Extracting interactions: https://thequantuminsider.com/2024/04/01/researchers-find-new-way-to-cool-quantum-simulators (1/1), chunk 30/39
[06:17:40 +5m 42s | thequantuminsider_2024_04_01_researchers_find_new_way_to_cool_quantum_simulators] Extracting interactions: https://thequantuminsider.com/2024/04/01/researchers-find-new-way-to-cool-quantum-simulators (1/1), chunk 31/39
[06:17:41 +5m 43s | thequantuminsider_2024_04_01_researchers_find_new_way_to_cool_quantum_simulators] Extracting interactions: https://thequantuminsider.com/2024/04/01/researchers-find-new-way-to-cool-quantum-simulators (1/1), chunk 32/39
[06:17:43 +5m 45s | thequantuminsider_2024_04_01_researchers_find_new_way_to_cool_quantum_simulators] Extracting interactions: https://thequantuminsider.com/2024/04/01/researchers-find-new-way-to-cool-quantum-simulators (1/1), chunk 33/39
[06:17:44 +5m 46s | thequantuminsider_2024_04_01_researchers_find_new_way_to_cool_quantum_simulators] Extracting interactions: https://thequantuminsider.com/2024/04/01/researchers-find-new-way-to-cool-quantum-simulators (1/1), chunk 34/39
[06:17:46 +5m 48s | thequantuminsider_2024_04_01_researchers_find_new_way_to_cool_quantum_simulators] Extracting interactions: https://thequantuminsider.com/2024/04/01/researchers-find-new-way-to-cool-quantum-simulators (1/1), chunk 35/39
[06:17:47 +5m 49s | thequantuminsider_2024_04_01_researchers_find_new_way_to_cool_quantum_simulators] Extracting interactions: https://thequantuminsider.com/2024/04/01/researchers-find-new-way-to-cool-quantum-simulators (1/1), chunk 37/39
[06:17:49 +5m 51s | thequantuminsider_2024_04_01_researchers_find_new_way_to_cool_quantum_simulators] Extracting interactions: https://thequantuminsider.com/2024/04/01/researchers-find-new-way-to-cool-quantum-simulators (1/1), chunk 38/39
[06:17:50 +5m 52s | thequantuminsider_2024_04_01_researchers_find_new_way_to_cool_quantum_simulators] Extracting interactions: https://thequantuminsider.com/2024/04/01/researchers-find-new-way-to-cool-quantum-simulators (1/1), chunk 39/39
[06:17:51 +5m 53s | thequantuminsider_2024_04_01_researchers_find_new_way_to_cool_quantum_simulators] Saved 3_interaction_results.json with 19 extracted interactions.

[06:17:51 +5m 53s | thequantuminsider_2024_04_01_researchers_find_new_way_to_cool_quantum_simulators] === 4 clean interactions ===
[06:17:51 +5m 53s | thequantuminsider_2024_04_01_researchers_find_new_way_to_cool_quantum_simulators] Saved 4_edges.json with 1 cleaned interactions.

[06:17:51 +5m 53s | thequantuminsider_2024_04_01_researchers_find_new_way_to_cool_quantum_simulators] === 5 helix enrichment ===
[06:17:52 +5m 54s | thequantuminsider_2024_04_01_researchers_find_new_way_to_cool_quantum_simulators] Wrote 5_nodes.json (19 actors)
[06:17:52 +5m 54s | thequantuminsider_2024_04_01_researchers_find_new_way_to_cool_quantum_simulators] Wrote 5_edges.json (1 interactions)
[06:17:52 +5m 54s | thequantuminsider_2024_04_01_researchers_find_new_way_to_cool_quantum_simulators] Actor helix counts: {'Academia': 2, 'Civil Society': 4, 'Government': 3, 'Industry': 3, 'Intermediary': 2, 'Unknown': 5}
[06:17:52 +5m 54s | thequantuminsider_2024_04_01_researchers_find_new_way_to_cool_quantum_simulators] Functional-space counts: {'Public': 1}

[06:17:52 +5m 54s | thequantuminsider_2024_04_01_researchers_find_new_way_to_cool_quantum_simulators] === 6 network visualisation ===
[06:17:52 +5m 54s | thequantuminsider_2024_04_01_researchers_find_new_way_to_cool_quantum_simulators] Wrote quantum_network.html
[06:17:52 +5m 54s | thequantuminsider_2024_04_01_researchers_find_new_way_to_cool_quantum_simulators] Nodes: 19
[06:17:52 +5m 54s | thequantuminsider_2024_04_01_researchers_find_new_way_to_cool_quantum_simulators] Edges: 1

[06:17:52 +5m 54s | thequantuminsider_2024_04_01_researchers_find_new_way_to_cool_quantum_simulators] Done. Outputs written to: /home/lv/IDP/idpdeeptech/pipeline/news_outputs/thequantuminsider_2024_04_01_researchers_find_new_way_to_cool_quantum_simulators
[06:17:52 +5m 54s | thequantuminsider_2024_04_01_researchers_find_new_way_to_cool_quantum_simulators] Log: /home/lv/IDP/idpdeeptech/pipeline/news_outputs/thequantuminsider_2024_04_01_researchers_find_new_way_to_cool_quantum_simulators/run.log

========================================================================
RUN FINISHED 2026-07-02 06:17:52  (OK)
Started:     2026-07-02 06:11:58
Elapsed:     5m 54s
========================================================================
