
========================================================================
RUN STARTED  2026-07-01 17:31:19
site_pipeline.py https://thequantuminsider.com/2019/12/03/research-paves-the-way-for-simulating-quantum-systems/
========================================================================

[17:31:19 +0s | thequantuminsider_2019_12_03_research_paves_the_way_for_simulating_quantum_systems] === 0 crawl site ===
[17:31:20 +1s | thequantuminsider_2019_12_03_research_paves_the_way_for_simulating_quantum_systems] [INIT].... → Crawl4AI 0.8.6 
[17:31:22 +3s | thequantuminsider_2019_12_03_research_paves_the_way_for_simulating_quantum_systems] [FETCH]... ↓ https://thequantuminsider.com/2019/12/03/research-paves-the-way-for-simulating-quantum-systems/      | ✓ | ⏱: 2.08s 
[17:31:22 +3s | thequantuminsider_2019_12_03_research_paves_the_way_for_simulating_quantum_systems] [SCRAPE].. ◆ https://thequantuminsider.com/2019/12/03/research-paves-the-way-for-simulating-quantum-systems/      | ✓ | ⏱: 0.12s 
[17:31:22 +3s | thequantuminsider_2019_12_03_research_paves_the_way_for_simulating_quantum_systems] [COMPLETE] ● https://thequantuminsider.com/2019/12/03/research-paves-the-way-for-simulating-quantum-systems/      | ✓ | ⏱: 2.22s 
[17:31:22 +3s | thequantuminsider_2019_12_03_research_paves_the_way_for_simulating_quantum_systems] Saved: crawl_output/1ae6ad9850_thequantuminsider.com_2019_12_03_research-paves-the-way-for-simulating-quantum-systems.json

[17:31:23 +4s | thequantuminsider_2019_12_03_research_paves_the_way_for_simulating_quantum_systems] === 1 actor extraction ===
[17:31:23 +4s | thequantuminsider_2019_12_03_research_paves_the_way_for_simulating_quantum_systems] Reading page (1/1): https://thequantuminsider.com/2019/12/03/research-paves-the-way-for-simulating-quantum-systems
[17:31:23 +4s | thequantuminsider_2019_12_03_research_paves_the_way_for_simulating_quantum_systems] Extracting actors: https://thequantuminsider.com/2019/12/03/research-paves-the-way-for-simulating-quantum-systems (1/1), chunk 1/41
[17:31:29 +7s | thequantuminsider_2019_12_03_research_paves_the_way_for_simulating_quantum_systems] Extracting actors: https://thequantuminsider.com/2019/12/03/research-paves-the-way-for-simulating-quantum-systems (1/1), chunk 2/41
[17:31:33 +11s | thequantuminsider_2019_12_03_research_paves_the_way_for_simulating_quantum_systems] Extracting actors: https://thequantuminsider.com/2019/12/03/research-paves-the-way-for-simulating-quantum-systems (1/1), chunk 3/41
[17:31:37 +15s | thequantuminsider_2019_12_03_research_paves_the_way_for_simulating_quantum_systems] Extracting actors: https://thequantuminsider.com/2019/12/03/research-paves-the-way-for-simulating-quantum-systems (1/1), chunk 4/41
[17:31:42 +20s | thequantuminsider_2019_12_03_research_paves_the_way_for_simulating_quantum_systems] Extracting actors: https://thequantuminsider.com/2019/12/03/research-paves-the-way-for-simulating-quantum-systems (1/1), chunk 5/41
[17:31:47 +25s | thequantuminsider_2019_12_03_research_paves_the_way_for_simulating_quantum_systems] Extracting actors: https://thequantuminsider.com/2019/12/03/research-paves-the-way-for-simulating-quantum-systems (1/1), chunk 6/41
[17:31:54 +32s | thequantuminsider_2019_12_03_research_paves_the_way_for_simulating_quantum_systems] Extracting actors: https://thequantuminsider.com/2019/12/03/research-paves-the-way-for-simulating-quantum-systems (1/1), chunk 7/41
[17:31:59 +37s | thequantuminsider_2019_12_03_research_paves_the_way_for_simulating_quantum_systems] Extracting actors: https://thequantuminsider.com/2019/12/03/research-paves-the-way-for-simulating-quantum-systems (1/1), chunk 8/41
[17:32:06 +41s | thequantuminsider_2019_12_03_research_paves_the_way_for_simulating_quantum_systems] Extracting actors: https://thequantuminsider.com/2019/12/03/research-paves-the-way-for-simulating-quantum-systems (1/1), chunk 9/41
[17:32:10 +45s | thequantuminsider_2019_12_03_research_paves_the_way_for_simulating_quantum_systems] Extracting actors: https://thequantuminsider.com/2019/12/03/research-paves-the-way-for-simulating-quantum-systems (1/1), chunk 10/41
[17:32:16 +51s | thequantuminsider_2019_12_03_research_paves_the_way_for_simulating_quantum_systems] Extracting actors: https://thequantuminsider.com/2019/12/03/research-paves-the-way-for-simulating-quantum-systems (1/1), chunk 11/41
[17:32:22 +57s | thequantuminsider_2019_12_03_research_paves_the_way_for_simulating_quantum_systems] Extracting actors: https://thequantuminsider.com/2019/12/03/research-paves-the-way-for-simulating-quantum-systems (1/1), chunk 12/41
[17:32:29 +1m 4s | thequantuminsider_2019_12_03_research_paves_the_way_for_simulating_quantum_systems] Repaired malformed JSON.
[17:32:29 +1m 4s | thequantuminsider_2019_12_03_research_paves_the_way_for_simulating_quantum_systems] Extracting actors: https://thequantuminsider.com/2019/12/03/research-paves-the-way-for-simulating-quantum-systems (1/1), chunk 13/41
[17:32:35 +1m 10s | thequantuminsider_2019_12_03_research_paves_the_way_for_simulating_quantum_systems] Repaired malformed JSON.
[17:32:35 +1m 10s | thequantuminsider_2019_12_03_research_paves_the_way_for_simulating_quantum_systems] Extracting actors: https://thequantuminsider.com/2019/12/03/research-paves-the-way-for-simulating-quantum-systems (1/1), chunk 14/41
[17:32:43 +1m 15s | thequantuminsider_2019_12_03_research_paves_the_way_for_simulating_quantum_systems] Repaired malformed JSON.
[17:32:43 +1m 15s | thequantuminsider_2019_12_03_research_paves_the_way_for_simulating_quantum_systems] Extracting actors: https://thequantuminsider.com/2019/12/03/research-paves-the-way-for-simulating-quantum-systems (1/1), chunk 15/41
[17:32:50 +1m 22s | thequantuminsider_2019_12_03_research_paves_the_way_for_simulating_quantum_systems] Repaired malformed JSON.
[17:32:50 +1m 22s | thequantuminsider_2019_12_03_research_paves_the_way_for_simulating_quantum_systems] Extracting actors: https://thequantuminsider.com/2019/12/03/research-paves-the-way-for-simulating-quantum-systems (1/1), chunk 16/41
[17:32:55 +1m 27s | thequantuminsider_2019_12_03_research_paves_the_way_for_simulating_quantum_systems] Repaired malformed JSON.
[17:32:55 +1m 27s | thequantuminsider_2019_12_03_research_paves_the_way_for_simulating_quantum_systems] Extracting actors: https://thequantuminsider.com/2019/12/03/research-paves-the-way-for-simulating-quantum-systems (1/1), chunk 17/41
[17:33:02 +1m 34s | thequantuminsider_2019_12_03_research_paves_the_way_for_simulating_quantum_systems] Repaired malformed JSON.
[17:33:02 +1m 34s | thequantuminsider_2019_12_03_research_paves_the_way_for_simulating_quantum_systems] Extracting actors: https://thequantuminsider.com/2019/12/03/research-paves-the-way-for-simulating-quantum-systems (1/1), chunk 18/41
[17:33:10 +1m 42s | thequantuminsider_2019_12_03_research_paves_the_way_for_simulating_quantum_systems] Repaired malformed JSON.
[17:33:10 +1m 42s | thequantuminsider_2019_12_03_research_paves_the_way_for_simulating_quantum_systems] Extracting actors: https://thequantuminsider.com/2019/12/03/research-paves-the-way-for-simulating-quantum-systems (1/1), chunk 19/41
[17:33:19 +1m 48s | thequantuminsider_2019_12_03_research_paves_the_way_for_simulating_quantum_systems] Repaired malformed JSON.
[17:33:19 +1m 48s | thequantuminsider_2019_12_03_research_paves_the_way_for_simulating_quantum_systems] Extracting actors: https://thequantuminsider.com/2019/12/03/research-paves-the-way-for-simulating-quantum-systems (1/1), chunk 20/41
[17:33:27 +1m 56s | thequantuminsider_2019_12_03_research_paves_the_way_for_simulating_quantum_systems] Repaired malformed JSON.
[17:33:27 +1m 56s | thequantuminsider_2019_12_03_research_paves_the_way_for_simulating_quantum_systems] Extracting actors: https://thequantuminsider.com/2019/12/03/research-paves-the-way-for-simulating-quantum-systems (1/1), chunk 21/41
[17:33:33 +2m 2s | thequantuminsider_2019_12_03_research_paves_the_way_for_simulating_quantum_systems] Repaired malformed JSON.
[17:33:33 +2m 2s | thequantuminsider_2019_12_03_research_paves_the_way_for_simulating_quantum_systems] Extracting actors: https://thequantuminsider.com/2019/12/03/research-paves-the-way-for-simulating-quantum-systems (1/1), chunk 22/41
[17:33:38 +2m 8s | thequantuminsider_2019_12_03_research_paves_the_way_for_simulating_quantum_systems] Repaired malformed JSON.
[17:33:38 +2m 8s | thequantuminsider_2019_12_03_research_paves_the_way_for_simulating_quantum_systems] Extracting actors: https://thequantuminsider.com/2019/12/03/research-paves-the-way-for-simulating-quantum-systems (1/1), chunk 23/41
[17:33:46 +2m 15s | thequantuminsider_2019_12_03_research_paves_the_way_for_simulating_quantum_systems] Repaired malformed JSON.
[17:33:46 +2m 15s | thequantuminsider_2019_12_03_research_paves_the_way_for_simulating_quantum_systems] Extracting actors: https://thequantuminsider.com/2019/12/03/research-paves-the-way-for-simulating-quantum-systems (1/1), chunk 24/41
[17:33:54 +2m 20s | thequantuminsider_2019_12_03_research_paves_the_way_for_simulating_quantum_systems] Repaired malformed JSON.
[17:33:54 +2m 20s | thequantuminsider_2019_12_03_research_paves_the_way_for_simulating_quantum_systems] Extracting actors: https://thequantuminsider.com/2019/12/03/research-paves-the-way-for-simulating-quantum-systems (1/1), chunk 25/41
[17:33:59 +2m 26s | thequantuminsider_2019_12_03_research_paves_the_way_for_simulating_quantum_systems] Repaired malformed JSON.
[17:33:59 +2m 26s | thequantuminsider_2019_12_03_research_paves_the_way_for_simulating_quantum_systems] Extracting actors: https://thequantuminsider.com/2019/12/03/research-paves-the-way-for-simulating-quantum-systems (1/1), chunk 26/41
[17:34:08 +2m 35s | thequantuminsider_2019_12_03_research_paves_the_way_for_simulating_quantum_systems] Repaired malformed JSON.
[17:34:08 +2m 35s | thequantuminsider_2019_12_03_research_paves_the_way_for_simulating_quantum_systems] Extracting actors: https://thequantuminsider.com/2019/12/03/research-paves-the-way-for-simulating-quantum-systems (1/1), chunk 27/41
[17:34:15 +2m 41s | thequantuminsider_2019_12_03_research_paves_the_way_for_simulating_quantum_systems] Extracting actors: https://thequantuminsider.com/2019/12/03/research-paves-the-way-for-simulating-quantum-systems (1/1), chunk 28/41
[17:34:21 +2m 47s | thequantuminsider_2019_12_03_research_paves_the_way_for_simulating_quantum_systems] Repaired malformed JSON.
[17:34:21 +2m 47s | thequantuminsider_2019_12_03_research_paves_the_way_for_simulating_quantum_systems] Extracting actors: https://thequantuminsider.com/2019/12/03/research-paves-the-way-for-simulating-quantum-systems (1/1), chunk 29/41
[17:34:26 +2m 49s | thequantuminsider_2019_12_03_research_paves_the_way_for_simulating_quantum_systems] Extracting actors: https://thequantuminsider.com/2019/12/03/research-paves-the-way-for-simulating-quantum-systems (1/1), chunk 30/41
[17:34:33 +2m 56s | thequantuminsider_2019_12_03_research_paves_the_way_for_simulating_quantum_systems] Extracting actors: https://thequantuminsider.com/2019/12/03/research-paves-the-way-for-simulating-quantum-systems (1/1), chunk 31/41
[17:34:38 +3m 2s | thequantuminsider_2019_12_03_research_paves_the_way_for_simulating_quantum_systems] Repaired malformed JSON.
[17:34:38 +3m 2s | thequantuminsider_2019_12_03_research_paves_the_way_for_simulating_quantum_systems] Extracting actors: https://thequantuminsider.com/2019/12/03/research-paves-the-way-for-simulating-quantum-systems (1/1), chunk 32/41
[17:34:44 +3m 8s | thequantuminsider_2019_12_03_research_paves_the_way_for_simulating_quantum_systems] Repaired malformed JSON.
[17:34:44 +3m 8s | thequantuminsider_2019_12_03_research_paves_the_way_for_simulating_quantum_systems] Extracting actors: https://thequantuminsider.com/2019/12/03/research-paves-the-way-for-simulating-quantum-systems (1/1), chunk 33/41
[17:34:50 +3m 13s | thequantuminsider_2019_12_03_research_paves_the_way_for_simulating_quantum_systems] Repaired malformed JSON.
[17:34:50 +3m 13s | thequantuminsider_2019_12_03_research_paves_the_way_for_simulating_quantum_systems] Extracting actors: https://thequantuminsider.com/2019/12/03/research-paves-the-way-for-simulating-quantum-systems (1/1), chunk 34/41
[17:35:01 +3m 22s | thequantuminsider_2019_12_03_research_paves_the_way_for_simulating_quantum_systems] Repaired malformed JSON.
[17:35:01 +3m 22s | thequantuminsider_2019_12_03_research_paves_the_way_for_simulating_quantum_systems] Extracting actors: https://thequantuminsider.com/2019/12/03/research-paves-the-way-for-simulating-quantum-systems (1/1), chunk 35/41
[17:35:07 +3m 28s | thequantuminsider_2019_12_03_research_paves_the_way_for_simulating_quantum_systems] Repaired malformed JSON.
[17:35:07 +3m 28s | thequantuminsider_2019_12_03_research_paves_the_way_for_simulating_quantum_systems] Extracting actors: https://thequantuminsider.com/2019/12/03/research-paves-the-way-for-simulating-quantum-systems (1/1), chunk 36/41
[17:35:13 +3m 34s | thequantuminsider_2019_12_03_research_paves_the_way_for_simulating_quantum_systems] Repaired malformed JSON.
[17:35:13 +3m 34s | thequantuminsider_2019_12_03_research_paves_the_way_for_simulating_quantum_systems] Extracting actors: https://thequantuminsider.com/2019/12/03/research-paves-the-way-for-simulating-quantum-systems (1/1), chunk 37/41
[17:35:22 +3m 42s | thequantuminsider_2019_12_03_research_paves_the_way_for_simulating_quantum_systems] Repaired malformed JSON.
[17:35:22 +3m 42s | thequantuminsider_2019_12_03_research_paves_the_way_for_simulating_quantum_systems] Extracting actors: https://thequantuminsider.com/2019/12/03/research-paves-the-way-for-simulating-quantum-systems (1/1), chunk 38/41
[17:35:29 +3m 50s | thequantuminsider_2019_12_03_research_paves_the_way_for_simulating_quantum_systems] Repaired malformed JSON.
[17:35:29 +3m 50s | thequantuminsider_2019_12_03_research_paves_the_way_for_simulating_quantum_systems] Extracting actors: https://thequantuminsider.com/2019/12/03/research-paves-the-way-for-simulating-quantum-systems (1/1), chunk 39/41
[17:35:36 +3m 53s | thequantuminsider_2019_12_03_research_paves_the_way_for_simulating_quantum_systems] Extracting actors: https://thequantuminsider.com/2019/12/03/research-paves-the-way-for-simulating-quantum-systems (1/1), chunk 40/41
[17:35:42 +4m 0s | thequantuminsider_2019_12_03_research_paves_the_way_for_simulating_quantum_systems] Repaired malformed JSON.
[17:35:42 +4m 0s | thequantuminsider_2019_12_03_research_paves_the_way_for_simulating_quantum_systems] Extracting actors: https://thequantuminsider.com/2019/12/03/research-paves-the-way-for-simulating-quantum-systems (1/1), chunk 41/41
[17:35:48 +4m 5s | thequantuminsider_2019_12_03_research_paves_the_way_for_simulating_quantum_systems] Saved 1_actor_results.json with 61 extracted records

[17:35:48 +4m 5s | thequantuminsider_2019_12_03_research_paves_the_way_for_simulating_quantum_systems] === 2 clean actors ===
[17:35:48 +4m 5s | thequantuminsider_2019_12_03_research_paves_the_way_for_simulating_quantum_systems] Loaded 61 extracted records
[17:35:48 +4m 5s | thequantuminsider_2019_12_03_research_paves_the_way_for_simulating_quantum_systems] Saved 2_actor_nodes.json with 22 canonical actor nodes

[17:35:48 +4m 5s | thequantuminsider_2019_12_03_research_paves_the_way_for_simulating_quantum_systems] === 3 interaction extraction ===
[17:35:48 +4m 5s | thequantuminsider_2019_12_03_research_paves_the_way_for_simulating_quantum_systems] Extracting interactions: https://thequantuminsider.com/2019/12/03/research-paves-the-way-for-simulating-quantum-systems (1/1), chunk 12/41
[17:36:01 +4m 19s | thequantuminsider_2019_12_03_research_paves_the_way_for_simulating_quantum_systems] Extracting interactions: https://thequantuminsider.com/2019/12/03/research-paves-the-way-for-simulating-quantum-systems (1/1), chunk 13/41
[17:36:16 +4m 30s | thequantuminsider_2019_12_03_research_paves_the_way_for_simulating_quantum_systems] Extracting interactions: https://thequantuminsider.com/2019/12/03/research-paves-the-way-for-simulating-quantum-systems (1/1), chunk 14/41
[17:36:20 +4m 34s | thequantuminsider_2019_12_03_research_paves_the_way_for_simulating_quantum_systems] Extracting interactions: https://thequantuminsider.com/2019/12/03/research-paves-the-way-for-simulating-quantum-systems (1/1), chunk 15/41
[17:36:26 +4m 40s | thequantuminsider_2019_12_03_research_paves_the_way_for_simulating_quantum_systems] Extracting interactions: https://thequantuminsider.com/2019/12/03/research-paves-the-way-for-simulating-quantum-systems (1/1), chunk 16/41
[17:36:37 +4m 51s | thequantuminsider_2019_12_03_research_paves_the_way_for_simulating_quantum_systems] Extracting interactions: https://thequantuminsider.com/2019/12/03/research-paves-the-way-for-simulating-quantum-systems (1/1), chunk 17/41
[17:36:42 +4m 56s | thequantuminsider_2019_12_03_research_paves_the_way_for_simulating_quantum_systems] Extracting interactions: https://thequantuminsider.com/2019/12/03/research-paves-the-way-for-simulating-quantum-systems (1/1), chunk 18/41
[17:36:51 +5m 3s | thequantuminsider_2019_12_03_research_paves_the_way_for_simulating_quantum_systems] Extracting interactions: https://thequantuminsider.com/2019/12/03/research-paves-the-way-for-simulating-quantum-systems (1/1), chunk 19/41
[17:36:58 +5m 10s | thequantuminsider_2019_12_03_research_paves_the_way_for_simulating_quantum_systems] Extracting interactions: https://thequantuminsider.com/2019/12/03/research-paves-the-way-for-simulating-quantum-systems (1/1), chunk 20/41
[17:37:10 +5m 22s | thequantuminsider_2019_12_03_research_paves_the_way_for_simulating_quantum_systems] Extracting interactions: https://thequantuminsider.com/2019/12/03/research-paves-the-way-for-simulating-quantum-systems (1/1), chunk 21/41
[17:37:27 +5m 35s | thequantuminsider_2019_12_03_research_paves_the_way_for_simulating_quantum_systems] Extracting interactions: https://thequantuminsider.com/2019/12/03/research-paves-the-way-for-simulating-quantum-systems (1/1), chunk 22/41
[17:37:34 +5m 42s | thequantuminsider_2019_12_03_research_paves_the_way_for_simulating_quantum_systems] Extracting interactions: https://thequantuminsider.com/2019/12/03/research-paves-the-way-for-simulating-quantum-systems (1/1), chunk 23/41
[17:37:40 +5m 49s | thequantuminsider_2019_12_03_research_paves_the_way_for_simulating_quantum_systems] Extracting interactions: https://thequantuminsider.com/2019/12/03/research-paves-the-way-for-simulating-quantum-systems (1/1), chunk 24/41
[17:37:48 +5m 57s | thequantuminsider_2019_12_03_research_paves_the_way_for_simulating_quantum_systems] Extracting interactions: https://thequantuminsider.com/2019/12/03/research-paves-the-way-for-simulating-quantum-systems (1/1), chunk 25/41
[17:37:51 +6m 0s | thequantuminsider_2019_12_03_research_paves_the_way_for_simulating_quantum_systems] Extracting interactions: https://thequantuminsider.com/2019/12/03/research-paves-the-way-for-simulating-quantum-systems (1/1), chunk 28/41
[17:37:58 +6m 4s | thequantuminsider_2019_12_03_research_paves_the_way_for_simulating_quantum_systems] Extracting interactions: https://thequantuminsider.com/2019/12/03/research-paves-the-way-for-simulating-quantum-systems (1/1), chunk 29/41
[17:38:22 +6m 28s | thequantuminsider_2019_12_03_research_paves_the_way_for_simulating_quantum_systems] Extracting interactions: https://thequantuminsider.com/2019/12/03/research-paves-the-way-for-simulating-quantum-systems (1/1), chunk 30/41
[17:38:24 +6m 30s | thequantuminsider_2019_12_03_research_paves_the_way_for_simulating_quantum_systems] Extracting interactions: https://thequantuminsider.com/2019/12/03/research-paves-the-way-for-simulating-quantum-systems (1/1), chunk 32/41
[17:38:25 +6m 31s | thequantuminsider_2019_12_03_research_paves_the_way_for_simulating_quantum_systems] Extracting interactions: https://thequantuminsider.com/2019/12/03/research-paves-the-way-for-simulating-quantum-systems (1/1), chunk 33/41
[17:38:27 +6m 33s | thequantuminsider_2019_12_03_research_paves_the_way_for_simulating_quantum_systems] Extracting interactions: https://thequantuminsider.com/2019/12/03/research-paves-the-way-for-simulating-quantum-systems (1/1), chunk 34/41
[17:38:28 +6m 34s | thequantuminsider_2019_12_03_research_paves_the_way_for_simulating_quantum_systems] Extracting interactions: https://thequantuminsider.com/2019/12/03/research-paves-the-way-for-simulating-quantum-systems (1/1), chunk 35/41
[17:38:33 +6m 36s | thequantuminsider_2019_12_03_research_paves_the_way_for_simulating_quantum_systems] Extracting interactions: https://thequantuminsider.com/2019/12/03/research-paves-the-way-for-simulating-quantum-systems (1/1), chunk 37/41
[17:38:35 +6m 38s | thequantuminsider_2019_12_03_research_paves_the_way_for_simulating_quantum_systems] Extracting interactions: https://thequantuminsider.com/2019/12/03/research-paves-the-way-for-simulating-quantum-systems (1/1), chunk 38/41
[17:38:37 +6m 39s | thequantuminsider_2019_12_03_research_paves_the_way_for_simulating_quantum_systems] Saved 3_interaction_results.json with 27 extracted interactions.

[17:38:37 +6m 39s | thequantuminsider_2019_12_03_research_paves_the_way_for_simulating_quantum_systems] === 4 clean interactions ===
[17:38:37 +6m 39s | thequantuminsider_2019_12_03_research_paves_the_way_for_simulating_quantum_systems] Saved 4_edges.json with 2 cleaned interactions.

[17:38:37 +6m 39s | thequantuminsider_2019_12_03_research_paves_the_way_for_simulating_quantum_systems] === 5 helix enrichment ===
[17:38:37 +6m 39s | thequantuminsider_2019_12_03_research_paves_the_way_for_simulating_quantum_systems] Wrote 5_nodes.json (22 actors)
[17:38:37 +6m 39s | thequantuminsider_2019_12_03_research_paves_the_way_for_simulating_quantum_systems] Wrote 5_edges.json (2 interactions)
[17:38:37 +6m 39s | thequantuminsider_2019_12_03_research_paves_the_way_for_simulating_quantum_systems] Actor helix counts: {'Academia': 4, 'Civil Society': 4, 'Government': 4, 'Industry': 2, 'Intermediary': 1, 'Unknown': 7}
[17:38:37 +6m 39s | thequantuminsider_2019_12_03_research_paves_the_way_for_simulating_quantum_systems] Functional-space counts: {'Intra-helix / Not classified': 2}

[17:38:37 +6m 40s | thequantuminsider_2019_12_03_research_paves_the_way_for_simulating_quantum_systems] === 6 network visualisation ===
[17:38:37 +6m 40s | thequantuminsider_2019_12_03_research_paves_the_way_for_simulating_quantum_systems] Wrote quantum_network.html
[17:38:37 +6m 40s | thequantuminsider_2019_12_03_research_paves_the_way_for_simulating_quantum_systems] Nodes: 22
[17:38:37 +6m 40s | thequantuminsider_2019_12_03_research_paves_the_way_for_simulating_quantum_systems] Edges: 1

[17:38:37 +6m 40s | thequantuminsider_2019_12_03_research_paves_the_way_for_simulating_quantum_systems] Done. Outputs written to: /home/lv/IDP/idpdeeptech/pipeline/news_outputs/thequantuminsider_2019_12_03_research_paves_the_way_for_simulating_quantum_systems
[17:38:37 +6m 40s | thequantuminsider_2019_12_03_research_paves_the_way_for_simulating_quantum_systems] Log: /home/lv/IDP/idpdeeptech/pipeline/news_outputs/thequantuminsider_2019_12_03_research_paves_the_way_for_simulating_quantum_systems/run.log

========================================================================
RUN FINISHED 2026-07-01 17:38:37  (OK)
Started:     2026-07-01 17:31:19
Elapsed:     6m 40s
========================================================================
