
========================================================================
RUN STARTED  2026-07-02 09:29:07
site_pipeline.py https://thequantuminsider.com/2024/02/27/scientists-develop-a-technique-to-protect-a-quantum-era-metaverse/
========================================================================

[09:29:07 +0s | thequantuminsider_2024_02_27_scientists_develop_a_technique_to_protect_a_quantum_era_metaverse] === 0 crawl site ===
[09:29:09 +2s | thequantuminsider_2024_02_27_scientists_develop_a_technique_to_protect_a_quantum_era_metaverse] [INIT].... → Crawl4AI 0.8.6 
[09:29:12 +5s | thequantuminsider_2024_02_27_scientists_develop_a_technique_to_protect_a_quantum_era_metaverse] [FETCH]... ↓ https://thequantuminsider.com/2024/02/27/scienti...-a-technique-to-protect-a-quantum-era-metaverse/  | ✓ | ⏱: 2.99s 
[09:29:12 +6s | thequantuminsider_2024_02_27_scientists_develop_a_technique_to_protect_a_quantum_era_metaverse] [SCRAPE].. ◆ https://thequantuminsider.com/2024/02/27/scienti...-a-technique-to-protect-a-quantum-era-metaverse/  | ✓ | ⏱: 0.21s 
[09:29:13 +6s | thequantuminsider_2024_02_27_scientists_develop_a_technique_to_protect_a_quantum_era_metaverse] [COMPLETE] ● https://thequantuminsider.com/2024/02/27/scienti...-a-technique-to-protect-a-quantum-era-metaverse/  | ✓ | ⏱: 3.24s 
[09:29:13 +6s | thequantuminsider_2024_02_27_scientists_develop_a_technique_to_protect_a_quantum_era_metaverse] Saved: crawl_output/4291f655aa_thequantuminsider.com_2024_02_27_scientists-develop-a-technique-to-protect-a-quantum-era-metaverse.json

[09:29:13 +6s | thequantuminsider_2024_02_27_scientists_develop_a_technique_to_protect_a_quantum_era_metaverse] === 1 actor extraction ===
[09:29:13 +6s | thequantuminsider_2024_02_27_scientists_develop_a_technique_to_protect_a_quantum_era_metaverse] Reading page (1/1): https://thequantuminsider.com/2024/02/27/scientists-develop-a-technique-to-protect-a-quantum-era-metaverse
[09:29:13 +6s | thequantuminsider_2024_02_27_scientists_develop_a_technique_to_protect_a_quantum_era_metaverse] Extracting actors: https://thequantuminsider.com/2024/02/27/scientists-develop-a-technique-to-protect-a-quantum-era-metaverse (1/1), chunk 1/38
[09:29:19 +12s | thequantuminsider_2024_02_27_scientists_develop_a_technique_to_protect_a_quantum_era_metaverse] Extracting actors: https://thequantuminsider.com/2024/02/27/scientists-develop-a-technique-to-protect-a-quantum-era-metaverse (1/1), chunk 2/38
[09:29:24 +17s | thequantuminsider_2024_02_27_scientists_develop_a_technique_to_protect_a_quantum_era_metaverse] Extracting actors: https://thequantuminsider.com/2024/02/27/scientists-develop-a-technique-to-protect-a-quantum-era-metaverse (1/1), chunk 3/38
[09:29:28 +21s | thequantuminsider_2024_02_27_scientists_develop_a_technique_to_protect_a_quantum_era_metaverse] Extracting actors: https://thequantuminsider.com/2024/02/27/scientists-develop-a-technique-to-protect-a-quantum-era-metaverse (1/1), chunk 4/38
[09:29:33 +26s | thequantuminsider_2024_02_27_scientists_develop_a_technique_to_protect_a_quantum_era_metaverse] Extracting actors: https://thequantuminsider.com/2024/02/27/scientists-develop-a-technique-to-protect-a-quantum-era-metaverse (1/1), chunk 5/38
[09:29:40 +33s | thequantuminsider_2024_02_27_scientists_develop_a_technique_to_protect_a_quantum_era_metaverse] Extracting actors: https://thequantuminsider.com/2024/02/27/scientists-develop-a-technique-to-protect-a-quantum-era-metaverse (1/1), chunk 6/38
[09:29:45 +38s | thequantuminsider_2024_02_27_scientists_develop_a_technique_to_protect_a_quantum_era_metaverse] Extracting actors: https://thequantuminsider.com/2024/02/27/scientists-develop-a-technique-to-protect-a-quantum-era-metaverse (1/1), chunk 7/38
[09:29:49 +42s | thequantuminsider_2024_02_27_scientists_develop_a_technique_to_protect_a_quantum_era_metaverse] Extracting actors: https://thequantuminsider.com/2024/02/27/scientists-develop-a-technique-to-protect-a-quantum-era-metaverse (1/1), chunk 8/38
[09:29:54 +47s | thequantuminsider_2024_02_27_scientists_develop_a_technique_to_protect_a_quantum_era_metaverse] Extracting actors: https://thequantuminsider.com/2024/02/27/scientists-develop-a-technique-to-protect-a-quantum-era-metaverse (1/1), chunk 9/38
[09:29:59 +52s | thequantuminsider_2024_02_27_scientists_develop_a_technique_to_protect_a_quantum_era_metaverse] Extracting actors: https://thequantuminsider.com/2024/02/27/scientists-develop-a-technique-to-protect-a-quantum-era-metaverse (1/1), chunk 10/38
[09:30:07 +1m 0s | thequantuminsider_2024_02_27_scientists_develop_a_technique_to_protect_a_quantum_era_metaverse] Extracting actors: https://thequantuminsider.com/2024/02/27/scientists-develop-a-technique-to-protect-a-quantum-era-metaverse (1/1), chunk 11/38
[09:30:13 +1m 6s | thequantuminsider_2024_02_27_scientists_develop_a_technique_to_protect_a_quantum_era_metaverse] Repaired malformed JSON.
[09:30:13 +1m 6s | thequantuminsider_2024_02_27_scientists_develop_a_technique_to_protect_a_quantum_era_metaverse] Extracting actors: https://thequantuminsider.com/2024/02/27/scientists-develop-a-technique-to-protect-a-quantum-era-metaverse (1/1), chunk 12/38
[09:30:23 +1m 16s | thequantuminsider_2024_02_27_scientists_develop_a_technique_to_protect_a_quantum_era_metaverse] Repaired malformed JSON.
[09:30:23 +1m 16s | thequantuminsider_2024_02_27_scientists_develop_a_technique_to_protect_a_quantum_era_metaverse] Extracting actors: https://thequantuminsider.com/2024/02/27/scientists-develop-a-technique-to-protect-a-quantum-era-metaverse (1/1), chunk 13/38
[09:30:31 +1m 24s | thequantuminsider_2024_02_27_scientists_develop_a_technique_to_protect_a_quantum_era_metaverse] Repaired malformed JSON.
[09:30:31 +1m 24s | thequantuminsider_2024_02_27_scientists_develop_a_technique_to_protect_a_quantum_era_metaverse] Extracting actors: https://thequantuminsider.com/2024/02/27/scientists-develop-a-technique-to-protect-a-quantum-era-metaverse (1/1), chunk 14/38
[09:30:36 +1m 29s | thequantuminsider_2024_02_27_scientists_develop_a_technique_to_protect_a_quantum_era_metaverse] Extracting actors: https://thequantuminsider.com/2024/02/27/scientists-develop-a-technique-to-protect-a-quantum-era-metaverse (1/1), chunk 15/38
[09:30:42 +1m 35s | thequantuminsider_2024_02_27_scientists_develop_a_technique_to_protect_a_quantum_era_metaverse] Repaired malformed JSON.
[09:30:42 +1m 35s | thequantuminsider_2024_02_27_scientists_develop_a_technique_to_protect_a_quantum_era_metaverse] Extracting actors: https://thequantuminsider.com/2024/02/27/scientists-develop-a-technique-to-protect-a-quantum-era-metaverse (1/1), chunk 16/38
[09:30:49 +1m 42s | thequantuminsider_2024_02_27_scientists_develop_a_technique_to_protect_a_quantum_era_metaverse] Repaired malformed JSON.
[09:30:49 +1m 42s | thequantuminsider_2024_02_27_scientists_develop_a_technique_to_protect_a_quantum_era_metaverse] Extracting actors: https://thequantuminsider.com/2024/02/27/scientists-develop-a-technique-to-protect-a-quantum-era-metaverse (1/1), chunk 17/38
[09:30:55 +1m 48s | thequantuminsider_2024_02_27_scientists_develop_a_technique_to_protect_a_quantum_era_metaverse] Repaired malformed JSON.
[09:30:55 +1m 48s | thequantuminsider_2024_02_27_scientists_develop_a_technique_to_protect_a_quantum_era_metaverse] Extracting actors: https://thequantuminsider.com/2024/02/27/scientists-develop-a-technique-to-protect-a-quantum-era-metaverse (1/1), chunk 18/38
[09:31:02 +1m 55s | thequantuminsider_2024_02_27_scientists_develop_a_technique_to_protect_a_quantum_era_metaverse] Repaired malformed JSON.
[09:31:02 +1m 55s | thequantuminsider_2024_02_27_scientists_develop_a_technique_to_protect_a_quantum_era_metaverse] Extracting actors: https://thequantuminsider.com/2024/02/27/scientists-develop-a-technique-to-protect-a-quantum-era-metaverse (1/1), chunk 19/38
[09:31:07 +2m 1s | thequantuminsider_2024_02_27_scientists_develop_a_technique_to_protect_a_quantum_era_metaverse] Repaired malformed JSON.
[09:31:07 +2m 1s | thequantuminsider_2024_02_27_scientists_develop_a_technique_to_protect_a_quantum_era_metaverse] Extracting actors: https://thequantuminsider.com/2024/02/27/scientists-develop-a-technique-to-protect-a-quantum-era-metaverse (1/1), chunk 20/38
[09:31:15 +2m 8s | thequantuminsider_2024_02_27_scientists_develop_a_technique_to_protect_a_quantum_era_metaverse] Repaired malformed JSON.
[09:31:15 +2m 8s | thequantuminsider_2024_02_27_scientists_develop_a_technique_to_protect_a_quantum_era_metaverse] Extracting actors: https://thequantuminsider.com/2024/02/27/scientists-develop-a-technique-to-protect-a-quantum-era-metaverse (1/1), chunk 21/38
[09:31:25 +2m 18s | thequantuminsider_2024_02_27_scientists_develop_a_technique_to_protect_a_quantum_era_metaverse] Repaired malformed JSON.
[09:31:25 +2m 18s | thequantuminsider_2024_02_27_scientists_develop_a_technique_to_protect_a_quantum_era_metaverse] Extracting actors: https://thequantuminsider.com/2024/02/27/scientists-develop-a-technique-to-protect-a-quantum-era-metaverse (1/1), chunk 22/38
[09:31:32 +2m 25s | thequantuminsider_2024_02_27_scientists_develop_a_technique_to_protect_a_quantum_era_metaverse] Repaired malformed JSON.
[09:31:32 +2m 25s | thequantuminsider_2024_02_27_scientists_develop_a_technique_to_protect_a_quantum_era_metaverse] Extracting actors: https://thequantuminsider.com/2024/02/27/scientists-develop-a-technique-to-protect-a-quantum-era-metaverse (1/1), chunk 23/38
[09:31:40 +2m 33s | thequantuminsider_2024_02_27_scientists_develop_a_technique_to_protect_a_quantum_era_metaverse] Repaired malformed JSON.
[09:31:40 +2m 33s | thequantuminsider_2024_02_27_scientists_develop_a_technique_to_protect_a_quantum_era_metaverse] Extracting actors: https://thequantuminsider.com/2024/02/27/scientists-develop-a-technique-to-protect-a-quantum-era-metaverse (1/1), chunk 24/38
[09:31:46 +2m 39s | thequantuminsider_2024_02_27_scientists_develop_a_technique_to_protect_a_quantum_era_metaverse] Repaired malformed JSON.
[09:31:46 +2m 39s | thequantuminsider_2024_02_27_scientists_develop_a_technique_to_protect_a_quantum_era_metaverse] Extracting actors: https://thequantuminsider.com/2024/02/27/scientists-develop-a-technique-to-protect-a-quantum-era-metaverse (1/1), chunk 25/38
[09:31:54 +2m 47s | thequantuminsider_2024_02_27_scientists_develop_a_technique_to_protect_a_quantum_era_metaverse] Repaired malformed JSON.
[09:31:54 +2m 47s | thequantuminsider_2024_02_27_scientists_develop_a_technique_to_protect_a_quantum_era_metaverse] Extracting actors: https://thequantuminsider.com/2024/02/27/scientists-develop-a-technique-to-protect-a-quantum-era-metaverse (1/1), chunk 26/38
[09:32:01 +2m 54s | thequantuminsider_2024_02_27_scientists_develop_a_technique_to_protect_a_quantum_era_metaverse] Extracting actors: https://thequantuminsider.com/2024/02/27/scientists-develop-a-technique-to-protect-a-quantum-era-metaverse (1/1), chunk 27/38
[09:32:08 +3m 1s | thequantuminsider_2024_02_27_scientists_develop_a_technique_to_protect_a_quantum_era_metaverse] Repaired malformed JSON.
[09:32:08 +3m 1s | thequantuminsider_2024_02_27_scientists_develop_a_technique_to_protect_a_quantum_era_metaverse] Extracting actors: https://thequantuminsider.com/2024/02/27/scientists-develop-a-technique-to-protect-a-quantum-era-metaverse (1/1), chunk 28/38
[09:32:12 +3m 5s | thequantuminsider_2024_02_27_scientists_develop_a_technique_to_protect_a_quantum_era_metaverse] Extracting actors: https://thequantuminsider.com/2024/02/27/scientists-develop-a-technique-to-protect-a-quantum-era-metaverse (1/1), chunk 29/38
[09:32:17 +3m 10s | thequantuminsider_2024_02_27_scientists_develop_a_technique_to_protect_a_quantum_era_metaverse] Extracting actors: https://thequantuminsider.com/2024/02/27/scientists-develop-a-technique-to-protect-a-quantum-era-metaverse (1/1), chunk 30/38
[09:32:27 +3m 20s | thequantuminsider_2024_02_27_scientists_develop_a_technique_to_protect_a_quantum_era_metaverse] Repaired malformed JSON.
[09:32:27 +3m 20s | thequantuminsider_2024_02_27_scientists_develop_a_technique_to_protect_a_quantum_era_metaverse] Extracting actors: https://thequantuminsider.com/2024/02/27/scientists-develop-a-technique-to-protect-a-quantum-era-metaverse (1/1), chunk 31/38
[09:32:32 +3m 26s | thequantuminsider_2024_02_27_scientists_develop_a_technique_to_protect_a_quantum_era_metaverse] Repaired malformed JSON.
[09:32:32 +3m 26s | thequantuminsider_2024_02_27_scientists_develop_a_technique_to_protect_a_quantum_era_metaverse] Extracting actors: https://thequantuminsider.com/2024/02/27/scientists-develop-a-technique-to-protect-a-quantum-era-metaverse (1/1), chunk 32/38
[09:32:39 +3m 32s | thequantuminsider_2024_02_27_scientists_develop_a_technique_to_protect_a_quantum_era_metaverse] Repaired malformed JSON.
[09:32:39 +3m 32s | thequantuminsider_2024_02_27_scientists_develop_a_technique_to_protect_a_quantum_era_metaverse] Extracting actors: https://thequantuminsider.com/2024/02/27/scientists-develop-a-technique-to-protect-a-quantum-era-metaverse (1/1), chunk 33/38
[09:32:47 +3m 40s | thequantuminsider_2024_02_27_scientists_develop_a_technique_to_protect_a_quantum_era_metaverse] Repaired malformed JSON.
[09:32:47 +3m 40s | thequantuminsider_2024_02_27_scientists_develop_a_technique_to_protect_a_quantum_era_metaverse] Extracting actors: https://thequantuminsider.com/2024/02/27/scientists-develop-a-technique-to-protect-a-quantum-era-metaverse (1/1), chunk 34/38
[09:32:55 +3m 48s | thequantuminsider_2024_02_27_scientists_develop_a_technique_to_protect_a_quantum_era_metaverse] Repaired malformed JSON.
[09:32:55 +3m 48s | thequantuminsider_2024_02_27_scientists_develop_a_technique_to_protect_a_quantum_era_metaverse] Extracting actors: https://thequantuminsider.com/2024/02/27/scientists-develop-a-technique-to-protect-a-quantum-era-metaverse (1/1), chunk 35/38
[09:33:02 +3m 55s | thequantuminsider_2024_02_27_scientists_develop_a_technique_to_protect_a_quantum_era_metaverse] Repaired malformed JSON.
[09:33:02 +3m 55s | thequantuminsider_2024_02_27_scientists_develop_a_technique_to_protect_a_quantum_era_metaverse] Extracting actors: https://thequantuminsider.com/2024/02/27/scientists-develop-a-technique-to-protect-a-quantum-era-metaverse (1/1), chunk 36/38
[09:33:08 +4m 1s | thequantuminsider_2024_02_27_scientists_develop_a_technique_to_protect_a_quantum_era_metaverse] Repaired malformed JSON.
[09:33:08 +4m 1s | thequantuminsider_2024_02_27_scientists_develop_a_technique_to_protect_a_quantum_era_metaverse] Extracting actors: https://thequantuminsider.com/2024/02/27/scientists-develop-a-technique-to-protect-a-quantum-era-metaverse (1/1), chunk 37/38
[09:33:15 +4m 8s | thequantuminsider_2024_02_27_scientists_develop_a_technique_to_protect_a_quantum_era_metaverse] Repaired malformed JSON.
[09:33:15 +4m 8s | thequantuminsider_2024_02_27_scientists_develop_a_technique_to_protect_a_quantum_era_metaverse] Extracting actors: https://thequantuminsider.com/2024/02/27/scientists-develop-a-technique-to-protect-a-quantum-era-metaverse (1/1), chunk 38/38
[09:33:21 +4m 14s | thequantuminsider_2024_02_27_scientists_develop_a_technique_to_protect_a_quantum_era_metaverse] Repaired malformed JSON.
[09:33:21 +4m 14s | thequantuminsider_2024_02_27_scientists_develop_a_technique_to_protect_a_quantum_era_metaverse] Saved 1_actor_results.json with 56 extracted records

[09:33:21 +4m 14s | thequantuminsider_2024_02_27_scientists_develop_a_technique_to_protect_a_quantum_era_metaverse] === 2 clean actors ===
[09:33:21 +4m 14s | thequantuminsider_2024_02_27_scientists_develop_a_technique_to_protect_a_quantum_era_metaverse] Loaded 56 extracted records
[09:33:21 +4m 14s | thequantuminsider_2024_02_27_scientists_develop_a_technique_to_protect_a_quantum_era_metaverse] Saved 2_actor_nodes.json with 18 canonical actor nodes

[09:33:21 +4m 14s | thequantuminsider_2024_02_27_scientists_develop_a_technique_to_protect_a_quantum_era_metaverse] === 3 interaction extraction ===
[09:33:22 +4m 15s | thequantuminsider_2024_02_27_scientists_develop_a_technique_to_protect_a_quantum_era_metaverse] Extracting interactions: https://thequantuminsider.com/2024/02/27/scientists-develop-a-technique-to-protect-a-quantum-era-metaverse (1/1), chunk 15/38
[09:33:27 +4m 20s | thequantuminsider_2024_02_27_scientists_develop_a_technique_to_protect_a_quantum_era_metaverse] Extracting interactions: https://thequantuminsider.com/2024/02/27/scientists-develop-a-technique-to-protect-a-quantum-era-metaverse (1/1), chunk 16/38
[09:33:39 +4m 32s | thequantuminsider_2024_02_27_scientists_develop_a_technique_to_protect_a_quantum_era_metaverse] Extracting interactions: https://thequantuminsider.com/2024/02/27/scientists-develop-a-technique-to-protect-a-quantum-era-metaverse (1/1), chunk 17/38
[09:33:43 +4m 36s | thequantuminsider_2024_02_27_scientists_develop_a_technique_to_protect_a_quantum_era_metaverse] Extracting interactions: https://thequantuminsider.com/2024/02/27/scientists-develop-a-technique-to-protect-a-quantum-era-metaverse (1/1), chunk 18/38
[09:33:47 +4m 40s | thequantuminsider_2024_02_27_scientists_develop_a_technique_to_protect_a_quantum_era_metaverse] Extracting interactions: https://thequantuminsider.com/2024/02/27/scientists-develop-a-technique-to-protect-a-quantum-era-metaverse (1/1), chunk 19/38
[09:33:55 +4m 48s | thequantuminsider_2024_02_27_scientists_develop_a_technique_to_protect_a_quantum_era_metaverse] Extracting interactions: https://thequantuminsider.com/2024/02/27/scientists-develop-a-technique-to-protect-a-quantum-era-metaverse (1/1), chunk 20/38
[09:34:03 +4m 56s | thequantuminsider_2024_02_27_scientists_develop_a_technique_to_protect_a_quantum_era_metaverse] Extracting interactions: https://thequantuminsider.com/2024/02/27/scientists-develop-a-technique-to-protect-a-quantum-era-metaverse (1/1), chunk 21/38
[09:34:08 +5m 1s | thequantuminsider_2024_02_27_scientists_develop_a_technique_to_protect_a_quantum_era_metaverse] Extracting interactions: https://thequantuminsider.com/2024/02/27/scientists-develop-a-technique-to-protect-a-quantum-era-metaverse (1/1), chunk 22/38
[09:34:12 +5m 5s | thequantuminsider_2024_02_27_scientists_develop_a_technique_to_protect_a_quantum_era_metaverse] Extracting interactions: https://thequantuminsider.com/2024/02/27/scientists-develop-a-technique-to-protect-a-quantum-era-metaverse (1/1), chunk 23/38
[09:34:16 +5m 9s | thequantuminsider_2024_02_27_scientists_develop_a_technique_to_protect_a_quantum_era_metaverse] Extracting interactions: https://thequantuminsider.com/2024/02/27/scientists-develop-a-technique-to-protect-a-quantum-era-metaverse (1/1), chunk 24/38
[09:34:19 +5m 12s | thequantuminsider_2024_02_27_scientists_develop_a_technique_to_protect_a_quantum_era_metaverse] Extracting interactions: https://thequantuminsider.com/2024/02/27/scientists-develop-a-technique-to-protect-a-quantum-era-metaverse (1/1), chunk 25/38
[09:34:21 +5m 14s | thequantuminsider_2024_02_27_scientists_develop_a_technique_to_protect_a_quantum_era_metaverse] Extracting interactions: https://thequantuminsider.com/2024/02/27/scientists-develop-a-technique-to-protect-a-quantum-era-metaverse (1/1), chunk 27/38
[09:34:24 +5m 17s | thequantuminsider_2024_02_27_scientists_develop_a_technique_to_protect_a_quantum_era_metaverse] Extracting interactions: https://thequantuminsider.com/2024/02/27/scientists-develop-a-technique-to-protect-a-quantum-era-metaverse (1/1), chunk 28/38
[09:34:28 +5m 21s | thequantuminsider_2024_02_27_scientists_develop_a_technique_to_protect_a_quantum_era_metaverse] Extracting interactions: https://thequantuminsider.com/2024/02/27/scientists-develop-a-technique-to-protect-a-quantum-era-metaverse (1/1), chunk 29/38
[09:34:29 +5m 23s | thequantuminsider_2024_02_27_scientists_develop_a_technique_to_protect_a_quantum_era_metaverse] Extracting interactions: https://thequantuminsider.com/2024/02/27/scientists-develop-a-technique-to-protect-a-quantum-era-metaverse (1/1), chunk 30/38
[09:34:31 +5m 24s | thequantuminsider_2024_02_27_scientists_develop_a_technique_to_protect_a_quantum_era_metaverse] Extracting interactions: https://thequantuminsider.com/2024/02/27/scientists-develop-a-technique-to-protect-a-quantum-era-metaverse (1/1), chunk 31/38
[09:34:32 +5m 25s | thequantuminsider_2024_02_27_scientists_develop_a_technique_to_protect_a_quantum_era_metaverse] Extracting interactions: https://thequantuminsider.com/2024/02/27/scientists-develop-a-technique-to-protect-a-quantum-era-metaverse (1/1), chunk 32/38
[09:34:35 +5m 28s | thequantuminsider_2024_02_27_scientists_develop_a_technique_to_protect_a_quantum_era_metaverse] Extracting interactions: https://thequantuminsider.com/2024/02/27/scientists-develop-a-technique-to-protect-a-quantum-era-metaverse (1/1), chunk 33/38
[09:34:36 +5m 29s | thequantuminsider_2024_02_27_scientists_develop_a_technique_to_protect_a_quantum_era_metaverse] Extracting interactions: https://thequantuminsider.com/2024/02/27/scientists-develop-a-technique-to-protect-a-quantum-era-metaverse (1/1), chunk 34/38
[09:34:38 +5m 31s | thequantuminsider_2024_02_27_scientists_develop_a_technique_to_protect_a_quantum_era_metaverse] Extracting interactions: https://thequantuminsider.com/2024/02/27/scientists-develop-a-technique-to-protect-a-quantum-era-metaverse (1/1), chunk 35/38
[09:34:41 +5m 34s | thequantuminsider_2024_02_27_scientists_develop_a_technique_to_protect_a_quantum_era_metaverse] Extracting interactions: https://thequantuminsider.com/2024/02/27/scientists-develop-a-technique-to-protect-a-quantum-era-metaverse (1/1), chunk 36/38
[09:34:50 +5m 43s | thequantuminsider_2024_02_27_scientists_develop_a_technique_to_protect_a_quantum_era_metaverse] Extracting interactions: https://thequantuminsider.com/2024/02/27/scientists-develop-a-technique-to-protect-a-quantum-era-metaverse (1/1), chunk 37/38
[09:34:51 +5m 45s | thequantuminsider_2024_02_27_scientists_develop_a_technique_to_protect_a_quantum_era_metaverse] Extracting interactions: https://thequantuminsider.com/2024/02/27/scientists-develop-a-technique-to-protect-a-quantum-era-metaverse (1/1), chunk 38/38
[09:34:53 +5m 46s | thequantuminsider_2024_02_27_scientists_develop_a_technique_to_protect_a_quantum_era_metaverse] Saved 3_interaction_results.json with 20 extracted interactions.

[09:34:53 +5m 46s | thequantuminsider_2024_02_27_scientists_develop_a_technique_to_protect_a_quantum_era_metaverse] === 4 clean interactions ===
[09:34:53 +5m 46s | thequantuminsider_2024_02_27_scientists_develop_a_technique_to_protect_a_quantum_era_metaverse] Saved 4_edges.json with 4 cleaned interactions.

[09:34:53 +5m 46s | thequantuminsider_2024_02_27_scientists_develop_a_technique_to_protect_a_quantum_era_metaverse] === 5 helix enrichment ===
[09:34:53 +5m 46s | thequantuminsider_2024_02_27_scientists_develop_a_technique_to_protect_a_quantum_era_metaverse] Wrote 5_nodes.json (18 actors)
[09:34:53 +5m 46s | thequantuminsider_2024_02_27_scientists_develop_a_technique_to_protect_a_quantum_era_metaverse] Wrote 5_edges.json (4 interactions)
[09:34:53 +5m 46s | thequantuminsider_2024_02_27_scientists_develop_a_technique_to_protect_a_quantum_era_metaverse] Actor helix counts: {'Academia': 3, 'Civil Society': 4, 'Government': 2, 'Industry': 3, 'Unknown': 6}
[09:34:53 +5m 46s | thequantuminsider_2024_02_27_scientists_develop_a_technique_to_protect_a_quantum_era_metaverse] Functional-space counts: {'Intra-helix / Not classified': 1, 'Unknown': 3}

[09:34:53 +5m 46s | thequantuminsider_2024_02_27_scientists_develop_a_technique_to_protect_a_quantum_era_metaverse] === 6 network visualisation ===
[09:34:54 +5m 47s | thequantuminsider_2024_02_27_scientists_develop_a_technique_to_protect_a_quantum_era_metaverse] Wrote quantum_network.html
[09:34:54 +5m 47s | thequantuminsider_2024_02_27_scientists_develop_a_technique_to_protect_a_quantum_era_metaverse] Nodes: 18
[09:34:54 +5m 47s | thequantuminsider_2024_02_27_scientists_develop_a_technique_to_protect_a_quantum_era_metaverse] Edges: 4

[09:34:54 +5m 47s | thequantuminsider_2024_02_27_scientists_develop_a_technique_to_protect_a_quantum_era_metaverse] Done. Outputs written to: /home/lv/IDP/idpdeeptech/pipeline/news_outputs/thequantuminsider_2024_02_27_scientists_develop_a_technique_to_protect_a_quantum_era_metaverse
[09:34:54 +5m 47s | thequantuminsider_2024_02_27_scientists_develop_a_technique_to_protect_a_quantum_era_metaverse] Log: /home/lv/IDP/idpdeeptech/pipeline/news_outputs/thequantuminsider_2024_02_27_scientists_develop_a_technique_to_protect_a_quantum_era_metaverse/run.log

========================================================================
RUN FINISHED 2026-07-02 09:34:54  (OK)
Started:     2026-07-02 09:29:07
Elapsed:     5m 47s
========================================================================
