
========================================================================
RUN STARTED  2026-07-01 23:40:51
site_pipeline.py https://thequantuminsider.com/2019/11/08/weekly-quantum-digest-is-microsoft-heading-right-to-the-topological/
========================================================================

[23:40:51 +0s | thequantuminsider_2019_11_08_weekly_quantum_digest_is_microsoft_heading_right_to_the_topological] === 0 crawl site ===
[23:40:52 +1s | thequantuminsider_2019_11_08_weekly_quantum_digest_is_microsoft_heading_right_to_the_topological] [INIT].... → Crawl4AI 0.8.6 
[23:40:55 +4s | thequantuminsider_2019_11_08_weekly_quantum_digest_is_microsoft_heading_right_to_the_topological] [FETCH]... ↓ https://thequantuminsider.com/2019/11/08/weekly-...t-is-microsoft-heading-right-to-the-topological/  | ✓ | ⏱: 2.52s 
[23:40:55 +4s | thequantuminsider_2019_11_08_weekly_quantum_digest_is_microsoft_heading_right_to_the_topological] [SCRAPE].. ◆ https://thequantuminsider.com/2019/11/08/weekly-...t-is-microsoft-heading-right-to-the-topological/  | ✓ | ⏱: 0.10s 
[23:40:55 +4s | thequantuminsider_2019_11_08_weekly_quantum_digest_is_microsoft_heading_right_to_the_topological] [COMPLETE] ● https://thequantuminsider.com/2019/11/08/weekly-...t-is-microsoft-heading-right-to-the-topological/  | ✓ | ⏱: 2.65s 
[23:40:55 +4s | thequantuminsider_2019_11_08_weekly_quantum_digest_is_microsoft_heading_right_to_the_topological] Saved: crawl_output/089b1fa130_thequantuminsider.com_2019_11_08_weekly-quantum-digest-is-microsoft-heading-right-to-the-topological.json

[23:40:56 +4s | thequantuminsider_2019_11_08_weekly_quantum_digest_is_microsoft_heading_right_to_the_topological] === 1 actor extraction ===
[23:40:56 +4s | thequantuminsider_2019_11_08_weekly_quantum_digest_is_microsoft_heading_right_to_the_topological] Reading page (1/1): https://thequantuminsider.com/2019/11/08/weekly-quantum-digest-is-microsoft-heading-right-to-the-topological
[23:40:56 +4s | thequantuminsider_2019_11_08_weekly_quantum_digest_is_microsoft_heading_right_to_the_topological] Extracting actors: https://thequantuminsider.com/2019/11/08/weekly-quantum-digest-is-microsoft-heading-right-to-the-topological (1/1), chunk 1/37
[23:41:01 +9s | thequantuminsider_2019_11_08_weekly_quantum_digest_is_microsoft_heading_right_to_the_topological] Extracting actors: https://thequantuminsider.com/2019/11/08/weekly-quantum-digest-is-microsoft-heading-right-to-the-topological (1/1), chunk 2/37
[23:41:11 +17s | thequantuminsider_2019_11_08_weekly_quantum_digest_is_microsoft_heading_right_to_the_topological] Extracting actors: https://thequantuminsider.com/2019/11/08/weekly-quantum-digest-is-microsoft-heading-right-to-the-topological (1/1), chunk 3/37
[23:41:16 +22s | thequantuminsider_2019_11_08_weekly_quantum_digest_is_microsoft_heading_right_to_the_topological] Extracting actors: https://thequantuminsider.com/2019/11/08/weekly-quantum-digest-is-microsoft-heading-right-to-the-topological (1/1), chunk 4/37
[23:41:24 +29s | thequantuminsider_2019_11_08_weekly_quantum_digest_is_microsoft_heading_right_to_the_topological] Extracting actors: https://thequantuminsider.com/2019/11/08/weekly-quantum-digest-is-microsoft-heading-right-to-the-topological (1/1), chunk 5/37
[23:41:28 +34s | thequantuminsider_2019_11_08_weekly_quantum_digest_is_microsoft_heading_right_to_the_topological] Extracting actors: https://thequantuminsider.com/2019/11/08/weekly-quantum-digest-is-microsoft-heading-right-to-the-topological (1/1), chunk 6/37
[23:41:34 +40s | thequantuminsider_2019_11_08_weekly_quantum_digest_is_microsoft_heading_right_to_the_topological] Extracting actors: https://thequantuminsider.com/2019/11/08/weekly-quantum-digest-is-microsoft-heading-right-to-the-topological (1/1), chunk 7/37
[23:41:39 +44s | thequantuminsider_2019_11_08_weekly_quantum_digest_is_microsoft_heading_right_to_the_topological] Extracting actors: https://thequantuminsider.com/2019/11/08/weekly-quantum-digest-is-microsoft-heading-right-to-the-topological (1/1), chunk 8/37
[23:41:45 +48s | thequantuminsider_2019_11_08_weekly_quantum_digest_is_microsoft_heading_right_to_the_topological] Extracting actors: https://thequantuminsider.com/2019/11/08/weekly-quantum-digest-is-microsoft-heading-right-to-the-topological (1/1), chunk 9/37
[23:41:50 +53s | thequantuminsider_2019_11_08_weekly_quantum_digest_is_microsoft_heading_right_to_the_topological] Extracting actors: https://thequantuminsider.com/2019/11/08/weekly-quantum-digest-is-microsoft-heading-right-to-the-topological (1/1), chunk 10/37
[23:41:54 +57s | thequantuminsider_2019_11_08_weekly_quantum_digest_is_microsoft_heading_right_to_the_topological] Extracting actors: https://thequantuminsider.com/2019/11/08/weekly-quantum-digest-is-microsoft-heading-right-to-the-topological (1/1), chunk 11/37
[23:42:03 +1m 6s | thequantuminsider_2019_11_08_weekly_quantum_digest_is_microsoft_heading_right_to_the_topological] Repaired malformed JSON.
[23:42:03 +1m 6s | thequantuminsider_2019_11_08_weekly_quantum_digest_is_microsoft_heading_right_to_the_topological] Extracting actors: https://thequantuminsider.com/2019/11/08/weekly-quantum-digest-is-microsoft-heading-right-to-the-topological (1/1), chunk 12/37
[23:42:12 +1m 15s | thequantuminsider_2019_11_08_weekly_quantum_digest_is_microsoft_heading_right_to_the_topological] Repaired malformed JSON.
[23:42:12 +1m 15s | thequantuminsider_2019_11_08_weekly_quantum_digest_is_microsoft_heading_right_to_the_topological] Extracting actors: https://thequantuminsider.com/2019/11/08/weekly-quantum-digest-is-microsoft-heading-right-to-the-topological (1/1), chunk 13/37
[23:42:22 +1m 21s | thequantuminsider_2019_11_08_weekly_quantum_digest_is_microsoft_heading_right_to_the_topological] Repaired malformed JSON.
[23:42:22 +1m 21s | thequantuminsider_2019_11_08_weekly_quantum_digest_is_microsoft_heading_right_to_the_topological] Extracting actors: https://thequantuminsider.com/2019/11/08/weekly-quantum-digest-is-microsoft-heading-right-to-the-topological (1/1), chunk 14/37
[23:42:27 +1m 27s | thequantuminsider_2019_11_08_weekly_quantum_digest_is_microsoft_heading_right_to_the_topological] Repaired malformed JSON.
[23:42:27 +1m 27s | thequantuminsider_2019_11_08_weekly_quantum_digest_is_microsoft_heading_right_to_the_topological] Extracting actors: https://thequantuminsider.com/2019/11/08/weekly-quantum-digest-is-microsoft-heading-right-to-the-topological (1/1), chunk 15/37
[23:42:34 +1m 34s | thequantuminsider_2019_11_08_weekly_quantum_digest_is_microsoft_heading_right_to_the_topological] Repaired malformed JSON.
[23:42:34 +1m 34s | thequantuminsider_2019_11_08_weekly_quantum_digest_is_microsoft_heading_right_to_the_topological] Extracting actors: https://thequantuminsider.com/2019/11/08/weekly-quantum-digest-is-microsoft-heading-right-to-the-topological (1/1), chunk 16/37
[23:42:42 +1m 42s | thequantuminsider_2019_11_08_weekly_quantum_digest_is_microsoft_heading_right_to_the_topological] Repaired malformed JSON.
[23:42:42 +1m 42s | thequantuminsider_2019_11_08_weekly_quantum_digest_is_microsoft_heading_right_to_the_topological] Extracting actors: https://thequantuminsider.com/2019/11/08/weekly-quantum-digest-is-microsoft-heading-right-to-the-topological (1/1), chunk 17/37
[23:42:50 +1m 50s | thequantuminsider_2019_11_08_weekly_quantum_digest_is_microsoft_heading_right_to_the_topological] Repaired malformed JSON.
[23:42:50 +1m 50s | thequantuminsider_2019_11_08_weekly_quantum_digest_is_microsoft_heading_right_to_the_topological] Extracting actors: https://thequantuminsider.com/2019/11/08/weekly-quantum-digest-is-microsoft-heading-right-to-the-topological (1/1), chunk 18/37
[23:42:59 +1m 56s | thequantuminsider_2019_11_08_weekly_quantum_digest_is_microsoft_heading_right_to_the_topological] Repaired malformed JSON.
[23:42:59 +1m 56s | thequantuminsider_2019_11_08_weekly_quantum_digest_is_microsoft_heading_right_to_the_topological] Extracting actors: https://thequantuminsider.com/2019/11/08/weekly-quantum-digest-is-microsoft-heading-right-to-the-topological (1/1), chunk 19/37
[23:43:05 +2m 2s | thequantuminsider_2019_11_08_weekly_quantum_digest_is_microsoft_heading_right_to_the_topological] Repaired malformed JSON.
[23:43:05 +2m 2s | thequantuminsider_2019_11_08_weekly_quantum_digest_is_microsoft_heading_right_to_the_topological] Extracting actors: https://thequantuminsider.com/2019/11/08/weekly-quantum-digest-is-microsoft-heading-right-to-the-topological (1/1), chunk 20/37
[23:43:13 +2m 10s | thequantuminsider_2019_11_08_weekly_quantum_digest_is_microsoft_heading_right_to_the_topological] Repaired malformed JSON.
[23:43:13 +2m 10s | thequantuminsider_2019_11_08_weekly_quantum_digest_is_microsoft_heading_right_to_the_topological] Extracting actors: https://thequantuminsider.com/2019/11/08/weekly-quantum-digest-is-microsoft-heading-right-to-the-topological (1/1), chunk 21/37
[23:43:18 +2m 15s | thequantuminsider_2019_11_08_weekly_quantum_digest_is_microsoft_heading_right_to_the_topological] Repaired malformed JSON.
[23:43:18 +2m 15s | thequantuminsider_2019_11_08_weekly_quantum_digest_is_microsoft_heading_right_to_the_topological] Extracting actors: https://thequantuminsider.com/2019/11/08/weekly-quantum-digest-is-microsoft-heading-right-to-the-topological (1/1), chunk 22/37
[23:43:24 +2m 21s | thequantuminsider_2019_11_08_weekly_quantum_digest_is_microsoft_heading_right_to_the_topological] Repaired malformed JSON.
[23:43:24 +2m 21s | thequantuminsider_2019_11_08_weekly_quantum_digest_is_microsoft_heading_right_to_the_topological] Extracting actors: https://thequantuminsider.com/2019/11/08/weekly-quantum-digest-is-microsoft-heading-right-to-the-topological (1/1), chunk 23/37
[23:43:34 +2m 28s | thequantuminsider_2019_11_08_weekly_quantum_digest_is_microsoft_heading_right_to_the_topological] Repaired malformed JSON.
[23:43:34 +2m 28s | thequantuminsider_2019_11_08_weekly_quantum_digest_is_microsoft_heading_right_to_the_topological] Extracting actors: https://thequantuminsider.com/2019/11/08/weekly-quantum-digest-is-microsoft-heading-right-to-the-topological (1/1), chunk 24/37
[23:43:41 +2m 35s | thequantuminsider_2019_11_08_weekly_quantum_digest_is_microsoft_heading_right_to_the_topological] Repaired malformed JSON.
[23:43:41 +2m 35s | thequantuminsider_2019_11_08_weekly_quantum_digest_is_microsoft_heading_right_to_the_topological] Extracting actors: https://thequantuminsider.com/2019/11/08/weekly-quantum-digest-is-microsoft-heading-right-to-the-topological (1/1), chunk 25/37
[23:43:49 +2m 43s | thequantuminsider_2019_11_08_weekly_quantum_digest_is_microsoft_heading_right_to_the_topological] Repaired malformed JSON.
[23:43:49 +2m 43s | thequantuminsider_2019_11_08_weekly_quantum_digest_is_microsoft_heading_right_to_the_topological] Extracting actors: https://thequantuminsider.com/2019/11/08/weekly-quantum-digest-is-microsoft-heading-right-to-the-topological (1/1), chunk 26/37
[23:43:57 +2m 51s | thequantuminsider_2019_11_08_weekly_quantum_digest_is_microsoft_heading_right_to_the_topological] Repaired malformed JSON.
[23:43:57 +2m 51s | thequantuminsider_2019_11_08_weekly_quantum_digest_is_microsoft_heading_right_to_the_topological] Extracting actors: https://thequantuminsider.com/2019/11/08/weekly-quantum-digest-is-microsoft-heading-right-to-the-topological (1/1), chunk 27/37
[23:44:07 +2m 58s | thequantuminsider_2019_11_08_weekly_quantum_digest_is_microsoft_heading_right_to_the_topological] Extracting actors: https://thequantuminsider.com/2019/11/08/weekly-quantum-digest-is-microsoft-heading-right-to-the-topological (1/1), chunk 28/37
[23:44:13 +3m 4s | thequantuminsider_2019_11_08_weekly_quantum_digest_is_microsoft_heading_right_to_the_topological] Extracting actors: https://thequantuminsider.com/2019/11/08/weekly-quantum-digest-is-microsoft-heading-right-to-the-topological (1/1), chunk 29/37
[23:44:19 +3m 10s | thequantuminsider_2019_11_08_weekly_quantum_digest_is_microsoft_heading_right_to_the_topological] Repaired malformed JSON.
[23:44:19 +3m 10s | thequantuminsider_2019_11_08_weekly_quantum_digest_is_microsoft_heading_right_to_the_topological] Extracting actors: https://thequantuminsider.com/2019/11/08/weekly-quantum-digest-is-microsoft-heading-right-to-the-topological (1/1), chunk 30/37
[23:44:26 +3m 17s | thequantuminsider_2019_11_08_weekly_quantum_digest_is_microsoft_heading_right_to_the_topological] Repaired malformed JSON.
[23:44:26 +3m 17s | thequantuminsider_2019_11_08_weekly_quantum_digest_is_microsoft_heading_right_to_the_topological] Extracting actors: https://thequantuminsider.com/2019/11/08/weekly-quantum-digest-is-microsoft-heading-right-to-the-topological (1/1), chunk 31/37
[23:44:33 +3m 25s | thequantuminsider_2019_11_08_weekly_quantum_digest_is_microsoft_heading_right_to_the_topological] Repaired malformed JSON.
[23:44:33 +3m 25s | thequantuminsider_2019_11_08_weekly_quantum_digest_is_microsoft_heading_right_to_the_topological] Extracting actors: https://thequantuminsider.com/2019/11/08/weekly-quantum-digest-is-microsoft-heading-right-to-the-topological (1/1), chunk 32/37
[23:44:43 +3m 31s | thequantuminsider_2019_11_08_weekly_quantum_digest_is_microsoft_heading_right_to_the_topological] Repaired malformed JSON.
[23:44:43 +3m 31s | thequantuminsider_2019_11_08_weekly_quantum_digest_is_microsoft_heading_right_to_the_topological] Extracting actors: https://thequantuminsider.com/2019/11/08/weekly-quantum-digest-is-microsoft-heading-right-to-the-topological (1/1), chunk 33/37
[23:44:51 +3m 39s | thequantuminsider_2019_11_08_weekly_quantum_digest_is_microsoft_heading_right_to_the_topological] Repaired malformed JSON.
[23:44:51 +3m 39s | thequantuminsider_2019_11_08_weekly_quantum_digest_is_microsoft_heading_right_to_the_topological] Extracting actors: https://thequantuminsider.com/2019/11/08/weekly-quantum-digest-is-microsoft-heading-right-to-the-topological (1/1), chunk 34/37
[23:44:57 +3m 46s | thequantuminsider_2019_11_08_weekly_quantum_digest_is_microsoft_heading_right_to_the_topological] Repaired malformed JSON.
[23:44:57 +3m 46s | thequantuminsider_2019_11_08_weekly_quantum_digest_is_microsoft_heading_right_to_the_topological] Extracting actors: https://thequantuminsider.com/2019/11/08/weekly-quantum-digest-is-microsoft-heading-right-to-the-topological (1/1), chunk 35/37
[23:45:02 +3m 51s | thequantuminsider_2019_11_08_weekly_quantum_digest_is_microsoft_heading_right_to_the_topological] Repaired malformed JSON.
[23:45:02 +3m 51s | thequantuminsider_2019_11_08_weekly_quantum_digest_is_microsoft_heading_right_to_the_topological] Extracting actors: https://thequantuminsider.com/2019/11/08/weekly-quantum-digest-is-microsoft-heading-right-to-the-topological (1/1), chunk 36/37
[23:45:09 +3m 57s | thequantuminsider_2019_11_08_weekly_quantum_digest_is_microsoft_heading_right_to_the_topological] Repaired malformed JSON.
[23:45:09 +3m 57s | thequantuminsider_2019_11_08_weekly_quantum_digest_is_microsoft_heading_right_to_the_topological] Extracting actors: https://thequantuminsider.com/2019/11/08/weekly-quantum-digest-is-microsoft-heading-right-to-the-topological (1/1), chunk 37/37
[23:45:16 +4m 1s | thequantuminsider_2019_11_08_weekly_quantum_digest_is_microsoft_heading_right_to_the_topological] Saved 1_actor_results.json with 57 extracted records

[23:45:16 +4m 1s | thequantuminsider_2019_11_08_weekly_quantum_digest_is_microsoft_heading_right_to_the_topological] === 2 clean actors ===
[23:45:16 +4m 1s | thequantuminsider_2019_11_08_weekly_quantum_digest_is_microsoft_heading_right_to_the_topological] Loaded 57 extracted records
[23:45:16 +4m 1s | thequantuminsider_2019_11_08_weekly_quantum_digest_is_microsoft_heading_right_to_the_topological] Saved 2_actor_nodes.json with 18 canonical actor nodes

[23:45:16 +4m 1s | thequantuminsider_2019_11_08_weekly_quantum_digest_is_microsoft_heading_right_to_the_topological] === 3 interaction extraction ===
[23:45:16 +4m 1s | thequantuminsider_2019_11_08_weekly_quantum_digest_is_microsoft_heading_right_to_the_topological] Extracting interactions: https://thequantuminsider.com/2019/11/08/weekly-quantum-digest-is-microsoft-heading-right-to-the-topological (1/1), chunk 11/37
[23:45:22 +4m 7s | thequantuminsider_2019_11_08_weekly_quantum_digest_is_microsoft_heading_right_to_the_topological] Extracting interactions: https://thequantuminsider.com/2019/11/08/weekly-quantum-digest-is-microsoft-heading-right-to-the-topological (1/1), chunk 12/37
[23:45:26 +4m 11s | thequantuminsider_2019_11_08_weekly_quantum_digest_is_microsoft_heading_right_to_the_topological] Extracting interactions: https://thequantuminsider.com/2019/11/08/weekly-quantum-digest-is-microsoft-heading-right-to-the-topological (1/1), chunk 13/37
[23:45:31 +4m 17s | thequantuminsider_2019_11_08_weekly_quantum_digest_is_microsoft_heading_right_to_the_topological] Extracting interactions: https://thequantuminsider.com/2019/11/08/weekly-quantum-digest-is-microsoft-heading-right-to-the-topological (1/1), chunk 15/37
[23:45:41 +4m 26s | thequantuminsider_2019_11_08_weekly_quantum_digest_is_microsoft_heading_right_to_the_topological] Extracting interactions: https://thequantuminsider.com/2019/11/08/weekly-quantum-digest-is-microsoft-heading-right-to-the-topological (1/1), chunk 16/37
[23:45:51 +4m 33s | thequantuminsider_2019_11_08_weekly_quantum_digest_is_microsoft_heading_right_to_the_topological] Extracting interactions: https://thequantuminsider.com/2019/11/08/weekly-quantum-digest-is-microsoft-heading-right-to-the-topological (1/1), chunk 17/37
[23:46:01 +4m 43s | thequantuminsider_2019_11_08_weekly_quantum_digest_is_microsoft_heading_right_to_the_topological] Extracting interactions: https://thequantuminsider.com/2019/11/08/weekly-quantum-digest-is-microsoft-heading-right-to-the-topological (1/1), chunk 18/37
[23:46:10 +4m 52s | thequantuminsider_2019_11_08_weekly_quantum_digest_is_microsoft_heading_right_to_the_topological] Extracting interactions: https://thequantuminsider.com/2019/11/08/weekly-quantum-digest-is-microsoft-heading-right-to-the-topological (1/1), chunk 19/37
[23:46:31 +5m 11s | thequantuminsider_2019_11_08_weekly_quantum_digest_is_microsoft_heading_right_to_the_topological] Extracting interactions: https://thequantuminsider.com/2019/11/08/weekly-quantum-digest-is-microsoft-heading-right-to-the-topological (1/1), chunk 20/37
[23:46:37 +5m 17s | thequantuminsider_2019_11_08_weekly_quantum_digest_is_microsoft_heading_right_to_the_topological] Extracting interactions: https://thequantuminsider.com/2019/11/08/weekly-quantum-digest-is-microsoft-heading-right-to-the-topological (1/1), chunk 21/37
[23:46:50 +5m 29s | thequantuminsider_2019_11_08_weekly_quantum_digest_is_microsoft_heading_right_to_the_topological] Extracting interactions: https://thequantuminsider.com/2019/11/08/weekly-quantum-digest-is-microsoft-heading-right-to-the-topological (1/1), chunk 22/37
[23:46:57 +5m 36s | thequantuminsider_2019_11_08_weekly_quantum_digest_is_microsoft_heading_right_to_the_topological] Extracting interactions: https://thequantuminsider.com/2019/11/08/weekly-quantum-digest-is-microsoft-heading-right-to-the-topological (1/1), chunk 23/37
[23:47:03 +5m 39s | thequantuminsider_2019_11_08_weekly_quantum_digest_is_microsoft_heading_right_to_the_topological] Extracting interactions: https://thequantuminsider.com/2019/11/08/weekly-quantum-digest-is-microsoft-heading-right-to-the-topological (1/1), chunk 26/37
[23:47:08 +5m 44s | thequantuminsider_2019_11_08_weekly_quantum_digest_is_microsoft_heading_right_to_the_topological] Extracting interactions: https://thequantuminsider.com/2019/11/08/weekly-quantum-digest-is-microsoft-heading-right-to-the-topological (1/1), chunk 27/37
[23:47:09 +5m 46s | thequantuminsider_2019_11_08_weekly_quantum_digest_is_microsoft_heading_right_to_the_topological] Extracting interactions: https://thequantuminsider.com/2019/11/08/weekly-quantum-digest-is-microsoft-heading-right-to-the-topological (1/1), chunk 28/37
[23:47:11 +5m 48s | thequantuminsider_2019_11_08_weekly_quantum_digest_is_microsoft_heading_right_to_the_topological] Extracting interactions: https://thequantuminsider.com/2019/11/08/weekly-quantum-digest-is-microsoft-heading-right-to-the-topological (1/1), chunk 30/37
[23:47:13 +5m 50s | thequantuminsider_2019_11_08_weekly_quantum_digest_is_microsoft_heading_right_to_the_topological] Extracting interactions: https://thequantuminsider.com/2019/11/08/weekly-quantum-digest-is-microsoft-heading-right-to-the-topological (1/1), chunk 31/37
[23:47:21 +5m 57s | thequantuminsider_2019_11_08_weekly_quantum_digest_is_microsoft_heading_right_to_the_topological] Extracting interactions: https://thequantuminsider.com/2019/11/08/weekly-quantum-digest-is-microsoft-heading-right-to-the-topological (1/1), chunk 32/37
[23:47:22 +5m 59s | thequantuminsider_2019_11_08_weekly_quantum_digest_is_microsoft_heading_right_to_the_topological] Extracting interactions: https://thequantuminsider.com/2019/11/08/weekly-quantum-digest-is-microsoft-heading-right-to-the-topological (1/1), chunk 33/37
[23:47:23 +6m 0s | thequantuminsider_2019_11_08_weekly_quantum_digest_is_microsoft_heading_right_to_the_topological] Extracting interactions: https://thequantuminsider.com/2019/11/08/weekly-quantum-digest-is-microsoft-heading-right-to-the-topological (1/1), chunk 35/37
[23:47:26 +6m 2s | thequantuminsider_2019_11_08_weekly_quantum_digest_is_microsoft_heading_right_to_the_topological] Extracting interactions: https://thequantuminsider.com/2019/11/08/weekly-quantum-digest-is-microsoft-heading-right-to-the-topological (1/1), chunk 36/37
[23:47:27 +6m 3s | thequantuminsider_2019_11_08_weekly_quantum_digest_is_microsoft_heading_right_to_the_topological] Saved 3_interaction_results.json with 29 extracted interactions.

[23:47:27 +6m 4s | thequantuminsider_2019_11_08_weekly_quantum_digest_is_microsoft_heading_right_to_the_topological] === 4 clean interactions ===
[23:47:27 +6m 4s | thequantuminsider_2019_11_08_weekly_quantum_digest_is_microsoft_heading_right_to_the_topological] Saved 4_edges.json with 0 cleaned interactions.

[23:47:27 +6m 4s | thequantuminsider_2019_11_08_weekly_quantum_digest_is_microsoft_heading_right_to_the_topological] === 5 helix enrichment ===
[23:47:27 +6m 4s | thequantuminsider_2019_11_08_weekly_quantum_digest_is_microsoft_heading_right_to_the_topological] Wrote 5_nodes.json (18 actors)
[23:47:27 +6m 4s | thequantuminsider_2019_11_08_weekly_quantum_digest_is_microsoft_heading_right_to_the_topological] Wrote 5_edges.json (0 interactions)
[23:47:27 +6m 4s | thequantuminsider_2019_11_08_weekly_quantum_digest_is_microsoft_heading_right_to_the_topological] Actor helix counts: {'Academia': 2, 'Civil Society': 1, 'Government': 3, 'Industry': 5, 'Intermediary': 1, 'Unknown': 6}
[23:47:27 +6m 4s | thequantuminsider_2019_11_08_weekly_quantum_digest_is_microsoft_heading_right_to_the_topological] Functional-space counts: {}

[23:47:27 +6m 4s | thequantuminsider_2019_11_08_weekly_quantum_digest_is_microsoft_heading_right_to_the_topological] === 6 network visualisation ===
[23:47:27 +6m 4s | thequantuminsider_2019_11_08_weekly_quantum_digest_is_microsoft_heading_right_to_the_topological] Wrote quantum_network.html
[23:47:27 +6m 4s | thequantuminsider_2019_11_08_weekly_quantum_digest_is_microsoft_heading_right_to_the_topological] Nodes: 18
[23:47:27 +6m 4s | thequantuminsider_2019_11_08_weekly_quantum_digest_is_microsoft_heading_right_to_the_topological] Edges: 0

[23:47:28 +6m 4s | thequantuminsider_2019_11_08_weekly_quantum_digest_is_microsoft_heading_right_to_the_topological] Done. Outputs written to: /home/lv/IDP/idpdeeptech/pipeline/news_outputs/thequantuminsider_2019_11_08_weekly_quantum_digest_is_microsoft_heading_right_to_the_topological
[23:47:28 +6m 4s | thequantuminsider_2019_11_08_weekly_quantum_digest_is_microsoft_heading_right_to_the_topological] Log: /home/lv/IDP/idpdeeptech/pipeline/news_outputs/thequantuminsider_2019_11_08_weekly_quantum_digest_is_microsoft_heading_right_to_the_topological/run.log

========================================================================
RUN FINISHED 2026-07-01 23:47:28  (OK)
Started:     2026-07-01 23:40:51
Elapsed:     6m 4s
========================================================================
