
========================================================================
RUN STARTED  2026-07-02 01:56:05
site_pipeline.py https://thequantuminsider.com/2020/04/21/googles_head_of_quantum_computing-hardware-leaves/
========================================================================

[01:56:05 +0s | thequantuminsider_2020_04_21_googles_head_of_quantum_computing_hardware_leaves] === 0 crawl site ===
[01:56:06 +1s | thequantuminsider_2020_04_21_googles_head_of_quantum_computing_hardware_leaves] [INIT].... → Crawl4AI 0.8.6 
[01:56:07 +3s | thequantuminsider_2020_04_21_googles_head_of_quantum_computing_hardware_leaves] [FETCH]... ↓ https://thequantuminsider.com/2020/04/21/googles_head_of_quantum_computing-hardware-leaves/          | ✓ | ⏱: 1.58s 
[01:56:07 +3s | thequantuminsider_2020_04_21_googles_head_of_quantum_computing_hardware_leaves] [SCRAPE].. ◆ https://thequantuminsider.com/2020/04/21/googles_head_of_quantum_computing-hardware-leaves/          | ✓ | ⏱: 0.11s 
[01:56:07 +3s | thequantuminsider_2020_04_21_googles_head_of_quantum_computing_hardware_leaves] [COMPLETE] ● https://thequantuminsider.com/2020/04/21/googles_head_of_quantum_computing-hardware-leaves/          | ✓ | ⏱: 1.71s 
[01:56:07 +3s | thequantuminsider_2020_04_21_googles_head_of_quantum_computing_hardware_leaves] Saved: crawl_output/aa4cfda0b0_thequantuminsider.com_2020_04_21_googles_head_of_quantum_computing-hardware-leaves.json

[01:56:08 +3s | thequantuminsider_2020_04_21_googles_head_of_quantum_computing_hardware_leaves] === 1 actor extraction ===
[01:56:08 +3s | thequantuminsider_2020_04_21_googles_head_of_quantum_computing_hardware_leaves] Reading page (1/1): https://thequantuminsider.com/2020/04/21/googles_head_of_quantum_computing-hardware-leaves
[01:56:08 +3s | thequantuminsider_2020_04_21_googles_head_of_quantum_computing_hardware_leaves] Extracting actors: https://thequantuminsider.com/2020/04/21/googles_head_of_quantum_computing-hardware-leaves (1/1), chunk 1/36
[01:56:14 +7s | thequantuminsider_2020_04_21_googles_head_of_quantum_computing_hardware_leaves] Extracting actors: https://thequantuminsider.com/2020/04/21/googles_head_of_quantum_computing-hardware-leaves (1/1), chunk 2/36
[01:56:18 +10s | thequantuminsider_2020_04_21_googles_head_of_quantum_computing_hardware_leaves] Extracting actors: https://thequantuminsider.com/2020/04/21/googles_head_of_quantum_computing-hardware-leaves (1/1), chunk 3/36
[01:56:24 +17s | thequantuminsider_2020_04_21_googles_head_of_quantum_computing_hardware_leaves] Extracting actors: https://thequantuminsider.com/2020/04/21/googles_head_of_quantum_computing-hardware-leaves (1/1), chunk 4/36
[01:56:28 +20s | thequantuminsider_2020_04_21_googles_head_of_quantum_computing_hardware_leaves] Extracting actors: https://thequantuminsider.com/2020/04/21/googles_head_of_quantum_computing-hardware-leaves (1/1), chunk 5/36
[01:56:34 +26s | thequantuminsider_2020_04_21_googles_head_of_quantum_computing_hardware_leaves] Extracting actors: https://thequantuminsider.com/2020/04/21/googles_head_of_quantum_computing-hardware-leaves (1/1), chunk 6/36
[01:56:41 +33s | thequantuminsider_2020_04_21_googles_head_of_quantum_computing_hardware_leaves] Repaired malformed JSON.
[01:56:41 +33s | thequantuminsider_2020_04_21_googles_head_of_quantum_computing_hardware_leaves] Extracting actors: https://thequantuminsider.com/2020/04/21/googles_head_of_quantum_computing-hardware-leaves (1/1), chunk 7/36
[01:56:48 +38s | thequantuminsider_2020_04_21_googles_head_of_quantum_computing_hardware_leaves] Extracting actors: https://thequantuminsider.com/2020/04/21/googles_head_of_quantum_computing-hardware-leaves (1/1), chunk 8/36
[01:56:54 +44s | thequantuminsider_2020_04_21_googles_head_of_quantum_computing_hardware_leaves] Extracting actors: https://thequantuminsider.com/2020/04/21/googles_head_of_quantum_computing-hardware-leaves (1/1), chunk 9/36
[01:56:58 +47s | thequantuminsider_2020_04_21_googles_head_of_quantum_computing_hardware_leaves] Extracting actors: https://thequantuminsider.com/2020/04/21/googles_head_of_quantum_computing-hardware-leaves (1/1), chunk 10/36
[01:57:03 +52s | thequantuminsider_2020_04_21_googles_head_of_quantum_computing_hardware_leaves] Extracting actors: https://thequantuminsider.com/2020/04/21/googles_head_of_quantum_computing-hardware-leaves (1/1), chunk 11/36
[01:57:09 +59s | thequantuminsider_2020_04_21_googles_head_of_quantum_computing_hardware_leaves] Repaired malformed JSON.
[01:57:09 +59s | thequantuminsider_2020_04_21_googles_head_of_quantum_computing_hardware_leaves] Extracting actors: https://thequantuminsider.com/2020/04/21/googles_head_of_quantum_computing-hardware-leaves (1/1), chunk 12/36
[01:57:14 +1m 4s | thequantuminsider_2020_04_21_googles_head_of_quantum_computing_hardware_leaves] Repaired malformed JSON.
[01:57:14 +1m 4s | thequantuminsider_2020_04_21_googles_head_of_quantum_computing_hardware_leaves] Extracting actors: https://thequantuminsider.com/2020/04/21/googles_head_of_quantum_computing-hardware-leaves (1/1), chunk 13/36
[01:57:27 +1m 13s | thequantuminsider_2020_04_21_googles_head_of_quantum_computing_hardware_leaves] Repaired malformed JSON.
[01:57:27 +1m 13s | thequantuminsider_2020_04_21_googles_head_of_quantum_computing_hardware_leaves] Extracting actors: https://thequantuminsider.com/2020/04/21/googles_head_of_quantum_computing-hardware-leaves (1/1), chunk 14/36
[01:57:33 +1m 20s | thequantuminsider_2020_04_21_googles_head_of_quantum_computing_hardware_leaves] Repaired malformed JSON.
[01:57:33 +1m 20s | thequantuminsider_2020_04_21_googles_head_of_quantum_computing_hardware_leaves] Extracting actors: https://thequantuminsider.com/2020/04/21/googles_head_of_quantum_computing-hardware-leaves (1/1), chunk 15/36
[01:57:40 +1m 26s | thequantuminsider_2020_04_21_googles_head_of_quantum_computing_hardware_leaves] Repaired malformed JSON.
[01:57:40 +1m 26s | thequantuminsider_2020_04_21_googles_head_of_quantum_computing_hardware_leaves] Extracting actors: https://thequantuminsider.com/2020/04/21/googles_head_of_quantum_computing-hardware-leaves (1/1), chunk 16/36
[01:57:49 +1m 35s | thequantuminsider_2020_04_21_googles_head_of_quantum_computing_hardware_leaves] Repaired malformed JSON.
[01:57:49 +1m 35s | thequantuminsider_2020_04_21_googles_head_of_quantum_computing_hardware_leaves] Extracting actors: https://thequantuminsider.com/2020/04/21/googles_head_of_quantum_computing-hardware-leaves (1/1), chunk 17/36
[01:57:55 +1m 41s | thequantuminsider_2020_04_21_googles_head_of_quantum_computing_hardware_leaves] Repaired malformed JSON.
[01:57:55 +1m 41s | thequantuminsider_2020_04_21_googles_head_of_quantum_computing_hardware_leaves] Extracting actors: https://thequantuminsider.com/2020/04/21/googles_head_of_quantum_computing-hardware-leaves (1/1), chunk 18/36
[01:58:04 +1m 48s | thequantuminsider_2020_04_21_googles_head_of_quantum_computing_hardware_leaves] Repaired malformed JSON.
[01:58:04 +1m 48s | thequantuminsider_2020_04_21_googles_head_of_quantum_computing_hardware_leaves] Extracting actors: https://thequantuminsider.com/2020/04/21/googles_head_of_quantum_computing-hardware-leaves (1/1), chunk 19/36
[01:58:10 +1m 54s | thequantuminsider_2020_04_21_googles_head_of_quantum_computing_hardware_leaves] Repaired malformed JSON.
[01:58:10 +1m 54s | thequantuminsider_2020_04_21_googles_head_of_quantum_computing_hardware_leaves] Extracting actors: https://thequantuminsider.com/2020/04/21/googles_head_of_quantum_computing-hardware-leaves (1/1), chunk 20/36
[01:58:17 +2m 0s | thequantuminsider_2020_04_21_googles_head_of_quantum_computing_hardware_leaves] Repaired malformed JSON.
[01:58:17 +2m 0s | thequantuminsider_2020_04_21_googles_head_of_quantum_computing_hardware_leaves] Extracting actors: https://thequantuminsider.com/2020/04/21/googles_head_of_quantum_computing-hardware-leaves (1/1), chunk 21/36
[01:58:23 +2m 7s | thequantuminsider_2020_04_21_googles_head_of_quantum_computing_hardware_leaves] Repaired malformed JSON.
[01:58:23 +2m 7s | thequantuminsider_2020_04_21_googles_head_of_quantum_computing_hardware_leaves] Extracting actors: https://thequantuminsider.com/2020/04/21/googles_head_of_quantum_computing-hardware-leaves (1/1), chunk 22/36
[01:58:30 +2m 14s | thequantuminsider_2020_04_21_googles_head_of_quantum_computing_hardware_leaves] Repaired malformed JSON.
[01:58:30 +2m 14s | thequantuminsider_2020_04_21_googles_head_of_quantum_computing_hardware_leaves] Extracting actors: https://thequantuminsider.com/2020/04/21/googles_head_of_quantum_computing-hardware-leaves (1/1), chunk 23/36
[01:58:40 +2m 21s | thequantuminsider_2020_04_21_googles_head_of_quantum_computing_hardware_leaves] Repaired malformed JSON.
[01:58:40 +2m 21s | thequantuminsider_2020_04_21_googles_head_of_quantum_computing_hardware_leaves] Extracting actors: https://thequantuminsider.com/2020/04/21/googles_head_of_quantum_computing-hardware-leaves (1/1), chunk 24/36
[01:58:45 +2m 25s | thequantuminsider_2020_04_21_googles_head_of_quantum_computing_hardware_leaves] Extracting actors: https://thequantuminsider.com/2020/04/21/googles_head_of_quantum_computing-hardware-leaves (1/1), chunk 25/36
[01:58:49 +2m 30s | thequantuminsider_2020_04_21_googles_head_of_quantum_computing_hardware_leaves] Extracting actors: https://thequantuminsider.com/2020/04/21/googles_head_of_quantum_computing-hardware-leaves (1/1), chunk 26/36
[01:58:54 +2m 35s | thequantuminsider_2020_04_21_googles_head_of_quantum_computing_hardware_leaves] Extracting actors: https://thequantuminsider.com/2020/04/21/googles_head_of_quantum_computing-hardware-leaves (1/1), chunk 27/36
[01:58:58 +2m 38s | thequantuminsider_2020_04_21_googles_head_of_quantum_computing_hardware_leaves] Extracting actors: https://thequantuminsider.com/2020/04/21/googles_head_of_quantum_computing-hardware-leaves (1/1), chunk 28/36
[01:59:03 +2m 44s | thequantuminsider_2020_04_21_googles_head_of_quantum_computing_hardware_leaves] Repaired malformed JSON.
[01:59:03 +2m 44s | thequantuminsider_2020_04_21_googles_head_of_quantum_computing_hardware_leaves] Extracting actors: https://thequantuminsider.com/2020/04/21/googles_head_of_quantum_computing-hardware-leaves (1/1), chunk 29/36
[01:59:12 +2m 50s | thequantuminsider_2020_04_21_googles_head_of_quantum_computing_hardware_leaves] Repaired malformed JSON.
[01:59:12 +2m 50s | thequantuminsider_2020_04_21_googles_head_of_quantum_computing_hardware_leaves] Extracting actors: https://thequantuminsider.com/2020/04/21/googles_head_of_quantum_computing-hardware-leaves (1/1), chunk 30/36
[01:59:18 +2m 56s | thequantuminsider_2020_04_21_googles_head_of_quantum_computing_hardware_leaves] Repaired malformed JSON.
[01:59:18 +2m 56s | thequantuminsider_2020_04_21_googles_head_of_quantum_computing_hardware_leaves] Extracting actors: https://thequantuminsider.com/2020/04/21/googles_head_of_quantum_computing-hardware-leaves (1/1), chunk 31/36
[01:59:22 +3m 0s | thequantuminsider_2020_04_21_googles_head_of_quantum_computing_hardware_leaves] Extracting actors: https://thequantuminsider.com/2020/04/21/googles_head_of_quantum_computing-hardware-leaves (1/1), chunk 32/36
[01:59:28 +3m 5s | thequantuminsider_2020_04_21_googles_head_of_quantum_computing_hardware_leaves] Repaired malformed JSON.
[01:59:28 +3m 5s | thequantuminsider_2020_04_21_googles_head_of_quantum_computing_hardware_leaves] Extracting actors: https://thequantuminsider.com/2020/04/21/googles_head_of_quantum_computing-hardware-leaves (1/1), chunk 33/36
[01:59:35 +3m 13s | thequantuminsider_2020_04_21_googles_head_of_quantum_computing_hardware_leaves] Repaired malformed JSON.
[01:59:35 +3m 13s | thequantuminsider_2020_04_21_googles_head_of_quantum_computing_hardware_leaves] Extracting actors: https://thequantuminsider.com/2020/04/21/googles_head_of_quantum_computing-hardware-leaves (1/1), chunk 34/36
[01:59:43 +3m 18s | thequantuminsider_2020_04_21_googles_head_of_quantum_computing_hardware_leaves] Repaired malformed JSON.
[01:59:43 +3m 18s | thequantuminsider_2020_04_21_googles_head_of_quantum_computing_hardware_leaves] Extracting actors: https://thequantuminsider.com/2020/04/21/googles_head_of_quantum_computing-hardware-leaves (1/1), chunk 35/36
[01:59:49 +3m 24s | thequantuminsider_2020_04_21_googles_head_of_quantum_computing_hardware_leaves] Repaired malformed JSON.
[01:59:49 +3m 24s | thequantuminsider_2020_04_21_googles_head_of_quantum_computing_hardware_leaves] Extracting actors: https://thequantuminsider.com/2020/04/21/googles_head_of_quantum_computing-hardware-leaves (1/1), chunk 36/36
[01:59:55 +3m 30s | thequantuminsider_2020_04_21_googles_head_of_quantum_computing_hardware_leaves] Repaired malformed JSON.
[01:59:55 +3m 30s | thequantuminsider_2020_04_21_googles_head_of_quantum_computing_hardware_leaves] Saved 1_actor_results.json with 54 extracted records

[01:59:55 +3m 30s | thequantuminsider_2020_04_21_googles_head_of_quantum_computing_hardware_leaves] === 2 clean actors ===
[01:59:55 +3m 30s | thequantuminsider_2020_04_21_googles_head_of_quantum_computing_hardware_leaves] Loaded 54 extracted records
[01:59:55 +3m 30s | thequantuminsider_2020_04_21_googles_head_of_quantum_computing_hardware_leaves] Saved 2_actor_nodes.json with 22 canonical actor nodes

[01:59:55 +3m 30s | thequantuminsider_2020_04_21_googles_head_of_quantum_computing_hardware_leaves] === 3 interaction extraction ===
[01:59:55 +3m 30s | thequantuminsider_2020_04_21_googles_head_of_quantum_computing_hardware_leaves] Extracting interactions: https://thequantuminsider.com/2020/04/21/googles_head_of_quantum_computing-hardware-leaves (1/1), chunk 11/36
[01:59:56 +3m 31s | thequantuminsider_2020_04_21_googles_head_of_quantum_computing_hardware_leaves] Extracting interactions: https://thequantuminsider.com/2020/04/21/googles_head_of_quantum_computing-hardware-leaves (1/1), chunk 12/36
[02:00:04 +3m 39s | thequantuminsider_2020_04_21_googles_head_of_quantum_computing_hardware_leaves] Extracting interactions: https://thequantuminsider.com/2020/04/21/googles_head_of_quantum_computing-hardware-leaves (1/1), chunk 13/36
[02:00:25 +3m 57s | thequantuminsider_2020_04_21_googles_head_of_quantum_computing_hardware_leaves] Extracting interactions: https://thequantuminsider.com/2020/04/21/googles_head_of_quantum_computing-hardware-leaves (1/1), chunk 14/36
[02:00:41 +4m 13s | thequantuminsider_2020_04_21_googles_head_of_quantum_computing_hardware_leaves] Extracting interactions: https://thequantuminsider.com/2020/04/21/googles_head_of_quantum_computing-hardware-leaves (1/1), chunk 15/36
[02:00:47 +4m 19s | thequantuminsider_2020_04_21_googles_head_of_quantum_computing_hardware_leaves] Extracting interactions: https://thequantuminsider.com/2020/04/21/googles_head_of_quantum_computing-hardware-leaves (1/1), chunk 16/36
[02:00:57 +4m 26s | thequantuminsider_2020_04_21_googles_head_of_quantum_computing_hardware_leaves] Extracting interactions: https://thequantuminsider.com/2020/04/21/googles_head_of_quantum_computing-hardware-leaves (1/1), chunk 17/36
[02:01:09 +4m 38s | thequantuminsider_2020_04_21_googles_head_of_quantum_computing_hardware_leaves] Extracting interactions: https://thequantuminsider.com/2020/04/21/googles_head_of_quantum_computing-hardware-leaves (1/1), chunk 18/36
[02:01:12 +4m 41s | thequantuminsider_2020_04_21_googles_head_of_quantum_computing_hardware_leaves] Extracting interactions: https://thequantuminsider.com/2020/04/21/googles_head_of_quantum_computing-hardware-leaves (1/1), chunk 19/36
[02:01:19 +4m 48s | thequantuminsider_2020_04_21_googles_head_of_quantum_computing_hardware_leaves] Extracting interactions: https://thequantuminsider.com/2020/04/21/googles_head_of_quantum_computing-hardware-leaves (1/1), chunk 20/36
[02:01:23 +4m 52s | thequantuminsider_2020_04_21_googles_head_of_quantum_computing_hardware_leaves] Extracting interactions: https://thequantuminsider.com/2020/04/21/googles_head_of_quantum_computing-hardware-leaves (1/1), chunk 21/36
[02:01:31 +4m 58s | thequantuminsider_2020_04_21_googles_head_of_quantum_computing_hardware_leaves] Extracting interactions: https://thequantuminsider.com/2020/04/21/googles_head_of_quantum_computing-hardware-leaves (1/1), chunk 22/36
[02:01:39 +5m 5s | thequantuminsider_2020_04_21_googles_head_of_quantum_computing_hardware_leaves] Extracting interactions: https://thequantuminsider.com/2020/04/21/googles_head_of_quantum_computing-hardware-leaves (1/1), chunk 25/36
[02:01:44 +5m 10s | thequantuminsider_2020_04_21_googles_head_of_quantum_computing_hardware_leaves] Extracting interactions: https://thequantuminsider.com/2020/04/21/googles_head_of_quantum_computing-hardware-leaves (1/1), chunk 26/36
[02:01:45 +5m 12s | thequantuminsider_2020_04_21_googles_head_of_quantum_computing_hardware_leaves] Extracting interactions: https://thequantuminsider.com/2020/04/21/googles_head_of_quantum_computing-hardware-leaves (1/1), chunk 27/36
[02:01:48 +5m 14s | thequantuminsider_2020_04_21_googles_head_of_quantum_computing_hardware_leaves] Extracting interactions: https://thequantuminsider.com/2020/04/21/googles_head_of_quantum_computing-hardware-leaves (1/1), chunk 29/36
[02:01:49 +5m 16s | thequantuminsider_2020_04_21_googles_head_of_quantum_computing_hardware_leaves] Extracting interactions: https://thequantuminsider.com/2020/04/21/googles_head_of_quantum_computing-hardware-leaves (1/1), chunk 30/36
[02:01:51 +5m 17s | thequantuminsider_2020_04_21_googles_head_of_quantum_computing_hardware_leaves] Extracting interactions: https://thequantuminsider.com/2020/04/21/googles_head_of_quantum_computing-hardware-leaves (1/1), chunk 31/36
[02:01:52 +5m 18s | thequantuminsider_2020_04_21_googles_head_of_quantum_computing_hardware_leaves] Extracting interactions: https://thequantuminsider.com/2020/04/21/googles_head_of_quantum_computing-hardware-leaves (1/1), chunk 32/36
[02:01:54 +5m 20s | thequantuminsider_2020_04_21_googles_head_of_quantum_computing_hardware_leaves] Extracting interactions: https://thequantuminsider.com/2020/04/21/googles_head_of_quantum_computing-hardware-leaves (1/1), chunk 33/36
[02:01:56 +5m 22s | thequantuminsider_2020_04_21_googles_head_of_quantum_computing_hardware_leaves] Extracting interactions: https://thequantuminsider.com/2020/04/21/googles_head_of_quantum_computing-hardware-leaves (1/1), chunk 34/36
[02:01:57 +5m 23s | thequantuminsider_2020_04_21_googles_head_of_quantum_computing_hardware_leaves] Extracting interactions: https://thequantuminsider.com/2020/04/21/googles_head_of_quantum_computing-hardware-leaves (1/1), chunk 35/36
[02:01:59 +5m 25s | thequantuminsider_2020_04_21_googles_head_of_quantum_computing_hardware_leaves] Extracting interactions: https://thequantuminsider.com/2020/04/21/googles_head_of_quantum_computing-hardware-leaves (1/1), chunk 36/36
[02:02:05 +5m 28s | thequantuminsider_2020_04_21_googles_head_of_quantum_computing_hardware_leaves] Saved 3_interaction_results.json with 27 extracted interactions.

[02:02:05 +5m 28s | thequantuminsider_2020_04_21_googles_head_of_quantum_computing_hardware_leaves] === 4 clean interactions ===
[02:02:05 +5m 28s | thequantuminsider_2020_04_21_googles_head_of_quantum_computing_hardware_leaves] Saved 4_edges.json with 1 cleaned interactions.

[02:02:05 +5m 28s | thequantuminsider_2020_04_21_googles_head_of_quantum_computing_hardware_leaves] === 5 helix enrichment ===
[02:02:05 +5m 28s | thequantuminsider_2020_04_21_googles_head_of_quantum_computing_hardware_leaves] Wrote 5_nodes.json (22 actors)
[02:02:05 +5m 28s | thequantuminsider_2020_04_21_googles_head_of_quantum_computing_hardware_leaves] Wrote 5_edges.json (1 interactions)
[02:02:05 +5m 28s | thequantuminsider_2020_04_21_googles_head_of_quantum_computing_hardware_leaves] Actor helix counts: {'Civil Society': 3, 'Government': 2, 'Industry': 6, 'Intermediary': 1, 'Unknown': 10}
[02:02:05 +5m 28s | thequantuminsider_2020_04_21_googles_head_of_quantum_computing_hardware_leaves] Functional-space counts: {'Unknown': 1}

[02:02:05 +5m 28s | thequantuminsider_2020_04_21_googles_head_of_quantum_computing_hardware_leaves] === 6 network visualisation ===
[02:02:05 +5m 28s | thequantuminsider_2020_04_21_googles_head_of_quantum_computing_hardware_leaves] Wrote quantum_network.html
[02:02:05 +5m 28s | thequantuminsider_2020_04_21_googles_head_of_quantum_computing_hardware_leaves] Nodes: 22
[02:02:05 +5m 28s | thequantuminsider_2020_04_21_googles_head_of_quantum_computing_hardware_leaves] Edges: 1

[02:02:05 +5m 28s | thequantuminsider_2020_04_21_googles_head_of_quantum_computing_hardware_leaves] Done. Outputs written to: /home/lv/IDP/idpdeeptech/pipeline/news_outputs/thequantuminsider_2020_04_21_googles_head_of_quantum_computing_hardware_leaves
[02:02:05 +5m 28s | thequantuminsider_2020_04_21_googles_head_of_quantum_computing_hardware_leaves] Log: /home/lv/IDP/idpdeeptech/pipeline/news_outputs/thequantuminsider_2020_04_21_googles_head_of_quantum_computing_hardware_leaves/run.log

========================================================================
RUN FINISHED 2026-07-02 02:02:05  (OK)
Started:     2026-07-02 01:56:05
Elapsed:     5m 28s
========================================================================
