
========================================================================
RUN STARTED  2026-07-02 09:02:33
site_pipeline.py https://thequantuminsider.com/2024/03/01/ionqs-financial-results-company-beats-full-year-consensus-on-revenue-and-bookings/
========================================================================

[09:02:33 +0s | thequantuminsider_2024_03_01_ionqs_financial_results_company_beats_full_year_consensus_on_78d0bdfb] === 0 crawl site ===
[09:02:36 +3s | thequantuminsider_2024_03_01_ionqs_financial_results_company_beats_full_year_consensus_on_78d0bdfb] [INIT].... → Crawl4AI 0.8.6 
[09:03:00 +28s | thequantuminsider_2024_03_01_ionqs_financial_results_company_beats_full_year_consensus_on_78d0bdfb] [FETCH]... ↓ https://thequantuminsider.com/2024/03/01/ionqs-f...ats-full-year-consensus-on-revenue-and-bookings/  | ✓ | ⏱: 24.58s 
[09:03:01 +28s | thequantuminsider_2024_03_01_ionqs_financial_results_company_beats_full_year_consensus_on_78d0bdfb] [SCRAPE].. ◆ https://thequantuminsider.com/2024/03/01/ionqs-f...ats-full-year-consensus-on-revenue-and-bookings/  | ✓ | ⏱: 0.12s 
[09:03:01 +28s | thequantuminsider_2024_03_01_ionqs_financial_results_company_beats_full_year_consensus_on_78d0bdfb] [COMPLETE] ● https://thequantuminsider.com/2024/03/01/ionqs-f...ats-full-year-consensus-on-revenue-and-bookings/  | ✓ | ⏱: 24.73s 
[09:03:01 +28s | thequantuminsider_2024_03_01_ionqs_financial_results_company_beats_full_year_consensus_on_78d0bdfb] Saved: crawl_output/58405fa002_thequantuminsider.com_2024_03_01_ionqs-financial-results-company-beats-full-year-consensus-on-revenue-and-bookings.json

[09:03:01 +28s | thequantuminsider_2024_03_01_ionqs_financial_results_company_beats_full_year_consensus_on_78d0bdfb] === 1 actor extraction ===
[09:03:01 +28s | thequantuminsider_2024_03_01_ionqs_financial_results_company_beats_full_year_consensus_on_78d0bdfb] Reading page (1/1): https://thequantuminsider.com/2024/03/01/ionqs-financial-results-company-beats-full-year-consensus-on-revenue-and-bookings
[09:03:01 +28s | thequantuminsider_2024_03_01_ionqs_financial_results_company_beats_full_year_consensus_on_78d0bdfb] Extracting actors: https://thequantuminsider.com/2024/03/01/ionqs-financial-results-company-beats-full-year-consensus-on-revenue-and-bookings (1/1), chunk 1/45
[09:03:08 +35s | thequantuminsider_2024_03_01_ionqs_financial_results_company_beats_full_year_consensus_on_78d0bdfb] Extracting actors: https://thequantuminsider.com/2024/03/01/ionqs-financial-results-company-beats-full-year-consensus-on-revenue-and-bookings (1/1), chunk 2/45
[09:03:12 +39s | thequantuminsider_2024_03_01_ionqs_financial_results_company_beats_full_year_consensus_on_78d0bdfb] Extracting actors: https://thequantuminsider.com/2024/03/01/ionqs-financial-results-company-beats-full-year-consensus-on-revenue-and-bookings (1/1), chunk 3/45
[09:03:16 +43s | thequantuminsider_2024_03_01_ionqs_financial_results_company_beats_full_year_consensus_on_78d0bdfb] Extracting actors: https://thequantuminsider.com/2024/03/01/ionqs-financial-results-company-beats-full-year-consensus-on-revenue-and-bookings (1/1), chunk 4/45
[09:03:20 +47s | thequantuminsider_2024_03_01_ionqs_financial_results_company_beats_full_year_consensus_on_78d0bdfb] Extracting actors: https://thequantuminsider.com/2024/03/01/ionqs-financial-results-company-beats-full-year-consensus-on-revenue-and-bookings (1/1), chunk 5/45
[09:03:25 +52s | thequantuminsider_2024_03_01_ionqs_financial_results_company_beats_full_year_consensus_on_78d0bdfb] Extracting actors: https://thequantuminsider.com/2024/03/01/ionqs-financial-results-company-beats-full-year-consensus-on-revenue-and-bookings (1/1), chunk 6/45
[09:03:30 +57s | thequantuminsider_2024_03_01_ionqs_financial_results_company_beats_full_year_consensus_on_78d0bdfb] Extracting actors: https://thequantuminsider.com/2024/03/01/ionqs-financial-results-company-beats-full-year-consensus-on-revenue-and-bookings (1/1), chunk 7/45
[09:03:37 +1m 4s | thequantuminsider_2024_03_01_ionqs_financial_results_company_beats_full_year_consensus_on_78d0bdfb] Repaired malformed JSON.
[09:03:37 +1m 4s | thequantuminsider_2024_03_01_ionqs_financial_results_company_beats_full_year_consensus_on_78d0bdfb] Extracting actors: https://thequantuminsider.com/2024/03/01/ionqs-financial-results-company-beats-full-year-consensus-on-revenue-and-bookings (1/1), chunk 8/45
[09:03:42 +1m 9s | thequantuminsider_2024_03_01_ionqs_financial_results_company_beats_full_year_consensus_on_78d0bdfb] Extracting actors: https://thequantuminsider.com/2024/03/01/ionqs-financial-results-company-beats-full-year-consensus-on-revenue-and-bookings (1/1), chunk 9/45
[09:03:49 +1m 16s | thequantuminsider_2024_03_01_ionqs_financial_results_company_beats_full_year_consensus_on_78d0bdfb] Extracting actors: https://thequantuminsider.com/2024/03/01/ionqs-financial-results-company-beats-full-year-consensus-on-revenue-and-bookings (1/1), chunk 10/45
[09:03:56 +1m 23s | thequantuminsider_2024_03_01_ionqs_financial_results_company_beats_full_year_consensus_on_78d0bdfb] Repaired malformed JSON.
[09:03:56 +1m 23s | thequantuminsider_2024_03_01_ionqs_financial_results_company_beats_full_year_consensus_on_78d0bdfb] Extracting actors: https://thequantuminsider.com/2024/03/01/ionqs-financial-results-company-beats-full-year-consensus-on-revenue-and-bookings (1/1), chunk 11/45
[09:04:04 +1m 31s | thequantuminsider_2024_03_01_ionqs_financial_results_company_beats_full_year_consensus_on_78d0bdfb] Repaired malformed JSON.
[09:04:04 +1m 31s | thequantuminsider_2024_03_01_ionqs_financial_results_company_beats_full_year_consensus_on_78d0bdfb] Extracting actors: https://thequantuminsider.com/2024/03/01/ionqs-financial-results-company-beats-full-year-consensus-on-revenue-and-bookings (1/1), chunk 12/45
[09:04:11 +1m 39s | thequantuminsider_2024_03_01_ionqs_financial_results_company_beats_full_year_consensus_on_78d0bdfb] Repaired malformed JSON.
[09:04:11 +1m 39s | thequantuminsider_2024_03_01_ionqs_financial_results_company_beats_full_year_consensus_on_78d0bdfb] Extracting actors: https://thequantuminsider.com/2024/03/01/ionqs-financial-results-company-beats-full-year-consensus-on-revenue-and-bookings (1/1), chunk 13/45
[09:04:19 +1m 46s | thequantuminsider_2024_03_01_ionqs_financial_results_company_beats_full_year_consensus_on_78d0bdfb] Repaired malformed JSON.
[09:04:19 +1m 46s | thequantuminsider_2024_03_01_ionqs_financial_results_company_beats_full_year_consensus_on_78d0bdfb] Extracting actors: https://thequantuminsider.com/2024/03/01/ionqs-financial-results-company-beats-full-year-consensus-on-revenue-and-bookings (1/1), chunk 14/45
[09:04:27 +1m 55s | thequantuminsider_2024_03_01_ionqs_financial_results_company_beats_full_year_consensus_on_78d0bdfb] Repaired malformed JSON.
[09:04:27 +1m 55s | thequantuminsider_2024_03_01_ionqs_financial_results_company_beats_full_year_consensus_on_78d0bdfb] Extracting actors: https://thequantuminsider.com/2024/03/01/ionqs-financial-results-company-beats-full-year-consensus-on-revenue-and-bookings (1/1), chunk 15/45
[09:04:35 +2m 2s | thequantuminsider_2024_03_01_ionqs_financial_results_company_beats_full_year_consensus_on_78d0bdfb] Repaired malformed JSON.
[09:04:35 +2m 2s | thequantuminsider_2024_03_01_ionqs_financial_results_company_beats_full_year_consensus_on_78d0bdfb] Extracting actors: https://thequantuminsider.com/2024/03/01/ionqs-financial-results-company-beats-full-year-consensus-on-revenue-and-bookings (1/1), chunk 16/45
[09:04:43 +2m 11s | thequantuminsider_2024_03_01_ionqs_financial_results_company_beats_full_year_consensus_on_78d0bdfb] Repaired malformed JSON.
[09:04:43 +2m 11s | thequantuminsider_2024_03_01_ionqs_financial_results_company_beats_full_year_consensus_on_78d0bdfb] Extracting actors: https://thequantuminsider.com/2024/03/01/ionqs-financial-results-company-beats-full-year-consensus-on-revenue-and-bookings (1/1), chunk 17/45
[09:04:50 +2m 17s | thequantuminsider_2024_03_01_ionqs_financial_results_company_beats_full_year_consensus_on_78d0bdfb] Repaired malformed JSON.
[09:04:50 +2m 17s | thequantuminsider_2024_03_01_ionqs_financial_results_company_beats_full_year_consensus_on_78d0bdfb] Extracting actors: https://thequantuminsider.com/2024/03/01/ionqs-financial-results-company-beats-full-year-consensus-on-revenue-and-bookings (1/1), chunk 18/45
[09:04:56 +2m 24s | thequantuminsider_2024_03_01_ionqs_financial_results_company_beats_full_year_consensus_on_78d0bdfb] Repaired malformed JSON.
[09:04:56 +2m 24s | thequantuminsider_2024_03_01_ionqs_financial_results_company_beats_full_year_consensus_on_78d0bdfb] Extracting actors: https://thequantuminsider.com/2024/03/01/ionqs-financial-results-company-beats-full-year-consensus-on-revenue-and-bookings (1/1), chunk 19/45
[09:05:02 +2m 30s | thequantuminsider_2024_03_01_ionqs_financial_results_company_beats_full_year_consensus_on_78d0bdfb] Repaired malformed JSON.
[09:05:02 +2m 30s | thequantuminsider_2024_03_01_ionqs_financial_results_company_beats_full_year_consensus_on_78d0bdfb] Extracting actors: https://thequantuminsider.com/2024/03/01/ionqs-financial-results-company-beats-full-year-consensus-on-revenue-and-bookings (1/1), chunk 20/45
[09:05:09 +2m 36s | thequantuminsider_2024_03_01_ionqs_financial_results_company_beats_full_year_consensus_on_78d0bdfb] Repaired malformed JSON.
[09:05:09 +2m 36s | thequantuminsider_2024_03_01_ionqs_financial_results_company_beats_full_year_consensus_on_78d0bdfb] Extracting actors: https://thequantuminsider.com/2024/03/01/ionqs-financial-results-company-beats-full-year-consensus-on-revenue-and-bookings (1/1), chunk 21/45
[09:05:15 +2m 42s | thequantuminsider_2024_03_01_ionqs_financial_results_company_beats_full_year_consensus_on_78d0bdfb] Repaired malformed JSON.
[09:05:15 +2m 42s | thequantuminsider_2024_03_01_ionqs_financial_results_company_beats_full_year_consensus_on_78d0bdfb] Extracting actors: https://thequantuminsider.com/2024/03/01/ionqs-financial-results-company-beats-full-year-consensus-on-revenue-and-bookings (1/1), chunk 22/45
[09:05:21 +2m 48s | thequantuminsider_2024_03_01_ionqs_financial_results_company_beats_full_year_consensus_on_78d0bdfb] Repaired malformed JSON.
[09:05:21 +2m 48s | thequantuminsider_2024_03_01_ionqs_financial_results_company_beats_full_year_consensus_on_78d0bdfb] Extracting actors: https://thequantuminsider.com/2024/03/01/ionqs-financial-results-company-beats-full-year-consensus-on-revenue-and-bookings (1/1), chunk 23/45
[09:05:28 +2m 55s | thequantuminsider_2024_03_01_ionqs_financial_results_company_beats_full_year_consensus_on_78d0bdfb] Repaired malformed JSON.
[09:05:28 +2m 55s | thequantuminsider_2024_03_01_ionqs_financial_results_company_beats_full_year_consensus_on_78d0bdfb] Extracting actors: https://thequantuminsider.com/2024/03/01/ionqs-financial-results-company-beats-full-year-consensus-on-revenue-and-bookings (1/1), chunk 24/45
[09:05:35 +3m 2s | thequantuminsider_2024_03_01_ionqs_financial_results_company_beats_full_year_consensus_on_78d0bdfb] Repaired malformed JSON.
[09:05:35 +3m 2s | thequantuminsider_2024_03_01_ionqs_financial_results_company_beats_full_year_consensus_on_78d0bdfb] Extracting actors: https://thequantuminsider.com/2024/03/01/ionqs-financial-results-company-beats-full-year-consensus-on-revenue-and-bookings (1/1), chunk 25/45
[09:05:42 +3m 9s | thequantuminsider_2024_03_01_ionqs_financial_results_company_beats_full_year_consensus_on_78d0bdfb] Repaired malformed JSON.
[09:05:42 +3m 9s | thequantuminsider_2024_03_01_ionqs_financial_results_company_beats_full_year_consensus_on_78d0bdfb] Extracting actors: https://thequantuminsider.com/2024/03/01/ionqs-financial-results-company-beats-full-year-consensus-on-revenue-and-bookings (1/1), chunk 26/45
[09:05:48 +3m 16s | thequantuminsider_2024_03_01_ionqs_financial_results_company_beats_full_year_consensus_on_78d0bdfb] Repaired malformed JSON.
[09:05:48 +3m 16s | thequantuminsider_2024_03_01_ionqs_financial_results_company_beats_full_year_consensus_on_78d0bdfb] Extracting actors: https://thequantuminsider.com/2024/03/01/ionqs-financial-results-company-beats-full-year-consensus-on-revenue-and-bookings (1/1), chunk 27/45
[09:05:58 +3m 26s | thequantuminsider_2024_03_01_ionqs_financial_results_company_beats_full_year_consensus_on_78d0bdfb] Repaired malformed JSON.
[09:05:58 +3m 26s | thequantuminsider_2024_03_01_ionqs_financial_results_company_beats_full_year_consensus_on_78d0bdfb] Extracting actors: https://thequantuminsider.com/2024/03/01/ionqs-financial-results-company-beats-full-year-consensus-on-revenue-and-bookings (1/1), chunk 28/45
[09:06:04 +3m 31s | thequantuminsider_2024_03_01_ionqs_financial_results_company_beats_full_year_consensus_on_78d0bdfb] Repaired malformed JSON.
[09:06:04 +3m 31s | thequantuminsider_2024_03_01_ionqs_financial_results_company_beats_full_year_consensus_on_78d0bdfb] Extracting actors: https://thequantuminsider.com/2024/03/01/ionqs-financial-results-company-beats-full-year-consensus-on-revenue-and-bookings (1/1), chunk 29/45
[09:06:10 +3m 37s | thequantuminsider_2024_03_01_ionqs_financial_results_company_beats_full_year_consensus_on_78d0bdfb] Repaired malformed JSON.
[09:06:10 +3m 37s | thequantuminsider_2024_03_01_ionqs_financial_results_company_beats_full_year_consensus_on_78d0bdfb] Extracting actors: https://thequantuminsider.com/2024/03/01/ionqs-financial-results-company-beats-full-year-consensus-on-revenue-and-bookings (1/1), chunk 30/45
[09:06:16 +3m 44s | thequantuminsider_2024_03_01_ionqs_financial_results_company_beats_full_year_consensus_on_78d0bdfb] Repaired malformed JSON.
[09:06:16 +3m 44s | thequantuminsider_2024_03_01_ionqs_financial_results_company_beats_full_year_consensus_on_78d0bdfb] Extracting actors: https://thequantuminsider.com/2024/03/01/ionqs-financial-results-company-beats-full-year-consensus-on-revenue-and-bookings (1/1), chunk 31/45
[09:06:24 +3m 51s | thequantuminsider_2024_03_01_ionqs_financial_results_company_beats_full_year_consensus_on_78d0bdfb] Extracting actors: https://thequantuminsider.com/2024/03/01/ionqs-financial-results-company-beats-full-year-consensus-on-revenue-and-bookings (1/1), chunk 32/45
[09:06:29 +3m 57s | thequantuminsider_2024_03_01_ionqs_financial_results_company_beats_full_year_consensus_on_78d0bdfb] Extracting actors: https://thequantuminsider.com/2024/03/01/ionqs-financial-results-company-beats-full-year-consensus-on-revenue-and-bookings (1/1), chunk 33/45
[09:06:35 +4m 3s | thequantuminsider_2024_03_01_ionqs_financial_results_company_beats_full_year_consensus_on_78d0bdfb] Extracting actors: https://thequantuminsider.com/2024/03/01/ionqs-financial-results-company-beats-full-year-consensus-on-revenue-and-bookings (1/1), chunk 34/45
[09:06:40 +4m 7s | thequantuminsider_2024_03_01_ionqs_financial_results_company_beats_full_year_consensus_on_78d0bdfb] Extracting actors: https://thequantuminsider.com/2024/03/01/ionqs-financial-results-company-beats-full-year-consensus-on-revenue-and-bookings (1/1), chunk 35/45
[09:06:42 +4m 9s | thequantuminsider_2024_03_01_ionqs_financial_results_company_beats_full_year_consensus_on_78d0bdfb] Extracting actors: https://thequantuminsider.com/2024/03/01/ionqs-financial-results-company-beats-full-year-consensus-on-revenue-and-bookings (1/1), chunk 36/45
[09:06:50 +4m 17s | thequantuminsider_2024_03_01_ionqs_financial_results_company_beats_full_year_consensus_on_78d0bdfb] Repaired malformed JSON.
[09:06:50 +4m 17s | thequantuminsider_2024_03_01_ionqs_financial_results_company_beats_full_year_consensus_on_78d0bdfb] Extracting actors: https://thequantuminsider.com/2024/03/01/ionqs-financial-results-company-beats-full-year-consensus-on-revenue-and-bookings (1/1), chunk 37/45
[09:06:57 +4m 25s | thequantuminsider_2024_03_01_ionqs_financial_results_company_beats_full_year_consensus_on_78d0bdfb] Repaired malformed JSON.
[09:06:57 +4m 25s | thequantuminsider_2024_03_01_ionqs_financial_results_company_beats_full_year_consensus_on_78d0bdfb] Extracting actors: https://thequantuminsider.com/2024/03/01/ionqs-financial-results-company-beats-full-year-consensus-on-revenue-and-bookings (1/1), chunk 38/45
[09:07:03 +4m 30s | thequantuminsider_2024_03_01_ionqs_financial_results_company_beats_full_year_consensus_on_78d0bdfb] Repaired malformed JSON.
[09:07:03 +4m 30s | thequantuminsider_2024_03_01_ionqs_financial_results_company_beats_full_year_consensus_on_78d0bdfb] Extracting actors: https://thequantuminsider.com/2024/03/01/ionqs-financial-results-company-beats-full-year-consensus-on-revenue-and-bookings (1/1), chunk 39/45
[09:07:09 +4m 36s | thequantuminsider_2024_03_01_ionqs_financial_results_company_beats_full_year_consensus_on_78d0bdfb] Repaired malformed JSON.
[09:07:09 +4m 36s | thequantuminsider_2024_03_01_ionqs_financial_results_company_beats_full_year_consensus_on_78d0bdfb] Extracting actors: https://thequantuminsider.com/2024/03/01/ionqs-financial-results-company-beats-full-year-consensus-on-revenue-and-bookings (1/1), chunk 40/45
[09:07:16 +4m 43s | thequantuminsider_2024_03_01_ionqs_financial_results_company_beats_full_year_consensus_on_78d0bdfb] Repaired malformed JSON.
[09:07:16 +4m 43s | thequantuminsider_2024_03_01_ionqs_financial_results_company_beats_full_year_consensus_on_78d0bdfb] Extracting actors: https://thequantuminsider.com/2024/03/01/ionqs-financial-results-company-beats-full-year-consensus-on-revenue-and-bookings (1/1), chunk 41/45
[09:07:24 +4m 51s | thequantuminsider_2024_03_01_ionqs_financial_results_company_beats_full_year_consensus_on_78d0bdfb] Repaired malformed JSON.
[09:07:24 +4m 51s | thequantuminsider_2024_03_01_ionqs_financial_results_company_beats_full_year_consensus_on_78d0bdfb] Extracting actors: https://thequantuminsider.com/2024/03/01/ionqs-financial-results-company-beats-full-year-consensus-on-revenue-and-bookings (1/1), chunk 42/45
[09:07:31 +4m 58s | thequantuminsider_2024_03_01_ionqs_financial_results_company_beats_full_year_consensus_on_78d0bdfb] Repaired malformed JSON.
[09:07:31 +4m 58s | thequantuminsider_2024_03_01_ionqs_financial_results_company_beats_full_year_consensus_on_78d0bdfb] Extracting actors: https://thequantuminsider.com/2024/03/01/ionqs-financial-results-company-beats-full-year-consensus-on-revenue-and-bookings (1/1), chunk 43/45
[09:07:36 +5m 3s | thequantuminsider_2024_03_01_ionqs_financial_results_company_beats_full_year_consensus_on_78d0bdfb] Extracting actors: https://thequantuminsider.com/2024/03/01/ionqs-financial-results-company-beats-full-year-consensus-on-revenue-and-bookings (1/1), chunk 44/45
[09:07:43 +5m 10s | thequantuminsider_2024_03_01_ionqs_financial_results_company_beats_full_year_consensus_on_78d0bdfb] Repaired malformed JSON.
[09:07:43 +5m 10s | thequantuminsider_2024_03_01_ionqs_financial_results_company_beats_full_year_consensus_on_78d0bdfb] Extracting actors: https://thequantuminsider.com/2024/03/01/ionqs-financial-results-company-beats-full-year-consensus-on-revenue-and-bookings (1/1), chunk 45/45
[09:07:50 +5m 17s | thequantuminsider_2024_03_01_ionqs_financial_results_company_beats_full_year_consensus_on_78d0bdfb] Repaired malformed JSON.
[09:07:50 +5m 17s | thequantuminsider_2024_03_01_ionqs_financial_results_company_beats_full_year_consensus_on_78d0bdfb] Saved 1_actor_results.json with 73 extracted records

[09:07:50 +5m 17s | thequantuminsider_2024_03_01_ionqs_financial_results_company_beats_full_year_consensus_on_78d0bdfb] === 2 clean actors ===
[09:07:50 +5m 17s | thequantuminsider_2024_03_01_ionqs_financial_results_company_beats_full_year_consensus_on_78d0bdfb] Loaded 73 extracted records
[09:07:50 +5m 17s | thequantuminsider_2024_03_01_ionqs_financial_results_company_beats_full_year_consensus_on_78d0bdfb] Saved 2_actor_nodes.json with 20 canonical actor nodes

[09:07:50 +5m 17s | thequantuminsider_2024_03_01_ionqs_financial_results_company_beats_full_year_consensus_on_78d0bdfb] === 3 interaction extraction ===
[09:07:50 +5m 17s | thequantuminsider_2024_03_01_ionqs_financial_results_company_beats_full_year_consensus_on_78d0bdfb] Extracting interactions: https://thequantuminsider.com/2024/03/01/ionqs-financial-results-company-beats-full-year-consensus-on-revenue-and-bookings (1/1), chunk 11/45
[09:07:55 +5m 22s | thequantuminsider_2024_03_01_ionqs_financial_results_company_beats_full_year_consensus_on_78d0bdfb] Extracting interactions: https://thequantuminsider.com/2024/03/01/ionqs-financial-results-company-beats-full-year-consensus-on-revenue-and-bookings (1/1), chunk 12/45
[09:08:02 +5m 29s | thequantuminsider_2024_03_01_ionqs_financial_results_company_beats_full_year_consensus_on_78d0bdfb] Extracting interactions: https://thequantuminsider.com/2024/03/01/ionqs-financial-results-company-beats-full-year-consensus-on-revenue-and-bookings (1/1), chunk 13/45
[09:08:07 +5m 34s | thequantuminsider_2024_03_01_ionqs_financial_results_company_beats_full_year_consensus_on_78d0bdfb] Extracting interactions: https://thequantuminsider.com/2024/03/01/ionqs-financial-results-company-beats-full-year-consensus-on-revenue-and-bookings (1/1), chunk 14/45
[09:08:11 +5m 38s | thequantuminsider_2024_03_01_ionqs_financial_results_company_beats_full_year_consensus_on_78d0bdfb] Extracting interactions: https://thequantuminsider.com/2024/03/01/ionqs-financial-results-company-beats-full-year-consensus-on-revenue-and-bookings (1/1), chunk 15/45
[09:08:18 +5m 45s | thequantuminsider_2024_03_01_ionqs_financial_results_company_beats_full_year_consensus_on_78d0bdfb] Extracting interactions: https://thequantuminsider.com/2024/03/01/ionqs-financial-results-company-beats-full-year-consensus-on-revenue-and-bookings (1/1), chunk 17/45
[09:08:21 +5m 49s | thequantuminsider_2024_03_01_ionqs_financial_results_company_beats_full_year_consensus_on_78d0bdfb] Extracting interactions: https://thequantuminsider.com/2024/03/01/ionqs-financial-results-company-beats-full-year-consensus-on-revenue-and-bookings (1/1), chunk 18/45
[09:08:28 +5m 55s | thequantuminsider_2024_03_01_ionqs_financial_results_company_beats_full_year_consensus_on_78d0bdfb] Extracting interactions: https://thequantuminsider.com/2024/03/01/ionqs-financial-results-company-beats-full-year-consensus-on-revenue-and-bookings (1/1), chunk 19/45
[09:08:34 +6m 1s | thequantuminsider_2024_03_01_ionqs_financial_results_company_beats_full_year_consensus_on_78d0bdfb] Extracting interactions: https://thequantuminsider.com/2024/03/01/ionqs-financial-results-company-beats-full-year-consensus-on-revenue-and-bookings (1/1), chunk 20/45
[09:08:40 +6m 7s | thequantuminsider_2024_03_01_ionqs_financial_results_company_beats_full_year_consensus_on_78d0bdfb] Extracting interactions: https://thequantuminsider.com/2024/03/01/ionqs-financial-results-company-beats-full-year-consensus-on-revenue-and-bookings (1/1), chunk 21/45
[09:08:45 +6m 12s | thequantuminsider_2024_03_01_ionqs_financial_results_company_beats_full_year_consensus_on_78d0bdfb] Extracting interactions: https://thequantuminsider.com/2024/03/01/ionqs-financial-results-company-beats-full-year-consensus-on-revenue-and-bookings (1/1), chunk 22/45
[09:08:50 +6m 18s | thequantuminsider_2024_03_01_ionqs_financial_results_company_beats_full_year_consensus_on_78d0bdfb] Extracting interactions: https://thequantuminsider.com/2024/03/01/ionqs-financial-results-company-beats-full-year-consensus-on-revenue-and-bookings (1/1), chunk 23/45
[09:08:52 +6m 19s | thequantuminsider_2024_03_01_ionqs_financial_results_company_beats_full_year_consensus_on_78d0bdfb] Extracting interactions: https://thequantuminsider.com/2024/03/01/ionqs-financial-results-company-beats-full-year-consensus-on-revenue-and-bookings (1/1), chunk 24/45
[09:09:01 +6m 28s | thequantuminsider_2024_03_01_ionqs_financial_results_company_beats_full_year_consensus_on_78d0bdfb] Extracting interactions: https://thequantuminsider.com/2024/03/01/ionqs-financial-results-company-beats-full-year-consensus-on-revenue-and-bookings (1/1), chunk 25/45
[09:09:16 +6m 43s | thequantuminsider_2024_03_01_ionqs_financial_results_company_beats_full_year_consensus_on_78d0bdfb] Extracting interactions: https://thequantuminsider.com/2024/03/01/ionqs-financial-results-company-beats-full-year-consensus-on-revenue-and-bookings (1/1), chunk 26/45
[09:09:23 +6m 50s | thequantuminsider_2024_03_01_ionqs_financial_results_company_beats_full_year_consensus_on_78d0bdfb] Extracting interactions: https://thequantuminsider.com/2024/03/01/ionqs-financial-results-company-beats-full-year-consensus-on-revenue-and-bookings (1/1), chunk 27/45
[09:09:35 +7m 2s | thequantuminsider_2024_03_01_ionqs_financial_results_company_beats_full_year_consensus_on_78d0bdfb] Extracting interactions: https://thequantuminsider.com/2024/03/01/ionqs-financial-results-company-beats-full-year-consensus-on-revenue-and-bookings (1/1), chunk 28/45
[09:09:44 +7m 11s | thequantuminsider_2024_03_01_ionqs_financial_results_company_beats_full_year_consensus_on_78d0bdfb] Extracting interactions: https://thequantuminsider.com/2024/03/01/ionqs-financial-results-company-beats-full-year-consensus-on-revenue-and-bookings (1/1), chunk 29/45
[09:09:54 +7m 21s | thequantuminsider_2024_03_01_ionqs_financial_results_company_beats_full_year_consensus_on_78d0bdfb] Extracting interactions: https://thequantuminsider.com/2024/03/01/ionqs-financial-results-company-beats-full-year-consensus-on-revenue-and-bookings (1/1), chunk 32/45
[09:10:03 +7m 30s | thequantuminsider_2024_03_01_ionqs_financial_results_company_beats_full_year_consensus_on_78d0bdfb] Extracting interactions: https://thequantuminsider.com/2024/03/01/ionqs-financial-results-company-beats-full-year-consensus-on-revenue-and-bookings (1/1), chunk 33/45
[09:10:05 +7m 32s | thequantuminsider_2024_03_01_ionqs_financial_results_company_beats_full_year_consensus_on_78d0bdfb] Extracting interactions: https://thequantuminsider.com/2024/03/01/ionqs-financial-results-company-beats-full-year-consensus-on-revenue-and-bookings (1/1), chunk 34/45
[09:10:07 +7m 34s | thequantuminsider_2024_03_01_ionqs_financial_results_company_beats_full_year_consensus_on_78d0bdfb] Extracting interactions: https://thequantuminsider.com/2024/03/01/ionqs-financial-results-company-beats-full-year-consensus-on-revenue-and-bookings (1/1), chunk 36/45
[09:10:08 +7m 36s | thequantuminsider_2024_03_01_ionqs_financial_results_company_beats_full_year_consensus_on_78d0bdfb] Extracting interactions: https://thequantuminsider.com/2024/03/01/ionqs-financial-results-company-beats-full-year-consensus-on-revenue-and-bookings (1/1), chunk 37/45
[09:10:11 +7m 38s | thequantuminsider_2024_03_01_ionqs_financial_results_company_beats_full_year_consensus_on_78d0bdfb] Extracting interactions: https://thequantuminsider.com/2024/03/01/ionqs-financial-results-company-beats-full-year-consensus-on-revenue-and-bookings (1/1), chunk 38/45
[09:10:12 +7m 40s | thequantuminsider_2024_03_01_ionqs_financial_results_company_beats_full_year_consensus_on_78d0bdfb] Extracting interactions: https://thequantuminsider.com/2024/03/01/ionqs-financial-results-company-beats-full-year-consensus-on-revenue-and-bookings (1/1), chunk 39/45
[09:10:14 +7m 41s | thequantuminsider_2024_03_01_ionqs_financial_results_company_beats_full_year_consensus_on_78d0bdfb] Extracting interactions: https://thequantuminsider.com/2024/03/01/ionqs-financial-results-company-beats-full-year-consensus-on-revenue-and-bookings (1/1), chunk 41/45
[09:10:21 +7m 48s | thequantuminsider_2024_03_01_ionqs_financial_results_company_beats_full_year_consensus_on_78d0bdfb] Extracting interactions: https://thequantuminsider.com/2024/03/01/ionqs-financial-results-company-beats-full-year-consensus-on-revenue-and-bookings (1/1), chunk 42/45
[09:10:23 +7m 50s | thequantuminsider_2024_03_01_ionqs_financial_results_company_beats_full_year_consensus_on_78d0bdfb] Saved 3_interaction_results.json with 28 extracted interactions.

[09:10:23 +7m 50s | thequantuminsider_2024_03_01_ionqs_financial_results_company_beats_full_year_consensus_on_78d0bdfb] === 4 clean interactions ===
[09:10:23 +7m 50s | thequantuminsider_2024_03_01_ionqs_financial_results_company_beats_full_year_consensus_on_78d0bdfb] Saved 4_edges.json with 7 cleaned interactions.

[09:10:23 +7m 50s | thequantuminsider_2024_03_01_ionqs_financial_results_company_beats_full_year_consensus_on_78d0bdfb] === 5 helix enrichment ===
[09:10:23 +7m 50s | thequantuminsider_2024_03_01_ionqs_financial_results_company_beats_full_year_consensus_on_78d0bdfb] Wrote 5_nodes.json (20 actors)
[09:10:23 +7m 50s | thequantuminsider_2024_03_01_ionqs_financial_results_company_beats_full_year_consensus_on_78d0bdfb] Wrote 5_edges.json (7 interactions)
[09:10:23 +7m 50s | thequantuminsider_2024_03_01_ionqs_financial_results_company_beats_full_year_consensus_on_78d0bdfb] Actor helix counts: {'Academia': 1, 'Civil Society': 1, 'Government': 5, 'Industry': 5, 'Intermediary': 1, 'Unknown': 7}
[09:10:23 +7m 50s | thequantuminsider_2024_03_01_ionqs_financial_results_company_beats_full_year_consensus_on_78d0bdfb] Functional-space counts: {'Intra-helix / Not classified': 2, 'Unknown': 5}

[09:10:23 +7m 50s | thequantuminsider_2024_03_01_ionqs_financial_results_company_beats_full_year_consensus_on_78d0bdfb] === 6 network visualisation ===
[09:10:23 +7m 50s | thequantuminsider_2024_03_01_ionqs_financial_results_company_beats_full_year_consensus_on_78d0bdfb] Wrote quantum_network.html
[09:10:23 +7m 50s | thequantuminsider_2024_03_01_ionqs_financial_results_company_beats_full_year_consensus_on_78d0bdfb] Nodes: 20
[09:10:23 +7m 50s | thequantuminsider_2024_03_01_ionqs_financial_results_company_beats_full_year_consensus_on_78d0bdfb] Edges: 5

[09:10:23 +7m 50s | thequantuminsider_2024_03_01_ionqs_financial_results_company_beats_full_year_consensus_on_78d0bdfb] Done. Outputs written to: /home/lv/IDP/idpdeeptech/pipeline/news_outputs/thequantuminsider_2024_03_01_ionqs_financial_results_company_beats_full_year_consensus_on_78d0bdfb
[09:10:23 +7m 50s | thequantuminsider_2024_03_01_ionqs_financial_results_company_beats_full_year_consensus_on_78d0bdfb] Log: /home/lv/IDP/idpdeeptech/pipeline/news_outputs/thequantuminsider_2024_03_01_ionqs_financial_results_company_beats_full_year_consensus_on_78d0bdfb/run.log

========================================================================
RUN FINISHED 2026-07-02 09:10:23  (OK)
Started:     2026-07-02 09:02:33
Elapsed:     7m 50s
========================================================================
