
========================================================================
RUN STARTED  2026-07-02 04:25:30
site_pipeline.py https://thequantuminsider.com/2023/08/14/rigetti-announces-deployment-of-84-qubit-ankaa-1-targets-narrow-quantum-advantage/
========================================================================

[04:25:30 +0s | thequantuminsider_2023_08_14_rigetti_announces_deployment_of_84_qubit_ankaa_1_targets_nar_5f270b17] === 0 crawl site ===
[04:25:31 +1s | thequantuminsider_2023_08_14_rigetti_announces_deployment_of_84_qubit_ankaa_1_targets_nar_5f270b17] [INIT].... → Crawl4AI 0.8.6 
[04:25:33 +3s | thequantuminsider_2023_08_14_rigetti_announces_deployment_of_84_qubit_ankaa_1_targets_nar_5f270b17] [FETCH]... ↓ https://thequantuminsider.com/2023/08/14/rigetti...-qubit-ankaa-1-targets-narrow-quantum-advantage/  | ✓ | ⏱: 2.15s 
[04:25:33 +3s | thequantuminsider_2023_08_14_rigetti_announces_deployment_of_84_qubit_ankaa_1_targets_nar_5f270b17] [SCRAPE].. ◆ https://thequantuminsider.com/2023/08/14/rigetti...-qubit-ankaa-1-targets-narrow-quantum-advantage/  | ✓ | ⏱: 0.10s 
[04:25:33 +3s | thequantuminsider_2023_08_14_rigetti_announces_deployment_of_84_qubit_ankaa_1_targets_nar_5f270b17] [COMPLETE] ● https://thequantuminsider.com/2023/08/14/rigetti...-qubit-ankaa-1-targets-narrow-quantum-advantage/  | ✓ | ⏱: 2.27s 
[04:25:33 +3s | thequantuminsider_2023_08_14_rigetti_announces_deployment_of_84_qubit_ankaa_1_targets_nar_5f270b17] Saved: crawl_output/4a1987dc08_thequantuminsider.com_2023_08_14_rigetti-announces-deployment-of-84-qubit-ankaa-1-targets-narrow-quantum-advantage.json

[04:25:33 +4s | thequantuminsider_2023_08_14_rigetti_announces_deployment_of_84_qubit_ankaa_1_targets_nar_5f270b17] === 1 actor extraction ===
[04:25:33 +4s | thequantuminsider_2023_08_14_rigetti_announces_deployment_of_84_qubit_ankaa_1_targets_nar_5f270b17] Reading page (1/1): https://thequantuminsider.com/2023/08/14/rigetti-announces-deployment-of-84-qubit-ankaa-1-targets-narrow-quantum-advantage
[04:25:33 +4s | thequantuminsider_2023_08_14_rigetti_announces_deployment_of_84_qubit_ankaa_1_targets_nar_5f270b17] Extracting actors: https://thequantuminsider.com/2023/08/14/rigetti-announces-deployment-of-84-qubit-ankaa-1-targets-narrow-quantum-advantage (1/1), chunk 1/39
[04:25:39 +10s | thequantuminsider_2023_08_14_rigetti_announces_deployment_of_84_qubit_ankaa_1_targets_nar_5f270b17] Extracting actors: https://thequantuminsider.com/2023/08/14/rigetti-announces-deployment-of-84-qubit-ankaa-1-targets-narrow-quantum-advantage (1/1), chunk 2/39
[04:25:46 +14s | thequantuminsider_2023_08_14_rigetti_announces_deployment_of_84_qubit_ankaa_1_targets_nar_5f270b17] Extracting actors: https://thequantuminsider.com/2023/08/14/rigetti-announces-deployment-of-84-qubit-ankaa-1-targets-narrow-quantum-advantage (1/1), chunk 3/39
[04:25:51 +19s | thequantuminsider_2023_08_14_rigetti_announces_deployment_of_84_qubit_ankaa_1_targets_nar_5f270b17] Extracting actors: https://thequantuminsider.com/2023/08/14/rigetti-announces-deployment-of-84-qubit-ankaa-1-targets-narrow-quantum-advantage (1/1), chunk 4/39
[04:25:56 +24s | thequantuminsider_2023_08_14_rigetti_announces_deployment_of_84_qubit_ankaa_1_targets_nar_5f270b17] Extracting actors: https://thequantuminsider.com/2023/08/14/rigetti-announces-deployment-of-84-qubit-ankaa-1-targets-narrow-quantum-advantage (1/1), chunk 5/39
[04:26:03 +30s | thequantuminsider_2023_08_14_rigetti_announces_deployment_of_84_qubit_ankaa_1_targets_nar_5f270b17] Repaired malformed JSON.
[04:26:03 +30s | thequantuminsider_2023_08_14_rigetti_announces_deployment_of_84_qubit_ankaa_1_targets_nar_5f270b17] Extracting actors: https://thequantuminsider.com/2023/08/14/rigetti-announces-deployment-of-84-qubit-ankaa-1-targets-narrow-quantum-advantage (1/1), chunk 6/39
[04:26:07 +35s | thequantuminsider_2023_08_14_rigetti_announces_deployment_of_84_qubit_ankaa_1_targets_nar_5f270b17] Extracting actors: https://thequantuminsider.com/2023/08/14/rigetti-announces-deployment-of-84-qubit-ankaa-1-targets-narrow-quantum-advantage (1/1), chunk 7/39
[04:26:11 +38s | thequantuminsider_2023_08_14_rigetti_announces_deployment_of_84_qubit_ankaa_1_targets_nar_5f270b17] Extracting actors: https://thequantuminsider.com/2023/08/14/rigetti-announces-deployment-of-84-qubit-ankaa-1-targets-narrow-quantum-advantage (1/1), chunk 8/39
[04:26:16 +43s | thequantuminsider_2023_08_14_rigetti_announces_deployment_of_84_qubit_ankaa_1_targets_nar_5f270b17] Extracting actors: https://thequantuminsider.com/2023/08/14/rigetti-announces-deployment-of-84-qubit-ankaa-1-targets-narrow-quantum-advantage (1/1), chunk 9/39
[04:26:25 +49s | thequantuminsider_2023_08_14_rigetti_announces_deployment_of_84_qubit_ankaa_1_targets_nar_5f270b17] Extracting actors: https://thequantuminsider.com/2023/08/14/rigetti-announces-deployment-of-84-qubit-ankaa-1-targets-narrow-quantum-advantage (1/1), chunk 10/39
[04:26:31 +56s | thequantuminsider_2023_08_14_rigetti_announces_deployment_of_84_qubit_ankaa_1_targets_nar_5f270b17] Repaired malformed JSON.
[04:26:31 +56s | thequantuminsider_2023_08_14_rigetti_announces_deployment_of_84_qubit_ankaa_1_targets_nar_5f270b17] Extracting actors: https://thequantuminsider.com/2023/08/14/rigetti-announces-deployment-of-84-qubit-ankaa-1-targets-narrow-quantum-advantage (1/1), chunk 11/39
[04:26:38 +1m 3s | thequantuminsider_2023_08_14_rigetti_announces_deployment_of_84_qubit_ankaa_1_targets_nar_5f270b17] Repaired malformed JSON.
[04:26:38 +1m 3s | thequantuminsider_2023_08_14_rigetti_announces_deployment_of_84_qubit_ankaa_1_targets_nar_5f270b17] Extracting actors: https://thequantuminsider.com/2023/08/14/rigetti-announces-deployment-of-84-qubit-ankaa-1-targets-narrow-quantum-advantage (1/1), chunk 12/39
[04:26:44 +1m 9s | thequantuminsider_2023_08_14_rigetti_announces_deployment_of_84_qubit_ankaa_1_targets_nar_5f270b17] Repaired malformed JSON.
[04:26:44 +1m 9s | thequantuminsider_2023_08_14_rigetti_announces_deployment_of_84_qubit_ankaa_1_targets_nar_5f270b17] Extracting actors: https://thequantuminsider.com/2023/08/14/rigetti-announces-deployment-of-84-qubit-ankaa-1-targets-narrow-quantum-advantage (1/1), chunk 13/39
[04:26:55 +1m 17s | thequantuminsider_2023_08_14_rigetti_announces_deployment_of_84_qubit_ankaa_1_targets_nar_5f270b17] Repaired malformed JSON.
[04:26:55 +1m 17s | thequantuminsider_2023_08_14_rigetti_announces_deployment_of_84_qubit_ankaa_1_targets_nar_5f270b17] Extracting actors: https://thequantuminsider.com/2023/08/14/rigetti-announces-deployment-of-84-qubit-ankaa-1-targets-narrow-quantum-advantage (1/1), chunk 14/39
[04:27:01 +1m 22s | thequantuminsider_2023_08_14_rigetti_announces_deployment_of_84_qubit_ankaa_1_targets_nar_5f270b17] Repaired malformed JSON.
[04:27:01 +1m 22s | thequantuminsider_2023_08_14_rigetti_announces_deployment_of_84_qubit_ankaa_1_targets_nar_5f270b17] Extracting actors: https://thequantuminsider.com/2023/08/14/rigetti-announces-deployment-of-84-qubit-ankaa-1-targets-narrow-quantum-advantage (1/1), chunk 15/39
[04:27:07 +1m 28s | thequantuminsider_2023_08_14_rigetti_announces_deployment_of_84_qubit_ankaa_1_targets_nar_5f270b17] Repaired malformed JSON.
[04:27:07 +1m 28s | thequantuminsider_2023_08_14_rigetti_announces_deployment_of_84_qubit_ankaa_1_targets_nar_5f270b17] Extracting actors: https://thequantuminsider.com/2023/08/14/rigetti-announces-deployment-of-84-qubit-ankaa-1-targets-narrow-quantum-advantage (1/1), chunk 16/39
[04:27:13 +1m 35s | thequantuminsider_2023_08_14_rigetti_announces_deployment_of_84_qubit_ankaa_1_targets_nar_5f270b17] Repaired malformed JSON.
[04:27:13 +1m 35s | thequantuminsider_2023_08_14_rigetti_announces_deployment_of_84_qubit_ankaa_1_targets_nar_5f270b17] Extracting actors: https://thequantuminsider.com/2023/08/14/rigetti-announces-deployment-of-84-qubit-ankaa-1-targets-narrow-quantum-advantage (1/1), chunk 17/39
[04:27:20 +1m 41s | thequantuminsider_2023_08_14_rigetti_announces_deployment_of_84_qubit_ankaa_1_targets_nar_5f270b17] Repaired malformed JSON.
[04:27:20 +1m 41s | thequantuminsider_2023_08_14_rigetti_announces_deployment_of_84_qubit_ankaa_1_targets_nar_5f270b17] Extracting actors: https://thequantuminsider.com/2023/08/14/rigetti-announces-deployment-of-84-qubit-ankaa-1-targets-narrow-quantum-advantage (1/1), chunk 18/39
[04:27:26 +1m 47s | thequantuminsider_2023_08_14_rigetti_announces_deployment_of_84_qubit_ankaa_1_targets_nar_5f270b17] Repaired malformed JSON.
[04:27:26 +1m 47s | thequantuminsider_2023_08_14_rigetti_announces_deployment_of_84_qubit_ankaa_1_targets_nar_5f270b17] Extracting actors: https://thequantuminsider.com/2023/08/14/rigetti-announces-deployment-of-84-qubit-ankaa-1-targets-narrow-quantum-advantage (1/1), chunk 19/39
[04:27:34 +1m 53s | thequantuminsider_2023_08_14_rigetti_announces_deployment_of_84_qubit_ankaa_1_targets_nar_5f270b17] Repaired malformed JSON.
[04:27:34 +1m 53s | thequantuminsider_2023_08_14_rigetti_announces_deployment_of_84_qubit_ankaa_1_targets_nar_5f270b17] Extracting actors: https://thequantuminsider.com/2023/08/14/rigetti-announces-deployment-of-84-qubit-ankaa-1-targets-narrow-quantum-advantage (1/1), chunk 20/39
[04:27:43 +2m 2s | thequantuminsider_2023_08_14_rigetti_announces_deployment_of_84_qubit_ankaa_1_targets_nar_5f270b17] Repaired malformed JSON.
[04:27:43 +2m 2s | thequantuminsider_2023_08_14_rigetti_announces_deployment_of_84_qubit_ankaa_1_targets_nar_5f270b17] Extracting actors: https://thequantuminsider.com/2023/08/14/rigetti-announces-deployment-of-84-qubit-ankaa-1-targets-narrow-quantum-advantage (1/1), chunk 21/39
[04:27:49 +2m 8s | thequantuminsider_2023_08_14_rigetti_announces_deployment_of_84_qubit_ankaa_1_targets_nar_5f270b17] Repaired malformed JSON.
[04:27:49 +2m 8s | thequantuminsider_2023_08_14_rigetti_announces_deployment_of_84_qubit_ankaa_1_targets_nar_5f270b17] Extracting actors: https://thequantuminsider.com/2023/08/14/rigetti-announces-deployment-of-84-qubit-ankaa-1-targets-narrow-quantum-advantage (1/1), chunk 22/39
[04:27:55 +2m 14s | thequantuminsider_2023_08_14_rigetti_announces_deployment_of_84_qubit_ankaa_1_targets_nar_5f270b17] Repaired malformed JSON.
[04:27:55 +2m 14s | thequantuminsider_2023_08_14_rigetti_announces_deployment_of_84_qubit_ankaa_1_targets_nar_5f270b17] Extracting actors: https://thequantuminsider.com/2023/08/14/rigetti-announces-deployment-of-84-qubit-ankaa-1-targets-narrow-quantum-advantage (1/1), chunk 23/39
[04:28:00 +2m 19s | thequantuminsider_2023_08_14_rigetti_announces_deployment_of_84_qubit_ankaa_1_targets_nar_5f270b17] Repaired malformed JSON.
[04:28:00 +2m 19s | thequantuminsider_2023_08_14_rigetti_announces_deployment_of_84_qubit_ankaa_1_targets_nar_5f270b17] Extracting actors: https://thequantuminsider.com/2023/08/14/rigetti-announces-deployment-of-84-qubit-ankaa-1-targets-narrow-quantum-advantage (1/1), chunk 24/39
[04:28:10 +2m 25s | thequantuminsider_2023_08_14_rigetti_announces_deployment_of_84_qubit_ankaa_1_targets_nar_5f270b17] Repaired malformed JSON.
[04:28:10 +2m 25s | thequantuminsider_2023_08_14_rigetti_announces_deployment_of_84_qubit_ankaa_1_targets_nar_5f270b17] Extracting actors: https://thequantuminsider.com/2023/08/14/rigetti-announces-deployment-of-84-qubit-ankaa-1-targets-narrow-quantum-advantage (1/1), chunk 25/39
[04:28:15 +2m 31s | thequantuminsider_2023_08_14_rigetti_announces_deployment_of_84_qubit_ankaa_1_targets_nar_5f270b17] Repaired malformed JSON.
[04:28:15 +2m 31s | thequantuminsider_2023_08_14_rigetti_announces_deployment_of_84_qubit_ankaa_1_targets_nar_5f270b17] Extracting actors: https://thequantuminsider.com/2023/08/14/rigetti-announces-deployment-of-84-qubit-ankaa-1-targets-narrow-quantum-advantage (1/1), chunk 26/39
[04:28:21 +2m 37s | thequantuminsider_2023_08_14_rigetti_announces_deployment_of_84_qubit_ankaa_1_targets_nar_5f270b17] Repaired malformed JSON.
[04:28:21 +2m 37s | thequantuminsider_2023_08_14_rigetti_announces_deployment_of_84_qubit_ankaa_1_targets_nar_5f270b17] Extracting actors: https://thequantuminsider.com/2023/08/14/rigetti-announces-deployment-of-84-qubit-ankaa-1-targets-narrow-quantum-advantage (1/1), chunk 27/39
[04:28:30 +2m 46s | thequantuminsider_2023_08_14_rigetti_announces_deployment_of_84_qubit_ankaa_1_targets_nar_5f270b17] Repaired malformed JSON.
[04:28:30 +2m 46s | thequantuminsider_2023_08_14_rigetti_announces_deployment_of_84_qubit_ankaa_1_targets_nar_5f270b17] Extracting actors: https://thequantuminsider.com/2023/08/14/rigetti-announces-deployment-of-84-qubit-ankaa-1-targets-narrow-quantum-advantage (1/1), chunk 28/39
[04:28:34 +2m 50s | thequantuminsider_2023_08_14_rigetti_announces_deployment_of_84_qubit_ankaa_1_targets_nar_5f270b17] Extracting actors: https://thequantuminsider.com/2023/08/14/rigetti-announces-deployment-of-84-qubit-ankaa-1-targets-narrow-quantum-advantage (1/1), chunk 29/39
[04:28:41 +2m 54s | thequantuminsider_2023_08_14_rigetti_announces_deployment_of_84_qubit_ankaa_1_targets_nar_5f270b17] Extracting actors: https://thequantuminsider.com/2023/08/14/rigetti-announces-deployment-of-84-qubit-ankaa-1-targets-narrow-quantum-advantage (1/1), chunk 30/39
[04:28:45 +2m 58s | thequantuminsider_2023_08_14_rigetti_announces_deployment_of_84_qubit_ankaa_1_targets_nar_5f270b17] Extracting actors: https://thequantuminsider.com/2023/08/14/rigetti-announces-deployment-of-84-qubit-ankaa-1-targets-narrow-quantum-advantage (1/1), chunk 31/39
[04:28:52 +3m 4s | thequantuminsider_2023_08_14_rigetti_announces_deployment_of_84_qubit_ankaa_1_targets_nar_5f270b17] Repaired malformed JSON.
[04:28:52 +3m 4s | thequantuminsider_2023_08_14_rigetti_announces_deployment_of_84_qubit_ankaa_1_targets_nar_5f270b17] Extracting actors: https://thequantuminsider.com/2023/08/14/rigetti-announces-deployment-of-84-qubit-ankaa-1-targets-narrow-quantum-advantage (1/1), chunk 32/39
[04:28:58 +3m 11s | thequantuminsider_2023_08_14_rigetti_announces_deployment_of_84_qubit_ankaa_1_targets_nar_5f270b17] Repaired malformed JSON.
[04:28:58 +3m 11s | thequantuminsider_2023_08_14_rigetti_announces_deployment_of_84_qubit_ankaa_1_targets_nar_5f270b17] Extracting actors: https://thequantuminsider.com/2023/08/14/rigetti-announces-deployment-of-84-qubit-ankaa-1-targets-narrow-quantum-advantage (1/1), chunk 33/39
[04:29:04 +3m 17s | thequantuminsider_2023_08_14_rigetti_announces_deployment_of_84_qubit_ankaa_1_targets_nar_5f270b17] Repaired malformed JSON.
[04:29:04 +3m 17s | thequantuminsider_2023_08_14_rigetti_announces_deployment_of_84_qubit_ankaa_1_targets_nar_5f270b17] Extracting actors: https://thequantuminsider.com/2023/08/14/rigetti-announces-deployment-of-84-qubit-ankaa-1-targets-narrow-quantum-advantage (1/1), chunk 34/39
[04:29:08 +3m 21s | thequantuminsider_2023_08_14_rigetti_announces_deployment_of_84_qubit_ankaa_1_targets_nar_5f270b17] Extracting actors: https://thequantuminsider.com/2023/08/14/rigetti-announces-deployment-of-84-qubit-ankaa-1-targets-narrow-quantum-advantage (1/1), chunk 35/39
[04:29:17 +3m 27s | thequantuminsider_2023_08_14_rigetti_announces_deployment_of_84_qubit_ankaa_1_targets_nar_5f270b17] Repaired malformed JSON.
[04:29:17 +3m 27s | thequantuminsider_2023_08_14_rigetti_announces_deployment_of_84_qubit_ankaa_1_targets_nar_5f270b17] Extracting actors: https://thequantuminsider.com/2023/08/14/rigetti-announces-deployment-of-84-qubit-ankaa-1-targets-narrow-quantum-advantage (1/1), chunk 36/39
[04:29:25 +3m 35s | thequantuminsider_2023_08_14_rigetti_announces_deployment_of_84_qubit_ankaa_1_targets_nar_5f270b17] Repaired malformed JSON.
[04:29:25 +3m 35s | thequantuminsider_2023_08_14_rigetti_announces_deployment_of_84_qubit_ankaa_1_targets_nar_5f270b17] Extracting actors: https://thequantuminsider.com/2023/08/14/rigetti-announces-deployment-of-84-qubit-ankaa-1-targets-narrow-quantum-advantage (1/1), chunk 37/39
[04:29:30 +3m 40s | thequantuminsider_2023_08_14_rigetti_announces_deployment_of_84_qubit_ankaa_1_targets_nar_5f270b17] Repaired malformed JSON.
[04:29:30 +3m 40s | thequantuminsider_2023_08_14_rigetti_announces_deployment_of_84_qubit_ankaa_1_targets_nar_5f270b17] Extracting actors: https://thequantuminsider.com/2023/08/14/rigetti-announces-deployment-of-84-qubit-ankaa-1-targets-narrow-quantum-advantage (1/1), chunk 38/39
[04:29:38 +3m 48s | thequantuminsider_2023_08_14_rigetti_announces_deployment_of_84_qubit_ankaa_1_targets_nar_5f270b17] Repaired malformed JSON.
[04:29:38 +3m 48s | thequantuminsider_2023_08_14_rigetti_announces_deployment_of_84_qubit_ankaa_1_targets_nar_5f270b17] Extracting actors: https://thequantuminsider.com/2023/08/14/rigetti-announces-deployment-of-84-qubit-ankaa-1-targets-narrow-quantum-advantage (1/1), chunk 39/39
[04:29:42 +3m 52s | thequantuminsider_2023_08_14_rigetti_announces_deployment_of_84_qubit_ankaa_1_targets_nar_5f270b17] Saved 1_actor_results.json with 62 extracted records

[04:29:42 +3m 52s | thequantuminsider_2023_08_14_rigetti_announces_deployment_of_84_qubit_ankaa_1_targets_nar_5f270b17] === 2 clean actors ===
[04:29:42 +3m 52s | thequantuminsider_2023_08_14_rigetti_announces_deployment_of_84_qubit_ankaa_1_targets_nar_5f270b17] Loaded 62 extracted records
[04:29:42 +3m 52s | thequantuminsider_2023_08_14_rigetti_announces_deployment_of_84_qubit_ankaa_1_targets_nar_5f270b17] Saved 2_actor_nodes.json with 16 canonical actor nodes

[04:29:42 +3m 52s | thequantuminsider_2023_08_14_rigetti_announces_deployment_of_84_qubit_ankaa_1_targets_nar_5f270b17] === 3 interaction extraction ===
[04:29:42 +3m 52s | thequantuminsider_2023_08_14_rigetti_announces_deployment_of_84_qubit_ankaa_1_targets_nar_5f270b17] Extracting interactions: https://thequantuminsider.com/2023/08/14/rigetti-announces-deployment-of-84-qubit-ankaa-1-targets-narrow-quantum-advantage (1/1), chunk 11/39
[04:29:46 +3m 56s | thequantuminsider_2023_08_14_rigetti_announces_deployment_of_84_qubit_ankaa_1_targets_nar_5f270b17] Extracting interactions: https://thequantuminsider.com/2023/08/14/rigetti-announces-deployment-of-84-qubit-ankaa-1-targets-narrow-quantum-advantage (1/1), chunk 12/39
[04:29:53 +4m 0s | thequantuminsider_2023_08_14_rigetti_announces_deployment_of_84_qubit_ankaa_1_targets_nar_5f270b17] Extracting interactions: https://thequantuminsider.com/2023/08/14/rigetti-announces-deployment-of-84-qubit-ankaa-1-targets-narrow-quantum-advantage (1/1), chunk 13/39
[04:30:02 +4m 9s | thequantuminsider_2023_08_14_rigetti_announces_deployment_of_84_qubit_ankaa_1_targets_nar_5f270b17] Extracting interactions: https://thequantuminsider.com/2023/08/14/rigetti-announces-deployment-of-84-qubit-ankaa-1-targets-narrow-quantum-advantage (1/1), chunk 14/39
[04:30:19 +4m 26s | thequantuminsider_2023_08_14_rigetti_announces_deployment_of_84_qubit_ankaa_1_targets_nar_5f270b17] Extracting interactions: https://thequantuminsider.com/2023/08/14/rigetti-announces-deployment-of-84-qubit-ankaa-1-targets-narrow-quantum-advantage (1/1), chunk 15/39
[04:30:28 +4m 33s | thequantuminsider_2023_08_14_rigetti_announces_deployment_of_84_qubit_ankaa_1_targets_nar_5f270b17] Extracting interactions: https://thequantuminsider.com/2023/08/14/rigetti-announces-deployment-of-84-qubit-ankaa-1-targets-narrow-quantum-advantage (1/1), chunk 16/39
[04:30:35 +4m 39s | thequantuminsider_2023_08_14_rigetti_announces_deployment_of_84_qubit_ankaa_1_targets_nar_5f270b17] Extracting interactions: https://thequantuminsider.com/2023/08/14/rigetti-announces-deployment-of-84-qubit-ankaa-1-targets-narrow-quantum-advantage (1/1), chunk 17/39
[04:30:40 +4m 44s | thequantuminsider_2023_08_14_rigetti_announces_deployment_of_84_qubit_ankaa_1_targets_nar_5f270b17] Extracting interactions: https://thequantuminsider.com/2023/08/14/rigetti-announces-deployment-of-84-qubit-ankaa-1-targets-narrow-quantum-advantage (1/1), chunk 18/39
[04:30:45 +4m 49s | thequantuminsider_2023_08_14_rigetti_announces_deployment_of_84_qubit_ankaa_1_targets_nar_5f270b17] Extracting interactions: https://thequantuminsider.com/2023/08/14/rigetti-announces-deployment-of-84-qubit-ankaa-1-targets-narrow-quantum-advantage (1/1), chunk 19/39
[04:30:46 +4m 50s | thequantuminsider_2023_08_14_rigetti_announces_deployment_of_84_qubit_ankaa_1_targets_nar_5f270b17] Extracting interactions: https://thequantuminsider.com/2023/08/14/rigetti-announces-deployment-of-84-qubit-ankaa-1-targets-narrow-quantum-advantage (1/1), chunk 20/39
[04:30:52 +4m 56s | thequantuminsider_2023_08_14_rigetti_announces_deployment_of_84_qubit_ankaa_1_targets_nar_5f270b17] Extracting interactions: https://thequantuminsider.com/2023/08/14/rigetti-announces-deployment-of-84-qubit-ankaa-1-targets-narrow-quantum-advantage (1/1), chunk 21/39
[04:31:03 +5m 4s | thequantuminsider_2023_08_14_rigetti_announces_deployment_of_84_qubit_ankaa_1_targets_nar_5f270b17] Extracting interactions: https://thequantuminsider.com/2023/08/14/rigetti-announces-deployment-of-84-qubit-ankaa-1-targets-narrow-quantum-advantage (1/1), chunk 22/39
[04:31:09 +5m 10s | thequantuminsider_2023_08_14_rigetti_announces_deployment_of_84_qubit_ankaa_1_targets_nar_5f270b17] Extracting interactions: https://thequantuminsider.com/2023/08/14/rigetti-announces-deployment-of-84-qubit-ankaa-1-targets-narrow-quantum-advantage (1/1), chunk 23/39
[04:31:13 +5m 14s | thequantuminsider_2023_08_14_rigetti_announces_deployment_of_84_qubit_ankaa_1_targets_nar_5f270b17] Extracting interactions: https://thequantuminsider.com/2023/08/14/rigetti-announces-deployment-of-84-qubit-ankaa-1-targets-narrow-quantum-advantage (1/1), chunk 24/39
[04:31:17 +5m 18s | thequantuminsider_2023_08_14_rigetti_announces_deployment_of_84_qubit_ankaa_1_targets_nar_5f270b17] Extracting interactions: https://thequantuminsider.com/2023/08/14/rigetti-announces-deployment-of-84-qubit-ankaa-1-targets-narrow-quantum-advantage (1/1), chunk 25/39
[04:31:23 +5m 24s | thequantuminsider_2023_08_14_rigetti_announces_deployment_of_84_qubit_ankaa_1_targets_nar_5f270b17] Extracting interactions: https://thequantuminsider.com/2023/08/14/rigetti-announces-deployment-of-84-qubit-ankaa-1-targets-narrow-quantum-advantage (1/1), chunk 28/39
[04:31:26 +5m 27s | thequantuminsider_2023_08_14_rigetti_announces_deployment_of_84_qubit_ankaa_1_targets_nar_5f270b17] Extracting interactions: https://thequantuminsider.com/2023/08/14/rigetti-announces-deployment-of-84-qubit-ankaa-1-targets-narrow-quantum-advantage (1/1), chunk 29/39
[04:31:52 +5m 50s | thequantuminsider_2023_08_14_rigetti_announces_deployment_of_84_qubit_ankaa_1_targets_nar_5f270b17] Extracting interactions: https://thequantuminsider.com/2023/08/14/rigetti-announces-deployment-of-84-qubit-ankaa-1-targets-narrow-quantum-advantage (1/1), chunk 30/39
[04:31:53 +5m 52s | thequantuminsider_2023_08_14_rigetti_announces_deployment_of_84_qubit_ankaa_1_targets_nar_5f270b17] Extracting interactions: https://thequantuminsider.com/2023/08/14/rigetti-announces-deployment-of-84-qubit-ankaa-1-targets-narrow-quantum-advantage (1/1), chunk 32/39
[04:31:55 +5m 53s | thequantuminsider_2023_08_14_rigetti_announces_deployment_of_84_qubit_ankaa_1_targets_nar_5f270b17] Extracting interactions: https://thequantuminsider.com/2023/08/14/rigetti-announces-deployment-of-84-qubit-ankaa-1-targets-narrow-quantum-advantage (1/1), chunk 33/39
[04:32:26 +6m 22s | thequantuminsider_2023_08_14_rigetti_announces_deployment_of_84_qubit_ankaa_1_targets_nar_5f270b17] Extracting interactions: https://thequantuminsider.com/2023/08/14/rigetti-announces-deployment-of-84-qubit-ankaa-1-targets-narrow-quantum-advantage (1/1), chunk 34/39
[04:32:28 +6m 23s | thequantuminsider_2023_08_14_rigetti_announces_deployment_of_84_qubit_ankaa_1_targets_nar_5f270b17] Extracting interactions: https://thequantuminsider.com/2023/08/14/rigetti-announces-deployment-of-84-qubit-ankaa-1-targets-narrow-quantum-advantage (1/1), chunk 35/39
[04:32:29 +6m 25s | thequantuminsider_2023_08_14_rigetti_announces_deployment_of_84_qubit_ankaa_1_targets_nar_5f270b17] Extracting interactions: https://thequantuminsider.com/2023/08/14/rigetti-announces-deployment-of-84-qubit-ankaa-1-targets-narrow-quantum-advantage (1/1), chunk 36/39
[04:32:31 +6m 26s | thequantuminsider_2023_08_14_rigetti_announces_deployment_of_84_qubit_ankaa_1_targets_nar_5f270b17] Extracting interactions: https://thequantuminsider.com/2023/08/14/rigetti-announces-deployment-of-84-qubit-ankaa-1-targets-narrow-quantum-advantage (1/1), chunk 37/39
[04:32:32 +6m 28s | thequantuminsider_2023_08_14_rigetti_announces_deployment_of_84_qubit_ankaa_1_targets_nar_5f270b17] Extracting interactions: https://thequantuminsider.com/2023/08/14/rigetti-announces-deployment-of-84-qubit-ankaa-1-targets-narrow-quantum-advantage (1/1), chunk 38/39
[04:32:34 +6m 29s | thequantuminsider_2023_08_14_rigetti_announces_deployment_of_84_qubit_ankaa_1_targets_nar_5f270b17] Saved 3_interaction_results.json with 28 extracted interactions.

[04:32:34 +6m 29s | thequantuminsider_2023_08_14_rigetti_announces_deployment_of_84_qubit_ankaa_1_targets_nar_5f270b17] === 4 clean interactions ===
[04:32:34 +6m 29s | thequantuminsider_2023_08_14_rigetti_announces_deployment_of_84_qubit_ankaa_1_targets_nar_5f270b17] Saved 4_edges.json with 1 cleaned interactions.

[04:32:34 +6m 29s | thequantuminsider_2023_08_14_rigetti_announces_deployment_of_84_qubit_ankaa_1_targets_nar_5f270b17] === 5 helix enrichment ===
[04:32:34 +6m 29s | thequantuminsider_2023_08_14_rigetti_announces_deployment_of_84_qubit_ankaa_1_targets_nar_5f270b17] Wrote 5_nodes.json (16 actors)
[04:32:34 +6m 29s | thequantuminsider_2023_08_14_rigetti_announces_deployment_of_84_qubit_ankaa_1_targets_nar_5f270b17] Wrote 5_edges.json (1 interactions)
[04:32:34 +6m 29s | thequantuminsider_2023_08_14_rigetti_announces_deployment_of_84_qubit_ankaa_1_targets_nar_5f270b17] Actor helix counts: {'Academia': 1, 'Civil Society': 2, 'Government': 2, 'Industry': 3, 'Intermediary': 1, 'Unknown': 7}
[04:32:34 +6m 29s | thequantuminsider_2023_08_14_rigetti_announces_deployment_of_84_qubit_ankaa_1_targets_nar_5f270b17] Functional-space counts: {'Intra-helix / Not classified': 1}

[04:32:34 +6m 29s | thequantuminsider_2023_08_14_rigetti_announces_deployment_of_84_qubit_ankaa_1_targets_nar_5f270b17] === 6 network visualisation ===
[04:32:34 +6m 29s | thequantuminsider_2023_08_14_rigetti_announces_deployment_of_84_qubit_ankaa_1_targets_nar_5f270b17] Wrote quantum_network.html
[04:32:34 +6m 29s | thequantuminsider_2023_08_14_rigetti_announces_deployment_of_84_qubit_ankaa_1_targets_nar_5f270b17] Nodes: 16
[04:32:34 +6m 29s | thequantuminsider_2023_08_14_rigetti_announces_deployment_of_84_qubit_ankaa_1_targets_nar_5f270b17] Edges: 1

[04:32:34 +6m 30s | thequantuminsider_2023_08_14_rigetti_announces_deployment_of_84_qubit_ankaa_1_targets_nar_5f270b17] Done. Outputs written to: /home/lv/IDP/idpdeeptech/pipeline/news_outputs/thequantuminsider_2023_08_14_rigetti_announces_deployment_of_84_qubit_ankaa_1_targets_nar_5f270b17
[04:32:34 +6m 30s | thequantuminsider_2023_08_14_rigetti_announces_deployment_of_84_qubit_ankaa_1_targets_nar_5f270b17] Log: /home/lv/IDP/idpdeeptech/pipeline/news_outputs/thequantuminsider_2023_08_14_rigetti_announces_deployment_of_84_qubit_ankaa_1_targets_nar_5f270b17/run.log

========================================================================
RUN FINISHED 2026-07-02 04:32:34  (OK)
Started:     2026-07-02 04:25:30
Elapsed:     6m 30s
========================================================================
