
========================================================================
RUN STARTED  2026-07-01 19:22:01
site_pipeline.py https://thequantuminsider.com/2020/05/16/australias-national-science-agency-csiro-launches-quantum-technology-roadmap/
========================================================================

[19:22:01 +0s | thequantuminsider_2020_05_16_australias_national_science_agency_csiro_launches_quantum_te_63d9bafd] === 0 crawl site ===
[19:22:03 +1s | thequantuminsider_2020_05_16_australias_national_science_agency_csiro_launches_quantum_te_63d9bafd] [INIT].... → Crawl4AI 0.8.6 
[19:22:05 +4s | thequantuminsider_2020_05_16_australias_national_science_agency_csiro_launches_quantum_te_63d9bafd] [FETCH]... ↓ https://thequantuminsider.com/2020/05/16/austral...gency-csiro-launches-quantum-technology-roadmap/  | ✓ | ⏱: 2.88s 
[19:22:06 +4s | thequantuminsider_2020_05_16_australias_national_science_agency_csiro_launches_quantum_te_63d9bafd] [SCRAPE].. ◆ https://thequantuminsider.com/2020/05/16/austral...gency-csiro-launches-quantum-technology-roadmap/  | ✓ | ⏱: 0.10s 
[19:22:06 +4s | thequantuminsider_2020_05_16_australias_national_science_agency_csiro_launches_quantum_te_63d9bafd] [COMPLETE] ● https://thequantuminsider.com/2020/05/16/austral...gency-csiro-launches-quantum-technology-roadmap/  | ✓ | ⏱: 3.00s 
[19:22:06 +4s | thequantuminsider_2020_05_16_australias_national_science_agency_csiro_launches_quantum_te_63d9bafd] Saved: crawl_output/98a334adf1_thequantuminsider.com_2020_05_16_australias-national-science-agency-csiro-launches-quantum-technology-roadmap.json

[19:22:06 +4s | thequantuminsider_2020_05_16_australias_national_science_agency_csiro_launches_quantum_te_63d9bafd] === 1 actor extraction ===
[19:22:06 +5s | thequantuminsider_2020_05_16_australias_national_science_agency_csiro_launches_quantum_te_63d9bafd] Reading page (1/1): https://thequantuminsider.com/2020/05/16/australias-national-science-agency-csiro-launches-quantum-technology-roadmap
[19:22:06 +5s | thequantuminsider_2020_05_16_australias_national_science_agency_csiro_launches_quantum_te_63d9bafd] Extracting actors: https://thequantuminsider.com/2020/05/16/australias-national-science-agency-csiro-launches-quantum-technology-roadmap (1/1), chunk 1/42
[19:22:11 +9s | thequantuminsider_2020_05_16_australias_national_science_agency_csiro_launches_quantum_te_63d9bafd] Extracting actors: https://thequantuminsider.com/2020/05/16/australias-national-science-agency-csiro-launches-quantum-technology-roadmap (1/1), chunk 2/42
[19:22:26 +21s | thequantuminsider_2020_05_16_australias_national_science_agency_csiro_launches_quantum_te_63d9bafd] Extracting actors: https://thequantuminsider.com/2020/05/16/australias-national-science-agency-csiro-launches-quantum-technology-roadmap (1/1), chunk 3/42
[19:22:32 +28s | thequantuminsider_2020_05_16_australias_national_science_agency_csiro_launches_quantum_te_63d9bafd] Extracting actors: https://thequantuminsider.com/2020/05/16/australias-national-science-agency-csiro-launches-quantum-technology-roadmap (1/1), chunk 4/42
[19:22:37 +33s | thequantuminsider_2020_05_16_australias_national_science_agency_csiro_launches_quantum_te_63d9bafd] Extracting actors: https://thequantuminsider.com/2020/05/16/australias-national-science-agency-csiro-launches-quantum-technology-roadmap (1/1), chunk 5/42
[19:22:43 +38s | thequantuminsider_2020_05_16_australias_national_science_agency_csiro_launches_quantum_te_63d9bafd] Extracting actors: https://thequantuminsider.com/2020/05/16/australias-national-science-agency-csiro-launches-quantum-technology-roadmap (1/1), chunk 6/42
[19:22:47 +43s | thequantuminsider_2020_05_16_australias_national_science_agency_csiro_launches_quantum_te_63d9bafd] Extracting actors: https://thequantuminsider.com/2020/05/16/australias-national-science-agency-csiro-launches-quantum-technology-roadmap (1/1), chunk 7/42
[19:22:51 +46s | thequantuminsider_2020_05_16_australias_national_science_agency_csiro_launches_quantum_te_63d9bafd] Extracting actors: https://thequantuminsider.com/2020/05/16/australias-national-science-agency-csiro-launches-quantum-technology-roadmap (1/1), chunk 8/42
[19:22:55 +51s | thequantuminsider_2020_05_16_australias_national_science_agency_csiro_launches_quantum_te_63d9bafd] Extracting actors: https://thequantuminsider.com/2020/05/16/australias-national-science-agency-csiro-launches-quantum-technology-roadmap (1/1), chunk 9/42
[19:23:04 +57s | thequantuminsider_2020_05_16_australias_national_science_agency_csiro_launches_quantum_te_63d9bafd] Repaired malformed JSON.
[19:23:04 +57s | thequantuminsider_2020_05_16_australias_national_science_agency_csiro_launches_quantum_te_63d9bafd] Extracting actors: https://thequantuminsider.com/2020/05/16/australias-national-science-agency-csiro-launches-quantum-technology-roadmap (1/1), chunk 10/42
[19:23:08 +1m 1s | thequantuminsider_2020_05_16_australias_national_science_agency_csiro_launches_quantum_te_63d9bafd] Extracting actors: https://thequantuminsider.com/2020/05/16/australias-national-science-agency-csiro-launches-quantum-technology-roadmap (1/1), chunk 11/42
[19:23:14 +1m 7s | thequantuminsider_2020_05_16_australias_national_science_agency_csiro_launches_quantum_te_63d9bafd] Extracting actors: https://thequantuminsider.com/2020/05/16/australias-national-science-agency-csiro-launches-quantum-technology-roadmap (1/1), chunk 12/42
[19:23:21 +1m 13s | thequantuminsider_2020_05_16_australias_national_science_agency_csiro_launches_quantum_te_63d9bafd] Repaired malformed JSON.
[19:23:21 +1m 13s | thequantuminsider_2020_05_16_australias_national_science_agency_csiro_launches_quantum_te_63d9bafd] Extracting actors: https://thequantuminsider.com/2020/05/16/australias-national-science-agency-csiro-launches-quantum-technology-roadmap (1/1), chunk 13/42
[19:23:29 +1m 21s | thequantuminsider_2020_05_16_australias_national_science_agency_csiro_launches_quantum_te_63d9bafd] Repaired malformed JSON.
[19:23:29 +1m 21s | thequantuminsider_2020_05_16_australias_national_science_agency_csiro_launches_quantum_te_63d9bafd] Extracting actors: https://thequantuminsider.com/2020/05/16/australias-national-science-agency-csiro-launches-quantum-technology-roadmap (1/1), chunk 14/42
[19:23:38 +1m 28s | thequantuminsider_2020_05_16_australias_national_science_agency_csiro_launches_quantum_te_63d9bafd] Repaired malformed JSON.
[19:23:38 +1m 28s | thequantuminsider_2020_05_16_australias_national_science_agency_csiro_launches_quantum_te_63d9bafd] Extracting actors: https://thequantuminsider.com/2020/05/16/australias-national-science-agency-csiro-launches-quantum-technology-roadmap (1/1), chunk 15/42
[19:23:44 +1m 33s | thequantuminsider_2020_05_16_australias_national_science_agency_csiro_launches_quantum_te_63d9bafd] Repaired malformed JSON.
[19:23:44 +1m 33s | thequantuminsider_2020_05_16_australias_national_science_agency_csiro_launches_quantum_te_63d9bafd] Extracting actors: https://thequantuminsider.com/2020/05/16/australias-national-science-agency-csiro-launches-quantum-technology-roadmap (1/1), chunk 16/42
[19:23:49 +1m 39s | thequantuminsider_2020_05_16_australias_national_science_agency_csiro_launches_quantum_te_63d9bafd] Repaired malformed JSON.
[19:23:49 +1m 39s | thequantuminsider_2020_05_16_australias_national_science_agency_csiro_launches_quantum_te_63d9bafd] Extracting actors: https://thequantuminsider.com/2020/05/16/australias-national-science-agency-csiro-launches-quantum-technology-roadmap (1/1), chunk 17/42
[19:23:56 +1m 46s | thequantuminsider_2020_05_16_australias_national_science_agency_csiro_launches_quantum_te_63d9bafd] Repaired malformed JSON.
[19:23:56 +1m 46s | thequantuminsider_2020_05_16_australias_national_science_agency_csiro_launches_quantum_te_63d9bafd] Extracting actors: https://thequantuminsider.com/2020/05/16/australias-national-science-agency-csiro-launches-quantum-technology-roadmap (1/1), chunk 18/42
[19:24:02 +1m 52s | thequantuminsider_2020_05_16_australias_national_science_agency_csiro_launches_quantum_te_63d9bafd] Repaired malformed JSON.
[19:24:02 +1m 52s | thequantuminsider_2020_05_16_australias_national_science_agency_csiro_launches_quantum_te_63d9bafd] Extracting actors: https://thequantuminsider.com/2020/05/16/australias-national-science-agency-csiro-launches-quantum-technology-roadmap (1/1), chunk 19/42
[19:24:10 +1m 57s | thequantuminsider_2020_05_16_australias_national_science_agency_csiro_launches_quantum_te_63d9bafd] Repaired malformed JSON.
[19:24:10 +1m 57s | thequantuminsider_2020_05_16_australias_national_science_agency_csiro_launches_quantum_te_63d9bafd] Extracting actors: https://thequantuminsider.com/2020/05/16/australias-national-science-agency-csiro-launches-quantum-technology-roadmap (1/1), chunk 20/42
[19:24:18 +2m 5s | thequantuminsider_2020_05_16_australias_national_science_agency_csiro_launches_quantum_te_63d9bafd] Repaired malformed JSON.
[19:24:18 +2m 5s | thequantuminsider_2020_05_16_australias_national_science_agency_csiro_launches_quantum_te_63d9bafd] Extracting actors: https://thequantuminsider.com/2020/05/16/australias-national-science-agency-csiro-launches-quantum-technology-roadmap (1/1), chunk 21/42
[19:24:24 +2m 11s | thequantuminsider_2020_05_16_australias_national_science_agency_csiro_launches_quantum_te_63d9bafd] Repaired malformed JSON.
[19:24:24 +2m 11s | thequantuminsider_2020_05_16_australias_national_science_agency_csiro_launches_quantum_te_63d9bafd] Extracting actors: https://thequantuminsider.com/2020/05/16/australias-national-science-agency-csiro-launches-quantum-technology-roadmap (1/1), chunk 22/42
[19:24:29 +2m 16s | thequantuminsider_2020_05_16_australias_national_science_agency_csiro_launches_quantum_te_63d9bafd] Repaired malformed JSON.
[19:24:29 +2m 16s | thequantuminsider_2020_05_16_australias_national_science_agency_csiro_launches_quantum_te_63d9bafd] Extracting actors: https://thequantuminsider.com/2020/05/16/australias-national-science-agency-csiro-launches-quantum-technology-roadmap (1/1), chunk 23/42
[19:24:35 +2m 22s | thequantuminsider_2020_05_16_australias_national_science_agency_csiro_launches_quantum_te_63d9bafd] Repaired malformed JSON.
[19:24:35 +2m 22s | thequantuminsider_2020_05_16_australias_national_science_agency_csiro_launches_quantum_te_63d9bafd] Extracting actors: https://thequantuminsider.com/2020/05/16/australias-national-science-agency-csiro-launches-quantum-technology-roadmap (1/1), chunk 24/42
[19:24:44 +2m 28s | thequantuminsider_2020_05_16_australias_national_science_agency_csiro_launches_quantum_te_63d9bafd] Repaired malformed JSON.
[19:24:44 +2m 28s | thequantuminsider_2020_05_16_australias_national_science_agency_csiro_launches_quantum_te_63d9bafd] Extracting actors: https://thequantuminsider.com/2020/05/16/australias-national-science-agency-csiro-launches-quantum-technology-roadmap (1/1), chunk 25/42
[19:24:51 +2m 35s | thequantuminsider_2020_05_16_australias_national_science_agency_csiro_launches_quantum_te_63d9bafd] Repaired malformed JSON.
[19:24:51 +2m 35s | thequantuminsider_2020_05_16_australias_national_science_agency_csiro_launches_quantum_te_63d9bafd] Extracting actors: https://thequantuminsider.com/2020/05/16/australias-national-science-agency-csiro-launches-quantum-technology-roadmap (1/1), chunk 26/42
[19:24:57 +2m 41s | thequantuminsider_2020_05_16_australias_national_science_agency_csiro_launches_quantum_te_63d9bafd] Repaired malformed JSON.
[19:24:57 +2m 41s | thequantuminsider_2020_05_16_australias_national_science_agency_csiro_launches_quantum_te_63d9bafd] Extracting actors: https://thequantuminsider.com/2020/05/16/australias-national-science-agency-csiro-launches-quantum-technology-roadmap (1/1), chunk 27/42
[19:25:06 +2m 50s | thequantuminsider_2020_05_16_australias_national_science_agency_csiro_launches_quantum_te_63d9bafd] Repaired malformed JSON.
[19:25:06 +2m 50s | thequantuminsider_2020_05_16_australias_national_science_agency_csiro_launches_quantum_te_63d9bafd] Extracting actors: https://thequantuminsider.com/2020/05/16/australias-national-science-agency-csiro-launches-quantum-technology-roadmap (1/1), chunk 28/42
[19:25:12 +2m 56s | thequantuminsider_2020_05_16_australias_national_science_agency_csiro_launches_quantum_te_63d9bafd] Repaired malformed JSON.
[19:25:12 +2m 56s | thequantuminsider_2020_05_16_australias_national_science_agency_csiro_launches_quantum_te_63d9bafd] Extracting actors: https://thequantuminsider.com/2020/05/16/australias-national-science-agency-csiro-launches-quantum-technology-roadmap (1/1), chunk 29/42
[19:25:22 +3m 3s | thequantuminsider_2020_05_16_australias_national_science_agency_csiro_launches_quantum_te_63d9bafd] Repaired malformed JSON.
[19:25:22 +3m 3s | thequantuminsider_2020_05_16_australias_national_science_agency_csiro_launches_quantum_te_63d9bafd] Extracting actors: https://thequantuminsider.com/2020/05/16/australias-national-science-agency-csiro-launches-quantum-technology-roadmap (1/1), chunk 30/42
[19:25:27 +3m 8s | thequantuminsider_2020_05_16_australias_national_science_agency_csiro_launches_quantum_te_63d9bafd] Extracting actors: https://thequantuminsider.com/2020/05/16/australias-national-science-agency-csiro-launches-quantum-technology-roadmap (1/1), chunk 31/42
[19:25:33 +3m 14s | thequantuminsider_2020_05_16_australias_national_science_agency_csiro_launches_quantum_te_63d9bafd] Repaired malformed JSON.
[19:25:33 +3m 14s | thequantuminsider_2020_05_16_australias_national_science_agency_csiro_launches_quantum_te_63d9bafd] Extracting actors: https://thequantuminsider.com/2020/05/16/australias-national-science-agency-csiro-launches-quantum-technology-roadmap (1/1), chunk 32/42
[19:25:39 +3m 20s | thequantuminsider_2020_05_16_australias_national_science_agency_csiro_launches_quantum_te_63d9bafd] Repaired malformed JSON.
[19:25:39 +3m 20s | thequantuminsider_2020_05_16_australias_national_science_agency_csiro_launches_quantum_te_63d9bafd] Extracting actors: https://thequantuminsider.com/2020/05/16/australias-national-science-agency-csiro-launches-quantum-technology-roadmap (1/1), chunk 33/42
[19:25:46 +3m 27s | thequantuminsider_2020_05_16_australias_national_science_agency_csiro_launches_quantum_te_63d9bafd] Repaired malformed JSON.
[19:25:46 +3m 27s | thequantuminsider_2020_05_16_australias_national_science_agency_csiro_launches_quantum_te_63d9bafd] Extracting actors: https://thequantuminsider.com/2020/05/16/australias-national-science-agency-csiro-launches-quantum-technology-roadmap (1/1), chunk 34/42
[19:25:57 +3m 35s | thequantuminsider_2020_05_16_australias_national_science_agency_csiro_launches_quantum_te_63d9bafd] Repaired malformed JSON.
[19:25:57 +3m 35s | thequantuminsider_2020_05_16_australias_national_science_agency_csiro_launches_quantum_te_63d9bafd] Extracting actors: https://thequantuminsider.com/2020/05/16/australias-national-science-agency-csiro-launches-quantum-technology-roadmap (1/1), chunk 35/42
[19:26:02 +3m 40s | thequantuminsider_2020_05_16_australias_national_science_agency_csiro_launches_quantum_te_63d9bafd] Repaired malformed JSON.
[19:26:02 +3m 40s | thequantuminsider_2020_05_16_australias_national_science_agency_csiro_launches_quantum_te_63d9bafd] Extracting actors: https://thequantuminsider.com/2020/05/16/australias-national-science-agency-csiro-launches-quantum-technology-roadmap (1/1), chunk 36/42
[19:26:04 +3m 42s | thequantuminsider_2020_05_16_australias_national_science_agency_csiro_launches_quantum_te_63d9bafd] Extracting actors: https://thequantuminsider.com/2020/05/16/australias-national-science-agency-csiro-launches-quantum-technology-roadmap (1/1), chunk 37/42
[19:26:11 +3m 49s | thequantuminsider_2020_05_16_australias_national_science_agency_csiro_launches_quantum_te_63d9bafd] Repaired malformed JSON.
[19:26:11 +3m 49s | thequantuminsider_2020_05_16_australias_national_science_agency_csiro_launches_quantum_te_63d9bafd] Extracting actors: https://thequantuminsider.com/2020/05/16/australias-national-science-agency-csiro-launches-quantum-technology-roadmap (1/1), chunk 38/42
[19:26:19 +3m 58s | thequantuminsider_2020_05_16_australias_national_science_agency_csiro_launches_quantum_te_63d9bafd] Repaired malformed JSON.
[19:26:19 +3m 58s | thequantuminsider_2020_05_16_australias_national_science_agency_csiro_launches_quantum_te_63d9bafd] Extracting actors: https://thequantuminsider.com/2020/05/16/australias-national-science-agency-csiro-launches-quantum-technology-roadmap (1/1), chunk 39/42
[19:26:25 +4m 3s | thequantuminsider_2020_05_16_australias_national_science_agency_csiro_launches_quantum_te_63d9bafd] Repaired malformed JSON.
[19:26:25 +4m 3s | thequantuminsider_2020_05_16_australias_national_science_agency_csiro_launches_quantum_te_63d9bafd] Extracting actors: https://thequantuminsider.com/2020/05/16/australias-national-science-agency-csiro-launches-quantum-technology-roadmap (1/1), chunk 40/42
[19:26:34 +4m 9s | thequantuminsider_2020_05_16_australias_national_science_agency_csiro_launches_quantum_te_63d9bafd] Repaired malformed JSON.
[19:26:34 +4m 9s | thequantuminsider_2020_05_16_australias_national_science_agency_csiro_launches_quantum_te_63d9bafd] Extracting actors: https://thequantuminsider.com/2020/05/16/australias-national-science-agency-csiro-launches-quantum-technology-roadmap (1/1), chunk 41/42
[19:26:41 +4m 17s | thequantuminsider_2020_05_16_australias_national_science_agency_csiro_launches_quantum_te_63d9bafd] Repaired malformed JSON.
[19:26:41 +4m 17s | thequantuminsider_2020_05_16_australias_national_science_agency_csiro_launches_quantum_te_63d9bafd] Extracting actors: https://thequantuminsider.com/2020/05/16/australias-national-science-agency-csiro-launches-quantum-technology-roadmap (1/1), chunk 42/42
[19:26:51 +4m 26s | thequantuminsider_2020_05_16_australias_national_science_agency_csiro_launches_quantum_te_63d9bafd] Repaired malformed JSON.
[19:26:51 +4m 26s | thequantuminsider_2020_05_16_australias_national_science_agency_csiro_launches_quantum_te_63d9bafd] Saved 1_actor_results.json with 70 extracted records

[19:26:51 +4m 27s | thequantuminsider_2020_05_16_australias_national_science_agency_csiro_launches_quantum_te_63d9bafd] === 2 clean actors ===
[19:26:51 +4m 27s | thequantuminsider_2020_05_16_australias_national_science_agency_csiro_launches_quantum_te_63d9bafd] Loaded 70 extracted records
[19:26:51 +4m 27s | thequantuminsider_2020_05_16_australias_national_science_agency_csiro_launches_quantum_te_63d9bafd] Saved 2_actor_nodes.json with 29 canonical actor nodes

[19:26:51 +4m 27s | thequantuminsider_2020_05_16_australias_national_science_agency_csiro_launches_quantum_te_63d9bafd] === 3 interaction extraction ===
[19:26:52 +4m 27s | thequantuminsider_2020_05_16_australias_national_science_agency_csiro_launches_quantum_te_63d9bafd] Extracting interactions: https://thequantuminsider.com/2020/05/16/australias-national-science-agency-csiro-launches-quantum-technology-roadmap (1/1), chunk 12/42
[19:27:00 +4m 35s | thequantuminsider_2020_05_16_australias_national_science_agency_csiro_launches_quantum_te_63d9bafd] Extracting interactions: https://thequantuminsider.com/2020/05/16/australias-national-science-agency-csiro-launches-quantum-technology-roadmap (1/1), chunk 13/42
[19:27:10 +4m 43s | thequantuminsider_2020_05_16_australias_national_science_agency_csiro_launches_quantum_te_63d9bafd] Extracting interactions: https://thequantuminsider.com/2020/05/16/australias-national-science-agency-csiro-launches-quantum-technology-roadmap (1/1), chunk 14/42
[19:27:18 +4m 50s | thequantuminsider_2020_05_16_australias_national_science_agency_csiro_launches_quantum_te_63d9bafd] Extracting interactions: https://thequantuminsider.com/2020/05/16/australias-national-science-agency-csiro-launches-quantum-technology-roadmap (1/1), chunk 15/42
[19:27:31 +5m 3s | thequantuminsider_2020_05_16_australias_national_science_agency_csiro_launches_quantum_te_63d9bafd] Extracting interactions: https://thequantuminsider.com/2020/05/16/australias-national-science-agency-csiro-launches-quantum-technology-roadmap (1/1), chunk 16/42
[19:27:53 +5m 22s | thequantuminsider_2020_05_16_australias_national_science_agency_csiro_launches_quantum_te_63d9bafd] Extracting interactions: https://thequantuminsider.com/2020/05/16/australias-national-science-agency-csiro-launches-quantum-technology-roadmap (1/1), chunk 17/42
[19:28:17 +5m 44s | thequantuminsider_2020_05_16_australias_national_science_agency_csiro_launches_quantum_te_63d9bafd] Extracting interactions: https://thequantuminsider.com/2020/05/16/australias-national-science-agency-csiro-launches-quantum-technology-roadmap (1/1), chunk 18/42
[19:28:30 +5m 57s | thequantuminsider_2020_05_16_australias_national_science_agency_csiro_launches_quantum_te_63d9bafd] Extracting interactions: https://thequantuminsider.com/2020/05/16/australias-national-science-agency-csiro-launches-quantum-technology-roadmap (1/1), chunk 19/42
[19:28:51 +6m 16s | thequantuminsider_2020_05_16_australias_national_science_agency_csiro_launches_quantum_te_63d9bafd] Extracting interactions: https://thequantuminsider.com/2020/05/16/australias-national-science-agency-csiro-launches-quantum-technology-roadmap (1/1), chunk 20/42
[19:29:04 +6m 29s | thequantuminsider_2020_05_16_australias_national_science_agency_csiro_launches_quantum_te_63d9bafd] Extracting interactions: https://thequantuminsider.com/2020/05/16/australias-national-science-agency-csiro-launches-quantum-technology-roadmap (1/1), chunk 21/42
[19:29:17 +6m 42s | thequantuminsider_2020_05_16_australias_national_science_agency_csiro_launches_quantum_te_63d9bafd] Extracting interactions: https://thequantuminsider.com/2020/05/16/australias-national-science-agency-csiro-launches-quantum-technology-roadmap (1/1), chunk 22/42
[19:29:26 +6m 48s | thequantuminsider_2020_05_16_australias_national_science_agency_csiro_launches_quantum_te_63d9bafd] Extracting interactions: https://thequantuminsider.com/2020/05/16/australias-national-science-agency-csiro-launches-quantum-technology-roadmap (1/1), chunk 23/42
[19:29:35 +6m 57s | thequantuminsider_2020_05_16_australias_national_science_agency_csiro_launches_quantum_te_63d9bafd] Extracting interactions: https://thequantuminsider.com/2020/05/16/australias-national-science-agency-csiro-launches-quantum-technology-roadmap (1/1), chunk 24/42
[19:29:39 +7m 0s | thequantuminsider_2020_05_16_australias_national_science_agency_csiro_launches_quantum_te_63d9bafd] Extracting interactions: https://thequantuminsider.com/2020/05/16/australias-national-science-agency-csiro-launches-quantum-technology-roadmap (1/1), chunk 25/42
[19:29:50 +7m 12s | thequantuminsider_2020_05_16_australias_national_science_agency_csiro_launches_quantum_te_63d9bafd] Extracting interactions: https://thequantuminsider.com/2020/05/16/australias-national-science-agency-csiro-launches-quantum-technology-roadmap (1/1), chunk 26/42
[19:30:05 +7m 23s | thequantuminsider_2020_05_16_australias_national_science_agency_csiro_launches_quantum_te_63d9bafd] Extracting interactions: https://thequantuminsider.com/2020/05/16/australias-national-science-agency-csiro-launches-quantum-technology-roadmap (1/1), chunk 27/42
[19:30:11 +7m 30s | thequantuminsider_2020_05_16_australias_national_science_agency_csiro_launches_quantum_te_63d9bafd] Extracting interactions: https://thequantuminsider.com/2020/05/16/australias-national-science-agency-csiro-launches-quantum-technology-roadmap (1/1), chunk 28/42
[19:30:18 +7m 37s | thequantuminsider_2020_05_16_australias_national_science_agency_csiro_launches_quantum_te_63d9bafd] Extracting interactions: https://thequantuminsider.com/2020/05/16/australias-national-science-agency-csiro-launches-quantum-technology-roadmap (1/1), chunk 31/42
[19:30:21 +7m 40s | thequantuminsider_2020_05_16_australias_national_science_agency_csiro_launches_quantum_te_63d9bafd] Extracting interactions: https://thequantuminsider.com/2020/05/16/australias-national-science-agency-csiro-launches-quantum-technology-roadmap (1/1), chunk 32/42
[19:30:24 +7m 43s | thequantuminsider_2020_05_16_australias_national_science_agency_csiro_launches_quantum_te_63d9bafd] Extracting interactions: https://thequantuminsider.com/2020/05/16/australias-national-science-agency-csiro-launches-quantum-technology-roadmap (1/1), chunk 33/42
[19:30:25 +7m 44s | thequantuminsider_2020_05_16_australias_national_science_agency_csiro_launches_quantum_te_63d9bafd] Extracting interactions: https://thequantuminsider.com/2020/05/16/australias-national-science-agency-csiro-launches-quantum-technology-roadmap (1/1), chunk 35/42
[19:30:27 +7m 46s | thequantuminsider_2020_05_16_australias_national_science_agency_csiro_launches_quantum_te_63d9bafd] Extracting interactions: https://thequantuminsider.com/2020/05/16/australias-national-science-agency-csiro-launches-quantum-technology-roadmap (1/1), chunk 36/42
[19:30:29 +7m 48s | thequantuminsider_2020_05_16_australias_national_science_agency_csiro_launches_quantum_te_63d9bafd] Extracting interactions: https://thequantuminsider.com/2020/05/16/australias-national-science-agency-csiro-launches-quantum-technology-roadmap (1/1), chunk 37/42
[19:30:31 +7m 49s | thequantuminsider_2020_05_16_australias_national_science_agency_csiro_launches_quantum_te_63d9bafd] Extracting interactions: https://thequantuminsider.com/2020/05/16/australias-national-science-agency-csiro-launches-quantum-technology-roadmap (1/1), chunk 38/42
[19:30:35 +7m 51s | thequantuminsider_2020_05_16_australias_national_science_agency_csiro_launches_quantum_te_63d9bafd] Extracting interactions: https://thequantuminsider.com/2020/05/16/australias-national-science-agency-csiro-launches-quantum-technology-roadmap (1/1), chunk 40/42
[19:30:36 +7m 52s | thequantuminsider_2020_05_16_australias_national_science_agency_csiro_launches_quantum_te_63d9bafd] Extracting interactions: https://thequantuminsider.com/2020/05/16/australias-national-science-agency-csiro-launches-quantum-technology-roadmap (1/1), chunk 41/42
[19:30:38 +7m 54s | thequantuminsider_2020_05_16_australias_national_science_agency_csiro_launches_quantum_te_63d9bafd] Saved 3_interaction_results.json with 33 extracted interactions.

[19:30:38 +7m 54s | thequantuminsider_2020_05_16_australias_national_science_agency_csiro_launches_quantum_te_63d9bafd] === 4 clean interactions ===
[19:30:38 +7m 54s | thequantuminsider_2020_05_16_australias_national_science_agency_csiro_launches_quantum_te_63d9bafd] Saved 4_edges.json with 3 cleaned interactions.

[19:30:38 +7m 54s | thequantuminsider_2020_05_16_australias_national_science_agency_csiro_launches_quantum_te_63d9bafd] === 5 helix enrichment ===
[19:30:38 +7m 54s | thequantuminsider_2020_05_16_australias_national_science_agency_csiro_launches_quantum_te_63d9bafd] Wrote 5_nodes.json (29 actors)
[19:30:38 +7m 54s | thequantuminsider_2020_05_16_australias_national_science_agency_csiro_launches_quantum_te_63d9bafd] Wrote 5_edges.json (3 interactions)
[19:30:38 +7m 54s | thequantuminsider_2020_05_16_australias_national_science_agency_csiro_launches_quantum_te_63d9bafd] Actor helix counts: {'Academia': 5, 'Civil Society': 2, 'Government': 5, 'Industry': 8, 'Intermediary': 3, 'Unknown': 6}
[19:30:38 +7m 54s | thequantuminsider_2020_05_16_australias_national_science_agency_csiro_launches_quantum_te_63d9bafd] Functional-space counts: {'Innovation': 2, 'Intra-helix / Not classified': 1}

[19:30:38 +7m 54s | thequantuminsider_2020_05_16_australias_national_science_agency_csiro_launches_quantum_te_63d9bafd] === 6 network visualisation ===
[19:30:38 +7m 54s | thequantuminsider_2020_05_16_australias_national_science_agency_csiro_launches_quantum_te_63d9bafd] Wrote quantum_network.html
[19:30:38 +7m 54s | thequantuminsider_2020_05_16_australias_national_science_agency_csiro_launches_quantum_te_63d9bafd] Nodes: 29
[19:30:38 +7m 54s | thequantuminsider_2020_05_16_australias_national_science_agency_csiro_launches_quantum_te_63d9bafd] Edges: 3

[19:30:39 +7m 55s | thequantuminsider_2020_05_16_australias_national_science_agency_csiro_launches_quantum_te_63d9bafd] Done. Outputs written to: /home/lv/IDP/idpdeeptech/pipeline/news_outputs/thequantuminsider_2020_05_16_australias_national_science_agency_csiro_launches_quantum_te_63d9bafd
[19:30:39 +7m 55s | thequantuminsider_2020_05_16_australias_national_science_agency_csiro_launches_quantum_te_63d9bafd] Log: /home/lv/IDP/idpdeeptech/pipeline/news_outputs/thequantuminsider_2020_05_16_australias_national_science_agency_csiro_launches_quantum_te_63d9bafd/run.log

========================================================================
RUN FINISHED 2026-07-01 19:30:39  (OK)
Started:     2026-07-01 19:22:01
Elapsed:     7m 55s
========================================================================
