
========================================================================
RUN STARTED  2026-06-17 03:59:12
site_pipeline.py https://parityqc.com/
========================================================================

[03:59:12 +0s | parityqc] === 0 crawl site ===
[03:59:14 +2s | parityqc] [INIT].... → Crawl4AI 0.8.6 
[03:59:17 +5s | parityqc] [FETCH]... ↓ https://parityqc.com/                                                                                | ✓ | ⏱: 3.19s 
[03:59:17 +5s | parityqc] [SCRAPE].. ◆ https://parityqc.com/                                                                                | ✓ | ⏱: 0.03s 
[03:59:17 +5s | parityqc] [COMPLETE] ● https://parityqc.com/                                                                                | ✓ | ⏱: 3.23s 
[03:59:19 +7s | parityqc] [FETCH]... ↓ http://parityqc.com/news-press                                                                       | ✓ | ⏱: 1.85s 
[03:59:19 +7s | parityqc] [SCRAPE].. ◆ http://parityqc.com/news-press                                                                       | ✓ | ⏱: 0.03s 
[03:59:19 +7s | parityqc] [COMPLETE] ● http://parityqc.com/news-press                                                                       | ✓ | ⏱: 1.89s 
[03:59:19 +7s | parityqc] [FETCH]... ↓ https://parityqc.com/parityqc-awarded-contract-b...computing-for-next-generation-mobility-solutions  | ✓ | ⏱: 1.80s 
[03:59:19 +7s | parityqc] [SCRAPE].. ◆ https://parityqc.com/parityqc-awarded-contract-b...computing-for-next-generation-mobility-solutions  | ✓ | ⏱: 0.01s 
[03:59:19 +7s | parityqc] [COMPLETE] ● https://parityqc.com/parityqc-awarded-contract-b...computing-for-next-generation-mobility-solutions  | ✓ | ⏱: 1.83s 
[03:59:20 +8s | parityqc] [FETCH]... ↓ https://parityqc.com/parityos                                                                        | ✓ | ⏱: 2.07s 
[03:59:20 +8s | parityqc] [SCRAPE].. ◆ https://parityqc.com/parityos                                                                        | ✓ | ⏱: 0.01s 
[03:59:20 +8s | parityqc] [COMPLETE] ● https://parityqc.com/parityos                                                                        | ✓ | ⏱: 2.10s 
[03:59:20 +8s | parityqc] [FETCH]... ↓ https://parityqc.com/parityqc-joins-praktiqom-pr...quantum-algorithms-for-semiconductor-chip-design  | ✓ | ⏱: 2.16s 
[03:59:20 +8s | parityqc] [SCRAPE].. ◆ https://parityqc.com/parityqc-joins-praktiqom-pr...quantum-algorithms-for-semiconductor-chip-design  | ✓ | ⏱: 0.02s 
[03:59:20 +8s | parityqc] [COMPLETE] ● https://parityqc.com/parityqc-joins-praktiqom-pr...quantum-algorithms-for-semiconductor-chip-design  | ✓ | ⏱: 2.20s 
[03:59:20 +8s | parityqc] [FETCH]... ↓ https://parityqc.com/scalable-parallelizable-fault-tolerant-multi-qubit-parity-gates                 | ✓ | ⏱: 2.27s 
[03:59:20 +8s | parityqc] [SCRAPE].. ◆ https://parityqc.com/scalable-parallelizable-fault-tolerant-multi-qubit-parity-gates                 | ✓ | ⏱: 0.02s 
[03:59:20 +8s | parityqc] [COMPLETE] ● https://parityqc.com/scalable-parallelizable-fault-tolerant-multi-qubit-parity-gates                 | ✓ | ⏱: 2.30s 
[03:59:20 +8s | parityqc] [FETCH]... ↓ https://parityqc.com/hpcqs-project-inauguration-of-jade-and-ruby-quantum-processors                  | ✓ | ⏱: 2.43s 
[03:59:20 +8s | parityqc] [SCRAPE].. ◆ https://parityqc.com/hpcqs-project-inauguration-of-jade-and-ruby-quantum-processors                  | ✓ | ⏱: 0.03s 
[03:59:20 +8s | parityqc] [COMPLETE] ● https://parityqc.com/hpcqs-project-inauguration-of-jade-and-ruby-quantum-processors                  | ✓ | ⏱: 2.47s 
[03:59:20 +8s | parityqc] [FETCH]... ↓ https://parityqc.com/terms                                                                           | ✓ | ⏱: 2.55s 
[03:59:20 +8s | parityqc] [SCRAPE].. ◆ https://parityqc.com/terms                                                                           | ✓ | ⏱: 0.04s 
[03:59:20 +8s | parityqc] [COMPLETE] ● https://parityqc.com/terms                                                                           | ✓ | ⏱: 2.60s 
[03:59:20 +8s | parityqc] [FETCH]... ↓ https://parityqc.com/parityqc-architecture                                                           | ✓ | ⏱: 2.64s 
[03:59:20 +8s | parityqc] [SCRAPE].. ◆ https://parityqc.com/parityqc-architecture                                                           | ✓ | ⏱: 0.02s 
[03:59:20 +8s | parityqc] [COMPLETE] ● https://parityqc.com/parityqc-architecture                                                           | ✓ | ⏱: 2.68s 
[03:59:20 +8s | parityqc] [FETCH]... ↓ https://parityqc.com/parityqc-a-blueprint-for-europes-quantum-future                                 | ✓ | ⏱: 2.71s 
[03:59:20 +8s | parityqc] [SCRAPE].. ◆ https://parityqc.com/parityqc-a-blueprint-for-europes-quantum-future                                 | ✓ | ⏱: 0.02s 
[03:59:20 +8s | parityqc] [COMPLETE] ● https://parityqc.com/parityqc-a-blueprint-for-europes-quantum-future                                 | ✓ | ⏱: 2.74s 
[03:59:20 +9s | parityqc] [FETCH]... ↓ https://parityqc.com/parity-principles-quantum-error-correction-with-the-parity-code                 | ✓ | ⏱: 2.89s 
[03:59:20 +9s | parityqc] [SCRAPE].. ◆ https://parityqc.com/parity-principles-quantum-error-correction-with-the-parity-code                 | ✓ | ⏱: 0.01s 
[03:59:20 +9s | parityqc] [COMPLETE] ● https://parityqc.com/parity-principles-quantum-error-correction-with-the-parity-code                 | ✓ | ⏱: 2.92s 
[03:59:21 +9s | parityqc] [FETCH]... ↓ https://parityqc.com/career                                                                          | ✓ | ⏱: 3.06s 
[03:59:21 +9s | parityqc] [SCRAPE].. ◆ https://parityqc.com/career                                                                          | ✓ | ⏱: 0.04s 
[03:59:21 +9s | parityqc] [COMPLETE] ● https://parityqc.com/career                                                                          | ✓ | ⏱: 3.12s 
[03:59:21 +9s | parityqc] [FETCH]... ↓ https://parityqc.com/universal-computation-drive...and-the-embedding-into-the-parityqc-architecture  | ✓ | ⏱: 3.26s 
[03:59:21 +9s | parityqc] [SCRAPE].. ◆ https://parityqc.com/universal-computation-drive...and-the-embedding-into-the-parityqc-architecture  | ✓ | ⏱: 0.01s 
[03:59:21 +9s | parityqc] [COMPLETE] ● https://parityqc.com/universal-computation-drive...and-the-embedding-into-the-parityqc-architecture  | ✓ | ⏱: 3.28s 
[03:59:21 +9s | parityqc] [FETCH]... ↓ https://parityqc.com/                                                                                | ✓ | ⏱: 3.27s 
[03:59:21 +9s | parityqc] [SCRAPE].. ◆ https://parityqc.com/                                                                                | ✓ | ⏱: 0.03s 
[03:59:21 +9s | parityqc] [COMPLETE] ● https://parityqc.com/                                                                                | ✓ | ⏱: 3.31s 
[03:59:21 +9s | parityqc] [FETCH]... ↓ https://parityqc.com/qsolid-project-quantum-computer-prototype-is-accessible-through-juniq           | ✓ | ⏱: 3.79s 
[03:59:21 +9s | parityqc] [SCRAPE].. ◆ https://parityqc.com/qsolid-project-quantum-computer-prototype-is-accessible-through-juniq           | ✓ | ⏱: 0.02s 
[03:59:21 +9s | parityqc] [COMPLETE] ● https://parityqc.com/qsolid-project-quantum-computer-prototype-is-accessible-through-juniq           | ✓ | ⏱: 3.82s 
[03:59:21 +10s | parityqc] [FETCH]... ↓ https://parityqc.com/parity-lectures-working-with-quantum-circuits-through-parity-flow               | ✓ | ⏱: 3.86s 
[03:59:21 +10s | parityqc] [SCRAPE].. ◆ https://parityqc.com/parity-lectures-working-with-quantum-circuits-through-parity-flow               | ✓ | ⏱: 0.01s 
[03:59:21 +10s | parityqc] [COMPLETE] ● https://parityqc.com/parity-lectures-working-with-quantum-circuits-through-parity-flow               | ✓ | ⏱: 3.89s 
[03:59:21 +10s | parityqc] [FETCH]... ↓ https://parityqc.com/qudora-and-parityqc-partner...imize-quantum-algorithms-for-trapped-ion-systems  | ✓ | ⏱: 3.90s 
[03:59:21 +10s | parityqc] [SCRAPE].. ◆ https://parityqc.com/qudora-and-parityqc-partner...imize-quantum-algorithms-for-trapped-ion-systems  | ✓ | ⏱: 0.01s 
[03:59:21 +10s | parityqc] [COMPLETE] ● https://parityqc.com/qudora-and-parityqc-partner...imize-quantum-algorithms-for-trapped-ion-systems  | ✓ | ⏱: 3.92s 
[03:59:21 +10s | parityqc] [FETCH]... ↓ https://parityqc.com/parityqc-set-new-record-ben...-largest-quantum-fourier-transform-ever-reported  | ✓ | ⏱: 3.94s 
[03:59:21 +10s | parityqc] [SCRAPE].. ◆ https://parityqc.com/parityqc-set-new-record-ben...-largest-quantum-fourier-transform-ever-reported  | ✓ | ⏱: 0.01s 
[03:59:21 +10s | parityqc] [COMPLETE] ● https://parityqc.com/parityqc-set-new-record-ben...-largest-quantum-fourier-transform-ever-reported  | ✓ | ⏱: 3.96s 
[03:59:21 +10s | parityqc] [FETCH]... ↓ https://parityqc.com/parity-unfolded-distillation-architecture-to-lower-resource-overhead            | ✓ | ⏱: 3.97s 
[03:59:21 +10s | parityqc] [SCRAPE].. ◆ https://parityqc.com/parity-unfolded-distillation-architecture-to-lower-resource-overhead            | ✓ | ⏱: 0.01s 
[03:59:21 +10s | parityqc] [COMPLETE] ● https://parityqc.com/parity-unfolded-distillation-architecture-to-lower-resource-overhead            | ✓ | ⏱: 3.99s 
[03:59:22 +10s | parityqc] [FETCH]... ↓ https://parityqc.com/news-press                                                                      | ✓ | ⏱: 4.04s 
[03:59:22 +10s | parityqc] [SCRAPE].. ◆ https://parityqc.com/news-press                                                                      | ✓ | ⏱: 0.02s 
[03:59:22 +10s | parityqc] [COMPLETE] ● https://parityqc.com/news-press                                                                      | ✓ | ⏱: 4.08s 
[03:59:22 +10s | parityqc] Saved: crawl_output/8ed22d839f_parityqc.com.json
[03:59:22 +10s | parityqc] Saved: crawl_output/8c2a25892f_parityqc.com_news-press.json
[03:59:22 +10s | parityqc] Saved: crawl_output/77d96a3a03_parityqc.com_parityqc-awarded-contract-by-dlr-to-integrate-quantum-computing-for-next-generation-mobility-solutions.json
[03:59:22 +10s | parityqc] Saved: crawl_output/c78c96d7fb_parityqc.com_parityos.json
[03:59:22 +10s | parityqc] Saved: crawl_output/72ee98b5fe_parityqc.com_parityqc-joins-praktiqom-project-developing-advanced-quantum-algorithms-for-semiconductor-chip-design.json
[03:59:22 +10s | parityqc] Saved: crawl_output/f699ec5009_parityqc.com_scalable-parallelizable-fault-tolerant-multi-qubit-parity-gates.json
[03:59:22 +10s | parityqc] Saved: crawl_output/39ea1735da_parityqc.com_hpcqs-project-inauguration-of-jade-and-ruby-quantum-processors.json
[03:59:22 +10s | parityqc] Skipped: https://parityqc.com/terms
[03:59:22 +10s | parityqc] Saved: crawl_output/feb2ae3e2b_parityqc.com_parityqc-architecture.json
[03:59:22 +10s | parityqc] Saved: crawl_output/7e442db8ea_parityqc.com_parityqc-a-blueprint-for-europes-quantum-future.json
[03:59:22 +10s | parityqc] Saved: crawl_output/6045d5ce88_parityqc.com_parity-principles-quantum-error-correction-with-the-parity-code.json
[03:59:22 +10s | parityqc] Saved: crawl_output/6206ba68f7_parityqc.com_career.json
[03:59:22 +10s | parityqc] Saved: crawl_output/7ea080ade8_parityqc.com_universal-computation-driven-by-yz-plane-measurements-and-the-embedding-into-the-parityqc-architecture.json
[03:59:22 +10s | parityqc] Duplicate skipped: https://parityqc.com
[03:59:22 +10s | parityqc] Saved: crawl_output/7f27fdf59a_parityqc.com_qsolid-project-quantum-computer-prototype-is-accessible-through-juniq.json
[03:59:22 +10s | parityqc] Saved: crawl_output/6481e8dd2f_parityqc.com_parity-lectures-working-with-quantum-circuits-through-parity-flow.json
[03:59:22 +10s | parityqc] Saved: crawl_output/8c2d9142e8_parityqc.com_qudora-and-parityqc-partner-to-optimize-quantum-algorithms-for-trapped-ion-systems.json
[03:59:22 +10s | parityqc] Saved: crawl_output/52e50a2478_parityqc.com_parityqc-set-new-record-benchmark-using-ibm-quantum-computer-with-the-largest-quantum-fourier-transform-ever-reported.json
[03:59:22 +10s | parityqc] Saved: crawl_output/0b4ecdd31e_parityqc.com_parity-unfolded-distillation-architecture-to-lower-resource-overhead.json
[03:59:22 +10s | parityqc] Saved: crawl_output/2847f2d7e5_parityqc.com_news-press.json

[03:59:22 +10s | parityqc] === 1 actor extraction ===
[03:59:22 +10s | parityqc] Reading page (1/18): https://parityqc.com/parity-unfolded-distillation-architecture-to-lower-resource-overhead
[03:59:22 +10s | parityqc] Extracting: https://parityqc.com/parity-unfolded-distillation-architecture-to-lower-resource-overhead (1/18), chunk 1/6
[03:59:27 +15s | parityqc] Extracting: https://parityqc.com/parity-unfolded-distillation-architecture-to-lower-resource-overhead (1/18), chunk 2/6
[03:59:36 +22s | parityqc] Repaired malformed JSON.
[03:59:36 +22s | parityqc] Extracting: https://parityqc.com/parity-unfolded-distillation-architecture-to-lower-resource-overhead (1/18), chunk 3/6
[03:59:43 +29s | parityqc] Repaired malformed JSON.
[03:59:43 +29s | parityqc] Extracting: https://parityqc.com/parity-unfolded-distillation-architecture-to-lower-resource-overhead (1/18), chunk 4/6
[03:59:49 +34s | parityqc] Repaired malformed JSON.
[03:59:49 +34s | parityqc] Extracting: https://parityqc.com/parity-unfolded-distillation-architecture-to-lower-resource-overhead (1/18), chunk 5/6
[03:59:54 +40s | parityqc] Repaired malformed JSON.
[03:59:54 +40s | parityqc] Extracting: https://parityqc.com/parity-unfolded-distillation-architecture-to-lower-resource-overhead (1/18), chunk 6/6
[04:00:04 +49s | parityqc] Repaired malformed JSON.
[04:00:04 +49s | parityqc] Reading page (2/18): https://parityqc.com/news-press
[04:00:04 +49s | parityqc] Extracting: https://parityqc.com/news-press (2/18), chunk 1/9
[04:00:11 +54s | parityqc] Extracting: https://parityqc.com/news-press (2/18), chunk 2/9
[04:00:18 +1m 1s | parityqc] Repaired malformed JSON.
[04:00:18 +1m 1s | parityqc] Extracting: https://parityqc.com/news-press (2/18), chunk 3/9
[04:00:25 +1m 8s | parityqc] Repaired malformed JSON.
[04:00:25 +1m 8s | parityqc] Extracting: https://parityqc.com/news-press (2/18), chunk 4/9
[04:00:33 +1m 16s | parityqc] Repaired malformed JSON.
[04:00:33 +1m 16s | parityqc] Extracting: https://parityqc.com/news-press (2/18), chunk 5/9
[04:00:39 +1m 22s | parityqc] Repaired malformed JSON.
[04:00:39 +1m 22s | parityqc] Extracting: https://parityqc.com/news-press (2/18), chunk 6/9
[04:00:48 +1m 28s | parityqc] Repaired malformed JSON.
[04:00:48 +1m 28s | parityqc] Extracting: https://parityqc.com/news-press (2/18), chunk 7/9
[04:00:54 +1m 35s | parityqc] Repaired malformed JSON.
[04:00:54 +1m 35s | parityqc] Extracting: https://parityqc.com/news-press (2/18), chunk 8/9
[04:01:01 +1m 41s | parityqc] Repaired malformed JSON.
[04:01:01 +1m 41s | parityqc] Extracting: https://parityqc.com/news-press (2/18), chunk 9/9
[04:01:06 +1m 46s | parityqc] Repaired malformed JSON.
[04:01:06 +1m 46s | parityqc] Reading page (3/18): https://parityqc.com/hpcqs-project-inauguration-of-jade-and-ruby-quantum-processors
[04:01:06 +1m 46s | parityqc] Extracting: https://parityqc.com/hpcqs-project-inauguration-of-jade-and-ruby-quantum-processors (3/18), chunk 1/11
[04:01:09 +1m 50s | parityqc] Extracting: https://parityqc.com/hpcqs-project-inauguration-of-jade-and-ruby-quantum-processors (3/18), chunk 2/11
[04:01:16 +1m 56s | parityqc] Repaired malformed JSON.
[04:01:16 +1m 56s | parityqc] Extracting: https://parityqc.com/hpcqs-project-inauguration-of-jade-and-ruby-quantum-processors (3/18), chunk 3/11
[04:01:24 +2m 2s | parityqc] Repaired malformed JSON.
[04:01:24 +2m 2s | parityqc] Extracting: https://parityqc.com/hpcqs-project-inauguration-of-jade-and-ruby-quantum-processors (3/18), chunk 4/11
[04:01:32 +2m 10s | parityqc] Repaired malformed JSON.
[04:01:32 +2m 10s | parityqc] Extracting: https://parityqc.com/hpcqs-project-inauguration-of-jade-and-ruby-quantum-processors (3/18), chunk 5/11
[04:01:41 +2m 19s | parityqc] Repaired malformed JSON.
[04:01:41 +2m 19s | parityqc] Extracting: https://parityqc.com/hpcqs-project-inauguration-of-jade-and-ruby-quantum-processors (3/18), chunk 6/11
[04:01:47 +2m 25s | parityqc] Repaired malformed JSON.
[04:01:47 +2m 25s | parityqc] Extracting: https://parityqc.com/hpcqs-project-inauguration-of-jade-and-ruby-quantum-processors (3/18), chunk 7/11
[04:01:56 +2m 32s | parityqc] Repaired malformed JSON.
[04:01:56 +2m 32s | parityqc] Extracting: https://parityqc.com/hpcqs-project-inauguration-of-jade-and-ruby-quantum-processors (3/18), chunk 8/11
[04:02:05 +2m 41s | parityqc] Repaired malformed JSON.
[04:02:05 +2m 41s | parityqc] Extracting: https://parityqc.com/hpcqs-project-inauguration-of-jade-and-ruby-quantum-processors (3/18), chunk 9/11
[04:02:11 +2m 47s | parityqc] Repaired malformed JSON.
[04:02:11 +2m 47s | parityqc] Extracting: https://parityqc.com/hpcqs-project-inauguration-of-jade-and-ruby-quantum-processors (3/18), chunk 10/11
[04:02:19 +2m 55s | parityqc] Repaired malformed JSON.
[04:02:19 +2m 55s | parityqc] Extracting: https://parityqc.com/hpcqs-project-inauguration-of-jade-and-ruby-quantum-processors (3/18), chunk 11/11
[04:02:29 +3m 3s | parityqc] Repaired malformed JSON.
[04:02:29 +3m 3s | parityqc] Reading page (4/18): https://parityqc.com/parityqc-set-new-record-benchmark-using-ibm-quantum-computer-with-the-largest-quantum-fourier-transform-ever-reported
[04:02:29 +3m 3s | parityqc] Extracting: https://parityqc.com/parityqc-set-new-record-benchmark-using-ibm-quantum-computer-with-the-largest-quantum-fourier-transform-ever-reported (4/18), chunk 1/9
[04:02:35 +3m 9s | parityqc] Repaired malformed JSON.
[04:02:35 +3m 9s | parityqc] Extracting: https://parityqc.com/parityqc-set-new-record-benchmark-using-ibm-quantum-computer-with-the-largest-quantum-fourier-transform-ever-reported (4/18), chunk 2/9
[04:02:44 +3m 17s | parityqc] Repaired malformed JSON.
[04:02:44 +3m 17s | parityqc] Extracting: https://parityqc.com/parityqc-set-new-record-benchmark-using-ibm-quantum-computer-with-the-largest-quantum-fourier-transform-ever-reported (4/18), chunk 3/9
[04:02:50 +3m 24s | parityqc] Repaired malformed JSON.
[04:02:50 +3m 24s | parityqc] Extracting: https://parityqc.com/parityqc-set-new-record-benchmark-using-ibm-quantum-computer-with-the-largest-quantum-fourier-transform-ever-reported (4/18), chunk 4/9
[04:02:55 +3m 29s | parityqc] Repaired malformed JSON.
[04:02:55 +3m 29s | parityqc] Extracting: https://parityqc.com/parityqc-set-new-record-benchmark-using-ibm-quantum-computer-with-the-largest-quantum-fourier-transform-ever-reported (4/18), chunk 5/9
[04:03:03 +3m 34s | parityqc] Repaired malformed JSON.
[04:03:03 +3m 34s | parityqc] Extracting: https://parityqc.com/parityqc-set-new-record-benchmark-using-ibm-quantum-computer-with-the-largest-quantum-fourier-transform-ever-reported (4/18), chunk 6/9
[04:03:10 +3m 41s | parityqc] Repaired malformed JSON.
[04:03:10 +3m 41s | parityqc] Extracting: https://parityqc.com/parityqc-set-new-record-benchmark-using-ibm-quantum-computer-with-the-largest-quantum-fourier-transform-ever-reported (4/18), chunk 7/9
[04:03:19 +3m 50s | parityqc] Repaired malformed JSON.
[04:03:19 +3m 50s | parityqc] Extracting: https://parityqc.com/parityqc-set-new-record-benchmark-using-ibm-quantum-computer-with-the-largest-quantum-fourier-transform-ever-reported (4/18), chunk 8/9
[04:03:28 +3m 59s | parityqc] Repaired malformed JSON.
[04:03:28 +3m 59s | parityqc] Extracting: https://parityqc.com/parityqc-set-new-record-benchmark-using-ibm-quantum-computer-with-the-largest-quantum-fourier-transform-ever-reported (4/18), chunk 9/9
[04:03:38 +4m 6s | parityqc] Repaired malformed JSON.
[04:03:38 +4m 6s | parityqc] Reading page (5/18): https://parityqc.com/parity-principles-quantum-error-correction-with-the-parity-code
[04:03:38 +4m 6s | parityqc] Extracting: https://parityqc.com/parity-principles-quantum-error-correction-with-the-parity-code (5/18), chunk 1/4
[04:03:41 +4m 10s | parityqc] Extracting: https://parityqc.com/parity-principles-quantum-error-correction-with-the-parity-code (5/18), chunk 2/4
[04:03:49 +4m 18s | parityqc] Repaired malformed JSON.
[04:03:49 +4m 18s | parityqc] Extracting: https://parityqc.com/parity-principles-quantum-error-correction-with-the-parity-code (5/18), chunk 3/4
[04:03:56 +4m 24s | parityqc] Repaired malformed JSON.
[04:03:56 +4m 24s | parityqc] Extracting: https://parityqc.com/parity-principles-quantum-error-correction-with-the-parity-code (5/18), chunk 4/4
[04:04:03 +4m 31s | parityqc] Repaired malformed JSON.
[04:04:03 +4m 31s | parityqc] Reading page (6/18): https://parityqc.com/career
[04:04:03 +4m 31s | parityqc] Extracting: https://parityqc.com/career (6/18), chunk 1/45
[04:04:06 +4m 34s | parityqc] Extracting: https://parityqc.com/career (6/18), chunk 2/45
[04:04:15 +4m 41s | parityqc] Repaired malformed JSON.
[04:04:15 +4m 41s | parityqc] Extracting: https://parityqc.com/career (6/18), chunk 3/45
[04:04:24 +4m 50s | parityqc] Repaired malformed JSON.
[04:04:24 +4m 50s | parityqc] Extracting: https://parityqc.com/career (6/18), chunk 4/45
[04:04:30 +4m 56s | parityqc] Repaired malformed JSON.
[04:04:30 +4m 56s | parityqc] Extracting: https://parityqc.com/career (6/18), chunk 5/45
[04:04:34 +5m 0s | parityqc] Extracting: https://parityqc.com/career (6/18), chunk 6/45
[04:04:41 +5m 7s | parityqc] Repaired malformed JSON.
[04:04:41 +5m 7s | parityqc] Extracting: https://parityqc.com/career (6/18), chunk 7/45
[04:04:52 +5m 16s | parityqc] Repaired malformed JSON.
[04:04:52 +5m 16s | parityqc] Extracting: https://parityqc.com/career (6/18), chunk 8/45
[04:04:59 +5m 22s | parityqc] Repaired malformed JSON.
[04:04:59 +5m 22s | parityqc] Extracting: https://parityqc.com/career (6/18), chunk 9/45
[04:05:02 +5m 26s | parityqc] Extracting: https://parityqc.com/career (6/18), chunk 10/45
[04:05:06 +5m 29s | parityqc] Extracting: https://parityqc.com/career (6/18), chunk 11/45
[04:05:11 +5m 35s | parityqc] Repaired malformed JSON.
[04:05:11 +5m 35s | parityqc] Extracting: https://parityqc.com/career (6/18), chunk 12/45
[04:05:17 +5m 41s | parityqc] Repaired malformed JSON.
[04:05:17 +5m 41s | parityqc] Extracting: https://parityqc.com/career (6/18), chunk 13/45
[04:05:26 +5m 47s | parityqc] Repaired malformed JSON.
[04:05:26 +5m 47s | parityqc] Extracting: https://parityqc.com/career (6/18), chunk 14/45
[04:05:33 +5m 54s | parityqc] Repaired malformed JSON.
[04:05:33 +5m 54s | parityqc] Extracting: https://parityqc.com/career (6/18), chunk 15/45
[04:05:42 +6m 3s | parityqc] Repaired malformed JSON.
[04:05:42 +6m 3s | parityqc] Extracting: https://parityqc.com/career (6/18), chunk 16/45
[04:05:49 +6m 10s | parityqc] Extracting: https://parityqc.com/career (6/18), chunk 17/45
[04:05:58 +6m 17s | parityqc] Repaired malformed JSON.
[04:05:58 +6m 17s | parityqc] Extracting: https://parityqc.com/career (6/18), chunk 18/45
[04:06:05 +6m 24s | parityqc] Repaired malformed JSON.
[04:06:05 +6m 24s | parityqc] Extracting: https://parityqc.com/career (6/18), chunk 19/45
[04:06:11 +6m 29s | parityqc] Repaired malformed JSON.
[04:06:11 +6m 29s | parityqc] Extracting: https://parityqc.com/career (6/18), chunk 20/45
[04:06:14 +6m 33s | parityqc] Extracting: https://parityqc.com/career (6/18), chunk 21/45
[04:06:17 +6m 36s | parityqc] Extracting: https://parityqc.com/career (6/18), chunk 22/45
[04:06:23 +6m 42s | parityqc] Extracting: https://parityqc.com/career (6/18), chunk 23/45
[04:06:31 +6m 47s | parityqc] Extracting: https://parityqc.com/career (6/18), chunk 24/45
[04:06:36 +6m 52s | parityqc] Extracting: https://parityqc.com/career (6/18), chunk 25/45
[04:06:44 +7m 0s | parityqc] Repaired malformed JSON.
[04:06:44 +7m 0s | parityqc] Extracting: https://parityqc.com/career (6/18), chunk 26/45
[04:06:47 +7m 4s | parityqc] Extracting: https://parityqc.com/career (6/18), chunk 27/45
[04:06:56 +7m 12s | parityqc] Repaired malformed JSON.
[04:06:56 +7m 12s | parityqc] Extracting: https://parityqc.com/career (6/18), chunk 28/45
[04:07:05 +7m 19s | parityqc] Repaired malformed JSON.
[04:07:05 +7m 19s | parityqc] Extracting: https://parityqc.com/career (6/18), chunk 29/45
[04:07:11 +7m 25s | parityqc] Extracting: https://parityqc.com/career (6/18), chunk 30/45
[04:07:15 +7m 29s | parityqc] Extracting: https://parityqc.com/career (6/18), chunk 31/45
[04:07:23 +7m 37s | parityqc] Extracting: https://parityqc.com/career (6/18), chunk 32/45
[04:07:30 +7m 44s | parityqc] Repaired malformed JSON.
[04:07:30 +7m 44s | parityqc] Extracting: https://parityqc.com/career (6/18), chunk 33/45
[04:07:34 +7m 48s | parityqc] Extracting: https://parityqc.com/career (6/18), chunk 34/45
[04:07:43 +7m 55s | parityqc] Repaired malformed JSON.
[04:07:43 +7m 55s | parityqc] Extracting: https://parityqc.com/career (6/18), chunk 35/45
[04:07:50 +8m 1s | parityqc] Repaired malformed JSON.
[04:07:50 +8m 1s | parityqc] Extracting: https://parityqc.com/career (6/18), chunk 36/45
[04:07:55 +8m 7s | parityqc] Extracting: https://parityqc.com/career (6/18), chunk 37/45
[04:08:04 +8m 15s | parityqc] Repaired malformed JSON.
[04:08:04 +8m 15s | parityqc] Extracting: https://parityqc.com/career (6/18), chunk 38/45
[04:08:10 +8m 21s | parityqc] Extracting: https://parityqc.com/career (6/18), chunk 39/45
[04:08:16 +8m 25s | parityqc] Extracting: https://parityqc.com/career (6/18), chunk 40/45
[04:08:20 +8m 29s | parityqc] Extracting: https://parityqc.com/career (6/18), chunk 41/45
[04:08:27 +8m 36s | parityqc] Repaired malformed JSON.
[04:08:27 +8m 36s | parityqc] Extracting: https://parityqc.com/career (6/18), chunk 42/45
[04:08:35 +8m 44s | parityqc] Repaired malformed JSON.
[04:08:35 +8m 44s | parityqc] Extracting: https://parityqc.com/career (6/18), chunk 43/45
[04:08:41 +8m 49s | parityqc] Repaired malformed JSON.
[04:08:41 +8m 49s | parityqc] Extracting: https://parityqc.com/career (6/18), chunk 44/45
[04:08:51 +8m 57s | parityqc] Repaired malformed JSON.
[04:08:51 +8m 57s | parityqc] Extracting: https://parityqc.com/career (6/18), chunk 45/45
[04:08:58 +9m 4s | parityqc] Repaired malformed JSON.
[04:08:58 +9m 4s | parityqc] Reading page (7/18): https://parityqc.com/parity-lectures-working-with-quantum-circuits-through-parity-flow
[04:08:58 +9m 4s | parityqc] Extracting: https://parityqc.com/parity-lectures-working-with-quantum-circuits-through-parity-flow (7/18), chunk 1/4
[04:09:04 +9m 10s | parityqc] Repaired malformed JSON.
[04:09:04 +9m 10s | parityqc] Extracting: https://parityqc.com/parity-lectures-working-with-quantum-circuits-through-parity-flow (7/18), chunk 2/4
[04:09:10 +9m 17s | parityqc] Repaired malformed JSON.
[04:09:10 +9m 17s | parityqc] Extracting: https://parityqc.com/parity-lectures-working-with-quantum-circuits-through-parity-flow (7/18), chunk 3/4
[04:09:16 +9m 22s | parityqc] Repaired malformed JSON.
[04:09:16 +9m 22s | parityqc] Extracting: https://parityqc.com/parity-lectures-working-with-quantum-circuits-through-parity-flow (7/18), chunk 4/4
[04:09:25 +9m 29s | parityqc] Repaired malformed JSON.
[04:09:25 +9m 29s | parityqc] Reading page (8/18): https://parityqc.com/parityqc-joins-praktiqom-project-developing-advanced-quantum-algorithms-for-semiconductor-chip-design
[04:09:25 +9m 29s | parityqc] Extracting: https://parityqc.com/parityqc-joins-praktiqom-project-developing-advanced-quantum-algorithms-for-semiconductor-chip-design (8/18), chunk 1/7
[04:09:34 +9m 38s | parityqc] Repaired malformed JSON.
[04:09:34 +9m 38s | parityqc] Extracting: https://parityqc.com/parityqc-joins-praktiqom-project-developing-advanced-quantum-algorithms-for-semiconductor-chip-design (8/18), chunk 2/7
[04:09:45 +9m 49s | parityqc] Repaired malformed JSON.
[04:09:45 +9m 49s | parityqc] Extracting: https://parityqc.com/parityqc-joins-praktiqom-project-developing-advanced-quantum-algorithms-for-semiconductor-chip-design (8/18), chunk 3/7
[04:09:52 +9m 56s | parityqc] Repaired malformed JSON.
[04:09:52 +9m 56s | parityqc] Extracting: https://parityqc.com/parityqc-joins-praktiqom-project-developing-advanced-quantum-algorithms-for-semiconductor-chip-design (8/18), chunk 4/7
[04:10:00 +10m 2s | parityqc] Repaired malformed JSON.
[04:10:00 +10m 2s | parityqc] Extracting: https://parityqc.com/parityqc-joins-praktiqom-project-developing-advanced-quantum-algorithms-for-semiconductor-chip-design (8/18), chunk 5/7
[04:10:08 +10m 9s | parityqc] Repaired malformed JSON.
[04:10:08 +10m 9s | parityqc] Extracting: https://parityqc.com/parityqc-joins-praktiqom-project-developing-advanced-quantum-algorithms-for-semiconductor-chip-design (8/18), chunk 6/7
[04:10:13 +10m 14s | parityqc] Repaired malformed JSON.
[04:10:13 +10m 14s | parityqc] Extracting: https://parityqc.com/parityqc-joins-praktiqom-project-developing-advanced-quantum-algorithms-for-semiconductor-chip-design (8/18), chunk 7/7
[04:10:20 +10m 22s | parityqc] Repaired malformed JSON.
[04:10:20 +10m 22s | parityqc] Reading page (9/18): https://parityqc.com/parityqc-awarded-contract-by-dlr-to-integrate-quantum-computing-for-next-generation-mobility-solutions
[04:10:20 +10m 22s | parityqc] Extracting: https://parityqc.com/parityqc-awarded-contract-by-dlr-to-integrate-quantum-computing-for-next-generation-mobility-solutions (9/18), chunk 1/6
[04:10:27 +10m 28s | parityqc] Repaired malformed JSON.
[04:10:27 +10m 28s | parityqc] Extracting: https://parityqc.com/parityqc-awarded-contract-by-dlr-to-integrate-quantum-computing-for-next-generation-mobility-solutions (9/18), chunk 2/6
[04:10:34 +10m 36s | parityqc] Repaired malformed JSON.
[04:10:34 +10m 36s | parityqc] Extracting: https://parityqc.com/parityqc-awarded-contract-by-dlr-to-integrate-quantum-computing-for-next-generation-mobility-solutions (9/18), chunk 3/6
[04:10:41 +10m 43s | parityqc] Repaired malformed JSON.
[04:10:41 +10m 43s | parityqc] Extracting: https://parityqc.com/parityqc-awarded-contract-by-dlr-to-integrate-quantum-computing-for-next-generation-mobility-solutions (9/18), chunk 4/6
[04:10:51 +10m 49s | parityqc] Repaired malformed JSON.
[04:10:51 +10m 49s | parityqc] Extracting: https://parityqc.com/parityqc-awarded-contract-by-dlr-to-integrate-quantum-computing-for-next-generation-mobility-solutions (9/18), chunk 5/6
[04:10:57 +10m 55s | parityqc] Repaired malformed JSON.
[04:10:57 +10m 55s | parityqc] Extracting: https://parityqc.com/parityqc-awarded-contract-by-dlr-to-integrate-quantum-computing-for-next-generation-mobility-solutions (9/18), chunk 6/6
[04:11:02 +11m 0s | parityqc] Repaired malformed JSON.
[04:11:02 +11m 0s | parityqc] Reading page (10/18): https://parityqc.com/parityqc-a-blueprint-for-europes-quantum-future
[04:11:02 +11m 0s | parityqc] Extracting: https://parityqc.com/parityqc-a-blueprint-for-europes-quantum-future (10/18), chunk 1/6
[04:11:06 +11m 5s | parityqc] Extracting: https://parityqc.com/parityqc-a-blueprint-for-europes-quantum-future (10/18), chunk 2/6
[04:11:14 +11m 12s | parityqc] Repaired malformed JSON.
[04:11:14 +11m 12s | parityqc] Extracting: https://parityqc.com/parityqc-a-blueprint-for-europes-quantum-future (10/18), chunk 3/6
[04:11:24 +11m 20s | parityqc] Repaired malformed JSON.
[04:11:24 +11m 20s | parityqc] Extracting: https://parityqc.com/parityqc-a-blueprint-for-europes-quantum-future (10/18), chunk 4/6
[04:11:30 +11m 26s | parityqc] Repaired malformed JSON.
[04:11:30 +11m 26s | parityqc] Extracting: https://parityqc.com/parityqc-a-blueprint-for-europes-quantum-future (10/18), chunk 5/6
[04:11:37 +11m 33s | parityqc] Repaired malformed JSON.
[04:11:37 +11m 33s | parityqc] Extracting: https://parityqc.com/parityqc-a-blueprint-for-europes-quantum-future (10/18), chunk 6/6
[04:11:43 +11m 39s | parityqc] Repaired malformed JSON.
[04:11:43 +11m 39s | parityqc] Reading page (11/18): https://parityqc.com/universal-computation-driven-by-yz-plane-measurements-and-the-embedding-into-the-parityqc-architecture
[04:11:43 +11m 39s | parityqc] Extracting: https://parityqc.com/universal-computation-driven-by-yz-plane-measurements-and-the-embedding-into-the-parityqc-architecture (11/18), chunk 1/7
[04:11:47 +11m 43s | parityqc] Extracting: https://parityqc.com/universal-computation-driven-by-yz-plane-measurements-and-the-embedding-into-the-parityqc-architecture (11/18), chunk 2/7
[04:11:51 +11m 47s | parityqc] Extracting: https://parityqc.com/universal-computation-driven-by-yz-plane-measurements-and-the-embedding-into-the-parityqc-architecture (11/18), chunk 3/7
[04:11:59 +11m 55s | parityqc] Repaired malformed JSON.
[04:11:59 +11m 55s | parityqc] Extracting: https://parityqc.com/universal-computation-driven-by-yz-plane-measurements-and-the-embedding-into-the-parityqc-architecture (11/18), chunk 4/7
[04:12:05 +12m 1s | parityqc] Repaired malformed JSON.
[04:12:05 +12m 1s | parityqc] Extracting: https://parityqc.com/universal-computation-driven-by-yz-plane-measurements-and-the-embedding-into-the-parityqc-architecture (11/18), chunk 5/7
[04:12:10 +12m 6s | parityqc] Extracting: https://parityqc.com/universal-computation-driven-by-yz-plane-measurements-and-the-embedding-into-the-parityqc-architecture (11/18), chunk 6/7
[04:12:20 +12m 13s | parityqc] Repaired malformed JSON.
[04:12:20 +12m 13s | parityqc] Extracting: https://parityqc.com/universal-computation-driven-by-yz-plane-measurements-and-the-embedding-into-the-parityqc-architecture (11/18), chunk 7/7
[04:12:26 +12m 19s | parityqc] Repaired malformed JSON.
[04:12:26 +12m 19s | parityqc] Reading page (12/18): https://parityqc.com/qsolid-project-quantum-computer-prototype-is-accessible-through-juniq
[04:12:26 +12m 19s | parityqc] Extracting: https://parityqc.com/qsolid-project-quantum-computer-prototype-is-accessible-through-juniq (12/18), chunk 1/9
[04:12:30 +12m 22s | parityqc] Extracting: https://parityqc.com/qsolid-project-quantum-computer-prototype-is-accessible-through-juniq (12/18), chunk 2/9
[04:12:35 +12m 28s | parityqc] Repaired malformed JSON.
[04:12:35 +12m 28s | parityqc] Extracting: https://parityqc.com/qsolid-project-quantum-computer-prototype-is-accessible-through-juniq (12/18), chunk 3/9
[04:12:42 +12m 34s | parityqc] Repaired malformed JSON.
[04:12:42 +12m 34s | parityqc] Extracting: https://parityqc.com/qsolid-project-quantum-computer-prototype-is-accessible-through-juniq (12/18), chunk 4/9
[04:12:50 +12m 42s | parityqc] Repaired malformed JSON.
[04:12:50 +12m 42s | parityqc] Extracting: https://parityqc.com/qsolid-project-quantum-computer-prototype-is-accessible-through-juniq (12/18), chunk 5/9
[04:12:55 +12m 48s | parityqc] Repaired malformed JSON.
[04:12:55 +12m 48s | parityqc] Extracting: https://parityqc.com/qsolid-project-quantum-computer-prototype-is-accessible-through-juniq (12/18), chunk 6/9
[04:13:01 +12m 54s | parityqc] Repaired malformed JSON.
[04:13:01 +12m 54s | parityqc] Extracting: https://parityqc.com/qsolid-project-quantum-computer-prototype-is-accessible-through-juniq (12/18), chunk 7/9
[04:13:11 +13m 0s | parityqc] Repaired malformed JSON.
[04:13:11 +13m 0s | parityqc] Extracting: https://parityqc.com/qsolid-project-quantum-computer-prototype-is-accessible-through-juniq (12/18), chunk 8/9
[04:13:18 +13m 7s | parityqc] Repaired malformed JSON.
[04:13:18 +13m 7s | parityqc] Extracting: https://parityqc.com/qsolid-project-quantum-computer-prototype-is-accessible-through-juniq (12/18), chunk 9/9
[04:13:25 +13m 15s | parityqc] Repaired malformed JSON.
[04:13:25 +13m 15s | parityqc] Reading page (13/18): http://parityqc.com/news-press
[04:13:25 +13m 15s | parityqc] Extracting: http://parityqc.com/news-press (13/18), chunk 1/9
[04:13:29 +13m 18s | parityqc] Extracting: http://parityqc.com/news-press (13/18), chunk 2/9
[04:13:35 +13m 24s | parityqc] Repaired malformed JSON.
[04:13:35 +13m 24s | parityqc] Extracting: http://parityqc.com/news-press (13/18), chunk 3/9
[04:13:43 +13m 30s | parityqc] Repaired malformed JSON.
[04:13:43 +13m 30s | parityqc] Extracting: http://parityqc.com/news-press (13/18), chunk 4/9
[04:13:48 +13m 35s | parityqc] Repaired malformed JSON.
[04:13:48 +13m 35s | parityqc] Extracting: http://parityqc.com/news-press (13/18), chunk 5/9
[04:13:55 +13m 42s | parityqc] Repaired malformed JSON.
[04:13:55 +13m 42s | parityqc] Extracting: http://parityqc.com/news-press (13/18), chunk 6/9
[04:14:02 +13m 49s | parityqc] Repaired malformed JSON.
[04:14:02 +13m 49s | parityqc] Extracting: http://parityqc.com/news-press (13/18), chunk 7/9
[04:14:08 +13m 55s | parityqc] Repaired malformed JSON.
[04:14:08 +13m 55s | parityqc] Extracting: http://parityqc.com/news-press (13/18), chunk 8/9
[04:14:17 +14m 2s | parityqc] Repaired malformed JSON.
[04:14:17 +14m 2s | parityqc] Extracting: http://parityqc.com/news-press (13/18), chunk 9/9
[04:14:25 +14m 9s | parityqc] Repaired malformed JSON.
[04:14:25 +14m 9s | parityqc] Reading page (14/18): https://parityqc.com/qudora-and-parityqc-partner-to-optimize-quantum-algorithms-for-trapped-ion-systems
[04:14:25 +14m 9s | parityqc] Extracting: https://parityqc.com/qudora-and-parityqc-partner-to-optimize-quantum-algorithms-for-trapped-ion-systems (14/18), chunk 1/7
[04:14:30 +14m 15s | parityqc] Extracting: https://parityqc.com/qudora-and-parityqc-partner-to-optimize-quantum-algorithms-for-trapped-ion-systems (14/18), chunk 2/7
[04:14:37 +14m 21s | parityqc] Repaired malformed JSON.
[04:14:37 +14m 21s | parityqc] Extracting: https://parityqc.com/qudora-and-parityqc-partner-to-optimize-quantum-algorithms-for-trapped-ion-systems (14/18), chunk 3/7
[04:14:44 +14m 29s | parityqc] Repaired malformed JSON.
[04:14:44 +14m 29s | parityqc] Extracting: https://parityqc.com/qudora-and-parityqc-partner-to-optimize-quantum-algorithms-for-trapped-ion-systems (14/18), chunk 4/7
[04:14:55 +14m 37s | parityqc] Repaired malformed JSON.
[04:14:55 +14m 37s | parityqc] Extracting: https://parityqc.com/qudora-and-parityqc-partner-to-optimize-quantum-algorithms-for-trapped-ion-systems (14/18), chunk 5/7
[04:15:01 +14m 43s | parityqc] Repaired malformed JSON.
[04:15:01 +14m 43s | parityqc] Extracting: https://parityqc.com/qudora-and-parityqc-partner-to-optimize-quantum-algorithms-for-trapped-ion-systems (14/18), chunk 6/7
[04:15:06 +14m 48s | parityqc] Repaired malformed JSON.
[04:15:06 +14m 48s | parityqc] Extracting: https://parityqc.com/qudora-and-parityqc-partner-to-optimize-quantum-algorithms-for-trapped-ion-systems (14/18), chunk 7/7
[04:15:11 +14m 53s | parityqc] Repaired malformed JSON.
[04:15:11 +14m 53s | parityqc] Reading page (15/18): https://parityqc.com
[04:15:11 +14m 53s | parityqc] Extracting: https://parityqc.com (15/18), chunk 1/11
[04:15:15 +14m 57s | parityqc] Extracting: https://parityqc.com (15/18), chunk 2/11
[04:15:18 +15m 0s | parityqc] Extracting: https://parityqc.com (15/18), chunk 3/11
[04:15:26 +15m 6s | parityqc] Extracting: https://parityqc.com (15/18), chunk 4/11
[04:15:30 +15m 10s | parityqc] Extracting: https://parityqc.com (15/18), chunk 5/11
[04:15:36 +15m 15s | parityqc] Repaired malformed JSON.
[04:15:36 +15m 15s | parityqc] Extracting: https://parityqc.com (15/18), chunk 6/11
[04:15:43 +15m 23s | parityqc] Repaired malformed JSON.
[04:15:43 +15m 23s | parityqc] Extracting: https://parityqc.com (15/18), chunk 7/11
[04:15:49 +15m 29s | parityqc] Repaired malformed JSON.
[04:15:49 +15m 29s | parityqc] Extracting: https://parityqc.com (15/18), chunk 8/11
[04:15:55 +15m 35s | parityqc] Repaired malformed JSON.
[04:15:55 +15m 35s | parityqc] Extracting: https://parityqc.com (15/18), chunk 9/11
[04:16:03 +15m 40s | parityqc] Repaired malformed JSON.
[04:16:03 +15m 40s | parityqc] Extracting: https://parityqc.com (15/18), chunk 10/11
[04:16:10 +15m 47s | parityqc] Repaired malformed JSON.
[04:16:10 +15m 47s | parityqc] Extracting: https://parityqc.com (15/18), chunk 11/11
[04:16:18 +15m 56s | parityqc] Repaired malformed JSON.
[04:16:18 +15m 56s | parityqc] Reading page (16/18): https://parityqc.com/parityos
[04:16:18 +15m 56s | parityqc] Extracting: https://parityqc.com/parityos (16/18), chunk 1/6
[04:16:22 +15m 59s | parityqc] Extracting: https://parityqc.com/parityos (16/18), chunk 2/6
[04:16:27 +16m 4s | parityqc] Repaired malformed JSON.
[04:16:27 +16m 4s | parityqc] Extracting: https://parityqc.com/parityos (16/18), chunk 3/6
[04:16:35 +16m 10s | parityqc] Repaired malformed JSON.
[04:16:35 +16m 10s | parityqc] Extracting: https://parityqc.com/parityos (16/18), chunk 4/6
[04:16:41 +16m 16s | parityqc] Repaired malformed JSON.
[04:16:41 +16m 16s | parityqc] Extracting: https://parityqc.com/parityos (16/18), chunk 5/6
[04:16:47 +16m 22s | parityqc] Repaired malformed JSON.
[04:16:47 +16m 22s | parityqc] Extracting: https://parityqc.com/parityos (16/18), chunk 6/6
[04:16:55 +16m 30s | parityqc] Reading page (17/18): https://parityqc.com/scalable-parallelizable-fault-tolerant-multi-qubit-parity-gates
[04:16:55 +16m 30s | parityqc] Extracting: https://parityqc.com/scalable-parallelizable-fault-tolerant-multi-qubit-parity-gates (17/18), chunk 1/7
[04:16:58 +16m 33s | parityqc] Extracting: https://parityqc.com/scalable-parallelizable-fault-tolerant-multi-qubit-parity-gates (17/18), chunk 2/7
[04:17:04 +16m 39s | parityqc] Repaired malformed JSON.
[04:17:04 +16m 39s | parityqc] Extracting: https://parityqc.com/scalable-parallelizable-fault-tolerant-multi-qubit-parity-gates (17/18), chunk 3/7
[04:17:14 +16m 47s | parityqc] Repaired malformed JSON.
[04:17:14 +16m 47s | parityqc] Extracting: https://parityqc.com/scalable-parallelizable-fault-tolerant-multi-qubit-parity-gates (17/18), chunk 4/7
[04:17:19 +16m 52s | parityqc] Extracting: https://parityqc.com/scalable-parallelizable-fault-tolerant-multi-qubit-parity-gates (17/18), chunk 5/7
[04:17:28 +17m 1s | parityqc] Repaired malformed JSON.
[04:17:28 +17m 1s | parityqc] Extracting: https://parityqc.com/scalable-parallelizable-fault-tolerant-multi-qubit-parity-gates (17/18), chunk 6/7
[04:17:37 +17m 10s | parityqc] Repaired malformed JSON.
[04:17:37 +17m 10s | parityqc] Extracting: https://parityqc.com/scalable-parallelizable-fault-tolerant-multi-qubit-parity-gates (17/18), chunk 7/7
[04:17:47 +17m 17s | parityqc] Repaired malformed JSON.
[04:17:47 +17m 17s | parityqc] Reading page (18/18): https://parityqc.com/parityqc-architecture
[04:17:47 +17m 17s | parityqc] Extracting: https://parityqc.com/parityqc-architecture (18/18), chunk 1/9
[04:17:51 +17m 21s | parityqc] Extracting: https://parityqc.com/parityqc-architecture (18/18), chunk 2/9
[04:17:58 +17m 28s | parityqc] Repaired malformed JSON.
[04:17:58 +17m 28s | parityqc] Extracting: https://parityqc.com/parityqc-architecture (18/18), chunk 3/9
[04:18:06 +17m 36s | parityqc] Repaired malformed JSON.
[04:18:06 +17m 36s | parityqc] Extracting: https://parityqc.com/parityqc-architecture (18/18), chunk 4/9
[04:18:10 +17m 41s | parityqc] Extracting: https://parityqc.com/parityqc-architecture (18/18), chunk 5/9
[04:18:18 +17m 47s | parityqc] Extracting: https://parityqc.com/parityqc-architecture (18/18), chunk 6/9
[04:18:23 +17m 52s | parityqc] Extracting: https://parityqc.com/parityqc-architecture (18/18), chunk 7/9
[04:18:26 +17m 55s | parityqc] Extracting: https://parityqc.com/parityqc-architecture (18/18), chunk 8/9
[04:18:33 +18m 2s | parityqc] Repaired malformed JSON.
[04:18:33 +18m 2s | parityqc] Extracting: https://parityqc.com/parityqc-architecture (18/18), chunk 9/9
[04:18:39 +18m 8s | parityqc] Saved 1_actor_results.json with 331 extracted records

[04:18:39 +18m 8s | parityqc] === 2 clean actors ===
[04:18:39 +18m 8s | parityqc] Loaded 331 extracted records
[04:18:39 +18m 8s | parityqc] Saved 2_actor_nodes.json with 48 canonical actor nodes

[04:18:39 +18m 8s | parityqc] === 3 interaction extraction ===
[04:18:40 +18m 9s | parityqc] Extracting interactions: https://parityqc.com/parity-unfolded-distillation-architecture-to-lower-resource-overhead (1/18), chunk 2/6
[04:18:44 +18m 13s | parityqc] Extracting interactions: https://parityqc.com/parity-unfolded-distillation-architecture-to-lower-resource-overhead (1/18), chunk 3/6
[04:18:57 +18m 24s | parityqc] Extracting interactions: https://parityqc.com/parity-unfolded-distillation-architecture-to-lower-resource-overhead (1/18), chunk 4/6
[04:19:14 +18m 41s | parityqc] Extracting interactions: https://parityqc.com/parity-unfolded-distillation-architecture-to-lower-resource-overhead (1/18), chunk 5/6
[04:19:40 +19m 3s | parityqc] Extracting interactions: https://parityqc.com/parity-unfolded-distillation-architecture-to-lower-resource-overhead (1/18), chunk 6/6
[04:19:41 +19m 5s | parityqc] Extracting interactions: https://parityqc.com/news-press (2/18), chunk 2/9
[04:19:52 +19m 15s | parityqc] Extracting interactions: https://parityqc.com/news-press (2/18), chunk 3/9
[04:20:03 +19m 24s | parityqc] Extracting interactions: https://parityqc.com/news-press (2/18), chunk 4/9
[04:20:10 +19m 31s | parityqc] Extracting interactions: https://parityqc.com/news-press (2/18), chunk 5/9
[04:20:15 +19m 36s | parityqc] Extracting interactions: https://parityqc.com/news-press (2/18), chunk 6/9
[04:20:21 +19m 42s | parityqc] Extracting interactions: https://parityqc.com/news-press (2/18), chunk 7/9
[04:20:24 +19m 45s | parityqc] Extracting interactions: https://parityqc.com/news-press (2/18), chunk 8/9
[04:20:27 +19m 48s | parityqc] Extracting interactions: https://parityqc.com/news-press (2/18), chunk 9/9
[04:20:39 +19m 57s | parityqc] Extracting interactions: https://parityqc.com/hpcqs-project-inauguration-of-jade-and-ruby-quantum-processors (3/18), chunk 2/11
[04:20:43 +20m 2s | parityqc] Extracting interactions: https://parityqc.com/hpcqs-project-inauguration-of-jade-and-ruby-quantum-processors (3/18), chunk 3/11
[04:21:04 +20m 23s | parityqc] Extracting interactions: https://parityqc.com/hpcqs-project-inauguration-of-jade-and-ruby-quantum-processors (3/18), chunk 4/11
[04:21:31 +20m 47s | parityqc] Extracting interactions: https://parityqc.com/hpcqs-project-inauguration-of-jade-and-ruby-quantum-processors (3/18), chunk 5/11
[04:21:57 +21m 11s | parityqc] Extracting interactions: https://parityqc.com/hpcqs-project-inauguration-of-jade-and-ruby-quantum-processors (3/18), chunk 6/11
[04:22:21 +21m 31s | parityqc] Extracting interactions: https://parityqc.com/hpcqs-project-inauguration-of-jade-and-ruby-quantum-processors (3/18), chunk 7/11
[04:22:57 +22m 5s | parityqc] Extracting interactions: https://parityqc.com/hpcqs-project-inauguration-of-jade-and-ruby-quantum-processors (3/18), chunk 8/11
[04:23:30 +22m 36s | parityqc] Extracting interactions: https://parityqc.com/hpcqs-project-inauguration-of-jade-and-ruby-quantum-processors (3/18), chunk 9/11
[04:23:53 +22m 58s | parityqc] Extracting interactions: https://parityqc.com/hpcqs-project-inauguration-of-jade-and-ruby-quantum-processors (3/18), chunk 10/11
[04:24:10 +23m 12s | parityqc] Extracting interactions: https://parityqc.com/parityqc-set-new-record-benchmark-using-ibm-quantum-computer-with-the-largest-quantum-fourier-transform-ever-reported (4/18), chunk 2/9
[04:24:23 +23m 25s | parityqc] Extracting interactions: https://parityqc.com/parityqc-set-new-record-benchmark-using-ibm-quantum-computer-with-the-largest-quantum-fourier-transform-ever-reported (4/18), chunk 3/9
[04:24:47 +23m 46s | parityqc] Extracting interactions: https://parityqc.com/parityqc-set-new-record-benchmark-using-ibm-quantum-computer-with-the-largest-quantum-fourier-transform-ever-reported (4/18), chunk 4/9
[04:25:00 +24m 0s | parityqc] Extracting interactions: https://parityqc.com/parityqc-set-new-record-benchmark-using-ibm-quantum-computer-with-the-largest-quantum-fourier-transform-ever-reported (4/18), chunk 5/9
[04:25:33 +24m 30s | parityqc] Extracting interactions: https://parityqc.com/parityqc-set-new-record-benchmark-using-ibm-quantum-computer-with-the-largest-quantum-fourier-transform-ever-reported (4/18), chunk 6/9
[04:25:39 +24m 36s | parityqc] Extracting interactions: https://parityqc.com/parityqc-set-new-record-benchmark-using-ibm-quantum-computer-with-the-largest-quantum-fourier-transform-ever-reported (4/18), chunk 8/9
[04:25:43 +24m 40s | parityqc] Extracting interactions: https://parityqc.com/parityqc-set-new-record-benchmark-using-ibm-quantum-computer-with-the-largest-quantum-fourier-transform-ever-reported (4/18), chunk 9/9
[04:25:44 +24m 41s | parityqc] Extracting interactions: https://parityqc.com/parity-principles-quantum-error-correction-with-the-parity-code (5/18), chunk 2/4
[04:25:58 +24m 52s | parityqc] Extracting interactions: https://parityqc.com/parity-principles-quantum-error-correction-with-the-parity-code (5/18), chunk 3/4
[04:26:08 +25m 2s | parityqc] Extracting interactions: https://parityqc.com/parity-principles-quantum-error-correction-with-the-parity-code (5/18), chunk 4/4
[04:26:09 +25m 4s | parityqc] Extracting interactions: https://parityqc.com/career (6/18), chunk 2/45
[04:26:12 +25m 7s | parityqc] Extracting interactions: https://parityqc.com/career (6/18), chunk 3/45
[04:26:15 +25m 10s | parityqc] Extracting interactions: https://parityqc.com/career (6/18), chunk 5/45
[04:26:19 +25m 13s | parityqc] Extracting interactions: https://parityqc.com/career (6/18), chunk 7/45
[04:26:34 +25m 26s | parityqc] Extracting interactions: https://parityqc.com/career (6/18), chunk 8/45
[04:26:47 +25m 38s | parityqc] Extracting interactions: https://parityqc.com/career (6/18), chunk 9/45
[04:26:50 +25m 41s | parityqc] Extracting interactions: https://parityqc.com/career (6/18), chunk 10/45
[04:27:02 +25m 51s | parityqc] Extracting interactions: https://parityqc.com/career (6/18), chunk 11/45
[04:27:09 +25m 57s | parityqc] Extracting interactions: https://parityqc.com/career (6/18), chunk 13/45
[04:27:15 +26m 3s | parityqc] Extracting interactions: https://parityqc.com/career (6/18), chunk 14/45
[04:27:19 +26m 8s | parityqc] Extracting interactions: https://parityqc.com/career (6/18), chunk 18/45
[04:27:24 +26m 12s | parityqc] Extracting interactions: https://parityqc.com/career (6/18), chunk 19/45
[04:27:44 +26m 30s | parityqc] Extracting interactions: https://parityqc.com/career (6/18), chunk 22/45
[04:27:51 +26m 37s | parityqc] Extracting interactions: https://parityqc.com/career (6/18), chunk 23/45
[04:27:56 +26m 42s | parityqc] Extracting interactions: https://parityqc.com/career (6/18), chunk 29/45
[04:28:11 +26m 54s | parityqc] Extracting interactions: https://parityqc.com/career (6/18), chunk 30/45
[04:28:18 +27m 1s | parityqc] Extracting interactions: https://parityqc.com/career (6/18), chunk 31/45
[04:28:21 +27m 5s | parityqc] Extracting interactions: https://parityqc.com/career (6/18), chunk 33/45
[04:28:25 +27m 9s | parityqc] Extracting interactions: https://parityqc.com/career (6/18), chunk 34/45
[04:28:30 +27m 13s | parityqc] Extracting interactions: https://parityqc.com/career (6/18), chunk 36/45
[04:28:34 +27m 17s | parityqc] Extracting interactions: https://parityqc.com/career (6/18), chunk 42/45
[04:28:39 +27m 23s | parityqc] Extracting interactions: https://parityqc.com/career (6/18), chunk 43/45
[04:28:53 +27m 34s | parityqc] Extracting interactions: https://parityqc.com/career (6/18), chunk 44/45
[04:29:01 +27m 41s | parityqc] Extracting interactions: https://parityqc.com/career (6/18), chunk 45/45
[04:29:12 +27m 53s | parityqc] Extracting interactions: https://parityqc.com/parity-lectures-working-with-quantum-circuits-through-parity-flow (7/18), chunk 1/4
[04:29:20 +27m 58s | parityqc] Extracting interactions: https://parityqc.com/parity-lectures-working-with-quantum-circuits-through-parity-flow (7/18), chunk 2/4
[04:29:28 +28m 5s | parityqc] Extracting interactions: https://parityqc.com/parity-lectures-working-with-quantum-circuits-through-parity-flow (7/18), chunk 3/4
[04:29:33 +28m 10s | parityqc] Extracting interactions: https://parityqc.com/parity-lectures-working-with-quantum-circuits-through-parity-flow (7/18), chunk 4/4
[04:29:39 +28m 16s | parityqc] Extracting interactions: https://parityqc.com/parityqc-joins-praktiqom-project-developing-advanced-quantum-algorithms-for-semiconductor-chip-design (8/18), chunk 2/7
[04:30:06 +28m 41s | parityqc] Extracting interactions: https://parityqc.com/parityqc-joins-praktiqom-project-developing-advanced-quantum-algorithms-for-semiconductor-chip-design (8/18), chunk 3/7
[04:30:34 +29m 6s | parityqc] Extracting interactions: https://parityqc.com/parityqc-joins-praktiqom-project-developing-advanced-quantum-algorithms-for-semiconductor-chip-design (8/18), chunk 4/7
[04:30:50 +29m 22s | parityqc] Extracting interactions: https://parityqc.com/parityqc-joins-praktiqom-project-developing-advanced-quantum-algorithms-for-semiconductor-chip-design (8/18), chunk 5/7
[04:31:02 +29m 34s | parityqc] Extracting interactions: https://parityqc.com/parityqc-joins-praktiqom-project-developing-advanced-quantum-algorithms-for-semiconductor-chip-design (8/18), chunk 7/7
[04:31:19 +29m 49s | parityqc] Extracting interactions: https://parityqc.com/parityqc-awarded-contract-by-dlr-to-integrate-quantum-computing-for-next-generation-mobility-solutions (9/18), chunk 2/6
[04:31:33 +30m 3s | parityqc] Extracting interactions: https://parityqc.com/parityqc-awarded-contract-by-dlr-to-integrate-quantum-computing-for-next-generation-mobility-solutions (9/18), chunk 3/6
[04:31:56 +30m 23s | parityqc] Extracting interactions: https://parityqc.com/parityqc-awarded-contract-by-dlr-to-integrate-quantum-computing-for-next-generation-mobility-solutions (9/18), chunk 4/6
[04:32:03 +30m 30s | parityqc] Extracting interactions: https://parityqc.com/parityqc-awarded-contract-by-dlr-to-integrate-quantum-computing-for-next-generation-mobility-solutions (9/18), chunk 5/6
[04:32:09 +30m 37s | parityqc] Extracting interactions: https://parityqc.com/parityqc-awarded-contract-by-dlr-to-integrate-quantum-computing-for-next-generation-mobility-solutions (9/18), chunk 6/6
[04:32:11 +30m 38s | parityqc] Extracting interactions: https://parityqc.com/parityqc-a-blueprint-for-europes-quantum-future (10/18), chunk 2/6
[04:32:20 +30m 44s | parityqc] Extracting interactions: https://parityqc.com/parityqc-a-blueprint-for-europes-quantum-future (10/18), chunk 3/6
[04:32:27 +30m 52s | parityqc] Extracting interactions: https://parityqc.com/parityqc-a-blueprint-for-europes-quantum-future (10/18), chunk 4/6
[04:32:42 +31m 6s | parityqc] Extracting interactions: https://parityqc.com/parityqc-a-blueprint-for-europes-quantum-future (10/18), chunk 5/6
[04:32:50 +31m 12s | parityqc] Extracting interactions: https://parityqc.com/parityqc-a-blueprint-for-europes-quantum-future (10/18), chunk 6/6
[04:32:59 +31m 22s | parityqc] Extracting interactions: https://parityqc.com/universal-computation-driven-by-yz-plane-measurements-and-the-embedding-into-the-parityqc-architecture (11/18), chunk 2/7
[04:33:07 +31m 30s | parityqc] Extracting interactions: https://parityqc.com/universal-computation-driven-by-yz-plane-measurements-and-the-embedding-into-the-parityqc-architecture (11/18), chunk 3/7
[04:33:14 +31m 36s | parityqc] Extracting interactions: https://parityqc.com/universal-computation-driven-by-yz-plane-measurements-and-the-embedding-into-the-parityqc-architecture (11/18), chunk 4/7
[04:33:26 +31m 46s | parityqc] Extracting interactions: https://parityqc.com/universal-computation-driven-by-yz-plane-measurements-and-the-embedding-into-the-parityqc-architecture (11/18), chunk 5/7
[04:33:34 +31m 54s | parityqc] Extracting interactions: https://parityqc.com/universal-computation-driven-by-yz-plane-measurements-and-the-embedding-into-the-parityqc-architecture (11/18), chunk 6/7
[04:33:55 +32m 15s | parityqc] Extracting interactions: https://parityqc.com/universal-computation-driven-by-yz-plane-measurements-and-the-embedding-into-the-parityqc-architecture (11/18), chunk 7/7
[04:34:12 +32m 29s | parityqc] Extracting interactions: https://parityqc.com/qsolid-project-quantum-computer-prototype-is-accessible-through-juniq (12/18), chunk 2/9
[04:34:22 +32m 40s | parityqc] Extracting interactions: https://parityqc.com/qsolid-project-quantum-computer-prototype-is-accessible-through-juniq (12/18), chunk 3/9
[04:34:45 +33m 0s | parityqc] Extracting interactions: https://parityqc.com/qsolid-project-quantum-computer-prototype-is-accessible-through-juniq (12/18), chunk 4/9
[04:35:09 +33m 21s | parityqc] Extracting interactions: https://parityqc.com/qsolid-project-quantum-computer-prototype-is-accessible-through-juniq (12/18), chunk 5/9
[04:35:25 +33m 38s | parityqc] Extracting interactions: https://parityqc.com/qsolid-project-quantum-computer-prototype-is-accessible-through-juniq (12/18), chunk 6/9
[04:35:59 +34m 10s | parityqc] Extracting interactions: https://parityqc.com/qsolid-project-quantum-computer-prototype-is-accessible-through-juniq (12/18), chunk 7/9
[04:36:26 +34m 34s | parityqc] Extracting interactions: https://parityqc.com/qsolid-project-quantum-computer-prototype-is-accessible-through-juniq (12/18), chunk 8/9
[04:36:37 +34m 45s | parityqc] Extracting interactions: http://parityqc.com/news-press (13/18), chunk 2/9
[04:36:46 +34m 54s | parityqc] Extracting interactions: http://parityqc.com/news-press (13/18), chunk 3/9
[04:36:54 +35m 1s | parityqc] Extracting interactions: http://parityqc.com/news-press (13/18), chunk 4/9
[04:37:03 +35m 9s | parityqc] Extracting interactions: http://parityqc.com/news-press (13/18), chunk 5/9
[04:37:09 +35m 15s | parityqc] Extracting interactions: http://parityqc.com/news-press (13/18), chunk 6/9
[04:37:16 +35m 22s | parityqc] Extracting interactions: http://parityqc.com/news-press (13/18), chunk 7/9
[04:37:23 +35m 29s | parityqc] Extracting interactions: http://parityqc.com/news-press (13/18), chunk 8/9
[04:37:30 +35m 34s | parityqc] Extracting interactions: http://parityqc.com/news-press (13/18), chunk 9/9
[04:37:32 +35m 36s | parityqc] Extracting interactions: https://parityqc.com/qudora-and-parityqc-partner-to-optimize-quantum-algorithms-for-trapped-ion-systems (14/18), chunk 2/7
[04:37:42 +35m 46s | parityqc] Extracting interactions: https://parityqc.com/qudora-and-parityqc-partner-to-optimize-quantum-algorithms-for-trapped-ion-systems (14/18), chunk 3/7
[04:37:58 +36m 2s | parityqc] Extracting interactions: https://parityqc.com/qudora-and-parityqc-partner-to-optimize-quantum-algorithms-for-trapped-ion-systems (14/18), chunk 4/7
[04:38:24 +36m 26s | parityqc] Extracting interactions: https://parityqc.com/qudora-and-parityqc-partner-to-optimize-quantum-algorithms-for-trapped-ion-systems (14/18), chunk 5/7
[04:38:41 +36m 41s | parityqc] Extracting interactions: https://parityqc.com/qudora-and-parityqc-partner-to-optimize-quantum-algorithms-for-trapped-ion-systems (14/18), chunk 6/7
[04:38:45 +36m 45s | parityqc] Extracting interactions: https://parityqc.com (15/18), chunk 2/11
[04:38:50 +36m 50s | parityqc] Extracting interactions: https://parityqc.com (15/18), chunk 3/11
[04:38:57 +36m 57s | parityqc] Extracting interactions: https://parityqc.com (15/18), chunk 4/11
[04:39:00 +37m 0s | parityqc] Extracting interactions: https://parityqc.com (15/18), chunk 7/11
[04:39:04 +37m 3s | parityqc] Extracting interactions: https://parityqc.com (15/18), chunk 8/11
[04:39:11 +37m 9s | parityqc] Extracting interactions: https://parityqc.com (15/18), chunk 9/11
[04:39:18 +37m 16s | parityqc] Extracting interactions: https://parityqc.com (15/18), chunk 10/11
[04:39:26 +37m 24s | parityqc] Extracting interactions: https://parityqc.com (15/18), chunk 11/11
[04:39:35 +37m 32s | parityqc] Extracting interactions: https://parityqc.com/parityos (16/18), chunk 2/6
[04:39:40 +37m 37s | parityqc] Extracting interactions: https://parityqc.com/parityos (16/18), chunk 3/6
[04:39:53 +37m 49s | parityqc] Extracting interactions: https://parityqc.com/parityos (16/18), chunk 4/6
[04:40:04 +37m 59s | parityqc] Extracting interactions: https://parityqc.com/parityos (16/18), chunk 5/6
[04:40:15 +38m 10s | parityqc] Extracting interactions: https://parityqc.com/scalable-parallelizable-fault-tolerant-multi-qubit-parity-gates (17/18), chunk 2/7
[04:40:21 +38m 14s | parityqc] Extracting interactions: https://parityqc.com/scalable-parallelizable-fault-tolerant-multi-qubit-parity-gates (17/18), chunk 3/7
[04:40:26 +38m 19s | parityqc] Extracting interactions: https://parityqc.com/scalable-parallelizable-fault-tolerant-multi-qubit-parity-gates (17/18), chunk 4/7
[04:40:34 +38m 27s | parityqc] Extracting interactions: https://parityqc.com/scalable-parallelizable-fault-tolerant-multi-qubit-parity-gates (17/18), chunk 5/7
[04:40:44 +38m 37s | parityqc] Extracting interactions: https://parityqc.com/scalable-parallelizable-fault-tolerant-multi-qubit-parity-gates (17/18), chunk 6/7
[04:41:10 +39m 1s | parityqc] Extracting interactions: https://parityqc.com/scalable-parallelizable-fault-tolerant-multi-qubit-parity-gates (17/18), chunk 7/7
[04:41:11 +39m 3s | parityqc] Extracting interactions: https://parityqc.com/parityqc-architecture (18/18), chunk 2/9
[04:41:15 +39m 6s | parityqc] Extracting interactions: https://parityqc.com/parityqc-architecture (18/18), chunk 3/9
[04:41:19 +39m 11s | parityqc] Extracting interactions: https://parityqc.com/parityqc-architecture (18/18), chunk 4/9
[04:41:32 +39m 22s | parityqc] Extracting interactions: https://parityqc.com/parityqc-architecture (18/18), chunk 5/9
[04:41:44 +39m 33s | parityqc] Extracting interactions: https://parityqc.com/parityqc-architecture (18/18), chunk 6/9
[04:41:52 +39m 41s | parityqc] Extracting interactions: https://parityqc.com/parityqc-architecture (18/18), chunk 8/9
[04:42:05 +39m 52s | parityqc] Saved 3_interaction_results.json with 321 extracted interactions.

[04:42:05 +39m 52s | parityqc] === 4 clean interactions ===
[04:42:06 +39m 52s | parityqc] Saved 4_edges.json with 48 cleaned interactions.

[04:42:06 +39m 52s | parityqc] === 5 helix enrichment ===
[04:42:06 +39m 53s | parityqc] Wrote 5_nodes.json (48 actors)
[04:42:06 +39m 53s | parityqc] Wrote 5_edges.json (48 interactions)
[04:42:06 +39m 53s | parityqc] Actor helix counts: {'Academia': 10, 'Government': 4, 'Industry': 15, 'Intermediary': 2, 'Unknown': 17}
[04:42:06 +39m 53s | parityqc] Functional-space counts: {'Consensus': 2, 'Innovation': 7, 'Intra-helix / Not classified': 23, 'Unknown': 16}

[04:42:06 +39m 53s | parityqc] === 6 network visualisation ===
[04:42:06 +39m 53s | parityqc] Wrote quantum_network.html
[04:42:06 +39m 53s | parityqc] Nodes: 48
[04:42:06 +39m 53s | parityqc] Edges: 20

[04:42:06 +39m 53s | parityqc] Done. Outputs written to: /home/lv/IDP/idpdeeptech/pipeline/site_outputs/parityqc
[04:42:06 +39m 53s | parityqc] Log: /home/lv/IDP/idpdeeptech/pipeline/site_outputs/parityqc/run.log

========================================================================
RUN FINISHED 2026-06-17 04:42:06  (OK)
Started:     2026-06-17 03:59:12
Elapsed:     39m 53s
========================================================================
