
========================================================================
RUN STARTED  2026-06-16 03:22:57
pdf_pipeline.py SaudiArabia19.pdf
========================================================================

[03:22:57 +0s | SaudiArabia19] === 1 actor extraction ===
[03:22:57 +0s | SaudiArabia19] Reading PDF: SaudiArabia19.pdf
[03:22:57 +0s | SaudiArabia19] Extracting: SaudiArabia19.pdf, page 2/16, chunk 1/1
[03:23:02 +5s | SaudiArabia19] Repaired malformed JSON.
[03:23:02 +5s | SaudiArabia19] Extracting: SaudiArabia19.pdf, page 3/16, chunk 1/1
[03:23:08 +11s | SaudiArabia19] Repaired malformed JSON.
[03:23:08 +11s | SaudiArabia19] Extracting: SaudiArabia19.pdf, page 4/16, chunk 1/2
[03:23:16 +19s | SaudiArabia19] Repaired malformed JSON.
[03:23:16 +19s | SaudiArabia19] Extracting: SaudiArabia19.pdf, page 4/16, chunk 2/2
[03:23:25 +25s | SaudiArabia19] Repaired malformed JSON.
[03:23:25 +25s | SaudiArabia19] Extracting: SaudiArabia19.pdf, page 5/16, chunk 1/1
[03:23:32 +32s | SaudiArabia19] Repaired malformed JSON.
[03:23:32 +32s | SaudiArabia19] Extracting: SaudiArabia19.pdf, page 6/16, chunk 1/2
[03:23:38 +38s | SaudiArabia19] Repaired malformed JSON.
[03:23:38 +38s | SaudiArabia19] Extracting: SaudiArabia19.pdf, page 6/16, chunk 2/2
[03:23:44 +44s | SaudiArabia19] Repaired malformed JSON.
[03:23:44 +44s | SaudiArabia19] Extracting: SaudiArabia19.pdf, page 7/16, chunk 1/1
[03:23:51 +51s | SaudiArabia19] Repaired malformed JSON.
[03:23:51 +51s | SaudiArabia19] Extracting: SaudiArabia19.pdf, page 8/16, chunk 1/1
[03:24:00 +57s | SaudiArabia19] Repaired malformed JSON.
[03:24:00 +57s | SaudiArabia19] Extracting: SaudiArabia19.pdf, page 9/16, chunk 1/2
[03:24:05 +1m 3s | SaudiArabia19] Repaired malformed JSON.
[03:24:05 +1m 3s | SaudiArabia19] Extracting: SaudiArabia19.pdf, page 9/16, chunk 2/2
[03:24:11 +1m 8s | SaudiArabia19] Repaired malformed JSON.
[03:24:11 +1m 8s | SaudiArabia19] Extracting: SaudiArabia19.pdf, page 10/16, chunk 1/1
[03:24:18 +1m 16s | SaudiArabia19] Repaired malformed JSON.
[03:24:18 +1m 16s | SaudiArabia19] Extracting: SaudiArabia19.pdf, page 11/16, chunk 1/1
[03:24:27 +1m 24s | SaudiArabia19] Repaired malformed JSON.
[03:24:27 +1m 24s | SaudiArabia19] Extracting: SaudiArabia19.pdf, page 12/16, chunk 1/1
[03:24:38 +1m 33s | SaudiArabia19] Repaired malformed JSON.
[03:24:38 +1m 33s | SaudiArabia19] Extracting: SaudiArabia19.pdf, page 13/16, chunk 1/2
[03:24:45 +1m 40s | SaudiArabia19] Repaired malformed JSON.
[03:24:45 +1m 40s | SaudiArabia19] Extracting: SaudiArabia19.pdf, page 13/16, chunk 2/2
[03:24:51 +1m 45s | SaudiArabia19] Repaired malformed JSON.
[03:24:51 +1m 45s | SaudiArabia19] Extracting: SaudiArabia19.pdf, page 14/16, chunk 1/1
[03:24:56 +1m 51s | SaudiArabia19] Repaired malformed JSON.
[03:24:56 +1m 51s | SaudiArabia19] Extracting: SaudiArabia19.pdf, page 15/16, chunk 1/1
[03:25:01 +1m 56s | SaudiArabia19] Repaired malformed JSON.
[03:25:01 +1m 56s | SaudiArabia19] Saved 1_actor_results.json with 38 clean actors

[03:25:02 +1m 56s | SaudiArabia19] === 2 clean actors ===
[03:25:02 +1m 56s | SaudiArabia19] Loaded 38 extracted records
[03:25:02 +1m 56s | SaudiArabia19] Saved 2_actor_nodes.json with 20 canonical actor nodes

[03:25:02 +1m 56s | SaudiArabia19] === 3 interaction extraction ===
[03:25:02 +1m 56s | SaudiArabia19] Processing interactions for: SaudiArabia19.pdf
[03:25:02 +1m 56s | SaudiArabia19] Extracting interactions: SaudiArabia19.pdf, page 2/16, chunk 1/2
[03:25:05 +1m 59s | SaudiArabia19] Extracting interactions: SaudiArabia19.pdf, page 2/16, chunk 2/2
[03:25:24 +2m 15s | SaudiArabia19] Extracting interactions: SaudiArabia19.pdf, page 3/16, chunk 1/1
[03:25:33 +2m 24s | SaudiArabia19] Extracting interactions: SaudiArabia19.pdf, page 4/16, chunk 1/2
[03:25:36 +2m 27s | SaudiArabia19] Extracting interactions: SaudiArabia19.pdf, page 4/16, chunk 2/2
[03:25:39 +2m 31s | SaudiArabia19] Extracting interactions: SaudiArabia19.pdf, page 6/16, chunk 3/3
[03:25:48 +2m 36s | SaudiArabia19] Extracting interactions: SaudiArabia19.pdf, page 7/16, chunk 1/1
[03:25:53 +2m 41s | SaudiArabia19] Extracting interactions: SaudiArabia19.pdf, page 8/16, chunk 1/3
[03:25:59 +2m 47s | SaudiArabia19] Extracting interactions: SaudiArabia19.pdf, page 8/16, chunk 2/3
[03:26:06 +2m 54s | SaudiArabia19] Extracting interactions: SaudiArabia19.pdf, page 9/16, chunk 1/2
[03:26:09 +2m 57s | SaudiArabia19] Extracting interactions: SaudiArabia19.pdf, page 9/16, chunk 2/2
[03:26:20 +3m 5s | SaudiArabia19] Extracting interactions: SaudiArabia19.pdf, page 10/16, chunk 1/3
[03:26:23 +3m 8s | SaudiArabia19] Extracting interactions: SaudiArabia19.pdf, page 10/16, chunk 2/3
[03:26:26 +3m 12s | SaudiArabia19] Extracting interactions: SaudiArabia19.pdf, page 11/16, chunk 1/2
[03:26:32 +3m 18s | SaudiArabia19] Extracting interactions: SaudiArabia19.pdf, page 12/16, chunk 1/2
[03:26:47 +3m 32s | SaudiArabia19] Extracting interactions: SaudiArabia19.pdf, page 12/16, chunk 2/2
[03:27:04 +3m 46s | SaudiArabia19] Extracting interactions: SaudiArabia19.pdf, page 13/16, chunk 1/3
[03:27:12 +3m 54s | SaudiArabia19] Extracting interactions: SaudiArabia19.pdf, page 13/16, chunk 2/3
[03:27:18 +4m 0s | SaudiArabia19] Extracting interactions: SaudiArabia19.pdf, page 13/16, chunk 3/3
[03:27:24 +4m 7s | SaudiArabia19] Extracting interactions: SaudiArabia19.pdf, page 14/16, chunk 1/1
[03:27:35 +4m 14s | SaudiArabia19] Extracting interactions: SaudiArabia19.pdf, page 15/16, chunk 1/1
[03:27:44 +4m 24s | SaudiArabia19] Saved 3_interaction_results.json with 29 extracted interactions.

[03:27:44 +4m 24s | SaudiArabia19] === 4 clean interactions ===
[03:27:44 +4m 24s | SaudiArabia19] Saved 4_edges.json with 3 cleaned interactions.

[03:27:44 +4m 24s | SaudiArabia19] === 5 helix enrichment ===
[03:27:44 +4m 24s | SaudiArabia19] Wrote 5_nodes.json (20 actors)
[03:27:44 +4m 24s | SaudiArabia19] Wrote 5_edges.json (3 interactions)
[03:27:44 +4m 24s | SaudiArabia19] Actor helix counts: {'Academia': 6, 'Government': 2, 'Industry': 8, 'Intermediary': 1, 'Unknown': 3}
[03:27:44 +4m 24s | SaudiArabia19] Functional-space counts: {'Intra-helix / Not classified': 3}

[03:27:44 +4m 24s | SaudiArabia19] === 6 network visualisation ===
[03:27:44 +4m 24s | SaudiArabia19] Wrote quantum_network.html
[03:27:44 +4m 24s | SaudiArabia19] Nodes: 20
[03:27:44 +4m 24s | SaudiArabia19] Edges: 3

[03:27:44 +4m 24s | SaudiArabia19] Done. Outputs written to: /home/lv/IDP/idpdeeptech/pipeline/pdf_outputs/SaudiArabia19
[03:27:44 +4m 24s | SaudiArabia19] Log: /home/lv/IDP/idpdeeptech/pipeline/pdf_outputs/SaudiArabia19/run.log

========================================================================
RUN FINISHED 2026-06-16 03:27:44  (OK)
Started:     2026-06-16 03:22:57
Elapsed:     4m 24s
========================================================================
