
========================================================================
RUN STARTED  2026-07-02 12:10:58
site_pipeline.py https://thequantuminsider.com/2024/01/25/tqi-exclusive-photonics-illuminating-quantum-technology-trends-challenges-and-opportunities/
========================================================================

[12:10:58 +0s | thequantuminsider_2024_01_25_tqi_exclusive_photonics_illuminating_quantum_technology_tren_011c05ae] === 0 crawl site ===
[12:11:00 +1s | thequantuminsider_2024_01_25_tqi_exclusive_photonics_illuminating_quantum_technology_tren_011c05ae] [INIT].... → Crawl4AI 0.8.6 
[12:11:03 +4s | thequantuminsider_2024_01_25_tqi_exclusive_photonics_illuminating_quantum_technology_tren_011c05ae] [FETCH]... ↓ https://thequantuminsider.com/2024/01/25/tqi-exc...-technology-trends-challenges-and-opportunities/  | ✓ | ⏱: 2.97s 
[12:11:03 +4s | thequantuminsider_2024_01_25_tqi_exclusive_photonics_illuminating_quantum_technology_tren_011c05ae] [SCRAPE].. ◆ https://thequantuminsider.com/2024/01/25/tqi-exc...-technology-trends-challenges-and-opportunities/  | ✓ | ⏱: 0.11s 
[12:11:03 +4s | thequantuminsider_2024_01_25_tqi_exclusive_photonics_illuminating_quantum_technology_tren_011c05ae] [COMPLETE] ● https://thequantuminsider.com/2024/01/25/tqi-exc...-technology-trends-challenges-and-opportunities/  | ✓ | ⏱: 3.10s 
[12:11:03 +4s | thequantuminsider_2024_01_25_tqi_exclusive_photonics_illuminating_quantum_technology_tren_011c05ae] Saved: crawl_output/41a273636d_thequantuminsider.com_2024_01_25_tqi-exclusive-photonics-illuminating-quantum-technology-trends-challenges-and-opportunities.json

[12:11:03 +5s | thequantuminsider_2024_01_25_tqi_exclusive_photonics_illuminating_quantum_technology_tren_011c05ae] === 1 actor extraction ===
[12:11:03 +5s | thequantuminsider_2024_01_25_tqi_exclusive_photonics_illuminating_quantum_technology_tren_011c05ae] Reading page (1/1): https://thequantuminsider.com/2024/01/25/tqi-exclusive-photonics-illuminating-quantum-technology-trends-challenges-and-opportunities
[12:11:03 +5s | thequantuminsider_2024_01_25_tqi_exclusive_photonics_illuminating_quantum_technology_tren_011c05ae] Extracting actors: https://thequantuminsider.com/2024/01/25/tqi-exclusive-photonics-illuminating-quantum-technology-trends-challenges-and-opportunities (1/1), chunk 1/39
[12:11:07 +9s | thequantuminsider_2024_01_25_tqi_exclusive_photonics_illuminating_quantum_technology_tren_011c05ae] Extracting actors: https://thequantuminsider.com/2024/01/25/tqi-exclusive-photonics-illuminating-quantum-technology-trends-challenges-and-opportunities (1/1), chunk 2/39
[12:11:13 +14s | thequantuminsider_2024_01_25_tqi_exclusive_photonics_illuminating_quantum_technology_tren_011c05ae] Extracting actors: https://thequantuminsider.com/2024/01/25/tqi-exclusive-photonics-illuminating-quantum-technology-trends-challenges-and-opportunities (1/1), chunk 3/39
[12:11:18 +19s | thequantuminsider_2024_01_25_tqi_exclusive_photonics_illuminating_quantum_technology_tren_011c05ae] Extracting actors: https://thequantuminsider.com/2024/01/25/tqi-exclusive-photonics-illuminating-quantum-technology-trends-challenges-and-opportunities (1/1), chunk 4/39
[12:11:22 +23s | thequantuminsider_2024_01_25_tqi_exclusive_photonics_illuminating_quantum_technology_tren_011c05ae] Extracting actors: https://thequantuminsider.com/2024/01/25/tqi-exclusive-photonics-illuminating-quantum-technology-trends-challenges-and-opportunities (1/1), chunk 5/39
[12:11:27 +29s | thequantuminsider_2024_01_25_tqi_exclusive_photonics_illuminating_quantum_technology_tren_011c05ae] Extracting actors: https://thequantuminsider.com/2024/01/25/tqi-exclusive-photonics-illuminating-quantum-technology-trends-challenges-and-opportunities (1/1), chunk 6/39
[12:11:32 +34s | thequantuminsider_2024_01_25_tqi_exclusive_photonics_illuminating_quantum_technology_tren_011c05ae] Extracting actors: https://thequantuminsider.com/2024/01/25/tqi-exclusive-photonics-illuminating-quantum-technology-trends-challenges-and-opportunities (1/1), chunk 7/39
[12:11:38 +40s | thequantuminsider_2024_01_25_tqi_exclusive_photonics_illuminating_quantum_technology_tren_011c05ae] Extracting actors: https://thequantuminsider.com/2024/01/25/tqi-exclusive-photonics-illuminating-quantum-technology-trends-challenges-and-opportunities (1/1), chunk 8/39
[12:11:45 +47s | thequantuminsider_2024_01_25_tqi_exclusive_photonics_illuminating_quantum_technology_tren_011c05ae] Extracting actors: https://thequantuminsider.com/2024/01/25/tqi-exclusive-photonics-illuminating-quantum-technology-trends-challenges-and-opportunities (1/1), chunk 9/39
[12:11:50 +52s | thequantuminsider_2024_01_25_tqi_exclusive_photonics_illuminating_quantum_technology_tren_011c05ae] Extracting actors: https://thequantuminsider.com/2024/01/25/tqi-exclusive-photonics-illuminating-quantum-technology-trends-challenges-and-opportunities (1/1), chunk 10/39
[12:11:55 +56s | thequantuminsider_2024_01_25_tqi_exclusive_photonics_illuminating_quantum_technology_tren_011c05ae] Extracting actors: https://thequantuminsider.com/2024/01/25/tqi-exclusive-photonics-illuminating-quantum-technology-trends-challenges-and-opportunities (1/1), chunk 11/39
[12:11:58 +1m 0s | thequantuminsider_2024_01_25_tqi_exclusive_photonics_illuminating_quantum_technology_tren_011c05ae] Extracting actors: https://thequantuminsider.com/2024/01/25/tqi-exclusive-photonics-illuminating-quantum-technology-trends-challenges-and-opportunities (1/1), chunk 12/39
[12:12:03 +1m 5s | thequantuminsider_2024_01_25_tqi_exclusive_photonics_illuminating_quantum_technology_tren_011c05ae] Repaired malformed JSON.
[12:12:03 +1m 5s | thequantuminsider_2024_01_25_tqi_exclusive_photonics_illuminating_quantum_technology_tren_011c05ae] Extracting actors: https://thequantuminsider.com/2024/01/25/tqi-exclusive-photonics-illuminating-quantum-technology-trends-challenges-and-opportunities (1/1), chunk 13/39
[12:12:09 +1m 11s | thequantuminsider_2024_01_25_tqi_exclusive_photonics_illuminating_quantum_technology_tren_011c05ae] Repaired malformed JSON.
[12:12:09 +1m 11s | thequantuminsider_2024_01_25_tqi_exclusive_photonics_illuminating_quantum_technology_tren_011c05ae] Extracting actors: https://thequantuminsider.com/2024/01/25/tqi-exclusive-photonics-illuminating-quantum-technology-trends-challenges-and-opportunities (1/1), chunk 14/39
[12:12:14 +1m 16s | thequantuminsider_2024_01_25_tqi_exclusive_photonics_illuminating_quantum_technology_tren_011c05ae] Extracting actors: https://thequantuminsider.com/2024/01/25/tqi-exclusive-photonics-illuminating-quantum-technology-trends-challenges-and-opportunities (1/1), chunk 15/39
[12:12:18 +1m 20s | thequantuminsider_2024_01_25_tqi_exclusive_photonics_illuminating_quantum_technology_tren_011c05ae] Extracting actors: https://thequantuminsider.com/2024/01/25/tqi-exclusive-photonics-illuminating-quantum-technology-trends-challenges-and-opportunities (1/1), chunk 16/39
[12:12:25 +1m 26s | thequantuminsider_2024_01_25_tqi_exclusive_photonics_illuminating_quantum_technology_tren_011c05ae] Extracting actors: https://thequantuminsider.com/2024/01/25/tqi-exclusive-photonics-illuminating-quantum-technology-trends-challenges-and-opportunities (1/1), chunk 17/39
[12:12:31 +1m 33s | thequantuminsider_2024_01_25_tqi_exclusive_photonics_illuminating_quantum_technology_tren_011c05ae] Repaired malformed JSON.
[12:12:31 +1m 33s | thequantuminsider_2024_01_25_tqi_exclusive_photonics_illuminating_quantum_technology_tren_011c05ae] Extracting actors: https://thequantuminsider.com/2024/01/25/tqi-exclusive-photonics-illuminating-quantum-technology-trends-challenges-and-opportunities (1/1), chunk 18/39
[12:12:40 +1m 42s | thequantuminsider_2024_01_25_tqi_exclusive_photonics_illuminating_quantum_technology_tren_011c05ae] Repaired malformed JSON.
[12:12:40 +1m 42s | thequantuminsider_2024_01_25_tqi_exclusive_photonics_illuminating_quantum_technology_tren_011c05ae] Extracting actors: https://thequantuminsider.com/2024/01/25/tqi-exclusive-photonics-illuminating-quantum-technology-trends-challenges-and-opportunities (1/1), chunk 19/39
[12:12:47 +1m 49s | thequantuminsider_2024_01_25_tqi_exclusive_photonics_illuminating_quantum_technology_tren_011c05ae] Repaired malformed JSON.
[12:12:47 +1m 49s | thequantuminsider_2024_01_25_tqi_exclusive_photonics_illuminating_quantum_technology_tren_011c05ae] Extracting actors: https://thequantuminsider.com/2024/01/25/tqi-exclusive-photonics-illuminating-quantum-technology-trends-challenges-and-opportunities (1/1), chunk 20/39
[12:12:53 +1m 55s | thequantuminsider_2024_01_25_tqi_exclusive_photonics_illuminating_quantum_technology_tren_011c05ae] Repaired malformed JSON.
[12:12:53 +1m 55s | thequantuminsider_2024_01_25_tqi_exclusive_photonics_illuminating_quantum_technology_tren_011c05ae] Extracting actors: https://thequantuminsider.com/2024/01/25/tqi-exclusive-photonics-illuminating-quantum-technology-trends-challenges-and-opportunities (1/1), chunk 21/39
[12:13:01 +2m 3s | thequantuminsider_2024_01_25_tqi_exclusive_photonics_illuminating_quantum_technology_tren_011c05ae] Repaired malformed JSON.
[12:13:01 +2m 3s | thequantuminsider_2024_01_25_tqi_exclusive_photonics_illuminating_quantum_technology_tren_011c05ae] Extracting actors: https://thequantuminsider.com/2024/01/25/tqi-exclusive-photonics-illuminating-quantum-technology-trends-challenges-and-opportunities (1/1), chunk 22/39
[12:13:08 +2m 10s | thequantuminsider_2024_01_25_tqi_exclusive_photonics_illuminating_quantum_technology_tren_011c05ae] Repaired malformed JSON.
[12:13:08 +2m 10s | thequantuminsider_2024_01_25_tqi_exclusive_photonics_illuminating_quantum_technology_tren_011c05ae] Extracting actors: https://thequantuminsider.com/2024/01/25/tqi-exclusive-photonics-illuminating-quantum-technology-trends-challenges-and-opportunities (1/1), chunk 23/39
[12:13:16 +2m 18s | thequantuminsider_2024_01_25_tqi_exclusive_photonics_illuminating_quantum_technology_tren_011c05ae] Repaired malformed JSON.
[12:13:16 +2m 18s | thequantuminsider_2024_01_25_tqi_exclusive_photonics_illuminating_quantum_technology_tren_011c05ae] Extracting actors: https://thequantuminsider.com/2024/01/25/tqi-exclusive-photonics-illuminating-quantum-technology-trends-challenges-and-opportunities (1/1), chunk 24/39
[12:13:24 +2m 26s | thequantuminsider_2024_01_25_tqi_exclusive_photonics_illuminating_quantum_technology_tren_011c05ae] Repaired malformed JSON.
[12:13:24 +2m 26s | thequantuminsider_2024_01_25_tqi_exclusive_photonics_illuminating_quantum_technology_tren_011c05ae] Extracting actors: https://thequantuminsider.com/2024/01/25/tqi-exclusive-photonics-illuminating-quantum-technology-trends-challenges-and-opportunities (1/1), chunk 25/39
[12:13:31 +2m 32s | thequantuminsider_2024_01_25_tqi_exclusive_photonics_illuminating_quantum_technology_tren_011c05ae] Repaired malformed JSON.
[12:13:31 +2m 32s | thequantuminsider_2024_01_25_tqi_exclusive_photonics_illuminating_quantum_technology_tren_011c05ae] Extracting actors: https://thequantuminsider.com/2024/01/25/tqi-exclusive-photonics-illuminating-quantum-technology-trends-challenges-and-opportunities (1/1), chunk 26/39
[12:13:36 +2m 38s | thequantuminsider_2024_01_25_tqi_exclusive_photonics_illuminating_quantum_technology_tren_011c05ae] Repaired malformed JSON.
[12:13:36 +2m 38s | thequantuminsider_2024_01_25_tqi_exclusive_photonics_illuminating_quantum_technology_tren_011c05ae] Extracting actors: https://thequantuminsider.com/2024/01/25/tqi-exclusive-photonics-illuminating-quantum-technology-trends-challenges-and-opportunities (1/1), chunk 27/39
[12:13:42 +2m 44s | thequantuminsider_2024_01_25_tqi_exclusive_photonics_illuminating_quantum_technology_tren_011c05ae] Extracting actors: https://thequantuminsider.com/2024/01/25/tqi-exclusive-photonics-illuminating-quantum-technology-trends-challenges-and-opportunities (1/1), chunk 28/39
[12:13:50 +2m 52s | thequantuminsider_2024_01_25_tqi_exclusive_photonics_illuminating_quantum_technology_tren_011c05ae] Repaired malformed JSON.
[12:13:50 +2m 52s | thequantuminsider_2024_01_25_tqi_exclusive_photonics_illuminating_quantum_technology_tren_011c05ae] Extracting actors: https://thequantuminsider.com/2024/01/25/tqi-exclusive-photonics-illuminating-quantum-technology-trends-challenges-and-opportunities (1/1), chunk 29/39
[12:13:55 +2m 57s | thequantuminsider_2024_01_25_tqi_exclusive_photonics_illuminating_quantum_technology_tren_011c05ae] Extracting actors: https://thequantuminsider.com/2024/01/25/tqi-exclusive-photonics-illuminating-quantum-technology-trends-challenges-and-opportunities (1/1), chunk 30/39
[12:14:01 +3m 3s | thequantuminsider_2024_01_25_tqi_exclusive_photonics_illuminating_quantum_technology_tren_011c05ae] Repaired malformed JSON.
[12:14:01 +3m 3s | thequantuminsider_2024_01_25_tqi_exclusive_photonics_illuminating_quantum_technology_tren_011c05ae] Extracting actors: https://thequantuminsider.com/2024/01/25/tqi-exclusive-photonics-illuminating-quantum-technology-trends-challenges-and-opportunities (1/1), chunk 31/39
[12:14:10 +3m 12s | thequantuminsider_2024_01_25_tqi_exclusive_photonics_illuminating_quantum_technology_tren_011c05ae] Repaired malformed JSON.
[12:14:10 +3m 12s | thequantuminsider_2024_01_25_tqi_exclusive_photonics_illuminating_quantum_technology_tren_011c05ae] Extracting actors: https://thequantuminsider.com/2024/01/25/tqi-exclusive-photonics-illuminating-quantum-technology-trends-challenges-and-opportunities (1/1), chunk 32/39
[12:14:18 +3m 20s | thequantuminsider_2024_01_25_tqi_exclusive_photonics_illuminating_quantum_technology_tren_011c05ae] Repaired malformed JSON.
[12:14:18 +3m 20s | thequantuminsider_2024_01_25_tqi_exclusive_photonics_illuminating_quantum_technology_tren_011c05ae] Extracting actors: https://thequantuminsider.com/2024/01/25/tqi-exclusive-photonics-illuminating-quantum-technology-trends-challenges-and-opportunities (1/1), chunk 33/39
[12:14:27 +3m 29s | thequantuminsider_2024_01_25_tqi_exclusive_photonics_illuminating_quantum_technology_tren_011c05ae] Repaired malformed JSON.
[12:14:27 +3m 29s | thequantuminsider_2024_01_25_tqi_exclusive_photonics_illuminating_quantum_technology_tren_011c05ae] Extracting actors: https://thequantuminsider.com/2024/01/25/tqi-exclusive-photonics-illuminating-quantum-technology-trends-challenges-and-opportunities (1/1), chunk 34/39
[12:14:33 +3m 35s | thequantuminsider_2024_01_25_tqi_exclusive_photonics_illuminating_quantum_technology_tren_011c05ae] Repaired malformed JSON.
[12:14:33 +3m 35s | thequantuminsider_2024_01_25_tqi_exclusive_photonics_illuminating_quantum_technology_tren_011c05ae] Extracting actors: https://thequantuminsider.com/2024/01/25/tqi-exclusive-photonics-illuminating-quantum-technology-trends-challenges-and-opportunities (1/1), chunk 35/39
[12:14:40 +3m 42s | thequantuminsider_2024_01_25_tqi_exclusive_photonics_illuminating_quantum_technology_tren_011c05ae] Repaired malformed JSON.
[12:14:40 +3m 42s | thequantuminsider_2024_01_25_tqi_exclusive_photonics_illuminating_quantum_technology_tren_011c05ae] Extracting actors: https://thequantuminsider.com/2024/01/25/tqi-exclusive-photonics-illuminating-quantum-technology-trends-challenges-and-opportunities (1/1), chunk 36/39
[12:14:47 +3m 48s | thequantuminsider_2024_01_25_tqi_exclusive_photonics_illuminating_quantum_technology_tren_011c05ae] Repaired malformed JSON.
[12:14:47 +3m 48s | thequantuminsider_2024_01_25_tqi_exclusive_photonics_illuminating_quantum_technology_tren_011c05ae] Extracting actors: https://thequantuminsider.com/2024/01/25/tqi-exclusive-photonics-illuminating-quantum-technology-trends-challenges-and-opportunities (1/1), chunk 37/39
[12:14:55 +3m 57s | thequantuminsider_2024_01_25_tqi_exclusive_photonics_illuminating_quantum_technology_tren_011c05ae] Repaired malformed JSON.
[12:14:55 +3m 57s | thequantuminsider_2024_01_25_tqi_exclusive_photonics_illuminating_quantum_technology_tren_011c05ae] Extracting actors: https://thequantuminsider.com/2024/01/25/tqi-exclusive-photonics-illuminating-quantum-technology-trends-challenges-and-opportunities (1/1), chunk 38/39
[12:15:03 +4m 4s | thequantuminsider_2024_01_25_tqi_exclusive_photonics_illuminating_quantum_technology_tren_011c05ae] Repaired malformed JSON.
[12:15:03 +4m 4s | thequantuminsider_2024_01_25_tqi_exclusive_photonics_illuminating_quantum_technology_tren_011c05ae] Extracting actors: https://thequantuminsider.com/2024/01/25/tqi-exclusive-photonics-illuminating-quantum-technology-trends-challenges-and-opportunities (1/1), chunk 39/39
[12:15:11 +4m 13s | thequantuminsider_2024_01_25_tqi_exclusive_photonics_illuminating_quantum_technology_tren_011c05ae] Repaired malformed JSON.
[12:15:11 +4m 13s | thequantuminsider_2024_01_25_tqi_exclusive_photonics_illuminating_quantum_technology_tren_011c05ae] Saved 1_actor_results.json with 56 extracted records

[12:15:12 +4m 13s | thequantuminsider_2024_01_25_tqi_exclusive_photonics_illuminating_quantum_technology_tren_011c05ae] === 2 clean actors ===
[12:15:12 +4m 13s | thequantuminsider_2024_01_25_tqi_exclusive_photonics_illuminating_quantum_technology_tren_011c05ae] Loaded 56 extracted records
[12:15:12 +4m 13s | thequantuminsider_2024_01_25_tqi_exclusive_photonics_illuminating_quantum_technology_tren_011c05ae] Saved 2_actor_nodes.json with 22 canonical actor nodes

[12:15:12 +4m 13s | thequantuminsider_2024_01_25_tqi_exclusive_photonics_illuminating_quantum_technology_tren_011c05ae] === 3 interaction extraction ===
[12:15:12 +4m 14s | thequantuminsider_2024_01_25_tqi_exclusive_photonics_illuminating_quantum_technology_tren_011c05ae] Extracting interactions: https://thequantuminsider.com/2024/01/25/tqi-exclusive-photonics-illuminating-quantum-technology-trends-challenges-and-opportunities (1/1), chunk 11/39
[12:15:16 +4m 17s | thequantuminsider_2024_01_25_tqi_exclusive_photonics_illuminating_quantum_technology_tren_011c05ae] Extracting interactions: https://thequantuminsider.com/2024/01/25/tqi-exclusive-photonics-illuminating-quantum-technology-trends-challenges-and-opportunities (1/1), chunk 12/39
[12:15:20 +4m 22s | thequantuminsider_2024_01_25_tqi_exclusive_photonics_illuminating_quantum_technology_tren_011c05ae] Extracting interactions: https://thequantuminsider.com/2024/01/25/tqi-exclusive-photonics-illuminating-quantum-technology-trends-challenges-and-opportunities (1/1), chunk 13/39
[12:15:28 +4m 29s | thequantuminsider_2024_01_25_tqi_exclusive_photonics_illuminating_quantum_technology_tren_011c05ae] Extracting interactions: https://thequantuminsider.com/2024/01/25/tqi-exclusive-photonics-illuminating-quantum-technology-trends-challenges-and-opportunities (1/1), chunk 17/39
[12:15:35 +4m 37s | thequantuminsider_2024_01_25_tqi_exclusive_photonics_illuminating_quantum_technology_tren_011c05ae] Extracting interactions: https://thequantuminsider.com/2024/01/25/tqi-exclusive-photonics-illuminating-quantum-technology-trends-challenges-and-opportunities (1/1), chunk 18/39
[12:15:37 +4m 39s | thequantuminsider_2024_01_25_tqi_exclusive_photonics_illuminating_quantum_technology_tren_011c05ae] Extracting interactions: https://thequantuminsider.com/2024/01/25/tqi-exclusive-photonics-illuminating-quantum-technology-trends-challenges-and-opportunities (1/1), chunk 19/39
[12:15:40 +4m 42s | thequantuminsider_2024_01_25_tqi_exclusive_photonics_illuminating_quantum_technology_tren_011c05ae] Extracting interactions: https://thequantuminsider.com/2024/01/25/tqi-exclusive-photonics-illuminating-quantum-technology-trends-challenges-and-opportunities (1/1), chunk 20/39
[12:15:47 +4m 48s | thequantuminsider_2024_01_25_tqi_exclusive_photonics_illuminating_quantum_technology_tren_011c05ae] Extracting interactions: https://thequantuminsider.com/2024/01/25/tqi-exclusive-photonics-illuminating-quantum-technology-trends-challenges-and-opportunities (1/1), chunk 21/39
[12:15:50 +4m 52s | thequantuminsider_2024_01_25_tqi_exclusive_photonics_illuminating_quantum_technology_tren_011c05ae] Extracting interactions: https://thequantuminsider.com/2024/01/25/tqi-exclusive-photonics-illuminating-quantum-technology-trends-challenges-and-opportunities (1/1), chunk 22/39
[12:15:54 +4m 56s | thequantuminsider_2024_01_25_tqi_exclusive_photonics_illuminating_quantum_technology_tren_011c05ae] Extracting interactions: https://thequantuminsider.com/2024/01/25/tqi-exclusive-photonics-illuminating-quantum-technology-trends-challenges-and-opportunities (1/1), chunk 23/39
[12:15:59 +5m 0s | thequantuminsider_2024_01_25_tqi_exclusive_photonics_illuminating_quantum_technology_tren_011c05ae] Extracting interactions: https://thequantuminsider.com/2024/01/25/tqi-exclusive-photonics-illuminating-quantum-technology-trends-challenges-and-opportunities (1/1), chunk 24/39
[12:16:03 +5m 4s | thequantuminsider_2024_01_25_tqi_exclusive_photonics_illuminating_quantum_technology_tren_011c05ae] Extracting interactions: https://thequantuminsider.com/2024/01/25/tqi-exclusive-photonics-illuminating-quantum-technology-trends-challenges-and-opportunities (1/1), chunk 25/39
[12:16:09 +5m 10s | thequantuminsider_2024_01_25_tqi_exclusive_photonics_illuminating_quantum_technology_tren_011c05ae] Extracting interactions: https://thequantuminsider.com/2024/01/25/tqi-exclusive-photonics-illuminating-quantum-technology-trends-challenges-and-opportunities (1/1), chunk 26/39
[12:16:10 +5m 12s | thequantuminsider_2024_01_25_tqi_exclusive_photonics_illuminating_quantum_technology_tren_011c05ae] Extracting interactions: https://thequantuminsider.com/2024/01/25/tqi-exclusive-photonics-illuminating-quantum-technology-trends-challenges-and-opportunities (1/1), chunk 27/39
[12:16:17 +5m 18s | thequantuminsider_2024_01_25_tqi_exclusive_photonics_illuminating_quantum_technology_tren_011c05ae] Extracting interactions: https://thequantuminsider.com/2024/01/25/tqi-exclusive-photonics-illuminating-quantum-technology-trends-challenges-and-opportunities (1/1), chunk 28/39
[12:16:22 +5m 24s | thequantuminsider_2024_01_25_tqi_exclusive_photonics_illuminating_quantum_technology_tren_011c05ae] Extracting interactions: https://thequantuminsider.com/2024/01/25/tqi-exclusive-photonics-illuminating-quantum-technology-trends-challenges-and-opportunities (1/1), chunk 29/39
[12:16:26 +5m 28s | thequantuminsider_2024_01_25_tqi_exclusive_photonics_illuminating_quantum_technology_tren_011c05ae] Extracting interactions: https://thequantuminsider.com/2024/01/25/tqi-exclusive-photonics-illuminating-quantum-technology-trends-challenges-and-opportunities (1/1), chunk 30/39
[12:16:28 +5m 29s | thequantuminsider_2024_01_25_tqi_exclusive_photonics_illuminating_quantum_technology_tren_011c05ae] Extracting interactions: https://thequantuminsider.com/2024/01/25/tqi-exclusive-photonics-illuminating-quantum-technology-trends-challenges-and-opportunities (1/1), chunk 31/39
[12:16:29 +5m 31s | thequantuminsider_2024_01_25_tqi_exclusive_photonics_illuminating_quantum_technology_tren_011c05ae] Extracting interactions: https://thequantuminsider.com/2024/01/25/tqi-exclusive-photonics-illuminating-quantum-technology-trends-challenges-and-opportunities (1/1), chunk 32/39
[12:16:31 +5m 32s | thequantuminsider_2024_01_25_tqi_exclusive_photonics_illuminating_quantum_technology_tren_011c05ae] Extracting interactions: https://thequantuminsider.com/2024/01/25/tqi-exclusive-photonics-illuminating-quantum-technology-trends-challenges-and-opportunities (1/1), chunk 33/39
[12:16:32 +5m 34s | thequantuminsider_2024_01_25_tqi_exclusive_photonics_illuminating_quantum_technology_tren_011c05ae] Extracting interactions: https://thequantuminsider.com/2024/01/25/tqi-exclusive-photonics-illuminating-quantum-technology-trends-challenges-and-opportunities (1/1), chunk 34/39
[12:16:33 +5m 35s | thequantuminsider_2024_01_25_tqi_exclusive_photonics_illuminating_quantum_technology_tren_011c05ae] Extracting interactions: https://thequantuminsider.com/2024/01/25/tqi-exclusive-photonics-illuminating-quantum-technology-trends-challenges-and-opportunities (1/1), chunk 35/39
[12:16:35 +5m 37s | thequantuminsider_2024_01_25_tqi_exclusive_photonics_illuminating_quantum_technology_tren_011c05ae] Extracting interactions: https://thequantuminsider.com/2024/01/25/tqi-exclusive-photonics-illuminating-quantum-technology-trends-challenges-and-opportunities (1/1), chunk 36/39
[12:16:36 +5m 38s | thequantuminsider_2024_01_25_tqi_exclusive_photonics_illuminating_quantum_technology_tren_011c05ae] Extracting interactions: https://thequantuminsider.com/2024/01/25/tqi-exclusive-photonics-illuminating-quantum-technology-trends-challenges-and-opportunities (1/1), chunk 37/39
[12:16:39 +5m 41s | thequantuminsider_2024_01_25_tqi_exclusive_photonics_illuminating_quantum_technology_tren_011c05ae] Extracting interactions: https://thequantuminsider.com/2024/01/25/tqi-exclusive-photonics-illuminating-quantum-technology-trends-challenges-and-opportunities (1/1), chunk 38/39
[12:16:41 +5m 43s | thequantuminsider_2024_01_25_tqi_exclusive_photonics_illuminating_quantum_technology_tren_011c05ae] Extracting interactions: https://thequantuminsider.com/2024/01/25/tqi-exclusive-photonics-illuminating-quantum-technology-trends-challenges-and-opportunities (1/1), chunk 39/39
[12:16:43 +5m 45s | thequantuminsider_2024_01_25_tqi_exclusive_photonics_illuminating_quantum_technology_tren_011c05ae] Saved 3_interaction_results.json with 15 extracted interactions.

[12:16:43 +5m 45s | thequantuminsider_2024_01_25_tqi_exclusive_photonics_illuminating_quantum_technology_tren_011c05ae] === 4 clean interactions ===
[12:16:43 +5m 45s | thequantuminsider_2024_01_25_tqi_exclusive_photonics_illuminating_quantum_technology_tren_011c05ae] Saved 4_edges.json with 7 cleaned interactions.

[12:16:43 +5m 45s | thequantuminsider_2024_01_25_tqi_exclusive_photonics_illuminating_quantum_technology_tren_011c05ae] === 5 helix enrichment ===
[12:16:43 +5m 45s | thequantuminsider_2024_01_25_tqi_exclusive_photonics_illuminating_quantum_technology_tren_011c05ae] Wrote 5_nodes.json (22 actors)
[12:16:43 +5m 45s | thequantuminsider_2024_01_25_tqi_exclusive_photonics_illuminating_quantum_technology_tren_011c05ae] Wrote 5_edges.json (7 interactions)
[12:16:43 +5m 45s | thequantuminsider_2024_01_25_tqi_exclusive_photonics_illuminating_quantum_technology_tren_011c05ae] Actor helix counts: {'Academia': 2, 'Civil Society': 4, 'Industry': 7, 'Intermediary': 1, 'Unknown': 8}
[12:16:43 +5m 45s | thequantuminsider_2024_01_25_tqi_exclusive_photonics_illuminating_quantum_technology_tren_011c05ae] Functional-space counts: {'Intra-helix / Not classified': 7}

[12:16:43 +5m 45s | thequantuminsider_2024_01_25_tqi_exclusive_photonics_illuminating_quantum_technology_tren_011c05ae] === 6 network visualisation ===
[12:16:44 +5m 45s | thequantuminsider_2024_01_25_tqi_exclusive_photonics_illuminating_quantum_technology_tren_011c05ae] Wrote quantum_network.html
[12:16:44 +5m 45s | thequantuminsider_2024_01_25_tqi_exclusive_photonics_illuminating_quantum_technology_tren_011c05ae] Nodes: 22
[12:16:44 +5m 45s | thequantuminsider_2024_01_25_tqi_exclusive_photonics_illuminating_quantum_technology_tren_011c05ae] Edges: 2

[12:16:44 +5m 45s | thequantuminsider_2024_01_25_tqi_exclusive_photonics_illuminating_quantum_technology_tren_011c05ae] Done. Outputs written to: /home/lv/IDP/idpdeeptech/pipeline/news_outputs/thequantuminsider_2024_01_25_tqi_exclusive_photonics_illuminating_quantum_technology_tren_011c05ae
[12:16:44 +5m 45s | thequantuminsider_2024_01_25_tqi_exclusive_photonics_illuminating_quantum_technology_tren_011c05ae] Log: /home/lv/IDP/idpdeeptech/pipeline/news_outputs/thequantuminsider_2024_01_25_tqi_exclusive_photonics_illuminating_quantum_technology_tren_011c05ae/run.log

========================================================================
RUN FINISHED 2026-07-02 12:16:44  (OK)
Started:     2026-07-02 12:10:58
Elapsed:     5m 45s
========================================================================
