
========================================================================
RUN STARTED  2026-07-02 10:42:24
site_pipeline.py https://thequantuminsider.com/2024/02/08/nord-quantique-makes-a-logical-qubit-out-of-a-physical-qubit/
========================================================================

[10:42:24 +0s | thequantuminsider_2024_02_08_nord_quantique_makes_a_logical_qubit_out_of_a_physical_qubit] === 0 crawl site ===
[10:42:25 +1s | thequantuminsider_2024_02_08_nord_quantique_makes_a_logical_qubit_out_of_a_physical_qubit] [INIT].... → Crawl4AI 0.8.6 
[10:42:28 +4s | thequantuminsider_2024_02_08_nord_quantique_makes_a_logical_qubit_out_of_a_physical_qubit] [FETCH]... ↓ https://thequantuminsider.com/2024/02/08/nord-qu...e-makes-a-logical-qubit-out-of-a-physical-qubit/  | ✓ | ⏱: 2.20s 
[10:42:28 +4s | thequantuminsider_2024_02_08_nord_quantique_makes_a_logical_qubit_out_of_a_physical_qubit] [SCRAPE].. ◆ https://thequantuminsider.com/2024/02/08/nord-qu...e-makes-a-logical-qubit-out-of-a-physical-qubit/  | ✓ | ⏱: 0.12s 
[10:42:28 +4s | thequantuminsider_2024_02_08_nord_quantique_makes_a_logical_qubit_out_of_a_physical_qubit] [COMPLETE] ● https://thequantuminsider.com/2024/02/08/nord-qu...e-makes-a-logical-qubit-out-of-a-physical-qubit/  | ✓ | ⏱: 2.34s 
[10:42:28 +4s | thequantuminsider_2024_02_08_nord_quantique_makes_a_logical_qubit_out_of_a_physical_qubit] Saved: crawl_output/dfafe5a863_thequantuminsider.com_2024_02_08_nord-quantique-makes-a-logical-qubit-out-of-a-physical-qubit.json

[10:42:28 +4s | thequantuminsider_2024_02_08_nord_quantique_makes_a_logical_qubit_out_of_a_physical_qubit] === 1 actor extraction ===
[10:42:28 +4s | thequantuminsider_2024_02_08_nord_quantique_makes_a_logical_qubit_out_of_a_physical_qubit] Reading page (1/1): https://thequantuminsider.com/2024/02/08/nord-quantique-makes-a-logical-qubit-out-of-a-physical-qubit
[10:42:28 +4s | thequantuminsider_2024_02_08_nord_quantique_makes_a_logical_qubit_out_of_a_physical_qubit] Extracting actors: https://thequantuminsider.com/2024/02/08/nord-quantique-makes-a-logical-qubit-out-of-a-physical-qubit (1/1), chunk 1/37
[10:42:33 +8s | thequantuminsider_2024_02_08_nord_quantique_makes_a_logical_qubit_out_of_a_physical_qubit] Extracting actors: https://thequantuminsider.com/2024/02/08/nord-quantique-makes-a-logical-qubit-out-of-a-physical-qubit (1/1), chunk 2/37
[10:42:36 +12s | thequantuminsider_2024_02_08_nord_quantique_makes_a_logical_qubit_out_of_a_physical_qubit] Extracting actors: https://thequantuminsider.com/2024/02/08/nord-quantique-makes-a-logical-qubit-out-of-a-physical-qubit (1/1), chunk 3/37
[10:42:41 +17s | thequantuminsider_2024_02_08_nord_quantique_makes_a_logical_qubit_out_of_a_physical_qubit] Extracting actors: https://thequantuminsider.com/2024/02/08/nord-quantique-makes-a-logical-qubit-out-of-a-physical-qubit (1/1), chunk 4/37
[10:42:46 +22s | thequantuminsider_2024_02_08_nord_quantique_makes_a_logical_qubit_out_of_a_physical_qubit] Extracting actors: https://thequantuminsider.com/2024/02/08/nord-quantique-makes-a-logical-qubit-out-of-a-physical-qubit (1/1), chunk 5/37
[10:42:52 +28s | thequantuminsider_2024_02_08_nord_quantique_makes_a_logical_qubit_out_of_a_physical_qubit] Repaired malformed JSON.
[10:42:52 +28s | thequantuminsider_2024_02_08_nord_quantique_makes_a_logical_qubit_out_of_a_physical_qubit] Extracting actors: https://thequantuminsider.com/2024/02/08/nord-quantique-makes-a-logical-qubit-out-of-a-physical-qubit (1/1), chunk 6/37
[10:42:57 +33s | thequantuminsider_2024_02_08_nord_quantique_makes_a_logical_qubit_out_of_a_physical_qubit] Extracting actors: https://thequantuminsider.com/2024/02/08/nord-quantique-makes-a-logical-qubit-out-of-a-physical-qubit (1/1), chunk 7/37
[10:43:01 +36s | thequantuminsider_2024_02_08_nord_quantique_makes_a_logical_qubit_out_of_a_physical_qubit] Extracting actors: https://thequantuminsider.com/2024/02/08/nord-quantique-makes-a-logical-qubit-out-of-a-physical-qubit (1/1), chunk 8/37
[10:43:05 +41s | thequantuminsider_2024_02_08_nord_quantique_makes_a_logical_qubit_out_of_a_physical_qubit] Extracting actors: https://thequantuminsider.com/2024/02/08/nord-quantique-makes-a-logical-qubit-out-of-a-physical-qubit (1/1), chunk 9/37
[10:43:11 +46s | thequantuminsider_2024_02_08_nord_quantique_makes_a_logical_qubit_out_of_a_physical_qubit] Extracting actors: https://thequantuminsider.com/2024/02/08/nord-quantique-makes-a-logical-qubit-out-of-a-physical-qubit (1/1), chunk 10/37
[10:43:15 +51s | thequantuminsider_2024_02_08_nord_quantique_makes_a_logical_qubit_out_of_a_physical_qubit] Extracting actors: https://thequantuminsider.com/2024/02/08/nord-quantique-makes-a-logical-qubit-out-of-a-physical-qubit (1/1), chunk 11/37
[10:43:20 +56s | thequantuminsider_2024_02_08_nord_quantique_makes_a_logical_qubit_out_of_a_physical_qubit] Repaired malformed JSON.
[10:43:20 +56s | thequantuminsider_2024_02_08_nord_quantique_makes_a_logical_qubit_out_of_a_physical_qubit] Extracting actors: https://thequantuminsider.com/2024/02/08/nord-quantique-makes-a-logical-qubit-out-of-a-physical-qubit (1/1), chunk 12/37
[10:43:27 +1m 2s | thequantuminsider_2024_02_08_nord_quantique_makes_a_logical_qubit_out_of_a_physical_qubit] Repaired malformed JSON.
[10:43:27 +1m 2s | thequantuminsider_2024_02_08_nord_quantique_makes_a_logical_qubit_out_of_a_physical_qubit] Extracting actors: https://thequantuminsider.com/2024/02/08/nord-quantique-makes-a-logical-qubit-out-of-a-physical-qubit (1/1), chunk 13/37
[10:43:32 +1m 8s | thequantuminsider_2024_02_08_nord_quantique_makes_a_logical_qubit_out_of_a_physical_qubit] Repaired malformed JSON.
[10:43:32 +1m 8s | thequantuminsider_2024_02_08_nord_quantique_makes_a_logical_qubit_out_of_a_physical_qubit] Extracting actors: https://thequantuminsider.com/2024/02/08/nord-quantique-makes-a-logical-qubit-out-of-a-physical-qubit (1/1), chunk 14/37
[10:43:39 +1m 15s | thequantuminsider_2024_02_08_nord_quantique_makes_a_logical_qubit_out_of_a_physical_qubit] Repaired malformed JSON.
[10:43:39 +1m 15s | thequantuminsider_2024_02_08_nord_quantique_makes_a_logical_qubit_out_of_a_physical_qubit] Extracting actors: https://thequantuminsider.com/2024/02/08/nord-quantique-makes-a-logical-qubit-out-of-a-physical-qubit (1/1), chunk 15/37
[10:43:46 +1m 22s | thequantuminsider_2024_02_08_nord_quantique_makes_a_logical_qubit_out_of_a_physical_qubit] Repaired malformed JSON.
[10:43:46 +1m 22s | thequantuminsider_2024_02_08_nord_quantique_makes_a_logical_qubit_out_of_a_physical_qubit] Extracting actors: https://thequantuminsider.com/2024/02/08/nord-quantique-makes-a-logical-qubit-out-of-a-physical-qubit (1/1), chunk 16/37
[10:43:52 +1m 28s | thequantuminsider_2024_02_08_nord_quantique_makes_a_logical_qubit_out_of_a_physical_qubit] Repaired malformed JSON.
[10:43:52 +1m 28s | thequantuminsider_2024_02_08_nord_quantique_makes_a_logical_qubit_out_of_a_physical_qubit] Extracting actors: https://thequantuminsider.com/2024/02/08/nord-quantique-makes-a-logical-qubit-out-of-a-physical-qubit (1/1), chunk 17/37
[10:43:59 +1m 35s | thequantuminsider_2024_02_08_nord_quantique_makes_a_logical_qubit_out_of_a_physical_qubit] Repaired malformed JSON.
[10:43:59 +1m 35s | thequantuminsider_2024_02_08_nord_quantique_makes_a_logical_qubit_out_of_a_physical_qubit] Extracting actors: https://thequantuminsider.com/2024/02/08/nord-quantique-makes-a-logical-qubit-out-of-a-physical-qubit (1/1), chunk 18/37
[10:44:05 +1m 41s | thequantuminsider_2024_02_08_nord_quantique_makes_a_logical_qubit_out_of_a_physical_qubit] Repaired malformed JSON.
[10:44:05 +1m 41s | thequantuminsider_2024_02_08_nord_quantique_makes_a_logical_qubit_out_of_a_physical_qubit] Extracting actors: https://thequantuminsider.com/2024/02/08/nord-quantique-makes-a-logical-qubit-out-of-a-physical-qubit (1/1), chunk 19/37
[10:44:12 +1m 47s | thequantuminsider_2024_02_08_nord_quantique_makes_a_logical_qubit_out_of_a_physical_qubit] Repaired malformed JSON.
[10:44:12 +1m 47s | thequantuminsider_2024_02_08_nord_quantique_makes_a_logical_qubit_out_of_a_physical_qubit] Extracting actors: https://thequantuminsider.com/2024/02/08/nord-quantique-makes-a-logical-qubit-out-of-a-physical-qubit (1/1), chunk 20/37
[10:44:18 +1m 53s | thequantuminsider_2024_02_08_nord_quantique_makes_a_logical_qubit_out_of_a_physical_qubit] Repaired malformed JSON.
[10:44:18 +1m 53s | thequantuminsider_2024_02_08_nord_quantique_makes_a_logical_qubit_out_of_a_physical_qubit] Extracting actors: https://thequantuminsider.com/2024/02/08/nord-quantique-makes-a-logical-qubit-out-of-a-physical-qubit (1/1), chunk 21/37
[10:44:25 +2m 1s | thequantuminsider_2024_02_08_nord_quantique_makes_a_logical_qubit_out_of_a_physical_qubit] Repaired malformed JSON.
[10:44:25 +2m 1s | thequantuminsider_2024_02_08_nord_quantique_makes_a_logical_qubit_out_of_a_physical_qubit] Extracting actors: https://thequantuminsider.com/2024/02/08/nord-quantique-makes-a-logical-qubit-out-of-a-physical-qubit (1/1), chunk 22/37
[10:44:34 +2m 10s | thequantuminsider_2024_02_08_nord_quantique_makes_a_logical_qubit_out_of_a_physical_qubit] Repaired malformed JSON.
[10:44:34 +2m 10s | thequantuminsider_2024_02_08_nord_quantique_makes_a_logical_qubit_out_of_a_physical_qubit] Extracting actors: https://thequantuminsider.com/2024/02/08/nord-quantique-makes-a-logical-qubit-out-of-a-physical-qubit (1/1), chunk 23/37
[10:44:40 +2m 16s | thequantuminsider_2024_02_08_nord_quantique_makes_a_logical_qubit_out_of_a_physical_qubit] Repaired malformed JSON.
[10:44:40 +2m 16s | thequantuminsider_2024_02_08_nord_quantique_makes_a_logical_qubit_out_of_a_physical_qubit] Extracting actors: https://thequantuminsider.com/2024/02/08/nord-quantique-makes-a-logical-qubit-out-of-a-physical-qubit (1/1), chunk 24/37
[10:44:46 +2m 22s | thequantuminsider_2024_02_08_nord_quantique_makes_a_logical_qubit_out_of_a_physical_qubit] Repaired malformed JSON.
[10:44:46 +2m 22s | thequantuminsider_2024_02_08_nord_quantique_makes_a_logical_qubit_out_of_a_physical_qubit] Extracting actors: https://thequantuminsider.com/2024/02/08/nord-quantique-makes-a-logical-qubit-out-of-a-physical-qubit (1/1), chunk 25/37
[10:44:50 +2m 26s | thequantuminsider_2024_02_08_nord_quantique_makes_a_logical_qubit_out_of_a_physical_qubit] Extracting actors: https://thequantuminsider.com/2024/02/08/nord-quantique-makes-a-logical-qubit-out-of-a-physical-qubit (1/1), chunk 26/37
[10:44:58 +2m 34s | thequantuminsider_2024_02_08_nord_quantique_makes_a_logical_qubit_out_of_a_physical_qubit] Repaired malformed JSON.
[10:44:58 +2m 34s | thequantuminsider_2024_02_08_nord_quantique_makes_a_logical_qubit_out_of_a_physical_qubit] Extracting actors: https://thequantuminsider.com/2024/02/08/nord-quantique-makes-a-logical-qubit-out-of-a-physical-qubit (1/1), chunk 27/37
[10:45:04 +2m 40s | thequantuminsider_2024_02_08_nord_quantique_makes_a_logical_qubit_out_of_a_physical_qubit] Extracting actors: https://thequantuminsider.com/2024/02/08/nord-quantique-makes-a-logical-qubit-out-of-a-physical-qubit (1/1), chunk 28/37
[10:45:06 +2m 42s | thequantuminsider_2024_02_08_nord_quantique_makes_a_logical_qubit_out_of_a_physical_qubit] Extracting actors: https://thequantuminsider.com/2024/02/08/nord-quantique-makes-a-logical-qubit-out-of-a-physical-qubit (1/1), chunk 29/37
[10:45:12 +2m 48s | thequantuminsider_2024_02_08_nord_quantique_makes_a_logical_qubit_out_of_a_physical_qubit] Repaired malformed JSON.
[10:45:12 +2m 48s | thequantuminsider_2024_02_08_nord_quantique_makes_a_logical_qubit_out_of_a_physical_qubit] Extracting actors: https://thequantuminsider.com/2024/02/08/nord-quantique-makes-a-logical-qubit-out-of-a-physical-qubit (1/1), chunk 30/37
[10:45:18 +2m 54s | thequantuminsider_2024_02_08_nord_quantique_makes_a_logical_qubit_out_of_a_physical_qubit] Repaired malformed JSON.
[10:45:18 +2m 54s | thequantuminsider_2024_02_08_nord_quantique_makes_a_logical_qubit_out_of_a_physical_qubit] Extracting actors: https://thequantuminsider.com/2024/02/08/nord-quantique-makes-a-logical-qubit-out-of-a-physical-qubit (1/1), chunk 31/37
[10:45:24 +2m 59s | thequantuminsider_2024_02_08_nord_quantique_makes_a_logical_qubit_out_of_a_physical_qubit] Repaired malformed JSON.
[10:45:24 +2m 59s | thequantuminsider_2024_02_08_nord_quantique_makes_a_logical_qubit_out_of_a_physical_qubit] Extracting actors: https://thequantuminsider.com/2024/02/08/nord-quantique-makes-a-logical-qubit-out-of-a-physical-qubit (1/1), chunk 32/37
[10:45:30 +3m 6s | thequantuminsider_2024_02_08_nord_quantique_makes_a_logical_qubit_out_of_a_physical_qubit] Repaired malformed JSON.
[10:45:30 +3m 6s | thequantuminsider_2024_02_08_nord_quantique_makes_a_logical_qubit_out_of_a_physical_qubit] Extracting actors: https://thequantuminsider.com/2024/02/08/nord-quantique-makes-a-logical-qubit-out-of-a-physical-qubit (1/1), chunk 33/37
[10:45:36 +3m 12s | thequantuminsider_2024_02_08_nord_quantique_makes_a_logical_qubit_out_of_a_physical_qubit] Repaired malformed JSON.
[10:45:36 +3m 12s | thequantuminsider_2024_02_08_nord_quantique_makes_a_logical_qubit_out_of_a_physical_qubit] Extracting actors: https://thequantuminsider.com/2024/02/08/nord-quantique-makes-a-logical-qubit-out-of-a-physical-qubit (1/1), chunk 34/37
[10:45:43 +3m 19s | thequantuminsider_2024_02_08_nord_quantique_makes_a_logical_qubit_out_of_a_physical_qubit] Repaired malformed JSON.
[10:45:43 +3m 19s | thequantuminsider_2024_02_08_nord_quantique_makes_a_logical_qubit_out_of_a_physical_qubit] Extracting actors: https://thequantuminsider.com/2024/02/08/nord-quantique-makes-a-logical-qubit-out-of-a-physical-qubit (1/1), chunk 35/37
[10:45:49 +3m 25s | thequantuminsider_2024_02_08_nord_quantique_makes_a_logical_qubit_out_of_a_physical_qubit] Repaired malformed JSON.
[10:45:49 +3m 25s | thequantuminsider_2024_02_08_nord_quantique_makes_a_logical_qubit_out_of_a_physical_qubit] Extracting actors: https://thequantuminsider.com/2024/02/08/nord-quantique-makes-a-logical-qubit-out-of-a-physical-qubit (1/1), chunk 36/37
[10:45:57 +3m 33s | thequantuminsider_2024_02_08_nord_quantique_makes_a_logical_qubit_out_of_a_physical_qubit] Repaired malformed JSON.
[10:45:57 +3m 33s | thequantuminsider_2024_02_08_nord_quantique_makes_a_logical_qubit_out_of_a_physical_qubit] Extracting actors: https://thequantuminsider.com/2024/02/08/nord-quantique-makes-a-logical-qubit-out-of-a-physical-qubit (1/1), chunk 37/37
[10:46:02 +3m 38s | thequantuminsider_2024_02_08_nord_quantique_makes_a_logical_qubit_out_of_a_physical_qubit] Repaired malformed JSON.
[10:46:02 +3m 38s | thequantuminsider_2024_02_08_nord_quantique_makes_a_logical_qubit_out_of_a_physical_qubit] Saved 1_actor_results.json with 57 extracted records

[10:46:02 +3m 38s | thequantuminsider_2024_02_08_nord_quantique_makes_a_logical_qubit_out_of_a_physical_qubit] === 2 clean actors ===
[10:46:02 +3m 38s | thequantuminsider_2024_02_08_nord_quantique_makes_a_logical_qubit_out_of_a_physical_qubit] Loaded 57 extracted records
[10:46:02 +3m 38s | thequantuminsider_2024_02_08_nord_quantique_makes_a_logical_qubit_out_of_a_physical_qubit] Saved 2_actor_nodes.json with 16 canonical actor nodes

[10:46:02 +3m 38s | thequantuminsider_2024_02_08_nord_quantique_makes_a_logical_qubit_out_of_a_physical_qubit] === 3 interaction extraction ===
[10:46:03 +3m 39s | thequantuminsider_2024_02_08_nord_quantique_makes_a_logical_qubit_out_of_a_physical_qubit] Extracting interactions: https://thequantuminsider.com/2024/02/08/nord-quantique-makes-a-logical-qubit-out-of-a-physical-qubit (1/1), chunk 11/37
[10:46:08 +3m 44s | thequantuminsider_2024_02_08_nord_quantique_makes_a_logical_qubit_out_of_a_physical_qubit] Extracting interactions: https://thequantuminsider.com/2024/02/08/nord-quantique-makes-a-logical-qubit-out-of-a-physical-qubit (1/1), chunk 13/37
[10:46:13 +3m 49s | thequantuminsider_2024_02_08_nord_quantique_makes_a_logical_qubit_out_of_a_physical_qubit] Extracting interactions: https://thequantuminsider.com/2024/02/08/nord-quantique-makes-a-logical-qubit-out-of-a-physical-qubit (1/1), chunk 14/37
[10:46:19 +3m 55s | thequantuminsider_2024_02_08_nord_quantique_makes_a_logical_qubit_out_of_a_physical_qubit] Extracting interactions: https://thequantuminsider.com/2024/02/08/nord-quantique-makes-a-logical-qubit-out-of-a-physical-qubit (1/1), chunk 15/37
[10:46:21 +3m 57s | thequantuminsider_2024_02_08_nord_quantique_makes_a_logical_qubit_out_of_a_physical_qubit] Extracting interactions: https://thequantuminsider.com/2024/02/08/nord-quantique-makes-a-logical-qubit-out-of-a-physical-qubit (1/1), chunk 16/37
[10:46:26 +4m 1s | thequantuminsider_2024_02_08_nord_quantique_makes_a_logical_qubit_out_of_a_physical_qubit] Extracting interactions: https://thequantuminsider.com/2024/02/08/nord-quantique-makes-a-logical-qubit-out-of-a-physical-qubit (1/1), chunk 17/37
[10:46:31 +4m 6s | thequantuminsider_2024_02_08_nord_quantique_makes_a_logical_qubit_out_of_a_physical_qubit] Extracting interactions: https://thequantuminsider.com/2024/02/08/nord-quantique-makes-a-logical-qubit-out-of-a-physical-qubit (1/1), chunk 18/37
[10:46:34 +4m 10s | thequantuminsider_2024_02_08_nord_quantique_makes_a_logical_qubit_out_of_a_physical_qubit] Extracting interactions: https://thequantuminsider.com/2024/02/08/nord-quantique-makes-a-logical-qubit-out-of-a-physical-qubit (1/1), chunk 19/37
[10:46:39 +4m 14s | thequantuminsider_2024_02_08_nord_quantique_makes_a_logical_qubit_out_of_a_physical_qubit] Extracting interactions: https://thequantuminsider.com/2024/02/08/nord-quantique-makes-a-logical-qubit-out-of-a-physical-qubit (1/1), chunk 20/37
[10:46:47 +4m 22s | thequantuminsider_2024_02_08_nord_quantique_makes_a_logical_qubit_out_of_a_physical_qubit] Extracting interactions: https://thequantuminsider.com/2024/02/08/nord-quantique-makes-a-logical-qubit-out-of-a-physical-qubit (1/1), chunk 21/37
[10:46:53 +4m 29s | thequantuminsider_2024_02_08_nord_quantique_makes_a_logical_qubit_out_of_a_physical_qubit] Extracting interactions: https://thequantuminsider.com/2024/02/08/nord-quantique-makes-a-logical-qubit-out-of-a-physical-qubit (1/1), chunk 22/37
[10:46:57 +4m 32s | thequantuminsider_2024_02_08_nord_quantique_makes_a_logical_qubit_out_of_a_physical_qubit] Extracting interactions: https://thequantuminsider.com/2024/02/08/nord-quantique-makes-a-logical-qubit-out-of-a-physical-qubit (1/1), chunk 23/37
[10:47:01 +4m 37s | thequantuminsider_2024_02_08_nord_quantique_makes_a_logical_qubit_out_of_a_physical_qubit] Extracting interactions: https://thequantuminsider.com/2024/02/08/nord-quantique-makes-a-logical-qubit-out-of-a-physical-qubit (1/1), chunk 26/37
[10:47:08 +4m 44s | thequantuminsider_2024_02_08_nord_quantique_makes_a_logical_qubit_out_of_a_physical_qubit] Extracting interactions: https://thequantuminsider.com/2024/02/08/nord-quantique-makes-a-logical-qubit-out-of-a-physical-qubit (1/1), chunk 27/37
[10:47:10 +4m 46s | thequantuminsider_2024_02_08_nord_quantique_makes_a_logical_qubit_out_of_a_physical_qubit] Extracting interactions: https://thequantuminsider.com/2024/02/08/nord-quantique-makes-a-logical-qubit-out-of-a-physical-qubit (1/1), chunk 28/37
[10:47:11 +4m 47s | thequantuminsider_2024_02_08_nord_quantique_makes_a_logical_qubit_out_of_a_physical_qubit] Extracting interactions: https://thequantuminsider.com/2024/02/08/nord-quantique-makes-a-logical-qubit-out-of-a-physical-qubit (1/1), chunk 29/37
[10:47:13 +4m 49s | thequantuminsider_2024_02_08_nord_quantique_makes_a_logical_qubit_out_of_a_physical_qubit] Extracting interactions: https://thequantuminsider.com/2024/02/08/nord-quantique-makes-a-logical-qubit-out-of-a-physical-qubit (1/1), chunk 30/37
[10:47:15 +4m 51s | thequantuminsider_2024_02_08_nord_quantique_makes_a_logical_qubit_out_of_a_physical_qubit] Extracting interactions: https://thequantuminsider.com/2024/02/08/nord-quantique-makes-a-logical-qubit-out-of-a-physical-qubit (1/1), chunk 31/37
[10:47:17 +4m 53s | thequantuminsider_2024_02_08_nord_quantique_makes_a_logical_qubit_out_of_a_physical_qubit] Extracting interactions: https://thequantuminsider.com/2024/02/08/nord-quantique-makes-a-logical-qubit-out-of-a-physical-qubit (1/1), chunk 32/37
[10:47:19 +4m 55s | thequantuminsider_2024_02_08_nord_quantique_makes_a_logical_qubit_out_of_a_physical_qubit] Extracting interactions: https://thequantuminsider.com/2024/02/08/nord-quantique-makes-a-logical-qubit-out-of-a-physical-qubit (1/1), chunk 33/37
[10:47:21 +4m 57s | thequantuminsider_2024_02_08_nord_quantique_makes_a_logical_qubit_out_of_a_physical_qubit] Extracting interactions: https://thequantuminsider.com/2024/02/08/nord-quantique-makes-a-logical-qubit-out-of-a-physical-qubit (1/1), chunk 35/37
[10:47:27 +5m 3s | thequantuminsider_2024_02_08_nord_quantique_makes_a_logical_qubit_out_of_a_physical_qubit] Extracting interactions: https://thequantuminsider.com/2024/02/08/nord-quantique-makes-a-logical-qubit-out-of-a-physical-qubit (1/1), chunk 36/37
[10:47:38 +5m 14s | thequantuminsider_2024_02_08_nord_quantique_makes_a_logical_qubit_out_of_a_physical_qubit] Extracting interactions: https://thequantuminsider.com/2024/02/08/nord-quantique-makes-a-logical-qubit-out-of-a-physical-qubit (1/1), chunk 37/37
[10:47:39 +5m 15s | thequantuminsider_2024_02_08_nord_quantique_makes_a_logical_qubit_out_of_a_physical_qubit] Saved 3_interaction_results.json with 18 extracted interactions.

[10:47:40 +5m 15s | thequantuminsider_2024_02_08_nord_quantique_makes_a_logical_qubit_out_of_a_physical_qubit] === 4 clean interactions ===
[10:47:40 +5m 15s | thequantuminsider_2024_02_08_nord_quantique_makes_a_logical_qubit_out_of_a_physical_qubit] Saved 4_edges.json with 0 cleaned interactions.

[10:47:40 +5m 15s | thequantuminsider_2024_02_08_nord_quantique_makes_a_logical_qubit_out_of_a_physical_qubit] === 5 helix enrichment ===
[10:47:40 +5m 15s | thequantuminsider_2024_02_08_nord_quantique_makes_a_logical_qubit_out_of_a_physical_qubit] Wrote 5_nodes.json (16 actors)
[10:47:40 +5m 15s | thequantuminsider_2024_02_08_nord_quantique_makes_a_logical_qubit_out_of_a_physical_qubit] Wrote 5_edges.json (0 interactions)
[10:47:40 +5m 15s | thequantuminsider_2024_02_08_nord_quantique_makes_a_logical_qubit_out_of_a_physical_qubit] Actor helix counts: {'Academia': 2, 'Civil Society': 2, 'Government': 1, 'Industry': 5, 'Intermediary': 1, 'Unknown': 5}
[10:47:40 +5m 15s | thequantuminsider_2024_02_08_nord_quantique_makes_a_logical_qubit_out_of_a_physical_qubit] Functional-space counts: {}

[10:47:40 +5m 15s | thequantuminsider_2024_02_08_nord_quantique_makes_a_logical_qubit_out_of_a_physical_qubit] === 6 network visualisation ===
[10:47:40 +5m 16s | thequantuminsider_2024_02_08_nord_quantique_makes_a_logical_qubit_out_of_a_physical_qubit] Wrote quantum_network.html
[10:47:40 +5m 16s | thequantuminsider_2024_02_08_nord_quantique_makes_a_logical_qubit_out_of_a_physical_qubit] Nodes: 16
[10:47:40 +5m 16s | thequantuminsider_2024_02_08_nord_quantique_makes_a_logical_qubit_out_of_a_physical_qubit] Edges: 0

[10:47:40 +5m 16s | thequantuminsider_2024_02_08_nord_quantique_makes_a_logical_qubit_out_of_a_physical_qubit] Done. Outputs written to: /home/lv/IDP/idpdeeptech/pipeline/news_outputs/thequantuminsider_2024_02_08_nord_quantique_makes_a_logical_qubit_out_of_a_physical_qubit
[10:47:40 +5m 16s | thequantuminsider_2024_02_08_nord_quantique_makes_a_logical_qubit_out_of_a_physical_qubit] Log: /home/lv/IDP/idpdeeptech/pipeline/news_outputs/thequantuminsider_2024_02_08_nord_quantique_makes_a_logical_qubit_out_of_a_physical_qubit/run.log

========================================================================
RUN FINISHED 2026-07-02 10:47:40  (OK)
Started:     2026-07-02 10:42:24
Elapsed:     5m 16s
========================================================================
