
========================================================================
RUN STARTED  2026-06-16 03:14:43
pdf_pipeline.py Luis_USA22.pdf
========================================================================

[03:14:43 +0s | Luis_USA22] === 1 actor extraction ===
[03:14:43 +0s | Luis_USA22] Reading PDF: Luis_USA22.pdf
[03:14:43 +0s | Luis_USA22] Extracting: Luis_USA22.pdf, page 1/34, chunk 1/1
[03:14:49 +6s | Luis_USA22] Repaired malformed JSON.
[03:14:49 +6s | Luis_USA22] Extracting: Luis_USA22.pdf, page 2/34, chunk 1/2
[03:14:50 +7s | Luis_USA22] Extracting: Luis_USA22.pdf, page 2/34, chunk 2/2
[03:14:56 +13s | Luis_USA22] Repaired malformed JSON.
[03:14:56 +13s | Luis_USA22] Extracting: Luis_USA22.pdf, page 3/34, chunk 1/1
[03:15:02 +19s | Luis_USA22] Repaired malformed JSON.
[03:15:02 +19s | Luis_USA22] Extracting: Luis_USA22.pdf, page 4/34, chunk 1/2
[03:15:03 +20s | Luis_USA22] Extracting: Luis_USA22.pdf, page 4/34, chunk 2/2
[03:15:07 +24s | Luis_USA22] Extracting: Luis_USA22.pdf, page 5/34, chunk 1/1
[03:15:16 +30s | Luis_USA22] Repaired malformed JSON.
[03:15:16 +30s | Luis_USA22] Extracting: Luis_USA22.pdf, page 6/34, chunk 1/3
[03:15:18 +32s | Luis_USA22] Extracting: Luis_USA22.pdf, page 6/34, chunk 2/3
[03:15:24 +38s | Luis_USA22] Repaired malformed JSON.
[03:15:24 +38s | Luis_USA22] Extracting: Luis_USA22.pdf, page 6/34, chunk 3/3
[03:15:32 +46s | Luis_USA22] Repaired malformed JSON.
[03:15:32 +46s | Luis_USA22] Extracting: Luis_USA22.pdf, page 7/34, chunk 1/3
[03:15:35 +49s | Luis_USA22] Extracting: Luis_USA22.pdf, page 7/34, chunk 2/3
[03:15:47 +58s | Luis_USA22] Repaired malformed JSON.
[03:15:47 +58s | Luis_USA22] Extracting: Luis_USA22.pdf, page 7/34, chunk 3/3
[03:15:56 +1m 7s | Luis_USA22] Repaired malformed JSON.
[03:15:56 +1m 7s | Luis_USA22] Extracting: Luis_USA22.pdf, page 8/34, chunk 1/3
[03:15:57 +1m 8s | Luis_USA22] Extracting: Luis_USA22.pdf, page 8/34, chunk 2/3
[03:16:05 +1m 16s | Luis_USA22] Repaired malformed JSON.
[03:16:05 +1m 16s | Luis_USA22] Extracting: Luis_USA22.pdf, page 8/34, chunk 3/3
[03:16:10 +1m 21s | Luis_USA22] Repaired malformed JSON.
[03:16:10 +1m 21s | Luis_USA22] Extracting: Luis_USA22.pdf, page 9/34, chunk 1/3
[03:16:12 +1m 23s | Luis_USA22] Extracting: Luis_USA22.pdf, page 9/34, chunk 2/3
[03:16:23 +1m 31s | Luis_USA22] Repaired malformed JSON.
[03:16:23 +1m 31s | Luis_USA22] Extracting: Luis_USA22.pdf, page 9/34, chunk 3/3
[03:16:32 +1m 40s | Luis_USA22] Repaired malformed JSON.
[03:16:32 +1m 40s | Luis_USA22] Extracting: Luis_USA22.pdf, page 10/34, chunk 1/3
[03:16:34 +1m 42s | Luis_USA22] Extracting: Luis_USA22.pdf, page 10/34, chunk 2/3
[03:16:42 +1m 50s | Luis_USA22] Repaired malformed JSON.
[03:16:42 +1m 50s | Luis_USA22] Extracting: Luis_USA22.pdf, page 10/34, chunk 3/3
[03:16:49 +1m 56s | Luis_USA22] Repaired malformed JSON.
[03:16:49 +1m 56s | Luis_USA22] Extracting: Luis_USA22.pdf, page 11/34, chunk 1/1
[03:16:58 +2m 3s | Luis_USA22] Repaired malformed JSON.
[03:16:58 +2m 3s | Luis_USA22] Extracting: Luis_USA22.pdf, page 12/34, chunk 1/3
[03:17:00 +2m 5s | Luis_USA22] Extracting: Luis_USA22.pdf, page 12/34, chunk 2/3
[03:17:04 +2m 9s | Luis_USA22] Extracting: Luis_USA22.pdf, page 12/34, chunk 3/3
[03:17:08 +2m 13s | Luis_USA22] Extracting: Luis_USA22.pdf, page 13/34, chunk 1/3
[03:17:16 +2m 21s | Luis_USA22] Repaired malformed JSON.
[03:17:16 +2m 21s | Luis_USA22] Extracting: Luis_USA22.pdf, page 13/34, chunk 2/3
[03:17:22 +2m 27s | Luis_USA22] Repaired malformed JSON.
[03:17:22 +2m 27s | Luis_USA22] Extracting: Luis_USA22.pdf, page 13/34, chunk 3/3
[03:17:34 +2m 36s | Luis_USA22] Repaired malformed JSON.
[03:17:34 +2m 36s | Luis_USA22] Extracting: Luis_USA22.pdf, page 14/34, chunk 1/3
[03:17:36 +2m 37s | Luis_USA22] Extracting: Luis_USA22.pdf, page 14/34, chunk 2/3
[03:17:41 +2m 43s | Luis_USA22] Repaired malformed JSON.
[03:17:41 +2m 43s | Luis_USA22] Extracting: Luis_USA22.pdf, page 14/34, chunk 3/3
[03:17:47 +2m 49s | Luis_USA22] Repaired malformed JSON.
[03:17:47 +2m 49s | Luis_USA22] Extracting: Luis_USA22.pdf, page 15/34, chunk 1/3
[03:17:49 +2m 51s | Luis_USA22] Extracting: Luis_USA22.pdf, page 15/34, chunk 2/3
[03:17:55 +2m 57s | Luis_USA22] Repaired malformed JSON.
[03:17:55 +2m 57s | Luis_USA22] Extracting: Luis_USA22.pdf, page 15/34, chunk 3/3
[03:18:00 +3m 2s | Luis_USA22] Repaired malformed JSON.
[03:18:00 +3m 2s | Luis_USA22] Extracting: Luis_USA22.pdf, page 16/34, chunk 1/3
[03:18:02 +3m 4s | Luis_USA22] Extracting: Luis_USA22.pdf, page 16/34, chunk 2/3
[03:18:12 +3m 11s | Luis_USA22] Repaired malformed JSON.
[03:18:12 +3m 11s | Luis_USA22] Extracting: Luis_USA22.pdf, page 16/34, chunk 3/3
[03:18:17 +3m 16s | Luis_USA22] Repaired malformed JSON.
[03:18:17 +3m 16s | Luis_USA22] Extracting: Luis_USA22.pdf, page 17/34, chunk 1/3
[03:18:19 +3m 18s | Luis_USA22] Extracting: Luis_USA22.pdf, page 17/34, chunk 2/3
[03:18:24 +3m 24s | Luis_USA22] Repaired malformed JSON.
[03:18:24 +3m 24s | Luis_USA22] Extracting: Luis_USA22.pdf, page 17/34, chunk 3/3
[03:18:33 +3m 32s | Luis_USA22] Repaired malformed JSON.
[03:18:33 +3m 32s | Luis_USA22] Extracting: Luis_USA22.pdf, page 18/34, chunk 1/3
[03:18:43 +3m 39s | Luis_USA22] Repaired malformed JSON.
[03:18:43 +3m 39s | Luis_USA22] Extracting: Luis_USA22.pdf, page 18/34, chunk 2/3
[03:18:48 +3m 44s | Luis_USA22] Repaired malformed JSON.
[03:18:48 +3m 44s | Luis_USA22] Extracting: Luis_USA22.pdf, page 18/34, chunk 3/3
[03:18:54 +3m 50s | Luis_USA22] Repaired malformed JSON.
[03:18:54 +3m 50s | Luis_USA22] Extracting: Luis_USA22.pdf, page 19/34, chunk 1/3
[03:18:56 +3m 52s | Luis_USA22] Extracting: Luis_USA22.pdf, page 19/34, chunk 2/3
[03:19:01 +3m 57s | Luis_USA22] Repaired malformed JSON.
[03:19:01 +3m 57s | Luis_USA22] Extracting: Luis_USA22.pdf, page 19/34, chunk 3/3
[03:19:07 +4m 3s | Luis_USA22] Repaired malformed JSON.
[03:19:07 +4m 3s | Luis_USA22] Extracting: Luis_USA22.pdf, page 20/34, chunk 1/3
[03:19:08 +4m 4s | Luis_USA22] Extracting: Luis_USA22.pdf, page 20/34, chunk 2/3
[03:19:17 +4m 11s | Luis_USA22] Repaired malformed JSON.
[03:19:17 +4m 11s | Luis_USA22] Extracting: Luis_USA22.pdf, page 20/34, chunk 3/3
[03:19:25 +4m 19s | Luis_USA22] Repaired malformed JSON.
[03:19:25 +4m 19s | Luis_USA22] Extracting: Luis_USA22.pdf, page 21/34, chunk 1/3
[03:19:27 +4m 20s | Luis_USA22] Extracting: Luis_USA22.pdf, page 21/34, chunk 2/3
[03:19:33 +4m 26s | Luis_USA22] Repaired malformed JSON.
[03:19:33 +4m 26s | Luis_USA22] Extracting: Luis_USA22.pdf, page 21/34, chunk 3/3
[03:19:41 +4m 34s | Luis_USA22] Repaired malformed JSON.
[03:19:41 +4m 34s | Luis_USA22] Extracting: Luis_USA22.pdf, page 22/34, chunk 1/2
[03:19:52 +4m 43s | Luis_USA22] Repaired malformed JSON.
[03:19:52 +4m 43s | Luis_USA22] Extracting: Luis_USA22.pdf, page 22/34, chunk 2/2
[03:20:00 +4m 50s | Luis_USA22] Repaired malformed JSON.
[03:20:00 +4m 50s | Luis_USA22] Extracting: Luis_USA22.pdf, page 23/34, chunk 1/3
[03:20:01 +4m 52s | Luis_USA22] Extracting: Luis_USA22.pdf, page 23/34, chunk 2/3
[03:20:07 +4m 57s | Luis_USA22] Repaired malformed JSON.
[03:20:07 +4m 57s | Luis_USA22] Extracting: Luis_USA22.pdf, page 23/34, chunk 3/3
[03:20:15 +5m 5s | Luis_USA22] Repaired malformed JSON.
[03:20:15 +5m 5s | Luis_USA22] Extracting: Luis_USA22.pdf, page 24/34, chunk 1/2
[03:20:16 +5m 7s | Luis_USA22] Extracting: Luis_USA22.pdf, page 24/34, chunk 2/2
[03:20:20 +5m 11s | Luis_USA22] Extracting: Luis_USA22.pdf, page 25/34, chunk 1/1
[03:20:29 +5m 17s | Luis_USA22] Repaired malformed JSON.
[03:20:29 +5m 17s | Luis_USA22] Extracting: Luis_USA22.pdf, page 26/34, chunk 1/3
[03:20:31 +5m 19s | Luis_USA22] Extracting: Luis_USA22.pdf, page 26/34, chunk 2/3
[03:20:37 +5m 25s | Luis_USA22] Repaired malformed JSON.
[03:20:37 +5m 25s | Luis_USA22] Extracting: Luis_USA22.pdf, page 26/34, chunk 3/3
[03:20:45 +5m 32s | Luis_USA22] Repaired malformed JSON.
[03:20:45 +5m 32s | Luis_USA22] Extracting: Luis_USA22.pdf, page 27/34, chunk 1/3
[03:20:46 +5m 34s | Luis_USA22] Extracting: Luis_USA22.pdf, page 27/34, chunk 2/3
[03:20:52 +5m 39s | Luis_USA22] Repaired malformed JSON.
[03:20:52 +5m 39s | Luis_USA22] Extracting: Luis_USA22.pdf, page 27/34, chunk 3/3
[03:21:03 +5m 47s | Luis_USA22] Repaired malformed JSON.
[03:21:03 +5m 47s | Luis_USA22] Extracting: Luis_USA22.pdf, page 28/34, chunk 1/3
[03:21:04 +5m 49s | Luis_USA22] Extracting: Luis_USA22.pdf, page 28/34, chunk 2/3
[03:21:11 +5m 56s | Luis_USA22] Repaired malformed JSON.
[03:21:11 +5m 56s | Luis_USA22] Extracting: Luis_USA22.pdf, page 28/34, chunk 3/3
[03:21:18 +6m 3s | Luis_USA22] Repaired malformed JSON.
[03:21:18 +6m 3s | Luis_USA22] Extracting: Luis_USA22.pdf, page 29/34, chunk 1/3
[03:21:20 +6m 4s | Luis_USA22] Extracting: Luis_USA22.pdf, page 29/34, chunk 2/3
[03:21:26 +6m 10s | Luis_USA22] Repaired malformed JSON.
[03:21:26 +6m 10s | Luis_USA22] Extracting: Luis_USA22.pdf, page 29/34, chunk 3/3
[03:21:31 +6m 16s | Luis_USA22] Repaired malformed JSON.
[03:21:31 +6m 16s | Luis_USA22] Extracting: Luis_USA22.pdf, page 30/34, chunk 1/3
[03:21:33 +6m 17s | Luis_USA22] Extracting: Luis_USA22.pdf, page 30/34, chunk 2/3
[03:21:41 +6m 23s | Luis_USA22] Repaired malformed JSON.
[03:21:41 +6m 23s | Luis_USA22] Extracting: Luis_USA22.pdf, page 30/34, chunk 3/3
[03:21:46 +6m 28s | Luis_USA22] Repaired malformed JSON.
[03:21:46 +6m 28s | Luis_USA22] Extracting: Luis_USA22.pdf, page 31/34, chunk 1/1
[03:21:52 +6m 34s | Luis_USA22] Repaired malformed JSON.
[03:21:52 +6m 34s | Luis_USA22] Extracting: Luis_USA22.pdf, page 32/34, chunk 1/1
[03:21:57 +6m 39s | Luis_USA22] Repaired malformed JSON.
[03:21:57 +6m 39s | Luis_USA22] Extracting: Luis_USA22.pdf, page 33/34, chunk 1/2
[03:21:59 +6m 40s | Luis_USA22] Extracting: Luis_USA22.pdf, page 33/34, chunk 2/2
[03:22:06 +6m 48s | Luis_USA22] Repaired malformed JSON.
[03:22:06 +6m 48s | Luis_USA22] Extracting: Luis_USA22.pdf, page 34/34, chunk 1/3
[03:22:07 +6m 49s | Luis_USA22] Extracting: Luis_USA22.pdf, page 34/34, chunk 2/3
[03:22:19 +6m 58s | Luis_USA22] Repaired malformed JSON.
[03:22:19 +6m 58s | Luis_USA22] Extracting: Luis_USA22.pdf, page 34/34, chunk 3/3
[03:22:24 +7m 3s | Luis_USA22] Repaired malformed JSON.
[03:22:24 +7m 3s | Luis_USA22] Saved 1_actor_results.json with 119 clean actors

[03:22:24 +7m 3s | Luis_USA22] === 2 clean actors ===
[03:22:25 +7m 3s | Luis_USA22] Loaded 119 extracted records
[03:22:25 +7m 3s | Luis_USA22] Saved 2_actor_nodes.json with 23 canonical actor nodes

[03:22:25 +7m 3s | Luis_USA22] === 3 interaction extraction ===
[03:22:25 +7m 3s | Luis_USA22] Processing interactions for: Luis_USA22.pdf
[03:22:25 +7m 4s | Luis_USA22] Extracting interactions: Luis_USA22.pdf, page 1/34, chunk 1/1
[03:22:29 +7m 8s | Luis_USA22] Extracting interactions: Luis_USA22.pdf, page 2/34, chunk 2/2
[03:22:52 +7m 27s | Luis_USA22] Extracting interactions: Luis_USA22.pdf, page 3/34, chunk 1/1
[03:23:24 +7m 57s | Luis_USA22] Extracting interactions: Luis_USA22.pdf, page 5/34, chunk 1/1
[03:23:26 +7m 59s | Luis_USA22] Extracting interactions: Luis_USA22.pdf, page 6/34, chunk 2/3
[03:23:32 +8m 5s | Luis_USA22] Extracting interactions: Luis_USA22.pdf, page 6/34, chunk 3/3
[03:23:38 +8m 11s | Luis_USA22] Extracting interactions: Luis_USA22.pdf, page 7/34, chunk 3/3
[03:23:41 +8m 14s | Luis_USA22] Extracting interactions: Luis_USA22.pdf, page 8/34, chunk 2/3
[03:23:50 +8m 23s | Luis_USA22] Extracting interactions: Luis_USA22.pdf, page 8/34, chunk 3/3
[03:24:05 +8m 35s | Luis_USA22] Extracting interactions: Luis_USA22.pdf, page 9/34, chunk 2/3
[03:24:09 +8m 39s | Luis_USA22] Extracting interactions: Luis_USA22.pdf, page 9/34, chunk 3/3
[03:24:16 +8m 46s | Luis_USA22] Extracting interactions: Luis_USA22.pdf, page 10/34, chunk 3/3
[03:24:20 +8m 50s | Luis_USA22] Extracting interactions: Luis_USA22.pdf, page 12/34, chunk 2/3
[03:24:25 +8m 55s | Luis_USA22] Extracting interactions: Luis_USA22.pdf, page 12/34, chunk 3/3
[03:24:29 +8m 59s | Luis_USA22] Extracting interactions: Luis_USA22.pdf, page 13/34, chunk 2/4
[03:24:37 +9m 4s | Luis_USA22] Extracting interactions: Luis_USA22.pdf, page 13/34, chunk 3/4
[03:24:44 +9m 11s | Luis_USA22] Extracting interactions: Luis_USA22.pdf, page 13/34, chunk 4/4
[03:24:50 +9m 17s | Luis_USA22] Extracting interactions: Luis_USA22.pdf, page 15/34, chunk 2/3
[03:25:18 +9m 42s | Luis_USA22] Extracting interactions: Luis_USA22.pdf, page 15/34, chunk 3/3
[03:25:38 +10m 2s | Luis_USA22] Extracting interactions: Luis_USA22.pdf, page 17/34, chunk 2/3
[03:25:46 +10m 7s | Luis_USA22] Extracting interactions: Luis_USA22.pdf, page 17/34, chunk 3/3
[03:25:50 +10m 11s | Luis_USA22] Extracting interactions: Luis_USA22.pdf, page 18/34, chunk 2/4
[03:26:13 +10m 34s | Luis_USA22] Extracting interactions: Luis_USA22.pdf, page 18/34, chunk 3/4
[03:26:36 +10m 54s | Luis_USA22] Extracting interactions: Luis_USA22.pdf, page 19/34, chunk 2/3
[03:26:45 +11m 3s | Luis_USA22] Extracting interactions: Luis_USA22.pdf, page 19/34, chunk 3/3
[03:26:58 +11m 13s | Luis_USA22] Extracting interactions: Luis_USA22.pdf, page 20/34, chunk 2/3
[03:27:01 +11m 17s | Luis_USA22] Extracting interactions: Luis_USA22.pdf, page 20/34, chunk 3/3
[03:27:06 +11m 21s | Luis_USA22] Extracting interactions: Luis_USA22.pdf, page 22/34, chunk 1/2
[03:27:15 +11m 30s | Luis_USA22] Extracting interactions: Luis_USA22.pdf, page 22/34, chunk 2/2
[03:27:41 +11m 54s | Luis_USA22] Extracting interactions: Luis_USA22.pdf, page 23/34, chunk 2/3
[03:27:48 +12m 0s | Luis_USA22] Extracting interactions: Luis_USA22.pdf, page 23/34, chunk 3/3
[03:27:54 +12m 7s | Luis_USA22] Extracting interactions: Luis_USA22.pdf, page 26/34, chunk 2/3
[03:28:05 +12m 16s | Luis_USA22] Extracting interactions: Luis_USA22.pdf, page 26/34, chunk 3/3
[03:28:11 +12m 21s | Luis_USA22] Extracting interactions: Luis_USA22.pdf, page 27/34, chunk 2/3
[03:28:14 +12m 24s | Luis_USA22] Extracting interactions: Luis_USA22.pdf, page 27/34, chunk 3/3
[03:28:18 +12m 28s | Luis_USA22] Extracting interactions: Luis_USA22.pdf, page 28/34, chunk 2/3
[03:28:22 +12m 33s | Luis_USA22] Extracting interactions: Luis_USA22.pdf, page 28/34, chunk 3/3
[03:28:27 +12m 37s | Luis_USA22] Extracting interactions: Luis_USA22.pdf, page 29/34, chunk 2/3
[03:29:03 +13m 10s | Luis_USA22] Extracting interactions: Luis_USA22.pdf, page 29/34, chunk 3/3
[03:29:23 +13m 27s | Luis_USA22] Extracting interactions: Luis_USA22.pdf, page 30/34, chunk 2/3
[03:29:46 +13m 50s | Luis_USA22] Extracting interactions: Luis_USA22.pdf, page 30/34, chunk 3/3
[03:30:00 +14m 1s | Luis_USA22] Extracting interactions: Luis_USA22.pdf, page 32/34, chunk 2/2
[03:30:03 +14m 4s | Luis_USA22] Extracting interactions: Luis_USA22.pdf, page 33/34, chunk 2/2
[03:30:06 +14m 8s | Luis_USA22] Extracting interactions: Luis_USA22.pdf, page 34/34, chunk 2/3
[03:30:11 +14m 12s | Luis_USA22] Extracting interactions: Luis_USA22.pdf, page 34/34, chunk 3/3
[03:30:18 +14m 19s | Luis_USA22] Saved 3_interaction_results.json with 88 extracted interactions.

[03:30:18 +14m 19s | Luis_USA22] === 4 clean interactions ===
[03:30:18 +14m 19s | Luis_USA22] Saved 4_edges.json with 7 cleaned interactions.

[03:30:18 +14m 19s | Luis_USA22] === 5 helix enrichment ===
[03:30:18 +14m 19s | Luis_USA22] Wrote 5_nodes.json (23 actors)
[03:30:18 +14m 19s | Luis_USA22] Wrote 5_edges.json (7 interactions)
[03:30:18 +14m 19s | Luis_USA22] Actor helix counts: {'Academia': 6, 'Civil Society': 1, 'Government': 11, 'Intermediary': 1, 'Unknown': 4}
[03:30:18 +14m 19s | Luis_USA22] Functional-space counts: {'Intra-helix / Not classified': 5, 'Unknown': 2}

[03:30:18 +14m 19s | Luis_USA22] === 6 network visualisation ===
[03:30:18 +14m 19s | Luis_USA22] Wrote quantum_network.html
[03:30:18 +14m 19s | Luis_USA22] Nodes: 23
[03:30:18 +14m 19s | Luis_USA22] Edges: 7

[03:30:18 +14m 19s | Luis_USA22] Done. Outputs written to: /home/lv/IDP/idpdeeptech/pipeline/pdf_outputs/Luis_USA22
[03:30:18 +14m 19s | Luis_USA22] Log: /home/lv/IDP/idpdeeptech/pipeline/pdf_outputs/Luis_USA22/run.log

========================================================================
RUN FINISHED 2026-06-16 03:30:18  (OK)
Started:     2026-06-16 03:14:43
Elapsed:     14m 19s
========================================================================
