
========================================================================
RUN STARTED  2026-06-16 02:22:20
pdf_pipeline.py Luis_Germany23.pdf
========================================================================

[02:22:20 +0s | Luis_Germany23] === 1 actor extraction ===
[02:22:20 +0s | Luis_Germany23] Reading PDF: Luis_Germany23.pdf
[02:22:21 +0s | Luis_Germany23] Extracting: Luis_Germany23.pdf, page 1/56, chunk 1/1
[02:22:22 +2s | Luis_Germany23] Extracting: Luis_Germany23.pdf, page 2/56, chunk 1/1
[02:22:26 +5s | Luis_Germany23] Extracting: Luis_Germany23.pdf, page 3/56, chunk 1/1
[02:22:33 +13s | Luis_Germany23] Extracting: Luis_Germany23.pdf, page 4/56, chunk 1/1
[02:22:37 +17s | Luis_Germany23] Extracting: Luis_Germany23.pdf, page 5/56, chunk 1/1
[02:22:45 +23s | Luis_Germany23] Repaired malformed JSON.
[02:22:45 +23s | Luis_Germany23] Extracting: Luis_Germany23.pdf, page 6/56, chunk 1/1
[02:22:51 +28s | Luis_Germany23] Repaired malformed JSON.
[02:22:51 +28s | Luis_Germany23] Extracting: Luis_Germany23.pdf, page 7/56, chunk 1/1
[02:22:56 +33s | Luis_Germany23] Repaired malformed JSON.
[02:22:56 +33s | Luis_Germany23] Extracting: Luis_Germany23.pdf, page 8/56, chunk 1/2
[02:23:06 +43s | Luis_Germany23] Repaired malformed JSON.
[02:23:06 +43s | Luis_Germany23] Extracting: Luis_Germany23.pdf, page 8/56, chunk 2/2
[02:23:15 +50s | Luis_Germany23] Repaired malformed JSON.
[02:23:15 +50s | Luis_Germany23] Extracting: Luis_Germany23.pdf, page 9/56, chunk 1/1
[02:23:22 +56s | Luis_Germany23] Repaired malformed JSON.
[02:23:22 +56s | Luis_Germany23] Extracting: Luis_Germany23.pdf, page 10/56, chunk 1/1
[02:23:29 +1m 3s | Luis_Germany23] Extracting: Luis_Germany23.pdf, page 11/56, chunk 1/1
[02:23:35 +1m 9s | Luis_Germany23] Repaired malformed JSON.
[02:23:35 +1m 9s | Luis_Germany23] Extracting: Luis_Germany23.pdf, page 12/56, chunk 1/1
[02:23:40 +1m 15s | Luis_Germany23] Repaired malformed JSON.
[02:23:40 +1m 15s | Luis_Germany23] Extracting: Luis_Germany23.pdf, page 13/56, chunk 1/1
[02:23:47 +1m 22s | Luis_Germany23] Repaired malformed JSON.
[02:23:47 +1m 22s | Luis_Germany23] Extracting: Luis_Germany23.pdf, page 14/56, chunk 1/2
[02:23:49 +1m 24s | Luis_Germany23] Extracting: Luis_Germany23.pdf, page 14/56, chunk 2/2
[02:23:56 +1m 31s | Luis_Germany23] Repaired malformed JSON.
[02:23:56 +1m 31s | Luis_Germany23] Extracting: Luis_Germany23.pdf, page 15/56, chunk 1/1
[02:24:07 +1m 38s | Luis_Germany23] Repaired malformed JSON.
[02:24:07 +1m 38s | Luis_Germany23] Extracting: Luis_Germany23.pdf, page 16/56, chunk 1/1
[02:24:10 +1m 41s | Luis_Germany23] Extracting: Luis_Germany23.pdf, page 17/56, chunk 1/1
[02:24:17 +1m 48s | Luis_Germany23] Repaired malformed JSON.
[02:24:17 +1m 48s | Luis_Germany23] Extracting: Luis_Germany23.pdf, page 18/56, chunk 1/1
[02:24:23 +1m 54s | Luis_Germany23] Repaired malformed JSON.
[02:24:23 +1m 54s | Luis_Germany23] Extracting: Luis_Germany23.pdf, page 19/56, chunk 1/1
[02:24:29 +2m 0s | Luis_Germany23] Repaired malformed JSON.
[02:24:29 +2m 0s | Luis_Germany23] Extracting: Luis_Germany23.pdf, page 20/56, chunk 1/1
[02:24:36 +2m 7s | Luis_Germany23] Repaired malformed JSON.
[02:24:36 +2m 7s | Luis_Germany23] Extracting: Luis_Germany23.pdf, page 21/56, chunk 1/1
[02:24:46 +2m 15s | Luis_Germany23] Repaired malformed JSON.
[02:24:46 +2m 15s | Luis_Germany23] Extracting: Luis_Germany23.pdf, page 22/56, chunk 1/1
[02:24:50 +2m 18s | Luis_Germany23] Extracting: Luis_Germany23.pdf, page 23/56, chunk 1/1
[02:24:57 +2m 25s | Luis_Germany23] Repaired malformed JSON.
[02:24:57 +2m 25s | Luis_Germany23] Extracting: Luis_Germany23.pdf, page 24/56, chunk 1/1
[02:25:04 +2m 32s | Luis_Germany23] Repaired malformed JSON.
[02:25:04 +2m 32s | Luis_Germany23] Extracting: Luis_Germany23.pdf, page 25/56, chunk 1/1
[02:25:11 +2m 39s | Luis_Germany23] Repaired malformed JSON.
[02:25:11 +2m 39s | Luis_Germany23] Extracting: Luis_Germany23.pdf, page 26/56, chunk 1/1
[02:25:20 +2m 46s | Luis_Germany23] Repaired malformed JSON.
[02:25:20 +2m 46s | Luis_Germany23] Extracting: Luis_Germany23.pdf, page 27/56, chunk 1/1
[02:25:26 +2m 51s | Luis_Germany23] Repaired malformed JSON.
[02:25:26 +2m 51s | Luis_Germany23] Extracting: Luis_Germany23.pdf, page 28/56, chunk 1/1
[02:25:32 +2m 58s | Luis_Germany23] Repaired malformed JSON.
[02:25:32 +2m 58s | Luis_Germany23] Extracting: Luis_Germany23.pdf, page 29/56, chunk 1/1
[02:25:38 +3m 4s | Luis_Germany23] Repaired malformed JSON.
[02:25:38 +3m 4s | Luis_Germany23] Extracting: Luis_Germany23.pdf, page 30/56, chunk 1/1
[02:25:44 +3m 10s | Luis_Germany23] Repaired malformed JSON.
[02:25:44 +3m 10s | Luis_Germany23] Extracting: Luis_Germany23.pdf, page 31/56, chunk 1/1
[02:25:53 +3m 15s | Luis_Germany23] Repaired malformed JSON.
[02:25:53 +3m 15s | Luis_Germany23] Extracting: Luis_Germany23.pdf, page 32/56, chunk 1/1
[02:25:58 +3m 21s | Luis_Germany23] Repaired malformed JSON.
[02:25:58 +3m 21s | Luis_Germany23] Extracting: Luis_Germany23.pdf, page 33/56, chunk 1/1
[02:26:04 +3m 27s | Luis_Germany23] Repaired malformed JSON.
[02:26:04 +3m 27s | Luis_Germany23] Extracting: Luis_Germany23.pdf, page 34/56, chunk 1/1
[02:26:10 +3m 33s | Luis_Germany23] Repaired malformed JSON.
[02:26:10 +3m 33s | Luis_Germany23] Extracting: Luis_Germany23.pdf, page 35/56, chunk 1/1
[02:26:15 +3m 37s | Luis_Germany23] Extracting: Luis_Germany23.pdf, page 36/56, chunk 1/1
[02:26:21 +3m 43s | Luis_Germany23] Repaired malformed JSON.
[02:26:21 +3m 43s | Luis_Germany23] Extracting: Luis_Germany23.pdf, page 37/56, chunk 1/2
[02:26:30 +3m 50s | Luis_Germany23] Repaired malformed JSON.
[02:26:30 +3m 50s | Luis_Germany23] Extracting: Luis_Germany23.pdf, page 37/56, chunk 2/2
[02:26:40 +3m 59s | Luis_Germany23] Repaired malformed JSON.
[02:26:40 +3m 59s | Luis_Germany23] Extracting: Luis_Germany23.pdf, page 38/56, chunk 1/1
[02:26:46 +4m 6s | Luis_Germany23] Repaired malformed JSON.
[02:26:46 +4m 6s | Luis_Germany23] Extracting: Luis_Germany23.pdf, page 39/56, chunk 1/1
[02:26:52 +4m 11s | Luis_Germany23] Repaired malformed JSON.
[02:26:52 +4m 11s | Luis_Germany23] Extracting: Luis_Germany23.pdf, page 40/56, chunk 1/1
[02:27:03 +4m 19s | Luis_Germany23] Repaired malformed JSON.
[02:27:03 +4m 19s | Luis_Germany23] Extracting: Luis_Germany23.pdf, page 41/56, chunk 1/1
[02:27:08 +4m 25s | Luis_Germany23] Repaired malformed JSON.
[02:27:08 +4m 25s | Luis_Germany23] Extracting: Luis_Germany23.pdf, page 42/56, chunk 1/1
[02:27:16 +4m 33s | Luis_Germany23] Repaired malformed JSON.
[02:27:16 +4m 33s | Luis_Germany23] Extracting: Luis_Germany23.pdf, page 43/56, chunk 1/1
[02:27:23 +4m 40s | Luis_Germany23] Repaired malformed JSON.
[02:27:23 +4m 40s | Luis_Germany23] Extracting: Luis_Germany23.pdf, page 44/56, chunk 1/2
[02:27:30 +4m 46s | Luis_Germany23] Repaired malformed JSON.
[02:27:30 +4m 46s | Luis_Germany23] Extracting: Luis_Germany23.pdf, page 44/56, chunk 2/2
[02:27:40 +4m 54s | Luis_Germany23] Repaired malformed JSON.
[02:27:40 +4m 54s | Luis_Germany23] Extracting: Luis_Germany23.pdf, page 45/56, chunk 1/1
[02:27:47 +5m 1s | Luis_Germany23] Repaired malformed JSON.
[02:27:47 +5m 1s | Luis_Germany23] Extracting: Luis_Germany23.pdf, page 46/56, chunk 1/1
[02:27:52 +5m 6s | Luis_Germany23] Repaired malformed JSON.
[02:27:52 +5m 6s | Luis_Germany23] Extracting: Luis_Germany23.pdf, page 47/56, chunk 1/1
[02:28:01 +5m 15s | Luis_Germany23] Repaired malformed JSON.
[02:28:01 +5m 15s | Luis_Germany23] Extracting: Luis_Germany23.pdf, page 48/56, chunk 1/1
[02:28:08 +5m 22s | Luis_Germany23] Repaired malformed JSON.
[02:28:08 +5m 22s | Luis_Germany23] Extracting: Luis_Germany23.pdf, page 49/56, chunk 1/1
[02:28:19 +5m 30s | Luis_Germany23] Repaired malformed JSON.
[02:28:19 +5m 30s | Luis_Germany23] Extracting: Luis_Germany23.pdf, page 50/56, chunk 1/1
[02:28:26 +5m 37s | Luis_Germany23] Repaired malformed JSON.
[02:28:26 +5m 37s | Luis_Germany23] Extracting: Luis_Germany23.pdf, page 51/56, chunk 1/1
[02:28:33 +5m 44s | Luis_Germany23] Repaired malformed JSON.
[02:28:33 +5m 44s | Luis_Germany23] Extracting: Luis_Germany23.pdf, page 52/56, chunk 1/1
[02:28:40 +5m 51s | Luis_Germany23] Repaired malformed JSON.
[02:28:40 +5m 51s | Luis_Germany23] Extracting: Luis_Germany23.pdf, page 53/56, chunk 1/1
[02:28:51 +6m 0s | Luis_Germany23] Repaired malformed JSON.
[02:28:51 +6m 0s | Luis_Germany23] Extracting: Luis_Germany23.pdf, page 54/56, chunk 1/1
[02:28:58 +6m 6s | Luis_Germany23] Repaired malformed JSON.
[02:28:58 +6m 6s | Luis_Germany23] Extracting: Luis_Germany23.pdf, page 55/56, chunk 1/1
[02:29:04 +6m 12s | Luis_Germany23] Repaired malformed JSON.
[02:29:04 +6m 12s | Luis_Germany23] Extracting: Luis_Germany23.pdf, page 56/56, chunk 1/1
[02:29:06 +6m 14s | Luis_Germany23] Saved 1_actor_results.json with 115 clean actors

[02:29:06 +6m 14s | Luis_Germany23] === 2 clean actors ===
[02:29:06 +6m 14s | Luis_Germany23] Loaded 115 extracted records
[02:29:06 +6m 14s | Luis_Germany23] Saved 2_actor_nodes.json with 35 canonical actor nodes

[02:29:06 +6m 14s | Luis_Germany23] === 3 interaction extraction ===
[02:29:06 +6m 14s | Luis_Germany23] Processing interactions for: Luis_Germany23.pdf
[02:29:06 +6m 15s | Luis_Germany23] Extracting interactions: Luis_Germany23.pdf, page 5/56, chunk 1/1
[02:29:30 +6m 35s | Luis_Germany23] Extracting interactions: Luis_Germany23.pdf, page 6/56, chunk 1/1
[02:29:49 +6m 54s | Luis_Germany23] Extracting interactions: Luis_Germany23.pdf, page 7/56, chunk 1/1
[02:30:26 +7m 28s | Luis_Germany23] Extracting interactions: Luis_Germany23.pdf, page 8/56, chunk 1/2
[02:30:47 +7m 46s | Luis_Germany23] Extracting interactions: Luis_Germany23.pdf, page 8/56, chunk 2/2
[02:31:17 +8m 14s | Luis_Germany23] Extracting interactions: Luis_Germany23.pdf, page 11/56, chunk 1/1
[02:31:22 +8m 18s | Luis_Germany23] Extracting interactions: Luis_Germany23.pdf, page 12/56, chunk 1/1
[02:31:27 +8m 23s | Luis_Germany23] Extracting interactions: Luis_Germany23.pdf, page 17/56, chunk 1/1
[02:31:37 +8m 33s | Luis_Germany23] Extracting interactions: Luis_Germany23.pdf, page 18/56, chunk 1/1
[02:31:49 +8m 42s | Luis_Germany23] Extracting interactions: Luis_Germany23.pdf, page 19/56, chunk 1/1
[02:31:57 +8m 50s | Luis_Germany23] Extracting interactions: Luis_Germany23.pdf, page 20/56, chunk 1/1
[02:32:21 +9m 12s | Luis_Germany23] Extracting interactions: Luis_Germany23.pdf, page 21/56, chunk 1/1
[02:32:43 +9m 34s | Luis_Germany23] Extracting interactions: Luis_Germany23.pdf, page 23/56, chunk 1/1
[02:32:48 +9m 39s | Luis_Germany23] Extracting interactions: Luis_Germany23.pdf, page 24/56, chunk 1/1
[02:33:00 +9m 49s | Luis_Germany23] Extracting interactions: Luis_Germany23.pdf, page 25/56, chunk 1/1
[02:33:24 +10m 13s | Luis_Germany23] Extracting interactions: Luis_Germany23.pdf, page 26/56, chunk 1/1
[02:34:03 +10m 45s | Luis_Germany23] Extracting interactions: Luis_Germany23.pdf, page 27/56, chunk 1/1
[02:34:09 +10m 52s | Luis_Germany23] Extracting interactions: Luis_Germany23.pdf, page 28/56, chunk 1/1
[02:34:19 +11m 2s | Luis_Germany23] Extracting interactions: Luis_Germany23.pdf, page 29/56, chunk 1/1
[02:34:27 +11m 10s | Luis_Germany23] Extracting interactions: Luis_Germany23.pdf, page 30/56, chunk 1/1
[02:34:37 +11m 18s | Luis_Germany23] Extracting interactions: Luis_Germany23.pdf, page 31/56, chunk 1/1
[02:34:57 +11m 37s | Luis_Germany23] Extracting interactions: Luis_Germany23.pdf, page 33/56, chunk 1/1
[02:35:02 +11m 43s | Luis_Germany23] Extracting interactions: Luis_Germany23.pdf, page 34/56, chunk 1/1
[02:35:37 +12m 15s | Luis_Germany23] Extracting interactions: Luis_Germany23.pdf, page 36/56, chunk 1/1
[02:35:51 +12m 26s | Luis_Germany23] Extracting interactions: Luis_Germany23.pdf, page 37/56, chunk 1/2
[02:35:56 +12m 31s | Luis_Germany23] Extracting interactions: Luis_Germany23.pdf, page 37/56, chunk 2/2
[02:36:10 +12m 45s | Luis_Germany23] Extracting interactions: Luis_Germany23.pdf, page 38/56, chunk 1/1
[02:36:15 +12m 50s | Luis_Germany23] Extracting interactions: Luis_Germany23.pdf, page 39/56, chunk 1/1
[02:36:53 +13m 25s | Luis_Germany23] Extracting interactions: Luis_Germany23.pdf, page 40/56, chunk 1/1
[02:37:02 +13m 32s | Luis_Germany23] Extracting interactions: Luis_Germany23.pdf, page 41/56, chunk 1/1
[02:37:11 +13m 40s | Luis_Germany23] Extracting interactions: Luis_Germany23.pdf, page 42/56, chunk 1/1
[02:37:16 +13m 46s | Luis_Germany23] Extracting interactions: Luis_Germany23.pdf, page 43/56, chunk 1/1
[02:37:48 +14m 14s | Luis_Germany23] Extracting interactions: Luis_Germany23.pdf, page 44/56, chunk 1/4
[02:37:55 +14m 21s | Luis_Germany23] Extracting interactions: Luis_Germany23.pdf, page 44/56, chunk 2/4
[02:38:02 +14m 28s | Luis_Germany23] Extracting interactions: Luis_Germany23.pdf, page 44/56, chunk 4/4
[02:38:10 +14m 34s | Luis_Germany23] Extracting interactions: Luis_Germany23.pdf, page 45/56, chunk 1/1
[02:38:19 +14m 42s | Luis_Germany23] Extracting interactions: Luis_Germany23.pdf, page 46/56, chunk 1/1
[02:38:23 +14m 47s | Luis_Germany23] Extracting interactions: Luis_Germany23.pdf, page 47/56, chunk 1/1
[02:38:33 +14m 57s | Luis_Germany23] Extracting interactions: Luis_Germany23.pdf, page 48/56, chunk 1/1
[02:38:38 +15m 2s | Luis_Germany23] Extracting interactions: Luis_Germany23.pdf, page 49/56, chunk 1/1
[02:38:57 +15m 17s | Luis_Germany23] Extracting interactions: Luis_Germany23.pdf, page 50/56, chunk 1/1
[02:39:13 +15m 34s | Luis_Germany23] Extracting interactions: Luis_Germany23.pdf, page 51/56, chunk 1/1
[02:39:22 +15m 40s | Luis_Germany23] Extracting interactions: Luis_Germany23.pdf, page 52/56, chunk 1/1
[02:39:37 +15m 55s | Luis_Germany23] Extracting interactions: Luis_Germany23.pdf, page 53/56, chunk 1/1
[02:39:53 +16m 8s | Luis_Germany23] Extracting interactions: Luis_Germany23.pdf, page 55/56, chunk 1/1
[02:40:00 +16m 15s | Luis_Germany23] Saved 3_interaction_results.json with 111 extracted interactions.

[02:40:01 +16m 15s | Luis_Germany23] === 4 clean interactions ===
[02:40:01 +16m 15s | Luis_Germany23] Saved 4_edges.json with 18 cleaned interactions.

[02:40:01 +16m 15s | Luis_Germany23] === 5 helix enrichment ===
[02:40:01 +16m 16s | Luis_Germany23] Wrote 5_nodes.json (35 actors)
[02:40:01 +16m 16s | Luis_Germany23] Wrote 5_edges.json (18 interactions)
[02:40:01 +16m 16s | Luis_Germany23] Actor helix counts: {'Academia': 10, 'Government': 12, 'Industry': 6, 'Intermediary': 2, 'Unknown': 5}
[02:40:01 +16m 16s | Luis_Germany23] Functional-space counts: {'Consensus': 7, 'Innovation': 5, 'Intra-helix / Not classified': 3, 'Knowledge': 2, 'Unknown': 1}

[02:40:01 +16m 16s | Luis_Germany23] === 6 network visualisation ===
[02:40:01 +16m 16s | Luis_Germany23] Wrote quantum_network.html
[02:40:01 +16m 16s | Luis_Germany23] Nodes: 35
[02:40:01 +16m 16s | Luis_Germany23] Edges: 13

[02:40:01 +16m 16s | Luis_Germany23] Done. Outputs written to: /home/lv/IDP/idpdeeptech/pipeline/pdf_outputs/Luis_Germany23
[02:40:01 +16m 16s | Luis_Germany23] Log: /home/lv/IDP/idpdeeptech/pipeline/pdf_outputs/Luis_Germany23/run.log

========================================================================
RUN FINISHED 2026-06-16 02:40:01  (OK)
Started:     2026-06-16 02:22:20
Elapsed:     16m 16s
========================================================================
