
========================================================================
RUN STARTED  2026-07-01 18:10:01
site_pipeline.py https://thequantuminsider.com/2020/02/22/the-quantum-weekly-stronger-together-classical-and-quantum-measurements-united/
========================================================================

[18:10:01 +0s | thequantuminsider_2020_02_22_the_quantum_weekly_stronger_together_classical_and_quantum_m_9b3419d1] === 0 crawl site ===
[18:10:03 +1s | thequantuminsider_2020_02_22_the_quantum_weekly_stronger_together_classical_and_quantum_m_9b3419d1] [INIT].... → Crawl4AI 0.8.6 
[18:10:07 +5s | thequantuminsider_2020_02_22_the_quantum_weekly_stronger_together_classical_and_quantum_m_9b3419d1] [FETCH]... ↓ https://thequantuminsider.com/2020/02/22/the-qua...ether-classical-and-quantum-measurements-united/  | ✓ | ⏱: 3.91s 
[18:10:07 +5s | thequantuminsider_2020_02_22_the_quantum_weekly_stronger_together_classical_and_quantum_m_9b3419d1] [SCRAPE].. ◆ https://thequantuminsider.com/2020/02/22/the-qua...ether-classical-and-quantum-measurements-united/  | ✓ | ⏱: 0.08s 
[18:10:07 +5s | thequantuminsider_2020_02_22_the_quantum_weekly_stronger_together_classical_and_quantum_m_9b3419d1] [COMPLETE] ● https://thequantuminsider.com/2020/02/22/the-qua...ether-classical-and-quantum-measurements-united/  | ✓ | ⏱: 4.01s 
[18:10:07 +5s | thequantuminsider_2020_02_22_the_quantum_weekly_stronger_together_classical_and_quantum_m_9b3419d1] Saved: crawl_output/9fc366bf2a_thequantuminsider.com_2020_02_22_the-quantum-weekly-stronger-together-classical-and-quantum-measurements-united.json

[18:10:07 +5s | thequantuminsider_2020_02_22_the_quantum_weekly_stronger_together_classical_and_quantum_m_9b3419d1] === 1 actor extraction ===
[18:10:07 +6s | thequantuminsider_2020_02_22_the_quantum_weekly_stronger_together_classical_and_quantum_m_9b3419d1] Reading page (1/1): https://thequantuminsider.com/2020/02/22/the-quantum-weekly-stronger-together-classical-and-quantum-measurements-united
[18:10:07 +6s | thequantuminsider_2020_02_22_the_quantum_weekly_stronger_together_classical_and_quantum_m_9b3419d1] Extracting actors: https://thequantuminsider.com/2020/02/22/the-quantum-weekly-stronger-together-classical-and-quantum-measurements-united (1/1), chunk 1/35
[18:10:14 +10s | thequantuminsider_2020_02_22_the_quantum_weekly_stronger_together_classical_and_quantum_m_9b3419d1] Extracting actors: https://thequantuminsider.com/2020/02/22/the-quantum-weekly-stronger-together-classical-and-quantum-measurements-united (1/1), chunk 2/35
[18:10:20 +15s | thequantuminsider_2020_02_22_the_quantum_weekly_stronger_together_classical_and_quantum_m_9b3419d1] Extracting actors: https://thequantuminsider.com/2020/02/22/the-quantum-weekly-stronger-together-classical-and-quantum-measurements-united (1/1), chunk 3/35
[18:10:24 +19s | thequantuminsider_2020_02_22_the_quantum_weekly_stronger_together_classical_and_quantum_m_9b3419d1] Extracting actors: https://thequantuminsider.com/2020/02/22/the-quantum-weekly-stronger-together-classical-and-quantum-measurements-united (1/1), chunk 4/35
[18:10:30 +25s | thequantuminsider_2020_02_22_the_quantum_weekly_stronger_together_classical_and_quantum_m_9b3419d1] Extracting actors: https://thequantuminsider.com/2020/02/22/the-quantum-weekly-stronger-together-classical-and-quantum-measurements-united (1/1), chunk 5/35
[18:10:35 +30s | thequantuminsider_2020_02_22_the_quantum_weekly_stronger_together_classical_and_quantum_m_9b3419d1] Extracting actors: https://thequantuminsider.com/2020/02/22/the-quantum-weekly-stronger-together-classical-and-quantum-measurements-united (1/1), chunk 6/35
[18:10:40 +35s | thequantuminsider_2020_02_22_the_quantum_weekly_stronger_together_classical_and_quantum_m_9b3419d1] Extracting actors: https://thequantuminsider.com/2020/02/22/the-quantum-weekly-stronger-together-classical-and-quantum-measurements-united (1/1), chunk 7/35
[18:10:44 +40s | thequantuminsider_2020_02_22_the_quantum_weekly_stronger_together_classical_and_quantum_m_9b3419d1] Extracting actors: https://thequantuminsider.com/2020/02/22/the-quantum-weekly-stronger-together-classical-and-quantum-measurements-united (1/1), chunk 8/35
[18:10:54 +47s | thequantuminsider_2020_02_22_the_quantum_weekly_stronger_together_classical_and_quantum_m_9b3419d1] Extracting actors: https://thequantuminsider.com/2020/02/22/the-quantum-weekly-stronger-together-classical-and-quantum-measurements-united (1/1), chunk 9/35
[18:11:00 +53s | thequantuminsider_2020_02_22_the_quantum_weekly_stronger_together_classical_and_quantum_m_9b3419d1] Extracting actors: https://thequantuminsider.com/2020/02/22/the-quantum-weekly-stronger-together-classical-and-quantum-measurements-united (1/1), chunk 10/35
[18:11:05 +58s | thequantuminsider_2020_02_22_the_quantum_weekly_stronger_together_classical_and_quantum_m_9b3419d1] Extracting actors: https://thequantuminsider.com/2020/02/22/the-quantum-weekly-stronger-together-classical-and-quantum-measurements-united (1/1), chunk 11/35
[18:11:09 +1m 1s | thequantuminsider_2020_02_22_the_quantum_weekly_stronger_together_classical_and_quantum_m_9b3419d1] Extracting actors: https://thequantuminsider.com/2020/02/22/the-quantum-weekly-stronger-together-classical-and-quantum-measurements-united (1/1), chunk 12/35
[18:11:15 +1m 7s | thequantuminsider_2020_02_22_the_quantum_weekly_stronger_together_classical_and_quantum_m_9b3419d1] Repaired malformed JSON.
[18:11:15 +1m 7s | thequantuminsider_2020_02_22_the_quantum_weekly_stronger_together_classical_and_quantum_m_9b3419d1] Extracting actors: https://thequantuminsider.com/2020/02/22/the-quantum-weekly-stronger-together-classical-and-quantum-measurements-united (1/1), chunk 13/35
[18:11:23 +1m 13s | thequantuminsider_2020_02_22_the_quantum_weekly_stronger_together_classical_and_quantum_m_9b3419d1] Repaired malformed JSON.
[18:11:23 +1m 13s | thequantuminsider_2020_02_22_the_quantum_weekly_stronger_together_classical_and_quantum_m_9b3419d1] Extracting actors: https://thequantuminsider.com/2020/02/22/the-quantum-weekly-stronger-together-classical-and-quantum-measurements-united (1/1), chunk 14/35
[18:11:32 +1m 22s | thequantuminsider_2020_02_22_the_quantum_weekly_stronger_together_classical_and_quantum_m_9b3419d1] Repaired malformed JSON.
[18:11:32 +1m 22s | thequantuminsider_2020_02_22_the_quantum_weekly_stronger_together_classical_and_quantum_m_9b3419d1] Extracting actors: https://thequantuminsider.com/2020/02/22/the-quantum-weekly-stronger-together-classical-and-quantum-measurements-united (1/1), chunk 15/35
[18:11:38 +1m 27s | thequantuminsider_2020_02_22_the_quantum_weekly_stronger_together_classical_and_quantum_m_9b3419d1] Repaired malformed JSON.
[18:11:38 +1m 27s | thequantuminsider_2020_02_22_the_quantum_weekly_stronger_together_classical_and_quantum_m_9b3419d1] Extracting actors: https://thequantuminsider.com/2020/02/22/the-quantum-weekly-stronger-together-classical-and-quantum-measurements-united (1/1), chunk 16/35
[18:11:44 +1m 34s | thequantuminsider_2020_02_22_the_quantum_weekly_stronger_together_classical_and_quantum_m_9b3419d1] Repaired malformed JSON.
[18:11:44 +1m 34s | thequantuminsider_2020_02_22_the_quantum_weekly_stronger_together_classical_and_quantum_m_9b3419d1] Extracting actors: https://thequantuminsider.com/2020/02/22/the-quantum-weekly-stronger-together-classical-and-quantum-measurements-united (1/1), chunk 17/35
[18:11:51 +1m 41s | thequantuminsider_2020_02_22_the_quantum_weekly_stronger_together_classical_and_quantum_m_9b3419d1] Repaired malformed JSON.
[18:11:51 +1m 41s | thequantuminsider_2020_02_22_the_quantum_weekly_stronger_together_classical_and_quantum_m_9b3419d1] Extracting actors: https://thequantuminsider.com/2020/02/22/the-quantum-weekly-stronger-together-classical-and-quantum-measurements-united (1/1), chunk 18/35
[18:11:59 +1m 46s | thequantuminsider_2020_02_22_the_quantum_weekly_stronger_together_classical_and_quantum_m_9b3419d1] Repaired malformed JSON.
[18:11:59 +1m 46s | thequantuminsider_2020_02_22_the_quantum_weekly_stronger_together_classical_and_quantum_m_9b3419d1] Extracting actors: https://thequantuminsider.com/2020/02/22/the-quantum-weekly-stronger-together-classical-and-quantum-measurements-united (1/1), chunk 19/35
[18:12:05 +1m 52s | thequantuminsider_2020_02_22_the_quantum_weekly_stronger_together_classical_and_quantum_m_9b3419d1] Repaired malformed JSON.
[18:12:05 +1m 52s | thequantuminsider_2020_02_22_the_quantum_weekly_stronger_together_classical_and_quantum_m_9b3419d1] Extracting actors: https://thequantuminsider.com/2020/02/22/the-quantum-weekly-stronger-together-classical-and-quantum-measurements-united (1/1), chunk 20/35
[18:12:14 +2m 1s | thequantuminsider_2020_02_22_the_quantum_weekly_stronger_together_classical_and_quantum_m_9b3419d1] Repaired malformed JSON.
[18:12:14 +2m 1s | thequantuminsider_2020_02_22_the_quantum_weekly_stronger_together_classical_and_quantum_m_9b3419d1] Extracting actors: https://thequantuminsider.com/2020/02/22/the-quantum-weekly-stronger-together-classical-and-quantum-measurements-united (1/1), chunk 21/35
[18:12:20 +2m 7s | thequantuminsider_2020_02_22_the_quantum_weekly_stronger_together_classical_and_quantum_m_9b3419d1] Repaired malformed JSON.
[18:12:20 +2m 7s | thequantuminsider_2020_02_22_the_quantum_weekly_stronger_together_classical_and_quantum_m_9b3419d1] Extracting actors: https://thequantuminsider.com/2020/02/22/the-quantum-weekly-stronger-together-classical-and-quantum-measurements-united (1/1), chunk 22/35
[18:12:25 +2m 12s | thequantuminsider_2020_02_22_the_quantum_weekly_stronger_together_classical_and_quantum_m_9b3419d1] Repaired malformed JSON.
[18:12:25 +2m 12s | thequantuminsider_2020_02_22_the_quantum_weekly_stronger_together_classical_and_quantum_m_9b3419d1] Extracting actors: https://thequantuminsider.com/2020/02/22/the-quantum-weekly-stronger-together-classical-and-quantum-measurements-united (1/1), chunk 23/35
[18:12:30 +2m 17s | thequantuminsider_2020_02_22_the_quantum_weekly_stronger_together_classical_and_quantum_m_9b3419d1] Repaired malformed JSON.
[18:12:30 +2m 17s | thequantuminsider_2020_02_22_the_quantum_weekly_stronger_together_classical_and_quantum_m_9b3419d1] Extracting actors: https://thequantuminsider.com/2020/02/22/the-quantum-weekly-stronger-together-classical-and-quantum-measurements-united (1/1), chunk 24/35
[18:12:40 +2m 23s | thequantuminsider_2020_02_22_the_quantum_weekly_stronger_together_classical_and_quantum_m_9b3419d1] Repaired malformed JSON.
[18:12:40 +2m 23s | thequantuminsider_2020_02_22_the_quantum_weekly_stronger_together_classical_and_quantum_m_9b3419d1] Extracting actors: https://thequantuminsider.com/2020/02/22/the-quantum-weekly-stronger-together-classical-and-quantum-measurements-united (1/1), chunk 25/35
[18:12:45 +2m 29s | thequantuminsider_2020_02_22_the_quantum_weekly_stronger_together_classical_and_quantum_m_9b3419d1] Repaired malformed JSON.
[18:12:45 +2m 29s | thequantuminsider_2020_02_22_the_quantum_weekly_stronger_together_classical_and_quantum_m_9b3419d1] Extracting actors: https://thequantuminsider.com/2020/02/22/the-quantum-weekly-stronger-together-classical-and-quantum-measurements-united (1/1), chunk 26/35
[18:12:50 +2m 34s | thequantuminsider_2020_02_22_the_quantum_weekly_stronger_together_classical_and_quantum_m_9b3419d1] Extracting actors: https://thequantuminsider.com/2020/02/22/the-quantum-weekly-stronger-together-classical-and-quantum-measurements-united (1/1), chunk 27/35
[18:12:57 +2m 41s | thequantuminsider_2020_02_22_the_quantum_weekly_stronger_together_classical_and_quantum_m_9b3419d1] Repaired malformed JSON.
[18:12:57 +2m 41s | thequantuminsider_2020_02_22_the_quantum_weekly_stronger_together_classical_and_quantum_m_9b3419d1] Extracting actors: https://thequantuminsider.com/2020/02/22/the-quantum-weekly-stronger-together-classical-and-quantum-measurements-united (1/1), chunk 28/35
[18:13:03 +2m 47s | thequantuminsider_2020_02_22_the_quantum_weekly_stronger_together_classical_and_quantum_m_9b3419d1] Extracting actors: https://thequantuminsider.com/2020/02/22/the-quantum-weekly-stronger-together-classical-and-quantum-measurements-united (1/1), chunk 29/35
[18:13:09 +2m 50s | thequantuminsider_2020_02_22_the_quantum_weekly_stronger_together_classical_and_quantum_m_9b3419d1] Extracting actors: https://thequantuminsider.com/2020/02/22/the-quantum-weekly-stronger-together-classical-and-quantum-measurements-united (1/1), chunk 30/35
[18:13:17 +2m 58s | thequantuminsider_2020_02_22_the_quantum_weekly_stronger_together_classical_and_quantum_m_9b3419d1] Repaired malformed JSON.
[18:13:17 +2m 58s | thequantuminsider_2020_02_22_the_quantum_weekly_stronger_together_classical_and_quantum_m_9b3419d1] Extracting actors: https://thequantuminsider.com/2020/02/22/the-quantum-weekly-stronger-together-classical-and-quantum-measurements-united (1/1), chunk 31/35
[18:13:22 +3m 3s | thequantuminsider_2020_02_22_the_quantum_weekly_stronger_together_classical_and_quantum_m_9b3419d1] Repaired malformed JSON.
[18:13:22 +3m 3s | thequantuminsider_2020_02_22_the_quantum_weekly_stronger_together_classical_and_quantum_m_9b3419d1] Extracting actors: https://thequantuminsider.com/2020/02/22/the-quantum-weekly-stronger-together-classical-and-quantum-measurements-united (1/1), chunk 32/35
[18:13:27 +3m 8s | thequantuminsider_2020_02_22_the_quantum_weekly_stronger_together_classical_and_quantum_m_9b3419d1] Repaired malformed JSON.
[18:13:27 +3m 8s | thequantuminsider_2020_02_22_the_quantum_weekly_stronger_together_classical_and_quantum_m_9b3419d1] Extracting actors: https://thequantuminsider.com/2020/02/22/the-quantum-weekly-stronger-together-classical-and-quantum-measurements-united (1/1), chunk 33/35
[18:13:31 +3m 12s | thequantuminsider_2020_02_22_the_quantum_weekly_stronger_together_classical_and_quantum_m_9b3419d1] Extracting actors: https://thequantuminsider.com/2020/02/22/the-quantum-weekly-stronger-together-classical-and-quantum-measurements-united (1/1), chunk 34/35
[18:13:38 +3m 19s | thequantuminsider_2020_02_22_the_quantum_weekly_stronger_together_classical_and_quantum_m_9b3419d1] Repaired malformed JSON.
[18:13:38 +3m 19s | thequantuminsider_2020_02_22_the_quantum_weekly_stronger_together_classical_and_quantum_m_9b3419d1] Extracting actors: https://thequantuminsider.com/2020/02/22/the-quantum-weekly-stronger-together-classical-and-quantum-measurements-united (1/1), chunk 35/35
[18:13:49 +3m 27s | thequantuminsider_2020_02_22_the_quantum_weekly_stronger_together_classical_and_quantum_m_9b3419d1] Repaired malformed JSON.
[18:13:49 +3m 27s | thequantuminsider_2020_02_22_the_quantum_weekly_stronger_together_classical_and_quantum_m_9b3419d1] Saved 1_actor_results.json with 51 extracted records

[18:13:49 +3m 27s | thequantuminsider_2020_02_22_the_quantum_weekly_stronger_together_classical_and_quantum_m_9b3419d1] === 2 clean actors ===
[18:13:49 +3m 27s | thequantuminsider_2020_02_22_the_quantum_weekly_stronger_together_classical_and_quantum_m_9b3419d1] Loaded 51 extracted records
[18:13:49 +3m 27s | thequantuminsider_2020_02_22_the_quantum_weekly_stronger_together_classical_and_quantum_m_9b3419d1] Saved 2_actor_nodes.json with 20 canonical actor nodes

[18:13:49 +3m 27s | thequantuminsider_2020_02_22_the_quantum_weekly_stronger_together_classical_and_quantum_m_9b3419d1] === 3 interaction extraction ===
[18:13:49 +3m 27s | thequantuminsider_2020_02_22_the_quantum_weekly_stronger_together_classical_and_quantum_m_9b3419d1] Extracting interactions: https://thequantuminsider.com/2020/02/22/the-quantum-weekly-stronger-together-classical-and-quantum-measurements-united (1/1), chunk 13/35
[18:13:54 +3m 32s | thequantuminsider_2020_02_22_the_quantum_weekly_stronger_together_classical_and_quantum_m_9b3419d1] Extracting interactions: https://thequantuminsider.com/2020/02/22/the-quantum-weekly-stronger-together-classical-and-quantum-measurements-united (1/1), chunk 14/35
[18:14:04 +3m 42s | thequantuminsider_2020_02_22_the_quantum_weekly_stronger_together_classical_and_quantum_m_9b3419d1] Extracting interactions: https://thequantuminsider.com/2020/02/22/the-quantum-weekly-stronger-together-classical-and-quantum-measurements-united (1/1), chunk 15/35
[18:14:13 +3m 51s | thequantuminsider_2020_02_22_the_quantum_weekly_stronger_together_classical_and_quantum_m_9b3419d1] Extracting interactions: https://thequantuminsider.com/2020/02/22/the-quantum-weekly-stronger-together-classical-and-quantum-measurements-united (1/1), chunk 16/35
[18:14:22 +3m 57s | thequantuminsider_2020_02_22_the_quantum_weekly_stronger_together_classical_and_quantum_m_9b3419d1] Extracting interactions: https://thequantuminsider.com/2020/02/22/the-quantum-weekly-stronger-together-classical-and-quantum-measurements-united (1/1), chunk 17/35
[18:14:30 +4m 6s | thequantuminsider_2020_02_22_the_quantum_weekly_stronger_together_classical_and_quantum_m_9b3419d1] Extracting interactions: https://thequantuminsider.com/2020/02/22/the-quantum-weekly-stronger-together-classical-and-quantum-measurements-united (1/1), chunk 18/35
[18:14:40 +4m 15s | thequantuminsider_2020_02_22_the_quantum_weekly_stronger_together_classical_and_quantum_m_9b3419d1] Extracting interactions: https://thequantuminsider.com/2020/02/22/the-quantum-weekly-stronger-together-classical-and-quantum-measurements-united (1/1), chunk 19/35
[18:14:46 +4m 21s | thequantuminsider_2020_02_22_the_quantum_weekly_stronger_together_classical_and_quantum_m_9b3419d1] Extracting interactions: https://thequantuminsider.com/2020/02/22/the-quantum-weekly-stronger-together-classical-and-quantum-measurements-united (1/1), chunk 20/35
[18:15:00 +4m 32s | thequantuminsider_2020_02_22_the_quantum_weekly_stronger_together_classical_and_quantum_m_9b3419d1] Extracting interactions: https://thequantuminsider.com/2020/02/22/the-quantum-weekly-stronger-together-classical-and-quantum-measurements-united (1/1), chunk 21/35
[18:15:09 +4m 41s | thequantuminsider_2020_02_22_the_quantum_weekly_stronger_together_classical_and_quantum_m_9b3419d1] Extracting interactions: https://thequantuminsider.com/2020/02/22/the-quantum-weekly-stronger-together-classical-and-quantum-measurements-united (1/1), chunk 22/35
[18:15:15 +4m 47s | thequantuminsider_2020_02_22_the_quantum_weekly_stronger_together_classical_and_quantum_m_9b3419d1] Extracting interactions: https://thequantuminsider.com/2020/02/22/the-quantum-weekly-stronger-together-classical-and-quantum-measurements-united (1/1), chunk 23/35
[18:15:20 +4m 52s | thequantuminsider_2020_02_22_the_quantum_weekly_stronger_together_classical_and_quantum_m_9b3419d1] Extracting interactions: https://thequantuminsider.com/2020/02/22/the-quantum-weekly-stronger-together-classical-and-quantum-measurements-united (1/1), chunk 24/35
[18:15:26 +4m 58s | thequantuminsider_2020_02_22_the_quantum_weekly_stronger_together_classical_and_quantum_m_9b3419d1] Extracting interactions: https://thequantuminsider.com/2020/02/22/the-quantum-weekly-stronger-together-classical-and-quantum-measurements-united (1/1), chunk 25/35
[18:15:30 +4m 59s | thequantuminsider_2020_02_22_the_quantum_weekly_stronger_together_classical_and_quantum_m_9b3419d1] Extracting interactions: https://thequantuminsider.com/2020/02/22/the-quantum-weekly-stronger-together-classical-and-quantum-measurements-united (1/1), chunk 27/35
[18:15:36 +5m 6s | thequantuminsider_2020_02_22_the_quantum_weekly_stronger_together_classical_and_quantum_m_9b3419d1] Extracting interactions: https://thequantuminsider.com/2020/02/22/the-quantum-weekly-stronger-together-classical-and-quantum-measurements-united (1/1), chunk 28/35
[18:15:41 +5m 10s | thequantuminsider_2020_02_22_the_quantum_weekly_stronger_together_classical_and_quantum_m_9b3419d1] Extracting interactions: https://thequantuminsider.com/2020/02/22/the-quantum-weekly-stronger-together-classical-and-quantum-measurements-united (1/1), chunk 29/35
[18:15:43 +5m 12s | thequantuminsider_2020_02_22_the_quantum_weekly_stronger_together_classical_and_quantum_m_9b3419d1] Extracting interactions: https://thequantuminsider.com/2020/02/22/the-quantum-weekly-stronger-together-classical-and-quantum-measurements-united (1/1), chunk 31/35
[18:15:44 +5m 13s | thequantuminsider_2020_02_22_the_quantum_weekly_stronger_together_classical_and_quantum_m_9b3419d1] Extracting interactions: https://thequantuminsider.com/2020/02/22/the-quantum-weekly-stronger-together-classical-and-quantum-measurements-united (1/1), chunk 32/35
[18:15:47 +5m 17s | thequantuminsider_2020_02_22_the_quantum_weekly_stronger_together_classical_and_quantum_m_9b3419d1] Saved 3_interaction_results.json with 25 extracted interactions.

[18:15:47 +5m 17s | thequantuminsider_2020_02_22_the_quantum_weekly_stronger_together_classical_and_quantum_m_9b3419d1] === 4 clean interactions ===
[18:15:47 +5m 17s | thequantuminsider_2020_02_22_the_quantum_weekly_stronger_together_classical_and_quantum_m_9b3419d1] Saved 4_edges.json with 1 cleaned interactions.

[18:15:47 +5m 17s | thequantuminsider_2020_02_22_the_quantum_weekly_stronger_together_classical_and_quantum_m_9b3419d1] === 5 helix enrichment ===
[18:15:47 +5m 17s | thequantuminsider_2020_02_22_the_quantum_weekly_stronger_together_classical_and_quantum_m_9b3419d1] Wrote 5_nodes.json (20 actors)
[18:15:47 +5m 17s | thequantuminsider_2020_02_22_the_quantum_weekly_stronger_together_classical_and_quantum_m_9b3419d1] Wrote 5_edges.json (1 interactions)
[18:15:47 +5m 17s | thequantuminsider_2020_02_22_the_quantum_weekly_stronger_together_classical_and_quantum_m_9b3419d1] Actor helix counts: {'Academia': 2, 'Civil Society': 4, 'Government': 3, 'Industry': 6, 'Unknown': 5}
[18:15:47 +5m 17s | thequantuminsider_2020_02_22_the_quantum_weekly_stronger_together_classical_and_quantum_m_9b3419d1] Functional-space counts: {'Intra-helix / Not classified': 1}

[18:15:47 +5m 17s | thequantuminsider_2020_02_22_the_quantum_weekly_stronger_together_classical_and_quantum_m_9b3419d1] === 6 network visualisation ===
[18:15:48 +5m 17s | thequantuminsider_2020_02_22_the_quantum_weekly_stronger_together_classical_and_quantum_m_9b3419d1] Wrote quantum_network.html
[18:15:48 +5m 17s | thequantuminsider_2020_02_22_the_quantum_weekly_stronger_together_classical_and_quantum_m_9b3419d1] Nodes: 20
[18:15:48 +5m 17s | thequantuminsider_2020_02_22_the_quantum_weekly_stronger_together_classical_and_quantum_m_9b3419d1] Edges: 1

[18:15:48 +5m 17s | thequantuminsider_2020_02_22_the_quantum_weekly_stronger_together_classical_and_quantum_m_9b3419d1] Done. Outputs written to: /home/lv/IDP/idpdeeptech/pipeline/news_outputs/thequantuminsider_2020_02_22_the_quantum_weekly_stronger_together_classical_and_quantum_m_9b3419d1
[18:15:48 +5m 17s | thequantuminsider_2020_02_22_the_quantum_weekly_stronger_together_classical_and_quantum_m_9b3419d1] Log: /home/lv/IDP/idpdeeptech/pipeline/news_outputs/thequantuminsider_2020_02_22_the_quantum_weekly_stronger_together_classical_and_quantum_m_9b3419d1/run.log

========================================================================
RUN FINISHED 2026-07-01 18:15:48  (OK)
Started:     2026-07-01 18:10:01
Elapsed:     5m 17s
========================================================================
