
========================================================================
RUN STARTED  2026-07-02 13:09:28
site_pipeline.py https://thequantuminsider.com/2024/01/12/iec-and-iso-launch-new-joint-technical-committee-on-quantum-technologies/
========================================================================

[13:09:28 +0s | thequantuminsider_2024_01_12_iec_and_iso_launch_new_joint_technical_committee_on_quantum_432613bb] === 0 crawl site ===
[13:09:30 +2s | thequantuminsider_2024_01_12_iec_and_iso_launch_new_joint_technical_committee_on_quantum_432613bb] [INIT].... → Crawl4AI 0.8.6 
[13:09:33 +5s | thequantuminsider_2024_01_12_iec_and_iso_launch_new_joint_technical_committee_on_quantum_432613bb] [FETCH]... ↓ https://thequantuminsider.com/2024/01/12/iec-and...int-technical-committee-on-quantum-technologies/  | ✓ | ⏱: 2.87s 
[13:09:33 +5s | thequantuminsider_2024_01_12_iec_and_iso_launch_new_joint_technical_committee_on_quantum_432613bb] [SCRAPE].. ◆ https://thequantuminsider.com/2024/01/12/iec-and...int-technical-committee-on-quantum-technologies/  | ✓ | ⏱: 0.18s 
[13:09:33 +5s | thequantuminsider_2024_01_12_iec_and_iso_launch_new_joint_technical_committee_on_quantum_432613bb] [COMPLETE] ● https://thequantuminsider.com/2024/01/12/iec-and...int-technical-committee-on-quantum-technologies/  | ✓ | ⏱: 3.08s 
[13:09:33 +5s | thequantuminsider_2024_01_12_iec_and_iso_launch_new_joint_technical_committee_on_quantum_432613bb] Saved: crawl_output/34e516fc7e_thequantuminsider.com_2024_01_12_iec-and-iso-launch-new-joint-technical-committee-on-quantum-technologies.json

[13:09:33 +6s | thequantuminsider_2024_01_12_iec_and_iso_launch_new_joint_technical_committee_on_quantum_432613bb] === 1 actor extraction ===
[13:09:34 +6s | thequantuminsider_2024_01_12_iec_and_iso_launch_new_joint_technical_committee_on_quantum_432613bb] Reading page (1/1): https://thequantuminsider.com/2024/01/12/iec-and-iso-launch-new-joint-technical-committee-on-quantum-technologies
[13:09:34 +6s | thequantuminsider_2024_01_12_iec_and_iso_launch_new_joint_technical_committee_on_quantum_432613bb] Extracting actors: https://thequantuminsider.com/2024/01/12/iec-and-iso-launch-new-joint-technical-committee-on-quantum-technologies (1/1), chunk 1/37
[13:09:40 +12s | thequantuminsider_2024_01_12_iec_and_iso_launch_new_joint_technical_committee_on_quantum_432613bb] Repaired malformed JSON.
[13:09:40 +12s | thequantuminsider_2024_01_12_iec_and_iso_launch_new_joint_technical_committee_on_quantum_432613bb] Extracting actors: https://thequantuminsider.com/2024/01/12/iec-and-iso-launch-new-joint-technical-committee-on-quantum-technologies (1/1), chunk 2/37
[13:09:47 +19s | thequantuminsider_2024_01_12_iec_and_iso_launch_new_joint_technical_committee_on_quantum_432613bb] Repaired malformed JSON.
[13:09:47 +19s | thequantuminsider_2024_01_12_iec_and_iso_launch_new_joint_technical_committee_on_quantum_432613bb] Extracting actors: https://thequantuminsider.com/2024/01/12/iec-and-iso-launch-new-joint-technical-committee-on-quantum-technologies (1/1), chunk 3/37
[13:09:53 +25s | thequantuminsider_2024_01_12_iec_and_iso_launch_new_joint_technical_committee_on_quantum_432613bb] Repaired malformed JSON.
[13:09:53 +25s | thequantuminsider_2024_01_12_iec_and_iso_launch_new_joint_technical_committee_on_quantum_432613bb] Extracting actors: https://thequantuminsider.com/2024/01/12/iec-and-iso-launch-new-joint-technical-committee-on-quantum-technologies (1/1), chunk 4/37
[13:10:00 +32s | thequantuminsider_2024_01_12_iec_and_iso_launch_new_joint_technical_committee_on_quantum_432613bb] Repaired malformed JSON.
[13:10:00 +32s | thequantuminsider_2024_01_12_iec_and_iso_launch_new_joint_technical_committee_on_quantum_432613bb] Extracting actors: https://thequantuminsider.com/2024/01/12/iec-and-iso-launch-new-joint-technical-committee-on-quantum-technologies (1/1), chunk 5/37
[13:10:11 +43s | thequantuminsider_2024_01_12_iec_and_iso_launch_new_joint_technical_committee_on_quantum_432613bb] Repaired malformed JSON.
[13:10:11 +43s | thequantuminsider_2024_01_12_iec_and_iso_launch_new_joint_technical_committee_on_quantum_432613bb] Extracting actors: https://thequantuminsider.com/2024/01/12/iec-and-iso-launch-new-joint-technical-committee-on-quantum-technologies (1/1), chunk 6/37
[13:10:18 +51s | thequantuminsider_2024_01_12_iec_and_iso_launch_new_joint_technical_committee_on_quantum_432613bb] Repaired malformed JSON.
[13:10:18 +51s | thequantuminsider_2024_01_12_iec_and_iso_launch_new_joint_technical_committee_on_quantum_432613bb] Extracting actors: https://thequantuminsider.com/2024/01/12/iec-and-iso-launch-new-joint-technical-committee-on-quantum-technologies (1/1), chunk 7/37
[13:10:27 +1m 0s | thequantuminsider_2024_01_12_iec_and_iso_launch_new_joint_technical_committee_on_quantum_432613bb] Repaired malformed JSON.
[13:10:27 +1m 0s | thequantuminsider_2024_01_12_iec_and_iso_launch_new_joint_technical_committee_on_quantum_432613bb] Extracting actors: https://thequantuminsider.com/2024/01/12/iec-and-iso-launch-new-joint-technical-committee-on-quantum-technologies (1/1), chunk 8/37
[13:10:35 +1m 7s | thequantuminsider_2024_01_12_iec_and_iso_launch_new_joint_technical_committee_on_quantum_432613bb] Repaired malformed JSON.
[13:10:35 +1m 7s | thequantuminsider_2024_01_12_iec_and_iso_launch_new_joint_technical_committee_on_quantum_432613bb] Extracting actors: https://thequantuminsider.com/2024/01/12/iec-and-iso-launch-new-joint-technical-committee-on-quantum-technologies (1/1), chunk 9/37
[13:10:40 +1m 12s | thequantuminsider_2024_01_12_iec_and_iso_launch_new_joint_technical_committee_on_quantum_432613bb] Extracting actors: https://thequantuminsider.com/2024/01/12/iec-and-iso-launch-new-joint-technical-committee-on-quantum-technologies (1/1), chunk 10/37
[13:10:47 +1m 19s | thequantuminsider_2024_01_12_iec_and_iso_launch_new_joint_technical_committee_on_quantum_432613bb] Repaired malformed JSON.
[13:10:47 +1m 19s | thequantuminsider_2024_01_12_iec_and_iso_launch_new_joint_technical_committee_on_quantum_432613bb] Extracting actors: https://thequantuminsider.com/2024/01/12/iec-and-iso-launch-new-joint-technical-committee-on-quantum-technologies (1/1), chunk 11/37
[13:10:56 +1m 28s | thequantuminsider_2024_01_12_iec_and_iso_launch_new_joint_technical_committee_on_quantum_432613bb] Repaired malformed JSON.
[13:10:56 +1m 28s | thequantuminsider_2024_01_12_iec_and_iso_launch_new_joint_technical_committee_on_quantum_432613bb] Extracting actors: https://thequantuminsider.com/2024/01/12/iec-and-iso-launch-new-joint-technical-committee-on-quantum-technologies (1/1), chunk 12/37
[13:11:02 +1m 34s | thequantuminsider_2024_01_12_iec_and_iso_launch_new_joint_technical_committee_on_quantum_432613bb] Repaired malformed JSON.
[13:11:02 +1m 34s | thequantuminsider_2024_01_12_iec_and_iso_launch_new_joint_technical_committee_on_quantum_432613bb] Extracting actors: https://thequantuminsider.com/2024/01/12/iec-and-iso-launch-new-joint-technical-committee-on-quantum-technologies (1/1), chunk 13/37
[13:11:08 +1m 40s | thequantuminsider_2024_01_12_iec_and_iso_launch_new_joint_technical_committee_on_quantum_432613bb] Repaired malformed JSON.
[13:11:08 +1m 40s | thequantuminsider_2024_01_12_iec_and_iso_launch_new_joint_technical_committee_on_quantum_432613bb] Extracting actors: https://thequantuminsider.com/2024/01/12/iec-and-iso-launch-new-joint-technical-committee-on-quantum-technologies (1/1), chunk 14/37
[13:11:14 +1m 47s | thequantuminsider_2024_01_12_iec_and_iso_launch_new_joint_technical_committee_on_quantum_432613bb] Repaired malformed JSON.
[13:11:14 +1m 47s | thequantuminsider_2024_01_12_iec_and_iso_launch_new_joint_technical_committee_on_quantum_432613bb] Extracting actors: https://thequantuminsider.com/2024/01/12/iec-and-iso-launch-new-joint-technical-committee-on-quantum-technologies (1/1), chunk 15/37
[13:11:24 +1m 56s | thequantuminsider_2024_01_12_iec_and_iso_launch_new_joint_technical_committee_on_quantum_432613bb] Repaired malformed JSON.
[13:11:24 +1m 56s | thequantuminsider_2024_01_12_iec_and_iso_launch_new_joint_technical_committee_on_quantum_432613bb] Extracting actors: https://thequantuminsider.com/2024/01/12/iec-and-iso-launch-new-joint-technical-committee-on-quantum-technologies (1/1), chunk 16/37
[13:11:31 +2m 3s | thequantuminsider_2024_01_12_iec_and_iso_launch_new_joint_technical_committee_on_quantum_432613bb] Repaired malformed JSON.
[13:11:31 +2m 3s | thequantuminsider_2024_01_12_iec_and_iso_launch_new_joint_technical_committee_on_quantum_432613bb] Extracting actors: https://thequantuminsider.com/2024/01/12/iec-and-iso-launch-new-joint-technical-committee-on-quantum-technologies (1/1), chunk 17/37
[13:11:37 +2m 10s | thequantuminsider_2024_01_12_iec_and_iso_launch_new_joint_technical_committee_on_quantum_432613bb] Repaired malformed JSON.
[13:11:37 +2m 10s | thequantuminsider_2024_01_12_iec_and_iso_launch_new_joint_technical_committee_on_quantum_432613bb] Extracting actors: https://thequantuminsider.com/2024/01/12/iec-and-iso-launch-new-joint-technical-committee-on-quantum-technologies (1/1), chunk 18/37
[13:11:43 +2m 15s | thequantuminsider_2024_01_12_iec_and_iso_launch_new_joint_technical_committee_on_quantum_432613bb] Repaired malformed JSON.
[13:11:43 +2m 15s | thequantuminsider_2024_01_12_iec_and_iso_launch_new_joint_technical_committee_on_quantum_432613bb] Extracting actors: https://thequantuminsider.com/2024/01/12/iec-and-iso-launch-new-joint-technical-committee-on-quantum-technologies (1/1), chunk 19/37
[13:11:49 +2m 21s | thequantuminsider_2024_01_12_iec_and_iso_launch_new_joint_technical_committee_on_quantum_432613bb] Repaired malformed JSON.
[13:11:49 +2m 21s | thequantuminsider_2024_01_12_iec_and_iso_launch_new_joint_technical_committee_on_quantum_432613bb] Extracting actors: https://thequantuminsider.com/2024/01/12/iec-and-iso-launch-new-joint-technical-committee-on-quantum-technologies (1/1), chunk 20/37
[13:11:54 +2m 27s | thequantuminsider_2024_01_12_iec_and_iso_launch_new_joint_technical_committee_on_quantum_432613bb] Repaired malformed JSON.
[13:11:54 +2m 27s | thequantuminsider_2024_01_12_iec_and_iso_launch_new_joint_technical_committee_on_quantum_432613bb] Extracting actors: https://thequantuminsider.com/2024/01/12/iec-and-iso-launch-new-joint-technical-committee-on-quantum-technologies (1/1), chunk 21/37
[13:12:02 +2m 34s | thequantuminsider_2024_01_12_iec_and_iso_launch_new_joint_technical_committee_on_quantum_432613bb] Repaired malformed JSON.
[13:12:02 +2m 34s | thequantuminsider_2024_01_12_iec_and_iso_launch_new_joint_technical_committee_on_quantum_432613bb] Extracting actors: https://thequantuminsider.com/2024/01/12/iec-and-iso-launch-new-joint-technical-committee-on-quantum-technologies (1/1), chunk 22/37
[13:12:08 +2m 40s | thequantuminsider_2024_01_12_iec_and_iso_launch_new_joint_technical_committee_on_quantum_432613bb] Repaired malformed JSON.
[13:12:08 +2m 40s | thequantuminsider_2024_01_12_iec_and_iso_launch_new_joint_technical_committee_on_quantum_432613bb] Extracting actors: https://thequantuminsider.com/2024/01/12/iec-and-iso-launch-new-joint-technical-committee-on-quantum-technologies (1/1), chunk 23/37
[13:12:14 +2m 46s | thequantuminsider_2024_01_12_iec_and_iso_launch_new_joint_technical_committee_on_quantum_432613bb] Repaired malformed JSON.
[13:12:14 +2m 46s | thequantuminsider_2024_01_12_iec_and_iso_launch_new_joint_technical_committee_on_quantum_432613bb] Extracting actors: https://thequantuminsider.com/2024/01/12/iec-and-iso-launch-new-joint-technical-committee-on-quantum-technologies (1/1), chunk 24/37
[13:12:20 +2m 52s | thequantuminsider_2024_01_12_iec_and_iso_launch_new_joint_technical_committee_on_quantum_432613bb] Repaired malformed JSON.
[13:12:20 +2m 52s | thequantuminsider_2024_01_12_iec_and_iso_launch_new_joint_technical_committee_on_quantum_432613bb] Extracting actors: https://thequantuminsider.com/2024/01/12/iec-and-iso-launch-new-joint-technical-committee-on-quantum-technologies (1/1), chunk 25/37
[13:12:27 +2m 59s | thequantuminsider_2024_01_12_iec_and_iso_launch_new_joint_technical_committee_on_quantum_432613bb] Extracting actors: https://thequantuminsider.com/2024/01/12/iec-and-iso-launch-new-joint-technical-committee-on-quantum-technologies (1/1), chunk 26/37
[13:12:32 +3m 5s | thequantuminsider_2024_01_12_iec_and_iso_launch_new_joint_technical_committee_on_quantum_432613bb] Repaired malformed JSON.
[13:12:32 +3m 5s | thequantuminsider_2024_01_12_iec_and_iso_launch_new_joint_technical_committee_on_quantum_432613bb] Extracting actors: https://thequantuminsider.com/2024/01/12/iec-and-iso-launch-new-joint-technical-committee-on-quantum-technologies (1/1), chunk 27/37
[13:12:38 +3m 10s | thequantuminsider_2024_01_12_iec_and_iso_launch_new_joint_technical_committee_on_quantum_432613bb] Repaired malformed JSON.
[13:12:38 +3m 10s | thequantuminsider_2024_01_12_iec_and_iso_launch_new_joint_technical_committee_on_quantum_432613bb] Extracting actors: https://thequantuminsider.com/2024/01/12/iec-and-iso-launch-new-joint-technical-committee-on-quantum-technologies (1/1), chunk 28/37
[13:12:47 +3m 19s | thequantuminsider_2024_01_12_iec_and_iso_launch_new_joint_technical_committee_on_quantum_432613bb] Repaired malformed JSON.
[13:12:47 +3m 19s | thequantuminsider_2024_01_12_iec_and_iso_launch_new_joint_technical_committee_on_quantum_432613bb] Extracting actors: https://thequantuminsider.com/2024/01/12/iec-and-iso-launch-new-joint-technical-committee-on-quantum-technologies (1/1), chunk 29/37
[13:12:54 +3m 26s | thequantuminsider_2024_01_12_iec_and_iso_launch_new_joint_technical_committee_on_quantum_432613bb] Repaired malformed JSON.
[13:12:54 +3m 26s | thequantuminsider_2024_01_12_iec_and_iso_launch_new_joint_technical_committee_on_quantum_432613bb] Extracting actors: https://thequantuminsider.com/2024/01/12/iec-and-iso-launch-new-joint-technical-committee-on-quantum-technologies (1/1), chunk 30/37
[13:12:59 +3m 32s | thequantuminsider_2024_01_12_iec_and_iso_launch_new_joint_technical_committee_on_quantum_432613bb] Repaired malformed JSON.
[13:12:59 +3m 32s | thequantuminsider_2024_01_12_iec_and_iso_launch_new_joint_technical_committee_on_quantum_432613bb] Extracting actors: https://thequantuminsider.com/2024/01/12/iec-and-iso-launch-new-joint-technical-committee-on-quantum-technologies (1/1), chunk 31/37
[13:13:07 +3m 39s | thequantuminsider_2024_01_12_iec_and_iso_launch_new_joint_technical_committee_on_quantum_432613bb] Repaired malformed JSON.
[13:13:07 +3m 39s | thequantuminsider_2024_01_12_iec_and_iso_launch_new_joint_technical_committee_on_quantum_432613bb] Extracting actors: https://thequantuminsider.com/2024/01/12/iec-and-iso-launch-new-joint-technical-committee-on-quantum-technologies (1/1), chunk 32/37
[13:13:13 +3m 46s | thequantuminsider_2024_01_12_iec_and_iso_launch_new_joint_technical_committee_on_quantum_432613bb] Repaired malformed JSON.
[13:13:13 +3m 46s | thequantuminsider_2024_01_12_iec_and_iso_launch_new_joint_technical_committee_on_quantum_432613bb] Extracting actors: https://thequantuminsider.com/2024/01/12/iec-and-iso-launch-new-joint-technical-committee-on-quantum-technologies (1/1), chunk 33/37
[13:13:21 +3m 54s | thequantuminsider_2024_01_12_iec_and_iso_launch_new_joint_technical_committee_on_quantum_432613bb] Repaired malformed JSON.
[13:13:21 +3m 54s | thequantuminsider_2024_01_12_iec_and_iso_launch_new_joint_technical_committee_on_quantum_432613bb] Extracting actors: https://thequantuminsider.com/2024/01/12/iec-and-iso-launch-new-joint-technical-committee-on-quantum-technologies (1/1), chunk 34/37
[13:13:32 +4m 4s | thequantuminsider_2024_01_12_iec_and_iso_launch_new_joint_technical_committee_on_quantum_432613bb] Repaired malformed JSON.
[13:13:32 +4m 4s | thequantuminsider_2024_01_12_iec_and_iso_launch_new_joint_technical_committee_on_quantum_432613bb] Extracting actors: https://thequantuminsider.com/2024/01/12/iec-and-iso-launch-new-joint-technical-committee-on-quantum-technologies (1/1), chunk 35/37
[13:13:37 +4m 10s | thequantuminsider_2024_01_12_iec_and_iso_launch_new_joint_technical_committee_on_quantum_432613bb] Repaired malformed JSON.
[13:13:37 +4m 10s | thequantuminsider_2024_01_12_iec_and_iso_launch_new_joint_technical_committee_on_quantum_432613bb] Extracting actors: https://thequantuminsider.com/2024/01/12/iec-and-iso-launch-new-joint-technical-committee-on-quantum-technologies (1/1), chunk 36/37
[13:13:44 +4m 16s | thequantuminsider_2024_01_12_iec_and_iso_launch_new_joint_technical_committee_on_quantum_432613bb] Repaired malformed JSON.
[13:13:44 +4m 16s | thequantuminsider_2024_01_12_iec_and_iso_launch_new_joint_technical_committee_on_quantum_432613bb] Extracting actors: https://thequantuminsider.com/2024/01/12/iec-and-iso-launch-new-joint-technical-committee-on-quantum-technologies (1/1), chunk 37/37
[13:13:50 +4m 22s | thequantuminsider_2024_01_12_iec_and_iso_launch_new_joint_technical_committee_on_quantum_432613bb] Repaired malformed JSON.
[13:13:50 +4m 22s | thequantuminsider_2024_01_12_iec_and_iso_launch_new_joint_technical_committee_on_quantum_432613bb] Saved 1_actor_results.json with 67 extracted records

[13:13:51 +4m 23s | thequantuminsider_2024_01_12_iec_and_iso_launch_new_joint_technical_committee_on_quantum_432613bb] === 2 clean actors ===
[13:13:51 +4m 23s | thequantuminsider_2024_01_12_iec_and_iso_launch_new_joint_technical_committee_on_quantum_432613bb] Loaded 67 extracted records
[13:13:51 +4m 23s | thequantuminsider_2024_01_12_iec_and_iso_launch_new_joint_technical_committee_on_quantum_432613bb] Saved 2_actor_nodes.json with 16 canonical actor nodes

[13:13:51 +4m 23s | thequantuminsider_2024_01_12_iec_and_iso_launch_new_joint_technical_committee_on_quantum_432613bb] === 3 interaction extraction ===
[13:13:51 +4m 23s | thequantuminsider_2024_01_12_iec_and_iso_launch_new_joint_technical_committee_on_quantum_432613bb] Extracting interactions: https://thequantuminsider.com/2024/01/12/iec-and-iso-launch-new-joint-technical-committee-on-quantum-technologies (1/1), chunk 11/37
[13:13:54 +4m 27s | thequantuminsider_2024_01_12_iec_and_iso_launch_new_joint_technical_committee_on_quantum_432613bb] Extracting interactions: https://thequantuminsider.com/2024/01/12/iec-and-iso-launch-new-joint-technical-committee-on-quantum-technologies (1/1), chunk 12/37
[13:14:01 +4m 33s | thequantuminsider_2024_01_12_iec_and_iso_launch_new_joint_technical_committee_on_quantum_432613bb] Extracting interactions: https://thequantuminsider.com/2024/01/12/iec-and-iso-launch-new-joint-technical-committee-on-quantum-technologies (1/1), chunk 13/37
[13:14:07 +4m 40s | thequantuminsider_2024_01_12_iec_and_iso_launch_new_joint_technical_committee_on_quantum_432613bb] Extracting interactions: https://thequantuminsider.com/2024/01/12/iec-and-iso-launch-new-joint-technical-committee-on-quantum-technologies (1/1), chunk 14/37
[13:14:26 +4m 59s | thequantuminsider_2024_01_12_iec_and_iso_launch_new_joint_technical_committee_on_quantum_432613bb] Extracting interactions: https://thequantuminsider.com/2024/01/12/iec-and-iso-launch-new-joint-technical-committee-on-quantum-technologies (1/1), chunk 15/37
[13:14:49 +5m 21s | thequantuminsider_2024_01_12_iec_and_iso_launch_new_joint_technical_committee_on_quantum_432613bb] Extracting interactions: https://thequantuminsider.com/2024/01/12/iec-and-iso-launch-new-joint-technical-committee-on-quantum-technologies (1/1), chunk 16/37
[13:14:55 +5m 28s | thequantuminsider_2024_01_12_iec_and_iso_launch_new_joint_technical_committee_on_quantum_432613bb] Extracting interactions: https://thequantuminsider.com/2024/01/12/iec-and-iso-launch-new-joint-technical-committee-on-quantum-technologies (1/1), chunk 17/37
[13:14:59 +5m 32s | thequantuminsider_2024_01_12_iec_and_iso_launch_new_joint_technical_committee_on_quantum_432613bb] Extracting interactions: https://thequantuminsider.com/2024/01/12/iec-and-iso-launch-new-joint-technical-committee-on-quantum-technologies (1/1), chunk 18/37
[13:15:03 +5m 35s | thequantuminsider_2024_01_12_iec_and_iso_launch_new_joint_technical_committee_on_quantum_432613bb] Extracting interactions: https://thequantuminsider.com/2024/01/12/iec-and-iso-launch-new-joint-technical-committee-on-quantum-technologies (1/1), chunk 19/37
[13:15:06 +5m 39s | thequantuminsider_2024_01_12_iec_and_iso_launch_new_joint_technical_committee_on_quantum_432613bb] Extracting interactions: https://thequantuminsider.com/2024/01/12/iec-and-iso-launch-new-joint-technical-committee-on-quantum-technologies (1/1), chunk 20/37
[13:15:10 +5m 42s | thequantuminsider_2024_01_12_iec_and_iso_launch_new_joint_technical_committee_on_quantum_432613bb] Extracting interactions: https://thequantuminsider.com/2024/01/12/iec-and-iso-launch-new-joint-technical-committee-on-quantum-technologies (1/1), chunk 21/37
[13:15:11 +5m 44s | thequantuminsider_2024_01_12_iec_and_iso_launch_new_joint_technical_committee_on_quantum_432613bb] Extracting interactions: https://thequantuminsider.com/2024/01/12/iec-and-iso-launch-new-joint-technical-committee-on-quantum-technologies (1/1), chunk 22/37
[13:15:15 +5m 47s | thequantuminsider_2024_01_12_iec_and_iso_launch_new_joint_technical_committee_on_quantum_432613bb] Extracting interactions: https://thequantuminsider.com/2024/01/12/iec-and-iso-launch-new-joint-technical-committee-on-quantum-technologies (1/1), chunk 23/37
[13:15:21 +5m 54s | thequantuminsider_2024_01_12_iec_and_iso_launch_new_joint_technical_committee_on_quantum_432613bb] Extracting interactions: https://thequantuminsider.com/2024/01/12/iec-and-iso-launch-new-joint-technical-committee-on-quantum-technologies (1/1), chunk 24/37
[13:15:25 +5m 57s | thequantuminsider_2024_01_12_iec_and_iso_launch_new_joint_technical_committee_on_quantum_432613bb] Extracting interactions: https://thequantuminsider.com/2024/01/12/iec-and-iso-launch-new-joint-technical-committee-on-quantum-technologies (1/1), chunk 26/37
[13:15:28 +6m 1s | thequantuminsider_2024_01_12_iec_and_iso_launch_new_joint_technical_committee_on_quantum_432613bb] Extracting interactions: https://thequantuminsider.com/2024/01/12/iec-and-iso-launch-new-joint-technical-committee-on-quantum-technologies (1/1), chunk 27/37
[13:15:38 +6m 11s | thequantuminsider_2024_01_12_iec_and_iso_launch_new_joint_technical_committee_on_quantum_432613bb] Extracting interactions: https://thequantuminsider.com/2024/01/12/iec-and-iso-launch-new-joint-technical-committee-on-quantum-technologies (1/1), chunk 28/37
[13:15:40 +6m 12s | thequantuminsider_2024_01_12_iec_and_iso_launch_new_joint_technical_committee_on_quantum_432613bb] Extracting interactions: https://thequantuminsider.com/2024/01/12/iec-and-iso-launch-new-joint-technical-committee-on-quantum-technologies (1/1), chunk 29/37
[13:15:42 +6m 14s | thequantuminsider_2024_01_12_iec_and_iso_launch_new_joint_technical_committee_on_quantum_432613bb] Extracting interactions: https://thequantuminsider.com/2024/01/12/iec-and-iso-launch-new-joint-technical-committee-on-quantum-technologies (1/1), chunk 30/37
[13:15:43 +6m 15s | thequantuminsider_2024_01_12_iec_and_iso_launch_new_joint_technical_committee_on_quantum_432613bb] Extracting interactions: https://thequantuminsider.com/2024/01/12/iec-and-iso-launch-new-joint-technical-committee-on-quantum-technologies (1/1), chunk 31/37
[13:15:45 +6m 17s | thequantuminsider_2024_01_12_iec_and_iso_launch_new_joint_technical_committee_on_quantum_432613bb] Extracting interactions: https://thequantuminsider.com/2024/01/12/iec-and-iso-launch-new-joint-technical-committee-on-quantum-technologies (1/1), chunk 32/37
[13:15:46 +6m 19s | thequantuminsider_2024_01_12_iec_and_iso_launch_new_joint_technical_committee_on_quantum_432613bb] Extracting interactions: https://thequantuminsider.com/2024/01/12/iec-and-iso-launch-new-joint-technical-committee-on-quantum-technologies (1/1), chunk 33/37
[13:15:48 +6m 20s | thequantuminsider_2024_01_12_iec_and_iso_launch_new_joint_technical_committee_on_quantum_432613bb] Extracting interactions: https://thequantuminsider.com/2024/01/12/iec-and-iso-launch-new-joint-technical-committee-on-quantum-technologies (1/1), chunk 34/37
[13:15:50 +6m 23s | thequantuminsider_2024_01_12_iec_and_iso_launch_new_joint_technical_committee_on_quantum_432613bb] Extracting interactions: https://thequantuminsider.com/2024/01/12/iec-and-iso-launch-new-joint-technical-committee-on-quantum-technologies (1/1), chunk 35/37
[13:15:52 +6m 24s | thequantuminsider_2024_01_12_iec_and_iso_launch_new_joint_technical_committee_on_quantum_432613bb] Extracting interactions: https://thequantuminsider.com/2024/01/12/iec-and-iso-launch-new-joint-technical-committee-on-quantum-technologies (1/1), chunk 36/37
[13:16:04 +6m 36s | thequantuminsider_2024_01_12_iec_and_iso_launch_new_joint_technical_committee_on_quantum_432613bb] Extracting interactions: https://thequantuminsider.com/2024/01/12/iec-and-iso-launch-new-joint-technical-committee-on-quantum-technologies (1/1), chunk 37/37
[13:16:06 +6m 38s | thequantuminsider_2024_01_12_iec_and_iso_launch_new_joint_technical_committee_on_quantum_432613bb] Saved 3_interaction_results.json with 30 extracted interactions.

[13:16:06 +6m 39s | thequantuminsider_2024_01_12_iec_and_iso_launch_new_joint_technical_committee_on_quantum_432613bb] === 4 clean interactions ===
[13:16:06 +6m 39s | thequantuminsider_2024_01_12_iec_and_iso_launch_new_joint_technical_committee_on_quantum_432613bb] Saved 4_edges.json with 10 cleaned interactions.

[13:16:06 +6m 39s | thequantuminsider_2024_01_12_iec_and_iso_launch_new_joint_technical_committee_on_quantum_432613bb] === 5 helix enrichment ===
[13:16:06 +6m 39s | thequantuminsider_2024_01_12_iec_and_iso_launch_new_joint_technical_committee_on_quantum_432613bb] Wrote 5_nodes.json (16 actors)
[13:16:06 +6m 39s | thequantuminsider_2024_01_12_iec_and_iso_launch_new_joint_technical_committee_on_quantum_432613bb] Wrote 5_edges.json (10 interactions)
[13:16:06 +6m 39s | thequantuminsider_2024_01_12_iec_and_iso_launch_new_joint_technical_committee_on_quantum_432613bb] Actor helix counts: {'Academia': 1, 'Civil Society': 3, 'Government': 2, 'Industry': 3, 'Unknown': 7}
[13:16:06 +6m 39s | thequantuminsider_2024_01_12_iec_and_iso_launch_new_joint_technical_committee_on_quantum_432613bb] Functional-space counts: {'Intra-helix / Not classified': 8, 'Public': 2}

[13:16:06 +6m 39s | thequantuminsider_2024_01_12_iec_and_iso_launch_new_joint_technical_committee_on_quantum_432613bb] === 6 network visualisation ===
[13:16:07 +6m 39s | thequantuminsider_2024_01_12_iec_and_iso_launch_new_joint_technical_committee_on_quantum_432613bb] Wrote quantum_network.html
[13:16:07 +6m 39s | thequantuminsider_2024_01_12_iec_and_iso_launch_new_joint_technical_committee_on_quantum_432613bb] Nodes: 16
[13:16:07 +6m 39s | thequantuminsider_2024_01_12_iec_and_iso_launch_new_joint_technical_committee_on_quantum_432613bb] Edges: 4

[13:16:07 +6m 39s | thequantuminsider_2024_01_12_iec_and_iso_launch_new_joint_technical_committee_on_quantum_432613bb] Done. Outputs written to: /home/lv/IDP/idpdeeptech/pipeline/news_outputs/thequantuminsider_2024_01_12_iec_and_iso_launch_new_joint_technical_committee_on_quantum_432613bb
[13:16:07 +6m 39s | thequantuminsider_2024_01_12_iec_and_iso_launch_new_joint_technical_committee_on_quantum_432613bb] Log: /home/lv/IDP/idpdeeptech/pipeline/news_outputs/thequantuminsider_2024_01_12_iec_and_iso_launch_new_joint_technical_committee_on_quantum_432613bb/run.log

========================================================================
RUN FINISHED 2026-07-02 13:16:07  (OK)
Started:     2026-07-02 13:09:28
Elapsed:     6m 39s
========================================================================
