
========================================================================
RUN STARTED  2026-07-02 02:19:48
site_pipeline.py https://thequantuminsider.com/2020/08/06/ip-group-launches-12-million-investment-partnership-in-quantum-technology/
========================================================================

[02:19:48 +0s | thequantuminsider_2020_08_06_ip_group_launches_12_million_investment_partnership_in_quant_2992218e] === 0 crawl site ===
[02:19:49 +1s | thequantuminsider_2020_08_06_ip_group_launches_12_million_investment_partnership_in_quant_2992218e] [INIT].... → Crawl4AI 0.8.6 
[02:19:51 +3s | thequantuminsider_2020_08_06_ip_group_launches_12_million_investment_partnership_in_quant_2992218e] [FETCH]... ↓ https://thequantuminsider.com/2020/08/06/ip-grou...on-investment-partnership-in-quantum-technology/  | ✓ | ⏱: 1.77s 
[02:19:51 +3s | thequantuminsider_2020_08_06_ip_group_launches_12_million_investment_partnership_in_quant_2992218e] [SCRAPE].. ◆ https://thequantuminsider.com/2020/08/06/ip-grou...on-investment-partnership-in-quantum-technology/  | ✓ | ⏱: 0.08s 
[02:19:51 +3s | thequantuminsider_2020_08_06_ip_group_launches_12_million_investment_partnership_in_quant_2992218e] [COMPLETE] ● https://thequantuminsider.com/2020/08/06/ip-grou...on-investment-partnership-in-quantum-technology/  | ✓ | ⏱: 1.87s 
[02:19:51 +3s | thequantuminsider_2020_08_06_ip_group_launches_12_million_investment_partnership_in_quant_2992218e] Saved: crawl_output/28da173d6c_thequantuminsider.com_2020_08_06_ip-group-launches-12-million-investment-partnership-in-quantum-technology.json

[02:19:52 +3s | thequantuminsider_2020_08_06_ip_group_launches_12_million_investment_partnership_in_quant_2992218e] === 1 actor extraction ===
[02:19:52 +3s | thequantuminsider_2020_08_06_ip_group_launches_12_million_investment_partnership_in_quant_2992218e] Reading page (1/1): https://thequantuminsider.com/2020/08/06/ip-group-launches-12-million-investment-partnership-in-quantum-technology
[02:19:52 +3s | thequantuminsider_2020_08_06_ip_group_launches_12_million_investment_partnership_in_quant_2992218e] Extracting actors: https://thequantuminsider.com/2020/08/06/ip-group-launches-12-million-investment-partnership-in-quantum-technology (1/1), chunk 1/33
[02:19:56 +7s | thequantuminsider_2020_08_06_ip_group_launches_12_million_investment_partnership_in_quant_2992218e] Extracting actors: https://thequantuminsider.com/2020/08/06/ip-group-launches-12-million-investment-partnership-in-quantum-technology (1/1), chunk 2/33
[02:20:00 +12s | thequantuminsider_2020_08_06_ip_group_launches_12_million_investment_partnership_in_quant_2992218e] Extracting actors: https://thequantuminsider.com/2020/08/06/ip-group-launches-12-million-investment-partnership-in-quantum-technology (1/1), chunk 3/33
[02:20:05 +17s | thequantuminsider_2020_08_06_ip_group_launches_12_million_investment_partnership_in_quant_2992218e] Extracting actors: https://thequantuminsider.com/2020/08/06/ip-group-launches-12-million-investment-partnership-in-quantum-technology (1/1), chunk 4/33
[02:20:10 +21s | thequantuminsider_2020_08_06_ip_group_launches_12_million_investment_partnership_in_quant_2992218e] Extracting actors: https://thequantuminsider.com/2020/08/06/ip-group-launches-12-million-investment-partnership-in-quantum-technology (1/1), chunk 5/33
[02:20:18 +27s | thequantuminsider_2020_08_06_ip_group_launches_12_million_investment_partnership_in_quant_2992218e] Extracting actors: https://thequantuminsider.com/2020/08/06/ip-group-launches-12-million-investment-partnership-in-quantum-technology (1/1), chunk 6/33
[02:20:23 +32s | thequantuminsider_2020_08_06_ip_group_launches_12_million_investment_partnership_in_quant_2992218e] Extracting actors: https://thequantuminsider.com/2020/08/06/ip-group-launches-12-million-investment-partnership-in-quantum-technology (1/1), chunk 7/33
[02:20:29 +38s | thequantuminsider_2020_08_06_ip_group_launches_12_million_investment_partnership_in_quant_2992218e] Extracting actors: https://thequantuminsider.com/2020/08/06/ip-group-launches-12-million-investment-partnership-in-quantum-technology (1/1), chunk 8/33
[02:20:34 +43s | thequantuminsider_2020_08_06_ip_group_launches_12_million_investment_partnership_in_quant_2992218e] Extracting actors: https://thequantuminsider.com/2020/08/06/ip-group-launches-12-million-investment-partnership-in-quantum-technology (1/1), chunk 9/33
[02:20:39 +47s | thequantuminsider_2020_08_06_ip_group_launches_12_million_investment_partnership_in_quant_2992218e] Extracting actors: https://thequantuminsider.com/2020/08/06/ip-group-launches-12-million-investment-partnership-in-quantum-technology (1/1), chunk 10/33
[02:20:43 +52s | thequantuminsider_2020_08_06_ip_group_launches_12_million_investment_partnership_in_quant_2992218e] Extracting actors: https://thequantuminsider.com/2020/08/06/ip-group-launches-12-million-investment-partnership-in-quantum-technology (1/1), chunk 11/33
[02:20:51 +57s | thequantuminsider_2020_08_06_ip_group_launches_12_million_investment_partnership_in_quant_2992218e] Repaired malformed JSON.
[02:20:51 +57s | thequantuminsider_2020_08_06_ip_group_launches_12_million_investment_partnership_in_quant_2992218e] Extracting actors: https://thequantuminsider.com/2020/08/06/ip-group-launches-12-million-investment-partnership-in-quantum-technology (1/1), chunk 12/33
[02:20:58 +1m 4s | thequantuminsider_2020_08_06_ip_group_launches_12_million_investment_partnership_in_quant_2992218e] Repaired malformed JSON.
[02:20:58 +1m 4s | thequantuminsider_2020_08_06_ip_group_launches_12_million_investment_partnership_in_quant_2992218e] Extracting actors: https://thequantuminsider.com/2020/08/06/ip-group-launches-12-million-investment-partnership-in-quantum-technology (1/1), chunk 13/33
[02:21:06 +1m 12s | thequantuminsider_2020_08_06_ip_group_launches_12_million_investment_partnership_in_quant_2992218e] Repaired malformed JSON.
[02:21:06 +1m 12s | thequantuminsider_2020_08_06_ip_group_launches_12_million_investment_partnership_in_quant_2992218e] Extracting actors: https://thequantuminsider.com/2020/08/06/ip-group-launches-12-million-investment-partnership-in-quantum-technology (1/1), chunk 14/33
[02:21:12 +1m 18s | thequantuminsider_2020_08_06_ip_group_launches_12_million_investment_partnership_in_quant_2992218e] Repaired malformed JSON.
[02:21:12 +1m 18s | thequantuminsider_2020_08_06_ip_group_launches_12_million_investment_partnership_in_quant_2992218e] Extracting actors: https://thequantuminsider.com/2020/08/06/ip-group-launches-12-million-investment-partnership-in-quantum-technology (1/1), chunk 15/33
[02:21:17 +1m 23s | thequantuminsider_2020_08_06_ip_group_launches_12_million_investment_partnership_in_quant_2992218e] Repaired malformed JSON.
[02:21:17 +1m 23s | thequantuminsider_2020_08_06_ip_group_launches_12_million_investment_partnership_in_quant_2992218e] Extracting actors: https://thequantuminsider.com/2020/08/06/ip-group-launches-12-million-investment-partnership-in-quantum-technology (1/1), chunk 16/33
[02:21:26 +1m 29s | thequantuminsider_2020_08_06_ip_group_launches_12_million_investment_partnership_in_quant_2992218e] Repaired malformed JSON.
[02:21:26 +1m 29s | thequantuminsider_2020_08_06_ip_group_launches_12_million_investment_partnership_in_quant_2992218e] Extracting actors: https://thequantuminsider.com/2020/08/06/ip-group-launches-12-million-investment-partnership-in-quantum-technology (1/1), chunk 17/33
[02:21:33 +1m 36s | thequantuminsider_2020_08_06_ip_group_launches_12_million_investment_partnership_in_quant_2992218e] Repaired malformed JSON.
[02:21:33 +1m 36s | thequantuminsider_2020_08_06_ip_group_launches_12_million_investment_partnership_in_quant_2992218e] Extracting actors: https://thequantuminsider.com/2020/08/06/ip-group-launches-12-million-investment-partnership-in-quantum-technology (1/1), chunk 18/33
[02:21:39 +1m 42s | thequantuminsider_2020_08_06_ip_group_launches_12_million_investment_partnership_in_quant_2992218e] Repaired malformed JSON.
[02:21:39 +1m 42s | thequantuminsider_2020_08_06_ip_group_launches_12_million_investment_partnership_in_quant_2992218e] Extracting actors: https://thequantuminsider.com/2020/08/06/ip-group-launches-12-million-investment-partnership-in-quantum-technology (1/1), chunk 19/33
[02:21:45 +1m 48s | thequantuminsider_2020_08_06_ip_group_launches_12_million_investment_partnership_in_quant_2992218e] Repaired malformed JSON.
[02:21:45 +1m 48s | thequantuminsider_2020_08_06_ip_group_launches_12_million_investment_partnership_in_quant_2992218e] Extracting actors: https://thequantuminsider.com/2020/08/06/ip-group-launches-12-million-investment-partnership-in-quantum-technology (1/1), chunk 20/33
[02:21:52 +1m 55s | thequantuminsider_2020_08_06_ip_group_launches_12_million_investment_partnership_in_quant_2992218e] Repaired malformed JSON.
[02:21:52 +1m 55s | thequantuminsider_2020_08_06_ip_group_launches_12_million_investment_partnership_in_quant_2992218e] Extracting actors: https://thequantuminsider.com/2020/08/06/ip-group-launches-12-million-investment-partnership-in-quantum-technology (1/1), chunk 21/33
[02:22:01 +2m 1s | thequantuminsider_2020_08_06_ip_group_launches_12_million_investment_partnership_in_quant_2992218e] Repaired malformed JSON.
[02:22:01 +2m 1s | thequantuminsider_2020_08_06_ip_group_launches_12_million_investment_partnership_in_quant_2992218e] Extracting actors: https://thequantuminsider.com/2020/08/06/ip-group-launches-12-million-investment-partnership-in-quantum-technology (1/1), chunk 22/33
[02:22:08 +2m 8s | thequantuminsider_2020_08_06_ip_group_launches_12_million_investment_partnership_in_quant_2992218e] Repaired malformed JSON.
[02:22:08 +2m 8s | thequantuminsider_2020_08_06_ip_group_launches_12_million_investment_partnership_in_quant_2992218e] Extracting actors: https://thequantuminsider.com/2020/08/06/ip-group-launches-12-million-investment-partnership-in-quantum-technology (1/1), chunk 23/33
[02:22:14 +2m 14s | thequantuminsider_2020_08_06_ip_group_launches_12_million_investment_partnership_in_quant_2992218e] Repaired malformed JSON.
[02:22:14 +2m 14s | thequantuminsider_2020_08_06_ip_group_launches_12_million_investment_partnership_in_quant_2992218e] Extracting actors: https://thequantuminsider.com/2020/08/06/ip-group-launches-12-million-investment-partnership-in-quantum-technology (1/1), chunk 24/33
[02:22:21 +2m 21s | thequantuminsider_2020_08_06_ip_group_launches_12_million_investment_partnership_in_quant_2992218e] Repaired malformed JSON.
[02:22:21 +2m 21s | thequantuminsider_2020_08_06_ip_group_launches_12_million_investment_partnership_in_quant_2992218e] Extracting actors: https://thequantuminsider.com/2020/08/06/ip-group-launches-12-million-investment-partnership-in-quantum-technology (1/1), chunk 25/33
[02:22:25 +2m 25s | thequantuminsider_2020_08_06_ip_group_launches_12_million_investment_partnership_in_quant_2992218e] Extracting actors: https://thequantuminsider.com/2020/08/06/ip-group-launches-12-million-investment-partnership-in-quantum-technology (1/1), chunk 26/33
[02:22:30 +2m 30s | thequantuminsider_2020_08_06_ip_group_launches_12_million_investment_partnership_in_quant_2992218e] Extracting actors: https://thequantuminsider.com/2020/08/06/ip-group-launches-12-million-investment-partnership-in-quantum-technology (1/1), chunk 27/33
[02:22:39 +2m 36s | thequantuminsider_2020_08_06_ip_group_launches_12_million_investment_partnership_in_quant_2992218e] Repaired malformed JSON.
[02:22:39 +2m 36s | thequantuminsider_2020_08_06_ip_group_launches_12_million_investment_partnership_in_quant_2992218e] Extracting actors: https://thequantuminsider.com/2020/08/06/ip-group-launches-12-million-investment-partnership-in-quantum-technology (1/1), chunk 28/33
[02:22:40 +2m 38s | thequantuminsider_2020_08_06_ip_group_launches_12_million_investment_partnership_in_quant_2992218e] Extracting actors: https://thequantuminsider.com/2020/08/06/ip-group-launches-12-million-investment-partnership-in-quantum-technology (1/1), chunk 29/33
[02:22:42 +2m 39s | thequantuminsider_2020_08_06_ip_group_launches_12_million_investment_partnership_in_quant_2992218e] Extracting actors: https://thequantuminsider.com/2020/08/06/ip-group-launches-12-million-investment-partnership-in-quantum-technology (1/1), chunk 30/33
[02:22:44 +2m 41s | thequantuminsider_2020_08_06_ip_group_launches_12_million_investment_partnership_in_quant_2992218e] Extracting actors: https://thequantuminsider.com/2020/08/06/ip-group-launches-12-million-investment-partnership-in-quantum-technology (1/1), chunk 31/33
[02:22:51 +2m 48s | thequantuminsider_2020_08_06_ip_group_launches_12_million_investment_partnership_in_quant_2992218e] Repaired malformed JSON.
[02:22:51 +2m 48s | thequantuminsider_2020_08_06_ip_group_launches_12_million_investment_partnership_in_quant_2992218e] Extracting actors: https://thequantuminsider.com/2020/08/06/ip-group-launches-12-million-investment-partnership-in-quantum-technology (1/1), chunk 32/33
[02:22:56 +2m 53s | thequantuminsider_2020_08_06_ip_group_launches_12_million_investment_partnership_in_quant_2992218e] Repaired malformed JSON.
[02:22:56 +2m 53s | thequantuminsider_2020_08_06_ip_group_launches_12_million_investment_partnership_in_quant_2992218e] Extracting actors: https://thequantuminsider.com/2020/08/06/ip-group-launches-12-million-investment-partnership-in-quantum-technology (1/1), chunk 33/33
[02:23:01 +2m 58s | thequantuminsider_2020_08_06_ip_group_launches_12_million_investment_partnership_in_quant_2992218e] Saved 1_actor_results.json with 47 extracted records

[02:23:01 +2m 58s | thequantuminsider_2020_08_06_ip_group_launches_12_million_investment_partnership_in_quant_2992218e] === 2 clean actors ===
[02:23:01 +2m 58s | thequantuminsider_2020_08_06_ip_group_launches_12_million_investment_partnership_in_quant_2992218e] Loaded 47 extracted records
[02:23:01 +2m 58s | thequantuminsider_2020_08_06_ip_group_launches_12_million_investment_partnership_in_quant_2992218e] Saved 2_actor_nodes.json with 17 canonical actor nodes

[02:23:01 +2m 58s | thequantuminsider_2020_08_06_ip_group_launches_12_million_investment_partnership_in_quant_2992218e] === 3 interaction extraction ===
[02:23:01 +2m 58s | thequantuminsider_2020_08_06_ip_group_launches_12_million_investment_partnership_in_quant_2992218e] Extracting interactions: https://thequantuminsider.com/2020/08/06/ip-group-launches-12-million-investment-partnership-in-quantum-technology (1/1), chunk 11/33
[02:23:05 +3m 2s | thequantuminsider_2020_08_06_ip_group_launches_12_million_investment_partnership_in_quant_2992218e] Extracting interactions: https://thequantuminsider.com/2020/08/06/ip-group-launches-12-million-investment-partnership-in-quantum-technology (1/1), chunk 12/33
[02:23:16 +3m 10s | thequantuminsider_2020_08_06_ip_group_launches_12_million_investment_partnership_in_quant_2992218e] Extracting interactions: https://thequantuminsider.com/2020/08/06/ip-group-launches-12-million-investment-partnership-in-quantum-technology (1/1), chunk 13/33
[02:23:22 +3m 16s | thequantuminsider_2020_08_06_ip_group_launches_12_million_investment_partnership_in_quant_2992218e] Extracting interactions: https://thequantuminsider.com/2020/08/06/ip-group-launches-12-million-investment-partnership-in-quantum-technology (1/1), chunk 14/33
[02:23:28 +3m 22s | thequantuminsider_2020_08_06_ip_group_launches_12_million_investment_partnership_in_quant_2992218e] Extracting interactions: https://thequantuminsider.com/2020/08/06/ip-group-launches-12-million-investment-partnership-in-quantum-technology (1/1), chunk 15/33
[02:23:38 +3m 32s | thequantuminsider_2020_08_06_ip_group_launches_12_million_investment_partnership_in_quant_2992218e] Extracting interactions: https://thequantuminsider.com/2020/08/06/ip-group-launches-12-million-investment-partnership-in-quantum-technology (1/1), chunk 16/33
[02:23:47 +3m 38s | thequantuminsider_2020_08_06_ip_group_launches_12_million_investment_partnership_in_quant_2992218e] Extracting interactions: https://thequantuminsider.com/2020/08/06/ip-group-launches-12-million-investment-partnership-in-quantum-technology (1/1), chunk 17/33
[02:23:54 +3m 46s | thequantuminsider_2020_08_06_ip_group_launches_12_million_investment_partnership_in_quant_2992218e] Extracting interactions: https://thequantuminsider.com/2020/08/06/ip-group-launches-12-million-investment-partnership-in-quantum-technology (1/1), chunk 18/33
[02:23:56 +3m 48s | thequantuminsider_2020_08_06_ip_group_launches_12_million_investment_partnership_in_quant_2992218e] Extracting interactions: https://thequantuminsider.com/2020/08/06/ip-group-launches-12-million-investment-partnership-in-quantum-technology (1/1), chunk 19/33
[02:24:02 +3m 53s | thequantuminsider_2020_08_06_ip_group_launches_12_million_investment_partnership_in_quant_2992218e] Extracting interactions: https://thequantuminsider.com/2020/08/06/ip-group-launches-12-million-investment-partnership-in-quantum-technology (1/1), chunk 20/33
[02:24:12 +4m 3s | thequantuminsider_2020_08_06_ip_group_launches_12_million_investment_partnership_in_quant_2992218e] Extracting interactions: https://thequantuminsider.com/2020/08/06/ip-group-launches-12-million-investment-partnership-in-quantum-technology (1/1), chunk 21/33
[02:24:21 +4m 10s | thequantuminsider_2020_08_06_ip_group_launches_12_million_investment_partnership_in_quant_2992218e] Extracting interactions: https://thequantuminsider.com/2020/08/06/ip-group-launches-12-million-investment-partnership-in-quantum-technology (1/1), chunk 22/33
[02:24:34 +4m 22s | thequantuminsider_2020_08_06_ip_group_launches_12_million_investment_partnership_in_quant_2992218e] Extracting interactions: https://thequantuminsider.com/2020/08/06/ip-group-launches-12-million-investment-partnership-in-quantum-technology (1/1), chunk 23/33
[02:24:41 +4m 29s | thequantuminsider_2020_08_06_ip_group_launches_12_million_investment_partnership_in_quant_2992218e] Extracting interactions: https://thequantuminsider.com/2020/08/06/ip-group-launches-12-million-investment-partnership-in-quantum-technology (1/1), chunk 24/33
[02:24:45 +4m 33s | thequantuminsider_2020_08_06_ip_group_launches_12_million_investment_partnership_in_quant_2992218e] Extracting interactions: https://thequantuminsider.com/2020/08/06/ip-group-launches-12-million-investment-partnership-in-quantum-technology (1/1), chunk 27/33
[02:24:57 +4m 42s | thequantuminsider_2020_08_06_ip_group_launches_12_million_investment_partnership_in_quant_2992218e] Extracting interactions: https://thequantuminsider.com/2020/08/06/ip-group-launches-12-million-investment-partnership-in-quantum-technology (1/1), chunk 31/33
[02:24:58 +4m 44s | thequantuminsider_2020_08_06_ip_group_launches_12_million_investment_partnership_in_quant_2992218e] Extracting interactions: https://thequantuminsider.com/2020/08/06/ip-group-launches-12-million-investment-partnership-in-quantum-technology (1/1), chunk 32/33
[02:25:03 +4m 48s | thequantuminsider_2020_08_06_ip_group_launches_12_million_investment_partnership_in_quant_2992218e] Saved 3_interaction_results.json with 25 extracted interactions.

[02:25:03 +4m 48s | thequantuminsider_2020_08_06_ip_group_launches_12_million_investment_partnership_in_quant_2992218e] === 4 clean interactions ===
[02:25:03 +4m 48s | thequantuminsider_2020_08_06_ip_group_launches_12_million_investment_partnership_in_quant_2992218e] Saved 4_edges.json with 0 cleaned interactions.

[02:25:03 +4m 48s | thequantuminsider_2020_08_06_ip_group_launches_12_million_investment_partnership_in_quant_2992218e] === 5 helix enrichment ===
[02:25:03 +4m 48s | thequantuminsider_2020_08_06_ip_group_launches_12_million_investment_partnership_in_quant_2992218e] Wrote 5_nodes.json (17 actors)
[02:25:03 +4m 48s | thequantuminsider_2020_08_06_ip_group_launches_12_million_investment_partnership_in_quant_2992218e] Wrote 5_edges.json (0 interactions)
[02:25:03 +4m 48s | thequantuminsider_2020_08_06_ip_group_launches_12_million_investment_partnership_in_quant_2992218e] Actor helix counts: {'Academia': 1, 'Civil Society': 3, 'Government': 4, 'Industry': 6, 'Unknown': 3}
[02:25:03 +4m 48s | thequantuminsider_2020_08_06_ip_group_launches_12_million_investment_partnership_in_quant_2992218e] Functional-space counts: {}

[02:25:03 +4m 48s | thequantuminsider_2020_08_06_ip_group_launches_12_million_investment_partnership_in_quant_2992218e] === 6 network visualisation ===
[02:25:03 +4m 48s | thequantuminsider_2020_08_06_ip_group_launches_12_million_investment_partnership_in_quant_2992218e] Wrote quantum_network.html
[02:25:03 +4m 48s | thequantuminsider_2020_08_06_ip_group_launches_12_million_investment_partnership_in_quant_2992218e] Nodes: 17
[02:25:03 +4m 48s | thequantuminsider_2020_08_06_ip_group_launches_12_million_investment_partnership_in_quant_2992218e] Edges: 0

[02:25:03 +4m 49s | thequantuminsider_2020_08_06_ip_group_launches_12_million_investment_partnership_in_quant_2992218e] Done. Outputs written to: /home/lv/IDP/idpdeeptech/pipeline/news_outputs/thequantuminsider_2020_08_06_ip_group_launches_12_million_investment_partnership_in_quant_2992218e
[02:25:03 +4m 49s | thequantuminsider_2020_08_06_ip_group_launches_12_million_investment_partnership_in_quant_2992218e] Log: /home/lv/IDP/idpdeeptech/pipeline/news_outputs/thequantuminsider_2020_08_06_ip_group_launches_12_million_investment_partnership_in_quant_2992218e/run.log

========================================================================
RUN FINISHED 2026-07-02 02:25:03  (OK)
Started:     2026-07-02 02:19:48
Elapsed:     4m 49s
========================================================================
