
========================================================================
RUN STARTED  2026-07-02 06:07:33
site_pipeline.py https://thequantuminsider.com/2024/03/28/economist-impact-presents-3rd-annual-commercialising-quantum-global-summit/
========================================================================

[06:07:33 +0s | thequantuminsider_2024_03_28_economist_impact_presents_3rd_annual_commercialising_quantum_dfb5d5f9] === 0 crawl site ===
[06:07:34 +1s | thequantuminsider_2024_03_28_economist_impact_presents_3rd_annual_commercialising_quantum_dfb5d5f9] [INIT].... → Crawl4AI 0.8.6 
[06:07:38 +5s | thequantuminsider_2024_03_28_economist_impact_presents_3rd_annual_commercialising_quantum_dfb5d5f9] [FETCH]... ↓ https://thequantuminsider.com/2024/03/28/economi...rd-annual-commercialising-quantum-global-summit/  | ✓ | ⏱: 3.32s 
[06:07:38 +5s | thequantuminsider_2024_03_28_economist_impact_presents_3rd_annual_commercialising_quantum_dfb5d5f9] [SCRAPE].. ◆ https://thequantuminsider.com/2024/03/28/economi...rd-annual-commercialising-quantum-global-summit/  | ✓ | ⏱: 0.10s 
[06:07:38 +5s | thequantuminsider_2024_03_28_economist_impact_presents_3rd_annual_commercialising_quantum_dfb5d5f9] [COMPLETE] ● https://thequantuminsider.com/2024/03/28/economi...rd-annual-commercialising-quantum-global-summit/  | ✓ | ⏱: 3.43s 
[06:07:38 +5s | thequantuminsider_2024_03_28_economist_impact_presents_3rd_annual_commercialising_quantum_dfb5d5f9] Saved: crawl_output/a1901f1886_thequantuminsider.com_2024_03_28_economist-impact-presents-3rd-annual-commercialising-quantum-global-summit.json

[06:07:38 +5s | thequantuminsider_2024_03_28_economist_impact_presents_3rd_annual_commercialising_quantum_dfb5d5f9] === 1 actor extraction ===
[06:07:38 +5s | thequantuminsider_2024_03_28_economist_impact_presents_3rd_annual_commercialising_quantum_dfb5d5f9] Reading page (1/1): https://thequantuminsider.com/2024/03/28/economist-impact-presents-3rd-annual-commercialising-quantum-global-summit
[06:07:38 +5s | thequantuminsider_2024_03_28_economist_impact_presents_3rd_annual_commercialising_quantum_dfb5d5f9] Extracting actors: https://thequantuminsider.com/2024/03/28/economist-impact-presents-3rd-annual-commercialising-quantum-global-summit (1/1), chunk 1/39
[06:07:44 +10s | thequantuminsider_2024_03_28_economist_impact_presents_3rd_annual_commercialising_quantum_dfb5d5f9] Extracting actors: https://thequantuminsider.com/2024/03/28/economist-impact-presents-3rd-annual-commercialising-quantum-global-summit (1/1), chunk 2/39
[06:07:49 +16s | thequantuminsider_2024_03_28_economist_impact_presents_3rd_annual_commercialising_quantum_dfb5d5f9] Extracting actors: https://thequantuminsider.com/2024/03/28/economist-impact-presents-3rd-annual-commercialising-quantum-global-summit (1/1), chunk 3/39
[06:07:54 +21s | thequantuminsider_2024_03_28_economist_impact_presents_3rd_annual_commercialising_quantum_dfb5d5f9] Extracting actors: https://thequantuminsider.com/2024/03/28/economist-impact-presents-3rd-annual-commercialising-quantum-global-summit (1/1), chunk 4/39
[06:08:00 +27s | thequantuminsider_2024_03_28_economist_impact_presents_3rd_annual_commercialising_quantum_dfb5d5f9] Extracting actors: https://thequantuminsider.com/2024/03/28/economist-impact-presents-3rd-annual-commercialising-quantum-global-summit (1/1), chunk 5/39
[06:08:04 +31s | thequantuminsider_2024_03_28_economist_impact_presents_3rd_annual_commercialising_quantum_dfb5d5f9] Extracting actors: https://thequantuminsider.com/2024/03/28/economist-impact-presents-3rd-annual-commercialising-quantum-global-summit (1/1), chunk 6/39
[06:08:09 +35s | thequantuminsider_2024_03_28_economist_impact_presents_3rd_annual_commercialising_quantum_dfb5d5f9] Extracting actors: https://thequantuminsider.com/2024/03/28/economist-impact-presents-3rd-annual-commercialising-quantum-global-summit (1/1), chunk 7/39
[06:08:13 +40s | thequantuminsider_2024_03_28_economist_impact_presents_3rd_annual_commercialising_quantum_dfb5d5f9] Extracting actors: https://thequantuminsider.com/2024/03/28/economist-impact-presents-3rd-annual-commercialising-quantum-global-summit (1/1), chunk 8/39
[06:08:18 +45s | thequantuminsider_2024_03_28_economist_impact_presents_3rd_annual_commercialising_quantum_dfb5d5f9] Extracting actors: https://thequantuminsider.com/2024/03/28/economist-impact-presents-3rd-annual-commercialising-quantum-global-summit (1/1), chunk 9/39
[06:08:23 +50s | thequantuminsider_2024_03_28_economist_impact_presents_3rd_annual_commercialising_quantum_dfb5d5f9] Extracting actors: https://thequantuminsider.com/2024/03/28/economist-impact-presents-3rd-annual-commercialising-quantum-global-summit (1/1), chunk 10/39
[06:08:28 +55s | thequantuminsider_2024_03_28_economist_impact_presents_3rd_annual_commercialising_quantum_dfb5d5f9] Extracting actors: https://thequantuminsider.com/2024/03/28/economist-impact-presents-3rd-annual-commercialising-quantum-global-summit (1/1), chunk 11/39
[06:08:37 +1m 4s | thequantuminsider_2024_03_28_economist_impact_presents_3rd_annual_commercialising_quantum_dfb5d5f9] Repaired malformed JSON.
[06:08:37 +1m 4s | thequantuminsider_2024_03_28_economist_impact_presents_3rd_annual_commercialising_quantum_dfb5d5f9] Extracting actors: https://thequantuminsider.com/2024/03/28/economist-impact-presents-3rd-annual-commercialising-quantum-global-summit (1/1), chunk 12/39
[06:08:46 +1m 13s | thequantuminsider_2024_03_28_economist_impact_presents_3rd_annual_commercialising_quantum_dfb5d5f9] Repaired malformed JSON.
[06:08:46 +1m 13s | thequantuminsider_2024_03_28_economist_impact_presents_3rd_annual_commercialising_quantum_dfb5d5f9] Extracting actors: https://thequantuminsider.com/2024/03/28/economist-impact-presents-3rd-annual-commercialising-quantum-global-summit (1/1), chunk 13/39
[06:08:52 +1m 19s | thequantuminsider_2024_03_28_economist_impact_presents_3rd_annual_commercialising_quantum_dfb5d5f9] Repaired malformed JSON.
[06:08:52 +1m 19s | thequantuminsider_2024_03_28_economist_impact_presents_3rd_annual_commercialising_quantum_dfb5d5f9] Extracting actors: https://thequantuminsider.com/2024/03/28/economist-impact-presents-3rd-annual-commercialising-quantum-global-summit (1/1), chunk 14/39
[06:09:00 +1m 27s | thequantuminsider_2024_03_28_economist_impact_presents_3rd_annual_commercialising_quantum_dfb5d5f9] Repaired malformed JSON.
[06:09:00 +1m 27s | thequantuminsider_2024_03_28_economist_impact_presents_3rd_annual_commercialising_quantum_dfb5d5f9] Extracting actors: https://thequantuminsider.com/2024/03/28/economist-impact-presents-3rd-annual-commercialising-quantum-global-summit (1/1), chunk 15/39
[06:09:07 +1m 33s | thequantuminsider_2024_03_28_economist_impact_presents_3rd_annual_commercialising_quantum_dfb5d5f9] Repaired malformed JSON.
[06:09:07 +1m 33s | thequantuminsider_2024_03_28_economist_impact_presents_3rd_annual_commercialising_quantum_dfb5d5f9] Extracting actors: https://thequantuminsider.com/2024/03/28/economist-impact-presents-3rd-annual-commercialising-quantum-global-summit (1/1), chunk 16/39
[06:09:16 +1m 43s | thequantuminsider_2024_03_28_economist_impact_presents_3rd_annual_commercialising_quantum_dfb5d5f9] Repaired malformed JSON.
[06:09:16 +1m 43s | thequantuminsider_2024_03_28_economist_impact_presents_3rd_annual_commercialising_quantum_dfb5d5f9] Extracting actors: https://thequantuminsider.com/2024/03/28/economist-impact-presents-3rd-annual-commercialising-quantum-global-summit (1/1), chunk 17/39
[06:09:24 +1m 51s | thequantuminsider_2024_03_28_economist_impact_presents_3rd_annual_commercialising_quantum_dfb5d5f9] Repaired malformed JSON.
[06:09:24 +1m 51s | thequantuminsider_2024_03_28_economist_impact_presents_3rd_annual_commercialising_quantum_dfb5d5f9] Extracting actors: https://thequantuminsider.com/2024/03/28/economist-impact-presents-3rd-annual-commercialising-quantum-global-summit (1/1), chunk 18/39
[06:09:32 +1m 59s | thequantuminsider_2024_03_28_economist_impact_presents_3rd_annual_commercialising_quantum_dfb5d5f9] Repaired malformed JSON.
[06:09:32 +1m 59s | thequantuminsider_2024_03_28_economist_impact_presents_3rd_annual_commercialising_quantum_dfb5d5f9] Extracting actors: https://thequantuminsider.com/2024/03/28/economist-impact-presents-3rd-annual-commercialising-quantum-global-summit (1/1), chunk 19/39
[06:09:37 +2m 4s | thequantuminsider_2024_03_28_economist_impact_presents_3rd_annual_commercialising_quantum_dfb5d5f9] Repaired malformed JSON.
[06:09:37 +2m 4s | thequantuminsider_2024_03_28_economist_impact_presents_3rd_annual_commercialising_quantum_dfb5d5f9] Extracting actors: https://thequantuminsider.com/2024/03/28/economist-impact-presents-3rd-annual-commercialising-quantum-global-summit (1/1), chunk 20/39
[06:09:43 +2m 10s | thequantuminsider_2024_03_28_economist_impact_presents_3rd_annual_commercialising_quantum_dfb5d5f9] Repaired malformed JSON.
[06:09:43 +2m 10s | thequantuminsider_2024_03_28_economist_impact_presents_3rd_annual_commercialising_quantum_dfb5d5f9] Extracting actors: https://thequantuminsider.com/2024/03/28/economist-impact-presents-3rd-annual-commercialising-quantum-global-summit (1/1), chunk 21/39
[06:09:49 +2m 16s | thequantuminsider_2024_03_28_economist_impact_presents_3rd_annual_commercialising_quantum_dfb5d5f9] Repaired malformed JSON.
[06:09:49 +2m 16s | thequantuminsider_2024_03_28_economist_impact_presents_3rd_annual_commercialising_quantum_dfb5d5f9] Extracting actors: https://thequantuminsider.com/2024/03/28/economist-impact-presents-3rd-annual-commercialising-quantum-global-summit (1/1), chunk 22/39
[06:09:56 +2m 23s | thequantuminsider_2024_03_28_economist_impact_presents_3rd_annual_commercialising_quantum_dfb5d5f9] Repaired malformed JSON.
[06:09:56 +2m 23s | thequantuminsider_2024_03_28_economist_impact_presents_3rd_annual_commercialising_quantum_dfb5d5f9] Extracting actors: https://thequantuminsider.com/2024/03/28/economist-impact-presents-3rd-annual-commercialising-quantum-global-summit (1/1), chunk 23/39
[06:10:02 +2m 29s | thequantuminsider_2024_03_28_economist_impact_presents_3rd_annual_commercialising_quantum_dfb5d5f9] Repaired malformed JSON.
[06:10:02 +2m 29s | thequantuminsider_2024_03_28_economist_impact_presents_3rd_annual_commercialising_quantum_dfb5d5f9] Extracting actors: https://thequantuminsider.com/2024/03/28/economist-impact-presents-3rd-annual-commercialising-quantum-global-summit (1/1), chunk 24/39
[06:10:08 +2m 35s | thequantuminsider_2024_03_28_economist_impact_presents_3rd_annual_commercialising_quantum_dfb5d5f9] Repaired malformed JSON.
[06:10:08 +2m 35s | thequantuminsider_2024_03_28_economist_impact_presents_3rd_annual_commercialising_quantum_dfb5d5f9] Extracting actors: https://thequantuminsider.com/2024/03/28/economist-impact-presents-3rd-annual-commercialising-quantum-global-summit (1/1), chunk 25/39
[06:10:15 +2m 42s | thequantuminsider_2024_03_28_economist_impact_presents_3rd_annual_commercialising_quantum_dfb5d5f9] Repaired malformed JSON.
[06:10:15 +2m 42s | thequantuminsider_2024_03_28_economist_impact_presents_3rd_annual_commercialising_quantum_dfb5d5f9] Extracting actors: https://thequantuminsider.com/2024/03/28/economist-impact-presents-3rd-annual-commercialising-quantum-global-summit (1/1), chunk 26/39
[06:10:23 +2m 49s | thequantuminsider_2024_03_28_economist_impact_presents_3rd_annual_commercialising_quantum_dfb5d5f9] Repaired malformed JSON.
[06:10:23 +2m 49s | thequantuminsider_2024_03_28_economist_impact_presents_3rd_annual_commercialising_quantum_dfb5d5f9] Extracting actors: https://thequantuminsider.com/2024/03/28/economist-impact-presents-3rd-annual-commercialising-quantum-global-summit (1/1), chunk 27/39
[06:10:28 +2m 55s | thequantuminsider_2024_03_28_economist_impact_presents_3rd_annual_commercialising_quantum_dfb5d5f9] Extracting actors: https://thequantuminsider.com/2024/03/28/economist-impact-presents-3rd-annual-commercialising-quantum-global-summit (1/1), chunk 28/39
[06:10:34 +3m 1s | thequantuminsider_2024_03_28_economist_impact_presents_3rd_annual_commercialising_quantum_dfb5d5f9] Extracting actors: https://thequantuminsider.com/2024/03/28/economist-impact-presents-3rd-annual-commercialising-quantum-global-summit (1/1), chunk 29/39
[06:10:38 +3m 5s | thequantuminsider_2024_03_28_economist_impact_presents_3rd_annual_commercialising_quantum_dfb5d5f9] Extracting actors: https://thequantuminsider.com/2024/03/28/economist-impact-presents-3rd-annual-commercialising-quantum-global-summit (1/1), chunk 30/39
[06:10:42 +3m 9s | thequantuminsider_2024_03_28_economist_impact_presents_3rd_annual_commercialising_quantum_dfb5d5f9] Extracting actors: https://thequantuminsider.com/2024/03/28/economist-impact-presents-3rd-annual-commercialising-quantum-global-summit (1/1), chunk 31/39
[06:10:51 +3m 18s | thequantuminsider_2024_03_28_economist_impact_presents_3rd_annual_commercialising_quantum_dfb5d5f9] Repaired malformed JSON.
[06:10:51 +3m 18s | thequantuminsider_2024_03_28_economist_impact_presents_3rd_annual_commercialising_quantum_dfb5d5f9] Extracting actors: https://thequantuminsider.com/2024/03/28/economist-impact-presents-3rd-annual-commercialising-quantum-global-summit (1/1), chunk 32/39
[06:10:58 +3m 24s | thequantuminsider_2024_03_28_economist_impact_presents_3rd_annual_commercialising_quantum_dfb5d5f9] Repaired malformed JSON.
[06:10:58 +3m 24s | thequantuminsider_2024_03_28_economist_impact_presents_3rd_annual_commercialising_quantum_dfb5d5f9] Extracting actors: https://thequantuminsider.com/2024/03/28/economist-impact-presents-3rd-annual-commercialising-quantum-global-summit (1/1), chunk 33/39
[06:11:04 +3m 31s | thequantuminsider_2024_03_28_economist_impact_presents_3rd_annual_commercialising_quantum_dfb5d5f9] Repaired malformed JSON.
[06:11:04 +3m 31s | thequantuminsider_2024_03_28_economist_impact_presents_3rd_annual_commercialising_quantum_dfb5d5f9] Extracting actors: https://thequantuminsider.com/2024/03/28/economist-impact-presents-3rd-annual-commercialising-quantum-global-summit (1/1), chunk 34/39
[06:11:10 +3m 37s | thequantuminsider_2024_03_28_economist_impact_presents_3rd_annual_commercialising_quantum_dfb5d5f9] Repaired malformed JSON.
[06:11:10 +3m 37s | thequantuminsider_2024_03_28_economist_impact_presents_3rd_annual_commercialising_quantum_dfb5d5f9] Extracting actors: https://thequantuminsider.com/2024/03/28/economist-impact-presents-3rd-annual-commercialising-quantum-global-summit (1/1), chunk 35/39
[06:11:16 +3m 42s | thequantuminsider_2024_03_28_economist_impact_presents_3rd_annual_commercialising_quantum_dfb5d5f9] Repaired malformed JSON.
[06:11:16 +3m 42s | thequantuminsider_2024_03_28_economist_impact_presents_3rd_annual_commercialising_quantum_dfb5d5f9] Extracting actors: https://thequantuminsider.com/2024/03/28/economist-impact-presents-3rd-annual-commercialising-quantum-global-summit (1/1), chunk 36/39
[06:11:21 +3m 48s | thequantuminsider_2024_03_28_economist_impact_presents_3rd_annual_commercialising_quantum_dfb5d5f9] Repaired malformed JSON.
[06:11:21 +3m 48s | thequantuminsider_2024_03_28_economist_impact_presents_3rd_annual_commercialising_quantum_dfb5d5f9] Extracting actors: https://thequantuminsider.com/2024/03/28/economist-impact-presents-3rd-annual-commercialising-quantum-global-summit (1/1), chunk 37/39
[06:11:29 +3m 56s | thequantuminsider_2024_03_28_economist_impact_presents_3rd_annual_commercialising_quantum_dfb5d5f9] Repaired malformed JSON.
[06:11:29 +3m 56s | thequantuminsider_2024_03_28_economist_impact_presents_3rd_annual_commercialising_quantum_dfb5d5f9] Extracting actors: https://thequantuminsider.com/2024/03/28/economist-impact-presents-3rd-annual-commercialising-quantum-global-summit (1/1), chunk 38/39
[06:11:36 +4m 3s | thequantuminsider_2024_03_28_economist_impact_presents_3rd_annual_commercialising_quantum_dfb5d5f9] Repaired malformed JSON.
[06:11:36 +4m 3s | thequantuminsider_2024_03_28_economist_impact_presents_3rd_annual_commercialising_quantum_dfb5d5f9] Extracting actors: https://thequantuminsider.com/2024/03/28/economist-impact-presents-3rd-annual-commercialising-quantum-global-summit (1/1), chunk 39/39
[06:11:45 +4m 12s | thequantuminsider_2024_03_28_economist_impact_presents_3rd_annual_commercialising_quantum_dfb5d5f9] Repaired malformed JSON.
[06:11:45 +4m 12s | thequantuminsider_2024_03_28_economist_impact_presents_3rd_annual_commercialising_quantum_dfb5d5f9] Saved 1_actor_results.json with 60 extracted records

[06:11:45 +4m 12s | thequantuminsider_2024_03_28_economist_impact_presents_3rd_annual_commercialising_quantum_dfb5d5f9] === 2 clean actors ===
[06:11:45 +4m 12s | thequantuminsider_2024_03_28_economist_impact_presents_3rd_annual_commercialising_quantum_dfb5d5f9] Loaded 60 extracted records
[06:11:45 +4m 12s | thequantuminsider_2024_03_28_economist_impact_presents_3rd_annual_commercialising_quantum_dfb5d5f9] Saved 2_actor_nodes.json with 24 canonical actor nodes

[06:11:45 +4m 12s | thequantuminsider_2024_03_28_economist_impact_presents_3rd_annual_commercialising_quantum_dfb5d5f9] === 3 interaction extraction ===
[06:11:45 +4m 12s | thequantuminsider_2024_03_28_economist_impact_presents_3rd_annual_commercialising_quantum_dfb5d5f9] Extracting interactions: https://thequantuminsider.com/2024/03/28/economist-impact-presents-3rd-annual-commercialising-quantum-global-summit (1/1), chunk 11/39
[06:11:51 +4m 18s | thequantuminsider_2024_03_28_economist_impact_presents_3rd_annual_commercialising_quantum_dfb5d5f9] Extracting interactions: https://thequantuminsider.com/2024/03/28/economist-impact-presents-3rd-annual-commercialising-quantum-global-summit (1/1), chunk 12/39
[06:11:55 +4m 22s | thequantuminsider_2024_03_28_economist_impact_presents_3rd_annual_commercialising_quantum_dfb5d5f9] Extracting interactions: https://thequantuminsider.com/2024/03/28/economist-impact-presents-3rd-annual-commercialising-quantum-global-summit (1/1), chunk 13/39
[06:12:07 +4m 34s | thequantuminsider_2024_03_28_economist_impact_presents_3rd_annual_commercialising_quantum_dfb5d5f9] Extracting interactions: https://thequantuminsider.com/2024/03/28/economist-impact-presents-3rd-annual-commercialising-quantum-global-summit (1/1), chunk 14/39
[06:12:20 +4m 46s | thequantuminsider_2024_03_28_economist_impact_presents_3rd_annual_commercialising_quantum_dfb5d5f9] Extracting interactions: https://thequantuminsider.com/2024/03/28/economist-impact-presents-3rd-annual-commercialising-quantum-global-summit (1/1), chunk 15/39
[06:12:29 +4m 56s | thequantuminsider_2024_03_28_economist_impact_presents_3rd_annual_commercialising_quantum_dfb5d5f9] Extracting interactions: https://thequantuminsider.com/2024/03/28/economist-impact-presents-3rd-annual-commercialising-quantum-global-summit (1/1), chunk 16/39
[06:12:34 +5m 1s | thequantuminsider_2024_03_28_economist_impact_presents_3rd_annual_commercialising_quantum_dfb5d5f9] Extracting interactions: https://thequantuminsider.com/2024/03/28/economist-impact-presents-3rd-annual-commercialising-quantum-global-summit (1/1), chunk 17/39
[06:12:38 +5m 5s | thequantuminsider_2024_03_28_economist_impact_presents_3rd_annual_commercialising_quantum_dfb5d5f9] Extracting interactions: https://thequantuminsider.com/2024/03/28/economist-impact-presents-3rd-annual-commercialising-quantum-global-summit (1/1), chunk 18/39
[06:12:43 +5m 10s | thequantuminsider_2024_03_28_economist_impact_presents_3rd_annual_commercialising_quantum_dfb5d5f9] Extracting interactions: https://thequantuminsider.com/2024/03/28/economist-impact-presents-3rd-annual-commercialising-quantum-global-summit (1/1), chunk 19/39
[06:12:51 +5m 18s | thequantuminsider_2024_03_28_economist_impact_presents_3rd_annual_commercialising_quantum_dfb5d5f9] Extracting interactions: https://thequantuminsider.com/2024/03/28/economist-impact-presents-3rd-annual-commercialising-quantum-global-summit (1/1), chunk 20/39
[06:13:00 +5m 27s | thequantuminsider_2024_03_28_economist_impact_presents_3rd_annual_commercialising_quantum_dfb5d5f9] Extracting interactions: https://thequantuminsider.com/2024/03/28/economist-impact-presents-3rd-annual-commercialising-quantum-global-summit (1/1), chunk 21/39
[06:13:17 +5m 44s | thequantuminsider_2024_03_28_economist_impact_presents_3rd_annual_commercialising_quantum_dfb5d5f9] Extracting interactions: https://thequantuminsider.com/2024/03/28/economist-impact-presents-3rd-annual-commercialising-quantum-global-summit (1/1), chunk 22/39
[06:13:26 +5m 53s | thequantuminsider_2024_03_28_economist_impact_presents_3rd_annual_commercialising_quantum_dfb5d5f9] Extracting interactions: https://thequantuminsider.com/2024/03/28/economist-impact-presents-3rd-annual-commercialising-quantum-global-summit (1/1), chunk 23/39
[06:13:32 +5m 59s | thequantuminsider_2024_03_28_economist_impact_presents_3rd_annual_commercialising_quantum_dfb5d5f9] Extracting interactions: https://thequantuminsider.com/2024/03/28/economist-impact-presents-3rd-annual-commercialising-quantum-global-summit (1/1), chunk 24/39
[06:13:41 +6m 8s | thequantuminsider_2024_03_28_economist_impact_presents_3rd_annual_commercialising_quantum_dfb5d5f9] Extracting interactions: https://thequantuminsider.com/2024/03/28/economist-impact-presents-3rd-annual-commercialising-quantum-global-summit (1/1), chunk 25/39
[06:13:45 +6m 11s | thequantuminsider_2024_03_28_economist_impact_presents_3rd_annual_commercialising_quantum_dfb5d5f9] Extracting interactions: https://thequantuminsider.com/2024/03/28/economist-impact-presents-3rd-annual-commercialising-quantum-global-summit (1/1), chunk 28/39
[06:13:49 +6m 16s | thequantuminsider_2024_03_28_economist_impact_presents_3rd_annual_commercialising_quantum_dfb5d5f9] Extracting interactions: https://thequantuminsider.com/2024/03/28/economist-impact-presents-3rd-annual-commercialising-quantum-global-summit (1/1), chunk 29/39
[06:14:20 +6m 46s | thequantuminsider_2024_03_28_economist_impact_presents_3rd_annual_commercialising_quantum_dfb5d5f9] Extracting interactions: https://thequantuminsider.com/2024/03/28/economist-impact-presents-3rd-annual-commercialising-quantum-global-summit (1/1), chunk 30/39
[06:14:21 +6m 48s | thequantuminsider_2024_03_28_economist_impact_presents_3rd_annual_commercialising_quantum_dfb5d5f9] Extracting interactions: https://thequantuminsider.com/2024/03/28/economist-impact-presents-3rd-annual-commercialising-quantum-global-summit (1/1), chunk 31/39
[06:14:22 +6m 49s | thequantuminsider_2024_03_28_economist_impact_presents_3rd_annual_commercialising_quantum_dfb5d5f9] Extracting interactions: https://thequantuminsider.com/2024/03/28/economist-impact-presents-3rd-annual-commercialising-quantum-global-summit (1/1), chunk 32/39
[06:14:24 +6m 51s | thequantuminsider_2024_03_28_economist_impact_presents_3rd_annual_commercialising_quantum_dfb5d5f9] Extracting interactions: https://thequantuminsider.com/2024/03/28/economist-impact-presents-3rd-annual-commercialising-quantum-global-summit (1/1), chunk 33/39
[06:14:26 +6m 53s | thequantuminsider_2024_03_28_economist_impact_presents_3rd_annual_commercialising_quantum_dfb5d5f9] Extracting interactions: https://thequantuminsider.com/2024/03/28/economist-impact-presents-3rd-annual-commercialising-quantum-global-summit (1/1), chunk 34/39
[06:14:28 +6m 55s | thequantuminsider_2024_03_28_economist_impact_presents_3rd_annual_commercialising_quantum_dfb5d5f9] Extracting interactions: https://thequantuminsider.com/2024/03/28/economist-impact-presents-3rd-annual-commercialising-quantum-global-summit (1/1), chunk 35/39
[06:14:29 +6m 56s | thequantuminsider_2024_03_28_economist_impact_presents_3rd_annual_commercialising_quantum_dfb5d5f9] Extracting interactions: https://thequantuminsider.com/2024/03/28/economist-impact-presents-3rd-annual-commercialising-quantum-global-summit (1/1), chunk 36/39
[06:14:31 +6m 58s | thequantuminsider_2024_03_28_economist_impact_presents_3rd_annual_commercialising_quantum_dfb5d5f9] Extracting interactions: https://thequantuminsider.com/2024/03/28/economist-impact-presents-3rd-annual-commercialising-quantum-global-summit (1/1), chunk 37/39
[06:14:33 +7m 0s | thequantuminsider_2024_03_28_economist_impact_presents_3rd_annual_commercialising_quantum_dfb5d5f9] Extracting interactions: https://thequantuminsider.com/2024/03/28/economist-impact-presents-3rd-annual-commercialising-quantum-global-summit (1/1), chunk 38/39
[06:14:53 +7m 20s | thequantuminsider_2024_03_28_economist_impact_presents_3rd_annual_commercialising_quantum_dfb5d5f9] Extracting interactions: https://thequantuminsider.com/2024/03/28/economist-impact-presents-3rd-annual-commercialising-quantum-global-summit (1/1), chunk 39/39
[06:14:55 +7m 21s | thequantuminsider_2024_03_28_economist_impact_presents_3rd_annual_commercialising_quantum_dfb5d5f9] Saved 3_interaction_results.json with 36 extracted interactions.

[06:14:55 +7m 22s | thequantuminsider_2024_03_28_economist_impact_presents_3rd_annual_commercialising_quantum_dfb5d5f9] === 4 clean interactions ===
[06:14:55 +7m 22s | thequantuminsider_2024_03_28_economist_impact_presents_3rd_annual_commercialising_quantum_dfb5d5f9] Saved 4_edges.json with 1 cleaned interactions.

[06:14:55 +7m 22s | thequantuminsider_2024_03_28_economist_impact_presents_3rd_annual_commercialising_quantum_dfb5d5f9] === 5 helix enrichment ===
[06:14:55 +7m 22s | thequantuminsider_2024_03_28_economist_impact_presents_3rd_annual_commercialising_quantum_dfb5d5f9] Wrote 5_nodes.json (24 actors)
[06:14:55 +7m 22s | thequantuminsider_2024_03_28_economist_impact_presents_3rd_annual_commercialising_quantum_dfb5d5f9] Wrote 5_edges.json (1 interactions)
[06:14:55 +7m 22s | thequantuminsider_2024_03_28_economist_impact_presents_3rd_annual_commercialising_quantum_dfb5d5f9] Actor helix counts: {'Academia': 2, 'Civil Society': 3, 'Government': 4, 'Industry': 4, 'Intermediary': 1, 'Unknown': 10}
[06:14:55 +7m 22s | thequantuminsider_2024_03_28_economist_impact_presents_3rd_annual_commercialising_quantum_dfb5d5f9] Functional-space counts: {'Public': 1}

[06:14:55 +7m 22s | thequantuminsider_2024_03_28_economist_impact_presents_3rd_annual_commercialising_quantum_dfb5d5f9] === 6 network visualisation ===
[06:14:55 +7m 22s | thequantuminsider_2024_03_28_economist_impact_presents_3rd_annual_commercialising_quantum_dfb5d5f9] Wrote quantum_network.html
[06:14:55 +7m 22s | thequantuminsider_2024_03_28_economist_impact_presents_3rd_annual_commercialising_quantum_dfb5d5f9] Nodes: 24
[06:14:55 +7m 22s | thequantuminsider_2024_03_28_economist_impact_presents_3rd_annual_commercialising_quantum_dfb5d5f9] Edges: 1

[06:14:55 +7m 22s | thequantuminsider_2024_03_28_economist_impact_presents_3rd_annual_commercialising_quantum_dfb5d5f9] Done. Outputs written to: /home/lv/IDP/idpdeeptech/pipeline/news_outputs/thequantuminsider_2024_03_28_economist_impact_presents_3rd_annual_commercialising_quantum_dfb5d5f9
[06:14:55 +7m 22s | thequantuminsider_2024_03_28_economist_impact_presents_3rd_annual_commercialising_quantum_dfb5d5f9] Log: /home/lv/IDP/idpdeeptech/pipeline/news_outputs/thequantuminsider_2024_03_28_economist_impact_presents_3rd_annual_commercialising_quantum_dfb5d5f9/run.log

========================================================================
RUN FINISHED 2026-07-02 06:14:55  (OK)
Started:     2026-07-02 06:07:33
Elapsed:     7m 22s
========================================================================
