
========================================================================
RUN STARTED  2026-07-01 19:12:57
site_pipeline.py https://thequantuminsider.com/2020/05/05/researchers-see-path-to-quantum-computing-at-room-temperature/
========================================================================

[19:12:57 +0s | thequantuminsider_2020_05_05_researchers_see_path_to_quantum_computing_at_room_temperature] === 0 crawl site ===
[19:13:01 +1s | thequantuminsider_2020_05_05_researchers_see_path_to_quantum_computing_at_room_temperature] [INIT].... → Crawl4AI 0.8.6 
[19:13:04 +5s | thequantuminsider_2020_05_05_researchers_see_path_to_quantum_computing_at_room_temperature] [FETCH]... ↓ https://thequantuminsider.com/2020/05/05/researc...e-path-to-quantum-computing-at-room-temperature/  | ✓ | ⏱: 3.44s 
[19:13:04 +5s | thequantuminsider_2020_05_05_researchers_see_path_to_quantum_computing_at_room_temperature] [SCRAPE].. ◆ https://thequantuminsider.com/2020/05/05/researc...e-path-to-quantum-computing-at-room-temperature/  | ✓ | ⏱: 0.10s 
[19:13:04 +5s | thequantuminsider_2020_05_05_researchers_see_path_to_quantum_computing_at_room_temperature] [COMPLETE] ● https://thequantuminsider.com/2020/05/05/researc...e-path-to-quantum-computing-at-room-temperature/  | ✓ | ⏱: 3.55s 
[19:13:04 +5s | thequantuminsider_2020_05_05_researchers_see_path_to_quantum_computing_at_room_temperature] Saved: crawl_output/e661bbe5df_thequantuminsider.com_2020_05_05_researchers-see-path-to-quantum-computing-at-room-temperature.json

[19:13:05 +5s | thequantuminsider_2020_05_05_researchers_see_path_to_quantum_computing_at_room_temperature] === 1 actor extraction ===
[19:13:05 +5s | thequantuminsider_2020_05_05_researchers_see_path_to_quantum_computing_at_room_temperature] Reading page (1/1): https://thequantuminsider.com/2020/05/05/researchers-see-path-to-quantum-computing-at-room-temperature
[19:13:05 +5s | thequantuminsider_2020_05_05_researchers_see_path_to_quantum_computing_at_room_temperature] Extracting actors: https://thequantuminsider.com/2020/05/05/researchers-see-path-to-quantum-computing-at-room-temperature (1/1), chunk 1/40
[19:13:08 +9s | thequantuminsider_2020_05_05_researchers_see_path_to_quantum_computing_at_room_temperature] Extracting actors: https://thequantuminsider.com/2020/05/05/researchers-see-path-to-quantum-computing-at-room-temperature (1/1), chunk 2/40
[19:13:15 +16s | thequantuminsider_2020_05_05_researchers_see_path_to_quantum_computing_at_room_temperature] Extracting actors: https://thequantuminsider.com/2020/05/05/researchers-see-path-to-quantum-computing-at-room-temperature (1/1), chunk 3/40
[19:13:23 +23s | thequantuminsider_2020_05_05_researchers_see_path_to_quantum_computing_at_room_temperature] Extracting actors: https://thequantuminsider.com/2020/05/05/researchers-see-path-to-quantum-computing-at-room-temperature (1/1), chunk 4/40
[19:13:29 +29s | thequantuminsider_2020_05_05_researchers_see_path_to_quantum_computing_at_room_temperature] Extracting actors: https://thequantuminsider.com/2020/05/05/researchers-see-path-to-quantum-computing-at-room-temperature (1/1), chunk 5/40
[19:13:37 +35s | thequantuminsider_2020_05_05_researchers_see_path_to_quantum_computing_at_room_temperature] Extracting actors: https://thequantuminsider.com/2020/05/05/researchers-see-path-to-quantum-computing-at-room-temperature (1/1), chunk 6/40
[19:13:41 +39s | thequantuminsider_2020_05_05_researchers_see_path_to_quantum_computing_at_room_temperature] Extracting actors: https://thequantuminsider.com/2020/05/05/researchers-see-path-to-quantum-computing-at-room-temperature (1/1), chunk 7/40
[19:13:45 +42s | thequantuminsider_2020_05_05_researchers_see_path_to_quantum_computing_at_room_temperature] Extracting actors: https://thequantuminsider.com/2020/05/05/researchers-see-path-to-quantum-computing-at-room-temperature (1/1), chunk 8/40
[19:13:49 +46s | thequantuminsider_2020_05_05_researchers_see_path_to_quantum_computing_at_room_temperature] Extracting actors: https://thequantuminsider.com/2020/05/05/researchers-see-path-to-quantum-computing-at-room-temperature (1/1), chunk 9/40
[19:13:54 +52s | thequantuminsider_2020_05_05_researchers_see_path_to_quantum_computing_at_room_temperature] Repaired malformed JSON.
[19:13:54 +52s | thequantuminsider_2020_05_05_researchers_see_path_to_quantum_computing_at_room_temperature] Extracting actors: https://thequantuminsider.com/2020/05/05/researchers-see-path-to-quantum-computing-at-room-temperature (1/1), chunk 10/40
[19:13:59 +57s | thequantuminsider_2020_05_05_researchers_see_path_to_quantum_computing_at_room_temperature] Extracting actors: https://thequantuminsider.com/2020/05/05/researchers-see-path-to-quantum-computing-at-room-temperature (1/1), chunk 11/40
[19:14:03 +1m 1s | thequantuminsider_2020_05_05_researchers_see_path_to_quantum_computing_at_room_temperature] Extracting actors: https://thequantuminsider.com/2020/05/05/researchers-see-path-to-quantum-computing-at-room-temperature (1/1), chunk 12/40
[19:14:12 +1m 7s | thequantuminsider_2020_05_05_researchers_see_path_to_quantum_computing_at_room_temperature] Repaired malformed JSON.
[19:14:12 +1m 7s | thequantuminsider_2020_05_05_researchers_see_path_to_quantum_computing_at_room_temperature] Extracting actors: https://thequantuminsider.com/2020/05/05/researchers-see-path-to-quantum-computing-at-room-temperature (1/1), chunk 13/40
[19:14:18 +1m 13s | thequantuminsider_2020_05_05_researchers_see_path_to_quantum_computing_at_room_temperature] Repaired malformed JSON.
[19:14:18 +1m 13s | thequantuminsider_2020_05_05_researchers_see_path_to_quantum_computing_at_room_temperature] Extracting actors: https://thequantuminsider.com/2020/05/05/researchers-see-path-to-quantum-computing-at-room-temperature (1/1), chunk 14/40
[19:14:26 +1m 21s | thequantuminsider_2020_05_05_researchers_see_path_to_quantum_computing_at_room_temperature] Repaired malformed JSON.
[19:14:26 +1m 21s | thequantuminsider_2020_05_05_researchers_see_path_to_quantum_computing_at_room_temperature] Extracting actors: https://thequantuminsider.com/2020/05/05/researchers-see-path-to-quantum-computing-at-room-temperature (1/1), chunk 15/40
[19:14:33 +1m 28s | thequantuminsider_2020_05_05_researchers_see_path_to_quantum_computing_at_room_temperature] Repaired malformed JSON.
[19:14:33 +1m 28s | thequantuminsider_2020_05_05_researchers_see_path_to_quantum_computing_at_room_temperature] Extracting actors: https://thequantuminsider.com/2020/05/05/researchers-see-path-to-quantum-computing-at-room-temperature (1/1), chunk 16/40
[19:14:39 +1m 33s | thequantuminsider_2020_05_05_researchers_see_path_to_quantum_computing_at_room_temperature] Repaired malformed JSON.
[19:14:39 +1m 33s | thequantuminsider_2020_05_05_researchers_see_path_to_quantum_computing_at_room_temperature] Extracting actors: https://thequantuminsider.com/2020/05/05/researchers-see-path-to-quantum-computing-at-room-temperature (1/1), chunk 17/40
[19:14:48 +1m 39s | thequantuminsider_2020_05_05_researchers_see_path_to_quantum_computing_at_room_temperature] Repaired malformed JSON.
[19:14:48 +1m 39s | thequantuminsider_2020_05_05_researchers_see_path_to_quantum_computing_at_room_temperature] Extracting actors: https://thequantuminsider.com/2020/05/05/researchers-see-path-to-quantum-computing-at-room-temperature (1/1), chunk 18/40
[19:14:54 +1m 46s | thequantuminsider_2020_05_05_researchers_see_path_to_quantum_computing_at_room_temperature] Repaired malformed JSON.
[19:14:54 +1m 46s | thequantuminsider_2020_05_05_researchers_see_path_to_quantum_computing_at_room_temperature] Extracting actors: https://thequantuminsider.com/2020/05/05/researchers-see-path-to-quantum-computing-at-room-temperature (1/1), chunk 19/40
[19:15:01 +1m 53s | thequantuminsider_2020_05_05_researchers_see_path_to_quantum_computing_at_room_temperature] Repaired malformed JSON.
[19:15:01 +1m 53s | thequantuminsider_2020_05_05_researchers_see_path_to_quantum_computing_at_room_temperature] Extracting actors: https://thequantuminsider.com/2020/05/05/researchers-see-path-to-quantum-computing-at-room-temperature (1/1), chunk 20/40
[19:15:09 +2m 1s | thequantuminsider_2020_05_05_researchers_see_path_to_quantum_computing_at_room_temperature] Repaired malformed JSON.
[19:15:09 +2m 1s | thequantuminsider_2020_05_05_researchers_see_path_to_quantum_computing_at_room_temperature] Extracting actors: https://thequantuminsider.com/2020/05/05/researchers-see-path-to-quantum-computing-at-room-temperature (1/1), chunk 21/40
[19:15:16 +2m 8s | thequantuminsider_2020_05_05_researchers_see_path_to_quantum_computing_at_room_temperature] Repaired malformed JSON.
[19:15:16 +2m 8s | thequantuminsider_2020_05_05_researchers_see_path_to_quantum_computing_at_room_temperature] Extracting actors: https://thequantuminsider.com/2020/05/05/researchers-see-path-to-quantum-computing-at-room-temperature (1/1), chunk 22/40
[19:15:24 +2m 13s | thequantuminsider_2020_05_05_researchers_see_path_to_quantum_computing_at_room_temperature] Repaired malformed JSON.
[19:15:24 +2m 13s | thequantuminsider_2020_05_05_researchers_see_path_to_quantum_computing_at_room_temperature] Extracting actors: https://thequantuminsider.com/2020/05/05/researchers-see-path-to-quantum-computing-at-room-temperature (1/1), chunk 23/40
[19:15:31 +2m 20s | thequantuminsider_2020_05_05_researchers_see_path_to_quantum_computing_at_room_temperature] Repaired malformed JSON.
[19:15:31 +2m 20s | thequantuminsider_2020_05_05_researchers_see_path_to_quantum_computing_at_room_temperature] Extracting actors: https://thequantuminsider.com/2020/05/05/researchers-see-path-to-quantum-computing-at-room-temperature (1/1), chunk 24/40
[19:15:39 +2m 28s | thequantuminsider_2020_05_05_researchers_see_path_to_quantum_computing_at_room_temperature] Repaired malformed JSON.
[19:15:39 +2m 28s | thequantuminsider_2020_05_05_researchers_see_path_to_quantum_computing_at_room_temperature] Extracting actors: https://thequantuminsider.com/2020/05/05/researchers-see-path-to-quantum-computing-at-room-temperature (1/1), chunk 25/40
[19:15:45 +2m 33s | thequantuminsider_2020_05_05_researchers_see_path_to_quantum_computing_at_room_temperature] Repaired malformed JSON.
[19:15:45 +2m 33s | thequantuminsider_2020_05_05_researchers_see_path_to_quantum_computing_at_room_temperature] Extracting actors: https://thequantuminsider.com/2020/05/05/researchers-see-path-to-quantum-computing-at-room-temperature (1/1), chunk 26/40
[19:15:51 +2m 40s | thequantuminsider_2020_05_05_researchers_see_path_to_quantum_computing_at_room_temperature] Repaired malformed JSON.
[19:15:51 +2m 40s | thequantuminsider_2020_05_05_researchers_see_path_to_quantum_computing_at_room_temperature] Extracting actors: https://thequantuminsider.com/2020/05/05/researchers-see-path-to-quantum-computing-at-room-temperature (1/1), chunk 27/40
[19:16:02 +2m 48s | thequantuminsider_2020_05_05_researchers_see_path_to_quantum_computing_at_room_temperature] Repaired malformed JSON.
[19:16:02 +2m 48s | thequantuminsider_2020_05_05_researchers_see_path_to_quantum_computing_at_room_temperature] Extracting actors: https://thequantuminsider.com/2020/05/05/researchers-see-path-to-quantum-computing-at-room-temperature (1/1), chunk 28/40
[19:16:09 +2m 55s | thequantuminsider_2020_05_05_researchers_see_path_to_quantum_computing_at_room_temperature] Extracting actors: https://thequantuminsider.com/2020/05/05/researchers-see-path-to-quantum-computing-at-room-temperature (1/1), chunk 29/40
[19:16:16 +3m 2s | thequantuminsider_2020_05_05_researchers_see_path_to_quantum_computing_at_room_temperature] Repaired malformed JSON.
[19:16:16 +3m 2s | thequantuminsider_2020_05_05_researchers_see_path_to_quantum_computing_at_room_temperature] Extracting actors: https://thequantuminsider.com/2020/05/05/researchers-see-path-to-quantum-computing-at-room-temperature (1/1), chunk 30/40
[19:16:18 +3m 4s | thequantuminsider_2020_05_05_researchers_see_path_to_quantum_computing_at_room_temperature] Extracting actors: https://thequantuminsider.com/2020/05/05/researchers-see-path-to-quantum-computing-at-room-temperature (1/1), chunk 31/40
[19:16:20 +3m 6s | thequantuminsider_2020_05_05_researchers_see_path_to_quantum_computing_at_room_temperature] Extracting actors: https://thequantuminsider.com/2020/05/05/researchers-see-path-to-quantum-computing-at-room-temperature (1/1), chunk 32/40
[19:16:22 +3m 8s | thequantuminsider_2020_05_05_researchers_see_path_to_quantum_computing_at_room_temperature] Extracting actors: https://thequantuminsider.com/2020/05/05/researchers-see-path-to-quantum-computing-at-room-temperature (1/1), chunk 33/40
[19:16:31 +3m 14s | thequantuminsider_2020_05_05_researchers_see_path_to_quantum_computing_at_room_temperature] Repaired malformed JSON.
[19:16:31 +3m 14s | thequantuminsider_2020_05_05_researchers_see_path_to_quantum_computing_at_room_temperature] Extracting actors: https://thequantuminsider.com/2020/05/05/researchers-see-path-to-quantum-computing-at-room-temperature (1/1), chunk 34/40
[19:16:38 +3m 21s | thequantuminsider_2020_05_05_researchers_see_path_to_quantum_computing_at_room_temperature] Repaired malformed JSON.
[19:16:38 +3m 21s | thequantuminsider_2020_05_05_researchers_see_path_to_quantum_computing_at_room_temperature] Extracting actors: https://thequantuminsider.com/2020/05/05/researchers-see-path-to-quantum-computing-at-room-temperature (1/1), chunk 35/40
[19:16:45 +3m 28s | thequantuminsider_2020_05_05_researchers_see_path_to_quantum_computing_at_room_temperature] Repaired malformed JSON.
[19:16:45 +3m 28s | thequantuminsider_2020_05_05_researchers_see_path_to_quantum_computing_at_room_temperature] Extracting actors: https://thequantuminsider.com/2020/05/05/researchers-see-path-to-quantum-computing-at-room-temperature (1/1), chunk 36/40
[19:16:51 +3m 34s | thequantuminsider_2020_05_05_researchers_see_path_to_quantum_computing_at_room_temperature] Repaired malformed JSON.
[19:16:51 +3m 34s | thequantuminsider_2020_05_05_researchers_see_path_to_quantum_computing_at_room_temperature] Extracting actors: https://thequantuminsider.com/2020/05/05/researchers-see-path-to-quantum-computing-at-room-temperature (1/1), chunk 37/40
[19:16:59 +3m 42s | thequantuminsider_2020_05_05_researchers_see_path_to_quantum_computing_at_room_temperature] Repaired malformed JSON.
[19:16:59 +3m 42s | thequantuminsider_2020_05_05_researchers_see_path_to_quantum_computing_at_room_temperature] Extracting actors: https://thequantuminsider.com/2020/05/05/researchers-see-path-to-quantum-computing-at-room-temperature (1/1), chunk 38/40
[19:17:07 +3m 47s | thequantuminsider_2020_05_05_researchers_see_path_to_quantum_computing_at_room_temperature] Repaired malformed JSON.
[19:17:07 +3m 47s | thequantuminsider_2020_05_05_researchers_see_path_to_quantum_computing_at_room_temperature] Extracting actors: https://thequantuminsider.com/2020/05/05/researchers-see-path-to-quantum-computing-at-room-temperature (1/1), chunk 39/40
[19:17:14 +3m 54s | thequantuminsider_2020_05_05_researchers_see_path_to_quantum_computing_at_room_temperature] Repaired malformed JSON.
[19:17:14 +3m 54s | thequantuminsider_2020_05_05_researchers_see_path_to_quantum_computing_at_room_temperature] Extracting actors: https://thequantuminsider.com/2020/05/05/researchers-see-path-to-quantum-computing-at-room-temperature (1/1), chunk 40/40
[19:17:21 +4m 1s | thequantuminsider_2020_05_05_researchers_see_path_to_quantum_computing_at_room_temperature] Repaired malformed JSON.
[19:17:21 +4m 1s | thequantuminsider_2020_05_05_researchers_see_path_to_quantum_computing_at_room_temperature] Saved 1_actor_results.json with 58 extracted records

[19:17:21 +4m 1s | thequantuminsider_2020_05_05_researchers_see_path_to_quantum_computing_at_room_temperature] === 2 clean actors ===
[19:17:21 +4m 1s | thequantuminsider_2020_05_05_researchers_see_path_to_quantum_computing_at_room_temperature] Loaded 58 extracted records
[19:17:21 +4m 1s | thequantuminsider_2020_05_05_researchers_see_path_to_quantum_computing_at_room_temperature] Saved 2_actor_nodes.json with 23 canonical actor nodes

[19:17:21 +4m 1s | thequantuminsider_2020_05_05_researchers_see_path_to_quantum_computing_at_room_temperature] === 3 interaction extraction ===
[19:17:21 +4m 2s | thequantuminsider_2020_05_05_researchers_see_path_to_quantum_computing_at_room_temperature] Extracting interactions: https://thequantuminsider.com/2020/05/05/researchers-see-path-to-quantum-computing-at-room-temperature (1/1), chunk 12/40
[19:17:26 +4m 6s | thequantuminsider_2020_05_05_researchers_see_path_to_quantum_computing_at_room_temperature] Extracting interactions: https://thequantuminsider.com/2020/05/05/researchers-see-path-to-quantum-computing-at-room-temperature (1/1), chunk 13/40
[19:17:35 +4m 15s | thequantuminsider_2020_05_05_researchers_see_path_to_quantum_computing_at_room_temperature] Extracting interactions: https://thequantuminsider.com/2020/05/05/researchers-see-path-to-quantum-computing-at-room-temperature (1/1), chunk 14/40
[19:17:50 +4m 27s | thequantuminsider_2020_05_05_researchers_see_path_to_quantum_computing_at_room_temperature] Extracting interactions: https://thequantuminsider.com/2020/05/05/researchers-see-path-to-quantum-computing-at-room-temperature (1/1), chunk 15/40
[19:17:58 +4m 35s | thequantuminsider_2020_05_05_researchers_see_path_to_quantum_computing_at_room_temperature] Extracting interactions: https://thequantuminsider.com/2020/05/05/researchers-see-path-to-quantum-computing-at-room-temperature (1/1), chunk 16/40
[19:18:02 +4m 39s | thequantuminsider_2020_05_05_researchers_see_path_to_quantum_computing_at_room_temperature] Extracting interactions: https://thequantuminsider.com/2020/05/05/researchers-see-path-to-quantum-computing-at-room-temperature (1/1), chunk 17/40
[19:18:10 +4m 47s | thequantuminsider_2020_05_05_researchers_see_path_to_quantum_computing_at_room_temperature] Extracting interactions: https://thequantuminsider.com/2020/05/05/researchers-see-path-to-quantum-computing-at-room-temperature (1/1), chunk 18/40
[19:18:17 +4m 51s | thequantuminsider_2020_05_05_researchers_see_path_to_quantum_computing_at_room_temperature] Extracting interactions: https://thequantuminsider.com/2020/05/05/researchers-see-path-to-quantum-computing-at-room-temperature (1/1), chunk 19/40
[19:18:22 +4m 56s | thequantuminsider_2020_05_05_researchers_see_path_to_quantum_computing_at_room_temperature] Extracting interactions: https://thequantuminsider.com/2020/05/05/researchers-see-path-to-quantum-computing-at-room-temperature (1/1), chunk 20/40
[19:18:26 +5m 0s | thequantuminsider_2020_05_05_researchers_see_path_to_quantum_computing_at_room_temperature] Extracting interactions: https://thequantuminsider.com/2020/05/05/researchers-see-path-to-quantum-computing-at-room-temperature (1/1), chunk 21/40
[19:18:34 +5m 8s | thequantuminsider_2020_05_05_researchers_see_path_to_quantum_computing_at_room_temperature] Extracting interactions: https://thequantuminsider.com/2020/05/05/researchers-see-path-to-quantum-computing-at-room-temperature (1/1), chunk 22/40
[19:18:39 +5m 13s | thequantuminsider_2020_05_05_researchers_see_path_to_quantum_computing_at_room_temperature] Extracting interactions: https://thequantuminsider.com/2020/05/05/researchers-see-path-to-quantum-computing-at-room-temperature (1/1), chunk 23/40
[19:18:49 +5m 23s | thequantuminsider_2020_05_05_researchers_see_path_to_quantum_computing_at_room_temperature] Extracting interactions: https://thequantuminsider.com/2020/05/05/researchers-see-path-to-quantum-computing-at-room-temperature (1/1), chunk 24/40
[19:18:55 +5m 26s | thequantuminsider_2020_05_05_researchers_see_path_to_quantum_computing_at_room_temperature] Extracting interactions: https://thequantuminsider.com/2020/05/05/researchers-see-path-to-quantum-computing-at-room-temperature (1/1), chunk 25/40
[19:18:59 +5m 31s | thequantuminsider_2020_05_05_researchers_see_path_to_quantum_computing_at_room_temperature] Extracting interactions: https://thequantuminsider.com/2020/05/05/researchers-see-path-to-quantum-computing-at-room-temperature (1/1), chunk 26/40
[19:19:07 +5m 38s | thequantuminsider_2020_05_05_researchers_see_path_to_quantum_computing_at_room_temperature] Extracting interactions: https://thequantuminsider.com/2020/05/05/researchers-see-path-to-quantum-computing-at-room-temperature (1/1), chunk 29/40
[19:19:13 +5m 44s | thequantuminsider_2020_05_05_researchers_see_path_to_quantum_computing_at_room_temperature] Extracting interactions: https://thequantuminsider.com/2020/05/05/researchers-see-path-to-quantum-computing-at-room-temperature (1/1), chunk 30/40
[19:19:14 +5m 45s | thequantuminsider_2020_05_05_researchers_see_path_to_quantum_computing_at_room_temperature] Extracting interactions: https://thequantuminsider.com/2020/05/05/researchers-see-path-to-quantum-computing-at-room-temperature (1/1), chunk 31/40
[19:19:17 +5m 48s | thequantuminsider_2020_05_05_researchers_see_path_to_quantum_computing_at_room_temperature] Extracting interactions: https://thequantuminsider.com/2020/05/05/researchers-see-path-to-quantum-computing-at-room-temperature (1/1), chunk 33/40
[19:19:18 +5m 50s | thequantuminsider_2020_05_05_researchers_see_path_to_quantum_computing_at_room_temperature] Extracting interactions: https://thequantuminsider.com/2020/05/05/researchers-see-path-to-quantum-computing-at-room-temperature (1/1), chunk 34/40
[19:19:20 +5m 51s | thequantuminsider_2020_05_05_researchers_see_path_to_quantum_computing_at_room_temperature] Extracting interactions: https://thequantuminsider.com/2020/05/05/researchers-see-path-to-quantum-computing-at-room-temperature (1/1), chunk 35/40
[19:19:21 +5m 53s | thequantuminsider_2020_05_05_researchers_see_path_to_quantum_computing_at_room_temperature] Extracting interactions: https://thequantuminsider.com/2020/05/05/researchers-see-path-to-quantum-computing-at-room-temperature (1/1), chunk 36/40
[19:19:23 +5m 54s | thequantuminsider_2020_05_05_researchers_see_path_to_quantum_computing_at_room_temperature] Extracting interactions: https://thequantuminsider.com/2020/05/05/researchers-see-path-to-quantum-computing-at-room-temperature (1/1), chunk 38/40
[19:19:28 +5m 56s | thequantuminsider_2020_05_05_researchers_see_path_to_quantum_computing_at_room_temperature] Extracting interactions: https://thequantuminsider.com/2020/05/05/researchers-see-path-to-quantum-computing-at-room-temperature (1/1), chunk 39/40
[19:19:37 +6m 5s | thequantuminsider_2020_05_05_researchers_see_path_to_quantum_computing_at_room_temperature] Extracting interactions: https://thequantuminsider.com/2020/05/05/researchers-see-path-to-quantum-computing-at-room-temperature (1/1), chunk 40/40
[19:19:41 +6m 9s | thequantuminsider_2020_05_05_researchers_see_path_to_quantum_computing_at_room_temperature] Saved 3_interaction_results.json with 25 extracted interactions.

[19:19:41 +6m 9s | thequantuminsider_2020_05_05_researchers_see_path_to_quantum_computing_at_room_temperature] === 4 clean interactions ===
[19:19:41 +6m 9s | thequantuminsider_2020_05_05_researchers_see_path_to_quantum_computing_at_room_temperature] Saved 4_edges.json with 2 cleaned interactions.

[19:19:41 +6m 9s | thequantuminsider_2020_05_05_researchers_see_path_to_quantum_computing_at_room_temperature] === 5 helix enrichment ===
[19:19:41 +6m 9s | thequantuminsider_2020_05_05_researchers_see_path_to_quantum_computing_at_room_temperature] Wrote 5_nodes.json (23 actors)
[19:19:41 +6m 9s | thequantuminsider_2020_05_05_researchers_see_path_to_quantum_computing_at_room_temperature] Wrote 5_edges.json (2 interactions)
[19:19:41 +6m 9s | thequantuminsider_2020_05_05_researchers_see_path_to_quantum_computing_at_room_temperature] Actor helix counts: {'Academia': 3, 'Civil Society': 2, 'Government': 8, 'Industry': 1, 'Intermediary': 1, 'Unknown': 8}
[19:19:41 +6m 9s | thequantuminsider_2020_05_05_researchers_see_path_to_quantum_computing_at_room_temperature] Functional-space counts: {'Knowledge': 2}

[19:19:41 +6m 9s | thequantuminsider_2020_05_05_researchers_see_path_to_quantum_computing_at_room_temperature] === 6 network visualisation ===
[19:19:41 +6m 10s | thequantuminsider_2020_05_05_researchers_see_path_to_quantum_computing_at_room_temperature] Wrote quantum_network.html
[19:19:41 +6m 10s | thequantuminsider_2020_05_05_researchers_see_path_to_quantum_computing_at_room_temperature] Nodes: 23
[19:19:41 +6m 10s | thequantuminsider_2020_05_05_researchers_see_path_to_quantum_computing_at_room_temperature] Edges: 1

[19:19:41 +6m 10s | thequantuminsider_2020_05_05_researchers_see_path_to_quantum_computing_at_room_temperature] Done. Outputs written to: /home/lv/IDP/idpdeeptech/pipeline/news_outputs/thequantuminsider_2020_05_05_researchers_see_path_to_quantum_computing_at_room_temperature
[19:19:41 +6m 10s | thequantuminsider_2020_05_05_researchers_see_path_to_quantum_computing_at_room_temperature] Log: /home/lv/IDP/idpdeeptech/pipeline/news_outputs/thequantuminsider_2020_05_05_researchers_see_path_to_quantum_computing_at_room_temperature/run.log

========================================================================
RUN FINISHED 2026-07-01 19:19:41  (OK)
Started:     2026-07-01 19:12:57
Elapsed:     6m 10s
========================================================================
