
========================================================================
RUN STARTED  2026-07-02 04:34:32
site_pipeline.py https://thequantuminsider.com/2023/08/16/new-quantum-hardware-approach-may-be-a-natural-for-powering-up-quantum-algorithms/
========================================================================

[04:34:32 +0s | thequantuminsider_2023_08_16_new_quantum_hardware_approach_may_be_a_natural_for_powering_ed91a99a] === 0 crawl site ===
[04:34:33 +1s | thequantuminsider_2023_08_16_new_quantum_hardware_approach_may_be_a_natural_for_powering_ed91a99a] [INIT].... → Crawl4AI 0.8.6 
[04:34:35 +3s | thequantuminsider_2023_08_16_new_quantum_hardware_approach_may_be_a_natural_for_powering_ed91a99a] [FETCH]... ↓ https://thequantuminsider.com/2023/08/16/new-qua...be-a-natural-for-powering-up-quantum-algorithms/  | ✓ | ⏱: 1.91s 
[04:34:35 +3s | thequantuminsider_2023_08_16_new_quantum_hardware_approach_may_be_a_natural_for_powering_ed91a99a] [SCRAPE].. ◆ https://thequantuminsider.com/2023/08/16/new-qua...be-a-natural-for-powering-up-quantum-algorithms/  | ✓ | ⏱: 0.09s 
[04:34:35 +3s | thequantuminsider_2023_08_16_new_quantum_hardware_approach_may_be_a_natural_for_powering_ed91a99a] [COMPLETE] ● https://thequantuminsider.com/2023/08/16/new-qua...be-a-natural-for-powering-up-quantum-algorithms/  | ✓ | ⏱: 2.02s 
[04:34:35 +3s | thequantuminsider_2023_08_16_new_quantum_hardware_approach_may_be_a_natural_for_powering_ed91a99a] Saved: crawl_output/7d85ba75ae_thequantuminsider.com_2023_08_16_new-quantum-hardware-approach-may-be-a-natural-for-powering-up-quantum-algorithms.json

[04:34:35 +3s | thequantuminsider_2023_08_16_new_quantum_hardware_approach_may_be_a_natural_for_powering_ed91a99a] === 1 actor extraction ===
[04:34:36 +4s | thequantuminsider_2023_08_16_new_quantum_hardware_approach_may_be_a_natural_for_powering_ed91a99a] Reading page (1/1): https://thequantuminsider.com/2023/08/16/new-quantum-hardware-approach-may-be-a-natural-for-powering-up-quantum-algorithms
[04:34:36 +4s | thequantuminsider_2023_08_16_new_quantum_hardware_approach_may_be_a_natural_for_powering_ed91a99a] Extracting actors: https://thequantuminsider.com/2023/08/16/new-quantum-hardware-approach-may-be-a-natural-for-powering-up-quantum-algorithms (1/1), chunk 1/38
[04:34:39 +7s | thequantuminsider_2023_08_16_new_quantum_hardware_approach_may_be_a_natural_for_powering_ed91a99a] Extracting actors: https://thequantuminsider.com/2023/08/16/new-quantum-hardware-approach-may-be-a-natural-for-powering-up-quantum-algorithms (1/1), chunk 2/38
[04:34:43 +11s | thequantuminsider_2023_08_16_new_quantum_hardware_approach_may_be_a_natural_for_powering_ed91a99a] Extracting actors: https://thequantuminsider.com/2023/08/16/new-quantum-hardware-approach-may-be-a-natural-for-powering-up-quantum-algorithms (1/1), chunk 3/38
[04:34:48 +16s | thequantuminsider_2023_08_16_new_quantum_hardware_approach_may_be_a_natural_for_powering_ed91a99a] Extracting actors: https://thequantuminsider.com/2023/08/16/new-quantum-hardware-approach-may-be-a-natural-for-powering-up-quantum-algorithms (1/1), chunk 4/38
[04:34:54 +22s | thequantuminsider_2023_08_16_new_quantum_hardware_approach_may_be_a_natural_for_powering_ed91a99a] Extracting actors: https://thequantuminsider.com/2023/08/16/new-quantum-hardware-approach-may-be-a-natural-for-powering-up-quantum-algorithms (1/1), chunk 5/38
[04:35:00 +28s | thequantuminsider_2023_08_16_new_quantum_hardware_approach_may_be_a_natural_for_powering_ed91a99a] Extracting actors: https://thequantuminsider.com/2023/08/16/new-quantum-hardware-approach-may-be-a-natural-for-powering-up-quantum-algorithms (1/1), chunk 6/38
[04:35:08 +33s | thequantuminsider_2023_08_16_new_quantum_hardware_approach_may_be_a_natural_for_powering_ed91a99a] Extracting actors: https://thequantuminsider.com/2023/08/16/new-quantum-hardware-approach-may-be-a-natural-for-powering-up-quantum-algorithms (1/1), chunk 7/38
[04:35:09 +35s | thequantuminsider_2023_08_16_new_quantum_hardware_approach_may_be_a_natural_for_powering_ed91a99a] Extracting actors: https://thequantuminsider.com/2023/08/16/new-quantum-hardware-approach-may-be-a-natural-for-powering-up-quantum-algorithms (1/1), chunk 8/38
[04:35:15 +40s | thequantuminsider_2023_08_16_new_quantum_hardware_approach_may_be_a_natural_for_powering_ed91a99a] Extracting actors: https://thequantuminsider.com/2023/08/16/new-quantum-hardware-approach-may-be-a-natural-for-powering-up-quantum-algorithms (1/1), chunk 9/38
[04:35:20 +46s | thequantuminsider_2023_08_16_new_quantum_hardware_approach_may_be_a_natural_for_powering_ed91a99a] Extracting actors: https://thequantuminsider.com/2023/08/16/new-quantum-hardware-approach-may-be-a-natural-for-powering-up-quantum-algorithms (1/1), chunk 10/38
[04:35:25 +50s | thequantuminsider_2023_08_16_new_quantum_hardware_approach_may_be_a_natural_for_powering_ed91a99a] Extracting actors: https://thequantuminsider.com/2023/08/16/new-quantum-hardware-approach-may-be-a-natural-for-powering-up-quantum-algorithms (1/1), chunk 11/38
[04:35:30 +56s | thequantuminsider_2023_08_16_new_quantum_hardware_approach_may_be_a_natural_for_powering_ed91a99a] Repaired malformed JSON.
[04:35:30 +56s | thequantuminsider_2023_08_16_new_quantum_hardware_approach_may_be_a_natural_for_powering_ed91a99a] Extracting actors: https://thequantuminsider.com/2023/08/16/new-quantum-hardware-approach-may-be-a-natural-for-powering-up-quantum-algorithms (1/1), chunk 12/38
[04:35:38 +1m 3s | thequantuminsider_2023_08_16_new_quantum_hardware_approach_may_be_a_natural_for_powering_ed91a99a] Repaired malformed JSON.
[04:35:38 +1m 3s | thequantuminsider_2023_08_16_new_quantum_hardware_approach_may_be_a_natural_for_powering_ed91a99a] Extracting actors: https://thequantuminsider.com/2023/08/16/new-quantum-hardware-approach-may-be-a-natural-for-powering-up-quantum-algorithms (1/1), chunk 13/38
[04:35:43 +1m 9s | thequantuminsider_2023_08_16_new_quantum_hardware_approach_may_be_a_natural_for_powering_ed91a99a] Repaired malformed JSON.
[04:35:43 +1m 9s | thequantuminsider_2023_08_16_new_quantum_hardware_approach_may_be_a_natural_for_powering_ed91a99a] Extracting actors: https://thequantuminsider.com/2023/08/16/new-quantum-hardware-approach-may-be-a-natural-for-powering-up-quantum-algorithms (1/1), chunk 14/38
[04:35:50 +1m 16s | thequantuminsider_2023_08_16_new_quantum_hardware_approach_may_be_a_natural_for_powering_ed91a99a] Repaired malformed JSON.
[04:35:50 +1m 16s | thequantuminsider_2023_08_16_new_quantum_hardware_approach_may_be_a_natural_for_powering_ed91a99a] Extracting actors: https://thequantuminsider.com/2023/08/16/new-quantum-hardware-approach-may-be-a-natural-for-powering-up-quantum-algorithms (1/1), chunk 15/38
[04:35:55 +1m 21s | thequantuminsider_2023_08_16_new_quantum_hardware_approach_may_be_a_natural_for_powering_ed91a99a] Repaired malformed JSON.
[04:35:55 +1m 21s | thequantuminsider_2023_08_16_new_quantum_hardware_approach_may_be_a_natural_for_powering_ed91a99a] Extracting actors: https://thequantuminsider.com/2023/08/16/new-quantum-hardware-approach-may-be-a-natural-for-powering-up-quantum-algorithms (1/1), chunk 16/38
[04:36:01 +1m 27s | thequantuminsider_2023_08_16_new_quantum_hardware_approach_may_be_a_natural_for_powering_ed91a99a] Repaired malformed JSON.
[04:36:01 +1m 27s | thequantuminsider_2023_08_16_new_quantum_hardware_approach_may_be_a_natural_for_powering_ed91a99a] Extracting actors: https://thequantuminsider.com/2023/08/16/new-quantum-hardware-approach-may-be-a-natural-for-powering-up-quantum-algorithms (1/1), chunk 17/38
[04:36:08 +1m 33s | thequantuminsider_2023_08_16_new_quantum_hardware_approach_may_be_a_natural_for_powering_ed91a99a] Repaired malformed JSON.
[04:36:08 +1m 33s | thequantuminsider_2023_08_16_new_quantum_hardware_approach_may_be_a_natural_for_powering_ed91a99a] Extracting actors: https://thequantuminsider.com/2023/08/16/new-quantum-hardware-approach-may-be-a-natural-for-powering-up-quantum-algorithms (1/1), chunk 18/38
[04:36:14 +1m 40s | thequantuminsider_2023_08_16_new_quantum_hardware_approach_may_be_a_natural_for_powering_ed91a99a] Repaired malformed JSON.
[04:36:14 +1m 40s | thequantuminsider_2023_08_16_new_quantum_hardware_approach_may_be_a_natural_for_powering_ed91a99a] Extracting actors: https://thequantuminsider.com/2023/08/16/new-quantum-hardware-approach-may-be-a-natural-for-powering-up-quantum-algorithms (1/1), chunk 19/38
[04:36:20 +1m 45s | thequantuminsider_2023_08_16_new_quantum_hardware_approach_may_be_a_natural_for_powering_ed91a99a] Repaired malformed JSON.
[04:36:20 +1m 45s | thequantuminsider_2023_08_16_new_quantum_hardware_approach_may_be_a_natural_for_powering_ed91a99a] Extracting actors: https://thequantuminsider.com/2023/08/16/new-quantum-hardware-approach-may-be-a-natural-for-powering-up-quantum-algorithms (1/1), chunk 20/38
[04:36:26 +1m 52s | thequantuminsider_2023_08_16_new_quantum_hardware_approach_may_be_a_natural_for_powering_ed91a99a] Repaired malformed JSON.
[04:36:26 +1m 52s | thequantuminsider_2023_08_16_new_quantum_hardware_approach_may_be_a_natural_for_powering_ed91a99a] Extracting actors: https://thequantuminsider.com/2023/08/16/new-quantum-hardware-approach-may-be-a-natural-for-powering-up-quantum-algorithms (1/1), chunk 21/38
[04:36:34 +1m 59s | thequantuminsider_2023_08_16_new_quantum_hardware_approach_may_be_a_natural_for_powering_ed91a99a] Repaired malformed JSON.
[04:36:34 +1m 59s | thequantuminsider_2023_08_16_new_quantum_hardware_approach_may_be_a_natural_for_powering_ed91a99a] Extracting actors: https://thequantuminsider.com/2023/08/16/new-quantum-hardware-approach-may-be-a-natural-for-powering-up-quantum-algorithms (1/1), chunk 22/38
[04:36:41 +2m 7s | thequantuminsider_2023_08_16_new_quantum_hardware_approach_may_be_a_natural_for_powering_ed91a99a] Repaired malformed JSON.
[04:36:41 +2m 7s | thequantuminsider_2023_08_16_new_quantum_hardware_approach_may_be_a_natural_for_powering_ed91a99a] Extracting actors: https://thequantuminsider.com/2023/08/16/new-quantum-hardware-approach-may-be-a-natural-for-powering-up-quantum-algorithms (1/1), chunk 23/38
[04:36:47 +2m 12s | thequantuminsider_2023_08_16_new_quantum_hardware_approach_may_be_a_natural_for_powering_ed91a99a] Repaired malformed JSON.
[04:36:47 +2m 12s | thequantuminsider_2023_08_16_new_quantum_hardware_approach_may_be_a_natural_for_powering_ed91a99a] Extracting actors: https://thequantuminsider.com/2023/08/16/new-quantum-hardware-approach-may-be-a-natural-for-powering-up-quantum-algorithms (1/1), chunk 24/38
[04:36:53 +2m 19s | thequantuminsider_2023_08_16_new_quantum_hardware_approach_may_be_a_natural_for_powering_ed91a99a] Repaired malformed JSON.
[04:36:53 +2m 19s | thequantuminsider_2023_08_16_new_quantum_hardware_approach_may_be_a_natural_for_powering_ed91a99a] Extracting actors: https://thequantuminsider.com/2023/08/16/new-quantum-hardware-approach-may-be-a-natural-for-powering-up-quantum-algorithms (1/1), chunk 25/38
[04:37:00 +2m 26s | thequantuminsider_2023_08_16_new_quantum_hardware_approach_may_be_a_natural_for_powering_ed91a99a] Repaired malformed JSON.
[04:37:00 +2m 26s | thequantuminsider_2023_08_16_new_quantum_hardware_approach_may_be_a_natural_for_powering_ed91a99a] Extracting actors: https://thequantuminsider.com/2023/08/16/new-quantum-hardware-approach-may-be-a-natural-for-powering-up-quantum-algorithms (1/1), chunk 26/38
[04:37:07 +2m 32s | thequantuminsider_2023_08_16_new_quantum_hardware_approach_may_be_a_natural_for_powering_ed91a99a] Extracting actors: https://thequantuminsider.com/2023/08/16/new-quantum-hardware-approach-may-be-a-natural-for-powering-up-quantum-algorithms (1/1), chunk 27/38
[04:37:12 +2m 38s | thequantuminsider_2023_08_16_new_quantum_hardware_approach_may_be_a_natural_for_powering_ed91a99a] Repaired malformed JSON.
[04:37:12 +2m 38s | thequantuminsider_2023_08_16_new_quantum_hardware_approach_may_be_a_natural_for_powering_ed91a99a] Extracting actors: https://thequantuminsider.com/2023/08/16/new-quantum-hardware-approach-may-be-a-natural-for-powering-up-quantum-algorithms (1/1), chunk 28/38
[04:37:17 +2m 43s | thequantuminsider_2023_08_16_new_quantum_hardware_approach_may_be_a_natural_for_powering_ed91a99a] Extracting actors: https://thequantuminsider.com/2023/08/16/new-quantum-hardware-approach-may-be-a-natural-for-powering-up-quantum-algorithms (1/1), chunk 29/38
[04:37:19 +2m 45s | thequantuminsider_2023_08_16_new_quantum_hardware_approach_may_be_a_natural_for_powering_ed91a99a] Extracting actors: https://thequantuminsider.com/2023/08/16/new-quantum-hardware-approach-may-be-a-natural-for-powering-up-quantum-algorithms (1/1), chunk 30/38
[04:37:28 +2m 53s | thequantuminsider_2023_08_16_new_quantum_hardware_approach_may_be_a_natural_for_powering_ed91a99a] Repaired malformed JSON.
[04:37:28 +2m 53s | thequantuminsider_2023_08_16_new_quantum_hardware_approach_may_be_a_natural_for_powering_ed91a99a] Extracting actors: https://thequantuminsider.com/2023/08/16/new-quantum-hardware-approach-may-be-a-natural-for-powering-up-quantum-algorithms (1/1), chunk 31/38
[04:37:35 +3m 1s | thequantuminsider_2023_08_16_new_quantum_hardware_approach_may_be_a_natural_for_powering_ed91a99a] Repaired malformed JSON.
[04:37:35 +3m 1s | thequantuminsider_2023_08_16_new_quantum_hardware_approach_may_be_a_natural_for_powering_ed91a99a] Extracting actors: https://thequantuminsider.com/2023/08/16/new-quantum-hardware-approach-may-be-a-natural-for-powering-up-quantum-algorithms (1/1), chunk 32/38
[04:37:41 +3m 7s | thequantuminsider_2023_08_16_new_quantum_hardware_approach_may_be_a_natural_for_powering_ed91a99a] Repaired malformed JSON.
[04:37:41 +3m 7s | thequantuminsider_2023_08_16_new_quantum_hardware_approach_may_be_a_natural_for_powering_ed91a99a] Extracting actors: https://thequantuminsider.com/2023/08/16/new-quantum-hardware-approach-may-be-a-natural-for-powering-up-quantum-algorithms (1/1), chunk 33/38
[04:37:47 +3m 13s | thequantuminsider_2023_08_16_new_quantum_hardware_approach_may_be_a_natural_for_powering_ed91a99a] Repaired malformed JSON.
[04:37:47 +3m 13s | thequantuminsider_2023_08_16_new_quantum_hardware_approach_may_be_a_natural_for_powering_ed91a99a] Extracting actors: https://thequantuminsider.com/2023/08/16/new-quantum-hardware-approach-may-be-a-natural-for-powering-up-quantum-algorithms (1/1), chunk 34/38
[04:37:54 +3m 19s | thequantuminsider_2023_08_16_new_quantum_hardware_approach_may_be_a_natural_for_powering_ed91a99a] Repaired malformed JSON.
[04:37:54 +3m 19s | thequantuminsider_2023_08_16_new_quantum_hardware_approach_may_be_a_natural_for_powering_ed91a99a] Extracting actors: https://thequantuminsider.com/2023/08/16/new-quantum-hardware-approach-may-be-a-natural-for-powering-up-quantum-algorithms (1/1), chunk 35/38
[04:38:03 +3m 28s | thequantuminsider_2023_08_16_new_quantum_hardware_approach_may_be_a_natural_for_powering_ed91a99a] Repaired malformed JSON.
[04:38:03 +3m 28s | thequantuminsider_2023_08_16_new_quantum_hardware_approach_may_be_a_natural_for_powering_ed91a99a] Extracting actors: https://thequantuminsider.com/2023/08/16/new-quantum-hardware-approach-may-be-a-natural-for-powering-up-quantum-algorithms (1/1), chunk 36/38
[04:38:09 +3m 35s | thequantuminsider_2023_08_16_new_quantum_hardware_approach_may_be_a_natural_for_powering_ed91a99a] Repaired malformed JSON.
[04:38:09 +3m 35s | thequantuminsider_2023_08_16_new_quantum_hardware_approach_may_be_a_natural_for_powering_ed91a99a] Extracting actors: https://thequantuminsider.com/2023/08/16/new-quantum-hardware-approach-may-be-a-natural-for-powering-up-quantum-algorithms (1/1), chunk 37/38
[04:38:16 +3m 41s | thequantuminsider_2023_08_16_new_quantum_hardware_approach_may_be_a_natural_for_powering_ed91a99a] Repaired malformed JSON.
[04:38:16 +3m 41s | thequantuminsider_2023_08_16_new_quantum_hardware_approach_may_be_a_natural_for_powering_ed91a99a] Extracting actors: https://thequantuminsider.com/2023/08/16/new-quantum-hardware-approach-may-be-a-natural-for-powering-up-quantum-algorithms (1/1), chunk 38/38
[04:38:23 +3m 48s | thequantuminsider_2023_08_16_new_quantum_hardware_approach_may_be_a_natural_for_powering_ed91a99a] Repaired malformed JSON.
[04:38:23 +3m 48s | thequantuminsider_2023_08_16_new_quantum_hardware_approach_may_be_a_natural_for_powering_ed91a99a] Saved 1_actor_results.json with 57 extracted records

[04:38:23 +3m 48s | thequantuminsider_2023_08_16_new_quantum_hardware_approach_may_be_a_natural_for_powering_ed91a99a] === 2 clean actors ===
[04:38:23 +3m 49s | thequantuminsider_2023_08_16_new_quantum_hardware_approach_may_be_a_natural_for_powering_ed91a99a] Loaded 57 extracted records
[04:38:23 +3m 49s | thequantuminsider_2023_08_16_new_quantum_hardware_approach_may_be_a_natural_for_powering_ed91a99a] Saved 2_actor_nodes.json with 21 canonical actor nodes

[04:38:23 +3m 49s | thequantuminsider_2023_08_16_new_quantum_hardware_approach_may_be_a_natural_for_powering_ed91a99a] === 3 interaction extraction ===
[04:38:23 +3m 49s | thequantuminsider_2023_08_16_new_quantum_hardware_approach_may_be_a_natural_for_powering_ed91a99a] Extracting interactions: https://thequantuminsider.com/2023/08/16/new-quantum-hardware-approach-may-be-a-natural-for-powering-up-quantum-algorithms (1/1), chunk 11/38
[04:38:28 +3m 54s | thequantuminsider_2023_08_16_new_quantum_hardware_approach_may_be_a_natural_for_powering_ed91a99a] Extracting interactions: https://thequantuminsider.com/2023/08/16/new-quantum-hardware-approach-may-be-a-natural-for-powering-up-quantum-algorithms (1/1), chunk 12/38
[04:38:39 +4m 4s | thequantuminsider_2023_08_16_new_quantum_hardware_approach_may_be_a_natural_for_powering_ed91a99a] Extracting interactions: https://thequantuminsider.com/2023/08/16/new-quantum-hardware-approach-may-be-a-natural-for-powering-up-quantum-algorithms (1/1), chunk 13/38
[04:38:46 +4m 12s | thequantuminsider_2023_08_16_new_quantum_hardware_approach_may_be_a_natural_for_powering_ed91a99a] Extracting interactions: https://thequantuminsider.com/2023/08/16/new-quantum-hardware-approach-may-be-a-natural-for-powering-up-quantum-algorithms (1/1), chunk 14/38
[04:38:53 +4m 19s | thequantuminsider_2023_08_16_new_quantum_hardware_approach_may_be_a_natural_for_powering_ed91a99a] Extracting interactions: https://thequantuminsider.com/2023/08/16/new-quantum-hardware-approach-may-be-a-natural-for-powering-up-quantum-algorithms (1/1), chunk 15/38
[04:39:04 +4m 30s | thequantuminsider_2023_08_16_new_quantum_hardware_approach_may_be_a_natural_for_powering_ed91a99a] Extracting interactions: https://thequantuminsider.com/2023/08/16/new-quantum-hardware-approach-may-be-a-natural-for-powering-up-quantum-algorithms (1/1), chunk 16/38
[04:39:14 +4m 39s | thequantuminsider_2023_08_16_new_quantum_hardware_approach_may_be_a_natural_for_powering_ed91a99a] Extracting interactions: https://thequantuminsider.com/2023/08/16/new-quantum-hardware-approach-may-be-a-natural-for-powering-up-quantum-algorithms (1/1), chunk 17/38
[04:39:18 +4m 43s | thequantuminsider_2023_08_16_new_quantum_hardware_approach_may_be_a_natural_for_powering_ed91a99a] Extracting interactions: https://thequantuminsider.com/2023/08/16/new-quantum-hardware-approach-may-be-a-natural-for-powering-up-quantum-algorithms (1/1), chunk 18/38
[04:39:22 +4m 47s | thequantuminsider_2023_08_16_new_quantum_hardware_approach_may_be_a_natural_for_powering_ed91a99a] Extracting interactions: https://thequantuminsider.com/2023/08/16/new-quantum-hardware-approach-may-be-a-natural-for-powering-up-quantum-algorithms (1/1), chunk 19/38
[04:39:28 +4m 54s | thequantuminsider_2023_08_16_new_quantum_hardware_approach_may_be_a_natural_for_powering_ed91a99a] Extracting interactions: https://thequantuminsider.com/2023/08/16/new-quantum-hardware-approach-may-be-a-natural-for-powering-up-quantum-algorithms (1/1), chunk 20/38
[04:39:40 +5m 6s | thequantuminsider_2023_08_16_new_quantum_hardware_approach_may_be_a_natural_for_powering_ed91a99a] Extracting interactions: https://thequantuminsider.com/2023/08/16/new-quantum-hardware-approach-may-be-a-natural-for-powering-up-quantum-algorithms (1/1), chunk 21/38
[04:39:51 +5m 16s | thequantuminsider_2023_08_16_new_quantum_hardware_approach_may_be_a_natural_for_powering_ed91a99a] Extracting interactions: https://thequantuminsider.com/2023/08/16/new-quantum-hardware-approach-may-be-a-natural-for-powering-up-quantum-algorithms (1/1), chunk 22/38
[04:39:55 +5m 20s | thequantuminsider_2023_08_16_new_quantum_hardware_approach_may_be_a_natural_for_powering_ed91a99a] Extracting interactions: https://thequantuminsider.com/2023/08/16/new-quantum-hardware-approach-may-be-a-natural-for-powering-up-quantum-algorithms (1/1), chunk 23/38
[04:40:03 +5m 29s | thequantuminsider_2023_08_16_new_quantum_hardware_approach_may_be_a_natural_for_powering_ed91a99a] Extracting interactions: https://thequantuminsider.com/2023/08/16/new-quantum-hardware-approach-may-be-a-natural-for-powering-up-quantum-algorithms (1/1), chunk 24/38
[04:40:07 +5m 32s | thequantuminsider_2023_08_16_new_quantum_hardware_approach_may_be_a_natural_for_powering_ed91a99a] Extracting interactions: https://thequantuminsider.com/2023/08/16/new-quantum-hardware-approach-may-be-a-natural-for-powering-up-quantum-algorithms (1/1), chunk 27/38
[04:40:11 +5m 36s | thequantuminsider_2023_08_16_new_quantum_hardware_approach_may_be_a_natural_for_powering_ed91a99a] Extracting interactions: https://thequantuminsider.com/2023/08/16/new-quantum-hardware-approach-may-be-a-natural-for-powering-up-quantum-algorithms (1/1), chunk 28/38
[04:40:15 +5m 40s | thequantuminsider_2023_08_16_new_quantum_hardware_approach_may_be_a_natural_for_powering_ed91a99a] Extracting interactions: https://thequantuminsider.com/2023/08/16/new-quantum-hardware-approach-may-be-a-natural-for-powering-up-quantum-algorithms (1/1), chunk 29/38
[04:40:16 +5m 42s | thequantuminsider_2023_08_16_new_quantum_hardware_approach_may_be_a_natural_for_powering_ed91a99a] Extracting interactions: https://thequantuminsider.com/2023/08/16/new-quantum-hardware-approach-may-be-a-natural-for-powering-up-quantum-algorithms (1/1), chunk 30/38
[04:40:18 +5m 43s | thequantuminsider_2023_08_16_new_quantum_hardware_approach_may_be_a_natural_for_powering_ed91a99a] Extracting interactions: https://thequantuminsider.com/2023/08/16/new-quantum-hardware-approach-may-be-a-natural-for-powering-up-quantum-algorithms (1/1), chunk 31/38
[04:40:19 +5m 45s | thequantuminsider_2023_08_16_new_quantum_hardware_approach_may_be_a_natural_for_powering_ed91a99a] Extracting interactions: https://thequantuminsider.com/2023/08/16/new-quantum-hardware-approach-may-be-a-natural-for-powering-up-quantum-algorithms (1/1), chunk 32/38
[04:40:46 +6m 11s | thequantuminsider_2023_08_16_new_quantum_hardware_approach_may_be_a_natural_for_powering_ed91a99a] Extracting interactions: https://thequantuminsider.com/2023/08/16/new-quantum-hardware-approach-may-be-a-natural-for-powering-up-quantum-algorithms (1/1), chunk 33/38
[04:40:47 +6m 13s | thequantuminsider_2023_08_16_new_quantum_hardware_approach_may_be_a_natural_for_powering_ed91a99a] Extracting interactions: https://thequantuminsider.com/2023/08/16/new-quantum-hardware-approach-may-be-a-natural-for-powering-up-quantum-algorithms (1/1), chunk 34/38
[04:40:49 +6m 15s | thequantuminsider_2023_08_16_new_quantum_hardware_approach_may_be_a_natural_for_powering_ed91a99a] Extracting interactions: https://thequantuminsider.com/2023/08/16/new-quantum-hardware-approach-may-be-a-natural-for-powering-up-quantum-algorithms (1/1), chunk 36/38
[04:40:51 +6m 16s | thequantuminsider_2023_08_16_new_quantum_hardware_approach_may_be_a_natural_for_powering_ed91a99a] Extracting interactions: https://thequantuminsider.com/2023/08/16/new-quantum-hardware-approach-may-be-a-natural-for-powering-up-quantum-algorithms (1/1), chunk 37/38
[04:40:52 +6m 18s | thequantuminsider_2023_08_16_new_quantum_hardware_approach_may_be_a_natural_for_powering_ed91a99a] Extracting interactions: https://thequantuminsider.com/2023/08/16/new-quantum-hardware-approach-may-be-a-natural-for-powering-up-quantum-algorithms (1/1), chunk 38/38
[04:40:54 +6m 19s | thequantuminsider_2023_08_16_new_quantum_hardware_approach_may_be_a_natural_for_powering_ed91a99a] Saved 3_interaction_results.json with 30 extracted interactions.

[04:40:54 +6m 19s | thequantuminsider_2023_08_16_new_quantum_hardware_approach_may_be_a_natural_for_powering_ed91a99a] === 4 clean interactions ===
[04:40:54 +6m 19s | thequantuminsider_2023_08_16_new_quantum_hardware_approach_may_be_a_natural_for_powering_ed91a99a] Saved 4_edges.json with 0 cleaned interactions.

[04:40:54 +6m 19s | thequantuminsider_2023_08_16_new_quantum_hardware_approach_may_be_a_natural_for_powering_ed91a99a] === 5 helix enrichment ===
[04:40:54 +6m 19s | thequantuminsider_2023_08_16_new_quantum_hardware_approach_may_be_a_natural_for_powering_ed91a99a] Wrote 5_nodes.json (21 actors)
[04:40:54 +6m 19s | thequantuminsider_2023_08_16_new_quantum_hardware_approach_may_be_a_natural_for_powering_ed91a99a] Wrote 5_edges.json (0 interactions)
[04:40:54 +6m 19s | thequantuminsider_2023_08_16_new_quantum_hardware_approach_may_be_a_natural_for_powering_ed91a99a] Actor helix counts: {'Academia': 3, 'Civil Society': 2, 'Government': 3, 'Industry': 3, 'Intermediary': 1, 'Unknown': 9}
[04:40:54 +6m 19s | thequantuminsider_2023_08_16_new_quantum_hardware_approach_may_be_a_natural_for_powering_ed91a99a] Functional-space counts: {}

[04:40:54 +6m 19s | thequantuminsider_2023_08_16_new_quantum_hardware_approach_may_be_a_natural_for_powering_ed91a99a] === 6 network visualisation ===
[04:40:54 +6m 20s | thequantuminsider_2023_08_16_new_quantum_hardware_approach_may_be_a_natural_for_powering_ed91a99a] Wrote quantum_network.html
[04:40:54 +6m 20s | thequantuminsider_2023_08_16_new_quantum_hardware_approach_may_be_a_natural_for_powering_ed91a99a] Nodes: 21
[04:40:54 +6m 20s | thequantuminsider_2023_08_16_new_quantum_hardware_approach_may_be_a_natural_for_powering_ed91a99a] Edges: 0

[04:40:54 +6m 20s | thequantuminsider_2023_08_16_new_quantum_hardware_approach_may_be_a_natural_for_powering_ed91a99a] Done. Outputs written to: /home/lv/IDP/idpdeeptech/pipeline/news_outputs/thequantuminsider_2023_08_16_new_quantum_hardware_approach_may_be_a_natural_for_powering_ed91a99a
[04:40:54 +6m 20s | thequantuminsider_2023_08_16_new_quantum_hardware_approach_may_be_a_natural_for_powering_ed91a99a] Log: /home/lv/IDP/idpdeeptech/pipeline/news_outputs/thequantuminsider_2023_08_16_new_quantum_hardware_approach_may_be_a_natural_for_powering_ed91a99a/run.log

========================================================================
RUN FINISHED 2026-07-02 04:40:54  (OK)
Started:     2026-07-02 04:34:32
Elapsed:     6m 20s
========================================================================
