
========================================================================
RUN STARTED  2026-07-01 21:29:24
site_pipeline.py https://thequantuminsider.com/2020/12/20/quantum-computing-now-podcast-episode-25-david-gunnarsson-and-dilution-refridgerators/
========================================================================

[21:29:24 +0s | thequantuminsider_2020_12_20_quantum_computing_now_podcast_episode_25_david_gunnarsson_an_e3a80e5c] === 0 crawl site ===
[21:29:25 +1s | thequantuminsider_2020_12_20_quantum_computing_now_podcast_episode_25_david_gunnarsson_an_e3a80e5c] [INIT].... → Crawl4AI 0.8.6 
[21:29:27 +3s | thequantuminsider_2020_12_20_quantum_computing_now_podcast_episode_25_david_gunnarsson_an_e3a80e5c] [FETCH]... ↓ https://thequantuminsider.com/2020/12/20/quantum...25-david-gunnarsson-and-dilution-refridgerators/  | ✓ | ⏱: 2.26s 
[21:29:27 +4s | thequantuminsider_2020_12_20_quantum_computing_now_podcast_episode_25_david_gunnarsson_an_e3a80e5c] [SCRAPE].. ◆ https://thequantuminsider.com/2020/12/20/quantum...25-david-gunnarsson-and-dilution-refridgerators/  | ✓ | ⏱: 0.10s 
[21:29:27 +4s | thequantuminsider_2020_12_20_quantum_computing_now_podcast_episode_25_david_gunnarsson_an_e3a80e5c] [COMPLETE] ● https://thequantuminsider.com/2020/12/20/quantum...25-david-gunnarsson-and-dilution-refridgerators/  | ✓ | ⏱: 2.38s 
[21:29:27 +4s | thequantuminsider_2020_12_20_quantum_computing_now_podcast_episode_25_david_gunnarsson_an_e3a80e5c] Saved: crawl_output/08b07a04b6_thequantuminsider.com_2020_12_20_quantum-computing-now-podcast-episode-25-david-gunnarsson-and-dilution-refridgerators.json

[21:29:27 +4s | thequantuminsider_2020_12_20_quantum_computing_now_podcast_episode_25_david_gunnarsson_an_e3a80e5c] === 1 actor extraction ===
[21:29:28 +4s | thequantuminsider_2020_12_20_quantum_computing_now_podcast_episode_25_david_gunnarsson_an_e3a80e5c] Reading page (1/1): https://thequantuminsider.com/2020/12/20/quantum-computing-now-podcast-episode-25-david-gunnarsson-and-dilution-refridgerators
[21:29:28 +4s | thequantuminsider_2020_12_20_quantum_computing_now_podcast_episode_25_david_gunnarsson_an_e3a80e5c] Extracting actors: https://thequantuminsider.com/2020/12/20/quantum-computing-now-podcast-episode-25-david-gunnarsson-and-dilution-refridgerators (1/1), chunk 1/35
[21:29:37 +10s | thequantuminsider_2020_12_20_quantum_computing_now_podcast_episode_25_david_gunnarsson_an_e3a80e5c] Extracting actors: https://thequantuminsider.com/2020/12/20/quantum-computing-now-podcast-episode-25-david-gunnarsson-and-dilution-refridgerators (1/1), chunk 2/35
[21:29:44 +17s | thequantuminsider_2020_12_20_quantum_computing_now_podcast_episode_25_david_gunnarsson_an_e3a80e5c] Extracting actors: https://thequantuminsider.com/2020/12/20/quantum-computing-now-podcast-episode-25-david-gunnarsson-and-dilution-refridgerators (1/1), chunk 3/35
[21:29:49 +23s | thequantuminsider_2020_12_20_quantum_computing_now_podcast_episode_25_david_gunnarsson_an_e3a80e5c] Extracting actors: https://thequantuminsider.com/2020/12/20/quantum-computing-now-podcast-episode-25-david-gunnarsson-and-dilution-refridgerators (1/1), chunk 4/35
[21:29:55 +28s | thequantuminsider_2020_12_20_quantum_computing_now_podcast_episode_25_david_gunnarsson_an_e3a80e5c] Extracting actors: https://thequantuminsider.com/2020/12/20/quantum-computing-now-podcast-episode-25-david-gunnarsson-and-dilution-refridgerators (1/1), chunk 5/35
[21:30:00 +33s | thequantuminsider_2020_12_20_quantum_computing_now_podcast_episode_25_david_gunnarsson_an_e3a80e5c] Extracting actors: https://thequantuminsider.com/2020/12/20/quantum-computing-now-podcast-episode-25-david-gunnarsson-and-dilution-refridgerators (1/1), chunk 6/35
[21:30:10 +40s | thequantuminsider_2020_12_20_quantum_computing_now_podcast_episode_25_david_gunnarsson_an_e3a80e5c] Extracting actors: https://thequantuminsider.com/2020/12/20/quantum-computing-now-podcast-episode-25-david-gunnarsson-and-dilution-refridgerators (1/1), chunk 7/35
[21:30:17 +47s | thequantuminsider_2020_12_20_quantum_computing_now_podcast_episode_25_david_gunnarsson_an_e3a80e5c] Extracting actors: https://thequantuminsider.com/2020/12/20/quantum-computing-now-podcast-episode-25-david-gunnarsson-and-dilution-refridgerators (1/1), chunk 8/35
[21:30:21 +51s | thequantuminsider_2020_12_20_quantum_computing_now_podcast_episode_25_david_gunnarsson_an_e3a80e5c] Extracting actors: https://thequantuminsider.com/2020/12/20/quantum-computing-now-podcast-episode-25-david-gunnarsson-and-dilution-refridgerators (1/1), chunk 9/35
[21:30:27 +58s | thequantuminsider_2020_12_20_quantum_computing_now_podcast_episode_25_david_gunnarsson_an_e3a80e5c] Extracting actors: https://thequantuminsider.com/2020/12/20/quantum-computing-now-podcast-episode-25-david-gunnarsson-and-dilution-refridgerators (1/1), chunk 10/35
[21:30:33 +1m 4s | thequantuminsider_2020_12_20_quantum_computing_now_podcast_episode_25_david_gunnarsson_an_e3a80e5c] Extracting actors: https://thequantuminsider.com/2020/12/20/quantum-computing-now-podcast-episode-25-david-gunnarsson-and-dilution-refridgerators (1/1), chunk 11/35
[21:30:40 +1m 11s | thequantuminsider_2020_12_20_quantum_computing_now_podcast_episode_25_david_gunnarsson_an_e3a80e5c] Repaired malformed JSON.
[21:30:40 +1m 11s | thequantuminsider_2020_12_20_quantum_computing_now_podcast_episode_25_david_gunnarsson_an_e3a80e5c] Extracting actors: https://thequantuminsider.com/2020/12/20/quantum-computing-now-podcast-episode-25-david-gunnarsson-and-dilution-refridgerators (1/1), chunk 12/35
[21:30:49 +1m 16s | thequantuminsider_2020_12_20_quantum_computing_now_podcast_episode_25_david_gunnarsson_an_e3a80e5c] Repaired malformed JSON.
[21:30:49 +1m 16s | thequantuminsider_2020_12_20_quantum_computing_now_podcast_episode_25_david_gunnarsson_an_e3a80e5c] Extracting actors: https://thequantuminsider.com/2020/12/20/quantum-computing-now-podcast-episode-25-david-gunnarsson-and-dilution-refridgerators (1/1), chunk 13/35
[21:30:54 +1m 21s | thequantuminsider_2020_12_20_quantum_computing_now_podcast_episode_25_david_gunnarsson_an_e3a80e5c] Repaired malformed JSON.
[21:30:54 +1m 21s | thequantuminsider_2020_12_20_quantum_computing_now_podcast_episode_25_david_gunnarsson_an_e3a80e5c] Extracting actors: https://thequantuminsider.com/2020/12/20/quantum-computing-now-podcast-episode-25-david-gunnarsson-and-dilution-refridgerators (1/1), chunk 14/35
[21:31:02 +1m 29s | thequantuminsider_2020_12_20_quantum_computing_now_podcast_episode_25_david_gunnarsson_an_e3a80e5c] Extracting actors: https://thequantuminsider.com/2020/12/20/quantum-computing-now-podcast-episode-25-david-gunnarsson-and-dilution-refridgerators (1/1), chunk 15/35
[21:31:08 +1m 36s | thequantuminsider_2020_12_20_quantum_computing_now_podcast_episode_25_david_gunnarsson_an_e3a80e5c] Repaired malformed JSON.
[21:31:08 +1m 36s | thequantuminsider_2020_12_20_quantum_computing_now_podcast_episode_25_david_gunnarsson_an_e3a80e5c] Extracting actors: https://thequantuminsider.com/2020/12/20/quantum-computing-now-podcast-episode-25-david-gunnarsson-and-dilution-refridgerators (1/1), chunk 16/35
[21:31:16 +1m 44s | thequantuminsider_2020_12_20_quantum_computing_now_podcast_episode_25_david_gunnarsson_an_e3a80e5c] Repaired malformed JSON.
[21:31:16 +1m 44s | thequantuminsider_2020_12_20_quantum_computing_now_podcast_episode_25_david_gunnarsson_an_e3a80e5c] Extracting actors: https://thequantuminsider.com/2020/12/20/quantum-computing-now-podcast-episode-25-david-gunnarsson-and-dilution-refridgerators (1/1), chunk 17/35
[21:31:24 +1m 49s | thequantuminsider_2020_12_20_quantum_computing_now_podcast_episode_25_david_gunnarsson_an_e3a80e5c] Repaired malformed JSON.
[21:31:24 +1m 49s | thequantuminsider_2020_12_20_quantum_computing_now_podcast_episode_25_david_gunnarsson_an_e3a80e5c] Extracting actors: https://thequantuminsider.com/2020/12/20/quantum-computing-now-podcast-episode-25-david-gunnarsson-and-dilution-refridgerators (1/1), chunk 18/35
[21:31:33 +1m 57s | thequantuminsider_2020_12_20_quantum_computing_now_podcast_episode_25_david_gunnarsson_an_e3a80e5c] Repaired malformed JSON.
[21:31:33 +1m 57s | thequantuminsider_2020_12_20_quantum_computing_now_podcast_episode_25_david_gunnarsson_an_e3a80e5c] Extracting actors: https://thequantuminsider.com/2020/12/20/quantum-computing-now-podcast-episode-25-david-gunnarsson-and-dilution-refridgerators (1/1), chunk 19/35
[21:31:38 +2m 3s | thequantuminsider_2020_12_20_quantum_computing_now_podcast_episode_25_david_gunnarsson_an_e3a80e5c] Repaired malformed JSON.
[21:31:38 +2m 3s | thequantuminsider_2020_12_20_quantum_computing_now_podcast_episode_25_david_gunnarsson_an_e3a80e5c] Extracting actors: https://thequantuminsider.com/2020/12/20/quantum-computing-now-podcast-episode-25-david-gunnarsson-and-dilution-refridgerators (1/1), chunk 20/35
[21:31:44 +2m 9s | thequantuminsider_2020_12_20_quantum_computing_now_podcast_episode_25_david_gunnarsson_an_e3a80e5c] Repaired malformed JSON.
[21:31:44 +2m 9s | thequantuminsider_2020_12_20_quantum_computing_now_podcast_episode_25_david_gunnarsson_an_e3a80e5c] Extracting actors: https://thequantuminsider.com/2020/12/20/quantum-computing-now-podcast-episode-25-david-gunnarsson-and-dilution-refridgerators (1/1), chunk 21/35
[21:31:57 +2m 18s | thequantuminsider_2020_12_20_quantum_computing_now_podcast_episode_25_david_gunnarsson_an_e3a80e5c] Repaired malformed JSON.
[21:31:57 +2m 18s | thequantuminsider_2020_12_20_quantum_computing_now_podcast_episode_25_david_gunnarsson_an_e3a80e5c] Extracting actors: https://thequantuminsider.com/2020/12/20/quantum-computing-now-podcast-episode-25-david-gunnarsson-and-dilution-refridgerators (1/1), chunk 22/35
[21:32:03 +2m 25s | thequantuminsider_2020_12_20_quantum_computing_now_podcast_episode_25_david_gunnarsson_an_e3a80e5c] Repaired malformed JSON.
[21:32:03 +2m 25s | thequantuminsider_2020_12_20_quantum_computing_now_podcast_episode_25_david_gunnarsson_an_e3a80e5c] Extracting actors: https://thequantuminsider.com/2020/12/20/quantum-computing-now-podcast-episode-25-david-gunnarsson-and-dilution-refridgerators (1/1), chunk 23/35
[21:32:09 +2m 31s | thequantuminsider_2020_12_20_quantum_computing_now_podcast_episode_25_david_gunnarsson_an_e3a80e5c] Repaired malformed JSON.
[21:32:09 +2m 31s | thequantuminsider_2020_12_20_quantum_computing_now_podcast_episode_25_david_gunnarsson_an_e3a80e5c] Extracting actors: https://thequantuminsider.com/2020/12/20/quantum-computing-now-podcast-episode-25-david-gunnarsson-and-dilution-refridgerators (1/1), chunk 24/35
[21:32:16 +2m 37s | thequantuminsider_2020_12_20_quantum_computing_now_podcast_episode_25_david_gunnarsson_an_e3a80e5c] Repaired malformed JSON.
[21:32:16 +2m 37s | thequantuminsider_2020_12_20_quantum_computing_now_podcast_episode_25_david_gunnarsson_an_e3a80e5c] Extracting actors: https://thequantuminsider.com/2020/12/20/quantum-computing-now-podcast-episode-25-david-gunnarsson-and-dilution-refridgerators (1/1), chunk 25/35
[21:32:21 +2m 43s | thequantuminsider_2020_12_20_quantum_computing_now_podcast_episode_25_david_gunnarsson_an_e3a80e5c] Extracting actors: https://thequantuminsider.com/2020/12/20/quantum-computing-now-podcast-episode-25-david-gunnarsson-and-dilution-refridgerators (1/1), chunk 26/35
[21:32:26 +2m 48s | thequantuminsider_2020_12_20_quantum_computing_now_podcast_episode_25_david_gunnarsson_an_e3a80e5c] Extracting actors: https://thequantuminsider.com/2020/12/20/quantum-computing-now-podcast-episode-25-david-gunnarsson-and-dilution-refridgerators (1/1), chunk 27/35
[21:32:30 +2m 49s | thequantuminsider_2020_12_20_quantum_computing_now_podcast_episode_25_david_gunnarsson_an_e3a80e5c] Extracting actors: https://thequantuminsider.com/2020/12/20/quantum-computing-now-podcast-episode-25-david-gunnarsson-and-dilution-refridgerators (1/1), chunk 28/35
[21:32:38 +2m 57s | thequantuminsider_2020_12_20_quantum_computing_now_podcast_episode_25_david_gunnarsson_an_e3a80e5c] Repaired malformed JSON.
[21:32:38 +2m 57s | thequantuminsider_2020_12_20_quantum_computing_now_podcast_episode_25_david_gunnarsson_an_e3a80e5c] Extracting actors: https://thequantuminsider.com/2020/12/20/quantum-computing-now-podcast-episode-25-david-gunnarsson-and-dilution-refridgerators (1/1), chunk 29/35
[21:32:43 +3m 2s | thequantuminsider_2020_12_20_quantum_computing_now_podcast_episode_25_david_gunnarsson_an_e3a80e5c] Repaired malformed JSON.
[21:32:43 +3m 2s | thequantuminsider_2020_12_20_quantum_computing_now_podcast_episode_25_david_gunnarsson_an_e3a80e5c] Extracting actors: https://thequantuminsider.com/2020/12/20/quantum-computing-now-podcast-episode-25-david-gunnarsson-and-dilution-refridgerators (1/1), chunk 30/35
[21:32:49 +3m 8s | thequantuminsider_2020_12_20_quantum_computing_now_podcast_episode_25_david_gunnarsson_an_e3a80e5c] Repaired malformed JSON.
[21:32:49 +3m 8s | thequantuminsider_2020_12_20_quantum_computing_now_podcast_episode_25_david_gunnarsson_an_e3a80e5c] Extracting actors: https://thequantuminsider.com/2020/12/20/quantum-computing-now-podcast-episode-25-david-gunnarsson-and-dilution-refridgerators (1/1), chunk 31/35
[21:32:55 +3m 14s | thequantuminsider_2020_12_20_quantum_computing_now_podcast_episode_25_david_gunnarsson_an_e3a80e5c] Repaired malformed JSON.
[21:32:55 +3m 14s | thequantuminsider_2020_12_20_quantum_computing_now_podcast_episode_25_david_gunnarsson_an_e3a80e5c] Extracting actors: https://thequantuminsider.com/2020/12/20/quantum-computing-now-podcast-episode-25-david-gunnarsson-and-dilution-refridgerators (1/1), chunk 32/35
[21:33:01 +3m 20s | thequantuminsider_2020_12_20_quantum_computing_now_podcast_episode_25_david_gunnarsson_an_e3a80e5c] Repaired malformed JSON.
[21:33:01 +3m 20s | thequantuminsider_2020_12_20_quantum_computing_now_podcast_episode_25_david_gunnarsson_an_e3a80e5c] Extracting actors: https://thequantuminsider.com/2020/12/20/quantum-computing-now-podcast-episode-25-david-gunnarsson-and-dilution-refridgerators (1/1), chunk 33/35
[21:33:09 +3m 25s | thequantuminsider_2020_12_20_quantum_computing_now_podcast_episode_25_david_gunnarsson_an_e3a80e5c] Repaired malformed JSON.
[21:33:09 +3m 25s | thequantuminsider_2020_12_20_quantum_computing_now_podcast_episode_25_david_gunnarsson_an_e3a80e5c] Extracting actors: https://thequantuminsider.com/2020/12/20/quantum-computing-now-podcast-episode-25-david-gunnarsson-and-dilution-refridgerators (1/1), chunk 34/35
[21:33:16 +3m 31s | thequantuminsider_2020_12_20_quantum_computing_now_podcast_episode_25_david_gunnarsson_an_e3a80e5c] Repaired malformed JSON.
[21:33:16 +3m 31s | thequantuminsider_2020_12_20_quantum_computing_now_podcast_episode_25_david_gunnarsson_an_e3a80e5c] Extracting actors: https://thequantuminsider.com/2020/12/20/quantum-computing-now-podcast-episode-25-david-gunnarsson-and-dilution-refridgerators (1/1), chunk 35/35
[21:33:24 +3m 40s | thequantuminsider_2020_12_20_quantum_computing_now_podcast_episode_25_david_gunnarsson_an_e3a80e5c] Repaired malformed JSON.
[21:33:24 +3m 40s | thequantuminsider_2020_12_20_quantum_computing_now_podcast_episode_25_david_gunnarsson_an_e3a80e5c] Saved 1_actor_results.json with 54 extracted records

[21:33:24 +3m 40s | thequantuminsider_2020_12_20_quantum_computing_now_podcast_episode_25_david_gunnarsson_an_e3a80e5c] === 2 clean actors ===
[21:33:24 +3m 40s | thequantuminsider_2020_12_20_quantum_computing_now_podcast_episode_25_david_gunnarsson_an_e3a80e5c] Loaded 54 extracted records
[21:33:24 +3m 40s | thequantuminsider_2020_12_20_quantum_computing_now_podcast_episode_25_david_gunnarsson_an_e3a80e5c] Saved 2_actor_nodes.json with 19 canonical actor nodes

[21:33:24 +3m 40s | thequantuminsider_2020_12_20_quantum_computing_now_podcast_episode_25_david_gunnarsson_an_e3a80e5c] === 3 interaction extraction ===
[21:33:24 +3m 40s | thequantuminsider_2020_12_20_quantum_computing_now_podcast_episode_25_david_gunnarsson_an_e3a80e5c] Extracting interactions: https://thequantuminsider.com/2020/12/20/quantum-computing-now-podcast-episode-25-david-gunnarsson-and-dilution-refridgerators (1/1), chunk 11/35
[21:33:29 +3m 45s | thequantuminsider_2020_12_20_quantum_computing_now_podcast_episode_25_david_gunnarsson_an_e3a80e5c] Extracting interactions: https://thequantuminsider.com/2020/12/20/quantum-computing-now-podcast-episode-25-david-gunnarsson-and-dilution-refridgerators (1/1), chunk 12/35
[21:33:35 +3m 51s | thequantuminsider_2020_12_20_quantum_computing_now_podcast_episode_25_david_gunnarsson_an_e3a80e5c] Extracting interactions: https://thequantuminsider.com/2020/12/20/quantum-computing-now-podcast-episode-25-david-gunnarsson-and-dilution-refridgerators (1/1), chunk 13/35
[21:33:42 +3m 55s | thequantuminsider_2020_12_20_quantum_computing_now_podcast_episode_25_david_gunnarsson_an_e3a80e5c] Extracting interactions: https://thequantuminsider.com/2020/12/20/quantum-computing-now-podcast-episode-25-david-gunnarsson-and-dilution-refridgerators (1/1), chunk 14/35
[21:33:44 +3m 57s | thequantuminsider_2020_12_20_quantum_computing_now_podcast_episode_25_david_gunnarsson_an_e3a80e5c] Extracting interactions: https://thequantuminsider.com/2020/12/20/quantum-computing-now-podcast-episode-25-david-gunnarsson-and-dilution-refridgerators (1/1), chunk 15/35
[21:33:52 +4m 5s | thequantuminsider_2020_12_20_quantum_computing_now_podcast_episode_25_david_gunnarsson_an_e3a80e5c] Extracting interactions: https://thequantuminsider.com/2020/12/20/quantum-computing-now-podcast-episode-25-david-gunnarsson-and-dilution-refridgerators (1/1), chunk 16/35
[21:34:03 +4m 16s | thequantuminsider_2020_12_20_quantum_computing_now_podcast_episode_25_david_gunnarsson_an_e3a80e5c] Extracting interactions: https://thequantuminsider.com/2020/12/20/quantum-computing-now-podcast-episode-25-david-gunnarsson-and-dilution-refridgerators (1/1), chunk 17/35
[21:34:22 +4m 32s | thequantuminsider_2020_12_20_quantum_computing_now_podcast_episode_25_david_gunnarsson_an_e3a80e5c] Extracting interactions: https://thequantuminsider.com/2020/12/20/quantum-computing-now-podcast-episode-25-david-gunnarsson-and-dilution-refridgerators (1/1), chunk 18/35
[21:34:36 +4m 46s | thequantuminsider_2020_12_20_quantum_computing_now_podcast_episode_25_david_gunnarsson_an_e3a80e5c] Extracting interactions: https://thequantuminsider.com/2020/12/20/quantum-computing-now-podcast-episode-25-david-gunnarsson-and-dilution-refridgerators (1/1), chunk 19/35
[21:34:41 +4m 51s | thequantuminsider_2020_12_20_quantum_computing_now_podcast_episode_25_david_gunnarsson_an_e3a80e5c] Extracting interactions: https://thequantuminsider.com/2020/12/20/quantum-computing-now-podcast-episode-25-david-gunnarsson-and-dilution-refridgerators (1/1), chunk 20/35
[21:35:01 +5m 8s | thequantuminsider_2020_12_20_quantum_computing_now_podcast_episode_25_david_gunnarsson_an_e3a80e5c] Extracting interactions: https://thequantuminsider.com/2020/12/20/quantum-computing-now-podcast-episode-25-david-gunnarsson-and-dilution-refridgerators (1/1), chunk 21/35
[21:35:07 +5m 14s | thequantuminsider_2020_12_20_quantum_computing_now_podcast_episode_25_david_gunnarsson_an_e3a80e5c] Extracting interactions: https://thequantuminsider.com/2020/12/20/quantum-computing-now-podcast-episode-25-david-gunnarsson-and-dilution-refridgerators (1/1), chunk 24/35
[21:35:16 +5m 23s | thequantuminsider_2020_12_20_quantum_computing_now_podcast_episode_25_david_gunnarsson_an_e3a80e5c] Extracting interactions: https://thequantuminsider.com/2020/12/20/quantum-computing-now-podcast-episode-25-david-gunnarsson-and-dilution-refridgerators (1/1), chunk 25/35
[21:35:17 +5m 24s | thequantuminsider_2020_12_20_quantum_computing_now_podcast_episode_25_david_gunnarsson_an_e3a80e5c] Extracting interactions: https://thequantuminsider.com/2020/12/20/quantum-computing-now-podcast-episode-25-david-gunnarsson-and-dilution-refridgerators (1/1), chunk 26/35
[21:35:19 +5m 26s | thequantuminsider_2020_12_20_quantum_computing_now_podcast_episode_25_david_gunnarsson_an_e3a80e5c] Extracting interactions: https://thequantuminsider.com/2020/12/20/quantum-computing-now-podcast-episode-25-david-gunnarsson-and-dilution-refridgerators (1/1), chunk 27/35
[21:35:21 +5m 28s | thequantuminsider_2020_12_20_quantum_computing_now_podcast_episode_25_david_gunnarsson_an_e3a80e5c] Extracting interactions: https://thequantuminsider.com/2020/12/20/quantum-computing-now-podcast-episode-25-david-gunnarsson-and-dilution-refridgerators (1/1), chunk 28/35
[21:35:22 +5m 29s | thequantuminsider_2020_12_20_quantum_computing_now_podcast_episode_25_david_gunnarsson_an_e3a80e5c] Extracting interactions: https://thequantuminsider.com/2020/12/20/quantum-computing-now-podcast-episode-25-david-gunnarsson-and-dilution-refridgerators (1/1), chunk 29/35
[21:35:27 +5m 31s | thequantuminsider_2020_12_20_quantum_computing_now_podcast_episode_25_david_gunnarsson_an_e3a80e5c] Extracting interactions: https://thequantuminsider.com/2020/12/20/quantum-computing-now-podcast-episode-25-david-gunnarsson-and-dilution-refridgerators (1/1), chunk 30/35
[21:35:28 +5m 33s | thequantuminsider_2020_12_20_quantum_computing_now_podcast_episode_25_david_gunnarsson_an_e3a80e5c] Extracting interactions: https://thequantuminsider.com/2020/12/20/quantum-computing-now-podcast-episode-25-david-gunnarsson-and-dilution-refridgerators (1/1), chunk 31/35
[21:35:30 +5m 34s | thequantuminsider_2020_12_20_quantum_computing_now_podcast_episode_25_david_gunnarsson_an_e3a80e5c] Extracting interactions: https://thequantuminsider.com/2020/12/20/quantum-computing-now-podcast-episode-25-david-gunnarsson-and-dilution-refridgerators (1/1), chunk 32/35
[21:35:32 +5m 36s | thequantuminsider_2020_12_20_quantum_computing_now_podcast_episode_25_david_gunnarsson_an_e3a80e5c] Extracting interactions: https://thequantuminsider.com/2020/12/20/quantum-computing-now-podcast-episode-25-david-gunnarsson-and-dilution-refridgerators (1/1), chunk 33/35
[21:35:33 +5m 37s | thequantuminsider_2020_12_20_quantum_computing_now_podcast_episode_25_david_gunnarsson_an_e3a80e5c] Extracting interactions: https://thequantuminsider.com/2020/12/20/quantum-computing-now-podcast-episode-25-david-gunnarsson-and-dilution-refridgerators (1/1), chunk 34/35
[21:35:35 +5m 39s | thequantuminsider_2020_12_20_quantum_computing_now_podcast_episode_25_david_gunnarsson_an_e3a80e5c] Extracting interactions: https://thequantuminsider.com/2020/12/20/quantum-computing-now-podcast-episode-25-david-gunnarsson-and-dilution-refridgerators (1/1), chunk 35/35
[21:35:37 +5m 41s | thequantuminsider_2020_12_20_quantum_computing_now_podcast_episode_25_david_gunnarsson_an_e3a80e5c] Saved 3_interaction_results.json with 27 extracted interactions.

[21:35:37 +5m 41s | thequantuminsider_2020_12_20_quantum_computing_now_podcast_episode_25_david_gunnarsson_an_e3a80e5c] === 4 clean interactions ===
[21:35:37 +5m 41s | thequantuminsider_2020_12_20_quantum_computing_now_podcast_episode_25_david_gunnarsson_an_e3a80e5c] Saved 4_edges.json with 0 cleaned interactions.

[21:35:37 +5m 41s | thequantuminsider_2020_12_20_quantum_computing_now_podcast_episode_25_david_gunnarsson_an_e3a80e5c] === 5 helix enrichment ===
[21:35:37 +5m 41s | thequantuminsider_2020_12_20_quantum_computing_now_podcast_episode_25_david_gunnarsson_an_e3a80e5c] Wrote 5_nodes.json (19 actors)
[21:35:37 +5m 41s | thequantuminsider_2020_12_20_quantum_computing_now_podcast_episode_25_david_gunnarsson_an_e3a80e5c] Wrote 5_edges.json (0 interactions)
[21:35:37 +5m 41s | thequantuminsider_2020_12_20_quantum_computing_now_podcast_episode_25_david_gunnarsson_an_e3a80e5c] Actor helix counts: {'Civil Society': 2, 'Government': 3, 'Industry': 4, 'Intermediary': 1, 'Unknown': 9}
[21:35:37 +5m 41s | thequantuminsider_2020_12_20_quantum_computing_now_podcast_episode_25_david_gunnarsson_an_e3a80e5c] Functional-space counts: {}

[21:35:37 +5m 41s | thequantuminsider_2020_12_20_quantum_computing_now_podcast_episode_25_david_gunnarsson_an_e3a80e5c] === 6 network visualisation ===
[21:35:38 +5m 42s | thequantuminsider_2020_12_20_quantum_computing_now_podcast_episode_25_david_gunnarsson_an_e3a80e5c] Wrote quantum_network.html
[21:35:38 +5m 42s | thequantuminsider_2020_12_20_quantum_computing_now_podcast_episode_25_david_gunnarsson_an_e3a80e5c] Nodes: 19
[21:35:38 +5m 42s | thequantuminsider_2020_12_20_quantum_computing_now_podcast_episode_25_david_gunnarsson_an_e3a80e5c] Edges: 0

[21:35:38 +5m 42s | thequantuminsider_2020_12_20_quantum_computing_now_podcast_episode_25_david_gunnarsson_an_e3a80e5c] Done. Outputs written to: /home/lv/IDP/idpdeeptech/pipeline/news_outputs/thequantuminsider_2020_12_20_quantum_computing_now_podcast_episode_25_david_gunnarsson_an_e3a80e5c
[21:35:38 +5m 42s | thequantuminsider_2020_12_20_quantum_computing_now_podcast_episode_25_david_gunnarsson_an_e3a80e5c] Log: /home/lv/IDP/idpdeeptech/pipeline/news_outputs/thequantuminsider_2020_12_20_quantum_computing_now_podcast_episode_25_david_gunnarsson_an_e3a80e5c/run.log

========================================================================
RUN FINISHED 2026-07-01 21:35:38  (OK)
Started:     2026-07-01 21:29:24
Elapsed:     5m 42s
========================================================================
