
========================================================================
RUN STARTED  2026-06-17 06:44:03
site_pipeline.py https://quantumbase.com/
========================================================================

[06:44:03 +0s | quantumbase] === 0 crawl site ===
[06:44:05 +2s | quantumbase] [INIT].... → Crawl4AI 0.8.6 
[06:44:07 +4s | quantumbase] [FETCH]... ↓ https://quantumbase.com/                                                                             | ✓ | ⏱: 1.48s 
[06:44:07 +4s | quantumbase] [SCRAPE].. ◆ https://quantumbase.com/                                                                             | ✓ | ⏱: 0.04s 
[06:44:07 +4s | quantumbase] [COMPLETE] ● https://quantumbase.com/                                                                             | ✓ | ⏱: 1.53s 
[06:44:08 +5s | quantumbase] [FETCH]... ↓ https://quantumbase.com/                                                                             | ✓ | ⏱: 1.30s 
[06:44:08 +5s | quantumbase] [SCRAPE].. ◆ https://quantumbase.com/                                                                             | ✓ | ⏱: 0.04s 
[06:44:08 +5s | quantumbase] [COMPLETE] ● https://quantumbase.com/                                                                             | ✓ | ⏱: 1.36s 
[06:44:12 +9s | quantumbase] [FETCH]... ↓ https://quantumbase.com/anti-counterfeiting-for-tax-stamps/                                          | ✓ | ⏱: 4.61s 
[06:44:12 +9s | quantumbase] [SCRAPE].. ◆ https://quantumbase.com/anti-counterfeiting-for-tax-stamps/                                          | ✓ | ⏱: 0.04s 
[06:44:12 +9s | quantumbase] [COMPLETE] ● https://quantumbase.com/anti-counterfeiting-for-tax-stamps/                                          | ✓ | ⏱: 4.66s 
[06:44:12 +9s | quantumbase] [FETCH]... ↓ https://quantumbase.com/anti-counterfeiting-for-apparel/                                             | ✓ | ⏱: 4.66s 
[06:44:12 +9s | quantumbase] [SCRAPE].. ◆ https://quantumbase.com/anti-counterfeiting-for-apparel/                                             | ✓ | ⏱: 0.04s 
[06:44:12 +9s | quantumbase] [COMPLETE] ● https://quantumbase.com/anti-counterfeiting-for-apparel/                                             | ✓ | ⏱: 4.72s 
[06:44:12 +9s | quantumbase] [FETCH]... ↓ https://quantumbase.com/brand-protection/                                                            | ✓ | ⏱: 4.78s 
[06:44:12 +9s | quantumbase] [SCRAPE].. ◆ https://quantumbase.com/brand-protection/                                                            | ✓ | ⏱: 0.04s 
[06:44:12 +9s | quantumbase] [COMPLETE] ● https://quantumbase.com/brand-protection/                                                            | ✓ | ⏱: 4.83s 
[06:44:12 +9s | quantumbase] [FETCH]... ↓ https://quantumbase.com/anti-counterfeiting-for-cosmetics/                                           | ✓ | ⏱: 4.88s 
[06:44:12 +9s | quantumbase] [SCRAPE].. ◆ https://quantumbase.com/anti-counterfeiting-for-cosmetics/                                           | ✓ | ⏱: 0.06s 
[06:44:12 +9s | quantumbase] [COMPLETE] ● https://quantumbase.com/anti-counterfeiting-for-cosmetics/                                           | ✓ | ⏱: 4.96s 
[06:44:12 +9s | quantumbase] [FETCH]... ↓ https://quantumbase.com/intelligent-packaging/                                                       | ✓ | ⏱: 5.22s 
[06:44:12 +9s | quantumbase] [SCRAPE].. ◆ https://quantumbase.com/intelligent-packaging/                                                       | ✓ | ⏱: 0.04s 
[06:44:12 +9s | quantumbase] [COMPLETE] ● https://quantumbase.com/intelligent-packaging/                                                       | ✓ | ⏱: 5.27s 
[06:44:13 +9s | quantumbase] [FETCH]... ↓ https://quantumbase.com/anti-counterfeiting-for-alcohol/                                             | ✓ | ⏱: 5.32s 
[06:44:13 +9s | quantumbase] [SCRAPE].. ◆ https://quantumbase.com/anti-counterfeiting-for-alcohol/                                             | ✓ | ⏱: 0.04s 
[06:44:13 +9s | quantumbase] [COMPLETE] ● https://quantumbase.com/anti-counterfeiting-for-alcohol/                                             | ✓ | ⏱: 5.38s 
[06:44:13 +9s | quantumbase] [FETCH]... ↓ https://quantumbase.com/anti-counterfeiting-for-beverages/                                           | ✓ | ⏱: 5.40s 
[06:44:13 +9s | quantumbase] [SCRAPE].. ◆ https://quantumbase.com/anti-counterfeiting-for-beverages/                                           | ✓ | ⏱: 0.03s 
[06:44:13 +9s | quantumbase] [COMPLETE] ● https://quantumbase.com/anti-counterfeiting-for-beverages/                                           | ✓ | ⏱: 5.45s 
[06:44:13 +10s | quantumbase] [FETCH]... ↓ https://quantumbase.com/anti-counterfeit-solutions-for-food-products/                                | ✓ | ⏱: 5.72s 
[06:44:13 +10s | quantumbase] [SCRAPE].. ◆ https://quantumbase.com/anti-counterfeit-solutions-for-food-products/                                | ✓ | ⏱: 0.04s 
[06:44:13 +10s | quantumbase] [COMPLETE] ● https://quantumbase.com/anti-counterfeit-solutions-for-food-products/                                | ✓ | ⏱: 5.77s 
[06:44:13 +10s | quantumbase] [FETCH]... ↓ https://quantumbase.com/anti-counterfeit-labels/                                                     | ✓ | ⏱: 5.79s 
[06:44:13 +10s | quantumbase] [SCRAPE].. ◆ https://quantumbase.com/anti-counterfeit-labels/                                                     | ✓ | ⏱: 0.04s 
[06:44:13 +10s | quantumbase] [COMPLETE] ● https://quantumbase.com/anti-counterfeit-labels/                                                     | ✓ | ⏱: 5.85s 
[06:44:13 +10s | quantumbase] [FETCH]... ↓ https://quantumbase.com/supply-chain-security/                                                       | ✓ | ⏱: 5.89s 
[06:44:13 +10s | quantumbase] [SCRAPE].. ◆ https://quantumbase.com/supply-chain-security/                                                       | ✓ | ⏱: 0.05s 
[06:44:13 +10s | quantumbase] [COMPLETE] ● https://quantumbase.com/supply-chain-security/                                                       | ✓ | ⏱: 5.96s 
[06:44:13 +10s | quantumbase] [FETCH]... ↓ https://quantumbase.com/anti-counterfeiting-for-footwear/                                            | ✓ | ⏱: 6.02s 
[06:44:13 +10s | quantumbase] [SCRAPE].. ◆ https://quantumbase.com/anti-counterfeiting-for-footwear/                                            | ✓ | ⏱: 0.04s 
[06:44:13 +10s | quantumbase] [COMPLETE] ● https://quantumbase.com/anti-counterfeiting-for-footwear/                                            | ✓ | ⏱: 6.08s 
[06:44:13 +10s | quantumbase] [FETCH]... ↓ https://quantumbase.com/q-id-optical/                                                                | ✓ | ⏱: 6.13s 
[06:44:13 +10s | quantumbase] [SCRAPE].. ◆ https://quantumbase.com/q-id-optical/                                                                | ✓ | ⏱: 0.06s 
[06:44:13 +10s | quantumbase] [COMPLETE] ● https://quantumbase.com/q-id-optical/                                                                | ✓ | ⏱: 6.20s 
[06:44:13 +10s | quantumbase] [FETCH]... ↓ https://quantumbase.com/document-verification/                                                       | ✓ | ⏱: 6.20s 
[06:44:13 +10s | quantumbase] [SCRAPE].. ◆ https://quantumbase.com/document-verification/                                                       | ✓ | ⏱: 0.04s 
[06:44:13 +10s | quantumbase] [COMPLETE] ● https://quantumbase.com/document-verification/                                                       | ✓ | ⏱: 6.25s 
[06:44:13 +10s | quantumbase] [FETCH]... ↓ https://quantumbase.com/anti-counterfeiting-for-consumer-goods/                                      | ✓ | ⏱: 6.28s 
[06:44:14 +10s | quantumbase] [SCRAPE].. ◆ https://quantumbase.com/anti-counterfeiting-for-consumer-goods/                                      | ✓ | ⏱: 0.05s 
[06:44:14 +10s | quantumbase] [COMPLETE] ● https://quantumbase.com/anti-counterfeiting-for-consumer-goods/                                      | ✓ | ⏱: 6.34s 
[06:44:14 +10s | quantumbase] [FETCH]... ↓ https://quantumbase.com/anti-counterfeit-solution/                                                   | ✓ | ⏱: 6.38s 
[06:44:14 +10s | quantumbase] [SCRAPE].. ◆ https://quantumbase.com/anti-counterfeit-solution/                                                   | ✓ | ⏱: 0.05s 
[06:44:14 +10s | quantumbase] [COMPLETE] ● https://quantumbase.com/anti-counterfeit-solution/                                                   | ✓ | ⏱: 6.46s 
[06:44:14 +11s | quantumbase] [FETCH]... ↓ https://quantumbase.com/q-id-optical/q-id-optical-use-cases/                                         | ✓ | ⏱: 6.68s 
[06:44:14 +11s | quantumbase] [SCRAPE].. ◆ https://quantumbase.com/q-id-optical/q-id-optical-use-cases/                                         | ✓ | ⏱: 0.04s 
[06:44:14 +11s | quantumbase] [COMPLETE] ● https://quantumbase.com/q-id-optical/q-id-optical-use-cases/                                         | ✓ | ⏱: 6.74s 
[06:44:14 +11s | quantumbase] [FETCH]... ↓ https://quantumbase.com/anti-counterfeiting-solutions/                                               | ✓ | ⏱: 6.75s 
[06:44:14 +11s | quantumbase] [SCRAPE].. ◆ https://quantumbase.com/anti-counterfeiting-solutions/                                               | ✓ | ⏱: 0.03s 
[06:44:14 +11s | quantumbase] [COMPLETE] ● https://quantumbase.com/anti-counterfeiting-solutions/                                               | ✓ | ⏱: 6.79s 
[06:44:14 +11s | quantumbase] [FETCH]... ↓ https://quantumbase.com/anti-counterfeiting-for-eyewear-sunglasses/                                  | ✓ | ⏱: 6.86s 
[06:44:14 +11s | quantumbase] [SCRAPE].. ◆ https://quantumbase.com/anti-counterfeiting-for-eyewear-sunglasses/                                  | ✓ | ⏱: 0.03s 
[06:44:14 +11s | quantumbase] [COMPLETE] ● https://quantumbase.com/anti-counterfeiting-for-eyewear-sunglasses/                                  | ✓ | ⏱: 6.91s 
[06:44:14 +11s | quantumbase] Saved: crawl_output/04aaf45088_quantumbase.com.json
[06:44:14 +11s | quantumbase] Duplicate skipped: https://quantumbase.com
[06:44:14 +11s | quantumbase] Saved: crawl_output/ce797ea287_quantumbase.com_anti-counterfeiting-for-tax-stamps.json
[06:44:14 +11s | quantumbase] Saved: crawl_output/4c91bf4418_quantumbase.com_anti-counterfeiting-for-apparel.json
[06:44:14 +11s | quantumbase] Saved: crawl_output/42d18b8817_quantumbase.com_brand-protection.json
[06:44:14 +11s | quantumbase] Saved: crawl_output/c332dffa06_quantumbase.com_anti-counterfeiting-for-cosmetics.json
[06:44:14 +11s | quantumbase] Saved: crawl_output/ab8aa45657_quantumbase.com_intelligent-packaging.json
[06:44:14 +11s | quantumbase] Saved: crawl_output/4ed4ef3a91_quantumbase.com_anti-counterfeiting-for-alcohol.json
[06:44:14 +11s | quantumbase] Saved: crawl_output/070de69dc7_quantumbase.com_anti-counterfeiting-for-beverages.json
[06:44:14 +11s | quantumbase] Saved: crawl_output/400815916b_quantumbase.com_anti-counterfeit-solutions-for-food-products.json
[06:44:14 +11s | quantumbase] Saved: crawl_output/e8e7923cb6_quantumbase.com_anti-counterfeit-labels.json
[06:44:14 +11s | quantumbase] Saved: crawl_output/8e494af5a9_quantumbase.com_supply-chain-security.json
[06:44:14 +11s | quantumbase] Saved: crawl_output/b8628704c3_quantumbase.com_anti-counterfeiting-for-footwear.json
[06:44:14 +11s | quantumbase] Saved: crawl_output/9686ce8668_quantumbase.com_q-id-optical.json
[06:44:14 +11s | quantumbase] Saved: crawl_output/dbdeeff631_quantumbase.com_document-verification.json
[06:44:14 +11s | quantumbase] Saved: crawl_output/45b89d9a4d_quantumbase.com_anti-counterfeiting-for-consumer-goods.json
[06:44:14 +11s | quantumbase] Saved: crawl_output/2ff041b8d3_quantumbase.com_anti-counterfeit-solution.json
[06:44:14 +11s | quantumbase] Saved: crawl_output/383314d468_quantumbase.com_q-id-optical_q-id-optical-use-cases.json
[06:44:14 +11s | quantumbase] Saved: crawl_output/26b36db71d_quantumbase.com_anti-counterfeiting-solutions.json
[06:44:14 +11s | quantumbase] Saved: crawl_output/5de9b11fe9_quantumbase.com_anti-counterfeiting-for-eyewear-sunglasses.json

[06:44:14 +11s | quantumbase] === 1 actor extraction ===
[06:44:15 +11s | quantumbase] Reading page (1/19): https://quantumbase.com
[06:44:15 +11s | quantumbase] Extracting: https://quantumbase.com (1/19), chunk 1/13
[06:44:23 +17s | quantumbase] Extracting: https://quantumbase.com (1/19), chunk 2/13
[06:44:28 +23s | quantumbase] Extracting: https://quantumbase.com (1/19), chunk 3/13
[06:44:35 +29s | quantumbase] Repaired malformed JSON.
[06:44:35 +29s | quantumbase] Extracting: https://quantumbase.com (1/19), chunk 4/13
[06:44:41 +35s | quantumbase] Repaired malformed JSON.
[06:44:41 +35s | quantumbase] Extracting: https://quantumbase.com (1/19), chunk 5/13
[06:44:46 +40s | quantumbase] Extracting: https://quantumbase.com (1/19), chunk 6/13
[06:44:50 +44s | quantumbase] Extracting: https://quantumbase.com (1/19), chunk 7/13
[06:44:56 +50s | quantumbase] Repaired malformed JSON.
[06:44:56 +50s | quantumbase] Extracting: https://quantumbase.com (1/19), chunk 8/13
[06:45:03 +57s | quantumbase] Repaired malformed JSON.
[06:45:03 +57s | quantumbase] Extracting: https://quantumbase.com (1/19), chunk 9/13
[06:45:09 +1m 2s | quantumbase] Extracting: https://quantumbase.com (1/19), chunk 10/13
[06:45:16 +1m 9s | quantumbase] Repaired malformed JSON.
[06:45:16 +1m 9s | quantumbase] Extracting: https://quantumbase.com (1/19), chunk 11/13
[06:45:23 +1m 15s | quantumbase] Extracting: https://quantumbase.com (1/19), chunk 12/13
[06:45:32 +1m 24s | quantumbase] Repaired malformed JSON.
[06:45:32 +1m 24s | quantumbase] Extracting: https://quantumbase.com (1/19), chunk 13/13
[06:45:38 +1m 31s | quantumbase] Repaired malformed JSON.
[06:45:38 +1m 31s | quantumbase] Reading page (2/19): https://quantumbase.com/anti-counterfeiting-for-beverages
[06:45:38 +1m 31s | quantumbase] Extracting: https://quantumbase.com/anti-counterfeiting-for-beverages (2/19), chunk 1/14
[06:45:42 +1m 34s | quantumbase] Extracting: https://quantumbase.com/anti-counterfeiting-for-beverages (2/19), chunk 2/14
[06:45:48 +1m 40s | quantumbase] Extracting: https://quantumbase.com/anti-counterfeiting-for-beverages (2/19), chunk 3/14
[06:45:53 +1m 46s | quantumbase] Extracting: https://quantumbase.com/anti-counterfeiting-for-beverages (2/19), chunk 4/14
[06:45:59 +1m 51s | quantumbase] Extracting: https://quantumbase.com/anti-counterfeiting-for-beverages (2/19), chunk 5/14
[06:46:02 +1m 55s | quantumbase] Extracting: https://quantumbase.com/anti-counterfeiting-for-beverages (2/19), chunk 6/14
[06:46:06 +1m 59s | quantumbase] Extracting: https://quantumbase.com/anti-counterfeiting-for-beverages (2/19), chunk 7/14
[06:46:12 +2m 4s | quantumbase] Repaired malformed JSON.
[06:46:12 +2m 4s | quantumbase] Extracting: https://quantumbase.com/anti-counterfeiting-for-beverages (2/19), chunk 8/14
[06:46:19 +2m 10s | quantumbase] Repaired malformed JSON.
[06:46:19 +2m 10s | quantumbase] Extracting: https://quantumbase.com/anti-counterfeiting-for-beverages (2/19), chunk 9/14
[06:46:24 +2m 14s | quantumbase] Extracting: https://quantumbase.com/anti-counterfeiting-for-beverages (2/19), chunk 10/14
[06:46:32 +2m 23s | quantumbase] Repaired malformed JSON.
[06:46:32 +2m 23s | quantumbase] Extracting: https://quantumbase.com/anti-counterfeiting-for-beverages (2/19), chunk 11/14
[06:46:36 +2m 26s | quantumbase] Extracting: https://quantumbase.com/anti-counterfeiting-for-beverages (2/19), chunk 12/14
[06:46:39 +2m 30s | quantumbase] Extracting: https://quantumbase.com/anti-counterfeiting-for-beverages (2/19), chunk 13/14
[06:46:41 +2m 31s | quantumbase] Extracting: https://quantumbase.com/anti-counterfeiting-for-beverages (2/19), chunk 14/14
[06:46:49 +2m 37s | quantumbase] Repaired malformed JSON.
[06:46:49 +2m 37s | quantumbase] Reading page (3/19): https://quantumbase.com/anti-counterfeiting-solutions
[06:46:49 +2m 37s | quantumbase] Extracting: https://quantumbase.com/anti-counterfeiting-solutions (3/19), chunk 1/12
[06:46:53 +2m 41s | quantumbase] Extracting: https://quantumbase.com/anti-counterfeiting-solutions (3/19), chunk 2/12
[06:46:59 +2m 48s | quantumbase] Extracting: https://quantumbase.com/anti-counterfeiting-solutions (3/19), chunk 3/12
[06:47:04 +2m 52s | quantumbase] Extracting: https://quantumbase.com/anti-counterfeiting-solutions (3/19), chunk 4/12
[06:47:09 +2m 58s | quantumbase] Extracting: https://quantumbase.com/anti-counterfeiting-solutions (3/19), chunk 5/12
[06:47:13 +3m 1s | quantumbase] Extracting: https://quantumbase.com/anti-counterfeiting-solutions (3/19), chunk 6/12
[06:47:18 +3m 6s | quantumbase] Extracting: https://quantumbase.com/anti-counterfeiting-solutions (3/19), chunk 7/12
[06:47:23 +3m 9s | quantumbase] Extracting: https://quantumbase.com/anti-counterfeiting-solutions (3/19), chunk 8/12
[06:47:28 +3m 15s | quantumbase] Extracting: https://quantumbase.com/anti-counterfeiting-solutions (3/19), chunk 9/12
[06:47:37 +3m 23s | quantumbase] Extracting: https://quantumbase.com/anti-counterfeiting-solutions (3/19), chunk 10/12
[06:47:38 +3m 25s | quantumbase] Extracting: https://quantumbase.com/anti-counterfeiting-solutions (3/19), chunk 11/12
[06:47:44 +3m 31s | quantumbase] Repaired malformed JSON.
[06:47:44 +3m 31s | quantumbase] Extracting: https://quantumbase.com/anti-counterfeiting-solutions (3/19), chunk 12/12
[06:47:46 +3m 32s | quantumbase] Reading page (4/19): https://quantumbase.com/anti-counterfeit-solution
[06:47:46 +3m 32s | quantumbase] Extracting: https://quantumbase.com/anti-counterfeit-solution (4/19), chunk 1/15
[06:47:51 +3m 37s | quantumbase] Extracting: https://quantumbase.com/anti-counterfeit-solution (4/19), chunk 2/15
[06:47:55 +3m 41s | quantumbase] Extracting: https://quantumbase.com/anti-counterfeit-solution (4/19), chunk 3/15
[06:48:01 +3m 45s | quantumbase] Extracting: https://quantumbase.com/anti-counterfeit-solution (4/19), chunk 4/15
[06:48:08 +3m 52s | quantumbase] Extracting: https://quantumbase.com/anti-counterfeit-solution (4/19), chunk 5/15
[06:48:15 +3m 59s | quantumbase] Extracting: https://quantumbase.com/anti-counterfeit-solution (4/19), chunk 6/15
[06:48:24 +4m 8s | quantumbase] Repaired malformed JSON.
[06:48:24 +4m 8s | quantumbase] Extracting: https://quantumbase.com/anti-counterfeit-solution (4/19), chunk 7/15
[06:48:34 +4m 16s | quantumbase] Repaired malformed JSON.
[06:48:34 +4m 16s | quantumbase] Extracting: https://quantumbase.com/anti-counterfeit-solution (4/19), chunk 8/15
[06:48:38 +4m 20s | quantumbase] Extracting: https://quantumbase.com/anti-counterfeit-solution (4/19), chunk 9/15
[06:48:42 +4m 24s | quantumbase] Extracting: https://quantumbase.com/anti-counterfeit-solution (4/19), chunk 10/15
[06:48:47 +4m 29s | quantumbase] Extracting: https://quantumbase.com/anti-counterfeit-solution (4/19), chunk 11/15
[06:48:55 +4m 37s | quantumbase] Repaired malformed JSON.
[06:48:55 +4m 37s | quantumbase] Extracting: https://quantumbase.com/anti-counterfeit-solution (4/19), chunk 12/15
[06:49:01 +4m 43s | quantumbase] Repaired malformed JSON.
[06:49:01 +4m 43s | quantumbase] Extracting: https://quantumbase.com/anti-counterfeit-solution (4/19), chunk 13/15
[06:49:07 +4m 46s | quantumbase] Extracting: https://quantumbase.com/anti-counterfeit-solution (4/19), chunk 14/15
[06:49:12 +4m 52s | quantumbase] Repaired malformed JSON.
[06:49:12 +4m 52s | quantumbase] Extracting: https://quantumbase.com/anti-counterfeit-solution (4/19), chunk 15/15
[06:49:14 +4m 54s | quantumbase] Reading page (5/19): https://quantumbase.com/q-id-optical/q-id-optical-use-cases
[06:49:14 +4m 54s | quantumbase] Extracting: https://quantumbase.com/q-id-optical/q-id-optical-use-cases (5/19), chunk 1/17
[06:49:18 +4m 58s | quantumbase] Extracting: https://quantumbase.com/q-id-optical/q-id-optical-use-cases (5/19), chunk 2/17
[06:49:23 +5m 2s | quantumbase] Extracting: https://quantumbase.com/q-id-optical/q-id-optical-use-cases (5/19), chunk 3/17
[06:49:28 +5m 8s | quantumbase] Extracting: https://quantumbase.com/q-id-optical/q-id-optical-use-cases (5/19), chunk 4/17
[06:49:32 +5m 11s | quantumbase] Extracting: https://quantumbase.com/q-id-optical/q-id-optical-use-cases (5/19), chunk 5/17
[06:49:42 +5m 19s | quantumbase] Repaired malformed JSON.
[06:49:42 +5m 19s | quantumbase] Extracting: https://quantumbase.com/q-id-optical/q-id-optical-use-cases (5/19), chunk 6/17
[06:49:49 +5m 26s | quantumbase] Repaired malformed JSON.
[06:49:49 +5m 26s | quantumbase] Extracting: https://quantumbase.com/q-id-optical/q-id-optical-use-cases (5/19), chunk 7/17
[06:49:54 +5m 32s | quantumbase] Extracting: https://quantumbase.com/q-id-optical/q-id-optical-use-cases (5/19), chunk 8/17
[06:50:00 +5m 37s | quantumbase] Extracting: https://quantumbase.com/q-id-optical/q-id-optical-use-cases (5/19), chunk 9/17
[06:50:08 +5m 45s | quantumbase] Repaired malformed JSON.
[06:50:08 +5m 45s | quantumbase] Extracting: https://quantumbase.com/q-id-optical/q-id-optical-use-cases (5/19), chunk 10/17
[06:50:15 +5m 50s | quantumbase] Repaired malformed JSON.
[06:50:15 +5m 50s | quantumbase] Extracting: https://quantumbase.com/q-id-optical/q-id-optical-use-cases (5/19), chunk 11/17
[06:50:25 +6m 0s | quantumbase] Repaired malformed JSON.
[06:50:25 +6m 0s | quantumbase] Extracting: https://quantumbase.com/q-id-optical/q-id-optical-use-cases (5/19), chunk 12/17
[06:50:33 +6m 8s | quantumbase] Repaired malformed JSON.
[06:50:33 +6m 8s | quantumbase] Extracting: https://quantumbase.com/q-id-optical/q-id-optical-use-cases (5/19), chunk 13/17
[06:50:37 +6m 12s | quantumbase] Extracting: https://quantumbase.com/q-id-optical/q-id-optical-use-cases (5/19), chunk 14/17
[06:50:42 +6m 17s | quantumbase] Repaired malformed JSON.
[06:50:42 +6m 17s | quantumbase] Extracting: https://quantumbase.com/q-id-optical/q-id-optical-use-cases (5/19), chunk 15/17
[06:50:46 +6m 21s | quantumbase] Extracting: https://quantumbase.com/q-id-optical/q-id-optical-use-cases (5/19), chunk 16/17
[06:50:55 +6m 27s | quantumbase] Repaired malformed JSON.
[06:50:55 +6m 27s | quantumbase] Extracting: https://quantumbase.com/q-id-optical/q-id-optical-use-cases (5/19), chunk 17/17
[06:50:56 +6m 29s | quantumbase] Reading page (6/19): https://quantumbase.com/anti-counterfeit-solutions-for-food-products
[06:50:56 +6m 29s | quantumbase] Extracting: https://quantumbase.com/anti-counterfeit-solutions-for-food-products (6/19), chunk 1/13
[06:51:01 +6m 34s | quantumbase] Extracting: https://quantumbase.com/anti-counterfeit-solutions-for-food-products (6/19), chunk 2/13
[06:51:06 +6m 38s | quantumbase] Extracting: https://quantumbase.com/anti-counterfeit-solutions-for-food-products (6/19), chunk 3/13
[06:51:11 +6m 43s | quantumbase] Extracting: https://quantumbase.com/anti-counterfeit-solutions-for-food-products (6/19), chunk 4/13
[06:51:16 +6m 49s | quantumbase] Extracting: https://quantumbase.com/anti-counterfeit-solutions-for-food-products (6/19), chunk 5/13
[06:51:20 +6m 53s | quantumbase] Extracting: https://quantumbase.com/anti-counterfeit-solutions-for-food-products (6/19), chunk 6/13
[06:51:30 +7m 2s | quantumbase] Repaired malformed JSON.
[06:51:30 +7m 2s | quantumbase] Extracting: https://quantumbase.com/anti-counterfeit-solutions-for-food-products (6/19), chunk 7/13
[06:51:37 +7m 9s | quantumbase] Repaired malformed JSON.
[06:51:37 +7m 9s | quantumbase] Extracting: https://quantumbase.com/anti-counterfeit-solutions-for-food-products (6/19), chunk 8/13
[06:51:48 +7m 18s | quantumbase] Repaired malformed JSON.
[06:51:48 +7m 18s | quantumbase] Extracting: https://quantumbase.com/anti-counterfeit-solutions-for-food-products (6/19), chunk 9/13
[06:51:54 +7m 24s | quantumbase] Repaired malformed JSON.
[06:51:54 +7m 24s | quantumbase] Extracting: https://quantumbase.com/anti-counterfeit-solutions-for-food-products (6/19), chunk 10/13
[06:52:00 +7m 30s | quantumbase] Repaired malformed JSON.
[06:52:00 +7m 30s | quantumbase] Extracting: https://quantumbase.com/anti-counterfeit-solutions-for-food-products (6/19), chunk 11/13
[06:52:01 +7m 31s | quantumbase] Extracting: https://quantumbase.com/anti-counterfeit-solutions-for-food-products (6/19), chunk 12/13
[06:52:07 +7m 37s | quantumbase] Repaired malformed JSON.
[06:52:07 +7m 37s | quantumbase] Extracting: https://quantumbase.com/anti-counterfeit-solutions-for-food-products (6/19), chunk 13/13
[06:52:09 +7m 39s | quantumbase] Reading page (7/19): https://quantumbase.com/brand-protection
[06:52:09 +7m 39s | quantumbase] Extracting: https://quantumbase.com/brand-protection (7/19), chunk 1/15
[06:52:15 +7m 43s | quantumbase] Extracting: https://quantumbase.com/brand-protection (7/19), chunk 2/15
[06:52:20 +7m 48s | quantumbase] Extracting: https://quantumbase.com/brand-protection (7/19), chunk 3/15
[06:52:24 +7m 53s | quantumbase] Extracting: https://quantumbase.com/brand-protection (7/19), chunk 4/15
[06:52:31 +7m 59s | quantumbase] Repaired malformed JSON.
[06:52:31 +7m 59s | quantumbase] Extracting: https://quantumbase.com/brand-protection (7/19), chunk 5/15
[06:52:34 +8m 2s | quantumbase] Extracting: https://quantumbase.com/brand-protection (7/19), chunk 6/15
[06:52:41 +8m 9s | quantumbase] Repaired malformed JSON.
[06:52:41 +8m 9s | quantumbase] Extracting: https://quantumbase.com/brand-protection (7/19), chunk 7/15
[06:52:50 +8m 16s | quantumbase] Repaired malformed JSON.
[06:52:50 +8m 16s | quantumbase] Extracting: https://quantumbase.com/brand-protection (7/19), chunk 8/15
[06:52:56 +8m 22s | quantumbase] Repaired malformed JSON.
[06:52:56 +8m 22s | quantumbase] Extracting: https://quantumbase.com/brand-protection (7/19), chunk 9/15
[06:53:01 +8m 27s | quantumbase] Repaired malformed JSON.
[06:53:01 +8m 27s | quantumbase] Extracting: https://quantumbase.com/brand-protection (7/19), chunk 10/15
[06:53:08 +8m 34s | quantumbase] Repaired malformed JSON.
[06:53:08 +8m 34s | quantumbase] Extracting: https://quantumbase.com/brand-protection (7/19), chunk 11/15
[06:53:14 +8m 40s | quantumbase] Repaired malformed JSON.
[06:53:14 +8m 40s | quantumbase] Extracting: https://quantumbase.com/brand-protection (7/19), chunk 12/15
[06:53:19 +8m 45s | quantumbase] Extracting: https://quantumbase.com/brand-protection (7/19), chunk 13/15
[06:53:29 +8m 52s | quantumbase] Repaired malformed JSON.
[06:53:29 +8m 52s | quantumbase] Extracting: https://quantumbase.com/brand-protection (7/19), chunk 14/15
[06:53:30 +8m 54s | quantumbase] Extracting: https://quantumbase.com/brand-protection (7/19), chunk 15/15
[06:53:32 +8m 56s | quantumbase] Reading page (8/19): https://quantumbase.com/anti-counterfeiting-for-consumer-goods
[06:53:32 +8m 56s | quantumbase] Extracting: https://quantumbase.com/anti-counterfeiting-for-consumer-goods (8/19), chunk 1/14
[06:53:36 +9m 0s | quantumbase] Extracting: https://quantumbase.com/anti-counterfeiting-for-consumer-goods (8/19), chunk 2/14
[06:53:41 +9m 5s | quantumbase] Extracting: https://quantumbase.com/anti-counterfeiting-for-consumer-goods (8/19), chunk 3/14
[06:53:47 +9m 10s | quantumbase] Extracting: https://quantumbase.com/anti-counterfeiting-for-consumer-goods (8/19), chunk 4/14
[06:53:55 +9m 19s | quantumbase] Repaired malformed JSON.
[06:53:55 +9m 19s | quantumbase] Extracting: https://quantumbase.com/anti-counterfeiting-for-consumer-goods (8/19), chunk 5/14
[06:54:00 +9m 24s | quantumbase] Extracting: https://quantumbase.com/anti-counterfeiting-for-consumer-goods (8/19), chunk 6/14
[06:54:06 +9m 30s | quantumbase] Extracting: https://quantumbase.com/anti-counterfeiting-for-consumer-goods (8/19), chunk 7/14
[06:54:16 +9m 37s | quantumbase] Repaired malformed JSON.
[06:54:16 +9m 37s | quantumbase] Extracting: https://quantumbase.com/anti-counterfeiting-for-consumer-goods (8/19), chunk 8/14
[06:54:22 +9m 44s | quantumbase] Repaired malformed JSON.
[06:54:22 +9m 44s | quantumbase] Extracting: https://quantumbase.com/anti-counterfeiting-for-consumer-goods (8/19), chunk 9/14
[06:54:29 +9m 50s | quantumbase] Repaired malformed JSON.
[06:54:29 +9m 50s | quantumbase] Extracting: https://quantumbase.com/anti-counterfeiting-for-consumer-goods (8/19), chunk 10/14
[06:54:36 +9m 58s | quantumbase] Repaired malformed JSON.
[06:54:36 +9m 58s | quantumbase] Extracting: https://quantumbase.com/anti-counterfeiting-for-consumer-goods (8/19), chunk 11/14
[06:54:44 +10m 5s | quantumbase] Repaired malformed JSON.
[06:54:44 +10m 5s | quantumbase] Extracting: https://quantumbase.com/anti-counterfeiting-for-consumer-goods (8/19), chunk 12/14
[06:54:52 +10m 11s | quantumbase] Repaired malformed JSON.
[06:54:52 +10m 11s | quantumbase] Extracting: https://quantumbase.com/anti-counterfeiting-for-consumer-goods (8/19), chunk 13/14
[06:55:01 +10m 20s | quantumbase] Repaired malformed JSON.
[06:55:01 +10m 20s | quantumbase] Extracting: https://quantumbase.com/anti-counterfeiting-for-consumer-goods (8/19), chunk 14/14
[06:55:03 +10m 22s | quantumbase] Reading page (9/19): https://quantumbase.com/anti-counterfeiting-for-apparel
[06:55:03 +10m 22s | quantumbase] Extracting: https://quantumbase.com/anti-counterfeiting-for-apparel (9/19), chunk 1/14
[06:55:08 +10m 28s | quantumbase] Extracting: https://quantumbase.com/anti-counterfeiting-for-apparel (9/19), chunk 2/14
[06:55:13 +10m 32s | quantumbase] Extracting: https://quantumbase.com/anti-counterfeiting-for-apparel (9/19), chunk 3/14
[06:55:17 +10m 37s | quantumbase] Extracting: https://quantumbase.com/anti-counterfeiting-for-apparel (9/19), chunk 4/14
[06:55:24 +10m 40s | quantumbase] Extracting: https://quantumbase.com/anti-counterfeiting-for-apparel (9/19), chunk 5/14
[06:55:27 +10m 44s | quantumbase] Extracting: https://quantumbase.com/anti-counterfeiting-for-apparel (9/19), chunk 6/14
[06:55:33 +10m 50s | quantumbase] Repaired malformed JSON.
[06:55:33 +10m 50s | quantumbase] Extracting: https://quantumbase.com/anti-counterfeiting-for-apparel (9/19), chunk 7/14
[06:55:37 +10m 54s | quantumbase] Extracting: https://quantumbase.com/anti-counterfeiting-for-apparel (9/19), chunk 8/14
[06:55:42 +10m 59s | quantumbase] Extracting: https://quantumbase.com/anti-counterfeiting-for-apparel (9/19), chunk 9/14
[06:55:49 +11m 6s | quantumbase] Repaired malformed JSON.
[06:55:49 +11m 6s | quantumbase] Extracting: https://quantumbase.com/anti-counterfeiting-for-apparel (9/19), chunk 10/14
[06:56:00 +11m 15s | quantumbase] Repaired malformed JSON.
[06:56:00 +11m 15s | quantumbase] Extracting: https://quantumbase.com/anti-counterfeiting-for-apparel (9/19), chunk 11/14
[06:56:06 +11m 20s | quantumbase] Extracting: https://quantumbase.com/anti-counterfeiting-for-apparel (9/19), chunk 12/14
[06:56:14 +11m 29s | quantumbase] Repaired malformed JSON.
[06:56:14 +11m 29s | quantumbase] Extracting: https://quantumbase.com/anti-counterfeiting-for-apparel (9/19), chunk 13/14
[06:56:22 +11m 37s | quantumbase] Repaired malformed JSON.
[06:56:22 +11m 37s | quantumbase] Extracting: https://quantumbase.com/anti-counterfeiting-for-apparel (9/19), chunk 14/14
[06:56:33 +11m 45s | quantumbase] Repaired malformed JSON.
[06:56:33 +11m 45s | quantumbase] Reading page (10/19): https://quantumbase.com/anti-counterfeiting-for-alcohol
[06:56:33 +11m 45s | quantumbase] Extracting: https://quantumbase.com/anti-counterfeiting-for-alcohol (10/19), chunk 1/14
[06:56:37 +11m 49s | quantumbase] Extracting: https://quantumbase.com/anti-counterfeiting-for-alcohol (10/19), chunk 2/14
[06:56:41 +11m 53s | quantumbase] Extracting: https://quantumbase.com/anti-counterfeiting-for-alcohol (10/19), chunk 3/14
[06:56:45 +11m 57s | quantumbase] Extracting: https://quantumbase.com/anti-counterfeiting-for-alcohol (10/19), chunk 4/14
[06:56:51 +12m 3s | quantumbase] Extracting: https://quantumbase.com/anti-counterfeiting-for-alcohol (10/19), chunk 5/14
[06:56:54 +12m 7s | quantumbase] Extracting: https://quantumbase.com/anti-counterfeiting-for-alcohol (10/19), chunk 6/14
[06:57:00 +12m 12s | quantumbase] Repaired malformed JSON.
[06:57:00 +12m 12s | quantumbase] Extracting: https://quantumbase.com/anti-counterfeiting-for-alcohol (10/19), chunk 7/14
[06:57:08 +12m 18s | quantumbase] Repaired malformed JSON.
[06:57:08 +12m 18s | quantumbase] Extracting: https://quantumbase.com/anti-counterfeiting-for-alcohol (10/19), chunk 8/14
[06:57:15 +12m 25s | quantumbase] Repaired malformed JSON.
[06:57:15 +12m 25s | quantumbase] Extracting: https://quantumbase.com/anti-counterfeiting-for-alcohol (10/19), chunk 9/14
[06:57:20 +12m 30s | quantumbase] Repaired malformed JSON.
[06:57:20 +12m 30s | quantumbase] Extracting: https://quantumbase.com/anti-counterfeiting-for-alcohol (10/19), chunk 10/14
[06:57:28 +12m 38s | quantumbase] Extracting: https://quantumbase.com/anti-counterfeiting-for-alcohol (10/19), chunk 11/14
[06:57:35 +12m 45s | quantumbase] Repaired malformed JSON.
[06:57:35 +12m 45s | quantumbase] Extracting: https://quantumbase.com/anti-counterfeiting-for-alcohol (10/19), chunk 12/14
[06:57:37 +12m 47s | quantumbase] Extracting: https://quantumbase.com/anti-counterfeiting-for-alcohol (10/19), chunk 13/14
[06:57:45 +12m 53s | quantumbase] Repaired malformed JSON.
[06:57:45 +12m 53s | quantumbase] Extracting: https://quantumbase.com/anti-counterfeiting-for-alcohol (10/19), chunk 14/14
[06:57:47 +12m 55s | quantumbase] Reading page (11/19): https://quantumbase.com/anti-counterfeiting-for-eyewear-sunglasses
[06:57:47 +12m 55s | quantumbase] Extracting: https://quantumbase.com/anti-counterfeiting-for-eyewear-sunglasses (11/19), chunk 1/14
[06:57:52 +13m 0s | quantumbase] Extracting: https://quantumbase.com/anti-counterfeiting-for-eyewear-sunglasses (11/19), chunk 2/14
[06:57:58 +13m 6s | quantumbase] Extracting: https://quantumbase.com/anti-counterfeiting-for-eyewear-sunglasses (11/19), chunk 3/14
[06:58:02 +13m 10s | quantumbase] Extracting: https://quantumbase.com/anti-counterfeiting-for-eyewear-sunglasses (11/19), chunk 4/14
[06:58:06 +13m 13s | quantumbase] Extracting: https://quantumbase.com/anti-counterfeiting-for-eyewear-sunglasses (11/19), chunk 5/14
[06:58:10 +13m 18s | quantumbase] Extracting: https://quantumbase.com/anti-counterfeiting-for-eyewear-sunglasses (11/19), chunk 6/14
[06:58:20 +13m 26s | quantumbase] Repaired malformed JSON.
[06:58:20 +13m 26s | quantumbase] Extracting: https://quantumbase.com/anti-counterfeiting-for-eyewear-sunglasses (11/19), chunk 7/14
[06:58:26 +13m 32s | quantumbase] Repaired malformed JSON.
[06:58:26 +13m 32s | quantumbase] Extracting: https://quantumbase.com/anti-counterfeiting-for-eyewear-sunglasses (11/19), chunk 8/14
[06:58:31 +13m 37s | quantumbase] Extracting: https://quantumbase.com/anti-counterfeiting-for-eyewear-sunglasses (11/19), chunk 9/14
[06:58:38 +13m 44s | quantumbase] Repaired malformed JSON.
[06:58:38 +13m 44s | quantumbase] Extracting: https://quantumbase.com/anti-counterfeiting-for-eyewear-sunglasses (11/19), chunk 10/14
[06:58:44 +13m 49s | quantumbase] Repaired malformed JSON.
[06:58:44 +13m 49s | quantumbase] Extracting: https://quantumbase.com/anti-counterfeiting-for-eyewear-sunglasses (11/19), chunk 11/14
[06:58:51 +13m 55s | quantumbase] Repaired malformed JSON.
[06:58:51 +13m 55s | quantumbase] Extracting: https://quantumbase.com/anti-counterfeiting-for-eyewear-sunglasses (11/19), chunk 12/14
[06:58:52 +13m 56s | quantumbase] Extracting: https://quantumbase.com/anti-counterfeiting-for-eyewear-sunglasses (11/19), chunk 13/14
[06:58:58 +14m 1s | quantumbase] Repaired malformed JSON.
[06:58:58 +14m 1s | quantumbase] Extracting: https://quantumbase.com/anti-counterfeiting-for-eyewear-sunglasses (11/19), chunk 14/14
[06:59:06 +14m 9s | quantumbase] Repaired malformed JSON.
[06:59:06 +14m 9s | quantumbase] Reading page (12/19): https://quantumbase.com/supply-chain-security
[06:59:06 +14m 9s | quantumbase] Extracting: https://quantumbase.com/supply-chain-security (12/19), chunk 1/15
[06:59:10 +14m 13s | quantumbase] Extracting: https://quantumbase.com/supply-chain-security (12/19), chunk 2/15
[06:59:14 +14m 18s | quantumbase] Extracting: https://quantumbase.com/supply-chain-security (12/19), chunk 3/15
[06:59:20 +14m 23s | quantumbase] Extracting: https://quantumbase.com/supply-chain-security (12/19), chunk 4/15
[06:59:28 +14m 29s | quantumbase] Repaired malformed JSON.
[06:59:28 +14m 29s | quantumbase] Extracting: https://quantumbase.com/supply-chain-security (12/19), chunk 5/15
[06:59:34 +14m 35s | quantumbase] Extracting: https://quantumbase.com/supply-chain-security (12/19), chunk 6/15
[06:59:38 +14m 40s | quantumbase] Extracting: https://quantumbase.com/supply-chain-security (12/19), chunk 7/15
[06:59:42 +14m 44s | quantumbase] Extracting: https://quantumbase.com/supply-chain-security (12/19), chunk 8/15
[06:59:52 +14m 53s | quantumbase] Repaired malformed JSON.
[06:59:52 +14m 53s | quantumbase] Extracting: https://quantumbase.com/supply-chain-security (12/19), chunk 9/15
[07:00:00 +14m 59s | quantumbase] Repaired malformed JSON.
[07:00:00 +14m 59s | quantumbase] Extracting: https://quantumbase.com/supply-chain-security (12/19), chunk 10/15
[07:00:06 +15m 6s | quantumbase] Repaired malformed JSON.
[07:00:06 +15m 6s | quantumbase] Extracting: https://quantumbase.com/supply-chain-security (12/19), chunk 11/15
[07:00:12 +15m 11s | quantumbase] Repaired malformed JSON.
[07:00:12 +15m 11s | quantumbase] Extracting: https://quantumbase.com/supply-chain-security (12/19), chunk 12/15
[07:00:18 +15m 17s | quantumbase] Extracting: https://quantumbase.com/supply-chain-security (12/19), chunk 13/15
[07:00:24 +15m 24s | quantumbase] Repaired malformed JSON.
[07:00:24 +15m 24s | quantumbase] Extracting: https://quantumbase.com/supply-chain-security (12/19), chunk 14/15
[07:00:34 +15m 32s | quantumbase] Repaired malformed JSON.
[07:00:34 +15m 32s | quantumbase] Extracting: https://quantumbase.com/supply-chain-security (12/19), chunk 15/15
[07:00:36 +15m 33s | quantumbase] Reading page (13/19): https://quantumbase.com/q-id-optical
[07:00:36 +15m 33s | quantumbase] Extracting: https://quantumbase.com/q-id-optical (13/19), chunk 1/17
[07:00:37 +15m 35s | quantumbase] Extracting: https://quantumbase.com/q-id-optical (13/19), chunk 2/17
[07:00:43 +15m 40s | quantumbase] Extracting: https://quantumbase.com/q-id-optical (13/19), chunk 3/17
[07:00:55 +15m 52s | quantumbase] Repaired malformed JSON.
[07:00:55 +15m 52s | quantumbase] Extracting: https://quantumbase.com/q-id-optical (13/19), chunk 4/17
[07:01:01 +15m 58s | quantumbase] Repaired malformed JSON.
[07:01:01 +15m 58s | quantumbase] Extracting: https://quantumbase.com/q-id-optical (13/19), chunk 5/17
[07:01:07 +16m 2s | quantumbase] Extracting: https://quantumbase.com/q-id-optical (13/19), chunk 6/17
[07:01:13 +16m 8s | quantumbase] Extracting: https://quantumbase.com/q-id-optical (13/19), chunk 7/17
[07:01:17 +16m 12s | quantumbase] Extracting: https://quantumbase.com/q-id-optical (13/19), chunk 8/17
[07:01:22 +16m 18s | quantumbase] Repaired malformed JSON.
[07:01:22 +16m 18s | quantumbase] Extracting: https://quantumbase.com/q-id-optical (13/19), chunk 9/17
[07:01:28 +16m 23s | quantumbase] Extracting: https://quantumbase.com/q-id-optical (13/19), chunk 10/17
[07:01:36 +16m 31s | quantumbase] Repaired malformed JSON.
[07:01:36 +16m 31s | quantumbase] Extracting: https://quantumbase.com/q-id-optical (13/19), chunk 11/17
[07:01:44 +16m 40s | quantumbase] Repaired malformed JSON.
[07:01:44 +16m 40s | quantumbase] Extracting: https://quantumbase.com/q-id-optical (13/19), chunk 12/17
[07:01:50 +16m 45s | quantumbase] Repaired malformed JSON.
[07:01:50 +16m 45s | quantumbase] Extracting: https://quantumbase.com/q-id-optical (13/19), chunk 13/17
[07:01:57 +16m 52s | quantumbase] Repaired malformed JSON.
[07:01:57 +16m 52s | quantumbase] Extracting: https://quantumbase.com/q-id-optical (13/19), chunk 14/17
[07:02:03 +16m 58s | quantumbase] Extracting: https://quantumbase.com/q-id-optical (13/19), chunk 15/17
[07:02:10 +17m 5s | quantumbase] Repaired malformed JSON.
[07:02:10 +17m 5s | quantumbase] Extracting: https://quantumbase.com/q-id-optical (13/19), chunk 16/17
[07:02:11 +17m 7s | quantumbase] Extracting: https://quantumbase.com/q-id-optical (13/19), chunk 17/17
[07:02:13 +17m 9s | quantumbase] Reading page (14/19): https://quantumbase.com/intelligent-packaging
[07:02:13 +17m 9s | quantumbase] Extracting: https://quantumbase.com/intelligent-packaging (14/19), chunk 1/14
[07:02:23 +17m 14s | quantumbase] Extracting: https://quantumbase.com/intelligent-packaging (14/19), chunk 2/14
[07:02:28 +17m 19s | quantumbase] Extracting: https://quantumbase.com/intelligent-packaging (14/19), chunk 3/14
[07:02:37 +17m 27s | quantumbase] Repaired malformed JSON.
[07:02:37 +17m 27s | quantumbase] Extracting: https://quantumbase.com/intelligent-packaging (14/19), chunk 4/14
[07:02:46 +17m 36s | quantumbase] Repaired malformed JSON.
[07:02:46 +17m 36s | quantumbase] Extracting: https://quantumbase.com/intelligent-packaging (14/19), chunk 5/14
[07:02:53 +17m 42s | quantumbase] Extracting: https://quantumbase.com/intelligent-packaging (14/19), chunk 6/14
[07:02:59 +17m 47s | quantumbase] Repaired malformed JSON.
[07:02:59 +17m 47s | quantumbase] Extracting: https://quantumbase.com/intelligent-packaging (14/19), chunk 7/14
[07:03:06 +17m 55s | quantumbase] Repaired malformed JSON.
[07:03:06 +17m 55s | quantumbase] Extracting: https://quantumbase.com/intelligent-packaging (14/19), chunk 8/14
[07:03:11 +18m 0s | quantumbase] Extracting: https://quantumbase.com/intelligent-packaging (14/19), chunk 9/14
[07:03:17 +18m 6s | quantumbase] Repaired malformed JSON.
[07:03:17 +18m 6s | quantumbase] Extracting: https://quantumbase.com/intelligent-packaging (14/19), chunk 10/14
[07:03:25 +18m 13s | quantumbase] Repaired malformed JSON.
[07:03:25 +18m 13s | quantumbase] Extracting: https://quantumbase.com/intelligent-packaging (14/19), chunk 11/14
[07:03:28 +18m 15s | quantumbase] Extracting: https://quantumbase.com/intelligent-packaging (14/19), chunk 12/14
[07:03:29 +18m 16s | quantumbase] Extracting: https://quantumbase.com/intelligent-packaging (14/19), chunk 13/14
[07:03:37 +18m 24s | quantumbase] Repaired malformed JSON.
[07:03:37 +18m 24s | quantumbase] Extracting: https://quantumbase.com/intelligent-packaging (14/19), chunk 14/14
[07:03:39 +18m 26s | quantumbase] Reading page (15/19): https://quantumbase.com/anti-counterfeiting-for-footwear
[07:03:39 +18m 26s | quantumbase] Extracting: https://quantumbase.com/anti-counterfeiting-for-footwear (15/19), chunk 1/15
[07:03:43 +18m 29s | quantumbase] Extracting: https://quantumbase.com/anti-counterfeiting-for-footwear (15/19), chunk 2/15
[07:03:49 +18m 36s | quantumbase] Extracting: https://quantumbase.com/anti-counterfeiting-for-footwear (15/19), chunk 3/15
[07:03:53 +18m 40s | quantumbase] Extracting: https://quantumbase.com/anti-counterfeiting-for-footwear (15/19), chunk 4/15
[07:03:57 +18m 44s | quantumbase] Extracting: https://quantumbase.com/anti-counterfeiting-for-footwear (15/19), chunk 5/15
[07:04:04 +18m 48s | quantumbase] Extracting: https://quantumbase.com/anti-counterfeiting-for-footwear (15/19), chunk 6/15
[07:04:12 +18m 56s | quantumbase] Repaired malformed JSON.
[07:04:12 +18m 56s | quantumbase] Extracting: https://quantumbase.com/anti-counterfeiting-for-footwear (15/19), chunk 7/15

========================================================================
RUN FINISHED 2026-06-17 07:04:14  (INTERRUPTED)
Started:     2026-06-17 06:44:03
Elapsed:     18m 58s
========================================================================

========================================================================
RUN STARTED  2026-06-17 08:57:05
site_pipeline.py https://quantumbase.com/
========================================================================

[08:57:05 +0s | quantumbase] === 0 crawl site (skipped via auto (actor data already exists; pass --force to re-crawl), reusing /home/lv/IDP/idpdeeptech/pipeline/site_outputs/quantumbase/crawl_output) ===

[08:57:05 +0s | quantumbase] === 1 actor extraction ===
[08:57:05 +1s | quantumbase] Auto-resume: 14 (url, ordinal) pairs already done, skipping them.
[08:57:06 +1s | quantumbase] Skipping URL (1/19): https://quantumbase.com (already done)
[08:57:06 +1s | quantumbase] Skipping URL (2/19): https://quantumbase.com/anti-counterfeiting-for-beverages (already done)
[08:57:06 +1s | quantumbase] Skipping URL (3/19): https://quantumbase.com/anti-counterfeiting-solutions (already done)
[08:57:06 +1s | quantumbase] Skipping URL (4/19): https://quantumbase.com/anti-counterfeit-solution (already done)
[08:57:06 +1s | quantumbase] Skipping URL (5/19): https://quantumbase.com/q-id-optical/q-id-optical-use-cases (already done)
[08:57:06 +1s | quantumbase] Skipping URL (6/19): https://quantumbase.com/anti-counterfeit-solutions-for-food-products (already done)
[08:57:06 +1s | quantumbase] Skipping URL (7/19): https://quantumbase.com/brand-protection (already done)
[08:57:06 +1s | quantumbase] Skipping URL (8/19): https://quantumbase.com/anti-counterfeiting-for-consumer-goods (already done)
[08:57:06 +1s | quantumbase] Skipping URL (9/19): https://quantumbase.com/anti-counterfeiting-for-apparel (already done)
[08:57:06 +1s | quantumbase] Skipping URL (10/19): https://quantumbase.com/anti-counterfeiting-for-alcohol (already done)
[08:57:06 +1s | quantumbase] Skipping URL (11/19): https://quantumbase.com/anti-counterfeiting-for-eyewear-sunglasses (already done)
[08:57:06 +1s | quantumbase] Skipping URL (12/19): https://quantumbase.com/supply-chain-security (already done)
[08:57:06 +1s | quantumbase] Skipping URL (13/19): https://quantumbase.com/q-id-optical (already done)
[08:57:06 +1s | quantumbase] Skipping URL (14/19): https://quantumbase.com/intelligent-packaging (already done)
[08:57:06 +1s | quantumbase] Reading page (15/19): https://quantumbase.com/anti-counterfeiting-for-footwear
[08:57:06 +1s | quantumbase] Extracting: https://quantumbase.com/anti-counterfeiting-for-footwear (15/19), chunk 1/15
[08:57:12 +7s | quantumbase] Extracting: https://quantumbase.com/anti-counterfeiting-for-footwear (15/19), chunk 2/15
[08:57:17 +13s | quantumbase] Extracting: https://quantumbase.com/anti-counterfeiting-for-footwear (15/19), chunk 3/15
[08:57:23 +18s | quantumbase] Extracting: https://quantumbase.com/anti-counterfeiting-for-footwear (15/19), chunk 4/15
[08:57:27 +22s | quantumbase] Extracting: https://quantumbase.com/anti-counterfeiting-for-footwear (15/19), chunk 5/15
[08:57:31 +27s | quantumbase] Extracting: https://quantumbase.com/anti-counterfeiting-for-footwear (15/19), chunk 6/15
[08:57:38 +34s | quantumbase] Repaired malformed JSON.
[08:57:38 +34s | quantumbase] Extracting: https://quantumbase.com/anti-counterfeiting-for-footwear (15/19), chunk 7/15
[08:57:46 +41s | quantumbase] Repaired malformed JSON.
[08:57:46 +41s | quantumbase] Extracting: https://quantumbase.com/anti-counterfeiting-for-footwear (15/19), chunk 8/15
[08:57:52 +47s | quantumbase] Extracting: https://quantumbase.com/anti-counterfeiting-for-footwear (15/19), chunk 9/15
[08:58:00 +55s | quantumbase] Repaired malformed JSON.
[08:58:00 +55s | quantumbase] Extracting: https://quantumbase.com/anti-counterfeiting-for-footwear (15/19), chunk 10/15
[08:58:06 +1m 2s | quantumbase] Extracting: https://quantumbase.com/anti-counterfeiting-for-footwear (15/19), chunk 11/15
[08:58:15 +1m 10s | quantumbase] Repaired malformed JSON.
[08:58:15 +1m 10s | quantumbase] Extracting: https://quantumbase.com/anti-counterfeiting-for-footwear (15/19), chunk 12/15
[08:58:17 +1m 12s | quantumbase] Extracting: https://quantumbase.com/anti-counterfeiting-for-footwear (15/19), chunk 13/15
[08:58:18 +1m 14s | quantumbase] Extracting: https://quantumbase.com/anti-counterfeiting-for-footwear (15/19), chunk 14/15
[08:58:25 +1m 20s | quantumbase] Repaired malformed JSON.
[08:58:25 +1m 20s | quantumbase] Extracting: https://quantumbase.com/anti-counterfeiting-for-footwear (15/19), chunk 15/15
[08:58:32 +1m 27s | quantumbase] Repaired malformed JSON.
[08:58:32 +1m 27s | quantumbase] Reading page (16/19): https://quantumbase.com/anti-counterfeiting-for-cosmetics
[08:58:32 +1m 27s | quantumbase] Extracting: https://quantumbase.com/anti-counterfeiting-for-cosmetics (16/19), chunk 1/15
[08:58:36 +1m 32s | quantumbase] Extracting: https://quantumbase.com/anti-counterfeiting-for-cosmetics (16/19), chunk 2/15
[08:58:41 +1m 36s | quantumbase] Extracting: https://quantumbase.com/anti-counterfeiting-for-cosmetics (16/19), chunk 3/15
[08:58:46 +1m 42s | quantumbase] Repaired malformed JSON.
[08:58:46 +1m 42s | quantumbase] Extracting: https://quantumbase.com/anti-counterfeiting-for-cosmetics (16/19), chunk 4/15
[08:58:50 +1m 45s | quantumbase] Extracting: https://quantumbase.com/anti-counterfeiting-for-cosmetics (16/19), chunk 5/15
[08:58:55 +1m 50s | quantumbase] Extracting: https://quantumbase.com/anti-counterfeiting-for-cosmetics (16/19), chunk 6/15
[08:58:59 +1m 54s | quantumbase] Extracting: https://quantumbase.com/anti-counterfeiting-for-cosmetics (16/19), chunk 7/15
[08:59:07 +2m 2s | quantumbase] Repaired malformed JSON.
[08:59:07 +2m 2s | quantumbase] Extracting: https://quantumbase.com/anti-counterfeiting-for-cosmetics (16/19), chunk 8/15
[08:59:13 +2m 8s | quantumbase] Repaired malformed JSON.
[08:59:13 +2m 8s | quantumbase] Extracting: https://quantumbase.com/anti-counterfeiting-for-cosmetics (16/19), chunk 9/15
[08:59:18 +2m 13s | quantumbase] Extracting: https://quantumbase.com/anti-counterfeiting-for-cosmetics (16/19), chunk 10/15
[08:59:24 +2m 20s | quantumbase] Repaired malformed JSON.
[08:59:24 +2m 20s | quantumbase] Extracting: https://quantumbase.com/anti-counterfeiting-for-cosmetics (16/19), chunk 11/15
[08:59:31 +2m 26s | quantumbase] Repaired malformed JSON.
[08:59:31 +2m 26s | quantumbase] Extracting: https://quantumbase.com/anti-counterfeiting-for-cosmetics (16/19), chunk 12/15
[08:59:38 +2m 34s | quantumbase] Repaired malformed JSON.
[08:59:38 +2m 34s | quantumbase] Extracting: https://quantumbase.com/anti-counterfeiting-for-cosmetics (16/19), chunk 13/15
[08:59:43 +2m 38s | quantumbase] Extracting: https://quantumbase.com/anti-counterfeiting-for-cosmetics (16/19), chunk 14/15
[08:59:51 +2m 46s | quantumbase] Repaired malformed JSON.
[08:59:51 +2m 46s | quantumbase] Extracting: https://quantumbase.com/anti-counterfeiting-for-cosmetics (16/19), chunk 15/15
[08:59:54 +2m 49s | quantumbase] Reading page (17/19): https://quantumbase.com/anti-counterfeiting-for-tax-stamps
[08:59:54 +2m 49s | quantumbase] Extracting: https://quantumbase.com/anti-counterfeiting-for-tax-stamps (17/19), chunk 1/15
[08:59:59 +2m 54s | quantumbase] Extracting: https://quantumbase.com/anti-counterfeiting-for-tax-stamps (17/19), chunk 2/15
[09:00:04 +3m 0s | quantumbase] Extracting: https://quantumbase.com/anti-counterfeiting-for-tax-stamps (17/19), chunk 3/15
[09:00:08 +3m 3s | quantumbase] Extracting: https://quantumbase.com/anti-counterfeiting-for-tax-stamps (17/19), chunk 4/15
[09:00:13 +3m 9s | quantumbase] Extracting: https://quantumbase.com/anti-counterfeiting-for-tax-stamps (17/19), chunk 5/15
[09:00:21 +3m 16s | quantumbase] Extracting: https://quantumbase.com/anti-counterfeiting-for-tax-stamps (17/19), chunk 6/15
[09:00:26 +3m 22s | quantumbase] Repaired malformed JSON.
[09:00:26 +3m 22s | quantumbase] Extracting: https://quantumbase.com/anti-counterfeiting-for-tax-stamps (17/19), chunk 7/15
[09:00:35 +3m 31s | quantumbase] Repaired malformed JSON.
[09:00:35 +3m 31s | quantumbase] Extracting: https://quantumbase.com/anti-counterfeiting-for-tax-stamps (17/19), chunk 8/15
[09:00:44 +3m 40s | quantumbase] Repaired malformed JSON.
[09:00:44 +3m 40s | quantumbase] Extracting: https://quantumbase.com/anti-counterfeiting-for-tax-stamps (17/19), chunk 9/15
[09:00:48 +3m 43s | quantumbase] Extracting: https://quantumbase.com/anti-counterfeiting-for-tax-stamps (17/19), chunk 10/15
[09:00:56 +3m 51s | quantumbase] Repaired malformed JSON.
[09:00:56 +3m 51s | quantumbase] Extracting: https://quantumbase.com/anti-counterfeiting-for-tax-stamps (17/19), chunk 11/15
[09:01:03 +3m 58s | quantumbase] Repaired malformed JSON.
[09:01:03 +3m 58s | quantumbase] Extracting: https://quantumbase.com/anti-counterfeiting-for-tax-stamps (17/19), chunk 12/15
[09:01:09 +4m 5s | quantumbase] Repaired malformed JSON.
[09:01:09 +4m 5s | quantumbase] Extracting: https://quantumbase.com/anti-counterfeiting-for-tax-stamps (17/19), chunk 13/15
[09:01:14 +4m 9s | quantumbase] Extracting: https://quantumbase.com/anti-counterfeiting-for-tax-stamps (17/19), chunk 14/15
[09:01:15 +4m 11s | quantumbase] Extracting: https://quantumbase.com/anti-counterfeiting-for-tax-stamps (17/19), chunk 15/15
[09:01:22 +4m 17s | quantumbase] Repaired malformed JSON.
[09:01:22 +4m 17s | quantumbase] Reading page (18/19): https://quantumbase.com/document-verification
[09:01:22 +4m 17s | quantumbase] Extracting: https://quantumbase.com/document-verification (18/19), chunk 1/14
[09:01:28 +4m 23s | quantumbase] Extracting: https://quantumbase.com/document-verification (18/19), chunk 2/14
[09:01:34 +4m 30s | quantumbase] Extracting: https://quantumbase.com/document-verification (18/19), chunk 3/14
[09:01:41 +4m 36s | quantumbase] Repaired malformed JSON.
[09:01:41 +4m 36s | quantumbase] Extracting: https://quantumbase.com/document-verification (18/19), chunk 4/14
[09:01:48 +4m 43s | quantumbase] Repaired malformed JSON.
[09:01:48 +4m 43s | quantumbase] Extracting: https://quantumbase.com/document-verification (18/19), chunk 5/14
[09:01:53 +4m 49s | quantumbase] Extracting: https://quantumbase.com/document-verification (18/19), chunk 6/14
[09:01:59 +4m 54s | quantumbase] Extracting: https://quantumbase.com/document-verification (18/19), chunk 7/14
[09:02:04 +4m 59s | quantumbase] Repaired malformed JSON.
[09:02:04 +4m 59s | quantumbase] Extracting: https://quantumbase.com/document-verification (18/19), chunk 8/14
[09:02:10 +5m 6s | quantumbase] Repaired malformed JSON.
[09:02:10 +5m 6s | quantumbase] Extracting: https://quantumbase.com/document-verification (18/19), chunk 9/14
[09:02:17 +5m 12s | quantumbase] Extracting: https://quantumbase.com/document-verification (18/19), chunk 10/14
[09:02:26 +5m 21s | quantumbase] Repaired malformed JSON.
[09:02:26 +5m 21s | quantumbase] Extracting: https://quantumbase.com/document-verification (18/19), chunk 11/14
[09:02:32 +5m 27s | quantumbase] Extracting: https://quantumbase.com/document-verification (18/19), chunk 12/14
[09:02:37 +5m 33s | quantumbase] Repaired malformed JSON.
[09:02:37 +5m 33s | quantumbase] Extracting: https://quantumbase.com/document-verification (18/19), chunk 13/14
[09:02:44 +5m 39s | quantumbase] Repaired malformed JSON.
[09:02:44 +5m 39s | quantumbase] Extracting: https://quantumbase.com/document-verification (18/19), chunk 14/14
[09:02:47 +5m 42s | quantumbase] Reading page (19/19): https://quantumbase.com/anti-counterfeit-labels
[09:02:47 +5m 42s | quantumbase] Extracting: https://quantumbase.com/anti-counterfeit-labels (19/19), chunk 1/14
[09:02:54 +5m 49s | quantumbase] Extracting: https://quantumbase.com/anti-counterfeit-labels (19/19), chunk 2/14
[09:02:59 +5m 54s | quantumbase] Extracting: https://quantumbase.com/anti-counterfeit-labels (19/19), chunk 3/14
[09:03:04 +5m 59s | quantumbase] Extracting: https://quantumbase.com/anti-counterfeit-labels (19/19), chunk 4/14
[09:03:08 +6m 3s | quantumbase] Extracting: https://quantumbase.com/anti-counterfeit-labels (19/19), chunk 5/14
[09:03:13 +6m 8s | quantumbase] Extracting: https://quantumbase.com/anti-counterfeit-labels (19/19), chunk 6/14
[09:03:22 +6m 17s | quantumbase] Repaired malformed JSON.
[09:03:22 +6m 17s | quantumbase] Extracting: https://quantumbase.com/anti-counterfeit-labels (19/19), chunk 7/14
[09:03:27 +6m 23s | quantumbase] Extracting: https://quantumbase.com/anti-counterfeit-labels (19/19), chunk 8/14
[09:03:32 +6m 27s | quantumbase] Extracting: https://quantumbase.com/anti-counterfeit-labels (19/19), chunk 9/14
[09:03:39 +6m 34s | quantumbase] Repaired malformed JSON.
[09:03:39 +6m 34s | quantumbase] Extracting: https://quantumbase.com/anti-counterfeit-labels (19/19), chunk 10/14
[09:03:45 +6m 40s | quantumbase] Repaired malformed JSON.
[09:03:45 +6m 40s | quantumbase] Extracting: https://quantumbase.com/anti-counterfeit-labels (19/19), chunk 11/14
[09:03:49 +6m 44s | quantumbase] Extracting: https://quantumbase.com/anti-counterfeit-labels (19/19), chunk 12/14
[09:03:58 +6m 53s | quantumbase] Repaired malformed JSON.
[09:03:58 +6m 53s | quantumbase] Extracting: https://quantumbase.com/anti-counterfeit-labels (19/19), chunk 13/14
[09:03:59 +6m 55s | quantumbase] Extracting: https://quantumbase.com/anti-counterfeit-labels (19/19), chunk 14/14
[09:04:01 +6m 56s | quantumbase] Saved 1_actor_results.json with 393 extracted records

[09:04:02 +6m 57s | quantumbase] === 2 clean actors ===
[09:04:03 +6m 58s | quantumbase] Loaded 393 extracted records
[09:04:03 +6m 58s | quantumbase] Saved 2_actor_nodes.json with 39 canonical actor nodes

[09:04:03 +6m 58s | quantumbase] === 3 interaction extraction ===
[09:04:04 +6m 59s | quantumbase] Extracting interactions: https://quantumbase.com (1/19), chunk 1/13
[09:04:07 +7m 2s | quantumbase] Extracting interactions: https://quantumbase.com (1/19), chunk 2/13
[09:04:08 +7m 4s | quantumbase] Extracting interactions: https://quantumbase.com (1/19), chunk 5/13
[09:04:11 +7m 6s | quantumbase] Extracting interactions: https://quantumbase.com (1/19), chunk 6/13
[09:04:22 +7m 17s | quantumbase] Extracting interactions: https://quantumbase.com (1/19), chunk 7/13
[09:04:36 +7m 31s | quantumbase] Extracting interactions: https://quantumbase.com (1/19), chunk 8/13
[09:04:39 +7m 34s | quantumbase] Extracting interactions: https://quantumbase.com (1/19), chunk 10/13
[09:04:44 +7m 39s | quantumbase] Extracting interactions: https://quantumbase.com (1/19), chunk 11/13
[09:04:48 +7m 44s | quantumbase] Extracting interactions: https://quantumbase.com (1/19), chunk 13/13
[09:04:52 +7m 47s | quantumbase] Extracting interactions: https://quantumbase.com/anti-counterfeiting-for-beverages (2/19), chunk 1/14
[09:04:53 +7m 49s | quantumbase] Extracting interactions: https://quantumbase.com/anti-counterfeiting-for-beverages (2/19), chunk 2/14
[09:04:57 +7m 53s | quantumbase] Extracting interactions: https://quantumbase.com/anti-counterfeiting-for-beverages (2/19), chunk 5/14
[09:05:02 +7m 57s | quantumbase] Extracting interactions: https://quantumbase.com/anti-counterfeiting-for-beverages (2/19), chunk 6/14
[09:05:05 +8m 1s | quantumbase] Extracting interactions: https://quantumbase.com/anti-counterfeiting-for-beverages (2/19), chunk 7/14
[09:05:13 +8m 9s | quantumbase] Extracting interactions: https://quantumbase.com/anti-counterfeiting-for-beverages (2/19), chunk 8/14
[09:05:20 +8m 16s | quantumbase] Extracting interactions: https://quantumbase.com/anti-counterfeiting-for-beverages (2/19), chunk 9/14
[09:05:27 +8m 22s | quantumbase] Extracting interactions: https://quantumbase.com/anti-counterfeiting-for-beverages (2/19), chunk 10/14
[09:05:34 +8m 29s | quantumbase] Extracting interactions: https://quantumbase.com/anti-counterfeiting-for-beverages (2/19), chunk 13/14
[09:05:37 +8m 32s | quantumbase] Extracting interactions: https://quantumbase.com/anti-counterfeiting-for-beverages (2/19), chunk 14/14
[09:05:40 +8m 36s | quantumbase] Extracting interactions: https://quantumbase.com/anti-counterfeiting-solutions (3/19), chunk 1/12
[09:05:42 +8m 37s | quantumbase] Extracting interactions: https://quantumbase.com/anti-counterfeiting-solutions (3/19), chunk 2/12
[09:05:43 +8m 39s | quantumbase] Extracting interactions: https://quantumbase.com/anti-counterfeiting-solutions (3/19), chunk 6/12
[09:05:47 +8m 42s | quantumbase] Extracting interactions: https://quantumbase.com/anti-counterfeiting-solutions (3/19), chunk 7/12
[09:06:01 +8m 57s | quantumbase] Extracting interactions: https://quantumbase.com/anti-counterfeiting-solutions (3/19), chunk 8/12
[09:06:15 +9m 10s | quantumbase] Extracting interactions: https://quantumbase.com/anti-counterfeiting-solutions (3/19), chunk 9/12
[09:06:19 +9m 15s | quantumbase] Extracting interactions: https://quantumbase.com/anti-counterfeiting-solutions (3/19), chunk 11/12
[09:06:23 +9m 18s | quantumbase] Extracting interactions: https://quantumbase.com/anti-counterfeiting-solutions (3/19), chunk 12/12
[09:06:27 +9m 22s | quantumbase] Extracting interactions: https://quantumbase.com/anti-counterfeit-solution (4/19), chunk 1/15
[09:06:30 +9m 25s | quantumbase] Extracting interactions: https://quantumbase.com/anti-counterfeit-solution (4/19), chunk 2/15
[09:06:31 +9m 26s | quantumbase] Extracting interactions: https://quantumbase.com/anti-counterfeit-solution (4/19), chunk 8/15
[09:06:38 +9m 33s | quantumbase] Extracting interactions: https://quantumbase.com/anti-counterfeit-solution (4/19), chunk 9/15
[09:06:43 +9m 39s | quantumbase] Extracting interactions: https://quantumbase.com/anti-counterfeit-solution (4/19), chunk 10/15
[09:06:47 +9m 43s | quantumbase] Extracting interactions: https://quantumbase.com/anti-counterfeit-solution (4/19), chunk 11/15
[09:06:55 +9m 51s | quantumbase] Extracting interactions: https://quantumbase.com/anti-counterfeit-solution (4/19), chunk 12/15
[09:07:00 +9m 55s | quantumbase] Extracting interactions: https://quantumbase.com/anti-counterfeit-solution (4/19), chunk 14/15
[09:07:04 +10m 0s | quantumbase] Extracting interactions: https://quantumbase.com/anti-counterfeit-solution (4/19), chunk 15/15
[09:07:07 +10m 3s | quantumbase] Extracting interactions: https://quantumbase.com/q-id-optical/q-id-optical-use-cases (5/19), chunk 1/17
[09:07:09 +10m 4s | quantumbase] Extracting interactions: https://quantumbase.com/q-id-optical/q-id-optical-use-cases (5/19), chunk 2/17
[09:07:10 +10m 6s | quantumbase] Extracting interactions: https://quantumbase.com/q-id-optical/q-id-optical-use-cases (5/19), chunk 5/17
[09:07:16 +10m 12s | quantumbase] Extracting interactions: https://quantumbase.com/q-id-optical/q-id-optical-use-cases (5/19), chunk 6/17
[09:07:25 +10m 20s | quantumbase] Extracting interactions: https://quantumbase.com/q-id-optical/q-id-optical-use-cases (5/19), chunk 7/17
[09:07:36 +10m 31s | quantumbase] Extracting interactions: https://quantumbase.com/q-id-optical/q-id-optical-use-cases (5/19), chunk 8/17
[09:07:43 +10m 38s | quantumbase] Extracting interactions: https://quantumbase.com/q-id-optical/q-id-optical-use-cases (5/19), chunk 9/17
[09:07:50 +10m 45s | quantumbase] Extracting interactions: https://quantumbase.com/q-id-optical/q-id-optical-use-cases (5/19), chunk 10/17
[09:07:56 +10m 52s | quantumbase] Extracting interactions: https://quantumbase.com/q-id-optical/q-id-optical-use-cases (5/19), chunk 11/17
[09:08:03 +10m 58s | quantumbase] Extracting interactions: https://quantumbase.com/q-id-optical/q-id-optical-use-cases (5/19), chunk 12/17
[09:08:12 +11m 8s | quantumbase] Extracting interactions: https://quantumbase.com/q-id-optical/q-id-optical-use-cases (5/19), chunk 13/17

========================================================================
RUN FINISHED 2026-06-17 09:08:19  (INTERRUPTED)
Started:     2026-06-17 08:57:05
Elapsed:     11m 14s
========================================================================

========================================================================
RUN STARTED  2026-06-17 09:09:29
site_pipeline.py https://quantumbase.com/
========================================================================

[09:09:29 +0s | quantumbase] === 0 crawl site (skipped via auto (actor data already exists; pass --force to re-crawl), reusing /home/lv/IDP/idpdeeptech/pipeline/site_outputs/quantumbase/crawl_output) ===

[09:09:29 +0s | quantumbase] === 1 actor extraction ===
[09:09:29 +0s | quantumbase] Auto-resume: 19 (url, ordinal) pairs already done, skipping them.
[09:09:30 +0s | quantumbase] All 19 pages/URLs already processed (per 1_actor_results.progress.json). Nothing to do.
[09:09:30 +0s | quantumbase] Delete the progress sidecar to force a full re-run, or pass --start-page N.

[09:09:30 +0s | quantumbase] === 2 clean actors ===
[09:09:31 +2s | quantumbase] Loaded 393 extracted records
[09:09:31 +2s | quantumbase] Saved 2_actor_nodes.json with 39 canonical actor nodes

[09:09:31 +2s | quantumbase] === 3 interaction extraction ===
[09:09:31 +2s | quantumbase] Auto-resume: 4 (url, ordinal) pairs already done, skipping them.
[09:09:31 +2s | quantumbase] Skipping interactions: https://quantumbase.com (1/19) (already done)
[09:09:31 +2s | quantumbase] Skipping interactions: https://quantumbase.com/anti-counterfeiting-for-beverages (2/19) (already done)
[09:09:31 +2s | quantumbase] Skipping interactions: https://quantumbase.com/anti-counterfeiting-solutions (3/19) (already done)
[09:09:31 +2s | quantumbase] Skipping interactions: https://quantumbase.com/anti-counterfeit-solution (4/19) (already done)
[09:09:31 +2s | quantumbase] Extracting interactions: https://quantumbase.com/q-id-optical/q-id-optical-use-cases (5/19), chunk 1/17
[09:09:33 +4s | quantumbase] Extracting interactions: https://quantumbase.com/q-id-optical/q-id-optical-use-cases (5/19), chunk 2/17
[09:09:35 +6s | quantumbase] Extracting interactions: https://quantumbase.com/q-id-optical/q-id-optical-use-cases (5/19), chunk 5/17
[09:09:45 +15s | quantumbase] Extracting interactions: https://quantumbase.com/q-id-optical/q-id-optical-use-cases (5/19), chunk 6/17
[09:09:54 +25s | quantumbase] Extracting interactions: https://quantumbase.com/q-id-optical/q-id-optical-use-cases (5/19), chunk 7/17
[09:10:07 +38s | quantumbase] Extracting interactions: https://quantumbase.com/q-id-optical/q-id-optical-use-cases (5/19), chunk 8/17
[09:10:11 +42s | quantumbase] Extracting interactions: https://quantumbase.com/q-id-optical/q-id-optical-use-cases (5/19), chunk 9/17
[09:10:18 +49s | quantumbase] Extracting interactions: https://quantumbase.com/q-id-optical/q-id-optical-use-cases (5/19), chunk 10/17
[09:10:25 +56s | quantumbase] Extracting interactions: https://quantumbase.com/q-id-optical/q-id-optical-use-cases (5/19), chunk 11/17
[09:10:32 +1m 3s | quantumbase] Extracting interactions: https://quantumbase.com/q-id-optical/q-id-optical-use-cases (5/19), chunk 12/17
[09:10:45 +1m 16s | quantumbase] Extracting interactions: https://quantumbase.com/q-id-optical/q-id-optical-use-cases (5/19), chunk 13/17
[09:10:55 +1m 26s | quantumbase] Extracting interactions: https://quantumbase.com/q-id-optical/q-id-optical-use-cases (5/19), chunk 14/17
[09:11:00 +1m 31s | quantumbase] Extracting interactions: https://quantumbase.com/q-id-optical/q-id-optical-use-cases (5/19), chunk 16/17
[09:11:03 +1m 34s | quantumbase] Extracting interactions: https://quantumbase.com/q-id-optical/q-id-optical-use-cases (5/19), chunk 17/17
[09:11:10 +1m 40s | quantumbase] Extracting interactions: https://quantumbase.com/anti-counterfeit-solutions-for-food-products (6/19), chunk 1/13
[09:11:14 +1m 45s | quantumbase] Extracting interactions: https://quantumbase.com/anti-counterfeit-solutions-for-food-products (6/19), chunk 2/13
[09:11:15 +1m 46s | quantumbase] Extracting interactions: https://quantumbase.com/anti-counterfeit-solutions-for-food-products (6/19), chunk 5/13
[09:11:18 +1m 49s | quantumbase] Extracting interactions: https://quantumbase.com/anti-counterfeit-solutions-for-food-products (6/19), chunk 6/13
[09:11:22 +1m 53s | quantumbase] Extracting interactions: https://quantumbase.com/anti-counterfeit-solutions-for-food-products (6/19), chunk 7/13
[09:11:25 +1m 56s | quantumbase] Extracting interactions: https://quantumbase.com/anti-counterfeit-solutions-for-food-products (6/19), chunk 9/13
[09:11:31 +2m 2s | quantumbase] Extracting interactions: https://quantumbase.com/anti-counterfeit-solutions-for-food-products (6/19), chunk 10/13
[09:11:39 +2m 10s | quantumbase] Extracting interactions: https://quantumbase.com/anti-counterfeit-solutions-for-food-products (6/19), chunk 12/13
[09:11:44 +2m 15s | quantumbase] Extracting interactions: https://quantumbase.com/anti-counterfeit-solutions-for-food-products (6/19), chunk 13/13
[09:11:47 +2m 18s | quantumbase] Extracting interactions: https://quantumbase.com/brand-protection (7/19), chunk 1/15
[09:11:50 +2m 21s | quantumbase] Extracting interactions: https://quantumbase.com/brand-protection (7/19), chunk 2/15
[09:11:52 +2m 23s | quantumbase] Extracting interactions: https://quantumbase.com/brand-protection (7/19), chunk 6/15
[09:11:59 +2m 30s | quantumbase] Extracting interactions: https://quantumbase.com/brand-protection (7/19), chunk 7/15
[09:12:02 +2m 33s | quantumbase] Extracting interactions: https://quantumbase.com/brand-protection (7/19), chunk 10/15
[09:12:06 +2m 37s | quantumbase] Extracting interactions: https://quantumbase.com/brand-protection (7/19), chunk 11/15
[09:12:12 +2m 43s | quantumbase] Extracting interactions: https://quantumbase.com/brand-protection (7/19), chunk 12/15
[09:12:17 +2m 48s | quantumbase] Extracting interactions: https://quantumbase.com/brand-protection (7/19), chunk 14/15
[09:12:21 +2m 52s | quantumbase] Extracting interactions: https://quantumbase.com/brand-protection (7/19), chunk 15/15
[09:12:24 +2m 55s | quantumbase] Extracting interactions: https://quantumbase.com/anti-counterfeiting-for-consumer-goods (8/19), chunk 1/14
[09:12:26 +2m 57s | quantumbase] Extracting interactions: https://quantumbase.com/anti-counterfeiting-for-consumer-goods (8/19), chunk 2/14
[09:12:28 +2m 59s | quantumbase] Extracting interactions: https://quantumbase.com/anti-counterfeiting-for-consumer-goods (8/19), chunk 5/14
[09:12:30 +3m 1s | quantumbase] Extracting interactions: https://quantumbase.com/anti-counterfeiting-for-consumer-goods (8/19), chunk 6/14
[09:12:35 +3m 6s | quantumbase] Extracting interactions: https://quantumbase.com/anti-counterfeiting-for-consumer-goods (8/19), chunk 7/14
[09:12:40 +3m 11s | quantumbase] Extracting interactions: https://quantumbase.com/anti-counterfeiting-for-consumer-goods (8/19), chunk 8/14
[09:12:45 +3m 16s | quantumbase] Extracting interactions: https://quantumbase.com/anti-counterfeiting-for-consumer-goods (8/19), chunk 9/14
[09:12:50 +3m 21s | quantumbase] Extracting interactions: https://quantumbase.com/anti-counterfeiting-for-consumer-goods (8/19), chunk 10/14
[09:12:55 +3m 26s | quantumbase] Extracting interactions: https://quantumbase.com/anti-counterfeiting-for-consumer-goods (8/19), chunk 11/14
[09:13:03 +3m 34s | quantumbase] Extracting interactions: https://quantumbase.com/anti-counterfeiting-for-consumer-goods (8/19), chunk 13/14
[09:13:06 +3m 37s | quantumbase] Extracting interactions: https://quantumbase.com/anti-counterfeiting-for-consumer-goods (8/19), chunk 14/14
[09:13:09 +3m 40s | quantumbase] Extracting interactions: https://quantumbase.com/anti-counterfeiting-for-apparel (9/19), chunk 1/14
[09:13:13 +3m 43s | quantumbase] Extracting interactions: https://quantumbase.com/anti-counterfeiting-for-apparel (9/19), chunk 2/14
[09:13:14 +3m 45s | quantumbase] Extracting interactions: https://quantumbase.com/anti-counterfeiting-for-apparel (9/19), chunk 5/14
[09:13:16 +3m 47s | quantumbase] Extracting interactions: https://quantumbase.com/anti-counterfeiting-for-apparel (9/19), chunk 7/14
[09:13:25 +3m 56s | quantumbase] Extracting interactions: https://quantumbase.com/anti-counterfeiting-for-apparel (9/19), chunk 8/14
[09:13:29 +4m 0s | quantumbase] Extracting interactions: https://quantumbase.com/anti-counterfeiting-for-apparel (9/19), chunk 9/14
[09:13:37 +4m 8s | quantumbase] Extracting interactions: https://quantumbase.com/anti-counterfeiting-for-apparel (9/19), chunk 10/14
[09:13:42 +4m 13s | quantumbase] Extracting interactions: https://quantumbase.com/anti-counterfeiting-for-apparel (9/19), chunk 11/14
[09:13:48 +4m 19s | quantumbase] Extracting interactions: https://quantumbase.com/anti-counterfeiting-for-apparel (9/19), chunk 13/14
[09:13:51 +4m 22s | quantumbase] Extracting interactions: https://quantumbase.com/anti-counterfeiting-for-apparel (9/19), chunk 14/14
[09:13:54 +4m 25s | quantumbase] Extracting interactions: https://quantumbase.com/anti-counterfeiting-for-alcohol (10/19), chunk 1/14
[09:13:56 +4m 26s | quantumbase] Extracting interactions: https://quantumbase.com/anti-counterfeiting-for-alcohol (10/19), chunk 2/14
[09:13:57 +4m 28s | quantumbase] Extracting interactions: https://quantumbase.com/anti-counterfeiting-for-alcohol (10/19), chunk 5/14
[09:13:58 +4m 29s | quantumbase] Extracting interactions: https://quantumbase.com/anti-counterfeiting-for-alcohol (10/19), chunk 6/14
[09:14:04 +4m 35s | quantumbase] Extracting interactions: https://quantumbase.com/anti-counterfeiting-for-alcohol (10/19), chunk 7/14
[09:14:09 +4m 40s | quantumbase] Extracting interactions: https://quantumbase.com/anti-counterfeiting-for-alcohol (10/19), chunk 8/14
[09:14:14 +4m 44s | quantumbase] Extracting interactions: https://quantumbase.com/anti-counterfeiting-for-alcohol (10/19), chunk 9/14
[09:14:25 +4m 56s | quantumbase] Extracting interactions: https://quantumbase.com/anti-counterfeiting-for-alcohol (10/19), chunk 10/14
[09:14:33 +5m 4s | quantumbase] Extracting interactions: https://quantumbase.com/anti-counterfeiting-for-alcohol (10/19), chunk 11/14
[09:14:39 +5m 10s | quantumbase] Extracting interactions: https://quantumbase.com/anti-counterfeiting-for-alcohol (10/19), chunk 13/14
[09:14:42 +5m 13s | quantumbase] Extracting interactions: https://quantumbase.com/anti-counterfeiting-for-alcohol (10/19), chunk 14/14
[09:14:46 +5m 16s | quantumbase] Extracting interactions: https://quantumbase.com/anti-counterfeiting-for-eyewear-sunglasses (11/19), chunk 1/14
[09:14:47 +5m 18s | quantumbase] Extracting interactions: https://quantumbase.com/anti-counterfeiting-for-eyewear-sunglasses (11/19), chunk 2/14
[09:14:48 +5m 19s | quantumbase] Extracting interactions: https://quantumbase.com/anti-counterfeiting-for-eyewear-sunglasses (11/19), chunk 5/14
[09:14:50 +5m 21s | quantumbase] Extracting interactions: https://quantumbase.com/anti-counterfeiting-for-eyewear-sunglasses (11/19), chunk 6/14
[09:14:54 +5m 25s | quantumbase] Extracting interactions: https://quantumbase.com/anti-counterfeiting-for-eyewear-sunglasses (11/19), chunk 7/14
[09:15:01 +5m 31s | quantumbase] Extracting interactions: https://quantumbase.com/anti-counterfeiting-for-eyewear-sunglasses (11/19), chunk 8/14
[09:15:04 +5m 34s | quantumbase] Extracting interactions: https://quantumbase.com/anti-counterfeiting-for-eyewear-sunglasses (11/19), chunk 9/14
[09:15:14 +5m 45s | quantumbase] Extracting interactions: https://quantumbase.com/anti-counterfeiting-for-eyewear-sunglasses (11/19), chunk 10/14
[09:15:19 +5m 50s | quantumbase] Extracting interactions: https://quantumbase.com/anti-counterfeiting-for-eyewear-sunglasses (11/19), chunk 13/14
[09:15:24 +5m 55s | quantumbase] Extracting interactions: https://quantumbase.com/anti-counterfeiting-for-eyewear-sunglasses (11/19), chunk 14/14
[09:15:29 +5m 59s | quantumbase] Extracting interactions: https://quantumbase.com/supply-chain-security (12/19), chunk 1/15
[09:15:30 +6m 1s | quantumbase] Extracting interactions: https://quantumbase.com/supply-chain-security (12/19), chunk 2/15
[09:15:31 +6m 2s | quantumbase] Extracting interactions: https://quantumbase.com/supply-chain-security (12/19), chunk 5/15
[09:15:33 +6m 4s | quantumbase] Extracting interactions: https://quantumbase.com/supply-chain-security (12/19), chunk 6/15
[09:15:37 +6m 7s | quantumbase] Extracting interactions: https://quantumbase.com/supply-chain-security (12/19), chunk 7/15
[09:15:46 +6m 17s | quantumbase] Extracting interactions: https://quantumbase.com/supply-chain-security (12/19), chunk 8/15
[09:16:02 +6m 33s | quantumbase] Extracting interactions: https://quantumbase.com/supply-chain-security (12/19), chunk 10/15
[09:16:13 +6m 44s | quantumbase] Extracting interactions: https://quantumbase.com/supply-chain-security (12/19), chunk 11/15
[09:16:19 +6m 50s | quantumbase] Extracting interactions: https://quantumbase.com/supply-chain-security (12/19), chunk 12/15
[09:16:23 +6m 54s | quantumbase] Extracting interactions: https://quantumbase.com/supply-chain-security (12/19), chunk 14/15
[09:16:27 +6m 58s | quantumbase] Extracting interactions: https://quantumbase.com/supply-chain-security (12/19), chunk 15/15
[09:16:31 +7m 1s | quantumbase] Extracting interactions: https://quantumbase.com/q-id-optical (13/19), chunk 1/17
[09:16:32 +7m 3s | quantumbase] Extracting interactions: https://quantumbase.com/q-id-optical (13/19), chunk 2/17
[09:16:33 +7m 4s | quantumbase] Extracting interactions: https://quantumbase.com/q-id-optical (13/19), chunk 5/17
[09:16:35 +7m 6s | quantumbase] Extracting interactions: https://quantumbase.com/q-id-optical (13/19), chunk 6/17
[09:16:39 +7m 10s | quantumbase] Extracting interactions: https://quantumbase.com/q-id-optical (13/19), chunk 7/17
[09:16:45 +7m 16s | quantumbase] Extracting interactions: https://quantumbase.com/q-id-optical (13/19), chunk 12/17
[09:16:50 +7m 21s | quantumbase] Extracting interactions: https://quantumbase.com/q-id-optical (13/19), chunk 13/17
[09:16:59 +7m 30s | quantumbase] Extracting interactions: https://quantumbase.com/q-id-optical (13/19), chunk 14/17
[09:17:02 +7m 33s | quantumbase] Extracting interactions: https://quantumbase.com/q-id-optical (13/19), chunk 16/17
[09:17:05 +7m 35s | quantumbase] Extracting interactions: https://quantumbase.com/q-id-optical (13/19), chunk 17/17
[09:17:08 +7m 39s | quantumbase] Extracting interactions: https://quantumbase.com/intelligent-packaging (14/19), chunk 1/14
[09:17:09 +7m 40s | quantumbase] Extracting interactions: https://quantumbase.com/intelligent-packaging (14/19), chunk 2/14
[09:17:11 +7m 42s | quantumbase] Extracting interactions: https://quantumbase.com/intelligent-packaging (14/19), chunk 6/14
[09:17:18 +7m 49s | quantumbase] Extracting interactions: https://quantumbase.com/intelligent-packaging (14/19), chunk 7/14
[09:17:22 +7m 53s | quantumbase] Extracting interactions: https://quantumbase.com/intelligent-packaging (14/19), chunk 8/14
[09:17:36 +8m 7s | quantumbase] Extracting interactions: https://quantumbase.com/intelligent-packaging (14/19), chunk 10/14
[09:17:45 +8m 16s | quantumbase] Extracting interactions: https://quantumbase.com/intelligent-packaging (14/19), chunk 13/14
[09:17:50 +8m 21s | quantumbase] Extracting interactions: https://quantumbase.com/intelligent-packaging (14/19), chunk 14/14
[09:17:53 +8m 24s | quantumbase] Extracting interactions: https://quantumbase.com/anti-counterfeiting-for-footwear (15/19), chunk 1/15
[09:17:56 +8m 27s | quantumbase] Extracting interactions: https://quantumbase.com/anti-counterfeiting-for-footwear (15/19), chunk 2/15
[09:17:58 +8m 29s | quantumbase] Extracting interactions: https://quantumbase.com/anti-counterfeiting-for-footwear (15/19), chunk 5/15
[09:18:00 +8m 31s | quantumbase] Extracting interactions: https://quantumbase.com/anti-counterfeiting-for-footwear (15/19), chunk 6/15
[09:18:07 +8m 38s | quantumbase] Extracting interactions: https://quantumbase.com/anti-counterfeiting-for-footwear (15/19), chunk 7/15
[09:18:13 +8m 44s | quantumbase] Extracting interactions: https://quantumbase.com/anti-counterfeiting-for-footwear (15/19), chunk 8/15
[09:18:21 +8m 52s | quantumbase] Extracting interactions: https://quantumbase.com/anti-counterfeiting-for-footwear (15/19), chunk 9/15
[09:18:33 +9m 3s | quantumbase] Extracting interactions: https://quantumbase.com/anti-counterfeiting-for-footwear (15/19), chunk 10/15
[09:18:37 +9m 8s | quantumbase] Extracting interactions: https://quantumbase.com/anti-counterfeiting-for-footwear (15/19), chunk 11/15
[09:18:43 +9m 14s | quantumbase] Extracting interactions: https://quantumbase.com/anti-counterfeiting-for-footwear (15/19), chunk 14/15
[09:18:47 +9m 17s | quantumbase] Extracting interactions: https://quantumbase.com/anti-counterfeiting-for-footwear (15/19), chunk 15/15
[09:18:51 +9m 22s | quantumbase] Extracting interactions: https://quantumbase.com/anti-counterfeiting-for-cosmetics (16/19), chunk 1/15
[09:18:52 +9m 23s | quantumbase] Extracting interactions: https://quantumbase.com/anti-counterfeiting-for-cosmetics (16/19), chunk 2/15
[09:18:55 +9m 26s | quantumbase] Extracting interactions: https://quantumbase.com/anti-counterfeiting-for-cosmetics (16/19), chunk 5/15
[09:18:56 +9m 27s | quantumbase] Extracting interactions: https://quantumbase.com/anti-counterfeiting-for-cosmetics (16/19), chunk 6/15
[09:19:01 +9m 32s | quantumbase] Extracting interactions: https://quantumbase.com/anti-counterfeiting-for-cosmetics (16/19), chunk 7/15
[09:19:09 +9m 40s | quantumbase] Extracting interactions: https://quantumbase.com/anti-counterfeiting-for-cosmetics (16/19), chunk 8/15
[09:19:12 +9m 43s | quantumbase] Extracting interactions: https://quantumbase.com/anti-counterfeiting-for-cosmetics (16/19), chunk 9/15
[09:19:20 +9m 50s | quantumbase] Extracting interactions: https://quantumbase.com/anti-counterfeiting-for-cosmetics (16/19), chunk 10/15
[09:19:28 +9m 58s | quantumbase] Extracting interactions: https://quantumbase.com/anti-counterfeiting-for-cosmetics (16/19), chunk 11/15
[09:19:33 +10m 4s | quantumbase] Extracting interactions: https://quantumbase.com/anti-counterfeiting-for-cosmetics (16/19), chunk 12/15
[09:19:37 +10m 8s | quantumbase] Extracting interactions: https://quantumbase.com/anti-counterfeiting-for-cosmetics (16/19), chunk 14/15
[09:19:41 +10m 12s | quantumbase] Extracting interactions: https://quantumbase.com/anti-counterfeiting-for-cosmetics (16/19), chunk 15/15
[09:19:44 +10m 15s | quantumbase] Extracting interactions: https://quantumbase.com/anti-counterfeiting-for-tax-stamps (17/19), chunk 1/15
[09:19:45 +10m 16s | quantumbase] Extracting interactions: https://quantumbase.com/anti-counterfeiting-for-tax-stamps (17/19), chunk 2/15
[09:19:47 +10m 18s | quantumbase] Extracting interactions: https://quantumbase.com/anti-counterfeiting-for-tax-stamps (17/19), chunk 5/15
[09:19:48 +10m 19s | quantumbase] Extracting interactions: https://quantumbase.com/anti-counterfeiting-for-tax-stamps (17/19), chunk 10/15
[09:19:59 +10m 30s | quantumbase] Extracting interactions: https://quantumbase.com/anti-counterfeiting-for-tax-stamps (17/19), chunk 11/15
[09:20:14 +10m 45s | quantumbase] Extracting interactions: https://quantumbase.com/anti-counterfeiting-for-tax-stamps (17/19), chunk 12/15
[09:20:22 +10m 52s | quantumbase] Extracting interactions: https://quantumbase.com/anti-counterfeiting-for-tax-stamps (17/19), chunk 14/15
[09:20:25 +10m 56s | quantumbase] Extracting interactions: https://quantumbase.com/anti-counterfeiting-for-tax-stamps (17/19), chunk 15/15
[09:20:28 +10m 59s | quantumbase] Extracting interactions: https://quantumbase.com/document-verification (18/19), chunk 1/14
[09:20:30 +11m 1s | quantumbase] Extracting interactions: https://quantumbase.com/document-verification (18/19), chunk 2/14
[09:20:31 +11m 2s | quantumbase] Extracting interactions: https://quantumbase.com/document-verification (18/19), chunk 6/14
[09:20:35 +11m 6s | quantumbase] Extracting interactions: https://quantumbase.com/document-verification (18/19), chunk 7/14
[09:20:42 +11m 13s | quantumbase] Extracting interactions: https://quantumbase.com/document-verification (18/19), chunk 8/14
[09:20:45 +11m 16s | quantumbase] Extracting interactions: https://quantumbase.com/document-verification (18/19), chunk 9/14
[09:20:50 +11m 20s | quantumbase] Extracting interactions: https://quantumbase.com/document-verification (18/19), chunk 10/14
[09:20:55 +11m 26s | quantumbase] Extracting interactions: https://quantumbase.com/document-verification (18/19), chunk 13/14
[09:20:58 +11m 29s | quantumbase] Extracting interactions: https://quantumbase.com/document-verification (18/19), chunk 14/14
[09:21:02 +11m 33s | quantumbase] Extracting interactions: https://quantumbase.com/anti-counterfeit-labels (19/19), chunk 1/14
[09:21:03 +11m 34s | quantumbase] Extracting interactions: https://quantumbase.com/anti-counterfeit-labels (19/19), chunk 2/14
[09:21:05 +11m 36s | quantumbase] Extracting interactions: https://quantumbase.com/anti-counterfeit-labels (19/19), chunk 5/14
[09:21:06 +11m 37s | quantumbase] Extracting interactions: https://quantumbase.com/anti-counterfeit-labels (19/19), chunk 9/14
[09:21:17 +11m 48s | quantumbase] Extracting interactions: https://quantumbase.com/anti-counterfeit-labels (19/19), chunk 10/14
[09:21:22 +11m 53s | quantumbase] Extracting interactions: https://quantumbase.com/anti-counterfeit-labels (19/19), chunk 11/14
[09:21:25 +11m 56s | quantumbase] Extracting interactions: https://quantumbase.com/anti-counterfeit-labels (19/19), chunk 13/14
[09:21:30 +12m 1s | quantumbase] Extracting interactions: https://quantumbase.com/anti-counterfeit-labels (19/19), chunk 14/14
[09:21:33 +12m 4s | quantumbase] Saved 3_interaction_results.json with 264 extracted interactions.

[09:21:34 +12m 4s | quantumbase] === 4 clean interactions ===
[09:21:34 +12m 5s | quantumbase] Saved 4_edges.json with 6 cleaned interactions.

[09:21:34 +12m 5s | quantumbase] === 5 helix enrichment ===
[09:21:34 +12m 5s | quantumbase] Wrote 5_nodes.json (39 actors)
[09:21:34 +12m 5s | quantumbase] Wrote 5_edges.json (6 interactions)
[09:21:34 +12m 5s | quantumbase] Actor helix counts: {'Academia': 3, 'Civil Society': 10, 'Government': 9, 'Industry': 15, 'Intermediary': 2}
[09:21:34 +12m 5s | quantumbase] Functional-space counts: {'Intra-helix / Not classified': 6}

[09:21:34 +12m 5s | quantumbase] === 6 network visualisation ===
[09:21:35 +12m 6s | quantumbase] Wrote quantum_network.html
[09:21:35 +12m 6s | quantumbase] Nodes: 39
[09:21:35 +12m 6s | quantumbase] Edges: 2

[09:21:35 +12m 6s | quantumbase] Done. Outputs written to: /home/lv/IDP/idpdeeptech/pipeline/site_outputs/quantumbase
[09:21:35 +12m 6s | quantumbase] Log: /home/lv/IDP/idpdeeptech/pipeline/site_outputs/quantumbase/run.log

========================================================================
RUN FINISHED 2026-06-17 09:21:35  (OK)
Started:     2026-06-17 09:09:29
Elapsed:     12m 6s
========================================================================
