
========================================================================
RUN STARTED  2026-07-01 21:34:38
site_pipeline.py https://thequantuminsider.com/2020/04/19/the-best-stack-for-exploring-quantum-computing/
========================================================================

[21:34:38 +0s | thequantuminsider_2020_04_19_the_best_stack_for_exploring_quantum_computing] === 0 crawl site ===
[21:34:39 +1s | thequantuminsider_2020_04_19_the_best_stack_for_exploring_quantum_computing] [INIT].... → Crawl4AI 0.8.6 
[21:34:42 +4s | thequantuminsider_2020_04_19_the_best_stack_for_exploring_quantum_computing] [FETCH]... ↓ https://thequantuminsider.com/2020/04/19/the-best-stack-for-exploring-quantum-computing/             | ✓ | ⏱: 2.95s 
[21:34:43 +4s | thequantuminsider_2020_04_19_the_best_stack_for_exploring_quantum_computing] [SCRAPE].. ◆ https://thequantuminsider.com/2020/04/19/the-best-stack-for-exploring-quantum-computing/             | ✓ | ⏱: 0.10s 
[21:34:43 +4s | thequantuminsider_2020_04_19_the_best_stack_for_exploring_quantum_computing] [COMPLETE] ● https://thequantuminsider.com/2020/04/19/the-best-stack-for-exploring-quantum-computing/             | ✓ | ⏱: 3.07s 
[21:34:43 +4s | thequantuminsider_2020_04_19_the_best_stack_for_exploring_quantum_computing] Saved: crawl_output/a009394c2e_thequantuminsider.com_2020_04_19_the-best-stack-for-exploring-quantum-computing.json

[21:34:43 +4s | thequantuminsider_2020_04_19_the_best_stack_for_exploring_quantum_computing] === 1 actor extraction ===
[21:34:43 +5s | thequantuminsider_2020_04_19_the_best_stack_for_exploring_quantum_computing] Reading page (1/1): https://thequantuminsider.com/2020/04/19/the-best-stack-for-exploring-quantum-computing
[21:34:43 +5s | thequantuminsider_2020_04_19_the_best_stack_for_exploring_quantum_computing] Extracting actors: https://thequantuminsider.com/2020/04/19/the-best-stack-for-exploring-quantum-computing (1/1), chunk 1/38
[21:34:51 +10s | thequantuminsider_2020_04_19_the_best_stack_for_exploring_quantum_computing] Extracting actors: https://thequantuminsider.com/2020/04/19/the-best-stack-for-exploring-quantum-computing (1/1), chunk 2/38
[21:34:55 +13s | thequantuminsider_2020_04_19_the_best_stack_for_exploring_quantum_computing] Extracting actors: https://thequantuminsider.com/2020/04/19/the-best-stack-for-exploring-quantum-computing (1/1), chunk 3/38
[21:34:59 +18s | thequantuminsider_2020_04_19_the_best_stack_for_exploring_quantum_computing] Extracting actors: https://thequantuminsider.com/2020/04/19/the-best-stack-for-exploring-quantum-computing (1/1), chunk 4/38
[21:35:03 +22s | thequantuminsider_2020_04_19_the_best_stack_for_exploring_quantum_computing] Extracting actors: https://thequantuminsider.com/2020/04/19/the-best-stack-for-exploring-quantum-computing (1/1), chunk 5/38
[21:35:08 +26s | thequantuminsider_2020_04_19_the_best_stack_for_exploring_quantum_computing] Extracting actors: https://thequantuminsider.com/2020/04/19/the-best-stack-for-exploring-quantum-computing (1/1), chunk 6/38
[21:35:17 +35s | thequantuminsider_2020_04_19_the_best_stack_for_exploring_quantum_computing] Repaired malformed JSON.
[21:35:17 +35s | thequantuminsider_2020_04_19_the_best_stack_for_exploring_quantum_computing] Extracting actors: https://thequantuminsider.com/2020/04/19/the-best-stack-for-exploring-quantum-computing (1/1), chunk 7/38
[21:35:21 +39s | thequantuminsider_2020_04_19_the_best_stack_for_exploring_quantum_computing] Extracting actors: https://thequantuminsider.com/2020/04/19/the-best-stack-for-exploring-quantum-computing (1/1), chunk 8/38
[21:35:27 +43s | thequantuminsider_2020_04_19_the_best_stack_for_exploring_quantum_computing] Extracting actors: https://thequantuminsider.com/2020/04/19/the-best-stack-for-exploring-quantum-computing (1/1), chunk 9/38
[21:35:32 +48s | thequantuminsider_2020_04_19_the_best_stack_for_exploring_quantum_computing] Extracting actors: https://thequantuminsider.com/2020/04/19/the-best-stack-for-exploring-quantum-computing (1/1), chunk 10/38
[21:35:36 +52s | thequantuminsider_2020_04_19_the_best_stack_for_exploring_quantum_computing] Extracting actors: https://thequantuminsider.com/2020/04/19/the-best-stack-for-exploring-quantum-computing (1/1), chunk 11/38
[21:35:39 +55s | thequantuminsider_2020_04_19_the_best_stack_for_exploring_quantum_computing] Extracting actors: https://thequantuminsider.com/2020/04/19/the-best-stack-for-exploring-quantum-computing (1/1), chunk 12/38
[21:35:48 +1m 3s | thequantuminsider_2020_04_19_the_best_stack_for_exploring_quantum_computing] Repaired malformed JSON.
[21:35:48 +1m 3s | thequantuminsider_2020_04_19_the_best_stack_for_exploring_quantum_computing] Extracting actors: https://thequantuminsider.com/2020/04/19/the-best-stack-for-exploring-quantum-computing (1/1), chunk 13/38
[21:35:54 +1m 10s | thequantuminsider_2020_04_19_the_best_stack_for_exploring_quantum_computing] Repaired malformed JSON.
[21:35:54 +1m 10s | thequantuminsider_2020_04_19_the_best_stack_for_exploring_quantum_computing] Extracting actors: https://thequantuminsider.com/2020/04/19/the-best-stack-for-exploring-quantum-computing (1/1), chunk 14/38
[21:36:02 +1m 15s | thequantuminsider_2020_04_19_the_best_stack_for_exploring_quantum_computing] Repaired malformed JSON.
[21:36:02 +1m 15s | thequantuminsider_2020_04_19_the_best_stack_for_exploring_quantum_computing] Extracting actors: https://thequantuminsider.com/2020/04/19/the-best-stack-for-exploring-quantum-computing (1/1), chunk 15/38
[21:36:08 +1m 20s | thequantuminsider_2020_04_19_the_best_stack_for_exploring_quantum_computing] Repaired malformed JSON.
[21:36:08 +1m 20s | thequantuminsider_2020_04_19_the_best_stack_for_exploring_quantum_computing] Extracting actors: https://thequantuminsider.com/2020/04/19/the-best-stack-for-exploring-quantum-computing (1/1), chunk 16/38
[21:36:13 +1m 26s | thequantuminsider_2020_04_19_the_best_stack_for_exploring_quantum_computing] Repaired malformed JSON.
[21:36:13 +1m 26s | thequantuminsider_2020_04_19_the_best_stack_for_exploring_quantum_computing] Extracting actors: https://thequantuminsider.com/2020/04/19/the-best-stack-for-exploring-quantum-computing (1/1), chunk 17/38
[21:36:21 +1m 33s | thequantuminsider_2020_04_19_the_best_stack_for_exploring_quantum_computing] Repaired malformed JSON.
[21:36:21 +1m 33s | thequantuminsider_2020_04_19_the_best_stack_for_exploring_quantum_computing] Extracting actors: https://thequantuminsider.com/2020/04/19/the-best-stack-for-exploring-quantum-computing (1/1), chunk 18/38
[21:36:28 +1m 40s | thequantuminsider_2020_04_19_the_best_stack_for_exploring_quantum_computing] Repaired malformed JSON.
[21:36:28 +1m 40s | thequantuminsider_2020_04_19_the_best_stack_for_exploring_quantum_computing] Extracting actors: https://thequantuminsider.com/2020/04/19/the-best-stack-for-exploring-quantum-computing (1/1), chunk 19/38
[21:36:37 +1m 47s | thequantuminsider_2020_04_19_the_best_stack_for_exploring_quantum_computing] Repaired malformed JSON.
[21:36:37 +1m 47s | thequantuminsider_2020_04_19_the_best_stack_for_exploring_quantum_computing] Extracting actors: https://thequantuminsider.com/2020/04/19/the-best-stack-for-exploring-quantum-computing (1/1), chunk 20/38
[21:36:43 +1m 53s | thequantuminsider_2020_04_19_the_best_stack_for_exploring_quantum_computing] Repaired malformed JSON.
[21:36:43 +1m 53s | thequantuminsider_2020_04_19_the_best_stack_for_exploring_quantum_computing] Extracting actors: https://thequantuminsider.com/2020/04/19/the-best-stack-for-exploring-quantum-computing (1/1), chunk 21/38
[21:36:49 +1m 59s | thequantuminsider_2020_04_19_the_best_stack_for_exploring_quantum_computing] Repaired malformed JSON.
[21:36:49 +1m 59s | thequantuminsider_2020_04_19_the_best_stack_for_exploring_quantum_computing] Extracting actors: https://thequantuminsider.com/2020/04/19/the-best-stack-for-exploring-quantum-computing (1/1), chunk 22/38
[21:36:55 +2m 5s | thequantuminsider_2020_04_19_the_best_stack_for_exploring_quantum_computing] Repaired malformed JSON.
[21:36:55 +2m 5s | thequantuminsider_2020_04_19_the_best_stack_for_exploring_quantum_computing] Extracting actors: https://thequantuminsider.com/2020/04/19/the-best-stack-for-exploring-quantum-computing (1/1), chunk 23/38
[21:37:01 +2m 11s | thequantuminsider_2020_04_19_the_best_stack_for_exploring_quantum_computing] Repaired malformed JSON.
[21:37:01 +2m 11s | thequantuminsider_2020_04_19_the_best_stack_for_exploring_quantum_computing] Extracting actors: https://thequantuminsider.com/2020/04/19/the-best-stack-for-exploring-quantum-computing (1/1), chunk 24/38
[21:37:07 +2m 17s | thequantuminsider_2020_04_19_the_best_stack_for_exploring_quantum_computing] Repaired malformed JSON.
[21:37:07 +2m 17s | thequantuminsider_2020_04_19_the_best_stack_for_exploring_quantum_computing] Extracting actors: https://thequantuminsider.com/2020/04/19/the-best-stack-for-exploring-quantum-computing (1/1), chunk 25/38
[21:37:18 +2m 25s | thequantuminsider_2020_04_19_the_best_stack_for_exploring_quantum_computing] Repaired malformed JSON.
[21:37:18 +2m 25s | thequantuminsider_2020_04_19_the_best_stack_for_exploring_quantum_computing] Extracting actors: https://thequantuminsider.com/2020/04/19/the-best-stack-for-exploring-quantum-computing (1/1), chunk 26/38
[21:37:24 +2m 31s | thequantuminsider_2020_04_19_the_best_stack_for_exploring_quantum_computing] Extracting actors: https://thequantuminsider.com/2020/04/19/the-best-stack-for-exploring-quantum-computing (1/1), chunk 27/38
[21:37:31 +2m 38s | thequantuminsider_2020_04_19_the_best_stack_for_exploring_quantum_computing] Repaired malformed JSON.
[21:37:31 +2m 38s | thequantuminsider_2020_04_19_the_best_stack_for_exploring_quantum_computing] Extracting actors: https://thequantuminsider.com/2020/04/19/the-best-stack-for-exploring-quantum-computing (1/1), chunk 28/38
[21:37:36 +2m 43s | thequantuminsider_2020_04_19_the_best_stack_for_exploring_quantum_computing] Extracting actors: https://thequantuminsider.com/2020/04/19/the-best-stack-for-exploring-quantum-computing (1/1), chunk 29/38
[21:37:38 +2m 45s | thequantuminsider_2020_04_19_the_best_stack_for_exploring_quantum_computing] Extracting actors: https://thequantuminsider.com/2020/04/19/the-best-stack-for-exploring-quantum-computing (1/1), chunk 30/38
[21:37:49 +2m 53s | thequantuminsider_2020_04_19_the_best_stack_for_exploring_quantum_computing] Repaired malformed JSON.
[21:37:49 +2m 53s | thequantuminsider_2020_04_19_the_best_stack_for_exploring_quantum_computing] Extracting actors: https://thequantuminsider.com/2020/04/19/the-best-stack-for-exploring-quantum-computing (1/1), chunk 31/38
[21:37:55 +2m 59s | thequantuminsider_2020_04_19_the_best_stack_for_exploring_quantum_computing] Repaired malformed JSON.
[21:37:55 +2m 59s | thequantuminsider_2020_04_19_the_best_stack_for_exploring_quantum_computing] Extracting actors: https://thequantuminsider.com/2020/04/19/the-best-stack-for-exploring-quantum-computing (1/1), chunk 32/38
[21:38:01 +3m 5s | thequantuminsider_2020_04_19_the_best_stack_for_exploring_quantum_computing] Repaired malformed JSON.
[21:38:01 +3m 5s | thequantuminsider_2020_04_19_the_best_stack_for_exploring_quantum_computing] Extracting actors: https://thequantuminsider.com/2020/04/19/the-best-stack-for-exploring-quantum-computing (1/1), chunk 33/38
[21:38:07 +3m 11s | thequantuminsider_2020_04_19_the_best_stack_for_exploring_quantum_computing] Repaired malformed JSON.
[21:38:07 +3m 11s | thequantuminsider_2020_04_19_the_best_stack_for_exploring_quantum_computing] Extracting actors: https://thequantuminsider.com/2020/04/19/the-best-stack-for-exploring-quantum-computing (1/1), chunk 34/38
[21:38:16 +3m 20s | thequantuminsider_2020_04_19_the_best_stack_for_exploring_quantum_computing] Repaired malformed JSON.
[21:38:16 +3m 20s | thequantuminsider_2020_04_19_the_best_stack_for_exploring_quantum_computing] Extracting actors: https://thequantuminsider.com/2020/04/19/the-best-stack-for-exploring-quantum-computing (1/1), chunk 35/38
[21:38:17 +3m 21s | thequantuminsider_2020_04_19_the_best_stack_for_exploring_quantum_computing] Extracting actors: https://thequantuminsider.com/2020/04/19/the-best-stack-for-exploring-quantum-computing (1/1), chunk 36/38
[21:38:27 +3m 29s | thequantuminsider_2020_04_19_the_best_stack_for_exploring_quantum_computing] Repaired malformed JSON.
[21:38:27 +3m 29s | thequantuminsider_2020_04_19_the_best_stack_for_exploring_quantum_computing] Extracting actors: https://thequantuminsider.com/2020/04/19/the-best-stack-for-exploring-quantum-computing (1/1), chunk 37/38
[21:38:36 +3m 37s | thequantuminsider_2020_04_19_the_best_stack_for_exploring_quantum_computing] Repaired malformed JSON.
[21:38:36 +3m 37s | thequantuminsider_2020_04_19_the_best_stack_for_exploring_quantum_computing] Extracting actors: https://thequantuminsider.com/2020/04/19/the-best-stack-for-exploring-quantum-computing (1/1), chunk 38/38
[21:38:43 +3m 44s | thequantuminsider_2020_04_19_the_best_stack_for_exploring_quantum_computing] Repaired malformed JSON.
[21:38:43 +3m 44s | thequantuminsider_2020_04_19_the_best_stack_for_exploring_quantum_computing] Saved 1_actor_results.json with 53 extracted records

[21:38:43 +3m 44s | thequantuminsider_2020_04_19_the_best_stack_for_exploring_quantum_computing] === 2 clean actors ===
[21:38:43 +3m 44s | thequantuminsider_2020_04_19_the_best_stack_for_exploring_quantum_computing] Loaded 53 extracted records
[21:38:43 +3m 44s | thequantuminsider_2020_04_19_the_best_stack_for_exploring_quantum_computing] Saved 2_actor_nodes.json with 24 canonical actor nodes

[21:38:43 +3m 44s | thequantuminsider_2020_04_19_the_best_stack_for_exploring_quantum_computing] === 3 interaction extraction ===
[21:38:43 +3m 44s | thequantuminsider_2020_04_19_the_best_stack_for_exploring_quantum_computing] Extracting interactions: https://thequantuminsider.com/2020/04/19/the-best-stack-for-exploring-quantum-computing (1/1), chunk 13/38
[21:38:46 +3m 47s | thequantuminsider_2020_04_19_the_best_stack_for_exploring_quantum_computing] Extracting interactions: https://thequantuminsider.com/2020/04/19/the-best-stack-for-exploring-quantum-computing (1/1), chunk 14/38
[21:38:52 +3m 53s | thequantuminsider_2020_04_19_the_best_stack_for_exploring_quantum_computing] Extracting interactions: https://thequantuminsider.com/2020/04/19/the-best-stack-for-exploring-quantum-computing (1/1), chunk 15/38
[21:39:00 +3m 58s | thequantuminsider_2020_04_19_the_best_stack_for_exploring_quantum_computing] Extracting interactions: https://thequantuminsider.com/2020/04/19/the-best-stack-for-exploring-quantum-computing (1/1), chunk 16/38
[21:39:02 +4m 0s | thequantuminsider_2020_04_19_the_best_stack_for_exploring_quantum_computing] Extracting interactions: https://thequantuminsider.com/2020/04/19/the-best-stack-for-exploring-quantum-computing (1/1), chunk 17/38
[21:39:03 +4m 1s | thequantuminsider_2020_04_19_the_best_stack_for_exploring_quantum_computing] Extracting interactions: https://thequantuminsider.com/2020/04/19/the-best-stack-for-exploring-quantum-computing (1/1), chunk 18/38
[21:39:08 +4m 6s | thequantuminsider_2020_04_19_the_best_stack_for_exploring_quantum_computing] Extracting interactions: https://thequantuminsider.com/2020/04/19/the-best-stack-for-exploring-quantum-computing (1/1), chunk 19/38
[21:39:15 +4m 13s | thequantuminsider_2020_04_19_the_best_stack_for_exploring_quantum_computing] Extracting interactions: https://thequantuminsider.com/2020/04/19/the-best-stack-for-exploring-quantum-computing (1/1), chunk 20/38
[21:39:19 +4m 17s | thequantuminsider_2020_04_19_the_best_stack_for_exploring_quantum_computing] Extracting interactions: https://thequantuminsider.com/2020/04/19/the-best-stack-for-exploring-quantum-computing (1/1), chunk 21/38
[21:39:34 +4m 29s | thequantuminsider_2020_04_19_the_best_stack_for_exploring_quantum_computing] Extracting interactions: https://thequantuminsider.com/2020/04/19/the-best-stack-for-exploring-quantum-computing (1/1), chunk 22/38
[21:39:42 +4m 38s | thequantuminsider_2020_04_19_the_best_stack_for_exploring_quantum_computing] Extracting interactions: https://thequantuminsider.com/2020/04/19/the-best-stack-for-exploring-quantum-computing (1/1), chunk 23/38
[21:39:46 +4m 42s | thequantuminsider_2020_04_19_the_best_stack_for_exploring_quantum_computing] Extracting interactions: https://thequantuminsider.com/2020/04/19/the-best-stack-for-exploring-quantum-computing (1/1), chunk 24/38
[21:39:56 +4m 51s | thequantuminsider_2020_04_19_the_best_stack_for_exploring_quantum_computing] Extracting interactions: https://thequantuminsider.com/2020/04/19/the-best-stack-for-exploring-quantum-computing (1/1), chunk 27/38
[21:39:59 +4m 55s | thequantuminsider_2020_04_19_the_best_stack_for_exploring_quantum_computing] Extracting interactions: https://thequantuminsider.com/2020/04/19/the-best-stack-for-exploring-quantum-computing (1/1), chunk 28/38
[21:40:01 +4m 56s | thequantuminsider_2020_04_19_the_best_stack_for_exploring_quantum_computing] Extracting interactions: https://thequantuminsider.com/2020/04/19/the-best-stack-for-exploring-quantum-computing (1/1), chunk 29/38
[21:40:03 +4m 59s | thequantuminsider_2020_04_19_the_best_stack_for_exploring_quantum_computing] Extracting interactions: https://thequantuminsider.com/2020/04/19/the-best-stack-for-exploring-quantum-computing (1/1), chunk 31/38
[21:40:08 +5m 0s | thequantuminsider_2020_04_19_the_best_stack_for_exploring_quantum_computing] Extracting interactions: https://thequantuminsider.com/2020/04/19/the-best-stack-for-exploring-quantum-computing (1/1), chunk 32/38
[21:40:09 +5m 2s | thequantuminsider_2020_04_19_the_best_stack_for_exploring_quantum_computing] Extracting interactions: https://thequantuminsider.com/2020/04/19/the-best-stack-for-exploring-quantum-computing (1/1), chunk 33/38
[21:40:12 +5m 4s | thequantuminsider_2020_04_19_the_best_stack_for_exploring_quantum_computing] Extracting interactions: https://thequantuminsider.com/2020/04/19/the-best-stack-for-exploring-quantum-computing (1/1), chunk 34/38
[21:40:14 +5m 6s | thequantuminsider_2020_04_19_the_best_stack_for_exploring_quantum_computing] Extracting interactions: https://thequantuminsider.com/2020/04/19/the-best-stack-for-exploring-quantum-computing (1/1), chunk 35/38
[21:40:15 +5m 8s | thequantuminsider_2020_04_19_the_best_stack_for_exploring_quantum_computing] Extracting interactions: https://thequantuminsider.com/2020/04/19/the-best-stack-for-exploring-quantum-computing (1/1), chunk 36/38
[21:40:17 +5m 9s | thequantuminsider_2020_04_19_the_best_stack_for_exploring_quantum_computing] Extracting interactions: https://thequantuminsider.com/2020/04/19/the-best-stack-for-exploring-quantum-computing (1/1), chunk 37/38
[21:40:48 +5m 38s | thequantuminsider_2020_04_19_the_best_stack_for_exploring_quantum_computing] Extracting interactions: https://thequantuminsider.com/2020/04/19/the-best-stack-for-exploring-quantum-computing (1/1), chunk 38/38
[21:40:53 +5m 43s | thequantuminsider_2020_04_19_the_best_stack_for_exploring_quantum_computing] Saved 3_interaction_results.json with 16 extracted interactions.

[21:40:54 +5m 43s | thequantuminsider_2020_04_19_the_best_stack_for_exploring_quantum_computing] === 4 clean interactions ===
[21:40:54 +5m 43s | thequantuminsider_2020_04_19_the_best_stack_for_exploring_quantum_computing] Saved 4_edges.json with 0 cleaned interactions.

[21:40:54 +5m 43s | thequantuminsider_2020_04_19_the_best_stack_for_exploring_quantum_computing] === 5 helix enrichment ===
[21:40:54 +5m 43s | thequantuminsider_2020_04_19_the_best_stack_for_exploring_quantum_computing] Wrote 5_nodes.json (24 actors)
[21:40:54 +5m 43s | thequantuminsider_2020_04_19_the_best_stack_for_exploring_quantum_computing] Wrote 5_edges.json (0 interactions)
[21:40:54 +5m 43s | thequantuminsider_2020_04_19_the_best_stack_for_exploring_quantum_computing] Actor helix counts: {'Civil Society': 3, 'Government': 2, 'Industry': 9, 'Unknown': 10}
[21:40:54 +5m 43s | thequantuminsider_2020_04_19_the_best_stack_for_exploring_quantum_computing] Functional-space counts: {}

[21:40:54 +5m 43s | thequantuminsider_2020_04_19_the_best_stack_for_exploring_quantum_computing] === 6 network visualisation ===
[21:40:54 +5m 43s | thequantuminsider_2020_04_19_the_best_stack_for_exploring_quantum_computing] Wrote quantum_network.html
[21:40:54 +5m 43s | thequantuminsider_2020_04_19_the_best_stack_for_exploring_quantum_computing] Nodes: 24
[21:40:54 +5m 43s | thequantuminsider_2020_04_19_the_best_stack_for_exploring_quantum_computing] Edges: 0

[21:40:54 +5m 43s | thequantuminsider_2020_04_19_the_best_stack_for_exploring_quantum_computing] Done. Outputs written to: /home/lv/IDP/idpdeeptech/pipeline/news_outputs/thequantuminsider_2020_04_19_the_best_stack_for_exploring_quantum_computing
[21:40:54 +5m 43s | thequantuminsider_2020_04_19_the_best_stack_for_exploring_quantum_computing] Log: /home/lv/IDP/idpdeeptech/pipeline/news_outputs/thequantuminsider_2020_04_19_the_best_stack_for_exploring_quantum_computing/run.log

========================================================================
RUN FINISHED 2026-07-01 21:40:54  (OK)
Started:     2026-07-01 21:34:38
Elapsed:     5m 43s
========================================================================
