
========================================================================
RUN STARTED  2026-07-02 05:40:43
site_pipeline.py https://thequantuminsider.com/2024/04/06/nsa-expert-quantum-computing-to-enter-workforce-in-3-to-5-years/
========================================================================

[05:40:43 +0s | thequantuminsider_2024_04_06_nsa_expert_quantum_computing_to_enter_workforce_in_3_to_5_years] === 0 crawl site ===
[05:40:45 +1s | thequantuminsider_2024_04_06_nsa_expert_quantum_computing_to_enter_workforce_in_3_to_5_years] [INIT].... → Crawl4AI 0.8.6 
[05:40:47 +4s | thequantuminsider_2024_04_06_nsa_expert_quantum_computing_to_enter_workforce_in_3_to_5_years] [FETCH]... ↓ https://thequantuminsider.com/2024/04/06/nsa-exp...um-computing-to-enter-workforce-in-3-to-5-years/  | ✓ | ⏱: 2.42s 
[05:40:47 +4s | thequantuminsider_2024_04_06_nsa_expert_quantum_computing_to_enter_workforce_in_3_to_5_years] [SCRAPE].. ◆ https://thequantuminsider.com/2024/04/06/nsa-exp...um-computing-to-enter-workforce-in-3-to-5-years/  | ✓ | ⏱: 0.09s 
[05:40:47 +4s | thequantuminsider_2024_04_06_nsa_expert_quantum_computing_to_enter_workforce_in_3_to_5_years] [COMPLETE] ● https://thequantuminsider.com/2024/04/06/nsa-exp...um-computing-to-enter-workforce-in-3-to-5-years/  | ✓ | ⏱: 2.53s 
[05:40:47 +4s | thequantuminsider_2024_04_06_nsa_expert_quantum_computing_to_enter_workforce_in_3_to_5_years] Saved: crawl_output/d8e801ccbc_thequantuminsider.com_2024_04_06_nsa-expert-quantum-computing-to-enter-workforce-in-3-to-5-years.json

[05:40:48 +5s | thequantuminsider_2024_04_06_nsa_expert_quantum_computing_to_enter_workforce_in_3_to_5_years] === 1 actor extraction ===
[05:40:48 +5s | thequantuminsider_2024_04_06_nsa_expert_quantum_computing_to_enter_workforce_in_3_to_5_years] Reading page (1/1): https://thequantuminsider.com/2024/04/06/nsa-expert-quantum-computing-to-enter-workforce-in-3-to-5-years
[05:40:48 +5s | thequantuminsider_2024_04_06_nsa_expert_quantum_computing_to_enter_workforce_in_3_to_5_years] Extracting actors: https://thequantuminsider.com/2024/04/06/nsa-expert-quantum-computing-to-enter-workforce-in-3-to-5-years (1/1), chunk 1/32
[05:40:54 +10s | thequantuminsider_2024_04_06_nsa_expert_quantum_computing_to_enter_workforce_in_3_to_5_years] Extracting actors: https://thequantuminsider.com/2024/04/06/nsa-expert-quantum-computing-to-enter-workforce-in-3-to-5-years (1/1), chunk 2/32
[05:40:59 +16s | thequantuminsider_2024_04_06_nsa_expert_quantum_computing_to_enter_workforce_in_3_to_5_years] Extracting actors: https://thequantuminsider.com/2024/04/06/nsa-expert-quantum-computing-to-enter-workforce-in-3-to-5-years (1/1), chunk 3/32
[05:41:03 +20s | thequantuminsider_2024_04_06_nsa_expert_quantum_computing_to_enter_workforce_in_3_to_5_years] Extracting actors: https://thequantuminsider.com/2024/04/06/nsa-expert-quantum-computing-to-enter-workforce-in-3-to-5-years (1/1), chunk 4/32
[05:41:10 +27s | thequantuminsider_2024_04_06_nsa_expert_quantum_computing_to_enter_workforce_in_3_to_5_years] Extracting actors: https://thequantuminsider.com/2024/04/06/nsa-expert-quantum-computing-to-enter-workforce-in-3-to-5-years (1/1), chunk 5/32
[05:41:15 +31s | thequantuminsider_2024_04_06_nsa_expert_quantum_computing_to_enter_workforce_in_3_to_5_years] Extracting actors: https://thequantuminsider.com/2024/04/06/nsa-expert-quantum-computing-to-enter-workforce-in-3-to-5-years (1/1), chunk 6/32
[05:41:19 +36s | thequantuminsider_2024_04_06_nsa_expert_quantum_computing_to_enter_workforce_in_3_to_5_years] Extracting actors: https://thequantuminsider.com/2024/04/06/nsa-expert-quantum-computing-to-enter-workforce-in-3-to-5-years (1/1), chunk 7/32
[05:41:26 +42s | thequantuminsider_2024_04_06_nsa_expert_quantum_computing_to_enter_workforce_in_3_to_5_years] Extracting actors: https://thequantuminsider.com/2024/04/06/nsa-expert-quantum-computing-to-enter-workforce-in-3-to-5-years (1/1), chunk 8/32
[05:41:30 +46s | thequantuminsider_2024_04_06_nsa_expert_quantum_computing_to_enter_workforce_in_3_to_5_years] Extracting actors: https://thequantuminsider.com/2024/04/06/nsa-expert-quantum-computing-to-enter-workforce-in-3-to-5-years (1/1), chunk 9/32
[05:41:34 +51s | thequantuminsider_2024_04_06_nsa_expert_quantum_computing_to_enter_workforce_in_3_to_5_years] Extracting actors: https://thequantuminsider.com/2024/04/06/nsa-expert-quantum-computing-to-enter-workforce-in-3-to-5-years (1/1), chunk 10/32
[05:41:40 +56s | thequantuminsider_2024_04_06_nsa_expert_quantum_computing_to_enter_workforce_in_3_to_5_years] Extracting actors: https://thequantuminsider.com/2024/04/06/nsa-expert-quantum-computing-to-enter-workforce-in-3-to-5-years (1/1), chunk 11/32
[05:41:45 +1m 2s | thequantuminsider_2024_04_06_nsa_expert_quantum_computing_to_enter_workforce_in_3_to_5_years] Repaired malformed JSON.
[05:41:45 +1m 2s | thequantuminsider_2024_04_06_nsa_expert_quantum_computing_to_enter_workforce_in_3_to_5_years] Extracting actors: https://thequantuminsider.com/2024/04/06/nsa-expert-quantum-computing-to-enter-workforce-in-3-to-5-years (1/1), chunk 12/32
[05:41:50 +1m 7s | thequantuminsider_2024_04_06_nsa_expert_quantum_computing_to_enter_workforce_in_3_to_5_years] Repaired malformed JSON.
[05:41:50 +1m 7s | thequantuminsider_2024_04_06_nsa_expert_quantum_computing_to_enter_workforce_in_3_to_5_years] Extracting actors: https://thequantuminsider.com/2024/04/06/nsa-expert-quantum-computing-to-enter-workforce-in-3-to-5-years (1/1), chunk 13/32
[05:41:58 +1m 14s | thequantuminsider_2024_04_06_nsa_expert_quantum_computing_to_enter_workforce_in_3_to_5_years] Repaired malformed JSON.
[05:41:58 +1m 14s | thequantuminsider_2024_04_06_nsa_expert_quantum_computing_to_enter_workforce_in_3_to_5_years] Extracting actors: https://thequantuminsider.com/2024/04/06/nsa-expert-quantum-computing-to-enter-workforce-in-3-to-5-years (1/1), chunk 14/32
[05:42:04 +1m 21s | thequantuminsider_2024_04_06_nsa_expert_quantum_computing_to_enter_workforce_in_3_to_5_years] Repaired malformed JSON.
[05:42:04 +1m 21s | thequantuminsider_2024_04_06_nsa_expert_quantum_computing_to_enter_workforce_in_3_to_5_years] Extracting actors: https://thequantuminsider.com/2024/04/06/nsa-expert-quantum-computing-to-enter-workforce-in-3-to-5-years (1/1), chunk 15/32
[05:42:13 +1m 30s | thequantuminsider_2024_04_06_nsa_expert_quantum_computing_to_enter_workforce_in_3_to_5_years] Repaired malformed JSON.
[05:42:13 +1m 30s | thequantuminsider_2024_04_06_nsa_expert_quantum_computing_to_enter_workforce_in_3_to_5_years] Extracting actors: https://thequantuminsider.com/2024/04/06/nsa-expert-quantum-computing-to-enter-workforce-in-3-to-5-years (1/1), chunk 16/32
[05:42:21 +1m 37s | thequantuminsider_2024_04_06_nsa_expert_quantum_computing_to_enter_workforce_in_3_to_5_years] Repaired malformed JSON.
[05:42:21 +1m 37s | thequantuminsider_2024_04_06_nsa_expert_quantum_computing_to_enter_workforce_in_3_to_5_years] Extracting actors: https://thequantuminsider.com/2024/04/06/nsa-expert-quantum-computing-to-enter-workforce-in-3-to-5-years (1/1), chunk 17/32
[05:42:29 +1m 46s | thequantuminsider_2024_04_06_nsa_expert_quantum_computing_to_enter_workforce_in_3_to_5_years] Repaired malformed JSON.
[05:42:29 +1m 46s | thequantuminsider_2024_04_06_nsa_expert_quantum_computing_to_enter_workforce_in_3_to_5_years] Extracting actors: https://thequantuminsider.com/2024/04/06/nsa-expert-quantum-computing-to-enter-workforce-in-3-to-5-years (1/1), chunk 18/32
[05:42:37 +1m 53s | thequantuminsider_2024_04_06_nsa_expert_quantum_computing_to_enter_workforce_in_3_to_5_years] Repaired malformed JSON.
[05:42:37 +1m 53s | thequantuminsider_2024_04_06_nsa_expert_quantum_computing_to_enter_workforce_in_3_to_5_years] Extracting actors: https://thequantuminsider.com/2024/04/06/nsa-expert-quantum-computing-to-enter-workforce-in-3-to-5-years (1/1), chunk 19/32
[05:42:44 +2m 1s | thequantuminsider_2024_04_06_nsa_expert_quantum_computing_to_enter_workforce_in_3_to_5_years] Repaired malformed JSON.
[05:42:44 +2m 1s | thequantuminsider_2024_04_06_nsa_expert_quantum_computing_to_enter_workforce_in_3_to_5_years] Extracting actors: https://thequantuminsider.com/2024/04/06/nsa-expert-quantum-computing-to-enter-workforce-in-3-to-5-years (1/1), chunk 20/32
[05:42:50 +2m 7s | thequantuminsider_2024_04_06_nsa_expert_quantum_computing_to_enter_workforce_in_3_to_5_years] Repaired malformed JSON.
[05:42:50 +2m 7s | thequantuminsider_2024_04_06_nsa_expert_quantum_computing_to_enter_workforce_in_3_to_5_years] Extracting actors: https://thequantuminsider.com/2024/04/06/nsa-expert-quantum-computing-to-enter-workforce-in-3-to-5-years (1/1), chunk 21/32
[05:42:57 +2m 14s | thequantuminsider_2024_04_06_nsa_expert_quantum_computing_to_enter_workforce_in_3_to_5_years] Repaired malformed JSON.
[05:42:57 +2m 14s | thequantuminsider_2024_04_06_nsa_expert_quantum_computing_to_enter_workforce_in_3_to_5_years] Extracting actors: https://thequantuminsider.com/2024/04/06/nsa-expert-quantum-computing-to-enter-workforce-in-3-to-5-years (1/1), chunk 22/32
[05:43:04 +2m 21s | thequantuminsider_2024_04_06_nsa_expert_quantum_computing_to_enter_workforce_in_3_to_5_years] Repaired malformed JSON.
[05:43:04 +2m 21s | thequantuminsider_2024_04_06_nsa_expert_quantum_computing_to_enter_workforce_in_3_to_5_years] Extracting actors: https://thequantuminsider.com/2024/04/06/nsa-expert-quantum-computing-to-enter-workforce-in-3-to-5-years (1/1), chunk 23/32
[05:43:10 +2m 27s | thequantuminsider_2024_04_06_nsa_expert_quantum_computing_to_enter_workforce_in_3_to_5_years] Repaired malformed JSON.
[05:43:10 +2m 27s | thequantuminsider_2024_04_06_nsa_expert_quantum_computing_to_enter_workforce_in_3_to_5_years] Extracting actors: https://thequantuminsider.com/2024/04/06/nsa-expert-quantum-computing-to-enter-workforce-in-3-to-5-years (1/1), chunk 24/32
[05:43:16 +2m 33s | thequantuminsider_2024_04_06_nsa_expert_quantum_computing_to_enter_workforce_in_3_to_5_years] Repaired malformed JSON.
[05:43:16 +2m 33s | thequantuminsider_2024_04_06_nsa_expert_quantum_computing_to_enter_workforce_in_3_to_5_years] Extracting actors: https://thequantuminsider.com/2024/04/06/nsa-expert-quantum-computing-to-enter-workforce-in-3-to-5-years (1/1), chunk 25/32
[05:43:21 +2m 38s | thequantuminsider_2024_04_06_nsa_expert_quantum_computing_to_enter_workforce_in_3_to_5_years] Extracting actors: https://thequantuminsider.com/2024/04/06/nsa-expert-quantum-computing-to-enter-workforce-in-3-to-5-years (1/1), chunk 26/32
[05:43:27 +2m 44s | thequantuminsider_2024_04_06_nsa_expert_quantum_computing_to_enter_workforce_in_3_to_5_years] Repaired malformed JSON.
[05:43:27 +2m 44s | thequantuminsider_2024_04_06_nsa_expert_quantum_computing_to_enter_workforce_in_3_to_5_years] Extracting actors: https://thequantuminsider.com/2024/04/06/nsa-expert-quantum-computing-to-enter-workforce-in-3-to-5-years (1/1), chunk 27/32
[05:43:31 +2m 48s | thequantuminsider_2024_04_06_nsa_expert_quantum_computing_to_enter_workforce_in_3_to_5_years] Extracting actors: https://thequantuminsider.com/2024/04/06/nsa-expert-quantum-computing-to-enter-workforce-in-3-to-5-years (1/1), chunk 28/32
[05:43:35 +2m 52s | thequantuminsider_2024_04_06_nsa_expert_quantum_computing_to_enter_workforce_in_3_to_5_years] Extracting actors: https://thequantuminsider.com/2024/04/06/nsa-expert-quantum-computing-to-enter-workforce-in-3-to-5-years (1/1), chunk 29/32
[05:43:41 +2m 57s | thequantuminsider_2024_04_06_nsa_expert_quantum_computing_to_enter_workforce_in_3_to_5_years] Repaired malformed JSON.
[05:43:41 +2m 57s | thequantuminsider_2024_04_06_nsa_expert_quantum_computing_to_enter_workforce_in_3_to_5_years] Extracting actors: https://thequantuminsider.com/2024/04/06/nsa-expert-quantum-computing-to-enter-workforce-in-3-to-5-years (1/1), chunk 30/32
[05:43:49 +3m 6s | thequantuminsider_2024_04_06_nsa_expert_quantum_computing_to_enter_workforce_in_3_to_5_years] Repaired malformed JSON.
[05:43:49 +3m 6s | thequantuminsider_2024_04_06_nsa_expert_quantum_computing_to_enter_workforce_in_3_to_5_years] Extracting actors: https://thequantuminsider.com/2024/04/06/nsa-expert-quantum-computing-to-enter-workforce-in-3-to-5-years (1/1), chunk 31/32
[05:43:55 +3m 12s | thequantuminsider_2024_04_06_nsa_expert_quantum_computing_to_enter_workforce_in_3_to_5_years] Repaired malformed JSON.
[05:43:55 +3m 12s | thequantuminsider_2024_04_06_nsa_expert_quantum_computing_to_enter_workforce_in_3_to_5_years] Extracting actors: https://thequantuminsider.com/2024/04/06/nsa-expert-quantum-computing-to-enter-workforce-in-3-to-5-years (1/1), chunk 32/32
[05:43:59 +3m 16s | thequantuminsider_2024_04_06_nsa_expert_quantum_computing_to_enter_workforce_in_3_to_5_years] Saved 1_actor_results.json with 49 extracted records

[05:43:59 +3m 16s | thequantuminsider_2024_04_06_nsa_expert_quantum_computing_to_enter_workforce_in_3_to_5_years] === 2 clean actors ===
[05:43:59 +3m 16s | thequantuminsider_2024_04_06_nsa_expert_quantum_computing_to_enter_workforce_in_3_to_5_years] Loaded 49 extracted records
[05:43:59 +3m 16s | thequantuminsider_2024_04_06_nsa_expert_quantum_computing_to_enter_workforce_in_3_to_5_years] Saved 2_actor_nodes.json with 16 canonical actor nodes

[05:43:59 +3m 16s | thequantuminsider_2024_04_06_nsa_expert_quantum_computing_to_enter_workforce_in_3_to_5_years] === 3 interaction extraction ===
[05:43:59 +3m 16s | thequantuminsider_2024_04_06_nsa_expert_quantum_computing_to_enter_workforce_in_3_to_5_years] Extracting interactions: https://thequantuminsider.com/2024/04/06/nsa-expert-quantum-computing-to-enter-workforce-in-3-to-5-years (1/1), chunk 11/32
[05:44:05 +3m 22s | thequantuminsider_2024_04_06_nsa_expert_quantum_computing_to_enter_workforce_in_3_to_5_years] Extracting interactions: https://thequantuminsider.com/2024/04/06/nsa-expert-quantum-computing-to-enter-workforce-in-3-to-5-years (1/1), chunk 12/32
[05:44:13 +3m 30s | thequantuminsider_2024_04_06_nsa_expert_quantum_computing_to_enter_workforce_in_3_to_5_years] Extracting interactions: https://thequantuminsider.com/2024/04/06/nsa-expert-quantum-computing-to-enter-workforce-in-3-to-5-years (1/1), chunk 13/32
[05:44:22 +3m 38s | thequantuminsider_2024_04_06_nsa_expert_quantum_computing_to_enter_workforce_in_3_to_5_years] Extracting interactions: https://thequantuminsider.com/2024/04/06/nsa-expert-quantum-computing-to-enter-workforce-in-3-to-5-years (1/1), chunk 14/32
[05:44:29 +3m 46s | thequantuminsider_2024_04_06_nsa_expert_quantum_computing_to_enter_workforce_in_3_to_5_years] Extracting interactions: https://thequantuminsider.com/2024/04/06/nsa-expert-quantum-computing-to-enter-workforce-in-3-to-5-years (1/1), chunk 15/32
[05:44:39 +3m 55s | thequantuminsider_2024_04_06_nsa_expert_quantum_computing_to_enter_workforce_in_3_to_5_years] Extracting interactions: https://thequantuminsider.com/2024/04/06/nsa-expert-quantum-computing-to-enter-workforce-in-3-to-5-years (1/1), chunk 16/32
[05:44:43 +4m 0s | thequantuminsider_2024_04_06_nsa_expert_quantum_computing_to_enter_workforce_in_3_to_5_years] Extracting interactions: https://thequantuminsider.com/2024/04/06/nsa-expert-quantum-computing-to-enter-workforce-in-3-to-5-years (1/1), chunk 17/32
[05:44:49 +4m 5s | thequantuminsider_2024_04_06_nsa_expert_quantum_computing_to_enter_workforce_in_3_to_5_years] Extracting interactions: https://thequantuminsider.com/2024/04/06/nsa-expert-quantum-computing-to-enter-workforce-in-3-to-5-years (1/1), chunk 18/32
[05:44:56 +4m 12s | thequantuminsider_2024_04_06_nsa_expert_quantum_computing_to_enter_workforce_in_3_to_5_years] Extracting interactions: https://thequantuminsider.com/2024/04/06/nsa-expert-quantum-computing-to-enter-workforce-in-3-to-5-years (1/1), chunk 19/32
[05:45:05 +4m 22s | thequantuminsider_2024_04_06_nsa_expert_quantum_computing_to_enter_workforce_in_3_to_5_years] Extracting interactions: https://thequantuminsider.com/2024/04/06/nsa-expert-quantum-computing-to-enter-workforce-in-3-to-5-years (1/1), chunk 20/32
[05:45:11 +4m 28s | thequantuminsider_2024_04_06_nsa_expert_quantum_computing_to_enter_workforce_in_3_to_5_years] Extracting interactions: https://thequantuminsider.com/2024/04/06/nsa-expert-quantum-computing-to-enter-workforce-in-3-to-5-years (1/1), chunk 21/32
[05:45:17 +4m 34s | thequantuminsider_2024_04_06_nsa_expert_quantum_computing_to_enter_workforce_in_3_to_5_years] Extracting interactions: https://thequantuminsider.com/2024/04/06/nsa-expert-quantum-computing-to-enter-workforce-in-3-to-5-years (1/1), chunk 22/32
[05:45:23 +4m 40s | thequantuminsider_2024_04_06_nsa_expert_quantum_computing_to_enter_workforce_in_3_to_5_years] Extracting interactions: https://thequantuminsider.com/2024/04/06/nsa-expert-quantum-computing-to-enter-workforce-in-3-to-5-years (1/1), chunk 23/32
[05:45:27 +4m 44s | thequantuminsider_2024_04_06_nsa_expert_quantum_computing_to_enter_workforce_in_3_to_5_years] Extracting interactions: https://thequantuminsider.com/2024/04/06/nsa-expert-quantum-computing-to-enter-workforce-in-3-to-5-years (1/1), chunk 26/32
[05:45:33 +4m 50s | thequantuminsider_2024_04_06_nsa_expert_quantum_computing_to_enter_workforce_in_3_to_5_years] Extracting interactions: https://thequantuminsider.com/2024/04/06/nsa-expert-quantum-computing-to-enter-workforce-in-3-to-5-years (1/1), chunk 27/32
[05:45:38 +4m 54s | thequantuminsider_2024_04_06_nsa_expert_quantum_computing_to_enter_workforce_in_3_to_5_years] Extracting interactions: https://thequantuminsider.com/2024/04/06/nsa-expert-quantum-computing-to-enter-workforce-in-3-to-5-years (1/1), chunk 28/32
[05:45:40 +4m 57s | thequantuminsider_2024_04_06_nsa_expert_quantum_computing_to_enter_workforce_in_3_to_5_years] Extracting interactions: https://thequantuminsider.com/2024/04/06/nsa-expert-quantum-computing-to-enter-workforce-in-3-to-5-years (1/1), chunk 30/32
[05:45:56 +5m 12s | thequantuminsider_2024_04_06_nsa_expert_quantum_computing_to_enter_workforce_in_3_to_5_years] Extracting interactions: https://thequantuminsider.com/2024/04/06/nsa-expert-quantum-computing-to-enter-workforce-in-3-to-5-years (1/1), chunk 31/32
[05:45:57 +5m 14s | thequantuminsider_2024_04_06_nsa_expert_quantum_computing_to_enter_workforce_in_3_to_5_years] Saved 3_interaction_results.json with 25 extracted interactions.

[05:45:57 +5m 14s | thequantuminsider_2024_04_06_nsa_expert_quantum_computing_to_enter_workforce_in_3_to_5_years] === 4 clean interactions ===
[05:45:57 +5m 14s | thequantuminsider_2024_04_06_nsa_expert_quantum_computing_to_enter_workforce_in_3_to_5_years] Saved 4_edges.json with 5 cleaned interactions.

[05:45:57 +5m 14s | thequantuminsider_2024_04_06_nsa_expert_quantum_computing_to_enter_workforce_in_3_to_5_years] === 5 helix enrichment ===
[05:45:57 +5m 14s | thequantuminsider_2024_04_06_nsa_expert_quantum_computing_to_enter_workforce_in_3_to_5_years] Wrote 5_nodes.json (16 actors)
[05:45:57 +5m 14s | thequantuminsider_2024_04_06_nsa_expert_quantum_computing_to_enter_workforce_in_3_to_5_years] Wrote 5_edges.json (5 interactions)
[05:45:57 +5m 14s | thequantuminsider_2024_04_06_nsa_expert_quantum_computing_to_enter_workforce_in_3_to_5_years] Actor helix counts: {'Academia': 1, 'Civil Society': 1, 'Government': 4, 'Industry': 6, 'Unknown': 4}
[05:45:57 +5m 14s | thequantuminsider_2024_04_06_nsa_expert_quantum_computing_to_enter_workforce_in_3_to_5_years] Functional-space counts: {'Consensus': 2, 'Intra-helix / Not classified': 3}

[05:45:57 +5m 14s | thequantuminsider_2024_04_06_nsa_expert_quantum_computing_to_enter_workforce_in_3_to_5_years] === 6 network visualisation ===
[05:45:57 +5m 14s | thequantuminsider_2024_04_06_nsa_expert_quantum_computing_to_enter_workforce_in_3_to_5_years] Wrote quantum_network.html
[05:45:57 +5m 14s | thequantuminsider_2024_04_06_nsa_expert_quantum_computing_to_enter_workforce_in_3_to_5_years] Nodes: 16
[05:45:57 +5m 14s | thequantuminsider_2024_04_06_nsa_expert_quantum_computing_to_enter_workforce_in_3_to_5_years] Edges: 3

[05:45:58 +5m 14s | thequantuminsider_2024_04_06_nsa_expert_quantum_computing_to_enter_workforce_in_3_to_5_years] Done. Outputs written to: /home/lv/IDP/idpdeeptech/pipeline/news_outputs/thequantuminsider_2024_04_06_nsa_expert_quantum_computing_to_enter_workforce_in_3_to_5_years
[05:45:58 +5m 14s | thequantuminsider_2024_04_06_nsa_expert_quantum_computing_to_enter_workforce_in_3_to_5_years] Log: /home/lv/IDP/idpdeeptech/pipeline/news_outputs/thequantuminsider_2024_04_06_nsa_expert_quantum_computing_to_enter_workforce_in_3_to_5_years/run.log

========================================================================
RUN FINISHED 2026-07-02 05:45:58  (OK)
Started:     2026-07-02 05:40:43
Elapsed:     5m 14s
========================================================================
