
========================================================================
RUN STARTED  2026-07-02 01:03:05
site_pipeline.py https://thequantuminsider.com/2020/04/27/terra-quantum-secures-eur10m-to-build-the-european-quantum-ecosystem/
========================================================================

[01:03:05 +0s | thequantuminsider_2020_04_27_terra_quantum_secures_eur10m_to_build_the_european_quantum_ecosystem] === 0 crawl site ===
[01:03:06 +1s | thequantuminsider_2020_04_27_terra_quantum_secures_eur10m_to_build_the_european_quantum_ecosystem] [INIT].... → Crawl4AI 0.8.6 
[01:03:09 +4s | thequantuminsider_2020_04_27_terra_quantum_secures_eur10m_to_build_the_european_quantum_ecosystem] [FETCH]... ↓ https://thequantuminsider.com/2020/04/27/terra-q...-eur10m-to-build-the-european-quantum-ecosystem/  | ✓ | ⏱: 2.43s 
[01:03:09 +4s | thequantuminsider_2020_04_27_terra_quantum_secures_eur10m_to_build_the_european_quantum_ecosystem] [SCRAPE].. ◆ https://thequantuminsider.com/2020/04/27/terra-q...-eur10m-to-build-the-european-quantum-ecosystem/  | ✓ | ⏱: 0.10s 
[01:03:09 +4s | thequantuminsider_2020_04_27_terra_quantum_secures_eur10m_to_build_the_european_quantum_ecosystem] [COMPLETE] ● https://thequantuminsider.com/2020/04/27/terra-q...-eur10m-to-build-the-european-quantum-ecosystem/  | ✓ | ⏱: 2.54s 
[01:03:09 +4s | thequantuminsider_2020_04_27_terra_quantum_secures_eur10m_to_build_the_european_quantum_ecosystem] Saved: crawl_output/fcacc50f92_thequantuminsider.com_2020_04_27_terra-quantum-secures-eur10m-to-build-the-european-quantum-ecosystem.json

[01:03:09 +4s | thequantuminsider_2020_04_27_terra_quantum_secures_eur10m_to_build_the_european_quantum_ecosystem] === 1 actor extraction ===
[01:03:09 +4s | thequantuminsider_2020_04_27_terra_quantum_secures_eur10m_to_build_the_european_quantum_ecosystem] Reading page (1/1): https://thequantuminsider.com/2020/04/27/terra-quantum-secures-eur10m-to-build-the-european-quantum-ecosystem
[01:03:09 +4s | thequantuminsider_2020_04_27_terra_quantum_secures_eur10m_to_build_the_european_quantum_ecosystem] Extracting actors: https://thequantuminsider.com/2020/04/27/terra-quantum-secures-eur10m-to-build-the-european-quantum-ecosystem (1/1), chunk 1/39
[01:03:18 +10s | thequantuminsider_2020_04_27_terra_quantum_secures_eur10m_to_build_the_european_quantum_ecosystem] Repaired malformed JSON.
[01:03:18 +10s | thequantuminsider_2020_04_27_terra_quantum_secures_eur10m_to_build_the_european_quantum_ecosystem] Extracting actors: https://thequantuminsider.com/2020/04/27/terra-quantum-secures-eur10m-to-build-the-european-quantum-ecosystem (1/1), chunk 2/39
[01:03:22 +14s | thequantuminsider_2020_04_27_terra_quantum_secures_eur10m_to_build_the_european_quantum_ecosystem] Extracting actors: https://thequantuminsider.com/2020/04/27/terra-quantum-secures-eur10m-to-build-the-european-quantum-ecosystem (1/1), chunk 3/39
[01:03:29 +21s | thequantuminsider_2020_04_27_terra_quantum_secures_eur10m_to_build_the_european_quantum_ecosystem] Extracting actors: https://thequantuminsider.com/2020/04/27/terra-quantum-secures-eur10m-to-build-the-european-quantum-ecosystem (1/1), chunk 4/39
[01:03:34 +26s | thequantuminsider_2020_04_27_terra_quantum_secures_eur10m_to_build_the_european_quantum_ecosystem] Extracting actors: https://thequantuminsider.com/2020/04/27/terra-quantum-secures-eur10m-to-build-the-european-quantum-ecosystem (1/1), chunk 5/39
[01:03:40 +32s | thequantuminsider_2020_04_27_terra_quantum_secures_eur10m_to_build_the_european_quantum_ecosystem] Extracting actors: https://thequantuminsider.com/2020/04/27/terra-quantum-secures-eur10m-to-build-the-european-quantum-ecosystem (1/1), chunk 6/39
[01:03:45 +36s | thequantuminsider_2020_04_27_terra_quantum_secures_eur10m_to_build_the_european_quantum_ecosystem] Extracting actors: https://thequantuminsider.com/2020/04/27/terra-quantum-secures-eur10m-to-build-the-european-quantum-ecosystem (1/1), chunk 7/39
[01:03:53 +42s | thequantuminsider_2020_04_27_terra_quantum_secures_eur10m_to_build_the_european_quantum_ecosystem] Extracting actors: https://thequantuminsider.com/2020/04/27/terra-quantum-secures-eur10m-to-build-the-european-quantum-ecosystem (1/1), chunk 8/39
[01:03:59 +48s | thequantuminsider_2020_04_27_terra_quantum_secures_eur10m_to_build_the_european_quantum_ecosystem] Extracting actors: https://thequantuminsider.com/2020/04/27/terra-quantum-secures-eur10m-to-build-the-european-quantum-ecosystem (1/1), chunk 9/39
[01:04:03 +52s | thequantuminsider_2020_04_27_terra_quantum_secures_eur10m_to_build_the_european_quantum_ecosystem] Extracting actors: https://thequantuminsider.com/2020/04/27/terra-quantum-secures-eur10m-to-build-the-european-quantum-ecosystem (1/1), chunk 10/39
[01:04:07 +56s | thequantuminsider_2020_04_27_terra_quantum_secures_eur10m_to_build_the_european_quantum_ecosystem] Extracting actors: https://thequantuminsider.com/2020/04/27/terra-quantum-secures-eur10m-to-build-the-european-quantum-ecosystem (1/1), chunk 11/39
[01:04:16 +1m 5s | thequantuminsider_2020_04_27_terra_quantum_secures_eur10m_to_build_the_european_quantum_ecosystem] Repaired malformed JSON.
[01:04:16 +1m 5s | thequantuminsider_2020_04_27_terra_quantum_secures_eur10m_to_build_the_european_quantum_ecosystem] Extracting actors: https://thequantuminsider.com/2020/04/27/terra-quantum-secures-eur10m-to-build-the-european-quantum-ecosystem (1/1), chunk 12/39
[01:04:26 +1m 12s | thequantuminsider_2020_04_27_terra_quantum_secures_eur10m_to_build_the_european_quantum_ecosystem] Repaired malformed JSON.
[01:04:26 +1m 12s | thequantuminsider_2020_04_27_terra_quantum_secures_eur10m_to_build_the_european_quantum_ecosystem] Extracting actors: https://thequantuminsider.com/2020/04/27/terra-quantum-secures-eur10m-to-build-the-european-quantum-ecosystem (1/1), chunk 13/39
[01:04:34 +1m 20s | thequantuminsider_2020_04_27_terra_quantum_secures_eur10m_to_build_the_european_quantum_ecosystem] Repaired malformed JSON.
[01:04:34 +1m 20s | thequantuminsider_2020_04_27_terra_quantum_secures_eur10m_to_build_the_european_quantum_ecosystem] Extracting actors: https://thequantuminsider.com/2020/04/27/terra-quantum-secures-eur10m-to-build-the-european-quantum-ecosystem (1/1), chunk 14/39
[01:04:41 +1m 27s | thequantuminsider_2020_04_27_terra_quantum_secures_eur10m_to_build_the_european_quantum_ecosystem] Repaired malformed JSON.
[01:04:41 +1m 27s | thequantuminsider_2020_04_27_terra_quantum_secures_eur10m_to_build_the_european_quantum_ecosystem] Extracting actors: https://thequantuminsider.com/2020/04/27/terra-quantum-secures-eur10m-to-build-the-european-quantum-ecosystem (1/1), chunk 15/39
[01:04:48 +1m 34s | thequantuminsider_2020_04_27_terra_quantum_secures_eur10m_to_build_the_european_quantum_ecosystem] Repaired malformed JSON.
[01:04:48 +1m 34s | thequantuminsider_2020_04_27_terra_quantum_secures_eur10m_to_build_the_european_quantum_ecosystem] Extracting actors: https://thequantuminsider.com/2020/04/27/terra-quantum-secures-eur10m-to-build-the-european-quantum-ecosystem (1/1), chunk 16/39
[01:04:54 +1m 40s | thequantuminsider_2020_04_27_terra_quantum_secures_eur10m_to_build_the_european_quantum_ecosystem] Repaired malformed JSON.
[01:04:54 +1m 40s | thequantuminsider_2020_04_27_terra_quantum_secures_eur10m_to_build_the_european_quantum_ecosystem] Extracting actors: https://thequantuminsider.com/2020/04/27/terra-quantum-secures-eur10m-to-build-the-european-quantum-ecosystem (1/1), chunk 17/39
[01:05:04 +1m 47s | thequantuminsider_2020_04_27_terra_quantum_secures_eur10m_to_build_the_european_quantum_ecosystem] Repaired malformed JSON.
[01:05:04 +1m 47s | thequantuminsider_2020_04_27_terra_quantum_secures_eur10m_to_build_the_european_quantum_ecosystem] Extracting actors: https://thequantuminsider.com/2020/04/27/terra-quantum-secures-eur10m-to-build-the-european-quantum-ecosystem (1/1), chunk 18/39
[01:05:11 +1m 54s | thequantuminsider_2020_04_27_terra_quantum_secures_eur10m_to_build_the_european_quantum_ecosystem] Repaired malformed JSON.
[01:05:11 +1m 54s | thequantuminsider_2020_04_27_terra_quantum_secures_eur10m_to_build_the_european_quantum_ecosystem] Extracting actors: https://thequantuminsider.com/2020/04/27/terra-quantum-secures-eur10m-to-build-the-european-quantum-ecosystem (1/1), chunk 19/39
[01:05:18 +2m 1s | thequantuminsider_2020_04_27_terra_quantum_secures_eur10m_to_build_the_european_quantum_ecosystem] Repaired malformed JSON.
[01:05:18 +2m 1s | thequantuminsider_2020_04_27_terra_quantum_secures_eur10m_to_build_the_european_quantum_ecosystem] Extracting actors: https://thequantuminsider.com/2020/04/27/terra-quantum-secures-eur10m-to-build-the-european-quantum-ecosystem (1/1), chunk 20/39
[01:05:24 +2m 7s | thequantuminsider_2020_04_27_terra_quantum_secures_eur10m_to_build_the_european_quantum_ecosystem] Repaired malformed JSON.
[01:05:24 +2m 7s | thequantuminsider_2020_04_27_terra_quantum_secures_eur10m_to_build_the_european_quantum_ecosystem] Extracting actors: https://thequantuminsider.com/2020/04/27/terra-quantum-secures-eur10m-to-build-the-european-quantum-ecosystem (1/1), chunk 21/39
[01:05:30 +2m 13s | thequantuminsider_2020_04_27_terra_quantum_secures_eur10m_to_build_the_european_quantum_ecosystem] Repaired malformed JSON.
[01:05:30 +2m 13s | thequantuminsider_2020_04_27_terra_quantum_secures_eur10m_to_build_the_european_quantum_ecosystem] Extracting actors: https://thequantuminsider.com/2020/04/27/terra-quantum-secures-eur10m-to-build-the-european-quantum-ecosystem (1/1), chunk 22/39
[01:05:41 +2m 21s | thequantuminsider_2020_04_27_terra_quantum_secures_eur10m_to_build_the_european_quantum_ecosystem] Repaired malformed JSON.
[01:05:41 +2m 21s | thequantuminsider_2020_04_27_terra_quantum_secures_eur10m_to_build_the_european_quantum_ecosystem] Extracting actors: https://thequantuminsider.com/2020/04/27/terra-quantum-secures-eur10m-to-build-the-european-quantum-ecosystem (1/1), chunk 23/39
[01:05:46 +2m 26s | thequantuminsider_2020_04_27_terra_quantum_secures_eur10m_to_build_the_european_quantum_ecosystem] Repaired malformed JSON.
[01:05:46 +2m 26s | thequantuminsider_2020_04_27_terra_quantum_secures_eur10m_to_build_the_european_quantum_ecosystem] Extracting actors: https://thequantuminsider.com/2020/04/27/terra-quantum-secures-eur10m-to-build-the-european-quantum-ecosystem (1/1), chunk 24/39
[01:05:55 +2m 35s | thequantuminsider_2020_04_27_terra_quantum_secures_eur10m_to_build_the_european_quantum_ecosystem] Repaired malformed JSON.
[01:05:55 +2m 35s | thequantuminsider_2020_04_27_terra_quantum_secures_eur10m_to_build_the_european_quantum_ecosystem] Extracting actors: https://thequantuminsider.com/2020/04/27/terra-quantum-secures-eur10m-to-build-the-european-quantum-ecosystem (1/1), chunk 25/39
[01:06:01 +2m 42s | thequantuminsider_2020_04_27_terra_quantum_secures_eur10m_to_build_the_european_quantum_ecosystem] Repaired malformed JSON.
[01:06:01 +2m 42s | thequantuminsider_2020_04_27_terra_quantum_secures_eur10m_to_build_the_european_quantum_ecosystem] Extracting actors: https://thequantuminsider.com/2020/04/27/terra-quantum-secures-eur10m-to-build-the-european-quantum-ecosystem (1/1), chunk 26/39
[01:06:10 +2m 47s | thequantuminsider_2020_04_27_terra_quantum_secures_eur10m_to_build_the_european_quantum_ecosystem] Repaired malformed JSON.
[01:06:10 +2m 47s | thequantuminsider_2020_04_27_terra_quantum_secures_eur10m_to_build_the_european_quantum_ecosystem] Extracting actors: https://thequantuminsider.com/2020/04/27/terra-quantum-secures-eur10m-to-build-the-european-quantum-ecosystem (1/1), chunk 27/39
[01:06:15 +2m 52s | thequantuminsider_2020_04_27_terra_quantum_secures_eur10m_to_build_the_european_quantum_ecosystem] Extracting actors: https://thequantuminsider.com/2020/04/27/terra-quantum-secures-eur10m-to-build-the-european-quantum-ecosystem (1/1), chunk 28/39
[01:06:22 +2m 59s | thequantuminsider_2020_04_27_terra_quantum_secures_eur10m_to_build_the_european_quantum_ecosystem] Repaired malformed JSON.
[01:06:22 +2m 59s | thequantuminsider_2020_04_27_terra_quantum_secures_eur10m_to_build_the_european_quantum_ecosystem] Extracting actors: https://thequantuminsider.com/2020/04/27/terra-quantum-secures-eur10m-to-build-the-european-quantum-ecosystem (1/1), chunk 29/39
[01:06:24 +3m 1s | thequantuminsider_2020_04_27_terra_quantum_secures_eur10m_to_build_the_european_quantum_ecosystem] Extracting actors: https://thequantuminsider.com/2020/04/27/terra-quantum-secures-eur10m-to-build-the-european-quantum-ecosystem (1/1), chunk 30/39
[01:06:29 +3m 6s | thequantuminsider_2020_04_27_terra_quantum_secures_eur10m_to_build_the_european_quantum_ecosystem] Extracting actors: https://thequantuminsider.com/2020/04/27/terra-quantum-secures-eur10m-to-build-the-european-quantum-ecosystem (1/1), chunk 31/39
[01:06:31 +3m 8s | thequantuminsider_2020_04_27_terra_quantum_secures_eur10m_to_build_the_european_quantum_ecosystem] Extracting actors: https://thequantuminsider.com/2020/04/27/terra-quantum-secures-eur10m-to-build-the-european-quantum-ecosystem (1/1), chunk 32/39
[01:06:38 +3m 16s | thequantuminsider_2020_04_27_terra_quantum_secures_eur10m_to_build_the_european_quantum_ecosystem] Repaired malformed JSON.
[01:06:38 +3m 16s | thequantuminsider_2020_04_27_terra_quantum_secures_eur10m_to_build_the_european_quantum_ecosystem] Extracting actors: https://thequantuminsider.com/2020/04/27/terra-quantum-secures-eur10m-to-build-the-european-quantum-ecosystem (1/1), chunk 33/39
[01:06:49 +3m 24s | thequantuminsider_2020_04_27_terra_quantum_secures_eur10m_to_build_the_european_quantum_ecosystem] Repaired malformed JSON.
[01:06:49 +3m 24s | thequantuminsider_2020_04_27_terra_quantum_secures_eur10m_to_build_the_european_quantum_ecosystem] Extracting actors: https://thequantuminsider.com/2020/04/27/terra-quantum-secures-eur10m-to-build-the-european-quantum-ecosystem (1/1), chunk 34/39
[01:06:57 +3m 31s | thequantuminsider_2020_04_27_terra_quantum_secures_eur10m_to_build_the_european_quantum_ecosystem] Repaired malformed JSON.
[01:06:57 +3m 31s | thequantuminsider_2020_04_27_terra_quantum_secures_eur10m_to_build_the_european_quantum_ecosystem] Extracting actors: https://thequantuminsider.com/2020/04/27/terra-quantum-secures-eur10m-to-build-the-european-quantum-ecosystem (1/1), chunk 35/39
[01:07:03 +3m 38s | thequantuminsider_2020_04_27_terra_quantum_secures_eur10m_to_build_the_european_quantum_ecosystem] Repaired malformed JSON.
[01:07:03 +3m 38s | thequantuminsider_2020_04_27_terra_quantum_secures_eur10m_to_build_the_european_quantum_ecosystem] Extracting actors: https://thequantuminsider.com/2020/04/27/terra-quantum-secures-eur10m-to-build-the-european-quantum-ecosystem (1/1), chunk 36/39
[01:07:12 +3m 47s | thequantuminsider_2020_04_27_terra_quantum_secures_eur10m_to_build_the_european_quantum_ecosystem] Repaired malformed JSON.
[01:07:12 +3m 47s | thequantuminsider_2020_04_27_terra_quantum_secures_eur10m_to_build_the_european_quantum_ecosystem] Extracting actors: https://thequantuminsider.com/2020/04/27/terra-quantum-secures-eur10m-to-build-the-european-quantum-ecosystem (1/1), chunk 37/39
[01:07:22 +3m 54s | thequantuminsider_2020_04_27_terra_quantum_secures_eur10m_to_build_the_european_quantum_ecosystem] Repaired malformed JSON.
[01:07:22 +3m 54s | thequantuminsider_2020_04_27_terra_quantum_secures_eur10m_to_build_the_european_quantum_ecosystem] Extracting actors: https://thequantuminsider.com/2020/04/27/terra-quantum-secures-eur10m-to-build-the-european-quantum-ecosystem (1/1), chunk 38/39
[01:07:31 +4m 3s | thequantuminsider_2020_04_27_terra_quantum_secures_eur10m_to_build_the_european_quantum_ecosystem] Repaired malformed JSON.
[01:07:31 +4m 3s | thequantuminsider_2020_04_27_terra_quantum_secures_eur10m_to_build_the_european_quantum_ecosystem] Extracting actors: https://thequantuminsider.com/2020/04/27/terra-quantum-secures-eur10m-to-build-the-european-quantum-ecosystem (1/1), chunk 39/39
[01:07:39 +4m 10s | thequantuminsider_2020_04_27_terra_quantum_secures_eur10m_to_build_the_european_quantum_ecosystem] Repaired malformed JSON.
[01:07:39 +4m 10s | thequantuminsider_2020_04_27_terra_quantum_secures_eur10m_to_build_the_european_quantum_ecosystem] Saved 1_actor_results.json with 60 extracted records

[01:07:39 +4m 10s | thequantuminsider_2020_04_27_terra_quantum_secures_eur10m_to_build_the_european_quantum_ecosystem] === 2 clean actors ===
[01:07:39 +4m 10s | thequantuminsider_2020_04_27_terra_quantum_secures_eur10m_to_build_the_european_quantum_ecosystem] Loaded 60 extracted records
[01:07:39 +4m 10s | thequantuminsider_2020_04_27_terra_quantum_secures_eur10m_to_build_the_european_quantum_ecosystem] Saved 2_actor_nodes.json with 22 canonical actor nodes

[01:07:39 +4m 10s | thequantuminsider_2020_04_27_terra_quantum_secures_eur10m_to_build_the_european_quantum_ecosystem] === 3 interaction extraction ===
[01:07:39 +4m 10s | thequantuminsider_2020_04_27_terra_quantum_secures_eur10m_to_build_the_european_quantum_ecosystem] Extracting interactions: https://thequantuminsider.com/2020/04/27/terra-quantum-secures-eur10m-to-build-the-european-quantum-ecosystem (1/1), chunk 11/39
[01:07:42 +4m 14s | thequantuminsider_2020_04_27_terra_quantum_secures_eur10m_to_build_the_european_quantum_ecosystem] Extracting interactions: https://thequantuminsider.com/2020/04/27/terra-quantum-secures-eur10m-to-build-the-european-quantum-ecosystem (1/1), chunk 12/39
[01:07:46 +4m 17s | thequantuminsider_2020_04_27_terra_quantum_secures_eur10m_to_build_the_european_quantum_ecosystem] Extracting interactions: https://thequantuminsider.com/2020/04/27/terra-quantum-secures-eur10m-to-build-the-european-quantum-ecosystem (1/1), chunk 13/39
[01:07:55 +4m 24s | thequantuminsider_2020_04_27_terra_quantum_secures_eur10m_to_build_the_european_quantum_ecosystem] Extracting interactions: https://thequantuminsider.com/2020/04/27/terra-quantum-secures-eur10m-to-build-the-european-quantum-ecosystem (1/1), chunk 14/39
[01:08:08 +4m 36s | thequantuminsider_2020_04_27_terra_quantum_secures_eur10m_to_build_the_european_quantum_ecosystem] Extracting interactions: https://thequantuminsider.com/2020/04/27/terra-quantum-secures-eur10m-to-build-the-european-quantum-ecosystem (1/1), chunk 15/39
[01:08:24 +4m 52s | thequantuminsider_2020_04_27_terra_quantum_secures_eur10m_to_build_the_european_quantum_ecosystem] Extracting interactions: https://thequantuminsider.com/2020/04/27/terra-quantum-secures-eur10m-to-build-the-european-quantum-ecosystem (1/1), chunk 16/39
[01:08:44 +5m 9s | thequantuminsider_2020_04_27_terra_quantum_secures_eur10m_to_build_the_european_quantum_ecosystem] Extracting interactions: https://thequantuminsider.com/2020/04/27/terra-quantum-secures-eur10m-to-build-the-european-quantum-ecosystem (1/1), chunk 17/39
[01:08:49 +5m 15s | thequantuminsider_2020_04_27_terra_quantum_secures_eur10m_to_build_the_european_quantum_ecosystem] Extracting interactions: https://thequantuminsider.com/2020/04/27/terra-quantum-secures-eur10m-to-build-the-european-quantum-ecosystem (1/1), chunk 18/39
[01:09:02 +5m 28s | thequantuminsider_2020_04_27_terra_quantum_secures_eur10m_to_build_the_european_quantum_ecosystem] Extracting interactions: https://thequantuminsider.com/2020/04/27/terra-quantum-secures-eur10m-to-build-the-european-quantum-ecosystem (1/1), chunk 19/39
[01:09:07 +5m 30s | thequantuminsider_2020_04_27_terra_quantum_secures_eur10m_to_build_the_european_quantum_ecosystem] Extracting interactions: https://thequantuminsider.com/2020/04/27/terra-quantum-secures-eur10m-to-build-the-european-quantum-ecosystem (1/1), chunk 20/39
[01:09:13 +5m 36s | thequantuminsider_2020_04_27_terra_quantum_secures_eur10m_to_build_the_european_quantum_ecosystem] Extracting interactions: https://thequantuminsider.com/2020/04/27/terra-quantum-secures-eur10m-to-build-the-european-quantum-ecosystem (1/1), chunk 21/39
[01:09:17 +5m 40s | thequantuminsider_2020_04_27_terra_quantum_secures_eur10m_to_build_the_european_quantum_ecosystem] Extracting interactions: https://thequantuminsider.com/2020/04/27/terra-quantum-secures-eur10m-to-build-the-european-quantum-ecosystem (1/1), chunk 22/39
[01:09:33 +5m 56s | thequantuminsider_2020_04_27_terra_quantum_secures_eur10m_to_build_the_european_quantum_ecosystem] Extracting interactions: https://thequantuminsider.com/2020/04/27/terra-quantum-secures-eur10m-to-build-the-european-quantum-ecosystem (1/1), chunk 23/39
[01:09:44 +6m 4s | thequantuminsider_2020_04_27_terra_quantum_secures_eur10m_to_build_the_european_quantum_ecosystem] Extracting interactions: https://thequantuminsider.com/2020/04/27/terra-quantum-secures-eur10m-to-build-the-european-quantum-ecosystem (1/1), chunk 24/39
[01:09:52 +6m 11s | thequantuminsider_2020_04_27_terra_quantum_secures_eur10m_to_build_the_european_quantum_ecosystem] Extracting interactions: https://thequantuminsider.com/2020/04/27/terra-quantum-secures-eur10m-to-build-the-european-quantum-ecosystem (1/1), chunk 25/39
[01:09:56 +6m 16s | thequantuminsider_2020_04_27_terra_quantum_secures_eur10m_to_build_the_european_quantum_ecosystem] Extracting interactions: https://thequantuminsider.com/2020/04/27/terra-quantum-secures-eur10m-to-build-the-european-quantum-ecosystem (1/1), chunk 28/39
[01:10:01 +6m 21s | thequantuminsider_2020_04_27_terra_quantum_secures_eur10m_to_build_the_european_quantum_ecosystem] Extracting interactions: https://thequantuminsider.com/2020/04/27/terra-quantum-secures-eur10m-to-build-the-european-quantum-ecosystem (1/1), chunk 31/39
[01:10:03 +6m 22s | thequantuminsider_2020_04_27_terra_quantum_secures_eur10m_to_build_the_european_quantum_ecosystem] Extracting interactions: https://thequantuminsider.com/2020/04/27/terra-quantum-secures-eur10m-to-build-the-european-quantum-ecosystem (1/1), chunk 32/39
[01:10:06 +6m 26s | thequantuminsider_2020_04_27_terra_quantum_secures_eur10m_to_build_the_european_quantum_ecosystem] Extracting interactions: https://thequantuminsider.com/2020/04/27/terra-quantum-secures-eur10m-to-build-the-european-quantum-ecosystem (1/1), chunk 33/39
[01:10:22 +6m 39s | thequantuminsider_2020_04_27_terra_quantum_secures_eur10m_to_build_the_european_quantum_ecosystem] Extracting interactions: https://thequantuminsider.com/2020/04/27/terra-quantum-secures-eur10m-to-build-the-european-quantum-ecosystem (1/1), chunk 34/39
[01:10:24 +6m 41s | thequantuminsider_2020_04_27_terra_quantum_secures_eur10m_to_build_the_european_quantum_ecosystem] Extracting interactions: https://thequantuminsider.com/2020/04/27/terra-quantum-secures-eur10m-to-build-the-european-quantum-ecosystem (1/1), chunk 35/39
[01:10:26 +6m 42s | thequantuminsider_2020_04_27_terra_quantum_secures_eur10m_to_build_the_european_quantum_ecosystem] Extracting interactions: https://thequantuminsider.com/2020/04/27/terra-quantum-secures-eur10m-to-build-the-european-quantum-ecosystem (1/1), chunk 36/39
[01:10:27 +6m 44s | thequantuminsider_2020_04_27_terra_quantum_secures_eur10m_to_build_the_european_quantum_ecosystem] Extracting interactions: https://thequantuminsider.com/2020/04/27/terra-quantum-secures-eur10m-to-build-the-european-quantum-ecosystem (1/1), chunk 37/39
[01:10:35 +6m 52s | thequantuminsider_2020_04_27_terra_quantum_secures_eur10m_to_build_the_european_quantum_ecosystem] Extracting interactions: https://thequantuminsider.com/2020/04/27/terra-quantum-secures-eur10m-to-build-the-european-quantum-ecosystem (1/1), chunk 38/39
[01:10:38 +6m 54s | thequantuminsider_2020_04_27_terra_quantum_secures_eur10m_to_build_the_european_quantum_ecosystem] Extracting interactions: https://thequantuminsider.com/2020/04/27/terra-quantum-secures-eur10m-to-build-the-european-quantum-ecosystem (1/1), chunk 39/39
[01:10:39 +6m 56s | thequantuminsider_2020_04_27_terra_quantum_secures_eur10m_to_build_the_european_quantum_ecosystem] Saved 3_interaction_results.json with 36 extracted interactions.

[01:10:39 +6m 56s | thequantuminsider_2020_04_27_terra_quantum_secures_eur10m_to_build_the_european_quantum_ecosystem] === 4 clean interactions ===
[01:10:39 +6m 56s | thequantuminsider_2020_04_27_terra_quantum_secures_eur10m_to_build_the_european_quantum_ecosystem] Saved 4_edges.json with 2 cleaned interactions.

[01:10:39 +6m 56s | thequantuminsider_2020_04_27_terra_quantum_secures_eur10m_to_build_the_european_quantum_ecosystem] === 5 helix enrichment ===
[01:10:39 +6m 56s | thequantuminsider_2020_04_27_terra_quantum_secures_eur10m_to_build_the_european_quantum_ecosystem] Wrote 5_nodes.json (22 actors)
[01:10:39 +6m 56s | thequantuminsider_2020_04_27_terra_quantum_secures_eur10m_to_build_the_european_quantum_ecosystem] Wrote 5_edges.json (2 interactions)
[01:10:39 +6m 56s | thequantuminsider_2020_04_27_terra_quantum_secures_eur10m_to_build_the_european_quantum_ecosystem] Actor helix counts: {'Civil Society': 3, 'Government': 2, 'Industry': 6, 'Intermediary': 2, 'Unknown': 9}
[01:10:39 +6m 56s | thequantuminsider_2020_04_27_terra_quantum_secures_eur10m_to_build_the_european_quantum_ecosystem] Functional-space counts: {'Innovation': 2}

[01:10:39 +6m 56s | thequantuminsider_2020_04_27_terra_quantum_secures_eur10m_to_build_the_european_quantum_ecosystem] === 6 network visualisation ===
[01:10:39 +6m 56s | thequantuminsider_2020_04_27_terra_quantum_secures_eur10m_to_build_the_european_quantum_ecosystem] Wrote quantum_network.html
[01:10:39 +6m 56s | thequantuminsider_2020_04_27_terra_quantum_secures_eur10m_to_build_the_european_quantum_ecosystem] Nodes: 22
[01:10:39 +6m 56s | thequantuminsider_2020_04_27_terra_quantum_secures_eur10m_to_build_the_european_quantum_ecosystem] Edges: 1

[01:10:40 +6m 56s | thequantuminsider_2020_04_27_terra_quantum_secures_eur10m_to_build_the_european_quantum_ecosystem] Done. Outputs written to: /home/lv/IDP/idpdeeptech/pipeline/news_outputs/thequantuminsider_2020_04_27_terra_quantum_secures_eur10m_to_build_the_european_quantum_ecosystem
[01:10:40 +6m 56s | thequantuminsider_2020_04_27_terra_quantum_secures_eur10m_to_build_the_european_quantum_ecosystem] Log: /home/lv/IDP/idpdeeptech/pipeline/news_outputs/thequantuminsider_2020_04_27_terra_quantum_secures_eur10m_to_build_the_european_quantum_ecosystem/run.log

========================================================================
RUN FINISHED 2026-07-02 01:10:40  (OK)
Started:     2026-07-02 01:03:05
Elapsed:     6m 56s
========================================================================
