
========================================================================
RUN STARTED  2026-07-02 01:08:25
site_pipeline.py https://thequantuminsider.com/2020/04/07/psiquantum-quantum-computer-startup-raises-230-million-possibly-largest-qc-investment-to-date-2/
========================================================================

[01:08:25 +0s | thequantuminsider_2020_04_07_psiquantum_quantum_computer_startup_raises_230_million_possi_8968c29d] === 0 crawl site ===
[01:08:27 +1s | thequantuminsider_2020_04_07_psiquantum_quantum_computer_startup_raises_230_million_possi_8968c29d] [INIT].... → Crawl4AI 0.8.6 
[01:08:31 +3s | thequantuminsider_2020_04_07_psiquantum_quantum_computer_startup_raises_230_million_possi_8968c29d] [FETCH]... ↓ https://thequantuminsider.com/2020/04/07/psiquan...illion-possibly-largest-qc-investment-to-date-2/  | ✓ | ⏱: 1.55s 
[01:08:31 +3s | thequantuminsider_2020_04_07_psiquantum_quantum_computer_startup_raises_230_million_possi_8968c29d] [SCRAPE].. ◆ https://thequantuminsider.com/2020/04/07/psiquan...illion-possibly-largest-qc-investment-to-date-2/  | ✓ | ⏱: 0.12s 
[01:08:31 +3s | thequantuminsider_2020_04_07_psiquantum_quantum_computer_startup_raises_230_million_possi_8968c29d] [COMPLETE] ● https://thequantuminsider.com/2020/04/07/psiquan...illion-possibly-largest-qc-investment-to-date-2/  | ✓ | ⏱: 1.69s 
[01:08:31 +3s | thequantuminsider_2020_04_07_psiquantum_quantum_computer_startup_raises_230_million_possi_8968c29d] Saved: crawl_output/897499ca9f_thequantuminsider.com_2020_04_07_psiquantum-quantum-computer-startup-raises-230-million-possibly-largest-qc-investment-to-date-2.json

[01:08:32 +3s | thequantuminsider_2020_04_07_psiquantum_quantum_computer_startup_raises_230_million_possi_8968c29d] === 1 actor extraction ===
[01:08:32 +3s | thequantuminsider_2020_04_07_psiquantum_quantum_computer_startup_raises_230_million_possi_8968c29d] Reading page (1/1): https://thequantuminsider.com/2020/04/07/psiquantum-quantum-computer-startup-raises-230-million-possibly-largest-qc-investment-to-date-2
[01:08:32 +3s | thequantuminsider_2020_04_07_psiquantum_quantum_computer_startup_raises_230_million_possi_8968c29d] Extracting actors: https://thequantuminsider.com/2020/04/07/psiquantum-quantum-computer-startup-raises-230-million-possibly-largest-qc-investment-to-date-2 (1/1), chunk 1/42
[01:08:36 +7s | thequantuminsider_2020_04_07_psiquantum_quantum_computer_startup_raises_230_million_possi_8968c29d] Extracting actors: https://thequantuminsider.com/2020/04/07/psiquantum-quantum-computer-startup-raises-230-million-possibly-largest-qc-investment-to-date-2 (1/1), chunk 2/42
[01:08:40 +12s | thequantuminsider_2020_04_07_psiquantum_quantum_computer_startup_raises_230_million_possi_8968c29d] Extracting actors: https://thequantuminsider.com/2020/04/07/psiquantum-quantum-computer-startup-raises-230-million-possibly-largest-qc-investment-to-date-2 (1/1), chunk 3/42
[01:08:46 +17s | thequantuminsider_2020_04_07_psiquantum_quantum_computer_startup_raises_230_million_possi_8968c29d] Extracting actors: https://thequantuminsider.com/2020/04/07/psiquantum-quantum-computer-startup-raises-230-million-possibly-largest-qc-investment-to-date-2 (1/1), chunk 4/42
[01:08:50 +22s | thequantuminsider_2020_04_07_psiquantum_quantum_computer_startup_raises_230_million_possi_8968c29d] Extracting actors: https://thequantuminsider.com/2020/04/07/psiquantum-quantum-computer-startup-raises-230-million-possibly-largest-qc-investment-to-date-2 (1/1), chunk 5/42
[01:08:54 +26s | thequantuminsider_2020_04_07_psiquantum_quantum_computer_startup_raises_230_million_possi_8968c29d] Extracting actors: https://thequantuminsider.com/2020/04/07/psiquantum-quantum-computer-startup-raises-230-million-possibly-largest-qc-investment-to-date-2 (1/1), chunk 6/42
[01:09:02 +34s | thequantuminsider_2020_04_07_psiquantum_quantum_computer_startup_raises_230_million_possi_8968c29d] Extracting actors: https://thequantuminsider.com/2020/04/07/psiquantum-quantum-computer-startup-raises-230-million-possibly-largest-qc-investment-to-date-2 (1/1), chunk 7/42
[01:09:10 +39s | thequantuminsider_2020_04_07_psiquantum_quantum_computer_startup_raises_230_million_possi_8968c29d] Extracting actors: https://thequantuminsider.com/2020/04/07/psiquantum-quantum-computer-startup-raises-230-million-possibly-largest-qc-investment-to-date-2 (1/1), chunk 8/42
[01:09:14 +43s | thequantuminsider_2020_04_07_psiquantum_quantum_computer_startup_raises_230_million_possi_8968c29d] Extracting actors: https://thequantuminsider.com/2020/04/07/psiquantum-quantum-computer-startup-raises-230-million-possibly-largest-qc-investment-to-date-2 (1/1), chunk 9/42
[01:09:19 +48s | thequantuminsider_2020_04_07_psiquantum_quantum_computer_startup_raises_230_million_possi_8968c29d] Extracting actors: https://thequantuminsider.com/2020/04/07/psiquantum-quantum-computer-startup-raises-230-million-possibly-largest-qc-investment-to-date-2 (1/1), chunk 10/42
[01:09:23 +52s | thequantuminsider_2020_04_07_psiquantum_quantum_computer_startup_raises_230_million_possi_8968c29d] Extracting actors: https://thequantuminsider.com/2020/04/07/psiquantum-quantum-computer-startup-raises-230-million-possibly-largest-qc-investment-to-date-2 (1/1), chunk 11/42
[01:09:30 +59s | thequantuminsider_2020_04_07_psiquantum_quantum_computer_startup_raises_230_million_possi_8968c29d] Repaired malformed JSON.
[01:09:30 +59s | thequantuminsider_2020_04_07_psiquantum_quantum_computer_startup_raises_230_million_possi_8968c29d] Extracting actors: https://thequantuminsider.com/2020/04/07/psiquantum-quantum-computer-startup-raises-230-million-possibly-largest-qc-investment-to-date-2 (1/1), chunk 12/42
[01:09:35 +1m 4s | thequantuminsider_2020_04_07_psiquantum_quantum_computer_startup_raises_230_million_possi_8968c29d] Repaired malformed JSON.
[01:09:35 +1m 4s | thequantuminsider_2020_04_07_psiquantum_quantum_computer_startup_raises_230_million_possi_8968c29d] Extracting actors: https://thequantuminsider.com/2020/04/07/psiquantum-quantum-computer-startup-raises-230-million-possibly-largest-qc-investment-to-date-2 (1/1), chunk 13/42
[01:09:43 +1m 9s | thequantuminsider_2020_04_07_psiquantum_quantum_computer_startup_raises_230_million_possi_8968c29d] Repaired malformed JSON.
[01:09:43 +1m 9s | thequantuminsider_2020_04_07_psiquantum_quantum_computer_startup_raises_230_million_possi_8968c29d] Extracting actors: https://thequantuminsider.com/2020/04/07/psiquantum-quantum-computer-startup-raises-230-million-possibly-largest-qc-investment-to-date-2 (1/1), chunk 14/42
[01:09:49 +1m 15s | thequantuminsider_2020_04_07_psiquantum_quantum_computer_startup_raises_230_million_possi_8968c29d] Repaired malformed JSON.
[01:09:49 +1m 15s | thequantuminsider_2020_04_07_psiquantum_quantum_computer_startup_raises_230_million_possi_8968c29d] Extracting actors: https://thequantuminsider.com/2020/04/07/psiquantum-quantum-computer-startup-raises-230-million-possibly-largest-qc-investment-to-date-2 (1/1), chunk 15/42
[01:09:55 +1m 21s | thequantuminsider_2020_04_07_psiquantum_quantum_computer_startup_raises_230_million_possi_8968c29d] Repaired malformed JSON.
[01:09:55 +1m 21s | thequantuminsider_2020_04_07_psiquantum_quantum_computer_startup_raises_230_million_possi_8968c29d] Extracting actors: https://thequantuminsider.com/2020/04/07/psiquantum-quantum-computer-startup-raises-230-million-possibly-largest-qc-investment-to-date-2 (1/1), chunk 16/42
[01:10:00 +1m 26s | thequantuminsider_2020_04_07_psiquantum_quantum_computer_startup_raises_230_million_possi_8968c29d] Repaired malformed JSON.
[01:10:00 +1m 26s | thequantuminsider_2020_04_07_psiquantum_quantum_computer_startup_raises_230_million_possi_8968c29d] Extracting actors: https://thequantuminsider.com/2020/04/07/psiquantum-quantum-computer-startup-raises-230-million-possibly-largest-qc-investment-to-date-2 (1/1), chunk 17/42
[01:10:06 +1m 32s | thequantuminsider_2020_04_07_psiquantum_quantum_computer_startup_raises_230_million_possi_8968c29d] Repaired malformed JSON.
[01:10:06 +1m 32s | thequantuminsider_2020_04_07_psiquantum_quantum_computer_startup_raises_230_million_possi_8968c29d] Extracting actors: https://thequantuminsider.com/2020/04/07/psiquantum-quantum-computer-startup-raises-230-million-possibly-largest-qc-investment-to-date-2 (1/1), chunk 18/42
[01:10:12 +1m 38s | thequantuminsider_2020_04_07_psiquantum_quantum_computer_startup_raises_230_million_possi_8968c29d] Repaired malformed JSON.
[01:10:12 +1m 38s | thequantuminsider_2020_04_07_psiquantum_quantum_computer_startup_raises_230_million_possi_8968c29d] Extracting actors: https://thequantuminsider.com/2020/04/07/psiquantum-quantum-computer-startup-raises-230-million-possibly-largest-qc-investment-to-date-2 (1/1), chunk 19/42
[01:10:21 +1m 44s | thequantuminsider_2020_04_07_psiquantum_quantum_computer_startup_raises_230_million_possi_8968c29d] Repaired malformed JSON.
[01:10:21 +1m 44s | thequantuminsider_2020_04_07_psiquantum_quantum_computer_startup_raises_230_million_possi_8968c29d] Extracting actors: https://thequantuminsider.com/2020/04/07/psiquantum-quantum-computer-startup-raises-230-million-possibly-largest-qc-investment-to-date-2 (1/1), chunk 20/42
[01:10:27 +1m 50s | thequantuminsider_2020_04_07_psiquantum_quantum_computer_startup_raises_230_million_possi_8968c29d] Repaired malformed JSON.
[01:10:27 +1m 50s | thequantuminsider_2020_04_07_psiquantum_quantum_computer_startup_raises_230_million_possi_8968c29d] Extracting actors: https://thequantuminsider.com/2020/04/07/psiquantum-quantum-computer-startup-raises-230-million-possibly-largest-qc-investment-to-date-2 (1/1), chunk 21/42
[01:10:35 +1m 58s | thequantuminsider_2020_04_07_psiquantum_quantum_computer_startup_raises_230_million_possi_8968c29d] Repaired malformed JSON.
[01:10:35 +1m 58s | thequantuminsider_2020_04_07_psiquantum_quantum_computer_startup_raises_230_million_possi_8968c29d] Extracting actors: https://thequantuminsider.com/2020/04/07/psiquantum-quantum-computer-startup-raises-230-million-possibly-largest-qc-investment-to-date-2 (1/1), chunk 22/42
[01:10:42 +2m 5s | thequantuminsider_2020_04_07_psiquantum_quantum_computer_startup_raises_230_million_possi_8968c29d] Repaired malformed JSON.
[01:10:42 +2m 5s | thequantuminsider_2020_04_07_psiquantum_quantum_computer_startup_raises_230_million_possi_8968c29d] Extracting actors: https://thequantuminsider.com/2020/04/07/psiquantum-quantum-computer-startup-raises-230-million-possibly-largest-qc-investment-to-date-2 (1/1), chunk 23/42
[01:10:53 +2m 13s | thequantuminsider_2020_04_07_psiquantum_quantum_computer_startup_raises_230_million_possi_8968c29d] Repaired malformed JSON.
[01:10:53 +2m 13s | thequantuminsider_2020_04_07_psiquantum_quantum_computer_startup_raises_230_million_possi_8968c29d] Extracting actors: https://thequantuminsider.com/2020/04/07/psiquantum-quantum-computer-startup-raises-230-million-possibly-largest-qc-investment-to-date-2 (1/1), chunk 24/42
[01:10:59 +2m 19s | thequantuminsider_2020_04_07_psiquantum_quantum_computer_startup_raises_230_million_possi_8968c29d] Repaired malformed JSON.
[01:10:59 +2m 19s | thequantuminsider_2020_04_07_psiquantum_quantum_computer_startup_raises_230_million_possi_8968c29d] Extracting actors: https://thequantuminsider.com/2020/04/07/psiquantum-quantum-computer-startup-raises-230-million-possibly-largest-qc-investment-to-date-2 (1/1), chunk 25/42
[01:11:05 +2m 25s | thequantuminsider_2020_04_07_psiquantum_quantum_computer_startup_raises_230_million_possi_8968c29d] Repaired malformed JSON.
[01:11:05 +2m 25s | thequantuminsider_2020_04_07_psiquantum_quantum_computer_startup_raises_230_million_possi_8968c29d] Extracting actors: https://thequantuminsider.com/2020/04/07/psiquantum-quantum-computer-startup-raises-230-million-possibly-largest-qc-investment-to-date-2 (1/1), chunk 26/42
[01:11:13 +2m 33s | thequantuminsider_2020_04_07_psiquantum_quantum_computer_startup_raises_230_million_possi_8968c29d] Repaired malformed JSON.
[01:11:13 +2m 33s | thequantuminsider_2020_04_07_psiquantum_quantum_computer_startup_raises_230_million_possi_8968c29d] Extracting actors: https://thequantuminsider.com/2020/04/07/psiquantum-quantum-computer-startup-raises-230-million-possibly-largest-qc-investment-to-date-2 (1/1), chunk 27/42
[01:11:21 +2m 41s | thequantuminsider_2020_04_07_psiquantum_quantum_computer_startup_raises_230_million_possi_8968c29d] Repaired malformed JSON.
[01:11:21 +2m 41s | thequantuminsider_2020_04_07_psiquantum_quantum_computer_startup_raises_230_million_possi_8968c29d] Extracting actors: https://thequantuminsider.com/2020/04/07/psiquantum-quantum-computer-startup-raises-230-million-possibly-largest-qc-investment-to-date-2 (1/1), chunk 28/42
[01:11:32 +2m 49s | thequantuminsider_2020_04_07_psiquantum_quantum_computer_startup_raises_230_million_possi_8968c29d] Repaired malformed JSON.
[01:11:32 +2m 49s | thequantuminsider_2020_04_07_psiquantum_quantum_computer_startup_raises_230_million_possi_8968c29d] Extracting actors: https://thequantuminsider.com/2020/04/07/psiquantum-quantum-computer-startup-raises-230-million-possibly-largest-qc-investment-to-date-2 (1/1), chunk 29/42
[01:11:37 +2m 54s | thequantuminsider_2020_04_07_psiquantum_quantum_computer_startup_raises_230_million_possi_8968c29d] Repaired malformed JSON.
[01:11:37 +2m 54s | thequantuminsider_2020_04_07_psiquantum_quantum_computer_startup_raises_230_million_possi_8968c29d] Extracting actors: https://thequantuminsider.com/2020/04/07/psiquantum-quantum-computer-startup-raises-230-million-possibly-largest-qc-investment-to-date-2 (1/1), chunk 30/42
[01:11:39 +2m 56s | thequantuminsider_2020_04_07_psiquantum_quantum_computer_startup_raises_230_million_possi_8968c29d] Extracting actors: https://thequantuminsider.com/2020/04/07/psiquantum-quantum-computer-startup-raises-230-million-possibly-largest-qc-investment-to-date-2 (1/1), chunk 31/42
[01:11:45 +3m 2s | thequantuminsider_2020_04_07_psiquantum_quantum_computer_startup_raises_230_million_possi_8968c29d] Extracting actors: https://thequantuminsider.com/2020/04/07/psiquantum-quantum-computer-startup-raises-230-million-possibly-largest-qc-investment-to-date-2 (1/1), chunk 32/42
[01:11:50 +3m 7s | thequantuminsider_2020_04_07_psiquantum_quantum_computer_startup_raises_230_million_possi_8968c29d] Repaired malformed JSON.
[01:11:50 +3m 7s | thequantuminsider_2020_04_07_psiquantum_quantum_computer_startup_raises_230_million_possi_8968c29d] Extracting actors: https://thequantuminsider.com/2020/04/07/psiquantum-quantum-computer-startup-raises-230-million-possibly-largest-qc-investment-to-date-2 (1/1), chunk 33/42
[01:11:56 +3m 13s | thequantuminsider_2020_04_07_psiquantum_quantum_computer_startup_raises_230_million_possi_8968c29d] Repaired malformed JSON.
[01:11:56 +3m 13s | thequantuminsider_2020_04_07_psiquantum_quantum_computer_startup_raises_230_million_possi_8968c29d] Extracting actors: https://thequantuminsider.com/2020/04/07/psiquantum-quantum-computer-startup-raises-230-million-possibly-largest-qc-investment-to-date-2 (1/1), chunk 34/42
[01:12:06 +3m 20s | thequantuminsider_2020_04_07_psiquantum_quantum_computer_startup_raises_230_million_possi_8968c29d] Repaired malformed JSON.
[01:12:06 +3m 20s | thequantuminsider_2020_04_07_psiquantum_quantum_computer_startup_raises_230_million_possi_8968c29d] Extracting actors: https://thequantuminsider.com/2020/04/07/psiquantum-quantum-computer-startup-raises-230-million-possibly-largest-qc-investment-to-date-2 (1/1), chunk 35/42
[01:12:11 +3m 25s | thequantuminsider_2020_04_07_psiquantum_quantum_computer_startup_raises_230_million_possi_8968c29d] Repaired malformed JSON.
[01:12:11 +3m 25s | thequantuminsider_2020_04_07_psiquantum_quantum_computer_startup_raises_230_million_possi_8968c29d] Extracting actors: https://thequantuminsider.com/2020/04/07/psiquantum-quantum-computer-startup-raises-230-million-possibly-largest-qc-investment-to-date-2 (1/1), chunk 36/42
[01:12:20 +3m 34s | thequantuminsider_2020_04_07_psiquantum_quantum_computer_startup_raises_230_million_possi_8968c29d] Repaired malformed JSON.
[01:12:20 +3m 34s | thequantuminsider_2020_04_07_psiquantum_quantum_computer_startup_raises_230_million_possi_8968c29d] Extracting actors: https://thequantuminsider.com/2020/04/07/psiquantum-quantum-computer-startup-raises-230-million-possibly-largest-qc-investment-to-date-2 (1/1), chunk 37/42
[01:12:25 +3m 39s | thequantuminsider_2020_04_07_psiquantum_quantum_computer_startup_raises_230_million_possi_8968c29d] Repaired malformed JSON.
[01:12:25 +3m 39s | thequantuminsider_2020_04_07_psiquantum_quantum_computer_startup_raises_230_million_possi_8968c29d] Extracting actors: https://thequantuminsider.com/2020/04/07/psiquantum-quantum-computer-startup-raises-230-million-possibly-largest-qc-investment-to-date-2 (1/1), chunk 38/42
[01:12:32 +3m 46s | thequantuminsider_2020_04_07_psiquantum_quantum_computer_startup_raises_230_million_possi_8968c29d] Repaired malformed JSON.
[01:12:32 +3m 46s | thequantuminsider_2020_04_07_psiquantum_quantum_computer_startup_raises_230_million_possi_8968c29d] Extracting actors: https://thequantuminsider.com/2020/04/07/psiquantum-quantum-computer-startup-raises-230-million-possibly-largest-qc-investment-to-date-2 (1/1), chunk 39/42
[01:12:42 +3m 53s | thequantuminsider_2020_04_07_psiquantum_quantum_computer_startup_raises_230_million_possi_8968c29d] Repaired malformed JSON.
[01:12:42 +3m 53s | thequantuminsider_2020_04_07_psiquantum_quantum_computer_startup_raises_230_million_possi_8968c29d] Extracting actors: https://thequantuminsider.com/2020/04/07/psiquantum-quantum-computer-startup-raises-230-million-possibly-largest-qc-investment-to-date-2 (1/1), chunk 40/42
[01:12:47 +3m 58s | thequantuminsider_2020_04_07_psiquantum_quantum_computer_startup_raises_230_million_possi_8968c29d] Extracting actors: https://thequantuminsider.com/2020/04/07/psiquantum-quantum-computer-startup-raises-230-million-possibly-largest-qc-investment-to-date-2 (1/1), chunk 41/42
[01:12:52 +4m 3s | thequantuminsider_2020_04_07_psiquantum_quantum_computer_startup_raises_230_million_possi_8968c29d] Repaired malformed JSON.
[01:12:52 +4m 3s | thequantuminsider_2020_04_07_psiquantum_quantum_computer_startup_raises_230_million_possi_8968c29d] Extracting actors: https://thequantuminsider.com/2020/04/07/psiquantum-quantum-computer-startup-raises-230-million-possibly-largest-qc-investment-to-date-2 (1/1), chunk 42/42
[01:12:54 +4m 6s | thequantuminsider_2020_04_07_psiquantum_quantum_computer_startup_raises_230_million_possi_8968c29d] Saved 1_actor_results.json with 64 extracted records

[01:12:54 +4m 6s | thequantuminsider_2020_04_07_psiquantum_quantum_computer_startup_raises_230_million_possi_8968c29d] === 2 clean actors ===
[01:12:55 +4m 6s | thequantuminsider_2020_04_07_psiquantum_quantum_computer_startup_raises_230_million_possi_8968c29d] Loaded 64 extracted records
[01:12:55 +4m 6s | thequantuminsider_2020_04_07_psiquantum_quantum_computer_startup_raises_230_million_possi_8968c29d] Saved 2_actor_nodes.json with 20 canonical actor nodes

[01:12:55 +4m 6s | thequantuminsider_2020_04_07_psiquantum_quantum_computer_startup_raises_230_million_possi_8968c29d] === 3 interaction extraction ===
[01:12:55 +4m 6s | thequantuminsider_2020_04_07_psiquantum_quantum_computer_startup_raises_230_million_possi_8968c29d] Extracting interactions: https://thequantuminsider.com/2020/04/07/psiquantum-quantum-computer-startup-raises-230-million-possibly-largest-qc-investment-to-date-2 (1/1), chunk 11/42
[01:12:59 +4m 10s | thequantuminsider_2020_04_07_psiquantum_quantum_computer_startup_raises_230_million_possi_8968c29d] Extracting interactions: https://thequantuminsider.com/2020/04/07/psiquantum-quantum-computer-startup-raises-230-million-possibly-largest-qc-investment-to-date-2 (1/1), chunk 12/42
[01:13:04 +4m 15s | thequantuminsider_2020_04_07_psiquantum_quantum_computer_startup_raises_230_million_possi_8968c29d] Extracting interactions: https://thequantuminsider.com/2020/04/07/psiquantum-quantum-computer-startup-raises-230-million-possibly-largest-qc-investment-to-date-2 (1/1), chunk 13/42
[01:13:12 +4m 21s | thequantuminsider_2020_04_07_psiquantum_quantum_computer_startup_raises_230_million_possi_8968c29d] Extracting interactions: https://thequantuminsider.com/2020/04/07/psiquantum-quantum-computer-startup-raises-230-million-possibly-largest-qc-investment-to-date-2 (1/1), chunk 14/42
[01:13:16 +4m 24s | thequantuminsider_2020_04_07_psiquantum_quantum_computer_startup_raises_230_million_possi_8968c29d] Extracting interactions: https://thequantuminsider.com/2020/04/07/psiquantum-quantum-computer-startup-raises-230-million-possibly-largest-qc-investment-to-date-2 (1/1), chunk 15/42
[01:13:22 +4m 30s | thequantuminsider_2020_04_07_psiquantum_quantum_computer_startup_raises_230_million_possi_8968c29d] Extracting interactions: https://thequantuminsider.com/2020/04/07/psiquantum-quantum-computer-startup-raises-230-million-possibly-largest-qc-investment-to-date-2 (1/1), chunk 16/42
[01:13:31 +4m 39s | thequantuminsider_2020_04_07_psiquantum_quantum_computer_startup_raises_230_million_possi_8968c29d] Extracting interactions: https://thequantuminsider.com/2020/04/07/psiquantum-quantum-computer-startup-raises-230-million-possibly-largest-qc-investment-to-date-2 (1/1), chunk 18/42
[01:13:32 +4m 41s | thequantuminsider_2020_04_07_psiquantum_quantum_computer_startup_raises_230_million_possi_8968c29d] Extracting interactions: https://thequantuminsider.com/2020/04/07/psiquantum-quantum-computer-startup-raises-230-million-possibly-largest-qc-investment-to-date-2 (1/1), chunk 19/42
[01:13:37 +4m 45s | thequantuminsider_2020_04_07_psiquantum_quantum_computer_startup_raises_230_million_possi_8968c29d] Extracting interactions: https://thequantuminsider.com/2020/04/07/psiquantum-quantum-computer-startup-raises-230-million-possibly-largest-qc-investment-to-date-2 (1/1), chunk 20/42
[01:13:40 +4m 48s | thequantuminsider_2020_04_07_psiquantum_quantum_computer_startup_raises_230_million_possi_8968c29d] Extracting interactions: https://thequantuminsider.com/2020/04/07/psiquantum-quantum-computer-startup-raises-230-million-possibly-largest-qc-investment-to-date-2 (1/1), chunk 21/42
[01:13:50 +4m 56s | thequantuminsider_2020_04_07_psiquantum_quantum_computer_startup_raises_230_million_possi_8968c29d] Extracting interactions: https://thequantuminsider.com/2020/04/07/psiquantum-quantum-computer-startup-raises-230-million-possibly-largest-qc-investment-to-date-2 (1/1), chunk 22/42
[01:13:54 +4m 59s | thequantuminsider_2020_04_07_psiquantum_quantum_computer_startup_raises_230_million_possi_8968c29d] Extracting interactions: https://thequantuminsider.com/2020/04/07/psiquantum-quantum-computer-startup-raises-230-million-possibly-largest-qc-investment-to-date-2 (1/1), chunk 23/42
[01:14:08 +5m 13s | thequantuminsider_2020_04_07_psiquantum_quantum_computer_startup_raises_230_million_possi_8968c29d] Extracting interactions: https://thequantuminsider.com/2020/04/07/psiquantum-quantum-computer-startup-raises-230-million-possibly-largest-qc-investment-to-date-2 (1/1), chunk 24/42
[01:14:15 +5m 20s | thequantuminsider_2020_04_07_psiquantum_quantum_computer_startup_raises_230_million_possi_8968c29d] Extracting interactions: https://thequantuminsider.com/2020/04/07/psiquantum-quantum-computer-startup-raises-230-million-possibly-largest-qc-investment-to-date-2 (1/1), chunk 25/42
[01:14:36 +5m 39s | thequantuminsider_2020_04_07_psiquantum_quantum_computer_startup_raises_230_million_possi_8968c29d] Extracting interactions: https://thequantuminsider.com/2020/04/07/psiquantum-quantum-computer-startup-raises-230-million-possibly-largest-qc-investment-to-date-2 (1/1), chunk 26/42
[01:14:41 +5m 44s | thequantuminsider_2020_04_07_psiquantum_quantum_computer_startup_raises_230_million_possi_8968c29d] Extracting interactions: https://thequantuminsider.com/2020/04/07/psiquantum-quantum-computer-startup-raises-230-million-possibly-largest-qc-investment-to-date-2 (1/1), chunk 29/42
[01:14:43 +5m 45s | thequantuminsider_2020_04_07_psiquantum_quantum_computer_startup_raises_230_million_possi_8968c29d] Extracting interactions: https://thequantuminsider.com/2020/04/07/psiquantum-quantum-computer-startup-raises-230-million-possibly-largest-qc-investment-to-date-2 (1/1), chunk 30/42
[01:14:44 +5m 47s | thequantuminsider_2020_04_07_psiquantum_quantum_computer_startup_raises_230_million_possi_8968c29d] Extracting interactions: https://thequantuminsider.com/2020/04/07/psiquantum-quantum-computer-startup-raises-230-million-possibly-largest-qc-investment-to-date-2 (1/1), chunk 31/42
[01:14:48 +5m 51s | thequantuminsider_2020_04_07_psiquantum_quantum_computer_startup_raises_230_million_possi_8968c29d] Extracting interactions: https://thequantuminsider.com/2020/04/07/psiquantum-quantum-computer-startup-raises-230-million-possibly-largest-qc-investment-to-date-2 (1/1), chunk 33/42
[01:14:50 +5m 52s | thequantuminsider_2020_04_07_psiquantum_quantum_computer_startup_raises_230_million_possi_8968c29d] Extracting interactions: https://thequantuminsider.com/2020/04/07/psiquantum-quantum-computer-startup-raises-230-million-possibly-largest-qc-investment-to-date-2 (1/1), chunk 34/42
[01:14:51 +5m 54s | thequantuminsider_2020_04_07_psiquantum_quantum_computer_startup_raises_230_million_possi_8968c29d] Extracting interactions: https://thequantuminsider.com/2020/04/07/psiquantum-quantum-computer-startup-raises-230-million-possibly-largest-qc-investment-to-date-2 (1/1), chunk 35/42
[01:14:53 +5m 56s | thequantuminsider_2020_04_07_psiquantum_quantum_computer_startup_raises_230_million_possi_8968c29d] Extracting interactions: https://thequantuminsider.com/2020/04/07/psiquantum-quantum-computer-startup-raises-230-million-possibly-largest-qc-investment-to-date-2 (1/1), chunk 36/42
[01:15:25 +6m 25s | thequantuminsider_2020_04_07_psiquantum_quantum_computer_startup_raises_230_million_possi_8968c29d] Extracting interactions: https://thequantuminsider.com/2020/04/07/psiquantum-quantum-computer-startup-raises-230-million-possibly-largest-qc-investment-to-date-2 (1/1), chunk 38/42
[01:15:27 +6m 26s | thequantuminsider_2020_04_07_psiquantum_quantum_computer_startup_raises_230_million_possi_8968c29d] Extracting interactions: https://thequantuminsider.com/2020/04/07/psiquantum-quantum-computer-startup-raises-230-million-possibly-largest-qc-investment-to-date-2 (1/1), chunk 39/42
[01:16:02 +6m 59s | thequantuminsider_2020_04_07_psiquantum_quantum_computer_startup_raises_230_million_possi_8968c29d] Extracting interactions: https://thequantuminsider.com/2020/04/07/psiquantum-quantum-computer-startup-raises-230-million-possibly-largest-qc-investment-to-date-2 (1/1), chunk 40/42
[01:16:08 +7m 2s | thequantuminsider_2020_04_07_psiquantum_quantum_computer_startup_raises_230_million_possi_8968c29d] Extracting interactions: https://thequantuminsider.com/2020/04/07/psiquantum-quantum-computer-startup-raises-230-million-possibly-largest-qc-investment-to-date-2 (1/1), chunk 41/42
[01:16:10 +7m 4s | thequantuminsider_2020_04_07_psiquantum_quantum_computer_startup_raises_230_million_possi_8968c29d] Saved 3_interaction_results.json with 27 extracted interactions.

[01:16:10 +7m 4s | thequantuminsider_2020_04_07_psiquantum_quantum_computer_startup_raises_230_million_possi_8968c29d] === 4 clean interactions ===
[01:16:10 +7m 4s | thequantuminsider_2020_04_07_psiquantum_quantum_computer_startup_raises_230_million_possi_8968c29d] Saved 4_edges.json with 3 cleaned interactions.

[01:16:10 +7m 4s | thequantuminsider_2020_04_07_psiquantum_quantum_computer_startup_raises_230_million_possi_8968c29d] === 5 helix enrichment ===
[01:16:10 +7m 4s | thequantuminsider_2020_04_07_psiquantum_quantum_computer_startup_raises_230_million_possi_8968c29d] Wrote 5_nodes.json (20 actors)
[01:16:10 +7m 4s | thequantuminsider_2020_04_07_psiquantum_quantum_computer_startup_raises_230_million_possi_8968c29d] Wrote 5_edges.json (3 interactions)
[01:16:10 +7m 4s | thequantuminsider_2020_04_07_psiquantum_quantum_computer_startup_raises_230_million_possi_8968c29d] Actor helix counts: {'Civil Society': 2, 'Government': 2, 'Industry': 4, 'Intermediary': 3, 'Unknown': 9}
[01:16:10 +7m 4s | thequantuminsider_2020_04_07_psiquantum_quantum_computer_startup_raises_230_million_possi_8968c29d] Functional-space counts: {'Innovation': 1, 'Unknown': 2}

[01:16:10 +7m 4s | thequantuminsider_2020_04_07_psiquantum_quantum_computer_startup_raises_230_million_possi_8968c29d] === 6 network visualisation ===
[01:16:11 +7m 4s | thequantuminsider_2020_04_07_psiquantum_quantum_computer_startup_raises_230_million_possi_8968c29d] Wrote quantum_network.html
[01:16:11 +7m 4s | thequantuminsider_2020_04_07_psiquantum_quantum_computer_startup_raises_230_million_possi_8968c29d] Nodes: 20
[01:16:11 +7m 4s | thequantuminsider_2020_04_07_psiquantum_quantum_computer_startup_raises_230_million_possi_8968c29d] Edges: 2

[01:16:11 +7m 4s | thequantuminsider_2020_04_07_psiquantum_quantum_computer_startup_raises_230_million_possi_8968c29d] Done. Outputs written to: /home/lv/IDP/idpdeeptech/pipeline/news_outputs/thequantuminsider_2020_04_07_psiquantum_quantum_computer_startup_raises_230_million_possi_8968c29d
[01:16:11 +7m 4s | thequantuminsider_2020_04_07_psiquantum_quantum_computer_startup_raises_230_million_possi_8968c29d] Log: /home/lv/IDP/idpdeeptech/pipeline/news_outputs/thequantuminsider_2020_04_07_psiquantum_quantum_computer_startup_raises_230_million_possi_8968c29d/run.log

========================================================================
RUN FINISHED 2026-07-02 01:16:11  (OK)
Started:     2026-07-02 01:08:25
Elapsed:     7m 4s
========================================================================
