
========================================================================
RUN STARTED  2026-06-17 02:15:33
site_pipeline.py https://quantumsimulations.de/
========================================================================

[02:15:33 +0s | quantumsimulations] === 0 crawl site ===
[02:15:35 +2s | quantumsimulations] [INIT].... → Crawl4AI 0.8.6 
[02:15:39 +4s | quantumsimulations] [FETCH]... ↓ https://quantumsimulations.de/                                                                       | ✓ | ⏱: 1.60s 
[02:15:39 +4s | quantumsimulations] [SCRAPE].. ◆ https://quantumsimulations.de/                                                                       | ✓ | ⏱: 0.10s 
[02:15:39 +4s | quantumsimulations] [COMPLETE] ● https://quantumsimulations.de/                                                                       | ✓ | ⏱: 1.72s 
[02:15:40 +5s | quantumsimulations] [FETCH]... ↓ https://quantumsimulations.de/                                                                       | ✓ | ⏱: 1.14s 
[02:15:41 +5s | quantumsimulations] [SCRAPE].. ◆ https://quantumsimulations.de/                                                                       | ✓ | ⏱: 0.13s 
[02:15:41 +5s | quantumsimulations] [COMPLETE] ● https://quantumsimulations.de/                                                                       | ✓ | ⏱: 1.30s 
[02:15:42 +7s | quantumsimulations] [FETCH]... ↓ https://forms.cloud.quantumsimulations.de/webinar-can-i-use-benchtop-NMR-in-my-lab                   | ✓ | ⏱: 2.97s 
[02:15:42 +7s | quantumsimulations] [SCRAPE].. ◆ https://forms.cloud.quantumsimulations.de/webinar-can-i-use-benchtop-NMR-in-my-lab                   | ✓ | ⏱: 0.01s 
[02:15:42 +7s | quantumsimulations] [COMPLETE] ● https://forms.cloud.quantumsimulations.de/webinar-can-i-use-benchtop-NMR-in-my-lab                   | ✓ | ⏱: 3.00s 
[02:15:43 +8s | quantumsimulations] [FETCH]... ↓ https://quantumsimulations.de/scientific-papers                                                      | ✓ | ⏱: 3.75s 
[02:15:43 +8s | quantumsimulations] [SCRAPE].. ◆ https://quantumsimulations.de/scientific-papers                                                      | ✓ | ⏱: 0.09s 
[02:15:43 +8s | quantumsimulations] [COMPLETE] ● https://quantumsimulations.de/scientific-papers                                                      | ✓ | ⏱: 3.86s 
[02:15:44 +9s | quantumsimulations] [FETCH]... ↓ https://quantumsimulations.de/contact                                                                | ✓ | ⏱: 4.07s 
[02:15:44 +9s | quantumsimulations] [SCRAPE].. ◆ https://quantumsimulations.de/contact                                                                | ✓ | ⏱: 0.06s 
[02:15:44 +9s | quantumsimulations] [COMPLETE] ● https://quantumsimulations.de/contact                                                                | ✓ | ⏱: 4.15s 
[02:15:44 +9s | quantumsimulations] [FETCH]... ↓ https://quantumsimulations.de/career                                                                 | ✓ | ⏱: 4.43s 
[02:15:44 +9s | quantumsimulations] [SCRAPE].. ◆ https://quantumsimulations.de/career                                                                 | ✓ | ⏱: 0.08s 
[02:15:44 +9s | quantumsimulations] [COMPLETE] ● https://quantumsimulations.de/career                                                                 | ✓ | ⏱: 4.53s 
[02:15:44 +9s | quantumsimulations] [FETCH]... ↓ https://quantumsimulations.de/solutions                                                              | ✓ | ⏱: 4.79s 
[02:15:44 +9s | quantumsimulations] [SCRAPE].. ◆ https://quantumsimulations.de/solutions                                                              | ✓ | ⏱: 0.07s 
[02:15:45 +9s | quantumsimulations] [COMPLETE] ● https://quantumsimulations.de/solutions                                                              | ✓ | ⏱: 4.89s 
[02:15:45 +10s | quantumsimulations] [FETCH]... ↓ https://quantumsimulations.de/about                                                                  | ✓ | ⏱: 5.10s 
[02:15:45 +10s | quantumsimulations] [SCRAPE].. ◆ https://quantumsimulations.de/about                                                                  | ✓ | ⏱: 0.13s 
[02:15:45 +10s | quantumsimulations] [COMPLETE] ● https://quantumsimulations.de/about                                                                  | ✓ | ⏱: 5.27s 
[02:15:45 +10s | quantumsimulations] [FETCH]... ↓ https://quantumsimulations.de/hqs-nextnmr                                                            | ✓ | ⏱: 5.51s 
[02:15:45 +10s | quantumsimulations] [SCRAPE].. ◆ https://quantumsimulations.de/hqs-nextnmr                                                            | ✓ | ⏱: 0.07s 
[02:15:45 +10s | quantumsimulations] [COMPLETE] ● https://quantumsimulations.de/hqs-nextnmr                                                            | ✓ | ⏱: 5.61s 
[02:15:45 +10s | quantumsimulations] [FETCH]... ↓ https://quantumsimulations.de/team                                                                   | ✓ | ⏱: 5.68s 
[02:15:45 +10s | quantumsimulations] [SCRAPE].. ◆ https://quantumsimulations.de/team                                                                   | ✓ | ⏱: 0.15s 
[02:15:45 +10s | quantumsimulations] [COMPLETE] ● https://quantumsimulations.de/team                                                                   | ✓ | ⏱: 5.86s 
[02:15:46 +10s | quantumsimulations] [FETCH]... ↓ https://quantumsimulations.de/patents                                                                | ✓ | ⏱: 5.90s 
[02:15:46 +10s | quantumsimulations] [SCRAPE].. ◆ https://quantumsimulations.de/patents                                                                | ✓ | ⏱: 0.05s 
[02:15:46 +10s | quantumsimulations] [COMPLETE] ● https://quantumsimulations.de/patents                                                                | ✓ | ⏱: 5.98s 
[02:15:46 +10s | quantumsimulations] [FETCH]... ↓ https://quantumsimulations.de/stay-tuned                                                             | ✓ | ⏱: 5.97s 
[02:15:46 +11s | quantumsimulations] [SCRAPE].. ◆ https://quantumsimulations.de/stay-tuned                                                             | ✓ | ⏱: 0.12s 
[02:15:46 +11s | quantumsimulations] [COMPLETE] ● https://quantumsimulations.de/stay-tuned                                                             | ✓ | ⏱: 6.11s 
[02:15:46 +11s | quantumsimulations] [FETCH]... ↓ https://quantumsimulations.de/cart                                                                   | ✓ | ⏱: 6.14s 
[02:15:46 +11s | quantumsimulations] [SCRAPE].. ◆ https://quantumsimulations.de/cart                                                                   | ✓ | ⏱: 0.04s 
[02:15:46 +11s | quantumsimulations] [COMPLETE] ● https://quantumsimulations.de/cart                                                                   | ✓ | ⏱: 6.20s 
[02:15:46 +11s | quantumsimulations] [FETCH]... ↓ https://quantumsimulations.de/paper-use-cases                                                        | ✓ | ⏱: 6.20s 
[02:15:46 +11s | quantumsimulations] [SCRAPE].. ◆ https://quantumsimulations.de/paper-use-cases                                                        | ✓ | ⏱: 0.03s 
[02:15:46 +11s | quantumsimulations] [COMPLETE] ● https://quantumsimulations.de/paper-use-cases                                                        | ✓ | ⏱: 6.25s 
[02:15:46 +11s | quantumsimulations] [FETCH]... ↓ https://quantumsimulations.de/publications-1                                                         | ✓ | ⏱: 6.26s 
[02:15:46 +11s | quantumsimulations] [SCRAPE].. ◆ https://quantumsimulations.de/publications-1                                                         | ✓ | ⏱: 0.07s 
[02:15:46 +11s | quantumsimulations] [COMPLETE] ● https://quantumsimulations.de/publications-1                                                         | ✓ | ⏱: 6.34s 
[02:15:46 +11s | quantumsimulations] [FETCH]... ↓ https://quantumsimulations.de/about-us                                                               | ✓ | ⏱: 6.34s 
[02:15:46 +11s | quantumsimulations] [SCRAPE].. ◆ https://quantumsimulations.de/about-us                                                               | ✓ | ⏱: 0.06s 
[02:15:46 +11s | quantumsimulations] [COMPLETE] ● https://quantumsimulations.de/about-us                                                               | ✓ | ⏱: 6.42s 
[02:15:46 +11s | quantumsimulations] [FETCH]... ↓ https://quantumsimulations.de/services                                                               | ✓ | ⏱: 6.41s 
[02:15:46 +11s | quantumsimulations] [SCRAPE].. ◆ https://quantumsimulations.de/services                                                               | ✓ | ⏱: 0.05s 
[02:15:46 +11s | quantumsimulations] [COMPLETE] ● https://quantumsimulations.de/services                                                               | ✓ | ⏱: 6.48s 
[02:15:46 +11s | quantumsimulations] [FETCH]... ↓ https://quantumsimulations.de/media-resources                                                        | ✓ | ⏱: 6.51s 
[02:15:46 +11s | quantumsimulations] [SCRAPE].. ◆ https://quantumsimulations.de/media-resources                                                        | ✓ | ⏱: 0.03s 
[02:15:46 +11s | quantumsimulations] [COMPLETE] ● https://quantumsimulations.de/media-resources                                                        | ✓ | ⏱: 6.57s 
[02:15:46 +11s | quantumsimulations] [FETCH]... ↓ https://quantumsimulations.de/hqspectrum                                                             | ✓ | ⏱: 6.62s 
[02:15:47 +11s | quantumsimulations] [SCRAPE].. ◆ https://quantumsimulations.de/hqspectrum                                                             | ✓ | ⏱: 0.38s 
[02:15:47 +12s | quantumsimulations] [COMPLETE] ● https://quantumsimulations.de/hqspectrum                                                             | ✓ | ⏱: 7.02s 
[02:15:47 +12s | quantumsimulations] [FETCH]... ↓ https://cloud.quantumsimulations.de/                                                                 | ✓ | ⏱: 7.71s 
[02:15:47 +12s | quantumsimulations] [SCRAPE].. ◆ https://cloud.quantumsimulations.de/                                                                 | ✓ | ⏱: 0.02s 
[02:15:47 +12s | quantumsimulations] [COMPLETE] ● https://cloud.quantumsimulations.de/                                                                 | ✓ | ⏱: 7.78s 
[02:15:47 +12s | quantumsimulations] Saved: crawl_output/91a7d8dd82_quantumsimulations.de.json
[02:15:47 +12s | quantumsimulations] Duplicate skipped: https://quantumsimulations.de
[02:15:47 +12s | quantumsimulations] Saved: crawl_output/fc89dacb94_forms.cloud.quantumsimulations.de_webinar-can-i-use-benchtop-NMR-in-my-lab.json
[02:15:47 +12s | quantumsimulations] Saved: crawl_output/59ce5ebc23_quantumsimulations.de_scientific-papers.json
[02:15:47 +12s | quantumsimulations] Saved: crawl_output/6d326c3f86_quantumsimulations.de_contact.json
[02:15:47 +12s | quantumsimulations] Saved: crawl_output/c5b5f33609_quantumsimulations.de_career.json
[02:15:47 +12s | quantumsimulations] Saved: crawl_output/5dabc99122_quantumsimulations.de_solutions.json
[02:15:47 +12s | quantumsimulations] Saved: crawl_output/368f1451b2_quantumsimulations.de_about.json
[02:15:47 +12s | quantumsimulations] Saved: crawl_output/7841ae256b_quantumsimulations.de_hqs-nextnmr.json
[02:15:47 +12s | quantumsimulations] Saved: crawl_output/a0a0f2758e_quantumsimulations.de_team.json
[02:15:47 +12s | quantumsimulations] Saved: crawl_output/a069ad2f7b_quantumsimulations.de_patents.json
[02:15:47 +12s | quantumsimulations] Saved: crawl_output/e99fe5e074_quantumsimulations.de_stay-tuned.json
[02:15:47 +12s | quantumsimulations] Skipped: https://quantumsimulations.de/cart
[02:15:47 +12s | quantumsimulations] Saved: crawl_output/f55ee6c97b_quantumsimulations.de_paper-use-cases.json
[02:15:47 +12s | quantumsimulations] Saved: crawl_output/e2957ca954_quantumsimulations.de_publications-1.json
[02:15:47 +12s | quantumsimulations] Saved: crawl_output/23b41c640b_quantumsimulations.de_about-us.json
[02:15:47 +12s | quantumsimulations] Saved: crawl_output/d0ed973493_quantumsimulations.de_services.json
[02:15:47 +12s | quantumsimulations] Saved: crawl_output/987a84ff36_quantumsimulations.de_media-resources.json
[02:15:47 +12s | quantumsimulations] Saved: crawl_output/9f18fc30e6_quantumsimulations.de_hqspectrum.json
[02:15:47 +12s | quantumsimulations] Saved: crawl_output/d8168d0aad_cloud.quantumsimulations.de.json

[02:15:49 +13s | quantumsimulations] === 1 actor extraction ===
[02:15:49 +14s | quantumsimulations] Reading page (1/18): https://quantumsimulations.de/about-us
[02:15:49 +14s | quantumsimulations] Extracting: https://quantumsimulations.de/about-us (1/18), chunk 1/8
[02:15:55 +20s | quantumsimulations] Extracting: https://quantumsimulations.de/about-us (1/18), chunk 2/8
[02:15:59 +23s | quantumsimulations] Extracting: https://quantumsimulations.de/about-us (1/18), chunk 3/8
[02:16:03 +28s | quantumsimulations] Extracting: https://quantumsimulations.de/about-us (1/18), chunk 4/8
[02:16:09 +34s | quantumsimulations] Extracting: https://quantumsimulations.de/about-us (1/18), chunk 5/8
[02:16:16 +39s | quantumsimulations] Extracting: https://quantumsimulations.de/about-us (1/18), chunk 6/8
[02:16:26 +48s | quantumsimulations] Repaired malformed JSON.
[02:16:26 +48s | quantumsimulations] Extracting: https://quantumsimulations.de/about-us (1/18), chunk 7/8
[02:16:33 +56s | quantumsimulations] Repaired malformed JSON.
[02:16:33 +56s | quantumsimulations] Extracting: https://quantumsimulations.de/about-us (1/18), chunk 8/8
[02:16:41 +1m 3s | quantumsimulations] Repaired malformed JSON.
[02:16:41 +1m 3s | quantumsimulations] Reading page (2/18): https://quantumsimulations.de/about
[02:16:41 +1m 3s | quantumsimulations] Extracting: https://quantumsimulations.de/about (2/18), chunk 1/8
[02:16:49 +1m 9s | quantumsimulations] Extracting: https://quantumsimulations.de/about (2/18), chunk 2/8
[02:16:56 +1m 16s | quantumsimulations] Extracting: https://quantumsimulations.de/about (2/18), chunk 3/8
[02:17:01 +1m 21s | quantumsimulations] Extracting: https://quantumsimulations.de/about (2/18), chunk 4/8
[02:17:05 +1m 25s | quantumsimulations] Extracting: https://quantumsimulations.de/about (2/18), chunk 5/8
[02:17:11 +1m 31s | quantumsimulations] Extracting: https://quantumsimulations.de/about (2/18), chunk 6/8
[02:17:19 +1m 39s | quantumsimulations] Repaired malformed JSON.
[02:17:19 +1m 39s | quantumsimulations] Extracting: https://quantumsimulations.de/about (2/18), chunk 7/8
[02:17:26 +1m 45s | quantumsimulations] Repaired malformed JSON.
[02:17:26 +1m 45s | quantumsimulations] Extracting: https://quantumsimulations.de/about (2/18), chunk 8/8
[02:17:33 +1m 52s | quantumsimulations] Repaired malformed JSON.
[02:17:33 +1m 52s | quantumsimulations] Reading page (3/18): https://quantumsimulations.de/scientific-papers
[02:17:33 +1m 52s | quantumsimulations] Extracting: https://quantumsimulations.de/scientific-papers (3/18), chunk 1/35
[02:17:39 +1m 57s | quantumsimulations] Extracting: https://quantumsimulations.de/scientific-papers (3/18), chunk 2/35
[02:17:46 +2m 5s | quantumsimulations] Extracting: https://quantumsimulations.de/scientific-papers (3/18), chunk 3/35
[02:17:53 +2m 12s | quantumsimulations] Repaired malformed JSON.
[02:17:53 +2m 12s | quantumsimulations] Extracting: https://quantumsimulations.de/scientific-papers (3/18), chunk 4/35
[02:18:01 +2m 17s | quantumsimulations] Repaired malformed JSON.
[02:18:01 +2m 17s | quantumsimulations] Extracting: https://quantumsimulations.de/scientific-papers (3/18), chunk 5/35
[02:18:06 +2m 23s | quantumsimulations] Repaired malformed JSON.
[02:18:06 +2m 23s | quantumsimulations] Extracting: https://quantumsimulations.de/scientific-papers (3/18), chunk 6/35
[02:18:12 +2m 29s | quantumsimulations] Repaired malformed JSON.
[02:18:12 +2m 29s | quantumsimulations] Extracting: https://quantumsimulations.de/scientific-papers (3/18), chunk 7/35
[02:18:19 +2m 35s | quantumsimulations] Repaired malformed JSON.
[02:18:19 +2m 35s | quantumsimulations] Extracting: https://quantumsimulations.de/scientific-papers (3/18), chunk 8/35
[02:18:26 +2m 42s | quantumsimulations] Repaired malformed JSON.
[02:18:26 +2m 42s | quantumsimulations] Extracting: https://quantumsimulations.de/scientific-papers (3/18), chunk 9/35
[02:18:37 +2m 51s | quantumsimulations] Repaired malformed JSON.
[02:18:37 +2m 51s | quantumsimulations] Extracting: https://quantumsimulations.de/scientific-papers (3/18), chunk 10/35
[02:18:43 +2m 57s | quantumsimulations] Repaired malformed JSON.
[02:18:43 +2m 57s | quantumsimulations] Extracting: https://quantumsimulations.de/scientific-papers (3/18), chunk 11/35
[02:18:49 +3m 3s | quantumsimulations] Repaired malformed JSON.
[02:18:49 +3m 3s | quantumsimulations] Extracting: https://quantumsimulations.de/scientific-papers (3/18), chunk 12/35
[02:18:56 +3m 11s | quantumsimulations] Repaired malformed JSON.
[02:18:56 +3m 11s | quantumsimulations] Extracting: https://quantumsimulations.de/scientific-papers (3/18), chunk 13/35
[02:19:06 +3m 18s | quantumsimulations] Repaired malformed JSON.
[02:19:06 +3m 18s | quantumsimulations] Extracting: https://quantumsimulations.de/scientific-papers (3/18), chunk 14/35
[02:19:12 +3m 24s | quantumsimulations] Repaired malformed JSON.
[02:19:12 +3m 24s | quantumsimulations] Extracting: https://quantumsimulations.de/scientific-papers (3/18), chunk 15/35
[02:19:19 +3m 31s | quantumsimulations] Repaired malformed JSON.
[02:19:19 +3m 31s | quantumsimulations] Extracting: https://quantumsimulations.de/scientific-papers (3/18), chunk 16/35
[02:19:28 +3m 40s | quantumsimulations] Repaired malformed JSON.
[02:19:28 +3m 40s | quantumsimulations] Extracting: https://quantumsimulations.de/scientific-papers (3/18), chunk 17/35
[02:19:34 +3m 46s | quantumsimulations] Repaired malformed JSON.
[02:19:34 +3m 46s | quantumsimulations] Extracting: https://quantumsimulations.de/scientific-papers (3/18), chunk 18/35
[02:19:44 +3m 53s | quantumsimulations] Repaired malformed JSON.
[02:19:44 +3m 53s | quantumsimulations] Extracting: https://quantumsimulations.de/scientific-papers (3/18), chunk 19/35
[02:19:50 +3m 59s | quantumsimulations] Repaired malformed JSON.
[02:19:50 +3m 59s | quantumsimulations] Extracting: https://quantumsimulations.de/scientific-papers (3/18), chunk 20/35
[02:19:55 +4m 5s | quantumsimulations] Repaired malformed JSON.
[02:19:55 +4m 5s | quantumsimulations] Extracting: https://quantumsimulations.de/scientific-papers (3/18), chunk 21/35
[02:20:00 +4m 10s | quantumsimulations] Repaired malformed JSON.
[02:20:00 +4m 10s | quantumsimulations] Extracting: https://quantumsimulations.de/scientific-papers (3/18), chunk 22/35
[02:20:05 +4m 15s | quantumsimulations] Repaired malformed JSON.
[02:20:05 +4m 15s | quantumsimulations] Extracting: https://quantumsimulations.de/scientific-papers (3/18), chunk 23/35
[02:20:11 +4m 20s | quantumsimulations] Repaired malformed JSON.
[02:20:11 +4m 20s | quantumsimulations] Extracting: https://quantumsimulations.de/scientific-papers (3/18), chunk 24/35
[02:20:20 +4m 27s | quantumsimulations] Repaired malformed JSON.
[02:20:20 +4m 27s | quantumsimulations] Extracting: https://quantumsimulations.de/scientific-papers (3/18), chunk 25/35
[02:20:24 +4m 31s | quantumsimulations] Extracting: https://quantumsimulations.de/scientific-papers (3/18), chunk 26/35
[02:20:30 +4m 37s | quantumsimulations] Repaired malformed JSON.
[02:20:30 +4m 37s | quantumsimulations] Extracting: https://quantumsimulations.de/scientific-papers (3/18), chunk 27/35
[02:20:36 +4m 42s | quantumsimulations] Repaired malformed JSON.
[02:20:36 +4m 42s | quantumsimulations] Extracting: https://quantumsimulations.de/scientific-papers (3/18), chunk 28/35
[02:20:41 +4m 48s | quantumsimulations] Repaired malformed JSON.
[02:20:41 +4m 48s | quantumsimulations] Extracting: https://quantumsimulations.de/scientific-papers (3/18), chunk 29/35
[02:20:51 +4m 55s | quantumsimulations] Repaired malformed JSON.
[02:20:51 +4m 55s | quantumsimulations] Extracting: https://quantumsimulations.de/scientific-papers (3/18), chunk 30/35
[02:21:00 +5m 5s | quantumsimulations] Repaired malformed JSON.
[02:21:00 +5m 5s | quantumsimulations] Extracting: https://quantumsimulations.de/scientific-papers (3/18), chunk 31/35
[02:21:06 +5m 10s | quantumsimulations] Repaired malformed JSON.
[02:21:06 +5m 10s | quantumsimulations] Extracting: https://quantumsimulations.de/scientific-papers (3/18), chunk 32/35
[02:21:12 +5m 17s | quantumsimulations] Repaired malformed JSON.
[02:21:12 +5m 17s | quantumsimulations] Extracting: https://quantumsimulations.de/scientific-papers (3/18), chunk 33/35
[02:21:18 +5m 23s | quantumsimulations] Repaired malformed JSON.
[02:21:18 +5m 23s | quantumsimulations] Extracting: https://quantumsimulations.de/scientific-papers (3/18), chunk 34/35
[02:21:27 +5m 29s | quantumsimulations] Repaired malformed JSON.
[02:21:27 +5m 29s | quantumsimulations] Extracting: https://quantumsimulations.de/scientific-papers (3/18), chunk 35/35
[02:21:32 +5m 34s | quantumsimulations] Reading page (4/18): https://quantumsimulations.de/solutions
[02:21:32 +5m 34s | quantumsimulations] Extracting: https://quantumsimulations.de/solutions (4/18), chunk 1/5
[02:21:40 +5m 42s | quantumsimulations] Extracting: https://quantumsimulations.de/solutions (4/18), chunk 2/5
[02:21:43 +5m 45s | quantumsimulations] Extracting: https://quantumsimulations.de/solutions (4/18), chunk 3/5
[02:21:49 +5m 51s | quantumsimulations] Repaired malformed JSON.
[02:21:49 +5m 51s | quantumsimulations] Extracting: https://quantumsimulations.de/solutions (4/18), chunk 4/5
[02:21:57 +5m 59s | quantumsimulations] Repaired malformed JSON.
[02:21:57 +5m 59s | quantumsimulations] Extracting: https://quantumsimulations.de/solutions (4/18), chunk 5/5
[02:22:05 +6m 4s | quantumsimulations] Reading page (5/18): https://quantumsimulations.de/contact
[02:22:05 +6m 4s | quantumsimulations] Extracting: https://quantumsimulations.de/contact (5/18), chunk 1/4
[02:22:09 +6m 8s | quantumsimulations] Extracting: https://quantumsimulations.de/contact (5/18), chunk 2/4
[02:22:14 +6m 13s | quantumsimulations] Extracting: https://quantumsimulations.de/contact (5/18), chunk 3/4
[02:22:18 +6m 18s | quantumsimulations] Extracting: https://quantumsimulations.de/contact (5/18), chunk 4/4
[02:22:22 +6m 22s | quantumsimulations] Reading page (6/18): https://quantumsimulations.de/hqs-nextnmr
[02:22:22 +6m 22s | quantumsimulations] Extracting: https://quantumsimulations.de/hqs-nextnmr (6/18), chunk 1/6
[02:22:28 +6m 28s | quantumsimulations] Extracting: https://quantumsimulations.de/hqs-nextnmr (6/18), chunk 2/6
[02:22:37 +6m 34s | quantumsimulations] Extracting: https://quantumsimulations.de/hqs-nextnmr (6/18), chunk 3/6
[02:22:43 +6m 39s | quantumsimulations] Repaired malformed JSON.
[02:22:43 +6m 39s | quantumsimulations] Extracting: https://quantumsimulations.de/hqs-nextnmr (6/18), chunk 4/6
[02:22:48 +6m 45s | quantumsimulations] Repaired malformed JSON.
[02:22:48 +6m 45s | quantumsimulations] Extracting: https://quantumsimulations.de/hqs-nextnmr (6/18), chunk 5/6
[02:22:54 +6m 51s | quantumsimulations] Repaired malformed JSON.
[02:22:54 +6m 51s | quantumsimulations] Extracting: https://quantumsimulations.de/hqs-nextnmr (6/18), chunk 6/6
[02:23:02 +6m 58s | quantumsimulations] Repaired malformed JSON.
[02:23:02 +6m 58s | quantumsimulations] Reading page (7/18): https://quantumsimulations.de
[02:23:02 +6m 58s | quantumsimulations] Extracting: https://quantumsimulations.de (7/18), chunk 1/37
[02:23:13 +7m 7s | quantumsimulations] Extracting: https://quantumsimulations.de (7/18), chunk 2/37
[02:23:17 +7m 11s | quantumsimulations] Extracting: https://quantumsimulations.de (7/18), chunk 3/37
[02:23:23 +7m 17s | quantumsimulations] Repaired malformed JSON.
[02:23:23 +7m 17s | quantumsimulations] Extracting: https://quantumsimulations.de (7/18), chunk 4/37
[02:23:29 +7m 23s | quantumsimulations] Repaired malformed JSON.
[02:23:29 +7m 23s | quantumsimulations] Extracting: https://quantumsimulations.de (7/18), chunk 5/37
[02:23:35 +7m 29s | quantumsimulations] Repaired malformed JSON.
[02:23:35 +7m 29s | quantumsimulations] Extracting: https://quantumsimulations.de (7/18), chunk 6/37
[02:23:39 +7m 33s | quantumsimulations] Extracting: https://quantumsimulations.de (7/18), chunk 7/37
[02:23:48 +7m 40s | quantumsimulations] Repaired malformed JSON.
[02:23:48 +7m 40s | quantumsimulations] Extracting: https://quantumsimulations.de (7/18), chunk 8/37
[02:23:54 +7m 45s | quantumsimulations] Extracting: https://quantumsimulations.de (7/18), chunk 9/37
[02:23:59 +7m 51s | quantumsimulations] Repaired malformed JSON.
[02:23:59 +7m 51s | quantumsimulations] Extracting: https://quantumsimulations.de (7/18), chunk 10/37
[02:24:07 +7m 59s | quantumsimulations] Repaired malformed JSON.
[02:24:07 +7m 59s | quantumsimulations] Extracting: https://quantumsimulations.de (7/18), chunk 11/37
[02:24:15 +8m 6s | quantumsimulations] Repaired malformed JSON.
[02:24:15 +8m 6s | quantumsimulations] Extracting: https://quantumsimulations.de (7/18), chunk 12/37
[02:24:22 +8m 11s | quantumsimulations] Extracting: https://quantumsimulations.de (7/18), chunk 13/37
[02:24:27 +8m 16s | quantumsimulations] Repaired malformed JSON.
[02:24:27 +8m 16s | quantumsimulations] Extracting: https://quantumsimulations.de (7/18), chunk 14/37
[02:24:33 +8m 22s | quantumsimulations] Repaired malformed JSON.
[02:24:33 +8m 22s | quantumsimulations] Extracting: https://quantumsimulations.de (7/18), chunk 15/37
[02:24:38 +8m 27s | quantumsimulations] Repaired malformed JSON.
[02:24:38 +8m 27s | quantumsimulations] Extracting: https://quantumsimulations.de (7/18), chunk 16/37
[02:24:44 +8m 33s | quantumsimulations] Extracting: https://quantumsimulations.de (7/18), chunk 17/37
[02:24:54 +8m 40s | quantumsimulations] Repaired malformed JSON.
[02:24:54 +8m 40s | quantumsimulations] Extracting: https://quantumsimulations.de (7/18), chunk 18/37
[02:25:00 +8m 47s | quantumsimulations] Repaired malformed JSON.
[02:25:00 +8m 47s | quantumsimulations] Extracting: https://quantumsimulations.de (7/18), chunk 19/37
[02:25:06 +8m 52s | quantumsimulations] Extracting: https://quantumsimulations.de (7/18), chunk 20/37
[02:25:15 +9m 2s | quantumsimulations] Repaired malformed JSON.
[02:25:15 +9m 2s | quantumsimulations] Extracting: https://quantumsimulations.de (7/18), chunk 21/37
[02:25:21 +9m 8s | quantumsimulations] Repaired malformed JSON.
[02:25:21 +9m 8s | quantumsimulations] Extracting: https://quantumsimulations.de (7/18), chunk 22/37
[02:25:30 +9m 13s | quantumsimulations] Repaired malformed JSON.
[02:25:30 +9m 13s | quantumsimulations] Extracting: https://quantumsimulations.de (7/18), chunk 23/37
[02:25:36 +9m 19s | quantumsimulations] Extracting: https://quantumsimulations.de (7/18), chunk 24/37
[02:25:45 +9m 28s | quantumsimulations] Repaired malformed JSON.
[02:25:45 +9m 28s | quantumsimulations] Extracting: https://quantumsimulations.de (7/18), chunk 25/37
[02:25:51 +9m 35s | quantumsimulations] Repaired malformed JSON.
[02:25:51 +9m 35s | quantumsimulations] Extracting: https://quantumsimulations.de (7/18), chunk 26/37
[02:25:57 +9m 40s | quantumsimulations] Repaired malformed JSON.
[02:25:57 +9m 40s | quantumsimulations] Extracting: https://quantumsimulations.de (7/18), chunk 27/37
[02:26:07 +9m 48s | quantumsimulations] Repaired malformed JSON.
[02:26:07 +9m 48s | quantumsimulations] Extracting: https://quantumsimulations.de (7/18), chunk 28/37
[02:26:14 +9m 55s | quantumsimulations] Repaired malformed JSON.
[02:26:14 +9m 55s | quantumsimulations] Extracting: https://quantumsimulations.de (7/18), chunk 29/37
[02:26:19 +10m 0s | quantumsimulations] Repaired malformed JSON.
[02:26:19 +10m 0s | quantumsimulations] Extracting: https://quantumsimulations.de (7/18), chunk 30/37
[02:26:27 +10m 8s | quantumsimulations] Repaired malformed JSON.
[02:26:27 +10m 8s | quantumsimulations] Extracting: https://quantumsimulations.de (7/18), chunk 31/37
[02:26:33 +10m 14s | quantumsimulations] Repaired malformed JSON.
[02:26:33 +10m 14s | quantumsimulations] Extracting: https://quantumsimulations.de (7/18), chunk 32/37
[02:26:41 +10m 20s | quantumsimulations] Repaired malformed JSON.
[02:26:41 +10m 20s | quantumsimulations] Extracting: https://quantumsimulations.de (7/18), chunk 33/37
[02:26:49 +10m 28s | quantumsimulations] Repaired malformed JSON.
[02:26:49 +10m 28s | quantumsimulations] Extracting: https://quantumsimulations.de (7/18), chunk 34/37
[02:26:55 +10m 33s | quantumsimulations] Repaired malformed JSON.
[02:26:55 +10m 33s | quantumsimulations] Extracting: https://quantumsimulations.de (7/18), chunk 35/37
[02:27:02 +10m 40s | quantumsimulations] Repaired malformed JSON.
[02:27:02 +10m 40s | quantumsimulations] Extracting: https://quantumsimulations.de (7/18), chunk 36/37
[02:27:07 +10m 46s | quantumsimulations] Repaired malformed JSON.
[02:27:07 +10m 46s | quantumsimulations] Extracting: https://quantumsimulations.de (7/18), chunk 37/37
[02:27:16 +10m 52s | quantumsimulations] Repaired malformed JSON.
[02:27:16 +10m 52s | quantumsimulations] Reading page (8/18): https://quantumsimulations.de/media-resources
[02:27:16 +10m 52s | quantumsimulations] Extracting: https://quantumsimulations.de/media-resources (8/18), chunk 1/4
[02:27:24 +10m 59s | quantumsimulations] Extracting: https://quantumsimulations.de/media-resources (8/18), chunk 2/4
[02:27:28 +11m 3s | quantumsimulations] Extracting: https://quantumsimulations.de/media-resources (8/18), chunk 3/4
[02:27:34 +11m 9s | quantumsimulations] Repaired malformed JSON.
[02:27:34 +11m 9s | quantumsimulations] Extracting: https://quantumsimulations.de/media-resources (8/18), chunk 4/4
[02:27:40 +11m 16s | quantumsimulations] Repaired malformed JSON.
[02:27:40 +11m 16s | quantumsimulations] Reading page (9/18): https://quantumsimulations.de/hqspectrum
[02:27:40 +11m 16s | quantumsimulations] Extracting: https://quantumsimulations.de/hqspectrum (9/18), chunk 1/12
[02:27:46 +11m 21s | quantumsimulations] Extracting: https://quantumsimulations.de/hqspectrum (9/18), chunk 2/12
[02:27:56 +11m 29s | quantumsimulations] Extracting: https://quantumsimulations.de/hqspectrum (9/18), chunk 3/12
[02:28:02 +11m 35s | quantumsimulations] Extracting: https://quantumsimulations.de/hqspectrum (9/18), chunk 4/12
[02:28:08 +11m 41s | quantumsimulations] Repaired malformed JSON.
[02:28:08 +11m 41s | quantumsimulations] Extracting: https://quantumsimulations.de/hqspectrum (9/18), chunk 5/12
[02:28:17 +11m 49s | quantumsimulations] Repaired malformed JSON.
[02:28:17 +11m 49s | quantumsimulations] Extracting: https://quantumsimulations.de/hqspectrum (9/18), chunk 6/12
[02:28:20 +11m 53s | quantumsimulations] Extracting: https://quantumsimulations.de/hqspectrum (9/18), chunk 7/12
[02:28:26 +11m 56s | quantumsimulations] Extracting: https://quantumsimulations.de/hqspectrum (9/18), chunk 8/12
[02:28:32 +12m 2s | quantumsimulations] Repaired malformed JSON.
[02:28:32 +12m 2s | quantumsimulations] Extracting: https://quantumsimulations.de/hqspectrum (9/18), chunk 9/12
[02:28:35 +12m 5s | quantumsimulations] Extracting: https://quantumsimulations.de/hqspectrum (9/18), chunk 10/12
[02:28:40 +12m 10s | quantumsimulations] Extracting: https://quantumsimulations.de/hqspectrum (9/18), chunk 11/12
[02:28:46 +12m 16s | quantumsimulations] Repaired malformed JSON.
[02:28:46 +12m 16s | quantumsimulations] Extracting: https://quantumsimulations.de/hqspectrum (9/18), chunk 12/12
[02:28:52 +12m 23s | quantumsimulations] Repaired malformed JSON.
[02:28:52 +12m 23s | quantumsimulations] Reading page (10/18): https://quantumsimulations.de/patents
[02:28:52 +12m 23s | quantumsimulations] Extracting: https://quantumsimulations.de/patents (10/18), chunk 1/6
[02:29:02 +12m 30s | quantumsimulations] Extracting: https://quantumsimulations.de/patents (10/18), chunk 2/6
[02:29:07 +12m 35s | quantumsimulations] Extracting: https://quantumsimulations.de/patents (10/18), chunk 3/6
[02:29:13 +12m 40s | quantumsimulations] Extracting: https://quantumsimulations.de/patents (10/18), chunk 4/6
[02:29:19 +12m 46s | quantumsimulations] Extracting: https://quantumsimulations.de/patents (10/18), chunk 5/6
[02:29:24 +12m 52s | quantumsimulations] Extracting: https://quantumsimulations.de/patents (10/18), chunk 6/6
[02:29:29 +12m 57s | quantumsimulations] Reading page (11/18): https://quantumsimulations.de/team
[02:29:29 +12m 57s | quantumsimulations] Extracting: https://quantumsimulations.de/team (11/18), chunk 1/11
[02:29:37 +13m 2s | quantumsimulations] Extracting: https://quantumsimulations.de/team (11/18), chunk 2/11
[02:29:44 +13m 9s | quantumsimulations] Extracting: https://quantumsimulations.de/team (11/18), chunk 3/11
[02:29:49 +13m 14s | quantumsimulations] Repaired malformed JSON.
[02:29:49 +13m 14s | quantumsimulations] Extracting: https://quantumsimulations.de/team (11/18), chunk 4/11
[02:29:55 +13m 19s | quantumsimulations] Repaired malformed JSON.
[02:29:55 +13m 19s | quantumsimulations] Extracting: https://quantumsimulations.de/team (11/18), chunk 5/11
[02:30:00 +13m 25s | quantumsimulations] Repaired malformed JSON.
[02:30:00 +13m 25s | quantumsimulations] Extracting: https://quantumsimulations.de/team (11/18), chunk 6/11
[02:30:10 +13m 32s | quantumsimulations] Repaired malformed JSON.
[02:30:10 +13m 32s | quantumsimulations] Extracting: https://quantumsimulations.de/team (11/18), chunk 7/11
[02:30:16 +13m 38s | quantumsimulations] Repaired malformed JSON.
[02:30:16 +13m 38s | quantumsimulations] Extracting: https://quantumsimulations.de/team (11/18), chunk 8/11
[02:30:23 +13m 46s | quantumsimulations] Repaired malformed JSON.
[02:30:23 +13m 46s | quantumsimulations] Extracting: https://quantumsimulations.de/team (11/18), chunk 9/11
[02:30:31 +13m 53s | quantumsimulations] Repaired malformed JSON.
[02:30:31 +13m 53s | quantumsimulations] Extracting: https://quantumsimulations.de/team (11/18), chunk 10/11
[02:30:39 +14m 1s | quantumsimulations] Repaired malformed JSON.
[02:30:39 +14m 1s | quantumsimulations] Extracting: https://quantumsimulations.de/team (11/18), chunk 11/11
[02:30:48 +14m 8s | quantumsimulations] Repaired malformed JSON.
[02:30:48 +14m 8s | quantumsimulations] Reading page (12/18): https://quantumsimulations.de/career
[02:30:48 +14m 8s | quantumsimulations] Extracting: https://quantumsimulations.de/career (12/18), chunk 1/10
[02:30:54 +14m 14s | quantumsimulations] Extracting: https://quantumsimulations.de/career (12/18), chunk 2/10
[02:31:00 +14m 19s | quantumsimulations] Extracting: https://quantumsimulations.de/career (12/18), chunk 3/10
[02:31:03 +14m 22s | quantumsimulations] Extracting: https://quantumsimulations.de/career (12/18), chunk 4/10
[02:31:08 +14m 28s | quantumsimulations] Extracting: https://quantumsimulations.de/career (12/18), chunk 5/10
[02:31:12 +14m 31s | quantumsimulations] Extracting: https://quantumsimulations.de/career (12/18), chunk 6/10
[02:31:15 +14m 35s | quantumsimulations] Extracting: https://quantumsimulations.de/career (12/18), chunk 7/10
[02:31:25 +14m 42s | quantumsimulations] Repaired malformed JSON.
[02:31:25 +14m 42s | quantumsimulations] Extracting: https://quantumsimulations.de/career (12/18), chunk 8/10
[02:31:33 +14m 50s | quantumsimulations] Repaired malformed JSON.
[02:31:33 +14m 50s | quantumsimulations] Extracting: https://quantumsimulations.de/career (12/18), chunk 9/10
[02:31:41 +14m 58s | quantumsimulations] Repaired malformed JSON.
[02:31:41 +14m 58s | quantumsimulations] Extracting: https://quantumsimulations.de/career (12/18), chunk 10/10
[02:31:45 +15m 2s | quantumsimulations] Reading page (13/18): https://quantumsimulations.de/services
[02:31:45 +15m 2s | quantumsimulations] Extracting: https://quantumsimulations.de/services (13/18), chunk 1/11
[02:31:53 +15m 8s | quantumsimulations] Extracting: https://quantumsimulations.de/services (13/18), chunk 2/11
[02:31:56 +15m 11s | quantumsimulations] Extracting: https://quantumsimulations.de/services (13/18), chunk 3/11
[02:32:04 +15m 19s | quantumsimulations] Repaired malformed JSON.
[02:32:04 +15m 19s | quantumsimulations] Extracting: https://quantumsimulations.de/services (13/18), chunk 4/11
[02:32:10 +15m 25s | quantumsimulations] Extracting: https://quantumsimulations.de/services (13/18), chunk 5/11
[02:32:17 +15m 31s | quantumsimulations] Repaired malformed JSON.
[02:32:17 +15m 31s | quantumsimulations] Extracting: https://quantumsimulations.de/services (13/18), chunk 6/11
[02:32:22 +15m 37s | quantumsimulations] Repaired malformed JSON.
[02:32:22 +15m 37s | quantumsimulations] Extracting: https://quantumsimulations.de/services (13/18), chunk 7/11
[02:32:31 +15m 43s | quantumsimulations] Repaired malformed JSON.
[02:32:31 +15m 43s | quantumsimulations] Extracting: https://quantumsimulations.de/services (13/18), chunk 8/11
[02:32:39 +15m 51s | quantumsimulations] Repaired malformed JSON.
[02:32:39 +15m 51s | quantumsimulations] Extracting: https://quantumsimulations.de/services (13/18), chunk 9/11
[02:32:44 +15m 56s | quantumsimulations] Repaired malformed JSON.
[02:32:44 +15m 56s | quantumsimulations] Extracting: https://quantumsimulations.de/services (13/18), chunk 10/11
[02:32:52 +16m 4s | quantumsimulations] Repaired malformed JSON.
[02:32:52 +16m 4s | quantumsimulations] Extracting: https://quantumsimulations.de/services (13/18), chunk 11/11
[02:32:57 +16m 10s | quantumsimulations] Repaired malformed JSON.
[02:32:57 +16m 10s | quantumsimulations] Reading page (14/18): https://cloud.quantumsimulations.de
[02:32:57 +16m 10s | quantumsimulations] Extracting: https://cloud.quantumsimulations.de (14/18), chunk 1/1
[02:33:04 +16m 14s | quantumsimulations] Reading page (15/18): https://quantumsimulations.de/publications-1
[02:33:04 +16m 14s | quantumsimulations] Extracting: https://quantumsimulations.de/publications-1 (15/18), chunk 1/35
[02:33:12 +16m 22s | quantumsimulations] Extracting: https://quantumsimulations.de/publications-1 (15/18), chunk 2/35
[02:33:18 +16m 27s | quantumsimulations] Extracting: https://quantumsimulations.de/publications-1 (15/18), chunk 3/35
[02:33:27 +16m 36s | quantumsimulations] Repaired malformed JSON.
[02:33:27 +16m 36s | quantumsimulations] Extracting: https://quantumsimulations.de/publications-1 (15/18), chunk 4/35
[02:33:33 +16m 43s | quantumsimulations] Repaired malformed JSON.
[02:33:33 +16m 43s | quantumsimulations] Extracting: https://quantumsimulations.de/publications-1 (15/18), chunk 5/35
[02:33:43 +16m 50s | quantumsimulations] Repaired malformed JSON.
[02:33:43 +16m 50s | quantumsimulations] Extracting: https://quantumsimulations.de/publications-1 (15/18), chunk 6/35
[02:33:51 +16m 58s | quantumsimulations] Repaired malformed JSON.
[02:33:51 +16m 58s | quantumsimulations] Extracting: https://quantumsimulations.de/publications-1 (15/18), chunk 7/35
[02:33:57 +17m 4s | quantumsimulations] Repaired malformed JSON.
[02:33:57 +17m 4s | quantumsimulations] Extracting: https://quantumsimulations.de/publications-1 (15/18), chunk 8/35
[02:34:03 +17m 10s | quantumsimulations] Repaired malformed JSON.
[02:34:03 +17m 10s | quantumsimulations] Extracting: https://quantumsimulations.de/publications-1 (15/18), chunk 9/35
[02:34:15 +17m 19s | quantumsimulations] Repaired malformed JSON.
[02:34:15 +17m 19s | quantumsimulations] Extracting: https://quantumsimulations.de/publications-1 (15/18), chunk 10/35
[02:34:21 +17m 25s | quantumsimulations] Repaired malformed JSON.
[02:34:21 +17m 25s | quantumsimulations] Extracting: https://quantumsimulations.de/publications-1 (15/18), chunk 11/35
[02:34:28 +17m 33s | quantumsimulations] Repaired malformed JSON.
[02:34:28 +17m 33s | quantumsimulations] Extracting: https://quantumsimulations.de/publications-1 (15/18), chunk 12/35
[02:34:35 +17m 40s | quantumsimulations] Repaired malformed JSON.
[02:34:35 +17m 40s | quantumsimulations] Extracting: https://quantumsimulations.de/publications-1 (15/18), chunk 13/35
[02:34:43 +17m 48s | quantumsimulations] Repaired malformed JSON.
[02:34:43 +17m 48s | quantumsimulations] Extracting: https://quantumsimulations.de/publications-1 (15/18), chunk 14/35
[02:34:53 +17m 55s | quantumsimulations] Repaired malformed JSON.
[02:34:53 +17m 55s | quantumsimulations] Extracting: https://quantumsimulations.de/publications-1 (15/18), chunk 15/35
[02:35:01 +18m 3s | quantumsimulations] Repaired malformed JSON.
[02:35:01 +18m 3s | quantumsimulations] Extracting: https://quantumsimulations.de/publications-1 (15/18), chunk 16/35
[02:35:06 +18m 8s | quantumsimulations] Repaired malformed JSON.
[02:35:06 +18m 8s | quantumsimulations] Extracting: https://quantumsimulations.de/publications-1 (15/18), chunk 17/35
[02:35:13 +18m 15s | quantumsimulations] Repaired malformed JSON.
[02:35:13 +18m 15s | quantumsimulations] Extracting: https://quantumsimulations.de/publications-1 (15/18), chunk 18/35
[02:35:19 +18m 21s | quantumsimulations] Repaired malformed JSON.
[02:35:19 +18m 21s | quantumsimulations] Extracting: https://quantumsimulations.de/publications-1 (15/18), chunk 19/35
[02:35:27 +18m 27s | quantumsimulations] Repaired malformed JSON.
[02:35:27 +18m 27s | quantumsimulations] Extracting: https://quantumsimulations.de/publications-1 (15/18), chunk 20/35
[02:35:36 +18m 35s | quantumsimulations] Repaired malformed JSON.
[02:35:36 +18m 35s | quantumsimulations] Extracting: https://quantumsimulations.de/publications-1 (15/18), chunk 21/35
[02:35:43 +18m 42s | quantumsimulations] Repaired malformed JSON.
[02:35:43 +18m 42s | quantumsimulations] Extracting: https://quantumsimulations.de/publications-1 (15/18), chunk 22/35
[02:35:51 +18m 50s | quantumsimulations] Repaired malformed JSON.
[02:35:51 +18m 50s | quantumsimulations] Extracting: https://quantumsimulations.de/publications-1 (15/18), chunk 23/35
[02:35:56 +18m 55s | quantumsimulations] Repaired malformed JSON.
[02:35:56 +18m 55s | quantumsimulations] Extracting: https://quantumsimulations.de/publications-1 (15/18), chunk 24/35
[02:36:05 +19m 5s | quantumsimulations] Repaired malformed JSON.
[02:36:05 +19m 5s | quantumsimulations] Extracting: https://quantumsimulations.de/publications-1 (15/18), chunk 25/35
[02:36:14 +19m 10s | quantumsimulations] Extracting: https://quantumsimulations.de/publications-1 (15/18), chunk 26/35
[02:36:21 +19m 17s | quantumsimulations] Repaired malformed JSON.
[02:36:21 +19m 17s | quantumsimulations] Extracting: https://quantumsimulations.de/publications-1 (15/18), chunk 27/35
[02:36:27 +19m 23s | quantumsimulations] Repaired malformed JSON.
[02:36:27 +19m 23s | quantumsimulations] Extracting: https://quantumsimulations.de/publications-1 (15/18), chunk 28/35
[02:36:35 +19m 31s | quantumsimulations] Repaired malformed JSON.
[02:36:35 +19m 31s | quantumsimulations] Extracting: https://quantumsimulations.de/publications-1 (15/18), chunk 29/35
[02:36:41 +19m 37s | quantumsimulations] Repaired malformed JSON.
[02:36:41 +19m 37s | quantumsimulations] Extracting: https://quantumsimulations.de/publications-1 (15/18), chunk 30/35
[02:36:49 +19m 43s | quantumsimulations] Repaired malformed JSON.
[02:36:49 +19m 43s | quantumsimulations] Extracting: https://quantumsimulations.de/publications-1 (15/18), chunk 31/35
[02:36:56 +19m 49s | quantumsimulations] Repaired malformed JSON.
[02:36:56 +19m 49s | quantumsimulations] Extracting: https://quantumsimulations.de/publications-1 (15/18), chunk 32/35
[02:37:04 +19m 57s | quantumsimulations] Repaired malformed JSON.
[02:37:04 +19m 57s | quantumsimulations] Extracting: https://quantumsimulations.de/publications-1 (15/18), chunk 33/35
[02:37:12 +20m 5s | quantumsimulations] Repaired malformed JSON.
[02:37:12 +20m 5s | quantumsimulations] Extracting: https://quantumsimulations.de/publications-1 (15/18), chunk 34/35
[02:37:17 +20m 11s | quantumsimulations] Repaired malformed JSON.
[02:37:17 +20m 11s | quantumsimulations] Extracting: https://quantumsimulations.de/publications-1 (15/18), chunk 35/35
[02:37:23 +20m 14s | quantumsimulations] Reading page (16/18): https://quantumsimulations.de/stay-tuned
[02:37:23 +20m 14s | quantumsimulations] Extracting: https://quantumsimulations.de/stay-tuned (16/18), chunk 1/37
[02:37:26 +20m 18s | quantumsimulations] Extracting: https://quantumsimulations.de/stay-tuned (16/18), chunk 2/37
[02:37:31 +20m 22s | quantumsimulations] Extracting: https://quantumsimulations.de/stay-tuned (16/18), chunk 3/37
[02:37:35 +20m 27s | quantumsimulations] Extracting: https://quantumsimulations.de/stay-tuned (16/18), chunk 4/37
[02:37:44 +20m 36s | quantumsimulations] Repaired malformed JSON.
[02:37:44 +20m 36s | quantumsimulations] Extracting: https://quantumsimulations.de/stay-tuned (16/18), chunk 5/37
[02:37:53 +20m 44s | quantumsimulations] Repaired malformed JSON.
[02:37:53 +20m 44s | quantumsimulations] Extracting: https://quantumsimulations.de/stay-tuned (16/18), chunk 6/37
[02:37:59 +20m 50s | quantumsimulations] Repaired malformed JSON.
[02:37:59 +20m 50s | quantumsimulations] Extracting: https://quantumsimulations.de/stay-tuned (16/18), chunk 7/37
[02:38:05 +20m 56s | quantumsimulations] Repaired malformed JSON.
[02:38:05 +20m 56s | quantumsimulations] Extracting: https://quantumsimulations.de/stay-tuned (16/18), chunk 8/37
[02:38:14 +21m 2s | quantumsimulations] Repaired malformed JSON.
[02:38:14 +21m 2s | quantumsimulations] Extracting: https://quantumsimulations.de/stay-tuned (16/18), chunk 9/37
[02:38:21 +21m 9s | quantumsimulations] Repaired malformed JSON.
[02:38:21 +21m 9s | quantumsimulations] Extracting: https://quantumsimulations.de/stay-tuned (16/18), chunk 10/37
[02:38:25 +21m 14s | quantumsimulations] Extracting: https://quantumsimulations.de/stay-tuned (16/18), chunk 11/37
[02:38:34 +21m 23s | quantumsimulations] Repaired malformed JSON.
[02:38:34 +21m 23s | quantumsimulations] Extracting: https://quantumsimulations.de/stay-tuned (16/18), chunk 12/37
[02:38:42 +21m 31s | quantumsimulations] Repaired malformed JSON.
[02:38:42 +21m 31s | quantumsimulations] Extracting: https://quantumsimulations.de/stay-tuned (16/18), chunk 13/37
[02:38:51 +21m 38s | quantumsimulations] Repaired malformed JSON.
[02:38:51 +21m 38s | quantumsimulations] Extracting: https://quantumsimulations.de/stay-tuned (16/18), chunk 14/37
[02:38:55 +21m 42s | quantumsimulations] Extracting: https://quantumsimulations.de/stay-tuned (16/18), chunk 15/37
[02:39:02 +21m 49s | quantumsimulations] Repaired malformed JSON.
[02:39:02 +21m 49s | quantumsimulations] Extracting: https://quantumsimulations.de/stay-tuned (16/18), chunk 16/37
[02:39:08 +21m 55s | quantumsimulations] Repaired malformed JSON.
[02:39:08 +21m 55s | quantumsimulations] Extracting: https://quantumsimulations.de/stay-tuned (16/18), chunk 17/37
[02:39:14 +22m 1s | quantumsimulations] Repaired malformed JSON.
[02:39:14 +22m 1s | quantumsimulations] Extracting: https://quantumsimulations.de/stay-tuned (16/18), chunk 18/37
[02:39:26 +22m 10s | quantumsimulations] Repaired malformed JSON.
[02:39:26 +22m 10s | quantumsimulations] Extracting: https://quantumsimulations.de/stay-tuned (16/18), chunk 19/37
[02:39:33 +22m 17s | quantumsimulations] Repaired malformed JSON.
[02:39:33 +22m 17s | quantumsimulations] Extracting: https://quantumsimulations.de/stay-tuned (16/18), chunk 20/37
[02:39:38 +22m 23s | quantumsimulations] Repaired malformed JSON.
[02:39:38 +22m 23s | quantumsimulations] Extracting: https://quantumsimulations.de/stay-tuned (16/18), chunk 21/37
[02:39:44 +22m 29s | quantumsimulations] Repaired malformed JSON.
[02:39:44 +22m 29s | quantumsimulations] Extracting: https://quantumsimulations.de/stay-tuned (16/18), chunk 22/37
[02:39:50 +22m 35s | quantumsimulations] Repaired malformed JSON.
[02:39:50 +22m 35s | quantumsimulations] Extracting: https://quantumsimulations.de/stay-tuned (16/18), chunk 23/37
[02:40:00 +22m 43s | quantumsimulations] Repaired malformed JSON.
[02:40:00 +22m 43s | quantumsimulations] Extracting: https://quantumsimulations.de/stay-tuned (16/18), chunk 24/37
[02:40:08 +22m 50s | quantumsimulations] Repaired malformed JSON.
[02:40:08 +22m 50s | quantumsimulations] Extracting: https://quantumsimulations.de/stay-tuned (16/18), chunk 25/37
[02:40:14 +22m 56s | quantumsimulations] Repaired malformed JSON.
[02:40:14 +22m 56s | quantumsimulations] Extracting: https://quantumsimulations.de/stay-tuned (16/18), chunk 26/37
[02:40:20 +23m 2s | quantumsimulations] Repaired malformed JSON.
[02:40:20 +23m 2s | quantumsimulations] Extracting: https://quantumsimulations.de/stay-tuned (16/18), chunk 27/37
[02:40:25 +23m 7s | quantumsimulations] Repaired malformed JSON.
[02:40:25 +23m 7s | quantumsimulations] Extracting: https://quantumsimulations.de/stay-tuned (16/18), chunk 28/37
[02:40:34 +23m 14s | quantumsimulations] Repaired malformed JSON.
[02:40:34 +23m 14s | quantumsimulations] Extracting: https://quantumsimulations.de/stay-tuned (16/18), chunk 29/37
[02:40:41 +23m 21s | quantumsimulations] Repaired malformed JSON.
[02:40:41 +23m 21s | quantumsimulations] Extracting: https://quantumsimulations.de/stay-tuned (16/18), chunk 30/37
[02:40:49 +23m 29s | quantumsimulations] Repaired malformed JSON.
[02:40:49 +23m 29s | quantumsimulations] Extracting: https://quantumsimulations.de/stay-tuned (16/18), chunk 31/37
[02:40:57 +23m 37s | quantumsimulations] Repaired malformed JSON.
[02:40:57 +23m 37s | quantumsimulations] Extracting: https://quantumsimulations.de/stay-tuned (16/18), chunk 32/37
[02:41:05 +23m 43s | quantumsimulations] Repaired malformed JSON.
[02:41:05 +23m 43s | quantumsimulations] Extracting: https://quantumsimulations.de/stay-tuned (16/18), chunk 33/37
[02:41:11 +23m 49s | quantumsimulations] Repaired malformed JSON.
[02:41:11 +23m 49s | quantumsimulations] Extracting: https://quantumsimulations.de/stay-tuned (16/18), chunk 34/37
[02:41:16 +23m 54s | quantumsimulations] Repaired malformed JSON.
[02:41:16 +23m 54s | quantumsimulations] Extracting: https://quantumsimulations.de/stay-tuned (16/18), chunk 35/37
[02:41:23 +24m 1s | quantumsimulations] Repaired malformed JSON.
[02:41:23 +24m 1s | quantumsimulations] Extracting: https://quantumsimulations.de/stay-tuned (16/18), chunk 36/37
[02:41:30 +24m 8s | quantumsimulations] Repaired malformed JSON.
[02:41:30 +24m 8s | quantumsimulations] Extracting: https://quantumsimulations.de/stay-tuned (16/18), chunk 37/37
[02:41:35 +24m 13s | quantumsimulations] Repaired malformed JSON.
[02:41:35 +24m 13s | quantumsimulations] Reading page (17/18): https://quantumsimulations.de/paper-use-cases
[02:41:35 +24m 13s | quantumsimulations] Extracting: https://quantumsimulations.de/paper-use-cases (17/18), chunk 1/5
[02:41:43 +24m 18s | quantumsimulations] Extracting: https://quantumsimulations.de/paper-use-cases (17/18), chunk 2/5
[02:41:49 +24m 25s | quantumsimulations] Extracting: https://quantumsimulations.de/paper-use-cases (17/18), chunk 3/5
[02:41:55 +24m 31s | quantumsimulations] Extracting: https://quantumsimulations.de/paper-use-cases (17/18), chunk 4/5
[02:42:00 +24m 35s | quantumsimulations] Extracting: https://quantumsimulations.de/paper-use-cases (17/18), chunk 5/5
[02:42:03 +24m 39s | quantumsimulations] Reading page (18/18): https://forms.cloud.quantumsimulations.de/webinar-can-i-use-benchtop-NMR-in-my-lab
[02:42:03 +24m 39s | quantumsimulations] Extracting: https://forms.cloud.quantumsimulations.de/webinar-can-i-use-benchtop-NMR-in-my-lab (18/18), chunk 1/4
[02:42:05 +24m 41s | quantumsimulations] Extracting: https://forms.cloud.quantumsimulations.de/webinar-can-i-use-benchtop-NMR-in-my-lab (18/18), chunk 2/4
[02:42:13 +24m 47s | quantumsimulations] Extracting: https://forms.cloud.quantumsimulations.de/webinar-can-i-use-benchtop-NMR-in-my-lab (18/18), chunk 3/4
[02:42:19 +24m 53s | quantumsimulations] Repaired malformed JSON.
[02:42:19 +24m 53s | quantumsimulations] Extracting: https://forms.cloud.quantumsimulations.de/webinar-can-i-use-benchtop-NMR-in-my-lab (18/18), chunk 4/4
[02:42:25 +24m 59s | quantumsimulations] Repaired malformed JSON.
[02:42:25 +24m 59s | quantumsimulations] Saved 1_actor_results.json with 429 extracted records

[02:42:25 +24m 59s | quantumsimulations] === 2 clean actors ===
[02:42:27 +25m 0s | quantumsimulations] Loaded 429 extracted records
[02:42:27 +25m 0s | quantumsimulations] Saved 2_actor_nodes.json with 87 canonical actor nodes

[02:42:27 +25m 0s | quantumsimulations] === 3 interaction extraction ===
[02:42:27 +25m 1s | quantumsimulations] Extracting interactions: https://quantumsimulations.de/about-us (1/18), chunk 1/8
[02:42:29 +25m 3s | quantumsimulations] Extracting interactions: https://quantumsimulations.de/about-us (1/18), chunk 2/8
[02:42:31 +25m 4s | quantumsimulations] Extracting interactions: https://quantumsimulations.de/about-us (1/18), chunk 3/8
[02:42:36 +25m 9s | quantumsimulations] Extracting interactions: https://quantumsimulations.de/about-us (1/18), chunk 5/8
[02:42:41 +25m 15s | quantumsimulations] Extracting interactions: https://quantumsimulations.de/about-us (1/18), chunk 6/8
[02:42:56 +25m 28s | quantumsimulations] Extracting interactions: https://quantumsimulations.de/about-us (1/18), chunk 7/8
[02:43:00 +25m 32s | quantumsimulations] Extracting interactions: https://quantumsimulations.de/about-us (1/18), chunk 8/8
[02:43:16 +25m 47s | quantumsimulations] Extracting interactions: https://quantumsimulations.de/about (2/18), chunk 1/8
[02:43:18 +25m 49s | quantumsimulations] Extracting interactions: https://quantumsimulations.de/about (2/18), chunk 2/8
[02:43:21 +25m 50s | quantumsimulations] Extracting interactions: https://quantumsimulations.de/about (2/18), chunk 3/8
[02:43:25 +25m 54s | quantumsimulations] Extracting interactions: https://quantumsimulations.de/about (2/18), chunk 5/8
[02:43:29 +25m 58s | quantumsimulations] Extracting interactions: https://quantumsimulations.de/about (2/18), chunk 6/8
[02:43:38 +26m 7s | quantumsimulations] Extracting interactions: https://quantumsimulations.de/about (2/18), chunk 7/8
[02:43:41 +26m 10s | quantumsimulations] Extracting interactions: https://quantumsimulations.de/about (2/18), chunk 8/8
[02:43:51 +26m 20s | quantumsimulations] Extracting interactions: https://quantumsimulations.de/scientific-papers (3/18), chunk 1/35
[02:43:53 +26m 22s | quantumsimulations] Extracting interactions: https://quantumsimulations.de/scientific-papers (3/18), chunk 2/35
[02:43:56 +26m 25s | quantumsimulations] Extracting interactions: https://quantumsimulations.de/scientific-papers (3/18), chunk 3/35
[02:44:31 +26m 58s | quantumsimulations] Extracting interactions: https://quantumsimulations.de/scientific-papers (3/18), chunk 4/35
[02:45:02 +27m 27s | quantumsimulations] Extracting interactions: https://quantumsimulations.de/scientific-papers (3/18), chunk 5/35
[02:45:32 +27m 57s | quantumsimulations] Extracting interactions: https://quantumsimulations.de/scientific-papers (3/18), chunk 6/35
[02:45:54 +28m 17s | quantumsimulations] Extracting interactions: https://quantumsimulations.de/scientific-papers (3/18), chunk 7/35
[02:46:28 +28m 48s | quantumsimulations] Extracting interactions: https://quantumsimulations.de/scientific-papers (3/18), chunk 8/35
[02:47:05 +29m 24s | quantumsimulations] Extracting interactions: https://quantumsimulations.de/scientific-papers (3/18), chunk 9/35
[02:47:28 +29m 44s | quantumsimulations] Extracting interactions: https://quantumsimulations.de/scientific-papers (3/18), chunk 10/35
[02:47:50 +30m 6s | quantumsimulations] Extracting interactions: https://quantumsimulations.de/scientific-papers (3/18), chunk 11/35
[02:48:20 +30m 35s | quantumsimulations] Extracting interactions: https://quantumsimulations.de/scientific-papers (3/18), chunk 12/35
[02:48:54 +31m 6s | quantumsimulations] Extracting interactions: https://quantumsimulations.de/scientific-papers (3/18), chunk 13/35
[02:49:28 +31m 37s | quantumsimulations] Extracting interactions: https://quantumsimulations.de/scientific-papers (3/18), chunk 14/35
[02:49:58 +32m 4s | quantumsimulations] Extracting interactions: https://quantumsimulations.de/scientific-papers (3/18), chunk 15/35
[02:50:36 +32m 40s | quantumsimulations] Extracting interactions: https://quantumsimulations.de/scientific-papers (3/18), chunk 16/35
[02:51:10 +33m 11s | quantumsimulations] Extracting interactions: https://quantumsimulations.de/scientific-papers (3/18), chunk 17/35
[02:51:28 +33m 27s | quantumsimulations] Extracting interactions: https://quantumsimulations.de/scientific-papers (3/18), chunk 18/35
[02:52:01 +33m 57s | quantumsimulations] Extracting interactions: https://quantumsimulations.de/scientific-papers (3/18), chunk 19/35
[02:52:37 +34m 31s | quantumsimulations] Extracting interactions: https://quantumsimulations.de/scientific-papers (3/18), chunk 20/35
[02:53:12 +35m 3s | quantumsimulations] Extracting interactions: https://quantumsimulations.de/scientific-papers (3/18), chunk 21/35
[02:53:19 +35m 10s | quantumsimulations] Extracting interactions: https://quantumsimulations.de/scientific-papers (3/18), chunk 22/35
[02:53:26 +35m 17s | quantumsimulations] Extracting interactions: https://quantumsimulations.de/scientific-papers (3/18), chunk 23/35
[02:53:38 +35m 29s | quantumsimulations] Extracting interactions: https://quantumsimulations.de/scientific-papers (3/18), chunk 24/35
[02:54:00 +35m 48s | quantumsimulations] Extracting interactions: https://quantumsimulations.de/scientific-papers (3/18), chunk 26/35
[02:54:17 +36m 3s | quantumsimulations] Extracting interactions: https://quantumsimulations.de/scientific-papers (3/18), chunk 27/35
[02:54:47 +36m 33s | quantumsimulations] Extracting interactions: https://quantumsimulations.de/scientific-papers (3/18), chunk 28/35
[02:55:20 +37m 3s | quantumsimulations] Extracting interactions: https://quantumsimulations.de/scientific-papers (3/18), chunk 29/35
[02:55:50 +37m 30s | quantumsimulations] Extracting interactions: https://quantumsimulations.de/scientific-papers (3/18), chunk 30/35
[02:56:19 +37m 56s | quantumsimulations] Extracting interactions: https://quantumsimulations.de/scientific-papers (3/18), chunk 31/35
[02:56:28 +38m 6s | quantumsimulations] Extracting interactions: https://quantumsimulations.de/scientific-papers (3/18), chunk 32/35
[02:56:38 +38m 13s | quantumsimulations] Extracting interactions: https://quantumsimulations.de/scientific-papers (3/18), chunk 33/35
[02:56:42 +38m 16s | quantumsimulations] Extracting interactions: https://quantumsimulations.de/scientific-papers (3/18), chunk 34/35
[02:56:45 +38m 20s | quantumsimulations] Extracting interactions: https://quantumsimulations.de/scientific-papers (3/18), chunk 35/35
[02:56:48 +38m 22s | quantumsimulations] Extracting interactions: https://quantumsimulations.de/solutions (4/18), chunk 1/5
[02:56:49 +38m 24s | quantumsimulations] Extracting interactions: https://quantumsimulations.de/solutions (4/18), chunk 2/5
[02:56:54 +38m 29s | quantumsimulations] Extracting interactions: https://quantumsimulations.de/solutions (4/18), chunk 3/5
[02:57:03 +38m 37s | quantumsimulations] Extracting interactions: https://quantumsimulations.de/solutions (4/18), chunk 4/5
[02:57:09 +38m 44s | quantumsimulations] Extracting interactions: https://quantumsimulations.de/solutions (4/18), chunk 5/5
[02:57:16 +38m 48s | quantumsimulations] Extracting interactions: https://quantumsimulations.de/contact (5/18), chunk 1/4
[02:57:19 +38m 51s | quantumsimulations] Extracting interactions: https://quantumsimulations.de/contact (5/18), chunk 2/4
[02:57:20 +38m 52s | quantumsimulations] Extracting interactions: https://quantumsimulations.de/contact (5/18), chunk 3/4
[02:57:28 +39m 0s | quantumsimulations] Extracting interactions: https://quantumsimulations.de/contact (5/18), chunk 4/4
[02:57:36 +39m 8s | quantumsimulations] Extracting interactions: https://quantumsimulations.de/hqs-nextnmr (6/18), chunk 1/6
[02:57:37 +39m 9s | quantumsimulations] Extracting interactions: https://quantumsimulations.de/hqs-nextnmr (6/18), chunk 2/6
[02:57:41 +39m 13s | quantumsimulations] Extracting interactions: https://quantumsimulations.de/hqs-nextnmr (6/18), chunk 3/6
[02:57:44 +39m 16s | quantumsimulations] Extracting interactions: https://quantumsimulations.de/hqs-nextnmr (6/18), chunk 4/6
[02:57:58 +39m 28s | quantumsimulations] Extracting interactions: https://quantumsimulations.de/hqs-nextnmr (6/18), chunk 5/6
[02:58:09 +39m 38s | quantumsimulations] Extracting interactions: https://quantumsimulations.de/hqs-nextnmr (6/18), chunk 6/6
[02:58:14 +39m 44s | quantumsimulations] Extracting interactions: https://quantumsimulations.de (7/18), chunk 1/37
[02:58:15 +39m 45s | quantumsimulations] Extracting interactions: https://quantumsimulations.de (7/18), chunk 2/37
[02:58:17 +39m 47s | quantumsimulations] Extracting interactions: https://quantumsimulations.de (7/18), chunk 3/37
[02:58:23 +39m 51s | quantumsimulations] Extracting interactions: https://quantumsimulations.de (7/18), chunk 4/37
[02:58:34 +40m 2s | quantumsimulations] Extracting interactions: https://quantumsimulations.de (7/18), chunk 5/37
[02:58:43 +40m 10s | quantumsimulations] Extracting interactions: https://quantumsimulations.de (7/18), chunk 6/37
[02:58:48 +40m 16s | quantumsimulations] Extracting interactions: https://quantumsimulations.de (7/18), chunk 7/37
[02:59:01 +40m 26s | quantumsimulations] Extracting interactions: https://quantumsimulations.de (7/18), chunk 8/37
[02:59:11 +40m 36s | quantumsimulations] Extracting interactions: https://quantumsimulations.de (7/18), chunk 9/37
[02:59:16 +40m 41s | quantumsimulations] Extracting interactions: https://quantumsimulations.de (7/18), chunk 10/37
[02:59:24 +40m 49s | quantumsimulations] Extracting interactions: https://quantumsimulations.de (7/18), chunk 11/37
[02:59:31 +40m 53s | quantumsimulations] Extracting interactions: https://quantumsimulations.de (7/18), chunk 12/37
[02:59:35 +40m 57s | quantumsimulations] Extracting interactions: https://quantumsimulations.de (7/18), chunk 13/37
[02:59:41 +41m 3s | quantumsimulations] Extracting interactions: https://quantumsimulations.de (7/18), chunk 14/37
[02:59:52 +41m 14s | quantumsimulations] Extracting interactions: https://quantumsimulations.de (7/18), chunk 15/37
[02:59:57 +41m 19s | quantumsimulations] Extracting interactions: https://quantumsimulations.de (7/18), chunk 17/37
[03:00:06 +41m 26s | quantumsimulations] Extracting interactions: https://quantumsimulations.de (7/18), chunk 18/37
[03:00:15 +41m 34s | quantumsimulations] Extracting interactions: https://quantumsimulations.de (7/18), chunk 19/37
[03:00:20 +41m 40s | quantumsimulations] Extracting interactions: https://quantumsimulations.de (7/18), chunk 20/37
[03:00:34 +41m 54s | quantumsimulations] Extracting interactions: https://quantumsimulations.de (7/18), chunk 21/37
[03:00:43 +42m 0s | quantumsimulations] Extracting interactions: https://quantumsimulations.de (7/18), chunk 22/37
[03:00:48 +42m 5s | quantumsimulations] Extracting interactions: https://quantumsimulations.de (7/18), chunk 23/37
[03:00:53 +42m 9s | quantumsimulations] Extracting interactions: https://quantumsimulations.de (7/18), chunk 24/37
[03:01:03 +42m 20s | quantumsimulations] Extracting interactions: https://quantumsimulations.de (7/18), chunk 25/37
[03:01:20 +42m 34s | quantumsimulations] Extracting interactions: https://quantumsimulations.de (7/18), chunk 26/37
[03:01:27 +42m 42s | quantumsimulations] Extracting interactions: https://quantumsimulations.de (7/18), chunk 27/37
[03:01:37 +42m 51s | quantumsimulations] Extracting interactions: https://quantumsimulations.de (7/18), chunk 28/37
[03:01:43 +42m 57s | quantumsimulations] Extracting interactions: https://quantumsimulations.de (7/18), chunk 29/37
[03:01:54 +43m 6s | quantumsimulations] Extracting interactions: https://quantumsimulations.de (7/18), chunk 30/37
[03:02:01 +43m 13s | quantumsimulations] Extracting interactions: https://quantumsimulations.de (7/18), chunk 31/37
[03:02:04 +43m 16s | quantumsimulations] Extracting interactions: https://quantumsimulations.de (7/18), chunk 32/37
[03:02:08 +43m 20s | quantumsimulations] Extracting interactions: https://quantumsimulations.de (7/18), chunk 33/37
[03:02:15 +43m 27s | quantumsimulations] Extracting interactions: https://quantumsimulations.de (7/18), chunk 34/37
[03:02:28 +43m 38s | quantumsimulations] Extracting interactions: https://quantumsimulations.de (7/18), chunk 35/37
[03:02:38 +43m 47s | quantumsimulations] Extracting interactions: https://quantumsimulations.de (7/18), chunk 36/37
[03:02:53 +44m 2s | quantumsimulations] Extracting interactions: https://quantumsimulations.de (7/18), chunk 37/37
[03:03:03 +44m 10s | quantumsimulations] Extracting interactions: https://quantumsimulations.de/media-resources (8/18), chunk 1/4
[03:03:05 +44m 11s | quantumsimulations] Extracting interactions: https://quantumsimulations.de/media-resources (8/18), chunk 2/4
[03:03:07 +44m 13s | quantumsimulations] Extracting interactions: https://quantumsimulations.de/media-resources (8/18), chunk 3/4
[03:03:10 +44m 17s | quantumsimulations] Extracting interactions: https://quantumsimulations.de/media-resources (8/18), chunk 4/4
[03:03:15 +44m 22s | quantumsimulations] Extracting interactions: https://quantumsimulations.de/hqspectrum (9/18), chunk 1/12
[03:03:16 +44m 23s | quantumsimulations] Extracting interactions: https://quantumsimulations.de/hqspectrum (9/18), chunk 2/12
[03:03:19 +44m 26s | quantumsimulations] Extracting interactions: https://quantumsimulations.de/hqspectrum (9/18), chunk 3/12
[03:03:24 +44m 31s | quantumsimulations] Extracting interactions: https://quantumsimulations.de/hqspectrum (9/18), chunk 5/12
[03:03:29 +44m 36s | quantumsimulations] Extracting interactions: https://quantumsimulations.de/hqspectrum (9/18), chunk 6/12
[03:03:30 +44m 37s | quantumsimulations] Extracting interactions: https://quantumsimulations.de/hqspectrum (9/18), chunk 10/12
[03:03:43 +44m 48s | quantumsimulations] Extracting interactions: https://quantumsimulations.de/hqspectrum (9/18), chunk 11/12
[03:03:53 +44m 57s | quantumsimulations] Extracting interactions: https://quantumsimulations.de/hqspectrum (9/18), chunk 12/12
[03:03:56 +45m 1s | quantumsimulations] Extracting interactions: https://quantumsimulations.de/patents (10/18), chunk 1/6
[03:03:58 +45m 2s | quantumsimulations] Extracting interactions: https://quantumsimulations.de/patents (10/18), chunk 2/6
[03:04:03 +45m 7s | quantumsimulations] Extracting interactions: https://quantumsimulations.de/patents (10/18), chunk 3/6
[03:04:08 +45m 13s | quantumsimulations] Extracting interactions: https://quantumsimulations.de/patents (10/18), chunk 4/6
[03:04:10 +45m 14s | quantumsimulations] Extracting interactions: https://quantumsimulations.de/patents (10/18), chunk 5/6
[03:04:12 +45m 17s | quantumsimulations] Extracting interactions: https://quantumsimulations.de/patents (10/18), chunk 6/6
[03:04:22 +45m 26s | quantumsimulations] Extracting interactions: https://quantumsimulations.de/team (11/18), chunk 1/11
[03:04:27 +45m 29s | quantumsimulations] Extracting interactions: https://quantumsimulations.de/team (11/18), chunk 2/11
[03:04:29 +45m 30s | quantumsimulations] Extracting interactions: https://quantumsimulations.de/team (11/18), chunk 3/11
[03:04:34 +45m 35s | quantumsimulations] Extracting interactions: https://quantumsimulations.de/team (11/18), chunk 4/11
[03:04:45 +45m 46s | quantumsimulations] Extracting interactions: https://quantumsimulations.de/team (11/18), chunk 5/11
[03:04:55 +45m 56s | quantumsimulations] Extracting interactions: https://quantumsimulations.de/team (11/18), chunk 6/11
[03:04:57 +45m 58s | quantumsimulations] Extracting interactions: https://quantumsimulations.de/team (11/18), chunk 7/11
[03:04:58 +45m 59s | quantumsimulations] Extracting interactions: https://quantumsimulations.de/team (11/18), chunk 8/11
[03:05:01 +46m 3s | quantumsimulations] Extracting interactions: https://quantumsimulations.de/team (11/18), chunk 9/11
[03:05:06 +46m 7s | quantumsimulations] Extracting interactions: https://quantumsimulations.de/team (11/18), chunk 10/11
[03:05:36 +46m 34s | quantumsimulations] Extracting interactions: https://quantumsimulations.de/team (11/18), chunk 11/11
[03:05:48 +46m 46s | quantumsimulations] Extracting interactions: https://quantumsimulations.de/career (12/18), chunk 1/10
[03:05:50 +46m 48s | quantumsimulations] Extracting interactions: https://quantumsimulations.de/career (12/18), chunk 2/10
[03:05:52 +46m 50s | quantumsimulations] Extracting interactions: https://quantumsimulations.de/career (12/18), chunk 7/10
[03:05:57 +46m 55s | quantumsimulations] Extracting interactions: https://quantumsimulations.de/career (12/18), chunk 8/10
[03:06:10 +47m 7s | quantumsimulations] Extracting interactions: https://quantumsimulations.de/career (12/18), chunk 9/10
[03:06:13 +47m 10s | quantumsimulations] Extracting interactions: https://quantumsimulations.de/career (12/18), chunk 10/10
[03:06:16 +47m 13s | quantumsimulations] Extracting interactions: https://quantumsimulations.de/services (13/18), chunk 1/11
[03:06:18 +47m 14s | quantumsimulations] Extracting interactions: https://quantumsimulations.de/services (13/18), chunk 2/11
[03:06:19 +47m 16s | quantumsimulations] Extracting interactions: https://quantumsimulations.de/services (13/18), chunk 5/11
[03:06:24 +47m 21s | quantumsimulations] Extracting interactions: https://quantumsimulations.de/services (13/18), chunk 6/11
[03:06:30 +47m 27s | quantumsimulations] Extracting interactions: https://quantumsimulations.de/services (13/18), chunk 7/11
[03:06:37 +47m 34s | quantumsimulations] Extracting interactions: https://quantumsimulations.de/services (13/18), chunk 8/11
[03:06:48 +47m 42s | quantumsimulations] Extracting interactions: https://quantumsimulations.de/services (13/18), chunk 9/11
[03:06:54 +47m 49s | quantumsimulations] Extracting interactions: https://quantumsimulations.de/services (13/18), chunk 10/11
[03:07:08 +48m 2s | quantumsimulations] Extracting interactions: https://quantumsimulations.de/services (13/18), chunk 11/11
[03:07:14 +48m 8s | quantumsimulations] Extracting interactions: https://cloud.quantumsimulations.de (14/18), chunk 1/1
[03:07:22 +48m 14s | quantumsimulations] Extracting interactions: https://quantumsimulations.de/publications-1 (15/18), chunk 1/35
[03:07:24 +48m 16s | quantumsimulations] Extracting interactions: https://quantumsimulations.de/publications-1 (15/18), chunk 2/35
[03:07:28 +48m 20s | quantumsimulations] Extracting interactions: https://quantumsimulations.de/publications-1 (15/18), chunk 3/35
[03:07:59 +48m 48s | quantumsimulations] Extracting interactions: https://quantumsimulations.de/publications-1 (15/18), chunk 4/35
[03:08:28 +49m 15s | quantumsimulations] Extracting interactions: https://quantumsimulations.de/publications-1 (15/18), chunk 5/35
[03:09:01 +49m 46s | quantumsimulations] Extracting interactions: https://quantumsimulations.de/publications-1 (15/18), chunk 6/35
[03:09:25 +50m 9s | quantumsimulations] Extracting interactions: https://quantumsimulations.de/publications-1 (15/18), chunk 7/35
[03:09:47 +50m 29s | quantumsimulations] Extracting interactions: https://quantumsimulations.de/publications-1 (15/18), chunk 8/35
[03:10:21 +51m 1s | quantumsimulations] Extracting interactions: https://quantumsimulations.de/publications-1 (15/18), chunk 9/35
[03:10:37 +51m 17s | quantumsimulations] Extracting interactions: https://quantumsimulations.de/publications-1 (15/18), chunk 10/35
[03:11:00 +51m 38s | quantumsimulations] Extracting interactions: https://quantumsimulations.de/publications-1 (15/18), chunk 11/35
[03:11:37 +52m 11s | quantumsimulations] Extracting interactions: https://quantumsimulations.de/publications-1 (15/18), chunk 12/35
[03:12:03 +52m 36s | quantumsimulations] Extracting interactions: https://quantumsimulations.de/publications-1 (15/18), chunk 13/35
[03:12:37 +53m 8s | quantumsimulations] Extracting interactions: https://quantumsimulations.de/publications-1 (15/18), chunk 14/35
[03:13:12 +53m 40s | quantumsimulations] Extracting interactions: https://quantumsimulations.de/publications-1 (15/18), chunk 15/35
[03:13:43 +54m 9s | quantumsimulations] Extracting interactions: https://quantumsimulations.de/publications-1 (15/18), chunk 16/35
[03:14:17 +54m 40s | quantumsimulations] Extracting interactions: https://quantumsimulations.de/publications-1 (15/18), chunk 17/35
[03:14:33 +54m 56s | quantumsimulations] Extracting interactions: https://quantumsimulations.de/publications-1 (15/18), chunk 18/35
[03:15:07 +55m 28s | quantumsimulations] Extracting interactions: https://quantumsimulations.de/publications-1 (15/18), chunk 19/35
[03:15:35 +55m 54s | quantumsimulations] Extracting interactions: https://quantumsimulations.de/publications-1 (15/18), chunk 20/35
[03:16:13 +56m 30s | quantumsimulations] Extracting interactions: https://quantumsimulations.de/publications-1 (15/18), chunk 21/35
[03:16:29 +56m 44s | quantumsimulations] Extracting interactions: https://quantumsimulations.de/publications-1 (15/18), chunk 22/35
[03:16:39 +56m 53s | quantumsimulations] Extracting interactions: https://quantumsimulations.de/publications-1 (15/18), chunk 23/35
[03:16:54 +57m 9s | quantumsimulations] Extracting interactions: https://quantumsimulations.de/publications-1 (15/18), chunk 24/35
[03:17:05 +57m 17s | quantumsimulations] Extracting interactions: https://quantumsimulations.de/publications-1 (15/18), chunk 26/35
[03:17:18 +57m 30s | quantumsimulations] Extracting interactions: https://quantumsimulations.de/publications-1 (15/18), chunk 27/35
[03:17:52 +58m 1s | quantumsimulations] Extracting interactions: https://quantumsimulations.de/publications-1 (15/18), chunk 28/35
[03:18:21 +58m 28s | quantumsimulations] Extracting interactions: https://quantumsimulations.de/publications-1 (15/18), chunk 29/35
[03:18:50 +58m 54s | quantumsimulations] Extracting interactions: https://quantumsimulations.de/publications-1 (15/18), chunk 30/35
[03:19:25 +59m 27s | quantumsimulations] Extracting interactions: https://quantumsimulations.de/publications-1 (15/18), chunk 31/35
[03:19:33 +59m 34s | quantumsimulations] Extracting interactions: https://quantumsimulations.de/publications-1 (15/18), chunk 32/35
[03:19:41 +59m 42s | quantumsimulations] Extracting interactions: https://quantumsimulations.de/publications-1 (15/18), chunk 33/35
[03:19:44 +59m 46s | quantumsimulations] Extracting interactions: https://quantumsimulations.de/publications-1 (15/18), chunk 34/35
[03:19:52 +59m 54s | quantumsimulations] Extracting interactions: https://quantumsimulations.de/publications-1 (15/18), chunk 35/35
[03:19:54 +59m 55s | quantumsimulations] Extracting interactions: https://quantumsimulations.de/stay-tuned (16/18), chunk 1/37
[03:19:55 +59m 57s | quantumsimulations] Extracting interactions: https://quantumsimulations.de/stay-tuned (16/18), chunk 2/37
[03:19:59 +59m 58s | quantumsimulations] Extracting interactions: https://quantumsimulations.de/stay-tuned (16/18), chunk 3/37
[03:20:03 +1h 0m 2s | quantumsimulations] Extracting interactions: https://quantumsimulations.de/stay-tuned (16/18), chunk 4/37
[03:20:06 +1h 0m 5s | quantumsimulations] Extracting interactions: https://quantumsimulations.de/stay-tuned (16/18), chunk 5/37
[03:20:12 +1h 0m 11s | quantumsimulations] Extracting interactions: https://quantumsimulations.de/stay-tuned (16/18), chunk 6/37
[03:20:22 +1h 0m 21s | quantumsimulations] Extracting interactions: https://quantumsimulations.de/stay-tuned (16/18), chunk 7/37
[03:20:26 +1h 0m 25s | quantumsimulations] Extracting interactions: https://quantumsimulations.de/stay-tuned (16/18), chunk 8/37
[03:20:37 +1h 0m 33s | quantumsimulations] Extracting interactions: https://quantumsimulations.de/stay-tuned (16/18), chunk 9/37
[03:20:41 +1h 0m 37s | quantumsimulations] Extracting interactions: https://quantumsimulations.de/stay-tuned (16/18), chunk 10/37
[03:20:44 +1h 0m 40s | quantumsimulations] Extracting interactions: https://quantumsimulations.de/stay-tuned (16/18), chunk 11/37
[03:20:50 +1h 0m 47s | quantumsimulations] Extracting interactions: https://quantumsimulations.de/stay-tuned (16/18), chunk 12/37
[03:20:57 +1h 0m 54s | quantumsimulations] Extracting interactions: https://quantumsimulations.de/stay-tuned (16/18), chunk 13/37
[03:21:03 +1h 0m 59s | quantumsimulations] Extracting interactions: https://quantumsimulations.de/stay-tuned (16/18), chunk 15/37
[03:21:16 +1h 1m 10s | quantumsimulations] Extracting interactions: https://quantumsimulations.de/stay-tuned (16/18), chunk 16/37
[03:21:22 +1h 1m 15s | quantumsimulations] Extracting interactions: https://quantumsimulations.de/stay-tuned (16/18), chunk 17/37
[03:21:27 +1h 1m 21s | quantumsimulations] Extracting interactions: https://quantumsimulations.de/stay-tuned (16/18), chunk 18/37
[03:21:44 +1h 1m 34s | quantumsimulations] Extracting interactions: https://quantumsimulations.de/stay-tuned (16/18), chunk 19/37
[03:21:53 +1h 1m 44s | quantumsimulations] Extracting interactions: https://quantumsimulations.de/stay-tuned (16/18), chunk 20/37
[03:22:00 +1h 1m 51s | quantumsimulations] Extracting interactions: https://quantumsimulations.de/stay-tuned (16/18), chunk 21/37
[03:22:07 +1h 1m 58s | quantumsimulations] Extracting interactions: https://quantumsimulations.de/stay-tuned (16/18), chunk 22/37
[03:22:12 +1h 2m 2s | quantumsimulations] Extracting interactions: https://quantumsimulations.de/stay-tuned (16/18), chunk 23/37
[03:22:29 +1h 2m 16s | quantumsimulations] Extracting interactions: https://quantumsimulations.de/stay-tuned (16/18), chunk 24/37
[03:22:44 +1h 2m 32s | quantumsimulations] Extracting interactions: https://quantumsimulations.de/stay-tuned (16/18), chunk 25/37
[03:22:54 +1h 2m 39s | quantumsimulations] Extracting interactions: https://quantumsimulations.de/stay-tuned (16/18), chunk 26/37
[03:23:01 +1h 2m 45s | quantumsimulations] Extracting interactions: https://quantumsimulations.de/stay-tuned (16/18), chunk 27/37
[03:23:06 +1h 2m 51s | quantumsimulations] Extracting interactions: https://quantumsimulations.de/stay-tuned (16/18), chunk 28/37
[03:23:13 +1h 2m 58s | quantumsimulations] Extracting interactions: https://quantumsimulations.de/stay-tuned (16/18), chunk 29/37
[03:23:19 +1h 3m 4s | quantumsimulations] Extracting interactions: https://quantumsimulations.de/stay-tuned (16/18), chunk 30/37
[03:23:26 +1h 3m 10s | quantumsimulations] Extracting interactions: https://quantumsimulations.de/stay-tuned (16/18), chunk 31/37
[03:23:32 +1h 3m 17s | quantumsimulations] Extracting interactions: https://quantumsimulations.de/stay-tuned (16/18), chunk 32/37
[03:23:53 +1h 3m 34s | quantumsimulations] Extracting interactions: https://quantumsimulations.de/stay-tuned (16/18), chunk 33/37
[03:24:04 +1h 3m 45s | quantumsimulations] Extracting interactions: https://quantumsimulations.de/stay-tuned (16/18), chunk 34/37
[03:24:11 +1h 3m 52s | quantumsimulations] Extracting interactions: https://quantumsimulations.de/stay-tuned (16/18), chunk 35/37
[03:24:23 +1h 4m 3s | quantumsimulations] Extracting interactions: https://quantumsimulations.de/stay-tuned (16/18), chunk 36/37
[03:24:32 +1h 4m 12s | quantumsimulations] Extracting interactions: https://quantumsimulations.de/stay-tuned (16/18), chunk 37/37
[03:24:36 +1h 4m 16s | quantumsimulations] Extracting interactions: https://quantumsimulations.de/paper-use-cases (17/18), chunk 1/5
[03:24:37 +1h 4m 17s | quantumsimulations] Extracting interactions: https://quantumsimulations.de/paper-use-cases (17/18), chunk 2/5
[03:24:39 +1h 4m 19s | quantumsimulations] Extracting interactions: https://quantumsimulations.de/paper-use-cases (17/18), chunk 3/5
[03:24:43 +1h 4m 23s | quantumsimulations] Extracting interactions: https://quantumsimulations.de/paper-use-cases (17/18), chunk 4/5
[03:24:46 +1h 4m 26s | quantumsimulations] Extracting interactions: https://quantumsimulations.de/paper-use-cases (17/18), chunk 5/5
[03:24:49 +1h 4m 29s | quantumsimulations] Extracting interactions: https://forms.cloud.quantumsimulations.de/webinar-can-i-use-benchtop-NMR-in-my-lab (18/18), chunk 2/4
[03:24:56 +1h 4m 34s | quantumsimulations] Extracting interactions: https://forms.cloud.quantumsimulations.de/webinar-can-i-use-benchtop-NMR-in-my-lab (18/18), chunk 3/4
[03:25:00 +1h 4m 37s | quantumsimulations] Extracting interactions: https://forms.cloud.quantumsimulations.de/webinar-can-i-use-benchtop-NMR-in-my-lab (18/18), chunk 4/4
[03:25:06 +1h 4m 43s | quantumsimulations] Saved 3_interaction_results.json with 668 extracted interactions.

[03:25:06 +1h 4m 43s | quantumsimulations] === 4 clean interactions ===
[03:25:06 +1h 4m 44s | quantumsimulations] Saved 4_edges.json with 32 cleaned interactions.

[03:25:06 +1h 4m 44s | quantumsimulations] === 5 helix enrichment ===
[03:25:06 +1h 4m 44s | quantumsimulations] Wrote 5_nodes.json (87 actors)
[03:25:06 +1h 4m 44s | quantumsimulations] Wrote 5_edges.json (32 interactions)
[03:25:06 +1h 4m 44s | quantumsimulations] Actor helix counts: {'Academia': 10, 'Civil Society': 2, 'Government': 2, 'Industry': 26, 'Unknown': 47}
[03:25:06 +1h 4m 44s | quantumsimulations] Functional-space counts: {'Innovation': 10, 'Intra-helix / Not classified': 20, 'Unknown': 2}

[03:25:06 +1h 4m 44s | quantumsimulations] === 6 network visualisation ===
[03:25:07 +1h 4m 44s | quantumsimulations] Wrote quantum_network.html
[03:25:07 +1h 4m 44s | quantumsimulations] Nodes: 87
[03:25:07 +1h 4m 44s | quantumsimulations] Edges: 15

[03:25:07 +1h 4m 44s | quantumsimulations] Done. Outputs written to: /home/lv/IDP/idpdeeptech/pipeline/site_outputs/quantumsimulations
[03:25:07 +1h 4m 44s | quantumsimulations] Log: /home/lv/IDP/idpdeeptech/pipeline/site_outputs/quantumsimulations/run.log

========================================================================
RUN FINISHED 2026-06-17 03:25:07  (OK)
Started:     2026-06-17 02:15:33
Elapsed:     1h 4m 44s
========================================================================
