
========================================================================
RUN STARTED  2026-07-02 00:09:55
site_pipeline.py https://thequantuminsider.com/2020/04/26/the-importance-of-quantum-exercises/
========================================================================

[00:09:55 +0s | thequantuminsider_2020_04_26_the_importance_of_quantum_exercises] === 0 crawl site ===
[00:09:56 +1s | thequantuminsider_2020_04_26_the_importance_of_quantum_exercises] [INIT].... → Crawl4AI 0.8.6 
[00:09:58 +3s | thequantuminsider_2020_04_26_the_importance_of_quantum_exercises] [FETCH]... ↓ https://thequantuminsider.com/2020/04/26/the-importance-of-quantum-exercises/                        | ✓ | ⏱: 1.89s 
[00:09:58 +3s | thequantuminsider_2020_04_26_the_importance_of_quantum_exercises] [SCRAPE].. ◆ https://thequantuminsider.com/2020/04/26/the-importance-of-quantum-exercises/                        | ✓ | ⏱: 0.13s 
[00:09:58 +3s | thequantuminsider_2020_04_26_the_importance_of_quantum_exercises] [COMPLETE] ● https://thequantuminsider.com/2020/04/26/the-importance-of-quantum-exercises/                        | ✓ | ⏱: 2.04s 
[00:09:58 +3s | thequantuminsider_2020_04_26_the_importance_of_quantum_exercises] Saved: crawl_output/6f0d7a0018_thequantuminsider.com_2020_04_26_the-importance-of-quantum-exercises.json

[00:09:58 +4s | thequantuminsider_2020_04_26_the_importance_of_quantum_exercises] === 1 actor extraction ===
[00:09:58 +4s | thequantuminsider_2020_04_26_the_importance_of_quantum_exercises] Reading page (1/1): https://thequantuminsider.com/2020/04/26/the-importance-of-quantum-exercises
[00:09:58 +4s | thequantuminsider_2020_04_26_the_importance_of_quantum_exercises] Extracting actors: https://thequantuminsider.com/2020/04/26/the-importance-of-quantum-exercises (1/1), chunk 1/39
[00:10:02 +8s | thequantuminsider_2020_04_26_the_importance_of_quantum_exercises] Extracting actors: https://thequantuminsider.com/2020/04/26/the-importance-of-quantum-exercises (1/1), chunk 2/39
[00:10:07 +13s | thequantuminsider_2020_04_26_the_importance_of_quantum_exercises] Extracting actors: https://thequantuminsider.com/2020/04/26/the-importance-of-quantum-exercises (1/1), chunk 3/39
[00:10:11 +17s | thequantuminsider_2020_04_26_the_importance_of_quantum_exercises] Extracting actors: https://thequantuminsider.com/2020/04/26/the-importance-of-quantum-exercises (1/1), chunk 4/39
[00:10:16 +22s | thequantuminsider_2020_04_26_the_importance_of_quantum_exercises] Extracting actors: https://thequantuminsider.com/2020/04/26/the-importance-of-quantum-exercises (1/1), chunk 5/39
[00:10:20 +25s | thequantuminsider_2020_04_26_the_importance_of_quantum_exercises] Extracting actors: https://thequantuminsider.com/2020/04/26/the-importance-of-quantum-exercises (1/1), chunk 6/39
[00:10:28 +31s | thequantuminsider_2020_04_26_the_importance_of_quantum_exercises] Extracting actors: https://thequantuminsider.com/2020/04/26/the-importance-of-quantum-exercises (1/1), chunk 7/39
[00:10:35 +37s | thequantuminsider_2020_04_26_the_importance_of_quantum_exercises] Extracting actors: https://thequantuminsider.com/2020/04/26/the-importance-of-quantum-exercises (1/1), chunk 8/39
[00:10:41 +43s | thequantuminsider_2020_04_26_the_importance_of_quantum_exercises] Extracting actors: https://thequantuminsider.com/2020/04/26/the-importance-of-quantum-exercises (1/1), chunk 9/39
[00:10:46 +48s | thequantuminsider_2020_04_26_the_importance_of_quantum_exercises] Extracting actors: https://thequantuminsider.com/2020/04/26/the-importance-of-quantum-exercises (1/1), chunk 10/39
[00:10:50 +52s | thequantuminsider_2020_04_26_the_importance_of_quantum_exercises] Extracting actors: https://thequantuminsider.com/2020/04/26/the-importance-of-quantum-exercises (1/1), chunk 11/39
[00:10:54 +57s | thequantuminsider_2020_04_26_the_importance_of_quantum_exercises] Extracting actors: https://thequantuminsider.com/2020/04/26/the-importance-of-quantum-exercises (1/1), chunk 12/39
[00:11:03 +1m 3s | thequantuminsider_2020_04_26_the_importance_of_quantum_exercises] Repaired malformed JSON.
[00:11:03 +1m 3s | thequantuminsider_2020_04_26_the_importance_of_quantum_exercises] Extracting actors: https://thequantuminsider.com/2020/04/26/the-importance-of-quantum-exercises (1/1), chunk 13/39
[00:11:10 +1m 10s | thequantuminsider_2020_04_26_the_importance_of_quantum_exercises] Repaired malformed JSON.
[00:11:10 +1m 10s | thequantuminsider_2020_04_26_the_importance_of_quantum_exercises] Extracting actors: https://thequantuminsider.com/2020/04/26/the-importance-of-quantum-exercises (1/1), chunk 14/39
[00:11:18 +1m 17s | thequantuminsider_2020_04_26_the_importance_of_quantum_exercises] Repaired malformed JSON.
[00:11:18 +1m 17s | thequantuminsider_2020_04_26_the_importance_of_quantum_exercises] Extracting actors: https://thequantuminsider.com/2020/04/26/the-importance-of-quantum-exercises (1/1), chunk 15/39
[00:11:23 +1m 22s | thequantuminsider_2020_04_26_the_importance_of_quantum_exercises] Extracting actors: https://thequantuminsider.com/2020/04/26/the-importance-of-quantum-exercises (1/1), chunk 16/39
[00:11:30 +1m 30s | thequantuminsider_2020_04_26_the_importance_of_quantum_exercises] Repaired malformed JSON.
[00:11:30 +1m 30s | thequantuminsider_2020_04_26_the_importance_of_quantum_exercises] Extracting actors: https://thequantuminsider.com/2020/04/26/the-importance-of-quantum-exercises (1/1), chunk 17/39
[00:11:40 +1m 36s | thequantuminsider_2020_04_26_the_importance_of_quantum_exercises] Repaired malformed JSON.
[00:11:40 +1m 36s | thequantuminsider_2020_04_26_the_importance_of_quantum_exercises] Extracting actors: https://thequantuminsider.com/2020/04/26/the-importance-of-quantum-exercises (1/1), chunk 18/39
[00:11:47 +1m 43s | thequantuminsider_2020_04_26_the_importance_of_quantum_exercises] Repaired malformed JSON.
[00:11:47 +1m 43s | thequantuminsider_2020_04_26_the_importance_of_quantum_exercises] Extracting actors: https://thequantuminsider.com/2020/04/26/the-importance-of-quantum-exercises (1/1), chunk 19/39
[00:11:55 +1m 51s | thequantuminsider_2020_04_26_the_importance_of_quantum_exercises] Repaired malformed JSON.
[00:11:55 +1m 51s | thequantuminsider_2020_04_26_the_importance_of_quantum_exercises] Extracting actors: https://thequantuminsider.com/2020/04/26/the-importance-of-quantum-exercises (1/1), chunk 20/39
[00:12:00 +1m 57s | thequantuminsider_2020_04_26_the_importance_of_quantum_exercises] Repaired malformed JSON.
[00:12:00 +1m 57s | thequantuminsider_2020_04_26_the_importance_of_quantum_exercises] Extracting actors: https://thequantuminsider.com/2020/04/26/the-importance-of-quantum-exercises (1/1), chunk 21/39
[00:12:06 +2m 2s | thequantuminsider_2020_04_26_the_importance_of_quantum_exercises] Repaired malformed JSON.
[00:12:06 +2m 2s | thequantuminsider_2020_04_26_the_importance_of_quantum_exercises] Extracting actors: https://thequantuminsider.com/2020/04/26/the-importance-of-quantum-exercises (1/1), chunk 22/39
[00:12:16 +2m 9s | thequantuminsider_2020_04_26_the_importance_of_quantum_exercises] Repaired malformed JSON.
[00:12:16 +2m 9s | thequantuminsider_2020_04_26_the_importance_of_quantum_exercises] Extracting actors: https://thequantuminsider.com/2020/04/26/the-importance-of-quantum-exercises (1/1), chunk 23/39
[00:12:25 +2m 18s | thequantuminsider_2020_04_26_the_importance_of_quantum_exercises] Repaired malformed JSON.
[00:12:25 +2m 18s | thequantuminsider_2020_04_26_the_importance_of_quantum_exercises] Extracting actors: https://thequantuminsider.com/2020/04/26/the-importance-of-quantum-exercises (1/1), chunk 24/39
[00:12:31 +2m 24s | thequantuminsider_2020_04_26_the_importance_of_quantum_exercises] Repaired malformed JSON.
[00:12:31 +2m 24s | thequantuminsider_2020_04_26_the_importance_of_quantum_exercises] Extracting actors: https://thequantuminsider.com/2020/04/26/the-importance-of-quantum-exercises (1/1), chunk 25/39
[00:12:35 +2m 28s | thequantuminsider_2020_04_26_the_importance_of_quantum_exercises] Extracting actors: https://thequantuminsider.com/2020/04/26/the-importance-of-quantum-exercises (1/1), chunk 26/39
[00:12:43 +2m 36s | thequantuminsider_2020_04_26_the_importance_of_quantum_exercises] Repaired malformed JSON.
[00:12:43 +2m 36s | thequantuminsider_2020_04_26_the_importance_of_quantum_exercises] Extracting actors: https://thequantuminsider.com/2020/04/26/the-importance-of-quantum-exercises (1/1), chunk 27/39
[00:12:50 +2m 41s | thequantuminsider_2020_04_26_the_importance_of_quantum_exercises] Extracting actors: https://thequantuminsider.com/2020/04/26/the-importance-of-quantum-exercises (1/1), chunk 28/39
[00:12:54 +2m 44s | thequantuminsider_2020_04_26_the_importance_of_quantum_exercises] Extracting actors: https://thequantuminsider.com/2020/04/26/the-importance-of-quantum-exercises (1/1), chunk 29/39
[00:13:00 +2m 51s | thequantuminsider_2020_04_26_the_importance_of_quantum_exercises] Repaired malformed JSON.
[00:13:00 +2m 51s | thequantuminsider_2020_04_26_the_importance_of_quantum_exercises] Extracting actors: https://thequantuminsider.com/2020/04/26/the-importance-of-quantum-exercises (1/1), chunk 30/39
[00:13:09 +2m 59s | thequantuminsider_2020_04_26_the_importance_of_quantum_exercises] Repaired malformed JSON.
[00:13:09 +2m 59s | thequantuminsider_2020_04_26_the_importance_of_quantum_exercises] Extracting actors: https://thequantuminsider.com/2020/04/26/the-importance-of-quantum-exercises (1/1), chunk 31/39
[00:13:15 +3m 6s | thequantuminsider_2020_04_26_the_importance_of_quantum_exercises] Repaired malformed JSON.
[00:13:15 +3m 6s | thequantuminsider_2020_04_26_the_importance_of_quantum_exercises] Extracting actors: https://thequantuminsider.com/2020/04/26/the-importance-of-quantum-exercises (1/1), chunk 32/39
[00:13:25 +3m 13s | thequantuminsider_2020_04_26_the_importance_of_quantum_exercises] Repaired malformed JSON.
[00:13:25 +3m 13s | thequantuminsider_2020_04_26_the_importance_of_quantum_exercises] Extracting actors: https://thequantuminsider.com/2020/04/26/the-importance-of-quantum-exercises (1/1), chunk 33/39
[00:13:31 +3m 18s | thequantuminsider_2020_04_26_the_importance_of_quantum_exercises] Repaired malformed JSON.
[00:13:31 +3m 18s | thequantuminsider_2020_04_26_the_importance_of_quantum_exercises] Extracting actors: https://thequantuminsider.com/2020/04/26/the-importance-of-quantum-exercises (1/1), chunk 34/39
[00:13:37 +3m 25s | thequantuminsider_2020_04_26_the_importance_of_quantum_exercises] Repaired malformed JSON.
[00:13:37 +3m 25s | thequantuminsider_2020_04_26_the_importance_of_quantum_exercises] Extracting actors: https://thequantuminsider.com/2020/04/26/the-importance-of-quantum-exercises (1/1), chunk 35/39
[00:13:43 +3m 31s | thequantuminsider_2020_04_26_the_importance_of_quantum_exercises] Repaired malformed JSON.
[00:13:43 +3m 31s | thequantuminsider_2020_04_26_the_importance_of_quantum_exercises] Extracting actors: https://thequantuminsider.com/2020/04/26/the-importance-of-quantum-exercises (1/1), chunk 36/39
[00:13:50 +3m 37s | thequantuminsider_2020_04_26_the_importance_of_quantum_exercises] Repaired malformed JSON.
[00:13:50 +3m 37s | thequantuminsider_2020_04_26_the_importance_of_quantum_exercises] Extracting actors: https://thequantuminsider.com/2020/04/26/the-importance-of-quantum-exercises (1/1), chunk 37/39
[00:13:55 +3m 43s | thequantuminsider_2020_04_26_the_importance_of_quantum_exercises] Extracting actors: https://thequantuminsider.com/2020/04/26/the-importance-of-quantum-exercises (1/1), chunk 38/39
[00:14:03 +3m 48s | thequantuminsider_2020_04_26_the_importance_of_quantum_exercises] Repaired malformed JSON.
[00:14:03 +3m 48s | thequantuminsider_2020_04_26_the_importance_of_quantum_exercises] Extracting actors: https://thequantuminsider.com/2020/04/26/the-importance-of-quantum-exercises (1/1), chunk 39/39
[00:14:06 +3m 51s | thequantuminsider_2020_04_26_the_importance_of_quantum_exercises] Saved 1_actor_results.json with 59 extracted records

[00:14:06 +3m 51s | thequantuminsider_2020_04_26_the_importance_of_quantum_exercises] === 2 clean actors ===
[00:14:06 +3m 51s | thequantuminsider_2020_04_26_the_importance_of_quantum_exercises] Loaded 59 extracted records
[00:14:06 +3m 51s | thequantuminsider_2020_04_26_the_importance_of_quantum_exercises] Saved 2_actor_nodes.json with 23 canonical actor nodes

[00:14:06 +3m 51s | thequantuminsider_2020_04_26_the_importance_of_quantum_exercises] === 3 interaction extraction ===
[00:14:06 +3m 51s | thequantuminsider_2020_04_26_the_importance_of_quantum_exercises] Extracting interactions: https://thequantuminsider.com/2020/04/26/the-importance-of-quantum-exercises (1/1), chunk 13/39
[00:14:13 +3m 58s | thequantuminsider_2020_04_26_the_importance_of_quantum_exercises] Extracting interactions: https://thequantuminsider.com/2020/04/26/the-importance-of-quantum-exercises (1/1), chunk 14/39
[00:14:19 +4m 4s | thequantuminsider_2020_04_26_the_importance_of_quantum_exercises] Extracting interactions: https://thequantuminsider.com/2020/04/26/the-importance-of-quantum-exercises (1/1), chunk 16/39
[00:14:21 +4m 6s | thequantuminsider_2020_04_26_the_importance_of_quantum_exercises] Extracting interactions: https://thequantuminsider.com/2020/04/26/the-importance-of-quantum-exercises (1/1), chunk 17/39
[00:14:25 +4m 10s | thequantuminsider_2020_04_26_the_importance_of_quantum_exercises] Extracting interactions: https://thequantuminsider.com/2020/04/26/the-importance-of-quantum-exercises (1/1), chunk 18/39
[00:14:46 +4m 28s | thequantuminsider_2020_04_26_the_importance_of_quantum_exercises] Extracting interactions: https://thequantuminsider.com/2020/04/26/the-importance-of-quantum-exercises (1/1), chunk 19/39
[00:14:50 +4m 31s | thequantuminsider_2020_04_26_the_importance_of_quantum_exercises] Extracting interactions: https://thequantuminsider.com/2020/04/26/the-importance-of-quantum-exercises (1/1), chunk 20/39
[00:15:03 +4m 45s | thequantuminsider_2020_04_26_the_importance_of_quantum_exercises] Extracting interactions: https://thequantuminsider.com/2020/04/26/the-importance-of-quantum-exercises (1/1), chunk 21/39
[00:15:17 +4m 56s | thequantuminsider_2020_04_26_the_importance_of_quantum_exercises] Extracting interactions: https://thequantuminsider.com/2020/04/26/the-importance-of-quantum-exercises (1/1), chunk 22/39
[00:15:22 +5m 1s | thequantuminsider_2020_04_26_the_importance_of_quantum_exercises] Extracting interactions: https://thequantuminsider.com/2020/04/26/the-importance-of-quantum-exercises (1/1), chunk 23/39
[00:15:28 +5m 7s | thequantuminsider_2020_04_26_the_importance_of_quantum_exercises] Extracting interactions: https://thequantuminsider.com/2020/04/26/the-importance-of-quantum-exercises (1/1), chunk 26/39
[00:15:33 +5m 11s | thequantuminsider_2020_04_26_the_importance_of_quantum_exercises] Extracting interactions: https://thequantuminsider.com/2020/04/26/the-importance-of-quantum-exercises (1/1), chunk 27/39
[00:15:34 +5m 13s | thequantuminsider_2020_04_26_the_importance_of_quantum_exercises] Extracting interactions: https://thequantuminsider.com/2020/04/26/the-importance-of-quantum-exercises (1/1), chunk 28/39
[00:15:36 +5m 14s | thequantuminsider_2020_04_26_the_importance_of_quantum_exercises] Extracting interactions: https://thequantuminsider.com/2020/04/26/the-importance-of-quantum-exercises (1/1), chunk 30/39
[00:15:37 +5m 16s | thequantuminsider_2020_04_26_the_importance_of_quantum_exercises] Extracting interactions: https://thequantuminsider.com/2020/04/26/the-importance-of-quantum-exercises (1/1), chunk 31/39
[00:15:38 +5m 17s | thequantuminsider_2020_04_26_the_importance_of_quantum_exercises] Extracting interactions: https://thequantuminsider.com/2020/04/26/the-importance-of-quantum-exercises (1/1), chunk 32/39
[00:15:40 +5m 19s | thequantuminsider_2020_04_26_the_importance_of_quantum_exercises] Extracting interactions: https://thequantuminsider.com/2020/04/26/the-importance-of-quantum-exercises (1/1), chunk 33/39
[00:15:47 +5m 23s | thequantuminsider_2020_04_26_the_importance_of_quantum_exercises] Extracting interactions: https://thequantuminsider.com/2020/04/26/the-importance-of-quantum-exercises (1/1), chunk 34/39
[00:15:49 +5m 25s | thequantuminsider_2020_04_26_the_importance_of_quantum_exercises] Extracting interactions: https://thequantuminsider.com/2020/04/26/the-importance-of-quantum-exercises (1/1), chunk 35/39
[00:15:50 +5m 26s | thequantuminsider_2020_04_26_the_importance_of_quantum_exercises] Extracting interactions: https://thequantuminsider.com/2020/04/26/the-importance-of-quantum-exercises (1/1), chunk 36/39
[00:15:52 +5m 28s | thequantuminsider_2020_04_26_the_importance_of_quantum_exercises] Saved 3_interaction_results.json with 14 extracted interactions.

[00:15:52 +5m 28s | thequantuminsider_2020_04_26_the_importance_of_quantum_exercises] === 4 clean interactions ===
[00:15:52 +5m 28s | thequantuminsider_2020_04_26_the_importance_of_quantum_exercises] Saved 4_edges.json with 0 cleaned interactions.

[00:15:52 +5m 28s | thequantuminsider_2020_04_26_the_importance_of_quantum_exercises] === 5 helix enrichment ===
[00:15:52 +5m 28s | thequantuminsider_2020_04_26_the_importance_of_quantum_exercises] Wrote 5_nodes.json (23 actors)
[00:15:52 +5m 28s | thequantuminsider_2020_04_26_the_importance_of_quantum_exercises] Wrote 5_edges.json (0 interactions)
[00:15:52 +5m 28s | thequantuminsider_2020_04_26_the_importance_of_quantum_exercises] Actor helix counts: {'Civil Society': 2, 'Government': 2, 'Industry': 6, 'Unknown': 13}
[00:15:52 +5m 28s | thequantuminsider_2020_04_26_the_importance_of_quantum_exercises] Functional-space counts: {}

[00:15:52 +5m 28s | thequantuminsider_2020_04_26_the_importance_of_quantum_exercises] === 6 network visualisation ===
[00:15:52 +5m 28s | thequantuminsider_2020_04_26_the_importance_of_quantum_exercises] Wrote quantum_network.html
[00:15:52 +5m 28s | thequantuminsider_2020_04_26_the_importance_of_quantum_exercises] Nodes: 23
[00:15:52 +5m 28s | thequantuminsider_2020_04_26_the_importance_of_quantum_exercises] Edges: 0

[00:15:52 +5m 28s | thequantuminsider_2020_04_26_the_importance_of_quantum_exercises] Done. Outputs written to: /home/lv/IDP/idpdeeptech/pipeline/news_outputs/thequantuminsider_2020_04_26_the_importance_of_quantum_exercises
[00:15:52 +5m 28s | thequantuminsider_2020_04_26_the_importance_of_quantum_exercises] Log: /home/lv/IDP/idpdeeptech/pipeline/news_outputs/thequantuminsider_2020_04_26_the_importance_of_quantum_exercises/run.log

========================================================================
RUN FINISHED 2026-07-02 00:15:52  (OK)
Started:     2026-07-02 00:09:55
Elapsed:     5m 28s
========================================================================
