
========================================================================
RUN STARTED  2026-07-02 10:59:59
site_pipeline.py https://thequantuminsider.com/2024/02/06/eurohpc-ju-launches-procurement-for-new-quantum-computer-in-france/
========================================================================

[10:59:59 +0s | thequantuminsider_2024_02_06_eurohpc_ju_launches_procurement_for_new_quantum_computer_in_france] === 0 crawl site ===
[11:00:01 +3s | thequantuminsider_2024_02_06_eurohpc_ju_launches_procurement_for_new_quantum_computer_in_france] [INIT].... → Crawl4AI 0.8.6 
[11:00:04 +5s | thequantuminsider_2024_02_06_eurohpc_ju_launches_procurement_for_new_quantum_computer_in_france] [FETCH]... ↓ https://thequantuminsider.com/2024/02/06/eurohpc...-procurement-for-new-quantum-computer-in-france/  | ✓ | ⏱: 2.39s 
[11:00:04 +5s | thequantuminsider_2024_02_06_eurohpc_ju_launches_procurement_for_new_quantum_computer_in_france] [SCRAPE].. ◆ https://thequantuminsider.com/2024/02/06/eurohpc...-procurement-for-new-quantum-computer-in-france/  | ✓ | ⏱: 0.11s 
[11:00:04 +5s | thequantuminsider_2024_02_06_eurohpc_ju_launches_procurement_for_new_quantum_computer_in_france] [COMPLETE] ● https://thequantuminsider.com/2024/02/06/eurohpc...-procurement-for-new-quantum-computer-in-france/  | ✓ | ⏱: 2.52s 
[11:00:04 +5s | thequantuminsider_2024_02_06_eurohpc_ju_launches_procurement_for_new_quantum_computer_in_france] Saved: crawl_output/cb21ad75ad_thequantuminsider.com_2024_02_06_eurohpc-ju-launches-procurement-for-new-quantum-computer-in-france.json

[11:00:04 +5s | thequantuminsider_2024_02_06_eurohpc_ju_launches_procurement_for_new_quantum_computer_in_france] === 1 actor extraction ===
[11:00:04 +6s | thequantuminsider_2024_02_06_eurohpc_ju_launches_procurement_for_new_quantum_computer_in_france] Reading page (1/1): https://thequantuminsider.com/2024/02/06/eurohpc-ju-launches-procurement-for-new-quantum-computer-in-france
[11:00:04 +6s | thequantuminsider_2024_02_06_eurohpc_ju_launches_procurement_for_new_quantum_computer_in_france] Extracting actors: https://thequantuminsider.com/2024/02/06/eurohpc-ju-launches-procurement-for-new-quantum-computer-in-france (1/1), chunk 1/39
[11:00:10 +11s | thequantuminsider_2024_02_06_eurohpc_ju_launches_procurement_for_new_quantum_computer_in_france] Repaired malformed JSON.
[11:00:10 +11s | thequantuminsider_2024_02_06_eurohpc_ju_launches_procurement_for_new_quantum_computer_in_france] Extracting actors: https://thequantuminsider.com/2024/02/06/eurohpc-ju-launches-procurement-for-new-quantum-computer-in-france (1/1), chunk 2/39
[11:00:17 +18s | thequantuminsider_2024_02_06_eurohpc_ju_launches_procurement_for_new_quantum_computer_in_france] Repaired malformed JSON.
[11:00:17 +18s | thequantuminsider_2024_02_06_eurohpc_ju_launches_procurement_for_new_quantum_computer_in_france] Extracting actors: https://thequantuminsider.com/2024/02/06/eurohpc-ju-launches-procurement-for-new-quantum-computer-in-france (1/1), chunk 3/39
[11:00:24 +25s | thequantuminsider_2024_02_06_eurohpc_ju_launches_procurement_for_new_quantum_computer_in_france] Repaired malformed JSON.
[11:00:24 +25s | thequantuminsider_2024_02_06_eurohpc_ju_launches_procurement_for_new_quantum_computer_in_france] Extracting actors: https://thequantuminsider.com/2024/02/06/eurohpc-ju-launches-procurement-for-new-quantum-computer-in-france (1/1), chunk 4/39
[11:00:30 +31s | thequantuminsider_2024_02_06_eurohpc_ju_launches_procurement_for_new_quantum_computer_in_france] Repaired malformed JSON.
[11:00:30 +31s | thequantuminsider_2024_02_06_eurohpc_ju_launches_procurement_for_new_quantum_computer_in_france] Extracting actors: https://thequantuminsider.com/2024/02/06/eurohpc-ju-launches-procurement-for-new-quantum-computer-in-france (1/1), chunk 5/39
[11:00:38 +39s | thequantuminsider_2024_02_06_eurohpc_ju_launches_procurement_for_new_quantum_computer_in_france] Repaired malformed JSON.
[11:00:38 +39s | thequantuminsider_2024_02_06_eurohpc_ju_launches_procurement_for_new_quantum_computer_in_france] Extracting actors: https://thequantuminsider.com/2024/02/06/eurohpc-ju-launches-procurement-for-new-quantum-computer-in-france (1/1), chunk 6/39
[11:00:47 +48s | thequantuminsider_2024_02_06_eurohpc_ju_launches_procurement_for_new_quantum_computer_in_france] Repaired malformed JSON.
[11:00:47 +48s | thequantuminsider_2024_02_06_eurohpc_ju_launches_procurement_for_new_quantum_computer_in_france] Extracting actors: https://thequantuminsider.com/2024/02/06/eurohpc-ju-launches-procurement-for-new-quantum-computer-in-france (1/1), chunk 7/39
[11:00:54 +55s | thequantuminsider_2024_02_06_eurohpc_ju_launches_procurement_for_new_quantum_computer_in_france] Repaired malformed JSON.
[11:00:54 +55s | thequantuminsider_2024_02_06_eurohpc_ju_launches_procurement_for_new_quantum_computer_in_france] Extracting actors: https://thequantuminsider.com/2024/02/06/eurohpc-ju-launches-procurement-for-new-quantum-computer-in-france (1/1), chunk 8/39
[11:00:59 +1m 0s | thequantuminsider_2024_02_06_eurohpc_ju_launches_procurement_for_new_quantum_computer_in_france] Extracting actors: https://thequantuminsider.com/2024/02/06/eurohpc-ju-launches-procurement-for-new-quantum-computer-in-france (1/1), chunk 9/39
[11:01:06 +1m 7s | thequantuminsider_2024_02_06_eurohpc_ju_launches_procurement_for_new_quantum_computer_in_france] Repaired malformed JSON.
[11:01:06 +1m 7s | thequantuminsider_2024_02_06_eurohpc_ju_launches_procurement_for_new_quantum_computer_in_france] Extracting actors: https://thequantuminsider.com/2024/02/06/eurohpc-ju-launches-procurement-for-new-quantum-computer-in-france (1/1), chunk 10/39
[11:01:10 +1m 11s | thequantuminsider_2024_02_06_eurohpc_ju_launches_procurement_for_new_quantum_computer_in_france] Extracting actors: https://thequantuminsider.com/2024/02/06/eurohpc-ju-launches-procurement-for-new-quantum-computer-in-france (1/1), chunk 11/39
[11:01:16 +1m 17s | thequantuminsider_2024_02_06_eurohpc_ju_launches_procurement_for_new_quantum_computer_in_france] Repaired malformed JSON.
[11:01:16 +1m 17s | thequantuminsider_2024_02_06_eurohpc_ju_launches_procurement_for_new_quantum_computer_in_france] Extracting actors: https://thequantuminsider.com/2024/02/06/eurohpc-ju-launches-procurement-for-new-quantum-computer-in-france (1/1), chunk 12/39
[11:01:24 +1m 25s | thequantuminsider_2024_02_06_eurohpc_ju_launches_procurement_for_new_quantum_computer_in_france] Repaired malformed JSON.
[11:01:24 +1m 25s | thequantuminsider_2024_02_06_eurohpc_ju_launches_procurement_for_new_quantum_computer_in_france] Extracting actors: https://thequantuminsider.com/2024/02/06/eurohpc-ju-launches-procurement-for-new-quantum-computer-in-france (1/1), chunk 13/39
[11:01:30 +1m 32s | thequantuminsider_2024_02_06_eurohpc_ju_launches_procurement_for_new_quantum_computer_in_france] Repaired malformed JSON.
[11:01:30 +1m 32s | thequantuminsider_2024_02_06_eurohpc_ju_launches_procurement_for_new_quantum_computer_in_france] Extracting actors: https://thequantuminsider.com/2024/02/06/eurohpc-ju-launches-procurement-for-new-quantum-computer-in-france (1/1), chunk 14/39
[11:01:38 +1m 39s | thequantuminsider_2024_02_06_eurohpc_ju_launches_procurement_for_new_quantum_computer_in_france] Repaired malformed JSON.
[11:01:38 +1m 39s | thequantuminsider_2024_02_06_eurohpc_ju_launches_procurement_for_new_quantum_computer_in_france] Extracting actors: https://thequantuminsider.com/2024/02/06/eurohpc-ju-launches-procurement-for-new-quantum-computer-in-france (1/1), chunk 15/39
[11:01:48 +1m 49s | thequantuminsider_2024_02_06_eurohpc_ju_launches_procurement_for_new_quantum_computer_in_france] Repaired malformed JSON.
[11:01:48 +1m 49s | thequantuminsider_2024_02_06_eurohpc_ju_launches_procurement_for_new_quantum_computer_in_france] Extracting actors: https://thequantuminsider.com/2024/02/06/eurohpc-ju-launches-procurement-for-new-quantum-computer-in-france (1/1), chunk 16/39
[11:01:55 +1m 56s | thequantuminsider_2024_02_06_eurohpc_ju_launches_procurement_for_new_quantum_computer_in_france] Repaired malformed JSON.
[11:01:55 +1m 56s | thequantuminsider_2024_02_06_eurohpc_ju_launches_procurement_for_new_quantum_computer_in_france] Extracting actors: https://thequantuminsider.com/2024/02/06/eurohpc-ju-launches-procurement-for-new-quantum-computer-in-france (1/1), chunk 17/39
[11:02:02 +2m 4s | thequantuminsider_2024_02_06_eurohpc_ju_launches_procurement_for_new_quantum_computer_in_france] Repaired malformed JSON.
[11:02:02 +2m 4s | thequantuminsider_2024_02_06_eurohpc_ju_launches_procurement_for_new_quantum_computer_in_france] Extracting actors: https://thequantuminsider.com/2024/02/06/eurohpc-ju-launches-procurement-for-new-quantum-computer-in-france (1/1), chunk 18/39
[11:02:09 +2m 10s | thequantuminsider_2024_02_06_eurohpc_ju_launches_procurement_for_new_quantum_computer_in_france] Repaired malformed JSON.
[11:02:09 +2m 10s | thequantuminsider_2024_02_06_eurohpc_ju_launches_procurement_for_new_quantum_computer_in_france] Extracting actors: https://thequantuminsider.com/2024/02/06/eurohpc-ju-launches-procurement-for-new-quantum-computer-in-france (1/1), chunk 19/39
[11:02:15 +2m 16s | thequantuminsider_2024_02_06_eurohpc_ju_launches_procurement_for_new_quantum_computer_in_france] Repaired malformed JSON.
[11:02:15 +2m 16s | thequantuminsider_2024_02_06_eurohpc_ju_launches_procurement_for_new_quantum_computer_in_france] Extracting actors: https://thequantuminsider.com/2024/02/06/eurohpc-ju-launches-procurement-for-new-quantum-computer-in-france (1/1), chunk 20/39
[11:02:22 +2m 23s | thequantuminsider_2024_02_06_eurohpc_ju_launches_procurement_for_new_quantum_computer_in_france] Repaired malformed JSON.
[11:02:22 +2m 23s | thequantuminsider_2024_02_06_eurohpc_ju_launches_procurement_for_new_quantum_computer_in_france] Extracting actors: https://thequantuminsider.com/2024/02/06/eurohpc-ju-launches-procurement-for-new-quantum-computer-in-france (1/1), chunk 21/39
[11:02:28 +2m 29s | thequantuminsider_2024_02_06_eurohpc_ju_launches_procurement_for_new_quantum_computer_in_france] Repaired malformed JSON.
[11:02:28 +2m 29s | thequantuminsider_2024_02_06_eurohpc_ju_launches_procurement_for_new_quantum_computer_in_france] Extracting actors: https://thequantuminsider.com/2024/02/06/eurohpc-ju-launches-procurement-for-new-quantum-computer-in-france (1/1), chunk 22/39
[11:02:34 +2m 36s | thequantuminsider_2024_02_06_eurohpc_ju_launches_procurement_for_new_quantum_computer_in_france] Repaired malformed JSON.
[11:02:34 +2m 36s | thequantuminsider_2024_02_06_eurohpc_ju_launches_procurement_for_new_quantum_computer_in_france] Extracting actors: https://thequantuminsider.com/2024/02/06/eurohpc-ju-launches-procurement-for-new-quantum-computer-in-france (1/1), chunk 23/39
[11:02:42 +2m 43s | thequantuminsider_2024_02_06_eurohpc_ju_launches_procurement_for_new_quantum_computer_in_france] Repaired malformed JSON.
[11:02:42 +2m 43s | thequantuminsider_2024_02_06_eurohpc_ju_launches_procurement_for_new_quantum_computer_in_france] Extracting actors: https://thequantuminsider.com/2024/02/06/eurohpc-ju-launches-procurement-for-new-quantum-computer-in-france (1/1), chunk 24/39
[11:02:48 +2m 49s | thequantuminsider_2024_02_06_eurohpc_ju_launches_procurement_for_new_quantum_computer_in_france] Repaired malformed JSON.
[11:02:48 +2m 49s | thequantuminsider_2024_02_06_eurohpc_ju_launches_procurement_for_new_quantum_computer_in_france] Extracting actors: https://thequantuminsider.com/2024/02/06/eurohpc-ju-launches-procurement-for-new-quantum-computer-in-france (1/1), chunk 25/39
[11:02:53 +2m 55s | thequantuminsider_2024_02_06_eurohpc_ju_launches_procurement_for_new_quantum_computer_in_france] Repaired malformed JSON.
[11:02:53 +2m 55s | thequantuminsider_2024_02_06_eurohpc_ju_launches_procurement_for_new_quantum_computer_in_france] Extracting actors: https://thequantuminsider.com/2024/02/06/eurohpc-ju-launches-procurement-for-new-quantum-computer-in-france (1/1), chunk 26/39
[11:02:59 +3m 1s | thequantuminsider_2024_02_06_eurohpc_ju_launches_procurement_for_new_quantum_computer_in_france] Repaired malformed JSON.
[11:02:59 +3m 1s | thequantuminsider_2024_02_06_eurohpc_ju_launches_procurement_for_new_quantum_computer_in_france] Extracting actors: https://thequantuminsider.com/2024/02/06/eurohpc-ju-launches-procurement-for-new-quantum-computer-in-france (1/1), chunk 27/39
[11:03:05 +3m 6s | thequantuminsider_2024_02_06_eurohpc_ju_launches_procurement_for_new_quantum_computer_in_france] Extracting actors: https://thequantuminsider.com/2024/02/06/eurohpc-ju-launches-procurement-for-new-quantum-computer-in-france (1/1), chunk 28/39
[11:03:14 +3m 15s | thequantuminsider_2024_02_06_eurohpc_ju_launches_procurement_for_new_quantum_computer_in_france] Repaired malformed JSON.
[11:03:14 +3m 15s | thequantuminsider_2024_02_06_eurohpc_ju_launches_procurement_for_new_quantum_computer_in_france] Extracting actors: https://thequantuminsider.com/2024/02/06/eurohpc-ju-launches-procurement-for-new-quantum-computer-in-france (1/1), chunk 29/39
[11:03:20 +3m 21s | thequantuminsider_2024_02_06_eurohpc_ju_launches_procurement_for_new_quantum_computer_in_france] Repaired malformed JSON.
[11:03:20 +3m 21s | thequantuminsider_2024_02_06_eurohpc_ju_launches_procurement_for_new_quantum_computer_in_france] Extracting actors: https://thequantuminsider.com/2024/02/06/eurohpc-ju-launches-procurement-for-new-quantum-computer-in-france (1/1), chunk 30/39
[11:03:22 +3m 23s | thequantuminsider_2024_02_06_eurohpc_ju_launches_procurement_for_new_quantum_computer_in_france] Extracting actors: https://thequantuminsider.com/2024/02/06/eurohpc-ju-launches-procurement-for-new-quantum-computer-in-france (1/1), chunk 31/39
[11:03:28 +3m 30s | thequantuminsider_2024_02_06_eurohpc_ju_launches_procurement_for_new_quantum_computer_in_france] Extracting actors: https://thequantuminsider.com/2024/02/06/eurohpc-ju-launches-procurement-for-new-quantum-computer-in-france (1/1), chunk 32/39
[11:03:35 +3m 37s | thequantuminsider_2024_02_06_eurohpc_ju_launches_procurement_for_new_quantum_computer_in_france] Repaired malformed JSON.
[11:03:35 +3m 37s | thequantuminsider_2024_02_06_eurohpc_ju_launches_procurement_for_new_quantum_computer_in_france] Extracting actors: https://thequantuminsider.com/2024/02/06/eurohpc-ju-launches-procurement-for-new-quantum-computer-in-france (1/1), chunk 33/39
[11:03:42 +3m 43s | thequantuminsider_2024_02_06_eurohpc_ju_launches_procurement_for_new_quantum_computer_in_france] Repaired malformed JSON.
[11:03:42 +3m 43s | thequantuminsider_2024_02_06_eurohpc_ju_launches_procurement_for_new_quantum_computer_in_france] Extracting actors: https://thequantuminsider.com/2024/02/06/eurohpc-ju-launches-procurement-for-new-quantum-computer-in-france (1/1), chunk 34/39
[11:03:48 +3m 49s | thequantuminsider_2024_02_06_eurohpc_ju_launches_procurement_for_new_quantum_computer_in_france] Repaired malformed JSON.
[11:03:48 +3m 49s | thequantuminsider_2024_02_06_eurohpc_ju_launches_procurement_for_new_quantum_computer_in_france] Extracting actors: https://thequantuminsider.com/2024/02/06/eurohpc-ju-launches-procurement-for-new-quantum-computer-in-france (1/1), chunk 35/39
[11:03:54 +3m 55s | thequantuminsider_2024_02_06_eurohpc_ju_launches_procurement_for_new_quantum_computer_in_france] Repaired malformed JSON.
[11:03:54 +3m 55s | thequantuminsider_2024_02_06_eurohpc_ju_launches_procurement_for_new_quantum_computer_in_france] Extracting actors: https://thequantuminsider.com/2024/02/06/eurohpc-ju-launches-procurement-for-new-quantum-computer-in-france (1/1), chunk 36/39
[11:03:59 +4m 0s | thequantuminsider_2024_02_06_eurohpc_ju_launches_procurement_for_new_quantum_computer_in_france] Extracting actors: https://thequantuminsider.com/2024/02/06/eurohpc-ju-launches-procurement-for-new-quantum-computer-in-france (1/1), chunk 37/39
[11:04:04 +4m 6s | thequantuminsider_2024_02_06_eurohpc_ju_launches_procurement_for_new_quantum_computer_in_france] Repaired malformed JSON.
[11:04:04 +4m 6s | thequantuminsider_2024_02_06_eurohpc_ju_launches_procurement_for_new_quantum_computer_in_france] Extracting actors: https://thequantuminsider.com/2024/02/06/eurohpc-ju-launches-procurement-for-new-quantum-computer-in-france (1/1), chunk 38/39
[11:04:10 +4m 11s | thequantuminsider_2024_02_06_eurohpc_ju_launches_procurement_for_new_quantum_computer_in_france] Repaired malformed JSON.
[11:04:10 +4m 11s | thequantuminsider_2024_02_06_eurohpc_ju_launches_procurement_for_new_quantum_computer_in_france] Extracting actors: https://thequantuminsider.com/2024/02/06/eurohpc-ju-launches-procurement-for-new-quantum-computer-in-france (1/1), chunk 39/39
[11:04:16 +4m 17s | thequantuminsider_2024_02_06_eurohpc_ju_launches_procurement_for_new_quantum_computer_in_france] Repaired malformed JSON.
[11:04:16 +4m 17s | thequantuminsider_2024_02_06_eurohpc_ju_launches_procurement_for_new_quantum_computer_in_france] Saved 1_actor_results.json with 70 extracted records

[11:04:16 +4m 17s | thequantuminsider_2024_02_06_eurohpc_ju_launches_procurement_for_new_quantum_computer_in_france] === 2 clean actors ===
[11:04:16 +4m 17s | thequantuminsider_2024_02_06_eurohpc_ju_launches_procurement_for_new_quantum_computer_in_france] Loaded 70 extracted records
[11:04:16 +4m 17s | thequantuminsider_2024_02_06_eurohpc_ju_launches_procurement_for_new_quantum_computer_in_france] Saved 2_actor_nodes.json with 16 canonical actor nodes

[11:04:16 +4m 17s | thequantuminsider_2024_02_06_eurohpc_ju_launches_procurement_for_new_quantum_computer_in_france] === 3 interaction extraction ===
[11:04:16 +4m 17s | thequantuminsider_2024_02_06_eurohpc_ju_launches_procurement_for_new_quantum_computer_in_france] Extracting interactions: https://thequantuminsider.com/2024/02/06/eurohpc-ju-launches-procurement-for-new-quantum-computer-in-france (1/1), chunk 11/39
[11:04:26 +4m 27s | thequantuminsider_2024_02_06_eurohpc_ju_launches_procurement_for_new_quantum_computer_in_france] Extracting interactions: https://thequantuminsider.com/2024/02/06/eurohpc-ju-launches-procurement-for-new-quantum-computer-in-france (1/1), chunk 12/39
[11:04:37 +4m 38s | thequantuminsider_2024_02_06_eurohpc_ju_launches_procurement_for_new_quantum_computer_in_france] Extracting interactions: https://thequantuminsider.com/2024/02/06/eurohpc-ju-launches-procurement-for-new-quantum-computer-in-france (1/1), chunk 13/39
[11:04:48 +4m 49s | thequantuminsider_2024_02_06_eurohpc_ju_launches_procurement_for_new_quantum_computer_in_france] Extracting interactions: https://thequantuminsider.com/2024/02/06/eurohpc-ju-launches-procurement-for-new-quantum-computer-in-france (1/1), chunk 14/39
[11:05:05 +5m 6s | thequantuminsider_2024_02_06_eurohpc_ju_launches_procurement_for_new_quantum_computer_in_france] Extracting interactions: https://thequantuminsider.com/2024/02/06/eurohpc-ju-launches-procurement-for-new-quantum-computer-in-france (1/1), chunk 15/39
[11:05:17 +5m 18s | thequantuminsider_2024_02_06_eurohpc_ju_launches_procurement_for_new_quantum_computer_in_france] Extracting interactions: https://thequantuminsider.com/2024/02/06/eurohpc-ju-launches-procurement-for-new-quantum-computer-in-france (1/1), chunk 16/39
[11:05:34 +5m 35s | thequantuminsider_2024_02_06_eurohpc_ju_launches_procurement_for_new_quantum_computer_in_france] Extracting interactions: https://thequantuminsider.com/2024/02/06/eurohpc-ju-launches-procurement-for-new-quantum-computer-in-france (1/1), chunk 17/39
[11:05:43 +5m 44s | thequantuminsider_2024_02_06_eurohpc_ju_launches_procurement_for_new_quantum_computer_in_france] Extracting interactions: https://thequantuminsider.com/2024/02/06/eurohpc-ju-launches-procurement-for-new-quantum-computer-in-france (1/1), chunk 18/39
[11:05:50 +5m 51s | thequantuminsider_2024_02_06_eurohpc_ju_launches_procurement_for_new_quantum_computer_in_france] Extracting interactions: https://thequantuminsider.com/2024/02/06/eurohpc-ju-launches-procurement-for-new-quantum-computer-in-france (1/1), chunk 19/39
[11:05:54 +5m 55s | thequantuminsider_2024_02_06_eurohpc_ju_launches_procurement_for_new_quantum_computer_in_france] Extracting interactions: https://thequantuminsider.com/2024/02/06/eurohpc-ju-launches-procurement-for-new-quantum-computer-in-france (1/1), chunk 20/39
[11:05:58 +5m 59s | thequantuminsider_2024_02_06_eurohpc_ju_launches_procurement_for_new_quantum_computer_in_france] Extracting interactions: https://thequantuminsider.com/2024/02/06/eurohpc-ju-launches-procurement-for-new-quantum-computer-in-france (1/1), chunk 21/39
[11:06:03 +6m 4s | thequantuminsider_2024_02_06_eurohpc_ju_launches_procurement_for_new_quantum_computer_in_france] Extracting interactions: https://thequantuminsider.com/2024/02/06/eurohpc-ju-launches-procurement-for-new-quantum-computer-in-france (1/1), chunk 22/39
[11:06:06 +6m 7s | thequantuminsider_2024_02_06_eurohpc_ju_launches_procurement_for_new_quantum_computer_in_france] Extracting interactions: https://thequantuminsider.com/2024/02/06/eurohpc-ju-launches-procurement-for-new-quantum-computer-in-france (1/1), chunk 23/39
[11:06:12 +6m 13s | thequantuminsider_2024_02_06_eurohpc_ju_launches_procurement_for_new_quantum_computer_in_france] Extracting interactions: https://thequantuminsider.com/2024/02/06/eurohpc-ju-launches-procurement-for-new-quantum-computer-in-france (1/1), chunk 24/39
[11:06:17 +6m 18s | thequantuminsider_2024_02_06_eurohpc_ju_launches_procurement_for_new_quantum_computer_in_france] Extracting interactions: https://thequantuminsider.com/2024/02/06/eurohpc-ju-launches-procurement-for-new-quantum-computer-in-france (1/1), chunk 25/39
[11:06:22 +6m 23s | thequantuminsider_2024_02_06_eurohpc_ju_launches_procurement_for_new_quantum_computer_in_france] Extracting interactions: https://thequantuminsider.com/2024/02/06/eurohpc-ju-launches-procurement-for-new-quantum-computer-in-france (1/1), chunk 28/39
[11:06:27 +6m 28s | thequantuminsider_2024_02_06_eurohpc_ju_launches_procurement_for_new_quantum_computer_in_france] Extracting interactions: https://thequantuminsider.com/2024/02/06/eurohpc-ju-launches-procurement-for-new-quantum-computer-in-france (1/1), chunk 29/39
[11:06:28 +6m 30s | thequantuminsider_2024_02_06_eurohpc_ju_launches_procurement_for_new_quantum_computer_in_france] Extracting interactions: https://thequantuminsider.com/2024/02/06/eurohpc-ju-launches-procurement-for-new-quantum-computer-in-france (1/1), chunk 30/39
[11:06:30 +6m 31s | thequantuminsider_2024_02_06_eurohpc_ju_launches_procurement_for_new_quantum_computer_in_france] Extracting interactions: https://thequantuminsider.com/2024/02/06/eurohpc-ju-launches-procurement-for-new-quantum-computer-in-france (1/1), chunk 32/39
[11:06:31 +6m 33s | thequantuminsider_2024_02_06_eurohpc_ju_launches_procurement_for_new_quantum_computer_in_france] Extracting interactions: https://thequantuminsider.com/2024/02/06/eurohpc-ju-launches-procurement-for-new-quantum-computer-in-france (1/1), chunk 33/39
[11:06:33 +6m 34s | thequantuminsider_2024_02_06_eurohpc_ju_launches_procurement_for_new_quantum_computer_in_france] Extracting interactions: https://thequantuminsider.com/2024/02/06/eurohpc-ju-launches-procurement-for-new-quantum-computer-in-france (1/1), chunk 34/39
[11:06:34 +6m 35s | thequantuminsider_2024_02_06_eurohpc_ju_launches_procurement_for_new_quantum_computer_in_france] Extracting interactions: https://thequantuminsider.com/2024/02/06/eurohpc-ju-launches-procurement-for-new-quantum-computer-in-france (1/1), chunk 35/39
[11:06:36 +6m 37s | thequantuminsider_2024_02_06_eurohpc_ju_launches_procurement_for_new_quantum_computer_in_france] Extracting interactions: https://thequantuminsider.com/2024/02/06/eurohpc-ju-launches-procurement-for-new-quantum-computer-in-france (1/1), chunk 37/39
[11:06:37 +6m 38s | thequantuminsider_2024_02_06_eurohpc_ju_launches_procurement_for_new_quantum_computer_in_france] Extracting interactions: https://thequantuminsider.com/2024/02/06/eurohpc-ju-launches-procurement-for-new-quantum-computer-in-france (1/1), chunk 38/39
[11:06:39 +6m 40s | thequantuminsider_2024_02_06_eurohpc_ju_launches_procurement_for_new_quantum_computer_in_france] Saved 3_interaction_results.json with 29 extracted interactions.

[11:06:39 +6m 40s | thequantuminsider_2024_02_06_eurohpc_ju_launches_procurement_for_new_quantum_computer_in_france] === 4 clean interactions ===
[11:06:39 +6m 40s | thequantuminsider_2024_02_06_eurohpc_ju_launches_procurement_for_new_quantum_computer_in_france] Saved 4_edges.json with 13 cleaned interactions.

[11:06:39 +6m 40s | thequantuminsider_2024_02_06_eurohpc_ju_launches_procurement_for_new_quantum_computer_in_france] === 5 helix enrichment ===
[11:06:39 +6m 40s | thequantuminsider_2024_02_06_eurohpc_ju_launches_procurement_for_new_quantum_computer_in_france] Wrote 5_nodes.json (16 actors)
[11:06:39 +6m 40s | thequantuminsider_2024_02_06_eurohpc_ju_launches_procurement_for_new_quantum_computer_in_france] Wrote 5_edges.json (13 interactions)
[11:06:39 +6m 40s | thequantuminsider_2024_02_06_eurohpc_ju_launches_procurement_for_new_quantum_computer_in_france] Actor helix counts: {'Academia': 2, 'Civil Society': 1, 'Government': 2, 'Industry': 4, 'Intermediary': 1, 'Unknown': 6}
[11:06:39 +6m 40s | thequantuminsider_2024_02_06_eurohpc_ju_launches_procurement_for_new_quantum_computer_in_france] Functional-space counts: {'Consensus': 2, 'Intra-helix / Not classified': 4, 'Unknown': 7}

[11:06:39 +6m 40s | thequantuminsider_2024_02_06_eurohpc_ju_launches_procurement_for_new_quantum_computer_in_france] === 6 network visualisation ===
[11:06:39 +6m 40s | thequantuminsider_2024_02_06_eurohpc_ju_launches_procurement_for_new_quantum_computer_in_france] Wrote quantum_network.html
[11:06:39 +6m 40s | thequantuminsider_2024_02_06_eurohpc_ju_launches_procurement_for_new_quantum_computer_in_france] Nodes: 16
[11:06:39 +6m 40s | thequantuminsider_2024_02_06_eurohpc_ju_launches_procurement_for_new_quantum_computer_in_france] Edges: 5

[11:06:39 +6m 40s | thequantuminsider_2024_02_06_eurohpc_ju_launches_procurement_for_new_quantum_computer_in_france] Done. Outputs written to: /home/lv/IDP/idpdeeptech/pipeline/news_outputs/thequantuminsider_2024_02_06_eurohpc_ju_launches_procurement_for_new_quantum_computer_in_france
[11:06:39 +6m 40s | thequantuminsider_2024_02_06_eurohpc_ju_launches_procurement_for_new_quantum_computer_in_france] Log: /home/lv/IDP/idpdeeptech/pipeline/news_outputs/thequantuminsider_2024_02_06_eurohpc_ju_launches_procurement_for_new_quantum_computer_in_france/run.log

========================================================================
RUN FINISHED 2026-07-02 11:06:39  (OK)
Started:     2026-07-02 10:59:59
Elapsed:     6m 40s
========================================================================
