
========================================================================
RUN STARTED  2026-07-02 08:40:34
site_pipeline.py https://thequantuminsider.com/2024/03/01/sbquantum-and-silicon-microgravity-partner-to-accelerate-mining-exploration-using-quantum-sensing-with-funding-from-uk-canada/
========================================================================

[08:40:34 +0s | thequantuminsider_2024_03_01_sbquantum_and_silicon_microgravity_partner_to_accelerate_min_1c396f9c] === 0 crawl site ===
[08:40:36 +1s | thequantuminsider_2024_03_01_sbquantum_and_silicon_microgravity_partner_to_accelerate_min_1c396f9c] [INIT].... → Crawl4AI 0.8.6 
[08:40:39 +4s | thequantuminsider_2024_03_01_sbquantum_and_silicon_microgravity_partner_to_accelerate_min_1c396f9c] [FETCH]... ↓ https://thequantuminsider.com/2024/03/01/sbquant...ing-quantum-sensing-with-funding-from-uk-canada/  | ✓ | ⏱: 2.64s 
[08:40:39 +4s | thequantuminsider_2024_03_01_sbquantum_and_silicon_microgravity_partner_to_accelerate_min_1c396f9c] [SCRAPE].. ◆ https://thequantuminsider.com/2024/03/01/sbquant...ing-quantum-sensing-with-funding-from-uk-canada/  | ✓ | ⏱: 0.10s 
[08:40:39 +4s | thequantuminsider_2024_03_01_sbquantum_and_silicon_microgravity_partner_to_accelerate_min_1c396f9c] [COMPLETE] ● https://thequantuminsider.com/2024/03/01/sbquant...ing-quantum-sensing-with-funding-from-uk-canada/  | ✓ | ⏱: 2.76s 
[08:40:39 +4s | thequantuminsider_2024_03_01_sbquantum_and_silicon_microgravity_partner_to_accelerate_min_1c396f9c] Saved: crawl_output/c5d07c5cbd_thequantuminsider.com_2024_03_01_sbquantum-and-silicon-microgravity-partner-to-accelerate-mining-exploration-using-quantum-sensing-with-funding-from-uk-canada.json

[08:40:39 +5s | thequantuminsider_2024_03_01_sbquantum_and_silicon_microgravity_partner_to_accelerate_min_1c396f9c] === 1 actor extraction ===
[08:40:39 +5s | thequantuminsider_2024_03_01_sbquantum_and_silicon_microgravity_partner_to_accelerate_min_1c396f9c] Reading page (1/1): https://thequantuminsider.com/2024/03/01/sbquantum-and-silicon-microgravity-partner-to-accelerate-mining-exploration-using-quantum-sensing-with-funding-from-uk-canada
[08:40:39 +5s | thequantuminsider_2024_03_01_sbquantum_and_silicon_microgravity_partner_to_accelerate_min_1c396f9c] Extracting actors: https://thequantuminsider.com/2024/03/01/sbquantum-and-silicon-microgravity-partner-to-accelerate-mining-exploration-using-quantum-sensing-with-funding-from-uk-canada (1/1), chunk 1/37
[08:40:46 +12s | thequantuminsider_2024_03_01_sbquantum_and_silicon_microgravity_partner_to_accelerate_min_1c396f9c] Repaired malformed JSON.
[08:40:46 +12s | thequantuminsider_2024_03_01_sbquantum_and_silicon_microgravity_partner_to_accelerate_min_1c396f9c] Extracting actors: https://thequantuminsider.com/2024/03/01/sbquantum-and-silicon-microgravity-partner-to-accelerate-mining-exploration-using-quantum-sensing-with-funding-from-uk-canada (1/1), chunk 2/37
[08:40:54 +20s | thequantuminsider_2024_03_01_sbquantum_and_silicon_microgravity_partner_to_accelerate_min_1c396f9c] Repaired malformed JSON.
[08:40:54 +20s | thequantuminsider_2024_03_01_sbquantum_and_silicon_microgravity_partner_to_accelerate_min_1c396f9c] Extracting actors: https://thequantuminsider.com/2024/03/01/sbquantum-and-silicon-microgravity-partner-to-accelerate-mining-exploration-using-quantum-sensing-with-funding-from-uk-canada (1/1), chunk 3/37
[08:41:00 +25s | thequantuminsider_2024_03_01_sbquantum_and_silicon_microgravity_partner_to_accelerate_min_1c396f9c] Repaired malformed JSON.
[08:41:00 +25s | thequantuminsider_2024_03_01_sbquantum_and_silicon_microgravity_partner_to_accelerate_min_1c396f9c] Extracting actors: https://thequantuminsider.com/2024/03/01/sbquantum-and-silicon-microgravity-partner-to-accelerate-mining-exploration-using-quantum-sensing-with-funding-from-uk-canada (1/1), chunk 4/37
[08:41:08 +33s | thequantuminsider_2024_03_01_sbquantum_and_silicon_microgravity_partner_to_accelerate_min_1c396f9c] Repaired malformed JSON.
[08:41:08 +33s | thequantuminsider_2024_03_01_sbquantum_and_silicon_microgravity_partner_to_accelerate_min_1c396f9c] Extracting actors: https://thequantuminsider.com/2024/03/01/sbquantum-and-silicon-microgravity-partner-to-accelerate-mining-exploration-using-quantum-sensing-with-funding-from-uk-canada (1/1), chunk 5/37
[08:41:15 +40s | thequantuminsider_2024_03_01_sbquantum_and_silicon_microgravity_partner_to_accelerate_min_1c396f9c] Repaired malformed JSON.
[08:41:15 +40s | thequantuminsider_2024_03_01_sbquantum_and_silicon_microgravity_partner_to_accelerate_min_1c396f9c] Extracting actors: https://thequantuminsider.com/2024/03/01/sbquantum-and-silicon-microgravity-partner-to-accelerate-mining-exploration-using-quantum-sensing-with-funding-from-uk-canada (1/1), chunk 6/37
[08:41:19 +45s | thequantuminsider_2024_03_01_sbquantum_and_silicon_microgravity_partner_to_accelerate_min_1c396f9c] Extracting actors: https://thequantuminsider.com/2024/03/01/sbquantum-and-silicon-microgravity-partner-to-accelerate-mining-exploration-using-quantum-sensing-with-funding-from-uk-canada (1/1), chunk 7/37
[08:41:27 +53s | thequantuminsider_2024_03_01_sbquantum_and_silicon_microgravity_partner_to_accelerate_min_1c396f9c] Repaired malformed JSON.
[08:41:27 +53s | thequantuminsider_2024_03_01_sbquantum_and_silicon_microgravity_partner_to_accelerate_min_1c396f9c] Extracting actors: https://thequantuminsider.com/2024/03/01/sbquantum-and-silicon-microgravity-partner-to-accelerate-mining-exploration-using-quantum-sensing-with-funding-from-uk-canada (1/1), chunk 8/37
[08:41:33 +58s | thequantuminsider_2024_03_01_sbquantum_and_silicon_microgravity_partner_to_accelerate_min_1c396f9c] Repaired malformed JSON.
[08:41:33 +58s | thequantuminsider_2024_03_01_sbquantum_and_silicon_microgravity_partner_to_accelerate_min_1c396f9c] Extracting actors: https://thequantuminsider.com/2024/03/01/sbquantum-and-silicon-microgravity-partner-to-accelerate-mining-exploration-using-quantum-sensing-with-funding-from-uk-canada (1/1), chunk 9/37
[08:41:39 +1m 5s | thequantuminsider_2024_03_01_sbquantum_and_silicon_microgravity_partner_to_accelerate_min_1c396f9c] Repaired malformed JSON.
[08:41:39 +1m 5s | thequantuminsider_2024_03_01_sbquantum_and_silicon_microgravity_partner_to_accelerate_min_1c396f9c] Extracting actors: https://thequantuminsider.com/2024/03/01/sbquantum-and-silicon-microgravity-partner-to-accelerate-mining-exploration-using-quantum-sensing-with-funding-from-uk-canada (1/1), chunk 10/37
[08:41:44 +1m 10s | thequantuminsider_2024_03_01_sbquantum_and_silicon_microgravity_partner_to_accelerate_min_1c396f9c] Extracting actors: https://thequantuminsider.com/2024/03/01/sbquantum-and-silicon-microgravity-partner-to-accelerate-mining-exploration-using-quantum-sensing-with-funding-from-uk-canada (1/1), chunk 11/37
[08:41:51 +1m 17s | thequantuminsider_2024_03_01_sbquantum_and_silicon_microgravity_partner_to_accelerate_min_1c396f9c] Repaired malformed JSON.
[08:41:51 +1m 17s | thequantuminsider_2024_03_01_sbquantum_and_silicon_microgravity_partner_to_accelerate_min_1c396f9c] Extracting actors: https://thequantuminsider.com/2024/03/01/sbquantum-and-silicon-microgravity-partner-to-accelerate-mining-exploration-using-quantum-sensing-with-funding-from-uk-canada (1/1), chunk 12/37
[08:41:57 +1m 22s | thequantuminsider_2024_03_01_sbquantum_and_silicon_microgravity_partner_to_accelerate_min_1c396f9c] Repaired malformed JSON.
[08:41:57 +1m 22s | thequantuminsider_2024_03_01_sbquantum_and_silicon_microgravity_partner_to_accelerate_min_1c396f9c] Extracting actors: https://thequantuminsider.com/2024/03/01/sbquantum-and-silicon-microgravity-partner-to-accelerate-mining-exploration-using-quantum-sensing-with-funding-from-uk-canada (1/1), chunk 13/37
[08:42:05 +1m 30s | thequantuminsider_2024_03_01_sbquantum_and_silicon_microgravity_partner_to_accelerate_min_1c396f9c] Repaired malformed JSON.
[08:42:05 +1m 30s | thequantuminsider_2024_03_01_sbquantum_and_silicon_microgravity_partner_to_accelerate_min_1c396f9c] Extracting actors: https://thequantuminsider.com/2024/03/01/sbquantum-and-silicon-microgravity-partner-to-accelerate-mining-exploration-using-quantum-sensing-with-funding-from-uk-canada (1/1), chunk 14/37
[08:42:11 +1m 37s | thequantuminsider_2024_03_01_sbquantum_and_silicon_microgravity_partner_to_accelerate_min_1c396f9c] Repaired malformed JSON.
[08:42:11 +1m 37s | thequantuminsider_2024_03_01_sbquantum_and_silicon_microgravity_partner_to_accelerate_min_1c396f9c] Extracting actors: https://thequantuminsider.com/2024/03/01/sbquantum-and-silicon-microgravity-partner-to-accelerate-mining-exploration-using-quantum-sensing-with-funding-from-uk-canada (1/1), chunk 15/37
[08:42:19 +1m 45s | thequantuminsider_2024_03_01_sbquantum_and_silicon_microgravity_partner_to_accelerate_min_1c396f9c] Repaired malformed JSON.
[08:42:19 +1m 45s | thequantuminsider_2024_03_01_sbquantum_and_silicon_microgravity_partner_to_accelerate_min_1c396f9c] Extracting actors: https://thequantuminsider.com/2024/03/01/sbquantum-and-silicon-microgravity-partner-to-accelerate-mining-exploration-using-quantum-sensing-with-funding-from-uk-canada (1/1), chunk 16/37
[08:42:29 +1m 54s | thequantuminsider_2024_03_01_sbquantum_and_silicon_microgravity_partner_to_accelerate_min_1c396f9c] Repaired malformed JSON.
[08:42:29 +1m 54s | thequantuminsider_2024_03_01_sbquantum_and_silicon_microgravity_partner_to_accelerate_min_1c396f9c] Extracting actors: https://thequantuminsider.com/2024/03/01/sbquantum-and-silicon-microgravity-partner-to-accelerate-mining-exploration-using-quantum-sensing-with-funding-from-uk-canada (1/1), chunk 17/37
[08:42:37 +2m 3s | thequantuminsider_2024_03_01_sbquantum_and_silicon_microgravity_partner_to_accelerate_min_1c396f9c] Repaired malformed JSON.
[08:42:37 +2m 3s | thequantuminsider_2024_03_01_sbquantum_and_silicon_microgravity_partner_to_accelerate_min_1c396f9c] Extracting actors: https://thequantuminsider.com/2024/03/01/sbquantum-and-silicon-microgravity-partner-to-accelerate-mining-exploration-using-quantum-sensing-with-funding-from-uk-canada (1/1), chunk 18/37
[08:42:47 +2m 12s | thequantuminsider_2024_03_01_sbquantum_and_silicon_microgravity_partner_to_accelerate_min_1c396f9c] Repaired malformed JSON.
[08:42:47 +2m 12s | thequantuminsider_2024_03_01_sbquantum_and_silicon_microgravity_partner_to_accelerate_min_1c396f9c] Extracting actors: https://thequantuminsider.com/2024/03/01/sbquantum-and-silicon-microgravity-partner-to-accelerate-mining-exploration-using-quantum-sensing-with-funding-from-uk-canada (1/1), chunk 19/37
[08:42:55 +2m 20s | thequantuminsider_2024_03_01_sbquantum_and_silicon_microgravity_partner_to_accelerate_min_1c396f9c] Repaired malformed JSON.
[08:42:55 +2m 20s | thequantuminsider_2024_03_01_sbquantum_and_silicon_microgravity_partner_to_accelerate_min_1c396f9c] Extracting actors: https://thequantuminsider.com/2024/03/01/sbquantum-and-silicon-microgravity-partner-to-accelerate-mining-exploration-using-quantum-sensing-with-funding-from-uk-canada (1/1), chunk 20/37
[08:43:01 +2m 27s | thequantuminsider_2024_03_01_sbquantum_and_silicon_microgravity_partner_to_accelerate_min_1c396f9c] Repaired malformed JSON.
[08:43:01 +2m 27s | thequantuminsider_2024_03_01_sbquantum_and_silicon_microgravity_partner_to_accelerate_min_1c396f9c] Extracting actors: https://thequantuminsider.com/2024/03/01/sbquantum-and-silicon-microgravity-partner-to-accelerate-mining-exploration-using-quantum-sensing-with-funding-from-uk-canada (1/1), chunk 21/37
[08:43:07 +2m 32s | thequantuminsider_2024_03_01_sbquantum_and_silicon_microgravity_partner_to_accelerate_min_1c396f9c] Repaired malformed JSON.
[08:43:07 +2m 32s | thequantuminsider_2024_03_01_sbquantum_and_silicon_microgravity_partner_to_accelerate_min_1c396f9c] Extracting actors: https://thequantuminsider.com/2024/03/01/sbquantum-and-silicon-microgravity-partner-to-accelerate-mining-exploration-using-quantum-sensing-with-funding-from-uk-canada (1/1), chunk 22/37
[08:43:14 +2m 39s | thequantuminsider_2024_03_01_sbquantum_and_silicon_microgravity_partner_to_accelerate_min_1c396f9c] Repaired malformed JSON.
[08:43:14 +2m 39s | thequantuminsider_2024_03_01_sbquantum_and_silicon_microgravity_partner_to_accelerate_min_1c396f9c] Extracting actors: https://thequantuminsider.com/2024/03/01/sbquantum-and-silicon-microgravity-partner-to-accelerate-mining-exploration-using-quantum-sensing-with-funding-from-uk-canada (1/1), chunk 23/37
[08:43:24 +2m 49s | thequantuminsider_2024_03_01_sbquantum_and_silicon_microgravity_partner_to_accelerate_min_1c396f9c] Repaired malformed JSON.
[08:43:24 +2m 49s | thequantuminsider_2024_03_01_sbquantum_and_silicon_microgravity_partner_to_accelerate_min_1c396f9c] Extracting actors: https://thequantuminsider.com/2024/03/01/sbquantum-and-silicon-microgravity-partner-to-accelerate-mining-exploration-using-quantum-sensing-with-funding-from-uk-canada (1/1), chunk 24/37
[08:43:30 +2m 55s | thequantuminsider_2024_03_01_sbquantum_and_silicon_microgravity_partner_to_accelerate_min_1c396f9c] Repaired malformed JSON.
[08:43:30 +2m 55s | thequantuminsider_2024_03_01_sbquantum_and_silicon_microgravity_partner_to_accelerate_min_1c396f9c] Extracting actors: https://thequantuminsider.com/2024/03/01/sbquantum-and-silicon-microgravity-partner-to-accelerate-mining-exploration-using-quantum-sensing-with-funding-from-uk-canada (1/1), chunk 25/37
[08:43:39 +3m 5s | thequantuminsider_2024_03_01_sbquantum_and_silicon_microgravity_partner_to_accelerate_min_1c396f9c] Repaired malformed JSON.
[08:43:39 +3m 5s | thequantuminsider_2024_03_01_sbquantum_and_silicon_microgravity_partner_to_accelerate_min_1c396f9c] Extracting actors: https://thequantuminsider.com/2024/03/01/sbquantum-and-silicon-microgravity-partner-to-accelerate-mining-exploration-using-quantum-sensing-with-funding-from-uk-canada (1/1), chunk 26/37
[08:43:44 +3m 9s | thequantuminsider_2024_03_01_sbquantum_and_silicon_microgravity_partner_to_accelerate_min_1c396f9c] Extracting actors: https://thequantuminsider.com/2024/03/01/sbquantum-and-silicon-microgravity-partner-to-accelerate-mining-exploration-using-quantum-sensing-with-funding-from-uk-canada (1/1), chunk 27/37
[08:43:52 +3m 18s | thequantuminsider_2024_03_01_sbquantum_and_silicon_microgravity_partner_to_accelerate_min_1c396f9c] Repaired malformed JSON.
[08:43:52 +3m 18s | thequantuminsider_2024_03_01_sbquantum_and_silicon_microgravity_partner_to_accelerate_min_1c396f9c] Extracting actors: https://thequantuminsider.com/2024/03/01/sbquantum-and-silicon-microgravity-partner-to-accelerate-mining-exploration-using-quantum-sensing-with-funding-from-uk-canada (1/1), chunk 28/37
[08:43:59 +3m 25s | thequantuminsider_2024_03_01_sbquantum_and_silicon_microgravity_partner_to_accelerate_min_1c396f9c] Repaired malformed JSON.
[08:43:59 +3m 25s | thequantuminsider_2024_03_01_sbquantum_and_silicon_microgravity_partner_to_accelerate_min_1c396f9c] Extracting actors: https://thequantuminsider.com/2024/03/01/sbquantum-and-silicon-microgravity-partner-to-accelerate-mining-exploration-using-quantum-sensing-with-funding-from-uk-canada (1/1), chunk 29/37
[08:44:07 +3m 32s | thequantuminsider_2024_03_01_sbquantum_and_silicon_microgravity_partner_to_accelerate_min_1c396f9c] Repaired malformed JSON.
[08:44:07 +3m 32s | thequantuminsider_2024_03_01_sbquantum_and_silicon_microgravity_partner_to_accelerate_min_1c396f9c] Extracting actors: https://thequantuminsider.com/2024/03/01/sbquantum-and-silicon-microgravity-partner-to-accelerate-mining-exploration-using-quantum-sensing-with-funding-from-uk-canada (1/1), chunk 30/37
[08:44:14 +3m 39s | thequantuminsider_2024_03_01_sbquantum_and_silicon_microgravity_partner_to_accelerate_min_1c396f9c] Repaired malformed JSON.
[08:44:14 +3m 39s | thequantuminsider_2024_03_01_sbquantum_and_silicon_microgravity_partner_to_accelerate_min_1c396f9c] Extracting actors: https://thequantuminsider.com/2024/03/01/sbquantum-and-silicon-microgravity-partner-to-accelerate-mining-exploration-using-quantum-sensing-with-funding-from-uk-canada (1/1), chunk 31/37
[08:44:22 +3m 48s | thequantuminsider_2024_03_01_sbquantum_and_silicon_microgravity_partner_to_accelerate_min_1c396f9c] Repaired malformed JSON.
[08:44:22 +3m 48s | thequantuminsider_2024_03_01_sbquantum_and_silicon_microgravity_partner_to_accelerate_min_1c396f9c] Extracting actors: https://thequantuminsider.com/2024/03/01/sbquantum-and-silicon-microgravity-partner-to-accelerate-mining-exploration-using-quantum-sensing-with-funding-from-uk-canada (1/1), chunk 32/37
[08:44:29 +3m 54s | thequantuminsider_2024_03_01_sbquantum_and_silicon_microgravity_partner_to_accelerate_min_1c396f9c] Repaired malformed JSON.
[08:44:29 +3m 54s | thequantuminsider_2024_03_01_sbquantum_and_silicon_microgravity_partner_to_accelerate_min_1c396f9c] Extracting actors: https://thequantuminsider.com/2024/03/01/sbquantum-and-silicon-microgravity-partner-to-accelerate-mining-exploration-using-quantum-sensing-with-funding-from-uk-canada (1/1), chunk 33/37
[08:44:37 +4m 2s | thequantuminsider_2024_03_01_sbquantum_and_silicon_microgravity_partner_to_accelerate_min_1c396f9c] Repaired malformed JSON.
[08:44:37 +4m 2s | thequantuminsider_2024_03_01_sbquantum_and_silicon_microgravity_partner_to_accelerate_min_1c396f9c] Extracting actors: https://thequantuminsider.com/2024/03/01/sbquantum-and-silicon-microgravity-partner-to-accelerate-mining-exploration-using-quantum-sensing-with-funding-from-uk-canada (1/1), chunk 34/37
[08:44:45 +4m 10s | thequantuminsider_2024_03_01_sbquantum_and_silicon_microgravity_partner_to_accelerate_min_1c396f9c] Repaired malformed JSON.
[08:44:45 +4m 10s | thequantuminsider_2024_03_01_sbquantum_and_silicon_microgravity_partner_to_accelerate_min_1c396f9c] Extracting actors: https://thequantuminsider.com/2024/03/01/sbquantum-and-silicon-microgravity-partner-to-accelerate-mining-exploration-using-quantum-sensing-with-funding-from-uk-canada (1/1), chunk 35/37
[08:44:52 +4m 18s | thequantuminsider_2024_03_01_sbquantum_and_silicon_microgravity_partner_to_accelerate_min_1c396f9c] Repaired malformed JSON.
[08:44:52 +4m 18s | thequantuminsider_2024_03_01_sbquantum_and_silicon_microgravity_partner_to_accelerate_min_1c396f9c] Extracting actors: https://thequantuminsider.com/2024/03/01/sbquantum-and-silicon-microgravity-partner-to-accelerate-mining-exploration-using-quantum-sensing-with-funding-from-uk-canada (1/1), chunk 36/37
[08:45:00 +4m 26s | thequantuminsider_2024_03_01_sbquantum_and_silicon_microgravity_partner_to_accelerate_min_1c396f9c] Repaired malformed JSON.
[08:45:00 +4m 26s | thequantuminsider_2024_03_01_sbquantum_and_silicon_microgravity_partner_to_accelerate_min_1c396f9c] Extracting actors: https://thequantuminsider.com/2024/03/01/sbquantum-and-silicon-microgravity-partner-to-accelerate-mining-exploration-using-quantum-sensing-with-funding-from-uk-canada (1/1), chunk 37/37
[08:45:06 +4m 31s | thequantuminsider_2024_03_01_sbquantum_and_silicon_microgravity_partner_to_accelerate_min_1c396f9c] Repaired malformed JSON.
[08:45:06 +4m 31s | thequantuminsider_2024_03_01_sbquantum_and_silicon_microgravity_partner_to_accelerate_min_1c396f9c] Saved 1_actor_results.json with 70 extracted records

[08:45:06 +4m 31s | thequantuminsider_2024_03_01_sbquantum_and_silicon_microgravity_partner_to_accelerate_min_1c396f9c] === 2 clean actors ===
[08:45:06 +4m 31s | thequantuminsider_2024_03_01_sbquantum_and_silicon_microgravity_partner_to_accelerate_min_1c396f9c] Loaded 70 extracted records
[08:45:06 +4m 31s | thequantuminsider_2024_03_01_sbquantum_and_silicon_microgravity_partner_to_accelerate_min_1c396f9c] Saved 2_actor_nodes.json with 13 canonical actor nodes

[08:45:06 +4m 31s | thequantuminsider_2024_03_01_sbquantum_and_silicon_microgravity_partner_to_accelerate_min_1c396f9c] === 3 interaction extraction ===
[08:45:06 +4m 32s | thequantuminsider_2024_03_01_sbquantum_and_silicon_microgravity_partner_to_accelerate_min_1c396f9c] Extracting interactions: https://thequantuminsider.com/2024/03/01/sbquantum-and-silicon-microgravity-partner-to-accelerate-mining-exploration-using-quantum-sensing-with-funding-from-uk-canada (1/1), chunk 7/37
[08:45:15 +4m 41s | thequantuminsider_2024_03_01_sbquantum_and_silicon_microgravity_partner_to_accelerate_min_1c396f9c] Extracting interactions: https://thequantuminsider.com/2024/03/01/sbquantum-and-silicon-microgravity-partner-to-accelerate-mining-exploration-using-quantum-sensing-with-funding-from-uk-canada (1/1), chunk 11/37
[08:45:25 +4m 51s | thequantuminsider_2024_03_01_sbquantum_and_silicon_microgravity_partner_to_accelerate_min_1c396f9c] Extracting interactions: https://thequantuminsider.com/2024/03/01/sbquantum-and-silicon-microgravity-partner-to-accelerate-mining-exploration-using-quantum-sensing-with-funding-from-uk-canada (1/1), chunk 12/37
[08:45:35 +5m 0s | thequantuminsider_2024_03_01_sbquantum_and_silicon_microgravity_partner_to_accelerate_min_1c396f9c] Extracting interactions: https://thequantuminsider.com/2024/03/01/sbquantum-and-silicon-microgravity-partner-to-accelerate-mining-exploration-using-quantum-sensing-with-funding-from-uk-canada (1/1), chunk 13/37
[08:45:43 +5m 9s | thequantuminsider_2024_03_01_sbquantum_and_silicon_microgravity_partner_to_accelerate_min_1c396f9c] Extracting interactions: https://thequantuminsider.com/2024/03/01/sbquantum-and-silicon-microgravity-partner-to-accelerate-mining-exploration-using-quantum-sensing-with-funding-from-uk-canada (1/1), chunk 14/37
[08:46:06 +5m 31s | thequantuminsider_2024_03_01_sbquantum_and_silicon_microgravity_partner_to_accelerate_min_1c396f9c] Extracting interactions: https://thequantuminsider.com/2024/03/01/sbquantum-and-silicon-microgravity-partner-to-accelerate-mining-exploration-using-quantum-sensing-with-funding-from-uk-canada (1/1), chunk 15/37
[08:46:29 +5m 55s | thequantuminsider_2024_03_01_sbquantum_and_silicon_microgravity_partner_to_accelerate_min_1c396f9c] Extracting interactions: https://thequantuminsider.com/2024/03/01/sbquantum-and-silicon-microgravity-partner-to-accelerate-mining-exploration-using-quantum-sensing-with-funding-from-uk-canada (1/1), chunk 16/37
[08:46:34 +6m 0s | thequantuminsider_2024_03_01_sbquantum_and_silicon_microgravity_partner_to_accelerate_min_1c396f9c] Extracting interactions: https://thequantuminsider.com/2024/03/01/sbquantum-and-silicon-microgravity-partner-to-accelerate-mining-exploration-using-quantum-sensing-with-funding-from-uk-canada (1/1), chunk 17/37
[08:46:36 +6m 2s | thequantuminsider_2024_03_01_sbquantum_and_silicon_microgravity_partner_to_accelerate_min_1c396f9c] Extracting interactions: https://thequantuminsider.com/2024/03/01/sbquantum-and-silicon-microgravity-partner-to-accelerate-mining-exploration-using-quantum-sensing-with-funding-from-uk-canada (1/1), chunk 18/37
[08:46:47 +6m 13s | thequantuminsider_2024_03_01_sbquantum_and_silicon_microgravity_partner_to_accelerate_min_1c396f9c] Extracting interactions: https://thequantuminsider.com/2024/03/01/sbquantum-and-silicon-microgravity-partner-to-accelerate-mining-exploration-using-quantum-sensing-with-funding-from-uk-canada (1/1), chunk 19/37
[08:46:56 +6m 22s | thequantuminsider_2024_03_01_sbquantum_and_silicon_microgravity_partner_to_accelerate_min_1c396f9c] Extracting interactions: https://thequantuminsider.com/2024/03/01/sbquantum-and-silicon-microgravity-partner-to-accelerate-mining-exploration-using-quantum-sensing-with-funding-from-uk-canada (1/1), chunk 20/37
[08:47:03 +6m 29s | thequantuminsider_2024_03_01_sbquantum_and_silicon_microgravity_partner_to_accelerate_min_1c396f9c] Extracting interactions: https://thequantuminsider.com/2024/03/01/sbquantum-and-silicon-microgravity-partner-to-accelerate-mining-exploration-using-quantum-sensing-with-funding-from-uk-canada (1/1), chunk 21/37
[08:47:13 +6m 38s | thequantuminsider_2024_03_01_sbquantum_and_silicon_microgravity_partner_to_accelerate_min_1c396f9c] Extracting interactions: https://thequantuminsider.com/2024/03/01/sbquantum-and-silicon-microgravity-partner-to-accelerate-mining-exploration-using-quantum-sensing-with-funding-from-uk-canada (1/1), chunk 22/37
[08:47:33 +6m 58s | thequantuminsider_2024_03_01_sbquantum_and_silicon_microgravity_partner_to_accelerate_min_1c396f9c] Extracting interactions: https://thequantuminsider.com/2024/03/01/sbquantum-and-silicon-microgravity-partner-to-accelerate-mining-exploration-using-quantum-sensing-with-funding-from-uk-canada (1/1), chunk 23/37
[08:47:42 +7m 7s | thequantuminsider_2024_03_01_sbquantum_and_silicon_microgravity_partner_to_accelerate_min_1c396f9c] Extracting interactions: https://thequantuminsider.com/2024/03/01/sbquantum-and-silicon-microgravity-partner-to-accelerate-mining-exploration-using-quantum-sensing-with-funding-from-uk-canada (1/1), chunk 25/37
[08:47:48 +7m 13s | thequantuminsider_2024_03_01_sbquantum_and_silicon_microgravity_partner_to_accelerate_min_1c396f9c] Extracting interactions: https://thequantuminsider.com/2024/03/01/sbquantum-and-silicon-microgravity-partner-to-accelerate-mining-exploration-using-quantum-sensing-with-funding-from-uk-canada (1/1), chunk 26/37
[08:47:52 +7m 17s | thequantuminsider_2024_03_01_sbquantum_and_silicon_microgravity_partner_to_accelerate_min_1c396f9c] Extracting interactions: https://thequantuminsider.com/2024/03/01/sbquantum-and-silicon-microgravity-partner-to-accelerate-mining-exploration-using-quantum-sensing-with-funding-from-uk-canada (1/1), chunk 27/37
[08:47:53 +7m 19s | thequantuminsider_2024_03_01_sbquantum_and_silicon_microgravity_partner_to_accelerate_min_1c396f9c] Extracting interactions: https://thequantuminsider.com/2024/03/01/sbquantum-and-silicon-microgravity-partner-to-accelerate-mining-exploration-using-quantum-sensing-with-funding-from-uk-canada (1/1), chunk 30/37
[08:48:00 +7m 25s | thequantuminsider_2024_03_01_sbquantum_and_silicon_microgravity_partner_to_accelerate_min_1c396f9c] Extracting interactions: https://thequantuminsider.com/2024/03/01/sbquantum-and-silicon-microgravity-partner-to-accelerate-mining-exploration-using-quantum-sensing-with-funding-from-uk-canada (1/1), chunk 31/37
[08:48:03 +7m 29s | thequantuminsider_2024_03_01_sbquantum_and_silicon_microgravity_partner_to_accelerate_min_1c396f9c] Extracting interactions: https://thequantuminsider.com/2024/03/01/sbquantum-and-silicon-microgravity-partner-to-accelerate-mining-exploration-using-quantum-sensing-with-funding-from-uk-canada (1/1), chunk 35/37
[08:48:07 +7m 33s | thequantuminsider_2024_03_01_sbquantum_and_silicon_microgravity_partner_to_accelerate_min_1c396f9c] Extracting interactions: https://thequantuminsider.com/2024/03/01/sbquantum-and-silicon-microgravity-partner-to-accelerate-mining-exploration-using-quantum-sensing-with-funding-from-uk-canada (1/1), chunk 36/37
[08:48:13 +7m 38s | thequantuminsider_2024_03_01_sbquantum_and_silicon_microgravity_partner_to_accelerate_min_1c396f9c] Saved 3_interaction_results.json with 37 extracted interactions.

[08:48:13 +7m 38s | thequantuminsider_2024_03_01_sbquantum_and_silicon_microgravity_partner_to_accelerate_min_1c396f9c] === 4 clean interactions ===
[08:48:13 +7m 38s | thequantuminsider_2024_03_01_sbquantum_and_silicon_microgravity_partner_to_accelerate_min_1c396f9c] Saved 4_edges.json with 9 cleaned interactions.

[08:48:13 +7m 38s | thequantuminsider_2024_03_01_sbquantum_and_silicon_microgravity_partner_to_accelerate_min_1c396f9c] === 5 helix enrichment ===
[08:48:13 +7m 38s | thequantuminsider_2024_03_01_sbquantum_and_silicon_microgravity_partner_to_accelerate_min_1c396f9c] Wrote 5_nodes.json (13 actors)
[08:48:13 +7m 38s | thequantuminsider_2024_03_01_sbquantum_and_silicon_microgravity_partner_to_accelerate_min_1c396f9c] Wrote 5_edges.json (9 interactions)
[08:48:13 +7m 38s | thequantuminsider_2024_03_01_sbquantum_and_silicon_microgravity_partner_to_accelerate_min_1c396f9c] Actor helix counts: {'Academia': 1, 'Civil Society': 3, 'Government': 3, 'Industry': 3, 'Unknown': 3}
[08:48:13 +7m 38s | thequantuminsider_2024_03_01_sbquantum_and_silicon_microgravity_partner_to_accelerate_min_1c396f9c] Functional-space counts: {'Intra-helix / Not classified': 7, 'Unknown': 2}

[08:48:13 +7m 38s | thequantuminsider_2024_03_01_sbquantum_and_silicon_microgravity_partner_to_accelerate_min_1c396f9c] === 6 network visualisation ===
[08:48:14 +7m 39s | thequantuminsider_2024_03_01_sbquantum_and_silicon_microgravity_partner_to_accelerate_min_1c396f9c] Wrote quantum_network.html
[08:48:14 +7m 39s | thequantuminsider_2024_03_01_sbquantum_and_silicon_microgravity_partner_to_accelerate_min_1c396f9c] Nodes: 13
[08:48:14 +7m 39s | thequantuminsider_2024_03_01_sbquantum_and_silicon_microgravity_partner_to_accelerate_min_1c396f9c] Edges: 4

[08:48:14 +7m 39s | thequantuminsider_2024_03_01_sbquantum_and_silicon_microgravity_partner_to_accelerate_min_1c396f9c] Done. Outputs written to: /home/lv/IDP/idpdeeptech/pipeline/news_outputs/thequantuminsider_2024_03_01_sbquantum_and_silicon_microgravity_partner_to_accelerate_min_1c396f9c
[08:48:14 +7m 39s | thequantuminsider_2024_03_01_sbquantum_and_silicon_microgravity_partner_to_accelerate_min_1c396f9c] Log: /home/lv/IDP/idpdeeptech/pipeline/news_outputs/thequantuminsider_2024_03_01_sbquantum_and_silicon_microgravity_partner_to_accelerate_min_1c396f9c/run.log

========================================================================
RUN FINISHED 2026-07-02 08:48:14  (OK)
Started:     2026-07-02 08:40:34
Elapsed:     7m 39s
========================================================================
