
========================================================================
RUN STARTED  2026-07-01 16:40:42
site_pipeline.py https://thequantuminsider.com/2019/12/03/rigetti-quantum-computers-now-available-via-amazon-web-services/
========================================================================

[16:40:42 +0s | thequantuminsider_2019_12_03_rigetti_quantum_computers_now_available_via_amazon_web_services] === 0 crawl site ===
[16:40:45 +3s | thequantuminsider_2019_12_03_rigetti_quantum_computers_now_available_via_amazon_web_services] [INIT].... → Crawl4AI 0.8.6 
[16:40:51 +9s | thequantuminsider_2019_12_03_rigetti_quantum_computers_now_available_via_amazon_web_services] [FETCH]... ↓ https://thequantuminsider.com/2019/12/03/rigetti...computers-now-available-via-amazon-web-services/  | ✓ | ⏱: 5.80s 
[16:40:51 +9s | thequantuminsider_2019_12_03_rigetti_quantum_computers_now_available_via_amazon_web_services] [SCRAPE].. ◆ https://thequantuminsider.com/2019/12/03/rigetti...computers-now-available-via-amazon-web-services/  | ✓ | ⏱: 0.11s 
[16:40:51 +9s | thequantuminsider_2019_12_03_rigetti_quantum_computers_now_available_via_amazon_web_services] [COMPLETE] ● https://thequantuminsider.com/2019/12/03/rigetti...computers-now-available-via-amazon-web-services/  | ✓ | ⏱: 5.93s 
[16:40:51 +9s | thequantuminsider_2019_12_03_rigetti_quantum_computers_now_available_via_amazon_web_services] Saved: crawl_output/3cc0c78255_thequantuminsider.com_2019_12_03_rigetti-quantum-computers-now-available-via-amazon-web-services.json

[16:40:51 +9s | thequantuminsider_2019_12_03_rigetti_quantum_computers_now_available_via_amazon_web_services] === 1 actor extraction ===
[16:40:51 +9s | thequantuminsider_2019_12_03_rigetti_quantum_computers_now_available_via_amazon_web_services] Reading page (1/1): https://thequantuminsider.com/2019/12/03/rigetti-quantum-computers-now-available-via-amazon-web-services
[16:40:51 +9s | thequantuminsider_2019_12_03_rigetti_quantum_computers_now_available_via_amazon_web_services] Extracting actors: https://thequantuminsider.com/2019/12/03/rigetti-quantum-computers-now-available-via-amazon-web-services (1/1), chunk 1/37
[16:41:07 +22s | thequantuminsider_2019_12_03_rigetti_quantum_computers_now_available_via_amazon_web_services] Repaired malformed JSON.
[16:41:07 +22s | thequantuminsider_2019_12_03_rigetti_quantum_computers_now_available_via_amazon_web_services] Extracting actors: https://thequantuminsider.com/2019/12/03/rigetti-quantum-computers-now-available-via-amazon-web-services (1/1), chunk 2/37
[16:41:14 +29s | thequantuminsider_2019_12_03_rigetti_quantum_computers_now_available_via_amazon_web_services] Repaired malformed JSON.
[16:41:14 +29s | thequantuminsider_2019_12_03_rigetti_quantum_computers_now_available_via_amazon_web_services] Extracting actors: https://thequantuminsider.com/2019/12/03/rigetti-quantum-computers-now-available-via-amazon-web-services (1/1), chunk 3/37
[16:41:22 +37s | thequantuminsider_2019_12_03_rigetti_quantum_computers_now_available_via_amazon_web_services] Repaired malformed JSON.
[16:41:22 +37s | thequantuminsider_2019_12_03_rigetti_quantum_computers_now_available_via_amazon_web_services] Extracting actors: https://thequantuminsider.com/2019/12/03/rigetti-quantum-computers-now-available-via-amazon-web-services (1/1), chunk 4/37
[16:41:29 +44s | thequantuminsider_2019_12_03_rigetti_quantum_computers_now_available_via_amazon_web_services] Repaired malformed JSON.
[16:41:29 +44s | thequantuminsider_2019_12_03_rigetti_quantum_computers_now_available_via_amazon_web_services] Extracting actors: https://thequantuminsider.com/2019/12/03/rigetti-quantum-computers-now-available-via-amazon-web-services (1/1), chunk 5/37
[16:41:35 +50s | thequantuminsider_2019_12_03_rigetti_quantum_computers_now_available_via_amazon_web_services] Repaired malformed JSON.
[16:41:35 +50s | thequantuminsider_2019_12_03_rigetti_quantum_computers_now_available_via_amazon_web_services] Extracting actors: https://thequantuminsider.com/2019/12/03/rigetti-quantum-computers-now-available-via-amazon-web-services (1/1), chunk 6/37
[16:41:43 +55s | thequantuminsider_2019_12_03_rigetti_quantum_computers_now_available_via_amazon_web_services] Repaired malformed JSON.
[16:41:43 +55s | thequantuminsider_2019_12_03_rigetti_quantum_computers_now_available_via_amazon_web_services] Extracting actors: https://thequantuminsider.com/2019/12/03/rigetti-quantum-computers-now-available-via-amazon-web-services (1/1), chunk 7/37
[16:41:48 +1m 0s | thequantuminsider_2019_12_03_rigetti_quantum_computers_now_available_via_amazon_web_services] Extracting actors: https://thequantuminsider.com/2019/12/03/rigetti-quantum-computers-now-available-via-amazon-web-services (1/1), chunk 8/37
[16:41:57 +1m 9s | thequantuminsider_2019_12_03_rigetti_quantum_computers_now_available_via_amazon_web_services] Repaired malformed JSON.
[16:41:57 +1m 9s | thequantuminsider_2019_12_03_rigetti_quantum_computers_now_available_via_amazon_web_services] Extracting actors: https://thequantuminsider.com/2019/12/03/rigetti-quantum-computers-now-available-via-amazon-web-services (1/1), chunk 9/37
[16:42:04 +1m 16s | thequantuminsider_2019_12_03_rigetti_quantum_computers_now_available_via_amazon_web_services] Repaired malformed JSON.
[16:42:04 +1m 16s | thequantuminsider_2019_12_03_rigetti_quantum_computers_now_available_via_amazon_web_services] Extracting actors: https://thequantuminsider.com/2019/12/03/rigetti-quantum-computers-now-available-via-amazon-web-services (1/1), chunk 10/37
[16:42:15 +1m 24s | thequantuminsider_2019_12_03_rigetti_quantum_computers_now_available_via_amazon_web_services] Repaired malformed JSON.
[16:42:15 +1m 24s | thequantuminsider_2019_12_03_rigetti_quantum_computers_now_available_via_amazon_web_services] Extracting actors: https://thequantuminsider.com/2019/12/03/rigetti-quantum-computers-now-available-via-amazon-web-services (1/1), chunk 11/37
[16:42:21 +1m 30s | thequantuminsider_2019_12_03_rigetti_quantum_computers_now_available_via_amazon_web_services] Repaired malformed JSON.
[16:42:21 +1m 30s | thequantuminsider_2019_12_03_rigetti_quantum_computers_now_available_via_amazon_web_services] Extracting actors: https://thequantuminsider.com/2019/12/03/rigetti-quantum-computers-now-available-via-amazon-web-services (1/1), chunk 12/37
[16:42:28 +1m 37s | thequantuminsider_2019_12_03_rigetti_quantum_computers_now_available_via_amazon_web_services] Repaired malformed JSON.
[16:42:28 +1m 37s | thequantuminsider_2019_12_03_rigetti_quantum_computers_now_available_via_amazon_web_services] Extracting actors: https://thequantuminsider.com/2019/12/03/rigetti-quantum-computers-now-available-via-amazon-web-services (1/1), chunk 13/37
[16:42:34 +1m 43s | thequantuminsider_2019_12_03_rigetti_quantum_computers_now_available_via_amazon_web_services] Repaired malformed JSON.
[16:42:34 +1m 43s | thequantuminsider_2019_12_03_rigetti_quantum_computers_now_available_via_amazon_web_services] Extracting actors: https://thequantuminsider.com/2019/12/03/rigetti-quantum-computers-now-available-via-amazon-web-services (1/1), chunk 14/37
[16:42:42 +1m 51s | thequantuminsider_2019_12_03_rigetti_quantum_computers_now_available_via_amazon_web_services] Repaired malformed JSON.
[16:42:42 +1m 51s | thequantuminsider_2019_12_03_rigetti_quantum_computers_now_available_via_amazon_web_services] Extracting actors: https://thequantuminsider.com/2019/12/03/rigetti-quantum-computers-now-available-via-amazon-web-services (1/1), chunk 15/37
[16:42:55 +2m 1s | thequantuminsider_2019_12_03_rigetti_quantum_computers_now_available_via_amazon_web_services] Repaired malformed JSON.
[16:42:55 +2m 1s | thequantuminsider_2019_12_03_rigetti_quantum_computers_now_available_via_amazon_web_services] Extracting actors: https://thequantuminsider.com/2019/12/03/rigetti-quantum-computers-now-available-via-amazon-web-services (1/1), chunk 16/37
[16:43:01 +2m 7s | thequantuminsider_2019_12_03_rigetti_quantum_computers_now_available_via_amazon_web_services] Repaired malformed JSON.
[16:43:01 +2m 7s | thequantuminsider_2019_12_03_rigetti_quantum_computers_now_available_via_amazon_web_services] Extracting actors: https://thequantuminsider.com/2019/12/03/rigetti-quantum-computers-now-available-via-amazon-web-services (1/1), chunk 17/37
[16:43:06 +2m 12s | thequantuminsider_2019_12_03_rigetti_quantum_computers_now_available_via_amazon_web_services] Repaired malformed JSON.
[16:43:06 +2m 12s | thequantuminsider_2019_12_03_rigetti_quantum_computers_now_available_via_amazon_web_services] Extracting actors: https://thequantuminsider.com/2019/12/03/rigetti-quantum-computers-now-available-via-amazon-web-services (1/1), chunk 18/37
[16:43:12 +2m 18s | thequantuminsider_2019_12_03_rigetti_quantum_computers_now_available_via_amazon_web_services] Repaired malformed JSON.
[16:43:12 +2m 18s | thequantuminsider_2019_12_03_rigetti_quantum_computers_now_available_via_amazon_web_services] Extracting actors: https://thequantuminsider.com/2019/12/03/rigetti-quantum-computers-now-available-via-amazon-web-services (1/1), chunk 19/37
[16:43:19 +2m 25s | thequantuminsider_2019_12_03_rigetti_quantum_computers_now_available_via_amazon_web_services] Repaired malformed JSON.
[16:43:19 +2m 25s | thequantuminsider_2019_12_03_rigetti_quantum_computers_now_available_via_amazon_web_services] Extracting actors: https://thequantuminsider.com/2019/12/03/rigetti-quantum-computers-now-available-via-amazon-web-services (1/1), chunk 20/37
[16:43:30 +2m 33s | thequantuminsider_2019_12_03_rigetti_quantum_computers_now_available_via_amazon_web_services] Repaired malformed JSON.
[16:43:30 +2m 33s | thequantuminsider_2019_12_03_rigetti_quantum_computers_now_available_via_amazon_web_services] Extracting actors: https://thequantuminsider.com/2019/12/03/rigetti-quantum-computers-now-available-via-amazon-web-services (1/1), chunk 21/37
[16:43:39 +2m 42s | thequantuminsider_2019_12_03_rigetti_quantum_computers_now_available_via_amazon_web_services] Repaired malformed JSON.
[16:43:39 +2m 42s | thequantuminsider_2019_12_03_rigetti_quantum_computers_now_available_via_amazon_web_services] Extracting actors: https://thequantuminsider.com/2019/12/03/rigetti-quantum-computers-now-available-via-amazon-web-services (1/1), chunk 22/37
[16:43:46 +2m 49s | thequantuminsider_2019_12_03_rigetti_quantum_computers_now_available_via_amazon_web_services] Repaired malformed JSON.
[16:43:46 +2m 49s | thequantuminsider_2019_12_03_rigetti_quantum_computers_now_available_via_amazon_web_services] Extracting actors: https://thequantuminsider.com/2019/12/03/rigetti-quantum-computers-now-available-via-amazon-web-services (1/1), chunk 23/37
[16:43:54 +2m 57s | thequantuminsider_2019_12_03_rigetti_quantum_computers_now_available_via_amazon_web_services] Extracting actors: https://thequantuminsider.com/2019/12/03/rigetti-quantum-computers-now-available-via-amazon-web-services (1/1), chunk 24/37
[16:44:04 +3m 5s | thequantuminsider_2019_12_03_rigetti_quantum_computers_now_available_via_amazon_web_services] Repaired malformed JSON.
[16:44:04 +3m 5s | thequantuminsider_2019_12_03_rigetti_quantum_computers_now_available_via_amazon_web_services] Extracting actors: https://thequantuminsider.com/2019/12/03/rigetti-quantum-computers-now-available-via-amazon-web-services (1/1), chunk 25/37
[16:44:08 +3m 8s | thequantuminsider_2019_12_03_rigetti_quantum_computers_now_available_via_amazon_web_services] Extracting actors: https://thequantuminsider.com/2019/12/03/rigetti-quantum-computers-now-available-via-amazon-web-services (1/1), chunk 26/37
[16:44:10 +3m 11s | thequantuminsider_2019_12_03_rigetti_quantum_computers_now_available_via_amazon_web_services] Extracting actors: https://thequantuminsider.com/2019/12/03/rigetti-quantum-computers-now-available-via-amazon-web-services (1/1), chunk 27/37
[16:44:16 +3m 16s | thequantuminsider_2019_12_03_rigetti_quantum_computers_now_available_via_amazon_web_services] Repaired malformed JSON.
[16:44:16 +3m 16s | thequantuminsider_2019_12_03_rigetti_quantum_computers_now_available_via_amazon_web_services] Extracting actors: https://thequantuminsider.com/2019/12/03/rigetti-quantum-computers-now-available-via-amazon-web-services (1/1), chunk 28/37
[16:44:21 +3m 21s | thequantuminsider_2019_12_03_rigetti_quantum_computers_now_available_via_amazon_web_services] Repaired malformed JSON.
[16:44:21 +3m 21s | thequantuminsider_2019_12_03_rigetti_quantum_computers_now_available_via_amazon_web_services] Extracting actors: https://thequantuminsider.com/2019/12/03/rigetti-quantum-computers-now-available-via-amazon-web-services (1/1), chunk 29/37
[16:44:27 +3m 28s | thequantuminsider_2019_12_03_rigetti_quantum_computers_now_available_via_amazon_web_services] Repaired malformed JSON.
[16:44:27 +3m 28s | thequantuminsider_2019_12_03_rigetti_quantum_computers_now_available_via_amazon_web_services] Extracting actors: https://thequantuminsider.com/2019/12/03/rigetti-quantum-computers-now-available-via-amazon-web-services (1/1), chunk 30/37
[16:44:37 +3m 35s | thequantuminsider_2019_12_03_rigetti_quantum_computers_now_available_via_amazon_web_services] Repaired malformed JSON.
[16:44:37 +3m 35s | thequantuminsider_2019_12_03_rigetti_quantum_computers_now_available_via_amazon_web_services] Extracting actors: https://thequantuminsider.com/2019/12/03/rigetti-quantum-computers-now-available-via-amazon-web-services (1/1), chunk 31/37
[16:44:45 +3m 43s | thequantuminsider_2019_12_03_rigetti_quantum_computers_now_available_via_amazon_web_services] Repaired malformed JSON.
[16:44:45 +3m 43s | thequantuminsider_2019_12_03_rigetti_quantum_computers_now_available_via_amazon_web_services] Extracting actors: https://thequantuminsider.com/2019/12/03/rigetti-quantum-computers-now-available-via-amazon-web-services (1/1), chunk 32/37
[16:44:48 +3m 45s | thequantuminsider_2019_12_03_rigetti_quantum_computers_now_available_via_amazon_web_services] Extracting actors: https://thequantuminsider.com/2019/12/03/rigetti-quantum-computers-now-available-via-amazon-web-services (1/1), chunk 33/37
[16:44:54 +3m 51s | thequantuminsider_2019_12_03_rigetti_quantum_computers_now_available_via_amazon_web_services] Repaired malformed JSON.
[16:44:54 +3m 51s | thequantuminsider_2019_12_03_rigetti_quantum_computers_now_available_via_amazon_web_services] Extracting actors: https://thequantuminsider.com/2019/12/03/rigetti-quantum-computers-now-available-via-amazon-web-services (1/1), chunk 34/37
[16:45:01 +3m 58s | thequantuminsider_2019_12_03_rigetti_quantum_computers_now_available_via_amazon_web_services] Repaired malformed JSON.
[16:45:01 +3m 58s | thequantuminsider_2019_12_03_rigetti_quantum_computers_now_available_via_amazon_web_services] Extracting actors: https://thequantuminsider.com/2019/12/03/rigetti-quantum-computers-now-available-via-amazon-web-services (1/1), chunk 35/37
[16:45:11 +4m 6s | thequantuminsider_2019_12_03_rigetti_quantum_computers_now_available_via_amazon_web_services] Repaired malformed JSON.
[16:45:11 +4m 6s | thequantuminsider_2019_12_03_rigetti_quantum_computers_now_available_via_amazon_web_services] Extracting actors: https://thequantuminsider.com/2019/12/03/rigetti-quantum-computers-now-available-via-amazon-web-services (1/1), chunk 36/37
[16:45:18 +4m 13s | thequantuminsider_2019_12_03_rigetti_quantum_computers_now_available_via_amazon_web_services] Repaired malformed JSON.
[16:45:18 +4m 13s | thequantuminsider_2019_12_03_rigetti_quantum_computers_now_available_via_amazon_web_services] Extracting actors: https://thequantuminsider.com/2019/12/03/rigetti-quantum-computers-now-available-via-amazon-web-services (1/1), chunk 37/37
[16:45:25 +4m 20s | thequantuminsider_2019_12_03_rigetti_quantum_computers_now_available_via_amazon_web_services] Repaired malformed JSON.
[16:45:25 +4m 20s | thequantuminsider_2019_12_03_rigetti_quantum_computers_now_available_via_amazon_web_services] Saved 1_actor_results.json with 66 extracted records

[16:45:25 +4m 20s | thequantuminsider_2019_12_03_rigetti_quantum_computers_now_available_via_amazon_web_services] === 2 clean actors ===
[16:45:25 +4m 20s | thequantuminsider_2019_12_03_rigetti_quantum_computers_now_available_via_amazon_web_services] Loaded 66 extracted records
[16:45:25 +4m 20s | thequantuminsider_2019_12_03_rigetti_quantum_computers_now_available_via_amazon_web_services] Saved 2_actor_nodes.json with 18 canonical actor nodes

[16:45:25 +4m 20s | thequantuminsider_2019_12_03_rigetti_quantum_computers_now_available_via_amazon_web_services] === 3 interaction extraction ===
[16:45:26 +4m 20s | thequantuminsider_2019_12_03_rigetti_quantum_computers_now_available_via_amazon_web_services] Extracting interactions: https://thequantuminsider.com/2019/12/03/rigetti-quantum-computers-now-available-via-amazon-web-services (1/1), chunk 11/37
[16:45:31 +4m 26s | thequantuminsider_2019_12_03_rigetti_quantum_computers_now_available_via_amazon_web_services] Extracting interactions: https://thequantuminsider.com/2019/12/03/rigetti-quantum-computers-now-available-via-amazon-web-services (1/1), chunk 12/37
[16:45:41 +4m 36s | thequantuminsider_2019_12_03_rigetti_quantum_computers_now_available_via_amazon_web_services] Extracting interactions: https://thequantuminsider.com/2019/12/03/rigetti-quantum-computers-now-available-via-amazon-web-services (1/1), chunk 13/37
[16:45:54 +4m 46s | thequantuminsider_2019_12_03_rigetti_quantum_computers_now_available_via_amazon_web_services] Extracting interactions: https://thequantuminsider.com/2019/12/03/rigetti-quantum-computers-now-available-via-amazon-web-services (1/1), chunk 14/37
[16:46:04 +4m 56s | thequantuminsider_2019_12_03_rigetti_quantum_computers_now_available_via_amazon_web_services] Extracting interactions: https://thequantuminsider.com/2019/12/03/rigetti-quantum-computers-now-available-via-amazon-web-services (1/1), chunk 15/37
[16:46:08 +5m 0s | thequantuminsider_2019_12_03_rigetti_quantum_computers_now_available_via_amazon_web_services] Extracting interactions: https://thequantuminsider.com/2019/12/03/rigetti-quantum-computers-now-available-via-amazon-web-services (1/1), chunk 16/37
[16:46:12 +5m 4s | thequantuminsider_2019_12_03_rigetti_quantum_computers_now_available_via_amazon_web_services] Extracting interactions: https://thequantuminsider.com/2019/12/03/rigetti-quantum-computers-now-available-via-amazon-web-services (1/1), chunk 17/37
[16:46:16 +5m 7s | thequantuminsider_2019_12_03_rigetti_quantum_computers_now_available_via_amazon_web_services] Extracting interactions: https://thequantuminsider.com/2019/12/03/rigetti-quantum-computers-now-available-via-amazon-web-services (1/1), chunk 18/37
[16:46:20 +5m 9s | thequantuminsider_2019_12_03_rigetti_quantum_computers_now_available_via_amazon_web_services] Extracting interactions: https://thequantuminsider.com/2019/12/03/rigetti-quantum-computers-now-available-via-amazon-web-services (1/1), chunk 19/37
[16:46:28 +5m 17s | thequantuminsider_2019_12_03_rigetti_quantum_computers_now_available_via_amazon_web_services] Extracting interactions: https://thequantuminsider.com/2019/12/03/rigetti-quantum-computers-now-available-via-amazon-web-services (1/1), chunk 20/37
[16:46:32 +5m 21s | thequantuminsider_2019_12_03_rigetti_quantum_computers_now_available_via_amazon_web_services] Extracting interactions: https://thequantuminsider.com/2019/12/03/rigetti-quantum-computers-now-available-via-amazon-web-services (1/1), chunk 21/37
[16:46:41 +5m 30s | thequantuminsider_2019_12_03_rigetti_quantum_computers_now_available_via_amazon_web_services] Extracting interactions: https://thequantuminsider.com/2019/12/03/rigetti-quantum-computers-now-available-via-amazon-web-services (1/1), chunk 22/37
[16:46:47 +5m 36s | thequantuminsider_2019_12_03_rigetti_quantum_computers_now_available_via_amazon_web_services] Extracting interactions: https://thequantuminsider.com/2019/12/03/rigetti-quantum-computers-now-available-via-amazon-web-services (1/1), chunk 24/37
[16:46:50 +5m 39s | thequantuminsider_2019_12_03_rigetti_quantum_computers_now_available_via_amazon_web_services] Extracting interactions: https://thequantuminsider.com/2019/12/03/rigetti-quantum-computers-now-available-via-amazon-web-services (1/1), chunk 25/37
[16:46:56 +5m 42s | thequantuminsider_2019_12_03_rigetti_quantum_computers_now_available_via_amazon_web_services] Extracting interactions: https://thequantuminsider.com/2019/12/03/rigetti-quantum-computers-now-available-via-amazon-web-services (1/1), chunk 26/37
[16:46:58 +5m 44s | thequantuminsider_2019_12_03_rigetti_quantum_computers_now_available_via_amazon_web_services] Extracting interactions: https://thequantuminsider.com/2019/12/03/rigetti-quantum-computers-now-available-via-amazon-web-services (1/1), chunk 28/37
[16:47:00 +5m 46s | thequantuminsider_2019_12_03_rigetti_quantum_computers_now_available_via_amazon_web_services] Extracting interactions: https://thequantuminsider.com/2019/12/03/rigetti-quantum-computers-now-available-via-amazon-web-services (1/1), chunk 29/37
[16:47:02 +5m 48s | thequantuminsider_2019_12_03_rigetti_quantum_computers_now_available_via_amazon_web_services] Extracting interactions: https://thequantuminsider.com/2019/12/03/rigetti-quantum-computers-now-available-via-amazon-web-services (1/1), chunk 30/37
[16:47:04 +5m 50s | thequantuminsider_2019_12_03_rigetti_quantum_computers_now_available_via_amazon_web_services] Extracting interactions: https://thequantuminsider.com/2019/12/03/rigetti-quantum-computers-now-available-via-amazon-web-services (1/1), chunk 31/37
[16:47:06 +5m 52s | thequantuminsider_2019_12_03_rigetti_quantum_computers_now_available_via_amazon_web_services] Extracting interactions: https://thequantuminsider.com/2019/12/03/rigetti-quantum-computers-now-available-via-amazon-web-services (1/1), chunk 33/37
[16:47:12 +5m 58s | thequantuminsider_2019_12_03_rigetti_quantum_computers_now_available_via_amazon_web_services] Extracting interactions: https://thequantuminsider.com/2019/12/03/rigetti-quantum-computers-now-available-via-amazon-web-services (1/1), chunk 34/37
[16:47:13 +5m 59s | thequantuminsider_2019_12_03_rigetti_quantum_computers_now_available_via_amazon_web_services] Saved 3_interaction_results.json with 17 extracted interactions.

[16:47:13 +5m 59s | thequantuminsider_2019_12_03_rigetti_quantum_computers_now_available_via_amazon_web_services] === 4 clean interactions ===
[16:47:13 +5m 59s | thequantuminsider_2019_12_03_rigetti_quantum_computers_now_available_via_amazon_web_services] Saved 4_edges.json with 2 cleaned interactions.

[16:47:13 +5m 59s | thequantuminsider_2019_12_03_rigetti_quantum_computers_now_available_via_amazon_web_services] === 5 helix enrichment ===
[16:47:13 +5m 59s | thequantuminsider_2019_12_03_rigetti_quantum_computers_now_available_via_amazon_web_services] Wrote 5_nodes.json (18 actors)
[16:47:13 +5m 59s | thequantuminsider_2019_12_03_rigetti_quantum_computers_now_available_via_amazon_web_services] Wrote 5_edges.json (2 interactions)
[16:47:13 +5m 59s | thequantuminsider_2019_12_03_rigetti_quantum_computers_now_available_via_amazon_web_services] Actor helix counts: {'Civil Society': 4, 'Industry': 7, 'Intermediary': 1, 'Unknown': 6}
[16:47:13 +5m 59s | thequantuminsider_2019_12_03_rigetti_quantum_computers_now_available_via_amazon_web_services] Functional-space counts: {'Intra-helix / Not classified': 2}

[16:47:13 +5m 59s | thequantuminsider_2019_12_03_rigetti_quantum_computers_now_available_via_amazon_web_services] === 6 network visualisation ===
[16:47:14 +5m 59s | thequantuminsider_2019_12_03_rigetti_quantum_computers_now_available_via_amazon_web_services] Wrote quantum_network.html
[16:47:14 +5m 59s | thequantuminsider_2019_12_03_rigetti_quantum_computers_now_available_via_amazon_web_services] Nodes: 18
[16:47:14 +5m 59s | thequantuminsider_2019_12_03_rigetti_quantum_computers_now_available_via_amazon_web_services] Edges: 1

[16:47:14 +6m 0s | thequantuminsider_2019_12_03_rigetti_quantum_computers_now_available_via_amazon_web_services] Done. Outputs written to: /home/lv/IDP/idpdeeptech/pipeline/news_outputs/thequantuminsider_2019_12_03_rigetti_quantum_computers_now_available_via_amazon_web_services
[16:47:14 +6m 0s | thequantuminsider_2019_12_03_rigetti_quantum_computers_now_available_via_amazon_web_services] Log: /home/lv/IDP/idpdeeptech/pipeline/news_outputs/thequantuminsider_2019_12_03_rigetti_quantum_computers_now_available_via_amazon_web_services/run.log

========================================================================
RUN FINISHED 2026-07-01 16:47:14  (OK)
Started:     2026-07-01 16:40:42
Elapsed:     6m 0s
========================================================================
