
========================================================================
RUN STARTED  2026-07-02 04:12:18
site_pipeline.py https://thequantuminsider.com/2021/12/27/report-quantum-computing-market-expected-to-grow-at-double-digit-growth-rates/
========================================================================

[04:12:18 +0s | thequantuminsider_2021_12_27_report_quantum_computing_market_expected_to_grow_at_double_d_ea935c27] === 0 crawl site ===
[04:12:19 +1s | thequantuminsider_2021_12_27_report_quantum_computing_market_expected_to_grow_at_double_d_ea935c27] [INIT].... → Crawl4AI 0.8.6 
[04:12:21 +3s | thequantuminsider_2021_12_27_report_quantum_computing_market_expected_to_grow_at_double_d_ea935c27] [FETCH]... ↓ https://thequantuminsider.com/2021/12/27/report-...t-expected-to-grow-at-double-digit-growth-rates/  | ✓ | ⏱: 1.50s 
[04:12:21 +3s | thequantuminsider_2021_12_27_report_quantum_computing_market_expected_to_grow_at_double_d_ea935c27] [SCRAPE].. ◆ https://thequantuminsider.com/2021/12/27/report-...t-expected-to-grow-at-double-digit-growth-rates/  | ✓ | ⏱: 0.10s 
[04:12:21 +3s | thequantuminsider_2021_12_27_report_quantum_computing_market_expected_to_grow_at_double_d_ea935c27] [COMPLETE] ● https://thequantuminsider.com/2021/12/27/report-...t-expected-to-grow-at-double-digit-growth-rates/  | ✓ | ⏱: 1.62s 
[04:12:21 +3s | thequantuminsider_2021_12_27_report_quantum_computing_market_expected_to_grow_at_double_d_ea935c27] Saved: crawl_output/f0e7d1c7d0_thequantuminsider.com_2021_12_27_report-quantum-computing-market-expected-to-grow-at-double-digit-growth-rates.json

[04:12:21 +3s | thequantuminsider_2021_12_27_report_quantum_computing_market_expected_to_grow_at_double_d_ea935c27] === 1 actor extraction ===
[04:12:21 +3s | thequantuminsider_2021_12_27_report_quantum_computing_market_expected_to_grow_at_double_d_ea935c27] Reading page (1/1): https://thequantuminsider.com/2021/12/27/report-quantum-computing-market-expected-to-grow-at-double-digit-growth-rates
[04:12:21 +3s | thequantuminsider_2021_12_27_report_quantum_computing_market_expected_to_grow_at_double_d_ea935c27] Extracting actors: https://thequantuminsider.com/2021/12/27/report-quantum-computing-market-expected-to-grow-at-double-digit-growth-rates (1/1), chunk 1/40
[04:12:26 +8s | thequantuminsider_2021_12_27_report_quantum_computing_market_expected_to_grow_at_double_d_ea935c27] Extracting actors: https://thequantuminsider.com/2021/12/27/report-quantum-computing-market-expected-to-grow-at-double-digit-growth-rates (1/1), chunk 2/40
[04:12:30 +12s | thequantuminsider_2021_12_27_report_quantum_computing_market_expected_to_grow_at_double_d_ea935c27] Extracting actors: https://thequantuminsider.com/2021/12/27/report-quantum-computing-market-expected-to-grow-at-double-digit-growth-rates (1/1), chunk 3/40
[04:12:38 +20s | thequantuminsider_2021_12_27_report_quantum_computing_market_expected_to_grow_at_double_d_ea935c27] Extracting actors: https://thequantuminsider.com/2021/12/27/report-quantum-computing-market-expected-to-grow-at-double-digit-growth-rates (1/1), chunk 4/40
[04:12:43 +25s | thequantuminsider_2021_12_27_report_quantum_computing_market_expected_to_grow_at_double_d_ea935c27] Extracting actors: https://thequantuminsider.com/2021/12/27/report-quantum-computing-market-expected-to-grow-at-double-digit-growth-rates (1/1), chunk 5/40
[04:12:50 +29s | thequantuminsider_2021_12_27_report_quantum_computing_market_expected_to_grow_at_double_d_ea935c27] Extracting actors: https://thequantuminsider.com/2021/12/27/report-quantum-computing-market-expected-to-grow-at-double-digit-growth-rates (1/1), chunk 6/40
[04:12:55 +34s | thequantuminsider_2021_12_27_report_quantum_computing_market_expected_to_grow_at_double_d_ea935c27] Extracting actors: https://thequantuminsider.com/2021/12/27/report-quantum-computing-market-expected-to-grow-at-double-digit-growth-rates (1/1), chunk 7/40
[04:13:00 +39s | thequantuminsider_2021_12_27_report_quantum_computing_market_expected_to_grow_at_double_d_ea935c27] Extracting actors: https://thequantuminsider.com/2021/12/27/report-quantum-computing-market-expected-to-grow-at-double-digit-growth-rates (1/1), chunk 8/40
[04:13:04 +43s | thequantuminsider_2021_12_27_report_quantum_computing_market_expected_to_grow_at_double_d_ea935c27] Extracting actors: https://thequantuminsider.com/2021/12/27/report-quantum-computing-market-expected-to-grow-at-double-digit-growth-rates (1/1), chunk 9/40
[04:13:08 +47s | thequantuminsider_2021_12_27_report_quantum_computing_market_expected_to_grow_at_double_d_ea935c27] Extracting actors: https://thequantuminsider.com/2021/12/27/report-quantum-computing-market-expected-to-grow-at-double-digit-growth-rates (1/1), chunk 10/40
[04:13:15 +54s | thequantuminsider_2021_12_27_report_quantum_computing_market_expected_to_grow_at_double_d_ea935c27] Extracting actors: https://thequantuminsider.com/2021/12/27/report-quantum-computing-market-expected-to-grow-at-double-digit-growth-rates (1/1), chunk 11/40
[04:13:18 +57s | thequantuminsider_2021_12_27_report_quantum_computing_market_expected_to_grow_at_double_d_ea935c27] Extracting actors: https://thequantuminsider.com/2021/12/27/report-quantum-computing-market-expected-to-grow-at-double-digit-growth-rates (1/1), chunk 12/40
[04:13:27 +1m 3s | thequantuminsider_2021_12_27_report_quantum_computing_market_expected_to_grow_at_double_d_ea935c27] Extracting actors: https://thequantuminsider.com/2021/12/27/report-quantum-computing-market-expected-to-grow-at-double-digit-growth-rates (1/1), chunk 13/40
[04:13:32 +1m 8s | thequantuminsider_2021_12_27_report_quantum_computing_market_expected_to_grow_at_double_d_ea935c27] Repaired malformed JSON.
[04:13:32 +1m 8s | thequantuminsider_2021_12_27_report_quantum_computing_market_expected_to_grow_at_double_d_ea935c27] Extracting actors: https://thequantuminsider.com/2021/12/27/report-quantum-computing-market-expected-to-grow-at-double-digit-growth-rates (1/1), chunk 14/40
[04:13:37 +1m 12s | thequantuminsider_2021_12_27_report_quantum_computing_market_expected_to_grow_at_double_d_ea935c27] Extracting actors: https://thequantuminsider.com/2021/12/27/report-quantum-computing-market-expected-to-grow-at-double-digit-growth-rates (1/1), chunk 15/40
[04:13:41 +1m 17s | thequantuminsider_2021_12_27_report_quantum_computing_market_expected_to_grow_at_double_d_ea935c27] Extracting actors: https://thequantuminsider.com/2021/12/27/report-quantum-computing-market-expected-to-grow-at-double-digit-growth-rates (1/1), chunk 16/40
[04:13:47 +1m 23s | thequantuminsider_2021_12_27_report_quantum_computing_market_expected_to_grow_at_double_d_ea935c27] Repaired malformed JSON.
[04:13:47 +1m 23s | thequantuminsider_2021_12_27_report_quantum_computing_market_expected_to_grow_at_double_d_ea935c27] Extracting actors: https://thequantuminsider.com/2021/12/27/report-quantum-computing-market-expected-to-grow-at-double-digit-growth-rates (1/1), chunk 17/40
[04:13:53 +1m 29s | thequantuminsider_2021_12_27_report_quantum_computing_market_expected_to_grow_at_double_d_ea935c27] Repaired malformed JSON.
[04:13:53 +1m 29s | thequantuminsider_2021_12_27_report_quantum_computing_market_expected_to_grow_at_double_d_ea935c27] Extracting actors: https://thequantuminsider.com/2021/12/27/report-quantum-computing-market-expected-to-grow-at-double-digit-growth-rates (1/1), chunk 18/40
[04:14:00 +1m 33s | thequantuminsider_2021_12_27_report_quantum_computing_market_expected_to_grow_at_double_d_ea935c27] Extracting actors: https://thequantuminsider.com/2021/12/27/report-quantum-computing-market-expected-to-grow-at-double-digit-growth-rates (1/1), chunk 19/40
[04:14:07 +1m 40s | thequantuminsider_2021_12_27_report_quantum_computing_market_expected_to_grow_at_double_d_ea935c27] Repaired malformed JSON.
[04:14:07 +1m 40s | thequantuminsider_2021_12_27_report_quantum_computing_market_expected_to_grow_at_double_d_ea935c27] Extracting actors: https://thequantuminsider.com/2021/12/27/report-quantum-computing-market-expected-to-grow-at-double-digit-growth-rates (1/1), chunk 20/40
[04:14:13 +1m 46s | thequantuminsider_2021_12_27_report_quantum_computing_market_expected_to_grow_at_double_d_ea935c27] Repaired malformed JSON.
[04:14:13 +1m 46s | thequantuminsider_2021_12_27_report_quantum_computing_market_expected_to_grow_at_double_d_ea935c27] Extracting actors: https://thequantuminsider.com/2021/12/27/report-quantum-computing-market-expected-to-grow-at-double-digit-growth-rates (1/1), chunk 21/40
[04:14:20 +1m 53s | thequantuminsider_2021_12_27_report_quantum_computing_market_expected_to_grow_at_double_d_ea935c27] Repaired malformed JSON.
[04:14:20 +1m 53s | thequantuminsider_2021_12_27_report_quantum_computing_market_expected_to_grow_at_double_d_ea935c27] Extracting actors: https://thequantuminsider.com/2021/12/27/report-quantum-computing-market-expected-to-grow-at-double-digit-growth-rates (1/1), chunk 22/40
[04:14:27 +2m 0s | thequantuminsider_2021_12_27_report_quantum_computing_market_expected_to_grow_at_double_d_ea935c27] Repaired malformed JSON.
[04:14:27 +2m 0s | thequantuminsider_2021_12_27_report_quantum_computing_market_expected_to_grow_at_double_d_ea935c27] Extracting actors: https://thequantuminsider.com/2021/12/27/report-quantum-computing-market-expected-to-grow-at-double-digit-growth-rates (1/1), chunk 23/40
[04:14:32 +2m 5s | thequantuminsider_2021_12_27_report_quantum_computing_market_expected_to_grow_at_double_d_ea935c27] Repaired malformed JSON.
[04:14:32 +2m 5s | thequantuminsider_2021_12_27_report_quantum_computing_market_expected_to_grow_at_double_d_ea935c27] Extracting actors: https://thequantuminsider.com/2021/12/27/report-quantum-computing-market-expected-to-grow-at-double-digit-growth-rates (1/1), chunk 24/40
[04:14:42 +2m 12s | thequantuminsider_2021_12_27_report_quantum_computing_market_expected_to_grow_at_double_d_ea935c27] Repaired malformed JSON.
[04:14:42 +2m 12s | thequantuminsider_2021_12_27_report_quantum_computing_market_expected_to_grow_at_double_d_ea935c27] Extracting actors: https://thequantuminsider.com/2021/12/27/report-quantum-computing-market-expected-to-grow-at-double-digit-growth-rates (1/1), chunk 25/40
[04:14:48 +2m 18s | thequantuminsider_2021_12_27_report_quantum_computing_market_expected_to_grow_at_double_d_ea935c27] Repaired malformed JSON.
[04:14:48 +2m 18s | thequantuminsider_2021_12_27_report_quantum_computing_market_expected_to_grow_at_double_d_ea935c27] Extracting actors: https://thequantuminsider.com/2021/12/27/report-quantum-computing-market-expected-to-grow-at-double-digit-growth-rates (1/1), chunk 26/40
[04:14:53 +2m 23s | thequantuminsider_2021_12_27_report_quantum_computing_market_expected_to_grow_at_double_d_ea935c27] Repaired malformed JSON.
[04:14:53 +2m 23s | thequantuminsider_2021_12_27_report_quantum_computing_market_expected_to_grow_at_double_d_ea935c27] Extracting actors: https://thequantuminsider.com/2021/12/27/report-quantum-computing-market-expected-to-grow-at-double-digit-growth-rates (1/1), chunk 27/40
[04:14:58 +2m 28s | thequantuminsider_2021_12_27_report_quantum_computing_market_expected_to_grow_at_double_d_ea935c27] Repaired malformed JSON.
[04:14:58 +2m 28s | thequantuminsider_2021_12_27_report_quantum_computing_market_expected_to_grow_at_double_d_ea935c27] Extracting actors: https://thequantuminsider.com/2021/12/27/report-quantum-computing-market-expected-to-grow-at-double-digit-growth-rates (1/1), chunk 28/40
[04:15:07 +2m 37s | thequantuminsider_2021_12_27_report_quantum_computing_market_expected_to_grow_at_double_d_ea935c27] Repaired malformed JSON.
[04:15:07 +2m 37s | thequantuminsider_2021_12_27_report_quantum_computing_market_expected_to_grow_at_double_d_ea935c27] Extracting actors: https://thequantuminsider.com/2021/12/27/report-quantum-computing-market-expected-to-grow-at-double-digit-growth-rates (1/1), chunk 29/40
[04:15:17 +2m 44s | thequantuminsider_2021_12_27_report_quantum_computing_market_expected_to_grow_at_double_d_ea935c27] Repaired malformed JSON.
[04:15:17 +2m 44s | thequantuminsider_2021_12_27_report_quantum_computing_market_expected_to_grow_at_double_d_ea935c27] Extracting actors: https://thequantuminsider.com/2021/12/27/report-quantum-computing-market-expected-to-grow-at-double-digit-growth-rates (1/1), chunk 30/40
[04:15:24 +2m 51s | thequantuminsider_2021_12_27_report_quantum_computing_market_expected_to_grow_at_double_d_ea935c27] Extracting actors: https://thequantuminsider.com/2021/12/27/report-quantum-computing-market-expected-to-grow-at-double-digit-growth-rates (1/1), chunk 31/40
[04:15:30 +2m 57s | thequantuminsider_2021_12_27_report_quantum_computing_market_expected_to_grow_at_double_d_ea935c27] Extracting actors: https://thequantuminsider.com/2021/12/27/report-quantum-computing-market-expected-to-grow-at-double-digit-growth-rates (1/1), chunk 32/40
[04:15:38 +3m 5s | thequantuminsider_2021_12_27_report_quantum_computing_market_expected_to_grow_at_double_d_ea935c27] Repaired malformed JSON.
[04:15:38 +3m 5s | thequantuminsider_2021_12_27_report_quantum_computing_market_expected_to_grow_at_double_d_ea935c27] Extracting actors: https://thequantuminsider.com/2021/12/27/report-quantum-computing-market-expected-to-grow-at-double-digit-growth-rates (1/1), chunk 33/40
[04:15:46 +3m 10s | thequantuminsider_2021_12_27_report_quantum_computing_market_expected_to_grow_at_double_d_ea935c27] Repaired malformed JSON.
[04:15:46 +3m 10s | thequantuminsider_2021_12_27_report_quantum_computing_market_expected_to_grow_at_double_d_ea935c27] Extracting actors: https://thequantuminsider.com/2021/12/27/report-quantum-computing-market-expected-to-grow-at-double-digit-growth-rates (1/1), chunk 34/40
[04:15:53 +3m 17s | thequantuminsider_2021_12_27_report_quantum_computing_market_expected_to_grow_at_double_d_ea935c27] Repaired malformed JSON.
[04:15:53 +3m 17s | thequantuminsider_2021_12_27_report_quantum_computing_market_expected_to_grow_at_double_d_ea935c27] Extracting actors: https://thequantuminsider.com/2021/12/27/report-quantum-computing-market-expected-to-grow-at-double-digit-growth-rates (1/1), chunk 35/40
[04:15:59 +3m 23s | thequantuminsider_2021_12_27_report_quantum_computing_market_expected_to_grow_at_double_d_ea935c27] Repaired malformed JSON.
[04:15:59 +3m 23s | thequantuminsider_2021_12_27_report_quantum_computing_market_expected_to_grow_at_double_d_ea935c27] Extracting actors: https://thequantuminsider.com/2021/12/27/report-quantum-computing-market-expected-to-grow-at-double-digit-growth-rates (1/1), chunk 36/40
[04:16:05 +3m 29s | thequantuminsider_2021_12_27_report_quantum_computing_market_expected_to_grow_at_double_d_ea935c27] Repaired malformed JSON.
[04:16:05 +3m 29s | thequantuminsider_2021_12_27_report_quantum_computing_market_expected_to_grow_at_double_d_ea935c27] Extracting actors: https://thequantuminsider.com/2021/12/27/report-quantum-computing-market-expected-to-grow-at-double-digit-growth-rates (1/1), chunk 37/40
[04:16:10 +3m 34s | thequantuminsider_2021_12_27_report_quantum_computing_market_expected_to_grow_at_double_d_ea935c27] Repaired malformed JSON.
[04:16:10 +3m 34s | thequantuminsider_2021_12_27_report_quantum_computing_market_expected_to_grow_at_double_d_ea935c27] Extracting actors: https://thequantuminsider.com/2021/12/27/report-quantum-computing-market-expected-to-grow-at-double-digit-growth-rates (1/1), chunk 38/40
[04:16:17 +3m 41s | thequantuminsider_2021_12_27_report_quantum_computing_market_expected_to_grow_at_double_d_ea935c27] Repaired malformed JSON.
[04:16:17 +3m 41s | thequantuminsider_2021_12_27_report_quantum_computing_market_expected_to_grow_at_double_d_ea935c27] Extracting actors: https://thequantuminsider.com/2021/12/27/report-quantum-computing-market-expected-to-grow-at-double-digit-growth-rates (1/1), chunk 39/40
[04:16:25 +3m 46s | thequantuminsider_2021_12_27_report_quantum_computing_market_expected_to_grow_at_double_d_ea935c27] Repaired malformed JSON.
[04:16:25 +3m 46s | thequantuminsider_2021_12_27_report_quantum_computing_market_expected_to_grow_at_double_d_ea935c27] Extracting actors: https://thequantuminsider.com/2021/12/27/report-quantum-computing-market-expected-to-grow-at-double-digit-growth-rates (1/1), chunk 40/40
[04:16:32 +3m 53s | thequantuminsider_2021_12_27_report_quantum_computing_market_expected_to_grow_at_double_d_ea935c27] Repaired malformed JSON.
[04:16:32 +3m 53s | thequantuminsider_2021_12_27_report_quantum_computing_market_expected_to_grow_at_double_d_ea935c27] Saved 1_actor_results.json with 59 extracted records

[04:16:32 +3m 53s | thequantuminsider_2021_12_27_report_quantum_computing_market_expected_to_grow_at_double_d_ea935c27] === 2 clean actors ===
[04:16:32 +3m 53s | thequantuminsider_2021_12_27_report_quantum_computing_market_expected_to_grow_at_double_d_ea935c27] Loaded 59 extracted records
[04:16:32 +3m 53s | thequantuminsider_2021_12_27_report_quantum_computing_market_expected_to_grow_at_double_d_ea935c27] Saved 2_actor_nodes.json with 23 canonical actor nodes

[04:16:32 +3m 53s | thequantuminsider_2021_12_27_report_quantum_computing_market_expected_to_grow_at_double_d_ea935c27] === 3 interaction extraction ===
[04:16:32 +3m 53s | thequantuminsider_2021_12_27_report_quantum_computing_market_expected_to_grow_at_double_d_ea935c27] Extracting interactions: https://thequantuminsider.com/2021/12/27/report-quantum-computing-market-expected-to-grow-at-double-digit-growth-rates (1/1), chunk 13/40
[04:16:36 +3m 57s | thequantuminsider_2021_12_27_report_quantum_computing_market_expected_to_grow_at_double_d_ea935c27] Extracting interactions: https://thequantuminsider.com/2021/12/27/report-quantum-computing-market-expected-to-grow-at-double-digit-growth-rates (1/1), chunk 18/40
[04:16:41 +4m 2s | thequantuminsider_2021_12_27_report_quantum_computing_market_expected_to_grow_at_double_d_ea935c27] Extracting interactions: https://thequantuminsider.com/2021/12/27/report-quantum-computing-market-expected-to-grow-at-double-digit-growth-rates (1/1), chunk 19/40
[04:16:46 +4m 8s | thequantuminsider_2021_12_27_report_quantum_computing_market_expected_to_grow_at_double_d_ea935c27] Extracting interactions: https://thequantuminsider.com/2021/12/27/report-quantum-computing-market-expected-to-grow-at-double-digit-growth-rates (1/1), chunk 20/40
[04:16:57 +4m 15s | thequantuminsider_2021_12_27_report_quantum_computing_market_expected_to_grow_at_double_d_ea935c27] Extracting interactions: https://thequantuminsider.com/2021/12/27/report-quantum-computing-market-expected-to-grow-at-double-digit-growth-rates (1/1), chunk 21/40
[04:17:06 +4m 24s | thequantuminsider_2021_12_27_report_quantum_computing_market_expected_to_grow_at_double_d_ea935c27] Extracting interactions: https://thequantuminsider.com/2021/12/27/report-quantum-computing-market-expected-to-grow-at-double-digit-growth-rates (1/1), chunk 22/40
[04:17:16 +4m 35s | thequantuminsider_2021_12_27_report_quantum_computing_market_expected_to_grow_at_double_d_ea935c27] Extracting interactions: https://thequantuminsider.com/2021/12/27/report-quantum-computing-market-expected-to-grow-at-double-digit-growth-rates (1/1), chunk 23/40
[04:17:24 +4m 43s | thequantuminsider_2021_12_27_report_quantum_computing_market_expected_to_grow_at_double_d_ea935c27] Extracting interactions: https://thequantuminsider.com/2021/12/27/report-quantum-computing-market-expected-to-grow-at-double-digit-growth-rates (1/1), chunk 24/40
[04:17:35 +4m 50s | thequantuminsider_2021_12_27_report_quantum_computing_market_expected_to_grow_at_double_d_ea935c27] Extracting interactions: https://thequantuminsider.com/2021/12/27/report-quantum-computing-market-expected-to-grow-at-double-digit-growth-rates (1/1), chunk 25/40
[04:17:47 +5m 2s | thequantuminsider_2021_12_27_report_quantum_computing_market_expected_to_grow_at_double_d_ea935c27] Extracting interactions: https://thequantuminsider.com/2021/12/27/report-quantum-computing-market-expected-to-grow-at-double-digit-growth-rates (1/1), chunk 26/40
[04:17:52 +5m 7s | thequantuminsider_2021_12_27_report_quantum_computing_market_expected_to_grow_at_double_d_ea935c27] Extracting interactions: https://thequantuminsider.com/2021/12/27/report-quantum-computing-market-expected-to-grow-at-double-digit-growth-rates (1/1), chunk 27/40
[04:17:53 +5m 8s | thequantuminsider_2021_12_27_report_quantum_computing_market_expected_to_grow_at_double_d_ea935c27] Extracting interactions: https://thequantuminsider.com/2021/12/27/report-quantum-computing-market-expected-to-grow-at-double-digit-growth-rates (1/1), chunk 29/40
[04:17:59 +5m 15s | thequantuminsider_2021_12_27_report_quantum_computing_market_expected_to_grow_at_double_d_ea935c27] Extracting interactions: https://thequantuminsider.com/2021/12/27/report-quantum-computing-market-expected-to-grow-at-double-digit-growth-rates (1/1), chunk 30/40
[04:18:03 +5m 18s | thequantuminsider_2021_12_27_report_quantum_computing_market_expected_to_grow_at_double_d_ea935c27] Extracting interactions: https://thequantuminsider.com/2021/12/27/report-quantum-computing-market-expected-to-grow-at-double-digit-growth-rates (1/1), chunk 31/40
[04:18:07 +5m 20s | thequantuminsider_2021_12_27_report_quantum_computing_market_expected_to_grow_at_double_d_ea935c27] Extracting interactions: https://thequantuminsider.com/2021/12/27/report-quantum-computing-market-expected-to-grow-at-double-digit-growth-rates (1/1), chunk 32/40
[04:18:09 +5m 21s | thequantuminsider_2021_12_27_report_quantum_computing_market_expected_to_grow_at_double_d_ea935c27] Extracting interactions: https://thequantuminsider.com/2021/12/27/report-quantum-computing-market-expected-to-grow-at-double-digit-growth-rates (1/1), chunk 33/40
[04:18:10 +5m 23s | thequantuminsider_2021_12_27_report_quantum_computing_market_expected_to_grow_at_double_d_ea935c27] Extracting interactions: https://thequantuminsider.com/2021/12/27/report-quantum-computing-market-expected-to-grow-at-double-digit-growth-rates (1/1), chunk 34/40
[04:18:12 +5m 24s | thequantuminsider_2021_12_27_report_quantum_computing_market_expected_to_grow_at_double_d_ea935c27] Extracting interactions: https://thequantuminsider.com/2021/12/27/report-quantum-computing-market-expected-to-grow-at-double-digit-growth-rates (1/1), chunk 35/40
[04:18:13 +5m 26s | thequantuminsider_2021_12_27_report_quantum_computing_market_expected_to_grow_at_double_d_ea935c27] Extracting interactions: https://thequantuminsider.com/2021/12/27/report-quantum-computing-market-expected-to-grow-at-double-digit-growth-rates (1/1), chunk 36/40
[04:18:17 +5m 29s | thequantuminsider_2021_12_27_report_quantum_computing_market_expected_to_grow_at_double_d_ea935c27] Extracting interactions: https://thequantuminsider.com/2021/12/27/report-quantum-computing-market-expected-to-grow-at-double-digit-growth-rates (1/1), chunk 37/40
[04:18:18 +5m 31s | thequantuminsider_2021_12_27_report_quantum_computing_market_expected_to_grow_at_double_d_ea935c27] Extracting interactions: https://thequantuminsider.com/2021/12/27/report-quantum-computing-market-expected-to-grow-at-double-digit-growth-rates (1/1), chunk 38/40
[04:18:19 +5m 32s | thequantuminsider_2021_12_27_report_quantum_computing_market_expected_to_grow_at_double_d_ea935c27] Extracting interactions: https://thequantuminsider.com/2021/12/27/report-quantum-computing-market-expected-to-grow-at-double-digit-growth-rates (1/1), chunk 39/40
[04:18:21 +5m 33s | thequantuminsider_2021_12_27_report_quantum_computing_market_expected_to_grow_at_double_d_ea935c27] Extracting interactions: https://thequantuminsider.com/2021/12/27/report-quantum-computing-market-expected-to-grow-at-double-digit-growth-rates (1/1), chunk 40/40
[04:18:22 +5m 35s | thequantuminsider_2021_12_27_report_quantum_computing_market_expected_to_grow_at_double_d_ea935c27] Saved 3_interaction_results.json with 23 extracted interactions.

[04:18:22 +5m 35s | thequantuminsider_2021_12_27_report_quantum_computing_market_expected_to_grow_at_double_d_ea935c27] === 4 clean interactions ===
[04:18:22 +5m 35s | thequantuminsider_2021_12_27_report_quantum_computing_market_expected_to_grow_at_double_d_ea935c27] Saved 4_edges.json with 1 cleaned interactions.

[04:18:22 +5m 35s | thequantuminsider_2021_12_27_report_quantum_computing_market_expected_to_grow_at_double_d_ea935c27] === 5 helix enrichment ===
[04:18:22 +5m 35s | thequantuminsider_2021_12_27_report_quantum_computing_market_expected_to_grow_at_double_d_ea935c27] Wrote 5_nodes.json (23 actors)
[04:18:22 +5m 35s | thequantuminsider_2021_12_27_report_quantum_computing_market_expected_to_grow_at_double_d_ea935c27] Wrote 5_edges.json (1 interactions)
[04:18:22 +5m 35s | thequantuminsider_2021_12_27_report_quantum_computing_market_expected_to_grow_at_double_d_ea935c27] Actor helix counts: {'Academia': 2, 'Civil Society': 3, 'Government': 3, 'Industry': 5, 'Intermediary': 1, 'Unknown': 9}
[04:18:22 +5m 35s | thequantuminsider_2021_12_27_report_quantum_computing_market_expected_to_grow_at_double_d_ea935c27] Functional-space counts: {'Intra-helix / Not classified': 1}

[04:18:22 +5m 35s | thequantuminsider_2021_12_27_report_quantum_computing_market_expected_to_grow_at_double_d_ea935c27] === 6 network visualisation ===
[04:18:23 +5m 35s | thequantuminsider_2021_12_27_report_quantum_computing_market_expected_to_grow_at_double_d_ea935c27] Wrote quantum_network.html
[04:18:23 +5m 35s | thequantuminsider_2021_12_27_report_quantum_computing_market_expected_to_grow_at_double_d_ea935c27] Nodes: 23
[04:18:23 +5m 35s | thequantuminsider_2021_12_27_report_quantum_computing_market_expected_to_grow_at_double_d_ea935c27] Edges: 1

[04:18:23 +5m 35s | thequantuminsider_2021_12_27_report_quantum_computing_market_expected_to_grow_at_double_d_ea935c27] Done. Outputs written to: /home/lv/IDP/idpdeeptech/pipeline/news_outputs/thequantuminsider_2021_12_27_report_quantum_computing_market_expected_to_grow_at_double_d_ea935c27
[04:18:23 +5m 35s | thequantuminsider_2021_12_27_report_quantum_computing_market_expected_to_grow_at_double_d_ea935c27] Log: /home/lv/IDP/idpdeeptech/pipeline/news_outputs/thequantuminsider_2021_12_27_report_quantum_computing_market_expected_to_grow_at_double_d_ea935c27/run.log

========================================================================
RUN FINISHED 2026-07-02 04:18:23  (OK)
Started:     2026-07-02 04:12:18
Elapsed:     5m 35s
========================================================================
