
========================================================================
RUN STARTED  2026-07-02 08:15:11
site_pipeline.py https://thequantuminsider.com/2024/03/07/quantrolox-and-zurich-instruments-unite-for-quantum-advantage/
========================================================================

[08:15:11 +0s | thequantuminsider_2024_03_07_quantrolox_and_zurich_instruments_unite_for_quantum_advantage] === 0 crawl site ===
[08:15:12 +1s | thequantuminsider_2024_03_07_quantrolox_and_zurich_instruments_unite_for_quantum_advantage] [INIT].... → Crawl4AI 0.8.6 
[08:15:15 +4s | thequantuminsider_2024_03_07_quantrolox_and_zurich_instruments_unite_for_quantum_advantage] [FETCH]... ↓ https://thequantuminsider.com/2024/03/07/quantro...-zurich-instruments-unite-for-quantum-advantage/  | ✓ | ⏱: 2.84s 
[08:15:15 +4s | thequantuminsider_2024_03_07_quantrolox_and_zurich_instruments_unite_for_quantum_advantage] [SCRAPE].. ◆ https://thequantuminsider.com/2024/03/07/quantro...-zurich-instruments-unite-for-quantum-advantage/  | ✓ | ⏱: 0.10s 
[08:15:15 +4s | thequantuminsider_2024_03_07_quantrolox_and_zurich_instruments_unite_for_quantum_advantage] [COMPLETE] ● https://thequantuminsider.com/2024/03/07/quantro...-zurich-instruments-unite-for-quantum-advantage/  | ✓ | ⏱: 2.96s 
[08:15:15 +4s | thequantuminsider_2024_03_07_quantrolox_and_zurich_instruments_unite_for_quantum_advantage] Saved: crawl_output/b3cd634770_thequantuminsider.com_2024_03_07_quantrolox-and-zurich-instruments-unite-for-quantum-advantage.json

[08:15:15 +4s | thequantuminsider_2024_03_07_quantrolox_and_zurich_instruments_unite_for_quantum_advantage] === 1 actor extraction ===
[08:15:16 +5s | thequantuminsider_2024_03_07_quantrolox_and_zurich_instruments_unite_for_quantum_advantage] Reading page (1/1): https://thequantuminsider.com/2024/03/07/quantrolox-and-zurich-instruments-unite-for-quantum-advantage
[08:15:16 +5s | thequantuminsider_2024_03_07_quantrolox_and_zurich_instruments_unite_for_quantum_advantage] Extracting actors: https://thequantuminsider.com/2024/03/07/quantrolox-and-zurich-instruments-unite-for-quantum-advantage (1/1), chunk 1/37
[08:15:22 +11s | thequantuminsider_2024_03_07_quantrolox_and_zurich_instruments_unite_for_quantum_advantage] Repaired malformed JSON.
[08:15:22 +11s | thequantuminsider_2024_03_07_quantrolox_and_zurich_instruments_unite_for_quantum_advantage] Extracting actors: https://thequantuminsider.com/2024/03/07/quantrolox-and-zurich-instruments-unite-for-quantum-advantage (1/1), chunk 2/37
[08:15:31 +20s | thequantuminsider_2024_03_07_quantrolox_and_zurich_instruments_unite_for_quantum_advantage] Repaired malformed JSON.
[08:15:31 +20s | thequantuminsider_2024_03_07_quantrolox_and_zurich_instruments_unite_for_quantum_advantage] Extracting actors: https://thequantuminsider.com/2024/03/07/quantrolox-and-zurich-instruments-unite-for-quantum-advantage (1/1), chunk 3/37
[08:15:39 +28s | thequantuminsider_2024_03_07_quantrolox_and_zurich_instruments_unite_for_quantum_advantage] Repaired malformed JSON.
[08:15:39 +28s | thequantuminsider_2024_03_07_quantrolox_and_zurich_instruments_unite_for_quantum_advantage] Extracting actors: https://thequantuminsider.com/2024/03/07/quantrolox-and-zurich-instruments-unite-for-quantum-advantage (1/1), chunk 4/37
[08:15:45 +34s | thequantuminsider_2024_03_07_quantrolox_and_zurich_instruments_unite_for_quantum_advantage] Repaired malformed JSON.
[08:15:45 +34s | thequantuminsider_2024_03_07_quantrolox_and_zurich_instruments_unite_for_quantum_advantage] Extracting actors: https://thequantuminsider.com/2024/03/07/quantrolox-and-zurich-instruments-unite-for-quantum-advantage (1/1), chunk 5/37
[08:15:52 +41s | thequantuminsider_2024_03_07_quantrolox_and_zurich_instruments_unite_for_quantum_advantage] Repaired malformed JSON.
[08:15:52 +41s | thequantuminsider_2024_03_07_quantrolox_and_zurich_instruments_unite_for_quantum_advantage] Extracting actors: https://thequantuminsider.com/2024/03/07/quantrolox-and-zurich-instruments-unite-for-quantum-advantage (1/1), chunk 6/37
[08:16:01 +50s | thequantuminsider_2024_03_07_quantrolox_and_zurich_instruments_unite_for_quantum_advantage] Repaired malformed JSON.
[08:16:01 +50s | thequantuminsider_2024_03_07_quantrolox_and_zurich_instruments_unite_for_quantum_advantage] Extracting actors: https://thequantuminsider.com/2024/03/07/quantrolox-and-zurich-instruments-unite-for-quantum-advantage (1/1), chunk 7/37
[08:16:09 +58s | thequantuminsider_2024_03_07_quantrolox_and_zurich_instruments_unite_for_quantum_advantage] Repaired malformed JSON.
[08:16:09 +58s | thequantuminsider_2024_03_07_quantrolox_and_zurich_instruments_unite_for_quantum_advantage] Extracting actors: https://thequantuminsider.com/2024/03/07/quantrolox-and-zurich-instruments-unite-for-quantum-advantage (1/1), chunk 8/37
[08:16:17 +1m 6s | thequantuminsider_2024_03_07_quantrolox_and_zurich_instruments_unite_for_quantum_advantage] Repaired malformed JSON.
[08:16:17 +1m 6s | thequantuminsider_2024_03_07_quantrolox_and_zurich_instruments_unite_for_quantum_advantage] Extracting actors: https://thequantuminsider.com/2024/03/07/quantrolox-and-zurich-instruments-unite-for-quantum-advantage (1/1), chunk 9/37
[08:16:24 +1m 13s | thequantuminsider_2024_03_07_quantrolox_and_zurich_instruments_unite_for_quantum_advantage] Repaired malformed JSON.
[08:16:24 +1m 13s | thequantuminsider_2024_03_07_quantrolox_and_zurich_instruments_unite_for_quantum_advantage] Extracting actors: https://thequantuminsider.com/2024/03/07/quantrolox-and-zurich-instruments-unite-for-quantum-advantage (1/1), chunk 10/37
[08:16:29 +1m 18s | thequantuminsider_2024_03_07_quantrolox_and_zurich_instruments_unite_for_quantum_advantage] Repaired malformed JSON.
[08:16:29 +1m 18s | thequantuminsider_2024_03_07_quantrolox_and_zurich_instruments_unite_for_quantum_advantage] Extracting actors: https://thequantuminsider.com/2024/03/07/quantrolox-and-zurich-instruments-unite-for-quantum-advantage (1/1), chunk 11/37
[08:16:36 +1m 25s | thequantuminsider_2024_03_07_quantrolox_and_zurich_instruments_unite_for_quantum_advantage] Repaired malformed JSON.
[08:16:36 +1m 25s | thequantuminsider_2024_03_07_quantrolox_and_zurich_instruments_unite_for_quantum_advantage] Extracting actors: https://thequantuminsider.com/2024/03/07/quantrolox-and-zurich-instruments-unite-for-quantum-advantage (1/1), chunk 12/37
[08:16:44 +1m 33s | thequantuminsider_2024_03_07_quantrolox_and_zurich_instruments_unite_for_quantum_advantage] Repaired malformed JSON.
[08:16:44 +1m 33s | thequantuminsider_2024_03_07_quantrolox_and_zurich_instruments_unite_for_quantum_advantage] Extracting actors: https://thequantuminsider.com/2024/03/07/quantrolox-and-zurich-instruments-unite-for-quantum-advantage (1/1), chunk 13/37
[08:16:51 +1m 40s | thequantuminsider_2024_03_07_quantrolox_and_zurich_instruments_unite_for_quantum_advantage] Repaired malformed JSON.
[08:16:51 +1m 40s | thequantuminsider_2024_03_07_quantrolox_and_zurich_instruments_unite_for_quantum_advantage] Extracting actors: https://thequantuminsider.com/2024/03/07/quantrolox-and-zurich-instruments-unite-for-quantum-advantage (1/1), chunk 14/37
[08:17:00 +1m 49s | thequantuminsider_2024_03_07_quantrolox_and_zurich_instruments_unite_for_quantum_advantage] Repaired malformed JSON.
[08:17:00 +1m 49s | thequantuminsider_2024_03_07_quantrolox_and_zurich_instruments_unite_for_quantum_advantage] Extracting actors: https://thequantuminsider.com/2024/03/07/quantrolox-and-zurich-instruments-unite-for-quantum-advantage (1/1), chunk 15/37
[08:17:08 +1m 57s | thequantuminsider_2024_03_07_quantrolox_and_zurich_instruments_unite_for_quantum_advantage] Repaired malformed JSON.
[08:17:08 +1m 57s | thequantuminsider_2024_03_07_quantrolox_and_zurich_instruments_unite_for_quantum_advantage] Extracting actors: https://thequantuminsider.com/2024/03/07/quantrolox-and-zurich-instruments-unite-for-quantum-advantage (1/1), chunk 16/37
[08:17:27 +2m 16s | thequantuminsider_2024_03_07_quantrolox_and_zurich_instruments_unite_for_quantum_advantage] Repaired malformed JSON.
[08:17:27 +2m 16s | thequantuminsider_2024_03_07_quantrolox_and_zurich_instruments_unite_for_quantum_advantage] Extracting actors: https://thequantuminsider.com/2024/03/07/quantrolox-and-zurich-instruments-unite-for-quantum-advantage (1/1), chunk 17/37
[08:17:36 +2m 25s | thequantuminsider_2024_03_07_quantrolox_and_zurich_instruments_unite_for_quantum_advantage] Repaired malformed JSON.
[08:17:36 +2m 25s | thequantuminsider_2024_03_07_quantrolox_and_zurich_instruments_unite_for_quantum_advantage] Extracting actors: https://thequantuminsider.com/2024/03/07/quantrolox-and-zurich-instruments-unite-for-quantum-advantage (1/1), chunk 18/37
[08:17:42 +2m 31s | thequantuminsider_2024_03_07_quantrolox_and_zurich_instruments_unite_for_quantum_advantage] Repaired malformed JSON.
[08:17:42 +2m 31s | thequantuminsider_2024_03_07_quantrolox_and_zurich_instruments_unite_for_quantum_advantage] Extracting actors: https://thequantuminsider.com/2024/03/07/quantrolox-and-zurich-instruments-unite-for-quantum-advantage (1/1), chunk 19/37
[08:17:51 +2m 40s | thequantuminsider_2024_03_07_quantrolox_and_zurich_instruments_unite_for_quantum_advantage] Repaired malformed JSON.
[08:17:51 +2m 40s | thequantuminsider_2024_03_07_quantrolox_and_zurich_instruments_unite_for_quantum_advantage] Extracting actors: https://thequantuminsider.com/2024/03/07/quantrolox-and-zurich-instruments-unite-for-quantum-advantage (1/1), chunk 20/37
[08:17:59 +2m 48s | thequantuminsider_2024_03_07_quantrolox_and_zurich_instruments_unite_for_quantum_advantage] Repaired malformed JSON.
[08:17:59 +2m 48s | thequantuminsider_2024_03_07_quantrolox_and_zurich_instruments_unite_for_quantum_advantage] Extracting actors: https://thequantuminsider.com/2024/03/07/quantrolox-and-zurich-instruments-unite-for-quantum-advantage (1/1), chunk 21/37
[08:18:07 +2m 56s | thequantuminsider_2024_03_07_quantrolox_and_zurich_instruments_unite_for_quantum_advantage] Repaired malformed JSON.
[08:18:07 +2m 56s | thequantuminsider_2024_03_07_quantrolox_and_zurich_instruments_unite_for_quantum_advantage] Extracting actors: https://thequantuminsider.com/2024/03/07/quantrolox-and-zurich-instruments-unite-for-quantum-advantage (1/1), chunk 22/37
[08:18:15 +3m 4s | thequantuminsider_2024_03_07_quantrolox_and_zurich_instruments_unite_for_quantum_advantage] Repaired malformed JSON.
[08:18:15 +3m 4s | thequantuminsider_2024_03_07_quantrolox_and_zurich_instruments_unite_for_quantum_advantage] Extracting actors: https://thequantuminsider.com/2024/03/07/quantrolox-and-zurich-instruments-unite-for-quantum-advantage (1/1), chunk 23/37
[08:18:23 +3m 12s | thequantuminsider_2024_03_07_quantrolox_and_zurich_instruments_unite_for_quantum_advantage] Repaired malformed JSON.
[08:18:23 +3m 12s | thequantuminsider_2024_03_07_quantrolox_and_zurich_instruments_unite_for_quantum_advantage] Extracting actors: https://thequantuminsider.com/2024/03/07/quantrolox-and-zurich-instruments-unite-for-quantum-advantage (1/1), chunk 24/37
[08:18:29 +3m 18s | thequantuminsider_2024_03_07_quantrolox_and_zurich_instruments_unite_for_quantum_advantage] Repaired malformed JSON.
[08:18:29 +3m 18s | thequantuminsider_2024_03_07_quantrolox_and_zurich_instruments_unite_for_quantum_advantage] Extracting actors: https://thequantuminsider.com/2024/03/07/quantrolox-and-zurich-instruments-unite-for-quantum-advantage (1/1), chunk 25/37
[08:18:35 +3m 24s | thequantuminsider_2024_03_07_quantrolox_and_zurich_instruments_unite_for_quantum_advantage] Extracting actors: https://thequantuminsider.com/2024/03/07/quantrolox-and-zurich-instruments-unite-for-quantum-advantage (1/1), chunk 26/37
[08:18:42 +3m 31s | thequantuminsider_2024_03_07_quantrolox_and_zurich_instruments_unite_for_quantum_advantage] Repaired malformed JSON.
[08:18:42 +3m 31s | thequantuminsider_2024_03_07_quantrolox_and_zurich_instruments_unite_for_quantum_advantage] Extracting actors: https://thequantuminsider.com/2024/03/07/quantrolox-and-zurich-instruments-unite-for-quantum-advantage (1/1), chunk 27/37
[08:18:49 +3m 38s | thequantuminsider_2024_03_07_quantrolox_and_zurich_instruments_unite_for_quantum_advantage] Extracting actors: https://thequantuminsider.com/2024/03/07/quantrolox-and-zurich-instruments-unite-for-quantum-advantage (1/1), chunk 28/37
[08:18:53 +3m 42s | thequantuminsider_2024_03_07_quantrolox_and_zurich_instruments_unite_for_quantum_advantage] Extracting actors: https://thequantuminsider.com/2024/03/07/quantrolox-and-zurich-instruments-unite-for-quantum-advantage (1/1), chunk 29/37
[08:18:56 +3m 45s | thequantuminsider_2024_03_07_quantrolox_and_zurich_instruments_unite_for_quantum_advantage] Extracting actors: https://thequantuminsider.com/2024/03/07/quantrolox-and-zurich-instruments-unite-for-quantum-advantage (1/1), chunk 30/37
[08:19:02 +3m 51s | thequantuminsider_2024_03_07_quantrolox_and_zurich_instruments_unite_for_quantum_advantage] Repaired malformed JSON.
[08:19:02 +3m 51s | thequantuminsider_2024_03_07_quantrolox_and_zurich_instruments_unite_for_quantum_advantage] Extracting actors: https://thequantuminsider.com/2024/03/07/quantrolox-and-zurich-instruments-unite-for-quantum-advantage (1/1), chunk 31/37
[08:19:09 +3m 58s | thequantuminsider_2024_03_07_quantrolox_and_zurich_instruments_unite_for_quantum_advantage] Repaired malformed JSON.
[08:19:09 +3m 58s | thequantuminsider_2024_03_07_quantrolox_and_zurich_instruments_unite_for_quantum_advantage] Extracting actors: https://thequantuminsider.com/2024/03/07/quantrolox-and-zurich-instruments-unite-for-quantum-advantage (1/1), chunk 32/37
[08:19:15 +4m 4s | thequantuminsider_2024_03_07_quantrolox_and_zurich_instruments_unite_for_quantum_advantage] Repaired malformed JSON.
[08:19:15 +4m 4s | thequantuminsider_2024_03_07_quantrolox_and_zurich_instruments_unite_for_quantum_advantage] Extracting actors: https://thequantuminsider.com/2024/03/07/quantrolox-and-zurich-instruments-unite-for-quantum-advantage (1/1), chunk 33/37
[08:19:22 +4m 11s | thequantuminsider_2024_03_07_quantrolox_and_zurich_instruments_unite_for_quantum_advantage] Repaired malformed JSON.
[08:19:22 +4m 11s | thequantuminsider_2024_03_07_quantrolox_and_zurich_instruments_unite_for_quantum_advantage] Extracting actors: https://thequantuminsider.com/2024/03/07/quantrolox-and-zurich-instruments-unite-for-quantum-advantage (1/1), chunk 34/37
[08:19:28 +4m 18s | thequantuminsider_2024_03_07_quantrolox_and_zurich_instruments_unite_for_quantum_advantage] Repaired malformed JSON.
[08:19:28 +4m 18s | thequantuminsider_2024_03_07_quantrolox_and_zurich_instruments_unite_for_quantum_advantage] Extracting actors: https://thequantuminsider.com/2024/03/07/quantrolox-and-zurich-instruments-unite-for-quantum-advantage (1/1), chunk 35/37
[08:19:35 +4m 24s | thequantuminsider_2024_03_07_quantrolox_and_zurich_instruments_unite_for_quantum_advantage] Repaired malformed JSON.
[08:19:35 +4m 24s | thequantuminsider_2024_03_07_quantrolox_and_zurich_instruments_unite_for_quantum_advantage] Extracting actors: https://thequantuminsider.com/2024/03/07/quantrolox-and-zurich-instruments-unite-for-quantum-advantage (1/1), chunk 36/37
[08:19:45 +4m 34s | thequantuminsider_2024_03_07_quantrolox_and_zurich_instruments_unite_for_quantum_advantage] Repaired malformed JSON.
[08:19:45 +4m 34s | thequantuminsider_2024_03_07_quantrolox_and_zurich_instruments_unite_for_quantum_advantage] Extracting actors: https://thequantuminsider.com/2024/03/07/quantrolox-and-zurich-instruments-unite-for-quantum-advantage (1/1), chunk 37/37
[08:19:51 +4m 40s | thequantuminsider_2024_03_07_quantrolox_and_zurich_instruments_unite_for_quantum_advantage] Repaired malformed JSON.
[08:19:51 +4m 40s | thequantuminsider_2024_03_07_quantrolox_and_zurich_instruments_unite_for_quantum_advantage] Saved 1_actor_results.json with 65 extracted records

[08:19:51 +4m 40s | thequantuminsider_2024_03_07_quantrolox_and_zurich_instruments_unite_for_quantum_advantage] === 2 clean actors ===
[08:19:51 +4m 40s | thequantuminsider_2024_03_07_quantrolox_and_zurich_instruments_unite_for_quantum_advantage] Loaded 65 extracted records
[08:19:51 +4m 40s | thequantuminsider_2024_03_07_quantrolox_and_zurich_instruments_unite_for_quantum_advantage] Saved 2_actor_nodes.json with 19 canonical actor nodes

[08:19:51 +4m 40s | thequantuminsider_2024_03_07_quantrolox_and_zurich_instruments_unite_for_quantum_advantage] === 3 interaction extraction ===
[08:19:51 +4m 40s | thequantuminsider_2024_03_07_quantrolox_and_zurich_instruments_unite_for_quantum_advantage] Extracting interactions: https://thequantuminsider.com/2024/03/07/quantrolox-and-zurich-instruments-unite-for-quantum-advantage (1/1), chunk 11/37
[08:19:58 +4m 47s | thequantuminsider_2024_03_07_quantrolox_and_zurich_instruments_unite_for_quantum_advantage] Extracting interactions: https://thequantuminsider.com/2024/03/07/quantrolox-and-zurich-instruments-unite-for-quantum-advantage (1/1), chunk 12/37
[08:20:08 +4m 57s | thequantuminsider_2024_03_07_quantrolox_and_zurich_instruments_unite_for_quantum_advantage] Extracting interactions: https://thequantuminsider.com/2024/03/07/quantrolox-and-zurich-instruments-unite-for-quantum-advantage (1/1), chunk 13/37
[08:20:22 +5m 11s | thequantuminsider_2024_03_07_quantrolox_and_zurich_instruments_unite_for_quantum_advantage] Extracting interactions: https://thequantuminsider.com/2024/03/07/quantrolox-and-zurich-instruments-unite-for-quantum-advantage (1/1), chunk 14/37
[08:20:39 +5m 28s | thequantuminsider_2024_03_07_quantrolox_and_zurich_instruments_unite_for_quantum_advantage] Extracting interactions: https://thequantuminsider.com/2024/03/07/quantrolox-and-zurich-instruments-unite-for-quantum-advantage (1/1), chunk 15/37
[08:20:45 +5m 34s | thequantuminsider_2024_03_07_quantrolox_and_zurich_instruments_unite_for_quantum_advantage] Extracting interactions: https://thequantuminsider.com/2024/03/07/quantrolox-and-zurich-instruments-unite-for-quantum-advantage (1/1), chunk 16/37
[08:20:50 +5m 39s | thequantuminsider_2024_03_07_quantrolox_and_zurich_instruments_unite_for_quantum_advantage] Extracting interactions: https://thequantuminsider.com/2024/03/07/quantrolox-and-zurich-instruments-unite-for-quantum-advantage (1/1), chunk 17/37
[08:20:56 +5m 45s | thequantuminsider_2024_03_07_quantrolox_and_zurich_instruments_unite_for_quantum_advantage] Extracting interactions: https://thequantuminsider.com/2024/03/07/quantrolox-and-zurich-instruments-unite-for-quantum-advantage (1/1), chunk 18/37
[08:21:09 +5m 58s | thequantuminsider_2024_03_07_quantrolox_and_zurich_instruments_unite_for_quantum_advantage] Extracting interactions: https://thequantuminsider.com/2024/03/07/quantrolox-and-zurich-instruments-unite-for-quantum-advantage (1/1), chunk 19/37
[08:21:22 +6m 11s | thequantuminsider_2024_03_07_quantrolox_and_zurich_instruments_unite_for_quantum_advantage] Extracting interactions: https://thequantuminsider.com/2024/03/07/quantrolox-and-zurich-instruments-unite-for-quantum-advantage (1/1), chunk 20/37
[08:21:30 +6m 19s | thequantuminsider_2024_03_07_quantrolox_and_zurich_instruments_unite_for_quantum_advantage] Extracting interactions: https://thequantuminsider.com/2024/03/07/quantrolox-and-zurich-instruments-unite-for-quantum-advantage (1/1), chunk 21/37
[08:21:41 +6m 30s | thequantuminsider_2024_03_07_quantrolox_and_zurich_instruments_unite_for_quantum_advantage] Extracting interactions: https://thequantuminsider.com/2024/03/07/quantrolox-and-zurich-instruments-unite-for-quantum-advantage (1/1), chunk 22/37
[08:22:01 +6m 50s | thequantuminsider_2024_03_07_quantrolox_and_zurich_instruments_unite_for_quantum_advantage] Extracting interactions: https://thequantuminsider.com/2024/03/07/quantrolox-and-zurich-instruments-unite-for-quantum-advantage (1/1), chunk 23/37
[08:22:06 +6m 55s | thequantuminsider_2024_03_07_quantrolox_and_zurich_instruments_unite_for_quantum_advantage] Extracting interactions: https://thequantuminsider.com/2024/03/07/quantrolox-and-zurich-instruments-unite-for-quantum-advantage (1/1), chunk 25/37
[08:22:08 +6m 57s | thequantuminsider_2024_03_07_quantrolox_and_zurich_instruments_unite_for_quantum_advantage] Extracting interactions: https://thequantuminsider.com/2024/03/07/quantrolox-and-zurich-instruments-unite-for-quantum-advantage (1/1), chunk 26/37
[08:22:13 +7m 2s | thequantuminsider_2024_03_07_quantrolox_and_zurich_instruments_unite_for_quantum_advantage] Extracting interactions: https://thequantuminsider.com/2024/03/07/quantrolox-and-zurich-instruments-unite-for-quantum-advantage (1/1), chunk 27/37
[08:22:14 +7m 3s | thequantuminsider_2024_03_07_quantrolox_and_zurich_instruments_unite_for_quantum_advantage] Extracting interactions: https://thequantuminsider.com/2024/03/07/quantrolox-and-zurich-instruments-unite-for-quantum-advantage (1/1), chunk 28/37
[08:22:22 +7m 11s | thequantuminsider_2024_03_07_quantrolox_and_zurich_instruments_unite_for_quantum_advantage] Extracting interactions: https://thequantuminsider.com/2024/03/07/quantrolox-and-zurich-instruments-unite-for-quantum-advantage (1/1), chunk 30/37
[08:22:26 +7m 15s | thequantuminsider_2024_03_07_quantrolox_and_zurich_instruments_unite_for_quantum_advantage] Extracting interactions: https://thequantuminsider.com/2024/03/07/quantrolox-and-zurich-instruments-unite-for-quantum-advantage (1/1), chunk 31/37
[08:22:28 +7m 17s | thequantuminsider_2024_03_07_quantrolox_and_zurich_instruments_unite_for_quantum_advantage] Extracting interactions: https://thequantuminsider.com/2024/03/07/quantrolox-and-zurich-instruments-unite-for-quantum-advantage (1/1), chunk 32/37
[08:22:29 +7m 18s | thequantuminsider_2024_03_07_quantrolox_and_zurich_instruments_unite_for_quantum_advantage] Extracting interactions: https://thequantuminsider.com/2024/03/07/quantrolox-and-zurich-instruments-unite-for-quantum-advantage (1/1), chunk 33/37
[08:22:31 +7m 20s | thequantuminsider_2024_03_07_quantrolox_and_zurich_instruments_unite_for_quantum_advantage] Extracting interactions: https://thequantuminsider.com/2024/03/07/quantrolox-and-zurich-instruments-unite-for-quantum-advantage (1/1), chunk 35/37
[08:22:34 +7m 23s | thequantuminsider_2024_03_07_quantrolox_and_zurich_instruments_unite_for_quantum_advantage] Extracting interactions: https://thequantuminsider.com/2024/03/07/quantrolox-and-zurich-instruments-unite-for-quantum-advantage (1/1), chunk 36/37
[08:22:36 +7m 25s | thequantuminsider_2024_03_07_quantrolox_and_zurich_instruments_unite_for_quantum_advantage] Extracting interactions: https://thequantuminsider.com/2024/03/07/quantrolox-and-zurich-instruments-unite-for-quantum-advantage (1/1), chunk 37/37
[08:22:38 +7m 27s | thequantuminsider_2024_03_07_quantrolox_and_zurich_instruments_unite_for_quantum_advantage] Saved 3_interaction_results.json with 31 extracted interactions.

[08:22:38 +7m 27s | thequantuminsider_2024_03_07_quantrolox_and_zurich_instruments_unite_for_quantum_advantage] === 4 clean interactions ===
[08:22:38 +7m 27s | thequantuminsider_2024_03_07_quantrolox_and_zurich_instruments_unite_for_quantum_advantage] Saved 4_edges.json with 8 cleaned interactions.

[08:22:38 +7m 27s | thequantuminsider_2024_03_07_quantrolox_and_zurich_instruments_unite_for_quantum_advantage] === 5 helix enrichment ===
[08:22:38 +7m 27s | thequantuminsider_2024_03_07_quantrolox_and_zurich_instruments_unite_for_quantum_advantage] Wrote 5_nodes.json (19 actors)
[08:22:38 +7m 27s | thequantuminsider_2024_03_07_quantrolox_and_zurich_instruments_unite_for_quantum_advantage] Wrote 5_edges.json (8 interactions)
[08:22:38 +7m 27s | thequantuminsider_2024_03_07_quantrolox_and_zurich_instruments_unite_for_quantum_advantage] Actor helix counts: {'Academia': 1, 'Civil Society': 4, 'Government': 3, 'Industry': 4, 'Unknown': 7}
[08:22:38 +7m 27s | thequantuminsider_2024_03_07_quantrolox_and_zurich_instruments_unite_for_quantum_advantage] Functional-space counts: {'Intra-helix / Not classified': 8}

[08:22:38 +7m 27s | thequantuminsider_2024_03_07_quantrolox_and_zurich_instruments_unite_for_quantum_advantage] === 6 network visualisation ===
[08:22:38 +7m 27s | thequantuminsider_2024_03_07_quantrolox_and_zurich_instruments_unite_for_quantum_advantage] Wrote quantum_network.html
[08:22:38 +7m 27s | thequantuminsider_2024_03_07_quantrolox_and_zurich_instruments_unite_for_quantum_advantage] Nodes: 19
[08:22:38 +7m 27s | thequantuminsider_2024_03_07_quantrolox_and_zurich_instruments_unite_for_quantum_advantage] Edges: 2

[08:22:38 +7m 27s | thequantuminsider_2024_03_07_quantrolox_and_zurich_instruments_unite_for_quantum_advantage] Done. Outputs written to: /home/lv/IDP/idpdeeptech/pipeline/news_outputs/thequantuminsider_2024_03_07_quantrolox_and_zurich_instruments_unite_for_quantum_advantage
[08:22:38 +7m 27s | thequantuminsider_2024_03_07_quantrolox_and_zurich_instruments_unite_for_quantum_advantage] Log: /home/lv/IDP/idpdeeptech/pipeline/news_outputs/thequantuminsider_2024_03_07_quantrolox_and_zurich_instruments_unite_for_quantum_advantage/run.log

========================================================================
RUN FINISHED 2026-07-02 08:22:38  (OK)
Started:     2026-07-02 08:15:11
Elapsed:     7m 27s
========================================================================
