
========================================================================
RUN STARTED  2026-06-16 03:52:41
pdf_pipeline.py WEF25.pdf
========================================================================

[03:52:41 +0s | WEF25] === 1 actor extraction ===
[03:52:41 +0s | WEF25] Reading PDF: WEF25.pdf
[03:52:41 +0s | WEF25] Extracting: WEF25.pdf, page 1/32, chunk 1/1
[03:52:49 +8s | WEF25] Repaired malformed JSON.
[03:52:49 +8s | WEF25] Extracting: WEF25.pdf, page 2/32, chunk 1/1
[03:52:54 +13s | WEF25] Extracting: WEF25.pdf, page 3/32, chunk 1/1
[03:52:59 +18s | WEF25] Repaired malformed JSON.
[03:52:59 +18s | WEF25] Extracting: WEF25.pdf, page 4/32, chunk 1/1
[03:53:06 +26s | WEF25] Repaired malformed JSON.
[03:53:06 +26s | WEF25] Extracting: WEF25.pdf, page 5/32, chunk 1/1
[03:53:17 +33s | WEF25] Repaired malformed JSON.
[03:53:17 +33s | WEF25] Extracting: WEF25.pdf, page 6/32, chunk 1/1
[03:53:22 +38s | WEF25] Repaired malformed JSON.
[03:53:22 +38s | WEF25] Extracting: WEF25.pdf, page 7/32, chunk 1/1
[03:53:27 +43s | WEF25] Repaired malformed JSON.
[03:53:27 +43s | WEF25] Extracting: WEF25.pdf, page 8/32, chunk 1/1
[03:53:35 +52s | WEF25] Repaired malformed JSON.
[03:53:35 +52s | WEF25] Extracting: WEF25.pdf, page 9/32, chunk 1/1
[03:53:42 +59s | WEF25] Repaired malformed JSON.
[03:53:42 +59s | WEF25] Extracting: WEF25.pdf, page 10/32, chunk 1/1
[03:53:46 +1m 2s | WEF25] Extracting: WEF25.pdf, page 11/32, chunk 1/1
[03:53:55 +1m 9s | WEF25] Repaired malformed JSON.
[03:53:55 +1m 9s | WEF25] Extracting: WEF25.pdf, page 12/32, chunk 1/1
[03:54:02 +1m 15s | WEF25] Repaired malformed JSON.
[03:54:02 +1m 15s | WEF25] Extracting: WEF25.pdf, page 13/32, chunk 1/1
[03:54:07 +1m 21s | WEF25] Repaired malformed JSON.
[03:54:07 +1m 21s | WEF25] Extracting: WEF25.pdf, page 14/32, chunk 1/1
[03:54:15 +1m 28s | WEF25] Repaired malformed JSON.
[03:54:15 +1m 28s | WEF25] Extracting: WEF25.pdf, page 15/32, chunk 1/1
[03:54:22 +1m 35s | WEF25] Extracting: WEF25.pdf, page 16/32, chunk 1/1
[03:54:31 +1m 42s | WEF25] Repaired malformed JSON.
[03:54:31 +1m 42s | WEF25] Extracting: WEF25.pdf, page 17/32, chunk 1/2
[03:54:36 +1m 47s | WEF25] Repaired malformed JSON.
[03:54:36 +1m 47s | WEF25] Extracting: WEF25.pdf, page 17/32, chunk 2/2
[03:54:42 +1m 53s | WEF25] Repaired malformed JSON.
[03:54:42 +1m 53s | WEF25] Extracting: WEF25.pdf, page 18/32, chunk 1/1
[03:54:48 +1m 59s | WEF25] Repaired malformed JSON.
[03:54:48 +1m 59s | WEF25] Extracting: WEF25.pdf, page 19/32, chunk 1/1
[03:54:54 +2m 5s | WEF25] Repaired malformed JSON.
[03:54:54 +2m 5s | WEF25] Extracting: WEF25.pdf, page 20/32, chunk 1/1
[03:55:02 +2m 10s | WEF25] Repaired malformed JSON.
[03:55:02 +2m 10s | WEF25] Extracting: WEF25.pdf, page 21/32, chunk 1/1
[03:55:11 +2m 19s | WEF25] Repaired malformed JSON.
[03:55:11 +2m 19s | WEF25] Extracting: WEF25.pdf, page 22/32, chunk 1/1
[03:55:17 +2m 25s | WEF25] Repaired malformed JSON.
[03:55:17 +2m 25s | WEF25] Extracting: WEF25.pdf, page 23/32, chunk 1/1
[03:55:24 +2m 32s | WEF25] Repaired malformed JSON.
[03:55:24 +2m 32s | WEF25] Extracting: WEF25.pdf, page 24/32, chunk 1/1
[03:55:31 +2m 39s | WEF25] Repaired malformed JSON.
[03:55:31 +2m 39s | WEF25] Extracting: WEF25.pdf, page 25/32, chunk 1/1
[03:55:41 +2m 45s | WEF25] Repaired malformed JSON.
[03:55:41 +2m 45s | WEF25] Extracting: WEF25.pdf, page 26/32, chunk 1/1
[03:55:46 +2m 51s | WEF25] Repaired malformed JSON.
[03:55:46 +2m 51s | WEF25] Extracting: WEF25.pdf, page 27/32, chunk 1/1
[03:55:53 +2m 58s | WEF25] Repaired malformed JSON.
[03:55:53 +2m 58s | WEF25] Extracting: WEF25.pdf, page 28/32, chunk 1/1
[03:55:59 +3m 4s | WEF25] Repaired malformed JSON.
[03:55:59 +3m 4s | WEF25] Extracting: WEF25.pdf, page 29/32, chunk 1/1
[03:56:05 +3m 10s | WEF25] Repaired malformed JSON.
[03:56:05 +3m 10s | WEF25] Extracting: WEF25.pdf, page 30/32, chunk 1/1
[03:56:14 +3m 16s | WEF25] Repaired malformed JSON.
[03:56:14 +3m 16s | WEF25] Extracting: WEF25.pdf, page 31/32, chunk 1/1
[03:56:21 +3m 23s | WEF25] Repaired malformed JSON.
[03:56:21 +3m 23s | WEF25] Extracting: WEF25.pdf, page 32/32, chunk 1/1
[03:56:24 +3m 26s | WEF25] Saved 1_actor_results.json with 67 clean actors

[03:56:24 +3m 26s | WEF25] === 2 clean actors ===
[03:56:24 +3m 26s | WEF25] Loaded 67 extracted records
[03:56:24 +3m 26s | WEF25] Saved 2_actor_nodes.json with 36 canonical actor nodes

[03:56:24 +3m 26s | WEF25] === 3 interaction extraction ===
[03:56:25 +3m 27s | WEF25] Processing interactions for: WEF25.pdf
[03:56:25 +3m 27s | WEF25] Extracting interactions: WEF25.pdf, page 3/32, chunk 1/1
[03:56:28 +3m 30s | WEF25] Extracting interactions: WEF25.pdf, page 4/32, chunk 1/1
[03:56:37 +3m 39s | WEF25] Extracting interactions: WEF25.pdf, page 6/32, chunk 1/1
[03:56:42 +3m 44s | WEF25] Extracting interactions: WEF25.pdf, page 7/32, chunk 1/1
[03:56:49 +3m 48s | WEF25] Extracting interactions: WEF25.pdf, page 8/32, chunk 1/1
[03:56:56 +3m 55s | WEF25] Extracting interactions: WEF25.pdf, page 9/32, chunk 1/1
[03:57:00 +3m 59s | WEF25] Extracting interactions: WEF25.pdf, page 11/32, chunk 1/1
[03:57:06 +4m 5s | WEF25] Extracting interactions: WEF25.pdf, page 12/32, chunk 1/1
[03:57:12 +4m 11s | WEF25] Extracting interactions: WEF25.pdf, page 16/32, chunk 1/1
[03:57:18 +4m 17s | WEF25] Extracting interactions: WEF25.pdf, page 17/32, chunk 1/2
[03:57:31 +4m 27s | WEF25] Extracting interactions: WEF25.pdf, page 17/32, chunk 2/2
[03:57:40 +4m 36s | WEF25] Extracting interactions: WEF25.pdf, page 19/32, chunk 1/1
[03:57:44 +4m 40s | WEF25] Extracting interactions: WEF25.pdf, page 20/32, chunk 1/1
[03:57:49 +4m 45s | WEF25] Extracting interactions: WEF25.pdf, page 21/32, chunk 1/1
[03:57:51 +4m 48s | WEF25] Extracting interactions: WEF25.pdf, page 22/32, chunk 1/1
[03:57:58 +4m 51s | WEF25] Extracting interactions: WEF25.pdf, page 25/32, chunk 1/1
[03:58:02 +4m 55s | WEF25] Extracting interactions: WEF25.pdf, page 26/32, chunk 1/1
[03:58:37 +5m 27s | WEF25] Extracting interactions: WEF25.pdf, page 27/32, chunk 1/1
[03:58:53 +5m 43s | WEF25] Extracting interactions: WEF25.pdf, page 28/32, chunk 1/1
[03:58:57 +5m 47s | WEF25] Extracting interactions: WEF25.pdf, page 29/32, chunk 1/1
[03:59:11 +5m 58s | WEF25] Extracting interactions: WEF25.pdf, page 30/32, chunk 1/1
[03:59:18 +6m 6s | WEF25] Extracting interactions: WEF25.pdf, page 31/32, chunk 1/1
[03:59:21 +6m 9s | WEF25] Saved 3_interaction_results.json with 30 extracted interactions.

[03:59:21 +6m 9s | WEF25] === 4 clean interactions ===
[03:59:22 +6m 9s | WEF25] Saved 4_edges.json with 8 cleaned interactions.

[03:59:22 +6m 9s | WEF25] === 5 helix enrichment ===
[03:59:22 +6m 9s | WEF25] Wrote 5_nodes.json (36 actors)
[03:59:22 +6m 9s | WEF25] Wrote 5_edges.json (8 interactions)
[03:59:22 +6m 9s | WEF25] Actor helix counts: {'Academia': 4, 'Government': 8, 'Industry': 18, 'Intermediary': 2, 'Unknown': 4}
[03:59:22 +6m 9s | WEF25] Functional-space counts: {'Consensus': 3, 'Intra-helix / Not classified': 5}

[03:59:22 +6m 9s | WEF25] === 6 network visualisation ===
[03:59:22 +6m 9s | WEF25] Wrote quantum_network.html
[03:59:22 +6m 9s | WEF25] Nodes: 36
[03:59:22 +6m 9s | WEF25] Edges: 7

[03:59:22 +6m 9s | WEF25] Done. Outputs written to: /home/lv/IDP/idpdeeptech/pipeline/pdf_outputs/WEF25
[03:59:22 +6m 9s | WEF25] Log: /home/lv/IDP/idpdeeptech/pipeline/pdf_outputs/WEF25/run.log

========================================================================
RUN FINISHED 2026-06-16 03:59:22  (OK)
Started:     2026-06-16 03:52:41
Elapsed:     6m 9s
========================================================================
