
========================================================================
RUN STARTED  2026-07-02 06:54:41
site_pipeline.py https://thequantuminsider.com/2024/03/22/the-great-covergence-the-future-of-quantum-and-ai/
========================================================================

[06:54:41 +0s | thequantuminsider_2024_03_22_the_great_covergence_the_future_of_quantum_and_ai] === 0 crawl site ===
[06:54:42 +1s | thequantuminsider_2024_03_22_the_great_covergence_the_future_of_quantum_and_ai] [INIT].... → Crawl4AI 0.8.6 
[06:54:44 +4s | thequantuminsider_2024_03_22_the_great_covergence_the_future_of_quantum_and_ai] [FETCH]... ↓ https://thequantuminsider.com/2024/03/22/the-great-covergence-the-future-of-quantum-and-ai/          | ✓ | ⏱: 2.24s 
[06:54:44 +4s | thequantuminsider_2024_03_22_the_great_covergence_the_future_of_quantum_and_ai] [SCRAPE].. ◆ https://thequantuminsider.com/2024/03/22/the-great-covergence-the-future-of-quantum-and-ai/          | ✓ | ⏱: 0.11s 
[06:54:44 +4s | thequantuminsider_2024_03_22_the_great_covergence_the_future_of_quantum_and_ai] [COMPLETE] ● https://thequantuminsider.com/2024/03/22/the-great-covergence-the-future-of-quantum-and-ai/          | ✓ | ⏱: 2.37s 
[06:54:44 +4s | thequantuminsider_2024_03_22_the_great_covergence_the_future_of_quantum_and_ai] Saved: crawl_output/543e545c41_thequantuminsider.com_2024_03_22_the-great-covergence-the-future-of-quantum-and-ai.json

[06:54:45 +4s | thequantuminsider_2024_03_22_the_great_covergence_the_future_of_quantum_and_ai] === 1 actor extraction ===
[06:54:45 +4s | thequantuminsider_2024_03_22_the_great_covergence_the_future_of_quantum_and_ai] Reading page (1/1): https://thequantuminsider.com/2024/03/22/the-great-covergence-the-future-of-quantum-and-ai
[06:54:45 +4s | thequantuminsider_2024_03_22_the_great_covergence_the_future_of_quantum_and_ai] Extracting actors: https://thequantuminsider.com/2024/03/22/the-great-covergence-the-future-of-quantum-and-ai (1/1), chunk 1/37
[06:54:49 +8s | thequantuminsider_2024_03_22_the_great_covergence_the_future_of_quantum_and_ai] Extracting actors: https://thequantuminsider.com/2024/03/22/the-great-covergence-the-future-of-quantum-and-ai (1/1), chunk 2/37
[06:54:53 +12s | thequantuminsider_2024_03_22_the_great_covergence_the_future_of_quantum_and_ai] Extracting actors: https://thequantuminsider.com/2024/03/22/the-great-covergence-the-future-of-quantum-and-ai (1/1), chunk 3/37
[06:54:58 +17s | thequantuminsider_2024_03_22_the_great_covergence_the_future_of_quantum_and_ai] Extracting actors: https://thequantuminsider.com/2024/03/22/the-great-covergence-the-future-of-quantum-and-ai (1/1), chunk 4/37
[06:55:03 +23s | thequantuminsider_2024_03_22_the_great_covergence_the_future_of_quantum_and_ai] Extracting actors: https://thequantuminsider.com/2024/03/22/the-great-covergence-the-future-of-quantum-and-ai (1/1), chunk 5/37
[06:55:08 +28s | thequantuminsider_2024_03_22_the_great_covergence_the_future_of_quantum_and_ai] Extracting actors: https://thequantuminsider.com/2024/03/22/the-great-covergence-the-future-of-quantum-and-ai (1/1), chunk 6/37
[06:55:13 +32s | thequantuminsider_2024_03_22_the_great_covergence_the_future_of_quantum_and_ai] Extracting actors: https://thequantuminsider.com/2024/03/22/the-great-covergence-the-future-of-quantum-and-ai (1/1), chunk 7/37
[06:55:17 +37s | thequantuminsider_2024_03_22_the_great_covergence_the_future_of_quantum_and_ai] Extracting actors: https://thequantuminsider.com/2024/03/22/the-great-covergence-the-future-of-quantum-and-ai (1/1), chunk 8/37
[06:55:21 +41s | thequantuminsider_2024_03_22_the_great_covergence_the_future_of_quantum_and_ai] Extracting actors: https://thequantuminsider.com/2024/03/22/the-great-covergence-the-future-of-quantum-and-ai (1/1), chunk 9/37
[06:55:26 +45s | thequantuminsider_2024_03_22_the_great_covergence_the_future_of_quantum_and_ai] Extracting actors: https://thequantuminsider.com/2024/03/22/the-great-covergence-the-future-of-quantum-and-ai (1/1), chunk 10/37
[06:55:31 +51s | thequantuminsider_2024_03_22_the_great_covergence_the_future_of_quantum_and_ai] Extracting actors: https://thequantuminsider.com/2024/03/22/the-great-covergence-the-future-of-quantum-and-ai (1/1), chunk 11/37
[06:55:36 +55s | thequantuminsider_2024_03_22_the_great_covergence_the_future_of_quantum_and_ai] Extracting actors: https://thequantuminsider.com/2024/03/22/the-great-covergence-the-future-of-quantum-and-ai (1/1), chunk 12/37
[06:55:42 +1m 2s | thequantuminsider_2024_03_22_the_great_covergence_the_future_of_quantum_and_ai] Repaired malformed JSON.
[06:55:42 +1m 2s | thequantuminsider_2024_03_22_the_great_covergence_the_future_of_quantum_and_ai] Extracting actors: https://thequantuminsider.com/2024/03/22/the-great-covergence-the-future-of-quantum-and-ai (1/1), chunk 13/37
[06:55:49 +1m 8s | thequantuminsider_2024_03_22_the_great_covergence_the_future_of_quantum_and_ai] Repaired malformed JSON.
[06:55:49 +1m 8s | thequantuminsider_2024_03_22_the_great_covergence_the_future_of_quantum_and_ai] Extracting actors: https://thequantuminsider.com/2024/03/22/the-great-covergence-the-future-of-quantum-and-ai (1/1), chunk 14/37
[06:55:57 +1m 17s | thequantuminsider_2024_03_22_the_great_covergence_the_future_of_quantum_and_ai] Repaired malformed JSON.
[06:55:57 +1m 17s | thequantuminsider_2024_03_22_the_great_covergence_the_future_of_quantum_and_ai] Extracting actors: https://thequantuminsider.com/2024/03/22/the-great-covergence-the-future-of-quantum-and-ai (1/1), chunk 15/37
[06:56:07 +1m 27s | thequantuminsider_2024_03_22_the_great_covergence_the_future_of_quantum_and_ai] Repaired malformed JSON.
[06:56:07 +1m 27s | thequantuminsider_2024_03_22_the_great_covergence_the_future_of_quantum_and_ai] Extracting actors: https://thequantuminsider.com/2024/03/22/the-great-covergence-the-future-of-quantum-and-ai (1/1), chunk 16/37
[06:56:13 +1m 32s | thequantuminsider_2024_03_22_the_great_covergence_the_future_of_quantum_and_ai] Repaired malformed JSON.
[06:56:13 +1m 32s | thequantuminsider_2024_03_22_the_great_covergence_the_future_of_quantum_and_ai] Extracting actors: https://thequantuminsider.com/2024/03/22/the-great-covergence-the-future-of-quantum-and-ai (1/1), chunk 17/37
[06:56:19 +1m 39s | thequantuminsider_2024_03_22_the_great_covergence_the_future_of_quantum_and_ai] Repaired malformed JSON.
[06:56:19 +1m 39s | thequantuminsider_2024_03_22_the_great_covergence_the_future_of_quantum_and_ai] Extracting actors: https://thequantuminsider.com/2024/03/22/the-great-covergence-the-future-of-quantum-and-ai (1/1), chunk 18/37
[06:56:26 +1m 45s | thequantuminsider_2024_03_22_the_great_covergence_the_future_of_quantum_and_ai] Repaired malformed JSON.
[06:56:26 +1m 45s | thequantuminsider_2024_03_22_the_great_covergence_the_future_of_quantum_and_ai] Extracting actors: https://thequantuminsider.com/2024/03/22/the-great-covergence-the-future-of-quantum-and-ai (1/1), chunk 19/37
[06:56:33 +1m 52s | thequantuminsider_2024_03_22_the_great_covergence_the_future_of_quantum_and_ai] Repaired malformed JSON.
[06:56:33 +1m 52s | thequantuminsider_2024_03_22_the_great_covergence_the_future_of_quantum_and_ai] Extracting actors: https://thequantuminsider.com/2024/03/22/the-great-covergence-the-future-of-quantum-and-ai (1/1), chunk 20/37
[06:56:41 +2m 0s | thequantuminsider_2024_03_22_the_great_covergence_the_future_of_quantum_and_ai] Repaired malformed JSON.
[06:56:41 +2m 0s | thequantuminsider_2024_03_22_the_great_covergence_the_future_of_quantum_and_ai] Extracting actors: https://thequantuminsider.com/2024/03/22/the-great-covergence-the-future-of-quantum-and-ai (1/1), chunk 21/37
[06:56:49 +2m 8s | thequantuminsider_2024_03_22_the_great_covergence_the_future_of_quantum_and_ai] Repaired malformed JSON.
[06:56:49 +2m 8s | thequantuminsider_2024_03_22_the_great_covergence_the_future_of_quantum_and_ai] Extracting actors: https://thequantuminsider.com/2024/03/22/the-great-covergence-the-future-of-quantum-and-ai (1/1), chunk 22/37
[06:56:56 +2m 15s | thequantuminsider_2024_03_22_the_great_covergence_the_future_of_quantum_and_ai] Repaired malformed JSON.
[06:56:56 +2m 15s | thequantuminsider_2024_03_22_the_great_covergence_the_future_of_quantum_and_ai] Extracting actors: https://thequantuminsider.com/2024/03/22/the-great-covergence-the-future-of-quantum-and-ai (1/1), chunk 23/37
[06:57:04 +2m 23s | thequantuminsider_2024_03_22_the_great_covergence_the_future_of_quantum_and_ai] Repaired malformed JSON.
[06:57:04 +2m 23s | thequantuminsider_2024_03_22_the_great_covergence_the_future_of_quantum_and_ai] Extracting actors: https://thequantuminsider.com/2024/03/22/the-great-covergence-the-future-of-quantum-and-ai (1/1), chunk 24/37
[06:57:13 +2m 32s | thequantuminsider_2024_03_22_the_great_covergence_the_future_of_quantum_and_ai] Repaired malformed JSON.
[06:57:13 +2m 32s | thequantuminsider_2024_03_22_the_great_covergence_the_future_of_quantum_and_ai] Extracting actors: https://thequantuminsider.com/2024/03/22/the-great-covergence-the-future-of-quantum-and-ai (1/1), chunk 25/37
[06:57:18 +2m 38s | thequantuminsider_2024_03_22_the_great_covergence_the_future_of_quantum_and_ai] Extracting actors: https://thequantuminsider.com/2024/03/22/the-great-covergence-the-future-of-quantum-and-ai (1/1), chunk 26/37
[06:57:24 +2m 44s | thequantuminsider_2024_03_22_the_great_covergence_the_future_of_quantum_and_ai] Repaired malformed JSON.
[06:57:24 +2m 44s | thequantuminsider_2024_03_22_the_great_covergence_the_future_of_quantum_and_ai] Extracting actors: https://thequantuminsider.com/2024/03/22/the-great-covergence-the-future-of-quantum-and-ai (1/1), chunk 27/37
[06:57:30 +2m 49s | thequantuminsider_2024_03_22_the_great_covergence_the_future_of_quantum_and_ai] Extracting actors: https://thequantuminsider.com/2024/03/22/the-great-covergence-the-future-of-quantum-and-ai (1/1), chunk 28/37
[06:57:39 +2m 58s | thequantuminsider_2024_03_22_the_great_covergence_the_future_of_quantum_and_ai] Repaired malformed JSON.
[06:57:39 +2m 58s | thequantuminsider_2024_03_22_the_great_covergence_the_future_of_quantum_and_ai] Extracting actors: https://thequantuminsider.com/2024/03/22/the-great-covergence-the-future-of-quantum-and-ai (1/1), chunk 29/37
[06:57:45 +3m 4s | thequantuminsider_2024_03_22_the_great_covergence_the_future_of_quantum_and_ai] Repaired malformed JSON.
[06:57:45 +3m 4s | thequantuminsider_2024_03_22_the_great_covergence_the_future_of_quantum_and_ai] Extracting actors: https://thequantuminsider.com/2024/03/22/the-great-covergence-the-future-of-quantum-and-ai (1/1), chunk 30/37
[06:57:51 +3m 11s | thequantuminsider_2024_03_22_the_great_covergence_the_future_of_quantum_and_ai] Repaired malformed JSON.
[06:57:51 +3m 11s | thequantuminsider_2024_03_22_the_great_covergence_the_future_of_quantum_and_ai] Extracting actors: https://thequantuminsider.com/2024/03/22/the-great-covergence-the-future-of-quantum-and-ai (1/1), chunk 31/37
[06:57:58 +3m 17s | thequantuminsider_2024_03_22_the_great_covergence_the_future_of_quantum_and_ai] Repaired malformed JSON.
[06:57:58 +3m 17s | thequantuminsider_2024_03_22_the_great_covergence_the_future_of_quantum_and_ai] Extracting actors: https://thequantuminsider.com/2024/03/22/the-great-covergence-the-future-of-quantum-and-ai (1/1), chunk 32/37
[06:58:03 +3m 23s | thequantuminsider_2024_03_22_the_great_covergence_the_future_of_quantum_and_ai] Repaired malformed JSON.
[06:58:03 +3m 23s | thequantuminsider_2024_03_22_the_great_covergence_the_future_of_quantum_and_ai] Extracting actors: https://thequantuminsider.com/2024/03/22/the-great-covergence-the-future-of-quantum-and-ai (1/1), chunk 33/37
[06:58:10 +3m 29s | thequantuminsider_2024_03_22_the_great_covergence_the_future_of_quantum_and_ai] Repaired malformed JSON.
[06:58:10 +3m 29s | thequantuminsider_2024_03_22_the_great_covergence_the_future_of_quantum_and_ai] Extracting actors: https://thequantuminsider.com/2024/03/22/the-great-covergence-the-future-of-quantum-and-ai (1/1), chunk 34/37
[06:58:15 +3m 35s | thequantuminsider_2024_03_22_the_great_covergence_the_future_of_quantum_and_ai] Repaired malformed JSON.
[06:58:15 +3m 35s | thequantuminsider_2024_03_22_the_great_covergence_the_future_of_quantum_and_ai] Extracting actors: https://thequantuminsider.com/2024/03/22/the-great-covergence-the-future-of-quantum-and-ai (1/1), chunk 35/37
[06:58:25 +3m 45s | thequantuminsider_2024_03_22_the_great_covergence_the_future_of_quantum_and_ai] Repaired malformed JSON.
[06:58:25 +3m 45s | thequantuminsider_2024_03_22_the_great_covergence_the_future_of_quantum_and_ai] Extracting actors: https://thequantuminsider.com/2024/03/22/the-great-covergence-the-future-of-quantum-and-ai (1/1), chunk 36/37
[06:58:32 +3m 51s | thequantuminsider_2024_03_22_the_great_covergence_the_future_of_quantum_and_ai] Repaired malformed JSON.
[06:58:32 +3m 51s | thequantuminsider_2024_03_22_the_great_covergence_the_future_of_quantum_and_ai] Extracting actors: https://thequantuminsider.com/2024/03/22/the-great-covergence-the-future-of-quantum-and-ai (1/1), chunk 37/37
[06:58:38 +3m 57s | thequantuminsider_2024_03_22_the_great_covergence_the_future_of_quantum_and_ai] Repaired malformed JSON.
[06:58:38 +3m 57s | thequantuminsider_2024_03_22_the_great_covergence_the_future_of_quantum_and_ai] Saved 1_actor_results.json with 58 extracted records

[06:58:38 +3m 58s | thequantuminsider_2024_03_22_the_great_covergence_the_future_of_quantum_and_ai] === 2 clean actors ===
[06:58:38 +3m 58s | thequantuminsider_2024_03_22_the_great_covergence_the_future_of_quantum_and_ai] Loaded 58 extracted records
[06:58:38 +3m 58s | thequantuminsider_2024_03_22_the_great_covergence_the_future_of_quantum_and_ai] Saved 2_actor_nodes.json with 23 canonical actor nodes

[06:58:38 +3m 58s | thequantuminsider_2024_03_22_the_great_covergence_the_future_of_quantum_and_ai] === 3 interaction extraction ===
[06:58:39 +3m 58s | thequantuminsider_2024_03_22_the_great_covergence_the_future_of_quantum_and_ai] Extracting interactions: https://thequantuminsider.com/2024/03/22/the-great-covergence-the-future-of-quantum-and-ai (1/1), chunk 12/37
[06:58:45 +4m 5s | thequantuminsider_2024_03_22_the_great_covergence_the_future_of_quantum_and_ai] Extracting interactions: https://thequantuminsider.com/2024/03/22/the-great-covergence-the-future-of-quantum-and-ai (1/1), chunk 13/37
[06:58:52 +4m 12s | thequantuminsider_2024_03_22_the_great_covergence_the_future_of_quantum_and_ai] Extracting interactions: https://thequantuminsider.com/2024/03/22/the-great-covergence-the-future-of-quantum-and-ai (1/1), chunk 15/37
[06:58:58 +4m 17s | thequantuminsider_2024_03_22_the_great_covergence_the_future_of_quantum_and_ai] Extracting interactions: https://thequantuminsider.com/2024/03/22/the-great-covergence-the-future-of-quantum-and-ai (1/1), chunk 16/37
[06:59:04 +4m 23s | thequantuminsider_2024_03_22_the_great_covergence_the_future_of_quantum_and_ai] Extracting interactions: https://thequantuminsider.com/2024/03/22/the-great-covergence-the-future-of-quantum-and-ai (1/1), chunk 17/37
[06:59:08 +4m 28s | thequantuminsider_2024_03_22_the_great_covergence_the_future_of_quantum_and_ai] Extracting interactions: https://thequantuminsider.com/2024/03/22/the-great-covergence-the-future-of-quantum-and-ai (1/1), chunk 18/37
[06:59:17 +4m 36s | thequantuminsider_2024_03_22_the_great_covergence_the_future_of_quantum_and_ai] Extracting interactions: https://thequantuminsider.com/2024/03/22/the-great-covergence-the-future-of-quantum-and-ai (1/1), chunk 19/37
[06:59:21 +4m 40s | thequantuminsider_2024_03_22_the_great_covergence_the_future_of_quantum_and_ai] Extracting interactions: https://thequantuminsider.com/2024/03/22/the-great-covergence-the-future-of-quantum-and-ai (1/1), chunk 20/37
[06:59:41 +5m 1s | thequantuminsider_2024_03_22_the_great_covergence_the_future_of_quantum_and_ai] Extracting interactions: https://thequantuminsider.com/2024/03/22/the-great-covergence-the-future-of-quantum-and-ai (1/1), chunk 21/37
[06:59:45 +5m 4s | thequantuminsider_2024_03_22_the_great_covergence_the_future_of_quantum_and_ai] Extracting interactions: https://thequantuminsider.com/2024/03/22/the-great-covergence-the-future-of-quantum-and-ai (1/1), chunk 22/37
[06:59:52 +5m 11s | thequantuminsider_2024_03_22_the_great_covergence_the_future_of_quantum_and_ai] Extracting interactions: https://thequantuminsider.com/2024/03/22/the-great-covergence-the-future-of-quantum-and-ai (1/1), chunk 23/37
[06:59:59 +5m 19s | thequantuminsider_2024_03_22_the_great_covergence_the_future_of_quantum_and_ai] Extracting interactions: https://thequantuminsider.com/2024/03/22/the-great-covergence-the-future-of-quantum-and-ai (1/1), chunk 24/37
[07:00:01 +5m 20s | thequantuminsider_2024_03_22_the_great_covergence_the_future_of_quantum_and_ai] Extracting interactions: https://thequantuminsider.com/2024/03/22/the-great-covergence-the-future-of-quantum-and-ai (1/1), chunk 26/37
[07:00:04 +5m 23s | thequantuminsider_2024_03_22_the_great_covergence_the_future_of_quantum_and_ai] Extracting interactions: https://thequantuminsider.com/2024/03/22/the-great-covergence-the-future-of-quantum-and-ai (1/1), chunk 27/37
[07:00:09 +5m 29s | thequantuminsider_2024_03_22_the_great_covergence_the_future_of_quantum_and_ai] Extracting interactions: https://thequantuminsider.com/2024/03/22/the-great-covergence-the-future-of-quantum-and-ai (1/1), chunk 28/37
[07:00:12 +5m 32s | thequantuminsider_2024_03_22_the_great_covergence_the_future_of_quantum_and_ai] Extracting interactions: https://thequantuminsider.com/2024/03/22/the-great-covergence-the-future-of-quantum-and-ai (1/1), chunk 30/37
[07:00:14 +5m 34s | thequantuminsider_2024_03_22_the_great_covergence_the_future_of_quantum_and_ai] Extracting interactions: https://thequantuminsider.com/2024/03/22/the-great-covergence-the-future-of-quantum-and-ai (1/1), chunk 31/37
[07:00:16 +5m 35s | thequantuminsider_2024_03_22_the_great_covergence_the_future_of_quantum_and_ai] Extracting interactions: https://thequantuminsider.com/2024/03/22/the-great-covergence-the-future-of-quantum-and-ai (1/1), chunk 32/37
[07:00:18 +5m 37s | thequantuminsider_2024_03_22_the_great_covergence_the_future_of_quantum_and_ai] Extracting interactions: https://thequantuminsider.com/2024/03/22/the-great-covergence-the-future-of-quantum-and-ai (1/1), chunk 33/37
[07:00:20 +5m 39s | thequantuminsider_2024_03_22_the_great_covergence_the_future_of_quantum_and_ai] Extracting interactions: https://thequantuminsider.com/2024/03/22/the-great-covergence-the-future-of-quantum-and-ai (1/1), chunk 34/37
[07:00:21 +5m 40s | thequantuminsider_2024_03_22_the_great_covergence_the_future_of_quantum_and_ai] Extracting interactions: https://thequantuminsider.com/2024/03/22/the-great-covergence-the-future-of-quantum-and-ai (1/1), chunk 35/37
[07:00:23 +5m 42s | thequantuminsider_2024_03_22_the_great_covergence_the_future_of_quantum_and_ai] Extracting interactions: https://thequantuminsider.com/2024/03/22/the-great-covergence-the-future-of-quantum-and-ai (1/1), chunk 36/37
[07:00:24 +5m 44s | thequantuminsider_2024_03_22_the_great_covergence_the_future_of_quantum_and_ai] Extracting interactions: https://thequantuminsider.com/2024/03/22/the-great-covergence-the-future-of-quantum-and-ai (1/1), chunk 37/37
[07:00:26 +5m 45s | thequantuminsider_2024_03_22_the_great_covergence_the_future_of_quantum_and_ai] Saved 3_interaction_results.json with 21 extracted interactions.

[07:00:26 +5m 45s | thequantuminsider_2024_03_22_the_great_covergence_the_future_of_quantum_and_ai] === 4 clean interactions ===
[07:00:26 +5m 45s | thequantuminsider_2024_03_22_the_great_covergence_the_future_of_quantum_and_ai] Saved 4_edges.json with 5 cleaned interactions.

[07:00:26 +5m 45s | thequantuminsider_2024_03_22_the_great_covergence_the_future_of_quantum_and_ai] === 5 helix enrichment ===
[07:00:26 +5m 45s | thequantuminsider_2024_03_22_the_great_covergence_the_future_of_quantum_and_ai] Wrote 5_nodes.json (23 actors)
[07:00:26 +5m 45s | thequantuminsider_2024_03_22_the_great_covergence_the_future_of_quantum_and_ai] Wrote 5_edges.json (5 interactions)
[07:00:26 +5m 45s | thequantuminsider_2024_03_22_the_great_covergence_the_future_of_quantum_and_ai] Actor helix counts: {'Academia': 1, 'Civil Society': 2, 'Government': 2, 'Industry': 6, 'Intermediary': 2, 'Unknown': 10}
[07:00:26 +5m 45s | thequantuminsider_2024_03_22_the_great_covergence_the_future_of_quantum_and_ai] Functional-space counts: {'Innovation': 2, 'Intra-helix / Not classified': 3}

[07:00:26 +5m 45s | thequantuminsider_2024_03_22_the_great_covergence_the_future_of_quantum_and_ai] === 6 network visualisation ===
[07:00:26 +5m 46s | thequantuminsider_2024_03_22_the_great_covergence_the_future_of_quantum_and_ai] Wrote quantum_network.html
[07:00:26 +5m 46s | thequantuminsider_2024_03_22_the_great_covergence_the_future_of_quantum_and_ai] Nodes: 23
[07:00:26 +5m 46s | thequantuminsider_2024_03_22_the_great_covergence_the_future_of_quantum_and_ai] Edges: 3

[07:00:27 +5m 46s | thequantuminsider_2024_03_22_the_great_covergence_the_future_of_quantum_and_ai] Done. Outputs written to: /home/lv/IDP/idpdeeptech/pipeline/news_outputs/thequantuminsider_2024_03_22_the_great_covergence_the_future_of_quantum_and_ai
[07:00:27 +5m 46s | thequantuminsider_2024_03_22_the_great_covergence_the_future_of_quantum_and_ai] Log: /home/lv/IDP/idpdeeptech/pipeline/news_outputs/thequantuminsider_2024_03_22_the_great_covergence_the_future_of_quantum_and_ai/run.log

========================================================================
RUN FINISHED 2026-07-02 07:00:27  (OK)
Started:     2026-07-02 06:54:41
Elapsed:     5m 46s
========================================================================
