
========================================================================
RUN STARTED  2026-06-16 02:47:27
pdf_pipeline.py Luis_Netherlands19.pdf
========================================================================

[02:47:27 +0s | Luis_Netherlands19] === 1 actor extraction ===
[02:47:27 +0s | Luis_Netherlands19] Reading PDF: Luis_Netherlands19.pdf
[02:47:27 +0s | Luis_Netherlands19] Extracting: Luis_Netherlands19.pdf, page 1/51, chunk 1/1
[02:47:32 +2s | Luis_Netherlands19] Extracting: Luis_Netherlands19.pdf, page 2/51, chunk 1/1
[02:47:37 +7s | Luis_Netherlands19] Extracting: Luis_Netherlands19.pdf, page 3/51, chunk 1/1
[02:47:44 +14s | Luis_Netherlands19] Repaired malformed JSON.
[02:47:44 +14s | Luis_Netherlands19] Extracting: Luis_Netherlands19.pdf, page 4/51, chunk 1/2
[02:47:45 +15s | Luis_Netherlands19] Extracting: Luis_Netherlands19.pdf, page 4/51, chunk 2/2
[02:47:50 +20s | Luis_Netherlands19] Extracting: Luis_Netherlands19.pdf, page 5/51, chunk 1/2
[02:47:56 +26s | Luis_Netherlands19] Repaired malformed JSON.
[02:47:56 +26s | Luis_Netherlands19] Extracting: Luis_Netherlands19.pdf, page 5/51, chunk 2/2
[02:48:08 +34s | Luis_Netherlands19] Repaired malformed JSON.
[02:48:08 +34s | Luis_Netherlands19] Extracting: Luis_Netherlands19.pdf, page 6/51, chunk 1/1
[02:48:14 +41s | Luis_Netherlands19] Repaired malformed JSON.
[02:48:14 +41s | Luis_Netherlands19] Extracting: Luis_Netherlands19.pdf, page 7/51, chunk 1/1
[02:48:21 +48s | Luis_Netherlands19] Repaired malformed JSON.
[02:48:21 +48s | Luis_Netherlands19] Extracting: Luis_Netherlands19.pdf, page 8/51, chunk 1/1
[02:48:27 +53s | Luis_Netherlands19] Repaired malformed JSON.
[02:48:27 +53s | Luis_Netherlands19] Extracting: Luis_Netherlands19.pdf, page 9/51, chunk 1/4
[02:48:31 +58s | Luis_Netherlands19] Extracting: Luis_Netherlands19.pdf, page 9/51, chunk 2/4
[02:48:43 +1m 6s | Luis_Netherlands19] Repaired malformed JSON.
[02:48:43 +1m 6s | Luis_Netherlands19] Extracting: Luis_Netherlands19.pdf, page 9/51, chunk 3/4
[02:48:50 +1m 13s | Luis_Netherlands19] Repaired malformed JSON.
[02:48:50 +1m 13s | Luis_Netherlands19] Extracting: Luis_Netherlands19.pdf, page 9/51, chunk 4/4
[02:48:57 +1m 21s | Luis_Netherlands19] Repaired malformed JSON.
[02:48:57 +1m 21s | Luis_Netherlands19] Extracting: Luis_Netherlands19.pdf, page 10/51, chunk 1/1
[02:49:02 +1m 26s | Luis_Netherlands19] Repaired malformed JSON.
[02:49:02 +1m 26s | Luis_Netherlands19] Extracting: Luis_Netherlands19.pdf, page 11/51, chunk 1/1
[02:49:08 +1m 31s | Luis_Netherlands19] Repaired malformed JSON.
[02:49:08 +1m 31s | Luis_Netherlands19] Extracting: Luis_Netherlands19.pdf, page 12/51, chunk 1/1
[02:49:13 +1m 37s | Luis_Netherlands19] Repaired malformed JSON.
[02:49:13 +1m 37s | Luis_Netherlands19] Extracting: Luis_Netherlands19.pdf, page 13/51, chunk 1/1
[02:49:22 +1m 42s | Luis_Netherlands19] Repaired malformed JSON.
[02:49:22 +1m 42s | Luis_Netherlands19] Extracting: Luis_Netherlands19.pdf, page 14/51, chunk 1/1
[02:49:30 +1m 50s | Luis_Netherlands19] Repaired malformed JSON.
[02:49:30 +1m 50s | Luis_Netherlands19] Extracting: Luis_Netherlands19.pdf, page 15/51, chunk 1/1
[02:49:35 +1m 56s | Luis_Netherlands19] Repaired malformed JSON.
[02:49:35 +1m 56s | Luis_Netherlands19] Extracting: Luis_Netherlands19.pdf, page 16/51, chunk 1/1
[02:49:42 +2m 2s | Luis_Netherlands19] Repaired malformed JSON.
[02:49:42 +2m 2s | Luis_Netherlands19] Extracting: Luis_Netherlands19.pdf, page 17/51, chunk 1/1
[02:49:47 +2m 8s | Luis_Netherlands19] Repaired malformed JSON.
[02:49:47 +2m 8s | Luis_Netherlands19] Extracting: Luis_Netherlands19.pdf, page 18/51, chunk 1/1
[02:49:59 +2m 16s | Luis_Netherlands19] Repaired malformed JSON.
[02:49:59 +2m 16s | Luis_Netherlands19] Extracting: Luis_Netherlands19.pdf, page 19/51, chunk 1/2
[02:50:05 +2m 22s | Luis_Netherlands19] Repaired malformed JSON.
[02:50:05 +2m 22s | Luis_Netherlands19] Extracting: Luis_Netherlands19.pdf, page 19/51, chunk 2/2
[02:50:10 +2m 27s | Luis_Netherlands19] Repaired malformed JSON.
[02:50:10 +2m 27s | Luis_Netherlands19] Extracting: Luis_Netherlands19.pdf, page 20/51, chunk 1/1
[02:50:16 +2m 33s | Luis_Netherlands19] Repaired malformed JSON.
[02:50:16 +2m 33s | Luis_Netherlands19] Extracting: Luis_Netherlands19.pdf, page 21/51, chunk 1/1
[02:50:21 +2m 38s | Luis_Netherlands19] Repaired malformed JSON.
[02:50:21 +2m 38s | Luis_Netherlands19] Extracting: Luis_Netherlands19.pdf, page 22/51, chunk 1/2
[02:50:26 +2m 43s | Luis_Netherlands19] Extracting: Luis_Netherlands19.pdf, page 22/51, chunk 2/2
[02:50:35 +2m 50s | Luis_Netherlands19] Repaired malformed JSON.
[02:50:35 +2m 50s | Luis_Netherlands19] Extracting: Luis_Netherlands19.pdf, page 23/51, chunk 1/1
[02:50:42 +2m 56s | Luis_Netherlands19] Repaired malformed JSON.
[02:50:42 +2m 56s | Luis_Netherlands19] Extracting: Luis_Netherlands19.pdf, page 24/51, chunk 1/1
[02:50:50 +3m 4s | Luis_Netherlands19] Repaired malformed JSON.
[02:50:50 +3m 4s | Luis_Netherlands19] Extracting: Luis_Netherlands19.pdf, page 25/51, chunk 1/1
[02:50:56 +3m 10s | Luis_Netherlands19] Repaired malformed JSON.
[02:50:56 +3m 10s | Luis_Netherlands19] Extracting: Luis_Netherlands19.pdf, page 26/51, chunk 1/1
[02:51:05 +3m 16s | Luis_Netherlands19] Repaired malformed JSON.
[02:51:05 +3m 16s | Luis_Netherlands19] Extracting: Luis_Netherlands19.pdf, page 27/51, chunk 1/1
[02:51:10 +3m 21s | Luis_Netherlands19] Repaired malformed JSON.
[02:51:10 +3m 21s | Luis_Netherlands19] Extracting: Luis_Netherlands19.pdf, page 28/51, chunk 1/1
[02:51:19 +3m 30s | Luis_Netherlands19] Repaired malformed JSON.
[02:51:19 +3m 30s | Luis_Netherlands19] Extracting: Luis_Netherlands19.pdf, page 29/51, chunk 1/1
[02:51:26 +3m 37s | Luis_Netherlands19] Repaired malformed JSON.
[02:51:26 +3m 37s | Luis_Netherlands19] Extracting: Luis_Netherlands19.pdf, page 30/51, chunk 1/1
[02:51:32 +3m 43s | Luis_Netherlands19] Repaired malformed JSON.
[02:51:32 +3m 43s | Luis_Netherlands19] Extracting: Luis_Netherlands19.pdf, page 31/51, chunk 1/2
[02:51:42 +3m 50s | Luis_Netherlands19] Repaired malformed JSON.
[02:51:42 +3m 50s | Luis_Netherlands19] Extracting: Luis_Netherlands19.pdf, page 31/51, chunk 2/2
[02:51:48 +3m 56s | Luis_Netherlands19] Repaired malformed JSON.
[02:51:48 +3m 56s | Luis_Netherlands19] Extracting: Luis_Netherlands19.pdf, page 32/51, chunk 1/1
[02:51:54 +4m 2s | Luis_Netherlands19] Repaired malformed JSON.
[02:51:54 +4m 2s | Luis_Netherlands19] Extracting: Luis_Netherlands19.pdf, page 33/51, chunk 1/1
[02:52:00 +4m 8s | Luis_Netherlands19] Repaired malformed JSON.
[02:52:00 +4m 8s | Luis_Netherlands19] Extracting: Luis_Netherlands19.pdf, page 34/51, chunk 1/1
[02:52:05 +4m 13s | Luis_Netherlands19] Repaired malformed JSON.
[02:52:05 +4m 13s | Luis_Netherlands19] Extracting: Luis_Netherlands19.pdf, page 35/51, chunk 1/1
[02:52:15 +4m 20s | Luis_Netherlands19] Repaired malformed JSON.
[02:52:15 +4m 20s | Luis_Netherlands19] Extracting: Luis_Netherlands19.pdf, page 36/51, chunk 1/1
[02:52:21 +4m 26s | Luis_Netherlands19] Repaired malformed JSON.
[02:52:21 +4m 26s | Luis_Netherlands19] Extracting: Luis_Netherlands19.pdf, page 37/51, chunk 1/1
[02:52:29 +4m 33s | Luis_Netherlands19] Repaired malformed JSON.
[02:52:29 +4m 33s | Luis_Netherlands19] Extracting: Luis_Netherlands19.pdf, page 38/51, chunk 1/1
[02:52:37 +4m 41s | Luis_Netherlands19] Repaired malformed JSON.
[02:52:37 +4m 41s | Luis_Netherlands19] Extracting: Luis_Netherlands19.pdf, page 39/51, chunk 1/1
[02:52:43 +4m 48s | Luis_Netherlands19] Repaired malformed JSON.
[02:52:43 +4m 48s | Luis_Netherlands19] Extracting: Luis_Netherlands19.pdf, page 40/51, chunk 1/1
[02:52:52 +4m 54s | Luis_Netherlands19] Repaired malformed JSON.
[02:52:52 +4m 54s | Luis_Netherlands19] Extracting: Luis_Netherlands19.pdf, page 41/51, chunk 1/4
[02:53:01 +5m 2s | Luis_Netherlands19] Repaired malformed JSON.
[02:53:01 +5m 2s | Luis_Netherlands19] Extracting: Luis_Netherlands19.pdf, page 41/51, chunk 2/4
[02:53:08 +5m 9s | Luis_Netherlands19] Repaired malformed JSON.
[02:53:08 +5m 9s | Luis_Netherlands19] Extracting: Luis_Netherlands19.pdf, page 41/51, chunk 3/4
[02:53:14 +5m 15s | Luis_Netherlands19] Repaired malformed JSON.
[02:53:14 +5m 15s | Luis_Netherlands19] Extracting: Luis_Netherlands19.pdf, page 41/51, chunk 4/4
[02:53:21 +5m 22s | Luis_Netherlands19] Repaired malformed JSON.
[02:53:21 +5m 22s | Luis_Netherlands19] Extracting: Luis_Netherlands19.pdf, page 42/51, chunk 1/5
[02:53:29 +5m 28s | Luis_Netherlands19] Repaired malformed JSON.
[02:53:29 +5m 28s | Luis_Netherlands19] Extracting: Luis_Netherlands19.pdf, page 42/51, chunk 2/5
[02:53:37 +5m 35s | Luis_Netherlands19] Repaired malformed JSON.
[02:53:37 +5m 35s | Luis_Netherlands19] Extracting: Luis_Netherlands19.pdf, page 42/51, chunk 3/5
[02:53:44 +5m 43s | Luis_Netherlands19] Repaired malformed JSON.
[02:53:44 +5m 43s | Luis_Netherlands19] Extracting: Luis_Netherlands19.pdf, page 42/51, chunk 4/5
[02:53:51 +5m 49s | Luis_Netherlands19] Repaired malformed JSON.
[02:53:51 +5m 49s | Luis_Netherlands19] Extracting: Luis_Netherlands19.pdf, page 42/51, chunk 5/5
[02:54:01 +5m 56s | Luis_Netherlands19] Repaired malformed JSON.
[02:54:01 +5m 56s | Luis_Netherlands19] Extracting: Luis_Netherlands19.pdf, page 43/51, chunk 1/2
[02:54:07 +6m 2s | Luis_Netherlands19] Repaired malformed JSON.
[02:54:07 +6m 2s | Luis_Netherlands19] Extracting: Luis_Netherlands19.pdf, page 43/51, chunk 2/2
[02:54:12 +6m 8s | Luis_Netherlands19] Repaired malformed JSON.
[02:54:12 +6m 8s | Luis_Netherlands19] Extracting: Luis_Netherlands19.pdf, page 44/51, chunk 1/1
[02:54:19 +6m 14s | Luis_Netherlands19] Repaired malformed JSON.
[02:54:19 +6m 14s | Luis_Netherlands19] Extracting: Luis_Netherlands19.pdf, page 45/51, chunk 1/2
[02:54:26 +6m 21s | Luis_Netherlands19] Repaired malformed JSON.
[02:54:26 +6m 21s | Luis_Netherlands19] Extracting: Luis_Netherlands19.pdf, page 45/51, chunk 2/2
[02:54:32 +6m 28s | Luis_Netherlands19] Repaired malformed JSON.
[02:54:32 +6m 28s | Luis_Netherlands19] Extracting: Luis_Netherlands19.pdf, page 46/51, chunk 1/2
[02:54:43 +6m 35s | Luis_Netherlands19] Repaired malformed JSON.
[02:54:43 +6m 35s | Luis_Netherlands19] Extracting: Luis_Netherlands19.pdf, page 46/51, chunk 2/2
[02:54:48 +6m 40s | Luis_Netherlands19] Repaired malformed JSON.
[02:54:48 +6m 40s | Luis_Netherlands19] Extracting: Luis_Netherlands19.pdf, page 47/51, chunk 1/1
[02:54:54 +6m 46s | Luis_Netherlands19] Repaired malformed JSON.
[02:54:54 +6m 46s | Luis_Netherlands19] Extracting: Luis_Netherlands19.pdf, page 48/51, chunk 1/1
[02:55:02 +6m 54s | Luis_Netherlands19] Repaired malformed JSON.
[02:55:02 +6m 54s | Luis_Netherlands19] Extracting: Luis_Netherlands19.pdf, page 49/51, chunk 1/1
[02:55:04 +6m 56s | Luis_Netherlands19] Extracting: Luis_Netherlands19.pdf, page 50/51, chunk 1/1
[02:55:28 +7m 16s | Luis_Netherlands19] Repaired malformed JSON.
[02:55:28 +7m 16s | Luis_Netherlands19] Saved 1_actor_results.json with 131 clean actors

[02:55:28 +7m 17s | Luis_Netherlands19] === 2 clean actors ===
[02:55:28 +7m 17s | Luis_Netherlands19] Loaded 131 extracted records
[02:55:28 +7m 17s | Luis_Netherlands19] Saved 2_actor_nodes.json with 58 canonical actor nodes

[02:55:28 +7m 17s | Luis_Netherlands19] === 3 interaction extraction ===
[02:55:29 +7m 17s | Luis_Netherlands19] Processing interactions for: Luis_Netherlands19.pdf
[02:55:29 +7m 17s | Luis_Netherlands19] Extracting interactions: Luis_Netherlands19.pdf, page 3/51, chunk 1/1
[02:55:44 +7m 32s | Luis_Netherlands19] Extracting interactions: Luis_Netherlands19.pdf, page 4/51, chunk 2/2
[02:55:49 +7m 34s | Luis_Netherlands19] Extracting interactions: Luis_Netherlands19.pdf, page 5/51, chunk 1/2
[02:56:01 +7m 47s | Luis_Netherlands19] Extracting interactions: Luis_Netherlands19.pdf, page 5/51, chunk 2/2
[02:56:11 +7m 57s | Luis_Netherlands19] Extracting interactions: Luis_Netherlands19.pdf, page 6/51, chunk 1/1
[02:56:26 +8m 8s | Luis_Netherlands19] Extracting interactions: Luis_Netherlands19.pdf, page 7/51, chunk 1/1
[02:56:34 +8m 16s | Luis_Netherlands19] Extracting interactions: Luis_Netherlands19.pdf, page 8/51, chunk 1/1
[02:56:38 +8m 20s | Luis_Netherlands19] Extracting interactions: Luis_Netherlands19.pdf, page 9/51, chunk 2/4
[02:57:08 +8m 48s | Luis_Netherlands19] Extracting interactions: Luis_Netherlands19.pdf, page 9/51, chunk 3/4
[02:57:38 +9m 15s | Luis_Netherlands19] Extracting interactions: Luis_Netherlands19.pdf, page 9/51, chunk 4/4
[02:57:55 +9m 32s | Luis_Netherlands19] Extracting interactions: Luis_Netherlands19.pdf, page 10/51, chunk 1/1
[02:58:11 +9m 45s | Luis_Netherlands19] Extracting interactions: Luis_Netherlands19.pdf, page 11/51, chunk 1/1
[02:58:18 +9m 52s | Luis_Netherlands19] Extracting interactions: Luis_Netherlands19.pdf, page 12/51, chunk 1/1
[02:58:26 +9m 59s | Luis_Netherlands19] Extracting interactions: Luis_Netherlands19.pdf, page 13/51, chunk 1/1
[02:58:29 +10m 3s | Luis_Netherlands19] Extracting interactions: Luis_Netherlands19.pdf, page 15/51, chunk 1/1
[02:59:07 +10m 37s | Luis_Netherlands19] Extracting interactions: Luis_Netherlands19.pdf, page 16/51, chunk 1/1
[02:59:21 +10m 49s | Luis_Netherlands19] Extracting interactions: Luis_Netherlands19.pdf, page 17/51, chunk 1/1
[02:59:32 +10m 59s | Luis_Netherlands19] Extracting interactions: Luis_Netherlands19.pdf, page 18/51, chunk 1/1
[02:59:42 +11m 9s | Luis_Netherlands19] Extracting interactions: Luis_Netherlands19.pdf, page 19/51, chunk 1/2
[02:59:47 +11m 15s | Luis_Netherlands19] Extracting interactions: Luis_Netherlands19.pdf, page 19/51, chunk 2/2
[02:59:52 +11m 20s | Luis_Netherlands19] Extracting interactions: Luis_Netherlands19.pdf, page 20/51, chunk 1/1
[03:00:05 +11m 29s | Luis_Netherlands19] Extracting interactions: Luis_Netherlands19.pdf, page 21/51, chunk 1/1
[03:00:08 +11m 32s | Luis_Netherlands19] Extracting interactions: Luis_Netherlands19.pdf, page 22/51, chunk 4/4
[03:00:21 +11m 46s | Luis_Netherlands19] Extracting interactions: Luis_Netherlands19.pdf, page 23/51, chunk 1/1
[03:00:35 +11m 57s | Luis_Netherlands19] Extracting interactions: Luis_Netherlands19.pdf, page 24/51, chunk 1/1
[03:01:11 +12m 30s | Luis_Netherlands19] Extracting interactions: Luis_Netherlands19.pdf, page 25/51, chunk 1/1
[03:01:21 +12m 39s | Luis_Netherlands19] Extracting interactions: Luis_Netherlands19.pdf, page 26/51, chunk 1/1
[03:01:46 +13m 2s | Luis_Netherlands19] Extracting interactions: Luis_Netherlands19.pdf, page 27/51, chunk 1/1
[03:02:00 +13m 15s | Luis_Netherlands19] Extracting interactions: Luis_Netherlands19.pdf, page 28/51, chunk 1/1
[03:02:17 +13m 30s | Luis_Netherlands19] Extracting interactions: Luis_Netherlands19.pdf, page 29/51, chunk 1/1
[03:02:22 +13m 35s | Luis_Netherlands19] Extracting interactions: Luis_Netherlands19.pdf, page 30/51, chunk 1/1
[03:03:00 +14m 10s | Luis_Netherlands19] Extracting interactions: Luis_Netherlands19.pdf, page 31/51, chunk 1/2
[03:03:12 +14m 22s | Luis_Netherlands19] Extracting interactions: Luis_Netherlands19.pdf, page 31/51, chunk 2/2
[03:03:47 +14m 54s | Luis_Netherlands19] Extracting interactions: Luis_Netherlands19.pdf, page 32/51, chunk 1/1
[03:04:18 +15m 22s | Luis_Netherlands19] Extracting interactions: Luis_Netherlands19.pdf, page 33/51, chunk 1/1
[03:04:53 +15m 54s | Luis_Netherlands19] Extracting interactions: Luis_Netherlands19.pdf, page 34/51, chunk 1/1
[03:05:08 +16m 9s | Luis_Netherlands19] Extracting interactions: Luis_Netherlands19.pdf, page 35/51, chunk 1/1
[03:05:48 +16m 43s | Luis_Netherlands19] Extracting interactions: Luis_Netherlands19.pdf, page 36/51, chunk 1/1
[03:06:18 +17m 13s | Luis_Netherlands19] Extracting interactions: Luis_Netherlands19.pdf, page 37/51, chunk 1/1
[03:06:30 +17m 22s | Luis_Netherlands19] Extracting interactions: Luis_Netherlands19.pdf, page 38/51, chunk 1/1
[03:06:36 +17m 28s | Luis_Netherlands19] Extracting interactions: Luis_Netherlands19.pdf, page 39/51, chunk 1/1
[03:06:49 +17m 42s | Luis_Netherlands19] Extracting interactions: Luis_Netherlands19.pdf, page 41/51, chunk 1/5
[03:07:01 +17m 51s | Luis_Netherlands19] Extracting interactions: Luis_Netherlands19.pdf, page 41/51, chunk 2/5
[03:07:08 +17m 57s | Luis_Netherlands19] Extracting interactions: Luis_Netherlands19.pdf, page 41/51, chunk 3/5
[03:07:15 +18m 4s | Luis_Netherlands19] Extracting interactions: Luis_Netherlands19.pdf, page 41/51, chunk 4/5
[03:07:34 +18m 21s | Luis_Netherlands19] Extracting interactions: Luis_Netherlands19.pdf, page 41/51, chunk 5/5
[03:07:52 +18m 38s | Luis_Netherlands19] Extracting interactions: Luis_Netherlands19.pdf, page 42/51, chunk 1/5
[03:08:14 +18m 58s | Luis_Netherlands19] Extracting interactions: Luis_Netherlands19.pdf, page 42/51, chunk 2/5
[03:08:40 +19m 23s | Luis_Netherlands19] Extracting interactions: Luis_Netherlands19.pdf, page 42/51, chunk 3/5
[03:08:54 +19m 34s | Luis_Netherlands19] Extracting interactions: Luis_Netherlands19.pdf, page 42/51, chunk 4/5
[03:08:58 +19m 39s | Luis_Netherlands19] Extracting interactions: Luis_Netherlands19.pdf, page 42/51, chunk 5/5
[03:09:07 +19m 47s | Luis_Netherlands19] Extracting interactions: Luis_Netherlands19.pdf, page 43/51, chunk 1/2
[03:09:28 +20m 6s | Luis_Netherlands19] Extracting interactions: Luis_Netherlands19.pdf, page 43/51, chunk 2/2
[03:09:54 +20m 28s | Luis_Netherlands19] Extracting interactions: Luis_Netherlands19.pdf, page 44/51, chunk 1/1
[03:10:00 +20m 35s | Luis_Netherlands19] Extracting interactions: Luis_Netherlands19.pdf, page 45/51, chunk 2/2
[03:10:10 +20m 44s | Luis_Netherlands19] Extracting interactions: Luis_Netherlands19.pdf, page 46/51, chunk 1/2
[03:10:17 +20m 51s | Luis_Netherlands19] Extracting interactions: Luis_Netherlands19.pdf, page 46/51, chunk 2/2
[03:10:26 +21m 0s | Luis_Netherlands19] Extracting interactions: Luis_Netherlands19.pdf, page 47/51, chunk 1/1
[03:10:36 +21m 7s | Luis_Netherlands19] Extracting interactions: Luis_Netherlands19.pdf, page 48/51, chunk 1/1
[03:11:00 +21m 31s | Luis_Netherlands19] Extracting interactions: Luis_Netherlands19.pdf, page 50/51, chunk 1/1
[03:11:11 +21m 40s | Luis_Netherlands19] Saved 3_interaction_results.json with 226 extracted interactions.

[03:11:11 +21m 40s | Luis_Netherlands19] === 4 clean interactions ===
[03:11:12 +21m 40s | Luis_Netherlands19] Saved 4_edges.json with 49 cleaned interactions.

[03:11:12 +21m 40s | Luis_Netherlands19] === 5 helix enrichment ===
[03:11:12 +21m 40s | Luis_Netherlands19] Wrote 5_nodes.json (58 actors)
[03:11:12 +21m 40s | Luis_Netherlands19] Wrote 5_edges.json (49 interactions)
[03:11:12 +21m 40s | Luis_Netherlands19] Actor helix counts: {'Academia': 17, 'Government': 8, 'Industry': 17, 'Intermediary': 8, 'Unknown': 8}
[03:11:12 +21m 40s | Luis_Netherlands19] Functional-space counts: {'Consensus': 2, 'Innovation': 10, 'Intra-helix / Not classified': 25, 'Knowledge': 3, 'Unknown': 9}

[03:11:12 +21m 40s | Luis_Netherlands19] === 6 network visualisation ===
[03:11:12 +21m 41s | Luis_Netherlands19] Wrote quantum_network.html
[03:11:12 +21m 41s | Luis_Netherlands19] Nodes: 58
[03:11:12 +21m 41s | Luis_Netherlands19] Edges: 42

[03:11:12 +21m 41s | Luis_Netherlands19] Done. Outputs written to: /home/lv/IDP/idpdeeptech/pipeline/pdf_outputs/Luis_Netherlands19
[03:11:12 +21m 41s | Luis_Netherlands19] Log: /home/lv/IDP/idpdeeptech/pipeline/pdf_outputs/Luis_Netherlands19/run.log

========================================================================
RUN FINISHED 2026-06-16 03:11:12  (OK)
Started:     2026-06-16 02:47:27
Elapsed:     21m 41s
========================================================================
