
========================================================================
RUN STARTED  2026-07-02 10:01:28
site_pipeline.py https://thequantuminsider.com/2024/02/16/d-wave-announces-availability-of-1200-qubit-advantage2-prototype-in-the-leap-quantum-cloud-service/
========================================================================

[10:01:28 +0s | thequantuminsider_2024_02_16_d_wave_announces_availability_of_1200_qubit_advantage2_proto_40b46d10] === 0 crawl site ===
[10:01:30 +2s | thequantuminsider_2024_02_16_d_wave_announces_availability_of_1200_qubit_advantage2_proto_40b46d10] [INIT].... → Crawl4AI 0.8.6 
[10:01:34 +6s | thequantuminsider_2024_02_16_d_wave_announces_availability_of_1200_qubit_advantage2_proto_40b46d10] [FETCH]... ↓ https://thequantuminsider.com/2024/02/16/d-wave-...ge2-prototype-in-the-leap-quantum-cloud-service/  | ✓ | ⏱: 3.83s 
[10:01:34 +6s | thequantuminsider_2024_02_16_d_wave_announces_availability_of_1200_qubit_advantage2_proto_40b46d10] [SCRAPE].. ◆ https://thequantuminsider.com/2024/02/16/d-wave-...ge2-prototype-in-the-leap-quantum-cloud-service/  | ✓ | ⏱: 0.28s 
[10:01:34 +6s | thequantuminsider_2024_02_16_d_wave_announces_availability_of_1200_qubit_advantage2_proto_40b46d10] [COMPLETE] ● https://thequantuminsider.com/2024/02/16/d-wave-...ge2-prototype-in-the-leap-quantum-cloud-service/  | ✓ | ⏱: 4.16s 
[10:01:34 +6s | thequantuminsider_2024_02_16_d_wave_announces_availability_of_1200_qubit_advantage2_proto_40b46d10] Saved: crawl_output/d8d4e40007_thequantuminsider.com_2024_02_16_d-wave-announces-availability-of-1200-qubit-advantage2-prototype-in-the-leap-quantum-cloud-service.json

[10:01:35 +7s | thequantuminsider_2024_02_16_d_wave_announces_availability_of_1200_qubit_advantage2_proto_40b46d10] === 1 actor extraction ===
[10:01:35 +7s | thequantuminsider_2024_02_16_d_wave_announces_availability_of_1200_qubit_advantage2_proto_40b46d10] Reading page (1/1): https://thequantuminsider.com/2024/02/16/d-wave-announces-availability-of-1200-qubit-advantage2-prototype-in-the-leap-quantum-cloud-service
[10:01:35 +7s | thequantuminsider_2024_02_16_d_wave_announces_availability_of_1200_qubit_advantage2_proto_40b46d10] Extracting actors: https://thequantuminsider.com/2024/02/16/d-wave-announces-availability-of-1200-qubit-advantage2-prototype-in-the-leap-quantum-cloud-service (1/1), chunk 1/36
[10:01:44 +16s | thequantuminsider_2024_02_16_d_wave_announces_availability_of_1200_qubit_advantage2_proto_40b46d10] Repaired malformed JSON.
[10:01:44 +16s | thequantuminsider_2024_02_16_d_wave_announces_availability_of_1200_qubit_advantage2_proto_40b46d10] Extracting actors: https://thequantuminsider.com/2024/02/16/d-wave-announces-availability-of-1200-qubit-advantage2-prototype-in-the-leap-quantum-cloud-service (1/1), chunk 2/36
[10:01:51 +23s | thequantuminsider_2024_02_16_d_wave_announces_availability_of_1200_qubit_advantage2_proto_40b46d10] Extracting actors: https://thequantuminsider.com/2024/02/16/d-wave-announces-availability-of-1200-qubit-advantage2-prototype-in-the-leap-quantum-cloud-service (1/1), chunk 3/36
[10:01:59 +31s | thequantuminsider_2024_02_16_d_wave_announces_availability_of_1200_qubit_advantage2_proto_40b46d10] Repaired malformed JSON.
[10:01:59 +31s | thequantuminsider_2024_02_16_d_wave_announces_availability_of_1200_qubit_advantage2_proto_40b46d10] Extracting actors: https://thequantuminsider.com/2024/02/16/d-wave-announces-availability-of-1200-qubit-advantage2-prototype-in-the-leap-quantum-cloud-service (1/1), chunk 4/36
[10:02:05 +37s | thequantuminsider_2024_02_16_d_wave_announces_availability_of_1200_qubit_advantage2_proto_40b46d10] Extracting actors: https://thequantuminsider.com/2024/02/16/d-wave-announces-availability-of-1200-qubit-advantage2-prototype-in-the-leap-quantum-cloud-service (1/1), chunk 5/36
[10:02:11 +43s | thequantuminsider_2024_02_16_d_wave_announces_availability_of_1200_qubit_advantage2_proto_40b46d10] Repaired malformed JSON.
[10:02:11 +43s | thequantuminsider_2024_02_16_d_wave_announces_availability_of_1200_qubit_advantage2_proto_40b46d10] Extracting actors: https://thequantuminsider.com/2024/02/16/d-wave-announces-availability-of-1200-qubit-advantage2-prototype-in-the-leap-quantum-cloud-service (1/1), chunk 6/36
[10:02:21 +53s | thequantuminsider_2024_02_16_d_wave_announces_availability_of_1200_qubit_advantage2_proto_40b46d10] Repaired malformed JSON.
[10:02:21 +53s | thequantuminsider_2024_02_16_d_wave_announces_availability_of_1200_qubit_advantage2_proto_40b46d10] Extracting actors: https://thequantuminsider.com/2024/02/16/d-wave-announces-availability-of-1200-qubit-advantage2-prototype-in-the-leap-quantum-cloud-service (1/1), chunk 7/36
[10:02:28 +1m 0s | thequantuminsider_2024_02_16_d_wave_announces_availability_of_1200_qubit_advantage2_proto_40b46d10] Extracting actors: https://thequantuminsider.com/2024/02/16/d-wave-announces-availability-of-1200-qubit-advantage2-prototype-in-the-leap-quantum-cloud-service (1/1), chunk 8/36
[10:02:35 +1m 7s | thequantuminsider_2024_02_16_d_wave_announces_availability_of_1200_qubit_advantage2_proto_40b46d10] Extracting actors: https://thequantuminsider.com/2024/02/16/d-wave-announces-availability-of-1200-qubit-advantage2-prototype-in-the-leap-quantum-cloud-service (1/1), chunk 9/36
[10:02:40 +1m 13s | thequantuminsider_2024_02_16_d_wave_announces_availability_of_1200_qubit_advantage2_proto_40b46d10] Extracting actors: https://thequantuminsider.com/2024/02/16/d-wave-announces-availability-of-1200-qubit-advantage2-prototype-in-the-leap-quantum-cloud-service (1/1), chunk 10/36
[10:02:48 +1m 20s | thequantuminsider_2024_02_16_d_wave_announces_availability_of_1200_qubit_advantage2_proto_40b46d10] Extracting actors: https://thequantuminsider.com/2024/02/16/d-wave-announces-availability-of-1200-qubit-advantage2-prototype-in-the-leap-quantum-cloud-service (1/1), chunk 11/36
[10:03:00 +1m 32s | thequantuminsider_2024_02_16_d_wave_announces_availability_of_1200_qubit_advantage2_proto_40b46d10] Repaired malformed JSON.
[10:03:00 +1m 32s | thequantuminsider_2024_02_16_d_wave_announces_availability_of_1200_qubit_advantage2_proto_40b46d10] Extracting actors: https://thequantuminsider.com/2024/02/16/d-wave-announces-availability-of-1200-qubit-advantage2-prototype-in-the-leap-quantum-cloud-service (1/1), chunk 12/36
[10:03:06 +1m 38s | thequantuminsider_2024_02_16_d_wave_announces_availability_of_1200_qubit_advantage2_proto_40b46d10] Repaired malformed JSON.
[10:03:06 +1m 38s | thequantuminsider_2024_02_16_d_wave_announces_availability_of_1200_qubit_advantage2_proto_40b46d10] Extracting actors: https://thequantuminsider.com/2024/02/16/d-wave-announces-availability-of-1200-qubit-advantage2-prototype-in-the-leap-quantum-cloud-service (1/1), chunk 13/36
[10:03:13 +1m 45s | thequantuminsider_2024_02_16_d_wave_announces_availability_of_1200_qubit_advantage2_proto_40b46d10] Repaired malformed JSON.
[10:03:13 +1m 45s | thequantuminsider_2024_02_16_d_wave_announces_availability_of_1200_qubit_advantage2_proto_40b46d10] Extracting actors: https://thequantuminsider.com/2024/02/16/d-wave-announces-availability-of-1200-qubit-advantage2-prototype-in-the-leap-quantum-cloud-service (1/1), chunk 14/36
[10:03:21 +1m 53s | thequantuminsider_2024_02_16_d_wave_announces_availability_of_1200_qubit_advantage2_proto_40b46d10] Repaired malformed JSON.
[10:03:21 +1m 53s | thequantuminsider_2024_02_16_d_wave_announces_availability_of_1200_qubit_advantage2_proto_40b46d10] Extracting actors: https://thequantuminsider.com/2024/02/16/d-wave-announces-availability-of-1200-qubit-advantage2-prototype-in-the-leap-quantum-cloud-service (1/1), chunk 15/36
[10:03:30 +2m 2s | thequantuminsider_2024_02_16_d_wave_announces_availability_of_1200_qubit_advantage2_proto_40b46d10] Repaired malformed JSON.
[10:03:30 +2m 2s | thequantuminsider_2024_02_16_d_wave_announces_availability_of_1200_qubit_advantage2_proto_40b46d10] Extracting actors: https://thequantuminsider.com/2024/02/16/d-wave-announces-availability-of-1200-qubit-advantage2-prototype-in-the-leap-quantum-cloud-service (1/1), chunk 16/36
[10:03:39 +2m 12s | thequantuminsider_2024_02_16_d_wave_announces_availability_of_1200_qubit_advantage2_proto_40b46d10] Repaired malformed JSON.
[10:03:39 +2m 12s | thequantuminsider_2024_02_16_d_wave_announces_availability_of_1200_qubit_advantage2_proto_40b46d10] Extracting actors: https://thequantuminsider.com/2024/02/16/d-wave-announces-availability-of-1200-qubit-advantage2-prototype-in-the-leap-quantum-cloud-service (1/1), chunk 17/36
[10:03:49 +2m 21s | thequantuminsider_2024_02_16_d_wave_announces_availability_of_1200_qubit_advantage2_proto_40b46d10] Repaired malformed JSON.
[10:03:49 +2m 21s | thequantuminsider_2024_02_16_d_wave_announces_availability_of_1200_qubit_advantage2_proto_40b46d10] Extracting actors: https://thequantuminsider.com/2024/02/16/d-wave-announces-availability-of-1200-qubit-advantage2-prototype-in-the-leap-quantum-cloud-service (1/1), chunk 18/36
[10:03:58 +2m 30s | thequantuminsider_2024_02_16_d_wave_announces_availability_of_1200_qubit_advantage2_proto_40b46d10] Repaired malformed JSON.
[10:03:58 +2m 30s | thequantuminsider_2024_02_16_d_wave_announces_availability_of_1200_qubit_advantage2_proto_40b46d10] Extracting actors: https://thequantuminsider.com/2024/02/16/d-wave-announces-availability-of-1200-qubit-advantage2-prototype-in-the-leap-quantum-cloud-service (1/1), chunk 19/36
[10:04:04 +2m 36s | thequantuminsider_2024_02_16_d_wave_announces_availability_of_1200_qubit_advantage2_proto_40b46d10] Repaired malformed JSON.
[10:04:04 +2m 36s | thequantuminsider_2024_02_16_d_wave_announces_availability_of_1200_qubit_advantage2_proto_40b46d10] Extracting actors: https://thequantuminsider.com/2024/02/16/d-wave-announces-availability-of-1200-qubit-advantage2-prototype-in-the-leap-quantum-cloud-service (1/1), chunk 20/36
[10:04:11 +2m 43s | thequantuminsider_2024_02_16_d_wave_announces_availability_of_1200_qubit_advantage2_proto_40b46d10] Repaired malformed JSON.
[10:04:11 +2m 43s | thequantuminsider_2024_02_16_d_wave_announces_availability_of_1200_qubit_advantage2_proto_40b46d10] Extracting actors: https://thequantuminsider.com/2024/02/16/d-wave-announces-availability-of-1200-qubit-advantage2-prototype-in-the-leap-quantum-cloud-service (1/1), chunk 21/36
[10:04:18 +2m 50s | thequantuminsider_2024_02_16_d_wave_announces_availability_of_1200_qubit_advantage2_proto_40b46d10] Repaired malformed JSON.
[10:04:18 +2m 50s | thequantuminsider_2024_02_16_d_wave_announces_availability_of_1200_qubit_advantage2_proto_40b46d10] Extracting actors: https://thequantuminsider.com/2024/02/16/d-wave-announces-availability-of-1200-qubit-advantage2-prototype-in-the-leap-quantum-cloud-service (1/1), chunk 22/36
[10:04:25 +2m 57s | thequantuminsider_2024_02_16_d_wave_announces_availability_of_1200_qubit_advantage2_proto_40b46d10] Repaired malformed JSON.
[10:04:25 +2m 57s | thequantuminsider_2024_02_16_d_wave_announces_availability_of_1200_qubit_advantage2_proto_40b46d10] Extracting actors: https://thequantuminsider.com/2024/02/16/d-wave-announces-availability-of-1200-qubit-advantage2-prototype-in-the-leap-quantum-cloud-service (1/1), chunk 23/36
[10:04:36 +3m 8s | thequantuminsider_2024_02_16_d_wave_announces_availability_of_1200_qubit_advantage2_proto_40b46d10] Repaired malformed JSON.
[10:04:36 +3m 8s | thequantuminsider_2024_02_16_d_wave_announces_availability_of_1200_qubit_advantage2_proto_40b46d10] Extracting actors: https://thequantuminsider.com/2024/02/16/d-wave-announces-availability-of-1200-qubit-advantage2-prototype-in-the-leap-quantum-cloud-service (1/1), chunk 24/36
[10:04:42 +3m 14s | thequantuminsider_2024_02_16_d_wave_announces_availability_of_1200_qubit_advantage2_proto_40b46d10] Repaired malformed JSON.
[10:04:42 +3m 14s | thequantuminsider_2024_02_16_d_wave_announces_availability_of_1200_qubit_advantage2_proto_40b46d10] Extracting actors: https://thequantuminsider.com/2024/02/16/d-wave-announces-availability-of-1200-qubit-advantage2-prototype-in-the-leap-quantum-cloud-service (1/1), chunk 25/36
[10:04:48 +3m 20s | thequantuminsider_2024_02_16_d_wave_announces_availability_of_1200_qubit_advantage2_proto_40b46d10] Repaired malformed JSON.
[10:04:48 +3m 20s | thequantuminsider_2024_02_16_d_wave_announces_availability_of_1200_qubit_advantage2_proto_40b46d10] Extracting actors: https://thequantuminsider.com/2024/02/16/d-wave-announces-availability-of-1200-qubit-advantage2-prototype-in-the-leap-quantum-cloud-service (1/1), chunk 26/36
[10:04:53 +3m 25s | thequantuminsider_2024_02_16_d_wave_announces_availability_of_1200_qubit_advantage2_proto_40b46d10] Extracting actors: https://thequantuminsider.com/2024/02/16/d-wave-announces-availability-of-1200-qubit-advantage2-prototype-in-the-leap-quantum-cloud-service (1/1), chunk 27/36
[10:04:58 +3m 31s | thequantuminsider_2024_02_16_d_wave_announces_availability_of_1200_qubit_advantage2_proto_40b46d10] Extracting actors: https://thequantuminsider.com/2024/02/16/d-wave-announces-availability-of-1200-qubit-advantage2-prototype-in-the-leap-quantum-cloud-service (1/1), chunk 28/36
[10:05:07 +3m 39s | thequantuminsider_2024_02_16_d_wave_announces_availability_of_1200_qubit_advantage2_proto_40b46d10] Repaired malformed JSON.
[10:05:07 +3m 39s | thequantuminsider_2024_02_16_d_wave_announces_availability_of_1200_qubit_advantage2_proto_40b46d10] Extracting actors: https://thequantuminsider.com/2024/02/16/d-wave-announces-availability-of-1200-qubit-advantage2-prototype-in-the-leap-quantum-cloud-service (1/1), chunk 29/36
[10:05:13 +3m 46s | thequantuminsider_2024_02_16_d_wave_announces_availability_of_1200_qubit_advantage2_proto_40b46d10] Repaired malformed JSON.
[10:05:13 +3m 46s | thequantuminsider_2024_02_16_d_wave_announces_availability_of_1200_qubit_advantage2_proto_40b46d10] Extracting actors: https://thequantuminsider.com/2024/02/16/d-wave-announces-availability-of-1200-qubit-advantage2-prototype-in-the-leap-quantum-cloud-service (1/1), chunk 30/36
[10:05:22 +3m 54s | thequantuminsider_2024_02_16_d_wave_announces_availability_of_1200_qubit_advantage2_proto_40b46d10] Repaired malformed JSON.
[10:05:22 +3m 54s | thequantuminsider_2024_02_16_d_wave_announces_availability_of_1200_qubit_advantage2_proto_40b46d10] Extracting actors: https://thequantuminsider.com/2024/02/16/d-wave-announces-availability-of-1200-qubit-advantage2-prototype-in-the-leap-quantum-cloud-service (1/1), chunk 31/36
[10:05:28 +4m 1s | thequantuminsider_2024_02_16_d_wave_announces_availability_of_1200_qubit_advantage2_proto_40b46d10] Extracting actors: https://thequantuminsider.com/2024/02/16/d-wave-announces-availability-of-1200-qubit-advantage2-prototype-in-the-leap-quantum-cloud-service (1/1), chunk 32/36
[10:05:38 +4m 11s | thequantuminsider_2024_02_16_d_wave_announces_availability_of_1200_qubit_advantage2_proto_40b46d10] Repaired malformed JSON.
[10:05:38 +4m 11s | thequantuminsider_2024_02_16_d_wave_announces_availability_of_1200_qubit_advantage2_proto_40b46d10] Extracting actors: https://thequantuminsider.com/2024/02/16/d-wave-announces-availability-of-1200-qubit-advantage2-prototype-in-the-leap-quantum-cloud-service (1/1), chunk 33/36
[10:05:46 +4m 18s | thequantuminsider_2024_02_16_d_wave_announces_availability_of_1200_qubit_advantage2_proto_40b46d10] Repaired malformed JSON.
[10:05:46 +4m 18s | thequantuminsider_2024_02_16_d_wave_announces_availability_of_1200_qubit_advantage2_proto_40b46d10] Extracting actors: https://thequantuminsider.com/2024/02/16/d-wave-announces-availability-of-1200-qubit-advantage2-prototype-in-the-leap-quantum-cloud-service (1/1), chunk 34/36
[10:05:56 +4m 28s | thequantuminsider_2024_02_16_d_wave_announces_availability_of_1200_qubit_advantage2_proto_40b46d10] Repaired malformed JSON.
[10:05:56 +4m 28s | thequantuminsider_2024_02_16_d_wave_announces_availability_of_1200_qubit_advantage2_proto_40b46d10] Extracting actors: https://thequantuminsider.com/2024/02/16/d-wave-announces-availability-of-1200-qubit-advantage2-prototype-in-the-leap-quantum-cloud-service (1/1), chunk 35/36
[10:06:03 +4m 36s | thequantuminsider_2024_02_16_d_wave_announces_availability_of_1200_qubit_advantage2_proto_40b46d10] Repaired malformed JSON.
[10:06:03 +4m 36s | thequantuminsider_2024_02_16_d_wave_announces_availability_of_1200_qubit_advantage2_proto_40b46d10] Extracting actors: https://thequantuminsider.com/2024/02/16/d-wave-announces-availability-of-1200-qubit-advantage2-prototype-in-the-leap-quantum-cloud-service (1/1), chunk 36/36
[10:06:08 +4m 40s | thequantuminsider_2024_02_16_d_wave_announces_availability_of_1200_qubit_advantage2_proto_40b46d10] Saved 1_actor_results.json with 58 extracted records

[10:06:08 +4m 41s | thequantuminsider_2024_02_16_d_wave_announces_availability_of_1200_qubit_advantage2_proto_40b46d10] === 2 clean actors ===
[10:06:09 +4m 41s | thequantuminsider_2024_02_16_d_wave_announces_availability_of_1200_qubit_advantage2_proto_40b46d10] Loaded 58 extracted records
[10:06:09 +4m 41s | thequantuminsider_2024_02_16_d_wave_announces_availability_of_1200_qubit_advantage2_proto_40b46d10] Saved 2_actor_nodes.json with 18 canonical actor nodes

[10:06:09 +4m 41s | thequantuminsider_2024_02_16_d_wave_announces_availability_of_1200_qubit_advantage2_proto_40b46d10] === 3 interaction extraction ===
[10:06:09 +4m 41s | thequantuminsider_2024_02_16_d_wave_announces_availability_of_1200_qubit_advantage2_proto_40b46d10] Extracting interactions: https://thequantuminsider.com/2024/02/16/d-wave-announces-availability-of-1200-qubit-advantage2-prototype-in-the-leap-quantum-cloud-service (1/1), chunk 11/36
[10:06:14 +4m 46s | thequantuminsider_2024_02_16_d_wave_announces_availability_of_1200_qubit_advantage2_proto_40b46d10] Extracting interactions: https://thequantuminsider.com/2024/02/16/d-wave-announces-availability-of-1200-qubit-advantage2-prototype-in-the-leap-quantum-cloud-service (1/1), chunk 12/36
[10:06:25 +4m 57s | thequantuminsider_2024_02_16_d_wave_announces_availability_of_1200_qubit_advantage2_proto_40b46d10] Extracting interactions: https://thequantuminsider.com/2024/02/16/d-wave-announces-availability-of-1200-qubit-advantage2-prototype-in-the-leap-quantum-cloud-service (1/1), chunk 13/36
[10:06:31 +5m 3s | thequantuminsider_2024_02_16_d_wave_announces_availability_of_1200_qubit_advantage2_proto_40b46d10] Extracting interactions: https://thequantuminsider.com/2024/02/16/d-wave-announces-availability-of-1200-qubit-advantage2-prototype-in-the-leap-quantum-cloud-service (1/1), chunk 14/36
[10:06:38 +5m 10s | thequantuminsider_2024_02_16_d_wave_announces_availability_of_1200_qubit_advantage2_proto_40b46d10] Extracting interactions: https://thequantuminsider.com/2024/02/16/d-wave-announces-availability-of-1200-qubit-advantage2-prototype-in-the-leap-quantum-cloud-service (1/1), chunk 15/36
[10:06:43 +5m 15s | thequantuminsider_2024_02_16_d_wave_announces_availability_of_1200_qubit_advantage2_proto_40b46d10] Extracting interactions: https://thequantuminsider.com/2024/02/16/d-wave-announces-availability-of-1200-qubit-advantage2-prototype-in-the-leap-quantum-cloud-service (1/1), chunk 16/36
[10:06:48 +5m 20s | thequantuminsider_2024_02_16_d_wave_announces_availability_of_1200_qubit_advantage2_proto_40b46d10] Extracting interactions: https://thequantuminsider.com/2024/02/16/d-wave-announces-availability-of-1200-qubit-advantage2-prototype-in-the-leap-quantum-cloud-service (1/1), chunk 17/36
[10:06:54 +5m 27s | thequantuminsider_2024_02_16_d_wave_announces_availability_of_1200_qubit_advantage2_proto_40b46d10] Extracting interactions: https://thequantuminsider.com/2024/02/16/d-wave-announces-availability-of-1200-qubit-advantage2-prototype-in-the-leap-quantum-cloud-service (1/1), chunk 18/36
[10:07:00 +5m 32s | thequantuminsider_2024_02_16_d_wave_announces_availability_of_1200_qubit_advantage2_proto_40b46d10] Extracting interactions: https://thequantuminsider.com/2024/02/16/d-wave-announces-availability-of-1200-qubit-advantage2-prototype-in-the-leap-quantum-cloud-service (1/1), chunk 19/36
[10:07:08 +5m 40s | thequantuminsider_2024_02_16_d_wave_announces_availability_of_1200_qubit_advantage2_proto_40b46d10] Extracting interactions: https://thequantuminsider.com/2024/02/16/d-wave-announces-availability-of-1200-qubit-advantage2-prototype-in-the-leap-quantum-cloud-service (1/1), chunk 20/36
[10:07:18 +5m 51s | thequantuminsider_2024_02_16_d_wave_announces_availability_of_1200_qubit_advantage2_proto_40b46d10] Extracting interactions: https://thequantuminsider.com/2024/02/16/d-wave-announces-availability-of-1200-qubit-advantage2-prototype-in-the-leap-quantum-cloud-service (1/1), chunk 21/36
[10:07:27 +5m 59s | thequantuminsider_2024_02_16_d_wave_announces_availability_of_1200_qubit_advantage2_proto_40b46d10] Extracting interactions: https://thequantuminsider.com/2024/02/16/d-wave-announces-availability-of-1200-qubit-advantage2-prototype-in-the-leap-quantum-cloud-service (1/1), chunk 22/36
[10:07:34 +6m 7s | thequantuminsider_2024_02_16_d_wave_announces_availability_of_1200_qubit_advantage2_proto_40b46d10] Extracting interactions: https://thequantuminsider.com/2024/02/16/d-wave-announces-availability-of-1200-qubit-advantage2-prototype-in-the-leap-quantum-cloud-service (1/1), chunk 24/36
[10:07:36 +6m 8s | thequantuminsider_2024_02_16_d_wave_announces_availability_of_1200_qubit_advantage2_proto_40b46d10] Extracting interactions: https://thequantuminsider.com/2024/02/16/d-wave-announces-availability-of-1200-qubit-advantage2-prototype-in-the-leap-quantum-cloud-service (1/1), chunk 25/36
[10:07:44 +6m 16s | thequantuminsider_2024_02_16_d_wave_announces_availability_of_1200_qubit_advantage2_proto_40b46d10] Extracting interactions: https://thequantuminsider.com/2024/02/16/d-wave-announces-availability-of-1200-qubit-advantage2-prototype-in-the-leap-quantum-cloud-service (1/1), chunk 26/36
[10:07:48 +6m 20s | thequantuminsider_2024_02_16_d_wave_announces_availability_of_1200_qubit_advantage2_proto_40b46d10] Extracting interactions: https://thequantuminsider.com/2024/02/16/d-wave-announces-availability-of-1200-qubit-advantage2-prototype-in-the-leap-quantum-cloud-service (1/1), chunk 27/36
[10:07:50 +6m 22s | thequantuminsider_2024_02_16_d_wave_announces_availability_of_1200_qubit_advantage2_proto_40b46d10] Extracting interactions: https://thequantuminsider.com/2024/02/16/d-wave-announces-availability-of-1200-qubit-advantage2-prototype-in-the-leap-quantum-cloud-service (1/1), chunk 29/36
[10:07:51 +6m 24s | thequantuminsider_2024_02_16_d_wave_announces_availability_of_1200_qubit_advantage2_proto_40b46d10] Extracting interactions: https://thequantuminsider.com/2024/02/16/d-wave-announces-availability-of-1200-qubit-advantage2-prototype-in-the-leap-quantum-cloud-service (1/1), chunk 30/36
[10:07:53 +6m 26s | thequantuminsider_2024_02_16_d_wave_announces_availability_of_1200_qubit_advantage2_proto_40b46d10] Extracting interactions: https://thequantuminsider.com/2024/02/16/d-wave-announces-availability-of-1200-qubit-advantage2-prototype-in-the-leap-quantum-cloud-service (1/1), chunk 31/36
[10:07:56 +6m 28s | thequantuminsider_2024_02_16_d_wave_announces_availability_of_1200_qubit_advantage2_proto_40b46d10] Extracting interactions: https://thequantuminsider.com/2024/02/16/d-wave-announces-availability-of-1200-qubit-advantage2-prototype-in-the-leap-quantum-cloud-service (1/1), chunk 32/36
[10:07:59 +6m 31s | thequantuminsider_2024_02_16_d_wave_announces_availability_of_1200_qubit_advantage2_proto_40b46d10] Extracting interactions: https://thequantuminsider.com/2024/02/16/d-wave-announces-availability-of-1200-qubit-advantage2-prototype-in-the-leap-quantum-cloud-service (1/1), chunk 34/36
[10:08:00 +6m 33s | thequantuminsider_2024_02_16_d_wave_announces_availability_of_1200_qubit_advantage2_proto_40b46d10] Extracting interactions: https://thequantuminsider.com/2024/02/16/d-wave-announces-availability-of-1200-qubit-advantage2-prototype-in-the-leap-quantum-cloud-service (1/1), chunk 35/36
[10:08:02 +6m 35s | thequantuminsider_2024_02_16_d_wave_announces_availability_of_1200_qubit_advantage2_proto_40b46d10] Saved 3_interaction_results.json with 18 extracted interactions.

[10:08:02 +6m 35s | thequantuminsider_2024_02_16_d_wave_announces_availability_of_1200_qubit_advantage2_proto_40b46d10] === 4 clean interactions ===
[10:08:03 +6m 35s | thequantuminsider_2024_02_16_d_wave_announces_availability_of_1200_qubit_advantage2_proto_40b46d10] Saved 4_edges.json with 3 cleaned interactions.

[10:08:03 +6m 35s | thequantuminsider_2024_02_16_d_wave_announces_availability_of_1200_qubit_advantage2_proto_40b46d10] === 5 helix enrichment ===
[10:08:03 +6m 35s | thequantuminsider_2024_02_16_d_wave_announces_availability_of_1200_qubit_advantage2_proto_40b46d10] Wrote 5_nodes.json (18 actors)
[10:08:03 +6m 35s | thequantuminsider_2024_02_16_d_wave_announces_availability_of_1200_qubit_advantage2_proto_40b46d10] Wrote 5_edges.json (3 interactions)
[10:08:03 +6m 35s | thequantuminsider_2024_02_16_d_wave_announces_availability_of_1200_qubit_advantage2_proto_40b46d10] Actor helix counts: {'Academia': 2, 'Civil Society': 3, 'Industry': 6, 'Intermediary': 1, 'Unknown': 6}
[10:08:03 +6m 35s | thequantuminsider_2024_02_16_d_wave_announces_availability_of_1200_qubit_advantage2_proto_40b46d10] Functional-space counts: {'Intra-helix / Not classified': 3}

[10:08:03 +6m 35s | thequantuminsider_2024_02_16_d_wave_announces_availability_of_1200_qubit_advantage2_proto_40b46d10] === 6 network visualisation ===
[10:08:03 +6m 36s | thequantuminsider_2024_02_16_d_wave_announces_availability_of_1200_qubit_advantage2_proto_40b46d10] Wrote quantum_network.html
[10:08:03 +6m 36s | thequantuminsider_2024_02_16_d_wave_announces_availability_of_1200_qubit_advantage2_proto_40b46d10] Nodes: 18
[10:08:03 +6m 36s | thequantuminsider_2024_02_16_d_wave_announces_availability_of_1200_qubit_advantage2_proto_40b46d10] Edges: 1

[10:08:03 +6m 36s | thequantuminsider_2024_02_16_d_wave_announces_availability_of_1200_qubit_advantage2_proto_40b46d10] Done. Outputs written to: /home/lv/IDP/idpdeeptech/pipeline/news_outputs/thequantuminsider_2024_02_16_d_wave_announces_availability_of_1200_qubit_advantage2_proto_40b46d10
[10:08:03 +6m 36s | thequantuminsider_2024_02_16_d_wave_announces_availability_of_1200_qubit_advantage2_proto_40b46d10] Log: /home/lv/IDP/idpdeeptech/pipeline/news_outputs/thequantuminsider_2024_02_16_d_wave_announces_availability_of_1200_qubit_advantage2_proto_40b46d10/run.log

========================================================================
RUN FINISHED 2026-07-02 10:08:03  (OK)
Started:     2026-07-02 10:01:28
Elapsed:     6m 36s
========================================================================
