
========================================================================
RUN STARTED  2026-07-02 11:04:49
site_pipeline.py https://thequantuminsider.com/2024/02/05/a-physical-qubit-with-built-in-error-correction/
========================================================================

[11:04:49 +0s | thequantuminsider_2024_02_05_a_physical_qubit_with_built_in_error_correction] === 0 crawl site ===
[11:04:50 +1s | thequantuminsider_2024_02_05_a_physical_qubit_with_built_in_error_correction] [INIT].... → Crawl4AI 0.8.6 
[11:04:52 +4s | thequantuminsider_2024_02_05_a_physical_qubit_with_built_in_error_correction] [FETCH]... ↓ https://thequantuminsider.com/2024/02/05/a-physical-qubit-with-built-in-error-correction/            | ✓ | ⏱: 2.30s 
[11:04:52 +4s | thequantuminsider_2024_02_05_a_physical_qubit_with_built_in_error_correction] [SCRAPE].. ◆ https://thequantuminsider.com/2024/02/05/a-physical-qubit-with-built-in-error-correction/            | ✓ | ⏱: 0.12s 
[11:04:52 +4s | thequantuminsider_2024_02_05_a_physical_qubit_with_built_in_error_correction] [COMPLETE] ● https://thequantuminsider.com/2024/02/05/a-physical-qubit-with-built-in-error-correction/            | ✓ | ⏱: 2.44s 
[11:04:52 +4s | thequantuminsider_2024_02_05_a_physical_qubit_with_built_in_error_correction] Saved: crawl_output/ea0d051fbb_thequantuminsider.com_2024_02_05_a-physical-qubit-with-built-in-error-correction.json

[11:04:53 +4s | thequantuminsider_2024_02_05_a_physical_qubit_with_built_in_error_correction] === 1 actor extraction ===
[11:04:53 +4s | thequantuminsider_2024_02_05_a_physical_qubit_with_built_in_error_correction] Reading page (1/1): https://thequantuminsider.com/2024/02/05/a-physical-qubit-with-built-in-error-correction
[11:04:53 +4s | thequantuminsider_2024_02_05_a_physical_qubit_with_built_in_error_correction] Extracting actors: https://thequantuminsider.com/2024/02/05/a-physical-qubit-with-built-in-error-correction (1/1), chunk 1/37
[11:04:59 +10s | thequantuminsider_2024_02_05_a_physical_qubit_with_built_in_error_correction] Extracting actors: https://thequantuminsider.com/2024/02/05/a-physical-qubit-with-built-in-error-correction (1/1), chunk 2/37
[11:05:04 +16s | thequantuminsider_2024_02_05_a_physical_qubit_with_built_in_error_correction] Extracting actors: https://thequantuminsider.com/2024/02/05/a-physical-qubit-with-built-in-error-correction (1/1), chunk 3/37
[11:05:09 +21s | thequantuminsider_2024_02_05_a_physical_qubit_with_built_in_error_correction] Extracting actors: https://thequantuminsider.com/2024/02/05/a-physical-qubit-with-built-in-error-correction (1/1), chunk 4/37
[11:05:14 +25s | thequantuminsider_2024_02_05_a_physical_qubit_with_built_in_error_correction] Extracting actors: https://thequantuminsider.com/2024/02/05/a-physical-qubit-with-built-in-error-correction (1/1), chunk 5/37
[11:05:20 +31s | thequantuminsider_2024_02_05_a_physical_qubit_with_built_in_error_correction] Extracting actors: https://thequantuminsider.com/2024/02/05/a-physical-qubit-with-built-in-error-correction (1/1), chunk 6/37
[11:05:24 +35s | thequantuminsider_2024_02_05_a_physical_qubit_with_built_in_error_correction] Extracting actors: https://thequantuminsider.com/2024/02/05/a-physical-qubit-with-built-in-error-correction (1/1), chunk 7/37
[11:05:26 +37s | thequantuminsider_2024_02_05_a_physical_qubit_with_built_in_error_correction] Extracting actors: https://thequantuminsider.com/2024/02/05/a-physical-qubit-with-built-in-error-correction (1/1), chunk 8/37
[11:05:32 +43s | thequantuminsider_2024_02_05_a_physical_qubit_with_built_in_error_correction] Extracting actors: https://thequantuminsider.com/2024/02/05/a-physical-qubit-with-built-in-error-correction (1/1), chunk 9/37
[11:05:36 +47s | thequantuminsider_2024_02_05_a_physical_qubit_with_built_in_error_correction] Extracting actors: https://thequantuminsider.com/2024/02/05/a-physical-qubit-with-built-in-error-correction (1/1), chunk 10/37
[11:05:39 +51s | thequantuminsider_2024_02_05_a_physical_qubit_with_built_in_error_correction] Extracting actors: https://thequantuminsider.com/2024/02/05/a-physical-qubit-with-built-in-error-correction (1/1), chunk 11/37
[11:05:45 +56s | thequantuminsider_2024_02_05_a_physical_qubit_with_built_in_error_correction] Repaired malformed JSON.
[11:05:45 +56s | thequantuminsider_2024_02_05_a_physical_qubit_with_built_in_error_correction] Extracting actors: https://thequantuminsider.com/2024/02/05/a-physical-qubit-with-built-in-error-correction (1/1), chunk 12/37
[11:05:52 +1m 3s | thequantuminsider_2024_02_05_a_physical_qubit_with_built_in_error_correction] Repaired malformed JSON.
[11:05:52 +1m 3s | thequantuminsider_2024_02_05_a_physical_qubit_with_built_in_error_correction] Extracting actors: https://thequantuminsider.com/2024/02/05/a-physical-qubit-with-built-in-error-correction (1/1), chunk 13/37
[11:05:57 +1m 9s | thequantuminsider_2024_02_05_a_physical_qubit_with_built_in_error_correction] Repaired malformed JSON.
[11:05:57 +1m 9s | thequantuminsider_2024_02_05_a_physical_qubit_with_built_in_error_correction] Extracting actors: https://thequantuminsider.com/2024/02/05/a-physical-qubit-with-built-in-error-correction (1/1), chunk 14/37
[11:06:05 +1m 16s | thequantuminsider_2024_02_05_a_physical_qubit_with_built_in_error_correction] Repaired malformed JSON.
[11:06:05 +1m 16s | thequantuminsider_2024_02_05_a_physical_qubit_with_built_in_error_correction] Extracting actors: https://thequantuminsider.com/2024/02/05/a-physical-qubit-with-built-in-error-correction (1/1), chunk 15/37
[11:06:13 +1m 24s | thequantuminsider_2024_02_05_a_physical_qubit_with_built_in_error_correction] Repaired malformed JSON.
[11:06:13 +1m 24s | thequantuminsider_2024_02_05_a_physical_qubit_with_built_in_error_correction] Extracting actors: https://thequantuminsider.com/2024/02/05/a-physical-qubit-with-built-in-error-correction (1/1), chunk 16/37
[11:06:20 +1m 31s | thequantuminsider_2024_02_05_a_physical_qubit_with_built_in_error_correction] Repaired malformed JSON.
[11:06:20 +1m 31s | thequantuminsider_2024_02_05_a_physical_qubit_with_built_in_error_correction] Extracting actors: https://thequantuminsider.com/2024/02/05/a-physical-qubit-with-built-in-error-correction (1/1), chunk 17/37
[11:06:26 +1m 37s | thequantuminsider_2024_02_05_a_physical_qubit_with_built_in_error_correction] Repaired malformed JSON.
[11:06:26 +1m 37s | thequantuminsider_2024_02_05_a_physical_qubit_with_built_in_error_correction] Extracting actors: https://thequantuminsider.com/2024/02/05/a-physical-qubit-with-built-in-error-correction (1/1), chunk 18/37
[11:06:33 +1m 45s | thequantuminsider_2024_02_05_a_physical_qubit_with_built_in_error_correction] Repaired malformed JSON.
[11:06:33 +1m 45s | thequantuminsider_2024_02_05_a_physical_qubit_with_built_in_error_correction] Extracting actors: https://thequantuminsider.com/2024/02/05/a-physical-qubit-with-built-in-error-correction (1/1), chunk 19/37
[11:06:39 +1m 50s | thequantuminsider_2024_02_05_a_physical_qubit_with_built_in_error_correction] Repaired malformed JSON.
[11:06:39 +1m 50s | thequantuminsider_2024_02_05_a_physical_qubit_with_built_in_error_correction] Extracting actors: https://thequantuminsider.com/2024/02/05/a-physical-qubit-with-built-in-error-correction (1/1), chunk 20/37
[11:06:44 +1m 56s | thequantuminsider_2024_02_05_a_physical_qubit_with_built_in_error_correction] Repaired malformed JSON.
[11:06:44 +1m 56s | thequantuminsider_2024_02_05_a_physical_qubit_with_built_in_error_correction] Extracting actors: https://thequantuminsider.com/2024/02/05/a-physical-qubit-with-built-in-error-correction (1/1), chunk 21/37
[11:06:50 +2m 1s | thequantuminsider_2024_02_05_a_physical_qubit_with_built_in_error_correction] Repaired malformed JSON.
[11:06:50 +2m 1s | thequantuminsider_2024_02_05_a_physical_qubit_with_built_in_error_correction] Extracting actors: https://thequantuminsider.com/2024/02/05/a-physical-qubit-with-built-in-error-correction (1/1), chunk 22/37
[11:06:57 +2m 9s | thequantuminsider_2024_02_05_a_physical_qubit_with_built_in_error_correction] Repaired malformed JSON.
[11:06:57 +2m 9s | thequantuminsider_2024_02_05_a_physical_qubit_with_built_in_error_correction] Extracting actors: https://thequantuminsider.com/2024/02/05/a-physical-qubit-with-built-in-error-correction (1/1), chunk 23/37
[11:07:03 +2m 15s | thequantuminsider_2024_02_05_a_physical_qubit_with_built_in_error_correction] Repaired malformed JSON.
[11:07:03 +2m 15s | thequantuminsider_2024_02_05_a_physical_qubit_with_built_in_error_correction] Extracting actors: https://thequantuminsider.com/2024/02/05/a-physical-qubit-with-built-in-error-correction (1/1), chunk 24/37
[11:07:09 +2m 20s | thequantuminsider_2024_02_05_a_physical_qubit_with_built_in_error_correction] Repaired malformed JSON.
[11:07:09 +2m 20s | thequantuminsider_2024_02_05_a_physical_qubit_with_built_in_error_correction] Extracting actors: https://thequantuminsider.com/2024/02/05/a-physical-qubit-with-built-in-error-correction (1/1), chunk 25/37
[11:07:16 +2m 27s | thequantuminsider_2024_02_05_a_physical_qubit_with_built_in_error_correction] Repaired malformed JSON.
[11:07:16 +2m 27s | thequantuminsider_2024_02_05_a_physical_qubit_with_built_in_error_correction] Extracting actors: https://thequantuminsider.com/2024/02/05/a-physical-qubit-with-built-in-error-correction (1/1), chunk 26/37
[11:07:24 +2m 35s | thequantuminsider_2024_02_05_a_physical_qubit_with_built_in_error_correction] Repaired malformed JSON.
[11:07:24 +2m 35s | thequantuminsider_2024_02_05_a_physical_qubit_with_built_in_error_correction] Extracting actors: https://thequantuminsider.com/2024/02/05/a-physical-qubit-with-built-in-error-correction (1/1), chunk 27/37
[11:07:28 +2m 39s | thequantuminsider_2024_02_05_a_physical_qubit_with_built_in_error_correction] Extracting actors: https://thequantuminsider.com/2024/02/05/a-physical-qubit-with-built-in-error-correction (1/1), chunk 28/37
[11:07:32 +2m 43s | thequantuminsider_2024_02_05_a_physical_qubit_with_built_in_error_correction] Extracting actors: https://thequantuminsider.com/2024/02/05/a-physical-qubit-with-built-in-error-correction (1/1), chunk 29/37
[11:07:39 +2m 50s | thequantuminsider_2024_02_05_a_physical_qubit_with_built_in_error_correction] Repaired malformed JSON.
[11:07:39 +2m 50s | thequantuminsider_2024_02_05_a_physical_qubit_with_built_in_error_correction] Extracting actors: https://thequantuminsider.com/2024/02/05/a-physical-qubit-with-built-in-error-correction (1/1), chunk 30/37
[11:07:46 +2m 57s | thequantuminsider_2024_02_05_a_physical_qubit_with_built_in_error_correction] Repaired malformed JSON.
[11:07:46 +2m 57s | thequantuminsider_2024_02_05_a_physical_qubit_with_built_in_error_correction] Extracting actors: https://thequantuminsider.com/2024/02/05/a-physical-qubit-with-built-in-error-correction (1/1), chunk 31/37
[11:07:53 +3m 4s | thequantuminsider_2024_02_05_a_physical_qubit_with_built_in_error_correction] Repaired malformed JSON.
[11:07:53 +3m 4s | thequantuminsider_2024_02_05_a_physical_qubit_with_built_in_error_correction] Extracting actors: https://thequantuminsider.com/2024/02/05/a-physical-qubit-with-built-in-error-correction (1/1), chunk 32/37
[11:07:59 +3m 11s | thequantuminsider_2024_02_05_a_physical_qubit_with_built_in_error_correction] Repaired malformed JSON.
[11:07:59 +3m 11s | thequantuminsider_2024_02_05_a_physical_qubit_with_built_in_error_correction] Extracting actors: https://thequantuminsider.com/2024/02/05/a-physical-qubit-with-built-in-error-correction (1/1), chunk 33/37
[11:08:08 +3m 19s | thequantuminsider_2024_02_05_a_physical_qubit_with_built_in_error_correction] Repaired malformed JSON.
[11:08:08 +3m 19s | thequantuminsider_2024_02_05_a_physical_qubit_with_built_in_error_correction] Extracting actors: https://thequantuminsider.com/2024/02/05/a-physical-qubit-with-built-in-error-correction (1/1), chunk 34/37
[11:08:14 +3m 26s | thequantuminsider_2024_02_05_a_physical_qubit_with_built_in_error_correction] Repaired malformed JSON.
[11:08:14 +3m 26s | thequantuminsider_2024_02_05_a_physical_qubit_with_built_in_error_correction] Extracting actors: https://thequantuminsider.com/2024/02/05/a-physical-qubit-with-built-in-error-correction (1/1), chunk 35/37
[11:08:22 +3m 33s | thequantuminsider_2024_02_05_a_physical_qubit_with_built_in_error_correction] Repaired malformed JSON.
[11:08:22 +3m 33s | thequantuminsider_2024_02_05_a_physical_qubit_with_built_in_error_correction] Extracting actors: https://thequantuminsider.com/2024/02/05/a-physical-qubit-with-built-in-error-correction (1/1), chunk 36/37
[11:08:29 +3m 40s | thequantuminsider_2024_02_05_a_physical_qubit_with_built_in_error_correction] Repaired malformed JSON.
[11:08:29 +3m 40s | thequantuminsider_2024_02_05_a_physical_qubit_with_built_in_error_correction] Extracting actors: https://thequantuminsider.com/2024/02/05/a-physical-qubit-with-built-in-error-correction (1/1), chunk 37/37
[11:08:37 +3m 49s | thequantuminsider_2024_02_05_a_physical_qubit_with_built_in_error_correction] Repaired malformed JSON.
[11:08:37 +3m 49s | thequantuminsider_2024_02_05_a_physical_qubit_with_built_in_error_correction] Saved 1_actor_results.json with 56 extracted records

[11:08:37 +3m 49s | thequantuminsider_2024_02_05_a_physical_qubit_with_built_in_error_correction] === 2 clean actors ===
[11:08:37 +3m 49s | thequantuminsider_2024_02_05_a_physical_qubit_with_built_in_error_correction] Loaded 56 extracted records
[11:08:37 +3m 49s | thequantuminsider_2024_02_05_a_physical_qubit_with_built_in_error_correction] Saved 2_actor_nodes.json with 18 canonical actor nodes

[11:08:37 +3m 49s | thequantuminsider_2024_02_05_a_physical_qubit_with_built_in_error_correction] === 3 interaction extraction ===
[11:08:38 +3m 49s | thequantuminsider_2024_02_05_a_physical_qubit_with_built_in_error_correction] Extracting interactions: https://thequantuminsider.com/2024/02/05/a-physical-qubit-with-built-in-error-correction (1/1), chunk 11/37
[11:08:45 +3m 56s | thequantuminsider_2024_02_05_a_physical_qubit_with_built_in_error_correction] Extracting interactions: https://thequantuminsider.com/2024/02/05/a-physical-qubit-with-built-in-error-correction (1/1), chunk 12/37
[11:08:52 +4m 4s | thequantuminsider_2024_02_05_a_physical_qubit_with_built_in_error_correction] Extracting interactions: https://thequantuminsider.com/2024/02/05/a-physical-qubit-with-built-in-error-correction (1/1), chunk 13/37
[11:09:02 +4m 14s | thequantuminsider_2024_02_05_a_physical_qubit_with_built_in_error_correction] Extracting interactions: https://thequantuminsider.com/2024/02/05/a-physical-qubit-with-built-in-error-correction (1/1), chunk 14/37
[11:09:10 +4m 22s | thequantuminsider_2024_02_05_a_physical_qubit_with_built_in_error_correction] Extracting interactions: https://thequantuminsider.com/2024/02/05/a-physical-qubit-with-built-in-error-correction (1/1), chunk 15/37
[11:09:18 +4m 30s | thequantuminsider_2024_02_05_a_physical_qubit_with_built_in_error_correction] Extracting interactions: https://thequantuminsider.com/2024/02/05/a-physical-qubit-with-built-in-error-correction (1/1), chunk 16/37
[11:09:23 +4m 34s | thequantuminsider_2024_02_05_a_physical_qubit_with_built_in_error_correction] Extracting interactions: https://thequantuminsider.com/2024/02/05/a-physical-qubit-with-built-in-error-correction (1/1), chunk 17/37
[11:09:28 +4m 40s | thequantuminsider_2024_02_05_a_physical_qubit_with_built_in_error_correction] Extracting interactions: https://thequantuminsider.com/2024/02/05/a-physical-qubit-with-built-in-error-correction (1/1), chunk 18/37
[11:09:32 +4m 43s | thequantuminsider_2024_02_05_a_physical_qubit_with_built_in_error_correction] Extracting interactions: https://thequantuminsider.com/2024/02/05/a-physical-qubit-with-built-in-error-correction (1/1), chunk 19/37
[11:09:36 +4m 47s | thequantuminsider_2024_02_05_a_physical_qubit_with_built_in_error_correction] Extracting interactions: https://thequantuminsider.com/2024/02/05/a-physical-qubit-with-built-in-error-correction (1/1), chunk 20/37
[11:09:40 +4m 51s | thequantuminsider_2024_02_05_a_physical_qubit_with_built_in_error_correction] Extracting interactions: https://thequantuminsider.com/2024/02/05/a-physical-qubit-with-built-in-error-correction (1/1), chunk 21/37
[11:09:49 +5m 1s | thequantuminsider_2024_02_05_a_physical_qubit_with_built_in_error_correction] Extracting interactions: https://thequantuminsider.com/2024/02/05/a-physical-qubit-with-built-in-error-correction (1/1), chunk 22/37
[11:09:53 +5m 4s | thequantuminsider_2024_02_05_a_physical_qubit_with_built_in_error_correction] Extracting interactions: https://thequantuminsider.com/2024/02/05/a-physical-qubit-with-built-in-error-correction (1/1), chunk 23/37
[11:09:58 +5m 9s | thequantuminsider_2024_02_05_a_physical_qubit_with_built_in_error_correction] Extracting interactions: https://thequantuminsider.com/2024/02/05/a-physical-qubit-with-built-in-error-correction (1/1), chunk 24/37
[11:10:00 +5m 11s | thequantuminsider_2024_02_05_a_physical_qubit_with_built_in_error_correction] Extracting interactions: https://thequantuminsider.com/2024/02/05/a-physical-qubit-with-built-in-error-correction (1/1), chunk 26/37
[11:10:04 +5m 16s | thequantuminsider_2024_02_05_a_physical_qubit_with_built_in_error_correction] Extracting interactions: https://thequantuminsider.com/2024/02/05/a-physical-qubit-with-built-in-error-correction (1/1), chunk 27/37
[11:10:08 +5m 20s | thequantuminsider_2024_02_05_a_physical_qubit_with_built_in_error_correction] Extracting interactions: https://thequantuminsider.com/2024/02/05/a-physical-qubit-with-built-in-error-correction (1/1), chunk 28/37
[11:10:10 +5m 21s | thequantuminsider_2024_02_05_a_physical_qubit_with_built_in_error_correction] Extracting interactions: https://thequantuminsider.com/2024/02/05/a-physical-qubit-with-built-in-error-correction (1/1), chunk 29/37
[11:10:13 +5m 24s | thequantuminsider_2024_02_05_a_physical_qubit_with_built_in_error_correction] Extracting interactions: https://thequantuminsider.com/2024/02/05/a-physical-qubit-with-built-in-error-correction (1/1), chunk 30/37
[11:10:14 +5m 26s | thequantuminsider_2024_02_05_a_physical_qubit_with_built_in_error_correction] Extracting interactions: https://thequantuminsider.com/2024/02/05/a-physical-qubit-with-built-in-error-correction (1/1), chunk 31/37
[11:10:16 +5m 27s | thequantuminsider_2024_02_05_a_physical_qubit_with_built_in_error_correction] Extracting interactions: https://thequantuminsider.com/2024/02/05/a-physical-qubit-with-built-in-error-correction (1/1), chunk 32/37
[11:10:17 +5m 29s | thequantuminsider_2024_02_05_a_physical_qubit_with_built_in_error_correction] Extracting interactions: https://thequantuminsider.com/2024/02/05/a-physical-qubit-with-built-in-error-correction (1/1), chunk 33/37
[11:10:19 +5m 30s | thequantuminsider_2024_02_05_a_physical_qubit_with_built_in_error_correction] Extracting interactions: https://thequantuminsider.com/2024/02/05/a-physical-qubit-with-built-in-error-correction (1/1), chunk 35/37
[11:10:20 +5m 32s | thequantuminsider_2024_02_05_a_physical_qubit_with_built_in_error_correction] Extracting interactions: https://thequantuminsider.com/2024/02/05/a-physical-qubit-with-built-in-error-correction (1/1), chunk 36/37
[11:10:22 +5m 33s | thequantuminsider_2024_02_05_a_physical_qubit_with_built_in_error_correction] Extracting interactions: https://thequantuminsider.com/2024/02/05/a-physical-qubit-with-built-in-error-correction (1/1), chunk 37/37
[11:10:24 +5m 35s | thequantuminsider_2024_02_05_a_physical_qubit_with_built_in_error_correction] Saved 3_interaction_results.json with 16 extracted interactions.

[11:10:24 +5m 36s | thequantuminsider_2024_02_05_a_physical_qubit_with_built_in_error_correction] === 4 clean interactions ===
[11:10:24 +5m 36s | thequantuminsider_2024_02_05_a_physical_qubit_with_built_in_error_correction] Saved 4_edges.json with 5 cleaned interactions.

[11:10:24 +5m 36s | thequantuminsider_2024_02_05_a_physical_qubit_with_built_in_error_correction] === 5 helix enrichment ===
[11:10:24 +5m 36s | thequantuminsider_2024_02_05_a_physical_qubit_with_built_in_error_correction] Wrote 5_nodes.json (18 actors)
[11:10:24 +5m 36s | thequantuminsider_2024_02_05_a_physical_qubit_with_built_in_error_correction] Wrote 5_edges.json (5 interactions)
[11:10:24 +5m 36s | thequantuminsider_2024_02_05_a_physical_qubit_with_built_in_error_correction] Actor helix counts: {'Academia': 5, 'Civil Society': 2, 'Government': 1, 'Industry': 5, 'Unknown': 5}
[11:10:24 +5m 36s | thequantuminsider_2024_02_05_a_physical_qubit_with_built_in_error_correction] Functional-space counts: {'Intra-helix / Not classified': 5}

[11:10:24 +5m 36s | thequantuminsider_2024_02_05_a_physical_qubit_with_built_in_error_correction] === 6 network visualisation ===
[11:10:25 +5m 36s | thequantuminsider_2024_02_05_a_physical_qubit_with_built_in_error_correction] Wrote quantum_network.html
[11:10:25 +5m 36s | thequantuminsider_2024_02_05_a_physical_qubit_with_built_in_error_correction] Nodes: 18
[11:10:25 +5m 36s | thequantuminsider_2024_02_05_a_physical_qubit_with_built_in_error_correction] Edges: 2

[11:10:25 +5m 36s | thequantuminsider_2024_02_05_a_physical_qubit_with_built_in_error_correction] Done. Outputs written to: /home/lv/IDP/idpdeeptech/pipeline/news_outputs/thequantuminsider_2024_02_05_a_physical_qubit_with_built_in_error_correction
[11:10:25 +5m 36s | thequantuminsider_2024_02_05_a_physical_qubit_with_built_in_error_correction] Log: /home/lv/IDP/idpdeeptech/pipeline/news_outputs/thequantuminsider_2024_02_05_a_physical_qubit_with_built_in_error_correction/run.log

========================================================================
RUN FINISHED 2026-07-02 11:10:25  (OK)
Started:     2026-07-02 11:04:49
Elapsed:     5m 36s
========================================================================
