
========================================================================
RUN STARTED  2026-07-02 04:18:52
site_pipeline.py https://thequantuminsider.com/2023/08/11/ionq-beats-projected-revenue-sees-64-qubit-system-in-2025/
========================================================================

[04:18:52 +0s | thequantuminsider_2023_08_11_ionq_beats_projected_revenue_sees_64_qubit_system_in_2025] === 0 crawl site ===
[04:18:53 +1s | thequantuminsider_2023_08_11_ionq_beats_projected_revenue_sees_64_qubit_system_in_2025] [INIT].... → Crawl4AI 0.8.6 
[04:18:55 +3s | thequantuminsider_2023_08_11_ionq_beats_projected_revenue_sees_64_qubit_system_in_2025] [FETCH]... ↓ https://thequantuminsider.com/2023/08/11/ionq-beats-projected-revenue-sees-64-qubit-system-in-2025/  | ✓ | ⏱: 1.90s 
[04:18:55 +3s | thequantuminsider_2023_08_11_ionq_beats_projected_revenue_sees_64_qubit_system_in_2025] [SCRAPE].. ◆ https://thequantuminsider.com/2023/08/11/ionq-beats-projected-revenue-sees-64-qubit-system-in-2025/  | ✓ | ⏱: 0.10s 
[04:18:55 +3s | thequantuminsider_2023_08_11_ionq_beats_projected_revenue_sees_64_qubit_system_in_2025] [COMPLETE] ● https://thequantuminsider.com/2023/08/11/ionq-beats-projected-revenue-sees-64-qubit-system-in-2025/  | ✓ | ⏱: 2.02s 
[04:18:55 +3s | thequantuminsider_2023_08_11_ionq_beats_projected_revenue_sees_64_qubit_system_in_2025] Saved: crawl_output/5c9f358a95_thequantuminsider.com_2023_08_11_ionq-beats-projected-revenue-sees-64-qubit-system-in-2025.json

[04:18:55 +3s | thequantuminsider_2023_08_11_ionq_beats_projected_revenue_sees_64_qubit_system_in_2025] === 1 actor extraction ===
[04:18:55 +4s | thequantuminsider_2023_08_11_ionq_beats_projected_revenue_sees_64_qubit_system_in_2025] Reading page (1/1): https://thequantuminsider.com/2023/08/11/ionq-beats-projected-revenue-sees-64-qubit-system-in-2025
[04:18:55 +4s | thequantuminsider_2023_08_11_ionq_beats_projected_revenue_sees_64_qubit_system_in_2025] Extracting actors: https://thequantuminsider.com/2023/08/11/ionq-beats-projected-revenue-sees-64-qubit-system-in-2025 (1/1), chunk 1/42
[04:19:00 +8s | thequantuminsider_2023_08_11_ionq_beats_projected_revenue_sees_64_qubit_system_in_2025] Extracting actors: https://thequantuminsider.com/2023/08/11/ionq-beats-projected-revenue-sees-64-qubit-system-in-2025 (1/1), chunk 2/42
[04:19:03 +12s | thequantuminsider_2023_08_11_ionq_beats_projected_revenue_sees_64_qubit_system_in_2025] Extracting actors: https://thequantuminsider.com/2023/08/11/ionq-beats-projected-revenue-sees-64-qubit-system-in-2025 (1/1), chunk 3/42
[04:19:08 +16s | thequantuminsider_2023_08_11_ionq_beats_projected_revenue_sees_64_qubit_system_in_2025] Extracting actors: https://thequantuminsider.com/2023/08/11/ionq-beats-projected-revenue-sees-64-qubit-system-in-2025 (1/1), chunk 4/42
[04:19:11 +19s | thequantuminsider_2023_08_11_ionq_beats_projected_revenue_sees_64_qubit_system_in_2025] Extracting actors: https://thequantuminsider.com/2023/08/11/ionq-beats-projected-revenue-sees-64-qubit-system-in-2025 (1/1), chunk 5/42
[04:19:18 +23s | thequantuminsider_2023_08_11_ionq_beats_projected_revenue_sees_64_qubit_system_in_2025] Extracting actors: https://thequantuminsider.com/2023/08/11/ionq-beats-projected-revenue-sees-64-qubit-system-in-2025 (1/1), chunk 6/42
[04:19:24 +29s | thequantuminsider_2023_08_11_ionq_beats_projected_revenue_sees_64_qubit_system_in_2025] Extracting actors: https://thequantuminsider.com/2023/08/11/ionq-beats-projected-revenue-sees-64-qubit-system-in-2025 (1/1), chunk 7/42
[04:19:30 +35s | thequantuminsider_2023_08_11_ionq_beats_projected_revenue_sees_64_qubit_system_in_2025] Extracting actors: https://thequantuminsider.com/2023/08/11/ionq-beats-projected-revenue-sees-64-qubit-system-in-2025 (1/1), chunk 8/42
[04:19:35 +40s | thequantuminsider_2023_08_11_ionq_beats_projected_revenue_sees_64_qubit_system_in_2025] Extracting actors: https://thequantuminsider.com/2023/08/11/ionq-beats-projected-revenue-sees-64-qubit-system-in-2025 (1/1), chunk 9/42
[04:19:39 +44s | thequantuminsider_2023_08_11_ionq_beats_projected_revenue_sees_64_qubit_system_in_2025] Extracting actors: https://thequantuminsider.com/2023/08/11/ionq-beats-projected-revenue-sees-64-qubit-system-in-2025 (1/1), chunk 10/42
[04:19:43 +49s | thequantuminsider_2023_08_11_ionq_beats_projected_revenue_sees_64_qubit_system_in_2025] Extracting actors: https://thequantuminsider.com/2023/08/11/ionq-beats-projected-revenue-sees-64-qubit-system-in-2025 (1/1), chunk 11/42
[04:19:49 +54s | thequantuminsider_2023_08_11_ionq_beats_projected_revenue_sees_64_qubit_system_in_2025] Repaired malformed JSON.
[04:19:49 +54s | thequantuminsider_2023_08_11_ionq_beats_projected_revenue_sees_64_qubit_system_in_2025] Extracting actors: https://thequantuminsider.com/2023/08/11/ionq-beats-projected-revenue-sees-64-qubit-system-in-2025 (1/1), chunk 12/42
[04:19:58 +1m 0s | thequantuminsider_2023_08_11_ionq_beats_projected_revenue_sees_64_qubit_system_in_2025] Repaired malformed JSON.
[04:19:58 +1m 0s | thequantuminsider_2023_08_11_ionq_beats_projected_revenue_sees_64_qubit_system_in_2025] Extracting actors: https://thequantuminsider.com/2023/08/11/ionq-beats-projected-revenue-sees-64-qubit-system-in-2025 (1/1), chunk 13/42
[04:20:04 +1m 6s | thequantuminsider_2023_08_11_ionq_beats_projected_revenue_sees_64_qubit_system_in_2025] Repaired malformed JSON.
[04:20:04 +1m 6s | thequantuminsider_2023_08_11_ionq_beats_projected_revenue_sees_64_qubit_system_in_2025] Extracting actors: https://thequantuminsider.com/2023/08/11/ionq-beats-projected-revenue-sees-64-qubit-system-in-2025 (1/1), chunk 14/42
[04:20:10 +1m 12s | thequantuminsider_2023_08_11_ionq_beats_projected_revenue_sees_64_qubit_system_in_2025] Repaired malformed JSON.
[04:20:10 +1m 12s | thequantuminsider_2023_08_11_ionq_beats_projected_revenue_sees_64_qubit_system_in_2025] Extracting actors: https://thequantuminsider.com/2023/08/11/ionq-beats-projected-revenue-sees-64-qubit-system-in-2025 (1/1), chunk 15/42
[04:20:17 +1m 19s | thequantuminsider_2023_08_11_ionq_beats_projected_revenue_sees_64_qubit_system_in_2025] Repaired malformed JSON.
[04:20:17 +1m 19s | thequantuminsider_2023_08_11_ionq_beats_projected_revenue_sees_64_qubit_system_in_2025] Extracting actors: https://thequantuminsider.com/2023/08/11/ionq-beats-projected-revenue-sees-64-qubit-system-in-2025 (1/1), chunk 16/42
[04:20:24 +1m 26s | thequantuminsider_2023_08_11_ionq_beats_projected_revenue_sees_64_qubit_system_in_2025] Repaired malformed JSON.
[04:20:24 +1m 26s | thequantuminsider_2023_08_11_ionq_beats_projected_revenue_sees_64_qubit_system_in_2025] Extracting actors: https://thequantuminsider.com/2023/08/11/ionq-beats-projected-revenue-sees-64-qubit-system-in-2025 (1/1), chunk 17/42
[04:20:32 +1m 31s | thequantuminsider_2023_08_11_ionq_beats_projected_revenue_sees_64_qubit_system_in_2025] Repaired malformed JSON.
[04:20:32 +1m 31s | thequantuminsider_2023_08_11_ionq_beats_projected_revenue_sees_64_qubit_system_in_2025] Extracting actors: https://thequantuminsider.com/2023/08/11/ionq-beats-projected-revenue-sees-64-qubit-system-in-2025 (1/1), chunk 18/42
[04:20:39 +1m 38s | thequantuminsider_2023_08_11_ionq_beats_projected_revenue_sees_64_qubit_system_in_2025] Repaired malformed JSON.
[04:20:39 +1m 38s | thequantuminsider_2023_08_11_ionq_beats_projected_revenue_sees_64_qubit_system_in_2025] Extracting actors: https://thequantuminsider.com/2023/08/11/ionq-beats-projected-revenue-sees-64-qubit-system-in-2025 (1/1), chunk 19/42
[04:20:44 +1m 43s | thequantuminsider_2023_08_11_ionq_beats_projected_revenue_sees_64_qubit_system_in_2025] Extracting actors: https://thequantuminsider.com/2023/08/11/ionq-beats-projected-revenue-sees-64-qubit-system-in-2025 (1/1), chunk 20/42
[04:20:50 +1m 49s | thequantuminsider_2023_08_11_ionq_beats_projected_revenue_sees_64_qubit_system_in_2025] Repaired malformed JSON.
[04:20:50 +1m 49s | thequantuminsider_2023_08_11_ionq_beats_projected_revenue_sees_64_qubit_system_in_2025] Extracting actors: https://thequantuminsider.com/2023/08/11/ionq-beats-projected-revenue-sees-64-qubit-system-in-2025 (1/1), chunk 21/42
[04:20:55 +1m 54s | thequantuminsider_2023_08_11_ionq_beats_projected_revenue_sees_64_qubit_system_in_2025] Repaired malformed JSON.
[04:20:55 +1m 54s | thequantuminsider_2023_08_11_ionq_beats_projected_revenue_sees_64_qubit_system_in_2025] Extracting actors: https://thequantuminsider.com/2023/08/11/ionq-beats-projected-revenue-sees-64-qubit-system-in-2025 (1/1), chunk 22/42
[04:21:04 +2m 0s | thequantuminsider_2023_08_11_ionq_beats_projected_revenue_sees_64_qubit_system_in_2025] Repaired malformed JSON.
[04:21:04 +2m 0s | thequantuminsider_2023_08_11_ionq_beats_projected_revenue_sees_64_qubit_system_in_2025] Extracting actors: https://thequantuminsider.com/2023/08/11/ionq-beats-projected-revenue-sees-64-qubit-system-in-2025 (1/1), chunk 23/42
[04:21:10 +2m 6s | thequantuminsider_2023_08_11_ionq_beats_projected_revenue_sees_64_qubit_system_in_2025] Repaired malformed JSON.
[04:21:10 +2m 6s | thequantuminsider_2023_08_11_ionq_beats_projected_revenue_sees_64_qubit_system_in_2025] Extracting actors: https://thequantuminsider.com/2023/08/11/ionq-beats-projected-revenue-sees-64-qubit-system-in-2025 (1/1), chunk 24/42
[04:21:15 +2m 11s | thequantuminsider_2023_08_11_ionq_beats_projected_revenue_sees_64_qubit_system_in_2025] Repaired malformed JSON.
[04:21:15 +2m 11s | thequantuminsider_2023_08_11_ionq_beats_projected_revenue_sees_64_qubit_system_in_2025] Extracting actors: https://thequantuminsider.com/2023/08/11/ionq-beats-projected-revenue-sees-64-qubit-system-in-2025 (1/1), chunk 25/42
[04:21:21 +2m 18s | thequantuminsider_2023_08_11_ionq_beats_projected_revenue_sees_64_qubit_system_in_2025] Repaired malformed JSON.
[04:21:21 +2m 18s | thequantuminsider_2023_08_11_ionq_beats_projected_revenue_sees_64_qubit_system_in_2025] Extracting actors: https://thequantuminsider.com/2023/08/11/ionq-beats-projected-revenue-sees-64-qubit-system-in-2025 (1/1), chunk 26/42
[04:21:27 +2m 23s | thequantuminsider_2023_08_11_ionq_beats_projected_revenue_sees_64_qubit_system_in_2025] Repaired malformed JSON.
[04:21:27 +2m 23s | thequantuminsider_2023_08_11_ionq_beats_projected_revenue_sees_64_qubit_system_in_2025] Extracting actors: https://thequantuminsider.com/2023/08/11/ionq-beats-projected-revenue-sees-64-qubit-system-in-2025 (1/1), chunk 27/42
[04:21:34 +2m 30s | thequantuminsider_2023_08_11_ionq_beats_projected_revenue_sees_64_qubit_system_in_2025] Repaired malformed JSON.
[04:21:34 +2m 30s | thequantuminsider_2023_08_11_ionq_beats_projected_revenue_sees_64_qubit_system_in_2025] Extracting actors: https://thequantuminsider.com/2023/08/11/ionq-beats-projected-revenue-sees-64-qubit-system-in-2025 (1/1), chunk 28/42
[04:21:42 +2m 35s | thequantuminsider_2023_08_11_ionq_beats_projected_revenue_sees_64_qubit_system_in_2025] Repaired malformed JSON.
[04:21:42 +2m 35s | thequantuminsider_2023_08_11_ionq_beats_projected_revenue_sees_64_qubit_system_in_2025] Extracting actors: https://thequantuminsider.com/2023/08/11/ionq-beats-projected-revenue-sees-64-qubit-system-in-2025 (1/1), chunk 29/42
[04:21:49 +2m 43s | thequantuminsider_2023_08_11_ionq_beats_projected_revenue_sees_64_qubit_system_in_2025] Repaired malformed JSON.
[04:21:49 +2m 43s | thequantuminsider_2023_08_11_ionq_beats_projected_revenue_sees_64_qubit_system_in_2025] Extracting actors: https://thequantuminsider.com/2023/08/11/ionq-beats-projected-revenue-sees-64-qubit-system-in-2025 (1/1), chunk 30/42
[04:21:54 +2m 48s | thequantuminsider_2023_08_11_ionq_beats_projected_revenue_sees_64_qubit_system_in_2025] Extracting actors: https://thequantuminsider.com/2023/08/11/ionq-beats-projected-revenue-sees-64-qubit-system-in-2025 (1/1), chunk 31/42
[04:22:01 +2m 54s | thequantuminsider_2023_08_11_ionq_beats_projected_revenue_sees_64_qubit_system_in_2025] Repaired malformed JSON.
[04:22:01 +2m 54s | thequantuminsider_2023_08_11_ionq_beats_projected_revenue_sees_64_qubit_system_in_2025] Extracting actors: https://thequantuminsider.com/2023/08/11/ionq-beats-projected-revenue-sees-64-qubit-system-in-2025 (1/1), chunk 32/42
[04:22:08 +3m 1s | thequantuminsider_2023_08_11_ionq_beats_projected_revenue_sees_64_qubit_system_in_2025] Repaired malformed JSON.
[04:22:08 +3m 1s | thequantuminsider_2023_08_11_ionq_beats_projected_revenue_sees_64_qubit_system_in_2025] Extracting actors: https://thequantuminsider.com/2023/08/11/ionq-beats-projected-revenue-sees-64-qubit-system-in-2025 (1/1), chunk 33/42
[04:22:14 +3m 5s | thequantuminsider_2023_08_11_ionq_beats_projected_revenue_sees_64_qubit_system_in_2025] Extracting actors: https://thequantuminsider.com/2023/08/11/ionq-beats-projected-revenue-sees-64-qubit-system-in-2025 (1/1), chunk 34/42
[04:22:20 +3m 11s | thequantuminsider_2023_08_11_ionq_beats_projected_revenue_sees_64_qubit_system_in_2025] Repaired malformed JSON.
[04:22:20 +3m 11s | thequantuminsider_2023_08_11_ionq_beats_projected_revenue_sees_64_qubit_system_in_2025] Extracting actors: https://thequantuminsider.com/2023/08/11/ionq-beats-projected-revenue-sees-64-qubit-system-in-2025 (1/1), chunk 35/42
[04:22:25 +3m 16s | thequantuminsider_2023_08_11_ionq_beats_projected_revenue_sees_64_qubit_system_in_2025] Repaired malformed JSON.
[04:22:25 +3m 16s | thequantuminsider_2023_08_11_ionq_beats_projected_revenue_sees_64_qubit_system_in_2025] Extracting actors: https://thequantuminsider.com/2023/08/11/ionq-beats-projected-revenue-sees-64-qubit-system-in-2025 (1/1), chunk 36/42
[04:22:33 +3m 23s | thequantuminsider_2023_08_11_ionq_beats_projected_revenue_sees_64_qubit_system_in_2025] Repaired malformed JSON.
[04:22:33 +3m 23s | thequantuminsider_2023_08_11_ionq_beats_projected_revenue_sees_64_qubit_system_in_2025] Extracting actors: https://thequantuminsider.com/2023/08/11/ionq-beats-projected-revenue-sees-64-qubit-system-in-2025 (1/1), chunk 37/42
[04:22:38 +3m 29s | thequantuminsider_2023_08_11_ionq_beats_projected_revenue_sees_64_qubit_system_in_2025] Extracting actors: https://thequantuminsider.com/2023/08/11/ionq-beats-projected-revenue-sees-64-qubit-system-in-2025 (1/1), chunk 38/42
[04:22:49 +3m 37s | thequantuminsider_2023_08_11_ionq_beats_projected_revenue_sees_64_qubit_system_in_2025] Repaired malformed JSON.
[04:22:49 +3m 37s | thequantuminsider_2023_08_11_ionq_beats_projected_revenue_sees_64_qubit_system_in_2025] Extracting actors: https://thequantuminsider.com/2023/08/11/ionq-beats-projected-revenue-sees-64-qubit-system-in-2025 (1/1), chunk 39/42
[04:22:55 +3m 43s | thequantuminsider_2023_08_11_ionq_beats_projected_revenue_sees_64_qubit_system_in_2025] Repaired malformed JSON.
[04:22:55 +3m 43s | thequantuminsider_2023_08_11_ionq_beats_projected_revenue_sees_64_qubit_system_in_2025] Extracting actors: https://thequantuminsider.com/2023/08/11/ionq-beats-projected-revenue-sees-64-qubit-system-in-2025 (1/1), chunk 40/42
[04:23:03 +3m 50s | thequantuminsider_2023_08_11_ionq_beats_projected_revenue_sees_64_qubit_system_in_2025] Repaired malformed JSON.
[04:23:03 +3m 50s | thequantuminsider_2023_08_11_ionq_beats_projected_revenue_sees_64_qubit_system_in_2025] Extracting actors: https://thequantuminsider.com/2023/08/11/ionq-beats-projected-revenue-sees-64-qubit-system-in-2025 (1/1), chunk 41/42
[04:23:09 +3m 57s | thequantuminsider_2023_08_11_ionq_beats_projected_revenue_sees_64_qubit_system_in_2025] Repaired malformed JSON.
[04:23:09 +3m 57s | thequantuminsider_2023_08_11_ionq_beats_projected_revenue_sees_64_qubit_system_in_2025] Extracting actors: https://thequantuminsider.com/2023/08/11/ionq-beats-projected-revenue-sees-64-qubit-system-in-2025 (1/1), chunk 42/42
[04:23:16 +4m 3s | thequantuminsider_2023_08_11_ionq_beats_projected_revenue_sees_64_qubit_system_in_2025] Repaired malformed JSON.
[04:23:16 +4m 3s | thequantuminsider_2023_08_11_ionq_beats_projected_revenue_sees_64_qubit_system_in_2025] Saved 1_actor_results.json with 66 extracted records

[04:23:16 +4m 3s | thequantuminsider_2023_08_11_ionq_beats_projected_revenue_sees_64_qubit_system_in_2025] === 2 clean actors ===
[04:23:16 +4m 4s | thequantuminsider_2023_08_11_ionq_beats_projected_revenue_sees_64_qubit_system_in_2025] Loaded 66 extracted records
[04:23:16 +4m 4s | thequantuminsider_2023_08_11_ionq_beats_projected_revenue_sees_64_qubit_system_in_2025] Saved 2_actor_nodes.json with 21 canonical actor nodes

[04:23:16 +4m 4s | thequantuminsider_2023_08_11_ionq_beats_projected_revenue_sees_64_qubit_system_in_2025] === 3 interaction extraction ===
[04:23:16 +4m 4s | thequantuminsider_2023_08_11_ionq_beats_projected_revenue_sees_64_qubit_system_in_2025] Extracting interactions: https://thequantuminsider.com/2023/08/11/ionq-beats-projected-revenue-sees-64-qubit-system-in-2025 (1/1), chunk 11/42
[04:23:24 +4m 9s | thequantuminsider_2023_08_11_ionq_beats_projected_revenue_sees_64_qubit_system_in_2025] Extracting interactions: https://thequantuminsider.com/2023/08/11/ionq-beats-projected-revenue-sees-64-qubit-system-in-2025 (1/1), chunk 12/42
[04:23:34 +4m 19s | thequantuminsider_2023_08_11_ionq_beats_projected_revenue_sees_64_qubit_system_in_2025] Extracting interactions: https://thequantuminsider.com/2023/08/11/ionq-beats-projected-revenue-sees-64-qubit-system-in-2025 (1/1), chunk 13/42
[04:23:40 +4m 25s | thequantuminsider_2023_08_11_ionq_beats_projected_revenue_sees_64_qubit_system_in_2025] Extracting interactions: https://thequantuminsider.com/2023/08/11/ionq-beats-projected-revenue-sees-64-qubit-system-in-2025 (1/1), chunk 14/42
[04:23:45 +4m 30s | thequantuminsider_2023_08_11_ionq_beats_projected_revenue_sees_64_qubit_system_in_2025] Extracting interactions: https://thequantuminsider.com/2023/08/11/ionq-beats-projected-revenue-sees-64-qubit-system-in-2025 (1/1), chunk 15/42
[04:23:49 +4m 33s | thequantuminsider_2023_08_11_ionq_beats_projected_revenue_sees_64_qubit_system_in_2025] Extracting interactions: https://thequantuminsider.com/2023/08/11/ionq-beats-projected-revenue-sees-64-qubit-system-in-2025 (1/1), chunk 16/42
[04:23:54 +4m 39s | thequantuminsider_2023_08_11_ionq_beats_projected_revenue_sees_64_qubit_system_in_2025] Extracting interactions: https://thequantuminsider.com/2023/08/11/ionq-beats-projected-revenue-sees-64-qubit-system-in-2025 (1/1), chunk 17/42
[04:24:01 +4m 43s | thequantuminsider_2023_08_11_ionq_beats_projected_revenue_sees_64_qubit_system_in_2025] Extracting interactions: https://thequantuminsider.com/2023/08/11/ionq-beats-projected-revenue-sees-64-qubit-system-in-2025 (1/1), chunk 20/42
[04:24:08 +4m 50s | thequantuminsider_2023_08_11_ionq_beats_projected_revenue_sees_64_qubit_system_in_2025] Extracting interactions: https://thequantuminsider.com/2023/08/11/ionq-beats-projected-revenue-sees-64-qubit-system-in-2025 (1/1), chunk 21/42
[04:24:15 +4m 57s | thequantuminsider_2023_08_11_ionq_beats_projected_revenue_sees_64_qubit_system_in_2025] Extracting interactions: https://thequantuminsider.com/2023/08/11/ionq-beats-projected-revenue-sees-64-qubit-system-in-2025 (1/1), chunk 22/42
[04:24:18 +5m 0s | thequantuminsider_2023_08_11_ionq_beats_projected_revenue_sees_64_qubit_system_in_2025] Extracting interactions: https://thequantuminsider.com/2023/08/11/ionq-beats-projected-revenue-sees-64-qubit-system-in-2025 (1/1), chunk 23/42
[04:24:26 +5m 8s | thequantuminsider_2023_08_11_ionq_beats_projected_revenue_sees_64_qubit_system_in_2025] Extracting interactions: https://thequantuminsider.com/2023/08/11/ionq-beats-projected-revenue-sees-64-qubit-system-in-2025 (1/1), chunk 24/42
[04:24:45 +5m 24s | thequantuminsider_2023_08_11_ionq_beats_projected_revenue_sees_64_qubit_system_in_2025] Extracting interactions: https://thequantuminsider.com/2023/08/11/ionq-beats-projected-revenue-sees-64-qubit-system-in-2025 (1/1), chunk 25/42
[04:24:51 +5m 30s | thequantuminsider_2023_08_11_ionq_beats_projected_revenue_sees_64_qubit_system_in_2025] Extracting interactions: https://thequantuminsider.com/2023/08/11/ionq-beats-projected-revenue-sees-64-qubit-system-in-2025 (1/1), chunk 26/42
[04:24:54 +5m 33s | thequantuminsider_2023_08_11_ionq_beats_projected_revenue_sees_64_qubit_system_in_2025] Extracting interactions: https://thequantuminsider.com/2023/08/11/ionq-beats-projected-revenue-sees-64-qubit-system-in-2025 (1/1), chunk 27/42
[04:25:05 +5m 44s | thequantuminsider_2023_08_11_ionq_beats_projected_revenue_sees_64_qubit_system_in_2025] Extracting interactions: https://thequantuminsider.com/2023/08/11/ionq-beats-projected-revenue-sees-64-qubit-system-in-2025 (1/1), chunk 28/42
[04:25:11 +5m 47s | thequantuminsider_2023_08_11_ionq_beats_projected_revenue_sees_64_qubit_system_in_2025] Extracting interactions: https://thequantuminsider.com/2023/08/11/ionq-beats-projected-revenue-sees-64-qubit-system-in-2025 (1/1), chunk 31/42
[04:25:14 +5m 50s | thequantuminsider_2023_08_11_ionq_beats_projected_revenue_sees_64_qubit_system_in_2025] Extracting interactions: https://thequantuminsider.com/2023/08/11/ionq-beats-projected-revenue-sees-64-qubit-system-in-2025 (1/1), chunk 32/42
[04:25:16 +5m 52s | thequantuminsider_2023_08_11_ionq_beats_projected_revenue_sees_64_qubit_system_in_2025] Extracting interactions: https://thequantuminsider.com/2023/08/11/ionq-beats-projected-revenue-sees-64-qubit-system-in-2025 (1/1), chunk 33/42
[04:25:18 +5m 53s | thequantuminsider_2023_08_11_ionq_beats_projected_revenue_sees_64_qubit_system_in_2025] Extracting interactions: https://thequantuminsider.com/2023/08/11/ionq-beats-projected-revenue-sees-64-qubit-system-in-2025 (1/1), chunk 34/42
[04:25:19 +5m 55s | thequantuminsider_2023_08_11_ionq_beats_projected_revenue_sees_64_qubit_system_in_2025] Extracting interactions: https://thequantuminsider.com/2023/08/11/ionq-beats-projected-revenue-sees-64-qubit-system-in-2025 (1/1), chunk 35/42
[04:25:20 +5m 56s | thequantuminsider_2023_08_11_ionq_beats_projected_revenue_sees_64_qubit_system_in_2025] Extracting interactions: https://thequantuminsider.com/2023/08/11/ionq-beats-projected-revenue-sees-64-qubit-system-in-2025 (1/1), chunk 36/42
[04:25:22 +5m 58s | thequantuminsider_2023_08_11_ionq_beats_projected_revenue_sees_64_qubit_system_in_2025] Extracting interactions: https://thequantuminsider.com/2023/08/11/ionq-beats-projected-revenue-sees-64-qubit-system-in-2025 (1/1), chunk 37/42
[04:25:23 +5m 59s | thequantuminsider_2023_08_11_ionq_beats_projected_revenue_sees_64_qubit_system_in_2025] Extracting interactions: https://thequantuminsider.com/2023/08/11/ionq-beats-projected-revenue-sees-64-qubit-system-in-2025 (1/1), chunk 38/42
[04:25:25 +6m 1s | thequantuminsider_2023_08_11_ionq_beats_projected_revenue_sees_64_qubit_system_in_2025] Extracting interactions: https://thequantuminsider.com/2023/08/11/ionq-beats-projected-revenue-sees-64-qubit-system-in-2025 (1/1), chunk 40/42
[04:25:26 +6m 2s | thequantuminsider_2023_08_11_ionq_beats_projected_revenue_sees_64_qubit_system_in_2025] Extracting interactions: https://thequantuminsider.com/2023/08/11/ionq-beats-projected-revenue-sees-64-qubit-system-in-2025 (1/1), chunk 41/42
[04:25:28 +6m 4s | thequantuminsider_2023_08_11_ionq_beats_projected_revenue_sees_64_qubit_system_in_2025] Extracting interactions: https://thequantuminsider.com/2023/08/11/ionq-beats-projected-revenue-sees-64-qubit-system-in-2025 (1/1), chunk 42/42
[04:25:29 +6m 5s | thequantuminsider_2023_08_11_ionq_beats_projected_revenue_sees_64_qubit_system_in_2025] Saved 3_interaction_results.json with 26 extracted interactions.

[04:25:29 +6m 5s | thequantuminsider_2023_08_11_ionq_beats_projected_revenue_sees_64_qubit_system_in_2025] === 4 clean interactions ===
[04:25:29 +6m 5s | thequantuminsider_2023_08_11_ionq_beats_projected_revenue_sees_64_qubit_system_in_2025] Saved 4_edges.json with 4 cleaned interactions.

[04:25:29 +6m 5s | thequantuminsider_2023_08_11_ionq_beats_projected_revenue_sees_64_qubit_system_in_2025] === 5 helix enrichment ===
[04:25:29 +6m 5s | thequantuminsider_2023_08_11_ionq_beats_projected_revenue_sees_64_qubit_system_in_2025] Wrote 5_nodes.json (21 actors)
[04:25:29 +6m 5s | thequantuminsider_2023_08_11_ionq_beats_projected_revenue_sees_64_qubit_system_in_2025] Wrote 5_edges.json (4 interactions)
[04:25:29 +6m 5s | thequantuminsider_2023_08_11_ionq_beats_projected_revenue_sees_64_qubit_system_in_2025] Actor helix counts: {'Academia': 4, 'Civil Society': 1, 'Government': 4, 'Industry': 4, 'Intermediary': 1, 'Unknown': 7}
[04:25:29 +6m 5s | thequantuminsider_2023_08_11_ionq_beats_projected_revenue_sees_64_qubit_system_in_2025] Functional-space counts: {'Innovation': 2, 'Unknown': 2}

[04:25:29 +6m 5s | thequantuminsider_2023_08_11_ionq_beats_projected_revenue_sees_64_qubit_system_in_2025] === 6 network visualisation ===
[04:25:29 +6m 5s | thequantuminsider_2023_08_11_ionq_beats_projected_revenue_sees_64_qubit_system_in_2025] Wrote quantum_network.html
[04:25:29 +6m 5s | thequantuminsider_2023_08_11_ionq_beats_projected_revenue_sees_64_qubit_system_in_2025] Nodes: 21
[04:25:29 +6m 5s | thequantuminsider_2023_08_11_ionq_beats_projected_revenue_sees_64_qubit_system_in_2025] Edges: 2

[04:25:30 +6m 5s | thequantuminsider_2023_08_11_ionq_beats_projected_revenue_sees_64_qubit_system_in_2025] Done. Outputs written to: /home/lv/IDP/idpdeeptech/pipeline/news_outputs/thequantuminsider_2023_08_11_ionq_beats_projected_revenue_sees_64_qubit_system_in_2025
[04:25:30 +6m 5s | thequantuminsider_2023_08_11_ionq_beats_projected_revenue_sees_64_qubit_system_in_2025] Log: /home/lv/IDP/idpdeeptech/pipeline/news_outputs/thequantuminsider_2023_08_11_ionq_beats_projected_revenue_sees_64_qubit_system_in_2025/run.log

========================================================================
RUN FINISHED 2026-07-02 04:25:30  (OK)
Started:     2026-07-02 04:18:52
Elapsed:     6m 5s
========================================================================
