
========================================================================
RUN STARTED  2026-07-01 19:44:40
site_pipeline.py https://thequantuminsider.com/2020/06/16/aqt-awarded-as-technology-pioneer-by-world-economic-forum/
========================================================================

[19:44:40 +0s | thequantuminsider_2020_06_16_aqt_awarded_as_technology_pioneer_by_world_economic_forum] === 0 crawl site ===
[19:44:41 +1s | thequantuminsider_2020_06_16_aqt_awarded_as_technology_pioneer_by_world_economic_forum] [INIT].... → Crawl4AI 0.8.6 
[19:44:43 +3s | thequantuminsider_2020_06_16_aqt_awarded_as_technology_pioneer_by_world_economic_forum] [FETCH]... ↓ https://thequantuminsider.com/2020/06/16/aqt-awarded-as-technology-pioneer-by-world-economic-forum/  | ✓ | ⏱: 2.27s 
[19:44:43 +3s | thequantuminsider_2020_06_16_aqt_awarded_as_technology_pioneer_by_world_economic_forum] [SCRAPE].. ◆ https://thequantuminsider.com/2020/06/16/aqt-awarded-as-technology-pioneer-by-world-economic-forum/  | ✓ | ⏱: 0.09s 
[19:44:43 +3s | thequantuminsider_2020_06_16_aqt_awarded_as_technology_pioneer_by_world_economic_forum] [COMPLETE] ● https://thequantuminsider.com/2020/06/16/aqt-awarded-as-technology-pioneer-by-world-economic-forum/  | ✓ | ⏱: 2.38s 
[19:44:43 +3s | thequantuminsider_2020_06_16_aqt_awarded_as_technology_pioneer_by_world_economic_forum] Saved: crawl_output/d15ceda686_thequantuminsider.com_2020_06_16_aqt-awarded-as-technology-pioneer-by-world-economic-forum.json

[19:44:44 +4s | thequantuminsider_2020_06_16_aqt_awarded_as_technology_pioneer_by_world_economic_forum] === 1 actor extraction ===
[19:44:44 +4s | thequantuminsider_2020_06_16_aqt_awarded_as_technology_pioneer_by_world_economic_forum] Reading page (1/1): https://thequantuminsider.com/2020/06/16/aqt-awarded-as-technology-pioneer-by-world-economic-forum
[19:44:44 +4s | thequantuminsider_2020_06_16_aqt_awarded_as_technology_pioneer_by_world_economic_forum] Extracting actors: https://thequantuminsider.com/2020/06/16/aqt-awarded-as-technology-pioneer-by-world-economic-forum (1/1), chunk 1/39
[19:44:51 +11s | thequantuminsider_2020_06_16_aqt_awarded_as_technology_pioneer_by_world_economic_forum] Repaired malformed JSON.
[19:44:51 +11s | thequantuminsider_2020_06_16_aqt_awarded_as_technology_pioneer_by_world_economic_forum] Extracting actors: https://thequantuminsider.com/2020/06/16/aqt-awarded-as-technology-pioneer-by-world-economic-forum (1/1), chunk 2/39
[19:44:55 +15s | thequantuminsider_2020_06_16_aqt_awarded_as_technology_pioneer_by_world_economic_forum] Extracting actors: https://thequantuminsider.com/2020/06/16/aqt-awarded-as-technology-pioneer-by-world-economic-forum (1/1), chunk 3/39
[19:45:00 +20s | thequantuminsider_2020_06_16_aqt_awarded_as_technology_pioneer_by_world_economic_forum] Extracting actors: https://thequantuminsider.com/2020/06/16/aqt-awarded-as-technology-pioneer-by-world-economic-forum (1/1), chunk 4/39
[19:45:05 +25s | thequantuminsider_2020_06_16_aqt_awarded_as_technology_pioneer_by_world_economic_forum] Extracting actors: https://thequantuminsider.com/2020/06/16/aqt-awarded-as-technology-pioneer-by-world-economic-forum (1/1), chunk 5/39
[19:45:09 +29s | thequantuminsider_2020_06_16_aqt_awarded_as_technology_pioneer_by_world_economic_forum] Extracting actors: https://thequantuminsider.com/2020/06/16/aqt-awarded-as-technology-pioneer-by-world-economic-forum (1/1), chunk 6/39
[19:45:19 +36s | thequantuminsider_2020_06_16_aqt_awarded_as_technology_pioneer_by_world_economic_forum] Repaired malformed JSON.
[19:45:19 +36s | thequantuminsider_2020_06_16_aqt_awarded_as_technology_pioneer_by_world_economic_forum] Extracting actors: https://thequantuminsider.com/2020/06/16/aqt-awarded-as-technology-pioneer-by-world-economic-forum (1/1), chunk 7/39
[19:45:28 +45s | thequantuminsider_2020_06_16_aqt_awarded_as_technology_pioneer_by_world_economic_forum] Repaired malformed JSON.
[19:45:28 +45s | thequantuminsider_2020_06_16_aqt_awarded_as_technology_pioneer_by_world_economic_forum] Extracting actors: https://thequantuminsider.com/2020/06/16/aqt-awarded-as-technology-pioneer-by-world-economic-forum (1/1), chunk 8/39
[19:45:32 +49s | thequantuminsider_2020_06_16_aqt_awarded_as_technology_pioneer_by_world_economic_forum] Extracting actors: https://thequantuminsider.com/2020/06/16/aqt-awarded-as-technology-pioneer-by-world-economic-forum (1/1), chunk 9/39
[19:45:37 +54s | thequantuminsider_2020_06_16_aqt_awarded_as_technology_pioneer_by_world_economic_forum] Extracting actors: https://thequantuminsider.com/2020/06/16/aqt-awarded-as-technology-pioneer-by-world-economic-forum (1/1), chunk 10/39
[19:45:42 +59s | thequantuminsider_2020_06_16_aqt_awarded_as_technology_pioneer_by_world_economic_forum] Repaired malformed JSON.
[19:45:42 +59s | thequantuminsider_2020_06_16_aqt_awarded_as_technology_pioneer_by_world_economic_forum] Extracting actors: https://thequantuminsider.com/2020/06/16/aqt-awarded-as-technology-pioneer-by-world-economic-forum (1/1), chunk 11/39
[19:45:52 +1m 6s | thequantuminsider_2020_06_16_aqt_awarded_as_technology_pioneer_by_world_economic_forum] Repaired malformed JSON.
[19:45:52 +1m 6s | thequantuminsider_2020_06_16_aqt_awarded_as_technology_pioneer_by_world_economic_forum] Extracting actors: https://thequantuminsider.com/2020/06/16/aqt-awarded-as-technology-pioneer-by-world-economic-forum (1/1), chunk 12/39
[19:45:57 +1m 11s | thequantuminsider_2020_06_16_aqt_awarded_as_technology_pioneer_by_world_economic_forum] Repaired malformed JSON.
[19:45:57 +1m 11s | thequantuminsider_2020_06_16_aqt_awarded_as_technology_pioneer_by_world_economic_forum] Extracting actors: https://thequantuminsider.com/2020/06/16/aqt-awarded-as-technology-pioneer-by-world-economic-forum (1/1), chunk 13/39
[19:46:06 +1m 20s | thequantuminsider_2020_06_16_aqt_awarded_as_technology_pioneer_by_world_economic_forum] Repaired malformed JSON.
[19:46:06 +1m 20s | thequantuminsider_2020_06_16_aqt_awarded_as_technology_pioneer_by_world_economic_forum] Extracting actors: https://thequantuminsider.com/2020/06/16/aqt-awarded-as-technology-pioneer-by-world-economic-forum (1/1), chunk 14/39
[19:46:15 +1m 29s | thequantuminsider_2020_06_16_aqt_awarded_as_technology_pioneer_by_world_economic_forum] Repaired malformed JSON.
[19:46:15 +1m 29s | thequantuminsider_2020_06_16_aqt_awarded_as_technology_pioneer_by_world_economic_forum] Extracting actors: https://thequantuminsider.com/2020/06/16/aqt-awarded-as-technology-pioneer-by-world-economic-forum (1/1), chunk 15/39
[19:46:25 +1m 36s | thequantuminsider_2020_06_16_aqt_awarded_as_technology_pioneer_by_world_economic_forum] Repaired malformed JSON.
[19:46:25 +1m 36s | thequantuminsider_2020_06_16_aqt_awarded_as_technology_pioneer_by_world_economic_forum] Extracting actors: https://thequantuminsider.com/2020/06/16/aqt-awarded-as-technology-pioneer-by-world-economic-forum (1/1), chunk 16/39
[19:46:32 +1m 43s | thequantuminsider_2020_06_16_aqt_awarded_as_technology_pioneer_by_world_economic_forum] Repaired malformed JSON.
[19:46:32 +1m 43s | thequantuminsider_2020_06_16_aqt_awarded_as_technology_pioneer_by_world_economic_forum] Extracting actors: https://thequantuminsider.com/2020/06/16/aqt-awarded-as-technology-pioneer-by-world-economic-forum (1/1), chunk 17/39
[19:46:39 +1m 50s | thequantuminsider_2020_06_16_aqt_awarded_as_technology_pioneer_by_world_economic_forum] Repaired malformed JSON.
[19:46:39 +1m 50s | thequantuminsider_2020_06_16_aqt_awarded_as_technology_pioneer_by_world_economic_forum] Extracting actors: https://thequantuminsider.com/2020/06/16/aqt-awarded-as-technology-pioneer-by-world-economic-forum (1/1), chunk 18/39
[19:46:45 +1m 56s | thequantuminsider_2020_06_16_aqt_awarded_as_technology_pioneer_by_world_economic_forum] Repaired malformed JSON.
[19:46:45 +1m 56s | thequantuminsider_2020_06_16_aqt_awarded_as_technology_pioneer_by_world_economic_forum] Extracting actors: https://thequantuminsider.com/2020/06/16/aqt-awarded-as-technology-pioneer-by-world-economic-forum (1/1), chunk 19/39
[19:46:52 +2m 4s | thequantuminsider_2020_06_16_aqt_awarded_as_technology_pioneer_by_world_economic_forum] Repaired malformed JSON.
[19:46:52 +2m 4s | thequantuminsider_2020_06_16_aqt_awarded_as_technology_pioneer_by_world_economic_forum] Extracting actors: https://thequantuminsider.com/2020/06/16/aqt-awarded-as-technology-pioneer-by-world-economic-forum (1/1), chunk 20/39
[19:47:05 +2m 14s | thequantuminsider_2020_06_16_aqt_awarded_as_technology_pioneer_by_world_economic_forum] Repaired malformed JSON.
[19:47:05 +2m 14s | thequantuminsider_2020_06_16_aqt_awarded_as_technology_pioneer_by_world_economic_forum] Extracting actors: https://thequantuminsider.com/2020/06/16/aqt-awarded-as-technology-pioneer-by-world-economic-forum (1/1), chunk 21/39
[19:47:11 +2m 19s | thequantuminsider_2020_06_16_aqt_awarded_as_technology_pioneer_by_world_economic_forum] Repaired malformed JSON.
[19:47:11 +2m 19s | thequantuminsider_2020_06_16_aqt_awarded_as_technology_pioneer_by_world_economic_forum] Extracting actors: https://thequantuminsider.com/2020/06/16/aqt-awarded-as-technology-pioneer-by-world-economic-forum (1/1), chunk 22/39
[19:47:18 +2m 26s | thequantuminsider_2020_06_16_aqt_awarded_as_technology_pioneer_by_world_economic_forum] Repaired malformed JSON.
[19:47:18 +2m 26s | thequantuminsider_2020_06_16_aqt_awarded_as_technology_pioneer_by_world_economic_forum] Extracting actors: https://thequantuminsider.com/2020/06/16/aqt-awarded-as-technology-pioneer-by-world-economic-forum (1/1), chunk 23/39
[19:47:25 +2m 34s | thequantuminsider_2020_06_16_aqt_awarded_as_technology_pioneer_by_world_economic_forum] Repaired malformed JSON.
[19:47:25 +2m 34s | thequantuminsider_2020_06_16_aqt_awarded_as_technology_pioneer_by_world_economic_forum] Extracting actors: https://thequantuminsider.com/2020/06/16/aqt-awarded-as-technology-pioneer-by-world-economic-forum (1/1), chunk 24/39
[19:47:35 +2m 41s | thequantuminsider_2020_06_16_aqt_awarded_as_technology_pioneer_by_world_economic_forum] Repaired malformed JSON.
[19:47:35 +2m 41s | thequantuminsider_2020_06_16_aqt_awarded_as_technology_pioneer_by_world_economic_forum] Extracting actors: https://thequantuminsider.com/2020/06/16/aqt-awarded-as-technology-pioneer-by-world-economic-forum (1/1), chunk 25/39
[19:47:43 +2m 48s | thequantuminsider_2020_06_16_aqt_awarded_as_technology_pioneer_by_world_economic_forum] Repaired malformed JSON.
[19:47:43 +2m 48s | thequantuminsider_2020_06_16_aqt_awarded_as_technology_pioneer_by_world_economic_forum] Extracting actors: https://thequantuminsider.com/2020/06/16/aqt-awarded-as-technology-pioneer-by-world-economic-forum (1/1), chunk 26/39
[19:47:51 +2m 56s | thequantuminsider_2020_06_16_aqt_awarded_as_technology_pioneer_by_world_economic_forum] Repaired malformed JSON.
[19:47:51 +2m 56s | thequantuminsider_2020_06_16_aqt_awarded_as_technology_pioneer_by_world_economic_forum] Extracting actors: https://thequantuminsider.com/2020/06/16/aqt-awarded-as-technology-pioneer-by-world-economic-forum (1/1), chunk 27/39
[19:47:55 +3m 1s | thequantuminsider_2020_06_16_aqt_awarded_as_technology_pioneer_by_world_economic_forum] Extracting actors: https://thequantuminsider.com/2020/06/16/aqt-awarded-as-technology-pioneer-by-world-economic-forum (1/1), chunk 28/39
[19:48:03 +3m 9s | thequantuminsider_2020_06_16_aqt_awarded_as_technology_pioneer_by_world_economic_forum] Repaired malformed JSON.
[19:48:03 +3m 9s | thequantuminsider_2020_06_16_aqt_awarded_as_technology_pioneer_by_world_economic_forum] Extracting actors: https://thequantuminsider.com/2020/06/16/aqt-awarded-as-technology-pioneer-by-world-economic-forum (1/1), chunk 29/39
[19:48:11 +3m 13s | thequantuminsider_2020_06_16_aqt_awarded_as_technology_pioneer_by_world_economic_forum] Extracting actors: https://thequantuminsider.com/2020/06/16/aqt-awarded-as-technology-pioneer-by-world-economic-forum (1/1), chunk 30/39
[19:48:18 +3m 21s | thequantuminsider_2020_06_16_aqt_awarded_as_technology_pioneer_by_world_economic_forum] Repaired malformed JSON.
[19:48:18 +3m 21s | thequantuminsider_2020_06_16_aqt_awarded_as_technology_pioneer_by_world_economic_forum] Extracting actors: https://thequantuminsider.com/2020/06/16/aqt-awarded-as-technology-pioneer-by-world-economic-forum (1/1), chunk 31/39
[19:48:21 +3m 23s | thequantuminsider_2020_06_16_aqt_awarded_as_technology_pioneer_by_world_economic_forum] Extracting actors: https://thequantuminsider.com/2020/06/16/aqt-awarded-as-technology-pioneer-by-world-economic-forum (1/1), chunk 32/39
[19:48:26 +3m 29s | thequantuminsider_2020_06_16_aqt_awarded_as_technology_pioneer_by_world_economic_forum] Repaired malformed JSON.
[19:48:26 +3m 29s | thequantuminsider_2020_06_16_aqt_awarded_as_technology_pioneer_by_world_economic_forum] Extracting actors: https://thequantuminsider.com/2020/06/16/aqt-awarded-as-technology-pioneer-by-world-economic-forum (1/1), chunk 33/39
[19:48:35 +3m 37s | thequantuminsider_2020_06_16_aqt_awarded_as_technology_pioneer_by_world_economic_forum] Repaired malformed JSON.
[19:48:35 +3m 37s | thequantuminsider_2020_06_16_aqt_awarded_as_technology_pioneer_by_world_economic_forum] Extracting actors: https://thequantuminsider.com/2020/06/16/aqt-awarded-as-technology-pioneer-by-world-economic-forum (1/1), chunk 34/39
[19:48:46 +3m 46s | thequantuminsider_2020_06_16_aqt_awarded_as_technology_pioneer_by_world_economic_forum] Repaired malformed JSON.
[19:48:46 +3m 46s | thequantuminsider_2020_06_16_aqt_awarded_as_technology_pioneer_by_world_economic_forum] Extracting actors: https://thequantuminsider.com/2020/06/16/aqt-awarded-as-technology-pioneer-by-world-economic-forum (1/1), chunk 35/39
[19:48:55 +3m 55s | thequantuminsider_2020_06_16_aqt_awarded_as_technology_pioneer_by_world_economic_forum] Repaired malformed JSON.
[19:48:55 +3m 55s | thequantuminsider_2020_06_16_aqt_awarded_as_technology_pioneer_by_world_economic_forum] Extracting actors: https://thequantuminsider.com/2020/06/16/aqt-awarded-as-technology-pioneer-by-world-economic-forum (1/1), chunk 36/39
[19:49:03 +4m 2s | thequantuminsider_2020_06_16_aqt_awarded_as_technology_pioneer_by_world_economic_forum] Repaired malformed JSON.
[19:49:03 +4m 2s | thequantuminsider_2020_06_16_aqt_awarded_as_technology_pioneer_by_world_economic_forum] Extracting actors: https://thequantuminsider.com/2020/06/16/aqt-awarded-as-technology-pioneer-by-world-economic-forum (1/1), chunk 37/39
[19:49:09 +4m 8s | thequantuminsider_2020_06_16_aqt_awarded_as_technology_pioneer_by_world_economic_forum] Repaired malformed JSON.
[19:49:09 +4m 8s | thequantuminsider_2020_06_16_aqt_awarded_as_technology_pioneer_by_world_economic_forum] Extracting actors: https://thequantuminsider.com/2020/06/16/aqt-awarded-as-technology-pioneer-by-world-economic-forum (1/1), chunk 38/39
[19:49:16 +4m 16s | thequantuminsider_2020_06_16_aqt_awarded_as_technology_pioneer_by_world_economic_forum] Repaired malformed JSON.
[19:49:16 +4m 16s | thequantuminsider_2020_06_16_aqt_awarded_as_technology_pioneer_by_world_economic_forum] Extracting actors: https://thequantuminsider.com/2020/06/16/aqt-awarded-as-technology-pioneer-by-world-economic-forum (1/1), chunk 39/39
[19:49:24 +4m 21s | thequantuminsider_2020_06_16_aqt_awarded_as_technology_pioneer_by_world_economic_forum] Saved 1_actor_results.json with 65 extracted records

[19:49:24 +4m 21s | thequantuminsider_2020_06_16_aqt_awarded_as_technology_pioneer_by_world_economic_forum] === 2 clean actors ===
[19:49:24 +4m 21s | thequantuminsider_2020_06_16_aqt_awarded_as_technology_pioneer_by_world_economic_forum] Loaded 65 extracted records
[19:49:24 +4m 21s | thequantuminsider_2020_06_16_aqt_awarded_as_technology_pioneer_by_world_economic_forum] Saved 2_actor_nodes.json with 19 canonical actor nodes

[19:49:24 +4m 21s | thequantuminsider_2020_06_16_aqt_awarded_as_technology_pioneer_by_world_economic_forum] === 3 interaction extraction ===
[19:49:25 +4m 21s | thequantuminsider_2020_06_16_aqt_awarded_as_technology_pioneer_by_world_economic_forum] Extracting interactions: https://thequantuminsider.com/2020/06/16/aqt-awarded-as-technology-pioneer-by-world-economic-forum (1/1), chunk 11/39
[19:49:28 +4m 24s | thequantuminsider_2020_06_16_aqt_awarded_as_technology_pioneer_by_world_economic_forum] Extracting interactions: https://thequantuminsider.com/2020/06/16/aqt-awarded-as-technology-pioneer-by-world-economic-forum (1/1), chunk 12/39
[19:49:38 +4m 34s | thequantuminsider_2020_06_16_aqt_awarded_as_technology_pioneer_by_world_economic_forum] Extracting interactions: https://thequantuminsider.com/2020/06/16/aqt-awarded-as-technology-pioneer-by-world-economic-forum (1/1), chunk 13/39
[19:49:50 +4m 46s | thequantuminsider_2020_06_16_aqt_awarded_as_technology_pioneer_by_world_economic_forum] Extracting interactions: https://thequantuminsider.com/2020/06/16/aqt-awarded-as-technology-pioneer-by-world-economic-forum (1/1), chunk 14/39
[19:50:11 +5m 5s | thequantuminsider_2020_06_16_aqt_awarded_as_technology_pioneer_by_world_economic_forum] Extracting interactions: https://thequantuminsider.com/2020/06/16/aqt-awarded-as-technology-pioneer-by-world-economic-forum (1/1), chunk 15/39
[19:50:23 +5m 16s | thequantuminsider_2020_06_16_aqt_awarded_as_technology_pioneer_by_world_economic_forum] Extracting interactions: https://thequantuminsider.com/2020/06/16/aqt-awarded-as-technology-pioneer-by-world-economic-forum (1/1), chunk 16/39
[19:50:26 +5m 19s | thequantuminsider_2020_06_16_aqt_awarded_as_technology_pioneer_by_world_economic_forum] Extracting interactions: https://thequantuminsider.com/2020/06/16/aqt-awarded-as-technology-pioneer-by-world-economic-forum (1/1), chunk 17/39
[19:50:36 +5m 27s | thequantuminsider_2020_06_16_aqt_awarded_as_technology_pioneer_by_world_economic_forum] Extracting interactions: https://thequantuminsider.com/2020/06/16/aqt-awarded-as-technology-pioneer-by-world-economic-forum (1/1), chunk 18/39
[19:50:40 +5m 30s | thequantuminsider_2020_06_16_aqt_awarded_as_technology_pioneer_by_world_economic_forum] Extracting interactions: https://thequantuminsider.com/2020/06/16/aqt-awarded-as-technology-pioneer-by-world-economic-forum (1/1), chunk 19/39
[19:50:42 +5m 33s | thequantuminsider_2020_06_16_aqt_awarded_as_technology_pioneer_by_world_economic_forum] Extracting interactions: https://thequantuminsider.com/2020/06/16/aqt-awarded-as-technology-pioneer-by-world-economic-forum (1/1), chunk 20/39
[19:50:51 +5m 42s | thequantuminsider_2020_06_16_aqt_awarded_as_technology_pioneer_by_world_economic_forum] Extracting interactions: https://thequantuminsider.com/2020/06/16/aqt-awarded-as-technology-pioneer-by-world-economic-forum (1/1), chunk 21/39
[19:50:59 +5m 49s | thequantuminsider_2020_06_16_aqt_awarded_as_technology_pioneer_by_world_economic_forum] Extracting interactions: https://thequantuminsider.com/2020/06/16/aqt-awarded-as-technology-pioneer-by-world-economic-forum (1/1), chunk 22/39
[19:51:09 +5m 57s | thequantuminsider_2020_06_16_aqt_awarded_as_technology_pioneer_by_world_economic_forum] Extracting interactions: https://thequantuminsider.com/2020/06/16/aqt-awarded-as-technology-pioneer-by-world-economic-forum (1/1), chunk 23/39
[19:51:13 +6m 1s | thequantuminsider_2020_06_16_aqt_awarded_as_technology_pioneer_by_world_economic_forum] Extracting interactions: https://thequantuminsider.com/2020/06/16/aqt-awarded-as-technology-pioneer-by-world-economic-forum (1/1), chunk 24/39
[19:51:17 +6m 4s | thequantuminsider_2020_06_16_aqt_awarded_as_technology_pioneer_by_world_economic_forum] Extracting interactions: https://thequantuminsider.com/2020/06/16/aqt-awarded-as-technology-pioneer-by-world-economic-forum (1/1), chunk 25/39
[19:51:23 +6m 10s | thequantuminsider_2020_06_16_aqt_awarded_as_technology_pioneer_by_world_economic_forum] Extracting interactions: https://thequantuminsider.com/2020/06/16/aqt-awarded-as-technology-pioneer-by-world-economic-forum (1/1), chunk 28/39
[19:51:24 +6m 12s | thequantuminsider_2020_06_16_aqt_awarded_as_technology_pioneer_by_world_economic_forum] Extracting interactions: https://thequantuminsider.com/2020/06/16/aqt-awarded-as-technology-pioneer-by-world-economic-forum (1/1), chunk 29/39
[19:51:26 +6m 14s | thequantuminsider_2020_06_16_aqt_awarded_as_technology_pioneer_by_world_economic_forum] Extracting interactions: https://thequantuminsider.com/2020/06/16/aqt-awarded-as-technology-pioneer-by-world-economic-forum (1/1), chunk 32/39
[19:51:27 +6m 15s | thequantuminsider_2020_06_16_aqt_awarded_as_technology_pioneer_by_world_economic_forum] Extracting interactions: https://thequantuminsider.com/2020/06/16/aqt-awarded-as-technology-pioneer-by-world-economic-forum (1/1), chunk 33/39
[19:51:29 +6m 17s | thequantuminsider_2020_06_16_aqt_awarded_as_technology_pioneer_by_world_economic_forum] Extracting interactions: https://thequantuminsider.com/2020/06/16/aqt-awarded-as-technology-pioneer-by-world-economic-forum (1/1), chunk 34/39
[19:51:31 +6m 18s | thequantuminsider_2020_06_16_aqt_awarded_as_technology_pioneer_by_world_economic_forum] Extracting interactions: https://thequantuminsider.com/2020/06/16/aqt-awarded-as-technology-pioneer-by-world-economic-forum (1/1), chunk 35/39
[19:51:32 +6m 20s | thequantuminsider_2020_06_16_aqt_awarded_as_technology_pioneer_by_world_economic_forum] Extracting interactions: https://thequantuminsider.com/2020/06/16/aqt-awarded-as-technology-pioneer-by-world-economic-forum (1/1), chunk 37/39
[19:51:42 +6m 27s | thequantuminsider_2020_06_16_aqt_awarded_as_technology_pioneer_by_world_economic_forum] Extracting interactions: https://thequantuminsider.com/2020/06/16/aqt-awarded-as-technology-pioneer-by-world-economic-forum (1/1), chunk 38/39
[19:51:44 +6m 29s | thequantuminsider_2020_06_16_aqt_awarded_as_technology_pioneer_by_world_economic_forum] Saved 3_interaction_results.json with 34 extracted interactions.

[19:51:44 +6m 29s | thequantuminsider_2020_06_16_aqt_awarded_as_technology_pioneer_by_world_economic_forum] === 4 clean interactions ===
[19:51:44 +6m 29s | thequantuminsider_2020_06_16_aqt_awarded_as_technology_pioneer_by_world_economic_forum] Saved 4_edges.json with 7 cleaned interactions.

[19:51:44 +6m 29s | thequantuminsider_2020_06_16_aqt_awarded_as_technology_pioneer_by_world_economic_forum] === 5 helix enrichment ===
[19:51:44 +6m 29s | thequantuminsider_2020_06_16_aqt_awarded_as_technology_pioneer_by_world_economic_forum] Wrote 5_nodes.json (19 actors)
[19:51:44 +6m 29s | thequantuminsider_2020_06_16_aqt_awarded_as_technology_pioneer_by_world_economic_forum] Wrote 5_edges.json (7 interactions)
[19:51:44 +6m 29s | thequantuminsider_2020_06_16_aqt_awarded_as_technology_pioneer_by_world_economic_forum] Actor helix counts: {'Academia': 2, 'Civil Society': 2, 'Government': 5, 'Industry': 6, 'Unknown': 4}
[19:51:44 +6m 29s | thequantuminsider_2020_06_16_aqt_awarded_as_technology_pioneer_by_world_economic_forum] Functional-space counts: {'Consensus': 2, 'Innovation': 2, 'Intra-helix / Not classified': 3}

[19:51:44 +6m 29s | thequantuminsider_2020_06_16_aqt_awarded_as_technology_pioneer_by_world_economic_forum] === 6 network visualisation ===
[19:51:44 +6m 29s | thequantuminsider_2020_06_16_aqt_awarded_as_technology_pioneer_by_world_economic_forum] Wrote quantum_network.html
[19:51:44 +6m 29s | thequantuminsider_2020_06_16_aqt_awarded_as_technology_pioneer_by_world_economic_forum] Nodes: 19
[19:51:44 +6m 29s | thequantuminsider_2020_06_16_aqt_awarded_as_technology_pioneer_by_world_economic_forum] Edges: 4

[19:51:44 +6m 29s | thequantuminsider_2020_06_16_aqt_awarded_as_technology_pioneer_by_world_economic_forum] Done. Outputs written to: /home/lv/IDP/idpdeeptech/pipeline/news_outputs/thequantuminsider_2020_06_16_aqt_awarded_as_technology_pioneer_by_world_economic_forum
[19:51:44 +6m 29s | thequantuminsider_2020_06_16_aqt_awarded_as_technology_pioneer_by_world_economic_forum] Log: /home/lv/IDP/idpdeeptech/pipeline/news_outputs/thequantuminsider_2020_06_16_aqt_awarded_as_technology_pioneer_by_world_economic_forum/run.log

========================================================================
RUN FINISHED 2026-07-01 19:51:44  (OK)
Started:     2026-07-01 19:44:40
Elapsed:     6m 29s
========================================================================
