
========================================================================
RUN STARTED  2026-07-01 21:12:55
site_pipeline.py https://thequantuminsider.com/2020/09/05/research-group-gate42-is-putting-armenia-on-the-qc-map/
========================================================================

[21:12:55 +0s | thequantuminsider_2020_09_05_research_group_gate42_is_putting_armenia_on_the_qc_map] === 0 crawl site ===
[21:12:56 +1s | thequantuminsider_2020_09_05_research_group_gate42_is_putting_armenia_on_the_qc_map] [INIT].... → Crawl4AI 0.8.6 
[21:12:59 +4s | thequantuminsider_2020_09_05_research_group_gate42_is_putting_armenia_on_the_qc_map] [FETCH]... ↓ https://thequantuminsider.com/2020/09/05/research-group-gate42-is-putting-armenia-on-the-qc-map/     | ✓ | ⏱: 2.87s 
[21:12:59 +4s | thequantuminsider_2020_09_05_research_group_gate42_is_putting_armenia_on_the_qc_map] [SCRAPE].. ◆ https://thequantuminsider.com/2020/09/05/research-group-gate42-is-putting-armenia-on-the-qc-map/     | ✓ | ⏱: 0.09s 
[21:12:59 +4s | thequantuminsider_2020_09_05_research_group_gate42_is_putting_armenia_on_the_qc_map] [COMPLETE] ● https://thequantuminsider.com/2020/09/05/research-group-gate42-is-putting-armenia-on-the-qc-map/     | ✓ | ⏱: 2.99s 
[21:12:59 +4s | thequantuminsider_2020_09_05_research_group_gate42_is_putting_armenia_on_the_qc_map] Saved: crawl_output/1523fba0fc_thequantuminsider.com_2020_09_05_research-group-gate42-is-putting-armenia-on-the-qc-map.json

[21:12:59 +4s | thequantuminsider_2020_09_05_research_group_gate42_is_putting_armenia_on_the_qc_map] === 1 actor extraction ===
[21:12:59 +5s | thequantuminsider_2020_09_05_research_group_gate42_is_putting_armenia_on_the_qc_map] Reading page (1/1): https://thequantuminsider.com/2020/09/05/research-group-gate42-is-putting-armenia-on-the-qc-map
[21:12:59 +5s | thequantuminsider_2020_09_05_research_group_gate42_is_putting_armenia_on_the_qc_map] Extracting actors: https://thequantuminsider.com/2020/09/05/research-group-gate42-is-putting-armenia-on-the-qc-map (1/1), chunk 1/37
[21:13:05 +10s | thequantuminsider_2020_09_05_research_group_gate42_is_putting_armenia_on_the_qc_map] Repaired malformed JSON.
[21:13:05 +10s | thequantuminsider_2020_09_05_research_group_gate42_is_putting_armenia_on_the_qc_map] Extracting actors: https://thequantuminsider.com/2020/09/05/research-group-gate42-is-putting-armenia-on-the-qc-map (1/1), chunk 2/37
[21:13:15 +17s | thequantuminsider_2020_09_05_research_group_gate42_is_putting_armenia_on_the_qc_map] Repaired malformed JSON.
[21:13:15 +17s | thequantuminsider_2020_09_05_research_group_gate42_is_putting_armenia_on_the_qc_map] Extracting actors: https://thequantuminsider.com/2020/09/05/research-group-gate42-is-putting-armenia-on-the-qc-map (1/1), chunk 3/37
[21:13:21 +24s | thequantuminsider_2020_09_05_research_group_gate42_is_putting_armenia_on_the_qc_map] Repaired malformed JSON.
[21:13:21 +24s | thequantuminsider_2020_09_05_research_group_gate42_is_putting_armenia_on_the_qc_map] Extracting actors: https://thequantuminsider.com/2020/09/05/research-group-gate42-is-putting-armenia-on-the-qc-map (1/1), chunk 4/37
[21:13:28 +30s | thequantuminsider_2020_09_05_research_group_gate42_is_putting_armenia_on_the_qc_map] Repaired malformed JSON.
[21:13:28 +30s | thequantuminsider_2020_09_05_research_group_gate42_is_putting_armenia_on_the_qc_map] Extracting actors: https://thequantuminsider.com/2020/09/05/research-group-gate42-is-putting-armenia-on-the-qc-map (1/1), chunk 5/37
[21:13:33 +35s | thequantuminsider_2020_09_05_research_group_gate42_is_putting_armenia_on_the_qc_map] Repaired malformed JSON.
[21:13:33 +35s | thequantuminsider_2020_09_05_research_group_gate42_is_putting_armenia_on_the_qc_map] Extracting actors: https://thequantuminsider.com/2020/09/05/research-group-gate42-is-putting-armenia-on-the-qc-map (1/1), chunk 6/37
[21:13:40 +42s | thequantuminsider_2020_09_05_research_group_gate42_is_putting_armenia_on_the_qc_map] Repaired malformed JSON.
[21:13:40 +42s | thequantuminsider_2020_09_05_research_group_gate42_is_putting_armenia_on_the_qc_map] Extracting actors: https://thequantuminsider.com/2020/09/05/research-group-gate42-is-putting-armenia-on-the-qc-map (1/1), chunk 7/37
[21:13:48 +47s | thequantuminsider_2020_09_05_research_group_gate42_is_putting_armenia_on_the_qc_map] Repaired malformed JSON.
[21:13:48 +47s | thequantuminsider_2020_09_05_research_group_gate42_is_putting_armenia_on_the_qc_map] Extracting actors: https://thequantuminsider.com/2020/09/05/research-group-gate42-is-putting-armenia-on-the-qc-map (1/1), chunk 8/37
[21:13:54 +53s | thequantuminsider_2020_09_05_research_group_gate42_is_putting_armenia_on_the_qc_map] Repaired malformed JSON.
[21:13:54 +53s | thequantuminsider_2020_09_05_research_group_gate42_is_putting_armenia_on_the_qc_map] Extracting actors: https://thequantuminsider.com/2020/09/05/research-group-gate42-is-putting-armenia-on-the-qc-map (1/1), chunk 9/37
[21:13:59 +59s | thequantuminsider_2020_09_05_research_group_gate42_is_putting_armenia_on_the_qc_map] Repaired malformed JSON.
[21:13:59 +59s | thequantuminsider_2020_09_05_research_group_gate42_is_putting_armenia_on_the_qc_map] Extracting actors: https://thequantuminsider.com/2020/09/05/research-group-gate42-is-putting-armenia-on-the-qc-map (1/1), chunk 10/37
[21:14:04 +1m 3s | thequantuminsider_2020_09_05_research_group_gate42_is_putting_armenia_on_the_qc_map] Extracting actors: https://thequantuminsider.com/2020/09/05/research-group-gate42-is-putting-armenia-on-the-qc-map (1/1), chunk 11/37
[21:14:11 +1m 10s | thequantuminsider_2020_09_05_research_group_gate42_is_putting_armenia_on_the_qc_map] Repaired malformed JSON.
[21:14:11 +1m 10s | thequantuminsider_2020_09_05_research_group_gate42_is_putting_armenia_on_the_qc_map] Extracting actors: https://thequantuminsider.com/2020/09/05/research-group-gate42-is-putting-armenia-on-the-qc-map (1/1), chunk 12/37
[21:14:20 +1m 17s | thequantuminsider_2020_09_05_research_group_gate42_is_putting_armenia_on_the_qc_map] Repaired malformed JSON.
[21:14:20 +1m 17s | thequantuminsider_2020_09_05_research_group_gate42_is_putting_armenia_on_the_qc_map] Extracting actors: https://thequantuminsider.com/2020/09/05/research-group-gate42-is-putting-armenia-on-the-qc-map (1/1), chunk 13/37
[21:14:27 +1m 23s | thequantuminsider_2020_09_05_research_group_gate42_is_putting_armenia_on_the_qc_map] Repaired malformed JSON.
[21:14:27 +1m 23s | thequantuminsider_2020_09_05_research_group_gate42_is_putting_armenia_on_the_qc_map] Extracting actors: https://thequantuminsider.com/2020/09/05/research-group-gate42-is-putting-armenia-on-the-qc-map (1/1), chunk 14/37
[21:14:32 +1m 29s | thequantuminsider_2020_09_05_research_group_gate42_is_putting_armenia_on_the_qc_map] Repaired malformed JSON.
[21:14:32 +1m 29s | thequantuminsider_2020_09_05_research_group_gate42_is_putting_armenia_on_the_qc_map] Extracting actors: https://thequantuminsider.com/2020/09/05/research-group-gate42-is-putting-armenia-on-the-qc-map (1/1), chunk 15/37
[21:14:39 +1m 35s | thequantuminsider_2020_09_05_research_group_gate42_is_putting_armenia_on_the_qc_map] Repaired malformed JSON.
[21:14:39 +1m 35s | thequantuminsider_2020_09_05_research_group_gate42_is_putting_armenia_on_the_qc_map] Extracting actors: https://thequantuminsider.com/2020/09/05/research-group-gate42-is-putting-armenia-on-the-qc-map (1/1), chunk 16/37
[21:14:45 +1m 42s | thequantuminsider_2020_09_05_research_group_gate42_is_putting_armenia_on_the_qc_map] Repaired malformed JSON.
[21:14:45 +1m 42s | thequantuminsider_2020_09_05_research_group_gate42_is_putting_armenia_on_the_qc_map] Extracting actors: https://thequantuminsider.com/2020/09/05/research-group-gate42-is-putting-armenia-on-the-qc-map (1/1), chunk 17/37
[21:14:56 +1m 49s | thequantuminsider_2020_09_05_research_group_gate42_is_putting_armenia_on_the_qc_map] Repaired malformed JSON.
[21:14:56 +1m 49s | thequantuminsider_2020_09_05_research_group_gate42_is_putting_armenia_on_the_qc_map] Extracting actors: https://thequantuminsider.com/2020/09/05/research-group-gate42-is-putting-armenia-on-the-qc-map (1/1), chunk 18/37
[21:15:05 +1m 58s | thequantuminsider_2020_09_05_research_group_gate42_is_putting_armenia_on_the_qc_map] Repaired malformed JSON.
[21:15:05 +1m 58s | thequantuminsider_2020_09_05_research_group_gate42_is_putting_armenia_on_the_qc_map] Extracting actors: https://thequantuminsider.com/2020/09/05/research-group-gate42-is-putting-armenia-on-the-qc-map (1/1), chunk 19/37
[21:15:12 +2m 6s | thequantuminsider_2020_09_05_research_group_gate42_is_putting_armenia_on_the_qc_map] Repaired malformed JSON.
[21:15:12 +2m 6s | thequantuminsider_2020_09_05_research_group_gate42_is_putting_armenia_on_the_qc_map] Extracting actors: https://thequantuminsider.com/2020/09/05/research-group-gate42-is-putting-armenia-on-the-qc-map (1/1), chunk 20/37
[21:15:17 +2m 11s | thequantuminsider_2020_09_05_research_group_gate42_is_putting_armenia_on_the_qc_map] Repaired malformed JSON.
[21:15:17 +2m 11s | thequantuminsider_2020_09_05_research_group_gate42_is_putting_armenia_on_the_qc_map] Extracting actors: https://thequantuminsider.com/2020/09/05/research-group-gate42-is-putting-armenia-on-the-qc-map (1/1), chunk 21/37
[21:15:24 +2m 17s | thequantuminsider_2020_09_05_research_group_gate42_is_putting_armenia_on_the_qc_map] Repaired malformed JSON.
[21:15:24 +2m 17s | thequantuminsider_2020_09_05_research_group_gate42_is_putting_armenia_on_the_qc_map] Extracting actors: https://thequantuminsider.com/2020/09/05/research-group-gate42-is-putting-armenia-on-the-qc-map (1/1), chunk 22/37
[21:15:33 +2m 24s | thequantuminsider_2020_09_05_research_group_gate42_is_putting_armenia_on_the_qc_map] Repaired malformed JSON.
[21:15:33 +2m 24s | thequantuminsider_2020_09_05_research_group_gate42_is_putting_armenia_on_the_qc_map] Extracting actors: https://thequantuminsider.com/2020/09/05/research-group-gate42-is-putting-armenia-on-the-qc-map (1/1), chunk 23/37
[21:15:41 +2m 31s | thequantuminsider_2020_09_05_research_group_gate42_is_putting_armenia_on_the_qc_map] Repaired malformed JSON.
[21:15:41 +2m 31s | thequantuminsider_2020_09_05_research_group_gate42_is_putting_armenia_on_the_qc_map] Extracting actors: https://thequantuminsider.com/2020/09/05/research-group-gate42-is-putting-armenia-on-the-qc-map (1/1), chunk 24/37
[21:15:46 +2m 37s | thequantuminsider_2020_09_05_research_group_gate42_is_putting_armenia_on_the_qc_map] Repaired malformed JSON.
[21:15:46 +2m 37s | thequantuminsider_2020_09_05_research_group_gate42_is_putting_armenia_on_the_qc_map] Extracting actors: https://thequantuminsider.com/2020/09/05/research-group-gate42-is-putting-armenia-on-the-qc-map (1/1), chunk 25/37
[21:15:52 +2m 42s | thequantuminsider_2020_09_05_research_group_gate42_is_putting_armenia_on_the_qc_map] Extracting actors: https://thequantuminsider.com/2020/09/05/research-group-gate42-is-putting-armenia-on-the-qc-map (1/1), chunk 26/37
[21:15:59 +2m 49s | thequantuminsider_2020_09_05_research_group_gate42_is_putting_armenia_on_the_qc_map] Repaired malformed JSON.
[21:15:59 +2m 49s | thequantuminsider_2020_09_05_research_group_gate42_is_putting_armenia_on_the_qc_map] Extracting actors: https://thequantuminsider.com/2020/09/05/research-group-gate42-is-putting-armenia-on-the-qc-map (1/1), chunk 27/37
[21:16:08 +2m 56s | thequantuminsider_2020_09_05_research_group_gate42_is_putting_armenia_on_the_qc_map] Extracting actors: https://thequantuminsider.com/2020/09/05/research-group-gate42-is-putting-armenia-on-the-qc-map (1/1), chunk 28/37
[21:16:16 +3m 3s | thequantuminsider_2020_09_05_research_group_gate42_is_putting_armenia_on_the_qc_map] Extracting actors: https://thequantuminsider.com/2020/09/05/research-group-gate42-is-putting-armenia-on-the-qc-map (1/1), chunk 29/37
[21:16:22 +3m 10s | thequantuminsider_2020_09_05_research_group_gate42_is_putting_armenia_on_the_qc_map] Repaired malformed JSON.
[21:16:22 +3m 10s | thequantuminsider_2020_09_05_research_group_gate42_is_putting_armenia_on_the_qc_map] Extracting actors: https://thequantuminsider.com/2020/09/05/research-group-gate42-is-putting-armenia-on-the-qc-map (1/1), chunk 30/37
[21:16:29 +3m 17s | thequantuminsider_2020_09_05_research_group_gate42_is_putting_armenia_on_the_qc_map] Repaired malformed JSON.
[21:16:29 +3m 17s | thequantuminsider_2020_09_05_research_group_gate42_is_putting_armenia_on_the_qc_map] Extracting actors: https://thequantuminsider.com/2020/09/05/research-group-gate42-is-putting-armenia-on-the-qc-map (1/1), chunk 31/37
[21:16:37 +3m 24s | thequantuminsider_2020_09_05_research_group_gate42_is_putting_armenia_on_the_qc_map] Repaired malformed JSON.
[21:16:37 +3m 24s | thequantuminsider_2020_09_05_research_group_gate42_is_putting_armenia_on_the_qc_map] Extracting actors: https://thequantuminsider.com/2020/09/05/research-group-gate42-is-putting-armenia-on-the-qc-map (1/1), chunk 32/37
[21:16:45 +3m 30s | thequantuminsider_2020_09_05_research_group_gate42_is_putting_armenia_on_the_qc_map] Repaired malformed JSON.
[21:16:45 +3m 30s | thequantuminsider_2020_09_05_research_group_gate42_is_putting_armenia_on_the_qc_map] Extracting actors: https://thequantuminsider.com/2020/09/05/research-group-gate42-is-putting-armenia-on-the-qc-map (1/1), chunk 33/37
[21:16:52 +3m 37s | thequantuminsider_2020_09_05_research_group_gate42_is_putting_armenia_on_the_qc_map] Repaired malformed JSON.
[21:16:52 +3m 37s | thequantuminsider_2020_09_05_research_group_gate42_is_putting_armenia_on_the_qc_map] Extracting actors: https://thequantuminsider.com/2020/09/05/research-group-gate42-is-putting-armenia-on-the-qc-map (1/1), chunk 34/37
[21:16:59 +3m 44s | thequantuminsider_2020_09_05_research_group_gate42_is_putting_armenia_on_the_qc_map] Repaired malformed JSON.
[21:16:59 +3m 44s | thequantuminsider_2020_09_05_research_group_gate42_is_putting_armenia_on_the_qc_map] Extracting actors: https://thequantuminsider.com/2020/09/05/research-group-gate42-is-putting-armenia-on-the-qc-map (1/1), chunk 35/37
[21:17:06 +3m 51s | thequantuminsider_2020_09_05_research_group_gate42_is_putting_armenia_on_the_qc_map] Repaired malformed JSON.
[21:17:06 +3m 51s | thequantuminsider_2020_09_05_research_group_gate42_is_putting_armenia_on_the_qc_map] Extracting actors: https://thequantuminsider.com/2020/09/05/research-group-gate42-is-putting-armenia-on-the-qc-map (1/1), chunk 36/37
[21:17:11 +3m 56s | thequantuminsider_2020_09_05_research_group_gate42_is_putting_armenia_on_the_qc_map] Repaired malformed JSON.
[21:17:11 +3m 56s | thequantuminsider_2020_09_05_research_group_gate42_is_putting_armenia_on_the_qc_map] Extracting actors: https://thequantuminsider.com/2020/09/05/research-group-gate42-is-putting-armenia-on-the-qc-map (1/1), chunk 37/37
[21:17:20 +4m 2s | thequantuminsider_2020_09_05_research_group_gate42_is_putting_armenia_on_the_qc_map] Repaired malformed JSON.
[21:17:20 +4m 2s | thequantuminsider_2020_09_05_research_group_gate42_is_putting_armenia_on_the_qc_map] Saved 1_actor_results.json with 69 extracted records

[21:17:20 +4m 2s | thequantuminsider_2020_09_05_research_group_gate42_is_putting_armenia_on_the_qc_map] === 2 clean actors ===
[21:17:20 +4m 2s | thequantuminsider_2020_09_05_research_group_gate42_is_putting_armenia_on_the_qc_map] Loaded 69 extracted records
[21:17:20 +4m 2s | thequantuminsider_2020_09_05_research_group_gate42_is_putting_armenia_on_the_qc_map] Saved 2_actor_nodes.json with 19 canonical actor nodes

[21:17:20 +4m 2s | thequantuminsider_2020_09_05_research_group_gate42_is_putting_armenia_on_the_qc_map] === 3 interaction extraction ===
[21:17:21 +4m 3s | thequantuminsider_2020_09_05_research_group_gate42_is_putting_armenia_on_the_qc_map] Extracting interactions: https://thequantuminsider.com/2020/09/05/research-group-gate42-is-putting-armenia-on-the-qc-map (1/1), chunk 11/37
[21:17:27 +4m 9s | thequantuminsider_2020_09_05_research_group_gate42_is_putting_armenia_on_the_qc_map] Extracting interactions: https://thequantuminsider.com/2020/09/05/research-group-gate42-is-putting-armenia-on-the-qc-map (1/1), chunk 13/37
[21:17:32 +4m 13s | thequantuminsider_2020_09_05_research_group_gate42_is_putting_armenia_on_the_qc_map] Extracting interactions: https://thequantuminsider.com/2020/09/05/research-group-gate42-is-putting-armenia-on-the-qc-map (1/1), chunk 14/37
[21:17:55 +4m 34s | thequantuminsider_2020_09_05_research_group_gate42_is_putting_armenia_on_the_qc_map] Extracting interactions: https://thequantuminsider.com/2020/09/05/research-group-gate42-is-putting-armenia-on-the-qc-map (1/1), chunk 15/37
[21:18:01 +4m 40s | thequantuminsider_2020_09_05_research_group_gate42_is_putting_armenia_on_the_qc_map] Extracting interactions: https://thequantuminsider.com/2020/09/05/research-group-gate42-is-putting-armenia-on-the-qc-map (1/1), chunk 16/37
[21:18:08 +4m 47s | thequantuminsider_2020_09_05_research_group_gate42_is_putting_armenia_on_the_qc_map] Extracting interactions: https://thequantuminsider.com/2020/09/05/research-group-gate42-is-putting-armenia-on-the-qc-map (1/1), chunk 17/37
[21:18:11 +4m 50s | thequantuminsider_2020_09_05_research_group_gate42_is_putting_armenia_on_the_qc_map] Extracting interactions: https://thequantuminsider.com/2020/09/05/research-group-gate42-is-putting-armenia-on-the-qc-map (1/1), chunk 18/37
[21:18:18 +4m 57s | thequantuminsider_2020_09_05_research_group_gate42_is_putting_armenia_on_the_qc_map] Extracting interactions: https://thequantuminsider.com/2020/09/05/research-group-gate42-is-putting-armenia-on-the-qc-map (1/1), chunk 19/37
[21:18:21 +5m 0s | thequantuminsider_2020_09_05_research_group_gate42_is_putting_armenia_on_the_qc_map] Extracting interactions: https://thequantuminsider.com/2020/09/05/research-group-gate42-is-putting-armenia-on-the-qc-map (1/1), chunk 20/37
[21:18:38 +5m 14s | thequantuminsider_2020_09_05_research_group_gate42_is_putting_armenia_on_the_qc_map] Extracting interactions: https://thequantuminsider.com/2020/09/05/research-group-gate42-is-putting-armenia-on-the-qc-map (1/1), chunk 21/37
[21:18:50 +5m 26s | thequantuminsider_2020_09_05_research_group_gate42_is_putting_armenia_on_the_qc_map] Extracting interactions: https://thequantuminsider.com/2020/09/05/research-group-gate42-is-putting-armenia-on-the-qc-map (1/1), chunk 22/37
[21:18:56 +5m 32s | thequantuminsider_2020_09_05_research_group_gate42_is_putting_armenia_on_the_qc_map] Extracting interactions: https://thequantuminsider.com/2020/09/05/research-group-gate42-is-putting-armenia-on-the-qc-map (1/1), chunk 23/37
[21:19:05 +5m 38s | thequantuminsider_2020_09_05_research_group_gate42_is_putting_armenia_on_the_qc_map] Extracting interactions: https://thequantuminsider.com/2020/09/05/research-group-gate42-is-putting-armenia-on-the-qc-map (1/1), chunk 26/37
[21:19:10 +5m 43s | thequantuminsider_2020_09_05_research_group_gate42_is_putting_armenia_on_the_qc_map] Extracting interactions: https://thequantuminsider.com/2020/09/05/research-group-gate42-is-putting-armenia-on-the-qc-map (1/1), chunk 27/37
[21:19:11 +5m 44s | thequantuminsider_2020_09_05_research_group_gate42_is_putting_armenia_on_the_qc_map] Extracting interactions: https://thequantuminsider.com/2020/09/05/research-group-gate42-is-putting-armenia-on-the-qc-map (1/1), chunk 28/37
[21:19:13 +5m 46s | thequantuminsider_2020_09_05_research_group_gate42_is_putting_armenia_on_the_qc_map] Extracting interactions: https://thequantuminsider.com/2020/09/05/research-group-gate42-is-putting-armenia-on-the-qc-map (1/1), chunk 30/37
[21:19:14 +5m 47s | thequantuminsider_2020_09_05_research_group_gate42_is_putting_armenia_on_the_qc_map] Extracting interactions: https://thequantuminsider.com/2020/09/05/research-group-gate42-is-putting-armenia-on-the-qc-map (1/1), chunk 31/37
[21:19:16 +5m 49s | thequantuminsider_2020_09_05_research_group_gate42_is_putting_armenia_on_the_qc_map] Extracting interactions: https://thequantuminsider.com/2020/09/05/research-group-gate42-is-putting-armenia-on-the-qc-map (1/1), chunk 32/37
[21:19:20 +5m 53s | thequantuminsider_2020_09_05_research_group_gate42_is_putting_armenia_on_the_qc_map] Extracting interactions: https://thequantuminsider.com/2020/09/05/research-group-gate42-is-putting-armenia-on-the-qc-map (1/1), chunk 33/37
[21:19:22 +5m 55s | thequantuminsider_2020_09_05_research_group_gate42_is_putting_armenia_on_the_qc_map] Extracting interactions: https://thequantuminsider.com/2020/09/05/research-group-gate42-is-putting-armenia-on-the-qc-map (1/1), chunk 35/37
[21:19:24 +5m 57s | thequantuminsider_2020_09_05_research_group_gate42_is_putting_armenia_on_the_qc_map] Extracting interactions: https://thequantuminsider.com/2020/09/05/research-group-gate42-is-putting-armenia-on-the-qc-map (1/1), chunk 36/37
[21:20:03 +6m 33s | thequantuminsider_2020_09_05_research_group_gate42_is_putting_armenia_on_the_qc_map] Extracting interactions: https://thequantuminsider.com/2020/09/05/research-group-gate42-is-putting-armenia-on-the-qc-map (1/1), chunk 37/37
[21:20:04 +6m 34s | thequantuminsider_2020_09_05_research_group_gate42_is_putting_armenia_on_the_qc_map] Saved 3_interaction_results.json with 29 extracted interactions.

[21:20:04 +6m 34s | thequantuminsider_2020_09_05_research_group_gate42_is_putting_armenia_on_the_qc_map] === 4 clean interactions ===
[21:20:04 +6m 34s | thequantuminsider_2020_09_05_research_group_gate42_is_putting_armenia_on_the_qc_map] Saved 4_edges.json with 0 cleaned interactions.

[21:20:04 +6m 34s | thequantuminsider_2020_09_05_research_group_gate42_is_putting_armenia_on_the_qc_map] === 5 helix enrichment ===
[21:20:04 +6m 35s | thequantuminsider_2020_09_05_research_group_gate42_is_putting_armenia_on_the_qc_map] Wrote 5_nodes.json (19 actors)
[21:20:04 +6m 35s | thequantuminsider_2020_09_05_research_group_gate42_is_putting_armenia_on_the_qc_map] Wrote 5_edges.json (0 interactions)
[21:20:04 +6m 35s | thequantuminsider_2020_09_05_research_group_gate42_is_putting_armenia_on_the_qc_map] Actor helix counts: {'Academia': 1, 'Civil Society': 3, 'Government': 2, 'Industry': 4, 'Intermediary': 1, 'Unknown': 8}
[21:20:04 +6m 35s | thequantuminsider_2020_09_05_research_group_gate42_is_putting_armenia_on_the_qc_map] Functional-space counts: {}

[21:20:05 +6m 35s | thequantuminsider_2020_09_05_research_group_gate42_is_putting_armenia_on_the_qc_map] === 6 network visualisation ===
[21:20:05 +6m 35s | thequantuminsider_2020_09_05_research_group_gate42_is_putting_armenia_on_the_qc_map] Wrote quantum_network.html
[21:20:05 +6m 35s | thequantuminsider_2020_09_05_research_group_gate42_is_putting_armenia_on_the_qc_map] Nodes: 19
[21:20:05 +6m 35s | thequantuminsider_2020_09_05_research_group_gate42_is_putting_armenia_on_the_qc_map] Edges: 0

[21:20:05 +6m 35s | thequantuminsider_2020_09_05_research_group_gate42_is_putting_armenia_on_the_qc_map] Done. Outputs written to: /home/lv/IDP/idpdeeptech/pipeline/news_outputs/thequantuminsider_2020_09_05_research_group_gate42_is_putting_armenia_on_the_qc_map
[21:20:05 +6m 35s | thequantuminsider_2020_09_05_research_group_gate42_is_putting_armenia_on_the_qc_map] Log: /home/lv/IDP/idpdeeptech/pipeline/news_outputs/thequantuminsider_2020_09_05_research_group_gate42_is_putting_armenia_on_the_qc_map/run.log

========================================================================
RUN FINISHED 2026-07-01 21:20:05  (OK)
Started:     2026-07-01 21:12:55
Elapsed:     6m 35s
========================================================================
