
========================================================================
RUN STARTED  2026-07-01 21:15:03
site_pipeline.py https://thequantuminsider.com/2020/09/09/q-ctrl-and-quantum-machines-announce-partnership-to-accelerate-quantum-computing-development/
========================================================================

[21:15:03 +0s | thequantuminsider_2020_09_09_q_ctrl_and_quantum_machines_announce_partnership_to_accelera_3c6cb5d9] === 0 crawl site ===
[21:15:05 +1s | thequantuminsider_2020_09_09_q_ctrl_and_quantum_machines_announce_partnership_to_accelera_3c6cb5d9] [INIT].... → Crawl4AI 0.8.6 
[21:15:08 +4s | thequantuminsider_2020_09_09_q_ctrl_and_quantum_machines_announce_partnership_to_accelera_3c6cb5d9] [FETCH]... ↓ https://thequantuminsider.com/2020/09/09/q-ctrl-...hip-to-accelerate-quantum-computing-development/  | ✓ | ⏱: 2.91s 
[21:15:08 +4s | thequantuminsider_2020_09_09_q_ctrl_and_quantum_machines_announce_partnership_to_accelera_3c6cb5d9] [SCRAPE].. ◆ https://thequantuminsider.com/2020/09/09/q-ctrl-...hip-to-accelerate-quantum-computing-development/  | ✓ | ⏱: 0.12s 
[21:15:08 +4s | thequantuminsider_2020_09_09_q_ctrl_and_quantum_machines_announce_partnership_to_accelera_3c6cb5d9] [COMPLETE] ● https://thequantuminsider.com/2020/09/09/q-ctrl-...hip-to-accelerate-quantum-computing-development/  | ✓ | ⏱: 3.04s 
[21:15:08 +4s | thequantuminsider_2020_09_09_q_ctrl_and_quantum_machines_announce_partnership_to_accelera_3c6cb5d9] Saved: crawl_output/5715b88303_thequantuminsider.com_2020_09_09_q-ctrl-and-quantum-machines-announce-partnership-to-accelerate-quantum-computing-development.json

[21:15:08 +5s | thequantuminsider_2020_09_09_q_ctrl_and_quantum_machines_announce_partnership_to_accelera_3c6cb5d9] === 1 actor extraction ===
[21:15:08 +5s | thequantuminsider_2020_09_09_q_ctrl_and_quantum_machines_announce_partnership_to_accelera_3c6cb5d9] Reading page (1/1): https://thequantuminsider.com/2020/09/09/q-ctrl-and-quantum-machines-announce-partnership-to-accelerate-quantum-computing-development
[21:15:08 +5s | thequantuminsider_2020_09_09_q_ctrl_and_quantum_machines_announce_partnership_to_accelera_3c6cb5d9] Extracting actors: https://thequantuminsider.com/2020/09/09/q-ctrl-and-quantum-machines-announce-partnership-to-accelerate-quantum-computing-development (1/1), chunk 1/38
[21:15:18 +14s | thequantuminsider_2020_09_09_q_ctrl_and_quantum_machines_announce_partnership_to_accelera_3c6cb5d9] Repaired malformed JSON.
[21:15:18 +14s | thequantuminsider_2020_09_09_q_ctrl_and_quantum_machines_announce_partnership_to_accelera_3c6cb5d9] Extracting actors: https://thequantuminsider.com/2020/09/09/q-ctrl-and-quantum-machines-announce-partnership-to-accelerate-quantum-computing-development (1/1), chunk 2/38
[21:15:25 +22s | thequantuminsider_2020_09_09_q_ctrl_and_quantum_machines_announce_partnership_to_accelera_3c6cb5d9] Repaired malformed JSON.
[21:15:25 +22s | thequantuminsider_2020_09_09_q_ctrl_and_quantum_machines_announce_partnership_to_accelera_3c6cb5d9] Extracting actors: https://thequantuminsider.com/2020/09/09/q-ctrl-and-quantum-machines-announce-partnership-to-accelerate-quantum-computing-development (1/1), chunk 3/38
[21:15:32 +26s | thequantuminsider_2020_09_09_q_ctrl_and_quantum_machines_announce_partnership_to_accelera_3c6cb5d9] Extracting actors: https://thequantuminsider.com/2020/09/09/q-ctrl-and-quantum-machines-announce-partnership-to-accelerate-quantum-computing-development (1/1), chunk 4/38
[21:15:39 +32s | thequantuminsider_2020_09_09_q_ctrl_and_quantum_machines_announce_partnership_to_accelera_3c6cb5d9] Repaired malformed JSON.
[21:15:39 +32s | thequantuminsider_2020_09_09_q_ctrl_and_quantum_machines_announce_partnership_to_accelera_3c6cb5d9] Extracting actors: https://thequantuminsider.com/2020/09/09/q-ctrl-and-quantum-machines-announce-partnership-to-accelerate-quantum-computing-development (1/1), chunk 5/38
[21:15:47 +41s | thequantuminsider_2020_09_09_q_ctrl_and_quantum_machines_announce_partnership_to_accelera_3c6cb5d9] Repaired malformed JSON.
[21:15:47 +41s | thequantuminsider_2020_09_09_q_ctrl_and_quantum_machines_announce_partnership_to_accelera_3c6cb5d9] Extracting actors: https://thequantuminsider.com/2020/09/09/q-ctrl-and-quantum-machines-announce-partnership-to-accelerate-quantum-computing-development (1/1), chunk 6/38
[21:15:52 +45s | thequantuminsider_2020_09_09_q_ctrl_and_quantum_machines_announce_partnership_to_accelera_3c6cb5d9] Extracting actors: https://thequantuminsider.com/2020/09/09/q-ctrl-and-quantum-machines-announce-partnership-to-accelerate-quantum-computing-development (1/1), chunk 7/38
[21:16:00 +54s | thequantuminsider_2020_09_09_q_ctrl_and_quantum_machines_announce_partnership_to_accelera_3c6cb5d9] Repaired malformed JSON.
[21:16:00 +54s | thequantuminsider_2020_09_09_q_ctrl_and_quantum_machines_announce_partnership_to_accelera_3c6cb5d9] Extracting actors: https://thequantuminsider.com/2020/09/09/q-ctrl-and-quantum-machines-announce-partnership-to-accelerate-quantum-computing-development (1/1), chunk 8/38
[21:16:11 +1m 1s | thequantuminsider_2020_09_09_q_ctrl_and_quantum_machines_announce_partnership_to_accelera_3c6cb5d9] Repaired malformed JSON.
[21:16:11 +1m 1s | thequantuminsider_2020_09_09_q_ctrl_and_quantum_machines_announce_partnership_to_accelera_3c6cb5d9] Extracting actors: https://thequantuminsider.com/2020/09/09/q-ctrl-and-quantum-machines-announce-partnership-to-accelerate-quantum-computing-development (1/1), chunk 9/38
[21:16:17 +1m 7s | thequantuminsider_2020_09_09_q_ctrl_and_quantum_machines_announce_partnership_to_accelera_3c6cb5d9] Extracting actors: https://thequantuminsider.com/2020/09/09/q-ctrl-and-quantum-machines-announce-partnership-to-accelerate-quantum-computing-development (1/1), chunk 10/38
[21:16:22 +1m 12s | thequantuminsider_2020_09_09_q_ctrl_and_quantum_machines_announce_partnership_to_accelera_3c6cb5d9] Extracting actors: https://thequantuminsider.com/2020/09/09/q-ctrl-and-quantum-machines-announce-partnership-to-accelerate-quantum-computing-development (1/1), chunk 11/38
[21:16:27 +1m 18s | thequantuminsider_2020_09_09_q_ctrl_and_quantum_machines_announce_partnership_to_accelera_3c6cb5d9] Repaired malformed JSON.
[21:16:27 +1m 18s | thequantuminsider_2020_09_09_q_ctrl_and_quantum_machines_announce_partnership_to_accelera_3c6cb5d9] Extracting actors: https://thequantuminsider.com/2020/09/09/q-ctrl-and-quantum-machines-announce-partnership-to-accelerate-quantum-computing-development (1/1), chunk 12/38
[21:16:34 +1m 25s | thequantuminsider_2020_09_09_q_ctrl_and_quantum_machines_announce_partnership_to_accelera_3c6cb5d9] Repaired malformed JSON.
[21:16:34 +1m 25s | thequantuminsider_2020_09_09_q_ctrl_and_quantum_machines_announce_partnership_to_accelera_3c6cb5d9] Extracting actors: https://thequantuminsider.com/2020/09/09/q-ctrl-and-quantum-machines-announce-partnership-to-accelerate-quantum-computing-development (1/1), chunk 13/38
[21:16:46 +1m 33s | thequantuminsider_2020_09_09_q_ctrl_and_quantum_machines_announce_partnership_to_accelera_3c6cb5d9] Repaired malformed JSON.
[21:16:46 +1m 33s | thequantuminsider_2020_09_09_q_ctrl_and_quantum_machines_announce_partnership_to_accelera_3c6cb5d9] Extracting actors: https://thequantuminsider.com/2020/09/09/q-ctrl-and-quantum-machines-announce-partnership-to-accelerate-quantum-computing-development (1/1), chunk 14/38
[21:16:52 +1m 39s | thequantuminsider_2020_09_09_q_ctrl_and_quantum_machines_announce_partnership_to_accelera_3c6cb5d9] Repaired malformed JSON.
[21:16:52 +1m 39s | thequantuminsider_2020_09_09_q_ctrl_and_quantum_machines_announce_partnership_to_accelera_3c6cb5d9] Extracting actors: https://thequantuminsider.com/2020/09/09/q-ctrl-and-quantum-machines-announce-partnership-to-accelerate-quantum-computing-development (1/1), chunk 15/38
[21:17:00 +1m 48s | thequantuminsider_2020_09_09_q_ctrl_and_quantum_machines_announce_partnership_to_accelera_3c6cb5d9] Repaired malformed JSON.
[21:17:00 +1m 48s | thequantuminsider_2020_09_09_q_ctrl_and_quantum_machines_announce_partnership_to_accelera_3c6cb5d9] Extracting actors: https://thequantuminsider.com/2020/09/09/q-ctrl-and-quantum-machines-announce-partnership-to-accelerate-quantum-computing-development (1/1), chunk 16/38
[21:17:08 +1m 56s | thequantuminsider_2020_09_09_q_ctrl_and_quantum_machines_announce_partnership_to_accelera_3c6cb5d9] Repaired malformed JSON.
[21:17:08 +1m 56s | thequantuminsider_2020_09_09_q_ctrl_and_quantum_machines_announce_partnership_to_accelera_3c6cb5d9] Extracting actors: https://thequantuminsider.com/2020/09/09/q-ctrl-and-quantum-machines-announce-partnership-to-accelerate-quantum-computing-development (1/1), chunk 17/38
[21:17:17 +2m 2s | thequantuminsider_2020_09_09_q_ctrl_and_quantum_machines_announce_partnership_to_accelera_3c6cb5d9] Repaired malformed JSON.
[21:17:17 +2m 2s | thequantuminsider_2020_09_09_q_ctrl_and_quantum_machines_announce_partnership_to_accelera_3c6cb5d9] Extracting actors: https://thequantuminsider.com/2020/09/09/q-ctrl-and-quantum-machines-announce-partnership-to-accelerate-quantum-computing-development (1/1), chunk 18/38
[21:17:24 +2m 9s | thequantuminsider_2020_09_09_q_ctrl_and_quantum_machines_announce_partnership_to_accelera_3c6cb5d9] Repaired malformed JSON.
[21:17:24 +2m 9s | thequantuminsider_2020_09_09_q_ctrl_and_quantum_machines_announce_partnership_to_accelera_3c6cb5d9] Extracting actors: https://thequantuminsider.com/2020/09/09/q-ctrl-and-quantum-machines-announce-partnership-to-accelerate-quantum-computing-development (1/1), chunk 19/38
[21:17:32 +2m 16s | thequantuminsider_2020_09_09_q_ctrl_and_quantum_machines_announce_partnership_to_accelera_3c6cb5d9] Repaired malformed JSON.
[21:17:32 +2m 16s | thequantuminsider_2020_09_09_q_ctrl_and_quantum_machines_announce_partnership_to_accelera_3c6cb5d9] Extracting actors: https://thequantuminsider.com/2020/09/09/q-ctrl-and-quantum-machines-announce-partnership-to-accelerate-quantum-computing-development (1/1), chunk 20/38
[21:17:39 +2m 24s | thequantuminsider_2020_09_09_q_ctrl_and_quantum_machines_announce_partnership_to_accelera_3c6cb5d9] Repaired malformed JSON.
[21:17:39 +2m 24s | thequantuminsider_2020_09_09_q_ctrl_and_quantum_machines_announce_partnership_to_accelera_3c6cb5d9] Extracting actors: https://thequantuminsider.com/2020/09/09/q-ctrl-and-quantum-machines-announce-partnership-to-accelerate-quantum-computing-development (1/1), chunk 21/38
[21:17:45 +2m 30s | thequantuminsider_2020_09_09_q_ctrl_and_quantum_machines_announce_partnership_to_accelera_3c6cb5d9] Repaired malformed JSON.
[21:17:45 +2m 30s | thequantuminsider_2020_09_09_q_ctrl_and_quantum_machines_announce_partnership_to_accelera_3c6cb5d9] Extracting actors: https://thequantuminsider.com/2020/09/09/q-ctrl-and-quantum-machines-announce-partnership-to-accelerate-quantum-computing-development (1/1), chunk 22/38
[21:17:56 +2m 38s | thequantuminsider_2020_09_09_q_ctrl_and_quantum_machines_announce_partnership_to_accelera_3c6cb5d9] Repaired malformed JSON.
[21:17:56 +2m 38s | thequantuminsider_2020_09_09_q_ctrl_and_quantum_machines_announce_partnership_to_accelera_3c6cb5d9] Extracting actors: https://thequantuminsider.com/2020/09/09/q-ctrl-and-quantum-machines-announce-partnership-to-accelerate-quantum-computing-development (1/1), chunk 23/38
[21:18:02 +2m 44s | thequantuminsider_2020_09_09_q_ctrl_and_quantum_machines_announce_partnership_to_accelera_3c6cb5d9] Repaired malformed JSON.
[21:18:02 +2m 44s | thequantuminsider_2020_09_09_q_ctrl_and_quantum_machines_announce_partnership_to_accelera_3c6cb5d9] Extracting actors: https://thequantuminsider.com/2020/09/09/q-ctrl-and-quantum-machines-announce-partnership-to-accelerate-quantum-computing-development (1/1), chunk 24/38
[21:18:09 +2m 51s | thequantuminsider_2020_09_09_q_ctrl_and_quantum_machines_announce_partnership_to_accelera_3c6cb5d9] Repaired malformed JSON.
[21:18:09 +2m 51s | thequantuminsider_2020_09_09_q_ctrl_and_quantum_machines_announce_partnership_to_accelera_3c6cb5d9] Extracting actors: https://thequantuminsider.com/2020/09/09/q-ctrl-and-quantum-machines-announce-partnership-to-accelerate-quantum-computing-development (1/1), chunk 25/38
[21:18:16 +2m 58s | thequantuminsider_2020_09_09_q_ctrl_and_quantum_machines_announce_partnership_to_accelera_3c6cb5d9] Repaired malformed JSON.
[21:18:16 +2m 58s | thequantuminsider_2020_09_09_q_ctrl_and_quantum_machines_announce_partnership_to_accelera_3c6cb5d9] Extracting actors: https://thequantuminsider.com/2020/09/09/q-ctrl-and-quantum-machines-announce-partnership-to-accelerate-quantum-computing-development (1/1), chunk 26/38
[21:18:26 +3m 5s | thequantuminsider_2020_09_09_q_ctrl_and_quantum_machines_announce_partnership_to_accelera_3c6cb5d9] Extracting actors: https://thequantuminsider.com/2020/09/09/q-ctrl-and-quantum-machines-announce-partnership-to-accelerate-quantum-computing-development (1/1), chunk 27/38
[21:18:34 +3m 13s | thequantuminsider_2020_09_09_q_ctrl_and_quantum_machines_announce_partnership_to_accelera_3c6cb5d9] Repaired malformed JSON.
[21:18:34 +3m 13s | thequantuminsider_2020_09_09_q_ctrl_and_quantum_machines_announce_partnership_to_accelera_3c6cb5d9] Extracting actors: https://thequantuminsider.com/2020/09/09/q-ctrl-and-quantum-machines-announce-partnership-to-accelerate-quantum-computing-development (1/1), chunk 28/38
[21:18:38 +3m 17s | thequantuminsider_2020_09_09_q_ctrl_and_quantum_machines_announce_partnership_to_accelera_3c6cb5d9] Extracting actors: https://thequantuminsider.com/2020/09/09/q-ctrl-and-quantum-machines-announce-partnership-to-accelerate-quantum-computing-development (1/1), chunk 29/38
[21:18:40 +3m 19s | thequantuminsider_2020_09_09_q_ctrl_and_quantum_machines_announce_partnership_to_accelera_3c6cb5d9] Extracting actors: https://thequantuminsider.com/2020/09/09/q-ctrl-and-quantum-machines-announce-partnership-to-accelerate-quantum-computing-development (1/1), chunk 30/38
[21:18:41 +3m 20s | thequantuminsider_2020_09_09_q_ctrl_and_quantum_machines_announce_partnership_to_accelera_3c6cb5d9] Extracting actors: https://thequantuminsider.com/2020/09/09/q-ctrl-and-quantum-machines-announce-partnership-to-accelerate-quantum-computing-development (1/1), chunk 31/38
[21:18:50 +3m 29s | thequantuminsider_2020_09_09_q_ctrl_and_quantum_machines_announce_partnership_to_accelera_3c6cb5d9] Repaired malformed JSON.
[21:18:50 +3m 29s | thequantuminsider_2020_09_09_q_ctrl_and_quantum_machines_announce_partnership_to_accelera_3c6cb5d9] Extracting actors: https://thequantuminsider.com/2020/09/09/q-ctrl-and-quantum-machines-announce-partnership-to-accelerate-quantum-computing-development (1/1), chunk 32/38
[21:18:57 +3m 36s | thequantuminsider_2020_09_09_q_ctrl_and_quantum_machines_announce_partnership_to_accelera_3c6cb5d9] Repaired malformed JSON.
[21:18:57 +3m 36s | thequantuminsider_2020_09_09_q_ctrl_and_quantum_machines_announce_partnership_to_accelera_3c6cb5d9] Extracting actors: https://thequantuminsider.com/2020/09/09/q-ctrl-and-quantum-machines-announce-partnership-to-accelerate-quantum-computing-development (1/1), chunk 33/38
[21:19:05 +3m 41s | thequantuminsider_2020_09_09_q_ctrl_and_quantum_machines_announce_partnership_to_accelera_3c6cb5d9] Repaired malformed JSON.
[21:19:05 +3m 41s | thequantuminsider_2020_09_09_q_ctrl_and_quantum_machines_announce_partnership_to_accelera_3c6cb5d9] Extracting actors: https://thequantuminsider.com/2020/09/09/q-ctrl-and-quantum-machines-announce-partnership-to-accelerate-quantum-computing-development (1/1), chunk 34/38
[21:19:13 +3m 49s | thequantuminsider_2020_09_09_q_ctrl_and_quantum_machines_announce_partnership_to_accelera_3c6cb5d9] Repaired malformed JSON.
[21:19:13 +3m 49s | thequantuminsider_2020_09_09_q_ctrl_and_quantum_machines_announce_partnership_to_accelera_3c6cb5d9] Extracting actors: https://thequantuminsider.com/2020/09/09/q-ctrl-and-quantum-machines-announce-partnership-to-accelerate-quantum-computing-development (1/1), chunk 35/38
[21:19:21 +3m 57s | thequantuminsider_2020_09_09_q_ctrl_and_quantum_machines_announce_partnership_to_accelera_3c6cb5d9] Repaired malformed JSON.
[21:19:21 +3m 57s | thequantuminsider_2020_09_09_q_ctrl_and_quantum_machines_announce_partnership_to_accelera_3c6cb5d9] Extracting actors: https://thequantuminsider.com/2020/09/09/q-ctrl-and-quantum-machines-announce-partnership-to-accelerate-quantum-computing-development (1/1), chunk 36/38
[21:19:26 +4m 2s | thequantuminsider_2020_09_09_q_ctrl_and_quantum_machines_announce_partnership_to_accelera_3c6cb5d9] Repaired malformed JSON.
[21:19:26 +4m 2s | thequantuminsider_2020_09_09_q_ctrl_and_quantum_machines_announce_partnership_to_accelera_3c6cb5d9] Extracting actors: https://thequantuminsider.com/2020/09/09/q-ctrl-and-quantum-machines-announce-partnership-to-accelerate-quantum-computing-development (1/1), chunk 37/38
[21:19:36 +4m 9s | thequantuminsider_2020_09_09_q_ctrl_and_quantum_machines_announce_partnership_to_accelera_3c6cb5d9] Repaired malformed JSON.
[21:19:36 +4m 9s | thequantuminsider_2020_09_09_q_ctrl_and_quantum_machines_announce_partnership_to_accelera_3c6cb5d9] Extracting actors: https://thequantuminsider.com/2020/09/09/q-ctrl-and-quantum-machines-announce-partnership-to-accelerate-quantum-computing-development (1/1), chunk 38/38
[21:19:42 +4m 15s | thequantuminsider_2020_09_09_q_ctrl_and_quantum_machines_announce_partnership_to_accelera_3c6cb5d9] Repaired malformed JSON.
[21:19:42 +4m 15s | thequantuminsider_2020_09_09_q_ctrl_and_quantum_machines_announce_partnership_to_accelera_3c6cb5d9] Saved 1_actor_results.json with 64 extracted records

[21:19:42 +4m 15s | thequantuminsider_2020_09_09_q_ctrl_and_quantum_machines_announce_partnership_to_accelera_3c6cb5d9] === 2 clean actors ===
[21:19:42 +4m 15s | thequantuminsider_2020_09_09_q_ctrl_and_quantum_machines_announce_partnership_to_accelera_3c6cb5d9] Loaded 64 extracted records
[21:19:42 +4m 15s | thequantuminsider_2020_09_09_q_ctrl_and_quantum_machines_announce_partnership_to_accelera_3c6cb5d9] Saved 2_actor_nodes.json with 17 canonical actor nodes

[21:19:42 +4m 15s | thequantuminsider_2020_09_09_q_ctrl_and_quantum_machines_announce_partnership_to_accelera_3c6cb5d9] === 3 interaction extraction ===
[21:19:43 +4m 16s | thequantuminsider_2020_09_09_q_ctrl_and_quantum_machines_announce_partnership_to_accelera_3c6cb5d9] Extracting interactions: https://thequantuminsider.com/2020/09/09/q-ctrl-and-quantum-machines-announce-partnership-to-accelerate-quantum-computing-development (1/1), chunk 11/38
[21:19:52 +4m 25s | thequantuminsider_2020_09_09_q_ctrl_and_quantum_machines_announce_partnership_to_accelera_3c6cb5d9] Extracting interactions: https://thequantuminsider.com/2020/09/09/q-ctrl-and-quantum-machines-announce-partnership-to-accelerate-quantum-computing-development (1/1), chunk 12/38
[21:20:01 +4m 34s | thequantuminsider_2020_09_09_q_ctrl_and_quantum_machines_announce_partnership_to_accelera_3c6cb5d9] Extracting interactions: https://thequantuminsider.com/2020/09/09/q-ctrl-and-quantum-machines-announce-partnership-to-accelerate-quantum-computing-development (1/1), chunk 13/38
[21:20:23 +4m 54s | thequantuminsider_2020_09_09_q_ctrl_and_quantum_machines_announce_partnership_to_accelera_3c6cb5d9] Extracting interactions: https://thequantuminsider.com/2020/09/09/q-ctrl-and-quantum-machines-announce-partnership-to-accelerate-quantum-computing-development (1/1), chunk 14/38
[21:20:37 +5m 7s | thequantuminsider_2020_09_09_q_ctrl_and_quantum_machines_announce_partnership_to_accelera_3c6cb5d9] Extracting interactions: https://thequantuminsider.com/2020/09/09/q-ctrl-and-quantum-machines-announce-partnership-to-accelerate-quantum-computing-development (1/1), chunk 15/38
[21:20:51 +5m 19s | thequantuminsider_2020_09_09_q_ctrl_and_quantum_machines_announce_partnership_to_accelera_3c6cb5d9] Extracting interactions: https://thequantuminsider.com/2020/09/09/q-ctrl-and-quantum-machines-announce-partnership-to-accelerate-quantum-computing-development (1/1), chunk 16/38
[21:20:55 +5m 22s | thequantuminsider_2020_09_09_q_ctrl_and_quantum_machines_announce_partnership_to_accelera_3c6cb5d9] Extracting interactions: https://thequantuminsider.com/2020/09/09/q-ctrl-and-quantum-machines-announce-partnership-to-accelerate-quantum-computing-development (1/1), chunk 17/38
[21:21:01 +5m 28s | thequantuminsider_2020_09_09_q_ctrl_and_quantum_machines_announce_partnership_to_accelera_3c6cb5d9] Extracting interactions: https://thequantuminsider.com/2020/09/09/q-ctrl-and-quantum-machines-announce-partnership-to-accelerate-quantum-computing-development (1/1), chunk 18/38
[21:21:05 +5m 33s | thequantuminsider_2020_09_09_q_ctrl_and_quantum_machines_announce_partnership_to_accelera_3c6cb5d9] Extracting interactions: https://thequantuminsider.com/2020/09/09/q-ctrl-and-quantum-machines-announce-partnership-to-accelerate-quantum-computing-development (1/1), chunk 19/38
[21:21:11 +5m 38s | thequantuminsider_2020_09_09_q_ctrl_and_quantum_machines_announce_partnership_to_accelera_3c6cb5d9] Extracting interactions: https://thequantuminsider.com/2020/09/09/q-ctrl-and-quantum-machines-announce-partnership-to-accelerate-quantum-computing-development (1/1), chunk 20/38
[21:21:15 +5m 43s | thequantuminsider_2020_09_09_q_ctrl_and_quantum_machines_announce_partnership_to_accelera_3c6cb5d9] Extracting interactions: https://thequantuminsider.com/2020/09/09/q-ctrl-and-quantum-machines-announce-partnership-to-accelerate-quantum-computing-development (1/1), chunk 21/38
[21:21:27 +5m 52s | thequantuminsider_2020_09_09_q_ctrl_and_quantum_machines_announce_partnership_to_accelera_3c6cb5d9] Extracting interactions: https://thequantuminsider.com/2020/09/09/q-ctrl-and-quantum-machines-announce-partnership-to-accelerate-quantum-computing-development (1/1), chunk 22/38
[21:21:35 +5m 59s | thequantuminsider_2020_09_09_q_ctrl_and_quantum_machines_announce_partnership_to_accelera_3c6cb5d9] Extracting interactions: https://thequantuminsider.com/2020/09/09/q-ctrl-and-quantum-machines-announce-partnership-to-accelerate-quantum-computing-development (1/1), chunk 23/38
[21:21:41 +6m 5s | thequantuminsider_2020_09_09_q_ctrl_and_quantum_machines_announce_partnership_to_accelera_3c6cb5d9] Extracting interactions: https://thequantuminsider.com/2020/09/09/q-ctrl-and-quantum-machines-announce-partnership-to-accelerate-quantum-computing-development (1/1), chunk 24/38
[21:21:47 +6m 11s | thequantuminsider_2020_09_09_q_ctrl_and_quantum_machines_announce_partnership_to_accelera_3c6cb5d9] Extracting interactions: https://thequantuminsider.com/2020/09/09/q-ctrl-and-quantum-machines-announce-partnership-to-accelerate-quantum-computing-development (1/1), chunk 27/38
[21:21:53 +6m 17s | thequantuminsider_2020_09_09_q_ctrl_and_quantum_machines_announce_partnership_to_accelera_3c6cb5d9] Extracting interactions: https://thequantuminsider.com/2020/09/09/q-ctrl-and-quantum-machines-announce-partnership-to-accelerate-quantum-computing-development (1/1), chunk 28/38
[21:21:57 +6m 18s | thequantuminsider_2020_09_09_q_ctrl_and_quantum_machines_announce_partnership_to_accelera_3c6cb5d9] Extracting interactions: https://thequantuminsider.com/2020/09/09/q-ctrl-and-quantum-machines-announce-partnership-to-accelerate-quantum-computing-development (1/1), chunk 31/38
[21:21:58 +6m 20s | thequantuminsider_2020_09_09_q_ctrl_and_quantum_machines_announce_partnership_to_accelera_3c6cb5d9] Extracting interactions: https://thequantuminsider.com/2020/09/09/q-ctrl-and-quantum-machines-announce-partnership-to-accelerate-quantum-computing-development (1/1), chunk 32/38
[21:22:00 +6m 21s | thequantuminsider_2020_09_09_q_ctrl_and_quantum_machines_announce_partnership_to_accelera_3c6cb5d9] Extracting interactions: https://thequantuminsider.com/2020/09/09/q-ctrl-and-quantum-machines-announce-partnership-to-accelerate-quantum-computing-development (1/1), chunk 33/38
[21:22:02 +6m 23s | thequantuminsider_2020_09_09_q_ctrl_and_quantum_machines_announce_partnership_to_accelera_3c6cb5d9] Extracting interactions: https://thequantuminsider.com/2020/09/09/q-ctrl-and-quantum-machines-announce-partnership-to-accelerate-quantum-computing-development (1/1), chunk 34/38
[21:22:04 +6m 25s | thequantuminsider_2020_09_09_q_ctrl_and_quantum_machines_announce_partnership_to_accelera_3c6cb5d9] Extracting interactions: https://thequantuminsider.com/2020/09/09/q-ctrl-and-quantum-machines-announce-partnership-to-accelerate-quantum-computing-development (1/1), chunk 36/38
[21:22:05 +6m 26s | thequantuminsider_2020_09_09_q_ctrl_and_quantum_machines_announce_partnership_to_accelera_3c6cb5d9] Extracting interactions: https://thequantuminsider.com/2020/09/09/q-ctrl-and-quantum-machines-announce-partnership-to-accelerate-quantum-computing-development (1/1), chunk 37/38
[21:22:07 +6m 28s | thequantuminsider_2020_09_09_q_ctrl_and_quantum_machines_announce_partnership_to_accelera_3c6cb5d9] Extracting interactions: https://thequantuminsider.com/2020/09/09/q-ctrl-and-quantum-machines-announce-partnership-to-accelerate-quantum-computing-development (1/1), chunk 38/38
[21:22:08 +6m 30s | thequantuminsider_2020_09_09_q_ctrl_and_quantum_machines_announce_partnership_to_accelera_3c6cb5d9] Saved 3_interaction_results.json with 26 extracted interactions.

[21:22:09 +6m 30s | thequantuminsider_2020_09_09_q_ctrl_and_quantum_machines_announce_partnership_to_accelera_3c6cb5d9] === 4 clean interactions ===
[21:22:09 +6m 30s | thequantuminsider_2020_09_09_q_ctrl_and_quantum_machines_announce_partnership_to_accelera_3c6cb5d9] Saved 4_edges.json with 7 cleaned interactions.

[21:22:09 +6m 30s | thequantuminsider_2020_09_09_q_ctrl_and_quantum_machines_announce_partnership_to_accelera_3c6cb5d9] === 5 helix enrichment ===
[21:22:09 +6m 30s | thequantuminsider_2020_09_09_q_ctrl_and_quantum_machines_announce_partnership_to_accelera_3c6cb5d9] Wrote 5_nodes.json (17 actors)
[21:22:09 +6m 30s | thequantuminsider_2020_09_09_q_ctrl_and_quantum_machines_announce_partnership_to_accelera_3c6cb5d9] Wrote 5_edges.json (7 interactions)
[21:22:09 +6m 30s | thequantuminsider_2020_09_09_q_ctrl_and_quantum_machines_announce_partnership_to_accelera_3c6cb5d9] Actor helix counts: {'Civil Society': 3, 'Government': 2, 'Industry': 5, 'Unknown': 7}
[21:22:09 +6m 30s | thequantuminsider_2020_09_09_q_ctrl_and_quantum_machines_announce_partnership_to_accelera_3c6cb5d9] Functional-space counts: {'Intra-helix / Not classified': 7}

[21:22:09 +6m 30s | thequantuminsider_2020_09_09_q_ctrl_and_quantum_machines_announce_partnership_to_accelera_3c6cb5d9] === 6 network visualisation ===
[21:22:09 +6m 30s | thequantuminsider_2020_09_09_q_ctrl_and_quantum_machines_announce_partnership_to_accelera_3c6cb5d9] Wrote quantum_network.html
[21:22:09 +6m 30s | thequantuminsider_2020_09_09_q_ctrl_and_quantum_machines_announce_partnership_to_accelera_3c6cb5d9] Nodes: 17
[21:22:09 +6m 30s | thequantuminsider_2020_09_09_q_ctrl_and_quantum_machines_announce_partnership_to_accelera_3c6cb5d9] Edges: 2

[21:22:09 +6m 30s | thequantuminsider_2020_09_09_q_ctrl_and_quantum_machines_announce_partnership_to_accelera_3c6cb5d9] Done. Outputs written to: /home/lv/IDP/idpdeeptech/pipeline/news_outputs/thequantuminsider_2020_09_09_q_ctrl_and_quantum_machines_announce_partnership_to_accelera_3c6cb5d9
[21:22:09 +6m 30s | thequantuminsider_2020_09_09_q_ctrl_and_quantum_machines_announce_partnership_to_accelera_3c6cb5d9] Log: /home/lv/IDP/idpdeeptech/pipeline/news_outputs/thequantuminsider_2020_09_09_q_ctrl_and_quantum_machines_announce_partnership_to_accelera_3c6cb5d9/run.log

========================================================================
RUN FINISHED 2026-07-01 21:22:09  (OK)
Started:     2026-07-01 21:15:03
Elapsed:     6m 30s
========================================================================
