
========================================================================
RUN STARTED  2026-07-02 01:57:03
site_pipeline.py https://thequantuminsider.com/2020/04/20/how-south-america-is-helping-to-build-the-quantum-computing-industry/
========================================================================

[01:57:03 +0s | thequantuminsider_2020_04_20_how_south_america_is_helping_to_build_the_quantum_computing_industry] === 0 crawl site ===
[01:57:04 +1s | thequantuminsider_2020_04_20_how_south_america_is_helping_to_build_the_quantum_computing_industry] [INIT].... → Crawl4AI 0.8.6 
[01:57:42 +37s | thequantuminsider_2020_04_20_how_south_america_is_helping_to_build_the_quantum_computing_industry] [FETCH]... ↓ https://thequantuminsider.com/2020/04/20/how-sou...helping-to-build-the-quantum-computing-industry/  | ✓ | ⏱: 35.66s 
[01:57:42 +37s | thequantuminsider_2020_04_20_how_south_america_is_helping_to_build_the_quantum_computing_industry] [SCRAPE].. ◆ https://thequantuminsider.com/2020/04/20/how-sou...helping-to-build-the-quantum-computing-industry/  | ✓ | ⏱: 0.09s 
[01:57:42 +37s | thequantuminsider_2020_04_20_how_south_america_is_helping_to_build_the_quantum_computing_industry] [COMPLETE] ● https://thequantuminsider.com/2020/04/20/how-sou...helping-to-build-the-quantum-computing-industry/  | ✓ | ⏱: 35.77s 
[01:57:42 +37s | thequantuminsider_2020_04_20_how_south_america_is_helping_to_build_the_quantum_computing_industry] Saved: crawl_output/3bf150a011_thequantuminsider.com_2020_04_20_how-south-america-is-helping-to-build-the-quantum-computing-industry.json

[01:57:43 +37s | thequantuminsider_2020_04_20_how_south_america_is_helping_to_build_the_quantum_computing_industry] === 1 actor extraction ===
[01:57:43 +37s | thequantuminsider_2020_04_20_how_south_america_is_helping_to_build_the_quantum_computing_industry] Reading page (1/1): https://thequantuminsider.com/2020/04/20/how-south-america-is-helping-to-build-the-quantum-computing-industry
[01:57:43 +37s | thequantuminsider_2020_04_20_how_south_america_is_helping_to_build_the_quantum_computing_industry] Extracting actors: https://thequantuminsider.com/2020/04/20/how-south-america-is-helping-to-build-the-quantum-computing-industry (1/1), chunk 1/35
[01:57:47 +42s | thequantuminsider_2020_04_20_how_south_america_is_helping_to_build_the_quantum_computing_industry] Extracting actors: https://thequantuminsider.com/2020/04/20/how-south-america-is-helping-to-build-the-quantum-computing-industry (1/1), chunk 2/35
[01:57:51 +46s | thequantuminsider_2020_04_20_how_south_america_is_helping_to_build_the_quantum_computing_industry] Extracting actors: https://thequantuminsider.com/2020/04/20/how-south-america-is-helping-to-build-the-quantum-computing-industry (1/1), chunk 3/35
[01:57:59 +50s | thequantuminsider_2020_04_20_how_south_america_is_helping_to_build_the_quantum_computing_industry] Extracting actors: https://thequantuminsider.com/2020/04/20/how-south-america-is-helping-to-build-the-quantum-computing-industry (1/1), chunk 4/35
[01:58:03 +55s | thequantuminsider_2020_04_20_how_south_america_is_helping_to_build_the_quantum_computing_industry] Extracting actors: https://thequantuminsider.com/2020/04/20/how-south-america-is-helping-to-build-the-quantum-computing-industry (1/1), chunk 5/35
[01:58:07 +59s | thequantuminsider_2020_04_20_how_south_america_is_helping_to_build_the_quantum_computing_industry] Extracting actors: https://thequantuminsider.com/2020/04/20/how-south-america-is-helping-to-build-the-quantum-computing-industry (1/1), chunk 6/35
[01:58:12 +1m 4s | thequantuminsider_2020_04_20_how_south_america_is_helping_to_build_the_quantum_computing_industry] Extracting actors: https://thequantuminsider.com/2020/04/20/how-south-america-is-helping-to-build-the-quantum-computing-industry (1/1), chunk 7/35
[01:58:18 +1m 10s | thequantuminsider_2020_04_20_how_south_america_is_helping_to_build_the_quantum_computing_industry] Extracting actors: https://thequantuminsider.com/2020/04/20/how-south-america-is-helping-to-build-the-quantum-computing-industry (1/1), chunk 8/35
[01:58:23 +1m 14s | thequantuminsider_2020_04_20_how_south_america_is_helping_to_build_the_quantum_computing_industry] Extracting actors: https://thequantuminsider.com/2020/04/20/how-south-america-is-helping-to-build-the-quantum-computing-industry (1/1), chunk 9/35
[01:58:27 +1m 18s | thequantuminsider_2020_04_20_how_south_america_is_helping_to_build_the_quantum_computing_industry] Extracting actors: https://thequantuminsider.com/2020/04/20/how-south-america-is-helping-to-build-the-quantum-computing-industry (1/1), chunk 10/35
[01:58:35 +1m 24s | thequantuminsider_2020_04_20_how_south_america_is_helping_to_build_the_quantum_computing_industry] Extracting actors: https://thequantuminsider.com/2020/04/20/how-south-america-is-helping-to-build-the-quantum-computing-industry (1/1), chunk 11/35
[01:58:40 +1m 29s | thequantuminsider_2020_04_20_how_south_america_is_helping_to_build_the_quantum_computing_industry] Extracting actors: https://thequantuminsider.com/2020/04/20/how-south-america-is-helping-to-build-the-quantum-computing-industry (1/1), chunk 12/35
[01:58:49 +1m 37s | thequantuminsider_2020_04_20_how_south_america_is_helping_to_build_the_quantum_computing_industry] Repaired malformed JSON.
[01:58:49 +1m 37s | thequantuminsider_2020_04_20_how_south_america_is_helping_to_build_the_quantum_computing_industry] Extracting actors: https://thequantuminsider.com/2020/04/20/how-south-america-is-helping-to-build-the-quantum-computing-industry (1/1), chunk 13/35
[01:58:55 +1m 44s | thequantuminsider_2020_04_20_how_south_america_is_helping_to_build_the_quantum_computing_industry] Repaired malformed JSON.
[01:58:55 +1m 44s | thequantuminsider_2020_04_20_how_south_america_is_helping_to_build_the_quantum_computing_industry] Extracting actors: https://thequantuminsider.com/2020/04/20/how-south-america-is-helping-to-build-the-quantum-computing-industry (1/1), chunk 14/35
[01:59:03 +1m 51s | thequantuminsider_2020_04_20_how_south_america_is_helping_to_build_the_quantum_computing_industry] Repaired malformed JSON.
[01:59:03 +1m 51s | thequantuminsider_2020_04_20_how_south_america_is_helping_to_build_the_quantum_computing_industry] Extracting actors: https://thequantuminsider.com/2020/04/20/how-south-america-is-helping-to-build-the-quantum-computing-industry (1/1), chunk 15/35
[01:59:12 +1m 58s | thequantuminsider_2020_04_20_how_south_america_is_helping_to_build_the_quantum_computing_industry] Repaired malformed JSON.
[01:59:12 +1m 58s | thequantuminsider_2020_04_20_how_south_america_is_helping_to_build_the_quantum_computing_industry] Extracting actors: https://thequantuminsider.com/2020/04/20/how-south-america-is-helping-to-build-the-quantum-computing-industry (1/1), chunk 16/35
[01:59:18 +2m 4s | thequantuminsider_2020_04_20_how_south_america_is_helping_to_build_the_quantum_computing_industry] Repaired malformed JSON.
[01:59:18 +2m 4s | thequantuminsider_2020_04_20_how_south_america_is_helping_to_build_the_quantum_computing_industry] Extracting actors: https://thequantuminsider.com/2020/04/20/how-south-america-is-helping-to-build-the-quantum-computing-industry (1/1), chunk 17/35
[01:59:24 +2m 10s | thequantuminsider_2020_04_20_how_south_america_is_helping_to_build_the_quantum_computing_industry] Repaired malformed JSON.
[01:59:24 +2m 10s | thequantuminsider_2020_04_20_how_south_america_is_helping_to_build_the_quantum_computing_industry] Extracting actors: https://thequantuminsider.com/2020/04/20/how-south-america-is-helping-to-build-the-quantum-computing-industry (1/1), chunk 18/35
[01:59:31 +2m 17s | thequantuminsider_2020_04_20_how_south_america_is_helping_to_build_the_quantum_computing_industry] Repaired malformed JSON.
[01:59:31 +2m 17s | thequantuminsider_2020_04_20_how_south_america_is_helping_to_build_the_quantum_computing_industry] Extracting actors: https://thequantuminsider.com/2020/04/20/how-south-america-is-helping-to-build-the-quantum-computing-industry (1/1), chunk 19/35
[01:59:39 +2m 25s | thequantuminsider_2020_04_20_how_south_america_is_helping_to_build_the_quantum_computing_industry] Repaired malformed JSON.
[01:59:39 +2m 25s | thequantuminsider_2020_04_20_how_south_america_is_helping_to_build_the_quantum_computing_industry] Extracting actors: https://thequantuminsider.com/2020/04/20/how-south-america-is-helping-to-build-the-quantum-computing-industry (1/1), chunk 20/35
[01:59:50 +2m 33s | thequantuminsider_2020_04_20_how_south_america_is_helping_to_build_the_quantum_computing_industry] Repaired malformed JSON.
[01:59:50 +2m 33s | thequantuminsider_2020_04_20_how_south_america_is_helping_to_build_the_quantum_computing_industry] Extracting actors: https://thequantuminsider.com/2020/04/20/how-south-america-is-helping-to-build-the-quantum-computing-industry (1/1), chunk 21/35
[01:59:57 +2m 40s | thequantuminsider_2020_04_20_how_south_america_is_helping_to_build_the_quantum_computing_industry] Repaired malformed JSON.
[01:59:57 +2m 40s | thequantuminsider_2020_04_20_how_south_america_is_helping_to_build_the_quantum_computing_industry] Extracting actors: https://thequantuminsider.com/2020/04/20/how-south-america-is-helping-to-build-the-quantum-computing-industry (1/1), chunk 22/35
[02:00:02 +2m 45s | thequantuminsider_2020_04_20_how_south_america_is_helping_to_build_the_quantum_computing_industry] Repaired malformed JSON.
[02:00:02 +2m 45s | thequantuminsider_2020_04_20_how_south_america_is_helping_to_build_the_quantum_computing_industry] Extracting actors: https://thequantuminsider.com/2020/04/20/how-south-america-is-helping-to-build-the-quantum-computing-industry (1/1), chunk 23/35
[02:00:08 +2m 50s | thequantuminsider_2020_04_20_how_south_america_is_helping_to_build_the_quantum_computing_industry] Repaired malformed JSON.
[02:00:08 +2m 50s | thequantuminsider_2020_04_20_how_south_america_is_helping_to_build_the_quantum_computing_industry] Extracting actors: https://thequantuminsider.com/2020/04/20/how-south-america-is-helping-to-build-the-quantum-computing-industry (1/1), chunk 24/35
[02:00:14 +2m 57s | thequantuminsider_2020_04_20_how_south_america_is_helping_to_build_the_quantum_computing_industry] Repaired malformed JSON.
[02:00:14 +2m 57s | thequantuminsider_2020_04_20_how_south_america_is_helping_to_build_the_quantum_computing_industry] Extracting actors: https://thequantuminsider.com/2020/04/20/how-south-america-is-helping-to-build-the-quantum-computing-industry (1/1), chunk 25/35
[02:00:23 +3m 2s | thequantuminsider_2020_04_20_how_south_america_is_helping_to_build_the_quantum_computing_industry] Repaired malformed JSON.
[02:00:23 +3m 2s | thequantuminsider_2020_04_20_how_south_america_is_helping_to_build_the_quantum_computing_industry] Extracting actors: https://thequantuminsider.com/2020/04/20/how-south-america-is-helping-to-build-the-quantum-computing-industry (1/1), chunk 26/35
[02:00:28 +3m 8s | thequantuminsider_2020_04_20_how_south_america_is_helping_to_build_the_quantum_computing_industry] Extracting actors: https://thequantuminsider.com/2020/04/20/how-south-america-is-helping-to-build-the-quantum-computing-industry (1/1), chunk 27/35
[02:00:31 +3m 11s | thequantuminsider_2020_04_20_how_south_america_is_helping_to_build_the_quantum_computing_industry] Extracting actors: https://thequantuminsider.com/2020/04/20/how-south-america-is-helping-to-build-the-quantum-computing-industry (1/1), chunk 28/35
[02:00:35 +3m 15s | thequantuminsider_2020_04_20_how_south_america_is_helping_to_build_the_quantum_computing_industry] Extracting actors: https://thequantuminsider.com/2020/04/20/how-south-america-is-helping-to-build-the-quantum-computing-industry (1/1), chunk 29/35
[02:00:38 +3m 17s | thequantuminsider_2020_04_20_how_south_america_is_helping_to_build_the_quantum_computing_industry] Extracting actors: https://thequantuminsider.com/2020/04/20/how-south-america-is-helping-to-build-the-quantum-computing-industry (1/1), chunk 30/35
[02:00:44 +3m 24s | thequantuminsider_2020_04_20_how_south_america_is_helping_to_build_the_quantum_computing_industry] Repaired malformed JSON.
[02:00:44 +3m 24s | thequantuminsider_2020_04_20_how_south_america_is_helping_to_build_the_quantum_computing_industry] Extracting actors: https://thequantuminsider.com/2020/04/20/how-south-america-is-helping-to-build-the-quantum-computing-industry (1/1), chunk 31/35
[02:00:54 +3m 31s | thequantuminsider_2020_04_20_how_south_america_is_helping_to_build_the_quantum_computing_industry] Repaired malformed JSON.
[02:00:54 +3m 31s | thequantuminsider_2020_04_20_how_south_america_is_helping_to_build_the_quantum_computing_industry] Extracting actors: https://thequantuminsider.com/2020/04/20/how-south-america-is-helping-to-build-the-quantum-computing-industry (1/1), chunk 32/35
[02:01:00 +3m 37s | thequantuminsider_2020_04_20_how_south_america_is_helping_to_build_the_quantum_computing_industry] Repaired malformed JSON.
[02:01:00 +3m 37s | thequantuminsider_2020_04_20_how_south_america_is_helping_to_build_the_quantum_computing_industry] Extracting actors: https://thequantuminsider.com/2020/04/20/how-south-america-is-helping-to-build-the-quantum-computing-industry (1/1), chunk 33/35
[02:01:05 +3m 42s | thequantuminsider_2020_04_20_how_south_america_is_helping_to_build_the_quantum_computing_industry] Repaired malformed JSON.
[02:01:05 +3m 42s | thequantuminsider_2020_04_20_how_south_america_is_helping_to_build_the_quantum_computing_industry] Extracting actors: https://thequantuminsider.com/2020/04/20/how-south-america-is-helping-to-build-the-quantum-computing-industry (1/1), chunk 34/35
[02:01:11 +3m 47s | thequantuminsider_2020_04_20_how_south_america_is_helping_to_build_the_quantum_computing_industry] Repaired malformed JSON.
[02:01:11 +3m 47s | thequantuminsider_2020_04_20_how_south_america_is_helping_to_build_the_quantum_computing_industry] Extracting actors: https://thequantuminsider.com/2020/04/20/how-south-america-is-helping-to-build-the-quantum-computing-industry (1/1), chunk 35/35
[02:01:12 +3m 49s | thequantuminsider_2020_04_20_how_south_america_is_helping_to_build_the_quantum_computing_industry] Saved 1_actor_results.json with 49 extracted records

[02:01:12 +3m 49s | thequantuminsider_2020_04_20_how_south_america_is_helping_to_build_the_quantum_computing_industry] === 2 clean actors ===
[02:01:12 +3m 49s | thequantuminsider_2020_04_20_how_south_america_is_helping_to_build_the_quantum_computing_industry] Loaded 49 extracted records
[02:01:12 +3m 49s | thequantuminsider_2020_04_20_how_south_america_is_helping_to_build_the_quantum_computing_industry] Saved 2_actor_nodes.json with 21 canonical actor nodes

[02:01:12 +3m 49s | thequantuminsider_2020_04_20_how_south_america_is_helping_to_build_the_quantum_computing_industry] === 3 interaction extraction ===
[02:01:12 +3m 49s | thequantuminsider_2020_04_20_how_south_america_is_helping_to_build_the_quantum_computing_industry] Extracting interactions: https://thequantuminsider.com/2020/04/20/how-south-america-is-helping-to-build-the-quantum-computing-industry (1/1), chunk 12/35
[02:01:17 +3m 54s | thequantuminsider_2020_04_20_how_south_america_is_helping_to_build_the_quantum_computing_industry] Extracting interactions: https://thequantuminsider.com/2020/04/20/how-south-america-is-helping-to-build-the-quantum-computing-industry (1/1), chunk 13/35
[02:01:29 +4m 3s | thequantuminsider_2020_04_20_how_south_america_is_helping_to_build_the_quantum_computing_industry] Extracting interactions: https://thequantuminsider.com/2020/04/20/how-south-america-is-helping-to-build-the-quantum-computing-industry (1/1), chunk 14/35
[02:01:43 +4m 17s | thequantuminsider_2020_04_20_how_south_america_is_helping_to_build_the_quantum_computing_industry] Extracting interactions: https://thequantuminsider.com/2020/04/20/how-south-america-is-helping-to-build-the-quantum-computing-industry (1/1), chunk 15/35
[02:01:56 +4m 30s | thequantuminsider_2020_04_20_how_south_america_is_helping_to_build_the_quantum_computing_industry] Extracting interactions: https://thequantuminsider.com/2020/04/20/how-south-america-is-helping-to-build-the-quantum-computing-industry (1/1), chunk 16/35
[02:02:06 +4m 37s | thequantuminsider_2020_04_20_how_south_america_is_helping_to_build_the_quantum_computing_industry] Extracting interactions: https://thequantuminsider.com/2020/04/20/how-south-america-is-helping-to-build-the-quantum-computing-industry (1/1), chunk 17/35
[02:02:07 +4m 38s | thequantuminsider_2020_04_20_how_south_america_is_helping_to_build_the_quantum_computing_industry] Extracting interactions: https://thequantuminsider.com/2020/04/20/how-south-america-is-helping-to-build-the-quantum-computing-industry (1/1), chunk 18/35
[02:02:11 +4m 42s | thequantuminsider_2020_04_20_how_south_america_is_helping_to_build_the_quantum_computing_industry] Extracting interactions: https://thequantuminsider.com/2020/04/20/how-south-america-is-helping-to-build-the-quantum-computing-industry (1/1), chunk 19/35
[02:02:16 +4m 47s | thequantuminsider_2020_04_20_how_south_america_is_helping_to_build_the_quantum_computing_industry] Extracting interactions: https://thequantuminsider.com/2020/04/20/how-south-america-is-helping-to-build-the-quantum-computing-industry (1/1), chunk 20/35
[02:02:21 +4m 51s | thequantuminsider_2020_04_20_how_south_america_is_helping_to_build_the_quantum_computing_industry] Extracting interactions: https://thequantuminsider.com/2020/04/20/how-south-america-is-helping-to-build-the-quantum-computing-industry (1/1), chunk 21/35
[02:02:33 +5m 4s | thequantuminsider_2020_04_20_how_south_america_is_helping_to_build_the_quantum_computing_industry] Extracting interactions: https://thequantuminsider.com/2020/04/20/how-south-america-is-helping-to-build-the-quantum-computing-industry (1/1), chunk 22/35
[02:02:45 +5m 13s | thequantuminsider_2020_04_20_how_south_america_is_helping_to_build_the_quantum_computing_industry] Extracting interactions: https://thequantuminsider.com/2020/04/20/how-south-america-is-helping-to-build-the-quantum-computing-industry (1/1), chunk 23/35
[02:02:50 +5m 18s | thequantuminsider_2020_04_20_how_south_america_is_helping_to_build_the_quantum_computing_industry] Extracting interactions: https://thequantuminsider.com/2020/04/20/how-south-america-is-helping-to-build-the-quantum-computing-industry (1/1), chunk 24/35
[02:02:57 +5m 25s | thequantuminsider_2020_04_20_how_south_america_is_helping_to_build_the_quantum_computing_industry] Extracting interactions: https://thequantuminsider.com/2020/04/20/how-south-america-is-helping-to-build-the-quantum-computing-industry (1/1), chunk 27/35
[02:03:05 +5m 33s | thequantuminsider_2020_04_20_how_south_america_is_helping_to_build_the_quantum_computing_industry] Extracting interactions: https://thequantuminsider.com/2020/04/20/how-south-america-is-helping-to-build-the-quantum-computing-industry (1/1), chunk 28/35
[02:03:11 +5m 39s | thequantuminsider_2020_04_20_how_south_america_is_helping_to_build_the_quantum_computing_industry] Extracting interactions: https://thequantuminsider.com/2020/04/20/how-south-america-is-helping-to-build-the-quantum-computing-industry (1/1), chunk 29/35
[02:03:16 +5m 41s | thequantuminsider_2020_04_20_how_south_america_is_helping_to_build_the_quantum_computing_industry] Extracting interactions: https://thequantuminsider.com/2020/04/20/how-south-america-is-helping-to-build-the-quantum-computing-industry (1/1), chunk 31/35
[02:03:17 +5m 42s | thequantuminsider_2020_04_20_how_south_america_is_helping_to_build_the_quantum_computing_industry] Extracting interactions: https://thequantuminsider.com/2020/04/20/how-south-america-is-helping-to-build-the-quantum-computing-industry (1/1), chunk 32/35
[02:03:19 +5m 44s | thequantuminsider_2020_04_20_how_south_america_is_helping_to_build_the_quantum_computing_industry] Extracting interactions: https://thequantuminsider.com/2020/04/20/how-south-america-is-helping-to-build-the-quantum-computing-industry (1/1), chunk 33/35
[02:03:20 +5m 45s | thequantuminsider_2020_04_20_how_south_america_is_helping_to_build_the_quantum_computing_industry] Saved 3_interaction_results.json with 27 extracted interactions.

[02:03:20 +5m 45s | thequantuminsider_2020_04_20_how_south_america_is_helping_to_build_the_quantum_computing_industry] === 4 clean interactions ===
[02:03:20 +5m 45s | thequantuminsider_2020_04_20_how_south_america_is_helping_to_build_the_quantum_computing_industry] Saved 4_edges.json with 2 cleaned interactions.

[02:03:20 +5m 45s | thequantuminsider_2020_04_20_how_south_america_is_helping_to_build_the_quantum_computing_industry] === 5 helix enrichment ===
[02:03:20 +5m 45s | thequantuminsider_2020_04_20_how_south_america_is_helping_to_build_the_quantum_computing_industry] Wrote 5_nodes.json (21 actors)
[02:03:20 +5m 45s | thequantuminsider_2020_04_20_how_south_america_is_helping_to_build_the_quantum_computing_industry] Wrote 5_edges.json (2 interactions)
[02:03:20 +5m 45s | thequantuminsider_2020_04_20_how_south_america_is_helping_to_build_the_quantum_computing_industry] Actor helix counts: {'Academia': 4, 'Civil Society': 1, 'Government': 2, 'Industry': 4, 'Unknown': 10}
[02:03:20 +5m 45s | thequantuminsider_2020_04_20_how_south_america_is_helping_to_build_the_quantum_computing_industry] Functional-space counts: {'Unknown': 2}

[02:03:20 +5m 45s | thequantuminsider_2020_04_20_how_south_america_is_helping_to_build_the_quantum_computing_industry] === 6 network visualisation ===
[02:03:20 +5m 46s | thequantuminsider_2020_04_20_how_south_america_is_helping_to_build_the_quantum_computing_industry] Wrote quantum_network.html
[02:03:20 +5m 46s | thequantuminsider_2020_04_20_how_south_america_is_helping_to_build_the_quantum_computing_industry] Nodes: 21
[02:03:20 +5m 46s | thequantuminsider_2020_04_20_how_south_america_is_helping_to_build_the_quantum_computing_industry] Edges: 2

[02:03:20 +5m 46s | thequantuminsider_2020_04_20_how_south_america_is_helping_to_build_the_quantum_computing_industry] Done. Outputs written to: /home/lv/IDP/idpdeeptech/pipeline/news_outputs/thequantuminsider_2020_04_20_how_south_america_is_helping_to_build_the_quantum_computing_industry
[02:03:20 +5m 46s | thequantuminsider_2020_04_20_how_south_america_is_helping_to_build_the_quantum_computing_industry] Log: /home/lv/IDP/idpdeeptech/pipeline/news_outputs/thequantuminsider_2020_04_20_how_south_america_is_helping_to_build_the_quantum_computing_industry/run.log

========================================================================
RUN FINISHED 2026-07-02 02:03:20  (OK)
Started:     2026-07-02 01:57:03
Elapsed:     5m 46s
========================================================================
