
========================================================================
RUN STARTED  2026-07-02 03:32:40
site_pipeline.py https://thequantuminsider.com/2019/09/26/qc-startup-aliro-gets-multi-million-dollar-cash-injection-2/
========================================================================

[03:32:40 +0s | thequantuminsider_2019_09_26_qc_startup_aliro_gets_multi_million_dollar_cash_injection_2] === 0 crawl site ===
[03:32:41 +1s | thequantuminsider_2019_09_26_qc_startup_aliro_gets_multi_million_dollar_cash_injection_2] [INIT].... → Crawl4AI 0.8.6 
[03:32:43 +3s | thequantuminsider_2019_09_26_qc_startup_aliro_gets_multi_million_dollar_cash_injection_2] [FETCH]... ↓ https://thequantuminsider.com/2019/09/26/qc-star...liro-gets-multi-million-dollar-cash-injection-2/  | ✓ | ⏱: 1.62s 
[03:32:43 +3s | thequantuminsider_2019_09_26_qc_startup_aliro_gets_multi_million_dollar_cash_injection_2] [SCRAPE].. ◆ https://thequantuminsider.com/2019/09/26/qc-star...liro-gets-multi-million-dollar-cash-injection-2/  | ✓ | ⏱: 0.10s 
[03:32:43 +3s | thequantuminsider_2019_09_26_qc_startup_aliro_gets_multi_million_dollar_cash_injection_2] [COMPLETE] ● https://thequantuminsider.com/2019/09/26/qc-star...liro-gets-multi-million-dollar-cash-injection-2/  | ✓ | ⏱: 1.74s 
[03:32:43 +3s | thequantuminsider_2019_09_26_qc_startup_aliro_gets_multi_million_dollar_cash_injection_2] Saved: crawl_output/435d9df8e3_thequantuminsider.com_2019_09_26_qc-startup-aliro-gets-multi-million-dollar-cash-injection-2.json

[03:32:44 +3s | thequantuminsider_2019_09_26_qc_startup_aliro_gets_multi_million_dollar_cash_injection_2] === 1 actor extraction ===
[03:32:44 +3s | thequantuminsider_2019_09_26_qc_startup_aliro_gets_multi_million_dollar_cash_injection_2] Reading page (1/1): https://thequantuminsider.com/2019/09/26/qc-startup-aliro-gets-multi-million-dollar-cash-injection-2
[03:32:44 +3s | thequantuminsider_2019_09_26_qc_startup_aliro_gets_multi_million_dollar_cash_injection_2] Extracting actors: https://thequantuminsider.com/2019/09/26/qc-startup-aliro-gets-multi-million-dollar-cash-injection-2 (1/1), chunk 1/37
[03:32:49 +8s | thequantuminsider_2019_09_26_qc_startup_aliro_gets_multi_million_dollar_cash_injection_2] Extracting actors: https://thequantuminsider.com/2019/09/26/qc-startup-aliro-gets-multi-million-dollar-cash-injection-2 (1/1), chunk 2/37
[03:32:54 +13s | thequantuminsider_2019_09_26_qc_startup_aliro_gets_multi_million_dollar_cash_injection_2] Extracting actors: https://thequantuminsider.com/2019/09/26/qc-startup-aliro-gets-multi-million-dollar-cash-injection-2 (1/1), chunk 3/37
[03:33:02 +19s | thequantuminsider_2019_09_26_qc_startup_aliro_gets_multi_million_dollar_cash_injection_2] Extracting actors: https://thequantuminsider.com/2019/09/26/qc-startup-aliro-gets-multi-million-dollar-cash-injection-2 (1/1), chunk 4/37
[03:33:06 +23s | thequantuminsider_2019_09_26_qc_startup_aliro_gets_multi_million_dollar_cash_injection_2] Extracting actors: https://thequantuminsider.com/2019/09/26/qc-startup-aliro-gets-multi-million-dollar-cash-injection-2 (1/1), chunk 5/37
[03:33:11 +28s | thequantuminsider_2019_09_26_qc_startup_aliro_gets_multi_million_dollar_cash_injection_2] Extracting actors: https://thequantuminsider.com/2019/09/26/qc-startup-aliro-gets-multi-million-dollar-cash-injection-2 (1/1), chunk 6/37
[03:33:16 +33s | thequantuminsider_2019_09_26_qc_startup_aliro_gets_multi_million_dollar_cash_injection_2] Extracting actors: https://thequantuminsider.com/2019/09/26/qc-startup-aliro-gets-multi-million-dollar-cash-injection-2 (1/1), chunk 7/37
[03:33:20 +36s | thequantuminsider_2019_09_26_qc_startup_aliro_gets_multi_million_dollar_cash_injection_2] Extracting actors: https://thequantuminsider.com/2019/09/26/qc-startup-aliro-gets-multi-million-dollar-cash-injection-2 (1/1), chunk 8/37
[03:33:23 +40s | thequantuminsider_2019_09_26_qc_startup_aliro_gets_multi_million_dollar_cash_injection_2] Extracting actors: https://thequantuminsider.com/2019/09/26/qc-startup-aliro-gets-multi-million-dollar-cash-injection-2 (1/1), chunk 9/37
[03:33:27 +44s | thequantuminsider_2019_09_26_qc_startup_aliro_gets_multi_million_dollar_cash_injection_2] Extracting actors: https://thequantuminsider.com/2019/09/26/qc-startup-aliro-gets-multi-million-dollar-cash-injection-2 (1/1), chunk 10/37
[03:33:34 +48s | thequantuminsider_2019_09_26_qc_startup_aliro_gets_multi_million_dollar_cash_injection_2] Extracting actors: https://thequantuminsider.com/2019/09/26/qc-startup-aliro-gets-multi-million-dollar-cash-injection-2 (1/1), chunk 11/37
[03:33:40 +54s | thequantuminsider_2019_09_26_qc_startup_aliro_gets_multi_million_dollar_cash_injection_2] Repaired malformed JSON.
[03:33:40 +54s | thequantuminsider_2019_09_26_qc_startup_aliro_gets_multi_million_dollar_cash_injection_2] Extracting actors: https://thequantuminsider.com/2019/09/26/qc-startup-aliro-gets-multi-million-dollar-cash-injection-2 (1/1), chunk 12/37
[03:33:46 +1m 0s | thequantuminsider_2019_09_26_qc_startup_aliro_gets_multi_million_dollar_cash_injection_2] Repaired malformed JSON.
[03:33:46 +1m 0s | thequantuminsider_2019_09_26_qc_startup_aliro_gets_multi_million_dollar_cash_injection_2] Extracting actors: https://thequantuminsider.com/2019/09/26/qc-startup-aliro-gets-multi-million-dollar-cash-injection-2 (1/1), chunk 13/37
[03:33:52 +1m 6s | thequantuminsider_2019_09_26_qc_startup_aliro_gets_multi_million_dollar_cash_injection_2] Repaired malformed JSON.
[03:33:52 +1m 6s | thequantuminsider_2019_09_26_qc_startup_aliro_gets_multi_million_dollar_cash_injection_2] Extracting actors: https://thequantuminsider.com/2019/09/26/qc-startup-aliro-gets-multi-million-dollar-cash-injection-2 (1/1), chunk 14/37
[03:33:57 +1m 11s | thequantuminsider_2019_09_26_qc_startup_aliro_gets_multi_million_dollar_cash_injection_2] Repaired malformed JSON.
[03:33:57 +1m 11s | thequantuminsider_2019_09_26_qc_startup_aliro_gets_multi_million_dollar_cash_injection_2] Extracting actors: https://thequantuminsider.com/2019/09/26/qc-startup-aliro-gets-multi-million-dollar-cash-injection-2 (1/1), chunk 15/37
[03:34:03 +1m 16s | thequantuminsider_2019_09_26_qc_startup_aliro_gets_multi_million_dollar_cash_injection_2] Repaired malformed JSON.
[03:34:03 +1m 16s | thequantuminsider_2019_09_26_qc_startup_aliro_gets_multi_million_dollar_cash_injection_2] Extracting actors: https://thequantuminsider.com/2019/09/26/qc-startup-aliro-gets-multi-million-dollar-cash-injection-2 (1/1), chunk 16/37
[03:34:12 +1m 23s | thequantuminsider_2019_09_26_qc_startup_aliro_gets_multi_million_dollar_cash_injection_2] Repaired malformed JSON.
[03:34:12 +1m 23s | thequantuminsider_2019_09_26_qc_startup_aliro_gets_multi_million_dollar_cash_injection_2] Extracting actors: https://thequantuminsider.com/2019/09/26/qc-startup-aliro-gets-multi-million-dollar-cash-injection-2 (1/1), chunk 17/37
[03:34:18 +1m 29s | thequantuminsider_2019_09_26_qc_startup_aliro_gets_multi_million_dollar_cash_injection_2] Repaired malformed JSON.
[03:34:18 +1m 29s | thequantuminsider_2019_09_26_qc_startup_aliro_gets_multi_million_dollar_cash_injection_2] Extracting actors: https://thequantuminsider.com/2019/09/26/qc-startup-aliro-gets-multi-million-dollar-cash-injection-2 (1/1), chunk 18/37
[03:34:25 +1m 36s | thequantuminsider_2019_09_26_qc_startup_aliro_gets_multi_million_dollar_cash_injection_2] Repaired malformed JSON.
[03:34:25 +1m 36s | thequantuminsider_2019_09_26_qc_startup_aliro_gets_multi_million_dollar_cash_injection_2] Extracting actors: https://thequantuminsider.com/2019/09/26/qc-startup-aliro-gets-multi-million-dollar-cash-injection-2 (1/1), chunk 19/37
[03:34:32 +1m 43s | thequantuminsider_2019_09_26_qc_startup_aliro_gets_multi_million_dollar_cash_injection_2] Repaired malformed JSON.
[03:34:32 +1m 43s | thequantuminsider_2019_09_26_qc_startup_aliro_gets_multi_million_dollar_cash_injection_2] Extracting actors: https://thequantuminsider.com/2019/09/26/qc-startup-aliro-gets-multi-million-dollar-cash-injection-2 (1/1), chunk 20/37
[03:34:38 +1m 49s | thequantuminsider_2019_09_26_qc_startup_aliro_gets_multi_million_dollar_cash_injection_2] Repaired malformed JSON.
[03:34:38 +1m 49s | thequantuminsider_2019_09_26_qc_startup_aliro_gets_multi_million_dollar_cash_injection_2] Extracting actors: https://thequantuminsider.com/2019/09/26/qc-startup-aliro-gets-multi-million-dollar-cash-injection-2 (1/1), chunk 21/37
[03:34:49 +1m 57s | thequantuminsider_2019_09_26_qc_startup_aliro_gets_multi_million_dollar_cash_injection_2] Repaired malformed JSON.
[03:34:49 +1m 57s | thequantuminsider_2019_09_26_qc_startup_aliro_gets_multi_million_dollar_cash_injection_2] Extracting actors: https://thequantuminsider.com/2019/09/26/qc-startup-aliro-gets-multi-million-dollar-cash-injection-2 (1/1), chunk 22/37
[03:34:55 +2m 3s | thequantuminsider_2019_09_26_qc_startup_aliro_gets_multi_million_dollar_cash_injection_2] Repaired malformed JSON.
[03:34:55 +2m 3s | thequantuminsider_2019_09_26_qc_startup_aliro_gets_multi_million_dollar_cash_injection_2] Extracting actors: https://thequantuminsider.com/2019/09/26/qc-startup-aliro-gets-multi-million-dollar-cash-injection-2 (1/1), chunk 23/37
[03:35:00 +2m 8s | thequantuminsider_2019_09_26_qc_startup_aliro_gets_multi_million_dollar_cash_injection_2] Repaired malformed JSON.
[03:35:00 +2m 8s | thequantuminsider_2019_09_26_qc_startup_aliro_gets_multi_million_dollar_cash_injection_2] Extracting actors: https://thequantuminsider.com/2019/09/26/qc-startup-aliro-gets-multi-million-dollar-cash-injection-2 (1/1), chunk 24/37
[03:35:06 +2m 14s | thequantuminsider_2019_09_26_qc_startup_aliro_gets_multi_million_dollar_cash_injection_2] Repaired malformed JSON.
[03:35:06 +2m 14s | thequantuminsider_2019_09_26_qc_startup_aliro_gets_multi_million_dollar_cash_injection_2] Extracting actors: https://thequantuminsider.com/2019/09/26/qc-startup-aliro-gets-multi-million-dollar-cash-injection-2 (1/1), chunk 25/37
[03:35:11 +2m 19s | thequantuminsider_2019_09_26_qc_startup_aliro_gets_multi_million_dollar_cash_injection_2] Extracting actors: https://thequantuminsider.com/2019/09/26/qc-startup-aliro-gets-multi-million-dollar-cash-injection-2 (1/1), chunk 26/37
[03:35:18 +2m 23s | thequantuminsider_2019_09_26_qc_startup_aliro_gets_multi_million_dollar_cash_injection_2] Extracting actors: https://thequantuminsider.com/2019/09/26/qc-startup-aliro-gets-multi-million-dollar-cash-injection-2 (1/1), chunk 27/37
[03:35:20 +2m 25s | thequantuminsider_2019_09_26_qc_startup_aliro_gets_multi_million_dollar_cash_injection_2] Extracting actors: https://thequantuminsider.com/2019/09/26/qc-startup-aliro-gets-multi-million-dollar-cash-injection-2 (1/1), chunk 28/37
[03:35:25 +2m 30s | thequantuminsider_2019_09_26_qc_startup_aliro_gets_multi_million_dollar_cash_injection_2] Extracting actors: https://thequantuminsider.com/2019/09/26/qc-startup-aliro-gets-multi-million-dollar-cash-injection-2 (1/1), chunk 29/37
[03:35:27 +2m 32s | thequantuminsider_2019_09_26_qc_startup_aliro_gets_multi_million_dollar_cash_injection_2] Extracting actors: https://thequantuminsider.com/2019/09/26/qc-startup-aliro-gets-multi-million-dollar-cash-injection-2 (1/1), chunk 30/37
[03:35:32 +2m 38s | thequantuminsider_2019_09_26_qc_startup_aliro_gets_multi_million_dollar_cash_injection_2] Repaired malformed JSON.
[03:35:32 +2m 38s | thequantuminsider_2019_09_26_qc_startup_aliro_gets_multi_million_dollar_cash_injection_2] Extracting actors: https://thequantuminsider.com/2019/09/26/qc-startup-aliro-gets-multi-million-dollar-cash-injection-2 (1/1), chunk 31/37
[03:35:34 +2m 39s | thequantuminsider_2019_09_26_qc_startup_aliro_gets_multi_million_dollar_cash_injection_2] Extracting actors: https://thequantuminsider.com/2019/09/26/qc-startup-aliro-gets-multi-million-dollar-cash-injection-2 (1/1), chunk 32/37
[03:35:40 +2m 45s | thequantuminsider_2019_09_26_qc_startup_aliro_gets_multi_million_dollar_cash_injection_2] Repaired malformed JSON.
[03:35:40 +2m 45s | thequantuminsider_2019_09_26_qc_startup_aliro_gets_multi_million_dollar_cash_injection_2] Extracting actors: https://thequantuminsider.com/2019/09/26/qc-startup-aliro-gets-multi-million-dollar-cash-injection-2 (1/1), chunk 33/37
[03:35:47 +2m 52s | thequantuminsider_2019_09_26_qc_startup_aliro_gets_multi_million_dollar_cash_injection_2] Repaired malformed JSON.
[03:35:47 +2m 52s | thequantuminsider_2019_09_26_qc_startup_aliro_gets_multi_million_dollar_cash_injection_2] Extracting actors: https://thequantuminsider.com/2019/09/26/qc-startup-aliro-gets-multi-million-dollar-cash-injection-2 (1/1), chunk 34/37
[03:35:57 +2m 59s | thequantuminsider_2019_09_26_qc_startup_aliro_gets_multi_million_dollar_cash_injection_2] Repaired malformed JSON.
[03:35:57 +2m 59s | thequantuminsider_2019_09_26_qc_startup_aliro_gets_multi_million_dollar_cash_injection_2] Extracting actors: https://thequantuminsider.com/2019/09/26/qc-startup-aliro-gets-multi-million-dollar-cash-injection-2 (1/1), chunk 35/37
[03:36:02 +3m 4s | thequantuminsider_2019_09_26_qc_startup_aliro_gets_multi_million_dollar_cash_injection_2] Repaired malformed JSON.
[03:36:02 +3m 4s | thequantuminsider_2019_09_26_qc_startup_aliro_gets_multi_million_dollar_cash_injection_2] Extracting actors: https://thequantuminsider.com/2019/09/26/qc-startup-aliro-gets-multi-million-dollar-cash-injection-2 (1/1), chunk 36/37
[03:36:09 +3m 11s | thequantuminsider_2019_09_26_qc_startup_aliro_gets_multi_million_dollar_cash_injection_2] Repaired malformed JSON.
[03:36:09 +3m 11s | thequantuminsider_2019_09_26_qc_startup_aliro_gets_multi_million_dollar_cash_injection_2] Extracting actors: https://thequantuminsider.com/2019/09/26/qc-startup-aliro-gets-multi-million-dollar-cash-injection-2 (1/1), chunk 37/37
[03:36:16 +3m 18s | thequantuminsider_2019_09_26_qc_startup_aliro_gets_multi_million_dollar_cash_injection_2] Repaired malformed JSON.
[03:36:16 +3m 18s | thequantuminsider_2019_09_26_qc_startup_aliro_gets_multi_million_dollar_cash_injection_2] Saved 1_actor_results.json with 52 extracted records

[03:36:16 +3m 19s | thequantuminsider_2019_09_26_qc_startup_aliro_gets_multi_million_dollar_cash_injection_2] === 2 clean actors ===
[03:36:16 +3m 19s | thequantuminsider_2019_09_26_qc_startup_aliro_gets_multi_million_dollar_cash_injection_2] Loaded 52 extracted records
[03:36:16 +3m 19s | thequantuminsider_2019_09_26_qc_startup_aliro_gets_multi_million_dollar_cash_injection_2] Saved 2_actor_nodes.json with 24 canonical actor nodes

[03:36:16 +3m 19s | thequantuminsider_2019_09_26_qc_startup_aliro_gets_multi_million_dollar_cash_injection_2] === 3 interaction extraction ===
[03:36:17 +3m 19s | thequantuminsider_2019_09_26_qc_startup_aliro_gets_multi_million_dollar_cash_injection_2] Extracting interactions: https://thequantuminsider.com/2019/09/26/qc-startup-aliro-gets-multi-million-dollar-cash-injection-2 (1/1), chunk 11/37
[03:36:22 +3m 24s | thequantuminsider_2019_09_26_qc_startup_aliro_gets_multi_million_dollar_cash_injection_2] Extracting interactions: https://thequantuminsider.com/2019/09/26/qc-startup-aliro-gets-multi-million-dollar-cash-injection-2 (1/1), chunk 12/37
[03:36:31 +3m 31s | thequantuminsider_2019_09_26_qc_startup_aliro_gets_multi_million_dollar_cash_injection_2] Extracting interactions: https://thequantuminsider.com/2019/09/26/qc-startup-aliro-gets-multi-million-dollar-cash-injection-2 (1/1), chunk 13/37
[03:36:38 +3m 38s | thequantuminsider_2019_09_26_qc_startup_aliro_gets_multi_million_dollar_cash_injection_2] Extracting interactions: https://thequantuminsider.com/2019/09/26/qc-startup-aliro-gets-multi-million-dollar-cash-injection-2 (1/1), chunk 14/37
[03:36:50 +3m 49s | thequantuminsider_2019_09_26_qc_startup_aliro_gets_multi_million_dollar_cash_injection_2] Extracting interactions: https://thequantuminsider.com/2019/09/26/qc-startup-aliro-gets-multi-million-dollar-cash-injection-2 (1/1), chunk 15/37
[03:36:59 +3m 58s | thequantuminsider_2019_09_26_qc_startup_aliro_gets_multi_million_dollar_cash_injection_2] Extracting interactions: https://thequantuminsider.com/2019/09/26/qc-startup-aliro-gets-multi-million-dollar-cash-injection-2 (1/1), chunk 16/37
[03:37:10 +4m 6s | thequantuminsider_2019_09_26_qc_startup_aliro_gets_multi_million_dollar_cash_injection_2] Extracting interactions: https://thequantuminsider.com/2019/09/26/qc-startup-aliro-gets-multi-million-dollar-cash-injection-2 (1/1), chunk 17/37
[03:37:11 +4m 7s | thequantuminsider_2019_09_26_qc_startup_aliro_gets_multi_million_dollar_cash_injection_2] Extracting interactions: https://thequantuminsider.com/2019/09/26/qc-startup-aliro-gets-multi-million-dollar-cash-injection-2 (1/1), chunk 18/37
[03:37:17 +4m 13s | thequantuminsider_2019_09_26_qc_startup_aliro_gets_multi_million_dollar_cash_injection_2] Extracting interactions: https://thequantuminsider.com/2019/09/26/qc-startup-aliro-gets-multi-million-dollar-cash-injection-2 (1/1), chunk 19/37
[03:37:20 +4m 16s | thequantuminsider_2019_09_26_qc_startup_aliro_gets_multi_million_dollar_cash_injection_2] Extracting interactions: https://thequantuminsider.com/2019/09/26/qc-startup-aliro-gets-multi-million-dollar-cash-injection-2 (1/1), chunk 20/37
[03:37:32 +4m 28s | thequantuminsider_2019_09_26_qc_startup_aliro_gets_multi_million_dollar_cash_injection_2] Extracting interactions: https://thequantuminsider.com/2019/09/26/qc-startup-aliro-gets-multi-million-dollar-cash-injection-2 (1/1), chunk 21/37
[03:37:42 +4m 36s | thequantuminsider_2019_09_26_qc_startup_aliro_gets_multi_million_dollar_cash_injection_2] Extracting interactions: https://thequantuminsider.com/2019/09/26/qc-startup-aliro-gets-multi-million-dollar-cash-injection-2 (1/1), chunk 22/37
[03:37:46 +4m 39s | thequantuminsider_2019_09_26_qc_startup_aliro_gets_multi_million_dollar_cash_injection_2] Extracting interactions: https://thequantuminsider.com/2019/09/26/qc-startup-aliro-gets-multi-million-dollar-cash-injection-2 (1/1), chunk 23/37
[03:37:50 +4m 44s | thequantuminsider_2019_09_26_qc_startup_aliro_gets_multi_million_dollar_cash_injection_2] Extracting interactions: https://thequantuminsider.com/2019/09/26/qc-startup-aliro-gets-multi-million-dollar-cash-injection-2 (1/1), chunk 26/37
[03:37:54 +4m 47s | thequantuminsider_2019_09_26_qc_startup_aliro_gets_multi_million_dollar_cash_injection_2] Extracting interactions: https://thequantuminsider.com/2019/09/26/qc-startup-aliro-gets-multi-million-dollar-cash-injection-2 (1/1), chunk 27/37
[03:37:55 +4m 48s | thequantuminsider_2019_09_26_qc_startup_aliro_gets_multi_million_dollar_cash_injection_2] Extracting interactions: https://thequantuminsider.com/2019/09/26/qc-startup-aliro-gets-multi-million-dollar-cash-injection-2 (1/1), chunk 28/37
[03:37:57 +4m 50s | thequantuminsider_2019_09_26_qc_startup_aliro_gets_multi_million_dollar_cash_injection_2] Extracting interactions: https://thequantuminsider.com/2019/09/26/qc-startup-aliro-gets-multi-million-dollar-cash-injection-2 (1/1), chunk 30/37
[03:37:58 +4m 52s | thequantuminsider_2019_09_26_qc_startup_aliro_gets_multi_million_dollar_cash_injection_2] Extracting interactions: https://thequantuminsider.com/2019/09/26/qc-startup-aliro-gets-multi-million-dollar-cash-injection-2 (1/1), chunk 31/37
[03:38:00 +4m 53s | thequantuminsider_2019_09_26_qc_startup_aliro_gets_multi_million_dollar_cash_injection_2] Extracting interactions: https://thequantuminsider.com/2019/09/26/qc-startup-aliro-gets-multi-million-dollar-cash-injection-2 (1/1), chunk 32/37
[03:38:01 +4m 54s | thequantuminsider_2019_09_26_qc_startup_aliro_gets_multi_million_dollar_cash_injection_2] Extracting interactions: https://thequantuminsider.com/2019/09/26/qc-startup-aliro-gets-multi-million-dollar-cash-injection-2 (1/1), chunk 33/37
[03:38:02 +4m 56s | thequantuminsider_2019_09_26_qc_startup_aliro_gets_multi_million_dollar_cash_injection_2] Extracting interactions: https://thequantuminsider.com/2019/09/26/qc-startup-aliro-gets-multi-million-dollar-cash-injection-2 (1/1), chunk 35/37
[03:38:04 +4m 57s | thequantuminsider_2019_09_26_qc_startup_aliro_gets_multi_million_dollar_cash_injection_2] Extracting interactions: https://thequantuminsider.com/2019/09/26/qc-startup-aliro-gets-multi-million-dollar-cash-injection-2 (1/1), chunk 36/37
[03:38:05 +4m 59s | thequantuminsider_2019_09_26_qc_startup_aliro_gets_multi_million_dollar_cash_injection_2] Extracting interactions: https://thequantuminsider.com/2019/09/26/qc-startup-aliro-gets-multi-million-dollar-cash-injection-2 (1/1), chunk 37/37
[03:38:07 +5m 0s | thequantuminsider_2019_09_26_qc_startup_aliro_gets_multi_million_dollar_cash_injection_2] Saved 3_interaction_results.json with 27 extracted interactions.

[03:38:07 +5m 0s | thequantuminsider_2019_09_26_qc_startup_aliro_gets_multi_million_dollar_cash_injection_2] === 4 clean interactions ===
[03:38:07 +5m 0s | thequantuminsider_2019_09_26_qc_startup_aliro_gets_multi_million_dollar_cash_injection_2] Saved 4_edges.json with 4 cleaned interactions.

[03:38:07 +5m 0s | thequantuminsider_2019_09_26_qc_startup_aliro_gets_multi_million_dollar_cash_injection_2] === 5 helix enrichment ===
[03:38:07 +5m 0s | thequantuminsider_2019_09_26_qc_startup_aliro_gets_multi_million_dollar_cash_injection_2] Wrote 5_nodes.json (24 actors)
[03:38:07 +5m 0s | thequantuminsider_2019_09_26_qc_startup_aliro_gets_multi_million_dollar_cash_injection_2] Wrote 5_edges.json (4 interactions)
[03:38:07 +5m 0s | thequantuminsider_2019_09_26_qc_startup_aliro_gets_multi_million_dollar_cash_injection_2] Actor helix counts: {'Academia': 1, 'Civil Society': 2, 'Government': 3, 'Industry': 5, 'Intermediary': 4, 'Unknown': 9}
[03:38:07 +5m 0s | thequantuminsider_2019_09_26_qc_startup_aliro_gets_multi_million_dollar_cash_injection_2] Functional-space counts: {'Innovation': 4}

[03:38:07 +5m 0s | thequantuminsider_2019_09_26_qc_startup_aliro_gets_multi_million_dollar_cash_injection_2] === 6 network visualisation ===
[03:38:07 +5m 1s | thequantuminsider_2019_09_26_qc_startup_aliro_gets_multi_million_dollar_cash_injection_2] Wrote quantum_network.html
[03:38:07 +5m 1s | thequantuminsider_2019_09_26_qc_startup_aliro_gets_multi_million_dollar_cash_injection_2] Nodes: 24
[03:38:07 +5m 1s | thequantuminsider_2019_09_26_qc_startup_aliro_gets_multi_million_dollar_cash_injection_2] Edges: 2

[03:38:08 +5m 1s | thequantuminsider_2019_09_26_qc_startup_aliro_gets_multi_million_dollar_cash_injection_2] Done. Outputs written to: /home/lv/IDP/idpdeeptech/pipeline/news_outputs/thequantuminsider_2019_09_26_qc_startup_aliro_gets_multi_million_dollar_cash_injection_2
[03:38:08 +5m 1s | thequantuminsider_2019_09_26_qc_startup_aliro_gets_multi_million_dollar_cash_injection_2] Log: /home/lv/IDP/idpdeeptech/pipeline/news_outputs/thequantuminsider_2019_09_26_qc_startup_aliro_gets_multi_million_dollar_cash_injection_2/run.log

========================================================================
RUN FINISHED 2026-07-02 03:38:08  (OK)
Started:     2026-07-02 03:32:40
Elapsed:     5m 1s
========================================================================
