
========================================================================
RUN STARTED  2026-07-02 03:21:59
site_pipeline.py https://thequantuminsider.com/2020/01/17/clean-and-green-xanadu-receives-4-4-million-from-sustainability-group/
========================================================================

[03:21:59 +0s | thequantuminsider_2020_01_17_clean_and_green_xanadu_receives_4_4_million_from_sustainability_group] === 0 crawl site ===
[03:22:00 +1s | thequantuminsider_2020_01_17_clean_and_green_xanadu_receives_4_4_million_from_sustainability_group] [INIT].... → Crawl4AI 0.8.6 
[03:22:01 +3s | thequantuminsider_2020_01_17_clean_and_green_xanadu_receives_4_4_million_from_sustainability_group] [FETCH]... ↓ https://thequantuminsider.com/2020/01/17/clean-a...-receives-4-4-million-from-sustainability-group/  | ✓ | ⏱: 1.61s 
[03:22:02 +3s | thequantuminsider_2020_01_17_clean_and_green_xanadu_receives_4_4_million_from_sustainability_group] [SCRAPE].. ◆ https://thequantuminsider.com/2020/01/17/clean-a...-receives-4-4-million-from-sustainability-group/  | ✓ | ⏱: 0.11s 
[03:22:02 +3s | thequantuminsider_2020_01_17_clean_and_green_xanadu_receives_4_4_million_from_sustainability_group] [COMPLETE] ● https://thequantuminsider.com/2020/01/17/clean-a...-receives-4-4-million-from-sustainability-group/  | ✓ | ⏱: 1.73s 
[03:22:02 +3s | thequantuminsider_2020_01_17_clean_and_green_xanadu_receives_4_4_million_from_sustainability_group] Saved: crawl_output/ccbd0d594d_thequantuminsider.com_2020_01_17_clean-and-green-xanadu-receives-4-4-million-from-sustainability-group.json

[03:22:02 +3s | thequantuminsider_2020_01_17_clean_and_green_xanadu_receives_4_4_million_from_sustainability_group] === 1 actor extraction ===
[03:22:02 +3s | thequantuminsider_2020_01_17_clean_and_green_xanadu_receives_4_4_million_from_sustainability_group] Reading page (1/1): https://thequantuminsider.com/2020/01/17/clean-and-green-xanadu-receives-4-4-million-from-sustainability-group
[03:22:02 +3s | thequantuminsider_2020_01_17_clean_and_green_xanadu_receives_4_4_million_from_sustainability_group] Extracting actors: https://thequantuminsider.com/2020/01/17/clean-and-green-xanadu-receives-4-4-million-from-sustainability-group (1/1), chunk 1/38
[03:22:08 +9s | thequantuminsider_2020_01_17_clean_and_green_xanadu_receives_4_4_million_from_sustainability_group] Repaired malformed JSON.
[03:22:08 +9s | thequantuminsider_2020_01_17_clean_and_green_xanadu_receives_4_4_million_from_sustainability_group] Extracting actors: https://thequantuminsider.com/2020/01/17/clean-and-green-xanadu-receives-4-4-million-from-sustainability-group (1/1), chunk 2/38
[03:22:14 +16s | thequantuminsider_2020_01_17_clean_and_green_xanadu_receives_4_4_million_from_sustainability_group] Repaired malformed JSON.
[03:22:14 +16s | thequantuminsider_2020_01_17_clean_and_green_xanadu_receives_4_4_million_from_sustainability_group] Extracting actors: https://thequantuminsider.com/2020/01/17/clean-and-green-xanadu-receives-4-4-million-from-sustainability-group (1/1), chunk 3/38
[03:22:26 +24s | thequantuminsider_2020_01_17_clean_and_green_xanadu_receives_4_4_million_from_sustainability_group] Repaired malformed JSON.
[03:22:26 +24s | thequantuminsider_2020_01_17_clean_and_green_xanadu_receives_4_4_million_from_sustainability_group] Extracting actors: https://thequantuminsider.com/2020/01/17/clean-and-green-xanadu-receives-4-4-million-from-sustainability-group (1/1), chunk 4/38
[03:22:32 +30s | thequantuminsider_2020_01_17_clean_and_green_xanadu_receives_4_4_million_from_sustainability_group] Repaired malformed JSON.
[03:22:32 +30s | thequantuminsider_2020_01_17_clean_and_green_xanadu_receives_4_4_million_from_sustainability_group] Extracting actors: https://thequantuminsider.com/2020/01/17/clean-and-green-xanadu-receives-4-4-million-from-sustainability-group (1/1), chunk 5/38
[03:22:37 +35s | thequantuminsider_2020_01_17_clean_and_green_xanadu_receives_4_4_million_from_sustainability_group] Repaired malformed JSON.
[03:22:37 +35s | thequantuminsider_2020_01_17_clean_and_green_xanadu_receives_4_4_million_from_sustainability_group] Extracting actors: https://thequantuminsider.com/2020/01/17/clean-and-green-xanadu-receives-4-4-million-from-sustainability-group (1/1), chunk 6/38
[03:22:41 +39s | thequantuminsider_2020_01_17_clean_and_green_xanadu_receives_4_4_million_from_sustainability_group] Extracting actors: https://thequantuminsider.com/2020/01/17/clean-and-green-xanadu-receives-4-4-million-from-sustainability-group (1/1), chunk 7/38
[03:22:48 +46s | thequantuminsider_2020_01_17_clean_and_green_xanadu_receives_4_4_million_from_sustainability_group] Repaired malformed JSON.
[03:22:48 +46s | thequantuminsider_2020_01_17_clean_and_green_xanadu_receives_4_4_million_from_sustainability_group] Extracting actors: https://thequantuminsider.com/2020/01/17/clean-and-green-xanadu-receives-4-4-million-from-sustainability-group (1/1), chunk 8/38
[03:22:54 +52s | thequantuminsider_2020_01_17_clean_and_green_xanadu_receives_4_4_million_from_sustainability_group] Repaired malformed JSON.
[03:22:54 +52s | thequantuminsider_2020_01_17_clean_and_green_xanadu_receives_4_4_million_from_sustainability_group] Extracting actors: https://thequantuminsider.com/2020/01/17/clean-and-green-xanadu-receives-4-4-million-from-sustainability-group (1/1), chunk 9/38
[03:23:01 +56s | thequantuminsider_2020_01_17_clean_and_green_xanadu_receives_4_4_million_from_sustainability_group] Extracting actors: https://thequantuminsider.com/2020/01/17/clean-and-green-xanadu-receives-4-4-million-from-sustainability-group (1/1), chunk 10/38
[03:23:08 +1m 3s | thequantuminsider_2020_01_17_clean_and_green_xanadu_receives_4_4_million_from_sustainability_group] Extracting actors: https://thequantuminsider.com/2020/01/17/clean-and-green-xanadu-receives-4-4-million-from-sustainability-group (1/1), chunk 11/38
[03:23:13 +1m 8s | thequantuminsider_2020_01_17_clean_and_green_xanadu_receives_4_4_million_from_sustainability_group] Repaired malformed JSON.
[03:23:13 +1m 8s | thequantuminsider_2020_01_17_clean_and_green_xanadu_receives_4_4_million_from_sustainability_group] Extracting actors: https://thequantuminsider.com/2020/01/17/clean-and-green-xanadu-receives-4-4-million-from-sustainability-group (1/1), chunk 12/38
[03:23:19 +1m 15s | thequantuminsider_2020_01_17_clean_and_green_xanadu_receives_4_4_million_from_sustainability_group] Repaired malformed JSON.
[03:23:19 +1m 15s | thequantuminsider_2020_01_17_clean_and_green_xanadu_receives_4_4_million_from_sustainability_group] Extracting actors: https://thequantuminsider.com/2020/01/17/clean-and-green-xanadu-receives-4-4-million-from-sustainability-group (1/1), chunk 13/38
[03:23:25 +1m 20s | thequantuminsider_2020_01_17_clean_and_green_xanadu_receives_4_4_million_from_sustainability_group] Repaired malformed JSON.
[03:23:25 +1m 20s | thequantuminsider_2020_01_17_clean_and_green_xanadu_receives_4_4_million_from_sustainability_group] Extracting actors: https://thequantuminsider.com/2020/01/17/clean-and-green-xanadu-receives-4-4-million-from-sustainability-group (1/1), chunk 14/38
[03:23:35 +1m 27s | thequantuminsider_2020_01_17_clean_and_green_xanadu_receives_4_4_million_from_sustainability_group] Repaired malformed JSON.
[03:23:35 +1m 27s | thequantuminsider_2020_01_17_clean_and_green_xanadu_receives_4_4_million_from_sustainability_group] Extracting actors: https://thequantuminsider.com/2020/01/17/clean-and-green-xanadu-receives-4-4-million-from-sustainability-group (1/1), chunk 15/38
[03:23:41 +1m 33s | thequantuminsider_2020_01_17_clean_and_green_xanadu_receives_4_4_million_from_sustainability_group] Repaired malformed JSON.
[03:23:41 +1m 33s | thequantuminsider_2020_01_17_clean_and_green_xanadu_receives_4_4_million_from_sustainability_group] Extracting actors: https://thequantuminsider.com/2020/01/17/clean-and-green-xanadu-receives-4-4-million-from-sustainability-group (1/1), chunk 16/38
[03:23:46 +1m 39s | thequantuminsider_2020_01_17_clean_and_green_xanadu_receives_4_4_million_from_sustainability_group] Repaired malformed JSON.
[03:23:46 +1m 39s | thequantuminsider_2020_01_17_clean_and_green_xanadu_receives_4_4_million_from_sustainability_group] Extracting actors: https://thequantuminsider.com/2020/01/17/clean-and-green-xanadu-receives-4-4-million-from-sustainability-group (1/1), chunk 17/38
[03:23:54 +1m 47s | thequantuminsider_2020_01_17_clean_and_green_xanadu_receives_4_4_million_from_sustainability_group] Repaired malformed JSON.
[03:23:54 +1m 47s | thequantuminsider_2020_01_17_clean_and_green_xanadu_receives_4_4_million_from_sustainability_group] Extracting actors: https://thequantuminsider.com/2020/01/17/clean-and-green-xanadu-receives-4-4-million-from-sustainability-group (1/1), chunk 18/38
[03:24:03 +1m 56s | thequantuminsider_2020_01_17_clean_and_green_xanadu_receives_4_4_million_from_sustainability_group] Repaired malformed JSON.
[03:24:03 +1m 56s | thequantuminsider_2020_01_17_clean_and_green_xanadu_receives_4_4_million_from_sustainability_group] Extracting actors: https://thequantuminsider.com/2020/01/17/clean-and-green-xanadu-receives-4-4-million-from-sustainability-group (1/1), chunk 19/38
[03:24:13 +2m 3s | thequantuminsider_2020_01_17_clean_and_green_xanadu_receives_4_4_million_from_sustainability_group] Repaired malformed JSON.
[03:24:13 +2m 3s | thequantuminsider_2020_01_17_clean_and_green_xanadu_receives_4_4_million_from_sustainability_group] Extracting actors: https://thequantuminsider.com/2020/01/17/clean-and-green-xanadu-receives-4-4-million-from-sustainability-group (1/1), chunk 20/38
[03:24:20 +2m 10s | thequantuminsider_2020_01_17_clean_and_green_xanadu_receives_4_4_million_from_sustainability_group] Repaired malformed JSON.
[03:24:20 +2m 10s | thequantuminsider_2020_01_17_clean_and_green_xanadu_receives_4_4_million_from_sustainability_group] Extracting actors: https://thequantuminsider.com/2020/01/17/clean-and-green-xanadu-receives-4-4-million-from-sustainability-group (1/1), chunk 21/38
[03:24:28 +2m 17s | thequantuminsider_2020_01_17_clean_and_green_xanadu_receives_4_4_million_from_sustainability_group] Repaired malformed JSON.
[03:24:28 +2m 17s | thequantuminsider_2020_01_17_clean_and_green_xanadu_receives_4_4_million_from_sustainability_group] Extracting actors: https://thequantuminsider.com/2020/01/17/clean-and-green-xanadu-receives-4-4-million-from-sustainability-group (1/1), chunk 22/38
[03:24:34 +2m 24s | thequantuminsider_2020_01_17_clean_and_green_xanadu_receives_4_4_million_from_sustainability_group] Repaired malformed JSON.
[03:24:34 +2m 24s | thequantuminsider_2020_01_17_clean_and_green_xanadu_receives_4_4_million_from_sustainability_group] Extracting actors: https://thequantuminsider.com/2020/01/17/clean-and-green-xanadu-receives-4-4-million-from-sustainability-group (1/1), chunk 23/38
[03:24:41 +2m 30s | thequantuminsider_2020_01_17_clean_and_green_xanadu_receives_4_4_million_from_sustainability_group] Repaired malformed JSON.
[03:24:41 +2m 30s | thequantuminsider_2020_01_17_clean_and_green_xanadu_receives_4_4_million_from_sustainability_group] Extracting actors: https://thequantuminsider.com/2020/01/17/clean-and-green-xanadu-receives-4-4-million-from-sustainability-group (1/1), chunk 24/38
[03:25:02 +2m 49s | thequantuminsider_2020_01_17_clean_and_green_xanadu_receives_4_4_million_from_sustainability_group] Repaired malformed JSON.
[03:25:02 +2m 49s | thequantuminsider_2020_01_17_clean_and_green_xanadu_receives_4_4_million_from_sustainability_group] Extracting actors: https://thequantuminsider.com/2020/01/17/clean-and-green-xanadu-receives-4-4-million-from-sustainability-group (1/1), chunk 25/38
[03:25:12 +2m 58s | thequantuminsider_2020_01_17_clean_and_green_xanadu_receives_4_4_million_from_sustainability_group] Repaired malformed JSON.
[03:25:12 +2m 58s | thequantuminsider_2020_01_17_clean_and_green_xanadu_receives_4_4_million_from_sustainability_group] Extracting actors: https://thequantuminsider.com/2020/01/17/clean-and-green-xanadu-receives-4-4-million-from-sustainability-group (1/1), chunk 26/38
[03:25:21 +3m 4s | thequantuminsider_2020_01_17_clean_and_green_xanadu_receives_4_4_million_from_sustainability_group] Extracting actors: https://thequantuminsider.com/2020/01/17/clean-and-green-xanadu-receives-4-4-million-from-sustainability-group (1/1), chunk 27/38
[03:25:26 +3m 9s | thequantuminsider_2020_01_17_clean_and_green_xanadu_receives_4_4_million_from_sustainability_group] Repaired malformed JSON.
[03:25:26 +3m 9s | thequantuminsider_2020_01_17_clean_and_green_xanadu_receives_4_4_million_from_sustainability_group] Extracting actors: https://thequantuminsider.com/2020/01/17/clean-and-green-xanadu-receives-4-4-million-from-sustainability-group (1/1), chunk 28/38
[03:25:30 +3m 14s | thequantuminsider_2020_01_17_clean_and_green_xanadu_receives_4_4_million_from_sustainability_group] Extracting actors: https://thequantuminsider.com/2020/01/17/clean-and-green-xanadu-receives-4-4-million-from-sustainability-group (1/1), chunk 29/38
[03:25:35 +3m 18s | thequantuminsider_2020_01_17_clean_and_green_xanadu_receives_4_4_million_from_sustainability_group] Extracting actors: https://thequantuminsider.com/2020/01/17/clean-and-green-xanadu-receives-4-4-million-from-sustainability-group (1/1), chunk 30/38
[03:25:42 +3m 26s | thequantuminsider_2020_01_17_clean_and_green_xanadu_receives_4_4_million_from_sustainability_group] Repaired malformed JSON.
[03:25:42 +3m 26s | thequantuminsider_2020_01_17_clean_and_green_xanadu_receives_4_4_million_from_sustainability_group] Extracting actors: https://thequantuminsider.com/2020/01/17/clean-and-green-xanadu-receives-4-4-million-from-sustainability-group (1/1), chunk 31/38
[03:25:48 +3m 32s | thequantuminsider_2020_01_17_clean_and_green_xanadu_receives_4_4_million_from_sustainability_group] Repaired malformed JSON.
[03:25:48 +3m 32s | thequantuminsider_2020_01_17_clean_and_green_xanadu_receives_4_4_million_from_sustainability_group] Extracting actors: https://thequantuminsider.com/2020/01/17/clean-and-green-xanadu-receives-4-4-million-from-sustainability-group (1/1), chunk 32/38
[03:25:58 +3m 39s | thequantuminsider_2020_01_17_clean_and_green_xanadu_receives_4_4_million_from_sustainability_group] Repaired malformed JSON.
[03:25:58 +3m 39s | thequantuminsider_2020_01_17_clean_and_green_xanadu_receives_4_4_million_from_sustainability_group] Extracting actors: https://thequantuminsider.com/2020/01/17/clean-and-green-xanadu-receives-4-4-million-from-sustainability-group (1/1), chunk 33/38
[03:26:03 +3m 44s | thequantuminsider_2020_01_17_clean_and_green_xanadu_receives_4_4_million_from_sustainability_group] Repaired malformed JSON.
[03:26:03 +3m 44s | thequantuminsider_2020_01_17_clean_and_green_xanadu_receives_4_4_million_from_sustainability_group] Extracting actors: https://thequantuminsider.com/2020/01/17/clean-and-green-xanadu-receives-4-4-million-from-sustainability-group (1/1), chunk 34/38
[03:26:08 +3m 49s | thequantuminsider_2020_01_17_clean_and_green_xanadu_receives_4_4_million_from_sustainability_group] Repaired malformed JSON.
[03:26:08 +3m 49s | thequantuminsider_2020_01_17_clean_and_green_xanadu_receives_4_4_million_from_sustainability_group] Extracting actors: https://thequantuminsider.com/2020/01/17/clean-and-green-xanadu-receives-4-4-million-from-sustainability-group (1/1), chunk 35/38
[03:26:16 +3m 56s | thequantuminsider_2020_01_17_clean_and_green_xanadu_receives_4_4_million_from_sustainability_group] Repaired malformed JSON.
[03:26:16 +3m 56s | thequantuminsider_2020_01_17_clean_and_green_xanadu_receives_4_4_million_from_sustainability_group] Extracting actors: https://thequantuminsider.com/2020/01/17/clean-and-green-xanadu-receives-4-4-million-from-sustainability-group (1/1), chunk 36/38
[03:26:24 +4m 5s | thequantuminsider_2020_01_17_clean_and_green_xanadu_receives_4_4_million_from_sustainability_group] Repaired malformed JSON.
[03:26:24 +4m 5s | thequantuminsider_2020_01_17_clean_and_green_xanadu_receives_4_4_million_from_sustainability_group] Extracting actors: https://thequantuminsider.com/2020/01/17/clean-and-green-xanadu-receives-4-4-million-from-sustainability-group (1/1), chunk 37/38
[03:26:44 +4m 22s | thequantuminsider_2020_01_17_clean_and_green_xanadu_receives_4_4_million_from_sustainability_group] Repaired malformed JSON.
[03:26:44 +4m 22s | thequantuminsider_2020_01_17_clean_and_green_xanadu_receives_4_4_million_from_sustainability_group] Extracting actors: https://thequantuminsider.com/2020/01/17/clean-and-green-xanadu-receives-4-4-million-from-sustainability-group (1/1), chunk 38/38
[03:26:51 +4m 28s | thequantuminsider_2020_01_17_clean_and_green_xanadu_receives_4_4_million_from_sustainability_group] Repaired malformed JSON.
[03:26:51 +4m 28s | thequantuminsider_2020_01_17_clean_and_green_xanadu_receives_4_4_million_from_sustainability_group] Saved 1_actor_results.json with 64 extracted records

[03:26:51 +4m 28s | thequantuminsider_2020_01_17_clean_and_green_xanadu_receives_4_4_million_from_sustainability_group] === 2 clean actors ===
[03:26:51 +4m 29s | thequantuminsider_2020_01_17_clean_and_green_xanadu_receives_4_4_million_from_sustainability_group] Loaded 64 extracted records
[03:26:51 +4m 29s | thequantuminsider_2020_01_17_clean_and_green_xanadu_receives_4_4_million_from_sustainability_group] Saved 2_actor_nodes.json with 18 canonical actor nodes

[03:26:51 +4m 29s | thequantuminsider_2020_01_17_clean_and_green_xanadu_receives_4_4_million_from_sustainability_group] === 3 interaction extraction ===
[03:26:51 +4m 29s | thequantuminsider_2020_01_17_clean_and_green_xanadu_receives_4_4_million_from_sustainability_group] Extracting interactions: https://thequantuminsider.com/2020/01/17/clean-and-green-xanadu-receives-4-4-million-from-sustainability-group (1/1), chunk 11/38
[03:26:54 +4m 32s | thequantuminsider_2020_01_17_clean_and_green_xanadu_receives_4_4_million_from_sustainability_group] Extracting interactions: https://thequantuminsider.com/2020/01/17/clean-and-green-xanadu-receives-4-4-million-from-sustainability-group (1/1), chunk 12/38
[03:27:00 +4m 37s | thequantuminsider_2020_01_17_clean_and_green_xanadu_receives_4_4_million_from_sustainability_group] Extracting interactions: https://thequantuminsider.com/2020/01/17/clean-and-green-xanadu-receives-4-4-million-from-sustainability-group (1/1), chunk 13/38
[03:27:10 +4m 45s | thequantuminsider_2020_01_17_clean_and_green_xanadu_receives_4_4_million_from_sustainability_group] Extracting interactions: https://thequantuminsider.com/2020/01/17/clean-and-green-xanadu-receives-4-4-million-from-sustainability-group (1/1), chunk 14/38
[03:27:18 +4m 53s | thequantuminsider_2020_01_17_clean_and_green_xanadu_receives_4_4_million_from_sustainability_group] Extracting interactions: https://thequantuminsider.com/2020/01/17/clean-and-green-xanadu-receives-4-4-million-from-sustainability-group (1/1), chunk 15/38
[03:27:27 +5m 2s | thequantuminsider_2020_01_17_clean_and_green_xanadu_receives_4_4_million_from_sustainability_group] Extracting interactions: https://thequantuminsider.com/2020/01/17/clean-and-green-xanadu-receives-4-4-million-from-sustainability-group (1/1), chunk 16/38
[03:27:33 +5m 8s | thequantuminsider_2020_01_17_clean_and_green_xanadu_receives_4_4_million_from_sustainability_group] Extracting interactions: https://thequantuminsider.com/2020/01/17/clean-and-green-xanadu-receives-4-4-million-from-sustainability-group (1/1), chunk 17/38
[03:27:36 +5m 11s | thequantuminsider_2020_01_17_clean_and_green_xanadu_receives_4_4_million_from_sustainability_group] Extracting interactions: https://thequantuminsider.com/2020/01/17/clean-and-green-xanadu-receives-4-4-million-from-sustainability-group (1/1), chunk 18/38
[03:27:41 +5m 13s | thequantuminsider_2020_01_17_clean_and_green_xanadu_receives_4_4_million_from_sustainability_group] Extracting interactions: https://thequantuminsider.com/2020/01/17/clean-and-green-xanadu-receives-4-4-million-from-sustainability-group (1/1), chunk 19/38
[03:27:47 +5m 19s | thequantuminsider_2020_01_17_clean_and_green_xanadu_receives_4_4_million_from_sustainability_group] Extracting interactions: https://thequantuminsider.com/2020/01/17/clean-and-green-xanadu-receives-4-4-million-from-sustainability-group (1/1), chunk 20/38
[03:28:03 +5m 35s | thequantuminsider_2020_01_17_clean_and_green_xanadu_receives_4_4_million_from_sustainability_group] Extracting interactions: https://thequantuminsider.com/2020/01/17/clean-and-green-xanadu-receives-4-4-million-from-sustainability-group (1/1), chunk 21/38
[03:28:11 +5m 43s | thequantuminsider_2020_01_17_clean_and_green_xanadu_receives_4_4_million_from_sustainability_group] Extracting interactions: https://thequantuminsider.com/2020/01/17/clean-and-green-xanadu-receives-4-4-million-from-sustainability-group (1/1), chunk 22/38
[03:28:18 +5m 47s | thequantuminsider_2020_01_17_clean_and_green_xanadu_receives_4_4_million_from_sustainability_group] Extracting interactions: https://thequantuminsider.com/2020/01/17/clean-and-green-xanadu-receives-4-4-million-from-sustainability-group (1/1), chunk 23/38
[03:28:26 +5m 55s | thequantuminsider_2020_01_17_clean_and_green_xanadu_receives_4_4_million_from_sustainability_group] Extracting interactions: https://thequantuminsider.com/2020/01/17/clean-and-green-xanadu-receives-4-4-million-from-sustainability-group (1/1), chunk 24/38
[03:28:29 +5m 58s | thequantuminsider_2020_01_17_clean_and_green_xanadu_receives_4_4_million_from_sustainability_group] Extracting interactions: https://thequantuminsider.com/2020/01/17/clean-and-green-xanadu-receives-4-4-million-from-sustainability-group (1/1), chunk 27/38
[03:28:32 +6m 1s | thequantuminsider_2020_01_17_clean_and_green_xanadu_receives_4_4_million_from_sustainability_group] Extracting interactions: https://thequantuminsider.com/2020/01/17/clean-and-green-xanadu-receives-4-4-million-from-sustainability-group (1/1), chunk 28/38
[03:28:35 +6m 4s | thequantuminsider_2020_01_17_clean_and_green_xanadu_receives_4_4_million_from_sustainability_group] Extracting interactions: https://thequantuminsider.com/2020/01/17/clean-and-green-xanadu-receives-4-4-million-from-sustainability-group (1/1), chunk 31/38
[03:28:36 +6m 5s | thequantuminsider_2020_01_17_clean_and_green_xanadu_receives_4_4_million_from_sustainability_group] Extracting interactions: https://thequantuminsider.com/2020/01/17/clean-and-green-xanadu-receives-4-4-million-from-sustainability-group (1/1), chunk 32/38
[03:28:38 +6m 7s | thequantuminsider_2020_01_17_clean_and_green_xanadu_receives_4_4_million_from_sustainability_group] Extracting interactions: https://thequantuminsider.com/2020/01/17/clean-and-green-xanadu-receives-4-4-million-from-sustainability-group (1/1), chunk 34/38
[03:28:39 +6m 8s | thequantuminsider_2020_01_17_clean_and_green_xanadu_receives_4_4_million_from_sustainability_group] Extracting interactions: https://thequantuminsider.com/2020/01/17/clean-and-green-xanadu-receives-4-4-million-from-sustainability-group (1/1), chunk 36/38
[03:28:41 +6m 10s | thequantuminsider_2020_01_17_clean_and_green_xanadu_receives_4_4_million_from_sustainability_group] Extracting interactions: https://thequantuminsider.com/2020/01/17/clean-and-green-xanadu-receives-4-4-million-from-sustainability-group (1/1), chunk 37/38
[03:29:03 +6m 29s | thequantuminsider_2020_01_17_clean_and_green_xanadu_receives_4_4_million_from_sustainability_group] Saved 3_interaction_results.json with 27 extracted interactions.

[03:29:03 +6m 29s | thequantuminsider_2020_01_17_clean_and_green_xanadu_receives_4_4_million_from_sustainability_group] === 4 clean interactions ===
[03:29:03 +6m 29s | thequantuminsider_2020_01_17_clean_and_green_xanadu_receives_4_4_million_from_sustainability_group] Saved 4_edges.json with 2 cleaned interactions.

[03:29:03 +6m 29s | thequantuminsider_2020_01_17_clean_and_green_xanadu_receives_4_4_million_from_sustainability_group] === 5 helix enrichment ===
[03:29:03 +6m 29s | thequantuminsider_2020_01_17_clean_and_green_xanadu_receives_4_4_million_from_sustainability_group] Wrote 5_nodes.json (18 actors)
[03:29:03 +6m 29s | thequantuminsider_2020_01_17_clean_and_green_xanadu_receives_4_4_million_from_sustainability_group] Wrote 5_edges.json (2 interactions)
[03:29:03 +6m 29s | thequantuminsider_2020_01_17_clean_and_green_xanadu_receives_4_4_million_from_sustainability_group] Actor helix counts: {'Academia': 2, 'Civil Society': 3, 'Government': 4, 'Industry': 3, 'Intermediary': 1, 'Unknown': 5}
[03:29:03 +6m 29s | thequantuminsider_2020_01_17_clean_and_green_xanadu_receives_4_4_million_from_sustainability_group] Functional-space counts: {'Innovation': 2}

[03:29:03 +6m 29s | thequantuminsider_2020_01_17_clean_and_green_xanadu_receives_4_4_million_from_sustainability_group] === 6 network visualisation ===
[03:29:03 +6m 29s | thequantuminsider_2020_01_17_clean_and_green_xanadu_receives_4_4_million_from_sustainability_group] Wrote quantum_network.html
[03:29:03 +6m 29s | thequantuminsider_2020_01_17_clean_and_green_xanadu_receives_4_4_million_from_sustainability_group] Nodes: 18
[03:29:03 +6m 29s | thequantuminsider_2020_01_17_clean_and_green_xanadu_receives_4_4_million_from_sustainability_group] Edges: 1

[03:29:03 +6m 29s | thequantuminsider_2020_01_17_clean_and_green_xanadu_receives_4_4_million_from_sustainability_group] Done. Outputs written to: /home/lv/IDP/idpdeeptech/pipeline/news_outputs/thequantuminsider_2020_01_17_clean_and_green_xanadu_receives_4_4_million_from_sustainability_group
[03:29:03 +6m 29s | thequantuminsider_2020_01_17_clean_and_green_xanadu_receives_4_4_million_from_sustainability_group] Log: /home/lv/IDP/idpdeeptech/pipeline/news_outputs/thequantuminsider_2020_01_17_clean_and_green_xanadu_receives_4_4_million_from_sustainability_group/run.log

========================================================================
RUN FINISHED 2026-07-02 03:29:03  (OK)
Started:     2026-07-02 03:21:59
Elapsed:     6m 29s
========================================================================
