
========================================================================
RUN STARTED  2026-07-02 06:23:47
site_pipeline.py https://thequantuminsider.com/2024/03/27/waseda-university-researchers-say-new-quantum-algorithm-quickly-manages-challenging-combinatorial-optimization-problems/
========================================================================

[06:23:47 +0s | thequantuminsider_2024_03_27_waseda_university_researchers_say_new_quantum_algorithm_quic_7267bd1e] === 0 crawl site ===
[06:23:49 +1s | thequantuminsider_2024_03_27_waseda_university_researchers_say_new_quantum_algorithm_quic_7267bd1e] [INIT].... → Crawl4AI 0.8.6 
[06:23:50 +3s | thequantuminsider_2024_03_27_waseda_university_researchers_say_new_quantum_algorithm_quic_7267bd1e] [FETCH]... ↓ https://thequantuminsider.com/2024/03/27/waseda-...challenging-combinatorial-optimization-problems/  | ✓ | ⏱: 1.62s 
[06:23:50 +3s | thequantuminsider_2024_03_27_waseda_university_researchers_say_new_quantum_algorithm_quic_7267bd1e] [SCRAPE].. ◆ https://thequantuminsider.com/2024/03/27/waseda-...challenging-combinatorial-optimization-problems/  | ✓ | ⏱: 0.10s 
[06:23:50 +3s | thequantuminsider_2024_03_27_waseda_university_researchers_say_new_quantum_algorithm_quic_7267bd1e] [COMPLETE] ● https://thequantuminsider.com/2024/03/27/waseda-...challenging-combinatorial-optimization-problems/  | ✓ | ⏱: 1.74s 
[06:23:50 +3s | thequantuminsider_2024_03_27_waseda_university_researchers_say_new_quantum_algorithm_quic_7267bd1e] Saved: crawl_output/968b42d502_thequantuminsider.com_2024_03_27_waseda-university-researchers-say-new-quantum-algorithm-quickly-manages-challenging-combinatorial-optimization-problems.json

[06:23:51 +3s | thequantuminsider_2024_03_27_waseda_university_researchers_say_new_quantum_algorithm_quic_7267bd1e] === 1 actor extraction ===
[06:23:51 +3s | thequantuminsider_2024_03_27_waseda_university_researchers_say_new_quantum_algorithm_quic_7267bd1e] Reading page (1/1): https://thequantuminsider.com/2024/03/27/waseda-university-researchers-say-new-quantum-algorithm-quickly-manages-challenging-combinatorial-optimization-problems
[06:23:51 +3s | thequantuminsider_2024_03_27_waseda_university_researchers_say_new_quantum_algorithm_quic_7267bd1e] Extracting actors: https://thequantuminsider.com/2024/03/27/waseda-university-researchers-say-new-quantum-algorithm-quickly-manages-challenging-combinatorial-optimization-problems (1/1), chunk 1/38
[06:23:55 +8s | thequantuminsider_2024_03_27_waseda_university_researchers_say_new_quantum_algorithm_quic_7267bd1e] Extracting actors: https://thequantuminsider.com/2024/03/27/waseda-university-researchers-say-new-quantum-algorithm-quickly-manages-challenging-combinatorial-optimization-problems (1/1), chunk 2/38
[06:24:01 +13s | thequantuminsider_2024_03_27_waseda_university_researchers_say_new_quantum_algorithm_quic_7267bd1e] Extracting actors: https://thequantuminsider.com/2024/03/27/waseda-university-researchers-say-new-quantum-algorithm-quickly-manages-challenging-combinatorial-optimization-problems (1/1), chunk 3/38
[06:24:05 +18s | thequantuminsider_2024_03_27_waseda_university_researchers_say_new_quantum_algorithm_quic_7267bd1e] Extracting actors: https://thequantuminsider.com/2024/03/27/waseda-university-researchers-say-new-quantum-algorithm-quickly-manages-challenging-combinatorial-optimization-problems (1/1), chunk 4/38
[06:24:11 +23s | thequantuminsider_2024_03_27_waseda_university_researchers_say_new_quantum_algorithm_quic_7267bd1e] Extracting actors: https://thequantuminsider.com/2024/03/27/waseda-university-researchers-say-new-quantum-algorithm-quickly-manages-challenging-combinatorial-optimization-problems (1/1), chunk 5/38
[06:24:15 +27s | thequantuminsider_2024_03_27_waseda_university_researchers_say_new_quantum_algorithm_quic_7267bd1e] Extracting actors: https://thequantuminsider.com/2024/03/27/waseda-university-researchers-say-new-quantum-algorithm-quickly-manages-challenging-combinatorial-optimization-problems (1/1), chunk 6/38
[06:24:19 +31s | thequantuminsider_2024_03_27_waseda_university_researchers_say_new_quantum_algorithm_quic_7267bd1e] Extracting actors: https://thequantuminsider.com/2024/03/27/waseda-university-researchers-say-new-quantum-algorithm-quickly-manages-challenging-combinatorial-optimization-problems (1/1), chunk 7/38
[06:24:23 +35s | thequantuminsider_2024_03_27_waseda_university_researchers_say_new_quantum_algorithm_quic_7267bd1e] Extracting actors: https://thequantuminsider.com/2024/03/27/waseda-university-researchers-say-new-quantum-algorithm-quickly-manages-challenging-combinatorial-optimization-problems (1/1), chunk 8/38
[06:24:27 +39s | thequantuminsider_2024_03_27_waseda_university_researchers_say_new_quantum_algorithm_quic_7267bd1e] Extracting actors: https://thequantuminsider.com/2024/03/27/waseda-university-researchers-say-new-quantum-algorithm-quickly-manages-challenging-combinatorial-optimization-problems (1/1), chunk 9/38
[06:24:31 +44s | thequantuminsider_2024_03_27_waseda_university_researchers_say_new_quantum_algorithm_quic_7267bd1e] Extracting actors: https://thequantuminsider.com/2024/03/27/waseda-university-researchers-say-new-quantum-algorithm-quickly-manages-challenging-combinatorial-optimization-problems (1/1), chunk 10/38
[06:24:36 +49s | thequantuminsider_2024_03_27_waseda_university_researchers_say_new_quantum_algorithm_quic_7267bd1e] Extracting actors: https://thequantuminsider.com/2024/03/27/waseda-university-researchers-say-new-quantum-algorithm-quickly-manages-challenging-combinatorial-optimization-problems (1/1), chunk 11/38
[06:24:45 +58s | thequantuminsider_2024_03_27_waseda_university_researchers_say_new_quantum_algorithm_quic_7267bd1e] Repaired malformed JSON.
[06:24:45 +58s | thequantuminsider_2024_03_27_waseda_university_researchers_say_new_quantum_algorithm_quic_7267bd1e] Extracting actors: https://thequantuminsider.com/2024/03/27/waseda-university-researchers-say-new-quantum-algorithm-quickly-manages-challenging-combinatorial-optimization-problems (1/1), chunk 12/38
[06:24:51 +1m 4s | thequantuminsider_2024_03_27_waseda_university_researchers_say_new_quantum_algorithm_quic_7267bd1e] Extracting actors: https://thequantuminsider.com/2024/03/27/waseda-university-researchers-say-new-quantum-algorithm-quickly-manages-challenging-combinatorial-optimization-problems (1/1), chunk 13/38
[06:24:58 +1m 11s | thequantuminsider_2024_03_27_waseda_university_researchers_say_new_quantum_algorithm_quic_7267bd1e] Repaired malformed JSON.
[06:24:58 +1m 11s | thequantuminsider_2024_03_27_waseda_university_researchers_say_new_quantum_algorithm_quic_7267bd1e] Extracting actors: https://thequantuminsider.com/2024/03/27/waseda-university-researchers-say-new-quantum-algorithm-quickly-manages-challenging-combinatorial-optimization-problems (1/1), chunk 14/38
[06:25:04 +1m 16s | thequantuminsider_2024_03_27_waseda_university_researchers_say_new_quantum_algorithm_quic_7267bd1e] Repaired malformed JSON.
[06:25:04 +1m 16s | thequantuminsider_2024_03_27_waseda_university_researchers_say_new_quantum_algorithm_quic_7267bd1e] Extracting actors: https://thequantuminsider.com/2024/03/27/waseda-university-researchers-say-new-quantum-algorithm-quickly-manages-challenging-combinatorial-optimization-problems (1/1), chunk 15/38
[06:25:13 +1m 26s | thequantuminsider_2024_03_27_waseda_university_researchers_say_new_quantum_algorithm_quic_7267bd1e] Repaired malformed JSON.
[06:25:13 +1m 26s | thequantuminsider_2024_03_27_waseda_university_researchers_say_new_quantum_algorithm_quic_7267bd1e] Extracting actors: https://thequantuminsider.com/2024/03/27/waseda-university-researchers-say-new-quantum-algorithm-quickly-manages-challenging-combinatorial-optimization-problems (1/1), chunk 16/38
[06:25:22 +1m 35s | thequantuminsider_2024_03_27_waseda_university_researchers_say_new_quantum_algorithm_quic_7267bd1e] Repaired malformed JSON.
[06:25:22 +1m 35s | thequantuminsider_2024_03_27_waseda_university_researchers_say_new_quantum_algorithm_quic_7267bd1e] Extracting actors: https://thequantuminsider.com/2024/03/27/waseda-university-researchers-say-new-quantum-algorithm-quickly-manages-challenging-combinatorial-optimization-problems (1/1), chunk 17/38
[06:25:28 +1m 41s | thequantuminsider_2024_03_27_waseda_university_researchers_say_new_quantum_algorithm_quic_7267bd1e] Repaired malformed JSON.
[06:25:28 +1m 41s | thequantuminsider_2024_03_27_waseda_university_researchers_say_new_quantum_algorithm_quic_7267bd1e] Extracting actors: https://thequantuminsider.com/2024/03/27/waseda-university-researchers-say-new-quantum-algorithm-quickly-manages-challenging-combinatorial-optimization-problems (1/1), chunk 18/38
[06:25:35 +1m 47s | thequantuminsider_2024_03_27_waseda_university_researchers_say_new_quantum_algorithm_quic_7267bd1e] Repaired malformed JSON.
[06:25:35 +1m 47s | thequantuminsider_2024_03_27_waseda_university_researchers_say_new_quantum_algorithm_quic_7267bd1e] Extracting actors: https://thequantuminsider.com/2024/03/27/waseda-university-researchers-say-new-quantum-algorithm-quickly-manages-challenging-combinatorial-optimization-problems (1/1), chunk 19/38
[06:25:41 +1m 54s | thequantuminsider_2024_03_27_waseda_university_researchers_say_new_quantum_algorithm_quic_7267bd1e] Repaired malformed JSON.
[06:25:41 +1m 54s | thequantuminsider_2024_03_27_waseda_university_researchers_say_new_quantum_algorithm_quic_7267bd1e] Extracting actors: https://thequantuminsider.com/2024/03/27/waseda-university-researchers-say-new-quantum-algorithm-quickly-manages-challenging-combinatorial-optimization-problems (1/1), chunk 20/38
[06:25:48 +2m 1s | thequantuminsider_2024_03_27_waseda_university_researchers_say_new_quantum_algorithm_quic_7267bd1e] Repaired malformed JSON.
[06:25:48 +2m 1s | thequantuminsider_2024_03_27_waseda_university_researchers_say_new_quantum_algorithm_quic_7267bd1e] Extracting actors: https://thequantuminsider.com/2024/03/27/waseda-university-researchers-say-new-quantum-algorithm-quickly-manages-challenging-combinatorial-optimization-problems (1/1), chunk 21/38
[06:25:55 +2m 8s | thequantuminsider_2024_03_27_waseda_university_researchers_say_new_quantum_algorithm_quic_7267bd1e] Repaired malformed JSON.
[06:25:55 +2m 8s | thequantuminsider_2024_03_27_waseda_university_researchers_say_new_quantum_algorithm_quic_7267bd1e] Extracting actors: https://thequantuminsider.com/2024/03/27/waseda-university-researchers-say-new-quantum-algorithm-quickly-manages-challenging-combinatorial-optimization-problems (1/1), chunk 22/38
[06:26:02 +2m 14s | thequantuminsider_2024_03_27_waseda_university_researchers_say_new_quantum_algorithm_quic_7267bd1e] Repaired malformed JSON.
[06:26:02 +2m 14s | thequantuminsider_2024_03_27_waseda_university_researchers_say_new_quantum_algorithm_quic_7267bd1e] Extracting actors: https://thequantuminsider.com/2024/03/27/waseda-university-researchers-say-new-quantum-algorithm-quickly-manages-challenging-combinatorial-optimization-problems (1/1), chunk 23/38
[06:26:10 +2m 23s | thequantuminsider_2024_03_27_waseda_university_researchers_say_new_quantum_algorithm_quic_7267bd1e] Repaired malformed JSON.
[06:26:10 +2m 23s | thequantuminsider_2024_03_27_waseda_university_researchers_say_new_quantum_algorithm_quic_7267bd1e] Extracting actors: https://thequantuminsider.com/2024/03/27/waseda-university-researchers-say-new-quantum-algorithm-quickly-manages-challenging-combinatorial-optimization-problems (1/1), chunk 24/38
[06:26:18 +2m 30s | thequantuminsider_2024_03_27_waseda_university_researchers_say_new_quantum_algorithm_quic_7267bd1e] Repaired malformed JSON.
[06:26:18 +2m 30s | thequantuminsider_2024_03_27_waseda_university_researchers_say_new_quantum_algorithm_quic_7267bd1e] Extracting actors: https://thequantuminsider.com/2024/03/27/waseda-university-researchers-say-new-quantum-algorithm-quickly-manages-challenging-combinatorial-optimization-problems (1/1), chunk 25/38
[06:26:25 +2m 38s | thequantuminsider_2024_03_27_waseda_university_researchers_say_new_quantum_algorithm_quic_7267bd1e] Repaired malformed JSON.
[06:26:25 +2m 38s | thequantuminsider_2024_03_27_waseda_university_researchers_say_new_quantum_algorithm_quic_7267bd1e] Extracting actors: https://thequantuminsider.com/2024/03/27/waseda-university-researchers-say-new-quantum-algorithm-quickly-manages-challenging-combinatorial-optimization-problems (1/1), chunk 26/38
[06:26:32 +2m 44s | thequantuminsider_2024_03_27_waseda_university_researchers_say_new_quantum_algorithm_quic_7267bd1e] Repaired malformed JSON.
[06:26:32 +2m 44s | thequantuminsider_2024_03_27_waseda_university_researchers_say_new_quantum_algorithm_quic_7267bd1e] Extracting actors: https://thequantuminsider.com/2024/03/27/waseda-university-researchers-say-new-quantum-algorithm-quickly-manages-challenging-combinatorial-optimization-problems (1/1), chunk 27/38
[06:26:38 +2m 51s | thequantuminsider_2024_03_27_waseda_university_researchers_say_new_quantum_algorithm_quic_7267bd1e] Repaired malformed JSON.
[06:26:38 +2m 51s | thequantuminsider_2024_03_27_waseda_university_researchers_say_new_quantum_algorithm_quic_7267bd1e] Extracting actors: https://thequantuminsider.com/2024/03/27/waseda-university-researchers-say-new-quantum-algorithm-quickly-manages-challenging-combinatorial-optimization-problems (1/1), chunk 28/38
[06:26:45 +2m 57s | thequantuminsider_2024_03_27_waseda_university_researchers_say_new_quantum_algorithm_quic_7267bd1e] Extracting actors: https://thequantuminsider.com/2024/03/27/waseda-university-researchers-say-new-quantum-algorithm-quickly-manages-challenging-combinatorial-optimization-problems (1/1), chunk 29/38
[06:26:50 +3m 2s | thequantuminsider_2024_03_27_waseda_university_researchers_say_new_quantum_algorithm_quic_7267bd1e] Extracting actors: https://thequantuminsider.com/2024/03/27/waseda-university-researchers-say-new-quantum-algorithm-quickly-manages-challenging-combinatorial-optimization-problems (1/1), chunk 30/38
[06:26:55 +3m 8s | thequantuminsider_2024_03_27_waseda_university_researchers_say_new_quantum_algorithm_quic_7267bd1e] Extracting actors: https://thequantuminsider.com/2024/03/27/waseda-university-researchers-say-new-quantum-algorithm-quickly-manages-challenging-combinatorial-optimization-problems (1/1), chunk 31/38
[06:27:00 +3m 13s | thequantuminsider_2024_03_27_waseda_university_researchers_say_new_quantum_algorithm_quic_7267bd1e] Extracting actors: https://thequantuminsider.com/2024/03/27/waseda-university-researchers-say-new-quantum-algorithm-quickly-manages-challenging-combinatorial-optimization-problems (1/1), chunk 32/38
[06:27:05 +3m 18s | thequantuminsider_2024_03_27_waseda_university_researchers_say_new_quantum_algorithm_quic_7267bd1e] Extracting actors: https://thequantuminsider.com/2024/03/27/waseda-university-researchers-say-new-quantum-algorithm-quickly-manages-challenging-combinatorial-optimization-problems (1/1), chunk 33/38
[06:27:12 +3m 25s | thequantuminsider_2024_03_27_waseda_university_researchers_say_new_quantum_algorithm_quic_7267bd1e] Extracting actors: https://thequantuminsider.com/2024/03/27/waseda-university-researchers-say-new-quantum-algorithm-quickly-manages-challenging-combinatorial-optimization-problems (1/1), chunk 34/38
[06:27:17 +3m 30s | thequantuminsider_2024_03_27_waseda_university_researchers_say_new_quantum_algorithm_quic_7267bd1e] Extracting actors: https://thequantuminsider.com/2024/03/27/waseda-university-researchers-say-new-quantum-algorithm-quickly-manages-challenging-combinatorial-optimization-problems (1/1), chunk 35/38
[06:27:23 +3m 36s | thequantuminsider_2024_03_27_waseda_university_researchers_say_new_quantum_algorithm_quic_7267bd1e] Extracting actors: https://thequantuminsider.com/2024/03/27/waseda-university-researchers-say-new-quantum-algorithm-quickly-manages-challenging-combinatorial-optimization-problems (1/1), chunk 36/38
[06:27:30 +3m 43s | thequantuminsider_2024_03_27_waseda_university_researchers_say_new_quantum_algorithm_quic_7267bd1e] Extracting actors: https://thequantuminsider.com/2024/03/27/waseda-university-researchers-say-new-quantum-algorithm-quickly-manages-challenging-combinatorial-optimization-problems (1/1), chunk 37/38
[06:27:32 +3m 44s | thequantuminsider_2024_03_27_waseda_university_researchers_say_new_quantum_algorithm_quic_7267bd1e] Extracting actors: https://thequantuminsider.com/2024/03/27/waseda-university-researchers-say-new-quantum-algorithm-quickly-manages-challenging-combinatorial-optimization-problems (1/1), chunk 38/38
[06:27:36 +3m 49s | thequantuminsider_2024_03_27_waseda_university_researchers_say_new_quantum_algorithm_quic_7267bd1e] Saved 1_actor_results.json with 53 extracted records

[06:27:36 +3m 49s | thequantuminsider_2024_03_27_waseda_university_researchers_say_new_quantum_algorithm_quic_7267bd1e] === 2 clean actors ===
[06:27:36 +3m 49s | thequantuminsider_2024_03_27_waseda_university_researchers_say_new_quantum_algorithm_quic_7267bd1e] Loaded 53 extracted records
[06:27:36 +3m 49s | thequantuminsider_2024_03_27_waseda_university_researchers_say_new_quantum_algorithm_quic_7267bd1e] Saved 2_actor_nodes.json with 17 canonical actor nodes

[06:27:36 +3m 49s | thequantuminsider_2024_03_27_waseda_university_researchers_say_new_quantum_algorithm_quic_7267bd1e] === 3 interaction extraction ===
[06:27:36 +3m 49s | thequantuminsider_2024_03_27_waseda_university_researchers_say_new_quantum_algorithm_quic_7267bd1e] Extracting interactions: https://thequantuminsider.com/2024/03/27/waseda-university-researchers-say-new-quantum-algorithm-quickly-manages-challenging-combinatorial-optimization-problems (1/1), chunk 11/38
[06:27:43 +3m 56s | thequantuminsider_2024_03_27_waseda_university_researchers_say_new_quantum_algorithm_quic_7267bd1e] Extracting interactions: https://thequantuminsider.com/2024/03/27/waseda-university-researchers-say-new-quantum-algorithm-quickly-manages-challenging-combinatorial-optimization-problems (1/1), chunk 12/38
[06:27:48 +4m 0s | thequantuminsider_2024_03_27_waseda_university_researchers_say_new_quantum_algorithm_quic_7267bd1e] Extracting interactions: https://thequantuminsider.com/2024/03/27/waseda-university-researchers-say-new-quantum-algorithm-quickly-manages-challenging-combinatorial-optimization-problems (1/1), chunk 13/38
[06:28:12 +4m 25s | thequantuminsider_2024_03_27_waseda_university_researchers_say_new_quantum_algorithm_quic_7267bd1e] Extracting interactions: https://thequantuminsider.com/2024/03/27/waseda-university-researchers-say-new-quantum-algorithm-quickly-manages-challenging-combinatorial-optimization-problems (1/1), chunk 14/38
[06:28:43 +4m 56s | thequantuminsider_2024_03_27_waseda_university_researchers_say_new_quantum_algorithm_quic_7267bd1e] Extracting interactions: https://thequantuminsider.com/2024/03/27/waseda-university-researchers-say-new-quantum-algorithm-quickly-manages-challenging-combinatorial-optimization-problems (1/1), chunk 15/38
[06:28:49 +5m 2s | thequantuminsider_2024_03_27_waseda_university_researchers_say_new_quantum_algorithm_quic_7267bd1e] Extracting interactions: https://thequantuminsider.com/2024/03/27/waseda-university-researchers-say-new-quantum-algorithm-quickly-manages-challenging-combinatorial-optimization-problems (1/1), chunk 16/38
[06:28:56 +5m 8s | thequantuminsider_2024_03_27_waseda_university_researchers_say_new_quantum_algorithm_quic_7267bd1e] Extracting interactions: https://thequantuminsider.com/2024/03/27/waseda-university-researchers-say-new-quantum-algorithm-quickly-manages-challenging-combinatorial-optimization-problems (1/1), chunk 17/38
[06:29:00 +5m 13s | thequantuminsider_2024_03_27_waseda_university_researchers_say_new_quantum_algorithm_quic_7267bd1e] Extracting interactions: https://thequantuminsider.com/2024/03/27/waseda-university-researchers-say-new-quantum-algorithm-quickly-manages-challenging-combinatorial-optimization-problems (1/1), chunk 18/38
[06:29:04 +5m 17s | thequantuminsider_2024_03_27_waseda_university_researchers_say_new_quantum_algorithm_quic_7267bd1e] Extracting interactions: https://thequantuminsider.com/2024/03/27/waseda-university-researchers-say-new-quantum-algorithm-quickly-manages-challenging-combinatorial-optimization-problems (1/1), chunk 19/38
[06:29:14 +5m 26s | thequantuminsider_2024_03_27_waseda_university_researchers_say_new_quantum_algorithm_quic_7267bd1e] Extracting interactions: https://thequantuminsider.com/2024/03/27/waseda-university-researchers-say-new-quantum-algorithm-quickly-manages-challenging-combinatorial-optimization-problems (1/1), chunk 20/38
[06:29:20 +5m 32s | thequantuminsider_2024_03_27_waseda_university_researchers_say_new_quantum_algorithm_quic_7267bd1e] Extracting interactions: https://thequantuminsider.com/2024/03/27/waseda-university-researchers-say-new-quantum-algorithm-quickly-manages-challenging-combinatorial-optimization-problems (1/1), chunk 21/38
[06:29:25 +5m 38s | thequantuminsider_2024_03_27_waseda_university_researchers_say_new_quantum_algorithm_quic_7267bd1e] Extracting interactions: https://thequantuminsider.com/2024/03/27/waseda-university-researchers-say-new-quantum-algorithm-quickly-manages-challenging-combinatorial-optimization-problems (1/1), chunk 22/38
[06:29:33 +5m 46s | thequantuminsider_2024_03_27_waseda_university_researchers_say_new_quantum_algorithm_quic_7267bd1e] Extracting interactions: https://thequantuminsider.com/2024/03/27/waseda-university-researchers-say-new-quantum-algorithm-quickly-manages-challenging-combinatorial-optimization-problems (1/1), chunk 23/38
[06:29:39 +5m 52s | thequantuminsider_2024_03_27_waseda_university_researchers_say_new_quantum_algorithm_quic_7267bd1e] Extracting interactions: https://thequantuminsider.com/2024/03/27/waseda-university-researchers-say-new-quantum-algorithm-quickly-manages-challenging-combinatorial-optimization-problems (1/1), chunk 24/38
[06:29:48 +6m 1s | thequantuminsider_2024_03_27_waseda_university_researchers_say_new_quantum_algorithm_quic_7267bd1e] Extracting interactions: https://thequantuminsider.com/2024/03/27/waseda-university-researchers-say-new-quantum-algorithm-quickly-manages-challenging-combinatorial-optimization-problems (1/1), chunk 27/38
[06:29:52 +6m 4s | thequantuminsider_2024_03_27_waseda_university_researchers_say_new_quantum_algorithm_quic_7267bd1e] Saved 3_interaction_results.json with 29 extracted interactions.

[06:29:52 +6m 4s | thequantuminsider_2024_03_27_waseda_university_researchers_say_new_quantum_algorithm_quic_7267bd1e] === 4 clean interactions ===
[06:29:52 +6m 4s | thequantuminsider_2024_03_27_waseda_university_researchers_say_new_quantum_algorithm_quic_7267bd1e] Saved 4_edges.json with 10 cleaned interactions.

[06:29:52 +6m 4s | thequantuminsider_2024_03_27_waseda_university_researchers_say_new_quantum_algorithm_quic_7267bd1e] === 5 helix enrichment ===
[06:29:52 +6m 4s | thequantuminsider_2024_03_27_waseda_university_researchers_say_new_quantum_algorithm_quic_7267bd1e] Wrote 5_nodes.json (17 actors)
[06:29:52 +6m 4s | thequantuminsider_2024_03_27_waseda_university_researchers_say_new_quantum_algorithm_quic_7267bd1e] Wrote 5_edges.json (10 interactions)
[06:29:52 +6m 4s | thequantuminsider_2024_03_27_waseda_university_researchers_say_new_quantum_algorithm_quic_7267bd1e] Actor helix counts: {'Academia': 2, 'Civil Society': 3, 'Government': 4, 'Industry': 3, 'Intermediary': 1, 'Unknown': 4}
[06:29:52 +6m 4s | thequantuminsider_2024_03_27_waseda_university_researchers_say_new_quantum_algorithm_quic_7267bd1e] Functional-space counts: {'Unknown': 10}

[06:29:52 +6m 4s | thequantuminsider_2024_03_27_waseda_university_researchers_say_new_quantum_algorithm_quic_7267bd1e] === 6 network visualisation ===
[06:29:52 +6m 5s | thequantuminsider_2024_03_27_waseda_university_researchers_say_new_quantum_algorithm_quic_7267bd1e] Wrote quantum_network.html
[06:29:52 +6m 5s | thequantuminsider_2024_03_27_waseda_university_researchers_say_new_quantum_algorithm_quic_7267bd1e] Nodes: 17
[06:29:52 +6m 5s | thequantuminsider_2024_03_27_waseda_university_researchers_say_new_quantum_algorithm_quic_7267bd1e] Edges: 6

[06:29:52 +6m 5s | thequantuminsider_2024_03_27_waseda_university_researchers_say_new_quantum_algorithm_quic_7267bd1e] Done. Outputs written to: /home/lv/IDP/idpdeeptech/pipeline/news_outputs/thequantuminsider_2024_03_27_waseda_university_researchers_say_new_quantum_algorithm_quic_7267bd1e
[06:29:52 +6m 5s | thequantuminsider_2024_03_27_waseda_university_researchers_say_new_quantum_algorithm_quic_7267bd1e] Log: /home/lv/IDP/idpdeeptech/pipeline/news_outputs/thequantuminsider_2024_03_27_waseda_university_researchers_say_new_quantum_algorithm_quic_7267bd1e/run.log

========================================================================
RUN FINISHED 2026-07-02 06:29:52  (OK)
Started:     2026-07-02 06:23:47
Elapsed:     6m 5s
========================================================================
