
========================================================================
RUN STARTED  2026-07-02 13:09:06
site_pipeline.py https://thequantuminsider.com/2024/01/12/asia-times-video-offers-glimpse-of-foreign-tech-in-chinas-quantum-computing-program/
========================================================================

[13:09:06 +0s | thequantuminsider_2024_01_12_asia_times_video_offers_glimpse_of_foreign_tech_in_chinas_qu_ea70f5e4] === 0 crawl site ===
[13:09:11 +5s | thequantuminsider_2024_01_12_asia_times_video_offers_glimpse_of_foreign_tech_in_chinas_qu_ea70f5e4] [INIT].... → Crawl4AI 0.8.6 
[13:09:14 +8s | thequantuminsider_2024_01_12_asia_times_video_offers_glimpse_of_foreign_tech_in_chinas_qu_ea70f5e4] [FETCH]... ↓ https://thequantuminsider.com/2024/01/12/asia-ti...oreign-tech-in-chinas-quantum-computing-program/  | ✓ | ⏱: 3.27s 
[13:09:15 +8s | thequantuminsider_2024_01_12_asia_times_video_offers_glimpse_of_foreign_tech_in_chinas_qu_ea70f5e4] [SCRAPE].. ◆ https://thequantuminsider.com/2024/01/12/asia-ti...oreign-tech-in-chinas-quantum-computing-program/  | ✓ | ⏱: 0.19s 
[13:09:15 +8s | thequantuminsider_2024_01_12_asia_times_video_offers_glimpse_of_foreign_tech_in_chinas_qu_ea70f5e4] [COMPLETE] ● https://thequantuminsider.com/2024/01/12/asia-ti...oreign-tech-in-chinas-quantum-computing-program/  | ✓ | ⏱: 3.49s 
[13:09:15 +8s | thequantuminsider_2024_01_12_asia_times_video_offers_glimpse_of_foreign_tech_in_chinas_qu_ea70f5e4] Saved: crawl_output/e530fb89d6_thequantuminsider.com_2024_01_12_asia-times-video-offers-glimpse-of-foreign-tech-in-chinas-quantum-computing-program.json

[13:09:16 +9s | thequantuminsider_2024_01_12_asia_times_video_offers_glimpse_of_foreign_tech_in_chinas_qu_ea70f5e4] === 1 actor extraction ===
[13:09:16 +10s | thequantuminsider_2024_01_12_asia_times_video_offers_glimpse_of_foreign_tech_in_chinas_qu_ea70f5e4] Reading page (1/1): https://thequantuminsider.com/2024/01/12/asia-times-video-offers-glimpse-of-foreign-tech-in-chinas-quantum-computing-program
[13:09:16 +10s | thequantuminsider_2024_01_12_asia_times_video_offers_glimpse_of_foreign_tech_in_chinas_qu_ea70f5e4] Extracting actors: https://thequantuminsider.com/2024/01/12/asia-times-video-offers-glimpse-of-foreign-tech-in-chinas-quantum-computing-program (1/1), chunk 1/37
[13:09:27 +21s | thequantuminsider_2024_01_12_asia_times_video_offers_glimpse_of_foreign_tech_in_chinas_qu_ea70f5e4] Repaired malformed JSON.
[13:09:27 +21s | thequantuminsider_2024_01_12_asia_times_video_offers_glimpse_of_foreign_tech_in_chinas_qu_ea70f5e4] Extracting actors: https://thequantuminsider.com/2024/01/12/asia-times-video-offers-glimpse-of-foreign-tech-in-chinas-quantum-computing-program (1/1), chunk 2/37
[13:09:35 +29s | thequantuminsider_2024_01_12_asia_times_video_offers_glimpse_of_foreign_tech_in_chinas_qu_ea70f5e4] Repaired malformed JSON.
[13:09:35 +29s | thequantuminsider_2024_01_12_asia_times_video_offers_glimpse_of_foreign_tech_in_chinas_qu_ea70f5e4] Extracting actors: https://thequantuminsider.com/2024/01/12/asia-times-video-offers-glimpse-of-foreign-tech-in-chinas-quantum-computing-program (1/1), chunk 3/37
[13:09:41 +35s | thequantuminsider_2024_01_12_asia_times_video_offers_glimpse_of_foreign_tech_in_chinas_qu_ea70f5e4] Extracting actors: https://thequantuminsider.com/2024/01/12/asia-times-video-offers-glimpse-of-foreign-tech-in-chinas-quantum-computing-program (1/1), chunk 4/37
[13:09:45 +39s | thequantuminsider_2024_01_12_asia_times_video_offers_glimpse_of_foreign_tech_in_chinas_qu_ea70f5e4] Extracting actors: https://thequantuminsider.com/2024/01/12/asia-times-video-offers-glimpse-of-foreign-tech-in-chinas-quantum-computing-program (1/1), chunk 5/37
[13:09:52 +46s | thequantuminsider_2024_01_12_asia_times_video_offers_glimpse_of_foreign_tech_in_chinas_qu_ea70f5e4] Repaired malformed JSON.
[13:09:52 +46s | thequantuminsider_2024_01_12_asia_times_video_offers_glimpse_of_foreign_tech_in_chinas_qu_ea70f5e4] Extracting actors: https://thequantuminsider.com/2024/01/12/asia-times-video-offers-glimpse-of-foreign-tech-in-chinas-quantum-computing-program (1/1), chunk 6/37
[13:09:58 +51s | thequantuminsider_2024_01_12_asia_times_video_offers_glimpse_of_foreign_tech_in_chinas_qu_ea70f5e4] Extracting actors: https://thequantuminsider.com/2024/01/12/asia-times-video-offers-glimpse-of-foreign-tech-in-chinas-quantum-computing-program (1/1), chunk 7/37
[13:10:05 +59s | thequantuminsider_2024_01_12_asia_times_video_offers_glimpse_of_foreign_tech_in_chinas_qu_ea70f5e4] Repaired malformed JSON.
[13:10:05 +59s | thequantuminsider_2024_01_12_asia_times_video_offers_glimpse_of_foreign_tech_in_chinas_qu_ea70f5e4] Extracting actors: https://thequantuminsider.com/2024/01/12/asia-times-video-offers-glimpse-of-foreign-tech-in-chinas-quantum-computing-program (1/1), chunk 8/37
[13:10:09 +1m 3s | thequantuminsider_2024_01_12_asia_times_video_offers_glimpse_of_foreign_tech_in_chinas_qu_ea70f5e4] Extracting actors: https://thequantuminsider.com/2024/01/12/asia-times-video-offers-glimpse-of-foreign-tech-in-chinas-quantum-computing-program (1/1), chunk 9/37
[13:10:16 +1m 9s | thequantuminsider_2024_01_12_asia_times_video_offers_glimpse_of_foreign_tech_in_chinas_qu_ea70f5e4] Extracting actors: https://thequantuminsider.com/2024/01/12/asia-times-video-offers-glimpse-of-foreign-tech-in-chinas-quantum-computing-program (1/1), chunk 10/37
[13:10:20 +1m 14s | thequantuminsider_2024_01_12_asia_times_video_offers_glimpse_of_foreign_tech_in_chinas_qu_ea70f5e4] Extracting actors: https://thequantuminsider.com/2024/01/12/asia-times-video-offers-glimpse-of-foreign-tech-in-chinas-quantum-computing-program (1/1), chunk 11/37
[13:10:25 +1m 19s | thequantuminsider_2024_01_12_asia_times_video_offers_glimpse_of_foreign_tech_in_chinas_qu_ea70f5e4] Repaired malformed JSON.
[13:10:25 +1m 19s | thequantuminsider_2024_01_12_asia_times_video_offers_glimpse_of_foreign_tech_in_chinas_qu_ea70f5e4] Extracting actors: https://thequantuminsider.com/2024/01/12/asia-times-video-offers-glimpse-of-foreign-tech-in-chinas-quantum-computing-program (1/1), chunk 12/37
[13:10:31 +1m 25s | thequantuminsider_2024_01_12_asia_times_video_offers_glimpse_of_foreign_tech_in_chinas_qu_ea70f5e4] Repaired malformed JSON.
[13:10:31 +1m 25s | thequantuminsider_2024_01_12_asia_times_video_offers_glimpse_of_foreign_tech_in_chinas_qu_ea70f5e4] Extracting actors: https://thequantuminsider.com/2024/01/12/asia-times-video-offers-glimpse-of-foreign-tech-in-chinas-quantum-computing-program (1/1), chunk 13/37
[13:10:39 +1m 32s | thequantuminsider_2024_01_12_asia_times_video_offers_glimpse_of_foreign_tech_in_chinas_qu_ea70f5e4] Repaired malformed JSON.
[13:10:39 +1m 32s | thequantuminsider_2024_01_12_asia_times_video_offers_glimpse_of_foreign_tech_in_chinas_qu_ea70f5e4] Extracting actors: https://thequantuminsider.com/2024/01/12/asia-times-video-offers-glimpse-of-foreign-tech-in-chinas-quantum-computing-program (1/1), chunk 14/37
[13:10:47 +1m 41s | thequantuminsider_2024_01_12_asia_times_video_offers_glimpse_of_foreign_tech_in_chinas_qu_ea70f5e4] Repaired malformed JSON.
[13:10:47 +1m 41s | thequantuminsider_2024_01_12_asia_times_video_offers_glimpse_of_foreign_tech_in_chinas_qu_ea70f5e4] Extracting actors: https://thequantuminsider.com/2024/01/12/asia-times-video-offers-glimpse-of-foreign-tech-in-chinas-quantum-computing-program (1/1), chunk 15/37
[13:10:55 +1m 48s | thequantuminsider_2024_01_12_asia_times_video_offers_glimpse_of_foreign_tech_in_chinas_qu_ea70f5e4] Repaired malformed JSON.
[13:10:55 +1m 48s | thequantuminsider_2024_01_12_asia_times_video_offers_glimpse_of_foreign_tech_in_chinas_qu_ea70f5e4] Extracting actors: https://thequantuminsider.com/2024/01/12/asia-times-video-offers-glimpse-of-foreign-tech-in-chinas-quantum-computing-program (1/1), chunk 16/37
[13:11:03 +1m 56s | thequantuminsider_2024_01_12_asia_times_video_offers_glimpse_of_foreign_tech_in_chinas_qu_ea70f5e4] Repaired malformed JSON.
[13:11:03 +1m 56s | thequantuminsider_2024_01_12_asia_times_video_offers_glimpse_of_foreign_tech_in_chinas_qu_ea70f5e4] Extracting actors: https://thequantuminsider.com/2024/01/12/asia-times-video-offers-glimpse-of-foreign-tech-in-chinas-quantum-computing-program (1/1), chunk 17/37
[13:11:11 +2m 5s | thequantuminsider_2024_01_12_asia_times_video_offers_glimpse_of_foreign_tech_in_chinas_qu_ea70f5e4] Repaired malformed JSON.
[13:11:11 +2m 5s | thequantuminsider_2024_01_12_asia_times_video_offers_glimpse_of_foreign_tech_in_chinas_qu_ea70f5e4] Extracting actors: https://thequantuminsider.com/2024/01/12/asia-times-video-offers-glimpse-of-foreign-tech-in-chinas-quantum-computing-program (1/1), chunk 18/37
[13:11:18 +2m 12s | thequantuminsider_2024_01_12_asia_times_video_offers_glimpse_of_foreign_tech_in_chinas_qu_ea70f5e4] Repaired malformed JSON.
[13:11:18 +2m 12s | thequantuminsider_2024_01_12_asia_times_video_offers_glimpse_of_foreign_tech_in_chinas_qu_ea70f5e4] Extracting actors: https://thequantuminsider.com/2024/01/12/asia-times-video-offers-glimpse-of-foreign-tech-in-chinas-quantum-computing-program (1/1), chunk 19/37
[13:11:24 +2m 18s | thequantuminsider_2024_01_12_asia_times_video_offers_glimpse_of_foreign_tech_in_chinas_qu_ea70f5e4] Repaired malformed JSON.
[13:11:24 +2m 18s | thequantuminsider_2024_01_12_asia_times_video_offers_glimpse_of_foreign_tech_in_chinas_qu_ea70f5e4] Extracting actors: https://thequantuminsider.com/2024/01/12/asia-times-video-offers-glimpse-of-foreign-tech-in-chinas-quantum-computing-program (1/1), chunk 20/37
[13:11:30 +2m 24s | thequantuminsider_2024_01_12_asia_times_video_offers_glimpse_of_foreign_tech_in_chinas_qu_ea70f5e4] Repaired malformed JSON.
[13:11:30 +2m 24s | thequantuminsider_2024_01_12_asia_times_video_offers_glimpse_of_foreign_tech_in_chinas_qu_ea70f5e4] Extracting actors: https://thequantuminsider.com/2024/01/12/asia-times-video-offers-glimpse-of-foreign-tech-in-chinas-quantum-computing-program (1/1), chunk 21/37
[13:11:37 +2m 31s | thequantuminsider_2024_01_12_asia_times_video_offers_glimpse_of_foreign_tech_in_chinas_qu_ea70f5e4] Repaired malformed JSON.
[13:11:37 +2m 31s | thequantuminsider_2024_01_12_asia_times_video_offers_glimpse_of_foreign_tech_in_chinas_qu_ea70f5e4] Extracting actors: https://thequantuminsider.com/2024/01/12/asia-times-video-offers-glimpse-of-foreign-tech-in-chinas-quantum-computing-program (1/1), chunk 22/37
[13:11:43 +2m 36s | thequantuminsider_2024_01_12_asia_times_video_offers_glimpse_of_foreign_tech_in_chinas_qu_ea70f5e4] Repaired malformed JSON.
[13:11:43 +2m 36s | thequantuminsider_2024_01_12_asia_times_video_offers_glimpse_of_foreign_tech_in_chinas_qu_ea70f5e4] Extracting actors: https://thequantuminsider.com/2024/01/12/asia-times-video-offers-glimpse-of-foreign-tech-in-chinas-quantum-computing-program (1/1), chunk 23/37
[13:11:50 +2m 44s | thequantuminsider_2024_01_12_asia_times_video_offers_glimpse_of_foreign_tech_in_chinas_qu_ea70f5e4] Repaired malformed JSON.
[13:11:50 +2m 44s | thequantuminsider_2024_01_12_asia_times_video_offers_glimpse_of_foreign_tech_in_chinas_qu_ea70f5e4] Extracting actors: https://thequantuminsider.com/2024/01/12/asia-times-video-offers-glimpse-of-foreign-tech-in-chinas-quantum-computing-program (1/1), chunk 24/37
[13:11:57 +2m 51s | thequantuminsider_2024_01_12_asia_times_video_offers_glimpse_of_foreign_tech_in_chinas_qu_ea70f5e4] Repaired malformed JSON.
[13:11:57 +2m 51s | thequantuminsider_2024_01_12_asia_times_video_offers_glimpse_of_foreign_tech_in_chinas_qu_ea70f5e4] Extracting actors: https://thequantuminsider.com/2024/01/12/asia-times-video-offers-glimpse-of-foreign-tech-in-chinas-quantum-computing-program (1/1), chunk 25/37
[13:12:02 +2m 56s | thequantuminsider_2024_01_12_asia_times_video_offers_glimpse_of_foreign_tech_in_chinas_qu_ea70f5e4] Extracting actors: https://thequantuminsider.com/2024/01/12/asia-times-video-offers-glimpse-of-foreign-tech-in-chinas-quantum-computing-program (1/1), chunk 26/37
[13:12:10 +3m 3s | thequantuminsider_2024_01_12_asia_times_video_offers_glimpse_of_foreign_tech_in_chinas_qu_ea70f5e4] Repaired malformed JSON.
[13:12:10 +3m 3s | thequantuminsider_2024_01_12_asia_times_video_offers_glimpse_of_foreign_tech_in_chinas_qu_ea70f5e4] Extracting actors: https://thequantuminsider.com/2024/01/12/asia-times-video-offers-glimpse-of-foreign-tech-in-chinas-quantum-computing-program (1/1), chunk 27/37
[13:12:11 +3m 5s | thequantuminsider_2024_01_12_asia_times_video_offers_glimpse_of_foreign_tech_in_chinas_qu_ea70f5e4] Extracting actors: https://thequantuminsider.com/2024/01/12/asia-times-video-offers-glimpse-of-foreign-tech-in-chinas-quantum-computing-program (1/1), chunk 28/37
[13:12:17 +3m 11s | thequantuminsider_2024_01_12_asia_times_video_offers_glimpse_of_foreign_tech_in_chinas_qu_ea70f5e4] Repaired malformed JSON.
[13:12:17 +3m 11s | thequantuminsider_2024_01_12_asia_times_video_offers_glimpse_of_foreign_tech_in_chinas_qu_ea70f5e4] Extracting actors: https://thequantuminsider.com/2024/01/12/asia-times-video-offers-glimpse-of-foreign-tech-in-chinas-quantum-computing-program (1/1), chunk 29/37
[13:12:22 +3m 16s | thequantuminsider_2024_01_12_asia_times_video_offers_glimpse_of_foreign_tech_in_chinas_qu_ea70f5e4] Extracting actors: https://thequantuminsider.com/2024/01/12/asia-times-video-offers-glimpse-of-foreign-tech-in-chinas-quantum-computing-program (1/1), chunk 30/37
[13:12:32 +3m 25s | thequantuminsider_2024_01_12_asia_times_video_offers_glimpse_of_foreign_tech_in_chinas_qu_ea70f5e4] Repaired malformed JSON.
[13:12:32 +3m 25s | thequantuminsider_2024_01_12_asia_times_video_offers_glimpse_of_foreign_tech_in_chinas_qu_ea70f5e4] Extracting actors: https://thequantuminsider.com/2024/01/12/asia-times-video-offers-glimpse-of-foreign-tech-in-chinas-quantum-computing-program (1/1), chunk 31/37
[13:12:37 +3m 31s | thequantuminsider_2024_01_12_asia_times_video_offers_glimpse_of_foreign_tech_in_chinas_qu_ea70f5e4] Repaired malformed JSON.
[13:12:37 +3m 31s | thequantuminsider_2024_01_12_asia_times_video_offers_glimpse_of_foreign_tech_in_chinas_qu_ea70f5e4] Extracting actors: https://thequantuminsider.com/2024/01/12/asia-times-video-offers-glimpse-of-foreign-tech-in-chinas-quantum-computing-program (1/1), chunk 32/37
[13:12:43 +3m 37s | thequantuminsider_2024_01_12_asia_times_video_offers_glimpse_of_foreign_tech_in_chinas_qu_ea70f5e4] Repaired malformed JSON.
[13:12:43 +3m 37s | thequantuminsider_2024_01_12_asia_times_video_offers_glimpse_of_foreign_tech_in_chinas_qu_ea70f5e4] Extracting actors: https://thequantuminsider.com/2024/01/12/asia-times-video-offers-glimpse-of-foreign-tech-in-chinas-quantum-computing-program (1/1), chunk 33/37
[13:12:50 +3m 43s | thequantuminsider_2024_01_12_asia_times_video_offers_glimpse_of_foreign_tech_in_chinas_qu_ea70f5e4] Repaired malformed JSON.
[13:12:50 +3m 43s | thequantuminsider_2024_01_12_asia_times_video_offers_glimpse_of_foreign_tech_in_chinas_qu_ea70f5e4] Extracting actors: https://thequantuminsider.com/2024/01/12/asia-times-video-offers-glimpse-of-foreign-tech-in-chinas-quantum-computing-program (1/1), chunk 34/37
[13:12:54 +3m 48s | thequantuminsider_2024_01_12_asia_times_video_offers_glimpse_of_foreign_tech_in_chinas_qu_ea70f5e4] Extracting actors: https://thequantuminsider.com/2024/01/12/asia-times-video-offers-glimpse-of-foreign-tech-in-chinas-quantum-computing-program (1/1), chunk 35/37
[13:13:00 +3m 54s | thequantuminsider_2024_01_12_asia_times_video_offers_glimpse_of_foreign_tech_in_chinas_qu_ea70f5e4] Repaired malformed JSON.
[13:13:00 +3m 54s | thequantuminsider_2024_01_12_asia_times_video_offers_glimpse_of_foreign_tech_in_chinas_qu_ea70f5e4] Extracting actors: https://thequantuminsider.com/2024/01/12/asia-times-video-offers-glimpse-of-foreign-tech-in-chinas-quantum-computing-program (1/1), chunk 36/37
[13:13:08 +4m 2s | thequantuminsider_2024_01_12_asia_times_video_offers_glimpse_of_foreign_tech_in_chinas_qu_ea70f5e4] Repaired malformed JSON.
[13:13:08 +4m 2s | thequantuminsider_2024_01_12_asia_times_video_offers_glimpse_of_foreign_tech_in_chinas_qu_ea70f5e4] Extracting actors: https://thequantuminsider.com/2024/01/12/asia-times-video-offers-glimpse-of-foreign-tech-in-chinas-quantum-computing-program (1/1), chunk 37/37
[13:13:13 +4m 7s | thequantuminsider_2024_01_12_asia_times_video_offers_glimpse_of_foreign_tech_in_chinas_qu_ea70f5e4] Repaired malformed JSON.
[13:13:13 +4m 7s | thequantuminsider_2024_01_12_asia_times_video_offers_glimpse_of_foreign_tech_in_chinas_qu_ea70f5e4] Saved 1_actor_results.json with 61 extracted records

[13:13:14 +4m 7s | thequantuminsider_2024_01_12_asia_times_video_offers_glimpse_of_foreign_tech_in_chinas_qu_ea70f5e4] === 2 clean actors ===
[13:13:14 +4m 8s | thequantuminsider_2024_01_12_asia_times_video_offers_glimpse_of_foreign_tech_in_chinas_qu_ea70f5e4] Loaded 61 extracted records
[13:13:14 +4m 8s | thequantuminsider_2024_01_12_asia_times_video_offers_glimpse_of_foreign_tech_in_chinas_qu_ea70f5e4] Saved 2_actor_nodes.json with 16 canonical actor nodes

[13:13:14 +4m 8s | thequantuminsider_2024_01_12_asia_times_video_offers_glimpse_of_foreign_tech_in_chinas_qu_ea70f5e4] === 3 interaction extraction ===
[13:13:15 +4m 8s | thequantuminsider_2024_01_12_asia_times_video_offers_glimpse_of_foreign_tech_in_chinas_qu_ea70f5e4] Extracting interactions: https://thequantuminsider.com/2024/01/12/asia-times-video-offers-glimpse-of-foreign-tech-in-chinas-quantum-computing-program (1/1), chunk 11/37
[13:13:19 +4m 13s | thequantuminsider_2024_01_12_asia_times_video_offers_glimpse_of_foreign_tech_in_chinas_qu_ea70f5e4] Extracting interactions: https://thequantuminsider.com/2024/01/12/asia-times-video-offers-glimpse-of-foreign-tech-in-chinas-quantum-computing-program (1/1), chunk 12/37
[13:13:34 +4m 28s | thequantuminsider_2024_01_12_asia_times_video_offers_glimpse_of_foreign_tech_in_chinas_qu_ea70f5e4] Extracting interactions: https://thequantuminsider.com/2024/01/12/asia-times-video-offers-glimpse-of-foreign-tech-in-chinas-quantum-computing-program (1/1), chunk 13/37
[13:13:46 +4m 40s | thequantuminsider_2024_01_12_asia_times_video_offers_glimpse_of_foreign_tech_in_chinas_qu_ea70f5e4] Extracting interactions: https://thequantuminsider.com/2024/01/12/asia-times-video-offers-glimpse-of-foreign-tech-in-chinas-quantum-computing-program (1/1), chunk 14/37
[13:14:01 +4m 54s | thequantuminsider_2024_01_12_asia_times_video_offers_glimpse_of_foreign_tech_in_chinas_qu_ea70f5e4] Extracting interactions: https://thequantuminsider.com/2024/01/12/asia-times-video-offers-glimpse-of-foreign-tech-in-chinas-quantum-computing-program (1/1), chunk 15/37
[13:14:13 +5m 7s | thequantuminsider_2024_01_12_asia_times_video_offers_glimpse_of_foreign_tech_in_chinas_qu_ea70f5e4] Extracting interactions: https://thequantuminsider.com/2024/01/12/asia-times-video-offers-glimpse-of-foreign-tech-in-chinas-quantum-computing-program (1/1), chunk 16/37
[13:14:21 +5m 14s | thequantuminsider_2024_01_12_asia_times_video_offers_glimpse_of_foreign_tech_in_chinas_qu_ea70f5e4] Extracting interactions: https://thequantuminsider.com/2024/01/12/asia-times-video-offers-glimpse-of-foreign-tech-in-chinas-quantum-computing-program (1/1), chunk 17/37
[13:14:24 +5m 18s | thequantuminsider_2024_01_12_asia_times_video_offers_glimpse_of_foreign_tech_in_chinas_qu_ea70f5e4] Extracting interactions: https://thequantuminsider.com/2024/01/12/asia-times-video-offers-glimpse-of-foreign-tech-in-chinas-quantum-computing-program (1/1), chunk 18/37
[13:14:28 +5m 21s | thequantuminsider_2024_01_12_asia_times_video_offers_glimpse_of_foreign_tech_in_chinas_qu_ea70f5e4] Extracting interactions: https://thequantuminsider.com/2024/01/12/asia-times-video-offers-glimpse-of-foreign-tech-in-chinas-quantum-computing-program (1/1), chunk 19/37
[13:14:32 +5m 25s | thequantuminsider_2024_01_12_asia_times_video_offers_glimpse_of_foreign_tech_in_chinas_qu_ea70f5e4] Extracting interactions: https://thequantuminsider.com/2024/01/12/asia-times-video-offers-glimpse-of-foreign-tech-in-chinas-quantum-computing-program (1/1), chunk 20/37
[13:14:35 +5m 29s | thequantuminsider_2024_01_12_asia_times_video_offers_glimpse_of_foreign_tech_in_chinas_qu_ea70f5e4] Extracting interactions: https://thequantuminsider.com/2024/01/12/asia-times-video-offers-glimpse-of-foreign-tech-in-chinas-quantum-computing-program (1/1), chunk 21/37
[13:14:39 +5m 32s | thequantuminsider_2024_01_12_asia_times_video_offers_glimpse_of_foreign_tech_in_chinas_qu_ea70f5e4] Extracting interactions: https://thequantuminsider.com/2024/01/12/asia-times-video-offers-glimpse-of-foreign-tech-in-chinas-quantum-computing-program (1/1), chunk 22/37
[13:14:44 +5m 38s | thequantuminsider_2024_01_12_asia_times_video_offers_glimpse_of_foreign_tech_in_chinas_qu_ea70f5e4] Extracting interactions: https://thequantuminsider.com/2024/01/12/asia-times-video-offers-glimpse-of-foreign-tech-in-chinas-quantum-computing-program (1/1), chunk 23/37
[13:14:48 +5m 41s | thequantuminsider_2024_01_12_asia_times_video_offers_glimpse_of_foreign_tech_in_chinas_qu_ea70f5e4] Extracting interactions: https://thequantuminsider.com/2024/01/12/asia-times-video-offers-glimpse-of-foreign-tech-in-chinas-quantum-computing-program (1/1), chunk 24/37
[13:14:53 +5m 47s | thequantuminsider_2024_01_12_asia_times_video_offers_glimpse_of_foreign_tech_in_chinas_qu_ea70f5e4] Extracting interactions: https://thequantuminsider.com/2024/01/12/asia-times-video-offers-glimpse-of-foreign-tech-in-chinas-quantum-computing-program (1/1), chunk 26/37
[13:14:57 +5m 51s | thequantuminsider_2024_01_12_asia_times_video_offers_glimpse_of_foreign_tech_in_chinas_qu_ea70f5e4] Extracting interactions: https://thequantuminsider.com/2024/01/12/asia-times-video-offers-glimpse-of-foreign-tech-in-chinas-quantum-computing-program (1/1), chunk 27/37
[13:15:02 +5m 55s | thequantuminsider_2024_01_12_asia_times_video_offers_glimpse_of_foreign_tech_in_chinas_qu_ea70f5e4] Extracting interactions: https://thequantuminsider.com/2024/01/12/asia-times-video-offers-glimpse-of-foreign-tech-in-chinas-quantum-computing-program (1/1), chunk 28/37
[13:15:03 +5m 57s | thequantuminsider_2024_01_12_asia_times_video_offers_glimpse_of_foreign_tech_in_chinas_qu_ea70f5e4] Extracting interactions: https://thequantuminsider.com/2024/01/12/asia-times-video-offers-glimpse-of-foreign-tech-in-chinas-quantum-computing-program (1/1), chunk 30/37
[13:15:04 +5m 58s | thequantuminsider_2024_01_12_asia_times_video_offers_glimpse_of_foreign_tech_in_chinas_qu_ea70f5e4] Extracting interactions: https://thequantuminsider.com/2024/01/12/asia-times-video-offers-glimpse-of-foreign-tech-in-chinas-quantum-computing-program (1/1), chunk 31/37
[13:15:24 +6m 18s | thequantuminsider_2024_01_12_asia_times_video_offers_glimpse_of_foreign_tech_in_chinas_qu_ea70f5e4] Extracting interactions: https://thequantuminsider.com/2024/01/12/asia-times-video-offers-glimpse-of-foreign-tech-in-chinas-quantum-computing-program (1/1), chunk 32/37
[13:15:28 +6m 21s | thequantuminsider_2024_01_12_asia_times_video_offers_glimpse_of_foreign_tech_in_chinas_qu_ea70f5e4] Extracting interactions: https://thequantuminsider.com/2024/01/12/asia-times-video-offers-glimpse-of-foreign-tech-in-chinas-quantum-computing-program (1/1), chunk 33/37
[13:15:29 +6m 23s | thequantuminsider_2024_01_12_asia_times_video_offers_glimpse_of_foreign_tech_in_chinas_qu_ea70f5e4] Extracting interactions: https://thequantuminsider.com/2024/01/12/asia-times-video-offers-glimpse-of-foreign-tech-in-chinas-quantum-computing-program (1/1), chunk 35/37
[13:15:31 +6m 24s | thequantuminsider_2024_01_12_asia_times_video_offers_glimpse_of_foreign_tech_in_chinas_qu_ea70f5e4] Extracting interactions: https://thequantuminsider.com/2024/01/12/asia-times-video-offers-glimpse-of-foreign-tech-in-chinas-quantum-computing-program (1/1), chunk 36/37
[13:15:32 +6m 26s | thequantuminsider_2024_01_12_asia_times_video_offers_glimpse_of_foreign_tech_in_chinas_qu_ea70f5e4] Saved 3_interaction_results.json with 28 extracted interactions.

[13:15:33 +6m 26s | thequantuminsider_2024_01_12_asia_times_video_offers_glimpse_of_foreign_tech_in_chinas_qu_ea70f5e4] === 4 clean interactions ===
[13:15:33 +6m 26s | thequantuminsider_2024_01_12_asia_times_video_offers_glimpse_of_foreign_tech_in_chinas_qu_ea70f5e4] Saved 4_edges.json with 8 cleaned interactions.

[13:15:33 +6m 26s | thequantuminsider_2024_01_12_asia_times_video_offers_glimpse_of_foreign_tech_in_chinas_qu_ea70f5e4] === 5 helix enrichment ===
[13:15:33 +6m 26s | thequantuminsider_2024_01_12_asia_times_video_offers_glimpse_of_foreign_tech_in_chinas_qu_ea70f5e4] Wrote 5_nodes.json (16 actors)
[13:15:33 +6m 26s | thequantuminsider_2024_01_12_asia_times_video_offers_glimpse_of_foreign_tech_in_chinas_qu_ea70f5e4] Wrote 5_edges.json (8 interactions)
[13:15:33 +6m 26s | thequantuminsider_2024_01_12_asia_times_video_offers_glimpse_of_foreign_tech_in_chinas_qu_ea70f5e4] Actor helix counts: {'Academia': 1, 'Civil Society': 5, 'Industry': 4, 'Intermediary': 1, 'Unknown': 5}
[13:15:33 +6m 26s | thequantuminsider_2024_01_12_asia_times_video_offers_glimpse_of_foreign_tech_in_chinas_qu_ea70f5e4] Functional-space counts: {'Innovation': 1, 'Intra-helix / Not classified': 7}

[13:15:33 +6m 26s | thequantuminsider_2024_01_12_asia_times_video_offers_glimpse_of_foreign_tech_in_chinas_qu_ea70f5e4] === 6 network visualisation ===
[13:15:33 +6m 27s | thequantuminsider_2024_01_12_asia_times_video_offers_glimpse_of_foreign_tech_in_chinas_qu_ea70f5e4] Wrote quantum_network.html
[13:15:33 +6m 27s | thequantuminsider_2024_01_12_asia_times_video_offers_glimpse_of_foreign_tech_in_chinas_qu_ea70f5e4] Nodes: 16
[13:15:33 +6m 27s | thequantuminsider_2024_01_12_asia_times_video_offers_glimpse_of_foreign_tech_in_chinas_qu_ea70f5e4] Edges: 2

[13:15:33 +6m 27s | thequantuminsider_2024_01_12_asia_times_video_offers_glimpse_of_foreign_tech_in_chinas_qu_ea70f5e4] Done. Outputs written to: /home/lv/IDP/idpdeeptech/pipeline/news_outputs/thequantuminsider_2024_01_12_asia_times_video_offers_glimpse_of_foreign_tech_in_chinas_qu_ea70f5e4
[13:15:33 +6m 27s | thequantuminsider_2024_01_12_asia_times_video_offers_glimpse_of_foreign_tech_in_chinas_qu_ea70f5e4] Log: /home/lv/IDP/idpdeeptech/pipeline/news_outputs/thequantuminsider_2024_01_12_asia_times_video_offers_glimpse_of_foreign_tech_in_chinas_qu_ea70f5e4/run.log

========================================================================
RUN FINISHED 2026-07-02 13:15:33  (OK)
Started:     2026-07-02 13:09:06
Elapsed:     6m 27s
========================================================================
