
========================================================================
RUN STARTED  2026-06-16 02:21:02
pdf_pipeline.py Luis_Germany18.pdf
========================================================================

[02:21:02 +0s | Luis_Germany18] === 1 actor extraction ===
[02:21:03 +0s | Luis_Germany18] Reading PDF: Luis_Germany18.pdf
[02:21:03 +0s | Luis_Germany18] Extracting: Luis_Germany18.pdf, page 1/51, chunk 1/1
[02:21:06 +3s | Luis_Germany18] Extracting: Luis_Germany18.pdf, page 2/51, chunk 1/1
[02:21:13 +10s | Luis_Germany18] Repaired malformed JSON.
[02:21:13 +10s | Luis_Germany18] Extracting: Luis_Germany18.pdf, page 3/51, chunk 1/1
[02:21:18 +15s | Luis_Germany18] Extracting: Luis_Germany18.pdf, page 4/51, chunk 1/1
[02:21:23 +21s | Luis_Germany18] Extracting: Luis_Germany18.pdf, page 5/51, chunk 1/1
[02:21:30 +25s | Luis_Germany18] Extracting: Luis_Germany18.pdf, page 6/51, chunk 1/1
[02:21:36 +31s | Luis_Germany18] Repaired malformed JSON.
[02:21:36 +31s | Luis_Germany18] Extracting: Luis_Germany18.pdf, page 7/51, chunk 1/1
[02:21:44 +39s | Luis_Germany18] Repaired malformed JSON.
[02:21:44 +39s | Luis_Germany18] Extracting: Luis_Germany18.pdf, page 8/51, chunk 1/1
[02:21:52 +48s | Luis_Germany18] Repaired malformed JSON.
[02:21:52 +48s | Luis_Germany18] Extracting: Luis_Germany18.pdf, page 9/51, chunk 1/1
[02:22:02 +57s | Luis_Germany18] Repaired malformed JSON.
[02:22:02 +57s | Luis_Germany18] Extracting: Luis_Germany18.pdf, page 10/51, chunk 1/1
[02:22:12 +1m 4s | Luis_Germany18] Repaired malformed JSON.
[02:22:12 +1m 4s | Luis_Germany18] Extracting: Luis_Germany18.pdf, page 11/51, chunk 1/1
[02:22:18 +1m 11s | Luis_Germany18] Repaired malformed JSON.
[02:22:18 +1m 11s | Luis_Germany18] Extracting: Luis_Germany18.pdf, page 12/51, chunk 1/1
[02:22:25 +1m 17s | Luis_Germany18] Repaired malformed JSON.
[02:22:25 +1m 17s | Luis_Germany18] Extracting: Luis_Germany18.pdf, page 13/51, chunk 1/1
[02:22:31 +1m 24s | Luis_Germany18] Repaired malformed JSON.
[02:22:31 +1m 24s | Luis_Germany18] Extracting: Luis_Germany18.pdf, page 14/51, chunk 1/1
[02:22:35 +1m 27s | Luis_Germany18] Extracting: Luis_Germany18.pdf, page 15/51, chunk 1/1
[02:22:43 +1m 33s | Luis_Germany18] Repaired malformed JSON.
[02:22:43 +1m 33s | Luis_Germany18] Extracting: Luis_Germany18.pdf, page 16/51, chunk 1/1
[02:22:49 +1m 39s | Luis_Germany18] Repaired malformed JSON.
[02:22:49 +1m 39s | Luis_Germany18] Extracting: Luis_Germany18.pdf, page 17/51, chunk 1/1
[02:22:56 +1m 46s | Luis_Germany18] Repaired malformed JSON.
[02:22:56 +1m 46s | Luis_Germany18] Extracting: Luis_Germany18.pdf, page 18/51, chunk 1/1
[02:23:04 +1m 54s | Luis_Germany18] Repaired malformed JSON.
[02:23:04 +1m 54s | Luis_Germany18] Extracting: Luis_Germany18.pdf, page 19/51, chunk 1/1
[02:23:09 +1m 59s | Luis_Germany18] Repaired malformed JSON.
[02:23:09 +1m 59s | Luis_Germany18] Extracting: Luis_Germany18.pdf, page 20/51, chunk 1/1
[02:23:18 +2m 5s | Luis_Germany18] Repaired malformed JSON.
[02:23:18 +2m 5s | Luis_Germany18] Extracting: Luis_Germany18.pdf, page 21/51, chunk 1/1
[02:23:27 +2m 14s | Luis_Germany18] Repaired malformed JSON.
[02:23:27 +2m 14s | Luis_Germany18] Extracting: Luis_Germany18.pdf, page 22/51, chunk 1/1
[02:23:33 +2m 20s | Luis_Germany18] Repaired malformed JSON.
[02:23:33 +2m 20s | Luis_Germany18] Extracting: Luis_Germany18.pdf, page 23/51, chunk 1/1
[02:23:40 +2m 27s | Luis_Germany18] Repaired malformed JSON.
[02:23:40 +2m 27s | Luis_Germany18] Extracting: Luis_Germany18.pdf, page 24/51, chunk 1/1
[02:23:46 +2m 33s | Luis_Germany18] Repaired malformed JSON.
[02:23:46 +2m 33s | Luis_Germany18] Extracting: Luis_Germany18.pdf, page 25/51, chunk 1/1
[02:23:51 +2m 38s | Luis_Germany18] Repaired malformed JSON.
[02:23:51 +2m 38s | Luis_Germany18] Extracting: Luis_Germany18.pdf, page 26/51, chunk 1/1
[02:23:57 +2m 44s | Luis_Germany18] Repaired malformed JSON.
[02:23:57 +2m 44s | Luis_Germany18] Extracting: Luis_Germany18.pdf, page 27/51, chunk 1/1
[02:24:07 +2m 51s | Luis_Germany18] Repaired malformed JSON.
[02:24:07 +2m 51s | Luis_Germany18] Extracting: Luis_Germany18.pdf, page 28/51, chunk 1/1
[02:24:14 +2m 58s | Luis_Germany18] Repaired malformed JSON.
[02:24:14 +2m 58s | Luis_Germany18] Extracting: Luis_Germany18.pdf, page 29/51, chunk 1/1
[02:24:20 +3m 4s | Luis_Germany18] Repaired malformed JSON.
[02:24:20 +3m 4s | Luis_Germany18] Extracting: Luis_Germany18.pdf, page 30/51, chunk 1/1
[02:24:27 +3m 11s | Luis_Germany18] Repaired malformed JSON.
[02:24:27 +3m 11s | Luis_Germany18] Extracting: Luis_Germany18.pdf, page 31/51, chunk 1/1
[02:24:33 +3m 17s | Luis_Germany18] Repaired malformed JSON.
[02:24:33 +3m 17s | Luis_Germany18] Extracting: Luis_Germany18.pdf, page 32/51, chunk 1/1
[02:24:42 +3m 23s | Luis_Germany18] Repaired malformed JSON.
[02:24:42 +3m 23s | Luis_Germany18] Extracting: Luis_Germany18.pdf, page 33/51, chunk 1/1
[02:24:51 +3m 31s | Luis_Germany18] Repaired malformed JSON.
[02:24:51 +3m 31s | Luis_Germany18] Extracting: Luis_Germany18.pdf, page 34/51, chunk 1/1
[02:24:57 +3m 37s | Luis_Germany18] Repaired malformed JSON.
[02:24:57 +3m 37s | Luis_Germany18] Extracting: Luis_Germany18.pdf, page 35/51, chunk 1/1
[02:25:04 +3m 44s | Luis_Germany18] Repaired malformed JSON.
[02:25:04 +3m 44s | Luis_Germany18] Extracting: Luis_Germany18.pdf, page 36/51, chunk 1/1
[02:25:10 +3m 51s | Luis_Germany18] Repaired malformed JSON.
[02:25:10 +3m 51s | Luis_Germany18] Extracting: Luis_Germany18.pdf, page 37/51, chunk 1/1
[02:25:19 +3m 58s | Luis_Germany18] Repaired malformed JSON.
[02:25:19 +3m 58s | Luis_Germany18] Extracting: Luis_Germany18.pdf, page 38/51, chunk 1/1
[02:25:25 +4m 3s | Luis_Germany18] Repaired malformed JSON.
[02:25:25 +4m 3s | Luis_Germany18] Extracting: Luis_Germany18.pdf, page 39/51, chunk 1/1
[02:25:30 +4m 9s | Luis_Germany18] Repaired malformed JSON.
[02:25:30 +4m 9s | Luis_Germany18] Extracting: Luis_Germany18.pdf, page 40/51, chunk 1/1
[02:25:36 +4m 14s | Luis_Germany18] Repaired malformed JSON.
[02:25:36 +4m 14s | Luis_Germany18] Extracting: Luis_Germany18.pdf, page 41/51, chunk 1/1
[02:25:41 +4m 19s | Luis_Germany18] Repaired malformed JSON.
[02:25:41 +4m 19s | Luis_Germany18] Extracting: Luis_Germany18.pdf, page 42/51, chunk 1/1
[02:25:46 +4m 24s | Luis_Germany18] Repaired malformed JSON.
[02:25:46 +4m 24s | Luis_Germany18] Extracting: Luis_Germany18.pdf, page 43/51, chunk 1/1
[02:25:57 +4m 32s | Luis_Germany18] Repaired malformed JSON.
[02:25:57 +4m 32s | Luis_Germany18] Extracting: Luis_Germany18.pdf, page 44/51, chunk 1/1
[02:26:04 +4m 39s | Luis_Germany18] Repaired malformed JSON.
[02:26:04 +4m 39s | Luis_Germany18] Extracting: Luis_Germany18.pdf, page 45/51, chunk 1/1
[02:26:10 +4m 45s | Luis_Germany18] Repaired malformed JSON.
[02:26:10 +4m 45s | Luis_Germany18] Extracting: Luis_Germany18.pdf, page 46/51, chunk 1/1
[02:26:17 +4m 52s | Luis_Germany18] Repaired malformed JSON.
[02:26:17 +4m 52s | Luis_Germany18] Extracting: Luis_Germany18.pdf, page 47/51, chunk 1/1
[02:26:26 +4m 58s | Luis_Germany18] Repaired malformed JSON.
[02:26:26 +4m 58s | Luis_Germany18] Extracting: Luis_Germany18.pdf, page 48/51, chunk 1/1
[02:26:32 +5m 4s | Luis_Germany18] Repaired malformed JSON.
[02:26:32 +5m 4s | Luis_Germany18] Extracting: Luis_Germany18.pdf, page 49/51, chunk 1/1
[02:26:33 +5m 5s | Luis_Germany18] Extracting: Luis_Germany18.pdf, page 50/51, chunk 1/1
[02:26:41 +5m 13s | Luis_Germany18] Repaired malformed JSON.
[02:26:41 +5m 13s | Luis_Germany18] Extracting: Luis_Germany18.pdf, page 51/51, chunk 1/1
[02:26:43 +5m 15s | Luis_Germany18] Saved 1_actor_results.json with 99 clean actors

[02:26:43 +5m 15s | Luis_Germany18] === 2 clean actors ===
[02:26:43 +5m 15s | Luis_Germany18] Loaded 99 extracted records
[02:26:43 +5m 15s | Luis_Germany18] Saved 2_actor_nodes.json with 42 canonical actor nodes

[02:26:43 +5m 15s | Luis_Germany18] === 3 interaction extraction ===
[02:26:43 +5m 15s | Luis_Germany18] Processing interactions for: Luis_Germany18.pdf
[02:26:43 +5m 15s | Luis_Germany18] Extracting interactions: Luis_Germany18.pdf, page 2/51, chunk 1/1
[02:26:46 +5m 18s | Luis_Germany18] Extracting interactions: Luis_Germany18.pdf, page 4/51, chunk 1/1
[02:26:50 +5m 23s | Luis_Germany18] Extracting interactions: Luis_Germany18.pdf, page 7/51, chunk 1/1
[02:26:58 +5m 30s | Luis_Germany18] Extracting interactions: Luis_Germany18.pdf, page 8/51, chunk 1/1
[02:27:11 +5m 41s | Luis_Germany18] Extracting interactions: Luis_Germany18.pdf, page 9/51, chunk 1/1
[02:27:20 +5m 49s | Luis_Germany18] Extracting interactions: Luis_Germany18.pdf, page 10/51, chunk 1/1
[02:27:26 +5m 55s | Luis_Germany18] Extracting interactions: Luis_Germany18.pdf, page 12/51, chunk 1/1
[02:27:36 +6m 3s | Luis_Germany18] Extracting interactions: Luis_Germany18.pdf, page 15/51, chunk 1/1
[02:27:44 +6m 11s | Luis_Germany18] Extracting interactions: Luis_Germany18.pdf, page 16/51, chunk 1/1
[02:27:49 +6m 15s | Luis_Germany18] Extracting interactions: Luis_Germany18.pdf, page 17/51, chunk 1/1
[02:28:01 +6m 27s | Luis_Germany18] Extracting interactions: Luis_Germany18.pdf, page 18/51, chunk 1/1
[02:28:35 +6m 59s | Luis_Germany18] Extracting interactions: Luis_Germany18.pdf, page 19/51, chunk 1/1
[02:28:40 +7m 4s | Luis_Germany18] Extracting interactions: Luis_Germany18.pdf, page 20/51, chunk 1/1
[02:28:48 +7m 9s | Luis_Germany18] Extracting interactions: Luis_Germany18.pdf, page 22/51, chunk 1/1
[02:28:56 +7m 16s | Luis_Germany18] Extracting interactions: Luis_Germany18.pdf, page 23/51, chunk 1/1
[02:29:04 +7m 24s | Luis_Germany18] Extracting interactions: Luis_Germany18.pdf, page 24/51, chunk 1/1
[02:29:16 +7m 36s | Luis_Germany18] Extracting interactions: Luis_Germany18.pdf, page 25/51, chunk 1/1
[02:29:25 +7m 43s | Luis_Germany18] Extracting interactions: Luis_Germany18.pdf, page 26/51, chunk 1/1
[02:29:49 +8m 7s | Luis_Germany18] Extracting interactions: Luis_Germany18.pdf, page 27/51, chunk 1/1
[02:29:57 +8m 12s | Luis_Germany18] Extracting interactions: Luis_Germany18.pdf, page 28/51, chunk 1/1
[02:30:07 +8m 22s | Luis_Germany18] Extracting interactions: Luis_Germany18.pdf, page 29/51, chunk 1/1
[02:30:39 +8m 51s | Luis_Germany18] Extracting interactions: Luis_Germany18.pdf, page 30/51, chunk 1/1
[02:30:49 +9m 1s | Luis_Germany18] Extracting interactions: Luis_Germany18.pdf, page 31/51, chunk 1/1
[02:30:58 +9m 10s | Luis_Germany18] Extracting interactions: Luis_Germany18.pdf, page 32/51, chunk 1/1
[02:31:18 +9m 27s | Luis_Germany18] Extracting interactions: Luis_Germany18.pdf, page 33/51, chunk 1/1
[02:31:23 +9m 32s | Luis_Germany18] Extracting interactions: Luis_Germany18.pdf, page 34/51, chunk 1/1
[02:32:03 +10m 9s | Luis_Germany18] Extracting interactions: Luis_Germany18.pdf, page 35/51, chunk 1/1
[02:32:40 +10m 44s | Luis_Germany18] Extracting interactions: Luis_Germany18.pdf, page 36/51, chunk 1/1
[02:33:19 +11m 20s | Luis_Germany18] Extracting interactions: Luis_Germany18.pdf, page 37/51, chunk 1/1
[02:33:34 +11m 32s | Luis_Germany18] Extracting interactions: Luis_Germany18.pdf, page 38/51, chunk 1/1
[02:34:10 +12m 5s | Luis_Germany18] Extracting interactions: Luis_Germany18.pdf, page 39/51, chunk 1/1
[02:34:40 +12m 33s | Luis_Germany18] Extracting interactions: Luis_Germany18.pdf, page 40/51, chunk 1/1
[02:35:14 +13m 5s | Luis_Germany18] Extracting interactions: Luis_Germany18.pdf, page 41/51, chunk 1/1
[02:35:25 +13m 15s | Luis_Germany18] Extracting interactions: Luis_Germany18.pdf, page 42/51, chunk 1/1
[02:35:34 +13m 24s | Luis_Germany18] Extracting interactions: Luis_Germany18.pdf, page 43/51, chunk 1/1
[02:35:38 +13m 28s | Luis_Germany18] Extracting interactions: Luis_Germany18.pdf, page 44/51, chunk 1/1
[02:35:55 +13m 43s | Luis_Germany18] Extracting interactions: Luis_Germany18.pdf, page 45/51, chunk 1/1
[02:36:12 +13m 59s | Luis_Germany18] Extracting interactions: Luis_Germany18.pdf, page 46/51, chunk 1/1
[02:36:16 +14m 3s | Luis_Germany18] Extracting interactions: Luis_Germany18.pdf, page 48/51, chunk 1/1
[02:36:26 +14m 11s | Luis_Germany18] Extracting interactions: Luis_Germany18.pdf, page 50/51, chunk 1/1
[02:36:36 +14m 21s | Luis_Germany18] Saved 3_interaction_results.json with 129 extracted interactions.

[02:36:36 +14m 21s | Luis_Germany18] === 4 clean interactions ===
[02:36:36 +14m 21s | Luis_Germany18] Saved 4_edges.json with 9 cleaned interactions.

[02:36:36 +14m 21s | Luis_Germany18] === 5 helix enrichment ===
[02:36:36 +14m 21s | Luis_Germany18] Wrote 5_nodes.json (42 actors)
[02:36:36 +14m 21s | Luis_Germany18] Wrote 5_edges.json (9 interactions)
[02:36:36 +14m 21s | Luis_Germany18] Actor helix counts: {'Academia': 21, 'Civil Society': 1, 'Government': 11, 'Industry': 1, 'Intermediary': 1, 'Unknown': 7}
[02:36:36 +14m 21s | Luis_Germany18] Functional-space counts: {'Innovation': 1, 'Intra-helix / Not classified': 3, 'Knowledge': 1, 'Unknown': 4}

[02:36:36 +14m 21s | Luis_Germany18] === 6 network visualisation ===
[02:36:37 +14m 22s | Luis_Germany18] Wrote quantum_network.html
[02:36:37 +14m 22s | Luis_Germany18] Nodes: 42
[02:36:37 +14m 22s | Luis_Germany18] Edges: 8

[02:36:37 +14m 22s | Luis_Germany18] Done. Outputs written to: /home/lv/IDP/idpdeeptech/pipeline/pdf_outputs/Luis_Germany18
[02:36:37 +14m 22s | Luis_Germany18] Log: /home/lv/IDP/idpdeeptech/pipeline/pdf_outputs/Luis_Germany18/run.log

========================================================================
RUN FINISHED 2026-06-16 02:36:37  (OK)
Started:     2026-06-16 02:21:02
Elapsed:     14m 22s
========================================================================
