
========================================================================
RUN STARTED  2026-07-02 02:32:06
site_pipeline.py https://thequantuminsider.com/2020/07/29/non-profit-fund-working-to-create-innovative-qc-projects-with-grants/
========================================================================

[02:32:06 +0s | thequantuminsider_2020_07_29_non_profit_fund_working_to_create_innovative_qc_projects_with_grants] === 0 crawl site ===
[02:32:07 +1s | thequantuminsider_2020_07_29_non_profit_fund_working_to_create_innovative_qc_projects_with_grants] [INIT].... → Crawl4AI 0.8.6 
[02:32:09 +3s | thequantuminsider_2020_07_29_non_profit_fund_working_to_create_innovative_qc_projects_with_grants] [FETCH]... ↓ https://thequantuminsider.com/2020/07/29/non-pro...ng-to-create-innovative-qc-projects-with-grants/  | ✓ | ⏱: 1.91s 
[02:32:10 +3s | thequantuminsider_2020_07_29_non_profit_fund_working_to_create_innovative_qc_projects_with_grants] [SCRAPE].. ◆ https://thequantuminsider.com/2020/07/29/non-pro...ng-to-create-innovative-qc-projects-with-grants/  | ✓ | ⏱: 0.10s 
[02:32:10 +3s | thequantuminsider_2020_07_29_non_profit_fund_working_to_create_innovative_qc_projects_with_grants] [COMPLETE] ● https://thequantuminsider.com/2020/07/29/non-pro...ng-to-create-innovative-qc-projects-with-grants/  | ✓ | ⏱: 2.02s 
[02:32:10 +3s | thequantuminsider_2020_07_29_non_profit_fund_working_to_create_innovative_qc_projects_with_grants] Saved: crawl_output/fa176b14b7_thequantuminsider.com_2020_07_29_non-profit-fund-working-to-create-innovative-qc-projects-with-grants.json

[02:32:10 +4s | thequantuminsider_2020_07_29_non_profit_fund_working_to_create_innovative_qc_projects_with_grants] === 1 actor extraction ===
[02:32:10 +4s | thequantuminsider_2020_07_29_non_profit_fund_working_to_create_innovative_qc_projects_with_grants] Reading page (1/1): https://thequantuminsider.com/2020/07/29/non-profit-fund-working-to-create-innovative-qc-projects-with-grants
[02:32:10 +4s | thequantuminsider_2020_07_29_non_profit_fund_working_to_create_innovative_qc_projects_with_grants] Extracting actors: https://thequantuminsider.com/2020/07/29/non-profit-fund-working-to-create-innovative-qc-projects-with-grants (1/1), chunk 1/37
[02:32:14 +8s | thequantuminsider_2020_07_29_non_profit_fund_working_to_create_innovative_qc_projects_with_grants] Extracting actors: https://thequantuminsider.com/2020/07/29/non-profit-fund-working-to-create-innovative-qc-projects-with-grants (1/1), chunk 2/37
[02:32:19 +13s | thequantuminsider_2020_07_29_non_profit_fund_working_to_create_innovative_qc_projects_with_grants] Extracting actors: https://thequantuminsider.com/2020/07/29/non-profit-fund-working-to-create-innovative-qc-projects-with-grants (1/1), chunk 3/37
[02:32:23 +17s | thequantuminsider_2020_07_29_non_profit_fund_working_to_create_innovative_qc_projects_with_grants] Extracting actors: https://thequantuminsider.com/2020/07/29/non-profit-fund-working-to-create-innovative-qc-projects-with-grants (1/1), chunk 4/37
[02:32:28 +21s | thequantuminsider_2020_07_29_non_profit_fund_working_to_create_innovative_qc_projects_with_grants] Extracting actors: https://thequantuminsider.com/2020/07/29/non-profit-fund-working-to-create-innovative-qc-projects-with-grants (1/1), chunk 5/37
[02:32:35 +25s | thequantuminsider_2020_07_29_non_profit_fund_working_to_create_innovative_qc_projects_with_grants] Extracting actors: https://thequantuminsider.com/2020/07/29/non-profit-fund-working-to-create-innovative-qc-projects-with-grants (1/1), chunk 6/37
[02:32:39 +30s | thequantuminsider_2020_07_29_non_profit_fund_working_to_create_innovative_qc_projects_with_grants] Extracting actors: https://thequantuminsider.com/2020/07/29/non-profit-fund-working-to-create-innovative-qc-projects-with-grants (1/1), chunk 7/37
[02:32:44 +35s | thequantuminsider_2020_07_29_non_profit_fund_working_to_create_innovative_qc_projects_with_grants] Extracting actors: https://thequantuminsider.com/2020/07/29/non-profit-fund-working-to-create-innovative-qc-projects-with-grants (1/1), chunk 8/37
[02:32:48 +38s | thequantuminsider_2020_07_29_non_profit_fund_working_to_create_innovative_qc_projects_with_grants] Extracting actors: https://thequantuminsider.com/2020/07/29/non-profit-fund-working-to-create-innovative-qc-projects-with-grants (1/1), chunk 9/37
[02:32:52 +42s | thequantuminsider_2020_07_29_non_profit_fund_working_to_create_innovative_qc_projects_with_grants] Extracting actors: https://thequantuminsider.com/2020/07/29/non-profit-fund-working-to-create-innovative-qc-projects-with-grants (1/1), chunk 10/37
[02:32:57 +48s | thequantuminsider_2020_07_29_non_profit_fund_working_to_create_innovative_qc_projects_with_grants] Extracting actors: https://thequantuminsider.com/2020/07/29/non-profit-fund-working-to-create-innovative-qc-projects-with-grants (1/1), chunk 11/37
[02:33:01 +52s | thequantuminsider_2020_07_29_non_profit_fund_working_to_create_innovative_qc_projects_with_grants] Extracting actors: https://thequantuminsider.com/2020/07/29/non-profit-fund-working-to-create-innovative-qc-projects-with-grants (1/1), chunk 12/37
[02:33:09 +57s | thequantuminsider_2020_07_29_non_profit_fund_working_to_create_innovative_qc_projects_with_grants] Repaired malformed JSON.
[02:33:09 +57s | thequantuminsider_2020_07_29_non_profit_fund_working_to_create_innovative_qc_projects_with_grants] Extracting actors: https://thequantuminsider.com/2020/07/29/non-profit-fund-working-to-create-innovative-qc-projects-with-grants (1/1), chunk 13/37
[02:33:15 +1m 2s | thequantuminsider_2020_07_29_non_profit_fund_working_to_create_innovative_qc_projects_with_grants] Repaired malformed JSON.
[02:33:15 +1m 2s | thequantuminsider_2020_07_29_non_profit_fund_working_to_create_innovative_qc_projects_with_grants] Extracting actors: https://thequantuminsider.com/2020/07/29/non-profit-fund-working-to-create-innovative-qc-projects-with-grants (1/1), chunk 14/37
[02:33:23 +1m 11s | thequantuminsider_2020_07_29_non_profit_fund_working_to_create_innovative_qc_projects_with_grants] Repaired malformed JSON.
[02:33:23 +1m 11s | thequantuminsider_2020_07_29_non_profit_fund_working_to_create_innovative_qc_projects_with_grants] Extracting actors: https://thequantuminsider.com/2020/07/29/non-profit-fund-working-to-create-innovative-qc-projects-with-grants (1/1), chunk 15/37
[02:33:29 +1m 17s | thequantuminsider_2020_07_29_non_profit_fund_working_to_create_innovative_qc_projects_with_grants] Repaired malformed JSON.
[02:33:29 +1m 17s | thequantuminsider_2020_07_29_non_profit_fund_working_to_create_innovative_qc_projects_with_grants] Extracting actors: https://thequantuminsider.com/2020/07/29/non-profit-fund-working-to-create-innovative-qc-projects-with-grants (1/1), chunk 16/37
[02:33:36 +1m 24s | thequantuminsider_2020_07_29_non_profit_fund_working_to_create_innovative_qc_projects_with_grants] Repaired malformed JSON.
[02:33:36 +1m 24s | thequantuminsider_2020_07_29_non_profit_fund_working_to_create_innovative_qc_projects_with_grants] Extracting actors: https://thequantuminsider.com/2020/07/29/non-profit-fund-working-to-create-innovative-qc-projects-with-grants (1/1), chunk 17/37
[02:33:45 +1m 30s | thequantuminsider_2020_07_29_non_profit_fund_working_to_create_innovative_qc_projects_with_grants] Repaired malformed JSON.
[02:33:45 +1m 30s | thequantuminsider_2020_07_29_non_profit_fund_working_to_create_innovative_qc_projects_with_grants] Extracting actors: https://thequantuminsider.com/2020/07/29/non-profit-fund-working-to-create-innovative-qc-projects-with-grants (1/1), chunk 18/37
[02:33:53 +1m 38s | thequantuminsider_2020_07_29_non_profit_fund_working_to_create_innovative_qc_projects_with_grants] Repaired malformed JSON.
[02:33:53 +1m 38s | thequantuminsider_2020_07_29_non_profit_fund_working_to_create_innovative_qc_projects_with_grants] Extracting actors: https://thequantuminsider.com/2020/07/29/non-profit-fund-working-to-create-innovative-qc-projects-with-grants (1/1), chunk 19/37
[02:34:00 +1m 45s | thequantuminsider_2020_07_29_non_profit_fund_working_to_create_innovative_qc_projects_with_grants] Repaired malformed JSON.
[02:34:00 +1m 45s | thequantuminsider_2020_07_29_non_profit_fund_working_to_create_innovative_qc_projects_with_grants] Extracting actors: https://thequantuminsider.com/2020/07/29/non-profit-fund-working-to-create-innovative-qc-projects-with-grants (1/1), chunk 20/37
[02:34:06 +1m 51s | thequantuminsider_2020_07_29_non_profit_fund_working_to_create_innovative_qc_projects_with_grants] Repaired malformed JSON.
[02:34:06 +1m 51s | thequantuminsider_2020_07_29_non_profit_fund_working_to_create_innovative_qc_projects_with_grants] Extracting actors: https://thequantuminsider.com/2020/07/29/non-profit-fund-working-to-create-innovative-qc-projects-with-grants (1/1), chunk 21/37
[02:34:11 +1m 56s | thequantuminsider_2020_07_29_non_profit_fund_working_to_create_innovative_qc_projects_with_grants] Repaired malformed JSON.
[02:34:11 +1m 56s | thequantuminsider_2020_07_29_non_profit_fund_working_to_create_innovative_qc_projects_with_grants] Extracting actors: https://thequantuminsider.com/2020/07/29/non-profit-fund-working-to-create-innovative-qc-projects-with-grants (1/1), chunk 22/37
[02:34:21 +2m 3s | thequantuminsider_2020_07_29_non_profit_fund_working_to_create_innovative_qc_projects_with_grants] Repaired malformed JSON.
[02:34:21 +2m 3s | thequantuminsider_2020_07_29_non_profit_fund_working_to_create_innovative_qc_projects_with_grants] Extracting actors: https://thequantuminsider.com/2020/07/29/non-profit-fund-working-to-create-innovative-qc-projects-with-grants (1/1), chunk 23/37
[02:34:27 +2m 9s | thequantuminsider_2020_07_29_non_profit_fund_working_to_create_innovative_qc_projects_with_grants] Repaired malformed JSON.
[02:34:27 +2m 9s | thequantuminsider_2020_07_29_non_profit_fund_working_to_create_innovative_qc_projects_with_grants] Extracting actors: https://thequantuminsider.com/2020/07/29/non-profit-fund-working-to-create-innovative-qc-projects-with-grants (1/1), chunk 24/37
[02:34:33 +2m 15s | thequantuminsider_2020_07_29_non_profit_fund_working_to_create_innovative_qc_projects_with_grants] Repaired malformed JSON.
[02:34:33 +2m 15s | thequantuminsider_2020_07_29_non_profit_fund_working_to_create_innovative_qc_projects_with_grants] Extracting actors: https://thequantuminsider.com/2020/07/29/non-profit-fund-working-to-create-innovative-qc-projects-with-grants (1/1), chunk 25/37
[02:34:38 +2m 20s | thequantuminsider_2020_07_29_non_profit_fund_working_to_create_innovative_qc_projects_with_grants] Extracting actors: https://thequantuminsider.com/2020/07/29/non-profit-fund-working-to-create-innovative-qc-projects-with-grants (1/1), chunk 26/37
[02:34:42 +2m 24s | thequantuminsider_2020_07_29_non_profit_fund_working_to_create_innovative_qc_projects_with_grants] Extracting actors: https://thequantuminsider.com/2020/07/29/non-profit-fund-working-to-create-innovative-qc-projects-with-grants (1/1), chunk 27/37
[02:34:47 +2m 28s | thequantuminsider_2020_07_29_non_profit_fund_working_to_create_innovative_qc_projects_with_grants] Extracting actors: https://thequantuminsider.com/2020/07/29/non-profit-fund-working-to-create-innovative-qc-projects-with-grants (1/1), chunk 28/37
[02:34:50 +2m 32s | thequantuminsider_2020_07_29_non_profit_fund_working_to_create_innovative_qc_projects_with_grants] Extracting actors: https://thequantuminsider.com/2020/07/29/non-profit-fund-working-to-create-innovative-qc-projects-with-grants (1/1), chunk 29/37
[02:35:00 +2m 39s | thequantuminsider_2020_07_29_non_profit_fund_working_to_create_innovative_qc_projects_with_grants] Repaired malformed JSON.
[02:35:00 +2m 39s | thequantuminsider_2020_07_29_non_profit_fund_working_to_create_innovative_qc_projects_with_grants] Extracting actors: https://thequantuminsider.com/2020/07/29/non-profit-fund-working-to-create-innovative-qc-projects-with-grants (1/1), chunk 30/37
[02:35:06 +2m 45s | thequantuminsider_2020_07_29_non_profit_fund_working_to_create_innovative_qc_projects_with_grants] Repaired malformed JSON.
[02:35:06 +2m 45s | thequantuminsider_2020_07_29_non_profit_fund_working_to_create_innovative_qc_projects_with_grants] Extracting actors: https://thequantuminsider.com/2020/07/29/non-profit-fund-working-to-create-innovative-qc-projects-with-grants (1/1), chunk 31/37
[02:35:07 +2m 46s | thequantuminsider_2020_07_29_non_profit_fund_working_to_create_innovative_qc_projects_with_grants] Extracting actors: https://thequantuminsider.com/2020/07/29/non-profit-fund-working-to-create-innovative-qc-projects-with-grants (1/1), chunk 32/37
[02:35:13 +2m 52s | thequantuminsider_2020_07_29_non_profit_fund_working_to_create_innovative_qc_projects_with_grants] Repaired malformed JSON.
[02:35:13 +2m 52s | thequantuminsider_2020_07_29_non_profit_fund_working_to_create_innovative_qc_projects_with_grants] Extracting actors: https://thequantuminsider.com/2020/07/29/non-profit-fund-working-to-create-innovative-qc-projects-with-grants (1/1), chunk 33/37
[02:35:19 +2m 58s | thequantuminsider_2020_07_29_non_profit_fund_working_to_create_innovative_qc_projects_with_grants] Repaired malformed JSON.
[02:35:19 +2m 58s | thequantuminsider_2020_07_29_non_profit_fund_working_to_create_innovative_qc_projects_with_grants] Extracting actors: https://thequantuminsider.com/2020/07/29/non-profit-fund-working-to-create-innovative-qc-projects-with-grants (1/1), chunk 34/37
[02:35:26 +3m 5s | thequantuminsider_2020_07_29_non_profit_fund_working_to_create_innovative_qc_projects_with_grants] Repaired malformed JSON.
[02:35:26 +3m 5s | thequantuminsider_2020_07_29_non_profit_fund_working_to_create_innovative_qc_projects_with_grants] Extracting actors: https://thequantuminsider.com/2020/07/29/non-profit-fund-working-to-create-innovative-qc-projects-with-grants (1/1), chunk 35/37
[02:35:38 +3m 14s | thequantuminsider_2020_07_29_non_profit_fund_working_to_create_innovative_qc_projects_with_grants] Repaired malformed JSON.
[02:35:38 +3m 14s | thequantuminsider_2020_07_29_non_profit_fund_working_to_create_innovative_qc_projects_with_grants] Extracting actors: https://thequantuminsider.com/2020/07/29/non-profit-fund-working-to-create-innovative-qc-projects-with-grants (1/1), chunk 36/37
[02:35:46 +3m 22s | thequantuminsider_2020_07_29_non_profit_fund_working_to_create_innovative_qc_projects_with_grants] Repaired malformed JSON.
[02:35:46 +3m 22s | thequantuminsider_2020_07_29_non_profit_fund_working_to_create_innovative_qc_projects_with_grants] Extracting actors: https://thequantuminsider.com/2020/07/29/non-profit-fund-working-to-create-innovative-qc-projects-with-grants (1/1), chunk 37/37
[02:35:54 +3m 30s | thequantuminsider_2020_07_29_non_profit_fund_working_to_create_innovative_qc_projects_with_grants] Repaired malformed JSON.
[02:35:54 +3m 30s | thequantuminsider_2020_07_29_non_profit_fund_working_to_create_innovative_qc_projects_with_grants] Saved 1_actor_results.json with 54 extracted records

[02:35:54 +3m 30s | thequantuminsider_2020_07_29_non_profit_fund_working_to_create_innovative_qc_projects_with_grants] === 2 clean actors ===
[02:35:54 +3m 30s | thequantuminsider_2020_07_29_non_profit_fund_working_to_create_innovative_qc_projects_with_grants] Loaded 54 extracted records
[02:35:54 +3m 30s | thequantuminsider_2020_07_29_non_profit_fund_working_to_create_innovative_qc_projects_with_grants] Saved 2_actor_nodes.json with 25 canonical actor nodes

[02:35:54 +3m 30s | thequantuminsider_2020_07_29_non_profit_fund_working_to_create_innovative_qc_projects_with_grants] === 3 interaction extraction ===
[02:35:54 +3m 30s | thequantuminsider_2020_07_29_non_profit_fund_working_to_create_innovative_qc_projects_with_grants] Extracting interactions: https://thequantuminsider.com/2020/07/29/non-profit-fund-working-to-create-innovative-qc-projects-with-grants (1/1), chunk 13/37
[02:35:59 +3m 35s | thequantuminsider_2020_07_29_non_profit_fund_working_to_create_innovative_qc_projects_with_grants] Extracting interactions: https://thequantuminsider.com/2020/07/29/non-profit-fund-working-to-create-innovative-qc-projects-with-grants (1/1), chunk 14/37
[02:36:09 +3m 42s | thequantuminsider_2020_07_29_non_profit_fund_working_to_create_innovative_qc_projects_with_grants] Extracting interactions: https://thequantuminsider.com/2020/07/29/non-profit-fund-working-to-create-innovative-qc-projects-with-grants (1/1), chunk 15/37
[02:36:17 +3m 50s | thequantuminsider_2020_07_29_non_profit_fund_working_to_create_innovative_qc_projects_with_grants] Extracting interactions: https://thequantuminsider.com/2020/07/29/non-profit-fund-working-to-create-innovative-qc-projects-with-grants (1/1), chunk 16/37
[02:36:22 +3m 55s | thequantuminsider_2020_07_29_non_profit_fund_working_to_create_innovative_qc_projects_with_grants] Extracting interactions: https://thequantuminsider.com/2020/07/29/non-profit-fund-working-to-create-innovative-qc-projects-with-grants (1/1), chunk 17/37
[02:36:26 +4m 0s | thequantuminsider_2020_07_29_non_profit_fund_working_to_create_innovative_qc_projects_with_grants] Extracting interactions: https://thequantuminsider.com/2020/07/29/non-profit-fund-working-to-create-innovative-qc-projects-with-grants (1/1), chunk 18/37
[02:36:33 +4m 6s | thequantuminsider_2020_07_29_non_profit_fund_working_to_create_innovative_qc_projects_with_grants] Extracting interactions: https://thequantuminsider.com/2020/07/29/non-profit-fund-working-to-create-innovative-qc-projects-with-grants (1/1), chunk 19/37
[02:36:36 +4m 9s | thequantuminsider_2020_07_29_non_profit_fund_working_to_create_innovative_qc_projects_with_grants] Extracting interactions: https://thequantuminsider.com/2020/07/29/non-profit-fund-working-to-create-innovative-qc-projects-with-grants (1/1), chunk 20/37
[02:36:53 +4m 24s | thequantuminsider_2020_07_29_non_profit_fund_working_to_create_innovative_qc_projects_with_grants] Extracting interactions: https://thequantuminsider.com/2020/07/29/non-profit-fund-working-to-create-innovative-qc-projects-with-grants (1/1), chunk 21/37
[02:37:04 +4m 34s | thequantuminsider_2020_07_29_non_profit_fund_working_to_create_innovative_qc_projects_with_grants] Extracting interactions: https://thequantuminsider.com/2020/07/29/non-profit-fund-working-to-create-innovative-qc-projects-with-grants (1/1), chunk 22/37
[02:37:15 +4m 42s | thequantuminsider_2020_07_29_non_profit_fund_working_to_create_innovative_qc_projects_with_grants] Extracting interactions: https://thequantuminsider.com/2020/07/29/non-profit-fund-working-to-create-innovative-qc-projects-with-grants (1/1), chunk 23/37
[02:37:20 +4m 48s | thequantuminsider_2020_07_29_non_profit_fund_working_to_create_innovative_qc_projects_with_grants] Extracting interactions: https://thequantuminsider.com/2020/07/29/non-profit-fund-working-to-create-innovative-qc-projects-with-grants (1/1), chunk 26/37
[02:37:26 +4m 53s | thequantuminsider_2020_07_29_non_profit_fund_working_to_create_innovative_qc_projects_with_grants] Extracting interactions: https://thequantuminsider.com/2020/07/29/non-profit-fund-working-to-create-innovative-qc-projects-with-grants (1/1), chunk 27/37
[02:37:29 +4m 56s | thequantuminsider_2020_07_29_non_profit_fund_working_to_create_innovative_qc_projects_with_grants] Extracting interactions: https://thequantuminsider.com/2020/07/29/non-profit-fund-working-to-create-innovative-qc-projects-with-grants (1/1), chunk 28/37
[02:37:30 +4m 58s | thequantuminsider_2020_07_29_non_profit_fund_working_to_create_innovative_qc_projects_with_grants] Extracting interactions: https://thequantuminsider.com/2020/07/29/non-profit-fund-working-to-create-innovative-qc-projects-with-grants (1/1), chunk 30/37
[02:38:03 +5m 28s | thequantuminsider_2020_07_29_non_profit_fund_working_to_create_innovative_qc_projects_with_grants] Extracting interactions: https://thequantuminsider.com/2020/07/29/non-profit-fund-working-to-create-innovative-qc-projects-with-grants (1/1), chunk 31/37
[02:38:05 +5m 29s | thequantuminsider_2020_07_29_non_profit_fund_working_to_create_innovative_qc_projects_with_grants] Extracting interactions: https://thequantuminsider.com/2020/07/29/non-profit-fund-working-to-create-innovative-qc-projects-with-grants (1/1), chunk 32/37
[02:38:06 +5m 31s | thequantuminsider_2020_07_29_non_profit_fund_working_to_create_innovative_qc_projects_with_grants] Extracting interactions: https://thequantuminsider.com/2020/07/29/non-profit-fund-working-to-create-innovative-qc-projects-with-grants (1/1), chunk 33/37
[02:38:08 +5m 33s | thequantuminsider_2020_07_29_non_profit_fund_working_to_create_innovative_qc_projects_with_grants] Extracting interactions: https://thequantuminsider.com/2020/07/29/non-profit-fund-working-to-create-innovative-qc-projects-with-grants (1/1), chunk 34/37
[02:38:10 +5m 34s | thequantuminsider_2020_07_29_non_profit_fund_working_to_create_innovative_qc_projects_with_grants] Extracting interactions: https://thequantuminsider.com/2020/07/29/non-profit-fund-working-to-create-innovative-qc-projects-with-grants (1/1), chunk 35/37
[02:38:11 +5m 35s | thequantuminsider_2020_07_29_non_profit_fund_working_to_create_innovative_qc_projects_with_grants] Extracting interactions: https://thequantuminsider.com/2020/07/29/non-profit-fund-working-to-create-innovative-qc-projects-with-grants (1/1), chunk 36/37
[02:38:43 +6m 4s | thequantuminsider_2020_07_29_non_profit_fund_working_to_create_innovative_qc_projects_with_grants] Extracting interactions: https://thequantuminsider.com/2020/07/29/non-profit-fund-working-to-create-innovative-qc-projects-with-grants (1/1), chunk 37/37
[02:38:44 +6m 5s | thequantuminsider_2020_07_29_non_profit_fund_working_to_create_innovative_qc_projects_with_grants] Saved 3_interaction_results.json with 29 extracted interactions.

[02:38:44 +6m 5s | thequantuminsider_2020_07_29_non_profit_fund_working_to_create_innovative_qc_projects_with_grants] === 4 clean interactions ===
[02:38:44 +6m 6s | thequantuminsider_2020_07_29_non_profit_fund_working_to_create_innovative_qc_projects_with_grants] Saved 4_edges.json with 1 cleaned interactions.

[02:38:44 +6m 6s | thequantuminsider_2020_07_29_non_profit_fund_working_to_create_innovative_qc_projects_with_grants] === 5 helix enrichment ===
[02:38:44 +6m 6s | thequantuminsider_2020_07_29_non_profit_fund_working_to_create_innovative_qc_projects_with_grants] Wrote 5_nodes.json (25 actors)
[02:38:44 +6m 6s | thequantuminsider_2020_07_29_non_profit_fund_working_to_create_innovative_qc_projects_with_grants] Wrote 5_edges.json (1 interactions)
[02:38:44 +6m 6s | thequantuminsider_2020_07_29_non_profit_fund_working_to_create_innovative_qc_projects_with_grants] Actor helix counts: {'Civil Society': 3, 'Government': 2, 'Industry': 3, 'Intermediary': 4, 'Unknown': 13}
[02:38:44 +6m 6s | thequantuminsider_2020_07_29_non_profit_fund_working_to_create_innovative_qc_projects_with_grants] Functional-space counts: {'Unknown': 1}

[02:38:44 +6m 6s | thequantuminsider_2020_07_29_non_profit_fund_working_to_create_innovative_qc_projects_with_grants] === 6 network visualisation ===
[02:38:44 +6m 6s | thequantuminsider_2020_07_29_non_profit_fund_working_to_create_innovative_qc_projects_with_grants] Wrote quantum_network.html
[02:38:44 +6m 6s | thequantuminsider_2020_07_29_non_profit_fund_working_to_create_innovative_qc_projects_with_grants] Nodes: 25
[02:38:44 +6m 6s | thequantuminsider_2020_07_29_non_profit_fund_working_to_create_innovative_qc_projects_with_grants] Edges: 1

[02:38:45 +6m 6s | thequantuminsider_2020_07_29_non_profit_fund_working_to_create_innovative_qc_projects_with_grants] Done. Outputs written to: /home/lv/IDP/idpdeeptech/pipeline/news_outputs/thequantuminsider_2020_07_29_non_profit_fund_working_to_create_innovative_qc_projects_with_grants
[02:38:45 +6m 6s | thequantuminsider_2020_07_29_non_profit_fund_working_to_create_innovative_qc_projects_with_grants] Log: /home/lv/IDP/idpdeeptech/pipeline/news_outputs/thequantuminsider_2020_07_29_non_profit_fund_working_to_create_innovative_qc_projects_with_grants/run.log

========================================================================
RUN FINISHED 2026-07-02 02:38:45  (OK)
Started:     2026-07-02 02:32:06
Elapsed:     6m 6s
========================================================================
