
========================================================================
RUN STARTED  2026-07-02 07:00:27
site_pipeline.py https://thequantuminsider.com/2024/03/20/quantum-emotion-partners-with-the-platform-for-digital-and-quantum-innovation-to-use-ibm-qcs-for-security-platform-testing/
========================================================================

[07:00:27 +0s | thequantuminsider_2024_03_20_quantum_emotion_partners_with_the_platform_for_digital_and_q_23c08431] === 0 crawl site ===
[07:00:28 +1s | thequantuminsider_2024_03_20_quantum_emotion_partners_with_the_platform_for_digital_and_q_23c08431] [INIT].... → Crawl4AI 0.8.6 
[07:01:07 +41s | thequantuminsider_2024_03_20_quantum_emotion_partners_with_the_platform_for_digital_and_q_23c08431] [FETCH]... ↓ https://thequantuminsider.com/2024/03/20/quantum...on-to-use-ibm-qcs-for-security-platform-testing/  | ✓ | ⏱: 39.35s 
[07:01:08 +41s | thequantuminsider_2024_03_20_quantum_emotion_partners_with_the_platform_for_digital_and_q_23c08431] [SCRAPE].. ◆ https://thequantuminsider.com/2024/03/20/quantum...on-to-use-ibm-qcs-for-security-platform-testing/  | ✓ | ⏱: 0.12s 
[07:01:08 +41s | thequantuminsider_2024_03_20_quantum_emotion_partners_with_the_platform_for_digital_and_q_23c08431] [COMPLETE] ● https://thequantuminsider.com/2024/03/20/quantum...on-to-use-ibm-qcs-for-security-platform-testing/  | ✓ | ⏱: 39.49s 
[07:01:08 +41s | thequantuminsider_2024_03_20_quantum_emotion_partners_with_the_platform_for_digital_and_q_23c08431] Saved: crawl_output/f8ee1efb15_thequantuminsider.com_2024_03_20_quantum-emotion-partners-with-the-platform-for-digital-and-quantum-innovation-to-use-ibm-qcs-for-security-platform-testing.json

[07:01:08 +41s | thequantuminsider_2024_03_20_quantum_emotion_partners_with_the_platform_for_digital_and_q_23c08431] === 1 actor extraction ===
[07:01:08 +41s | thequantuminsider_2024_03_20_quantum_emotion_partners_with_the_platform_for_digital_and_q_23c08431] Reading page (1/1): https://thequantuminsider.com/2024/03/20/quantum-emotion-partners-with-the-platform-for-digital-and-quantum-innovation-to-use-ibm-qcs-for-security-platform-testing
[07:01:08 +41s | thequantuminsider_2024_03_20_quantum_emotion_partners_with_the_platform_for_digital_and_q_23c08431] Extracting actors: https://thequantuminsider.com/2024/03/20/quantum-emotion-partners-with-the-platform-for-digital-and-quantum-innovation-to-use-ibm-qcs-for-security-platform-testing (1/1), chunk 1/37
[07:01:13 +47s | thequantuminsider_2024_03_20_quantum_emotion_partners_with_the_platform_for_digital_and_q_23c08431] Repaired malformed JSON.
[07:01:13 +47s | thequantuminsider_2024_03_20_quantum_emotion_partners_with_the_platform_for_digital_and_q_23c08431] Extracting actors: https://thequantuminsider.com/2024/03/20/quantum-emotion-partners-with-the-platform-for-digital-and-quantum-innovation-to-use-ibm-qcs-for-security-platform-testing (1/1), chunk 2/37
[07:01:20 +53s | thequantuminsider_2024_03_20_quantum_emotion_partners_with_the_platform_for_digital_and_q_23c08431] Repaired malformed JSON.
[07:01:20 +53s | thequantuminsider_2024_03_20_quantum_emotion_partners_with_the_platform_for_digital_and_q_23c08431] Extracting actors: https://thequantuminsider.com/2024/03/20/quantum-emotion-partners-with-the-platform-for-digital-and-quantum-innovation-to-use-ibm-qcs-for-security-platform-testing (1/1), chunk 3/37
[07:01:27 +1m 1s | thequantuminsider_2024_03_20_quantum_emotion_partners_with_the_platform_for_digital_and_q_23c08431] Repaired malformed JSON.
[07:01:27 +1m 1s | thequantuminsider_2024_03_20_quantum_emotion_partners_with_the_platform_for_digital_and_q_23c08431] Extracting actors: https://thequantuminsider.com/2024/03/20/quantum-emotion-partners-with-the-platform-for-digital-and-quantum-innovation-to-use-ibm-qcs-for-security-platform-testing (1/1), chunk 4/37
[07:01:36 +1m 9s | thequantuminsider_2024_03_20_quantum_emotion_partners_with_the_platform_for_digital_and_q_23c08431] Repaired malformed JSON.
[07:01:36 +1m 9s | thequantuminsider_2024_03_20_quantum_emotion_partners_with_the_platform_for_digital_and_q_23c08431] Extracting actors: https://thequantuminsider.com/2024/03/20/quantum-emotion-partners-with-the-platform-for-digital-and-quantum-innovation-to-use-ibm-qcs-for-security-platform-testing (1/1), chunk 5/37
[07:01:42 +1m 15s | thequantuminsider_2024_03_20_quantum_emotion_partners_with_the_platform_for_digital_and_q_23c08431] Repaired malformed JSON.
[07:01:42 +1m 15s | thequantuminsider_2024_03_20_quantum_emotion_partners_with_the_platform_for_digital_and_q_23c08431] Extracting actors: https://thequantuminsider.com/2024/03/20/quantum-emotion-partners-with-the-platform-for-digital-and-quantum-innovation-to-use-ibm-qcs-for-security-platform-testing (1/1), chunk 6/37
[07:01:48 +1m 21s | thequantuminsider_2024_03_20_quantum_emotion_partners_with_the_platform_for_digital_and_q_23c08431] Repaired malformed JSON.
[07:01:48 +1m 21s | thequantuminsider_2024_03_20_quantum_emotion_partners_with_the_platform_for_digital_and_q_23c08431] Extracting actors: https://thequantuminsider.com/2024/03/20/quantum-emotion-partners-with-the-platform-for-digital-and-quantum-innovation-to-use-ibm-qcs-for-security-platform-testing (1/1), chunk 7/37
[07:01:56 +1m 30s | thequantuminsider_2024_03_20_quantum_emotion_partners_with_the_platform_for_digital_and_q_23c08431] Repaired malformed JSON.
[07:01:56 +1m 30s | thequantuminsider_2024_03_20_quantum_emotion_partners_with_the_platform_for_digital_and_q_23c08431] Extracting actors: https://thequantuminsider.com/2024/03/20/quantum-emotion-partners-with-the-platform-for-digital-and-quantum-innovation-to-use-ibm-qcs-for-security-platform-testing (1/1), chunk 8/37
[07:02:02 +1m 36s | thequantuminsider_2024_03_20_quantum_emotion_partners_with_the_platform_for_digital_and_q_23c08431] Repaired malformed JSON.
[07:02:02 +1m 36s | thequantuminsider_2024_03_20_quantum_emotion_partners_with_the_platform_for_digital_and_q_23c08431] Extracting actors: https://thequantuminsider.com/2024/03/20/quantum-emotion-partners-with-the-platform-for-digital-and-quantum-innovation-to-use-ibm-qcs-for-security-platform-testing (1/1), chunk 9/37
[07:02:08 +1m 42s | thequantuminsider_2024_03_20_quantum_emotion_partners_with_the_platform_for_digital_and_q_23c08431] Repaired malformed JSON.
[07:02:08 +1m 42s | thequantuminsider_2024_03_20_quantum_emotion_partners_with_the_platform_for_digital_and_q_23c08431] Extracting actors: https://thequantuminsider.com/2024/03/20/quantum-emotion-partners-with-the-platform-for-digital-and-quantum-innovation-to-use-ibm-qcs-for-security-platform-testing (1/1), chunk 10/37
[07:02:15 +1m 48s | thequantuminsider_2024_03_20_quantum_emotion_partners_with_the_platform_for_digital_and_q_23c08431] Repaired malformed JSON.
[07:02:15 +1m 48s | thequantuminsider_2024_03_20_quantum_emotion_partners_with_the_platform_for_digital_and_q_23c08431] Extracting actors: https://thequantuminsider.com/2024/03/20/quantum-emotion-partners-with-the-platform-for-digital-and-quantum-innovation-to-use-ibm-qcs-for-security-platform-testing (1/1), chunk 11/37
[07:02:22 +1m 55s | thequantuminsider_2024_03_20_quantum_emotion_partners_with_the_platform_for_digital_and_q_23c08431] Repaired malformed JSON.
[07:02:22 +1m 55s | thequantuminsider_2024_03_20_quantum_emotion_partners_with_the_platform_for_digital_and_q_23c08431] Extracting actors: https://thequantuminsider.com/2024/03/20/quantum-emotion-partners-with-the-platform-for-digital-and-quantum-innovation-to-use-ibm-qcs-for-security-platform-testing (1/1), chunk 12/37
[07:02:30 +2m 4s | thequantuminsider_2024_03_20_quantum_emotion_partners_with_the_platform_for_digital_and_q_23c08431] Repaired malformed JSON.
[07:02:30 +2m 4s | thequantuminsider_2024_03_20_quantum_emotion_partners_with_the_platform_for_digital_and_q_23c08431] Extracting actors: https://thequantuminsider.com/2024/03/20/quantum-emotion-partners-with-the-platform-for-digital-and-quantum-innovation-to-use-ibm-qcs-for-security-platform-testing (1/1), chunk 13/37
[07:02:38 +2m 12s | thequantuminsider_2024_03_20_quantum_emotion_partners_with_the_platform_for_digital_and_q_23c08431] Repaired malformed JSON.
[07:02:38 +2m 12s | thequantuminsider_2024_03_20_quantum_emotion_partners_with_the_platform_for_digital_and_q_23c08431] Extracting actors: https://thequantuminsider.com/2024/03/20/quantum-emotion-partners-with-the-platform-for-digital-and-quantum-innovation-to-use-ibm-qcs-for-security-platform-testing (1/1), chunk 14/37
[07:02:46 +2m 19s | thequantuminsider_2024_03_20_quantum_emotion_partners_with_the_platform_for_digital_and_q_23c08431] Repaired malformed JSON.
[07:02:46 +2m 19s | thequantuminsider_2024_03_20_quantum_emotion_partners_with_the_platform_for_digital_and_q_23c08431] Extracting actors: https://thequantuminsider.com/2024/03/20/quantum-emotion-partners-with-the-platform-for-digital-and-quantum-innovation-to-use-ibm-qcs-for-security-platform-testing (1/1), chunk 15/37
[07:02:55 +2m 28s | thequantuminsider_2024_03_20_quantum_emotion_partners_with_the_platform_for_digital_and_q_23c08431] Repaired malformed JSON.
[07:02:55 +2m 28s | thequantuminsider_2024_03_20_quantum_emotion_partners_with_the_platform_for_digital_and_q_23c08431] Extracting actors: https://thequantuminsider.com/2024/03/20/quantum-emotion-partners-with-the-platform-for-digital-and-quantum-innovation-to-use-ibm-qcs-for-security-platform-testing (1/1), chunk 16/37
[07:03:02 +2m 36s | thequantuminsider_2024_03_20_quantum_emotion_partners_with_the_platform_for_digital_and_q_23c08431] Repaired malformed JSON.
[07:03:02 +2m 36s | thequantuminsider_2024_03_20_quantum_emotion_partners_with_the_platform_for_digital_and_q_23c08431] Extracting actors: https://thequantuminsider.com/2024/03/20/quantum-emotion-partners-with-the-platform-for-digital-and-quantum-innovation-to-use-ibm-qcs-for-security-platform-testing (1/1), chunk 17/37
[07:03:09 +2m 43s | thequantuminsider_2024_03_20_quantum_emotion_partners_with_the_platform_for_digital_and_q_23c08431] Repaired malformed JSON.
[07:03:09 +2m 43s | thequantuminsider_2024_03_20_quantum_emotion_partners_with_the_platform_for_digital_and_q_23c08431] Extracting actors: https://thequantuminsider.com/2024/03/20/quantum-emotion-partners-with-the-platform-for-digital-and-quantum-innovation-to-use-ibm-qcs-for-security-platform-testing (1/1), chunk 18/37
[07:03:18 +2m 51s | thequantuminsider_2024_03_20_quantum_emotion_partners_with_the_platform_for_digital_and_q_23c08431] Repaired malformed JSON.
[07:03:18 +2m 51s | thequantuminsider_2024_03_20_quantum_emotion_partners_with_the_platform_for_digital_and_q_23c08431] Extracting actors: https://thequantuminsider.com/2024/03/20/quantum-emotion-partners-with-the-platform-for-digital-and-quantum-innovation-to-use-ibm-qcs-for-security-platform-testing (1/1), chunk 19/37
[07:03:25 +2m 58s | thequantuminsider_2024_03_20_quantum_emotion_partners_with_the_platform_for_digital_and_q_23c08431] Repaired malformed JSON.
[07:03:25 +2m 58s | thequantuminsider_2024_03_20_quantum_emotion_partners_with_the_platform_for_digital_and_q_23c08431] Extracting actors: https://thequantuminsider.com/2024/03/20/quantum-emotion-partners-with-the-platform-for-digital-and-quantum-innovation-to-use-ibm-qcs-for-security-platform-testing (1/1), chunk 20/37
[07:03:31 +3m 5s | thequantuminsider_2024_03_20_quantum_emotion_partners_with_the_platform_for_digital_and_q_23c08431] Repaired malformed JSON.
[07:03:31 +3m 5s | thequantuminsider_2024_03_20_quantum_emotion_partners_with_the_platform_for_digital_and_q_23c08431] Extracting actors: https://thequantuminsider.com/2024/03/20/quantum-emotion-partners-with-the-platform-for-digital-and-quantum-innovation-to-use-ibm-qcs-for-security-platform-testing (1/1), chunk 21/37
[07:03:39 +3m 12s | thequantuminsider_2024_03_20_quantum_emotion_partners_with_the_platform_for_digital_and_q_23c08431] Repaired malformed JSON.
[07:03:39 +3m 12s | thequantuminsider_2024_03_20_quantum_emotion_partners_with_the_platform_for_digital_and_q_23c08431] Extracting actors: https://thequantuminsider.com/2024/03/20/quantum-emotion-partners-with-the-platform-for-digital-and-quantum-innovation-to-use-ibm-qcs-for-security-platform-testing (1/1), chunk 22/37
[07:03:45 +3m 19s | thequantuminsider_2024_03_20_quantum_emotion_partners_with_the_platform_for_digital_and_q_23c08431] Repaired malformed JSON.
[07:03:45 +3m 19s | thequantuminsider_2024_03_20_quantum_emotion_partners_with_the_platform_for_digital_and_q_23c08431] Extracting actors: https://thequantuminsider.com/2024/03/20/quantum-emotion-partners-with-the-platform-for-digital-and-quantum-innovation-to-use-ibm-qcs-for-security-platform-testing (1/1), chunk 23/37
[07:03:54 +3m 28s | thequantuminsider_2024_03_20_quantum_emotion_partners_with_the_platform_for_digital_and_q_23c08431] Repaired malformed JSON.
[07:03:54 +3m 28s | thequantuminsider_2024_03_20_quantum_emotion_partners_with_the_platform_for_digital_and_q_23c08431] Extracting actors: https://thequantuminsider.com/2024/03/20/quantum-emotion-partners-with-the-platform-for-digital-and-quantum-innovation-to-use-ibm-qcs-for-security-platform-testing (1/1), chunk 24/37
[07:04:03 +3m 37s | thequantuminsider_2024_03_20_quantum_emotion_partners_with_the_platform_for_digital_and_q_23c08431] Repaired malformed JSON.
[07:04:03 +3m 37s | thequantuminsider_2024_03_20_quantum_emotion_partners_with_the_platform_for_digital_and_q_23c08431] Extracting actors: https://thequantuminsider.com/2024/03/20/quantum-emotion-partners-with-the-platform-for-digital-and-quantum-innovation-to-use-ibm-qcs-for-security-platform-testing (1/1), chunk 25/37
[07:04:13 +3m 46s | thequantuminsider_2024_03_20_quantum_emotion_partners_with_the_platform_for_digital_and_q_23c08431] Repaired malformed JSON.
[07:04:13 +3m 46s | thequantuminsider_2024_03_20_quantum_emotion_partners_with_the_platform_for_digital_and_q_23c08431] Extracting actors: https://thequantuminsider.com/2024/03/20/quantum-emotion-partners-with-the-platform-for-digital-and-quantum-innovation-to-use-ibm-qcs-for-security-platform-testing (1/1), chunk 26/37
[07:04:19 +3m 53s | thequantuminsider_2024_03_20_quantum_emotion_partners_with_the_platform_for_digital_and_q_23c08431] Repaired malformed JSON.
[07:04:19 +3m 53s | thequantuminsider_2024_03_20_quantum_emotion_partners_with_the_platform_for_digital_and_q_23c08431] Extracting actors: https://thequantuminsider.com/2024/03/20/quantum-emotion-partners-with-the-platform-for-digital-and-quantum-innovation-to-use-ibm-qcs-for-security-platform-testing (1/1), chunk 27/37
[07:04:25 +3m 59s | thequantuminsider_2024_03_20_quantum_emotion_partners_with_the_platform_for_digital_and_q_23c08431] Extracting actors: https://thequantuminsider.com/2024/03/20/quantum-emotion-partners-with-the-platform-for-digital-and-quantum-innovation-to-use-ibm-qcs-for-security-platform-testing (1/1), chunk 28/37
[07:04:30 +4m 3s | thequantuminsider_2024_03_20_quantum_emotion_partners_with_the_platform_for_digital_and_q_23c08431] Extracting actors: https://thequantuminsider.com/2024/03/20/quantum-emotion-partners-with-the-platform-for-digital-and-quantum-innovation-to-use-ibm-qcs-for-security-platform-testing (1/1), chunk 29/37
[07:04:40 +4m 13s | thequantuminsider_2024_03_20_quantum_emotion_partners_with_the_platform_for_digital_and_q_23c08431] Repaired malformed JSON.
[07:04:40 +4m 13s | thequantuminsider_2024_03_20_quantum_emotion_partners_with_the_platform_for_digital_and_q_23c08431] Extracting actors: https://thequantuminsider.com/2024/03/20/quantum-emotion-partners-with-the-platform-for-digital-and-quantum-innovation-to-use-ibm-qcs-for-security-platform-testing (1/1), chunk 30/37
[07:04:48 +4m 21s | thequantuminsider_2024_03_20_quantum_emotion_partners_with_the_platform_for_digital_and_q_23c08431] Repaired malformed JSON.
[07:04:48 +4m 21s | thequantuminsider_2024_03_20_quantum_emotion_partners_with_the_platform_for_digital_and_q_23c08431] Extracting actors: https://thequantuminsider.com/2024/03/20/quantum-emotion-partners-with-the-platform-for-digital-and-quantum-innovation-to-use-ibm-qcs-for-security-platform-testing (1/1), chunk 31/37
[07:04:54 +4m 28s | thequantuminsider_2024_03_20_quantum_emotion_partners_with_the_platform_for_digital_and_q_23c08431] Repaired malformed JSON.
[07:04:54 +4m 28s | thequantuminsider_2024_03_20_quantum_emotion_partners_with_the_platform_for_digital_and_q_23c08431] Extracting actors: https://thequantuminsider.com/2024/03/20/quantum-emotion-partners-with-the-platform-for-digital-and-quantum-innovation-to-use-ibm-qcs-for-security-platform-testing (1/1), chunk 32/37
[07:05:02 +4m 35s | thequantuminsider_2024_03_20_quantum_emotion_partners_with_the_platform_for_digital_and_q_23c08431] Repaired malformed JSON.
[07:05:02 +4m 35s | thequantuminsider_2024_03_20_quantum_emotion_partners_with_the_platform_for_digital_and_q_23c08431] Extracting actors: https://thequantuminsider.com/2024/03/20/quantum-emotion-partners-with-the-platform-for-digital-and-quantum-innovation-to-use-ibm-qcs-for-security-platform-testing (1/1), chunk 33/37
[07:05:07 +4m 41s | thequantuminsider_2024_03_20_quantum_emotion_partners_with_the_platform_for_digital_and_q_23c08431] Repaired malformed JSON.
[07:05:07 +4m 41s | thequantuminsider_2024_03_20_quantum_emotion_partners_with_the_platform_for_digital_and_q_23c08431] Extracting actors: https://thequantuminsider.com/2024/03/20/quantum-emotion-partners-with-the-platform-for-digital-and-quantum-innovation-to-use-ibm-qcs-for-security-platform-testing (1/1), chunk 34/37
[07:05:14 +4m 47s | thequantuminsider_2024_03_20_quantum_emotion_partners_with_the_platform_for_digital_and_q_23c08431] Repaired malformed JSON.
[07:05:14 +4m 47s | thequantuminsider_2024_03_20_quantum_emotion_partners_with_the_platform_for_digital_and_q_23c08431] Extracting actors: https://thequantuminsider.com/2024/03/20/quantum-emotion-partners-with-the-platform-for-digital-and-quantum-innovation-to-use-ibm-qcs-for-security-platform-testing (1/1), chunk 35/37
[07:05:20 +4m 54s | thequantuminsider_2024_03_20_quantum_emotion_partners_with_the_platform_for_digital_and_q_23c08431] Repaired malformed JSON.
[07:05:20 +4m 54s | thequantuminsider_2024_03_20_quantum_emotion_partners_with_the_platform_for_digital_and_q_23c08431] Extracting actors: https://thequantuminsider.com/2024/03/20/quantum-emotion-partners-with-the-platform-for-digital-and-quantum-innovation-to-use-ibm-qcs-for-security-platform-testing (1/1), chunk 36/37
[07:05:27 +5m 1s | thequantuminsider_2024_03_20_quantum_emotion_partners_with_the_platform_for_digital_and_q_23c08431] Repaired malformed JSON.
[07:05:27 +5m 1s | thequantuminsider_2024_03_20_quantum_emotion_partners_with_the_platform_for_digital_and_q_23c08431] Extracting actors: https://thequantuminsider.com/2024/03/20/quantum-emotion-partners-with-the-platform-for-digital-and-quantum-innovation-to-use-ibm-qcs-for-security-platform-testing (1/1), chunk 37/37
[07:05:34 +5m 8s | thequantuminsider_2024_03_20_quantum_emotion_partners_with_the_platform_for_digital_and_q_23c08431] Repaired malformed JSON.
[07:05:34 +5m 8s | thequantuminsider_2024_03_20_quantum_emotion_partners_with_the_platform_for_digital_and_q_23c08431] Saved 1_actor_results.json with 70 extracted records

[07:05:34 +5m 8s | thequantuminsider_2024_03_20_quantum_emotion_partners_with_the_platform_for_digital_and_q_23c08431] === 2 clean actors ===
[07:05:34 +5m 8s | thequantuminsider_2024_03_20_quantum_emotion_partners_with_the_platform_for_digital_and_q_23c08431] Loaded 70 extracted records
[07:05:34 +5m 8s | thequantuminsider_2024_03_20_quantum_emotion_partners_with_the_platform_for_digital_and_q_23c08431] Saved 2_actor_nodes.json with 17 canonical actor nodes

[07:05:34 +5m 8s | thequantuminsider_2024_03_20_quantum_emotion_partners_with_the_platform_for_digital_and_q_23c08431] === 3 interaction extraction ===
[07:05:35 +5m 8s | thequantuminsider_2024_03_20_quantum_emotion_partners_with_the_platform_for_digital_and_q_23c08431] Extracting interactions: https://thequantuminsider.com/2024/03/20/quantum-emotion-partners-with-the-platform-for-digital-and-quantum-innovation-to-use-ibm-qcs-for-security-platform-testing (1/1), chunk 7/37
[07:05:39 +5m 12s | thequantuminsider_2024_03_20_quantum_emotion_partners_with_the_platform_for_digital_and_q_23c08431] Extracting interactions: https://thequantuminsider.com/2024/03/20/quantum-emotion-partners-with-the-platform-for-digital-and-quantum-innovation-to-use-ibm-qcs-for-security-platform-testing (1/1), chunk 11/37
[07:05:49 +5m 22s | thequantuminsider_2024_03_20_quantum_emotion_partners_with_the_platform_for_digital_and_q_23c08431] Extracting interactions: https://thequantuminsider.com/2024/03/20/quantum-emotion-partners-with-the-platform-for-digital-and-quantum-innovation-to-use-ibm-qcs-for-security-platform-testing (1/1), chunk 12/37
[07:06:03 +5m 36s | thequantuminsider_2024_03_20_quantum_emotion_partners_with_the_platform_for_digital_and_q_23c08431] Extracting interactions: https://thequantuminsider.com/2024/03/20/quantum-emotion-partners-with-the-platform-for-digital-and-quantum-innovation-to-use-ibm-qcs-for-security-platform-testing (1/1), chunk 13/37
[07:06:26 +6m 0s | thequantuminsider_2024_03_20_quantum_emotion_partners_with_the_platform_for_digital_and_q_23c08431] Extracting interactions: https://thequantuminsider.com/2024/03/20/quantum-emotion-partners-with-the-platform-for-digital-and-quantum-innovation-to-use-ibm-qcs-for-security-platform-testing (1/1), chunk 14/37
[07:06:32 +6m 5s | thequantuminsider_2024_03_20_quantum_emotion_partners_with_the_platform_for_digital_and_q_23c08431] Extracting interactions: https://thequantuminsider.com/2024/03/20/quantum-emotion-partners-with-the-platform-for-digital-and-quantum-innovation-to-use-ibm-qcs-for-security-platform-testing (1/1), chunk 15/37
[07:06:39 +6m 13s | thequantuminsider_2024_03_20_quantum_emotion_partners_with_the_platform_for_digital_and_q_23c08431] Extracting interactions: https://thequantuminsider.com/2024/03/20/quantum-emotion-partners-with-the-platform-for-digital-and-quantum-innovation-to-use-ibm-qcs-for-security-platform-testing (1/1), chunk 16/37
[07:06:46 +6m 19s | thequantuminsider_2024_03_20_quantum_emotion_partners_with_the_platform_for_digital_and_q_23c08431] Extracting interactions: https://thequantuminsider.com/2024/03/20/quantum-emotion-partners-with-the-platform-for-digital-and-quantum-innovation-to-use-ibm-qcs-for-security-platform-testing (1/1), chunk 17/37
[07:06:48 +6m 22s | thequantuminsider_2024_03_20_quantum_emotion_partners_with_the_platform_for_digital_and_q_23c08431] Extracting interactions: https://thequantuminsider.com/2024/03/20/quantum-emotion-partners-with-the-platform-for-digital-and-quantum-innovation-to-use-ibm-qcs-for-security-platform-testing (1/1), chunk 18/37
[07:06:55 +6m 29s | thequantuminsider_2024_03_20_quantum_emotion_partners_with_the_platform_for_digital_and_q_23c08431] Extracting interactions: https://thequantuminsider.com/2024/03/20/quantum-emotion-partners-with-the-platform-for-digital-and-quantum-innovation-to-use-ibm-qcs-for-security-platform-testing (1/1), chunk 19/37
[07:06:57 +6m 30s | thequantuminsider_2024_03_20_quantum_emotion_partners_with_the_platform_for_digital_and_q_23c08431] Extracting interactions: https://thequantuminsider.com/2024/03/20/quantum-emotion-partners-with-the-platform-for-digital-and-quantum-innovation-to-use-ibm-qcs-for-security-platform-testing (1/1), chunk 20/37
[07:07:03 +6m 36s | thequantuminsider_2024_03_20_quantum_emotion_partners_with_the_platform_for_digital_and_q_23c08431] Extracting interactions: https://thequantuminsider.com/2024/03/20/quantum-emotion-partners-with-the-platform-for-digital-and-quantum-innovation-to-use-ibm-qcs-for-security-platform-testing (1/1), chunk 21/37
[07:07:09 +6m 42s | thequantuminsider_2024_03_20_quantum_emotion_partners_with_the_platform_for_digital_and_q_23c08431] Extracting interactions: https://thequantuminsider.com/2024/03/20/quantum-emotion-partners-with-the-platform-for-digital-and-quantum-innovation-to-use-ibm-qcs-for-security-platform-testing (1/1), chunk 22/37
[07:07:13 +6m 46s | thequantuminsider_2024_03_20_quantum_emotion_partners_with_the_platform_for_digital_and_q_23c08431] Extracting interactions: https://thequantuminsider.com/2024/03/20/quantum-emotion-partners-with-the-platform-for-digital-and-quantum-innovation-to-use-ibm-qcs-for-security-platform-testing (1/1), chunk 23/37
[07:07:18 +6m 51s | thequantuminsider_2024_03_20_quantum_emotion_partners_with_the_platform_for_digital_and_q_23c08431] Extracting interactions: https://thequantuminsider.com/2024/03/20/quantum-emotion-partners-with-the-platform-for-digital-and-quantum-innovation-to-use-ibm-qcs-for-security-platform-testing (1/1), chunk 26/37
[07:07:23 +6m 56s | thequantuminsider_2024_03_20_quantum_emotion_partners_with_the_platform_for_digital_and_q_23c08431] Extracting interactions: https://thequantuminsider.com/2024/03/20/quantum-emotion-partners-with-the-platform-for-digital-and-quantum-innovation-to-use-ibm-qcs-for-security-platform-testing (1/1), chunk 27/37
[07:07:24 +6m 57s | thequantuminsider_2024_03_20_quantum_emotion_partners_with_the_platform_for_digital_and_q_23c08431] Extracting interactions: https://thequantuminsider.com/2024/03/20/quantum-emotion-partners-with-the-platform-for-digital-and-quantum-innovation-to-use-ibm-qcs-for-security-platform-testing (1/1), chunk 30/37
[07:07:27 +7m 0s | thequantuminsider_2024_03_20_quantum_emotion_partners_with_the_platform_for_digital_and_q_23c08431] Extracting interactions: https://thequantuminsider.com/2024/03/20/quantum-emotion-partners-with-the-platform-for-digital-and-quantum-innovation-to-use-ibm-qcs-for-security-platform-testing (1/1), chunk 31/37
[07:07:45 +7m 19s | thequantuminsider_2024_03_20_quantum_emotion_partners_with_the_platform_for_digital_and_q_23c08431] Extracting interactions: https://thequantuminsider.com/2024/03/20/quantum-emotion-partners-with-the-platform-for-digital-and-quantum-innovation-to-use-ibm-qcs-for-security-platform-testing (1/1), chunk 32/37
[07:07:50 +7m 23s | thequantuminsider_2024_03_20_quantum_emotion_partners_with_the_platform_for_digital_and_q_23c08431] Extracting interactions: https://thequantuminsider.com/2024/03/20/quantum-emotion-partners-with-the-platform-for-digital-and-quantum-innovation-to-use-ibm-qcs-for-security-platform-testing (1/1), chunk 33/37
[07:07:51 +7m 24s | thequantuminsider_2024_03_20_quantum_emotion_partners_with_the_platform_for_digital_and_q_23c08431] Extracting interactions: https://thequantuminsider.com/2024/03/20/quantum-emotion-partners-with-the-platform-for-digital-and-quantum-innovation-to-use-ibm-qcs-for-security-platform-testing (1/1), chunk 35/37
[07:07:53 +7m 26s | thequantuminsider_2024_03_20_quantum_emotion_partners_with_the_platform_for_digital_and_q_23c08431] Extracting interactions: https://thequantuminsider.com/2024/03/20/quantum-emotion-partners-with-the-platform-for-digital-and-quantum-innovation-to-use-ibm-qcs-for-security-platform-testing (1/1), chunk 36/37
[07:07:54 +7m 28s | thequantuminsider_2024_03_20_quantum_emotion_partners_with_the_platform_for_digital_and_q_23c08431] Saved 3_interaction_results.json with 18 extracted interactions.

[07:07:55 +7m 28s | thequantuminsider_2024_03_20_quantum_emotion_partners_with_the_platform_for_digital_and_q_23c08431] === 4 clean interactions ===
[07:07:55 +7m 28s | thequantuminsider_2024_03_20_quantum_emotion_partners_with_the_platform_for_digital_and_q_23c08431] Saved 4_edges.json with 4 cleaned interactions.

[07:07:55 +7m 28s | thequantuminsider_2024_03_20_quantum_emotion_partners_with_the_platform_for_digital_and_q_23c08431] === 5 helix enrichment ===
[07:07:55 +7m 28s | thequantuminsider_2024_03_20_quantum_emotion_partners_with_the_platform_for_digital_and_q_23c08431] Wrote 5_nodes.json (17 actors)
[07:07:55 +7m 28s | thequantuminsider_2024_03_20_quantum_emotion_partners_with_the_platform_for_digital_and_q_23c08431] Wrote 5_edges.json (4 interactions)
[07:07:55 +7m 28s | thequantuminsider_2024_03_20_quantum_emotion_partners_with_the_platform_for_digital_and_q_23c08431] Actor helix counts: {'Academia': 1, 'Civil Society': 2, 'Government': 3, 'Industry': 6, 'Unknown': 5}
[07:07:55 +7m 28s | thequantuminsider_2024_03_20_quantum_emotion_partners_with_the_platform_for_digital_and_q_23c08431] Functional-space counts: {'Intra-helix / Not classified': 4}

[07:07:55 +7m 28s | thequantuminsider_2024_03_20_quantum_emotion_partners_with_the_platform_for_digital_and_q_23c08431] === 6 network visualisation ===
[07:07:55 +7m 28s | thequantuminsider_2024_03_20_quantum_emotion_partners_with_the_platform_for_digital_and_q_23c08431] Wrote quantum_network.html
[07:07:55 +7m 28s | thequantuminsider_2024_03_20_quantum_emotion_partners_with_the_platform_for_digital_and_q_23c08431] Nodes: 17
[07:07:55 +7m 28s | thequantuminsider_2024_03_20_quantum_emotion_partners_with_the_platform_for_digital_and_q_23c08431] Edges: 2

[07:07:55 +7m 28s | thequantuminsider_2024_03_20_quantum_emotion_partners_with_the_platform_for_digital_and_q_23c08431] Done. Outputs written to: /home/lv/IDP/idpdeeptech/pipeline/news_outputs/thequantuminsider_2024_03_20_quantum_emotion_partners_with_the_platform_for_digital_and_q_23c08431
[07:07:55 +7m 28s | thequantuminsider_2024_03_20_quantum_emotion_partners_with_the_platform_for_digital_and_q_23c08431] Log: /home/lv/IDP/idpdeeptech/pipeline/news_outputs/thequantuminsider_2024_03_20_quantum_emotion_partners_with_the_platform_for_digital_and_q_23c08431/run.log

========================================================================
RUN FINISHED 2026-07-02 07:07:55  (OK)
Started:     2026-07-02 07:00:27
Elapsed:     7m 28s
========================================================================
