
========================================================================
RUN STARTED  2026-07-01 17:03:24
site_pipeline.py https://thequantuminsider.com/2019/11/23/super-fast-light-switch-could-turn-on-quantum-computers-start-up-self-driving-cars/
========================================================================

[17:03:24 +0s | thequantuminsider_2019_11_23_super_fast_light_switch_could_turn_on_quantum_computers_star_e90a0e40] === 0 crawl site ===
[17:03:25 +1s | thequantuminsider_2019_11_23_super_fast_light_switch_could_turn_on_quantum_computers_star_e90a0e40] [INIT].... → Crawl4AI 0.8.6 
[17:03:28 +4s | thequantuminsider_2019_11_23_super_fast_light_switch_could_turn_on_quantum_computers_star_e90a0e40] [FETCH]... ↓ https://thequantuminsider.com/2019/11/23/super-f...on-quantum-computers-start-up-self-driving-cars/  | ✓ | ⏱: 2.55s 
[17:03:28 +4s | thequantuminsider_2019_11_23_super_fast_light_switch_could_turn_on_quantum_computers_star_e90a0e40] [SCRAPE].. ◆ https://thequantuminsider.com/2019/11/23/super-f...on-quantum-computers-start-up-self-driving-cars/  | ✓ | ⏱: 0.10s 
[17:03:28 +4s | thequantuminsider_2019_11_23_super_fast_light_switch_could_turn_on_quantum_computers_star_e90a0e40] [COMPLETE] ● https://thequantuminsider.com/2019/11/23/super-f...on-quantum-computers-start-up-self-driving-cars/  | ✓ | ⏱: 2.67s 
[17:03:28 +4s | thequantuminsider_2019_11_23_super_fast_light_switch_could_turn_on_quantum_computers_star_e90a0e40] Saved: crawl_output/f94a12fde9_thequantuminsider.com_2019_11_23_super-fast-light-switch-could-turn-on-quantum-computers-start-up-self-driving-cars.json

[17:03:28 +4s | thequantuminsider_2019_11_23_super_fast_light_switch_could_turn_on_quantum_computers_star_e90a0e40] === 1 actor extraction ===
[17:03:28 +4s | thequantuminsider_2019_11_23_super_fast_light_switch_could_turn_on_quantum_computers_star_e90a0e40] Reading page (1/1): https://thequantuminsider.com/2019/11/23/super-fast-light-switch-could-turn-on-quantum-computers-start-up-self-driving-cars
[17:03:28 +4s | thequantuminsider_2019_11_23_super_fast_light_switch_could_turn_on_quantum_computers_star_e90a0e40] Extracting actors: https://thequantuminsider.com/2019/11/23/super-fast-light-switch-could-turn-on-quantum-computers-start-up-self-driving-cars (1/1), chunk 1/40
[17:03:33 +9s | thequantuminsider_2019_11_23_super_fast_light_switch_could_turn_on_quantum_computers_star_e90a0e40] Extracting actors: https://thequantuminsider.com/2019/11/23/super-fast-light-switch-could-turn-on-quantum-computers-start-up-self-driving-cars (1/1), chunk 2/40
[17:03:37 +13s | thequantuminsider_2019_11_23_super_fast_light_switch_could_turn_on_quantum_computers_star_e90a0e40] Extracting actors: https://thequantuminsider.com/2019/11/23/super-fast-light-switch-could-turn-on-quantum-computers-start-up-self-driving-cars (1/1), chunk 3/40
[17:03:41 +17s | thequantuminsider_2019_11_23_super_fast_light_switch_could_turn_on_quantum_computers_star_e90a0e40] Extracting actors: https://thequantuminsider.com/2019/11/23/super-fast-light-switch-could-turn-on-quantum-computers-start-up-self-driving-cars (1/1), chunk 4/40
[17:03:45 +21s | thequantuminsider_2019_11_23_super_fast_light_switch_could_turn_on_quantum_computers_star_e90a0e40] Extracting actors: https://thequantuminsider.com/2019/11/23/super-fast-light-switch-could-turn-on-quantum-computers-start-up-self-driving-cars (1/1), chunk 5/40
[17:03:49 +25s | thequantuminsider_2019_11_23_super_fast_light_switch_could_turn_on_quantum_computers_star_e90a0e40] Extracting actors: https://thequantuminsider.com/2019/11/23/super-fast-light-switch-could-turn-on-quantum-computers-start-up-self-driving-cars (1/1), chunk 6/40
[17:03:56 +29s | thequantuminsider_2019_11_23_super_fast_light_switch_could_turn_on_quantum_computers_star_e90a0e40] Extracting actors: https://thequantuminsider.com/2019/11/23/super-fast-light-switch-could-turn-on-quantum-computers-start-up-self-driving-cars (1/1), chunk 7/40
[17:04:02 +35s | thequantuminsider_2019_11_23_super_fast_light_switch_could_turn_on_quantum_computers_star_e90a0e40] Extracting actors: https://thequantuminsider.com/2019/11/23/super-fast-light-switch-could-turn-on-quantum-computers-start-up-self-driving-cars (1/1), chunk 8/40
[17:04:06 +39s | thequantuminsider_2019_11_23_super_fast_light_switch_could_turn_on_quantum_computers_star_e90a0e40] Extracting actors: https://thequantuminsider.com/2019/11/23/super-fast-light-switch-could-turn-on-quantum-computers-start-up-self-driving-cars (1/1), chunk 9/40
[17:04:12 +45s | thequantuminsider_2019_11_23_super_fast_light_switch_could_turn_on_quantum_computers_star_e90a0e40] Extracting actors: https://thequantuminsider.com/2019/11/23/super-fast-light-switch-could-turn-on-quantum-computers-start-up-self-driving-cars (1/1), chunk 10/40
[17:04:16 +49s | thequantuminsider_2019_11_23_super_fast_light_switch_could_turn_on_quantum_computers_star_e90a0e40] Extracting actors: https://thequantuminsider.com/2019/11/23/super-fast-light-switch-could-turn-on-quantum-computers-start-up-self-driving-cars (1/1), chunk 11/40
[17:04:21 +54s | thequantuminsider_2019_11_23_super_fast_light_switch_could_turn_on_quantum_computers_star_e90a0e40] Extracting actors: https://thequantuminsider.com/2019/11/23/super-fast-light-switch-could-turn-on-quantum-computers-start-up-self-driving-cars (1/1), chunk 12/40
[17:04:27 +1m 0s | thequantuminsider_2019_11_23_super_fast_light_switch_could_turn_on_quantum_computers_star_e90a0e40] Repaired malformed JSON.
[17:04:27 +1m 0s | thequantuminsider_2019_11_23_super_fast_light_switch_could_turn_on_quantum_computers_star_e90a0e40] Extracting actors: https://thequantuminsider.com/2019/11/23/super-fast-light-switch-could-turn-on-quantum-computers-start-up-self-driving-cars (1/1), chunk 13/40
[17:04:38 +1m 9s | thequantuminsider_2019_11_23_super_fast_light_switch_could_turn_on_quantum_computers_star_e90a0e40] Repaired malformed JSON.
[17:04:38 +1m 9s | thequantuminsider_2019_11_23_super_fast_light_switch_could_turn_on_quantum_computers_star_e90a0e40] Extracting actors: https://thequantuminsider.com/2019/11/23/super-fast-light-switch-could-turn-on-quantum-computers-start-up-self-driving-cars (1/1), chunk 14/40
[17:04:45 +1m 15s | thequantuminsider_2019_11_23_super_fast_light_switch_could_turn_on_quantum_computers_star_e90a0e40] Repaired malformed JSON.
[17:04:45 +1m 15s | thequantuminsider_2019_11_23_super_fast_light_switch_could_turn_on_quantum_computers_star_e90a0e40] Extracting actors: https://thequantuminsider.com/2019/11/23/super-fast-light-switch-could-turn-on-quantum-computers-start-up-self-driving-cars (1/1), chunk 15/40
[17:04:50 +1m 20s | thequantuminsider_2019_11_23_super_fast_light_switch_could_turn_on_quantum_computers_star_e90a0e40] Extracting actors: https://thequantuminsider.com/2019/11/23/super-fast-light-switch-could-turn-on-quantum-computers-start-up-self-driving-cars (1/1), chunk 16/40
[17:04:55 +1m 26s | thequantuminsider_2019_11_23_super_fast_light_switch_could_turn_on_quantum_computers_star_e90a0e40] Extracting actors: https://thequantuminsider.com/2019/11/23/super-fast-light-switch-could-turn-on-quantum-computers-start-up-self-driving-cars (1/1), chunk 17/40
[17:05:02 +1m 32s | thequantuminsider_2019_11_23_super_fast_light_switch_could_turn_on_quantum_computers_star_e90a0e40] Extracting actors: https://thequantuminsider.com/2019/11/23/super-fast-light-switch-could-turn-on-quantum-computers-start-up-self-driving-cars (1/1), chunk 18/40
[17:05:10 +1m 37s | thequantuminsider_2019_11_23_super_fast_light_switch_could_turn_on_quantum_computers_star_e90a0e40] Extracting actors: https://thequantuminsider.com/2019/11/23/super-fast-light-switch-could-turn-on-quantum-computers-start-up-self-driving-cars (1/1), chunk 19/40
[17:05:18 +1m 45s | thequantuminsider_2019_11_23_super_fast_light_switch_could_turn_on_quantum_computers_star_e90a0e40] Repaired malformed JSON.
[17:05:18 +1m 45s | thequantuminsider_2019_11_23_super_fast_light_switch_could_turn_on_quantum_computers_star_e90a0e40] Extracting actors: https://thequantuminsider.com/2019/11/23/super-fast-light-switch-could-turn-on-quantum-computers-start-up-self-driving-cars (1/1), chunk 20/40
[17:05:26 +1m 53s | thequantuminsider_2019_11_23_super_fast_light_switch_could_turn_on_quantum_computers_star_e90a0e40] Repaired malformed JSON.
[17:05:26 +1m 53s | thequantuminsider_2019_11_23_super_fast_light_switch_could_turn_on_quantum_computers_star_e90a0e40] Extracting actors: https://thequantuminsider.com/2019/11/23/super-fast-light-switch-could-turn-on-quantum-computers-start-up-self-driving-cars (1/1), chunk 21/40
[17:05:33 +2m 0s | thequantuminsider_2019_11_23_super_fast_light_switch_could_turn_on_quantum_computers_star_e90a0e40] Repaired malformed JSON.
[17:05:33 +2m 0s | thequantuminsider_2019_11_23_super_fast_light_switch_could_turn_on_quantum_computers_star_e90a0e40] Extracting actors: https://thequantuminsider.com/2019/11/23/super-fast-light-switch-could-turn-on-quantum-computers-start-up-self-driving-cars (1/1), chunk 22/40
[17:05:45 +2m 9s | thequantuminsider_2019_11_23_super_fast_light_switch_could_turn_on_quantum_computers_star_e90a0e40] Repaired malformed JSON.
[17:05:45 +2m 9s | thequantuminsider_2019_11_23_super_fast_light_switch_could_turn_on_quantum_computers_star_e90a0e40] Extracting actors: https://thequantuminsider.com/2019/11/23/super-fast-light-switch-could-turn-on-quantum-computers-start-up-self-driving-cars (1/1), chunk 23/40
[17:05:52 +2m 16s | thequantuminsider_2019_11_23_super_fast_light_switch_could_turn_on_quantum_computers_star_e90a0e40] Repaired malformed JSON.
[17:05:52 +2m 16s | thequantuminsider_2019_11_23_super_fast_light_switch_could_turn_on_quantum_computers_star_e90a0e40] Extracting actors: https://thequantuminsider.com/2019/11/23/super-fast-light-switch-could-turn-on-quantum-computers-start-up-self-driving-cars (1/1), chunk 24/40
[17:05:59 +2m 23s | thequantuminsider_2019_11_23_super_fast_light_switch_could_turn_on_quantum_computers_star_e90a0e40] Repaired malformed JSON.
[17:05:59 +2m 23s | thequantuminsider_2019_11_23_super_fast_light_switch_could_turn_on_quantum_computers_star_e90a0e40] Extracting actors: https://thequantuminsider.com/2019/11/23/super-fast-light-switch-could-turn-on-quantum-computers-start-up-self-driving-cars (1/1), chunk 25/40
[17:06:05 +2m 29s | thequantuminsider_2019_11_23_super_fast_light_switch_could_turn_on_quantum_computers_star_e90a0e40] Repaired malformed JSON.
[17:06:05 +2m 29s | thequantuminsider_2019_11_23_super_fast_light_switch_could_turn_on_quantum_computers_star_e90a0e40] Extracting actors: https://thequantuminsider.com/2019/11/23/super-fast-light-switch-could-turn-on-quantum-computers-start-up-self-driving-cars (1/1), chunk 26/40
[17:06:11 +2m 35s | thequantuminsider_2019_11_23_super_fast_light_switch_could_turn_on_quantum_computers_star_e90a0e40] Repaired malformed JSON.
[17:06:11 +2m 35s | thequantuminsider_2019_11_23_super_fast_light_switch_could_turn_on_quantum_computers_star_e90a0e40] Extracting actors: https://thequantuminsider.com/2019/11/23/super-fast-light-switch-could-turn-on-quantum-computers-start-up-self-driving-cars (1/1), chunk 27/40
[17:06:22 +2m 43s | thequantuminsider_2019_11_23_super_fast_light_switch_could_turn_on_quantum_computers_star_e90a0e40] Repaired malformed JSON.
[17:06:22 +2m 43s | thequantuminsider_2019_11_23_super_fast_light_switch_could_turn_on_quantum_computers_star_e90a0e40] Extracting actors: https://thequantuminsider.com/2019/11/23/super-fast-light-switch-could-turn-on-quantum-computers-start-up-self-driving-cars (1/1), chunk 28/40
[17:06:26 +2m 47s | thequantuminsider_2019_11_23_super_fast_light_switch_could_turn_on_quantum_computers_star_e90a0e40] Extracting actors: https://thequantuminsider.com/2019/11/23/super-fast-light-switch-could-turn-on-quantum-computers-start-up-self-driving-cars (1/1), chunk 29/40
[17:06:34 +2m 55s | thequantuminsider_2019_11_23_super_fast_light_switch_could_turn_on_quantum_computers_star_e90a0e40] Repaired malformed JSON.
[17:06:34 +2m 55s | thequantuminsider_2019_11_23_super_fast_light_switch_could_turn_on_quantum_computers_star_e90a0e40] Extracting actors: https://thequantuminsider.com/2019/11/23/super-fast-light-switch-could-turn-on-quantum-computers-start-up-self-driving-cars (1/1), chunk 30/40
[17:06:36 +2m 58s | thequantuminsider_2019_11_23_super_fast_light_switch_could_turn_on_quantum_computers_star_e90a0e40] Extracting actors: https://thequantuminsider.com/2019/11/23/super-fast-light-switch-could-turn-on-quantum-computers-start-up-self-driving-cars (1/1), chunk 31/40
[17:06:38 +3m 0s | thequantuminsider_2019_11_23_super_fast_light_switch_could_turn_on_quantum_computers_star_e90a0e40] Extracting actors: https://thequantuminsider.com/2019/11/23/super-fast-light-switch-could-turn-on-quantum-computers-start-up-self-driving-cars (1/1), chunk 32/40
[17:06:40 +3m 2s | thequantuminsider_2019_11_23_super_fast_light_switch_could_turn_on_quantum_computers_star_e90a0e40] Extracting actors: https://thequantuminsider.com/2019/11/23/super-fast-light-switch-could-turn-on-quantum-computers-start-up-self-driving-cars (1/1), chunk 33/40
[17:06:46 +3m 8s | thequantuminsider_2019_11_23_super_fast_light_switch_could_turn_on_quantum_computers_star_e90a0e40] Repaired malformed JSON.
[17:06:46 +3m 8s | thequantuminsider_2019_11_23_super_fast_light_switch_could_turn_on_quantum_computers_star_e90a0e40] Extracting actors: https://thequantuminsider.com/2019/11/23/super-fast-light-switch-could-turn-on-quantum-computers-start-up-self-driving-cars (1/1), chunk 34/40
[17:06:55 +3m 14s | thequantuminsider_2019_11_23_super_fast_light_switch_could_turn_on_quantum_computers_star_e90a0e40] Repaired malformed JSON.
[17:06:55 +3m 14s | thequantuminsider_2019_11_23_super_fast_light_switch_could_turn_on_quantum_computers_star_e90a0e40] Extracting actors: https://thequantuminsider.com/2019/11/23/super-fast-light-switch-could-turn-on-quantum-computers-start-up-self-driving-cars (1/1), chunk 35/40
[17:07:00 +3m 19s | thequantuminsider_2019_11_23_super_fast_light_switch_could_turn_on_quantum_computers_star_e90a0e40] Repaired malformed JSON.
[17:07:00 +3m 19s | thequantuminsider_2019_11_23_super_fast_light_switch_could_turn_on_quantum_computers_star_e90a0e40] Extracting actors: https://thequantuminsider.com/2019/11/23/super-fast-light-switch-could-turn-on-quantum-computers-start-up-self-driving-cars (1/1), chunk 36/40
[17:07:06 +3m 24s | thequantuminsider_2019_11_23_super_fast_light_switch_could_turn_on_quantum_computers_star_e90a0e40] Repaired malformed JSON.
[17:07:06 +3m 24s | thequantuminsider_2019_11_23_super_fast_light_switch_could_turn_on_quantum_computers_star_e90a0e40] Extracting actors: https://thequantuminsider.com/2019/11/23/super-fast-light-switch-could-turn-on-quantum-computers-start-up-self-driving-cars (1/1), chunk 37/40
[17:07:12 +3m 30s | thequantuminsider_2019_11_23_super_fast_light_switch_could_turn_on_quantum_computers_star_e90a0e40] Repaired malformed JSON.
[17:07:12 +3m 30s | thequantuminsider_2019_11_23_super_fast_light_switch_could_turn_on_quantum_computers_star_e90a0e40] Extracting actors: https://thequantuminsider.com/2019/11/23/super-fast-light-switch-could-turn-on-quantum-computers-start-up-self-driving-cars (1/1), chunk 38/40
[17:07:18 +3m 37s | thequantuminsider_2019_11_23_super_fast_light_switch_could_turn_on_quantum_computers_star_e90a0e40] Repaired malformed JSON.
[17:07:18 +3m 37s | thequantuminsider_2019_11_23_super_fast_light_switch_could_turn_on_quantum_computers_star_e90a0e40] Extracting actors: https://thequantuminsider.com/2019/11/23/super-fast-light-switch-could-turn-on-quantum-computers-start-up-self-driving-cars (1/1), chunk 39/40
[17:07:31 +3m 47s | thequantuminsider_2019_11_23_super_fast_light_switch_could_turn_on_quantum_computers_star_e90a0e40] Repaired malformed JSON.
[17:07:31 +3m 47s | thequantuminsider_2019_11_23_super_fast_light_switch_could_turn_on_quantum_computers_star_e90a0e40] Extracting actors: https://thequantuminsider.com/2019/11/23/super-fast-light-switch-could-turn-on-quantum-computers-start-up-self-driving-cars (1/1), chunk 40/40
[17:07:39 +3m 55s | thequantuminsider_2019_11_23_super_fast_light_switch_could_turn_on_quantum_computers_star_e90a0e40] Repaired malformed JSON.
[17:07:39 +3m 55s | thequantuminsider_2019_11_23_super_fast_light_switch_could_turn_on_quantum_computers_star_e90a0e40] Saved 1_actor_results.json with 55 extracted records

[17:07:39 +3m 55s | thequantuminsider_2019_11_23_super_fast_light_switch_could_turn_on_quantum_computers_star_e90a0e40] === 2 clean actors ===
[17:07:39 +3m 55s | thequantuminsider_2019_11_23_super_fast_light_switch_could_turn_on_quantum_computers_star_e90a0e40] Loaded 55 extracted records
[17:07:39 +3m 55s | thequantuminsider_2019_11_23_super_fast_light_switch_could_turn_on_quantum_computers_star_e90a0e40] Saved 2_actor_nodes.json with 20 canonical actor nodes

[17:07:39 +3m 55s | thequantuminsider_2019_11_23_super_fast_light_switch_could_turn_on_quantum_computers_star_e90a0e40] === 3 interaction extraction ===
[17:07:39 +3m 55s | thequantuminsider_2019_11_23_super_fast_light_switch_could_turn_on_quantum_computers_star_e90a0e40] Extracting interactions: https://thequantuminsider.com/2019/11/23/super-fast-light-switch-could-turn-on-quantum-computers-start-up-self-driving-cars (1/1), chunk 12/40
[17:07:45 +4m 0s | thequantuminsider_2019_11_23_super_fast_light_switch_could_turn_on_quantum_computers_star_e90a0e40] Extracting interactions: https://thequantuminsider.com/2019/11/23/super-fast-light-switch-could-turn-on-quantum-computers-start-up-self-driving-cars (1/1), chunk 13/40
[17:07:50 +4m 5s | thequantuminsider_2019_11_23_super_fast_light_switch_could_turn_on_quantum_computers_star_e90a0e40] Extracting interactions: https://thequantuminsider.com/2019/11/23/super-fast-light-switch-could-turn-on-quantum-computers-start-up-self-driving-cars (1/1), chunk 14/40
[17:07:56 +4m 12s | thequantuminsider_2019_11_23_super_fast_light_switch_could_turn_on_quantum_computers_star_e90a0e40] Extracting interactions: https://thequantuminsider.com/2019/11/23/super-fast-light-switch-could-turn-on-quantum-computers-start-up-self-driving-cars (1/1), chunk 15/40
[17:08:04 +4m 16s | thequantuminsider_2019_11_23_super_fast_light_switch_could_turn_on_quantum_computers_star_e90a0e40] Extracting interactions: https://thequantuminsider.com/2019/11/23/super-fast-light-switch-could-turn-on-quantum-computers-start-up-self-driving-cars (1/1), chunk 18/40
[17:08:08 +4m 21s | thequantuminsider_2019_11_23_super_fast_light_switch_could_turn_on_quantum_computers_star_e90a0e40] Extracting interactions: https://thequantuminsider.com/2019/11/23/super-fast-light-switch-could-turn-on-quantum-computers-start-up-self-driving-cars (1/1), chunk 19/40
[17:08:13 +4m 26s | thequantuminsider_2019_11_23_super_fast_light_switch_could_turn_on_quantum_computers_star_e90a0e40] Extracting interactions: https://thequantuminsider.com/2019/11/23/super-fast-light-switch-could-turn-on-quantum-computers-start-up-self-driving-cars (1/1), chunk 20/40
[17:08:20 +4m 32s | thequantuminsider_2019_11_23_super_fast_light_switch_could_turn_on_quantum_computers_star_e90a0e40] Extracting interactions: https://thequantuminsider.com/2019/11/23/super-fast-light-switch-could-turn-on-quantum-computers-start-up-self-driving-cars (1/1), chunk 21/40
[17:08:29 +4m 41s | thequantuminsider_2019_11_23_super_fast_light_switch_could_turn_on_quantum_computers_star_e90a0e40] Extracting interactions: https://thequantuminsider.com/2019/11/23/super-fast-light-switch-could-turn-on-quantum-computers-start-up-self-driving-cars (1/1), chunk 22/40
[17:08:42 +4m 51s | thequantuminsider_2019_11_23_super_fast_light_switch_could_turn_on_quantum_computers_star_e90a0e40] Extracting interactions: https://thequantuminsider.com/2019/11/23/super-fast-light-switch-could-turn-on-quantum-computers-start-up-self-driving-cars (1/1), chunk 23/40
[17:08:47 +4m 57s | thequantuminsider_2019_11_23_super_fast_light_switch_could_turn_on_quantum_computers_star_e90a0e40] Extracting interactions: https://thequantuminsider.com/2019/11/23/super-fast-light-switch-could-turn-on-quantum-computers-start-up-self-driving-cars (1/1), chunk 24/40
[17:08:55 +5m 5s | thequantuminsider_2019_11_23_super_fast_light_switch_could_turn_on_quantum_computers_star_e90a0e40] Extracting interactions: https://thequantuminsider.com/2019/11/23/super-fast-light-switch-could-turn-on-quantum-computers-start-up-self-driving-cars (1/1), chunk 25/40
[17:09:03 +5m 13s | thequantuminsider_2019_11_23_super_fast_light_switch_could_turn_on_quantum_computers_star_e90a0e40] Extracting interactions: https://thequantuminsider.com/2019/11/23/super-fast-light-switch-could-turn-on-quantum-computers-start-up-self-driving-cars (1/1), chunk 26/40
[17:09:09 +5m 19s | thequantuminsider_2019_11_23_super_fast_light_switch_could_turn_on_quantum_computers_star_e90a0e40] Extracting interactions: https://thequantuminsider.com/2019/11/23/super-fast-light-switch-could-turn-on-quantum-computers-start-up-self-driving-cars (1/1), chunk 29/40
[17:09:16 +5m 23s | thequantuminsider_2019_11_23_super_fast_light_switch_could_turn_on_quantum_computers_star_e90a0e40] Extracting interactions: https://thequantuminsider.com/2019/11/23/super-fast-light-switch-could-turn-on-quantum-computers-start-up-self-driving-cars (1/1), chunk 30/40
[17:09:17 +5m 24s | thequantuminsider_2019_11_23_super_fast_light_switch_could_turn_on_quantum_computers_star_e90a0e40] Extracting interactions: https://thequantuminsider.com/2019/11/23/super-fast-light-switch-could-turn-on-quantum-computers-start-up-self-driving-cars (1/1), chunk 31/40
[17:09:19 +5m 25s | thequantuminsider_2019_11_23_super_fast_light_switch_could_turn_on_quantum_computers_star_e90a0e40] Extracting interactions: https://thequantuminsider.com/2019/11/23/super-fast-light-switch-could-turn-on-quantum-computers-start-up-self-driving-cars (1/1), chunk 33/40
[17:09:20 +5m 27s | thequantuminsider_2019_11_23_super_fast_light_switch_could_turn_on_quantum_computers_star_e90a0e40] Extracting interactions: https://thequantuminsider.com/2019/11/23/super-fast-light-switch-could-turn-on-quantum-computers-start-up-self-driving-cars (1/1), chunk 34/40
[17:09:23 +5m 30s | thequantuminsider_2019_11_23_super_fast_light_switch_could_turn_on_quantum_computers_star_e90a0e40] Extracting interactions: https://thequantuminsider.com/2019/11/23/super-fast-light-switch-could-turn-on-quantum-computers-start-up-self-driving-cars (1/1), chunk 35/40
[17:09:26 +5m 33s | thequantuminsider_2019_11_23_super_fast_light_switch_could_turn_on_quantum_computers_star_e90a0e40] Extracting interactions: https://thequantuminsider.com/2019/11/23/super-fast-light-switch-could-turn-on-quantum-computers-start-up-self-driving-cars (1/1), chunk 36/40
[17:09:28 +5m 34s | thequantuminsider_2019_11_23_super_fast_light_switch_could_turn_on_quantum_computers_star_e90a0e40] Extracting interactions: https://thequantuminsider.com/2019/11/23/super-fast-light-switch-could-turn-on-quantum-computers-start-up-self-driving-cars (1/1), chunk 38/40
[17:09:29 +5m 36s | thequantuminsider_2019_11_23_super_fast_light_switch_could_turn_on_quantum_computers_star_e90a0e40] Extracting interactions: https://thequantuminsider.com/2019/11/23/super-fast-light-switch-could-turn-on-quantum-computers-start-up-self-driving-cars (1/1), chunk 39/40
[17:09:31 +5m 38s | thequantuminsider_2019_11_23_super_fast_light_switch_could_turn_on_quantum_computers_star_e90a0e40] Extracting interactions: https://thequantuminsider.com/2019/11/23/super-fast-light-switch-could-turn-on-quantum-computers-start-up-self-driving-cars (1/1), chunk 40/40
[17:09:34 +5m 41s | thequantuminsider_2019_11_23_super_fast_light_switch_could_turn_on_quantum_computers_star_e90a0e40] Saved 3_interaction_results.json with 16 extracted interactions.

[17:09:34 +5m 41s | thequantuminsider_2019_11_23_super_fast_light_switch_could_turn_on_quantum_computers_star_e90a0e40] === 4 clean interactions ===
[17:09:34 +5m 41s | thequantuminsider_2019_11_23_super_fast_light_switch_could_turn_on_quantum_computers_star_e90a0e40] Saved 4_edges.json with 2 cleaned interactions.

[17:09:34 +5m 41s | thequantuminsider_2019_11_23_super_fast_light_switch_could_turn_on_quantum_computers_star_e90a0e40] === 5 helix enrichment ===
[17:09:34 +5m 41s | thequantuminsider_2019_11_23_super_fast_light_switch_could_turn_on_quantum_computers_star_e90a0e40] Wrote 5_nodes.json (20 actors)
[17:09:34 +5m 41s | thequantuminsider_2019_11_23_super_fast_light_switch_could_turn_on_quantum_computers_star_e90a0e40] Wrote 5_edges.json (2 interactions)
[17:09:34 +5m 41s | thequantuminsider_2019_11_23_super_fast_light_switch_could_turn_on_quantum_computers_star_e90a0e40] Actor helix counts: {'Academia': 3, 'Civil Society': 5, 'Government': 3, 'Industry': 2, 'Intermediary': 1, 'Unknown': 6}
[17:09:34 +5m 41s | thequantuminsider_2019_11_23_super_fast_light_switch_could_turn_on_quantum_computers_star_e90a0e40] Functional-space counts: {'Intra-helix / Not classified': 2}

[17:09:34 +5m 41s | thequantuminsider_2019_11_23_super_fast_light_switch_could_turn_on_quantum_computers_star_e90a0e40] === 6 network visualisation ===
[17:09:35 +5m 41s | thequantuminsider_2019_11_23_super_fast_light_switch_could_turn_on_quantum_computers_star_e90a0e40] Wrote quantum_network.html
[17:09:35 +5m 41s | thequantuminsider_2019_11_23_super_fast_light_switch_could_turn_on_quantum_computers_star_e90a0e40] Nodes: 20
[17:09:35 +5m 41s | thequantuminsider_2019_11_23_super_fast_light_switch_could_turn_on_quantum_computers_star_e90a0e40] Edges: 1

[17:09:35 +5m 42s | thequantuminsider_2019_11_23_super_fast_light_switch_could_turn_on_quantum_computers_star_e90a0e40] Done. Outputs written to: /home/lv/IDP/idpdeeptech/pipeline/news_outputs/thequantuminsider_2019_11_23_super_fast_light_switch_could_turn_on_quantum_computers_star_e90a0e40
[17:09:35 +5m 42s | thequantuminsider_2019_11_23_super_fast_light_switch_could_turn_on_quantum_computers_star_e90a0e40] Log: /home/lv/IDP/idpdeeptech/pipeline/news_outputs/thequantuminsider_2019_11_23_super_fast_light_switch_could_turn_on_quantum_computers_star_e90a0e40/run.log

========================================================================
RUN FINISHED 2026-07-01 17:09:35  (OK)
Started:     2026-07-01 17:03:24
Elapsed:     5m 42s
========================================================================
