
========================================================================
RUN STARTED  2026-07-01 22:40:16
site_pipeline.py https://thequantuminsider.com/2020/03/19/kremlin-qc-initiative-means-business/
========================================================================

[22:40:16 +0s | thequantuminsider_2020_03_19_kremlin_qc_initiative_means_business] === 0 crawl site ===
[22:40:17 +1s | thequantuminsider_2020_03_19_kremlin_qc_initiative_means_business] [INIT].... → Crawl4AI 0.8.6 
[22:40:20 +4s | thequantuminsider_2020_03_19_kremlin_qc_initiative_means_business] [FETCH]... ↓ https://thequantuminsider.com/2020/03/19/kremlin-qc-initiative-means-business/                       | ✓ | ⏱: 2.82s 
[22:40:20 +4s | thequantuminsider_2020_03_19_kremlin_qc_initiative_means_business] [SCRAPE].. ◆ https://thequantuminsider.com/2020/03/19/kremlin-qc-initiative-means-business/                       | ✓ | ⏱: 0.10s 
[22:40:20 +4s | thequantuminsider_2020_03_19_kremlin_qc_initiative_means_business] [COMPLETE] ● https://thequantuminsider.com/2020/03/19/kremlin-qc-initiative-means-business/                       | ✓ | ⏱: 2.94s 
[22:40:20 +4s | thequantuminsider_2020_03_19_kremlin_qc_initiative_means_business] Saved: crawl_output/3dd1c4d3e5_thequantuminsider.com_2020_03_19_kremlin-qc-initiative-means-business.json

[22:40:21 +4s | thequantuminsider_2020_03_19_kremlin_qc_initiative_means_business] === 1 actor extraction ===
[22:40:21 +4s | thequantuminsider_2020_03_19_kremlin_qc_initiative_means_business] Reading page (1/1): https://thequantuminsider.com/2020/03/19/kremlin-qc-initiative-means-business
[22:40:21 +4s | thequantuminsider_2020_03_19_kremlin_qc_initiative_means_business] Extracting actors: https://thequantuminsider.com/2020/03/19/kremlin-qc-initiative-means-business (1/1), chunk 1/38
[22:40:26 +10s | thequantuminsider_2020_03_19_kremlin_qc_initiative_means_business] Extracting actors: https://thequantuminsider.com/2020/03/19/kremlin-qc-initiative-means-business (1/1), chunk 2/38
[22:40:33 +14s | thequantuminsider_2020_03_19_kremlin_qc_initiative_means_business] Extracting actors: https://thequantuminsider.com/2020/03/19/kremlin-qc-initiative-means-business (1/1), chunk 3/38
[22:40:37 +18s | thequantuminsider_2020_03_19_kremlin_qc_initiative_means_business] Extracting actors: https://thequantuminsider.com/2020/03/19/kremlin-qc-initiative-means-business (1/1), chunk 4/38
[22:40:41 +22s | thequantuminsider_2020_03_19_kremlin_qc_initiative_means_business] Extracting actors: https://thequantuminsider.com/2020/03/19/kremlin-qc-initiative-means-business (1/1), chunk 5/38
[22:40:46 +26s | thequantuminsider_2020_03_19_kremlin_qc_initiative_means_business] Extracting actors: https://thequantuminsider.com/2020/03/19/kremlin-qc-initiative-means-business (1/1), chunk 6/38
[22:40:51 +32s | thequantuminsider_2020_03_19_kremlin_qc_initiative_means_business] Extracting actors: https://thequantuminsider.com/2020/03/19/kremlin-qc-initiative-means-business (1/1), chunk 7/38
[22:40:52 +33s | thequantuminsider_2020_03_19_kremlin_qc_initiative_means_business] Extracting actors: https://thequantuminsider.com/2020/03/19/kremlin-qc-initiative-means-business (1/1), chunk 8/38
[22:40:56 +37s | thequantuminsider_2020_03_19_kremlin_qc_initiative_means_business] Extracting actors: https://thequantuminsider.com/2020/03/19/kremlin-qc-initiative-means-business (1/1), chunk 9/38
[22:41:01 +41s | thequantuminsider_2020_03_19_kremlin_qc_initiative_means_business] Extracting actors: https://thequantuminsider.com/2020/03/19/kremlin-qc-initiative-means-business (1/1), chunk 10/38
[22:41:09 +47s | thequantuminsider_2020_03_19_kremlin_qc_initiative_means_business] Extracting actors: https://thequantuminsider.com/2020/03/19/kremlin-qc-initiative-means-business (1/1), chunk 11/38
[22:41:13 +51s | thequantuminsider_2020_03_19_kremlin_qc_initiative_means_business] Extracting actors: https://thequantuminsider.com/2020/03/19/kremlin-qc-initiative-means-business (1/1), chunk 12/38
[22:41:18 +56s | thequantuminsider_2020_03_19_kremlin_qc_initiative_means_business] Repaired malformed JSON.
[22:41:18 +56s | thequantuminsider_2020_03_19_kremlin_qc_initiative_means_business] Extracting actors: https://thequantuminsider.com/2020/03/19/kremlin-qc-initiative-means-business (1/1), chunk 13/38
[22:41:24 +1m 2s | thequantuminsider_2020_03_19_kremlin_qc_initiative_means_business] Repaired malformed JSON.
[22:41:24 +1m 2s | thequantuminsider_2020_03_19_kremlin_qc_initiative_means_business] Extracting actors: https://thequantuminsider.com/2020/03/19/kremlin-qc-initiative-means-business (1/1), chunk 14/38
[22:41:30 +1m 8s | thequantuminsider_2020_03_19_kremlin_qc_initiative_means_business] Repaired malformed JSON.
[22:41:30 +1m 8s | thequantuminsider_2020_03_19_kremlin_qc_initiative_means_business] Extracting actors: https://thequantuminsider.com/2020/03/19/kremlin-qc-initiative-means-business (1/1), chunk 15/38
[22:41:37 +1m 14s | thequantuminsider_2020_03_19_kremlin_qc_initiative_means_business] Repaired malformed JSON.
[22:41:37 +1m 14s | thequantuminsider_2020_03_19_kremlin_qc_initiative_means_business] Extracting actors: https://thequantuminsider.com/2020/03/19/kremlin-qc-initiative-means-business (1/1), chunk 16/38
[22:41:45 +1m 20s | thequantuminsider_2020_03_19_kremlin_qc_initiative_means_business] Repaired malformed JSON.
[22:41:45 +1m 20s | thequantuminsider_2020_03_19_kremlin_qc_initiative_means_business] Extracting actors: https://thequantuminsider.com/2020/03/19/kremlin-qc-initiative-means-business (1/1), chunk 17/38
[22:41:51 +1m 26s | thequantuminsider_2020_03_19_kremlin_qc_initiative_means_business] Repaired malformed JSON.
[22:41:51 +1m 26s | thequantuminsider_2020_03_19_kremlin_qc_initiative_means_business] Extracting actors: https://thequantuminsider.com/2020/03/19/kremlin-qc-initiative-means-business (1/1), chunk 18/38
[22:41:58 +1m 33s | thequantuminsider_2020_03_19_kremlin_qc_initiative_means_business] Repaired malformed JSON.
[22:41:58 +1m 33s | thequantuminsider_2020_03_19_kremlin_qc_initiative_means_business] Extracting actors: https://thequantuminsider.com/2020/03/19/kremlin-qc-initiative-means-business (1/1), chunk 19/38
[22:42:05 +1m 40s | thequantuminsider_2020_03_19_kremlin_qc_initiative_means_business] Repaired malformed JSON.
[22:42:05 +1m 40s | thequantuminsider_2020_03_19_kremlin_qc_initiative_means_business] Extracting actors: https://thequantuminsider.com/2020/03/19/kremlin-qc-initiative-means-business (1/1), chunk 20/38
[22:42:18 +1m 50s | thequantuminsider_2020_03_19_kremlin_qc_initiative_means_business] Repaired malformed JSON.
[22:42:18 +1m 50s | thequantuminsider_2020_03_19_kremlin_qc_initiative_means_business] Extracting actors: https://thequantuminsider.com/2020/03/19/kremlin-qc-initiative-means-business (1/1), chunk 21/38
[22:42:25 +1m 57s | thequantuminsider_2020_03_19_kremlin_qc_initiative_means_business] Repaired malformed JSON.
[22:42:25 +1m 57s | thequantuminsider_2020_03_19_kremlin_qc_initiative_means_business] Extracting actors: https://thequantuminsider.com/2020/03/19/kremlin-qc-initiative-means-business (1/1), chunk 22/38
[22:42:31 +2m 3s | thequantuminsider_2020_03_19_kremlin_qc_initiative_means_business] Repaired malformed JSON.
[22:42:31 +2m 3s | thequantuminsider_2020_03_19_kremlin_qc_initiative_means_business] Extracting actors: https://thequantuminsider.com/2020/03/19/kremlin-qc-initiative-means-business (1/1), chunk 23/38
[22:42:36 +2m 8s | thequantuminsider_2020_03_19_kremlin_qc_initiative_means_business] Repaired malformed JSON.
[22:42:36 +2m 8s | thequantuminsider_2020_03_19_kremlin_qc_initiative_means_business] Extracting actors: https://thequantuminsider.com/2020/03/19/kremlin-qc-initiative-means-business (1/1), chunk 24/38
[22:42:43 +2m 15s | thequantuminsider_2020_03_19_kremlin_qc_initiative_means_business] Repaired malformed JSON.
[22:42:43 +2m 15s | thequantuminsider_2020_03_19_kremlin_qc_initiative_means_business] Extracting actors: https://thequantuminsider.com/2020/03/19/kremlin-qc-initiative-means-business (1/1), chunk 25/38
[22:42:48 +2m 20s | thequantuminsider_2020_03_19_kremlin_qc_initiative_means_business] Repaired malformed JSON.
[22:42:48 +2m 20s | thequantuminsider_2020_03_19_kremlin_qc_initiative_means_business] Extracting actors: https://thequantuminsider.com/2020/03/19/kremlin-qc-initiative-means-business (1/1), chunk 26/38
[22:42:56 +2m 25s | thequantuminsider_2020_03_19_kremlin_qc_initiative_means_business] Extracting actors: https://thequantuminsider.com/2020/03/19/kremlin-qc-initiative-means-business (1/1), chunk 27/38
[22:43:03 +2m 32s | thequantuminsider_2020_03_19_kremlin_qc_initiative_means_business] Repaired malformed JSON.
[22:43:03 +2m 32s | thequantuminsider_2020_03_19_kremlin_qc_initiative_means_business] Extracting actors: https://thequantuminsider.com/2020/03/19/kremlin-qc-initiative-means-business (1/1), chunk 28/38
[22:43:05 +2m 34s | thequantuminsider_2020_03_19_kremlin_qc_initiative_means_business] Extracting actors: https://thequantuminsider.com/2020/03/19/kremlin-qc-initiative-means-business (1/1), chunk 29/38
[22:43:08 +2m 37s | thequantuminsider_2020_03_19_kremlin_qc_initiative_means_business] Extracting actors: https://thequantuminsider.com/2020/03/19/kremlin-qc-initiative-means-business (1/1), chunk 30/38
[22:43:15 +2m 44s | thequantuminsider_2020_03_19_kremlin_qc_initiative_means_business] Repaired malformed JSON.
[22:43:15 +2m 44s | thequantuminsider_2020_03_19_kremlin_qc_initiative_means_business] Extracting actors: https://thequantuminsider.com/2020/03/19/kremlin-qc-initiative-means-business (1/1), chunk 31/38
[22:43:24 +2m 53s | thequantuminsider_2020_03_19_kremlin_qc_initiative_means_business] Repaired malformed JSON.
[22:43:24 +2m 53s | thequantuminsider_2020_03_19_kremlin_qc_initiative_means_business] Extracting actors: https://thequantuminsider.com/2020/03/19/kremlin-qc-initiative-means-business (1/1), chunk 32/38
[22:43:33 +2m 59s | thequantuminsider_2020_03_19_kremlin_qc_initiative_means_business] Repaired malformed JSON.
[22:43:33 +2m 59s | thequantuminsider_2020_03_19_kremlin_qc_initiative_means_business] Extracting actors: https://thequantuminsider.com/2020/03/19/kremlin-qc-initiative-means-business (1/1), chunk 33/38
[22:43:38 +3m 5s | thequantuminsider_2020_03_19_kremlin_qc_initiative_means_business] Repaired malformed JSON.
[22:43:38 +3m 5s | thequantuminsider_2020_03_19_kremlin_qc_initiative_means_business] Extracting actors: https://thequantuminsider.com/2020/03/19/kremlin-qc-initiative-means-business (1/1), chunk 34/38
[22:43:45 +3m 11s | thequantuminsider_2020_03_19_kremlin_qc_initiative_means_business] Repaired malformed JSON.
[22:43:45 +3m 11s | thequantuminsider_2020_03_19_kremlin_qc_initiative_means_business] Extracting actors: https://thequantuminsider.com/2020/03/19/kremlin-qc-initiative-means-business (1/1), chunk 35/38
[22:43:48 +3m 14s | thequantuminsider_2020_03_19_kremlin_qc_initiative_means_business] Extracting actors: https://thequantuminsider.com/2020/03/19/kremlin-qc-initiative-means-business (1/1), chunk 36/38
[22:43:57 +3m 23s | thequantuminsider_2020_03_19_kremlin_qc_initiative_means_business] Repaired malformed JSON.
[22:43:57 +3m 23s | thequantuminsider_2020_03_19_kremlin_qc_initiative_means_business] Extracting actors: https://thequantuminsider.com/2020/03/19/kremlin-qc-initiative-means-business (1/1), chunk 37/38
[22:44:06 +3m 29s | thequantuminsider_2020_03_19_kremlin_qc_initiative_means_business] Repaired malformed JSON.
[22:44:06 +3m 29s | thequantuminsider_2020_03_19_kremlin_qc_initiative_means_business] Extracting actors: https://thequantuminsider.com/2020/03/19/kremlin-qc-initiative-means-business (1/1), chunk 38/38
[22:44:12 +3m 35s | thequantuminsider_2020_03_19_kremlin_qc_initiative_means_business] Saved 1_actor_results.json with 56 extracted records

[22:44:12 +3m 35s | thequantuminsider_2020_03_19_kremlin_qc_initiative_means_business] === 2 clean actors ===
[22:44:12 +3m 35s | thequantuminsider_2020_03_19_kremlin_qc_initiative_means_business] Loaded 56 extracted records
[22:44:12 +3m 35s | thequantuminsider_2020_03_19_kremlin_qc_initiative_means_business] Saved 2_actor_nodes.json with 25 canonical actor nodes

[22:44:12 +3m 35s | thequantuminsider_2020_03_19_kremlin_qc_initiative_means_business] === 3 interaction extraction ===
[22:44:12 +3m 36s | thequantuminsider_2020_03_19_kremlin_qc_initiative_means_business] Extracting interactions: https://thequantuminsider.com/2020/03/19/kremlin-qc-initiative-means-business (1/1), chunk 11/38
[22:44:16 +3m 39s | thequantuminsider_2020_03_19_kremlin_qc_initiative_means_business] Extracting interactions: https://thequantuminsider.com/2020/03/19/kremlin-qc-initiative-means-business (1/1), chunk 12/38
[22:44:17 +3m 41s | thequantuminsider_2020_03_19_kremlin_qc_initiative_means_business] Extracting interactions: https://thequantuminsider.com/2020/03/19/kremlin-qc-initiative-means-business (1/1), chunk 13/38
[22:44:27 +3m 50s | thequantuminsider_2020_03_19_kremlin_qc_initiative_means_business] Extracting interactions: https://thequantuminsider.com/2020/03/19/kremlin-qc-initiative-means-business (1/1), chunk 14/38
[22:44:49 +4m 9s | thequantuminsider_2020_03_19_kremlin_qc_initiative_means_business] Extracting interactions: https://thequantuminsider.com/2020/03/19/kremlin-qc-initiative-means-business (1/1), chunk 15/38
[22:44:54 +4m 14s | thequantuminsider_2020_03_19_kremlin_qc_initiative_means_business] Extracting interactions: https://thequantuminsider.com/2020/03/19/kremlin-qc-initiative-means-business (1/1), chunk 16/38
[22:44:57 +4m 17s | thequantuminsider_2020_03_19_kremlin_qc_initiative_means_business] Extracting interactions: https://thequantuminsider.com/2020/03/19/kremlin-qc-initiative-means-business (1/1), chunk 17/38
[22:45:03 +4m 24s | thequantuminsider_2020_03_19_kremlin_qc_initiative_means_business] Extracting interactions: https://thequantuminsider.com/2020/03/19/kremlin-qc-initiative-means-business (1/1), chunk 18/38
[22:45:08 +4m 28s | thequantuminsider_2020_03_19_kremlin_qc_initiative_means_business] Extracting interactions: https://thequantuminsider.com/2020/03/19/kremlin-qc-initiative-means-business (1/1), chunk 19/38
[22:45:18 +4m 35s | thequantuminsider_2020_03_19_kremlin_qc_initiative_means_business] Extracting interactions: https://thequantuminsider.com/2020/03/19/kremlin-qc-initiative-means-business (1/1), chunk 20/38
[22:45:23 +4m 40s | thequantuminsider_2020_03_19_kremlin_qc_initiative_means_business] Extracting interactions: https://thequantuminsider.com/2020/03/19/kremlin-qc-initiative-means-business (1/1), chunk 21/38
[22:45:37 +4m 54s | thequantuminsider_2020_03_19_kremlin_qc_initiative_means_business] Extracting interactions: https://thequantuminsider.com/2020/03/19/kremlin-qc-initiative-means-business (1/1), chunk 22/38
[22:45:43 +5m 0s | thequantuminsider_2020_03_19_kremlin_qc_initiative_means_business] Extracting interactions: https://thequantuminsider.com/2020/03/19/kremlin-qc-initiative-means-business (1/1), chunk 23/38
[22:45:49 +5m 4s | thequantuminsider_2020_03_19_kremlin_qc_initiative_means_business] Extracting interactions: https://thequantuminsider.com/2020/03/19/kremlin-qc-initiative-means-business (1/1), chunk 24/38
[22:45:57 +5m 12s | thequantuminsider_2020_03_19_kremlin_qc_initiative_means_business] Extracting interactions: https://thequantuminsider.com/2020/03/19/kremlin-qc-initiative-means-business (1/1), chunk 25/38
[22:46:01 +5m 15s | thequantuminsider_2020_03_19_kremlin_qc_initiative_means_business] Extracting interactions: https://thequantuminsider.com/2020/03/19/kremlin-qc-initiative-means-business (1/1), chunk 27/38
[22:46:05 +5m 19s | thequantuminsider_2020_03_19_kremlin_qc_initiative_means_business] Extracting interactions: https://thequantuminsider.com/2020/03/19/kremlin-qc-initiative-means-business (1/1), chunk 28/38
[22:46:07 +5m 21s | thequantuminsider_2020_03_19_kremlin_qc_initiative_means_business] Extracting interactions: https://thequantuminsider.com/2020/03/19/kremlin-qc-initiative-means-business (1/1), chunk 29/38
[22:46:08 +5m 22s | thequantuminsider_2020_03_19_kremlin_qc_initiative_means_business] Extracting interactions: https://thequantuminsider.com/2020/03/19/kremlin-qc-initiative-means-business (1/1), chunk 31/38
[22:46:11 +5m 25s | thequantuminsider_2020_03_19_kremlin_qc_initiative_means_business] Extracting interactions: https://thequantuminsider.com/2020/03/19/kremlin-qc-initiative-means-business (1/1), chunk 32/38
[22:46:12 +5m 27s | thequantuminsider_2020_03_19_kremlin_qc_initiative_means_business] Extracting interactions: https://thequantuminsider.com/2020/03/19/kremlin-qc-initiative-means-business (1/1), chunk 33/38
[22:46:14 +5m 28s | thequantuminsider_2020_03_19_kremlin_qc_initiative_means_business] Extracting interactions: https://thequantuminsider.com/2020/03/19/kremlin-qc-initiative-means-business (1/1), chunk 34/38
[22:46:15 +5m 30s | thequantuminsider_2020_03_19_kremlin_qc_initiative_means_business] Extracting interactions: https://thequantuminsider.com/2020/03/19/kremlin-qc-initiative-means-business (1/1), chunk 35/38
[22:46:17 +5m 31s | thequantuminsider_2020_03_19_kremlin_qc_initiative_means_business] Extracting interactions: https://thequantuminsider.com/2020/03/19/kremlin-qc-initiative-means-business (1/1), chunk 36/38
[22:46:19 +5m 33s | thequantuminsider_2020_03_19_kremlin_qc_initiative_means_business] Extracting interactions: https://thequantuminsider.com/2020/03/19/kremlin-qc-initiative-means-business (1/1), chunk 37/38
[22:46:23 +5m 35s | thequantuminsider_2020_03_19_kremlin_qc_initiative_means_business] Extracting interactions: https://thequantuminsider.com/2020/03/19/kremlin-qc-initiative-means-business (1/1), chunk 38/38
[22:46:25 +5m 37s | thequantuminsider_2020_03_19_kremlin_qc_initiative_means_business] Saved 3_interaction_results.json with 26 extracted interactions.

[22:46:25 +5m 37s | thequantuminsider_2020_03_19_kremlin_qc_initiative_means_business] === 4 clean interactions ===
[22:46:25 +5m 37s | thequantuminsider_2020_03_19_kremlin_qc_initiative_means_business] Saved 4_edges.json with 1 cleaned interactions.

[22:46:25 +5m 37s | thequantuminsider_2020_03_19_kremlin_qc_initiative_means_business] === 5 helix enrichment ===
[22:46:26 +5m 37s | thequantuminsider_2020_03_19_kremlin_qc_initiative_means_business] Wrote 5_nodes.json (25 actors)
[22:46:26 +5m 37s | thequantuminsider_2020_03_19_kremlin_qc_initiative_means_business] Wrote 5_edges.json (1 interactions)
[22:46:26 +5m 37s | thequantuminsider_2020_03_19_kremlin_qc_initiative_means_business] Actor helix counts: {'Civil Society': 2, 'Government': 4, 'Industry': 6, 'Intermediary': 2, 'Unknown': 11}
[22:46:26 +5m 37s | thequantuminsider_2020_03_19_kremlin_qc_initiative_means_business] Functional-space counts: {'Innovation': 1}

[22:46:26 +5m 37s | thequantuminsider_2020_03_19_kremlin_qc_initiative_means_business] === 6 network visualisation ===
[22:46:26 +5m 37s | thequantuminsider_2020_03_19_kremlin_qc_initiative_means_business] Wrote quantum_network.html
[22:46:26 +5m 37s | thequantuminsider_2020_03_19_kremlin_qc_initiative_means_business] Nodes: 25
[22:46:26 +5m 37s | thequantuminsider_2020_03_19_kremlin_qc_initiative_means_business] Edges: 1

[22:46:26 +5m 37s | thequantuminsider_2020_03_19_kremlin_qc_initiative_means_business] Done. Outputs written to: /home/lv/IDP/idpdeeptech/pipeline/news_outputs/thequantuminsider_2020_03_19_kremlin_qc_initiative_means_business
[22:46:26 +5m 37s | thequantuminsider_2020_03_19_kremlin_qc_initiative_means_business] Log: /home/lv/IDP/idpdeeptech/pipeline/news_outputs/thequantuminsider_2020_03_19_kremlin_qc_initiative_means_business/run.log

========================================================================
RUN FINISHED 2026-07-01 22:46:26  (OK)
Started:     2026-07-01 22:40:16
Elapsed:     5m 37s
========================================================================
