
========================================================================
RUN STARTED  2026-07-02 06:21:08
site_pipeline.py https://thequantuminsider.com/2024/03/28/hot-qubits-cool-logic-diraq-makes-quantum-leap-with-breakthrough-discovery-operating-quantum-computing-processors-at-20x-warmer-temperatures/
========================================================================

[06:21:08 +0s | thequantuminsider_2024_03_28_hot_qubits_cool_logic_diraq_makes_quantum_leap_with_breakthr_4058ab61] === 0 crawl site ===
[06:21:09 +1s | thequantuminsider_2024_03_28_hot_qubits_cool_logic_diraq_makes_quantum_leap_with_breakthr_4058ab61] [INIT].... → Crawl4AI 0.8.6 
[06:21:12 +5s | thequantuminsider_2024_03_28_hot_qubits_cool_logic_diraq_makes_quantum_leap_with_breakthr_4058ab61] [FETCH]... ↓ https://thequantuminsider.com/2024/03/28/hot-qub...computing-processors-at-20x-warmer-temperatures/  | ✓ | ⏱: 3.53s 
[06:21:13 +5s | thequantuminsider_2024_03_28_hot_qubits_cool_logic_diraq_makes_quantum_leap_with_breakthr_4058ab61] [SCRAPE].. ◆ https://thequantuminsider.com/2024/03/28/hot-qub...computing-processors-at-20x-warmer-temperatures/  | ✓ | ⏱: 0.11s 
[06:21:13 +5s | thequantuminsider_2024_03_28_hot_qubits_cool_logic_diraq_makes_quantum_leap_with_breakthr_4058ab61] [COMPLETE] ● https://thequantuminsider.com/2024/03/28/hot-qub...computing-processors-at-20x-warmer-temperatures/  | ✓ | ⏱: 3.65s 
[06:21:13 +5s | thequantuminsider_2024_03_28_hot_qubits_cool_logic_diraq_makes_quantum_leap_with_breakthr_4058ab61] Saved: crawl_output/4cb03c029b_thequantuminsider.com_2024_03_28_hot-qubits-cool-logic-diraq-makes-quantum-leap-with-breakthrough-discovery-operating-quantum-computing-processors-at-20x-warmer-temperatures.json

[06:21:13 +5s | thequantuminsider_2024_03_28_hot_qubits_cool_logic_diraq_makes_quantum_leap_with_breakthr_4058ab61] === 1 actor extraction ===
[06:21:13 +5s | thequantuminsider_2024_03_28_hot_qubits_cool_logic_diraq_makes_quantum_leap_with_breakthr_4058ab61] Reading page (1/1): https://thequantuminsider.com/2024/03/28/hot-qubits-cool-logic-diraq-makes-quantum-leap-with-breakthrough-discovery-operating-quantum-computing-processors-at-20x-warmer-temperatures
[06:21:13 +5s | thequantuminsider_2024_03_28_hot_qubits_cool_logic_diraq_makes_quantum_leap_with_breakthr_4058ab61] Extracting actors: https://thequantuminsider.com/2024/03/28/hot-qubits-cool-logic-diraq-makes-quantum-leap-with-breakthrough-discovery-operating-quantum-computing-processors-at-20x-warmer-temperatures (1/1), chunk 1/38
[06:21:18 +10s | thequantuminsider_2024_03_28_hot_qubits_cool_logic_diraq_makes_quantum_leap_with_breakthr_4058ab61] Extracting actors: https://thequantuminsider.com/2024/03/28/hot-qubits-cool-logic-diraq-makes-quantum-leap-with-breakthrough-discovery-operating-quantum-computing-processors-at-20x-warmer-temperatures (1/1), chunk 2/38
[06:21:22 +15s | thequantuminsider_2024_03_28_hot_qubits_cool_logic_diraq_makes_quantum_leap_with_breakthr_4058ab61] Extracting actors: https://thequantuminsider.com/2024/03/28/hot-qubits-cool-logic-diraq-makes-quantum-leap-with-breakthrough-discovery-operating-quantum-computing-processors-at-20x-warmer-temperatures (1/1), chunk 3/38
[06:21:28 +20s | thequantuminsider_2024_03_28_hot_qubits_cool_logic_diraq_makes_quantum_leap_with_breakthr_4058ab61] Extracting actors: https://thequantuminsider.com/2024/03/28/hot-qubits-cool-logic-diraq-makes-quantum-leap-with-breakthrough-discovery-operating-quantum-computing-processors-at-20x-warmer-temperatures (1/1), chunk 4/38
[06:21:34 +26s | thequantuminsider_2024_03_28_hot_qubits_cool_logic_diraq_makes_quantum_leap_with_breakthr_4058ab61] Repaired malformed JSON.
[06:21:34 +26s | thequantuminsider_2024_03_28_hot_qubits_cool_logic_diraq_makes_quantum_leap_with_breakthr_4058ab61] Extracting actors: https://thequantuminsider.com/2024/03/28/hot-qubits-cool-logic-diraq-makes-quantum-leap-with-breakthrough-discovery-operating-quantum-computing-processors-at-20x-warmer-temperatures (1/1), chunk 5/38
[06:21:42 +35s | thequantuminsider_2024_03_28_hot_qubits_cool_logic_diraq_makes_quantum_leap_with_breakthr_4058ab61] Extracting actors: https://thequantuminsider.com/2024/03/28/hot-qubits-cool-logic-diraq-makes-quantum-leap-with-breakthrough-discovery-operating-quantum-computing-processors-at-20x-warmer-temperatures (1/1), chunk 6/38
[06:21:50 +43s | thequantuminsider_2024_03_28_hot_qubits_cool_logic_diraq_makes_quantum_leap_with_breakthr_4058ab61] Repaired malformed JSON.
[06:21:50 +43s | thequantuminsider_2024_03_28_hot_qubits_cool_logic_diraq_makes_quantum_leap_with_breakthr_4058ab61] Extracting actors: https://thequantuminsider.com/2024/03/28/hot-qubits-cool-logic-diraq-makes-quantum-leap-with-breakthrough-discovery-operating-quantum-computing-processors-at-20x-warmer-temperatures (1/1), chunk 7/38
[06:21:56 +49s | thequantuminsider_2024_03_28_hot_qubits_cool_logic_diraq_makes_quantum_leap_with_breakthr_4058ab61] Extracting actors: https://thequantuminsider.com/2024/03/28/hot-qubits-cool-logic-diraq-makes-quantum-leap-with-breakthrough-discovery-operating-quantum-computing-processors-at-20x-warmer-temperatures (1/1), chunk 8/38
[06:22:01 +54s | thequantuminsider_2024_03_28_hot_qubits_cool_logic_diraq_makes_quantum_leap_with_breakthr_4058ab61] Extracting actors: https://thequantuminsider.com/2024/03/28/hot-qubits-cool-logic-diraq-makes-quantum-leap-with-breakthrough-discovery-operating-quantum-computing-processors-at-20x-warmer-temperatures (1/1), chunk 9/38
[06:22:08 +1m 0s | thequantuminsider_2024_03_28_hot_qubits_cool_logic_diraq_makes_quantum_leap_with_breakthr_4058ab61] Repaired malformed JSON.
[06:22:08 +1m 0s | thequantuminsider_2024_03_28_hot_qubits_cool_logic_diraq_makes_quantum_leap_with_breakthr_4058ab61] Extracting actors: https://thequantuminsider.com/2024/03/28/hot-qubits-cool-logic-diraq-makes-quantum-leap-with-breakthrough-discovery-operating-quantum-computing-processors-at-20x-warmer-temperatures (1/1), chunk 10/38
[06:22:14 +1m 6s | thequantuminsider_2024_03_28_hot_qubits_cool_logic_diraq_makes_quantum_leap_with_breakthr_4058ab61] Extracting actors: https://thequantuminsider.com/2024/03/28/hot-qubits-cool-logic-diraq-makes-quantum-leap-with-breakthrough-discovery-operating-quantum-computing-processors-at-20x-warmer-temperatures (1/1), chunk 11/38
[06:22:24 +1m 16s | thequantuminsider_2024_03_28_hot_qubits_cool_logic_diraq_makes_quantum_leap_with_breakthr_4058ab61] Repaired malformed JSON.
[06:22:24 +1m 16s | thequantuminsider_2024_03_28_hot_qubits_cool_logic_diraq_makes_quantum_leap_with_breakthr_4058ab61] Extracting actors: https://thequantuminsider.com/2024/03/28/hot-qubits-cool-logic-diraq-makes-quantum-leap-with-breakthrough-discovery-operating-quantum-computing-processors-at-20x-warmer-temperatures (1/1), chunk 12/38
[06:22:31 +1m 24s | thequantuminsider_2024_03_28_hot_qubits_cool_logic_diraq_makes_quantum_leap_with_breakthr_4058ab61] Repaired malformed JSON.
[06:22:31 +1m 24s | thequantuminsider_2024_03_28_hot_qubits_cool_logic_diraq_makes_quantum_leap_with_breakthr_4058ab61] Extracting actors: https://thequantuminsider.com/2024/03/28/hot-qubits-cool-logic-diraq-makes-quantum-leap-with-breakthrough-discovery-operating-quantum-computing-processors-at-20x-warmer-temperatures (1/1), chunk 13/38
[06:22:38 +1m 30s | thequantuminsider_2024_03_28_hot_qubits_cool_logic_diraq_makes_quantum_leap_with_breakthr_4058ab61] Repaired malformed JSON.
[06:22:38 +1m 30s | thequantuminsider_2024_03_28_hot_qubits_cool_logic_diraq_makes_quantum_leap_with_breakthr_4058ab61] Extracting actors: https://thequantuminsider.com/2024/03/28/hot-qubits-cool-logic-diraq-makes-quantum-leap-with-breakthrough-discovery-operating-quantum-computing-processors-at-20x-warmer-temperatures (1/1), chunk 14/38
[06:22:46 +1m 38s | thequantuminsider_2024_03_28_hot_qubits_cool_logic_diraq_makes_quantum_leap_with_breakthr_4058ab61] Repaired malformed JSON.
[06:22:46 +1m 38s | thequantuminsider_2024_03_28_hot_qubits_cool_logic_diraq_makes_quantum_leap_with_breakthr_4058ab61] Extracting actors: https://thequantuminsider.com/2024/03/28/hot-qubits-cool-logic-diraq-makes-quantum-leap-with-breakthrough-discovery-operating-quantum-computing-processors-at-20x-warmer-temperatures (1/1), chunk 15/38
[06:22:52 +1m 44s | thequantuminsider_2024_03_28_hot_qubits_cool_logic_diraq_makes_quantum_leap_with_breakthr_4058ab61] Repaired malformed JSON.
[06:22:52 +1m 44s | thequantuminsider_2024_03_28_hot_qubits_cool_logic_diraq_makes_quantum_leap_with_breakthr_4058ab61] Extracting actors: https://thequantuminsider.com/2024/03/28/hot-qubits-cool-logic-diraq-makes-quantum-leap-with-breakthrough-discovery-operating-quantum-computing-processors-at-20x-warmer-temperatures (1/1), chunk 16/38
[06:22:58 +1m 50s | thequantuminsider_2024_03_28_hot_qubits_cool_logic_diraq_makes_quantum_leap_with_breakthr_4058ab61] Repaired malformed JSON.
[06:22:58 +1m 50s | thequantuminsider_2024_03_28_hot_qubits_cool_logic_diraq_makes_quantum_leap_with_breakthr_4058ab61] Extracting actors: https://thequantuminsider.com/2024/03/28/hot-qubits-cool-logic-diraq-makes-quantum-leap-with-breakthrough-discovery-operating-quantum-computing-processors-at-20x-warmer-temperatures (1/1), chunk 17/38
[06:23:05 +1m 58s | thequantuminsider_2024_03_28_hot_qubits_cool_logic_diraq_makes_quantum_leap_with_breakthr_4058ab61] Repaired malformed JSON.
[06:23:05 +1m 58s | thequantuminsider_2024_03_28_hot_qubits_cool_logic_diraq_makes_quantum_leap_with_breakthr_4058ab61] Extracting actors: https://thequantuminsider.com/2024/03/28/hot-qubits-cool-logic-diraq-makes-quantum-leap-with-breakthrough-discovery-operating-quantum-computing-processors-at-20x-warmer-temperatures (1/1), chunk 18/38
[06:23:11 +2m 3s | thequantuminsider_2024_03_28_hot_qubits_cool_logic_diraq_makes_quantum_leap_with_breakthr_4058ab61] Repaired malformed JSON.
[06:23:11 +2m 3s | thequantuminsider_2024_03_28_hot_qubits_cool_logic_diraq_makes_quantum_leap_with_breakthr_4058ab61] Extracting actors: https://thequantuminsider.com/2024/03/28/hot-qubits-cool-logic-diraq-makes-quantum-leap-with-breakthrough-discovery-operating-quantum-computing-processors-at-20x-warmer-temperatures (1/1), chunk 19/38
[06:23:18 +2m 10s | thequantuminsider_2024_03_28_hot_qubits_cool_logic_diraq_makes_quantum_leap_with_breakthr_4058ab61] Repaired malformed JSON.
[06:23:18 +2m 10s | thequantuminsider_2024_03_28_hot_qubits_cool_logic_diraq_makes_quantum_leap_with_breakthr_4058ab61] Extracting actors: https://thequantuminsider.com/2024/03/28/hot-qubits-cool-logic-diraq-makes-quantum-leap-with-breakthrough-discovery-operating-quantum-computing-processors-at-20x-warmer-temperatures (1/1), chunk 20/38
[06:23:24 +2m 17s | thequantuminsider_2024_03_28_hot_qubits_cool_logic_diraq_makes_quantum_leap_with_breakthr_4058ab61] Repaired malformed JSON.
[06:23:24 +2m 17s | thequantuminsider_2024_03_28_hot_qubits_cool_logic_diraq_makes_quantum_leap_with_breakthr_4058ab61] Extracting actors: https://thequantuminsider.com/2024/03/28/hot-qubits-cool-logic-diraq-makes-quantum-leap-with-breakthrough-discovery-operating-quantum-computing-processors-at-20x-warmer-temperatures (1/1), chunk 21/38
[06:23:31 +2m 23s | thequantuminsider_2024_03_28_hot_qubits_cool_logic_diraq_makes_quantum_leap_with_breakthr_4058ab61] Repaired malformed JSON.
[06:23:31 +2m 23s | thequantuminsider_2024_03_28_hot_qubits_cool_logic_diraq_makes_quantum_leap_with_breakthr_4058ab61] Extracting actors: https://thequantuminsider.com/2024/03/28/hot-qubits-cool-logic-diraq-makes-quantum-leap-with-breakthrough-discovery-operating-quantum-computing-processors-at-20x-warmer-temperatures (1/1), chunk 22/38
[06:23:38 +2m 30s | thequantuminsider_2024_03_28_hot_qubits_cool_logic_diraq_makes_quantum_leap_with_breakthr_4058ab61] Repaired malformed JSON.
[06:23:38 +2m 30s | thequantuminsider_2024_03_28_hot_qubits_cool_logic_diraq_makes_quantum_leap_with_breakthr_4058ab61] Extracting actors: https://thequantuminsider.com/2024/03/28/hot-qubits-cool-logic-diraq-makes-quantum-leap-with-breakthrough-discovery-operating-quantum-computing-processors-at-20x-warmer-temperatures (1/1), chunk 23/38
[06:23:45 +2m 37s | thequantuminsider_2024_03_28_hot_qubits_cool_logic_diraq_makes_quantum_leap_with_breakthr_4058ab61] Repaired malformed JSON.
[06:23:45 +2m 37s | thequantuminsider_2024_03_28_hot_qubits_cool_logic_diraq_makes_quantum_leap_with_breakthr_4058ab61] Extracting actors: https://thequantuminsider.com/2024/03/28/hot-qubits-cool-logic-diraq-makes-quantum-leap-with-breakthrough-discovery-operating-quantum-computing-processors-at-20x-warmer-temperatures (1/1), chunk 24/38
[06:23:53 +2m 45s | thequantuminsider_2024_03_28_hot_qubits_cool_logic_diraq_makes_quantum_leap_with_breakthr_4058ab61] Repaired malformed JSON.
[06:23:53 +2m 45s | thequantuminsider_2024_03_28_hot_qubits_cool_logic_diraq_makes_quantum_leap_with_breakthr_4058ab61] Extracting actors: https://thequantuminsider.com/2024/03/28/hot-qubits-cool-logic-diraq-makes-quantum-leap-with-breakthrough-discovery-operating-quantum-computing-processors-at-20x-warmer-temperatures (1/1), chunk 25/38
[06:24:00 +2m 52s | thequantuminsider_2024_03_28_hot_qubits_cool_logic_diraq_makes_quantum_leap_with_breakthr_4058ab61] Repaired malformed JSON.
[06:24:00 +2m 52s | thequantuminsider_2024_03_28_hot_qubits_cool_logic_diraq_makes_quantum_leap_with_breakthr_4058ab61] Extracting actors: https://thequantuminsider.com/2024/03/28/hot-qubits-cool-logic-diraq-makes-quantum-leap-with-breakthrough-discovery-operating-quantum-computing-processors-at-20x-warmer-temperatures (1/1), chunk 26/38
[06:24:07 +2m 59s | thequantuminsider_2024_03_28_hot_qubits_cool_logic_diraq_makes_quantum_leap_with_breakthr_4058ab61] Repaired malformed JSON.
[06:24:07 +2m 59s | thequantuminsider_2024_03_28_hot_qubits_cool_logic_diraq_makes_quantum_leap_with_breakthr_4058ab61] Extracting actors: https://thequantuminsider.com/2024/03/28/hot-qubits-cool-logic-diraq-makes-quantum-leap-with-breakthrough-discovery-operating-quantum-computing-processors-at-20x-warmer-temperatures (1/1), chunk 27/38
[06:24:16 +3m 8s | thequantuminsider_2024_03_28_hot_qubits_cool_logic_diraq_makes_quantum_leap_with_breakthr_4058ab61] Repaired malformed JSON.
[06:24:16 +3m 8s | thequantuminsider_2024_03_28_hot_qubits_cool_logic_diraq_makes_quantum_leap_with_breakthr_4058ab61] Extracting actors: https://thequantuminsider.com/2024/03/28/hot-qubits-cool-logic-diraq-makes-quantum-leap-with-breakthrough-discovery-operating-quantum-computing-processors-at-20x-warmer-temperatures (1/1), chunk 28/38
[06:24:17 +3m 9s | thequantuminsider_2024_03_28_hot_qubits_cool_logic_diraq_makes_quantum_leap_with_breakthr_4058ab61] Extracting actors: https://thequantuminsider.com/2024/03/28/hot-qubits-cool-logic-diraq-makes-quantum-leap-with-breakthrough-discovery-operating-quantum-computing-processors-at-20x-warmer-temperatures (1/1), chunk 29/38
[06:24:21 +3m 14s | thequantuminsider_2024_03_28_hot_qubits_cool_logic_diraq_makes_quantum_leap_with_breakthr_4058ab61] Extracting actors: https://thequantuminsider.com/2024/03/28/hot-qubits-cool-logic-diraq-makes-quantum-leap-with-breakthrough-discovery-operating-quantum-computing-processors-at-20x-warmer-temperatures (1/1), chunk 30/38
[06:24:23 +3m 15s | thequantuminsider_2024_03_28_hot_qubits_cool_logic_diraq_makes_quantum_leap_with_breakthr_4058ab61] Extracting actors: https://thequantuminsider.com/2024/03/28/hot-qubits-cool-logic-diraq-makes-quantum-leap-with-breakthrough-discovery-operating-quantum-computing-processors-at-20x-warmer-temperatures (1/1), chunk 31/38
[06:24:28 +3m 20s | thequantuminsider_2024_03_28_hot_qubits_cool_logic_diraq_makes_quantum_leap_with_breakthr_4058ab61] Repaired malformed JSON.
[06:24:28 +3m 20s | thequantuminsider_2024_03_28_hot_qubits_cool_logic_diraq_makes_quantum_leap_with_breakthr_4058ab61] Extracting actors: https://thequantuminsider.com/2024/03/28/hot-qubits-cool-logic-diraq-makes-quantum-leap-with-breakthrough-discovery-operating-quantum-computing-processors-at-20x-warmer-temperatures (1/1), chunk 32/38
[06:24:38 +3m 30s | thequantuminsider_2024_03_28_hot_qubits_cool_logic_diraq_makes_quantum_leap_with_breakthr_4058ab61] Repaired malformed JSON.
[06:24:38 +3m 30s | thequantuminsider_2024_03_28_hot_qubits_cool_logic_diraq_makes_quantum_leap_with_breakthr_4058ab61] Extracting actors: https://thequantuminsider.com/2024/03/28/hot-qubits-cool-logic-diraq-makes-quantum-leap-with-breakthrough-discovery-operating-quantum-computing-processors-at-20x-warmer-temperatures (1/1), chunk 33/38
[06:24:44 +3m 37s | thequantuminsider_2024_03_28_hot_qubits_cool_logic_diraq_makes_quantum_leap_with_breakthr_4058ab61] Repaired malformed JSON.
[06:24:44 +3m 37s | thequantuminsider_2024_03_28_hot_qubits_cool_logic_diraq_makes_quantum_leap_with_breakthr_4058ab61] Extracting actors: https://thequantuminsider.com/2024/03/28/hot-qubits-cool-logic-diraq-makes-quantum-leap-with-breakthrough-discovery-operating-quantum-computing-processors-at-20x-warmer-temperatures (1/1), chunk 34/38
[06:24:52 +3m 45s | thequantuminsider_2024_03_28_hot_qubits_cool_logic_diraq_makes_quantum_leap_with_breakthr_4058ab61] Repaired malformed JSON.
[06:24:52 +3m 45s | thequantuminsider_2024_03_28_hot_qubits_cool_logic_diraq_makes_quantum_leap_with_breakthr_4058ab61] Extracting actors: https://thequantuminsider.com/2024/03/28/hot-qubits-cool-logic-diraq-makes-quantum-leap-with-breakthrough-discovery-operating-quantum-computing-processors-at-20x-warmer-temperatures (1/1), chunk 35/38
[06:24:59 +3m 51s | thequantuminsider_2024_03_28_hot_qubits_cool_logic_diraq_makes_quantum_leap_with_breakthr_4058ab61] Repaired malformed JSON.
[06:24:59 +3m 51s | thequantuminsider_2024_03_28_hot_qubits_cool_logic_diraq_makes_quantum_leap_with_breakthr_4058ab61] Extracting actors: https://thequantuminsider.com/2024/03/28/hot-qubits-cool-logic-diraq-makes-quantum-leap-with-breakthrough-discovery-operating-quantum-computing-processors-at-20x-warmer-temperatures (1/1), chunk 36/38
[06:25:07 +3m 59s | thequantuminsider_2024_03_28_hot_qubits_cool_logic_diraq_makes_quantum_leap_with_breakthr_4058ab61] Repaired malformed JSON.
[06:25:07 +3m 59s | thequantuminsider_2024_03_28_hot_qubits_cool_logic_diraq_makes_quantum_leap_with_breakthr_4058ab61] Extracting actors: https://thequantuminsider.com/2024/03/28/hot-qubits-cool-logic-diraq-makes-quantum-leap-with-breakthrough-discovery-operating-quantum-computing-processors-at-20x-warmer-temperatures (1/1), chunk 37/38
[06:25:13 +4m 6s | thequantuminsider_2024_03_28_hot_qubits_cool_logic_diraq_makes_quantum_leap_with_breakthr_4058ab61] Repaired malformed JSON.
[06:25:13 +4m 6s | thequantuminsider_2024_03_28_hot_qubits_cool_logic_diraq_makes_quantum_leap_with_breakthr_4058ab61] Extracting actors: https://thequantuminsider.com/2024/03/28/hot-qubits-cool-logic-diraq-makes-quantum-leap-with-breakthrough-discovery-operating-quantum-computing-processors-at-20x-warmer-temperatures (1/1), chunk 38/38
[06:25:20 +4m 13s | thequantuminsider_2024_03_28_hot_qubits_cool_logic_diraq_makes_quantum_leap_with_breakthr_4058ab61] Repaired malformed JSON.
[06:25:20 +4m 13s | thequantuminsider_2024_03_28_hot_qubits_cool_logic_diraq_makes_quantum_leap_with_breakthr_4058ab61] Saved 1_actor_results.json with 56 extracted records

[06:25:20 +4m 13s | thequantuminsider_2024_03_28_hot_qubits_cool_logic_diraq_makes_quantum_leap_with_breakthr_4058ab61] === 2 clean actors ===
[06:25:20 +4m 13s | thequantuminsider_2024_03_28_hot_qubits_cool_logic_diraq_makes_quantum_leap_with_breakthr_4058ab61] Loaded 56 extracted records
[06:25:20 +4m 13s | thequantuminsider_2024_03_28_hot_qubits_cool_logic_diraq_makes_quantum_leap_with_breakthr_4058ab61] Saved 2_actor_nodes.json with 19 canonical actor nodes

[06:25:20 +4m 13s | thequantuminsider_2024_03_28_hot_qubits_cool_logic_diraq_makes_quantum_leap_with_breakthr_4058ab61] === 3 interaction extraction ===
[06:25:21 +4m 13s | thequantuminsider_2024_03_28_hot_qubits_cool_logic_diraq_makes_quantum_leap_with_breakthr_4058ab61] Extracting interactions: https://thequantuminsider.com/2024/03/28/hot-qubits-cool-logic-diraq-makes-quantum-leap-with-breakthrough-discovery-operating-quantum-computing-processors-at-20x-warmer-temperatures (1/1), chunk 7/38
[06:25:25 +4m 17s | thequantuminsider_2024_03_28_hot_qubits_cool_logic_diraq_makes_quantum_leap_with_breakthr_4058ab61] Extracting interactions: https://thequantuminsider.com/2024/03/28/hot-qubits-cool-logic-diraq-makes-quantum-leap-with-breakthrough-discovery-operating-quantum-computing-processors-at-20x-warmer-temperatures (1/1), chunk 11/38
[06:25:29 +4m 22s | thequantuminsider_2024_03_28_hot_qubits_cool_logic_diraq_makes_quantum_leap_with_breakthr_4058ab61] Extracting interactions: https://thequantuminsider.com/2024/03/28/hot-qubits-cool-logic-diraq-makes-quantum-leap-with-breakthrough-discovery-operating-quantum-computing-processors-at-20x-warmer-temperatures (1/1), chunk 13/38
[06:25:42 +4m 34s | thequantuminsider_2024_03_28_hot_qubits_cool_logic_diraq_makes_quantum_leap_with_breakthr_4058ab61] Extracting interactions: https://thequantuminsider.com/2024/03/28/hot-qubits-cool-logic-diraq-makes-quantum-leap-with-breakthrough-discovery-operating-quantum-computing-processors-at-20x-warmer-temperatures (1/1), chunk 14/38
[06:25:50 +4m 43s | thequantuminsider_2024_03_28_hot_qubits_cool_logic_diraq_makes_quantum_leap_with_breakthr_4058ab61] Extracting interactions: https://thequantuminsider.com/2024/03/28/hot-qubits-cool-logic-diraq-makes-quantum-leap-with-breakthrough-discovery-operating-quantum-computing-processors-at-20x-warmer-temperatures (1/1), chunk 15/38
[06:25:56 +4m 49s | thequantuminsider_2024_03_28_hot_qubits_cool_logic_diraq_makes_quantum_leap_with_breakthr_4058ab61] Extracting interactions: https://thequantuminsider.com/2024/03/28/hot-qubits-cool-logic-diraq-makes-quantum-leap-with-breakthrough-discovery-operating-quantum-computing-processors-at-20x-warmer-temperatures (1/1), chunk 16/38
[06:26:05 +4m 57s | thequantuminsider_2024_03_28_hot_qubits_cool_logic_diraq_makes_quantum_leap_with_breakthr_4058ab61] Extracting interactions: https://thequantuminsider.com/2024/03/28/hot-qubits-cool-logic-diraq-makes-quantum-leap-with-breakthrough-discovery-operating-quantum-computing-processors-at-20x-warmer-temperatures (1/1), chunk 17/38
[06:26:09 +5m 2s | thequantuminsider_2024_03_28_hot_qubits_cool_logic_diraq_makes_quantum_leap_with_breakthr_4058ab61] Extracting interactions: https://thequantuminsider.com/2024/03/28/hot-qubits-cool-logic-diraq-makes-quantum-leap-with-breakthrough-discovery-operating-quantum-computing-processors-at-20x-warmer-temperatures (1/1), chunk 18/38
[06:26:11 +5m 4s | thequantuminsider_2024_03_28_hot_qubits_cool_logic_diraq_makes_quantum_leap_with_breakthr_4058ab61] Extracting interactions: https://thequantuminsider.com/2024/03/28/hot-qubits-cool-logic-diraq-makes-quantum-leap-with-breakthrough-discovery-operating-quantum-computing-processors-at-20x-warmer-temperatures (1/1), chunk 19/38
[06:26:18 +5m 10s | thequantuminsider_2024_03_28_hot_qubits_cool_logic_diraq_makes_quantum_leap_with_breakthr_4058ab61] Extracting interactions: https://thequantuminsider.com/2024/03/28/hot-qubits-cool-logic-diraq-makes-quantum-leap-with-breakthrough-discovery-operating-quantum-computing-processors-at-20x-warmer-temperatures (1/1), chunk 20/38
[06:26:38 +5m 30s | thequantuminsider_2024_03_28_hot_qubits_cool_logic_diraq_makes_quantum_leap_with_breakthr_4058ab61] Extracting interactions: https://thequantuminsider.com/2024/03/28/hot-qubits-cool-logic-diraq-makes-quantum-leap-with-breakthrough-discovery-operating-quantum-computing-processors-at-20x-warmer-temperatures (1/1), chunk 21/38
[06:26:44 +5m 37s | thequantuminsider_2024_03_28_hot_qubits_cool_logic_diraq_makes_quantum_leap_with_breakthr_4058ab61] Extracting interactions: https://thequantuminsider.com/2024/03/28/hot-qubits-cool-logic-diraq-makes-quantum-leap-with-breakthrough-discovery-operating-quantum-computing-processors-at-20x-warmer-temperatures (1/1), chunk 22/38
[06:26:59 +5m 51s | thequantuminsider_2024_03_28_hot_qubits_cool_logic_diraq_makes_quantum_leap_with_breakthr_4058ab61] Extracting interactions: https://thequantuminsider.com/2024/03/28/hot-qubits-cool-logic-diraq-makes-quantum-leap-with-breakthrough-discovery-operating-quantum-computing-processors-at-20x-warmer-temperatures (1/1), chunk 23/38
[06:27:14 +6m 7s | thequantuminsider_2024_03_28_hot_qubits_cool_logic_diraq_makes_quantum_leap_with_breakthr_4058ab61] Extracting interactions: https://thequantuminsider.com/2024/03/28/hot-qubits-cool-logic-diraq-makes-quantum-leap-with-breakthrough-discovery-operating-quantum-computing-processors-at-20x-warmer-temperatures (1/1), chunk 24/38
[06:27:20 +6m 12s | thequantuminsider_2024_03_28_hot_qubits_cool_logic_diraq_makes_quantum_leap_with_breakthr_4058ab61] Extracting interactions: https://thequantuminsider.com/2024/03/28/hot-qubits-cool-logic-diraq-makes-quantum-leap-with-breakthrough-discovery-operating-quantum-computing-processors-at-20x-warmer-temperatures (1/1), chunk 26/38
[06:27:21 +6m 13s | thequantuminsider_2024_03_28_hot_qubits_cool_logic_diraq_makes_quantum_leap_with_breakthr_4058ab61] Extracting interactions: https://thequantuminsider.com/2024/03/28/hot-qubits-cool-logic-diraq-makes-quantum-leap-with-breakthrough-discovery-operating-quantum-computing-processors-at-20x-warmer-temperatures (1/1), chunk 27/38
[06:27:32 +6m 25s | thequantuminsider_2024_03_28_hot_qubits_cool_logic_diraq_makes_quantum_leap_with_breakthr_4058ab61] Extracting interactions: https://thequantuminsider.com/2024/03/28/hot-qubits-cool-logic-diraq-makes-quantum-leap-with-breakthrough-discovery-operating-quantum-computing-processors-at-20x-warmer-temperatures (1/1), chunk 28/38
[06:27:37 +6m 30s | thequantuminsider_2024_03_28_hot_qubits_cool_logic_diraq_makes_quantum_leap_with_breakthr_4058ab61] Extracting interactions: https://thequantuminsider.com/2024/03/28/hot-qubits-cool-logic-diraq-makes-quantum-leap-with-breakthrough-discovery-operating-quantum-computing-processors-at-20x-warmer-temperatures (1/1), chunk 29/38
[06:27:42 +6m 34s | thequantuminsider_2024_03_28_hot_qubits_cool_logic_diraq_makes_quantum_leap_with_breakthr_4058ab61] Extracting interactions: https://thequantuminsider.com/2024/03/28/hot-qubits-cool-logic-diraq-makes-quantum-leap-with-breakthrough-discovery-operating-quantum-computing-processors-at-20x-warmer-temperatures (1/1), chunk 31/38
[06:27:43 +6m 36s | thequantuminsider_2024_03_28_hot_qubits_cool_logic_diraq_makes_quantum_leap_with_breakthr_4058ab61] Extracting interactions: https://thequantuminsider.com/2024/03/28/hot-qubits-cool-logic-diraq-makes-quantum-leap-with-breakthrough-discovery-operating-quantum-computing-processors-at-20x-warmer-temperatures (1/1), chunk 32/38
[06:28:16 +7m 8s | thequantuminsider_2024_03_28_hot_qubits_cool_logic_diraq_makes_quantum_leap_with_breakthr_4058ab61] Extracting interactions: https://thequantuminsider.com/2024/03/28/hot-qubits-cool-logic-diraq-makes-quantum-leap-with-breakthrough-discovery-operating-quantum-computing-processors-at-20x-warmer-temperatures (1/1), chunk 33/38
[06:28:17 +7m 10s | thequantuminsider_2024_03_28_hot_qubits_cool_logic_diraq_makes_quantum_leap_with_breakthr_4058ab61] Extracting interactions: https://thequantuminsider.com/2024/03/28/hot-qubits-cool-logic-diraq-makes-quantum-leap-with-breakthrough-discovery-operating-quantum-computing-processors-at-20x-warmer-temperatures (1/1), chunk 34/38
[06:28:19 +7m 11s | thequantuminsider_2024_03_28_hot_qubits_cool_logic_diraq_makes_quantum_leap_with_breakthr_4058ab61] Extracting interactions: https://thequantuminsider.com/2024/03/28/hot-qubits-cool-logic-diraq-makes-quantum-leap-with-breakthrough-discovery-operating-quantum-computing-processors-at-20x-warmer-temperatures (1/1), chunk 36/38
[06:28:21 +7m 13s | thequantuminsider_2024_03_28_hot_qubits_cool_logic_diraq_makes_quantum_leap_with_breakthr_4058ab61] Extracting interactions: https://thequantuminsider.com/2024/03/28/hot-qubits-cool-logic-diraq-makes-quantum-leap-with-breakthrough-discovery-operating-quantum-computing-processors-at-20x-warmer-temperatures (1/1), chunk 37/38
[06:28:23 +7m 15s | thequantuminsider_2024_03_28_hot_qubits_cool_logic_diraq_makes_quantum_leap_with_breakthr_4058ab61] Extracting interactions: https://thequantuminsider.com/2024/03/28/hot-qubits-cool-logic-diraq-makes-quantum-leap-with-breakthrough-discovery-operating-quantum-computing-processors-at-20x-warmer-temperatures (1/1), chunk 38/38
[06:28:24 +7m 16s | thequantuminsider_2024_03_28_hot_qubits_cool_logic_diraq_makes_quantum_leap_with_breakthr_4058ab61] Saved 3_interaction_results.json with 31 extracted interactions.

[06:28:24 +7m 16s | thequantuminsider_2024_03_28_hot_qubits_cool_logic_diraq_makes_quantum_leap_with_breakthr_4058ab61] === 4 clean interactions ===
[06:28:24 +7m 16s | thequantuminsider_2024_03_28_hot_qubits_cool_logic_diraq_makes_quantum_leap_with_breakthr_4058ab61] Saved 4_edges.json with 4 cleaned interactions.

[06:28:24 +7m 16s | thequantuminsider_2024_03_28_hot_qubits_cool_logic_diraq_makes_quantum_leap_with_breakthr_4058ab61] === 5 helix enrichment ===
[06:28:24 +7m 17s | thequantuminsider_2024_03_28_hot_qubits_cool_logic_diraq_makes_quantum_leap_with_breakthr_4058ab61] Wrote 5_nodes.json (19 actors)
[06:28:24 +7m 17s | thequantuminsider_2024_03_28_hot_qubits_cool_logic_diraq_makes_quantum_leap_with_breakthr_4058ab61] Wrote 5_edges.json (4 interactions)
[06:28:24 +7m 17s | thequantuminsider_2024_03_28_hot_qubits_cool_logic_diraq_makes_quantum_leap_with_breakthr_4058ab61] Actor helix counts: {'Academia': 2, 'Civil Society': 4, 'Government': 2, 'Industry': 4, 'Unknown': 7}
[06:28:24 +7m 17s | thequantuminsider_2024_03_28_hot_qubits_cool_logic_diraq_makes_quantum_leap_with_breakthr_4058ab61] Functional-space counts: {'Public': 2, 'Unknown': 2}

[06:28:24 +7m 17s | thequantuminsider_2024_03_28_hot_qubits_cool_logic_diraq_makes_quantum_leap_with_breakthr_4058ab61] === 6 network visualisation ===
[06:28:25 +7m 17s | thequantuminsider_2024_03_28_hot_qubits_cool_logic_diraq_makes_quantum_leap_with_breakthr_4058ab61] Wrote quantum_network.html
[06:28:25 +7m 17s | thequantuminsider_2024_03_28_hot_qubits_cool_logic_diraq_makes_quantum_leap_with_breakthr_4058ab61] Nodes: 19
[06:28:25 +7m 17s | thequantuminsider_2024_03_28_hot_qubits_cool_logic_diraq_makes_quantum_leap_with_breakthr_4058ab61] Edges: 3

[06:28:25 +7m 17s | thequantuminsider_2024_03_28_hot_qubits_cool_logic_diraq_makes_quantum_leap_with_breakthr_4058ab61] Done. Outputs written to: /home/lv/IDP/idpdeeptech/pipeline/news_outputs/thequantuminsider_2024_03_28_hot_qubits_cool_logic_diraq_makes_quantum_leap_with_breakthr_4058ab61
[06:28:25 +7m 17s | thequantuminsider_2024_03_28_hot_qubits_cool_logic_diraq_makes_quantum_leap_with_breakthr_4058ab61] Log: /home/lv/IDP/idpdeeptech/pipeline/news_outputs/thequantuminsider_2024_03_28_hot_qubits_cool_logic_diraq_makes_quantum_leap_with_breakthr_4058ab61/run.log

========================================================================
RUN FINISHED 2026-07-02 06:28:25  (OK)
Started:     2026-07-02 06:21:08
Elapsed:     7m 17s
========================================================================
