
========================================================================
RUN STARTED  2026-07-02 07:58:44
site_pipeline.py https://thequantuminsider.com/2024/03/11/extropics-lite-paper-unveils-vision-for-next-generation-ai-tech-superconducting-chips/
========================================================================

[07:58:44 +0s | thequantuminsider_2024_03_11_extropics_lite_paper_unveils_vision_for_next_generation_ai_t_b7b7cfa8] === 0 crawl site ===
[07:58:45 +1s | thequantuminsider_2024_03_11_extropics_lite_paper_unveils_vision_for_next_generation_ai_t_b7b7cfa8] [INIT].... → Crawl4AI 0.8.6 
[07:58:47 +4s | thequantuminsider_2024_03_11_extropics_lite_paper_unveils_vision_for_next_generation_ai_t_b7b7cfa8] [FETCH]... ↓ https://thequantuminsider.com/2024/03/11/extropi...r-next-generation-ai-tech-superconducting-chips/  | ✓ | ⏱: 2.30s 
[07:58:47 +4s | thequantuminsider_2024_03_11_extropics_lite_paper_unveils_vision_for_next_generation_ai_t_b7b7cfa8] [SCRAPE].. ◆ https://thequantuminsider.com/2024/03/11/extropi...r-next-generation-ai-tech-superconducting-chips/  | ✓ | ⏱: 0.10s 
[07:58:47 +4s | thequantuminsider_2024_03_11_extropics_lite_paper_unveils_vision_for_next_generation_ai_t_b7b7cfa8] [COMPLETE] ● https://thequantuminsider.com/2024/03/11/extropi...r-next-generation-ai-tech-superconducting-chips/  | ✓ | ⏱: 2.42s 
[07:58:47 +4s | thequantuminsider_2024_03_11_extropics_lite_paper_unveils_vision_for_next_generation_ai_t_b7b7cfa8] Saved: crawl_output/a8803a1b5a_thequantuminsider.com_2024_03_11_extropics-lite-paper-unveils-vision-for-next-generation-ai-tech-superconducting-chips.json

[07:58:48 +4s | thequantuminsider_2024_03_11_extropics_lite_paper_unveils_vision_for_next_generation_ai_t_b7b7cfa8] === 1 actor extraction ===
[07:58:48 +4s | thequantuminsider_2024_03_11_extropics_lite_paper_unveils_vision_for_next_generation_ai_t_b7b7cfa8] Reading page (1/1): https://thequantuminsider.com/2024/03/11/extropics-lite-paper-unveils-vision-for-next-generation-ai-tech-superconducting-chips
[07:58:48 +4s | thequantuminsider_2024_03_11_extropics_lite_paper_unveils_vision_for_next_generation_ai_t_b7b7cfa8] Extracting actors: https://thequantuminsider.com/2024/03/11/extropics-lite-paper-unveils-vision-for-next-generation-ai-tech-superconducting-chips (1/1), chunk 1/39
[07:58:52 +8s | thequantuminsider_2024_03_11_extropics_lite_paper_unveils_vision_for_next_generation_ai_t_b7b7cfa8] Extracting actors: https://thequantuminsider.com/2024/03/11/extropics-lite-paper-unveils-vision-for-next-generation-ai-tech-superconducting-chips (1/1), chunk 2/39
[07:58:56 +12s | thequantuminsider_2024_03_11_extropics_lite_paper_unveils_vision_for_next_generation_ai_t_b7b7cfa8] Extracting actors: https://thequantuminsider.com/2024/03/11/extropics-lite-paper-unveils-vision-for-next-generation-ai-tech-superconducting-chips (1/1), chunk 3/39
[07:59:03 +19s | thequantuminsider_2024_03_11_extropics_lite_paper_unveils_vision_for_next_generation_ai_t_b7b7cfa8] Extracting actors: https://thequantuminsider.com/2024/03/11/extropics-lite-paper-unveils-vision-for-next-generation-ai-tech-superconducting-chips (1/1), chunk 4/39
[07:59:07 +23s | thequantuminsider_2024_03_11_extropics_lite_paper_unveils_vision_for_next_generation_ai_t_b7b7cfa8] Extracting actors: https://thequantuminsider.com/2024/03/11/extropics-lite-paper-unveils-vision-for-next-generation-ai-tech-superconducting-chips (1/1), chunk 5/39
[07:59:13 +29s | thequantuminsider_2024_03_11_extropics_lite_paper_unveils_vision_for_next_generation_ai_t_b7b7cfa8] Extracting actors: https://thequantuminsider.com/2024/03/11/extropics-lite-paper-unveils-vision-for-next-generation-ai-tech-superconducting-chips (1/1), chunk 6/39
[07:59:21 +37s | thequantuminsider_2024_03_11_extropics_lite_paper_unveils_vision_for_next_generation_ai_t_b7b7cfa8] Extracting actors: https://thequantuminsider.com/2024/03/11/extropics-lite-paper-unveils-vision-for-next-generation-ai-tech-superconducting-chips (1/1), chunk 7/39
[07:59:28 +44s | thequantuminsider_2024_03_11_extropics_lite_paper_unveils_vision_for_next_generation_ai_t_b7b7cfa8] Extracting actors: https://thequantuminsider.com/2024/03/11/extropics-lite-paper-unveils-vision-for-next-generation-ai-tech-superconducting-chips (1/1), chunk 8/39
[07:59:33 +50s | thequantuminsider_2024_03_11_extropics_lite_paper_unveils_vision_for_next_generation_ai_t_b7b7cfa8] Extracting actors: https://thequantuminsider.com/2024/03/11/extropics-lite-paper-unveils-vision-for-next-generation-ai-tech-superconducting-chips (1/1), chunk 9/39
[07:59:39 +55s | thequantuminsider_2024_03_11_extropics_lite_paper_unveils_vision_for_next_generation_ai_t_b7b7cfa8] Extracting actors: https://thequantuminsider.com/2024/03/11/extropics-lite-paper-unveils-vision-for-next-generation-ai-tech-superconducting-chips (1/1), chunk 10/39
[07:59:43 +1m 0s | thequantuminsider_2024_03_11_extropics_lite_paper_unveils_vision_for_next_generation_ai_t_b7b7cfa8] Extracting actors: https://thequantuminsider.com/2024/03/11/extropics-lite-paper-unveils-vision-for-next-generation-ai-tech-superconducting-chips (1/1), chunk 11/39
[07:59:50 +1m 6s | thequantuminsider_2024_03_11_extropics_lite_paper_unveils_vision_for_next_generation_ai_t_b7b7cfa8] Repaired malformed JSON.
[07:59:50 +1m 6s | thequantuminsider_2024_03_11_extropics_lite_paper_unveils_vision_for_next_generation_ai_t_b7b7cfa8] Extracting actors: https://thequantuminsider.com/2024/03/11/extropics-lite-paper-unveils-vision-for-next-generation-ai-tech-superconducting-chips (1/1), chunk 12/39
[08:00:00 +1m 16s | thequantuminsider_2024_03_11_extropics_lite_paper_unveils_vision_for_next_generation_ai_t_b7b7cfa8] Repaired malformed JSON.
[08:00:00 +1m 16s | thequantuminsider_2024_03_11_extropics_lite_paper_unveils_vision_for_next_generation_ai_t_b7b7cfa8] Extracting actors: https://thequantuminsider.com/2024/03/11/extropics-lite-paper-unveils-vision-for-next-generation-ai-tech-superconducting-chips (1/1), chunk 13/39
[08:00:05 +1m 21s | thequantuminsider_2024_03_11_extropics_lite_paper_unveils_vision_for_next_generation_ai_t_b7b7cfa8] Extracting actors: https://thequantuminsider.com/2024/03/11/extropics-lite-paper-unveils-vision-for-next-generation-ai-tech-superconducting-chips (1/1), chunk 14/39
[08:00:13 +1m 29s | thequantuminsider_2024_03_11_extropics_lite_paper_unveils_vision_for_next_generation_ai_t_b7b7cfa8] Repaired malformed JSON.
[08:00:13 +1m 29s | thequantuminsider_2024_03_11_extropics_lite_paper_unveils_vision_for_next_generation_ai_t_b7b7cfa8] Extracting actors: https://thequantuminsider.com/2024/03/11/extropics-lite-paper-unveils-vision-for-next-generation-ai-tech-superconducting-chips (1/1), chunk 15/39
[08:00:20 +1m 36s | thequantuminsider_2024_03_11_extropics_lite_paper_unveils_vision_for_next_generation_ai_t_b7b7cfa8] Repaired malformed JSON.
[08:00:20 +1m 36s | thequantuminsider_2024_03_11_extropics_lite_paper_unveils_vision_for_next_generation_ai_t_b7b7cfa8] Extracting actors: https://thequantuminsider.com/2024/03/11/extropics-lite-paper-unveils-vision-for-next-generation-ai-tech-superconducting-chips (1/1), chunk 16/39
[08:00:27 +1m 43s | thequantuminsider_2024_03_11_extropics_lite_paper_unveils_vision_for_next_generation_ai_t_b7b7cfa8] Repaired malformed JSON.
[08:00:27 +1m 43s | thequantuminsider_2024_03_11_extropics_lite_paper_unveils_vision_for_next_generation_ai_t_b7b7cfa8] Extracting actors: https://thequantuminsider.com/2024/03/11/extropics-lite-paper-unveils-vision-for-next-generation-ai-tech-superconducting-chips (1/1), chunk 17/39
[08:00:32 +1m 48s | thequantuminsider_2024_03_11_extropics_lite_paper_unveils_vision_for_next_generation_ai_t_b7b7cfa8] Repaired malformed JSON.
[08:00:32 +1m 48s | thequantuminsider_2024_03_11_extropics_lite_paper_unveils_vision_for_next_generation_ai_t_b7b7cfa8] Extracting actors: https://thequantuminsider.com/2024/03/11/extropics-lite-paper-unveils-vision-for-next-generation-ai-tech-superconducting-chips (1/1), chunk 18/39
[08:00:39 +1m 55s | thequantuminsider_2024_03_11_extropics_lite_paper_unveils_vision_for_next_generation_ai_t_b7b7cfa8] Repaired malformed JSON.
[08:00:39 +1m 55s | thequantuminsider_2024_03_11_extropics_lite_paper_unveils_vision_for_next_generation_ai_t_b7b7cfa8] Extracting actors: https://thequantuminsider.com/2024/03/11/extropics-lite-paper-unveils-vision-for-next-generation-ai-tech-superconducting-chips (1/1), chunk 19/39
[08:00:44 +2m 1s | thequantuminsider_2024_03_11_extropics_lite_paper_unveils_vision_for_next_generation_ai_t_b7b7cfa8] Repaired malformed JSON.
[08:00:44 +2m 1s | thequantuminsider_2024_03_11_extropics_lite_paper_unveils_vision_for_next_generation_ai_t_b7b7cfa8] Extracting actors: https://thequantuminsider.com/2024/03/11/extropics-lite-paper-unveils-vision-for-next-generation-ai-tech-superconducting-chips (1/1), chunk 20/39
[08:00:52 +2m 8s | thequantuminsider_2024_03_11_extropics_lite_paper_unveils_vision_for_next_generation_ai_t_b7b7cfa8] Repaired malformed JSON.
[08:00:52 +2m 8s | thequantuminsider_2024_03_11_extropics_lite_paper_unveils_vision_for_next_generation_ai_t_b7b7cfa8] Extracting actors: https://thequantuminsider.com/2024/03/11/extropics-lite-paper-unveils-vision-for-next-generation-ai-tech-superconducting-chips (1/1), chunk 21/39
[08:00:58 +2m 14s | thequantuminsider_2024_03_11_extropics_lite_paper_unveils_vision_for_next_generation_ai_t_b7b7cfa8] Repaired malformed JSON.
[08:00:58 +2m 14s | thequantuminsider_2024_03_11_extropics_lite_paper_unveils_vision_for_next_generation_ai_t_b7b7cfa8] Extracting actors: https://thequantuminsider.com/2024/03/11/extropics-lite-paper-unveils-vision-for-next-generation-ai-tech-superconducting-chips (1/1), chunk 22/39
[08:01:03 +2m 20s | thequantuminsider_2024_03_11_extropics_lite_paper_unveils_vision_for_next_generation_ai_t_b7b7cfa8] Repaired malformed JSON.
[08:01:03 +2m 20s | thequantuminsider_2024_03_11_extropics_lite_paper_unveils_vision_for_next_generation_ai_t_b7b7cfa8] Extracting actors: https://thequantuminsider.com/2024/03/11/extropics-lite-paper-unveils-vision-for-next-generation-ai-tech-superconducting-chips (1/1), chunk 23/39
[08:01:11 +2m 27s | thequantuminsider_2024_03_11_extropics_lite_paper_unveils_vision_for_next_generation_ai_t_b7b7cfa8] Repaired malformed JSON.
[08:01:11 +2m 27s | thequantuminsider_2024_03_11_extropics_lite_paper_unveils_vision_for_next_generation_ai_t_b7b7cfa8] Extracting actors: https://thequantuminsider.com/2024/03/11/extropics-lite-paper-unveils-vision-for-next-generation-ai-tech-superconducting-chips (1/1), chunk 24/39
[08:01:19 +2m 36s | thequantuminsider_2024_03_11_extropics_lite_paper_unveils_vision_for_next_generation_ai_t_b7b7cfa8] Repaired malformed JSON.
[08:01:19 +2m 36s | thequantuminsider_2024_03_11_extropics_lite_paper_unveils_vision_for_next_generation_ai_t_b7b7cfa8] Extracting actors: https://thequantuminsider.com/2024/03/11/extropics-lite-paper-unveils-vision-for-next-generation-ai-tech-superconducting-chips (1/1), chunk 25/39
[08:01:26 +2m 43s | thequantuminsider_2024_03_11_extropics_lite_paper_unveils_vision_for_next_generation_ai_t_b7b7cfa8] Repaired malformed JSON.
[08:01:26 +2m 43s | thequantuminsider_2024_03_11_extropics_lite_paper_unveils_vision_for_next_generation_ai_t_b7b7cfa8] Extracting actors: https://thequantuminsider.com/2024/03/11/extropics-lite-paper-unveils-vision-for-next-generation-ai-tech-superconducting-chips (1/1), chunk 26/39
[08:01:34 +2m 50s | thequantuminsider_2024_03_11_extropics_lite_paper_unveils_vision_for_next_generation_ai_t_b7b7cfa8] Repaired malformed JSON.
[08:01:34 +2m 50s | thequantuminsider_2024_03_11_extropics_lite_paper_unveils_vision_for_next_generation_ai_t_b7b7cfa8] Extracting actors: https://thequantuminsider.com/2024/03/11/extropics-lite-paper-unveils-vision-for-next-generation-ai-tech-superconducting-chips (1/1), chunk 27/39
[08:01:42 +2m 58s | thequantuminsider_2024_03_11_extropics_lite_paper_unveils_vision_for_next_generation_ai_t_b7b7cfa8] Extracting actors: https://thequantuminsider.com/2024/03/11/extropics-lite-paper-unveils-vision-for-next-generation-ai-tech-superconducting-chips (1/1), chunk 28/39
[08:01:47 +3m 3s | thequantuminsider_2024_03_11_extropics_lite_paper_unveils_vision_for_next_generation_ai_t_b7b7cfa8] Repaired malformed JSON.
[08:01:47 +3m 3s | thequantuminsider_2024_03_11_extropics_lite_paper_unveils_vision_for_next_generation_ai_t_b7b7cfa8] Extracting actors: https://thequantuminsider.com/2024/03/11/extropics-lite-paper-unveils-vision-for-next-generation-ai-tech-superconducting-chips (1/1), chunk 29/39
[08:01:51 +3m 7s | thequantuminsider_2024_03_11_extropics_lite_paper_unveils_vision_for_next_generation_ai_t_b7b7cfa8] Extracting actors: https://thequantuminsider.com/2024/03/11/extropics-lite-paper-unveils-vision-for-next-generation-ai-tech-superconducting-chips (1/1), chunk 30/39
[08:01:57 +3m 14s | thequantuminsider_2024_03_11_extropics_lite_paper_unveils_vision_for_next_generation_ai_t_b7b7cfa8] Repaired malformed JSON.
[08:01:57 +3m 14s | thequantuminsider_2024_03_11_extropics_lite_paper_unveils_vision_for_next_generation_ai_t_b7b7cfa8] Extracting actors: https://thequantuminsider.com/2024/03/11/extropics-lite-paper-unveils-vision-for-next-generation-ai-tech-superconducting-chips (1/1), chunk 31/39
[08:01:59 +3m 15s | thequantuminsider_2024_03_11_extropics_lite_paper_unveils_vision_for_next_generation_ai_t_b7b7cfa8] Extracting actors: https://thequantuminsider.com/2024/03/11/extropics-lite-paper-unveils-vision-for-next-generation-ai-tech-superconducting-chips (1/1), chunk 32/39
[08:02:06 +3m 23s | thequantuminsider_2024_03_11_extropics_lite_paper_unveils_vision_for_next_generation_ai_t_b7b7cfa8] Repaired malformed JSON.
[08:02:06 +3m 23s | thequantuminsider_2024_03_11_extropics_lite_paper_unveils_vision_for_next_generation_ai_t_b7b7cfa8] Extracting actors: https://thequantuminsider.com/2024/03/11/extropics-lite-paper-unveils-vision-for-next-generation-ai-tech-superconducting-chips (1/1), chunk 33/39
[08:02:13 +3m 29s | thequantuminsider_2024_03_11_extropics_lite_paper_unveils_vision_for_next_generation_ai_t_b7b7cfa8] Repaired malformed JSON.
[08:02:13 +3m 29s | thequantuminsider_2024_03_11_extropics_lite_paper_unveils_vision_for_next_generation_ai_t_b7b7cfa8] Extracting actors: https://thequantuminsider.com/2024/03/11/extropics-lite-paper-unveils-vision-for-next-generation-ai-tech-superconducting-chips (1/1), chunk 34/39
[08:02:20 +3m 36s | thequantuminsider_2024_03_11_extropics_lite_paper_unveils_vision_for_next_generation_ai_t_b7b7cfa8] Repaired malformed JSON.
[08:02:20 +3m 36s | thequantuminsider_2024_03_11_extropics_lite_paper_unveils_vision_for_next_generation_ai_t_b7b7cfa8] Extracting actors: https://thequantuminsider.com/2024/03/11/extropics-lite-paper-unveils-vision-for-next-generation-ai-tech-superconducting-chips (1/1), chunk 35/39
[08:02:29 +3m 45s | thequantuminsider_2024_03_11_extropics_lite_paper_unveils_vision_for_next_generation_ai_t_b7b7cfa8] Repaired malformed JSON.
[08:02:29 +3m 45s | thequantuminsider_2024_03_11_extropics_lite_paper_unveils_vision_for_next_generation_ai_t_b7b7cfa8] Extracting actors: https://thequantuminsider.com/2024/03/11/extropics-lite-paper-unveils-vision-for-next-generation-ai-tech-superconducting-chips (1/1), chunk 36/39
[08:02:35 +3m 52s | thequantuminsider_2024_03_11_extropics_lite_paper_unveils_vision_for_next_generation_ai_t_b7b7cfa8] Repaired malformed JSON.
[08:02:35 +3m 52s | thequantuminsider_2024_03_11_extropics_lite_paper_unveils_vision_for_next_generation_ai_t_b7b7cfa8] Extracting actors: https://thequantuminsider.com/2024/03/11/extropics-lite-paper-unveils-vision-for-next-generation-ai-tech-superconducting-chips (1/1), chunk 37/39
[08:02:43 +3m 59s | thequantuminsider_2024_03_11_extropics_lite_paper_unveils_vision_for_next_generation_ai_t_b7b7cfa8] Repaired malformed JSON.
[08:02:43 +3m 59s | thequantuminsider_2024_03_11_extropics_lite_paper_unveils_vision_for_next_generation_ai_t_b7b7cfa8] Extracting actors: https://thequantuminsider.com/2024/03/11/extropics-lite-paper-unveils-vision-for-next-generation-ai-tech-superconducting-chips (1/1), chunk 38/39
[08:02:51 +4m 7s | thequantuminsider_2024_03_11_extropics_lite_paper_unveils_vision_for_next_generation_ai_t_b7b7cfa8] Repaired malformed JSON.
[08:02:51 +4m 7s | thequantuminsider_2024_03_11_extropics_lite_paper_unveils_vision_for_next_generation_ai_t_b7b7cfa8] Extracting actors: https://thequantuminsider.com/2024/03/11/extropics-lite-paper-unveils-vision-for-next-generation-ai-tech-superconducting-chips (1/1), chunk 39/39
[08:02:57 +4m 13s | thequantuminsider_2024_03_11_extropics_lite_paper_unveils_vision_for_next_generation_ai_t_b7b7cfa8] Repaired malformed JSON.
[08:02:57 +4m 13s | thequantuminsider_2024_03_11_extropics_lite_paper_unveils_vision_for_next_generation_ai_t_b7b7cfa8] Saved 1_actor_results.json with 59 extracted records

[08:02:57 +4m 13s | thequantuminsider_2024_03_11_extropics_lite_paper_unveils_vision_for_next_generation_ai_t_b7b7cfa8] === 2 clean actors ===
[08:02:57 +4m 13s | thequantuminsider_2024_03_11_extropics_lite_paper_unveils_vision_for_next_generation_ai_t_b7b7cfa8] Loaded 59 extracted records
[08:02:57 +4m 13s | thequantuminsider_2024_03_11_extropics_lite_paper_unveils_vision_for_next_generation_ai_t_b7b7cfa8] Saved 2_actor_nodes.json with 19 canonical actor nodes

[08:02:57 +4m 13s | thequantuminsider_2024_03_11_extropics_lite_paper_unveils_vision_for_next_generation_ai_t_b7b7cfa8] === 3 interaction extraction ===
[08:02:57 +4m 13s | thequantuminsider_2024_03_11_extropics_lite_paper_unveils_vision_for_next_generation_ai_t_b7b7cfa8] Extracting interactions: https://thequantuminsider.com/2024/03/11/extropics-lite-paper-unveils-vision-for-next-generation-ai-tech-superconducting-chips (1/1), chunk 11/39
[08:03:01 +4m 17s | thequantuminsider_2024_03_11_extropics_lite_paper_unveils_vision_for_next_generation_ai_t_b7b7cfa8] Extracting interactions: https://thequantuminsider.com/2024/03/11/extropics-lite-paper-unveils-vision-for-next-generation-ai-tech-superconducting-chips (1/1), chunk 16/39
[08:03:07 +4m 23s | thequantuminsider_2024_03_11_extropics_lite_paper_unveils_vision_for_next_generation_ai_t_b7b7cfa8] Extracting interactions: https://thequantuminsider.com/2024/03/11/extropics-lite-paper-unveils-vision-for-next-generation-ai-tech-superconducting-chips (1/1), chunk 17/39
[08:03:15 +4m 32s | thequantuminsider_2024_03_11_extropics_lite_paper_unveils_vision_for_next_generation_ai_t_b7b7cfa8] Extracting interactions: https://thequantuminsider.com/2024/03/11/extropics-lite-paper-unveils-vision-for-next-generation-ai-tech-superconducting-chips (1/1), chunk 18/39
[08:03:21 +4m 37s | thequantuminsider_2024_03_11_extropics_lite_paper_unveils_vision_for_next_generation_ai_t_b7b7cfa8] Extracting interactions: https://thequantuminsider.com/2024/03/11/extropics-lite-paper-unveils-vision-for-next-generation-ai-tech-superconducting-chips (1/1), chunk 19/39
[08:03:24 +4m 40s | thequantuminsider_2024_03_11_extropics_lite_paper_unveils_vision_for_next_generation_ai_t_b7b7cfa8] Extracting interactions: https://thequantuminsider.com/2024/03/11/extropics-lite-paper-unveils-vision-for-next-generation-ai-tech-superconducting-chips (1/1), chunk 20/39
[08:03:33 +4m 50s | thequantuminsider_2024_03_11_extropics_lite_paper_unveils_vision_for_next_generation_ai_t_b7b7cfa8] Extracting interactions: https://thequantuminsider.com/2024/03/11/extropics-lite-paper-unveils-vision-for-next-generation-ai-tech-superconducting-chips (1/1), chunk 21/39
[08:03:47 +5m 3s | thequantuminsider_2024_03_11_extropics_lite_paper_unveils_vision_for_next_generation_ai_t_b7b7cfa8] Extracting interactions: https://thequantuminsider.com/2024/03/11/extropics-lite-paper-unveils-vision-for-next-generation-ai-tech-superconducting-chips (1/1), chunk 22/39
[08:03:53 +5m 9s | thequantuminsider_2024_03_11_extropics_lite_paper_unveils_vision_for_next_generation_ai_t_b7b7cfa8] Extracting interactions: https://thequantuminsider.com/2024/03/11/extropics-lite-paper-unveils-vision-for-next-generation-ai-tech-superconducting-chips (1/1), chunk 23/39
[08:04:01 +5m 17s | thequantuminsider_2024_03_11_extropics_lite_paper_unveils_vision_for_next_generation_ai_t_b7b7cfa8] Extracting interactions: https://thequantuminsider.com/2024/03/11/extropics-lite-paper-unveils-vision-for-next-generation-ai-tech-superconducting-chips (1/1), chunk 24/39
[08:04:10 +5m 26s | thequantuminsider_2024_03_11_extropics_lite_paper_unveils_vision_for_next_generation_ai_t_b7b7cfa8] Extracting interactions: https://thequantuminsider.com/2024/03/11/extropics-lite-paper-unveils-vision-for-next-generation-ai-tech-superconducting-chips (1/1), chunk 25/39
[08:04:17 +5m 33s | thequantuminsider_2024_03_11_extropics_lite_paper_unveils_vision_for_next_generation_ai_t_b7b7cfa8] Extracting interactions: https://thequantuminsider.com/2024/03/11/extropics-lite-paper-unveils-vision-for-next-generation-ai-tech-superconducting-chips (1/1), chunk 26/39
[08:04:18 +5m 35s | thequantuminsider_2024_03_11_extropics_lite_paper_unveils_vision_for_next_generation_ai_t_b7b7cfa8] Extracting interactions: https://thequantuminsider.com/2024/03/11/extropics-lite-paper-unveils-vision-for-next-generation-ai-tech-superconducting-chips (1/1), chunk 28/39
[08:04:23 +5m 39s | thequantuminsider_2024_03_11_extropics_lite_paper_unveils_vision_for_next_generation_ai_t_b7b7cfa8] Extracting interactions: https://thequantuminsider.com/2024/03/11/extropics-lite-paper-unveils-vision-for-next-generation-ai-tech-superconducting-chips (1/1), chunk 29/39
[08:04:27 +5m 44s | thequantuminsider_2024_03_11_extropics_lite_paper_unveils_vision_for_next_generation_ai_t_b7b7cfa8] Extracting interactions: https://thequantuminsider.com/2024/03/11/extropics-lite-paper-unveils-vision-for-next-generation-ai-tech-superconducting-chips (1/1), chunk 30/39
[08:04:29 +5m 45s | thequantuminsider_2024_03_11_extropics_lite_paper_unveils_vision_for_next_generation_ai_t_b7b7cfa8] Extracting interactions: https://thequantuminsider.com/2024/03/11/extropics-lite-paper-unveils-vision-for-next-generation-ai-tech-superconducting-chips (1/1), chunk 32/39
[08:04:30 +5m 46s | thequantuminsider_2024_03_11_extropics_lite_paper_unveils_vision_for_next_generation_ai_t_b7b7cfa8] Extracting interactions: https://thequantuminsider.com/2024/03/11/extropics-lite-paper-unveils-vision-for-next-generation-ai-tech-superconducting-chips (1/1), chunk 33/39
[08:04:32 +5m 48s | thequantuminsider_2024_03_11_extropics_lite_paper_unveils_vision_for_next_generation_ai_t_b7b7cfa8] Extracting interactions: https://thequantuminsider.com/2024/03/11/extropics-lite-paper-unveils-vision-for-next-generation-ai-tech-superconducting-chips (1/1), chunk 34/39
[08:04:34 +5m 50s | thequantuminsider_2024_03_11_extropics_lite_paper_unveils_vision_for_next_generation_ai_t_b7b7cfa8] Extracting interactions: https://thequantuminsider.com/2024/03/11/extropics-lite-paper-unveils-vision-for-next-generation-ai-tech-superconducting-chips (1/1), chunk 35/39
[08:04:37 +5m 53s | thequantuminsider_2024_03_11_extropics_lite_paper_unveils_vision_for_next_generation_ai_t_b7b7cfa8] Extracting interactions: https://thequantuminsider.com/2024/03/11/extropics-lite-paper-unveils-vision-for-next-generation-ai-tech-superconducting-chips (1/1), chunk 37/39
[08:04:38 +5m 54s | thequantuminsider_2024_03_11_extropics_lite_paper_unveils_vision_for_next_generation_ai_t_b7b7cfa8] Extracting interactions: https://thequantuminsider.com/2024/03/11/extropics-lite-paper-unveils-vision-for-next-generation-ai-tech-superconducting-chips (1/1), chunk 38/39
[08:04:51 +6m 8s | thequantuminsider_2024_03_11_extropics_lite_paper_unveils_vision_for_next_generation_ai_t_b7b7cfa8] Extracting interactions: https://thequantuminsider.com/2024/03/11/extropics-lite-paper-unveils-vision-for-next-generation-ai-tech-superconducting-chips (1/1), chunk 39/39
[08:04:53 +6m 9s | thequantuminsider_2024_03_11_extropics_lite_paper_unveils_vision_for_next_generation_ai_t_b7b7cfa8] Saved 3_interaction_results.json with 21 extracted interactions.

[08:04:53 +6m 9s | thequantuminsider_2024_03_11_extropics_lite_paper_unveils_vision_for_next_generation_ai_t_b7b7cfa8] === 4 clean interactions ===
[08:04:53 +6m 9s | thequantuminsider_2024_03_11_extropics_lite_paper_unveils_vision_for_next_generation_ai_t_b7b7cfa8] Saved 4_edges.json with 1 cleaned interactions.

[08:04:53 +6m 9s | thequantuminsider_2024_03_11_extropics_lite_paper_unveils_vision_for_next_generation_ai_t_b7b7cfa8] === 5 helix enrichment ===
[08:04:53 +6m 9s | thequantuminsider_2024_03_11_extropics_lite_paper_unveils_vision_for_next_generation_ai_t_b7b7cfa8] Wrote 5_nodes.json (19 actors)
[08:04:53 +6m 9s | thequantuminsider_2024_03_11_extropics_lite_paper_unveils_vision_for_next_generation_ai_t_b7b7cfa8] Wrote 5_edges.json (1 interactions)
[08:04:53 +6m 9s | thequantuminsider_2024_03_11_extropics_lite_paper_unveils_vision_for_next_generation_ai_t_b7b7cfa8] Actor helix counts: {'Academia': 1, 'Civil Society': 2, 'Government': 3, 'Industry': 6, 'Intermediary': 1, 'Unknown': 6}
[08:04:53 +6m 9s | thequantuminsider_2024_03_11_extropics_lite_paper_unveils_vision_for_next_generation_ai_t_b7b7cfa8] Functional-space counts: {'Intra-helix / Not classified': 1}

[08:04:53 +6m 9s | thequantuminsider_2024_03_11_extropics_lite_paper_unveils_vision_for_next_generation_ai_t_b7b7cfa8] === 6 network visualisation ===
[08:04:53 +6m 9s | thequantuminsider_2024_03_11_extropics_lite_paper_unveils_vision_for_next_generation_ai_t_b7b7cfa8] Wrote quantum_network.html
[08:04:53 +6m 9s | thequantuminsider_2024_03_11_extropics_lite_paper_unveils_vision_for_next_generation_ai_t_b7b7cfa8] Nodes: 19
[08:04:53 +6m 9s | thequantuminsider_2024_03_11_extropics_lite_paper_unveils_vision_for_next_generation_ai_t_b7b7cfa8] Edges: 1

[08:04:53 +6m 10s | thequantuminsider_2024_03_11_extropics_lite_paper_unveils_vision_for_next_generation_ai_t_b7b7cfa8] Done. Outputs written to: /home/lv/IDP/idpdeeptech/pipeline/news_outputs/thequantuminsider_2024_03_11_extropics_lite_paper_unveils_vision_for_next_generation_ai_t_b7b7cfa8
[08:04:53 +6m 10s | thequantuminsider_2024_03_11_extropics_lite_paper_unveils_vision_for_next_generation_ai_t_b7b7cfa8] Log: /home/lv/IDP/idpdeeptech/pipeline/news_outputs/thequantuminsider_2024_03_11_extropics_lite_paper_unveils_vision_for_next_generation_ai_t_b7b7cfa8/run.log

========================================================================
RUN FINISHED 2026-07-02 08:04:53  (OK)
Started:     2026-07-02 07:58:44
Elapsed:     6m 10s
========================================================================
