
========================================================================
RUN STARTED  2026-07-01 17:24:49
site_pipeline.py https://thequantuminsider.com/2019/11/11/panelists-financial-companies-will-be-among-the-first-to-benefit-from-quantum-tech/
========================================================================

[17:24:49 +0s | thequantuminsider_2019_11_11_panelists_financial_companies_will_be_among_the_first_to_ben_815c3270] === 0 crawl site ===
[17:24:50 +1s | thequantuminsider_2019_11_11_panelists_financial_companies_will_be_among_the_first_to_ben_815c3270] [INIT].... → Crawl4AI 0.8.6 
[17:24:53 +5s | thequantuminsider_2019_11_11_panelists_financial_companies_will_be_among_the_first_to_ben_815c3270] [FETCH]... ↓ https://thequantuminsider.com/2019/11/11/panelis...be-among-the-first-to-benefit-from-quantum-tech/  | ✓ | ⏱: 3.46s 
[17:24:53 +5s | thequantuminsider_2019_11_11_panelists_financial_companies_will_be_among_the_first_to_ben_815c3270] [SCRAPE].. ◆ https://thequantuminsider.com/2019/11/11/panelis...be-among-the-first-to-benefit-from-quantum-tech/  | ✓ | ⏱: 0.10s 
[17:24:53 +5s | thequantuminsider_2019_11_11_panelists_financial_companies_will_be_among_the_first_to_ben_815c3270] [COMPLETE] ● https://thequantuminsider.com/2019/11/11/panelis...be-among-the-first-to-benefit-from-quantum-tech/  | ✓ | ⏱: 3.58s 
[17:24:53 +5s | thequantuminsider_2019_11_11_panelists_financial_companies_will_be_among_the_first_to_ben_815c3270] Saved: crawl_output/fe3170df77_thequantuminsider.com_2019_11_11_panelists-financial-companies-will-be-among-the-first-to-benefit-from-quantum-tech.json

[17:24:54 +5s | thequantuminsider_2019_11_11_panelists_financial_companies_will_be_among_the_first_to_ben_815c3270] === 1 actor extraction ===
[17:24:54 +5s | thequantuminsider_2019_11_11_panelists_financial_companies_will_be_among_the_first_to_ben_815c3270] Reading page (1/1): https://thequantuminsider.com/2019/11/11/panelists-financial-companies-will-be-among-the-first-to-benefit-from-quantum-tech
[17:24:54 +5s | thequantuminsider_2019_11_11_panelists_financial_companies_will_be_among_the_first_to_ben_815c3270] Extracting actors: https://thequantuminsider.com/2019/11/11/panelists-financial-companies-will-be-among-the-first-to-benefit-from-quantum-tech (1/1), chunk 1/39
[17:24:58 +10s | thequantuminsider_2019_11_11_panelists_financial_companies_will_be_among_the_first_to_ben_815c3270] Extracting actors: https://thequantuminsider.com/2019/11/11/panelists-financial-companies-will-be-among-the-first-to-benefit-from-quantum-tech (1/1), chunk 2/39
[17:25:07 +15s | thequantuminsider_2019_11_11_panelists_financial_companies_will_be_among_the_first_to_ben_815c3270] Extracting actors: https://thequantuminsider.com/2019/11/11/panelists-financial-companies-will-be-among-the-first-to-benefit-from-quantum-tech (1/1), chunk 3/39
[17:25:12 +21s | thequantuminsider_2019_11_11_panelists_financial_companies_will_be_among_the_first_to_ben_815c3270] Extracting actors: https://thequantuminsider.com/2019/11/11/panelists-financial-companies-will-be-among-the-first-to-benefit-from-quantum-tech (1/1), chunk 4/39
[17:25:18 +26s | thequantuminsider_2019_11_11_panelists_financial_companies_will_be_among_the_first_to_ben_815c3270] Extracting actors: https://thequantuminsider.com/2019/11/11/panelists-financial-companies-will-be-among-the-first-to-benefit-from-quantum-tech (1/1), chunk 5/39
[17:25:23 +31s | thequantuminsider_2019_11_11_panelists_financial_companies_will_be_among_the_first_to_ben_815c3270] Extracting actors: https://thequantuminsider.com/2019/11/11/panelists-financial-companies-will-be-among-the-first-to-benefit-from-quantum-tech (1/1), chunk 6/39
[17:25:27 +36s | thequantuminsider_2019_11_11_panelists_financial_companies_will_be_among_the_first_to_ben_815c3270] Extracting actors: https://thequantuminsider.com/2019/11/11/panelists-financial-companies-will-be-among-the-first-to-benefit-from-quantum-tech (1/1), chunk 7/39
[17:25:33 +42s | thequantuminsider_2019_11_11_panelists_financial_companies_will_be_among_the_first_to_ben_815c3270] Extracting actors: https://thequantuminsider.com/2019/11/11/panelists-financial-companies-will-be-among-the-first-to-benefit-from-quantum-tech (1/1), chunk 8/39
[17:25:41 +46s | thequantuminsider_2019_11_11_panelists_financial_companies_will_be_among_the_first_to_ben_815c3270] Extracting actors: https://thequantuminsider.com/2019/11/11/panelists-financial-companies-will-be-among-the-first-to-benefit-from-quantum-tech (1/1), chunk 9/39
[17:25:46 +52s | thequantuminsider_2019_11_11_panelists_financial_companies_will_be_among_the_first_to_ben_815c3270] Extracting actors: https://thequantuminsider.com/2019/11/11/panelists-financial-companies-will-be-among-the-first-to-benefit-from-quantum-tech (1/1), chunk 10/39
[17:25:55 +1m 1s | thequantuminsider_2019_11_11_panelists_financial_companies_will_be_among_the_first_to_ben_815c3270] Extracting actors: https://thequantuminsider.com/2019/11/11/panelists-financial-companies-will-be-among-the-first-to-benefit-from-quantum-tech (1/1), chunk 11/39
[17:26:00 +1m 6s | thequantuminsider_2019_11_11_panelists_financial_companies_will_be_among_the_first_to_ben_815c3270] Repaired malformed JSON.
[17:26:00 +1m 6s | thequantuminsider_2019_11_11_panelists_financial_companies_will_be_among_the_first_to_ben_815c3270] Extracting actors: https://thequantuminsider.com/2019/11/11/panelists-financial-companies-will-be-among-the-first-to-benefit-from-quantum-tech (1/1), chunk 12/39
[17:26:08 +1m 14s | thequantuminsider_2019_11_11_panelists_financial_companies_will_be_among_the_first_to_ben_815c3270] Repaired malformed JSON.
[17:26:08 +1m 14s | thequantuminsider_2019_11_11_panelists_financial_companies_will_be_among_the_first_to_ben_815c3270] Extracting actors: https://thequantuminsider.com/2019/11/11/panelists-financial-companies-will-be-among-the-first-to-benefit-from-quantum-tech (1/1), chunk 13/39
[17:26:20 +1m 22s | thequantuminsider_2019_11_11_panelists_financial_companies_will_be_among_the_first_to_ben_815c3270] Repaired malformed JSON.
[17:26:20 +1m 22s | thequantuminsider_2019_11_11_panelists_financial_companies_will_be_among_the_first_to_ben_815c3270] Extracting actors: https://thequantuminsider.com/2019/11/11/panelists-financial-companies-will-be-among-the-first-to-benefit-from-quantum-tech (1/1), chunk 14/39
[17:26:25 +1m 28s | thequantuminsider_2019_11_11_panelists_financial_companies_will_be_among_the_first_to_ben_815c3270] Repaired malformed JSON.
[17:26:25 +1m 28s | thequantuminsider_2019_11_11_panelists_financial_companies_will_be_among_the_first_to_ben_815c3270] Extracting actors: https://thequantuminsider.com/2019/11/11/panelists-financial-companies-will-be-among-the-first-to-benefit-from-quantum-tech (1/1), chunk 15/39
[17:26:32 +1m 34s | thequantuminsider_2019_11_11_panelists_financial_companies_will_be_among_the_first_to_ben_815c3270] Repaired malformed JSON.
[17:26:32 +1m 34s | thequantuminsider_2019_11_11_panelists_financial_companies_will_be_among_the_first_to_ben_815c3270] Extracting actors: https://thequantuminsider.com/2019/11/11/panelists-financial-companies-will-be-among-the-first-to-benefit-from-quantum-tech (1/1), chunk 16/39
[17:26:40 +1m 43s | thequantuminsider_2019_11_11_panelists_financial_companies_will_be_among_the_first_to_ben_815c3270] Repaired malformed JSON.
[17:26:40 +1m 43s | thequantuminsider_2019_11_11_panelists_financial_companies_will_be_among_the_first_to_ben_815c3270] Extracting actors: https://thequantuminsider.com/2019/11/11/panelists-financial-companies-will-be-among-the-first-to-benefit-from-quantum-tech (1/1), chunk 17/39
[17:26:48 +1m 48s | thequantuminsider_2019_11_11_panelists_financial_companies_will_be_among_the_first_to_ben_815c3270] Repaired malformed JSON.
[17:26:48 +1m 48s | thequantuminsider_2019_11_11_panelists_financial_companies_will_be_among_the_first_to_ben_815c3270] Extracting actors: https://thequantuminsider.com/2019/11/11/panelists-financial-companies-will-be-among-the-first-to-benefit-from-quantum-tech (1/1), chunk 18/39
[17:26:54 +1m 54s | thequantuminsider_2019_11_11_panelists_financial_companies_will_be_among_the_first_to_ben_815c3270] Repaired malformed JSON.
[17:26:54 +1m 54s | thequantuminsider_2019_11_11_panelists_financial_companies_will_be_among_the_first_to_ben_815c3270] Extracting actors: https://thequantuminsider.com/2019/11/11/panelists-financial-companies-will-be-among-the-first-to-benefit-from-quantum-tech (1/1), chunk 19/39
[17:27:01 +2m 0s | thequantuminsider_2019_11_11_panelists_financial_companies_will_be_among_the_first_to_ben_815c3270] Repaired malformed JSON.
[17:27:01 +2m 0s | thequantuminsider_2019_11_11_panelists_financial_companies_will_be_among_the_first_to_ben_815c3270] Extracting actors: https://thequantuminsider.com/2019/11/11/panelists-financial-companies-will-be-among-the-first-to-benefit-from-quantum-tech (1/1), chunk 20/39
[17:27:09 +2m 8s | thequantuminsider_2019_11_11_panelists_financial_companies_will_be_among_the_first_to_ben_815c3270] Repaired malformed JSON.
[17:27:09 +2m 8s | thequantuminsider_2019_11_11_panelists_financial_companies_will_be_among_the_first_to_ben_815c3270] Extracting actors: https://thequantuminsider.com/2019/11/11/panelists-financial-companies-will-be-among-the-first-to-benefit-from-quantum-tech (1/1), chunk 21/39
[17:27:15 +2m 15s | thequantuminsider_2019_11_11_panelists_financial_companies_will_be_among_the_first_to_ben_815c3270] Repaired malformed JSON.
[17:27:15 +2m 15s | thequantuminsider_2019_11_11_panelists_financial_companies_will_be_among_the_first_to_ben_815c3270] Extracting actors: https://thequantuminsider.com/2019/11/11/panelists-financial-companies-will-be-among-the-first-to-benefit-from-quantum-tech (1/1), chunk 22/39
[17:27:26 +2m 23s | thequantuminsider_2019_11_11_panelists_financial_companies_will_be_among_the_first_to_ben_815c3270] Repaired malformed JSON.
[17:27:26 +2m 23s | thequantuminsider_2019_11_11_panelists_financial_companies_will_be_among_the_first_to_ben_815c3270] Extracting actors: https://thequantuminsider.com/2019/11/11/panelists-financial-companies-will-be-among-the-first-to-benefit-from-quantum-tech (1/1), chunk 23/39
[17:27:31 +2m 28s | thequantuminsider_2019_11_11_panelists_financial_companies_will_be_among_the_first_to_ben_815c3270] Repaired malformed JSON.
[17:27:31 +2m 28s | thequantuminsider_2019_11_11_panelists_financial_companies_will_be_among_the_first_to_ben_815c3270] Extracting actors: https://thequantuminsider.com/2019/11/11/panelists-financial-companies-will-be-among-the-first-to-benefit-from-quantum-tech (1/1), chunk 24/39
[17:27:37 +2m 34s | thequantuminsider_2019_11_11_panelists_financial_companies_will_be_among_the_first_to_ben_815c3270] Repaired malformed JSON.
[17:27:37 +2m 34s | thequantuminsider_2019_11_11_panelists_financial_companies_will_be_among_the_first_to_ben_815c3270] Extracting actors: https://thequantuminsider.com/2019/11/11/panelists-financial-companies-will-be-among-the-first-to-benefit-from-quantum-tech (1/1), chunk 25/39
[17:27:45 +2m 42s | thequantuminsider_2019_11_11_panelists_financial_companies_will_be_among_the_first_to_ben_815c3270] Extracting actors: https://thequantuminsider.com/2019/11/11/panelists-financial-companies-will-be-among-the-first-to-benefit-from-quantum-tech (1/1), chunk 26/39
[17:27:52 +2m 49s | thequantuminsider_2019_11_11_panelists_financial_companies_will_be_among_the_first_to_ben_815c3270] Repaired malformed JSON.
[17:27:52 +2m 49s | thequantuminsider_2019_11_11_panelists_financial_companies_will_be_among_the_first_to_ben_815c3270] Extracting actors: https://thequantuminsider.com/2019/11/11/panelists-financial-companies-will-be-among-the-first-to-benefit-from-quantum-tech (1/1), chunk 27/39
[17:28:00 +2m 53s | thequantuminsider_2019_11_11_panelists_financial_companies_will_be_among_the_first_to_ben_815c3270] Extracting actors: https://thequantuminsider.com/2019/11/11/panelists-financial-companies-will-be-among-the-first-to-benefit-from-quantum-tech (1/1), chunk 28/39
[17:28:03 +2m 57s | thequantuminsider_2019_11_11_panelists_financial_companies_will_be_among_the_first_to_ben_815c3270] Extracting actors: https://thequantuminsider.com/2019/11/11/panelists-financial-companies-will-be-among-the-first-to-benefit-from-quantum-tech (1/1), chunk 29/39
[17:28:10 +3m 4s | thequantuminsider_2019_11_11_panelists_financial_companies_will_be_among_the_first_to_ben_815c3270] Repaired malformed JSON.
[17:28:10 +3m 4s | thequantuminsider_2019_11_11_panelists_financial_companies_will_be_among_the_first_to_ben_815c3270] Extracting actors: https://thequantuminsider.com/2019/11/11/panelists-financial-companies-will-be-among-the-first-to-benefit-from-quantum-tech (1/1), chunk 30/39
[17:28:18 +3m 12s | thequantuminsider_2019_11_11_panelists_financial_companies_will_be_among_the_first_to_ben_815c3270] Repaired malformed JSON.
[17:28:18 +3m 12s | thequantuminsider_2019_11_11_panelists_financial_companies_will_be_among_the_first_to_ben_815c3270] Extracting actors: https://thequantuminsider.com/2019/11/11/panelists-financial-companies-will-be-among-the-first-to-benefit-from-quantum-tech (1/1), chunk 31/39
[17:28:24 +3m 18s | thequantuminsider_2019_11_11_panelists_financial_companies_will_be_among_the_first_to_ben_815c3270] Repaired malformed JSON.
[17:28:24 +3m 18s | thequantuminsider_2019_11_11_panelists_financial_companies_will_be_among_the_first_to_ben_815c3270] Extracting actors: https://thequantuminsider.com/2019/11/11/panelists-financial-companies-will-be-among-the-first-to-benefit-from-quantum-tech (1/1), chunk 32/39
[17:28:34 +3m 25s | thequantuminsider_2019_11_11_panelists_financial_companies_will_be_among_the_first_to_ben_815c3270] Repaired malformed JSON.
[17:28:34 +3m 25s | thequantuminsider_2019_11_11_panelists_financial_companies_will_be_among_the_first_to_ben_815c3270] Extracting actors: https://thequantuminsider.com/2019/11/11/panelists-financial-companies-will-be-among-the-first-to-benefit-from-quantum-tech (1/1), chunk 33/39
[17:28:42 +3m 33s | thequantuminsider_2019_11_11_panelists_financial_companies_will_be_among_the_first_to_ben_815c3270] Repaired malformed JSON.
[17:28:42 +3m 33s | thequantuminsider_2019_11_11_panelists_financial_companies_will_be_among_the_first_to_ben_815c3270] Extracting actors: https://thequantuminsider.com/2019/11/11/panelists-financial-companies-will-be-among-the-first-to-benefit-from-quantum-tech (1/1), chunk 34/39
[17:28:48 +3m 39s | thequantuminsider_2019_11_11_panelists_financial_companies_will_be_among_the_first_to_ben_815c3270] Repaired malformed JSON.
[17:28:48 +3m 39s | thequantuminsider_2019_11_11_panelists_financial_companies_will_be_among_the_first_to_ben_815c3270] Extracting actors: https://thequantuminsider.com/2019/11/11/panelists-financial-companies-will-be-among-the-first-to-benefit-from-quantum-tech (1/1), chunk 35/39
[17:28:57 +3m 48s | thequantuminsider_2019_11_11_panelists_financial_companies_will_be_among_the_first_to_ben_815c3270] Repaired malformed JSON.
[17:28:57 +3m 48s | thequantuminsider_2019_11_11_panelists_financial_companies_will_be_among_the_first_to_ben_815c3270] Extracting actors: https://thequantuminsider.com/2019/11/11/panelists-financial-companies-will-be-among-the-first-to-benefit-from-quantum-tech (1/1), chunk 36/39
[17:29:09 +3m 57s | thequantuminsider_2019_11_11_panelists_financial_companies_will_be_among_the_first_to_ben_815c3270] Repaired malformed JSON.
[17:29:09 +3m 57s | thequantuminsider_2019_11_11_panelists_financial_companies_will_be_among_the_first_to_ben_815c3270] Extracting actors: https://thequantuminsider.com/2019/11/11/panelists-financial-companies-will-be-among-the-first-to-benefit-from-quantum-tech (1/1), chunk 37/39
[17:29:13 +4m 1s | thequantuminsider_2019_11_11_panelists_financial_companies_will_be_among_the_first_to_ben_815c3270] Extracting actors: https://thequantuminsider.com/2019/11/11/panelists-financial-companies-will-be-among-the-first-to-benefit-from-quantum-tech (1/1), chunk 38/39
[17:29:19 +4m 7s | thequantuminsider_2019_11_11_panelists_financial_companies_will_be_among_the_first_to_ben_815c3270] Repaired malformed JSON.
[17:29:19 +4m 7s | thequantuminsider_2019_11_11_panelists_financial_companies_will_be_among_the_first_to_ben_815c3270] Extracting actors: https://thequantuminsider.com/2019/11/11/panelists-financial-companies-will-be-among-the-first-to-benefit-from-quantum-tech (1/1), chunk 39/39
[17:29:24 +4m 12s | thequantuminsider_2019_11_11_panelists_financial_companies_will_be_among_the_first_to_ben_815c3270] Repaired malformed JSON.
[17:29:24 +4m 12s | thequantuminsider_2019_11_11_panelists_financial_companies_will_be_among_the_first_to_ben_815c3270] Saved 1_actor_results.json with 61 extracted records

[17:29:24 +4m 12s | thequantuminsider_2019_11_11_panelists_financial_companies_will_be_among_the_first_to_ben_815c3270] === 2 clean actors ===
[17:29:24 +4m 12s | thequantuminsider_2019_11_11_panelists_financial_companies_will_be_among_the_first_to_ben_815c3270] Loaded 61 extracted records
[17:29:24 +4m 12s | thequantuminsider_2019_11_11_panelists_financial_companies_will_be_among_the_first_to_ben_815c3270] Saved 2_actor_nodes.json with 19 canonical actor nodes

[17:29:24 +4m 12s | thequantuminsider_2019_11_11_panelists_financial_companies_will_be_among_the_first_to_ben_815c3270] === 3 interaction extraction ===
[17:29:24 +4m 12s | thequantuminsider_2019_11_11_panelists_financial_companies_will_be_among_the_first_to_ben_815c3270] Extracting interactions: https://thequantuminsider.com/2019/11/11/panelists-financial-companies-will-be-among-the-first-to-benefit-from-quantum-tech (1/1), chunk 12/39
[17:29:30 +4m 18s | thequantuminsider_2019_11_11_panelists_financial_companies_will_be_among_the_first_to_ben_815c3270] Extracting interactions: https://thequantuminsider.com/2019/11/11/panelists-financial-companies-will-be-among-the-first-to-benefit-from-quantum-tech (1/1), chunk 13/39
[17:29:36 +4m 23s | thequantuminsider_2019_11_11_panelists_financial_companies_will_be_among_the_first_to_ben_815c3270] Extracting interactions: https://thequantuminsider.com/2019/11/11/panelists-financial-companies-will-be-among-the-first-to-benefit-from-quantum-tech (1/1), chunk 14/39
[17:29:40 +4m 28s | thequantuminsider_2019_11_11_panelists_financial_companies_will_be_among_the_first_to_ben_815c3270] Extracting interactions: https://thequantuminsider.com/2019/11/11/panelists-financial-companies-will-be-among-the-first-to-benefit-from-quantum-tech (1/1), chunk 15/39
[17:29:54 +4m 39s | thequantuminsider_2019_11_11_panelists_financial_companies_will_be_among_the_first_to_ben_815c3270] Extracting interactions: https://thequantuminsider.com/2019/11/11/panelists-financial-companies-will-be-among-the-first-to-benefit-from-quantum-tech (1/1), chunk 16/39
[17:29:56 +4m 41s | thequantuminsider_2019_11_11_panelists_financial_companies_will_be_among_the_first_to_ben_815c3270] Extracting interactions: https://thequantuminsider.com/2019/11/11/panelists-financial-companies-will-be-among-the-first-to-benefit-from-quantum-tech (1/1), chunk 17/39
[17:30:05 +4m 50s | thequantuminsider_2019_11_11_panelists_financial_companies_will_be_among_the_first_to_ben_815c3270] Extracting interactions: https://thequantuminsider.com/2019/11/11/panelists-financial-companies-will-be-among-the-first-to-benefit-from-quantum-tech (1/1), chunk 18/39
[17:30:11 +4m 56s | thequantuminsider_2019_11_11_panelists_financial_companies_will_be_among_the_first_to_ben_815c3270] Extracting interactions: https://thequantuminsider.com/2019/11/11/panelists-financial-companies-will-be-among-the-first-to-benefit-from-quantum-tech (1/1), chunk 19/39
[17:30:23 +5m 5s | thequantuminsider_2019_11_11_panelists_financial_companies_will_be_among_the_first_to_ben_815c3270] Extracting interactions: https://thequantuminsider.com/2019/11/11/panelists-financial-companies-will-be-among-the-first-to-benefit-from-quantum-tech (1/1), chunk 20/39
[17:30:29 +5m 12s | thequantuminsider_2019_11_11_panelists_financial_companies_will_be_among_the_first_to_ben_815c3270] Extracting interactions: https://thequantuminsider.com/2019/11/11/panelists-financial-companies-will-be-among-the-first-to-benefit-from-quantum-tech (1/1), chunk 21/39
[17:30:41 +5m 23s | thequantuminsider_2019_11_11_panelists_financial_companies_will_be_among_the_first_to_ben_815c3270] Extracting interactions: https://thequantuminsider.com/2019/11/11/panelists-financial-companies-will-be-among-the-first-to-benefit-from-quantum-tech (1/1), chunk 22/39
[17:30:49 +5m 31s | thequantuminsider_2019_11_11_panelists_financial_companies_will_be_among_the_first_to_ben_815c3270] Extracting interactions: https://thequantuminsider.com/2019/11/11/panelists-financial-companies-will-be-among-the-first-to-benefit-from-quantum-tech (1/1), chunk 23/39
[17:31:01 +5m 40s | thequantuminsider_2019_11_11_panelists_financial_companies_will_be_among_the_first_to_ben_815c3270] Extracting interactions: https://thequantuminsider.com/2019/11/11/panelists-financial-companies-will-be-among-the-first-to-benefit-from-quantum-tech (1/1), chunk 25/39
[17:31:02 +5m 41s | thequantuminsider_2019_11_11_panelists_financial_companies_will_be_among_the_first_to_ben_815c3270] Extracting interactions: https://thequantuminsider.com/2019/11/11/panelists-financial-companies-will-be-among-the-first-to-benefit-from-quantum-tech (1/1), chunk 26/39
[17:31:06 +5m 45s | thequantuminsider_2019_11_11_panelists_financial_companies_will_be_among_the_first_to_ben_815c3270] Extracting interactions: https://thequantuminsider.com/2019/11/11/panelists-financial-companies-will-be-among-the-first-to-benefit-from-quantum-tech (1/1), chunk 27/39
[17:31:08 +5m 48s | thequantuminsider_2019_11_11_panelists_financial_companies_will_be_among_the_first_to_ben_815c3270] Extracting interactions: https://thequantuminsider.com/2019/11/11/panelists-financial-companies-will-be-among-the-first-to-benefit-from-quantum-tech (1/1), chunk 30/39
[17:31:10 +5m 49s | thequantuminsider_2019_11_11_panelists_financial_companies_will_be_among_the_first_to_ben_815c3270] Extracting interactions: https://thequantuminsider.com/2019/11/11/panelists-financial-companies-will-be-among-the-first-to-benefit-from-quantum-tech (1/1), chunk 31/39
[17:31:12 +5m 51s | thequantuminsider_2019_11_11_panelists_financial_companies_will_be_among_the_first_to_ben_815c3270] Extracting interactions: https://thequantuminsider.com/2019/11/11/panelists-financial-companies-will-be-among-the-first-to-benefit-from-quantum-tech (1/1), chunk 32/39
[17:31:13 +5m 52s | thequantuminsider_2019_11_11_panelists_financial_companies_will_be_among_the_first_to_ben_815c3270] Extracting interactions: https://thequantuminsider.com/2019/11/11/panelists-financial-companies-will-be-among-the-first-to-benefit-from-quantum-tech (1/1), chunk 33/39
[17:31:15 +5m 54s | thequantuminsider_2019_11_11_panelists_financial_companies_will_be_among_the_first_to_ben_815c3270] Extracting interactions: https://thequantuminsider.com/2019/11/11/panelists-financial-companies-will-be-among-the-first-to-benefit-from-quantum-tech (1/1), chunk 35/39
[17:31:17 +5m 56s | thequantuminsider_2019_11_11_panelists_financial_companies_will_be_among_the_first_to_ben_815c3270] Extracting interactions: https://thequantuminsider.com/2019/11/11/panelists-financial-companies-will-be-among-the-first-to-benefit-from-quantum-tech (1/1), chunk 36/39
[17:31:19 +5m 58s | thequantuminsider_2019_11_11_panelists_financial_companies_will_be_among_the_first_to_ben_815c3270] Saved 3_interaction_results.json with 17 extracted interactions.

[17:31:19 +5m 58s | thequantuminsider_2019_11_11_panelists_financial_companies_will_be_among_the_first_to_ben_815c3270] === 4 clean interactions ===
[17:31:19 +5m 58s | thequantuminsider_2019_11_11_panelists_financial_companies_will_be_among_the_first_to_ben_815c3270] Saved 4_edges.json with 2 cleaned interactions.

[17:31:19 +5m 58s | thequantuminsider_2019_11_11_panelists_financial_companies_will_be_among_the_first_to_ben_815c3270] === 5 helix enrichment ===
[17:31:19 +5m 58s | thequantuminsider_2019_11_11_panelists_financial_companies_will_be_among_the_first_to_ben_815c3270] Wrote 5_nodes.json (19 actors)
[17:31:19 +5m 58s | thequantuminsider_2019_11_11_panelists_financial_companies_will_be_among_the_first_to_ben_815c3270] Wrote 5_edges.json (2 interactions)
[17:31:19 +5m 58s | thequantuminsider_2019_11_11_panelists_financial_companies_will_be_among_the_first_to_ben_815c3270] Actor helix counts: {'Academia': 1, 'Civil Society': 5, 'Government': 3, 'Industry': 4, 'Intermediary': 1, 'Unknown': 5}
[17:31:19 +5m 58s | thequantuminsider_2019_11_11_panelists_financial_companies_will_be_among_the_first_to_ben_815c3270] Functional-space counts: {'Public': 2}

[17:31:19 +5m 58s | thequantuminsider_2019_11_11_panelists_financial_companies_will_be_among_the_first_to_ben_815c3270] === 6 network visualisation ===
[17:31:19 +5m 58s | thequantuminsider_2019_11_11_panelists_financial_companies_will_be_among_the_first_to_ben_815c3270] Wrote quantum_network.html
[17:31:19 +5m 58s | thequantuminsider_2019_11_11_panelists_financial_companies_will_be_among_the_first_to_ben_815c3270] Nodes: 19
[17:31:19 +5m 58s | thequantuminsider_2019_11_11_panelists_financial_companies_will_be_among_the_first_to_ben_815c3270] Edges: 1

[17:31:19 +5m 58s | thequantuminsider_2019_11_11_panelists_financial_companies_will_be_among_the_first_to_ben_815c3270] Done. Outputs written to: /home/lv/IDP/idpdeeptech/pipeline/news_outputs/thequantuminsider_2019_11_11_panelists_financial_companies_will_be_among_the_first_to_ben_815c3270
[17:31:19 +5m 58s | thequantuminsider_2019_11_11_panelists_financial_companies_will_be_among_the_first_to_ben_815c3270] Log: /home/lv/IDP/idpdeeptech/pipeline/news_outputs/thequantuminsider_2019_11_11_panelists_financial_companies_will_be_among_the_first_to_ben_815c3270/run.log

========================================================================
RUN FINISHED 2026-07-01 17:31:19  (OK)
Started:     2026-07-01 17:24:49
Elapsed:     5m 58s
========================================================================
