
========================================================================
RUN STARTED  2026-07-01 22:52:11
site_pipeline.py https://thequantuminsider.com/2021/07/12/tqd-podcast-episode-1-the-genesis-of-the-quantum-daily-where-the-industry-is-heading/
========================================================================

[22:52:11 +0s | thequantuminsider_2021_07_12_tqd_podcast_episode_1_the_genesis_of_the_quantum_daily_where_242d5689] === 0 crawl site ===
[22:52:12 +1s | thequantuminsider_2021_07_12_tqd_podcast_episode_1_the_genesis_of_the_quantum_daily_where_242d5689] [INIT].... → Crawl4AI 0.8.6 
[22:52:18 +4s | thequantuminsider_2021_07_12_tqd_podcast_episode_1_the_genesis_of_the_quantum_daily_where_242d5689] [FETCH]... ↓ https://thequantuminsider.com/2021/07/12/tqd-pod...the-quantum-daily-where-the-industry-is-heading/  | ✓ | ⏱: 3.20s 
[22:52:18 +4s | thequantuminsider_2021_07_12_tqd_podcast_episode_1_the_genesis_of_the_quantum_daily_where_242d5689] [SCRAPE].. ◆ https://thequantuminsider.com/2021/07/12/tqd-pod...the-quantum-daily-where-the-industry-is-heading/  | ✓ | ⏱: 0.11s 
[22:52:18 +4s | thequantuminsider_2021_07_12_tqd_podcast_episode_1_the_genesis_of_the_quantum_daily_where_242d5689] [COMPLETE] ● https://thequantuminsider.com/2021/07/12/tqd-pod...the-quantum-daily-where-the-industry-is-heading/  | ✓ | ⏱: 3.33s 
[22:52:18 +4s | thequantuminsider_2021_07_12_tqd_podcast_episode_1_the_genesis_of_the_quantum_daily_where_242d5689] Saved: crawl_output/e3e50272b9_thequantuminsider.com_2021_07_12_tqd-podcast-episode-1-the-genesis-of-the-quantum-daily-where-the-industry-is-heading.json

[22:52:18 +5s | thequantuminsider_2021_07_12_tqd_podcast_episode_1_the_genesis_of_the_quantum_daily_where_242d5689] === 1 actor extraction ===
[22:52:19 +5s | thequantuminsider_2021_07_12_tqd_podcast_episode_1_the_genesis_of_the_quantum_daily_where_242d5689] Reading page (1/1): https://thequantuminsider.com/2021/07/12/tqd-podcast-episode-1-the-genesis-of-the-quantum-daily-where-the-industry-is-heading
[22:52:19 +5s | thequantuminsider_2021_07_12_tqd_podcast_episode_1_the_genesis_of_the_quantum_daily_where_242d5689] Extracting actors: https://thequantuminsider.com/2021/07/12/tqd-podcast-episode-1-the-genesis-of-the-quantum-daily-where-the-industry-is-heading (1/1), chunk 1/35
[22:52:24 +10s | thequantuminsider_2021_07_12_tqd_podcast_episode_1_the_genesis_of_the_quantum_daily_where_242d5689] Extracting actors: https://thequantuminsider.com/2021/07/12/tqd-podcast-episode-1-the-genesis-of-the-quantum-daily-where-the-industry-is-heading (1/1), chunk 2/35
[22:52:31 +17s | thequantuminsider_2021_07_12_tqd_podcast_episode_1_the_genesis_of_the_quantum_daily_where_242d5689] Extracting actors: https://thequantuminsider.com/2021/07/12/tqd-podcast-episode-1-the-genesis-of-the-quantum-daily-where-the-industry-is-heading (1/1), chunk 3/35
[22:52:36 +22s | thequantuminsider_2021_07_12_tqd_podcast_episode_1_the_genesis_of_the_quantum_daily_where_242d5689] Extracting actors: https://thequantuminsider.com/2021/07/12/tqd-podcast-episode-1-the-genesis-of-the-quantum-daily-where-the-industry-is-heading (1/1), chunk 4/35
[22:52:40 +26s | thequantuminsider_2021_07_12_tqd_podcast_episode_1_the_genesis_of_the_quantum_daily_where_242d5689] Extracting actors: https://thequantuminsider.com/2021/07/12/tqd-podcast-episode-1-the-genesis-of-the-quantum-daily-where-the-industry-is-heading (1/1), chunk 5/35
[22:52:46 +32s | thequantuminsider_2021_07_12_tqd_podcast_episode_1_the_genesis_of_the_quantum_daily_where_242d5689] Extracting actors: https://thequantuminsider.com/2021/07/12/tqd-podcast-episode-1-the-genesis-of-the-quantum-daily-where-the-industry-is-heading (1/1), chunk 6/35
[22:52:56 +39s | thequantuminsider_2021_07_12_tqd_podcast_episode_1_the_genesis_of_the_quantum_daily_where_242d5689] Extracting actors: https://thequantuminsider.com/2021/07/12/tqd-podcast-episode-1-the-genesis-of-the-quantum-daily-where-the-industry-is-heading (1/1), chunk 7/35
[22:53:00 +43s | thequantuminsider_2021_07_12_tqd_podcast_episode_1_the_genesis_of_the_quantum_daily_where_242d5689] Extracting actors: https://thequantuminsider.com/2021/07/12/tqd-podcast-episode-1-the-genesis-of-the-quantum-daily-where-the-industry-is-heading (1/1), chunk 8/35
[22:53:06 +49s | thequantuminsider_2021_07_12_tqd_podcast_episode_1_the_genesis_of_the_quantum_daily_where_242d5689] Extracting actors: https://thequantuminsider.com/2021/07/12/tqd-podcast-episode-1-the-genesis-of-the-quantum-daily-where-the-industry-is-heading (1/1), chunk 9/35
[22:53:13 +56s | thequantuminsider_2021_07_12_tqd_podcast_episode_1_the_genesis_of_the_quantum_daily_where_242d5689] Extracting actors: https://thequantuminsider.com/2021/07/12/tqd-podcast-episode-1-the-genesis-of-the-quantum-daily-where-the-industry-is-heading (1/1), chunk 10/35
[22:53:20 +1m 4s | thequantuminsider_2021_07_12_tqd_podcast_episode_1_the_genesis_of_the_quantum_daily_where_242d5689] Extracting actors: https://thequantuminsider.com/2021/07/12/tqd-podcast-episode-1-the-genesis-of-the-quantum-daily-where-the-industry-is-heading (1/1), chunk 11/35
[22:53:30 +1m 11s | thequantuminsider_2021_07_12_tqd_podcast_episode_1_the_genesis_of_the_quantum_daily_where_242d5689] Repaired malformed JSON.
[22:53:30 +1m 11s | thequantuminsider_2021_07_12_tqd_podcast_episode_1_the_genesis_of_the_quantum_daily_where_242d5689] Extracting actors: https://thequantuminsider.com/2021/07/12/tqd-podcast-episode-1-the-genesis-of-the-quantum-daily-where-the-industry-is-heading (1/1), chunk 12/35
[22:53:38 +1m 19s | thequantuminsider_2021_07_12_tqd_podcast_episode_1_the_genesis_of_the_quantum_daily_where_242d5689] Repaired malformed JSON.
[22:53:38 +1m 19s | thequantuminsider_2021_07_12_tqd_podcast_episode_1_the_genesis_of_the_quantum_daily_where_242d5689] Extracting actors: https://thequantuminsider.com/2021/07/12/tqd-podcast-episode-1-the-genesis-of-the-quantum-daily-where-the-industry-is-heading (1/1), chunk 13/35
[22:53:47 +1m 27s | thequantuminsider_2021_07_12_tqd_podcast_episode_1_the_genesis_of_the_quantum_daily_where_242d5689] Repaired malformed JSON.
[22:53:47 +1m 27s | thequantuminsider_2021_07_12_tqd_podcast_episode_1_the_genesis_of_the_quantum_daily_where_242d5689] Extracting actors: https://thequantuminsider.com/2021/07/12/tqd-podcast-episode-1-the-genesis-of-the-quantum-daily-where-the-industry-is-heading (1/1), chunk 14/35
[22:53:55 +1m 36s | thequantuminsider_2021_07_12_tqd_podcast_episode_1_the_genesis_of_the_quantum_daily_where_242d5689] Repaired malformed JSON.
[22:53:55 +1m 36s | thequantuminsider_2021_07_12_tqd_podcast_episode_1_the_genesis_of_the_quantum_daily_where_242d5689] Extracting actors: https://thequantuminsider.com/2021/07/12/tqd-podcast-episode-1-the-genesis-of-the-quantum-daily-where-the-industry-is-heading (1/1), chunk 15/35
[22:54:06 +1m 43s | thequantuminsider_2021_07_12_tqd_podcast_episode_1_the_genesis_of_the_quantum_daily_where_242d5689] Repaired malformed JSON.
[22:54:06 +1m 43s | thequantuminsider_2021_07_12_tqd_podcast_episode_1_the_genesis_of_the_quantum_daily_where_242d5689] Extracting actors: https://thequantuminsider.com/2021/07/12/tqd-podcast-episode-1-the-genesis-of-the-quantum-daily-where-the-industry-is-heading (1/1), chunk 16/35
[22:54:13 +1m 51s | thequantuminsider_2021_07_12_tqd_podcast_episode_1_the_genesis_of_the_quantum_daily_where_242d5689] Repaired malformed JSON.
[22:54:13 +1m 51s | thequantuminsider_2021_07_12_tqd_podcast_episode_1_the_genesis_of_the_quantum_daily_where_242d5689] Extracting actors: https://thequantuminsider.com/2021/07/12/tqd-podcast-episode-1-the-genesis-of-the-quantum-daily-where-the-industry-is-heading (1/1), chunk 17/35
[22:54:20 +1m 57s | thequantuminsider_2021_07_12_tqd_podcast_episode_1_the_genesis_of_the_quantum_daily_where_242d5689] Repaired malformed JSON.
[22:54:20 +1m 57s | thequantuminsider_2021_07_12_tqd_podcast_episode_1_the_genesis_of_the_quantum_daily_where_242d5689] Extracting actors: https://thequantuminsider.com/2021/07/12/tqd-podcast-episode-1-the-genesis-of-the-quantum-daily-where-the-industry-is-heading (1/1), chunk 18/35
[22:54:27 +2m 5s | thequantuminsider_2021_07_12_tqd_podcast_episode_1_the_genesis_of_the_quantum_daily_where_242d5689] Repaired malformed JSON.
[22:54:27 +2m 5s | thequantuminsider_2021_07_12_tqd_podcast_episode_1_the_genesis_of_the_quantum_daily_where_242d5689] Extracting actors: https://thequantuminsider.com/2021/07/12/tqd-podcast-episode-1-the-genesis-of-the-quantum-daily-where-the-industry-is-heading (1/1), chunk 19/35
[22:54:38 +2m 13s | thequantuminsider_2021_07_12_tqd_podcast_episode_1_the_genesis_of_the_quantum_daily_where_242d5689] Repaired malformed JSON.
[22:54:38 +2m 13s | thequantuminsider_2021_07_12_tqd_podcast_episode_1_the_genesis_of_the_quantum_daily_where_242d5689] Extracting actors: https://thequantuminsider.com/2021/07/12/tqd-podcast-episode-1-the-genesis-of-the-quantum-daily-where-the-industry-is-heading (1/1), chunk 20/35
[22:54:45 +2m 20s | thequantuminsider_2021_07_12_tqd_podcast_episode_1_the_genesis_of_the_quantum_daily_where_242d5689] Repaired malformed JSON.
[22:54:45 +2m 20s | thequantuminsider_2021_07_12_tqd_podcast_episode_1_the_genesis_of_the_quantum_daily_where_242d5689] Extracting actors: https://thequantuminsider.com/2021/07/12/tqd-podcast-episode-1-the-genesis-of-the-quantum-daily-where-the-industry-is-heading (1/1), chunk 21/35
[22:54:52 +2m 27s | thequantuminsider_2021_07_12_tqd_podcast_episode_1_the_genesis_of_the_quantum_daily_where_242d5689] Repaired malformed JSON.
[22:54:52 +2m 27s | thequantuminsider_2021_07_12_tqd_podcast_episode_1_the_genesis_of_the_quantum_daily_where_242d5689] Extracting actors: https://thequantuminsider.com/2021/07/12/tqd-podcast-episode-1-the-genesis-of-the-quantum-daily-where-the-industry-is-heading (1/1), chunk 22/35
[22:54:58 +2m 33s | thequantuminsider_2021_07_12_tqd_podcast_episode_1_the_genesis_of_the_quantum_daily_where_242d5689] Repaired malformed JSON.
[22:54:58 +2m 33s | thequantuminsider_2021_07_12_tqd_podcast_episode_1_the_genesis_of_the_quantum_daily_where_242d5689] Extracting actors: https://thequantuminsider.com/2021/07/12/tqd-podcast-episode-1-the-genesis-of-the-quantum-daily-where-the-industry-is-heading (1/1), chunk 23/35
[22:55:02 +2m 37s | thequantuminsider_2021_07_12_tqd_podcast_episode_1_the_genesis_of_the_quantum_daily_where_242d5689] Extracting actors: https://thequantuminsider.com/2021/07/12/tqd-podcast-episode-1-the-genesis-of-the-quantum-daily-where-the-industry-is-heading (1/1), chunk 24/35
[22:55:14 +2m 45s | thequantuminsider_2021_07_12_tqd_podcast_episode_1_the_genesis_of_the_quantum_daily_where_242d5689] Repaired malformed JSON.
[22:55:14 +2m 45s | thequantuminsider_2021_07_12_tqd_podcast_episode_1_the_genesis_of_the_quantum_daily_where_242d5689] Extracting actors: https://thequantuminsider.com/2021/07/12/tqd-podcast-episode-1-the-genesis-of-the-quantum-daily-where-the-industry-is-heading (1/1), chunk 25/35
[22:55:21 +2m 52s | thequantuminsider_2021_07_12_tqd_podcast_episode_1_the_genesis_of_the_quantum_daily_where_242d5689] Repaired malformed JSON.
[22:55:21 +2m 52s | thequantuminsider_2021_07_12_tqd_podcast_episode_1_the_genesis_of_the_quantum_daily_where_242d5689] Extracting actors: https://thequantuminsider.com/2021/07/12/tqd-podcast-episode-1-the-genesis-of-the-quantum-daily-where-the-industry-is-heading (1/1), chunk 26/35
[22:55:29 +3m 1s | thequantuminsider_2021_07_12_tqd_podcast_episode_1_the_genesis_of_the_quantum_daily_where_242d5689] Repaired malformed JSON.
[22:55:29 +3m 1s | thequantuminsider_2021_07_12_tqd_podcast_episode_1_the_genesis_of_the_quantum_daily_where_242d5689] Extracting actors: https://thequantuminsider.com/2021/07/12/tqd-podcast-episode-1-the-genesis-of-the-quantum-daily-where-the-industry-is-heading (1/1), chunk 27/35
[22:55:37 +3m 8s | thequantuminsider_2021_07_12_tqd_podcast_episode_1_the_genesis_of_the_quantum_daily_where_242d5689] Repaired malformed JSON.
[22:55:37 +3m 8s | thequantuminsider_2021_07_12_tqd_podcast_episode_1_the_genesis_of_the_quantum_daily_where_242d5689] Extracting actors: https://thequantuminsider.com/2021/07/12/tqd-podcast-episode-1-the-genesis-of-the-quantum-daily-where-the-industry-is-heading (1/1), chunk 28/35
[22:55:48 +3m 17s | thequantuminsider_2021_07_12_tqd_podcast_episode_1_the_genesis_of_the_quantum_daily_where_242d5689] Repaired malformed JSON.
[22:55:48 +3m 17s | thequantuminsider_2021_07_12_tqd_podcast_episode_1_the_genesis_of_the_quantum_daily_where_242d5689] Extracting actors: https://thequantuminsider.com/2021/07/12/tqd-podcast-episode-1-the-genesis-of-the-quantum-daily-where-the-industry-is-heading (1/1), chunk 29/35
[22:55:53 +3m 22s | thequantuminsider_2021_07_12_tqd_podcast_episode_1_the_genesis_of_the_quantum_daily_where_242d5689] Repaired malformed JSON.
[22:55:53 +3m 22s | thequantuminsider_2021_07_12_tqd_podcast_episode_1_the_genesis_of_the_quantum_daily_where_242d5689] Extracting actors: https://thequantuminsider.com/2021/07/12/tqd-podcast-episode-1-the-genesis-of-the-quantum-daily-where-the-industry-is-heading (1/1), chunk 30/35
[22:55:59 +3m 28s | thequantuminsider_2021_07_12_tqd_podcast_episode_1_the_genesis_of_the_quantum_daily_where_242d5689] Repaired malformed JSON.
[22:55:59 +3m 28s | thequantuminsider_2021_07_12_tqd_podcast_episode_1_the_genesis_of_the_quantum_daily_where_242d5689] Extracting actors: https://thequantuminsider.com/2021/07/12/tqd-podcast-episode-1-the-genesis-of-the-quantum-daily-where-the-industry-is-heading (1/1), chunk 31/35
[22:56:05 +3m 34s | thequantuminsider_2021_07_12_tqd_podcast_episode_1_the_genesis_of_the_quantum_daily_where_242d5689] Repaired malformed JSON.
[22:56:05 +3m 34s | thequantuminsider_2021_07_12_tqd_podcast_episode_1_the_genesis_of_the_quantum_daily_where_242d5689] Extracting actors: https://thequantuminsider.com/2021/07/12/tqd-podcast-episode-1-the-genesis-of-the-quantum-daily-where-the-industry-is-heading (1/1), chunk 32/35
[22:56:12 +3m 41s | thequantuminsider_2021_07_12_tqd_podcast_episode_1_the_genesis_of_the_quantum_daily_where_242d5689] Repaired malformed JSON.
[22:56:12 +3m 41s | thequantuminsider_2021_07_12_tqd_podcast_episode_1_the_genesis_of_the_quantum_daily_where_242d5689] Extracting actors: https://thequantuminsider.com/2021/07/12/tqd-podcast-episode-1-the-genesis-of-the-quantum-daily-where-the-industry-is-heading (1/1), chunk 33/35
[22:56:16 +3m 45s | thequantuminsider_2021_07_12_tqd_podcast_episode_1_the_genesis_of_the_quantum_daily_where_242d5689] Extracting actors: https://thequantuminsider.com/2021/07/12/tqd-podcast-episode-1-the-genesis-of-the-quantum-daily-where-the-industry-is-heading (1/1), chunk 34/35
[22:56:28 +3m 54s | thequantuminsider_2021_07_12_tqd_podcast_episode_1_the_genesis_of_the_quantum_daily_where_242d5689] Repaired malformed JSON.
[22:56:28 +3m 54s | thequantuminsider_2021_07_12_tqd_podcast_episode_1_the_genesis_of_the_quantum_daily_where_242d5689] Extracting actors: https://thequantuminsider.com/2021/07/12/tqd-podcast-episode-1-the-genesis-of-the-quantum-daily-where-the-industry-is-heading (1/1), chunk 35/35
[22:56:34 +4m 0s | thequantuminsider_2021_07_12_tqd_podcast_episode_1_the_genesis_of_the_quantum_daily_where_242d5689] Repaired malformed JSON.
[22:56:34 +4m 0s | thequantuminsider_2021_07_12_tqd_podcast_episode_1_the_genesis_of_the_quantum_daily_where_242d5689] Saved 1_actor_results.json with 54 extracted records

[22:56:34 +4m 0s | thequantuminsider_2021_07_12_tqd_podcast_episode_1_the_genesis_of_the_quantum_daily_where_242d5689] === 2 clean actors ===
[22:56:35 +4m 0s | thequantuminsider_2021_07_12_tqd_podcast_episode_1_the_genesis_of_the_quantum_daily_where_242d5689] Loaded 54 extracted records
[22:56:35 +4m 0s | thequantuminsider_2021_07_12_tqd_podcast_episode_1_the_genesis_of_the_quantum_daily_where_242d5689] Saved 2_actor_nodes.json with 21 canonical actor nodes

[22:56:35 +4m 0s | thequantuminsider_2021_07_12_tqd_podcast_episode_1_the_genesis_of_the_quantum_daily_where_242d5689] === 3 interaction extraction ===
[22:56:35 +4m 1s | thequantuminsider_2021_07_12_tqd_podcast_episode_1_the_genesis_of_the_quantum_daily_where_242d5689] Extracting interactions: https://thequantuminsider.com/2021/07/12/tqd-podcast-episode-1-the-genesis-of-the-quantum-daily-where-the-industry-is-heading (1/1), chunk 11/35
[22:56:41 +4m 7s | thequantuminsider_2021_07_12_tqd_podcast_episode_1_the_genesis_of_the_quantum_daily_where_242d5689] Extracting interactions: https://thequantuminsider.com/2021/07/12/tqd-podcast-episode-1-the-genesis-of-the-quantum-daily-where-the-industry-is-heading (1/1), chunk 12/35
[22:56:46 +4m 12s | thequantuminsider_2021_07_12_tqd_podcast_episode_1_the_genesis_of_the_quantum_daily_where_242d5689] Extracting interactions: https://thequantuminsider.com/2021/07/12/tqd-podcast-episode-1-the-genesis-of-the-quantum-daily-where-the-industry-is-heading (1/1), chunk 13/35
[22:56:50 +4m 16s | thequantuminsider_2021_07_12_tqd_podcast_episode_1_the_genesis_of_the_quantum_daily_where_242d5689] Extracting interactions: https://thequantuminsider.com/2021/07/12/tqd-podcast-episode-1-the-genesis-of-the-quantum-daily-where-the-industry-is-heading (1/1), chunk 14/35
[22:57:02 +4m 25s | thequantuminsider_2021_07_12_tqd_podcast_episode_1_the_genesis_of_the_quantum_daily_where_242d5689] Extracting interactions: https://thequantuminsider.com/2021/07/12/tqd-podcast-episode-1-the-genesis-of-the-quantum-daily-where-the-industry-is-heading (1/1), chunk 15/35
[22:57:06 +4m 29s | thequantuminsider_2021_07_12_tqd_podcast_episode_1_the_genesis_of_the_quantum_daily_where_242d5689] Extracting interactions: https://thequantuminsider.com/2021/07/12/tqd-podcast-episode-1-the-genesis-of-the-quantum-daily-where-the-industry-is-heading (1/1), chunk 16/35
[22:57:16 +4m 39s | thequantuminsider_2021_07_12_tqd_podcast_episode_1_the_genesis_of_the_quantum_daily_where_242d5689] Extracting interactions: https://thequantuminsider.com/2021/07/12/tqd-podcast-episode-1-the-genesis-of-the-quantum-daily-where-the-industry-is-heading (1/1), chunk 17/35
[22:57:25 +4m 48s | thequantuminsider_2021_07_12_tqd_podcast_episode_1_the_genesis_of_the_quantum_daily_where_242d5689] Extracting interactions: https://thequantuminsider.com/2021/07/12/tqd-podcast-episode-1-the-genesis-of-the-quantum-daily-where-the-industry-is-heading (1/1), chunk 18/35
[22:57:33 +4m 53s | thequantuminsider_2021_07_12_tqd_podcast_episode_1_the_genesis_of_the_quantum_daily_where_242d5689] Extracting interactions: https://thequantuminsider.com/2021/07/12/tqd-podcast-episode-1-the-genesis-of-the-quantum-daily-where-the-industry-is-heading (1/1), chunk 19/35
[22:57:39 +4m 59s | thequantuminsider_2021_07_12_tqd_podcast_episode_1_the_genesis_of_the_quantum_daily_where_242d5689] Extracting interactions: https://thequantuminsider.com/2021/07/12/tqd-podcast-episode-1-the-genesis-of-the-quantum-daily-where-the-industry-is-heading (1/1), chunk 20/35
[22:57:41 +5m 1s | thequantuminsider_2021_07_12_tqd_podcast_episode_1_the_genesis_of_the_quantum_daily_where_242d5689] Extracting interactions: https://thequantuminsider.com/2021/07/12/tqd-podcast-episode-1-the-genesis-of-the-quantum-daily-where-the-industry-is-heading (1/1), chunk 22/35
[22:57:47 +5m 7s | thequantuminsider_2021_07_12_tqd_podcast_episode_1_the_genesis_of_the_quantum_daily_where_242d5689] Extracting interactions: https://thequantuminsider.com/2021/07/12/tqd-podcast-episode-1-the-genesis-of-the-quantum-daily-where-the-industry-is-heading (1/1), chunk 23/35
[22:57:48 +5m 8s | thequantuminsider_2021_07_12_tqd_podcast_episode_1_the_genesis_of_the_quantum_daily_where_242d5689] Extracting interactions: https://thequantuminsider.com/2021/07/12/tqd-podcast-episode-1-the-genesis-of-the-quantum-daily-where-the-industry-is-heading (1/1), chunk 24/35
[22:58:24 +5m 41s | thequantuminsider_2021_07_12_tqd_podcast_episode_1_the_genesis_of_the_quantum_daily_where_242d5689] Extracting interactions: https://thequantuminsider.com/2021/07/12/tqd-podcast-episode-1-the-genesis-of-the-quantum-daily-where-the-industry-is-heading (1/1), chunk 26/35
[22:58:26 +5m 43s | thequantuminsider_2021_07_12_tqd_podcast_episode_1_the_genesis_of_the_quantum_daily_where_242d5689] Extracting interactions: https://thequantuminsider.com/2021/07/12/tqd-podcast-episode-1-the-genesis-of-the-quantum-daily-where-the-industry-is-heading (1/1), chunk 27/35
[22:58:29 +5m 46s | thequantuminsider_2021_07_12_tqd_podcast_episode_1_the_genesis_of_the_quantum_daily_where_242d5689] Extracting interactions: https://thequantuminsider.com/2021/07/12/tqd-podcast-episode-1-the-genesis-of-the-quantum-daily-where-the-industry-is-heading (1/1), chunk 28/35
[22:58:31 +5m 48s | thequantuminsider_2021_07_12_tqd_podcast_episode_1_the_genesis_of_the_quantum_daily_where_242d5689] Extracting interactions: https://thequantuminsider.com/2021/07/12/tqd-podcast-episode-1-the-genesis-of-the-quantum-daily-where-the-industry-is-heading (1/1), chunk 29/35
[22:58:32 +5m 49s | thequantuminsider_2021_07_12_tqd_podcast_episode_1_the_genesis_of_the_quantum_daily_where_242d5689] Extracting interactions: https://thequantuminsider.com/2021/07/12/tqd-podcast-episode-1-the-genesis-of-the-quantum-daily-where-the-industry-is-heading (1/1), chunk 30/35
[22:58:34 +5m 51s | thequantuminsider_2021_07_12_tqd_podcast_episode_1_the_genesis_of_the_quantum_daily_where_242d5689] Extracting interactions: https://thequantuminsider.com/2021/07/12/tqd-podcast-episode-1-the-genesis-of-the-quantum-daily-where-the-industry-is-heading (1/1), chunk 31/35
[22:58:37 +5m 54s | thequantuminsider_2021_07_12_tqd_podcast_episode_1_the_genesis_of_the_quantum_daily_where_242d5689] Extracting interactions: https://thequantuminsider.com/2021/07/12/tqd-podcast-episode-1-the-genesis-of-the-quantum-daily-where-the-industry-is-heading (1/1), chunk 32/35
[22:58:39 +5m 56s | thequantuminsider_2021_07_12_tqd_podcast_episode_1_the_genesis_of_the_quantum_daily_where_242d5689] Saved 3_interaction_results.json with 14 extracted interactions.

[22:58:39 +5m 56s | thequantuminsider_2021_07_12_tqd_podcast_episode_1_the_genesis_of_the_quantum_daily_where_242d5689] === 4 clean interactions ===
[22:58:39 +5m 56s | thequantuminsider_2021_07_12_tqd_podcast_episode_1_the_genesis_of_the_quantum_daily_where_242d5689] Saved 4_edges.json with 1 cleaned interactions.

[22:58:39 +5m 56s | thequantuminsider_2021_07_12_tqd_podcast_episode_1_the_genesis_of_the_quantum_daily_where_242d5689] === 5 helix enrichment ===
[22:58:39 +5m 56s | thequantuminsider_2021_07_12_tqd_podcast_episode_1_the_genesis_of_the_quantum_daily_where_242d5689] Wrote 5_nodes.json (21 actors)
[22:58:39 +5m 56s | thequantuminsider_2021_07_12_tqd_podcast_episode_1_the_genesis_of_the_quantum_daily_where_242d5689] Wrote 5_edges.json (1 interactions)
[22:58:39 +5m 56s | thequantuminsider_2021_07_12_tqd_podcast_episode_1_the_genesis_of_the_quantum_daily_where_242d5689] Actor helix counts: {'Civil Society': 2, 'Government': 2, 'Industry': 6, 'Unknown': 11}
[22:58:39 +5m 56s | thequantuminsider_2021_07_12_tqd_podcast_episode_1_the_genesis_of_the_quantum_daily_where_242d5689] Functional-space counts: {'Intra-helix / Not classified': 1}

[22:58:39 +5m 56s | thequantuminsider_2021_07_12_tqd_podcast_episode_1_the_genesis_of_the_quantum_daily_where_242d5689] === 6 network visualisation ===
[22:58:43 +5m 57s | thequantuminsider_2021_07_12_tqd_podcast_episode_1_the_genesis_of_the_quantum_daily_where_242d5689] Wrote quantum_network.html
[22:58:43 +5m 57s | thequantuminsider_2021_07_12_tqd_podcast_episode_1_the_genesis_of_the_quantum_daily_where_242d5689] Nodes: 21
[22:58:43 +5m 57s | thequantuminsider_2021_07_12_tqd_podcast_episode_1_the_genesis_of_the_quantum_daily_where_242d5689] Edges: 1

[22:58:43 +5m 57s | thequantuminsider_2021_07_12_tqd_podcast_episode_1_the_genesis_of_the_quantum_daily_where_242d5689] Done. Outputs written to: /home/lv/IDP/idpdeeptech/pipeline/news_outputs/thequantuminsider_2021_07_12_tqd_podcast_episode_1_the_genesis_of_the_quantum_daily_where_242d5689
[22:58:43 +5m 57s | thequantuminsider_2021_07_12_tqd_podcast_episode_1_the_genesis_of_the_quantum_daily_where_242d5689] Log: /home/lv/IDP/idpdeeptech/pipeline/news_outputs/thequantuminsider_2021_07_12_tqd_podcast_episode_1_the_genesis_of_the_quantum_daily_where_242d5689/run.log

========================================================================
RUN FINISHED 2026-07-01 22:58:43  (OK)
Started:     2026-07-01 22:52:11
Elapsed:     5m 57s
========================================================================
