
========================================================================
RUN STARTED  2026-07-01 21:25:20
site_pipeline.py https://thequantuminsider.com/2020/11/10/quantum-computing-now-podcast-episode-23-travis-scholten-and-news-from-ieee-quantum-week/
========================================================================

[21:25:20 +0s | thequantuminsider_2020_11_10_quantum_computing_now_podcast_episode_23_travis_scholten_and_8e4cd56e] === 0 crawl site ===
[21:25:22 +1s | thequantuminsider_2020_11_10_quantum_computing_now_podcast_episode_23_travis_scholten_and_8e4cd56e] [INIT].... → Crawl4AI 0.8.6 
[21:25:24 +4s | thequantuminsider_2020_11_10_quantum_computing_now_podcast_episode_23_travis_scholten_and_8e4cd56e] [FETCH]... ↓ https://thequantuminsider.com/2020/11/10/quantum...travis-scholten-and-news-from-ieee-quantum-week/  | ✓ | ⏱: 2.39s 
[21:25:24 +4s | thequantuminsider_2020_11_10_quantum_computing_now_podcast_episode_23_travis_scholten_and_8e4cd56e] [SCRAPE].. ◆ https://thequantuminsider.com/2020/11/10/quantum...travis-scholten-and-news-from-ieee-quantum-week/  | ✓ | ⏱: 0.12s 
[21:25:24 +4s | thequantuminsider_2020_11_10_quantum_computing_now_podcast_episode_23_travis_scholten_and_8e4cd56e] [COMPLETE] ● https://thequantuminsider.com/2020/11/10/quantum...travis-scholten-and-news-from-ieee-quantum-week/  | ✓ | ⏱: 2.53s 
[21:25:24 +4s | thequantuminsider_2020_11_10_quantum_computing_now_podcast_episode_23_travis_scholten_and_8e4cd56e] Saved: crawl_output/9cce5e9264_thequantuminsider.com_2020_11_10_quantum-computing-now-podcast-episode-23-travis-scholten-and-news-from-ieee-quantum-week.json

[21:25:24 +4s | thequantuminsider_2020_11_10_quantum_computing_now_podcast_episode_23_travis_scholten_and_8e4cd56e] === 1 actor extraction ===
[21:25:28 +4s | thequantuminsider_2020_11_10_quantum_computing_now_podcast_episode_23_travis_scholten_and_8e4cd56e] Reading page (1/1): https://thequantuminsider.com/2020/11/10/quantum-computing-now-podcast-episode-23-travis-scholten-and-news-from-ieee-quantum-week
[21:25:28 +4s | thequantuminsider_2020_11_10_quantum_computing_now_podcast_episode_23_travis_scholten_and_8e4cd56e] Extracting actors: https://thequantuminsider.com/2020/11/10/quantum-computing-now-podcast-episode-23-travis-scholten-and-news-from-ieee-quantum-week (1/1), chunk 1/35
[21:25:37 +13s | thequantuminsider_2020_11_10_quantum_computing_now_podcast_episode_23_travis_scholten_and_8e4cd56e] Repaired malformed JSON.
[21:25:37 +13s | thequantuminsider_2020_11_10_quantum_computing_now_podcast_episode_23_travis_scholten_and_8e4cd56e] Extracting actors: https://thequantuminsider.com/2020/11/10/quantum-computing-now-podcast-episode-23-travis-scholten-and-news-from-ieee-quantum-week (1/1), chunk 2/35
[21:25:43 +20s | thequantuminsider_2020_11_10_quantum_computing_now_podcast_episode_23_travis_scholten_and_8e4cd56e] Repaired malformed JSON.
[21:25:43 +20s | thequantuminsider_2020_11_10_quantum_computing_now_podcast_episode_23_travis_scholten_and_8e4cd56e] Extracting actors: https://thequantuminsider.com/2020/11/10/quantum-computing-now-podcast-episode-23-travis-scholten-and-news-from-ieee-quantum-week (1/1), chunk 3/35
[21:25:50 +26s | thequantuminsider_2020_11_10_quantum_computing_now_podcast_episode_23_travis_scholten_and_8e4cd56e] Repaired malformed JSON.
[21:25:50 +26s | thequantuminsider_2020_11_10_quantum_computing_now_podcast_episode_23_travis_scholten_and_8e4cd56e] Extracting actors: https://thequantuminsider.com/2020/11/10/quantum-computing-now-podcast-episode-23-travis-scholten-and-news-from-ieee-quantum-week (1/1), chunk 4/35
[21:25:57 +33s | thequantuminsider_2020_11_10_quantum_computing_now_podcast_episode_23_travis_scholten_and_8e4cd56e] Repaired malformed JSON.
[21:25:57 +33s | thequantuminsider_2020_11_10_quantum_computing_now_podcast_episode_23_travis_scholten_and_8e4cd56e] Extracting actors: https://thequantuminsider.com/2020/11/10/quantum-computing-now-podcast-episode-23-travis-scholten-and-news-from-ieee-quantum-week (1/1), chunk 5/35
[21:26:07 +41s | thequantuminsider_2020_11_10_quantum_computing_now_podcast_episode_23_travis_scholten_and_8e4cd56e] Repaired malformed JSON.
[21:26:07 +41s | thequantuminsider_2020_11_10_quantum_computing_now_podcast_episode_23_travis_scholten_and_8e4cd56e] Extracting actors: https://thequantuminsider.com/2020/11/10/quantum-computing-now-podcast-episode-23-travis-scholten-and-news-from-ieee-quantum-week (1/1), chunk 6/35
[21:26:14 +48s | thequantuminsider_2020_11_10_quantum_computing_now_podcast_episode_23_travis_scholten_and_8e4cd56e] Repaired malformed JSON.
[21:26:14 +48s | thequantuminsider_2020_11_10_quantum_computing_now_podcast_episode_23_travis_scholten_and_8e4cd56e] Extracting actors: https://thequantuminsider.com/2020/11/10/quantum-computing-now-podcast-episode-23-travis-scholten-and-news-from-ieee-quantum-week (1/1), chunk 7/35
[21:26:20 +54s | thequantuminsider_2020_11_10_quantum_computing_now_podcast_episode_23_travis_scholten_and_8e4cd56e] Repaired malformed JSON.
[21:26:20 +54s | thequantuminsider_2020_11_10_quantum_computing_now_podcast_episode_23_travis_scholten_and_8e4cd56e] Extracting actors: https://thequantuminsider.com/2020/11/10/quantum-computing-now-podcast-episode-23-travis-scholten-and-news-from-ieee-quantum-week (1/1), chunk 8/35
[21:26:27 +1m 0s | thequantuminsider_2020_11_10_quantum_computing_now_podcast_episode_23_travis_scholten_and_8e4cd56e] Repaired malformed JSON.
[21:26:27 +1m 0s | thequantuminsider_2020_11_10_quantum_computing_now_podcast_episode_23_travis_scholten_and_8e4cd56e] Extracting actors: https://thequantuminsider.com/2020/11/10/quantum-computing-now-podcast-episode-23-travis-scholten-and-news-from-ieee-quantum-week (1/1), chunk 9/35
[21:26:39 +1m 10s | thequantuminsider_2020_11_10_quantum_computing_now_podcast_episode_23_travis_scholten_and_8e4cd56e] Repaired malformed JSON.
[21:26:39 +1m 10s | thequantuminsider_2020_11_10_quantum_computing_now_podcast_episode_23_travis_scholten_and_8e4cd56e] Extracting actors: https://thequantuminsider.com/2020/11/10/quantum-computing-now-podcast-episode-23-travis-scholten-and-news-from-ieee-quantum-week (1/1), chunk 10/35
[21:26:45 +1m 16s | thequantuminsider_2020_11_10_quantum_computing_now_podcast_episode_23_travis_scholten_and_8e4cd56e] Repaired malformed JSON.
[21:26:45 +1m 16s | thequantuminsider_2020_11_10_quantum_computing_now_podcast_episode_23_travis_scholten_and_8e4cd56e] Extracting actors: https://thequantuminsider.com/2020/11/10/quantum-computing-now-podcast-episode-23-travis-scholten-and-news-from-ieee-quantum-week (1/1), chunk 11/35
[21:26:51 +1m 22s | thequantuminsider_2020_11_10_quantum_computing_now_podcast_episode_23_travis_scholten_and_8e4cd56e] Repaired malformed JSON.
[21:26:51 +1m 22s | thequantuminsider_2020_11_10_quantum_computing_now_podcast_episode_23_travis_scholten_and_8e4cd56e] Extracting actors: https://thequantuminsider.com/2020/11/10/quantum-computing-now-podcast-episode-23-travis-scholten-and-news-from-ieee-quantum-week (1/1), chunk 12/35
[21:26:57 +1m 28s | thequantuminsider_2020_11_10_quantum_computing_now_podcast_episode_23_travis_scholten_and_8e4cd56e] Repaired malformed JSON.
[21:26:57 +1m 28s | thequantuminsider_2020_11_10_quantum_computing_now_podcast_episode_23_travis_scholten_and_8e4cd56e] Extracting actors: https://thequantuminsider.com/2020/11/10/quantum-computing-now-podcast-episode-23-travis-scholten-and-news-from-ieee-quantum-week (1/1), chunk 13/35
[21:27:03 +1m 34s | thequantuminsider_2020_11_10_quantum_computing_now_podcast_episode_23_travis_scholten_and_8e4cd56e] Repaired malformed JSON.
[21:27:03 +1m 34s | thequantuminsider_2020_11_10_quantum_computing_now_podcast_episode_23_travis_scholten_and_8e4cd56e] Extracting actors: https://thequantuminsider.com/2020/11/10/quantum-computing-now-podcast-episode-23-travis-scholten-and-news-from-ieee-quantum-week (1/1), chunk 14/35
[21:27:15 +1m 43s | thequantuminsider_2020_11_10_quantum_computing_now_podcast_episode_23_travis_scholten_and_8e4cd56e] Repaired malformed JSON.
[21:27:15 +1m 43s | thequantuminsider_2020_11_10_quantum_computing_now_podcast_episode_23_travis_scholten_and_8e4cd56e] Extracting actors: https://thequantuminsider.com/2020/11/10/quantum-computing-now-podcast-episode-23-travis-scholten-and-news-from-ieee-quantum-week (1/1), chunk 15/35
[21:27:23 +1m 50s | thequantuminsider_2020_11_10_quantum_computing_now_podcast_episode_23_travis_scholten_and_8e4cd56e] Repaired malformed JSON.
[21:27:23 +1m 50s | thequantuminsider_2020_11_10_quantum_computing_now_podcast_episode_23_travis_scholten_and_8e4cd56e] Extracting actors: https://thequantuminsider.com/2020/11/10/quantum-computing-now-podcast-episode-23-travis-scholten-and-news-from-ieee-quantum-week (1/1), chunk 16/35
[21:27:31 +1m 59s | thequantuminsider_2020_11_10_quantum_computing_now_podcast_episode_23_travis_scholten_and_8e4cd56e] Repaired malformed JSON.
[21:27:31 +1m 59s | thequantuminsider_2020_11_10_quantum_computing_now_podcast_episode_23_travis_scholten_and_8e4cd56e] Extracting actors: https://thequantuminsider.com/2020/11/10/quantum-computing-now-podcast-episode-23-travis-scholten-and-news-from-ieee-quantum-week (1/1), chunk 17/35
[21:27:37 +2m 5s | thequantuminsider_2020_11_10_quantum_computing_now_podcast_episode_23_travis_scholten_and_8e4cd56e] Repaired malformed JSON.
[21:27:37 +2m 5s | thequantuminsider_2020_11_10_quantum_computing_now_podcast_episode_23_travis_scholten_and_8e4cd56e] Extracting actors: https://thequantuminsider.com/2020/11/10/quantum-computing-now-podcast-episode-23-travis-scholten-and-news-from-ieee-quantum-week (1/1), chunk 18/35
[21:27:44 +2m 12s | thequantuminsider_2020_11_10_quantum_computing_now_podcast_episode_23_travis_scholten_and_8e4cd56e] Repaired malformed JSON.
[21:27:44 +2m 12s | thequantuminsider_2020_11_10_quantum_computing_now_podcast_episode_23_travis_scholten_and_8e4cd56e] Extracting actors: https://thequantuminsider.com/2020/11/10/quantum-computing-now-podcast-episode-23-travis-scholten-and-news-from-ieee-quantum-week (1/1), chunk 19/35
[21:27:55 +2m 20s | thequantuminsider_2020_11_10_quantum_computing_now_podcast_episode_23_travis_scholten_and_8e4cd56e] Repaired malformed JSON.
[21:27:55 +2m 20s | thequantuminsider_2020_11_10_quantum_computing_now_podcast_episode_23_travis_scholten_and_8e4cd56e] Extracting actors: https://thequantuminsider.com/2020/11/10/quantum-computing-now-podcast-episode-23-travis-scholten-and-news-from-ieee-quantum-week (1/1), chunk 20/35
[21:28:02 +2m 27s | thequantuminsider_2020_11_10_quantum_computing_now_podcast_episode_23_travis_scholten_and_8e4cd56e] Repaired malformed JSON.
[21:28:02 +2m 27s | thequantuminsider_2020_11_10_quantum_computing_now_podcast_episode_23_travis_scholten_and_8e4cd56e] Extracting actors: https://thequantuminsider.com/2020/11/10/quantum-computing-now-podcast-episode-23-travis-scholten-and-news-from-ieee-quantum-week (1/1), chunk 21/35
[21:28:09 +2m 34s | thequantuminsider_2020_11_10_quantum_computing_now_podcast_episode_23_travis_scholten_and_8e4cd56e] Repaired malformed JSON.
[21:28:09 +2m 34s | thequantuminsider_2020_11_10_quantum_computing_now_podcast_episode_23_travis_scholten_and_8e4cd56e] Extracting actors: https://thequantuminsider.com/2020/11/10/quantum-computing-now-podcast-episode-23-travis-scholten-and-news-from-ieee-quantum-week (1/1), chunk 22/35
[21:28:18 +2m 43s | thequantuminsider_2020_11_10_quantum_computing_now_podcast_episode_23_travis_scholten_and_8e4cd56e] Repaired malformed JSON.
[21:28:18 +2m 43s | thequantuminsider_2020_11_10_quantum_computing_now_podcast_episode_23_travis_scholten_and_8e4cd56e] Extracting actors: https://thequantuminsider.com/2020/11/10/quantum-computing-now-podcast-episode-23-travis-scholten-and-news-from-ieee-quantum-week (1/1), chunk 23/35
[21:28:27 +2m 49s | thequantuminsider_2020_11_10_quantum_computing_now_podcast_episode_23_travis_scholten_and_8e4cd56e] Repaired malformed JSON.
[21:28:27 +2m 49s | thequantuminsider_2020_11_10_quantum_computing_now_podcast_episode_23_travis_scholten_and_8e4cd56e] Extracting actors: https://thequantuminsider.com/2020/11/10/quantum-computing-now-podcast-episode-23-travis-scholten-and-news-from-ieee-quantum-week (1/1), chunk 24/35
[21:28:35 +2m 56s | thequantuminsider_2020_11_10_quantum_computing_now_podcast_episode_23_travis_scholten_and_8e4cd56e] Repaired malformed JSON.
[21:28:35 +2m 56s | thequantuminsider_2020_11_10_quantum_computing_now_podcast_episode_23_travis_scholten_and_8e4cd56e] Extracting actors: https://thequantuminsider.com/2020/11/10/quantum-computing-now-podcast-episode-23-travis-scholten-and-news-from-ieee-quantum-week (1/1), chunk 25/35
[21:28:41 +3m 3s | thequantuminsider_2020_11_10_quantum_computing_now_podcast_episode_23_travis_scholten_and_8e4cd56e] Repaired malformed JSON.
[21:28:41 +3m 3s | thequantuminsider_2020_11_10_quantum_computing_now_podcast_episode_23_travis_scholten_and_8e4cd56e] Extracting actors: https://thequantuminsider.com/2020/11/10/quantum-computing-now-podcast-episode-23-travis-scholten-and-news-from-ieee-quantum-week (1/1), chunk 26/35
[21:28:51 +3m 13s | thequantuminsider_2020_11_10_quantum_computing_now_podcast_episode_23_travis_scholten_and_8e4cd56e] Repaired malformed JSON.
[21:28:51 +3m 13s | thequantuminsider_2020_11_10_quantum_computing_now_podcast_episode_23_travis_scholten_and_8e4cd56e] Extracting actors: https://thequantuminsider.com/2020/11/10/quantum-computing-now-podcast-episode-23-travis-scholten-and-news-from-ieee-quantum-week (1/1), chunk 27/35
[21:29:00 +3m 19s | thequantuminsider_2020_11_10_quantum_computing_now_podcast_episode_23_travis_scholten_and_8e4cd56e] Repaired malformed JSON.
[21:29:00 +3m 19s | thequantuminsider_2020_11_10_quantum_computing_now_podcast_episode_23_travis_scholten_and_8e4cd56e] Extracting actors: https://thequantuminsider.com/2020/11/10/quantum-computing-now-podcast-episode-23-travis-scholten-and-news-from-ieee-quantum-week (1/1), chunk 28/35
[21:29:09 +3m 28s | thequantuminsider_2020_11_10_quantum_computing_now_podcast_episode_23_travis_scholten_and_8e4cd56e] Repaired malformed JSON.
[21:29:09 +3m 28s | thequantuminsider_2020_11_10_quantum_computing_now_podcast_episode_23_travis_scholten_and_8e4cd56e] Extracting actors: https://thequantuminsider.com/2020/11/10/quantum-computing-now-podcast-episode-23-travis-scholten-and-news-from-ieee-quantum-week (1/1), chunk 29/35
[21:29:16 +3m 35s | thequantuminsider_2020_11_10_quantum_computing_now_podcast_episode_23_travis_scholten_and_8e4cd56e] Repaired malformed JSON.
[21:29:16 +3m 35s | thequantuminsider_2020_11_10_quantum_computing_now_podcast_episode_23_travis_scholten_and_8e4cd56e] Extracting actors: https://thequantuminsider.com/2020/11/10/quantum-computing-now-podcast-episode-23-travis-scholten-and-news-from-ieee-quantum-week (1/1), chunk 30/35
[21:29:24 +3m 43s | thequantuminsider_2020_11_10_quantum_computing_now_podcast_episode_23_travis_scholten_and_8e4cd56e] Repaired malformed JSON.
[21:29:24 +3m 43s | thequantuminsider_2020_11_10_quantum_computing_now_podcast_episode_23_travis_scholten_and_8e4cd56e] Extracting actors: https://thequantuminsider.com/2020/11/10/quantum-computing-now-podcast-episode-23-travis-scholten-and-news-from-ieee-quantum-week (1/1), chunk 31/35
[21:29:29 +3m 48s | thequantuminsider_2020_11_10_quantum_computing_now_podcast_episode_23_travis_scholten_and_8e4cd56e] Repaired malformed JSON.
[21:29:29 +3m 48s | thequantuminsider_2020_11_10_quantum_computing_now_podcast_episode_23_travis_scholten_and_8e4cd56e] Extracting actors: https://thequantuminsider.com/2020/11/10/quantum-computing-now-podcast-episode-23-travis-scholten-and-news-from-ieee-quantum-week (1/1), chunk 32/35
[21:29:39 +3m 55s | thequantuminsider_2020_11_10_quantum_computing_now_podcast_episode_23_travis_scholten_and_8e4cd56e] Repaired malformed JSON.
[21:29:39 +3m 55s | thequantuminsider_2020_11_10_quantum_computing_now_podcast_episode_23_travis_scholten_and_8e4cd56e] Extracting actors: https://thequantuminsider.com/2020/11/10/quantum-computing-now-podcast-episode-23-travis-scholten-and-news-from-ieee-quantum-week (1/1), chunk 33/35
[21:29:44 +4m 1s | thequantuminsider_2020_11_10_quantum_computing_now_podcast_episode_23_travis_scholten_and_8e4cd56e] Repaired malformed JSON.
[21:29:44 +4m 1s | thequantuminsider_2020_11_10_quantum_computing_now_podcast_episode_23_travis_scholten_and_8e4cd56e] Extracting actors: https://thequantuminsider.com/2020/11/10/quantum-computing-now-podcast-episode-23-travis-scholten-and-news-from-ieee-quantum-week (1/1), chunk 34/35
[21:29:52 +4m 9s | thequantuminsider_2020_11_10_quantum_computing_now_podcast_episode_23_travis_scholten_and_8e4cd56e] Repaired malformed JSON.
[21:29:52 +4m 9s | thequantuminsider_2020_11_10_quantum_computing_now_podcast_episode_23_travis_scholten_and_8e4cd56e] Extracting actors: https://thequantuminsider.com/2020/11/10/quantum-computing-now-podcast-episode-23-travis-scholten-and-news-from-ieee-quantum-week (1/1), chunk 35/35
[21:29:59 +4m 15s | thequantuminsider_2020_11_10_quantum_computing_now_podcast_episode_23_travis_scholten_and_8e4cd56e] Repaired malformed JSON.
[21:29:59 +4m 15s | thequantuminsider_2020_11_10_quantum_computing_now_podcast_episode_23_travis_scholten_and_8e4cd56e] Saved 1_actor_results.json with 69 extracted records

[21:29:59 +4m 15s | thequantuminsider_2020_11_10_quantum_computing_now_podcast_episode_23_travis_scholten_and_8e4cd56e] === 2 clean actors ===
[21:29:59 +4m 15s | thequantuminsider_2020_11_10_quantum_computing_now_podcast_episode_23_travis_scholten_and_8e4cd56e] Loaded 69 extracted records
[21:29:59 +4m 15s | thequantuminsider_2020_11_10_quantum_computing_now_podcast_episode_23_travis_scholten_and_8e4cd56e] Saved 2_actor_nodes.json with 20 canonical actor nodes

[21:29:59 +4m 15s | thequantuminsider_2020_11_10_quantum_computing_now_podcast_episode_23_travis_scholten_and_8e4cd56e] === 3 interaction extraction ===
[21:29:59 +4m 15s | thequantuminsider_2020_11_10_quantum_computing_now_podcast_episode_23_travis_scholten_and_8e4cd56e] Extracting interactions: https://thequantuminsider.com/2020/11/10/quantum-computing-now-podcast-episode-23-travis-scholten-and-news-from-ieee-quantum-week (1/1), chunk 11/35
[21:30:09 +4m 22s | thequantuminsider_2020_11_10_quantum_computing_now_podcast_episode_23_travis_scholten_and_8e4cd56e] Extracting interactions: https://thequantuminsider.com/2020/11/10/quantum-computing-now-podcast-episode-23-travis-scholten-and-news-from-ieee-quantum-week (1/1), chunk 12/35
[21:30:14 +4m 27s | thequantuminsider_2020_11_10_quantum_computing_now_podcast_episode_23_travis_scholten_and_8e4cd56e] Extracting interactions: https://thequantuminsider.com/2020/11/10/quantum-computing-now-podcast-episode-23-travis-scholten-and-news-from-ieee-quantum-week (1/1), chunk 13/35
[21:30:24 +4m 37s | thequantuminsider_2020_11_10_quantum_computing_now_podcast_episode_23_travis_scholten_and_8e4cd56e] Extracting interactions: https://thequantuminsider.com/2020/11/10/quantum-computing-now-podcast-episode-23-travis-scholten-and-news-from-ieee-quantum-week (1/1), chunk 14/35
[21:30:27 +4m 40s | thequantuminsider_2020_11_10_quantum_computing_now_podcast_episode_23_travis_scholten_and_8e4cd56e] Extracting interactions: https://thequantuminsider.com/2020/11/10/quantum-computing-now-podcast-episode-23-travis-scholten-and-news-from-ieee-quantum-week (1/1), chunk 15/35
[21:30:35 +4m 48s | thequantuminsider_2020_11_10_quantum_computing_now_podcast_episode_23_travis_scholten_and_8e4cd56e] Extracting interactions: https://thequantuminsider.com/2020/11/10/quantum-computing-now-podcast-episode-23-travis-scholten-and-news-from-ieee-quantum-week (1/1), chunk 16/35
[21:30:49 +4m 59s | thequantuminsider_2020_11_10_quantum_computing_now_podcast_episode_23_travis_scholten_and_8e4cd56e] Extracting interactions: https://thequantuminsider.com/2020/11/10/quantum-computing-now-podcast-episode-23-travis-scholten-and-news-from-ieee-quantum-week (1/1), chunk 17/35
[21:30:56 +5m 6s | thequantuminsider_2020_11_10_quantum_computing_now_podcast_episode_23_travis_scholten_and_8e4cd56e] Extracting interactions: https://thequantuminsider.com/2020/11/10/quantum-computing-now-podcast-episode-23-travis-scholten-and-news-from-ieee-quantum-week (1/1), chunk 18/35
[21:31:03 +5m 13s | thequantuminsider_2020_11_10_quantum_computing_now_podcast_episode_23_travis_scholten_and_8e4cd56e] Extracting interactions: https://thequantuminsider.com/2020/11/10/quantum-computing-now-podcast-episode-23-travis-scholten-and-news-from-ieee-quantum-week (1/1), chunk 19/35
[21:31:14 +5m 24s | thequantuminsider_2020_11_10_quantum_computing_now_podcast_episode_23_travis_scholten_and_8e4cd56e] Extracting interactions: https://thequantuminsider.com/2020/11/10/quantum-computing-now-podcast-episode-23-travis-scholten-and-news-from-ieee-quantum-week (1/1), chunk 20/35
[21:31:27 +5m 34s | thequantuminsider_2020_11_10_quantum_computing_now_podcast_episode_23_travis_scholten_and_8e4cd56e] Extracting interactions: https://thequantuminsider.com/2020/11/10/quantum-computing-now-podcast-episode-23-travis-scholten-and-news-from-ieee-quantum-week (1/1), chunk 21/35
[21:31:31 +5m 38s | thequantuminsider_2020_11_10_quantum_computing_now_podcast_episode_23_travis_scholten_and_8e4cd56e] Extracting interactions: https://thequantuminsider.com/2020/11/10/quantum-computing-now-podcast-episode-23-travis-scholten-and-news-from-ieee-quantum-week (1/1), chunk 23/35
[21:31:32 +5m 40s | thequantuminsider_2020_11_10_quantum_computing_now_podcast_episode_23_travis_scholten_and_8e4cd56e] Extracting interactions: https://thequantuminsider.com/2020/11/10/quantum-computing-now-podcast-episode-23-travis-scholten-and-news-from-ieee-quantum-week (1/1), chunk 24/35
[21:31:38 +5m 45s | thequantuminsider_2020_11_10_quantum_computing_now_podcast_episode_23_travis_scholten_and_8e4cd56e] Extracting interactions: https://thequantuminsider.com/2020/11/10/quantum-computing-now-podcast-episode-23-travis-scholten-and-news-from-ieee-quantum-week (1/1), chunk 25/35
[21:31:48 +5m 55s | thequantuminsider_2020_11_10_quantum_computing_now_podcast_episode_23_travis_scholten_and_8e4cd56e] Extracting interactions: https://thequantuminsider.com/2020/11/10/quantum-computing-now-podcast-episode-23-travis-scholten-and-news-from-ieee-quantum-week (1/1), chunk 28/35
[21:31:50 +5m 57s | thequantuminsider_2020_11_10_quantum_computing_now_podcast_episode_23_travis_scholten_and_8e4cd56e] Extracting interactions: https://thequantuminsider.com/2020/11/10/quantum-computing-now-podcast-episode-23-travis-scholten-and-news-from-ieee-quantum-week (1/1), chunk 29/35
[21:31:51 +5m 58s | thequantuminsider_2020_11_10_quantum_computing_now_podcast_episode_23_travis_scholten_and_8e4cd56e] Extracting interactions: https://thequantuminsider.com/2020/11/10/quantum-computing-now-podcast-episode-23-travis-scholten-and-news-from-ieee-quantum-week (1/1), chunk 30/35
[21:31:56 +6m 0s | thequantuminsider_2020_11_10_quantum_computing_now_podcast_episode_23_travis_scholten_and_8e4cd56e] Extracting interactions: https://thequantuminsider.com/2020/11/10/quantum-computing-now-podcast-episode-23-travis-scholten-and-news-from-ieee-quantum-week (1/1), chunk 31/35
[21:31:57 +6m 2s | thequantuminsider_2020_11_10_quantum_computing_now_podcast_episode_23_travis_scholten_and_8e4cd56e] Extracting interactions: https://thequantuminsider.com/2020/11/10/quantum-computing-now-podcast-episode-23-travis-scholten-and-news-from-ieee-quantum-week (1/1), chunk 33/35
[21:31:59 +6m 3s | thequantuminsider_2020_11_10_quantum_computing_now_podcast_episode_23_travis_scholten_and_8e4cd56e] Extracting interactions: https://thequantuminsider.com/2020/11/10/quantum-computing-now-podcast-episode-23-travis-scholten-and-news-from-ieee-quantum-week (1/1), chunk 34/35
[21:32:00 +6m 4s | thequantuminsider_2020_11_10_quantum_computing_now_podcast_episode_23_travis_scholten_and_8e4cd56e] Saved 3_interaction_results.json with 21 extracted interactions.

[21:32:00 +6m 5s | thequantuminsider_2020_11_10_quantum_computing_now_podcast_episode_23_travis_scholten_and_8e4cd56e] === 4 clean interactions ===
[21:32:00 +6m 5s | thequantuminsider_2020_11_10_quantum_computing_now_podcast_episode_23_travis_scholten_and_8e4cd56e] Saved 4_edges.json with 0 cleaned interactions.

[21:32:00 +6m 5s | thequantuminsider_2020_11_10_quantum_computing_now_podcast_episode_23_travis_scholten_and_8e4cd56e] === 5 helix enrichment ===
[21:32:00 +6m 5s | thequantuminsider_2020_11_10_quantum_computing_now_podcast_episode_23_travis_scholten_and_8e4cd56e] Wrote 5_nodes.json (20 actors)
[21:32:00 +6m 5s | thequantuminsider_2020_11_10_quantum_computing_now_podcast_episode_23_travis_scholten_and_8e4cd56e] Wrote 5_edges.json (0 interactions)
[21:32:00 +6m 5s | thequantuminsider_2020_11_10_quantum_computing_now_podcast_episode_23_travis_scholten_and_8e4cd56e] Actor helix counts: {'Civil Society': 4, 'Government': 5, 'Industry': 3, 'Unknown': 8}
[21:32:00 +6m 5s | thequantuminsider_2020_11_10_quantum_computing_now_podcast_episode_23_travis_scholten_and_8e4cd56e] Functional-space counts: {}

[21:32:00 +6m 5s | thequantuminsider_2020_11_10_quantum_computing_now_podcast_episode_23_travis_scholten_and_8e4cd56e] === 6 network visualisation ===
[21:32:01 +6m 5s | thequantuminsider_2020_11_10_quantum_computing_now_podcast_episode_23_travis_scholten_and_8e4cd56e] Wrote quantum_network.html
[21:32:01 +6m 5s | thequantuminsider_2020_11_10_quantum_computing_now_podcast_episode_23_travis_scholten_and_8e4cd56e] Nodes: 20
[21:32:01 +6m 5s | thequantuminsider_2020_11_10_quantum_computing_now_podcast_episode_23_travis_scholten_and_8e4cd56e] Edges: 0

[21:32:01 +6m 5s | thequantuminsider_2020_11_10_quantum_computing_now_podcast_episode_23_travis_scholten_and_8e4cd56e] Done. Outputs written to: /home/lv/IDP/idpdeeptech/pipeline/news_outputs/thequantuminsider_2020_11_10_quantum_computing_now_podcast_episode_23_travis_scholten_and_8e4cd56e
[21:32:01 +6m 5s | thequantuminsider_2020_11_10_quantum_computing_now_podcast_episode_23_travis_scholten_and_8e4cd56e] Log: /home/lv/IDP/idpdeeptech/pipeline/news_outputs/thequantuminsider_2020_11_10_quantum_computing_now_podcast_episode_23_travis_scholten_and_8e4cd56e/run.log

========================================================================
RUN FINISHED 2026-07-01 21:32:01  (OK)
Started:     2026-07-01 21:25:20
Elapsed:     6m 5s
========================================================================
