
========================================================================
RUN STARTED  2026-07-01 20:42:39
site_pipeline.py https://thequantuminsider.com/2020/08/13/tqd-exclusive-unitary-fund-team-pushes-for-an-open-qc-industry-that-benefits-the-most-people/
========================================================================

[20:42:39 +0s | thequantuminsider_2020_08_13_tqd_exclusive_unitary_fund_team_pushes_for_an_open_qc_indust_2569de4e] === 0 crawl site ===
[20:42:40 +1s | thequantuminsider_2020_08_13_tqd_exclusive_unitary_fund_team_pushes_for_an_open_qc_indust_2569de4e] [INIT].... → Crawl4AI 0.8.6 
[20:42:43 +4s | thequantuminsider_2020_08_13_tqd_exclusive_unitary_fund_team_pushes_for_an_open_qc_indust_2569de4e] [FETCH]... ↓ https://thequantuminsider.com/2020/08/13/tqd-exc...-open-qc-industry-that-benefits-the-most-people/  | ✓ | ⏱: 2.87s 
[20:42:43 +4s | thequantuminsider_2020_08_13_tqd_exclusive_unitary_fund_team_pushes_for_an_open_qc_indust_2569de4e] [SCRAPE].. ◆ https://thequantuminsider.com/2020/08/13/tqd-exc...-open-qc-industry-that-benefits-the-most-people/  | ✓ | ⏱: 0.11s 
[20:42:43 +4s | thequantuminsider_2020_08_13_tqd_exclusive_unitary_fund_team_pushes_for_an_open_qc_indust_2569de4e] [COMPLETE] ● https://thequantuminsider.com/2020/08/13/tqd-exc...-open-qc-industry-that-benefits-the-most-people/  | ✓ | ⏱: 3.00s 
[20:42:43 +4s | thequantuminsider_2020_08_13_tqd_exclusive_unitary_fund_team_pushes_for_an_open_qc_indust_2569de4e] Saved: crawl_output/3c4222ab15_thequantuminsider.com_2020_08_13_tqd-exclusive-unitary-fund-team-pushes-for-an-open-qc-industry-that-benefits-the-most-people.json

[20:42:44 +5s | thequantuminsider_2020_08_13_tqd_exclusive_unitary_fund_team_pushes_for_an_open_qc_indust_2569de4e] === 1 actor extraction ===
[20:42:44 +5s | thequantuminsider_2020_08_13_tqd_exclusive_unitary_fund_team_pushes_for_an_open_qc_indust_2569de4e] Reading page (1/1): https://thequantuminsider.com/2020/08/13/tqd-exclusive-unitary-fund-team-pushes-for-an-open-qc-industry-that-benefits-the-most-people
[20:42:44 +5s | thequantuminsider_2020_08_13_tqd_exclusive_unitary_fund_team_pushes_for_an_open_qc_indust_2569de4e] Extracting actors: https://thequantuminsider.com/2020/08/13/tqd-exclusive-unitary-fund-team-pushes-for-an-open-qc-industry-that-benefits-the-most-people (1/1), chunk 1/43
[20:42:48 +9s | thequantuminsider_2020_08_13_tqd_exclusive_unitary_fund_team_pushes_for_an_open_qc_indust_2569de4e] Extracting actors: https://thequantuminsider.com/2020/08/13/tqd-exclusive-unitary-fund-team-pushes-for-an-open-qc-industry-that-benefits-the-most-people (1/1), chunk 2/43
[20:42:54 +15s | thequantuminsider_2020_08_13_tqd_exclusive_unitary_fund_team_pushes_for_an_open_qc_indust_2569de4e] Extracting actors: https://thequantuminsider.com/2020/08/13/tqd-exclusive-unitary-fund-team-pushes-for-an-open-qc-industry-that-benefits-the-most-people (1/1), chunk 3/43
[20:42:59 +20s | thequantuminsider_2020_08_13_tqd_exclusive_unitary_fund_team_pushes_for_an_open_qc_indust_2569de4e] Extracting actors: https://thequantuminsider.com/2020/08/13/tqd-exclusive-unitary-fund-team-pushes-for-an-open-qc-industry-that-benefits-the-most-people (1/1), chunk 4/43
[20:43:03 +24s | thequantuminsider_2020_08_13_tqd_exclusive_unitary_fund_team_pushes_for_an_open_qc_indust_2569de4e] Extracting actors: https://thequantuminsider.com/2020/08/13/tqd-exclusive-unitary-fund-team-pushes-for-an-open-qc-industry-that-benefits-the-most-people (1/1), chunk 5/43
[20:43:08 +29s | thequantuminsider_2020_08_13_tqd_exclusive_unitary_fund_team_pushes_for_an_open_qc_indust_2569de4e] Extracting actors: https://thequantuminsider.com/2020/08/13/tqd-exclusive-unitary-fund-team-pushes-for-an-open-qc-industry-that-benefits-the-most-people (1/1), chunk 6/43
[20:43:18 +36s | thequantuminsider_2020_08_13_tqd_exclusive_unitary_fund_team_pushes_for_an_open_qc_indust_2569de4e] Repaired malformed JSON.
[20:43:18 +36s | thequantuminsider_2020_08_13_tqd_exclusive_unitary_fund_team_pushes_for_an_open_qc_indust_2569de4e] Extracting actors: https://thequantuminsider.com/2020/08/13/tqd-exclusive-unitary-fund-team-pushes-for-an-open-qc-industry-that-benefits-the-most-people (1/1), chunk 7/43
[20:43:26 +44s | thequantuminsider_2020_08_13_tqd_exclusive_unitary_fund_team_pushes_for_an_open_qc_indust_2569de4e] Repaired malformed JSON.
[20:43:26 +44s | thequantuminsider_2020_08_13_tqd_exclusive_unitary_fund_team_pushes_for_an_open_qc_indust_2569de4e] Extracting actors: https://thequantuminsider.com/2020/08/13/tqd-exclusive-unitary-fund-team-pushes-for-an-open-qc-industry-that-benefits-the-most-people (1/1), chunk 8/43
[20:43:31 +48s | thequantuminsider_2020_08_13_tqd_exclusive_unitary_fund_team_pushes_for_an_open_qc_indust_2569de4e] Extracting actors: https://thequantuminsider.com/2020/08/13/tqd-exclusive-unitary-fund-team-pushes-for-an-open-qc-industry-that-benefits-the-most-people (1/1), chunk 9/43
[20:43:37 +55s | thequantuminsider_2020_08_13_tqd_exclusive_unitary_fund_team_pushes_for_an_open_qc_indust_2569de4e] Extracting actors: https://thequantuminsider.com/2020/08/13/tqd-exclusive-unitary-fund-team-pushes-for-an-open-qc-industry-that-benefits-the-most-people (1/1), chunk 10/43
[20:43:41 +59s | thequantuminsider_2020_08_13_tqd_exclusive_unitary_fund_team_pushes_for_an_open_qc_indust_2569de4e] Extracting actors: https://thequantuminsider.com/2020/08/13/tqd-exclusive-unitary-fund-team-pushes-for-an-open-qc-industry-that-benefits-the-most-people (1/1), chunk 11/43
[20:43:51 +1m 6s | thequantuminsider_2020_08_13_tqd_exclusive_unitary_fund_team_pushes_for_an_open_qc_indust_2569de4e] Repaired malformed JSON.
[20:43:51 +1m 6s | thequantuminsider_2020_08_13_tqd_exclusive_unitary_fund_team_pushes_for_an_open_qc_indust_2569de4e] Extracting actors: https://thequantuminsider.com/2020/08/13/tqd-exclusive-unitary-fund-team-pushes-for-an-open-qc-industry-that-benefits-the-most-people (1/1), chunk 12/43
[20:43:59 +1m 14s | thequantuminsider_2020_08_13_tqd_exclusive_unitary_fund_team_pushes_for_an_open_qc_indust_2569de4e] Repaired malformed JSON.
[20:43:59 +1m 14s | thequantuminsider_2020_08_13_tqd_exclusive_unitary_fund_team_pushes_for_an_open_qc_indust_2569de4e] Extracting actors: https://thequantuminsider.com/2020/08/13/tqd-exclusive-unitary-fund-team-pushes-for-an-open-qc-industry-that-benefits-the-most-people (1/1), chunk 13/43
[20:44:09 +1m 23s | thequantuminsider_2020_08_13_tqd_exclusive_unitary_fund_team_pushes_for_an_open_qc_indust_2569de4e] Repaired malformed JSON.
[20:44:09 +1m 23s | thequantuminsider_2020_08_13_tqd_exclusive_unitary_fund_team_pushes_for_an_open_qc_indust_2569de4e] Extracting actors: https://thequantuminsider.com/2020/08/13/tqd-exclusive-unitary-fund-team-pushes-for-an-open-qc-industry-that-benefits-the-most-people (1/1), chunk 14/43
[20:44:16 +1m 31s | thequantuminsider_2020_08_13_tqd_exclusive_unitary_fund_team_pushes_for_an_open_qc_indust_2569de4e] Repaired malformed JSON.
[20:44:16 +1m 31s | thequantuminsider_2020_08_13_tqd_exclusive_unitary_fund_team_pushes_for_an_open_qc_indust_2569de4e] Extracting actors: https://thequantuminsider.com/2020/08/13/tqd-exclusive-unitary-fund-team-pushes-for-an-open-qc-industry-that-benefits-the-most-people (1/1), chunk 15/43
[20:44:25 +1m 37s | thequantuminsider_2020_08_13_tqd_exclusive_unitary_fund_team_pushes_for_an_open_qc_indust_2569de4e] Repaired malformed JSON.
[20:44:25 +1m 37s | thequantuminsider_2020_08_13_tqd_exclusive_unitary_fund_team_pushes_for_an_open_qc_indust_2569de4e] Extracting actors: https://thequantuminsider.com/2020/08/13/tqd-exclusive-unitary-fund-team-pushes-for-an-open-qc-industry-that-benefits-the-most-people (1/1), chunk 16/43
[20:44:34 +1m 46s | thequantuminsider_2020_08_13_tqd_exclusive_unitary_fund_team_pushes_for_an_open_qc_indust_2569de4e] Repaired malformed JSON.
[20:44:34 +1m 46s | thequantuminsider_2020_08_13_tqd_exclusive_unitary_fund_team_pushes_for_an_open_qc_indust_2569de4e] Extracting actors: https://thequantuminsider.com/2020/08/13/tqd-exclusive-unitary-fund-team-pushes-for-an-open-qc-industry-that-benefits-the-most-people (1/1), chunk 17/43
[20:44:41 +1m 53s | thequantuminsider_2020_08_13_tqd_exclusive_unitary_fund_team_pushes_for_an_open_qc_indust_2569de4e] Repaired malformed JSON.
[20:44:41 +1m 53s | thequantuminsider_2020_08_13_tqd_exclusive_unitary_fund_team_pushes_for_an_open_qc_indust_2569de4e] Extracting actors: https://thequantuminsider.com/2020/08/13/tqd-exclusive-unitary-fund-team-pushes-for-an-open-qc-industry-that-benefits-the-most-people (1/1), chunk 18/43
[20:44:49 +2m 1s | thequantuminsider_2020_08_13_tqd_exclusive_unitary_fund_team_pushes_for_an_open_qc_indust_2569de4e] Repaired malformed JSON.
[20:44:49 +2m 1s | thequantuminsider_2020_08_13_tqd_exclusive_unitary_fund_team_pushes_for_an_open_qc_indust_2569de4e] Extracting actors: https://thequantuminsider.com/2020/08/13/tqd-exclusive-unitary-fund-team-pushes-for-an-open-qc-industry-that-benefits-the-most-people (1/1), chunk 19/43
[20:44:55 +2m 7s | thequantuminsider_2020_08_13_tqd_exclusive_unitary_fund_team_pushes_for_an_open_qc_indust_2569de4e] Repaired malformed JSON.
[20:44:55 +2m 7s | thequantuminsider_2020_08_13_tqd_exclusive_unitary_fund_team_pushes_for_an_open_qc_indust_2569de4e] Extracting actors: https://thequantuminsider.com/2020/08/13/tqd-exclusive-unitary-fund-team-pushes-for-an-open-qc-industry-that-benefits-the-most-people (1/1), chunk 20/43
[20:45:04 +2m 13s | thequantuminsider_2020_08_13_tqd_exclusive_unitary_fund_team_pushes_for_an_open_qc_indust_2569de4e] Repaired malformed JSON.
[20:45:04 +2m 13s | thequantuminsider_2020_08_13_tqd_exclusive_unitary_fund_team_pushes_for_an_open_qc_indust_2569de4e] Extracting actors: https://thequantuminsider.com/2020/08/13/tqd-exclusive-unitary-fund-team-pushes-for-an-open-qc-industry-that-benefits-the-most-people (1/1), chunk 21/43
[20:45:10 +2m 19s | thequantuminsider_2020_08_13_tqd_exclusive_unitary_fund_team_pushes_for_an_open_qc_indust_2569de4e] Repaired malformed JSON.
[20:45:10 +2m 19s | thequantuminsider_2020_08_13_tqd_exclusive_unitary_fund_team_pushes_for_an_open_qc_indust_2569de4e] Extracting actors: https://thequantuminsider.com/2020/08/13/tqd-exclusive-unitary-fund-team-pushes-for-an-open-qc-industry-that-benefits-the-most-people (1/1), chunk 22/43
[20:45:16 +2m 25s | thequantuminsider_2020_08_13_tqd_exclusive_unitary_fund_team_pushes_for_an_open_qc_indust_2569de4e] Repaired malformed JSON.
[20:45:16 +2m 25s | thequantuminsider_2020_08_13_tqd_exclusive_unitary_fund_team_pushes_for_an_open_qc_indust_2569de4e] Extracting actors: https://thequantuminsider.com/2020/08/13/tqd-exclusive-unitary-fund-team-pushes-for-an-open-qc-industry-that-benefits-the-most-people (1/1), chunk 23/43
[20:45:23 +2m 32s | thequantuminsider_2020_08_13_tqd_exclusive_unitary_fund_team_pushes_for_an_open_qc_indust_2569de4e] Repaired malformed JSON.
[20:45:23 +2m 32s | thequantuminsider_2020_08_13_tqd_exclusive_unitary_fund_team_pushes_for_an_open_qc_indust_2569de4e] Extracting actors: https://thequantuminsider.com/2020/08/13/tqd-exclusive-unitary-fund-team-pushes-for-an-open-qc-industry-that-benefits-the-most-people (1/1), chunk 24/43
[20:45:30 +2m 39s | thequantuminsider_2020_08_13_tqd_exclusive_unitary_fund_team_pushes_for_an_open_qc_indust_2569de4e] Repaired malformed JSON.
[20:45:30 +2m 39s | thequantuminsider_2020_08_13_tqd_exclusive_unitary_fund_team_pushes_for_an_open_qc_indust_2569de4e] Extracting actors: https://thequantuminsider.com/2020/08/13/tqd-exclusive-unitary-fund-team-pushes-for-an-open-qc-industry-that-benefits-the-most-people (1/1), chunk 25/43
[20:45:38 +2m 44s | thequantuminsider_2020_08_13_tqd_exclusive_unitary_fund_team_pushes_for_an_open_qc_indust_2569de4e] Repaired malformed JSON.
[20:45:38 +2m 44s | thequantuminsider_2020_08_13_tqd_exclusive_unitary_fund_team_pushes_for_an_open_qc_indust_2569de4e] Extracting actors: https://thequantuminsider.com/2020/08/13/tqd-exclusive-unitary-fund-team-pushes-for-an-open-qc-industry-that-benefits-the-most-people (1/1), chunk 26/43
[20:45:47 +2m 53s | thequantuminsider_2020_08_13_tqd_exclusive_unitary_fund_team_pushes_for_an_open_qc_indust_2569de4e] Repaired malformed JSON.
[20:45:47 +2m 53s | thequantuminsider_2020_08_13_tqd_exclusive_unitary_fund_team_pushes_for_an_open_qc_indust_2569de4e] Extracting actors: https://thequantuminsider.com/2020/08/13/tqd-exclusive-unitary-fund-team-pushes-for-an-open-qc-industry-that-benefits-the-most-people (1/1), chunk 27/43
[20:45:52 +2m 58s | thequantuminsider_2020_08_13_tqd_exclusive_unitary_fund_team_pushes_for_an_open_qc_indust_2569de4e] Repaired malformed JSON.
[20:45:52 +2m 58s | thequantuminsider_2020_08_13_tqd_exclusive_unitary_fund_team_pushes_for_an_open_qc_indust_2569de4e] Extracting actors: https://thequantuminsider.com/2020/08/13/tqd-exclusive-unitary-fund-team-pushes-for-an-open-qc-industry-that-benefits-the-most-people (1/1), chunk 28/43
[20:46:00 +3m 7s | thequantuminsider_2020_08_13_tqd_exclusive_unitary_fund_team_pushes_for_an_open_qc_indust_2569de4e] Repaired malformed JSON.
[20:46:00 +3m 7s | thequantuminsider_2020_08_13_tqd_exclusive_unitary_fund_team_pushes_for_an_open_qc_indust_2569de4e] Extracting actors: https://thequantuminsider.com/2020/08/13/tqd-exclusive-unitary-fund-team-pushes-for-an-open-qc-industry-that-benefits-the-most-people (1/1), chunk 29/43
[20:46:12 +3m 15s | thequantuminsider_2020_08_13_tqd_exclusive_unitary_fund_team_pushes_for_an_open_qc_indust_2569de4e] Repaired malformed JSON.
[20:46:12 +3m 15s | thequantuminsider_2020_08_13_tqd_exclusive_unitary_fund_team_pushes_for_an_open_qc_indust_2569de4e] Extracting actors: https://thequantuminsider.com/2020/08/13/tqd-exclusive-unitary-fund-team-pushes-for-an-open-qc-industry-that-benefits-the-most-people (1/1), chunk 30/43
[20:46:20 +3m 23s | thequantuminsider_2020_08_13_tqd_exclusive_unitary_fund_team_pushes_for_an_open_qc_indust_2569de4e] Repaired malformed JSON.
[20:46:20 +3m 23s | thequantuminsider_2020_08_13_tqd_exclusive_unitary_fund_team_pushes_for_an_open_qc_indust_2569de4e] Extracting actors: https://thequantuminsider.com/2020/08/13/tqd-exclusive-unitary-fund-team-pushes-for-an-open-qc-industry-that-benefits-the-most-people (1/1), chunk 31/43
[20:46:27 +3m 30s | thequantuminsider_2020_08_13_tqd_exclusive_unitary_fund_team_pushes_for_an_open_qc_indust_2569de4e] Extracting actors: https://thequantuminsider.com/2020/08/13/tqd-exclusive-unitary-fund-team-pushes-for-an-open-qc-industry-that-benefits-the-most-people (1/1), chunk 32/43
[20:46:33 +3m 36s | thequantuminsider_2020_08_13_tqd_exclusive_unitary_fund_team_pushes_for_an_open_qc_indust_2569de4e] Repaired malformed JSON.
[20:46:33 +3m 36s | thequantuminsider_2020_08_13_tqd_exclusive_unitary_fund_team_pushes_for_an_open_qc_indust_2569de4e] Extracting actors: https://thequantuminsider.com/2020/08/13/tqd-exclusive-unitary-fund-team-pushes-for-an-open-qc-industry-that-benefits-the-most-people (1/1), chunk 33/43
[20:46:37 +3m 40s | thequantuminsider_2020_08_13_tqd_exclusive_unitary_fund_team_pushes_for_an_open_qc_indust_2569de4e] Extracting actors: https://thequantuminsider.com/2020/08/13/tqd-exclusive-unitary-fund-team-pushes-for-an-open-qc-industry-that-benefits-the-most-people (1/1), chunk 34/43
[20:46:46 +3m 46s | thequantuminsider_2020_08_13_tqd_exclusive_unitary_fund_team_pushes_for_an_open_qc_indust_2569de4e] Extracting actors: https://thequantuminsider.com/2020/08/13/tqd-exclusive-unitary-fund-team-pushes-for-an-open-qc-industry-that-benefits-the-most-people (1/1), chunk 35/43
[20:46:54 +3m 54s | thequantuminsider_2020_08_13_tqd_exclusive_unitary_fund_team_pushes_for_an_open_qc_indust_2569de4e] Repaired malformed JSON.
[20:46:54 +3m 54s | thequantuminsider_2020_08_13_tqd_exclusive_unitary_fund_team_pushes_for_an_open_qc_indust_2569de4e] Extracting actors: https://thequantuminsider.com/2020/08/13/tqd-exclusive-unitary-fund-team-pushes-for-an-open-qc-industry-that-benefits-the-most-people (1/1), chunk 36/43
[20:47:01 +4m 1s | thequantuminsider_2020_08_13_tqd_exclusive_unitary_fund_team_pushes_for_an_open_qc_indust_2569de4e] Repaired malformed JSON.
[20:47:01 +4m 1s | thequantuminsider_2020_08_13_tqd_exclusive_unitary_fund_team_pushes_for_an_open_qc_indust_2569de4e] Extracting actors: https://thequantuminsider.com/2020/08/13/tqd-exclusive-unitary-fund-team-pushes-for-an-open-qc-industry-that-benefits-the-most-people (1/1), chunk 37/43
[20:47:07 +4m 7s | thequantuminsider_2020_08_13_tqd_exclusive_unitary_fund_team_pushes_for_an_open_qc_indust_2569de4e] Repaired malformed JSON.
[20:47:07 +4m 7s | thequantuminsider_2020_08_13_tqd_exclusive_unitary_fund_team_pushes_for_an_open_qc_indust_2569de4e] Extracting actors: https://thequantuminsider.com/2020/08/13/tqd-exclusive-unitary-fund-team-pushes-for-an-open-qc-industry-that-benefits-the-most-people (1/1), chunk 38/43
[20:47:12 +4m 12s | thequantuminsider_2020_08_13_tqd_exclusive_unitary_fund_team_pushes_for_an_open_qc_indust_2569de4e] Extracting actors: https://thequantuminsider.com/2020/08/13/tqd-exclusive-unitary-fund-team-pushes-for-an-open-qc-industry-that-benefits-the-most-people (1/1), chunk 39/43
[20:47:21 +4m 18s | thequantuminsider_2020_08_13_tqd_exclusive_unitary_fund_team_pushes_for_an_open_qc_indust_2569de4e] Repaired malformed JSON.
[20:47:21 +4m 18s | thequantuminsider_2020_08_13_tqd_exclusive_unitary_fund_team_pushes_for_an_open_qc_indust_2569de4e] Extracting actors: https://thequantuminsider.com/2020/08/13/tqd-exclusive-unitary-fund-team-pushes-for-an-open-qc-industry-that-benefits-the-most-people (1/1), chunk 40/43
[20:47:26 +4m 24s | thequantuminsider_2020_08_13_tqd_exclusive_unitary_fund_team_pushes_for_an_open_qc_indust_2569de4e] Repaired malformed JSON.
[20:47:26 +4m 24s | thequantuminsider_2020_08_13_tqd_exclusive_unitary_fund_team_pushes_for_an_open_qc_indust_2569de4e] Extracting actors: https://thequantuminsider.com/2020/08/13/tqd-exclusive-unitary-fund-team-pushes-for-an-open-qc-industry-that-benefits-the-most-people (1/1), chunk 41/43
[20:47:32 +4m 29s | thequantuminsider_2020_08_13_tqd_exclusive_unitary_fund_team_pushes_for_an_open_qc_indust_2569de4e] Repaired malformed JSON.
[20:47:32 +4m 29s | thequantuminsider_2020_08_13_tqd_exclusive_unitary_fund_team_pushes_for_an_open_qc_indust_2569de4e] Extracting actors: https://thequantuminsider.com/2020/08/13/tqd-exclusive-unitary-fund-team-pushes-for-an-open-qc-industry-that-benefits-the-most-people (1/1), chunk 42/43
[20:47:41 +4m 38s | thequantuminsider_2020_08_13_tqd_exclusive_unitary_fund_team_pushes_for_an_open_qc_indust_2569de4e] Repaired malformed JSON.
[20:47:41 +4m 38s | thequantuminsider_2020_08_13_tqd_exclusive_unitary_fund_team_pushes_for_an_open_qc_indust_2569de4e] Extracting actors: https://thequantuminsider.com/2020/08/13/tqd-exclusive-unitary-fund-team-pushes-for-an-open-qc-industry-that-benefits-the-most-people (1/1), chunk 43/43
[20:47:45 +4m 42s | thequantuminsider_2020_08_13_tqd_exclusive_unitary_fund_team_pushes_for_an_open_qc_indust_2569de4e] Saved 1_actor_results.json with 68 extracted records

[20:47:45 +4m 42s | thequantuminsider_2020_08_13_tqd_exclusive_unitary_fund_team_pushes_for_an_open_qc_indust_2569de4e] === 2 clean actors ===
[20:47:45 +4m 43s | thequantuminsider_2020_08_13_tqd_exclusive_unitary_fund_team_pushes_for_an_open_qc_indust_2569de4e] Loaded 68 extracted records
[20:47:45 +4m 43s | thequantuminsider_2020_08_13_tqd_exclusive_unitary_fund_team_pushes_for_an_open_qc_indust_2569de4e] Saved 2_actor_nodes.json with 26 canonical actor nodes

[20:47:45 +4m 43s | thequantuminsider_2020_08_13_tqd_exclusive_unitary_fund_team_pushes_for_an_open_qc_indust_2569de4e] === 3 interaction extraction ===
[20:47:45 +4m 43s | thequantuminsider_2020_08_13_tqd_exclusive_unitary_fund_team_pushes_for_an_open_qc_indust_2569de4e] Extracting interactions: https://thequantuminsider.com/2020/08/13/tqd-exclusive-unitary-fund-team-pushes-for-an-open-qc-industry-that-benefits-the-most-people (1/1), chunk 11/43
[20:47:49 +4m 46s | thequantuminsider_2020_08_13_tqd_exclusive_unitary_fund_team_pushes_for_an_open_qc_indust_2569de4e] Extracting interactions: https://thequantuminsider.com/2020/08/13/tqd-exclusive-unitary-fund-team-pushes-for-an-open-qc-industry-that-benefits-the-most-people (1/1), chunk 12/43
[20:48:00 +4m 55s | thequantuminsider_2020_08_13_tqd_exclusive_unitary_fund_team_pushes_for_an_open_qc_indust_2569de4e] Extracting interactions: https://thequantuminsider.com/2020/08/13/tqd-exclusive-unitary-fund-team-pushes-for-an-open-qc-industry-that-benefits-the-most-people (1/1), chunk 13/43
[20:48:09 +5m 4s | thequantuminsider_2020_08_13_tqd_exclusive_unitary_fund_team_pushes_for_an_open_qc_indust_2569de4e] Extracting interactions: https://thequantuminsider.com/2020/08/13/tqd-exclusive-unitary-fund-team-pushes-for-an-open-qc-industry-that-benefits-the-most-people (1/1), chunk 14/43
[20:48:21 +5m 15s | thequantuminsider_2020_08_13_tqd_exclusive_unitary_fund_team_pushes_for_an_open_qc_indust_2569de4e] Extracting interactions: https://thequantuminsider.com/2020/08/13/tqd-exclusive-unitary-fund-team-pushes-for-an-open-qc-industry-that-benefits-the-most-people (1/1), chunk 15/43
[20:48:49 +5m 40s | thequantuminsider_2020_08_13_tqd_exclusive_unitary_fund_team_pushes_for_an_open_qc_indust_2569de4e] Extracting interactions: https://thequantuminsider.com/2020/08/13/tqd-exclusive-unitary-fund-team-pushes-for-an-open-qc-industry-that-benefits-the-most-people (1/1), chunk 16/43
[20:49:10 +5m 59s | thequantuminsider_2020_08_13_tqd_exclusive_unitary_fund_team_pushes_for_an_open_qc_indust_2569de4e] Extracting interactions: https://thequantuminsider.com/2020/08/13/tqd-exclusive-unitary-fund-team-pushes-for-an-open-qc-industry-that-benefits-the-most-people (1/1), chunk 17/43
[20:49:16 +6m 5s | thequantuminsider_2020_08_13_tqd_exclusive_unitary_fund_team_pushes_for_an_open_qc_indust_2569de4e] Extracting interactions: https://thequantuminsider.com/2020/08/13/tqd-exclusive-unitary-fund-team-pushes-for-an-open-qc-industry-that-benefits-the-most-people (1/1), chunk 18/43
[20:49:26 +6m 14s | thequantuminsider_2020_08_13_tqd_exclusive_unitary_fund_team_pushes_for_an_open_qc_indust_2569de4e] Extracting interactions: https://thequantuminsider.com/2020/08/13/tqd-exclusive-unitary-fund-team-pushes-for-an-open-qc-industry-that-benefits-the-most-people (1/1), chunk 19/43
[20:49:33 +6m 22s | thequantuminsider_2020_08_13_tqd_exclusive_unitary_fund_team_pushes_for_an_open_qc_indust_2569de4e] Extracting interactions: https://thequantuminsider.com/2020/08/13/tqd-exclusive-unitary-fund-team-pushes-for-an-open-qc-industry-that-benefits-the-most-people (1/1), chunk 20/43
[20:49:44 +6m 30s | thequantuminsider_2020_08_13_tqd_exclusive_unitary_fund_team_pushes_for_an_open_qc_indust_2569de4e] Extracting interactions: https://thequantuminsider.com/2020/08/13/tqd-exclusive-unitary-fund-team-pushes-for-an-open-qc-industry-that-benefits-the-most-people (1/1), chunk 21/43
[20:49:53 +6m 39s | thequantuminsider_2020_08_13_tqd_exclusive_unitary_fund_team_pushes_for_an_open_qc_indust_2569de4e] Extracting interactions: https://thequantuminsider.com/2020/08/13/tqd-exclusive-unitary-fund-team-pushes-for-an-open-qc-industry-that-benefits-the-most-people (1/1), chunk 22/43
[20:49:58 +6m 44s | thequantuminsider_2020_08_13_tqd_exclusive_unitary_fund_team_pushes_for_an_open_qc_indust_2569de4e] Extracting interactions: https://thequantuminsider.com/2020/08/13/tqd-exclusive-unitary-fund-team-pushes-for-an-open-qc-industry-that-benefits-the-most-people (1/1), chunk 23/43
[20:50:04 +6m 49s | thequantuminsider_2020_08_13_tqd_exclusive_unitary_fund_team_pushes_for_an_open_qc_indust_2569de4e] Extracting interactions: https://thequantuminsider.com/2020/08/13/tqd-exclusive-unitary-fund-team-pushes-for-an-open-qc-industry-that-benefits-the-most-people (1/1), chunk 24/43
[20:50:12 +6m 57s | thequantuminsider_2020_08_13_tqd_exclusive_unitary_fund_team_pushes_for_an_open_qc_indust_2569de4e] Extracting interactions: https://thequantuminsider.com/2020/08/13/tqd-exclusive-unitary-fund-team-pushes-for-an-open-qc-industry-that-benefits-the-most-people (1/1), chunk 25/43
[20:50:21 +7m 4s | thequantuminsider_2020_08_13_tqd_exclusive_unitary_fund_team_pushes_for_an_open_qc_indust_2569de4e] Extracting interactions: https://thequantuminsider.com/2020/08/13/tqd-exclusive-unitary-fund-team-pushes-for-an-open-qc-industry-that-benefits-the-most-people (1/1), chunk 26/43
[20:50:29 +7m 12s | thequantuminsider_2020_08_13_tqd_exclusive_unitary_fund_team_pushes_for_an_open_qc_indust_2569de4e] Extracting interactions: https://thequantuminsider.com/2020/08/13/tqd-exclusive-unitary-fund-team-pushes-for-an-open-qc-industry-that-benefits-the-most-people (1/1), chunk 27/43
[20:50:35 +7m 18s | thequantuminsider_2020_08_13_tqd_exclusive_unitary_fund_team_pushes_for_an_open_qc_indust_2569de4e] Extracting interactions: https://thequantuminsider.com/2020/08/13/tqd-exclusive-unitary-fund-team-pushes-for-an-open-qc-industry-that-benefits-the-most-people (1/1), chunk 28/43
[20:50:40 +7m 23s | thequantuminsider_2020_08_13_tqd_exclusive_unitary_fund_team_pushes_for_an_open_qc_indust_2569de4e] Extracting interactions: https://thequantuminsider.com/2020/08/13/tqd-exclusive-unitary-fund-team-pushes-for-an-open-qc-industry-that-benefits-the-most-people (1/1), chunk 29/43
[20:50:55 +7m 34s | thequantuminsider_2020_08_13_tqd_exclusive_unitary_fund_team_pushes_for_an_open_qc_indust_2569de4e] Extracting interactions: https://thequantuminsider.com/2020/08/13/tqd-exclusive-unitary-fund-team-pushes-for-an-open-qc-industry-that-benefits-the-most-people (1/1), chunk 32/43
[20:51:03 +7m 42s | thequantuminsider_2020_08_13_tqd_exclusive_unitary_fund_team_pushes_for_an_open_qc_indust_2569de4e] Extracting interactions: https://thequantuminsider.com/2020/08/13/tqd-exclusive-unitary-fund-team-pushes-for-an-open-qc-industry-that-benefits-the-most-people (1/1), chunk 33/43
[20:51:06 +7m 46s | thequantuminsider_2020_08_13_tqd_exclusive_unitary_fund_team_pushes_for_an_open_qc_indust_2569de4e] Extracting interactions: https://thequantuminsider.com/2020/08/13/tqd-exclusive-unitary-fund-team-pushes-for-an-open-qc-industry-that-benefits-the-most-people (1/1), chunk 36/43
[20:51:08 +7m 47s | thequantuminsider_2020_08_13_tqd_exclusive_unitary_fund_team_pushes_for_an_open_qc_indust_2569de4e] Extracting interactions: https://thequantuminsider.com/2020/08/13/tqd-exclusive-unitary-fund-team-pushes-for-an-open-qc-industry-that-benefits-the-most-people (1/1), chunk 37/43
[20:51:09 +7m 49s | thequantuminsider_2020_08_13_tqd_exclusive_unitary_fund_team_pushes_for_an_open_qc_indust_2569de4e] Extracting interactions: https://thequantuminsider.com/2020/08/13/tqd-exclusive-unitary-fund-team-pushes-for-an-open-qc-industry-that-benefits-the-most-people (1/1), chunk 38/43
[20:51:11 +7m 51s | thequantuminsider_2020_08_13_tqd_exclusive_unitary_fund_team_pushes_for_an_open_qc_indust_2569de4e] Extracting interactions: https://thequantuminsider.com/2020/08/13/tqd-exclusive-unitary-fund-team-pushes-for-an-open-qc-industry-that-benefits-the-most-people (1/1), chunk 39/43
[20:51:12 +7m 52s | thequantuminsider_2020_08_13_tqd_exclusive_unitary_fund_team_pushes_for_an_open_qc_indust_2569de4e] Extracting interactions: https://thequantuminsider.com/2020/08/13/tqd-exclusive-unitary-fund-team-pushes-for-an-open-qc-industry-that-benefits-the-most-people (1/1), chunk 41/43
[20:51:14 +7m 54s | thequantuminsider_2020_08_13_tqd_exclusive_unitary_fund_team_pushes_for_an_open_qc_indust_2569de4e] Extracting interactions: https://thequantuminsider.com/2020/08/13/tqd-exclusive-unitary-fund-team-pushes-for-an-open-qc-industry-that-benefits-the-most-people (1/1), chunk 42/43
[20:51:16 +7m 55s | thequantuminsider_2020_08_13_tqd_exclusive_unitary_fund_team_pushes_for_an_open_qc_indust_2569de4e] Extracting interactions: https://thequantuminsider.com/2020/08/13/tqd-exclusive-unitary-fund-team-pushes-for-an-open-qc-industry-that-benefits-the-most-people (1/1), chunk 43/43
[20:51:17 +7m 57s | thequantuminsider_2020_08_13_tqd_exclusive_unitary_fund_team_pushes_for_an_open_qc_indust_2569de4e] Saved 3_interaction_results.json with 40 extracted interactions.

[20:51:17 +7m 57s | thequantuminsider_2020_08_13_tqd_exclusive_unitary_fund_team_pushes_for_an_open_qc_indust_2569de4e] === 4 clean interactions ===
[20:51:17 +7m 57s | thequantuminsider_2020_08_13_tqd_exclusive_unitary_fund_team_pushes_for_an_open_qc_indust_2569de4e] Saved 4_edges.json with 3 cleaned interactions.

[20:51:17 +7m 57s | thequantuminsider_2020_08_13_tqd_exclusive_unitary_fund_team_pushes_for_an_open_qc_indust_2569de4e] === 5 helix enrichment ===
[20:51:17 +7m 57s | thequantuminsider_2020_08_13_tqd_exclusive_unitary_fund_team_pushes_for_an_open_qc_indust_2569de4e] Wrote 5_nodes.json (26 actors)
[20:51:17 +7m 57s | thequantuminsider_2020_08_13_tqd_exclusive_unitary_fund_team_pushes_for_an_open_qc_indust_2569de4e] Wrote 5_edges.json (3 interactions)
[20:51:17 +7m 57s | thequantuminsider_2020_08_13_tqd_exclusive_unitary_fund_team_pushes_for_an_open_qc_indust_2569de4e] Actor helix counts: {'Academia': 1, 'Civil Society': 3, 'Government': 3, 'Industry': 4, 'Intermediary': 5, 'Unknown': 10}
[20:51:17 +7m 57s | thequantuminsider_2020_08_13_tqd_exclusive_unitary_fund_team_pushes_for_an_open_qc_indust_2569de4e] Functional-space counts: {'Innovation': 1, 'Unknown': 2}

[20:51:17 +7m 57s | thequantuminsider_2020_08_13_tqd_exclusive_unitary_fund_team_pushes_for_an_open_qc_indust_2569de4e] === 6 network visualisation ===
[20:51:18 +7m 58s | thequantuminsider_2020_08_13_tqd_exclusive_unitary_fund_team_pushes_for_an_open_qc_indust_2569de4e] Wrote quantum_network.html
[20:51:18 +7m 58s | thequantuminsider_2020_08_13_tqd_exclusive_unitary_fund_team_pushes_for_an_open_qc_indust_2569de4e] Nodes: 26
[20:51:18 +7m 58s | thequantuminsider_2020_08_13_tqd_exclusive_unitary_fund_team_pushes_for_an_open_qc_indust_2569de4e] Edges: 3

[20:51:18 +7m 58s | thequantuminsider_2020_08_13_tqd_exclusive_unitary_fund_team_pushes_for_an_open_qc_indust_2569de4e] Done. Outputs written to: /home/lv/IDP/idpdeeptech/pipeline/news_outputs/thequantuminsider_2020_08_13_tqd_exclusive_unitary_fund_team_pushes_for_an_open_qc_indust_2569de4e
[20:51:18 +7m 58s | thequantuminsider_2020_08_13_tqd_exclusive_unitary_fund_team_pushes_for_an_open_qc_indust_2569de4e] Log: /home/lv/IDP/idpdeeptech/pipeline/news_outputs/thequantuminsider_2020_08_13_tqd_exclusive_unitary_fund_team_pushes_for_an_open_qc_indust_2569de4e/run.log

========================================================================
RUN FINISHED 2026-07-01 20:51:18  (OK)
Started:     2026-07-01 20:42:39
Elapsed:     7m 58s
========================================================================
