
========================================================================
RUN STARTED  2026-07-02 11:34:53
site_pipeline.py https://thequantuminsider.com/2024/01/29/chinas-research-advance-could-allow-non-helium-cooling-of-quantum-computers/
========================================================================

[11:34:53 +0s | thequantuminsider_2024_01_29_chinas_research_advance_could_allow_non_helium_cooling_of_qu_c0b28d00] === 0 crawl site ===
[11:34:54 +1s | thequantuminsider_2024_01_29_chinas_research_advance_could_allow_non_helium_cooling_of_qu_c0b28d00] [INIT].... → Crawl4AI 0.8.6 
[11:34:57 +4s | thequantuminsider_2024_01_29_chinas_research_advance_could_allow_non_helium_cooling_of_qu_c0b28d00] [FETCH]... ↓ https://thequantuminsider.com/2024/01/29/chinas-...d-allow-non-helium-cooling-of-quantum-computers/  | ✓ | ⏱: 2.47s 
[11:34:57 +4s | thequantuminsider_2024_01_29_chinas_research_advance_could_allow_non_helium_cooling_of_qu_c0b28d00] [SCRAPE].. ◆ https://thequantuminsider.com/2024/01/29/chinas-...d-allow-non-helium-cooling-of-quantum-computers/  | ✓ | ⏱: 0.11s 
[11:34:57 +4s | thequantuminsider_2024_01_29_chinas_research_advance_could_allow_non_helium_cooling_of_qu_c0b28d00] [COMPLETE] ● https://thequantuminsider.com/2024/01/29/chinas-...d-allow-non-helium-cooling-of-quantum-computers/  | ✓ | ⏱: 2.60s 
[11:34:57 +4s | thequantuminsider_2024_01_29_chinas_research_advance_could_allow_non_helium_cooling_of_qu_c0b28d00] Saved: crawl_output/3b17c32e63_thequantuminsider.com_2024_01_29_chinas-research-advance-could-allow-non-helium-cooling-of-quantum-computers.json

[11:34:57 +4s | thequantuminsider_2024_01_29_chinas_research_advance_could_allow_non_helium_cooling_of_qu_c0b28d00] === 1 actor extraction ===
[11:34:57 +4s | thequantuminsider_2024_01_29_chinas_research_advance_could_allow_non_helium_cooling_of_qu_c0b28d00] Reading page (1/1): https://thequantuminsider.com/2024/01/29/chinas-research-advance-could-allow-non-helium-cooling-of-quantum-computers
[11:34:57 +4s | thequantuminsider_2024_01_29_chinas_research_advance_could_allow_non_helium_cooling_of_qu_c0b28d00] Extracting actors: https://thequantuminsider.com/2024/01/29/chinas-research-advance-could-allow-non-helium-cooling-of-quantum-computers (1/1), chunk 1/36
[11:35:01 +8s | thequantuminsider_2024_01_29_chinas_research_advance_could_allow_non_helium_cooling_of_qu_c0b28d00] Extracting actors: https://thequantuminsider.com/2024/01/29/chinas-research-advance-could-allow-non-helium-cooling-of-quantum-computers (1/1), chunk 2/36
[11:35:05 +12s | thequantuminsider_2024_01_29_chinas_research_advance_could_allow_non_helium_cooling_of_qu_c0b28d00] Extracting actors: https://thequantuminsider.com/2024/01/29/chinas-research-advance-could-allow-non-helium-cooling-of-quantum-computers (1/1), chunk 3/36
[11:35:10 +17s | thequantuminsider_2024_01_29_chinas_research_advance_could_allow_non_helium_cooling_of_qu_c0b28d00] Extracting actors: https://thequantuminsider.com/2024/01/29/chinas-research-advance-could-allow-non-helium-cooling-of-quantum-computers (1/1), chunk 4/36
[11:35:13 +20s | thequantuminsider_2024_01_29_chinas_research_advance_could_allow_non_helium_cooling_of_qu_c0b28d00] Extracting actors: https://thequantuminsider.com/2024/01/29/chinas-research-advance-could-allow-non-helium-cooling-of-quantum-computers (1/1), chunk 5/36
[11:35:19 +26s | thequantuminsider_2024_01_29_chinas_research_advance_could_allow_non_helium_cooling_of_qu_c0b28d00] Extracting actors: https://thequantuminsider.com/2024/01/29/chinas-research-advance-could-allow-non-helium-cooling-of-quantum-computers (1/1), chunk 6/36
[11:35:24 +31s | thequantuminsider_2024_01_29_chinas_research_advance_could_allow_non_helium_cooling_of_qu_c0b28d00] Extracting actors: https://thequantuminsider.com/2024/01/29/chinas-research-advance-could-allow-non-helium-cooling-of-quantum-computers (1/1), chunk 7/36
[11:35:31 +37s | thequantuminsider_2024_01_29_chinas_research_advance_could_allow_non_helium_cooling_of_qu_c0b28d00] Extracting actors: https://thequantuminsider.com/2024/01/29/chinas-research-advance-could-allow-non-helium-cooling-of-quantum-computers (1/1), chunk 8/36
[11:35:36 +43s | thequantuminsider_2024_01_29_chinas_research_advance_could_allow_non_helium_cooling_of_qu_c0b28d00] Extracting actors: https://thequantuminsider.com/2024/01/29/chinas-research-advance-could-allow-non-helium-cooling-of-quantum-computers (1/1), chunk 9/36
[11:35:42 +49s | thequantuminsider_2024_01_29_chinas_research_advance_could_allow_non_helium_cooling_of_qu_c0b28d00] Extracting actors: https://thequantuminsider.com/2024/01/29/chinas-research-advance-could-allow-non-helium-cooling-of-quantum-computers (1/1), chunk 10/36
[11:35:48 +55s | thequantuminsider_2024_01_29_chinas_research_advance_could_allow_non_helium_cooling_of_qu_c0b28d00] Extracting actors: https://thequantuminsider.com/2024/01/29/chinas-research-advance-could-allow-non-helium-cooling-of-quantum-computers (1/1), chunk 11/36
[11:35:55 +1m 1s | thequantuminsider_2024_01_29_chinas_research_advance_could_allow_non_helium_cooling_of_qu_c0b28d00] Repaired malformed JSON.
[11:35:55 +1m 1s | thequantuminsider_2024_01_29_chinas_research_advance_could_allow_non_helium_cooling_of_qu_c0b28d00] Extracting actors: https://thequantuminsider.com/2024/01/29/chinas-research-advance-could-allow-non-helium-cooling-of-quantum-computers (1/1), chunk 12/36
[11:36:01 +1m 8s | thequantuminsider_2024_01_29_chinas_research_advance_could_allow_non_helium_cooling_of_qu_c0b28d00] Repaired malformed JSON.
[11:36:01 +1m 8s | thequantuminsider_2024_01_29_chinas_research_advance_could_allow_non_helium_cooling_of_qu_c0b28d00] Extracting actors: https://thequantuminsider.com/2024/01/29/chinas-research-advance-could-allow-non-helium-cooling-of-quantum-computers (1/1), chunk 13/36
[11:36:07 +1m 14s | thequantuminsider_2024_01_29_chinas_research_advance_could_allow_non_helium_cooling_of_qu_c0b28d00] Repaired malformed JSON.
[11:36:07 +1m 14s | thequantuminsider_2024_01_29_chinas_research_advance_could_allow_non_helium_cooling_of_qu_c0b28d00] Extracting actors: https://thequantuminsider.com/2024/01/29/chinas-research-advance-could-allow-non-helium-cooling-of-quantum-computers (1/1), chunk 14/36
[11:36:15 +1m 22s | thequantuminsider_2024_01_29_chinas_research_advance_could_allow_non_helium_cooling_of_qu_c0b28d00] Repaired malformed JSON.
[11:36:15 +1m 22s | thequantuminsider_2024_01_29_chinas_research_advance_could_allow_non_helium_cooling_of_qu_c0b28d00] Extracting actors: https://thequantuminsider.com/2024/01/29/chinas-research-advance-could-allow-non-helium-cooling-of-quantum-computers (1/1), chunk 15/36
[11:36:22 +1m 29s | thequantuminsider_2024_01_29_chinas_research_advance_could_allow_non_helium_cooling_of_qu_c0b28d00] Repaired malformed JSON.
[11:36:22 +1m 29s | thequantuminsider_2024_01_29_chinas_research_advance_could_allow_non_helium_cooling_of_qu_c0b28d00] Extracting actors: https://thequantuminsider.com/2024/01/29/chinas-research-advance-could-allow-non-helium-cooling-of-quantum-computers (1/1), chunk 16/36
[11:36:28 +1m 35s | thequantuminsider_2024_01_29_chinas_research_advance_could_allow_non_helium_cooling_of_qu_c0b28d00] Repaired malformed JSON.
[11:36:28 +1m 35s | thequantuminsider_2024_01_29_chinas_research_advance_could_allow_non_helium_cooling_of_qu_c0b28d00] Extracting actors: https://thequantuminsider.com/2024/01/29/chinas-research-advance-could-allow-non-helium-cooling-of-quantum-computers (1/1), chunk 17/36
[11:36:35 +1m 42s | thequantuminsider_2024_01_29_chinas_research_advance_could_allow_non_helium_cooling_of_qu_c0b28d00] Repaired malformed JSON.
[11:36:35 +1m 42s | thequantuminsider_2024_01_29_chinas_research_advance_could_allow_non_helium_cooling_of_qu_c0b28d00] Extracting actors: https://thequantuminsider.com/2024/01/29/chinas-research-advance-could-allow-non-helium-cooling-of-quantum-computers (1/1), chunk 18/36
[11:36:42 +1m 49s | thequantuminsider_2024_01_29_chinas_research_advance_could_allow_non_helium_cooling_of_qu_c0b28d00] Repaired malformed JSON.
[11:36:42 +1m 49s | thequantuminsider_2024_01_29_chinas_research_advance_could_allow_non_helium_cooling_of_qu_c0b28d00] Extracting actors: https://thequantuminsider.com/2024/01/29/chinas-research-advance-could-allow-non-helium-cooling-of-quantum-computers (1/1), chunk 19/36
[11:36:49 +1m 56s | thequantuminsider_2024_01_29_chinas_research_advance_could_allow_non_helium_cooling_of_qu_c0b28d00] Repaired malformed JSON.
[11:36:49 +1m 56s | thequantuminsider_2024_01_29_chinas_research_advance_could_allow_non_helium_cooling_of_qu_c0b28d00] Extracting actors: https://thequantuminsider.com/2024/01/29/chinas-research-advance-could-allow-non-helium-cooling-of-quantum-computers (1/1), chunk 20/36
[11:36:55 +2m 2s | thequantuminsider_2024_01_29_chinas_research_advance_could_allow_non_helium_cooling_of_qu_c0b28d00] Repaired malformed JSON.
[11:36:55 +2m 2s | thequantuminsider_2024_01_29_chinas_research_advance_could_allow_non_helium_cooling_of_qu_c0b28d00] Extracting actors: https://thequantuminsider.com/2024/01/29/chinas-research-advance-could-allow-non-helium-cooling-of-quantum-computers (1/1), chunk 21/36
[11:37:01 +2m 8s | thequantuminsider_2024_01_29_chinas_research_advance_could_allow_non_helium_cooling_of_qu_c0b28d00] Repaired malformed JSON.
[11:37:01 +2m 8s | thequantuminsider_2024_01_29_chinas_research_advance_could_allow_non_helium_cooling_of_qu_c0b28d00] Extracting actors: https://thequantuminsider.com/2024/01/29/chinas-research-advance-could-allow-non-helium-cooling-of-quantum-computers (1/1), chunk 22/36
[11:37:08 +2m 15s | thequantuminsider_2024_01_29_chinas_research_advance_could_allow_non_helium_cooling_of_qu_c0b28d00] Repaired malformed JSON.
[11:37:08 +2m 15s | thequantuminsider_2024_01_29_chinas_research_advance_could_allow_non_helium_cooling_of_qu_c0b28d00] Extracting actors: https://thequantuminsider.com/2024/01/29/chinas-research-advance-could-allow-non-helium-cooling-of-quantum-computers (1/1), chunk 23/36
[11:37:15 +2m 22s | thequantuminsider_2024_01_29_chinas_research_advance_could_allow_non_helium_cooling_of_qu_c0b28d00] Repaired malformed JSON.
[11:37:15 +2m 22s | thequantuminsider_2024_01_29_chinas_research_advance_could_allow_non_helium_cooling_of_qu_c0b28d00] Extracting actors: https://thequantuminsider.com/2024/01/29/chinas-research-advance-could-allow-non-helium-cooling-of-quantum-computers (1/1), chunk 24/36
[11:37:21 +2m 28s | thequantuminsider_2024_01_29_chinas_research_advance_could_allow_non_helium_cooling_of_qu_c0b28d00] Extracting actors: https://thequantuminsider.com/2024/01/29/chinas-research-advance-could-allow-non-helium-cooling-of-quantum-computers (1/1), chunk 25/36
[11:37:28 +2m 35s | thequantuminsider_2024_01_29_chinas_research_advance_could_allow_non_helium_cooling_of_qu_c0b28d00] Repaired malformed JSON.
[11:37:28 +2m 35s | thequantuminsider_2024_01_29_chinas_research_advance_could_allow_non_helium_cooling_of_qu_c0b28d00] Extracting actors: https://thequantuminsider.com/2024/01/29/chinas-research-advance-could-allow-non-helium-cooling-of-quantum-computers (1/1), chunk 26/36
[11:37:32 +2m 39s | thequantuminsider_2024_01_29_chinas_research_advance_could_allow_non_helium_cooling_of_qu_c0b28d00] Extracting actors: https://thequantuminsider.com/2024/01/29/chinas-research-advance-could-allow-non-helium-cooling-of-quantum-computers (1/1), chunk 27/36
[11:37:38 +2m 44s | thequantuminsider_2024_01_29_chinas_research_advance_could_allow_non_helium_cooling_of_qu_c0b28d00] Extracting actors: https://thequantuminsider.com/2024/01/29/chinas-research-advance-could-allow-non-helium-cooling-of-quantum-computers (1/1), chunk 28/36
[11:37:43 +2m 50s | thequantuminsider_2024_01_29_chinas_research_advance_could_allow_non_helium_cooling_of_qu_c0b28d00] Extracting actors: https://thequantuminsider.com/2024/01/29/chinas-research-advance-could-allow-non-helium-cooling-of-quantum-computers (1/1), chunk 29/36
[11:37:49 +2m 55s | thequantuminsider_2024_01_29_chinas_research_advance_could_allow_non_helium_cooling_of_qu_c0b28d00] Extracting actors: https://thequantuminsider.com/2024/01/29/chinas-research-advance-could-allow-non-helium-cooling-of-quantum-computers (1/1), chunk 30/36
[11:37:56 +3m 3s | thequantuminsider_2024_01_29_chinas_research_advance_could_allow_non_helium_cooling_of_qu_c0b28d00] Repaired malformed JSON.
[11:37:56 +3m 3s | thequantuminsider_2024_01_29_chinas_research_advance_could_allow_non_helium_cooling_of_qu_c0b28d00] Extracting actors: https://thequantuminsider.com/2024/01/29/chinas-research-advance-could-allow-non-helium-cooling-of-quantum-computers (1/1), chunk 31/36
[11:38:00 +3m 7s | thequantuminsider_2024_01_29_chinas_research_advance_could_allow_non_helium_cooling_of_qu_c0b28d00] Extracting actors: https://thequantuminsider.com/2024/01/29/chinas-research-advance-could-allow-non-helium-cooling-of-quantum-computers (1/1), chunk 32/36
[11:38:06 +3m 13s | thequantuminsider_2024_01_29_chinas_research_advance_could_allow_non_helium_cooling_of_qu_c0b28d00] Repaired malformed JSON.
[11:38:06 +3m 13s | thequantuminsider_2024_01_29_chinas_research_advance_could_allow_non_helium_cooling_of_qu_c0b28d00] Extracting actors: https://thequantuminsider.com/2024/01/29/chinas-research-advance-could-allow-non-helium-cooling-of-quantum-computers (1/1), chunk 33/36
[11:38:11 +3m 18s | thequantuminsider_2024_01_29_chinas_research_advance_could_allow_non_helium_cooling_of_qu_c0b28d00] Extracting actors: https://thequantuminsider.com/2024/01/29/chinas-research-advance-could-allow-non-helium-cooling-of-quantum-computers (1/1), chunk 34/36
[11:38:18 +3m 25s | thequantuminsider_2024_01_29_chinas_research_advance_could_allow_non_helium_cooling_of_qu_c0b28d00] Repaired malformed JSON.
[11:38:18 +3m 25s | thequantuminsider_2024_01_29_chinas_research_advance_could_allow_non_helium_cooling_of_qu_c0b28d00] Extracting actors: https://thequantuminsider.com/2024/01/29/chinas-research-advance-could-allow-non-helium-cooling-of-quantum-computers (1/1), chunk 35/36
[11:38:25 +3m 32s | thequantuminsider_2024_01_29_chinas_research_advance_could_allow_non_helium_cooling_of_qu_c0b28d00] Repaired malformed JSON.
[11:38:25 +3m 32s | thequantuminsider_2024_01_29_chinas_research_advance_could_allow_non_helium_cooling_of_qu_c0b28d00] Extracting actors: https://thequantuminsider.com/2024/01/29/chinas-research-advance-could-allow-non-helium-cooling-of-quantum-computers (1/1), chunk 36/36
[11:38:32 +3m 38s | thequantuminsider_2024_01_29_chinas_research_advance_could_allow_non_helium_cooling_of_qu_c0b28d00] Repaired malformed JSON.
[11:38:32 +3m 38s | thequantuminsider_2024_01_29_chinas_research_advance_could_allow_non_helium_cooling_of_qu_c0b28d00] Saved 1_actor_results.json with 51 extracted records

[11:38:32 +3m 39s | thequantuminsider_2024_01_29_chinas_research_advance_could_allow_non_helium_cooling_of_qu_c0b28d00] === 2 clean actors ===
[11:38:32 +3m 39s | thequantuminsider_2024_01_29_chinas_research_advance_could_allow_non_helium_cooling_of_qu_c0b28d00] Loaded 51 extracted records
[11:38:32 +3m 39s | thequantuminsider_2024_01_29_chinas_research_advance_could_allow_non_helium_cooling_of_qu_c0b28d00] Saved 2_actor_nodes.json with 16 canonical actor nodes

[11:38:32 +3m 39s | thequantuminsider_2024_01_29_chinas_research_advance_could_allow_non_helium_cooling_of_qu_c0b28d00] === 3 interaction extraction ===
[11:38:32 +3m 39s | thequantuminsider_2024_01_29_chinas_research_advance_could_allow_non_helium_cooling_of_qu_c0b28d00] Extracting interactions: https://thequantuminsider.com/2024/01/29/chinas-research-advance-could-allow-non-helium-cooling-of-quantum-computers (1/1), chunk 11/36
[11:38:37 +3m 44s | thequantuminsider_2024_01_29_chinas_research_advance_could_allow_non_helium_cooling_of_qu_c0b28d00] Extracting interactions: https://thequantuminsider.com/2024/01/29/chinas-research-advance-could-allow-non-helium-cooling-of-quantum-computers (1/1), chunk 12/36
[11:38:43 +3m 50s | thequantuminsider_2024_01_29_chinas_research_advance_could_allow_non_helium_cooling_of_qu_c0b28d00] Extracting interactions: https://thequantuminsider.com/2024/01/29/chinas-research-advance-could-allow-non-helium-cooling-of-quantum-computers (1/1), chunk 13/36
[11:38:59 +4m 6s | thequantuminsider_2024_01_29_chinas_research_advance_could_allow_non_helium_cooling_of_qu_c0b28d00] Extracting interactions: https://thequantuminsider.com/2024/01/29/chinas-research-advance-could-allow-non-helium-cooling-of-quantum-computers (1/1), chunk 14/36
[11:39:13 +4m 20s | thequantuminsider_2024_01_29_chinas_research_advance_could_allow_non_helium_cooling_of_qu_c0b28d00] Extracting interactions: https://thequantuminsider.com/2024/01/29/chinas-research-advance-could-allow-non-helium-cooling-of-quantum-computers (1/1), chunk 15/36
[11:39:17 +4m 24s | thequantuminsider_2024_01_29_chinas_research_advance_could_allow_non_helium_cooling_of_qu_c0b28d00] Extracting interactions: https://thequantuminsider.com/2024/01/29/chinas-research-advance-could-allow-non-helium-cooling-of-quantum-computers (1/1), chunk 16/36
[11:39:18 +4m 25s | thequantuminsider_2024_01_29_chinas_research_advance_could_allow_non_helium_cooling_of_qu_c0b28d00] Extracting interactions: https://thequantuminsider.com/2024/01/29/chinas-research-advance-could-allow-non-helium-cooling-of-quantum-computers (1/1), chunk 17/36
[11:39:22 +4m 29s | thequantuminsider_2024_01_29_chinas_research_advance_could_allow_non_helium_cooling_of_qu_c0b28d00] Extracting interactions: https://thequantuminsider.com/2024/01/29/chinas-research-advance-could-allow-non-helium-cooling-of-quantum-computers (1/1), chunk 18/36
[11:39:27 +4m 34s | thequantuminsider_2024_01_29_chinas_research_advance_could_allow_non_helium_cooling_of_qu_c0b28d00] Extracting interactions: https://thequantuminsider.com/2024/01/29/chinas-research-advance-could-allow-non-helium-cooling-of-quantum-computers (1/1), chunk 19/36
[11:39:31 +4m 38s | thequantuminsider_2024_01_29_chinas_research_advance_could_allow_non_helium_cooling_of_qu_c0b28d00] Extracting interactions: https://thequantuminsider.com/2024/01/29/chinas-research-advance-could-allow-non-helium-cooling-of-quantum-computers (1/1), chunk 20/36
[11:39:37 +4m 44s | thequantuminsider_2024_01_29_chinas_research_advance_could_allow_non_helium_cooling_of_qu_c0b28d00] Extracting interactions: https://thequantuminsider.com/2024/01/29/chinas-research-advance-could-allow-non-helium-cooling-of-quantum-computers (1/1), chunk 21/36
[11:39:40 +4m 47s | thequantuminsider_2024_01_29_chinas_research_advance_could_allow_non_helium_cooling_of_qu_c0b28d00] Extracting interactions: https://thequantuminsider.com/2024/01/29/chinas-research-advance-could-allow-non-helium-cooling-of-quantum-computers (1/1), chunk 22/36
[11:39:46 +4m 53s | thequantuminsider_2024_01_29_chinas_research_advance_could_allow_non_helium_cooling_of_qu_c0b28d00] Extracting interactions: https://thequantuminsider.com/2024/01/29/chinas-research-advance-could-allow-non-helium-cooling-of-quantum-computers (1/1), chunk 25/36
[11:39:49 +4m 56s | thequantuminsider_2024_01_29_chinas_research_advance_could_allow_non_helium_cooling_of_qu_c0b28d00] Extracting interactions: https://thequantuminsider.com/2024/01/29/chinas-research-advance-could-allow-non-helium-cooling-of-quantum-computers (1/1), chunk 26/36
[11:39:51 +4m 58s | thequantuminsider_2024_01_29_chinas_research_advance_could_allow_non_helium_cooling_of_qu_c0b28d00] Extracting interactions: https://thequantuminsider.com/2024/01/29/chinas-research-advance-could-allow-non-helium-cooling-of-quantum-computers (1/1), chunk 27/36
[11:39:52 +4m 59s | thequantuminsider_2024_01_29_chinas_research_advance_could_allow_non_helium_cooling_of_qu_c0b28d00] Extracting interactions: https://thequantuminsider.com/2024/01/29/chinas-research-advance-could-allow-non-helium-cooling-of-quantum-computers (1/1), chunk 29/36
[11:39:54 +5m 1s | thequantuminsider_2024_01_29_chinas_research_advance_could_allow_non_helium_cooling_of_qu_c0b28d00] Extracting interactions: https://thequantuminsider.com/2024/01/29/chinas-research-advance-could-allow-non-helium-cooling-of-quantum-computers (1/1), chunk 30/36
[11:39:56 +5m 3s | thequantuminsider_2024_01_29_chinas_research_advance_could_allow_non_helium_cooling_of_qu_c0b28d00] Extracting interactions: https://thequantuminsider.com/2024/01/29/chinas-research-advance-could-allow-non-helium-cooling-of-quantum-computers (1/1), chunk 31/36
[11:39:58 +5m 5s | thequantuminsider_2024_01_29_chinas_research_advance_could_allow_non_helium_cooling_of_qu_c0b28d00] Extracting interactions: https://thequantuminsider.com/2024/01/29/chinas-research-advance-could-allow-non-helium-cooling-of-quantum-computers (1/1), chunk 32/36
[11:40:00 +5m 7s | thequantuminsider_2024_01_29_chinas_research_advance_could_allow_non_helium_cooling_of_qu_c0b28d00] Extracting interactions: https://thequantuminsider.com/2024/01/29/chinas-research-advance-could-allow-non-helium-cooling-of-quantum-computers (1/1), chunk 34/36
[11:40:02 +5m 8s | thequantuminsider_2024_01_29_chinas_research_advance_could_allow_non_helium_cooling_of_qu_c0b28d00] Extracting interactions: https://thequantuminsider.com/2024/01/29/chinas-research-advance-could-allow-non-helium-cooling-of-quantum-computers (1/1), chunk 35/36
[11:40:29 +5m 36s | thequantuminsider_2024_01_29_chinas_research_advance_could_allow_non_helium_cooling_of_qu_c0b28d00] Extracting interactions: https://thequantuminsider.com/2024/01/29/chinas-research-advance-could-allow-non-helium-cooling-of-quantum-computers (1/1), chunk 36/36
[11:40:32 +5m 39s | thequantuminsider_2024_01_29_chinas_research_advance_could_allow_non_helium_cooling_of_qu_c0b28d00] Saved 3_interaction_results.json with 20 extracted interactions.

[11:40:32 +5m 39s | thequantuminsider_2024_01_29_chinas_research_advance_could_allow_non_helium_cooling_of_qu_c0b28d00] === 4 clean interactions ===
[11:40:32 +5m 39s | thequantuminsider_2024_01_29_chinas_research_advance_could_allow_non_helium_cooling_of_qu_c0b28d00] Saved 4_edges.json with 0 cleaned interactions.

[11:40:32 +5m 39s | thequantuminsider_2024_01_29_chinas_research_advance_could_allow_non_helium_cooling_of_qu_c0b28d00] === 5 helix enrichment ===
[11:40:32 +5m 39s | thequantuminsider_2024_01_29_chinas_research_advance_could_allow_non_helium_cooling_of_qu_c0b28d00] Wrote 5_nodes.json (16 actors)
[11:40:32 +5m 39s | thequantuminsider_2024_01_29_chinas_research_advance_could_allow_non_helium_cooling_of_qu_c0b28d00] Wrote 5_edges.json (0 interactions)
[11:40:32 +5m 39s | thequantuminsider_2024_01_29_chinas_research_advance_could_allow_non_helium_cooling_of_qu_c0b28d00] Actor helix counts: {'Academia': 4, 'Civil Society': 2, 'Government': 1, 'Industry': 4, 'Intermediary': 1, 'Unknown': 4}
[11:40:32 +5m 39s | thequantuminsider_2024_01_29_chinas_research_advance_could_allow_non_helium_cooling_of_qu_c0b28d00] Functional-space counts: {}

[11:40:32 +5m 39s | thequantuminsider_2024_01_29_chinas_research_advance_could_allow_non_helium_cooling_of_qu_c0b28d00] === 6 network visualisation ===
[11:40:32 +5m 39s | thequantuminsider_2024_01_29_chinas_research_advance_could_allow_non_helium_cooling_of_qu_c0b28d00] Wrote quantum_network.html
[11:40:32 +5m 39s | thequantuminsider_2024_01_29_chinas_research_advance_could_allow_non_helium_cooling_of_qu_c0b28d00] Nodes: 16
[11:40:32 +5m 39s | thequantuminsider_2024_01_29_chinas_research_advance_could_allow_non_helium_cooling_of_qu_c0b28d00] Edges: 0

[11:40:33 +5m 39s | thequantuminsider_2024_01_29_chinas_research_advance_could_allow_non_helium_cooling_of_qu_c0b28d00] Done. Outputs written to: /home/lv/IDP/idpdeeptech/pipeline/news_outputs/thequantuminsider_2024_01_29_chinas_research_advance_could_allow_non_helium_cooling_of_qu_c0b28d00
[11:40:33 +5m 39s | thequantuminsider_2024_01_29_chinas_research_advance_could_allow_non_helium_cooling_of_qu_c0b28d00] Log: /home/lv/IDP/idpdeeptech/pipeline/news_outputs/thequantuminsider_2024_01_29_chinas_research_advance_could_allow_non_helium_cooling_of_qu_c0b28d00/run.log

========================================================================
RUN FINISHED 2026-07-02 11:40:33  (OK)
Started:     2026-07-02 11:34:53
Elapsed:     5m 39s
========================================================================
