
========================================================================
RUN STARTED  2026-07-01 20:59:21
site_pipeline.py https://thequantuminsider.com/2020/08/26/fermilab-leads-partnership-to-create-115-million-national-quantum-information-science-research-center-to-build-revolutionary-quantum-computer/
========================================================================

[20:59:21 +0s | thequantuminsider_2020_08_26_fermilab_leads_partnership_to_create_115_million_national_qu_142cca7a] === 0 crawl site ===
[20:59:22 +1s | thequantuminsider_2020_08_26_fermilab_leads_partnership_to_create_115_million_national_qu_142cca7a] [INIT].... → Crawl4AI 0.8.6 
[20:59:24 +3s | thequantuminsider_2020_08_26_fermilab_leads_partnership_to_create_115_million_national_qu_142cca7a] [FETCH]... ↓ https://thequantuminsider.com/2020/08/26/fermila...-center-to-build-revolutionary-quantum-computer/  | ✓ | ⏱: 1.62s 
[20:59:24 +3s | thequantuminsider_2020_08_26_fermilab_leads_partnership_to_create_115_million_national_qu_142cca7a] [SCRAPE].. ◆ https://thequantuminsider.com/2020/08/26/fermila...-center-to-build-revolutionary-quantum-computer/  | ✓ | ⏱: 0.12s 
[20:59:24 +3s | thequantuminsider_2020_08_26_fermilab_leads_partnership_to_create_115_million_national_qu_142cca7a] [COMPLETE] ● https://thequantuminsider.com/2020/08/26/fermila...-center-to-build-revolutionary-quantum-computer/  | ✓ | ⏱: 1.77s 
[20:59:24 +3s | thequantuminsider_2020_08_26_fermilab_leads_partnership_to_create_115_million_national_qu_142cca7a] Saved: crawl_output/bbefc76592_thequantuminsider.com_2020_08_26_fermilab-leads-partnership-to-create-115-million-national-quantum-information-science-research-center-to-build-revolutionary-quantum-computer.json

[20:59:24 +3s | thequantuminsider_2020_08_26_fermilab_leads_partnership_to_create_115_million_national_qu_142cca7a] === 1 actor extraction ===
[20:59:25 +3s | thequantuminsider_2020_08_26_fermilab_leads_partnership_to_create_115_million_national_qu_142cca7a] Reading page (1/1): https://thequantuminsider.com/2020/08/26/fermilab-leads-partnership-to-create-115-million-national-quantum-information-science-research-center-to-build-revolutionary-quantum-computer
[20:59:25 +3s | thequantuminsider_2020_08_26_fermilab_leads_partnership_to_create_115_million_national_qu_142cca7a] Extracting actors: https://thequantuminsider.com/2020/08/26/fermilab-leads-partnership-to-create-115-million-national-quantum-information-science-research-center-to-build-revolutionary-quantum-computer (1/1), chunk 1/43
[20:59:30 +9s | thequantuminsider_2020_08_26_fermilab_leads_partnership_to_create_115_million_national_qu_142cca7a] Repaired malformed JSON.
[20:59:30 +9s | thequantuminsider_2020_08_26_fermilab_leads_partnership_to_create_115_million_national_qu_142cca7a] Extracting actors: https://thequantuminsider.com/2020/08/26/fermilab-leads-partnership-to-create-115-million-national-quantum-information-science-research-center-to-build-revolutionary-quantum-computer (1/1), chunk 2/43
[20:59:40 +16s | thequantuminsider_2020_08_26_fermilab_leads_partnership_to_create_115_million_national_qu_142cca7a] Repaired malformed JSON.
[20:59:40 +16s | thequantuminsider_2020_08_26_fermilab_leads_partnership_to_create_115_million_national_qu_142cca7a] Extracting actors: https://thequantuminsider.com/2020/08/26/fermilab-leads-partnership-to-create-115-million-national-quantum-information-science-research-center-to-build-revolutionary-quantum-computer (1/1), chunk 3/43
[20:59:47 +23s | thequantuminsider_2020_08_26_fermilab_leads_partnership_to_create_115_million_national_qu_142cca7a] Extracting actors: https://thequantuminsider.com/2020/08/26/fermilab-leads-partnership-to-create-115-million-national-quantum-information-science-research-center-to-build-revolutionary-quantum-computer (1/1), chunk 4/43
[20:59:52 +28s | thequantuminsider_2020_08_26_fermilab_leads_partnership_to_create_115_million_national_qu_142cca7a] Extracting actors: https://thequantuminsider.com/2020/08/26/fermilab-leads-partnership-to-create-115-million-national-quantum-information-science-research-center-to-build-revolutionary-quantum-computer (1/1), chunk 5/43
[20:59:58 +34s | thequantuminsider_2020_08_26_fermilab_leads_partnership_to_create_115_million_national_qu_142cca7a] Repaired malformed JSON.
[20:59:58 +34s | thequantuminsider_2020_08_26_fermilab_leads_partnership_to_create_115_million_national_qu_142cca7a] Extracting actors: https://thequantuminsider.com/2020/08/26/fermilab-leads-partnership-to-create-115-million-national-quantum-information-science-research-center-to-build-revolutionary-quantum-computer (1/1), chunk 6/43
[21:00:05 +40s | thequantuminsider_2020_08_26_fermilab_leads_partnership_to_create_115_million_national_qu_142cca7a] Repaired malformed JSON.
[21:00:05 +40s | thequantuminsider_2020_08_26_fermilab_leads_partnership_to_create_115_million_national_qu_142cca7a] Extracting actors: https://thequantuminsider.com/2020/08/26/fermilab-leads-partnership-to-create-115-million-national-quantum-information-science-research-center-to-build-revolutionary-quantum-computer (1/1), chunk 7/43
[21:00:15 +48s | thequantuminsider_2020_08_26_fermilab_leads_partnership_to_create_115_million_national_qu_142cca7a] Repaired malformed JSON.
[21:00:15 +48s | thequantuminsider_2020_08_26_fermilab_leads_partnership_to_create_115_million_national_qu_142cca7a] Extracting actors: https://thequantuminsider.com/2020/08/26/fermilab-leads-partnership-to-create-115-million-national-quantum-information-science-research-center-to-build-revolutionary-quantum-computer (1/1), chunk 8/43
[21:00:21 +53s | thequantuminsider_2020_08_26_fermilab_leads_partnership_to_create_115_million_national_qu_142cca7a] Extracting actors: https://thequantuminsider.com/2020/08/26/fermilab-leads-partnership-to-create-115-million-national-quantum-information-science-research-center-to-build-revolutionary-quantum-computer (1/1), chunk 9/43
[21:00:25 +58s | thequantuminsider_2020_08_26_fermilab_leads_partnership_to_create_115_million_national_qu_142cca7a] Extracting actors: https://thequantuminsider.com/2020/08/26/fermilab-leads-partnership-to-create-115-million-national-quantum-information-science-research-center-to-build-revolutionary-quantum-computer (1/1), chunk 10/43
[21:00:35 +1m 8s | thequantuminsider_2020_08_26_fermilab_leads_partnership_to_create_115_million_national_qu_142cca7a] Repaired malformed JSON.
[21:00:35 +1m 8s | thequantuminsider_2020_08_26_fermilab_leads_partnership_to_create_115_million_national_qu_142cca7a] Extracting actors: https://thequantuminsider.com/2020/08/26/fermilab-leads-partnership-to-create-115-million-national-quantum-information-science-research-center-to-build-revolutionary-quantum-computer (1/1), chunk 11/43
[21:00:41 +1m 14s | thequantuminsider_2020_08_26_fermilab_leads_partnership_to_create_115_million_national_qu_142cca7a] Repaired malformed JSON.
[21:00:41 +1m 14s | thequantuminsider_2020_08_26_fermilab_leads_partnership_to_create_115_million_national_qu_142cca7a] Extracting actors: https://thequantuminsider.com/2020/08/26/fermilab-leads-partnership-to-create-115-million-national-quantum-information-science-research-center-to-build-revolutionary-quantum-computer (1/1), chunk 12/43
[21:00:51 +1m 21s | thequantuminsider_2020_08_26_fermilab_leads_partnership_to_create_115_million_national_qu_142cca7a] Repaired malformed JSON.
[21:00:51 +1m 21s | thequantuminsider_2020_08_26_fermilab_leads_partnership_to_create_115_million_national_qu_142cca7a] Extracting actors: https://thequantuminsider.com/2020/08/26/fermilab-leads-partnership-to-create-115-million-national-quantum-information-science-research-center-to-build-revolutionary-quantum-computer (1/1), chunk 13/43
[21:00:58 +1m 28s | thequantuminsider_2020_08_26_fermilab_leads_partnership_to_create_115_million_national_qu_142cca7a] Repaired malformed JSON.
[21:00:58 +1m 28s | thequantuminsider_2020_08_26_fermilab_leads_partnership_to_create_115_million_national_qu_142cca7a] Extracting actors: https://thequantuminsider.com/2020/08/26/fermilab-leads-partnership-to-create-115-million-national-quantum-information-science-research-center-to-build-revolutionary-quantum-computer (1/1), chunk 14/43
[21:01:04 +1m 34s | thequantuminsider_2020_08_26_fermilab_leads_partnership_to_create_115_million_national_qu_142cca7a] Repaired malformed JSON.
[21:01:04 +1m 34s | thequantuminsider_2020_08_26_fermilab_leads_partnership_to_create_115_million_national_qu_142cca7a] Extracting actors: https://thequantuminsider.com/2020/08/26/fermilab-leads-partnership-to-create-115-million-national-quantum-information-science-research-center-to-build-revolutionary-quantum-computer (1/1), chunk 15/43
[21:01:12 +1m 42s | thequantuminsider_2020_08_26_fermilab_leads_partnership_to_create_115_million_national_qu_142cca7a] Repaired malformed JSON.
[21:01:12 +1m 42s | thequantuminsider_2020_08_26_fermilab_leads_partnership_to_create_115_million_national_qu_142cca7a] Extracting actors: https://thequantuminsider.com/2020/08/26/fermilab-leads-partnership-to-create-115-million-national-quantum-information-science-research-center-to-build-revolutionary-quantum-computer (1/1), chunk 16/43
[21:01:20 +1m 50s | thequantuminsider_2020_08_26_fermilab_leads_partnership_to_create_115_million_national_qu_142cca7a] Repaired malformed JSON.
[21:01:20 +1m 50s | thequantuminsider_2020_08_26_fermilab_leads_partnership_to_create_115_million_national_qu_142cca7a] Extracting actors: https://thequantuminsider.com/2020/08/26/fermilab-leads-partnership-to-create-115-million-national-quantum-information-science-research-center-to-build-revolutionary-quantum-computer (1/1), chunk 17/43
[21:01:30 +1m 57s | thequantuminsider_2020_08_26_fermilab_leads_partnership_to_create_115_million_national_qu_142cca7a] Repaired malformed JSON.
[21:01:30 +1m 57s | thequantuminsider_2020_08_26_fermilab_leads_partnership_to_create_115_million_national_qu_142cca7a] Extracting actors: https://thequantuminsider.com/2020/08/26/fermilab-leads-partnership-to-create-115-million-national-quantum-information-science-research-center-to-build-revolutionary-quantum-computer (1/1), chunk 18/43
[21:01:36 +2m 3s | thequantuminsider_2020_08_26_fermilab_leads_partnership_to_create_115_million_national_qu_142cca7a] Repaired malformed JSON.
[21:01:36 +2m 3s | thequantuminsider_2020_08_26_fermilab_leads_partnership_to_create_115_million_national_qu_142cca7a] Extracting actors: https://thequantuminsider.com/2020/08/26/fermilab-leads-partnership-to-create-115-million-national-quantum-information-science-research-center-to-build-revolutionary-quantum-computer (1/1), chunk 19/43
[21:01:42 +2m 9s | thequantuminsider_2020_08_26_fermilab_leads_partnership_to_create_115_million_national_qu_142cca7a] Repaired malformed JSON.
[21:01:42 +2m 9s | thequantuminsider_2020_08_26_fermilab_leads_partnership_to_create_115_million_national_qu_142cca7a] Extracting actors: https://thequantuminsider.com/2020/08/26/fermilab-leads-partnership-to-create-115-million-national-quantum-information-science-research-center-to-build-revolutionary-quantum-computer (1/1), chunk 20/43
[21:01:47 +2m 14s | thequantuminsider_2020_08_26_fermilab_leads_partnership_to_create_115_million_national_qu_142cca7a] Repaired malformed JSON.
[21:01:47 +2m 14s | thequantuminsider_2020_08_26_fermilab_leads_partnership_to_create_115_million_national_qu_142cca7a] Extracting actors: https://thequantuminsider.com/2020/08/26/fermilab-leads-partnership-to-create-115-million-national-quantum-information-science-research-center-to-build-revolutionary-quantum-computer (1/1), chunk 21/43
[21:01:52 +2m 19s | thequantuminsider_2020_08_26_fermilab_leads_partnership_to_create_115_million_national_qu_142cca7a] Repaired malformed JSON.
[21:01:52 +2m 19s | thequantuminsider_2020_08_26_fermilab_leads_partnership_to_create_115_million_national_qu_142cca7a] Extracting actors: https://thequantuminsider.com/2020/08/26/fermilab-leads-partnership-to-create-115-million-national-quantum-information-science-research-center-to-build-revolutionary-quantum-computer (1/1), chunk 22/43
[21:02:03 +2m 27s | thequantuminsider_2020_08_26_fermilab_leads_partnership_to_create_115_million_national_qu_142cca7a] Repaired malformed JSON.
[21:02:03 +2m 27s | thequantuminsider_2020_08_26_fermilab_leads_partnership_to_create_115_million_national_qu_142cca7a] Extracting actors: https://thequantuminsider.com/2020/08/26/fermilab-leads-partnership-to-create-115-million-national-quantum-information-science-research-center-to-build-revolutionary-quantum-computer (1/1), chunk 23/43
[21:02:09 +2m 33s | thequantuminsider_2020_08_26_fermilab_leads_partnership_to_create_115_million_national_qu_142cca7a] Repaired malformed JSON.
[21:02:09 +2m 33s | thequantuminsider_2020_08_26_fermilab_leads_partnership_to_create_115_million_national_qu_142cca7a] Extracting actors: https://thequantuminsider.com/2020/08/26/fermilab-leads-partnership-to-create-115-million-national-quantum-information-science-research-center-to-build-revolutionary-quantum-computer (1/1), chunk 24/43
[21:02:16 +2m 41s | thequantuminsider_2020_08_26_fermilab_leads_partnership_to_create_115_million_national_qu_142cca7a] Repaired malformed JSON.
[21:02:16 +2m 41s | thequantuminsider_2020_08_26_fermilab_leads_partnership_to_create_115_million_national_qu_142cca7a] Extracting actors: https://thequantuminsider.com/2020/08/26/fermilab-leads-partnership-to-create-115-million-national-quantum-information-science-research-center-to-build-revolutionary-quantum-computer (1/1), chunk 25/43
[21:02:25 +2m 49s | thequantuminsider_2020_08_26_fermilab_leads_partnership_to_create_115_million_national_qu_142cca7a] Repaired malformed JSON.
[21:02:25 +2m 49s | thequantuminsider_2020_08_26_fermilab_leads_partnership_to_create_115_million_national_qu_142cca7a] Extracting actors: https://thequantuminsider.com/2020/08/26/fermilab-leads-partnership-to-create-115-million-national-quantum-information-science-research-center-to-build-revolutionary-quantum-computer (1/1), chunk 26/43
[21:02:32 +2m 56s | thequantuminsider_2020_08_26_fermilab_leads_partnership_to_create_115_million_national_qu_142cca7a] Repaired malformed JSON.
[21:02:32 +2m 56s | thequantuminsider_2020_08_26_fermilab_leads_partnership_to_create_115_million_national_qu_142cca7a] Extracting actors: https://thequantuminsider.com/2020/08/26/fermilab-leads-partnership-to-create-115-million-national-quantum-information-science-research-center-to-build-revolutionary-quantum-computer (1/1), chunk 27/43
[21:02:43 +3m 4s | thequantuminsider_2020_08_26_fermilab_leads_partnership_to_create_115_million_national_qu_142cca7a] Repaired malformed JSON.
[21:02:43 +3m 4s | thequantuminsider_2020_08_26_fermilab_leads_partnership_to_create_115_million_national_qu_142cca7a] Extracting actors: https://thequantuminsider.com/2020/08/26/fermilab-leads-partnership-to-create-115-million-national-quantum-information-science-research-center-to-build-revolutionary-quantum-computer (1/1), chunk 28/43
[21:02:51 +3m 12s | thequantuminsider_2020_08_26_fermilab_leads_partnership_to_create_115_million_national_qu_142cca7a] Repaired malformed JSON.
[21:02:51 +3m 12s | thequantuminsider_2020_08_26_fermilab_leads_partnership_to_create_115_million_national_qu_142cca7a] Extracting actors: https://thequantuminsider.com/2020/08/26/fermilab-leads-partnership-to-create-115-million-national-quantum-information-science-research-center-to-build-revolutionary-quantum-computer (1/1), chunk 29/43
[21:02:59 +3m 20s | thequantuminsider_2020_08_26_fermilab_leads_partnership_to_create_115_million_national_qu_142cca7a] Repaired malformed JSON.
[21:02:59 +3m 20s | thequantuminsider_2020_08_26_fermilab_leads_partnership_to_create_115_million_national_qu_142cca7a] Extracting actors: https://thequantuminsider.com/2020/08/26/fermilab-leads-partnership-to-create-115-million-national-quantum-information-science-research-center-to-build-revolutionary-quantum-computer (1/1), chunk 30/43
[21:03:07 +3m 28s | thequantuminsider_2020_08_26_fermilab_leads_partnership_to_create_115_million_national_qu_142cca7a] Repaired malformed JSON.
[21:03:07 +3m 28s | thequantuminsider_2020_08_26_fermilab_leads_partnership_to_create_115_million_national_qu_142cca7a] Extracting actors: https://thequantuminsider.com/2020/08/26/fermilab-leads-partnership-to-create-115-million-national-quantum-information-science-research-center-to-build-revolutionary-quantum-computer (1/1), chunk 31/43
[21:03:16 +3m 35s | thequantuminsider_2020_08_26_fermilab_leads_partnership_to_create_115_million_national_qu_142cca7a] Extracting actors: https://thequantuminsider.com/2020/08/26/fermilab-leads-partnership-to-create-115-million-national-quantum-information-science-research-center-to-build-revolutionary-quantum-computer (1/1), chunk 32/43
[21:03:23 +3m 42s | thequantuminsider_2020_08_26_fermilab_leads_partnership_to_create_115_million_national_qu_142cca7a] Repaired malformed JSON.
[21:03:23 +3m 42s | thequantuminsider_2020_08_26_fermilab_leads_partnership_to_create_115_million_national_qu_142cca7a] Extracting actors: https://thequantuminsider.com/2020/08/26/fermilab-leads-partnership-to-create-115-million-national-quantum-information-science-research-center-to-build-revolutionary-quantum-computer (1/1), chunk 33/43
[21:03:25 +3m 43s | thequantuminsider_2020_08_26_fermilab_leads_partnership_to_create_115_million_national_qu_142cca7a] Extracting actors: https://thequantuminsider.com/2020/08/26/fermilab-leads-partnership-to-create-115-million-national-quantum-information-science-research-center-to-build-revolutionary-quantum-computer (1/1), chunk 34/43
[21:03:29 +3m 47s | thequantuminsider_2020_08_26_fermilab_leads_partnership_to_create_115_million_national_qu_142cca7a] Extracting actors: https://thequantuminsider.com/2020/08/26/fermilab-leads-partnership-to-create-115-million-national-quantum-information-science-research-center-to-build-revolutionary-quantum-computer (1/1), chunk 35/43
[21:03:35 +3m 53s | thequantuminsider_2020_08_26_fermilab_leads_partnership_to_create_115_million_national_qu_142cca7a] Repaired malformed JSON.
[21:03:35 +3m 53s | thequantuminsider_2020_08_26_fermilab_leads_partnership_to_create_115_million_national_qu_142cca7a] Extracting actors: https://thequantuminsider.com/2020/08/26/fermilab-leads-partnership-to-create-115-million-national-quantum-information-science-research-center-to-build-revolutionary-quantum-computer (1/1), chunk 36/43
[21:03:42 +4m 1s | thequantuminsider_2020_08_26_fermilab_leads_partnership_to_create_115_million_national_qu_142cca7a] Repaired malformed JSON.
[21:03:42 +4m 1s | thequantuminsider_2020_08_26_fermilab_leads_partnership_to_create_115_million_national_qu_142cca7a] Extracting actors: https://thequantuminsider.com/2020/08/26/fermilab-leads-partnership-to-create-115-million-national-quantum-information-science-research-center-to-build-revolutionary-quantum-computer (1/1), chunk 37/43
[21:03:53 +4m 8s | thequantuminsider_2020_08_26_fermilab_leads_partnership_to_create_115_million_national_qu_142cca7a] Repaired malformed JSON.
[21:03:53 +4m 8s | thequantuminsider_2020_08_26_fermilab_leads_partnership_to_create_115_million_national_qu_142cca7a] Extracting actors: https://thequantuminsider.com/2020/08/26/fermilab-leads-partnership-to-create-115-million-national-quantum-information-science-research-center-to-build-revolutionary-quantum-computer (1/1), chunk 38/43
[21:03:59 +4m 14s | thequantuminsider_2020_08_26_fermilab_leads_partnership_to_create_115_million_national_qu_142cca7a] Extracting actors: https://thequantuminsider.com/2020/08/26/fermilab-leads-partnership-to-create-115-million-national-quantum-information-science-research-center-to-build-revolutionary-quantum-computer (1/1), chunk 39/43
[21:04:04 +4m 20s | thequantuminsider_2020_08_26_fermilab_leads_partnership_to_create_115_million_national_qu_142cca7a] Repaired malformed JSON.
[21:04:04 +4m 20s | thequantuminsider_2020_08_26_fermilab_leads_partnership_to_create_115_million_national_qu_142cca7a] Extracting actors: https://thequantuminsider.com/2020/08/26/fermilab-leads-partnership-to-create-115-million-national-quantum-information-science-research-center-to-build-revolutionary-quantum-computer (1/1), chunk 40/43
[21:04:15 +4m 30s | thequantuminsider_2020_08_26_fermilab_leads_partnership_to_create_115_million_national_qu_142cca7a] Repaired malformed JSON.
[21:04:15 +4m 30s | thequantuminsider_2020_08_26_fermilab_leads_partnership_to_create_115_million_national_qu_142cca7a] Extracting actors: https://thequantuminsider.com/2020/08/26/fermilab-leads-partnership-to-create-115-million-national-quantum-information-science-research-center-to-build-revolutionary-quantum-computer (1/1), chunk 41/43
[21:04:26 +4m 38s | thequantuminsider_2020_08_26_fermilab_leads_partnership_to_create_115_million_national_qu_142cca7a] Repaired malformed JSON.
[21:04:26 +4m 38s | thequantuminsider_2020_08_26_fermilab_leads_partnership_to_create_115_million_national_qu_142cca7a] Extracting actors: https://thequantuminsider.com/2020/08/26/fermilab-leads-partnership-to-create-115-million-national-quantum-information-science-research-center-to-build-revolutionary-quantum-computer (1/1), chunk 42/43
[21:04:31 +4m 43s | thequantuminsider_2020_08_26_fermilab_leads_partnership_to_create_115_million_national_qu_142cca7a] Repaired malformed JSON.
[21:04:31 +4m 43s | thequantuminsider_2020_08_26_fermilab_leads_partnership_to_create_115_million_national_qu_142cca7a] Extracting actors: https://thequantuminsider.com/2020/08/26/fermilab-leads-partnership-to-create-115-million-national-quantum-information-science-research-center-to-build-revolutionary-quantum-computer (1/1), chunk 43/43
[21:04:37 +4m 49s | thequantuminsider_2020_08_26_fermilab_leads_partnership_to_create_115_million_national_qu_142cca7a] Repaired malformed JSON.
[21:04:37 +4m 49s | thequantuminsider_2020_08_26_fermilab_leads_partnership_to_create_115_million_national_qu_142cca7a] Saved 1_actor_results.json with 73 extracted records

[21:04:37 +4m 50s | thequantuminsider_2020_08_26_fermilab_leads_partnership_to_create_115_million_national_qu_142cca7a] === 2 clean actors ===
[21:04:37 +4m 50s | thequantuminsider_2020_08_26_fermilab_leads_partnership_to_create_115_million_national_qu_142cca7a] Loaded 73 extracted records
[21:04:37 +4m 50s | thequantuminsider_2020_08_26_fermilab_leads_partnership_to_create_115_million_national_qu_142cca7a] Saved 2_actor_nodes.json with 22 canonical actor nodes

[21:04:37 +4m 50s | thequantuminsider_2020_08_26_fermilab_leads_partnership_to_create_115_million_national_qu_142cca7a] === 3 interaction extraction ===
[21:04:37 +4m 50s | thequantuminsider_2020_08_26_fermilab_leads_partnership_to_create_115_million_national_qu_142cca7a] Extracting interactions: https://thequantuminsider.com/2020/08/26/fermilab-leads-partnership-to-create-115-million-national-quantum-information-science-research-center-to-build-revolutionary-quantum-computer (1/1), chunk 11/43
[21:04:43 +4m 56s | thequantuminsider_2020_08_26_fermilab_leads_partnership_to_create_115_million_national_qu_142cca7a] Extracting interactions: https://thequantuminsider.com/2020/08/26/fermilab-leads-partnership-to-create-115-million-national-quantum-information-science-research-center-to-build-revolutionary-quantum-computer (1/1), chunk 13/43
[21:04:50 +5m 2s | thequantuminsider_2020_08_26_fermilab_leads_partnership_to_create_115_million_national_qu_142cca7a] Extracting interactions: https://thequantuminsider.com/2020/08/26/fermilab-leads-partnership-to-create-115-million-national-quantum-information-science-research-center-to-build-revolutionary-quantum-computer (1/1), chunk 14/43
[21:05:17 +5m 27s | thequantuminsider_2020_08_26_fermilab_leads_partnership_to_create_115_million_national_qu_142cca7a] Extracting interactions: https://thequantuminsider.com/2020/08/26/fermilab-leads-partnership-to-create-115-million-national-quantum-information-science-research-center-to-build-revolutionary-quantum-computer (1/1), chunk 15/43
[21:05:22 +5m 31s | thequantuminsider_2020_08_26_fermilab_leads_partnership_to_create_115_million_national_qu_142cca7a] Extracting interactions: https://thequantuminsider.com/2020/08/26/fermilab-leads-partnership-to-create-115-million-national-quantum-information-science-research-center-to-build-revolutionary-quantum-computer (1/1), chunk 16/43
[21:05:59 +6m 6s | thequantuminsider_2020_08_26_fermilab_leads_partnership_to_create_115_million_national_qu_142cca7a] Extracting interactions: https://thequantuminsider.com/2020/08/26/fermilab-leads-partnership-to-create-115-million-national-quantum-information-science-research-center-to-build-revolutionary-quantum-computer (1/1), chunk 17/43
[21:06:35 +6m 38s | thequantuminsider_2020_08_26_fermilab_leads_partnership_to_create_115_million_national_qu_142cca7a] Extracting interactions: https://thequantuminsider.com/2020/08/26/fermilab-leads-partnership-to-create-115-million-national-quantum-information-science-research-center-to-build-revolutionary-quantum-computer (1/1), chunk 18/43
[21:07:03 +7m 4s | thequantuminsider_2020_08_26_fermilab_leads_partnership_to_create_115_million_national_qu_142cca7a] Extracting interactions: https://thequantuminsider.com/2020/08/26/fermilab-leads-partnership-to-create-115-million-national-quantum-information-science-research-center-to-build-revolutionary-quantum-computer (1/1), chunk 19/43
[21:07:36 +7m 34s | thequantuminsider_2020_08_26_fermilab_leads_partnership_to_create_115_million_national_qu_142cca7a] Extracting interactions: https://thequantuminsider.com/2020/08/26/fermilab-leads-partnership-to-create-115-million-national-quantum-information-science-research-center-to-build-revolutionary-quantum-computer (1/1), chunk 20/43
[21:08:03 +7m 58s | thequantuminsider_2020_08_26_fermilab_leads_partnership_to_create_115_million_national_qu_142cca7a] Extracting interactions: https://thequantuminsider.com/2020/08/26/fermilab-leads-partnership-to-create-115-million-national-quantum-information-science-research-center-to-build-revolutionary-quantum-computer (1/1), chunk 21/43
[21:08:09 +8m 4s | thequantuminsider_2020_08_26_fermilab_leads_partnership_to_create_115_million_national_qu_142cca7a] Extracting interactions: https://thequantuminsider.com/2020/08/26/fermilab-leads-partnership-to-create-115-million-national-quantum-information-science-research-center-to-build-revolutionary-quantum-computer (1/1), chunk 22/43
[21:08:12 +8m 7s | thequantuminsider_2020_08_26_fermilab_leads_partnership_to_create_115_million_national_qu_142cca7a] Extracting interactions: https://thequantuminsider.com/2020/08/26/fermilab-leads-partnership-to-create-115-million-national-quantum-information-science-research-center-to-build-revolutionary-quantum-computer (1/1), chunk 23/43
[21:08:14 +8m 9s | thequantuminsider_2020_08_26_fermilab_leads_partnership_to_create_115_million_national_qu_142cca7a] Extracting interactions: https://thequantuminsider.com/2020/08/26/fermilab-leads-partnership-to-create-115-million-national-quantum-information-science-research-center-to-build-revolutionary-quantum-computer (1/1), chunk 24/43
[21:08:23 +8m 18s | thequantuminsider_2020_08_26_fermilab_leads_partnership_to_create_115_million_national_qu_142cca7a] Extracting interactions: https://thequantuminsider.com/2020/08/26/fermilab-leads-partnership-to-create-115-million-national-quantum-information-science-research-center-to-build-revolutionary-quantum-computer (1/1), chunk 25/43
[21:08:35 +8m 27s | thequantuminsider_2020_08_26_fermilab_leads_partnership_to_create_115_million_national_qu_142cca7a] Extracting interactions: https://thequantuminsider.com/2020/08/26/fermilab-leads-partnership-to-create-115-million-national-quantum-information-science-research-center-to-build-revolutionary-quantum-computer (1/1), chunk 26/43
[21:08:41 +8m 33s | thequantuminsider_2020_08_26_fermilab_leads_partnership_to_create_115_million_national_qu_142cca7a] Extracting interactions: https://thequantuminsider.com/2020/08/26/fermilab-leads-partnership-to-create-115-million-national-quantum-information-science-research-center-to-build-revolutionary-quantum-computer (1/1), chunk 27/43
[21:08:46 +8m 38s | thequantuminsider_2020_08_26_fermilab_leads_partnership_to_create_115_million_national_qu_142cca7a] Extracting interactions: https://thequantuminsider.com/2020/08/26/fermilab-leads-partnership-to-create-115-million-national-quantum-information-science-research-center-to-build-revolutionary-quantum-computer (1/1), chunk 28/43
[21:08:53 +8m 45s | thequantuminsider_2020_08_26_fermilab_leads_partnership_to_create_115_million_national_qu_142cca7a] Extracting interactions: https://thequantuminsider.com/2020/08/26/fermilab-leads-partnership-to-create-115-million-national-quantum-information-science-research-center-to-build-revolutionary-quantum-computer (1/1), chunk 29/43
[21:09:06 +8m 55s | thequantuminsider_2020_08_26_fermilab_leads_partnership_to_create_115_million_national_qu_142cca7a] Extracting interactions: https://thequantuminsider.com/2020/08/26/fermilab-leads-partnership-to-create-115-million-national-quantum-information-science-research-center-to-build-revolutionary-quantum-computer (1/1), chunk 32/43
[21:09:10 +8m 59s | thequantuminsider_2020_08_26_fermilab_leads_partnership_to_create_115_million_national_qu_142cca7a] Extracting interactions: https://thequantuminsider.com/2020/08/26/fermilab-leads-partnership-to-create-115-million-national-quantum-information-science-research-center-to-build-revolutionary-quantum-computer (1/1), chunk 33/43
[21:09:12 +9m 1s | thequantuminsider_2020_08_26_fermilab_leads_partnership_to_create_115_million_national_qu_142cca7a] Extracting interactions: https://thequantuminsider.com/2020/08/26/fermilab-leads-partnership-to-create-115-million-national-quantum-information-science-research-center-to-build-revolutionary-quantum-computer (1/1), chunk 34/43
[21:09:14 +9m 3s | thequantuminsider_2020_08_26_fermilab_leads_partnership_to_create_115_million_national_qu_142cca7a] Extracting interactions: https://thequantuminsider.com/2020/08/26/fermilab-leads-partnership-to-create-115-million-national-quantum-information-science-research-center-to-build-revolutionary-quantum-computer (1/1), chunk 35/43
[21:09:15 +9m 4s | thequantuminsider_2020_08_26_fermilab_leads_partnership_to_create_115_million_national_qu_142cca7a] Extracting interactions: https://thequantuminsider.com/2020/08/26/fermilab-leads-partnership-to-create-115-million-national-quantum-information-science-research-center-to-build-revolutionary-quantum-computer (1/1), chunk 36/43
[21:09:17 +9m 6s | thequantuminsider_2020_08_26_fermilab_leads_partnership_to_create_115_million_national_qu_142cca7a] Extracting interactions: https://thequantuminsider.com/2020/08/26/fermilab-leads-partnership-to-create-115-million-national-quantum-information-science-research-center-to-build-revolutionary-quantum-computer (1/1), chunk 37/43
[21:09:50 +9m 36s | thequantuminsider_2020_08_26_fermilab_leads_partnership_to_create_115_million_national_qu_142cca7a] Extracting interactions: https://thequantuminsider.com/2020/08/26/fermilab-leads-partnership-to-create-115-million-national-quantum-information-science-research-center-to-build-revolutionary-quantum-computer (1/1), chunk 38/43
[21:09:52 +9m 38s | thequantuminsider_2020_08_26_fermilab_leads_partnership_to_create_115_million_national_qu_142cca7a] Extracting interactions: https://thequantuminsider.com/2020/08/26/fermilab-leads-partnership-to-create-115-million-national-quantum-information-science-research-center-to-build-revolutionary-quantum-computer (1/1), chunk 39/43
[21:09:53 +9m 39s | thequantuminsider_2020_08_26_fermilab_leads_partnership_to_create_115_million_national_qu_142cca7a] Extracting interactions: https://thequantuminsider.com/2020/08/26/fermilab-leads-partnership-to-create-115-million-national-quantum-information-science-research-center-to-build-revolutionary-quantum-computer (1/1), chunk 40/43
[21:09:55 +9m 41s | thequantuminsider_2020_08_26_fermilab_leads_partnership_to_create_115_million_national_qu_142cca7a] Extracting interactions: https://thequantuminsider.com/2020/08/26/fermilab-leads-partnership-to-create-115-million-national-quantum-information-science-research-center-to-build-revolutionary-quantum-computer (1/1), chunk 41/43
[21:09:57 +9m 43s | thequantuminsider_2020_08_26_fermilab_leads_partnership_to_create_115_million_national_qu_142cca7a] Extracting interactions: https://thequantuminsider.com/2020/08/26/fermilab-leads-partnership-to-create-115-million-national-quantum-information-science-research-center-to-build-revolutionary-quantum-computer (1/1), chunk 42/43
[21:09:59 +9m 45s | thequantuminsider_2020_08_26_fermilab_leads_partnership_to_create_115_million_national_qu_142cca7a] Extracting interactions: https://thequantuminsider.com/2020/08/26/fermilab-leads-partnership-to-create-115-million-national-quantum-information-science-research-center-to-build-revolutionary-quantum-computer (1/1), chunk 43/43
[21:10:01 +9m 47s | thequantuminsider_2020_08_26_fermilab_leads_partnership_to_create_115_million_national_qu_142cca7a] Saved 3_interaction_results.json with 59 extracted interactions.

[21:10:01 +9m 47s | thequantuminsider_2020_08_26_fermilab_leads_partnership_to_create_115_million_national_qu_142cca7a] === 4 clean interactions ===
[21:10:01 +9m 47s | thequantuminsider_2020_08_26_fermilab_leads_partnership_to_create_115_million_national_qu_142cca7a] Saved 4_edges.json with 17 cleaned interactions.

[21:10:01 +9m 47s | thequantuminsider_2020_08_26_fermilab_leads_partnership_to_create_115_million_national_qu_142cca7a] === 5 helix enrichment ===
[21:10:01 +9m 47s | thequantuminsider_2020_08_26_fermilab_leads_partnership_to_create_115_million_national_qu_142cca7a] Wrote 5_nodes.json (22 actors)
[21:10:01 +9m 47s | thequantuminsider_2020_08_26_fermilab_leads_partnership_to_create_115_million_national_qu_142cca7a] Wrote 5_edges.json (17 interactions)
[21:10:01 +9m 47s | thequantuminsider_2020_08_26_fermilab_leads_partnership_to_create_115_million_national_qu_142cca7a] Actor helix counts: {'Academia': 7, 'Civil Society': 3, 'Government': 2, 'Industry': 2, 'Unknown': 8}
[21:10:01 +9m 47s | thequantuminsider_2020_08_26_fermilab_leads_partnership_to_create_115_million_national_qu_142cca7a] Functional-space counts: {'Innovation': 5, 'Intra-helix / Not classified': 11, 'Unknown': 1}

[21:10:01 +9m 47s | thequantuminsider_2020_08_26_fermilab_leads_partnership_to_create_115_million_national_qu_142cca7a] === 6 network visualisation ===
[21:10:02 +9m 48s | thequantuminsider_2020_08_26_fermilab_leads_partnership_to_create_115_million_national_qu_142cca7a] Wrote quantum_network.html
[21:10:02 +9m 48s | thequantuminsider_2020_08_26_fermilab_leads_partnership_to_create_115_million_national_qu_142cca7a] Nodes: 22
[21:10:02 +9m 48s | thequantuminsider_2020_08_26_fermilab_leads_partnership_to_create_115_million_national_qu_142cca7a] Edges: 13

[21:10:02 +9m 48s | thequantuminsider_2020_08_26_fermilab_leads_partnership_to_create_115_million_national_qu_142cca7a] Done. Outputs written to: /home/lv/IDP/idpdeeptech/pipeline/news_outputs/thequantuminsider_2020_08_26_fermilab_leads_partnership_to_create_115_million_national_qu_142cca7a
[21:10:02 +9m 48s | thequantuminsider_2020_08_26_fermilab_leads_partnership_to_create_115_million_national_qu_142cca7a] Log: /home/lv/IDP/idpdeeptech/pipeline/news_outputs/thequantuminsider_2020_08_26_fermilab_leads_partnership_to_create_115_million_national_qu_142cca7a/run.log

========================================================================
RUN FINISHED 2026-07-01 21:10:02  (OK)
Started:     2026-07-01 20:59:21
Elapsed:     9m 48s
========================================================================
