
========================================================================
RUN STARTED  2026-07-02 10:28:04
site_pipeline.py https://thequantuminsider.com/2024/02/12/research-team-takes-a-fundamental-step-toward-a-functioning-quantum-internet/
========================================================================

[10:28:04 +0s | thequantuminsider_2024_02_12_research_team_takes_a_fundamental_step_toward_a_functioning_5c205161] === 0 crawl site ===
[10:28:07 +2s | thequantuminsider_2024_02_12_research_team_takes_a_fundamental_step_toward_a_functioning_5c205161] [INIT].... → Crawl4AI 0.8.6 
[10:28:09 +5s | thequantuminsider_2024_02_12_research_team_takes_a_fundamental_step_toward_a_functioning_5c205161] [FETCH]... ↓ https://thequantuminsider.com/2024/02/12/researc...ntal-step-toward-a-functioning-quantum-internet/  | ✓ | ⏱: 2.87s 
[10:28:10 +5s | thequantuminsider_2024_02_12_research_team_takes_a_fundamental_step_toward_a_functioning_5c205161] [SCRAPE].. ◆ https://thequantuminsider.com/2024/02/12/researc...ntal-step-toward-a-functioning-quantum-internet/  | ✓ | ⏱: 0.19s 
[10:28:10 +5s | thequantuminsider_2024_02_12_research_team_takes_a_fundamental_step_toward_a_functioning_5c205161] [COMPLETE] ● https://thequantuminsider.com/2024/02/12/researc...ntal-step-toward-a-functioning-quantum-internet/  | ✓ | ⏱: 3.10s 
[10:28:10 +5s | thequantuminsider_2024_02_12_research_team_takes_a_fundamental_step_toward_a_functioning_5c205161] Saved: crawl_output/39cc7964bc_thequantuminsider.com_2024_02_12_research-team-takes-a-fundamental-step-toward-a-functioning-quantum-internet.json

[10:28:10 +6s | thequantuminsider_2024_02_12_research_team_takes_a_fundamental_step_toward_a_functioning_5c205161] === 1 actor extraction ===
[10:28:11 +6s | thequantuminsider_2024_02_12_research_team_takes_a_fundamental_step_toward_a_functioning_5c205161] Reading page (1/1): https://thequantuminsider.com/2024/02/12/research-team-takes-a-fundamental-step-toward-a-functioning-quantum-internet
[10:28:11 +6s | thequantuminsider_2024_02_12_research_team_takes_a_fundamental_step_toward_a_functioning_5c205161] Extracting actors: https://thequantuminsider.com/2024/02/12/research-team-takes-a-fundamental-step-toward-a-functioning-quantum-internet (1/1), chunk 1/60
[10:28:17 +13s | thequantuminsider_2024_02_12_research_team_takes_a_fundamental_step_toward_a_functioning_5c205161] Extracting actors: https://thequantuminsider.com/2024/02/12/research-team-takes-a-fundamental-step-toward-a-functioning-quantum-internet (1/1), chunk 2/60
[10:28:23 +18s | thequantuminsider_2024_02_12_research_team_takes_a_fundamental_step_toward_a_functioning_5c205161] Extracting actors: https://thequantuminsider.com/2024/02/12/research-team-takes-a-fundamental-step-toward-a-functioning-quantum-internet (1/1), chunk 3/60
[10:28:28 +24s | thequantuminsider_2024_02_12_research_team_takes_a_fundamental_step_toward_a_functioning_5c205161] Extracting actors: https://thequantuminsider.com/2024/02/12/research-team-takes-a-fundamental-step-toward-a-functioning-quantum-internet (1/1), chunk 4/60
[10:28:34 +29s | thequantuminsider_2024_02_12_research_team_takes_a_fundamental_step_toward_a_functioning_5c205161] Extracting actors: https://thequantuminsider.com/2024/02/12/research-team-takes-a-fundamental-step-toward-a-functioning-quantum-internet (1/1), chunk 5/60
[10:28:39 +35s | thequantuminsider_2024_02_12_research_team_takes_a_fundamental_step_toward_a_functioning_5c205161] Extracting actors: https://thequantuminsider.com/2024/02/12/research-team-takes-a-fundamental-step-toward-a-functioning-quantum-internet (1/1), chunk 6/60
[10:28:45 +40s | thequantuminsider_2024_02_12_research_team_takes_a_fundamental_step_toward_a_functioning_5c205161] Extracting actors: https://thequantuminsider.com/2024/02/12/research-team-takes-a-fundamental-step-toward-a-functioning-quantum-internet (1/1), chunk 7/60
[10:28:49 +44s | thequantuminsider_2024_02_12_research_team_takes_a_fundamental_step_toward_a_functioning_5c205161] Extracting actors: https://thequantuminsider.com/2024/02/12/research-team-takes-a-fundamental-step-toward-a-functioning-quantum-internet (1/1), chunk 8/60
[10:28:54 +49s | thequantuminsider_2024_02_12_research_team_takes_a_fundamental_step_toward_a_functioning_5c205161] Extracting actors: https://thequantuminsider.com/2024/02/12/research-team-takes-a-fundamental-step-toward-a-functioning-quantum-internet (1/1), chunk 9/60
[10:29:01 +56s | thequantuminsider_2024_02_12_research_team_takes_a_fundamental_step_toward_a_functioning_5c205161] Extracting actors: https://thequantuminsider.com/2024/02/12/research-team-takes-a-fundamental-step-toward-a-functioning-quantum-internet (1/1), chunk 10/60
[10:29:05 +1m 1s | thequantuminsider_2024_02_12_research_team_takes_a_fundamental_step_toward_a_functioning_5c205161] Extracting actors: https://thequantuminsider.com/2024/02/12/research-team-takes-a-fundamental-step-toward-a-functioning-quantum-internet (1/1), chunk 11/60
[10:29:10 +1m 6s | thequantuminsider_2024_02_12_research_team_takes_a_fundamental_step_toward_a_functioning_5c205161] Extracting actors: https://thequantuminsider.com/2024/02/12/research-team-takes-a-fundamental-step-toward-a-functioning-quantum-internet (1/1), chunk 12/60
[10:29:17 +1m 13s | thequantuminsider_2024_02_12_research_team_takes_a_fundamental_step_toward_a_functioning_5c205161] Repaired malformed JSON.
[10:29:17 +1m 13s | thequantuminsider_2024_02_12_research_team_takes_a_fundamental_step_toward_a_functioning_5c205161] Extracting actors: https://thequantuminsider.com/2024/02/12/research-team-takes-a-fundamental-step-toward-a-functioning-quantum-internet (1/1), chunk 13/60
[10:29:25 +1m 21s | thequantuminsider_2024_02_12_research_team_takes_a_fundamental_step_toward_a_functioning_5c205161] Repaired malformed JSON.
[10:29:25 +1m 21s | thequantuminsider_2024_02_12_research_team_takes_a_fundamental_step_toward_a_functioning_5c205161] Extracting actors: https://thequantuminsider.com/2024/02/12/research-team-takes-a-fundamental-step-toward-a-functioning-quantum-internet (1/1), chunk 14/60
[10:29:32 +1m 27s | thequantuminsider_2024_02_12_research_team_takes_a_fundamental_step_toward_a_functioning_5c205161] Repaired malformed JSON.
[10:29:32 +1m 27s | thequantuminsider_2024_02_12_research_team_takes_a_fundamental_step_toward_a_functioning_5c205161] Extracting actors: https://thequantuminsider.com/2024/02/12/research-team-takes-a-fundamental-step-toward-a-functioning-quantum-internet (1/1), chunk 15/60
[10:29:36 +1m 31s | thequantuminsider_2024_02_12_research_team_takes_a_fundamental_step_toward_a_functioning_5c205161] Extracting actors: https://thequantuminsider.com/2024/02/12/research-team-takes-a-fundamental-step-toward-a-functioning-quantum-internet (1/1), chunk 16/60
[10:34:37 +6m 32s | thequantuminsider_2024_02_12_research_team_takes_a_fundamental_step_toward_a_functioning_5c205161] Model call failed for https://thequantuminsider.com/2024/02/12/research-team-takes-a-fundamental-step-toward-a-functioning-quantum-internet chunk 16: 
[10:34:37 +6m 32s | thequantuminsider_2024_02_12_research_team_takes_a_fundamental_step_toward_a_functioning_5c205161] Extracting actors: https://thequantuminsider.com/2024/02/12/research-team-takes-a-fundamental-step-toward-a-functioning-quantum-internet (1/1), chunk 17/60
[10:34:41 +6m 37s | thequantuminsider_2024_02_12_research_team_takes_a_fundamental_step_toward_a_functioning_5c205161] Extracting actors: https://thequantuminsider.com/2024/02/12/research-team-takes-a-fundamental-step-toward-a-functioning-quantum-internet (1/1), chunk 18/60
[10:34:46 +6m 42s | thequantuminsider_2024_02_12_research_team_takes_a_fundamental_step_toward_a_functioning_5c205161] Extracting actors: https://thequantuminsider.com/2024/02/12/research-team-takes-a-fundamental-step-toward-a-functioning-quantum-internet (1/1), chunk 19/60
[10:34:52 +6m 47s | thequantuminsider_2024_02_12_research_team_takes_a_fundamental_step_toward_a_functioning_5c205161] Extracting actors: https://thequantuminsider.com/2024/02/12/research-team-takes-a-fundamental-step-toward-a-functioning-quantum-internet (1/1), chunk 20/60
[10:34:56 +6m 52s | thequantuminsider_2024_02_12_research_team_takes_a_fundamental_step_toward_a_functioning_5c205161] Extracting actors: https://thequantuminsider.com/2024/02/12/research-team-takes-a-fundamental-step-toward-a-functioning-quantum-internet (1/1), chunk 21/60
[10:35:03 +6m 59s | thequantuminsider_2024_02_12_research_team_takes_a_fundamental_step_toward_a_functioning_5c205161] Extracting actors: https://thequantuminsider.com/2024/02/12/research-team-takes-a-fundamental-step-toward-a-functioning-quantum-internet (1/1), chunk 22/60
[10:35:07 +7m 3s | thequantuminsider_2024_02_12_research_team_takes_a_fundamental_step_toward_a_functioning_5c205161] Extracting actors: https://thequantuminsider.com/2024/02/12/research-team-takes-a-fundamental-step-toward-a-functioning-quantum-internet (1/1), chunk 23/60
[10:35:12 +7m 7s | thequantuminsider_2024_02_12_research_team_takes_a_fundamental_step_toward_a_functioning_5c205161] Extracting actors: https://thequantuminsider.com/2024/02/12/research-team-takes-a-fundamental-step-toward-a-functioning-quantum-internet (1/1), chunk 24/60
[10:35:18 +7m 14s | thequantuminsider_2024_02_12_research_team_takes_a_fundamental_step_toward_a_functioning_5c205161] Repaired malformed JSON.
[10:35:18 +7m 14s | thequantuminsider_2024_02_12_research_team_takes_a_fundamental_step_toward_a_functioning_5c205161] Extracting actors: https://thequantuminsider.com/2024/02/12/research-team-takes-a-fundamental-step-toward-a-functioning-quantum-internet (1/1), chunk 25/60
[10:35:26 +7m 22s | thequantuminsider_2024_02_12_research_team_takes_a_fundamental_step_toward_a_functioning_5c205161] Repaired malformed JSON.
[10:35:26 +7m 22s | thequantuminsider_2024_02_12_research_team_takes_a_fundamental_step_toward_a_functioning_5c205161] Extracting actors: https://thequantuminsider.com/2024/02/12/research-team-takes-a-fundamental-step-toward-a-functioning-quantum-internet (1/1), chunk 26/60
[10:35:34 +7m 30s | thequantuminsider_2024_02_12_research_team_takes_a_fundamental_step_toward_a_functioning_5c205161] Repaired malformed JSON.
[10:35:34 +7m 30s | thequantuminsider_2024_02_12_research_team_takes_a_fundamental_step_toward_a_functioning_5c205161] Extracting actors: https://thequantuminsider.com/2024/02/12/research-team-takes-a-fundamental-step-toward-a-functioning-quantum-internet (1/1), chunk 27/60
[10:35:42 +7m 37s | thequantuminsider_2024_02_12_research_team_takes_a_fundamental_step_toward_a_functioning_5c205161] Repaired malformed JSON.
[10:35:42 +7m 37s | thequantuminsider_2024_02_12_research_team_takes_a_fundamental_step_toward_a_functioning_5c205161] Extracting actors: https://thequantuminsider.com/2024/02/12/research-team-takes-a-fundamental-step-toward-a-functioning-quantum-internet (1/1), chunk 28/60
[10:35:46 +7m 42s | thequantuminsider_2024_02_12_research_team_takes_a_fundamental_step_toward_a_functioning_5c205161] Extracting actors: https://thequantuminsider.com/2024/02/12/research-team-takes-a-fundamental-step-toward-a-functioning-quantum-internet (1/1), chunk 29/60
[10:35:51 +7m 47s | thequantuminsider_2024_02_12_research_team_takes_a_fundamental_step_toward_a_functioning_5c205161] Extracting actors: https://thequantuminsider.com/2024/02/12/research-team-takes-a-fundamental-step-toward-a-functioning-quantum-internet (1/1), chunk 30/60
[10:35:58 +7m 53s | thequantuminsider_2024_02_12_research_team_takes_a_fundamental_step_toward_a_functioning_5c205161] Extracting actors: https://thequantuminsider.com/2024/02/12/research-team-takes-a-fundamental-step-toward-a-functioning-quantum-internet (1/1), chunk 31/60
[10:36:04 +8m 0s | thequantuminsider_2024_02_12_research_team_takes_a_fundamental_step_toward_a_functioning_5c205161] Repaired malformed JSON.
[10:36:04 +8m 0s | thequantuminsider_2024_02_12_research_team_takes_a_fundamental_step_toward_a_functioning_5c205161] Extracting actors: https://thequantuminsider.com/2024/02/12/research-team-takes-a-fundamental-step-toward-a-functioning-quantum-internet (1/1), chunk 32/60
[10:36:10 +8m 6s | thequantuminsider_2024_02_12_research_team_takes_a_fundamental_step_toward_a_functioning_5c205161] Repaired malformed JSON.
[10:36:10 +8m 6s | thequantuminsider_2024_02_12_research_team_takes_a_fundamental_step_toward_a_functioning_5c205161] Extracting actors: https://thequantuminsider.com/2024/02/12/research-team-takes-a-fundamental-step-toward-a-functioning-quantum-internet (1/1), chunk 33/60
[10:36:14 +8m 10s | thequantuminsider_2024_02_12_research_team_takes_a_fundamental_step_toward_a_functioning_5c205161] Extracting actors: https://thequantuminsider.com/2024/02/12/research-team-takes-a-fundamental-step-toward-a-functioning-quantum-internet (1/1), chunk 34/60
[10:36:19 +8m 15s | thequantuminsider_2024_02_12_research_team_takes_a_fundamental_step_toward_a_functioning_5c205161] Extracting actors: https://thequantuminsider.com/2024/02/12/research-team-takes-a-fundamental-step-toward-a-functioning-quantum-internet (1/1), chunk 35/60
[10:36:24 +8m 19s | thequantuminsider_2024_02_12_research_team_takes_a_fundamental_step_toward_a_functioning_5c205161] Extracting actors: https://thequantuminsider.com/2024/02/12/research-team-takes-a-fundamental-step-toward-a-functioning-quantum-internet (1/1), chunk 36/60
[10:36:29 +8m 25s | thequantuminsider_2024_02_12_research_team_takes_a_fundamental_step_toward_a_functioning_5c205161] Repaired malformed JSON.
[10:36:29 +8m 25s | thequantuminsider_2024_02_12_research_team_takes_a_fundamental_step_toward_a_functioning_5c205161] Extracting actors: https://thequantuminsider.com/2024/02/12/research-team-takes-a-fundamental-step-toward-a-functioning-quantum-internet (1/1), chunk 37/60
[10:36:38 +8m 33s | thequantuminsider_2024_02_12_research_team_takes_a_fundamental_step_toward_a_functioning_5c205161] Repaired malformed JSON.
[10:36:38 +8m 33s | thequantuminsider_2024_02_12_research_team_takes_a_fundamental_step_toward_a_functioning_5c205161] Extracting actors: https://thequantuminsider.com/2024/02/12/research-team-takes-a-fundamental-step-toward-a-functioning-quantum-internet (1/1), chunk 38/60
[10:36:46 +8m 41s | thequantuminsider_2024_02_12_research_team_takes_a_fundamental_step_toward_a_functioning_5c205161] Repaired malformed JSON.
[10:36:46 +8m 41s | thequantuminsider_2024_02_12_research_team_takes_a_fundamental_step_toward_a_functioning_5c205161] Extracting actors: https://thequantuminsider.com/2024/02/12/research-team-takes-a-fundamental-step-toward-a-functioning-quantum-internet (1/1), chunk 39/60
[10:36:55 +8m 51s | thequantuminsider_2024_02_12_research_team_takes_a_fundamental_step_toward_a_functioning_5c205161] Repaired malformed JSON.
[10:36:55 +8m 51s | thequantuminsider_2024_02_12_research_team_takes_a_fundamental_step_toward_a_functioning_5c205161] Extracting actors: https://thequantuminsider.com/2024/02/12/research-team-takes-a-fundamental-step-toward-a-functioning-quantum-internet (1/1), chunk 40/60
[10:37:01 +8m 57s | thequantuminsider_2024_02_12_research_team_takes_a_fundamental_step_toward_a_functioning_5c205161] Repaired malformed JSON.
[10:37:01 +8m 57s | thequantuminsider_2024_02_12_research_team_takes_a_fundamental_step_toward_a_functioning_5c205161] Extracting actors: https://thequantuminsider.com/2024/02/12/research-team-takes-a-fundamental-step-toward-a-functioning-quantum-internet (1/1), chunk 41/60
[10:37:07 +9m 2s | thequantuminsider_2024_02_12_research_team_takes_a_fundamental_step_toward_a_functioning_5c205161] Repaired malformed JSON.
[10:37:07 +9m 2s | thequantuminsider_2024_02_12_research_team_takes_a_fundamental_step_toward_a_functioning_5c205161] Extracting actors: https://thequantuminsider.com/2024/02/12/research-team-takes-a-fundamental-step-toward-a-functioning-quantum-internet (1/1), chunk 42/60
[10:37:12 +9m 8s | thequantuminsider_2024_02_12_research_team_takes_a_fundamental_step_toward_a_functioning_5c205161] Repaired malformed JSON.
[10:37:12 +9m 8s | thequantuminsider_2024_02_12_research_team_takes_a_fundamental_step_toward_a_functioning_5c205161] Extracting actors: https://thequantuminsider.com/2024/02/12/research-team-takes-a-fundamental-step-toward-a-functioning-quantum-internet (1/1), chunk 43/60
[10:37:20 +9m 16s | thequantuminsider_2024_02_12_research_team_takes_a_fundamental_step_toward_a_functioning_5c205161] Repaired malformed JSON.
[10:37:20 +9m 16s | thequantuminsider_2024_02_12_research_team_takes_a_fundamental_step_toward_a_functioning_5c205161] Extracting actors: https://thequantuminsider.com/2024/02/12/research-team-takes-a-fundamental-step-toward-a-functioning-quantum-internet (1/1), chunk 44/60
[10:37:26 +9m 22s | thequantuminsider_2024_02_12_research_team_takes_a_fundamental_step_toward_a_functioning_5c205161] Repaired malformed JSON.
[10:37:26 +9m 22s | thequantuminsider_2024_02_12_research_team_takes_a_fundamental_step_toward_a_functioning_5c205161] Extracting actors: https://thequantuminsider.com/2024/02/12/research-team-takes-a-fundamental-step-toward-a-functioning-quantum-internet (1/1), chunk 45/60
[10:37:35 +9m 31s | thequantuminsider_2024_02_12_research_team_takes_a_fundamental_step_toward_a_functioning_5c205161] Repaired malformed JSON.
[10:37:35 +9m 31s | thequantuminsider_2024_02_12_research_team_takes_a_fundamental_step_toward_a_functioning_5c205161] Extracting actors: https://thequantuminsider.com/2024/02/12/research-team-takes-a-fundamental-step-toward-a-functioning-quantum-internet (1/1), chunk 46/60
[10:37:44 +9m 40s | thequantuminsider_2024_02_12_research_team_takes_a_fundamental_step_toward_a_functioning_5c205161] Repaired malformed JSON.
[10:37:44 +9m 40s | thequantuminsider_2024_02_12_research_team_takes_a_fundamental_step_toward_a_functioning_5c205161] Extracting actors: https://thequantuminsider.com/2024/02/12/research-team-takes-a-fundamental-step-toward-a-functioning-quantum-internet (1/1), chunk 47/60
[10:37:50 +9m 46s | thequantuminsider_2024_02_12_research_team_takes_a_fundamental_step_toward_a_functioning_5c205161] Repaired malformed JSON.
[10:37:50 +9m 46s | thequantuminsider_2024_02_12_research_team_takes_a_fundamental_step_toward_a_functioning_5c205161] Extracting actors: https://thequantuminsider.com/2024/02/12/research-team-takes-a-fundamental-step-toward-a-functioning-quantum-internet (1/1), chunk 48/60
[10:37:55 +9m 50s | thequantuminsider_2024_02_12_research_team_takes_a_fundamental_step_toward_a_functioning_5c205161] Extracting actors: https://thequantuminsider.com/2024/02/12/research-team-takes-a-fundamental-step-toward-a-functioning-quantum-internet (1/1), chunk 49/60
[10:38:00 +9m 56s | thequantuminsider_2024_02_12_research_team_takes_a_fundamental_step_toward_a_functioning_5c205161] Repaired malformed JSON.
[10:38:00 +9m 56s | thequantuminsider_2024_02_12_research_team_takes_a_fundamental_step_toward_a_functioning_5c205161] Extracting actors: https://thequantuminsider.com/2024/02/12/research-team-takes-a-fundamental-step-toward-a-functioning-quantum-internet (1/1), chunk 50/60
[10:38:04 +10m 0s | thequantuminsider_2024_02_12_research_team_takes_a_fundamental_step_toward_a_functioning_5c205161] Extracting actors: https://thequantuminsider.com/2024/02/12/research-team-takes-a-fundamental-step-toward-a-functioning-quantum-internet (1/1), chunk 51/60
[10:38:06 +10m 2s | thequantuminsider_2024_02_12_research_team_takes_a_fundamental_step_toward_a_functioning_5c205161] Extracting actors: https://thequantuminsider.com/2024/02/12/research-team-takes-a-fundamental-step-toward-a-functioning-quantum-internet (1/1), chunk 52/60
[10:38:12 +10m 8s | thequantuminsider_2024_02_12_research_team_takes_a_fundamental_step_toward_a_functioning_5c205161] Repaired malformed JSON.
[10:38:12 +10m 8s | thequantuminsider_2024_02_12_research_team_takes_a_fundamental_step_toward_a_functioning_5c205161] Extracting actors: https://thequantuminsider.com/2024/02/12/research-team-takes-a-fundamental-step-toward-a-functioning-quantum-internet (1/1), chunk 53/60
[10:38:21 +10m 17s | thequantuminsider_2024_02_12_research_team_takes_a_fundamental_step_toward_a_functioning_5c205161] Repaired malformed JSON.
[10:38:21 +10m 17s | thequantuminsider_2024_02_12_research_team_takes_a_fundamental_step_toward_a_functioning_5c205161] Extracting actors: https://thequantuminsider.com/2024/02/12/research-team-takes-a-fundamental-step-toward-a-functioning-quantum-internet (1/1), chunk 54/60
[10:38:30 +10m 25s | thequantuminsider_2024_02_12_research_team_takes_a_fundamental_step_toward_a_functioning_5c205161] Repaired malformed JSON.
[10:38:30 +10m 25s | thequantuminsider_2024_02_12_research_team_takes_a_fundamental_step_toward_a_functioning_5c205161] Extracting actors: https://thequantuminsider.com/2024/02/12/research-team-takes-a-fundamental-step-toward-a-functioning-quantum-internet (1/1), chunk 55/60
[10:38:36 +10m 32s | thequantuminsider_2024_02_12_research_team_takes_a_fundamental_step_toward_a_functioning_5c205161] Repaired malformed JSON.
[10:38:36 +10m 32s | thequantuminsider_2024_02_12_research_team_takes_a_fundamental_step_toward_a_functioning_5c205161] Extracting actors: https://thequantuminsider.com/2024/02/12/research-team-takes-a-fundamental-step-toward-a-functioning-quantum-internet (1/1), chunk 56/60
[10:38:44 +10m 40s | thequantuminsider_2024_02_12_research_team_takes_a_fundamental_step_toward_a_functioning_5c205161] Repaired malformed JSON.
[10:38:44 +10m 40s | thequantuminsider_2024_02_12_research_team_takes_a_fundamental_step_toward_a_functioning_5c205161] Extracting actors: https://thequantuminsider.com/2024/02/12/research-team-takes-a-fundamental-step-toward-a-functioning-quantum-internet (1/1), chunk 57/60
[10:38:51 +10m 47s | thequantuminsider_2024_02_12_research_team_takes_a_fundamental_step_toward_a_functioning_5c205161] Repaired malformed JSON.
[10:38:51 +10m 47s | thequantuminsider_2024_02_12_research_team_takes_a_fundamental_step_toward_a_functioning_5c205161] Extracting actors: https://thequantuminsider.com/2024/02/12/research-team-takes-a-fundamental-step-toward-a-functioning-quantum-internet (1/1), chunk 58/60
[10:38:56 +10m 52s | thequantuminsider_2024_02_12_research_team_takes_a_fundamental_step_toward_a_functioning_5c205161] Repaired malformed JSON.
[10:38:56 +10m 52s | thequantuminsider_2024_02_12_research_team_takes_a_fundamental_step_toward_a_functioning_5c205161] Extracting actors: https://thequantuminsider.com/2024/02/12/research-team-takes-a-fundamental-step-toward-a-functioning-quantum-internet (1/1), chunk 59/60
[10:39:04 +11m 0s | thequantuminsider_2024_02_12_research_team_takes_a_fundamental_step_toward_a_functioning_5c205161] Repaired malformed JSON.
[10:39:04 +11m 0s | thequantuminsider_2024_02_12_research_team_takes_a_fundamental_step_toward_a_functioning_5c205161] Extracting actors: https://thequantuminsider.com/2024/02/12/research-team-takes-a-fundamental-step-toward-a-functioning-quantum-internet (1/1), chunk 60/60
[10:39:10 +11m 5s | thequantuminsider_2024_02_12_research_team_takes_a_fundamental_step_toward_a_functioning_5c205161] Repaired malformed JSON.
[10:39:10 +11m 5s | thequantuminsider_2024_02_12_research_team_takes_a_fundamental_step_toward_a_functioning_5c205161] Saved 1_actor_results.json with 80 extracted records

[10:39:10 +11m 6s | thequantuminsider_2024_02_12_research_team_takes_a_fundamental_step_toward_a_functioning_5c205161] === 2 clean actors ===
[10:39:10 +11m 6s | thequantuminsider_2024_02_12_research_team_takes_a_fundamental_step_toward_a_functioning_5c205161] Loaded 80 extracted records
[10:39:10 +11m 6s | thequantuminsider_2024_02_12_research_team_takes_a_fundamental_step_toward_a_functioning_5c205161] Saved 2_actor_nodes.json with 26 canonical actor nodes

[10:39:10 +11m 6s | thequantuminsider_2024_02_12_research_team_takes_a_fundamental_step_toward_a_functioning_5c205161] === 3 interaction extraction ===
[10:39:11 +11m 6s | thequantuminsider_2024_02_12_research_team_takes_a_fundamental_step_toward_a_functioning_5c205161] Extracting interactions: https://thequantuminsider.com/2024/02/12/research-team-takes-a-fundamental-step-toward-a-functioning-quantum-internet (1/1), chunk 12/60
[10:39:24 +11m 20s | thequantuminsider_2024_02_12_research_team_takes_a_fundamental_step_toward_a_functioning_5c205161] Extracting interactions: https://thequantuminsider.com/2024/02/12/research-team-takes-a-fundamental-step-toward-a-functioning-quantum-internet (1/1), chunk 13/60
[10:39:32 +11m 28s | thequantuminsider_2024_02_12_research_team_takes_a_fundamental_step_toward_a_functioning_5c205161] Extracting interactions: https://thequantuminsider.com/2024/02/12/research-team-takes-a-fundamental-step-toward-a-functioning-quantum-internet (1/1), chunk 14/60
[10:39:58 +11m 54s | thequantuminsider_2024_02_12_research_team_takes_a_fundamental_step_toward_a_functioning_5c205161] Extracting interactions: https://thequantuminsider.com/2024/02/12/research-team-takes-a-fundamental-step-toward-a-functioning-quantum-internet (1/1), chunk 15/60
[10:40:00 +11m 56s | thequantuminsider_2024_02_12_research_team_takes_a_fundamental_step_toward_a_functioning_5c205161] Extracting interactions: https://thequantuminsider.com/2024/02/12/research-team-takes-a-fundamental-step-toward-a-functioning-quantum-internet (1/1), chunk 20/60
[10:40:27 +12m 22s | thequantuminsider_2024_02_12_research_team_takes_a_fundamental_step_toward_a_functioning_5c205161] Extracting interactions: https://thequantuminsider.com/2024/02/12/research-team-takes-a-fundamental-step-toward-a-functioning-quantum-internet (1/1), chunk 21/60
[10:40:28 +12m 24s | thequantuminsider_2024_02_12_research_team_takes_a_fundamental_step_toward_a_functioning_5c205161] Extracting interactions: https://thequantuminsider.com/2024/02/12/research-team-takes-a-fundamental-step-toward-a-functioning-quantum-internet (1/1), chunk 25/60
[10:40:32 +12m 28s | thequantuminsider_2024_02_12_research_team_takes_a_fundamental_step_toward_a_functioning_5c205161] Extracting interactions: https://thequantuminsider.com/2024/02/12/research-team-takes-a-fundamental-step-toward-a-functioning-quantum-internet (1/1), chunk 26/60
[10:40:37 +12m 32s | thequantuminsider_2024_02_12_research_team_takes_a_fundamental_step_toward_a_functioning_5c205161] Extracting interactions: https://thequantuminsider.com/2024/02/12/research-team-takes-a-fundamental-step-toward-a-functioning-quantum-internet (1/1), chunk 36/60
[10:40:43 +12m 38s | thequantuminsider_2024_02_12_research_team_takes_a_fundamental_step_toward_a_functioning_5c205161] Extracting interactions: https://thequantuminsider.com/2024/02/12/research-team-takes-a-fundamental-step-toward-a-functioning-quantum-internet (1/1), chunk 37/60
[10:40:55 +12m 50s | thequantuminsider_2024_02_12_research_team_takes_a_fundamental_step_toward_a_functioning_5c205161] Extracting interactions: https://thequantuminsider.com/2024/02/12/research-team-takes-a-fundamental-step-toward-a-functioning-quantum-internet (1/1), chunk 38/60
[10:41:09 +13m 4s | thequantuminsider_2024_02_12_research_team_takes_a_fundamental_step_toward_a_functioning_5c205161] Extracting interactions: https://thequantuminsider.com/2024/02/12/research-team-takes-a-fundamental-step-toward-a-functioning-quantum-internet (1/1), chunk 39/60
[10:41:17 +13m 13s | thequantuminsider_2024_02_12_research_team_takes_a_fundamental_step_toward_a_functioning_5c205161] Extracting interactions: https://thequantuminsider.com/2024/02/12/research-team-takes-a-fundamental-step-toward-a-functioning-quantum-internet (1/1), chunk 40/60
[10:41:25 +13m 20s | thequantuminsider_2024_02_12_research_team_takes_a_fundamental_step_toward_a_functioning_5c205161] Extracting interactions: https://thequantuminsider.com/2024/02/12/research-team-takes-a-fundamental-step-toward-a-functioning-quantum-internet (1/1), chunk 41/60
[10:41:31 +13m 26s | thequantuminsider_2024_02_12_research_team_takes_a_fundamental_step_toward_a_functioning_5c205161] Extracting interactions: https://thequantuminsider.com/2024/02/12/research-team-takes-a-fundamental-step-toward-a-functioning-quantum-internet (1/1), chunk 42/60
[10:41:34 +13m 30s | thequantuminsider_2024_02_12_research_team_takes_a_fundamental_step_toward_a_functioning_5c205161] Extracting interactions: https://thequantuminsider.com/2024/02/12/research-team-takes-a-fundamental-step-toward-a-functioning-quantum-internet (1/1), chunk 43/60
[10:41:42 +13m 38s | thequantuminsider_2024_02_12_research_team_takes_a_fundamental_step_toward_a_functioning_5c205161] Extracting interactions: https://thequantuminsider.com/2024/02/12/research-team-takes-a-fundamental-step-toward-a-functioning-quantum-internet (1/1), chunk 44/60
[10:41:50 +13m 45s | thequantuminsider_2024_02_12_research_team_takes_a_fundamental_step_toward_a_functioning_5c205161] Extracting interactions: https://thequantuminsider.com/2024/02/12/research-team-takes-a-fundamental-step-toward-a-functioning-quantum-internet (1/1), chunk 45/60
[10:41:53 +13m 49s | thequantuminsider_2024_02_12_research_team_takes_a_fundamental_step_toward_a_functioning_5c205161] Extracting interactions: https://thequantuminsider.com/2024/02/12/research-team-takes-a-fundamental-step-toward-a-functioning-quantum-internet (1/1), chunk 46/60
[10:41:57 +13m 53s | thequantuminsider_2024_02_12_research_team_takes_a_fundamental_step_toward_a_functioning_5c205161] Extracting interactions: https://thequantuminsider.com/2024/02/12/research-team-takes-a-fundamental-step-toward-a-functioning-quantum-internet (1/1), chunk 49/60
[10:42:02 +13m 57s | thequantuminsider_2024_02_12_research_team_takes_a_fundamental_step_toward_a_functioning_5c205161] Extracting interactions: https://thequantuminsider.com/2024/02/12/research-team-takes-a-fundamental-step-toward-a-functioning-quantum-internet (1/1), chunk 50/60
[10:42:09 +14m 5s | thequantuminsider_2024_02_12_research_team_takes_a_fundamental_step_toward_a_functioning_5c205161] Extracting interactions: https://thequantuminsider.com/2024/02/12/research-team-takes-a-fundamental-step-toward-a-functioning-quantum-internet (1/1), chunk 51/60
[10:42:10 +14m 6s | thequantuminsider_2024_02_12_research_team_takes_a_fundamental_step_toward_a_functioning_5c205161] Extracting interactions: https://thequantuminsider.com/2024/02/12/research-team-takes-a-fundamental-step-toward-a-functioning-quantum-internet (1/1), chunk 53/60
[10:42:12 +14m 7s | thequantuminsider_2024_02_12_research_team_takes_a_fundamental_step_toward_a_functioning_5c205161] Extracting interactions: https://thequantuminsider.com/2024/02/12/research-team-takes-a-fundamental-step-toward-a-functioning-quantum-internet (1/1), chunk 54/60
[10:42:14 +14m 9s | thequantuminsider_2024_02_12_research_team_takes_a_fundamental_step_toward_a_functioning_5c205161] Extracting interactions: https://thequantuminsider.com/2024/02/12/research-team-takes-a-fundamental-step-toward-a-functioning-quantum-internet (1/1), chunk 55/60
[10:42:15 +14m 11s | thequantuminsider_2024_02_12_research_team_takes_a_fundamental_step_toward_a_functioning_5c205161] Extracting interactions: https://thequantuminsider.com/2024/02/12/research-team-takes-a-fundamental-step-toward-a-functioning-quantum-internet (1/1), chunk 56/60
[10:42:17 +14m 12s | thequantuminsider_2024_02_12_research_team_takes_a_fundamental_step_toward_a_functioning_5c205161] Extracting interactions: https://thequantuminsider.com/2024/02/12/research-team-takes-a-fundamental-step-toward-a-functioning-quantum-internet (1/1), chunk 57/60
[10:42:18 +14m 14s | thequantuminsider_2024_02_12_research_team_takes_a_fundamental_step_toward_a_functioning_5c205161] Extracting interactions: https://thequantuminsider.com/2024/02/12/research-team-takes-a-fundamental-step-toward-a-functioning-quantum-internet (1/1), chunk 58/60
[10:42:19 +14m 15s | thequantuminsider_2024_02_12_research_team_takes_a_fundamental_step_toward_a_functioning_5c205161] Extracting interactions: https://thequantuminsider.com/2024/02/12/research-team-takes-a-fundamental-step-toward-a-functioning-quantum-internet (1/1), chunk 59/60
[10:42:21 +14m 17s | thequantuminsider_2024_02_12_research_team_takes_a_fundamental_step_toward_a_functioning_5c205161] Extracting interactions: https://thequantuminsider.com/2024/02/12/research-team-takes-a-fundamental-step-toward-a-functioning-quantum-internet (1/1), chunk 60/60
[10:42:23 +14m 19s | thequantuminsider_2024_02_12_research_team_takes_a_fundamental_step_toward_a_functioning_5c205161] Saved 3_interaction_results.json with 31 extracted interactions.

[10:42:23 +14m 19s | thequantuminsider_2024_02_12_research_team_takes_a_fundamental_step_toward_a_functioning_5c205161] === 4 clean interactions ===
[10:42:23 +14m 19s | thequantuminsider_2024_02_12_research_team_takes_a_fundamental_step_toward_a_functioning_5c205161] Saved 4_edges.json with 3 cleaned interactions.

[10:42:23 +14m 19s | thequantuminsider_2024_02_12_research_team_takes_a_fundamental_step_toward_a_functioning_5c205161] === 5 helix enrichment ===
[10:42:23 +14m 19s | thequantuminsider_2024_02_12_research_team_takes_a_fundamental_step_toward_a_functioning_5c205161] Wrote 5_nodes.json (26 actors)
[10:42:23 +14m 19s | thequantuminsider_2024_02_12_research_team_takes_a_fundamental_step_toward_a_functioning_5c205161] Wrote 5_edges.json (3 interactions)
[10:42:23 +14m 19s | thequantuminsider_2024_02_12_research_team_takes_a_fundamental_step_toward_a_functioning_5c205161] Actor helix counts: {'Academia': 7, 'Civil Society': 4, 'Government': 3, 'Industry': 4, 'Unknown': 8}
[10:42:23 +14m 19s | thequantuminsider_2024_02_12_research_team_takes_a_fundamental_step_toward_a_functioning_5c205161] Functional-space counts: {'Innovation': 3}

[10:42:23 +14m 19s | thequantuminsider_2024_02_12_research_team_takes_a_fundamental_step_toward_a_functioning_5c205161] === 6 network visualisation ===
[10:42:24 +14m 20s | thequantuminsider_2024_02_12_research_team_takes_a_fundamental_step_toward_a_functioning_5c205161] Wrote quantum_network.html
[10:42:24 +14m 20s | thequantuminsider_2024_02_12_research_team_takes_a_fundamental_step_toward_a_functioning_5c205161] Nodes: 26
[10:42:24 +14m 20s | thequantuminsider_2024_02_12_research_team_takes_a_fundamental_step_toward_a_functioning_5c205161] Edges: 2

[10:42:24 +14m 20s | thequantuminsider_2024_02_12_research_team_takes_a_fundamental_step_toward_a_functioning_5c205161] Done. Outputs written to: /home/lv/IDP/idpdeeptech/pipeline/news_outputs/thequantuminsider_2024_02_12_research_team_takes_a_fundamental_step_toward_a_functioning_5c205161
[10:42:24 +14m 20s | thequantuminsider_2024_02_12_research_team_takes_a_fundamental_step_toward_a_functioning_5c205161] Log: /home/lv/IDP/idpdeeptech/pipeline/news_outputs/thequantuminsider_2024_02_12_research_team_takes_a_fundamental_step_toward_a_functioning_5c205161/run.log

========================================================================
RUN FINISHED 2026-07-02 10:42:24  (OK)
Started:     2026-07-02 10:28:04
Elapsed:     14m 20s
========================================================================
