
========================================================================
RUN STARTED  2026-07-02 10:56:19
site_pipeline.py https://thequantuminsider.com/2024/02/07/global-quantum-symposium-gathers-40-global-leaders-who-shape-the-quantum-field-march-18-20-2024/
========================================================================

[10:56:19 +0s | thequantuminsider_2024_02_07_global_quantum_symposium_gathers_40_global_leaders_who_shape_21617f64] === 0 crawl site ===
[10:56:20 +1s | thequantuminsider_2024_02_07_global_quantum_symposium_gathers_40_global_leaders_who_shape_21617f64] [INIT].... → Crawl4AI 0.8.6 
[10:56:22 +3s | thequantuminsider_2024_02_07_global_quantum_symposium_gathers_40_global_leaders_who_shape_21617f64] [FETCH]... ↓ https://thequantuminsider.com/2024/02/07/global-...rs-who-shape-the-quantum-field-march-18-20-2024/  | ✓ | ⏱: 2.19s 
[10:56:22 +4s | thequantuminsider_2024_02_07_global_quantum_symposium_gathers_40_global_leaders_who_shape_21617f64] [SCRAPE].. ◆ https://thequantuminsider.com/2024/02/07/global-...rs-who-shape-the-quantum-field-march-18-20-2024/  | ✓ | ⏱: 0.10s 
[10:56:22 +4s | thequantuminsider_2024_02_07_global_quantum_symposium_gathers_40_global_leaders_who_shape_21617f64] [COMPLETE] ● https://thequantuminsider.com/2024/02/07/global-...rs-who-shape-the-quantum-field-march-18-20-2024/  | ✓ | ⏱: 2.32s 
[10:56:22 +4s | thequantuminsider_2024_02_07_global_quantum_symposium_gathers_40_global_leaders_who_shape_21617f64] Saved: crawl_output/89a1c7ea2d_thequantuminsider.com_2024_02_07_global-quantum-symposium-gathers-40-global-leaders-who-shape-the-quantum-field-march-18-20-2024.json

[10:56:22 +4s | thequantuminsider_2024_02_07_global_quantum_symposium_gathers_40_global_leaders_who_shape_21617f64] === 1 actor extraction ===
[10:56:23 +4s | thequantuminsider_2024_02_07_global_quantum_symposium_gathers_40_global_leaders_who_shape_21617f64] Reading page (1/1): https://thequantuminsider.com/2024/02/07/global-quantum-symposium-gathers-40-global-leaders-who-shape-the-quantum-field-march-18-20-2024
[10:56:23 +4s | thequantuminsider_2024_02_07_global_quantum_symposium_gathers_40_global_leaders_who_shape_21617f64] Extracting actors: https://thequantuminsider.com/2024/02/07/global-quantum-symposium-gathers-40-global-leaders-who-shape-the-quantum-field-march-18-20-2024 (1/1), chunk 1/36
[10:56:26 +8s | thequantuminsider_2024_02_07_global_quantum_symposium_gathers_40_global_leaders_who_shape_21617f64] Extracting actors: https://thequantuminsider.com/2024/02/07/global-quantum-symposium-gathers-40-global-leaders-who-shape-the-quantum-field-march-18-20-2024 (1/1), chunk 2/36
[10:56:32 +14s | thequantuminsider_2024_02_07_global_quantum_symposium_gathers_40_global_leaders_who_shape_21617f64] Extracting actors: https://thequantuminsider.com/2024/02/07/global-quantum-symposium-gathers-40-global-leaders-who-shape-the-quantum-field-march-18-20-2024 (1/1), chunk 3/36
[10:56:42 +23s | thequantuminsider_2024_02_07_global_quantum_symposium_gathers_40_global_leaders_who_shape_21617f64] Extracting actors: https://thequantuminsider.com/2024/02/07/global-quantum-symposium-gathers-40-global-leaders-who-shape-the-quantum-field-march-18-20-2024 (1/1), chunk 4/36
[10:56:50 +32s | thequantuminsider_2024_02_07_global_quantum_symposium_gathers_40_global_leaders_who_shape_21617f64] Extracting actors: https://thequantuminsider.com/2024/02/07/global-quantum-symposium-gathers-40-global-leaders-who-shape-the-quantum-field-march-18-20-2024 (1/1), chunk 5/36
[10:56:55 +36s | thequantuminsider_2024_02_07_global_quantum_symposium_gathers_40_global_leaders_who_shape_21617f64] Extracting actors: https://thequantuminsider.com/2024/02/07/global-quantum-symposium-gathers-40-global-leaders-who-shape-the-quantum-field-march-18-20-2024 (1/1), chunk 6/36
[10:57:00 +42s | thequantuminsider_2024_02_07_global_quantum_symposium_gathers_40_global_leaders_who_shape_21617f64] Extracting actors: https://thequantuminsider.com/2024/02/07/global-quantum-symposium-gathers-40-global-leaders-who-shape-the-quantum-field-march-18-20-2024 (1/1), chunk 7/36
[10:57:04 +46s | thequantuminsider_2024_02_07_global_quantum_symposium_gathers_40_global_leaders_who_shape_21617f64] Extracting actors: https://thequantuminsider.com/2024/02/07/global-quantum-symposium-gathers-40-global-leaders-who-shape-the-quantum-field-march-18-20-2024 (1/1), chunk 8/36
[10:57:09 +51s | thequantuminsider_2024_02_07_global_quantum_symposium_gathers_40_global_leaders_who_shape_21617f64] Extracting actors: https://thequantuminsider.com/2024/02/07/global-quantum-symposium-gathers-40-global-leaders-who-shape-the-quantum-field-march-18-20-2024 (1/1), chunk 9/36
[10:57:15 +57s | thequantuminsider_2024_02_07_global_quantum_symposium_gathers_40_global_leaders_who_shape_21617f64] Extracting actors: https://thequantuminsider.com/2024/02/07/global-quantum-symposium-gathers-40-global-leaders-who-shape-the-quantum-field-march-18-20-2024 (1/1), chunk 10/36
[10:57:20 +1m 2s | thequantuminsider_2024_02_07_global_quantum_symposium_gathers_40_global_leaders_who_shape_21617f64] Extracting actors: https://thequantuminsider.com/2024/02/07/global-quantum-symposium-gathers-40-global-leaders-who-shape-the-quantum-field-march-18-20-2024 (1/1), chunk 11/36
[10:57:26 +1m 8s | thequantuminsider_2024_02_07_global_quantum_symposium_gathers_40_global_leaders_who_shape_21617f64] Repaired malformed JSON.
[10:57:26 +1m 8s | thequantuminsider_2024_02_07_global_quantum_symposium_gathers_40_global_leaders_who_shape_21617f64] Extracting actors: https://thequantuminsider.com/2024/02/07/global-quantum-symposium-gathers-40-global-leaders-who-shape-the-quantum-field-march-18-20-2024 (1/1), chunk 12/36
[10:57:32 +1m 14s | thequantuminsider_2024_02_07_global_quantum_symposium_gathers_40_global_leaders_who_shape_21617f64] Repaired malformed JSON.
[10:57:32 +1m 14s | thequantuminsider_2024_02_07_global_quantum_symposium_gathers_40_global_leaders_who_shape_21617f64] Extracting actors: https://thequantuminsider.com/2024/02/07/global-quantum-symposium-gathers-40-global-leaders-who-shape-the-quantum-field-march-18-20-2024 (1/1), chunk 13/36
[10:57:38 +1m 19s | thequantuminsider_2024_02_07_global_quantum_symposium_gathers_40_global_leaders_who_shape_21617f64] Repaired malformed JSON.
[10:57:38 +1m 19s | thequantuminsider_2024_02_07_global_quantum_symposium_gathers_40_global_leaders_who_shape_21617f64] Extracting actors: https://thequantuminsider.com/2024/02/07/global-quantum-symposium-gathers-40-global-leaders-who-shape-the-quantum-field-march-18-20-2024 (1/1), chunk 14/36
[10:57:44 +1m 26s | thequantuminsider_2024_02_07_global_quantum_symposium_gathers_40_global_leaders_who_shape_21617f64] Repaired malformed JSON.
[10:57:44 +1m 26s | thequantuminsider_2024_02_07_global_quantum_symposium_gathers_40_global_leaders_who_shape_21617f64] Extracting actors: https://thequantuminsider.com/2024/02/07/global-quantum-symposium-gathers-40-global-leaders-who-shape-the-quantum-field-march-18-20-2024 (1/1), chunk 15/36
[10:57:52 +1m 33s | thequantuminsider_2024_02_07_global_quantum_symposium_gathers_40_global_leaders_who_shape_21617f64] Repaired malformed JSON.
[10:57:52 +1m 33s | thequantuminsider_2024_02_07_global_quantum_symposium_gathers_40_global_leaders_who_shape_21617f64] Extracting actors: https://thequantuminsider.com/2024/02/07/global-quantum-symposium-gathers-40-global-leaders-who-shape-the-quantum-field-march-18-20-2024 (1/1), chunk 16/36
[10:57:57 +1m 38s | thequantuminsider_2024_02_07_global_quantum_symposium_gathers_40_global_leaders_who_shape_21617f64] Repaired malformed JSON.
[10:57:57 +1m 38s | thequantuminsider_2024_02_07_global_quantum_symposium_gathers_40_global_leaders_who_shape_21617f64] Extracting actors: https://thequantuminsider.com/2024/02/07/global-quantum-symposium-gathers-40-global-leaders-who-shape-the-quantum-field-march-18-20-2024 (1/1), chunk 17/36
[10:58:05 +1m 47s | thequantuminsider_2024_02_07_global_quantum_symposium_gathers_40_global_leaders_who_shape_21617f64] Repaired malformed JSON.
[10:58:05 +1m 47s | thequantuminsider_2024_02_07_global_quantum_symposium_gathers_40_global_leaders_who_shape_21617f64] Extracting actors: https://thequantuminsider.com/2024/02/07/global-quantum-symposium-gathers-40-global-leaders-who-shape-the-quantum-field-march-18-20-2024 (1/1), chunk 18/36
[10:58:11 +1m 53s | thequantuminsider_2024_02_07_global_quantum_symposium_gathers_40_global_leaders_who_shape_21617f64] Repaired malformed JSON.
[10:58:11 +1m 53s | thequantuminsider_2024_02_07_global_quantum_symposium_gathers_40_global_leaders_who_shape_21617f64] Extracting actors: https://thequantuminsider.com/2024/02/07/global-quantum-symposium-gathers-40-global-leaders-who-shape-the-quantum-field-march-18-20-2024 (1/1), chunk 19/36
[10:58:17 +1m 59s | thequantuminsider_2024_02_07_global_quantum_symposium_gathers_40_global_leaders_who_shape_21617f64] Repaired malformed JSON.
[10:58:17 +1m 59s | thequantuminsider_2024_02_07_global_quantum_symposium_gathers_40_global_leaders_who_shape_21617f64] Extracting actors: https://thequantuminsider.com/2024/02/07/global-quantum-symposium-gathers-40-global-leaders-who-shape-the-quantum-field-march-18-20-2024 (1/1), chunk 20/36
[10:58:25 +2m 6s | thequantuminsider_2024_02_07_global_quantum_symposium_gathers_40_global_leaders_who_shape_21617f64] Repaired malformed JSON.
[10:58:25 +2m 6s | thequantuminsider_2024_02_07_global_quantum_symposium_gathers_40_global_leaders_who_shape_21617f64] Extracting actors: https://thequantuminsider.com/2024/02/07/global-quantum-symposium-gathers-40-global-leaders-who-shape-the-quantum-field-march-18-20-2024 (1/1), chunk 21/36
[10:58:30 +2m 12s | thequantuminsider_2024_02_07_global_quantum_symposium_gathers_40_global_leaders_who_shape_21617f64] Repaired malformed JSON.
[10:58:30 +2m 12s | thequantuminsider_2024_02_07_global_quantum_symposium_gathers_40_global_leaders_who_shape_21617f64] Extracting actors: https://thequantuminsider.com/2024/02/07/global-quantum-symposium-gathers-40-global-leaders-who-shape-the-quantum-field-march-18-20-2024 (1/1), chunk 22/36
[10:58:39 +2m 20s | thequantuminsider_2024_02_07_global_quantum_symposium_gathers_40_global_leaders_who_shape_21617f64] Repaired malformed JSON.
[10:58:39 +2m 20s | thequantuminsider_2024_02_07_global_quantum_symposium_gathers_40_global_leaders_who_shape_21617f64] Extracting actors: https://thequantuminsider.com/2024/02/07/global-quantum-symposium-gathers-40-global-leaders-who-shape-the-quantum-field-march-18-20-2024 (1/1), chunk 23/36
[10:58:47 +2m 28s | thequantuminsider_2024_02_07_global_quantum_symposium_gathers_40_global_leaders_who_shape_21617f64] Repaired malformed JSON.
[10:58:47 +2m 28s | thequantuminsider_2024_02_07_global_quantum_symposium_gathers_40_global_leaders_who_shape_21617f64] Extracting actors: https://thequantuminsider.com/2024/02/07/global-quantum-symposium-gathers-40-global-leaders-who-shape-the-quantum-field-march-18-20-2024 (1/1), chunk 24/36
[10:58:52 +2m 33s | thequantuminsider_2024_02_07_global_quantum_symposium_gathers_40_global_leaders_who_shape_21617f64] Extracting actors: https://thequantuminsider.com/2024/02/07/global-quantum-symposium-gathers-40-global-leaders-who-shape-the-quantum-field-march-18-20-2024 (1/1), chunk 25/36
[10:58:59 +2m 40s | thequantuminsider_2024_02_07_global_quantum_symposium_gathers_40_global_leaders_who_shape_21617f64] Repaired malformed JSON.
[10:58:59 +2m 40s | thequantuminsider_2024_02_07_global_quantum_symposium_gathers_40_global_leaders_who_shape_21617f64] Extracting actors: https://thequantuminsider.com/2024/02/07/global-quantum-symposium-gathers-40-global-leaders-who-shape-the-quantum-field-march-18-20-2024 (1/1), chunk 26/36
[10:59:04 +2m 45s | thequantuminsider_2024_02_07_global_quantum_symposium_gathers_40_global_leaders_who_shape_21617f64] Extracting actors: https://thequantuminsider.com/2024/02/07/global-quantum-symposium-gathers-40-global-leaders-who-shape-the-quantum-field-march-18-20-2024 (1/1), chunk 27/36
[10:59:08 +2m 50s | thequantuminsider_2024_02_07_global_quantum_symposium_gathers_40_global_leaders_who_shape_21617f64] Extracting actors: https://thequantuminsider.com/2024/02/07/global-quantum-symposium-gathers-40-global-leaders-who-shape-the-quantum-field-march-18-20-2024 (1/1), chunk 28/36
[10:59:16 +2m 57s | thequantuminsider_2024_02_07_global_quantum_symposium_gathers_40_global_leaders_who_shape_21617f64] Repaired malformed JSON.
[10:59:16 +2m 57s | thequantuminsider_2024_02_07_global_quantum_symposium_gathers_40_global_leaders_who_shape_21617f64] Extracting actors: https://thequantuminsider.com/2024/02/07/global-quantum-symposium-gathers-40-global-leaders-who-shape-the-quantum-field-march-18-20-2024 (1/1), chunk 29/36
[10:59:23 +3m 4s | thequantuminsider_2024_02_07_global_quantum_symposium_gathers_40_global_leaders_who_shape_21617f64] Repaired malformed JSON.
[10:59:23 +3m 4s | thequantuminsider_2024_02_07_global_quantum_symposium_gathers_40_global_leaders_who_shape_21617f64] Extracting actors: https://thequantuminsider.com/2024/02/07/global-quantum-symposium-gathers-40-global-leaders-who-shape-the-quantum-field-march-18-20-2024 (1/1), chunk 30/36
[10:59:29 +3m 11s | thequantuminsider_2024_02_07_global_quantum_symposium_gathers_40_global_leaders_who_shape_21617f64] Repaired malformed JSON.
[10:59:29 +3m 11s | thequantuminsider_2024_02_07_global_quantum_symposium_gathers_40_global_leaders_who_shape_21617f64] Extracting actors: https://thequantuminsider.com/2024/02/07/global-quantum-symposium-gathers-40-global-leaders-who-shape-the-quantum-field-march-18-20-2024 (1/1), chunk 31/36
[10:59:36 +3m 17s | thequantuminsider_2024_02_07_global_quantum_symposium_gathers_40_global_leaders_who_shape_21617f64] Repaired malformed JSON.
[10:59:36 +3m 17s | thequantuminsider_2024_02_07_global_quantum_symposium_gathers_40_global_leaders_who_shape_21617f64] Extracting actors: https://thequantuminsider.com/2024/02/07/global-quantum-symposium-gathers-40-global-leaders-who-shape-the-quantum-field-march-18-20-2024 (1/1), chunk 32/36
[10:59:42 +3m 24s | thequantuminsider_2024_02_07_global_quantum_symposium_gathers_40_global_leaders_who_shape_21617f64] Repaired malformed JSON.
[10:59:42 +3m 24s | thequantuminsider_2024_02_07_global_quantum_symposium_gathers_40_global_leaders_who_shape_21617f64] Extracting actors: https://thequantuminsider.com/2024/02/07/global-quantum-symposium-gathers-40-global-leaders-who-shape-the-quantum-field-march-18-20-2024 (1/1), chunk 33/36
[10:59:48 +3m 30s | thequantuminsider_2024_02_07_global_quantum_symposium_gathers_40_global_leaders_who_shape_21617f64] Repaired malformed JSON.
[10:59:48 +3m 30s | thequantuminsider_2024_02_07_global_quantum_symposium_gathers_40_global_leaders_who_shape_21617f64] Extracting actors: https://thequantuminsider.com/2024/02/07/global-quantum-symposium-gathers-40-global-leaders-who-shape-the-quantum-field-march-18-20-2024 (1/1), chunk 34/36
[10:59:54 +3m 36s | thequantuminsider_2024_02_07_global_quantum_symposium_gathers_40_global_leaders_who_shape_21617f64] Repaired malformed JSON.
[10:59:54 +3m 36s | thequantuminsider_2024_02_07_global_quantum_symposium_gathers_40_global_leaders_who_shape_21617f64] Extracting actors: https://thequantuminsider.com/2024/02/07/global-quantum-symposium-gathers-40-global-leaders-who-shape-the-quantum-field-march-18-20-2024 (1/1), chunk 35/36
[11:00:02 +3m 44s | thequantuminsider_2024_02_07_global_quantum_symposium_gathers_40_global_leaders_who_shape_21617f64] Repaired malformed JSON.
[11:00:02 +3m 44s | thequantuminsider_2024_02_07_global_quantum_symposium_gathers_40_global_leaders_who_shape_21617f64] Extracting actors: https://thequantuminsider.com/2024/02/07/global-quantum-symposium-gathers-40-global-leaders-who-shape-the-quantum-field-march-18-20-2024 (1/1), chunk 36/36
[11:00:10 +3m 52s | thequantuminsider_2024_02_07_global_quantum_symposium_gathers_40_global_leaders_who_shape_21617f64] Repaired malformed JSON.
[11:00:10 +3m 52s | thequantuminsider_2024_02_07_global_quantum_symposium_gathers_40_global_leaders_who_shape_21617f64] Saved 1_actor_results.json with 52 extracted records

[11:00:10 +3m 52s | thequantuminsider_2024_02_07_global_quantum_symposium_gathers_40_global_leaders_who_shape_21617f64] === 2 clean actors ===
[11:00:10 +3m 52s | thequantuminsider_2024_02_07_global_quantum_symposium_gathers_40_global_leaders_who_shape_21617f64] Loaded 52 extracted records
[11:00:10 +3m 52s | thequantuminsider_2024_02_07_global_quantum_symposium_gathers_40_global_leaders_who_shape_21617f64] Saved 2_actor_nodes.json with 16 canonical actor nodes

[11:00:10 +3m 52s | thequantuminsider_2024_02_07_global_quantum_symposium_gathers_40_global_leaders_who_shape_21617f64] === 3 interaction extraction ===
[11:00:11 +3m 52s | thequantuminsider_2024_02_07_global_quantum_symposium_gathers_40_global_leaders_who_shape_21617f64] Extracting interactions: https://thequantuminsider.com/2024/02/07/global-quantum-symposium-gathers-40-global-leaders-who-shape-the-quantum-field-march-18-20-2024 (1/1), chunk 12/36
[11:00:19 +4m 0s | thequantuminsider_2024_02_07_global_quantum_symposium_gathers_40_global_leaders_who_shape_21617f64] Extracting interactions: https://thequantuminsider.com/2024/02/07/global-quantum-symposium-gathers-40-global-leaders-who-shape-the-quantum-field-march-18-20-2024 (1/1), chunk 13/36
[11:00:26 +4m 7s | thequantuminsider_2024_02_07_global_quantum_symposium_gathers_40_global_leaders_who_shape_21617f64] Extracting interactions: https://thequantuminsider.com/2024/02/07/global-quantum-symposium-gathers-40-global-leaders-who-shape-the-quantum-field-march-18-20-2024 (1/1), chunk 15/36
[11:00:30 +4m 11s | thequantuminsider_2024_02_07_global_quantum_symposium_gathers_40_global_leaders_who_shape_21617f64] Extracting interactions: https://thequantuminsider.com/2024/02/07/global-quantum-symposium-gathers-40-global-leaders-who-shape-the-quantum-field-march-18-20-2024 (1/1), chunk 16/36
[11:00:31 +4m 13s | thequantuminsider_2024_02_07_global_quantum_symposium_gathers_40_global_leaders_who_shape_21617f64] Extracting interactions: https://thequantuminsider.com/2024/02/07/global-quantum-symposium-gathers-40-global-leaders-who-shape-the-quantum-field-march-18-20-2024 (1/1), chunk 17/36
[11:00:36 +4m 18s | thequantuminsider_2024_02_07_global_quantum_symposium_gathers_40_global_leaders_who_shape_21617f64] Extracting interactions: https://thequantuminsider.com/2024/02/07/global-quantum-symposium-gathers-40-global-leaders-who-shape-the-quantum-field-march-18-20-2024 (1/1), chunk 18/36
[11:00:41 +4m 22s | thequantuminsider_2024_02_07_global_quantum_symposium_gathers_40_global_leaders_who_shape_21617f64] Extracting interactions: https://thequantuminsider.com/2024/02/07/global-quantum-symposium-gathers-40-global-leaders-who-shape-the-quantum-field-march-18-20-2024 (1/1), chunk 19/36
[11:00:46 +4m 27s | thequantuminsider_2024_02_07_global_quantum_symposium_gathers_40_global_leaders_who_shape_21617f64] Extracting interactions: https://thequantuminsider.com/2024/02/07/global-quantum-symposium-gathers-40-global-leaders-who-shape-the-quantum-field-march-18-20-2024 (1/1), chunk 20/36
[11:00:53 +4m 34s | thequantuminsider_2024_02_07_global_quantum_symposium_gathers_40_global_leaders_who_shape_21617f64] Extracting interactions: https://thequantuminsider.com/2024/02/07/global-quantum-symposium-gathers-40-global-leaders-who-shape-the-quantum-field-march-18-20-2024 (1/1), chunk 21/36
[11:00:57 +4m 39s | thequantuminsider_2024_02_07_global_quantum_symposium_gathers_40_global_leaders_who_shape_21617f64] Extracting interactions: https://thequantuminsider.com/2024/02/07/global-quantum-symposium-gathers-40-global-leaders-who-shape-the-quantum-field-march-18-20-2024 (1/1), chunk 22/36
[11:01:03 +4m 44s | thequantuminsider_2024_02_07_global_quantum_symposium_gathers_40_global_leaders_who_shape_21617f64] Extracting interactions: https://thequantuminsider.com/2024/02/07/global-quantum-symposium-gathers-40-global-leaders-who-shape-the-quantum-field-march-18-20-2024 (1/1), chunk 25/36
[11:01:08 +4m 49s | thequantuminsider_2024_02_07_global_quantum_symposium_gathers_40_global_leaders_who_shape_21617f64] Extracting interactions: https://thequantuminsider.com/2024/02/07/global-quantum-symposium-gathers-40-global-leaders-who-shape-the-quantum-field-march-18-20-2024 (1/1), chunk 26/36
[11:01:09 +4m 51s | thequantuminsider_2024_02_07_global_quantum_symposium_gathers_40_global_leaders_who_shape_21617f64] Extracting interactions: https://thequantuminsider.com/2024/02/07/global-quantum-symposium-gathers-40-global-leaders-who-shape-the-quantum-field-march-18-20-2024 (1/1), chunk 27/36
[11:01:13 +4m 54s | thequantuminsider_2024_02_07_global_quantum_symposium_gathers_40_global_leaders_who_shape_21617f64] Extracting interactions: https://thequantuminsider.com/2024/02/07/global-quantum-symposium-gathers-40-global-leaders-who-shape-the-quantum-field-march-18-20-2024 (1/1), chunk 29/36
[11:01:14 +4m 56s | thequantuminsider_2024_02_07_global_quantum_symposium_gathers_40_global_leaders_who_shape_21617f64] Extracting interactions: https://thequantuminsider.com/2024/02/07/global-quantum-symposium-gathers-40-global-leaders-who-shape-the-quantum-field-march-18-20-2024 (1/1), chunk 30/36
[11:01:16 +4m 57s | thequantuminsider_2024_02_07_global_quantum_symposium_gathers_40_global_leaders_who_shape_21617f64] Extracting interactions: https://thequantuminsider.com/2024/02/07/global-quantum-symposium-gathers-40-global-leaders-who-shape-the-quantum-field-march-18-20-2024 (1/1), chunk 31/36
[11:01:17 +4m 59s | thequantuminsider_2024_02_07_global_quantum_symposium_gathers_40_global_leaders_who_shape_21617f64] Extracting interactions: https://thequantuminsider.com/2024/02/07/global-quantum-symposium-gathers-40-global-leaders-who-shape-the-quantum-field-march-18-20-2024 (1/1), chunk 32/36
[11:01:18 +5m 0s | thequantuminsider_2024_02_07_global_quantum_symposium_gathers_40_global_leaders_who_shape_21617f64] Extracting interactions: https://thequantuminsider.com/2024/02/07/global-quantum-symposium-gathers-40-global-leaders-who-shape-the-quantum-field-march-18-20-2024 (1/1), chunk 33/36
[11:01:23 +5m 4s | thequantuminsider_2024_02_07_global_quantum_symposium_gathers_40_global_leaders_who_shape_21617f64] Extracting interactions: https://thequantuminsider.com/2024/02/07/global-quantum-symposium-gathers-40-global-leaders-who-shape-the-quantum-field-march-18-20-2024 (1/1), chunk 34/36
[11:01:24 +5m 6s | thequantuminsider_2024_02_07_global_quantum_symposium_gathers_40_global_leaders_who_shape_21617f64] Extracting interactions: https://thequantuminsider.com/2024/02/07/global-quantum-symposium-gathers-40-global-leaders-who-shape-the-quantum-field-march-18-20-2024 (1/1), chunk 35/36
[11:01:26 +5m 7s | thequantuminsider_2024_02_07_global_quantum_symposium_gathers_40_global_leaders_who_shape_21617f64] Extracting interactions: https://thequantuminsider.com/2024/02/07/global-quantum-symposium-gathers-40-global-leaders-who-shape-the-quantum-field-march-18-20-2024 (1/1), chunk 36/36
[11:01:27 +5m 9s | thequantuminsider_2024_02_07_global_quantum_symposium_gathers_40_global_leaders_who_shape_21617f64] Saved 3_interaction_results.json with 14 extracted interactions.

[11:01:27 +5m 9s | thequantuminsider_2024_02_07_global_quantum_symposium_gathers_40_global_leaders_who_shape_21617f64] === 4 clean interactions ===
[11:01:27 +5m 9s | thequantuminsider_2024_02_07_global_quantum_symposium_gathers_40_global_leaders_who_shape_21617f64] Saved 4_edges.json with 0 cleaned interactions.

[11:01:27 +5m 9s | thequantuminsider_2024_02_07_global_quantum_symposium_gathers_40_global_leaders_who_shape_21617f64] === 5 helix enrichment ===
[11:01:28 +5m 9s | thequantuminsider_2024_02_07_global_quantum_symposium_gathers_40_global_leaders_who_shape_21617f64] Wrote 5_nodes.json (16 actors)
[11:01:28 +5m 9s | thequantuminsider_2024_02_07_global_quantum_symposium_gathers_40_global_leaders_who_shape_21617f64] Wrote 5_edges.json (0 interactions)
[11:01:28 +5m 9s | thequantuminsider_2024_02_07_global_quantum_symposium_gathers_40_global_leaders_who_shape_21617f64] Actor helix counts: {'Academia': 3, 'Civil Society': 1, 'Government': 1, 'Industry': 4, 'Unknown': 7}
[11:01:28 +5m 9s | thequantuminsider_2024_02_07_global_quantum_symposium_gathers_40_global_leaders_who_shape_21617f64] Functional-space counts: {}

[11:01:28 +5m 9s | thequantuminsider_2024_02_07_global_quantum_symposium_gathers_40_global_leaders_who_shape_21617f64] === 6 network visualisation ===
[11:01:28 +5m 9s | thequantuminsider_2024_02_07_global_quantum_symposium_gathers_40_global_leaders_who_shape_21617f64] Wrote quantum_network.html
[11:01:28 +5m 9s | thequantuminsider_2024_02_07_global_quantum_symposium_gathers_40_global_leaders_who_shape_21617f64] Nodes: 16
[11:01:28 +5m 9s | thequantuminsider_2024_02_07_global_quantum_symposium_gathers_40_global_leaders_who_shape_21617f64] Edges: 0

[11:01:28 +5m 9s | thequantuminsider_2024_02_07_global_quantum_symposium_gathers_40_global_leaders_who_shape_21617f64] Done. Outputs written to: /home/lv/IDP/idpdeeptech/pipeline/news_outputs/thequantuminsider_2024_02_07_global_quantum_symposium_gathers_40_global_leaders_who_shape_21617f64
[11:01:28 +5m 9s | thequantuminsider_2024_02_07_global_quantum_symposium_gathers_40_global_leaders_who_shape_21617f64] Log: /home/lv/IDP/idpdeeptech/pipeline/news_outputs/thequantuminsider_2024_02_07_global_quantum_symposium_gathers_40_global_leaders_who_shape_21617f64/run.log

========================================================================
RUN FINISHED 2026-07-02 11:01:28  (OK)
Started:     2026-07-02 10:56:19
Elapsed:     5m 9s
========================================================================
