
========================================================================
RUN STARTED  2026-07-01 18:30:52
site_pipeline.py https://thequantuminsider.com/2020/03/25/darpas-2-1-million-grant-to-boost-quantum-algorithm-research-at-lehigh-university/
========================================================================

[18:30:52 +0s | thequantuminsider_2020_03_25_darpas_2_1_million_grant_to_boost_quantum_algorithm_research_e47ec092] === 0 crawl site ===
[18:30:53 +1s | thequantuminsider_2020_03_25_darpas_2_1_million_grant_to_boost_quantum_algorithm_research_e47ec092] [INIT].... → Crawl4AI 0.8.6 
[18:30:56 +4s | thequantuminsider_2020_03_25_darpas_2_1_million_grant_to_boost_quantum_algorithm_research_e47ec092] [FETCH]... ↓ https://thequantuminsider.com/2020/03/25/darpas-...quantum-algorithm-research-at-lehigh-university/  | ✓ | ⏱: 2.78s 
[18:30:56 +4s | thequantuminsider_2020_03_25_darpas_2_1_million_grant_to_boost_quantum_algorithm_research_e47ec092] [SCRAPE].. ◆ https://thequantuminsider.com/2020/03/25/darpas-...quantum-algorithm-research-at-lehigh-university/  | ✓ | ⏱: 0.09s 
[18:30:56 +4s | thequantuminsider_2020_03_25_darpas_2_1_million_grant_to_boost_quantum_algorithm_research_e47ec092] [COMPLETE] ● https://thequantuminsider.com/2020/03/25/darpas-...quantum-algorithm-research-at-lehigh-university/  | ✓ | ⏱: 2.88s 
[18:30:56 +4s | thequantuminsider_2020_03_25_darpas_2_1_million_grant_to_boost_quantum_algorithm_research_e47ec092] Saved: crawl_output/a8a2ad1cca_thequantuminsider.com_2020_03_25_darpas-2-1-million-grant-to-boost-quantum-algorithm-research-at-lehigh-university.json

[18:30:56 +4s | thequantuminsider_2020_03_25_darpas_2_1_million_grant_to_boost_quantum_algorithm_research_e47ec092] === 1 actor extraction ===
[18:30:57 +4s | thequantuminsider_2020_03_25_darpas_2_1_million_grant_to_boost_quantum_algorithm_research_e47ec092] Reading page (1/1): https://thequantuminsider.com/2020/03/25/darpas-2-1-million-grant-to-boost-quantum-algorithm-research-at-lehigh-university
[18:30:57 +4s | thequantuminsider_2020_03_25_darpas_2_1_million_grant_to_boost_quantum_algorithm_research_e47ec092] Extracting actors: https://thequantuminsider.com/2020/03/25/darpas-2-1-million-grant-to-boost-quantum-algorithm-research-at-lehigh-university (1/1), chunk 1/38
[18:31:02 +10s | thequantuminsider_2020_03_25_darpas_2_1_million_grant_to_boost_quantum_algorithm_research_e47ec092] Repaired malformed JSON.
[18:31:02 +10s | thequantuminsider_2020_03_25_darpas_2_1_million_grant_to_boost_quantum_algorithm_research_e47ec092] Extracting actors: https://thequantuminsider.com/2020/03/25/darpas-2-1-million-grant-to-boost-quantum-algorithm-research-at-lehigh-university (1/1), chunk 2/38
[18:31:08 +16s | thequantuminsider_2020_03_25_darpas_2_1_million_grant_to_boost_quantum_algorithm_research_e47ec092] Repaired malformed JSON.
[18:31:08 +16s | thequantuminsider_2020_03_25_darpas_2_1_million_grant_to_boost_quantum_algorithm_research_e47ec092] Extracting actors: https://thequantuminsider.com/2020/03/25/darpas-2-1-million-grant-to-boost-quantum-algorithm-research-at-lehigh-university (1/1), chunk 3/38
[18:31:15 +22s | thequantuminsider_2020_03_25_darpas_2_1_million_grant_to_boost_quantum_algorithm_research_e47ec092] Repaired malformed JSON.
[18:31:15 +22s | thequantuminsider_2020_03_25_darpas_2_1_million_grant_to_boost_quantum_algorithm_research_e47ec092] Extracting actors: https://thequantuminsider.com/2020/03/25/darpas-2-1-million-grant-to-boost-quantum-algorithm-research-at-lehigh-university (1/1), chunk 4/38
[18:31:24 +29s | thequantuminsider_2020_03_25_darpas_2_1_million_grant_to_boost_quantum_algorithm_research_e47ec092] Repaired malformed JSON.
[18:31:24 +29s | thequantuminsider_2020_03_25_darpas_2_1_million_grant_to_boost_quantum_algorithm_research_e47ec092] Extracting actors: https://thequantuminsider.com/2020/03/25/darpas-2-1-million-grant-to-boost-quantum-algorithm-research-at-lehigh-university (1/1), chunk 5/38
[18:31:32 +36s | thequantuminsider_2020_03_25_darpas_2_1_million_grant_to_boost_quantum_algorithm_research_e47ec092] Repaired malformed JSON.
[18:31:32 +36s | thequantuminsider_2020_03_25_darpas_2_1_million_grant_to_boost_quantum_algorithm_research_e47ec092] Extracting actors: https://thequantuminsider.com/2020/03/25/darpas-2-1-million-grant-to-boost-quantum-algorithm-research-at-lehigh-university (1/1), chunk 6/38
[18:31:39 +43s | thequantuminsider_2020_03_25_darpas_2_1_million_grant_to_boost_quantum_algorithm_research_e47ec092] Repaired malformed JSON.
[18:31:39 +43s | thequantuminsider_2020_03_25_darpas_2_1_million_grant_to_boost_quantum_algorithm_research_e47ec092] Extracting actors: https://thequantuminsider.com/2020/03/25/darpas-2-1-million-grant-to-boost-quantum-algorithm-research-at-lehigh-university (1/1), chunk 7/38
[18:31:46 +50s | thequantuminsider_2020_03_25_darpas_2_1_million_grant_to_boost_quantum_algorithm_research_e47ec092] Repaired malformed JSON.
[18:31:46 +50s | thequantuminsider_2020_03_25_darpas_2_1_million_grant_to_boost_quantum_algorithm_research_e47ec092] Extracting actors: https://thequantuminsider.com/2020/03/25/darpas-2-1-million-grant-to-boost-quantum-algorithm-research-at-lehigh-university (1/1), chunk 8/38
[18:31:57 +59s | thequantuminsider_2020_03_25_darpas_2_1_million_grant_to_boost_quantum_algorithm_research_e47ec092] Repaired malformed JSON.
[18:31:57 +59s | thequantuminsider_2020_03_25_darpas_2_1_million_grant_to_boost_quantum_algorithm_research_e47ec092] Extracting actors: https://thequantuminsider.com/2020/03/25/darpas-2-1-million-grant-to-boost-quantum-algorithm-research-at-lehigh-university (1/1), chunk 9/38
[18:32:03 +1m 5s | thequantuminsider_2020_03_25_darpas_2_1_million_grant_to_boost_quantum_algorithm_research_e47ec092] Repaired malformed JSON.
[18:32:03 +1m 5s | thequantuminsider_2020_03_25_darpas_2_1_million_grant_to_boost_quantum_algorithm_research_e47ec092] Extracting actors: https://thequantuminsider.com/2020/03/25/darpas-2-1-million-grant-to-boost-quantum-algorithm-research-at-lehigh-university (1/1), chunk 10/38
[18:32:12 +1m 13s | thequantuminsider_2020_03_25_darpas_2_1_million_grant_to_boost_quantum_algorithm_research_e47ec092] Repaired malformed JSON.
[18:32:12 +1m 13s | thequantuminsider_2020_03_25_darpas_2_1_million_grant_to_boost_quantum_algorithm_research_e47ec092] Extracting actors: https://thequantuminsider.com/2020/03/25/darpas-2-1-million-grant-to-boost-quantum-algorithm-research-at-lehigh-university (1/1), chunk 11/38
[18:32:19 +1m 21s | thequantuminsider_2020_03_25_darpas_2_1_million_grant_to_boost_quantum_algorithm_research_e47ec092] Repaired malformed JSON.
[18:32:19 +1m 21s | thequantuminsider_2020_03_25_darpas_2_1_million_grant_to_boost_quantum_algorithm_research_e47ec092] Extracting actors: https://thequantuminsider.com/2020/03/25/darpas-2-1-million-grant-to-boost-quantum-algorithm-research-at-lehigh-university (1/1), chunk 12/38
[18:32:24 +1m 26s | thequantuminsider_2020_03_25_darpas_2_1_million_grant_to_boost_quantum_algorithm_research_e47ec092] Repaired malformed JSON.
[18:32:24 +1m 26s | thequantuminsider_2020_03_25_darpas_2_1_million_grant_to_boost_quantum_algorithm_research_e47ec092] Extracting actors: https://thequantuminsider.com/2020/03/25/darpas-2-1-million-grant-to-boost-quantum-algorithm-research-at-lehigh-university (1/1), chunk 13/38
[18:32:34 +1m 33s | thequantuminsider_2020_03_25_darpas_2_1_million_grant_to_boost_quantum_algorithm_research_e47ec092] Repaired malformed JSON.
[18:32:34 +1m 33s | thequantuminsider_2020_03_25_darpas_2_1_million_grant_to_boost_quantum_algorithm_research_e47ec092] Extracting actors: https://thequantuminsider.com/2020/03/25/darpas-2-1-million-grant-to-boost-quantum-algorithm-research-at-lehigh-university (1/1), chunk 14/38
[18:32:40 +1m 39s | thequantuminsider_2020_03_25_darpas_2_1_million_grant_to_boost_quantum_algorithm_research_e47ec092] Repaired malformed JSON.
[18:32:40 +1m 39s | thequantuminsider_2020_03_25_darpas_2_1_million_grant_to_boost_quantum_algorithm_research_e47ec092] Extracting actors: https://thequantuminsider.com/2020/03/25/darpas-2-1-million-grant-to-boost-quantum-algorithm-research-at-lehigh-university (1/1), chunk 15/38
[18:32:46 +1m 45s | thequantuminsider_2020_03_25_darpas_2_1_million_grant_to_boost_quantum_algorithm_research_e47ec092] Repaired malformed JSON.
[18:32:46 +1m 45s | thequantuminsider_2020_03_25_darpas_2_1_million_grant_to_boost_quantum_algorithm_research_e47ec092] Extracting actors: https://thequantuminsider.com/2020/03/25/darpas-2-1-million-grant-to-boost-quantum-algorithm-research-at-lehigh-university (1/1), chunk 16/38
[18:32:52 +1m 51s | thequantuminsider_2020_03_25_darpas_2_1_million_grant_to_boost_quantum_algorithm_research_e47ec092] Repaired malformed JSON.
[18:32:52 +1m 51s | thequantuminsider_2020_03_25_darpas_2_1_million_grant_to_boost_quantum_algorithm_research_e47ec092] Extracting actors: https://thequantuminsider.com/2020/03/25/darpas-2-1-million-grant-to-boost-quantum-algorithm-research-at-lehigh-university (1/1), chunk 17/38
[18:33:01 +2m 0s | thequantuminsider_2020_03_25_darpas_2_1_million_grant_to_boost_quantum_algorithm_research_e47ec092] Repaired malformed JSON.
[18:33:01 +2m 0s | thequantuminsider_2020_03_25_darpas_2_1_million_grant_to_boost_quantum_algorithm_research_e47ec092] Extracting actors: https://thequantuminsider.com/2020/03/25/darpas-2-1-million-grant-to-boost-quantum-algorithm-research-at-lehigh-university (1/1), chunk 18/38
[18:33:13 +2m 10s | thequantuminsider_2020_03_25_darpas_2_1_million_grant_to_boost_quantum_algorithm_research_e47ec092] Repaired malformed JSON.
[18:33:13 +2m 10s | thequantuminsider_2020_03_25_darpas_2_1_million_grant_to_boost_quantum_algorithm_research_e47ec092] Extracting actors: https://thequantuminsider.com/2020/03/25/darpas-2-1-million-grant-to-boost-quantum-algorithm-research-at-lehigh-university (1/1), chunk 19/38
[18:33:23 +2m 19s | thequantuminsider_2020_03_25_darpas_2_1_million_grant_to_boost_quantum_algorithm_research_e47ec092] Repaired malformed JSON.
[18:33:23 +2m 19s | thequantuminsider_2020_03_25_darpas_2_1_million_grant_to_boost_quantum_algorithm_research_e47ec092] Extracting actors: https://thequantuminsider.com/2020/03/25/darpas-2-1-million-grant-to-boost-quantum-algorithm-research-at-lehigh-university (1/1), chunk 20/38
[18:33:31 +2m 28s | thequantuminsider_2020_03_25_darpas_2_1_million_grant_to_boost_quantum_algorithm_research_e47ec092] Repaired malformed JSON.
[18:33:31 +2m 28s | thequantuminsider_2020_03_25_darpas_2_1_million_grant_to_boost_quantum_algorithm_research_e47ec092] Extracting actors: https://thequantuminsider.com/2020/03/25/darpas-2-1-million-grant-to-boost-quantum-algorithm-research-at-lehigh-university (1/1), chunk 21/38
[18:33:37 +2m 34s | thequantuminsider_2020_03_25_darpas_2_1_million_grant_to_boost_quantum_algorithm_research_e47ec092] Repaired malformed JSON.
[18:33:37 +2m 34s | thequantuminsider_2020_03_25_darpas_2_1_million_grant_to_boost_quantum_algorithm_research_e47ec092] Extracting actors: https://thequantuminsider.com/2020/03/25/darpas-2-1-million-grant-to-boost-quantum-algorithm-research-at-lehigh-university (1/1), chunk 22/38
[18:33:47 +2m 40s | thequantuminsider_2020_03_25_darpas_2_1_million_grant_to_boost_quantum_algorithm_research_e47ec092] Repaired malformed JSON.
[18:33:47 +2m 40s | thequantuminsider_2020_03_25_darpas_2_1_million_grant_to_boost_quantum_algorithm_research_e47ec092] Extracting actors: https://thequantuminsider.com/2020/03/25/darpas-2-1-million-grant-to-boost-quantum-algorithm-research-at-lehigh-university (1/1), chunk 23/38
[18:33:55 +2m 48s | thequantuminsider_2020_03_25_darpas_2_1_million_grant_to_boost_quantum_algorithm_research_e47ec092] Repaired malformed JSON.
[18:33:55 +2m 48s | thequantuminsider_2020_03_25_darpas_2_1_million_grant_to_boost_quantum_algorithm_research_e47ec092] Extracting actors: https://thequantuminsider.com/2020/03/25/darpas-2-1-million-grant-to-boost-quantum-algorithm-research-at-lehigh-university (1/1), chunk 24/38
[18:34:03 +2m 55s | thequantuminsider_2020_03_25_darpas_2_1_million_grant_to_boost_quantum_algorithm_research_e47ec092] Repaired malformed JSON.
[18:34:03 +2m 55s | thequantuminsider_2020_03_25_darpas_2_1_million_grant_to_boost_quantum_algorithm_research_e47ec092] Extracting actors: https://thequantuminsider.com/2020/03/25/darpas-2-1-million-grant-to-boost-quantum-algorithm-research-at-lehigh-university (1/1), chunk 25/38
[18:34:08 +3m 1s | thequantuminsider_2020_03_25_darpas_2_1_million_grant_to_boost_quantum_algorithm_research_e47ec092] Repaired malformed JSON.
[18:34:08 +3m 1s | thequantuminsider_2020_03_25_darpas_2_1_million_grant_to_boost_quantum_algorithm_research_e47ec092] Extracting actors: https://thequantuminsider.com/2020/03/25/darpas-2-1-million-grant-to-boost-quantum-algorithm-research-at-lehigh-university (1/1), chunk 26/38
[18:34:13 +3m 5s | thequantuminsider_2020_03_25_darpas_2_1_million_grant_to_boost_quantum_algorithm_research_e47ec092] Extracting actors: https://thequantuminsider.com/2020/03/25/darpas-2-1-million-grant-to-boost-quantum-algorithm-research-at-lehigh-university (1/1), chunk 27/38
[18:34:19 +3m 9s | thequantuminsider_2020_03_25_darpas_2_1_million_grant_to_boost_quantum_algorithm_research_e47ec092] Extracting actors: https://thequantuminsider.com/2020/03/25/darpas-2-1-million-grant-to-boost-quantum-algorithm-research-at-lehigh-university (1/1), chunk 28/38
[18:34:24 +3m 14s | thequantuminsider_2020_03_25_darpas_2_1_million_grant_to_boost_quantum_algorithm_research_e47ec092] Extracting actors: https://thequantuminsider.com/2020/03/25/darpas-2-1-million-grant-to-boost-quantum-algorithm-research-at-lehigh-university (1/1), chunk 29/38
[18:34:32 +3m 22s | thequantuminsider_2020_03_25_darpas_2_1_million_grant_to_boost_quantum_algorithm_research_e47ec092] Repaired malformed JSON.
[18:34:32 +3m 22s | thequantuminsider_2020_03_25_darpas_2_1_million_grant_to_boost_quantum_algorithm_research_e47ec092] Extracting actors: https://thequantuminsider.com/2020/03/25/darpas-2-1-million-grant-to-boost-quantum-algorithm-research-at-lehigh-university (1/1), chunk 30/38
[18:34:35 +3m 25s | thequantuminsider_2020_03_25_darpas_2_1_million_grant_to_boost_quantum_algorithm_research_e47ec092] Extracting actors: https://thequantuminsider.com/2020/03/25/darpas-2-1-million-grant-to-boost-quantum-algorithm-research-at-lehigh-university (1/1), chunk 31/38
[18:34:40 +3m 30s | thequantuminsider_2020_03_25_darpas_2_1_million_grant_to_boost_quantum_algorithm_research_e47ec092] Repaired malformed JSON.
[18:34:40 +3m 30s | thequantuminsider_2020_03_25_darpas_2_1_million_grant_to_boost_quantum_algorithm_research_e47ec092] Extracting actors: https://thequantuminsider.com/2020/03/25/darpas-2-1-million-grant-to-boost-quantum-algorithm-research-at-lehigh-university (1/1), chunk 32/38
[18:34:53 +3m 40s | thequantuminsider_2020_03_25_darpas_2_1_million_grant_to_boost_quantum_algorithm_research_e47ec092] Repaired malformed JSON.
[18:34:53 +3m 40s | thequantuminsider_2020_03_25_darpas_2_1_million_grant_to_boost_quantum_algorithm_research_e47ec092] Extracting actors: https://thequantuminsider.com/2020/03/25/darpas-2-1-million-grant-to-boost-quantum-algorithm-research-at-lehigh-university (1/1), chunk 33/38
[18:35:01 +3m 48s | thequantuminsider_2020_03_25_darpas_2_1_million_grant_to_boost_quantum_algorithm_research_e47ec092] Repaired malformed JSON.
[18:35:01 +3m 48s | thequantuminsider_2020_03_25_darpas_2_1_million_grant_to_boost_quantum_algorithm_research_e47ec092] Extracting actors: https://thequantuminsider.com/2020/03/25/darpas-2-1-million-grant-to-boost-quantum-algorithm-research-at-lehigh-university (1/1), chunk 34/38
[18:35:09 +3m 56s | thequantuminsider_2020_03_25_darpas_2_1_million_grant_to_boost_quantum_algorithm_research_e47ec092] Repaired malformed JSON.
[18:35:09 +3m 56s | thequantuminsider_2020_03_25_darpas_2_1_million_grant_to_boost_quantum_algorithm_research_e47ec092] Extracting actors: https://thequantuminsider.com/2020/03/25/darpas-2-1-million-grant-to-boost-quantum-algorithm-research-at-lehigh-university (1/1), chunk 35/38
[18:35:16 +4m 3s | thequantuminsider_2020_03_25_darpas_2_1_million_grant_to_boost_quantum_algorithm_research_e47ec092] Repaired malformed JSON.
[18:35:16 +4m 3s | thequantuminsider_2020_03_25_darpas_2_1_million_grant_to_boost_quantum_algorithm_research_e47ec092] Extracting actors: https://thequantuminsider.com/2020/03/25/darpas-2-1-million-grant-to-boost-quantum-algorithm-research-at-lehigh-university (1/1), chunk 36/38
[18:35:23 +4m 10s | thequantuminsider_2020_03_25_darpas_2_1_million_grant_to_boost_quantum_algorithm_research_e47ec092] Repaired malformed JSON.
[18:35:23 +4m 10s | thequantuminsider_2020_03_25_darpas_2_1_million_grant_to_boost_quantum_algorithm_research_e47ec092] Extracting actors: https://thequantuminsider.com/2020/03/25/darpas-2-1-million-grant-to-boost-quantum-algorithm-research-at-lehigh-university (1/1), chunk 37/38
[18:35:34 +4m 18s | thequantuminsider_2020_03_25_darpas_2_1_million_grant_to_boost_quantum_algorithm_research_e47ec092] Repaired malformed JSON.
[18:35:34 +4m 18s | thequantuminsider_2020_03_25_darpas_2_1_million_grant_to_boost_quantum_algorithm_research_e47ec092] Extracting actors: https://thequantuminsider.com/2020/03/25/darpas-2-1-million-grant-to-boost-quantum-algorithm-research-at-lehigh-university (1/1), chunk 38/38
[18:35:40 +4m 24s | thequantuminsider_2020_03_25_darpas_2_1_million_grant_to_boost_quantum_algorithm_research_e47ec092] Repaired malformed JSON.
[18:35:40 +4m 24s | thequantuminsider_2020_03_25_darpas_2_1_million_grant_to_boost_quantum_algorithm_research_e47ec092] Saved 1_actor_results.json with 70 extracted records

[18:35:41 +4m 25s | thequantuminsider_2020_03_25_darpas_2_1_million_grant_to_boost_quantum_algorithm_research_e47ec092] === 2 clean actors ===
[18:35:41 +4m 25s | thequantuminsider_2020_03_25_darpas_2_1_million_grant_to_boost_quantum_algorithm_research_e47ec092] Loaded 70 extracted records
[18:35:41 +4m 25s | thequantuminsider_2020_03_25_darpas_2_1_million_grant_to_boost_quantum_algorithm_research_e47ec092] Saved 2_actor_nodes.json with 11 canonical actor nodes

[18:35:41 +4m 25s | thequantuminsider_2020_03_25_darpas_2_1_million_grant_to_boost_quantum_algorithm_research_e47ec092] === 3 interaction extraction ===
[18:35:41 +4m 25s | thequantuminsider_2020_03_25_darpas_2_1_million_grant_to_boost_quantum_algorithm_research_e47ec092] Extracting interactions: https://thequantuminsider.com/2020/03/25/darpas-2-1-million-grant-to-boost-quantum-algorithm-research-at-lehigh-university (1/1), chunk 11/38
[18:35:45 +4m 29s | thequantuminsider_2020_03_25_darpas_2_1_million_grant_to_boost_quantum_algorithm_research_e47ec092] Extracting interactions: https://thequantuminsider.com/2020/03/25/darpas-2-1-million-grant-to-boost-quantum-algorithm-research-at-lehigh-university (1/1), chunk 12/38
[18:35:53 +4m 37s | thequantuminsider_2020_03_25_darpas_2_1_million_grant_to_boost_quantum_algorithm_research_e47ec092] Extracting interactions: https://thequantuminsider.com/2020/03/25/darpas-2-1-million-grant-to-boost-quantum-algorithm-research-at-lehigh-university (1/1), chunk 13/38
[18:36:04 +4m 45s | thequantuminsider_2020_03_25_darpas_2_1_million_grant_to_boost_quantum_algorithm_research_e47ec092] Extracting interactions: https://thequantuminsider.com/2020/03/25/darpas-2-1-million-grant-to-boost-quantum-algorithm-research-at-lehigh-university (1/1), chunk 14/38
[18:36:09 +4m 51s | thequantuminsider_2020_03_25_darpas_2_1_million_grant_to_boost_quantum_algorithm_research_e47ec092] Extracting interactions: https://thequantuminsider.com/2020/03/25/darpas-2-1-million-grant-to-boost-quantum-algorithm-research-at-lehigh-university (1/1), chunk 15/38
[18:36:20 +5m 1s | thequantuminsider_2020_03_25_darpas_2_1_million_grant_to_boost_quantum_algorithm_research_e47ec092] Extracting interactions: https://thequantuminsider.com/2020/03/25/darpas-2-1-million-grant-to-boost-quantum-algorithm-research-at-lehigh-university (1/1), chunk 16/38
[18:36:34 +5m 16s | thequantuminsider_2020_03_25_darpas_2_1_million_grant_to_boost_quantum_algorithm_research_e47ec092] Extracting interactions: https://thequantuminsider.com/2020/03/25/darpas-2-1-million-grant-to-boost-quantum-algorithm-research-at-lehigh-university (1/1), chunk 17/38
[18:36:41 +5m 20s | thequantuminsider_2020_03_25_darpas_2_1_million_grant_to_boost_quantum_algorithm_research_e47ec092] Extracting interactions: https://thequantuminsider.com/2020/03/25/darpas-2-1-million-grant-to-boost-quantum-algorithm-research-at-lehigh-university (1/1), chunk 18/38
[18:36:43 +5m 21s | thequantuminsider_2020_03_25_darpas_2_1_million_grant_to_boost_quantum_algorithm_research_e47ec092] Extracting interactions: https://thequantuminsider.com/2020/03/25/darpas-2-1-million-grant-to-boost-quantum-algorithm-research-at-lehigh-university (1/1), chunk 19/38
[18:36:50 +5m 28s | thequantuminsider_2020_03_25_darpas_2_1_million_grant_to_boost_quantum_algorithm_research_e47ec092] Extracting interactions: https://thequantuminsider.com/2020/03/25/darpas-2-1-million-grant-to-boost-quantum-algorithm-research-at-lehigh-university (1/1), chunk 20/38
[18:37:03 +5m 41s | thequantuminsider_2020_03_25_darpas_2_1_million_grant_to_boost_quantum_algorithm_research_e47ec092] Extracting interactions: https://thequantuminsider.com/2020/03/25/darpas-2-1-million-grant-to-boost-quantum-algorithm-research-at-lehigh-university (1/1), chunk 21/38
[18:37:07 +5m 46s | thequantuminsider_2020_03_25_darpas_2_1_million_grant_to_boost_quantum_algorithm_research_e47ec092] Extracting interactions: https://thequantuminsider.com/2020/03/25/darpas-2-1-million-grant-to-boost-quantum-algorithm-research-at-lehigh-university (1/1), chunk 22/38
[18:37:20 +5m 56s | thequantuminsider_2020_03_25_darpas_2_1_million_grant_to_boost_quantum_algorithm_research_e47ec092] Extracting interactions: https://thequantuminsider.com/2020/03/25/darpas-2-1-million-grant-to-boost-quantum-algorithm-research-at-lehigh-university (1/1), chunk 23/38
[18:37:28 +6m 3s | thequantuminsider_2020_03_25_darpas_2_1_million_grant_to_boost_quantum_algorithm_research_e47ec092] Extracting interactions: https://thequantuminsider.com/2020/03/25/darpas-2-1-million-grant-to-boost-quantum-algorithm-research-at-lehigh-university (1/1), chunk 24/38
[18:37:32 +6m 7s | thequantuminsider_2020_03_25_darpas_2_1_million_grant_to_boost_quantum_algorithm_research_e47ec092] Extracting interactions: https://thequantuminsider.com/2020/03/25/darpas-2-1-million-grant-to-boost-quantum-algorithm-research-at-lehigh-university (1/1), chunk 27/38
[18:37:35 +6m 11s | thequantuminsider_2020_03_25_darpas_2_1_million_grant_to_boost_quantum_algorithm_research_e47ec092] Saved 3_interaction_results.json with 25 extracted interactions.

[18:37:35 +6m 11s | thequantuminsider_2020_03_25_darpas_2_1_million_grant_to_boost_quantum_algorithm_research_e47ec092] === 4 clean interactions ===
[18:37:35 +6m 11s | thequantuminsider_2020_03_25_darpas_2_1_million_grant_to_boost_quantum_algorithm_research_e47ec092] Saved 4_edges.json with 0 cleaned interactions.

[18:37:35 +6m 11s | thequantuminsider_2020_03_25_darpas_2_1_million_grant_to_boost_quantum_algorithm_research_e47ec092] === 5 helix enrichment ===
[18:37:35 +6m 11s | thequantuminsider_2020_03_25_darpas_2_1_million_grant_to_boost_quantum_algorithm_research_e47ec092] Wrote 5_nodes.json (11 actors)
[18:37:35 +6m 11s | thequantuminsider_2020_03_25_darpas_2_1_million_grant_to_boost_quantum_algorithm_research_e47ec092] Wrote 5_edges.json (0 interactions)
[18:37:35 +6m 11s | thequantuminsider_2020_03_25_darpas_2_1_million_grant_to_boost_quantum_algorithm_research_e47ec092] Actor helix counts: {'Academia': 3, 'Civil Society': 2, 'Government': 3, 'Industry': 3}
[18:37:35 +6m 11s | thequantuminsider_2020_03_25_darpas_2_1_million_grant_to_boost_quantum_algorithm_research_e47ec092] Functional-space counts: {}

[18:37:35 +6m 11s | thequantuminsider_2020_03_25_darpas_2_1_million_grant_to_boost_quantum_algorithm_research_e47ec092] === 6 network visualisation ===
[18:37:36 +6m 11s | thequantuminsider_2020_03_25_darpas_2_1_million_grant_to_boost_quantum_algorithm_research_e47ec092] Wrote quantum_network.html
[18:37:36 +6m 11s | thequantuminsider_2020_03_25_darpas_2_1_million_grant_to_boost_quantum_algorithm_research_e47ec092] Nodes: 11
[18:37:36 +6m 11s | thequantuminsider_2020_03_25_darpas_2_1_million_grant_to_boost_quantum_algorithm_research_e47ec092] Edges: 0

[18:37:36 +6m 11s | thequantuminsider_2020_03_25_darpas_2_1_million_grant_to_boost_quantum_algorithm_research_e47ec092] Done. Outputs written to: /home/lv/IDP/idpdeeptech/pipeline/news_outputs/thequantuminsider_2020_03_25_darpas_2_1_million_grant_to_boost_quantum_algorithm_research_e47ec092
[18:37:36 +6m 11s | thequantuminsider_2020_03_25_darpas_2_1_million_grant_to_boost_quantum_algorithm_research_e47ec092] Log: /home/lv/IDP/idpdeeptech/pipeline/news_outputs/thequantuminsider_2020_03_25_darpas_2_1_million_grant_to_boost_quantum_algorithm_research_e47ec092/run.log

========================================================================
RUN FINISHED 2026-07-01 18:37:36  (OK)
Started:     2026-07-01 18:30:52
Elapsed:     6m 11s
========================================================================
